[[-2.53493815e+10  2.53457882e+10]
 [ 2.23940145e+09 -2.24481751e+09]
 [ 1.72043149e+09 -1.72564723e+09]
 [ 1.66067392e+09 -1.66152854e+09]
 [ 3.40600523e+09 -3.41112925e+09]
 [ 2.25088645e+09 -2.25088011e+09]
 [ 1.11564029e+09 -1.11979831e+09]
 [ 3.13636211e+07 -2.66821257e+07]
 [ 6.25796338e+11 -6.25794490e+11]
 [ 6.74385003e+11 -6.74383012e+11]
 [ 2.30848854e+11 -2.30848173e+11]
 [-6.35169456e+09  6.36627380e+09]
 [-3.85977138e+09  3.86823567e+09]
 [ 1.96620364e+09 -1.96851116e+09]
 [ 3.71372565e+09 -3.71838849e+09]
 [ 2.70193978e+11 -2.70193181e+11]
 [ 3.85847019e+09 -3.86317319e+09]
 [ 3.56932705e+08 -3.57089028e+08]
 [-3.35153365e+11  3.35152375e+11]
 [-1.51826047e+09  1.53277460e+09]
 [-2.97117231e+08  2.95143540e+08]
 [-4.81170024e+11  4.81168604e+11]
 [ 4.97170347e+09 -4.97743132e+09]
 [ 2.09112732e+09 -2.09487725e+09]
 [ 2.35412796e+09 -2.35951073e+09]
 [-1.57123590e+10  1.57084902e+10]
 [ 1.32787102e+09 -1.31747444e+09]
 [ 5.85936996e+10 -5.85935260e+10]
 [ 1.77557014e+09 -1.77671814e+09]
 [ 6.95789974e+11 -6.95787920e+11]
 [ 3.44142476e+09 -3.44263285e+09]
 [ 4.55285148e+08 -4.58435606e+08]
 [ 2.91019370e+09 -2.91593312e+09]
 [ 4.69477758e+09 -4.70053439e+09]
 [ 1.07200583e+09 -1.07147591e+09]
 [-4.69912858e+08  4.71197664e+08]
 [ 9.44813723e+07 -9.51801602e+07]
 [ 4.89195903e+08 -4.86602621e+08]
 [ 7.32130456e+11 -7.32128294e+11]
 [ 1.76124981e+09 -1.76066347e+09]
 [-4.09739513e+09  4.11212923e+09]
 [-3.60057219e+11  3.60056157e+11]
 [ 1.55160911e+09 -1.55352613e+09]
 [-3.04927049e+09  3.06029825e+09]
 [ 2.81929857e+09 -2.82331315e+09]
 [-6.58009913e+08  6.56954131e+08]
 [-2.80997430e+09  2.81496922e+09]
 [-1.15171021e+12  1.15170681e+12]
 [ 2.16842079e+09 -2.16777649e+09]
 [ 1.90903133e+09 -1.90921813e+09]
 [-1.54335473e+10  1.54283232e+10]
 [ 4.12860771e+09 -4.13378860e+09]
 [ 3.26674128e+09 -3.27244678e+09]
 [ 2.95649612e+09 -2.96215233e+09]
 [ 4.52543568e+11 -4.52542233e+11]
 [-2.78878574e+09  2.79355970e+09]
 [ 4.43102779e+09 -4.43510624e+09]
 [ 1.40549039e+09 -1.40588111e+09]
 [-3.19075559e+11  3.19074617e+11]
 [ 4.21344004e+11 -4.21342761e+11]
 [ 3.26891803e+09 -3.27442893e+09]
 [ 4.65940870e+09 -4.66447328e+09]
 [ 3.72116053e+11 -3.72114955e+11]
 [ 2.58278625e+09 -2.58812290e+09]
 [ 3.36152411e+09 -3.36686980e+09]
 [ 4.47396384e+09 -4.47964954e+09]
 [-4.57034160e+11  4.57032810e+11]
 [-1.64119552e+12  1.64119068e+12]
 [-7.47189741e+09  7.49057519e+09]
 [ 2.85073466e+09 -2.85573435e+09]
 [-8.85000583e+10  8.84997977e+10]
 [-3.79373237e+11  3.79372117e+11]
 [-1.09488119e+11  1.09487796e+11]
 [ 1.64077159e+09 -1.64279477e+09]
 [ 3.37614072e+09 -3.38061863e+09]
 [-1.81769938e+10  1.81768914e+10]
 [ 2.29721451e+09 -2.30162424e+09]
 [ 2.41405072e+11 -2.41404359e+11]
 [-4.31435529e+09  4.32519475e+09]
 [-4.58512762e+11  4.58511408e+11]
 [ 5.20075116e+10 -5.20073580e+10]
 [-3.61529278e+09  3.62799292e+09]
 [ 9.19456681e+08 -9.18231714e+08]
 [ 2.52684468e+09 -2.53257035e+09]
 [ 5.08645305e+11 -5.08643803e+11]
 [-3.60736449e+11  3.60735384e+11]
 [ 4.57387062e+09 -4.57621528e+09]
 [ 3.59741763e+09 -3.59094793e+09]
 [-3.51122748e+11  3.51121711e+11]
 [ 3.10658511e+08 -3.07022957e+08]
 [-1.87065534e+11  1.87064982e+11]
 [ 6.69758852e+11 -6.69756875e+11]
 [-1.46334742e+09  1.46739816e+09]
 [-4.83326907e+11  4.83325479e+11]
 [ 3.32429171e+09 -3.32718127e+09]
 [ 7.33240848e+11 -7.33238683e+11]
 [-4.08352274e+09  4.09904862e+09]
 [ 5.77467855e+11 -5.77466151e+11]
 [ 5.61230176e+09 -5.61730864e+09]
 [-1.54996384e+11  1.54995927e+11]]