[[ 4.01706296e+00 -3.98198393e+00]
 [ 9.15632527e+00 -9.30514940e+00]
 [-1.09878120e+01  1.09865354e+01]
 [ 2.37597575e+01 -2.38364041e+01]
 [-1.60715231e+00  1.63044937e+00]
 [-4.61663779e+01  4.61530546e+01]
 [-2.78255502e+01  2.76899580e+01]
 [ 7.17311253e+00 -7.18052376e+00]
 [ 8.10612510e+00 -8.10066187e+00]
 [-1.36354398e+01  1.35771317e+01]
 [-8.60534894e+00  8.67577096e+00]
 [-7.38301014e+00  7.39873917e+00]
 [ 2.06027543e+01 -2.06477086e+01]
 [ 3.23789006e+01 -3.23715726e+01]
 [-1.95407432e+00  1.94389807e+00]
 [ 1.51959800e+01 -1.51504311e+01]
 [ 5.31541738e+00 -5.28259649e+00]
 [-6.58740423e+00  6.66267159e+00]
 [-1.91763769e+00  1.92988275e+00]
 [ 7.95975317e+00 -7.95698078e+00]
 [-6.77861890e+00  6.80267364e+00]
 [ 1.44474738e+01 -1.44649508e+01]
 [ 1.76230967e+01 -1.75715232e+01]
 [-1.95993947e+01  1.95918639e+01]
 [-2.03938192e+01  2.03755682e+01]
 [ 3.35343726e+01 -3.35204515e+01]
 [-2.46406790e+00  2.48863089e+00]
 [-1.66583589e+01  1.66321382e+01]
 [ 5.10354808e+00 -5.13481215e+00]
 [ 6.71571423e+00 -6.76829643e+00]
 [ 1.25055444e+00 -1.25066296e+00]
 [ 1.20654417e+00 -1.11565696e+00]
 [ 1.94348157e+01 -1.94174586e+01]
 [ 6.83890120e+00 -6.81513570e+00]
 [-6.07756283e+01  6.08035578e+01]
 [ 2.12774671e+01 -2.12769727e+01]
 [ 2.03042816e+01 -2.02287469e+01]
 [ 1.54598305e+01 -1.54330372e+01]
 [-4.84214537e+01  4.85504173e+01]
 [-1.47368865e+01  1.48208038e+01]
 [ 8.58883628e+00 -8.53656320e+00]
 [-3.09581895e+00  3.07316458e+00]
 [-1.37723420e+00  1.38273229e+00]
 [-1.04284420e+01  1.05284988e+01]
 [-6.95892665e+00  6.95608745e+00]
 [ 1.75645325e+00 -1.70783985e+00]
 [-7.59339812e-01  8.00460226e-01]
 [-4.40475828e+00  4.37437399e+00]
 [ 9.01753124e+00 -9.04898685e+00]
 [-5.83047616e+01  5.83264218e+01]
 [-1.78024389e+00  1.90000805e+00]
 [ 1.02585206e+01 -1.02357547e+01]
 [ 1.56787358e+01 -1.56954769e+01]
 [ 6.70832784e+00 -6.75975254e+00]
 [ 2.44080978e+01 -2.44538374e+01]
 [ 5.05248809e+00 -5.05704364e+00]
 [-6.38253237e+00  6.39243017e+00]
 [ 9.48603861e-02 -5.80867889e-02]
 [ 2.16086033e+00 -2.10191874e+00]
 [ 6.62362637e+00 -6.58019394e+00]
 [ 9.37624350e+00 -9.40432512e+00]
 [-6.12040154e-01  6.16306285e-01]
 [ 2.07258618e+00 -2.13785100e+00]
 [ 3.30695195e+00 -3.30965577e+00]
 [-3.84709463e+01  3.85573759e+01]
 [ 8.97687163e+00 -8.94809061e+00]
 [ 4.09447699e+01 -4.07453032e+01]
 [-2.92937380e+01  2.93708744e+01]
 [ 2.25869972e+01 -2.23846157e+01]
 [ 1.50437610e+01 -1.50322426e+01]
 [ 2.80137795e+01 -2.79035314e+01]
 [-3.29594301e+01  3.29972507e+01]
 [ 3.70520609e+00 -3.69833190e+00]
 [-2.78315565e+01  2.79026015e+01]
 [-2.84453090e+01  2.84543908e+01]
 [ 2.70109270e+01 -2.69816283e+01]
 [ 2.69912590e+01 -2.69355101e+01]
 [ 5.22066602e+01 -5.20507033e+01]
 [ 2.18521282e+00 -2.21842740e+00]
 [-1.24508073e+01  1.23975764e+01]
 [ 1.31162012e+00 -1.25415882e+00]
 [-8.96542709e+00  8.99940321e+00]
 [ 2.38676574e+01 -2.37855091e+01]
 [ 1.74712886e+00 -1.75128509e+00]
 [-7.41408868e+01  7.39871865e+01]
 [-1.55335940e+00  1.51728466e+00]
 [-3.85884671e+00  3.86666744e+00]
 [ 1.11153750e+01 -1.11927426e+01]
 [ 1.29793422e+01 -1.29761880e+01]
 [ 7.05659123e+01 -7.04541128e+01]
 [ 1.07458036e+01 -1.06639864e+01]
 [ 2.90633139e+01 -2.90691095e+01]
 [-2.58157301e+01  2.59040396e+01]
 [ 1.87013203e+01 -1.86794712e+01]
 [-5.81541740e+00  5.80959186e+00]
 [-2.98663331e+01  2.98327871e+01]
 [-1.36888629e+01  1.37453011e+01]
 [ 2.16420274e+00 -2.10338244e+00]
 [-7.26353041e+00  7.33740299e+00]
 [-2.42818362e+01  2.42856242e+01]]