[[-4.14566323e-02  5.12913080e-01  1.96932704e-01 -3.82282005e-01
  -3.78796383e-01 -1.29216835e-01 -8.25108594e-01 -8.70364655e-01
  -7.86951844e-02 -9.62946763e-01 -9.16089088e-01 -3.43517012e-01
   6.59104603e-01 -3.50755952e-01  4.66036846e-02  9.00994358e-01
  -7.79537168e-01  3.15859293e-01 -6.94219228e-01  5.33318060e-01
   3.14092129e-01  9.29265080e-01 -5.05903806e-01  8.98046073e-01
  -4.14638316e-01  6.30043519e-01  9.10320332e-01 -5.13897406e-01
   9.30530762e-01 -8.51084927e-01 -5.77283208e-01  9.21601318e-01
   6.22794814e-01 -4.64449257e-01 -5.96208365e-01  9.57133248e-01
  -4.79561726e-01  2.03974238e-01 -2.51765185e-01  5.18387449e-01
  -3.65318751e-01  6.19743321e-01 -9.25708015e-01  5.11440058e-01
  -6.46818742e-01 -9.82170695e-01 -9.34486491e-01 -2.63025737e-01
   8.31331930e-01 -2.18404478e-01  9.44292579e-01 -7.85347766e-01
   7.45811888e-03 -6.70343899e-02 -5.83118528e-01  2.27635042e-01
  -8.73663796e-01  9.00405183e-01  4.99960784e-01 -8.99585610e-01
  -5.68916655e-01  5.58412131e-01  5.31691198e-01  3.76238921e-01
  -2.29489943e-01  3.83586487e-01  4.51971662e-01 -7.81096134e-02
  -8.06878236e-01 -8.22553325e-02 -9.30829251e-01 -2.17580560e-04
  -8.85046640e-01  5.02299807e-01 -1.65574078e-01 -3.46325312e-01
   7.09618627e-01 -1.84197913e-01 -9.41588049e-02  9.72104124e-01
  -5.31508656e-02 -4.09738921e-01 -8.90506074e-01 -8.88580339e-01
  -1.58865524e-02  4.01453630e-01 -4.45876415e-01  5.14637555e-01
   8.27656369e-01 -5.77015053e-01  1.91076467e-01  7.39533446e-01
   1.24594928e-01 -3.64383476e-01  1.81598669e-01  8.73734318e-02
   9.31806872e-01 -2.72682712e-01  7.69476216e-01 -4.09581666e-01]
 [ 3.18965428e-01 -1.65212733e-01 -6.42036867e-01  8.02352917e-01
  -4.42174152e-01 -3.71277299e-01  3.38219954e-01  1.57875979e-03
  -5.20000584e-01  9.48166332e-01  1.96198054e-02  4.47164958e-01
   5.49824304e-01  4.10117647e-01 -9.84215498e-01 -6.09069313e-01
   4.27731104e-01  7.88825784e-01 -9.86482223e-01 -1.75327468e-01
   8.65502180e-01 -4.76476993e-01 -8.00235199e-01  3.74939566e-01
  -2.37522063e-01 -2.83843824e-01 -6.94867220e-01 -2.83262415e-02
   4.22770888e-01  2.33621004e-01  5.65412514e-03  8.55738437e-01
  -6.54419552e-01 -5.26025418e-01 -1.76071508e-01 -2.47674120e-01
   9.36913429e-02 -9.94020666e-01  4.22577326e-01 -2.44810239e-01
  -6.16389184e-01 -5.24892235e-01  6.57996702e-01  2.49982676e-01
  -4.82487482e-01 -7.57324581e-01 -8.28452916e-03 -4.34457468e-01
  -1.39815496e-01  8.14643619e-01  7.65165323e-01  1.87568575e-01
  -4.87262617e-01  1.93705377e-01  5.74826297e-01  8.05139189e-01
  -6.95734380e-01  9.07227235e-01  3.46810037e-01 -6.58099269e-01
  -7.35509238e-01 -2.66596468e-01  2.81399975e-01  1.75931859e-01
   6.00619041e-01  5.53450782e-01  5.75377873e-01  9.59253750e-01
   2.03556175e-01  8.09523068e-01 -8.87699969e-01 -9.75454565e-01
   4.80040881e-01  1.49373862e-01  5.56226317e-01  2.30828448e-01
  -1.68382607e-01 -3.09068945e-01 -8.23149525e-01 -5.22684183e-01
  -4.02788284e-01 -4.24817634e-02 -2.72955421e-01 -2.46668251e-01
  -4.00628945e-01 -7.99268648e-01 -8.87448904e-01 -4.53297520e-02
  -2.64521418e-01 -5.87425040e-01 -8.28579008e-02  4.05758742e-01
  -2.35989602e-01 -7.83155003e-01 -3.28375347e-01 -1.25862376e-01
   4.26512777e-01 -1.74628527e-01 -2.17833941e-01  4.84352793e-01]
 [-7.17356942e-01  8.03334116e-01  2.45858687e-01 -9.09787646e-01
  -2.11169620e-02 -5.80492969e-01  8.54507945e-01 -7.87002164e-01
   2.22553381e-01 -4.15295565e-01  9.40642196e-01 -1.65647898e-01
  -2.04566712e-01  3.84632921e-01  1.55825304e-01  3.60103120e-01
  -5.02800486e-02 -1.66273389e-02 -4.94034410e-01  1.88914335e-02
  -6.61834634e-02  8.20191488e-01 -5.10150580e-01 -5.62356096e-01
   1.50864251e-01  1.49997356e-01  1.15887904e-01  6.75336896e-01
   6.29367992e-01 -2.38905076e-01 -5.97438492e-01  2.14736853e-01
   8.20334193e-01  5.50028798e-01 -8.57619584e-03  6.32310841e-01
   9.51349792e-01 -5.46054873e-02  8.10577677e-01  2.17854565e-01
   3.61252607e-01 -7.89350555e-01  2.11332987e-01 -7.84104806e-01
  -1.13766923e-01  4.09007265e-03  4.36249328e-01  1.60487053e-01
  -2.79063011e-01  3.36028057e-01 -7.34599918e-01  3.57307301e-01
   1.64579343e-01 -8.06720319e-01  6.20291201e-01 -1.10016932e-01
  -3.36402988e-01  9.52599522e-01  1.86395965e-01  6.08489448e-01
   6.35020386e-01 -3.75483567e-01  1.88143125e-01 -6.45462873e-01
   1.81189808e-01  4.51086889e-01  1.77041310e-01 -5.64295349e-01
  -5.87751828e-01 -6.85713266e-01 -8.66612085e-01  1.90171267e-01
   5.72974310e-01 -1.07799501e-01  3.75264229e-01 -6.53776389e-01
  -9.17829380e-01 -8.11940816e-01  1.91525216e-01 -9.46548080e-01
   8.50889837e-01  3.34469089e-01 -1.00109328e-01 -8.33834860e-02
   8.81119254e-01 -5.14710205e-01 -5.10537152e-01 -2.22952450e-03
   4.73701140e-01 -3.82472506e-01  6.30352181e-01 -4.97133500e-01
   3.52824927e-01  7.28960456e-02  1.94134703e-01  5.08649739e-01
   6.60405655e-01  7.32360124e-01  4.47280038e-01  5.75311051e-01]
 [-8.08097463e-01  8.29018298e-01  1.12632165e-01  7.68838119e-01
  -8.96541723e-01  5.72985162e-01 -6.68350589e-03  7.34903330e-01
   4.42704190e-01 -8.27986123e-02  4.97202108e-01 -3.72911071e-01
  -2.97716859e-01  5.69070369e-01 -3.01255485e-01  9.93635238e-01
  -7.57342684e-01 -2.68549891e-02 -5.18975993e-01  4.34690194e-01
  -2.05520737e-01  1.23209998e-01  5.19450911e-01 -9.03335239e-01
  -5.59374179e-01  9.36091865e-01 -5.93675854e-01 -8.99191621e-01
   1.09408548e-01  7.48799103e-01  2.88793150e-01  4.06495087e-02
  -5.73088168e-01  5.86989668e-02 -2.97741590e-01 -7.09105195e-01
  -4.96348285e-01  7.56885069e-01 -3.42678048e-01  4.28776864e-01
  -6.03270703e-01  4.82789705e-01  7.08679034e-01  9.36988426e-02
   5.37183391e-01  4.35690570e-01  5.17119751e-01  1.51552411e-01
   4.93088725e-01  2.88559461e-01 -2.13291186e-01 -3.26239914e-01
  -9.18063468e-01  8.16131015e-01 -8.15762200e-01 -2.17979587e-02
  -2.04628754e-01  2.88469926e-01  2.53956240e-01 -2.84184102e-01
  -1.18361911e-01 -3.50833736e-01 -6.54602869e-01  5.10890104e-01
   3.18445298e-01  2.43352509e-01  9.61652184e-01  9.45472448e-02
   8.34746951e-01  5.48912657e-02  4.71836272e-01  5.49434887e-01
  -3.20445534e-01 -6.04763278e-02 -9.35430947e-01 -8.97106735e-01
  -9.90891647e-01 -3.62059589e-01  9.68754609e-01  8.02681172e-03
  -5.79367443e-01  7.73720222e-01  2.85122964e-01 -1.28254453e-01
   2.22510525e-01 -6.53069267e-01  1.95505698e-01 -4.43488315e-01
  -6.75397109e-02  9.71900018e-01  1.60272398e-01  4.15328144e-02
  -3.57940747e-01  6.91250612e-01  5.67007127e-01  7.17937493e-01
   8.23185226e-01  6.97231054e-01  2.69610659e-01  4.41794049e-01]
 [ 8.90870975e-01  7.28024886e-01 -8.23780177e-01  8.89101688e-01
  -5.34483386e-01  4.81964471e-01  8.99323751e-01 -2.10638580e-01
   3.18944800e-01 -3.55958148e-01 -9.67259123e-01  4.96638646e-01
  -6.06790203e-01 -6.64042697e-01  3.65093037e-02  5.03365678e-01
  -1.06721877e-01  7.16506900e-01  4.09596671e-01  5.86340118e-01
   8.64050914e-01 -1.03522295e-01  4.36210905e-01 -6.50444889e-01
   1.30424589e-01  7.37175628e-01  7.97709777e-01 -2.31910772e-01
  -6.44159615e-01 -1.07047954e-01 -3.67382203e-01 -6.73853548e-01
   6.47459526e-01 -7.03222800e-02  2.81498482e-01 -9.29086161e-01
   1.23445852e-01 -8.77606225e-01  7.45994871e-01 -9.11922733e-01
   5.22709254e-01  2.79584440e-01  6.15629378e-02 -9.56530361e-02
  -1.47989557e-01 -8.28751857e-01 -9.67437261e-01  8.39591993e-01
  -7.63640983e-02 -8.76669389e-01 -6.84050708e-01  6.34000947e-01
  -6.68855457e-01  9.89933518e-01  7.55836064e-01  7.14806388e-01
   3.97777829e-01  2.71767602e-01 -6.39660584e-01 -4.25759523e-01
  -8.15488267e-01 -8.01441696e-01 -4.35392193e-01  9.25342186e-01
  -3.23174523e-01  7.54150473e-01  6.23507900e-01  3.29608540e-01
   2.10512186e-01 -4.43338725e-01  9.07689463e-01  4.72563690e-01
  -3.79409591e-01  7.88679587e-01  4.80358665e-01  2.00712573e-01
   2.69319607e-01  3.01021181e-01  9.40130968e-01 -1.24540031e-01
   3.81093280e-01  4.40313462e-01  8.16190817e-01 -5.94347557e-02
   8.42475920e-01 -7.80836594e-01  7.18756256e-01  6.83258815e-01
  -9.89399942e-01  6.30918465e-01 -5.81797387e-01  3.81216178e-01
   8.89141851e-01  4.90423748e-01  5.41542729e-01  6.68558889e-01
   1.08547263e-01 -3.69650019e-01  4.16971367e-01  9.04365245e-01]
 [-8.53341903e-01 -2.13892953e-01  1.47509896e-02 -6.46665015e-01
  -9.29330681e-01  5.22399263e-01 -3.79828782e-01 -8.25205911e-01
   2.08889637e-01 -8.91462059e-01  1.26786814e-01  9.02019193e-01
   4.90095266e-01  4.12948490e-01  4.02964372e-01 -3.36525967e-01
   8.30416044e-01  2.25949708e-01  5.56621655e-01 -7.41488251e-01
   2.31512357e-01  4.96756919e-01 -9.85235152e-01 -9.89437965e-01
  -1.28367949e-01 -7.87364496e-01 -2.34097863e-01  3.32009444e-01
  -5.74366754e-02  5.35583221e-01  4.64508638e-02  9.28499721e-01
  -9.31077510e-01 -1.33334845e-01  9.55185149e-01 -2.35802187e-01
  -7.13266051e-01 -7.71881955e-02 -7.26591442e-01  8.71860987e-01
  -2.72351316e-01 -4.77038878e-01  4.45911033e-02  4.26404657e-01
   4.46631052e-01 -6.23100611e-01  7.92336770e-01  4.98415240e-01
   9.39488851e-01  8.06152062e-01 -4.17449990e-01  1.16331594e-01
  -2.31995579e-01  1.39253418e-01 -3.40058243e-01  6.68786263e-01
   4.47275374e-01  4.21539943e-01 -5.56180507e-01  1.36717273e-01
  -7.22854596e-01 -2.78268480e-01  2.29222243e-01  7.48805228e-02
  -4.88893666e-01 -6.38300388e-01  8.46851848e-03 -8.84833555e-01
   6.42376577e-01 -9.70726529e-01  9.73856516e-01 -7.34647097e-01
  -8.95278606e-01  4.77694348e-01 -2.60719449e-01 -8.96732553e-01
   3.56051240e-01 -6.16013643e-01 -5.97639809e-01  7.14994478e-01
   2.43640810e-01  5.25401224e-01  7.73800171e-01  3.13114783e-01
  -8.41961605e-01  1.48112532e-01  8.87759387e-01 -8.44222779e-01
   5.42091956e-01 -8.12349584e-01 -3.60070592e-01  3.33950602e-01
   8.77297670e-01 -6.37757382e-01 -1.36692485e-01  3.47162295e-01
  -9.78476334e-01  6.50643032e-01  4.32651750e-01  6.09526832e-01]
 [-6.81767821e-01 -8.87266732e-01 -9.94806055e-01  3.02312409e-01
   9.81572358e-01  3.15170061e-01  3.24468266e-02 -4.24108342e-01
  -1.57493826e-01  5.52116774e-01 -9.53538038e-01 -4.21942826e-03
  -8.24136997e-02 -1.46061374e-01  5.87717388e-01  8.14824269e-01
  -6.40650576e-01 -7.82586269e-01 -5.62849284e-01  4.89941118e-01
   5.89867254e-01  4.34445278e-01  6.56241239e-01  9.13707025e-01
  -5.82652750e-01  4.26797227e-01 -8.02227527e-02 -7.57878132e-01
  -3.16942573e-01 -4.70466628e-01 -7.79171676e-02  6.14676342e-02
  -8.88041878e-01  4.47607187e-01 -8.74977699e-01  6.75240073e-01
  -8.67732808e-01  9.30688388e-02  4.09787074e-01 -5.23049670e-01
   1.27991271e-01  3.28223884e-01 -4.75212015e-01 -3.02079550e-01
   3.49403762e-02 -7.50825131e-01  9.10939094e-03  8.87914697e-01
  -8.27153445e-01  6.66199090e-01 -1.80607824e-01  1.28077516e-02
   5.54990925e-01  6.69949716e-01 -1.58557267e-01  1.72167256e-02
   7.33149638e-01 -1.58061538e-02 -9.25661370e-01 -4.86629474e-01
   3.44839378e-01 -7.16740016e-01  2.05822837e-01  3.05507462e-01
  -2.26837879e-01 -5.76837737e-01 -5.36796751e-01  1.56940697e-01
  -8.91982371e-01 -6.55645613e-01  3.17338162e-01 -1.12992616e-01
   7.01181372e-01 -8.59720093e-01  6.59483833e-01  4.71681824e-01
   8.69748590e-01  9.20750803e-01  1.02193914e-01 -9.03159268e-01
   9.69860247e-01 -1.77921082e-01  2.81449818e-01 -2.81192343e-01
  -2.03980392e-01  7.59230294e-01  7.73663122e-01  3.25208385e-02
  -2.14544299e-01  5.66243959e-01  9.34890215e-01  3.74835744e-01
   1.48976551e-01 -4.78893376e-01  9.15761734e-01  8.36880683e-01
  -7.88536918e-01 -7.22701242e-01 -8.21230500e-01  2.53793170e-01]
 [ 3.82888258e-01 -1.40275605e-01  8.29310778e-01  7.88338350e-01
  -1.33230504e-01 -5.89410413e-01 -8.37878833e-01  4.70923263e-01
  -4.18505842e-01  4.08595107e-01 -6.64901533e-01 -3.50759346e-01
   2.45725003e-01  3.51720790e-01  9.32185048e-01  6.22270326e-01
   2.80497283e-01 -9.55754785e-01 -1.29231600e-01 -4.06918807e-01
  -1.79596053e-01 -5.43452950e-01  1.35718239e-01 -1.21089772e-01
  -8.18363640e-01  2.12574181e-01 -4.20618796e-01  8.01872091e-01
   6.40148968e-01  3.26366779e-01 -5.48149592e-01 -7.12805875e-01
   7.54067563e-01  1.13434651e-01  9.72197902e-02  5.25454314e-01
   8.59239506e-02 -5.10612797e-01 -8.93663713e-01  2.12334576e-01
   6.98750620e-01  4.94193614e-01 -4.43524279e-01  8.18075956e-01
  -2.14958775e-01 -3.73125579e-01  2.47762062e-02 -8.78115558e-01
  -2.84590322e-01  6.61949573e-01  8.72752372e-01  3.16828621e-01
  -7.13731043e-01 -8.62051547e-01  5.46742509e-01 -2.20287652e-01
   3.00389457e-01  4.60694043e-02 -6.26360424e-01 -2.46028346e-01
   9.80772328e-01 -8.33536934e-01 -5.04120276e-01 -8.10825130e-01
   9.86969546e-01 -7.88908277e-01  7.24248871e-01  8.81820804e-01
  -9.63102381e-01  6.55404866e-01 -3.89291904e-01  4.11872467e-02
   4.90749166e-01 -6.23356284e-01  4.01993050e-01 -8.32097146e-01
  -5.16775143e-01 -5.45225392e-01  3.37600747e-01 -5.81917394e-02
  -3.36163759e-02  1.04128945e-01  5.09928970e-01  3.41384278e-01
  -4.41590586e-01 -6.18889485e-01  8.01438400e-01  9.55175681e-01
   6.49295303e-01  2.47010894e-01 -8.80418097e-01  9.42216732e-01
  -2.40992045e-01 -1.50896621e-01  3.07853456e-01 -7.35321816e-01
   3.79476442e-01  1.15529350e-02 -1.94545070e-01 -6.09906303e-01]
 [-2.71158164e-01  5.12944815e-02 -3.71280501e-01  3.54172966e-01
  -3.52940678e-01  7.80467583e-01  4.49986490e-01 -2.81206756e-01
   1.16017942e-01 -7.52217428e-01 -1.84177069e-01 -4.41741906e-01
  -3.81203111e-01 -4.77797858e-01 -6.34776436e-01 -4.43522196e-01
  -9.49598525e-01  6.07277355e-02  5.26924516e-01 -7.19107162e-01
   9.88437016e-02 -7.61854136e-01 -9.07136308e-02 -4.27345659e-01
   3.73403803e-01  7.73664136e-01 -6.39386964e-01  1.67524757e-01
   7.16421406e-01 -1.55812937e-01  7.91756400e-01 -7.90977921e-01
  -2.26311561e-01  3.37380939e-01 -8.86336539e-01  1.06816599e-01
   8.78599758e-01 -5.55385192e-01 -5.57285697e-01  2.73675266e-01
   5.39489087e-01  5.81597568e-01  5.08688435e-01 -1.13504194e-01
  -9.37250094e-01 -2.64791856e-01 -1.66840908e-01  8.30258274e-01
   4.28626816e-01 -8.54550652e-01 -8.13738414e-01 -5.32670759e-01
   2.91717140e-01  6.48725188e-01 -3.61059696e-01  2.37348891e-01
   9.62464617e-01  2.58502459e-01  5.51477277e-01  4.68893388e-01
  -6.33278423e-01  8.15690141e-01  4.70779597e-02 -8.00481766e-01
  -8.53632796e-01  1.82536150e-01  4.41491027e-01  7.95411697e-01
   5.42853529e-01  5.07757640e-01  5.31545472e-01  3.11509545e-01
   8.55992933e-02  8.18382460e-01  9.00387844e-02  1.73668959e-01
  -6.56412048e-01 -1.71613731e-02  2.65582792e-01  3.11937897e-01
  -7.51696902e-01 -6.20068685e-01  9.42836542e-01  9.15215564e-01
   3.31799156e-01  2.49040760e-01 -5.13675443e-01 -5.98700202e-01
  -4.34104737e-01 -6.83638666e-01 -7.28308769e-02 -9.04393509e-01
   8.32500479e-01  5.04522816e-01 -6.73355125e-01 -4.38977229e-01
  -8.60393263e-01 -5.07013585e-02  9.87559705e-01  5.22161335e-01]
 [ 6.94727479e-01 -1.27252144e-01 -2.10142670e-01  1.94568313e-01
  -7.17548326e-01  1.77726806e-01  3.22816065e-01  8.27905752e-01
   8.12883423e-02  8.89025744e-02 -8.52260840e-01  9.93232801e-01
  -8.38743015e-01 -3.22773029e-01  1.74050154e-01  5.35695669e-01
   6.30364795e-01 -8.15298769e-01 -9.33955781e-01 -4.82520810e-01
   2.17944474e-01  5.40218801e-01 -1.29908016e-01  2.56844741e-01
   8.36316483e-02 -4.63520673e-01  4.16647190e-03 -6.07343471e-01
  -5.46613747e-01  5.80695636e-01 -1.63233172e-01 -5.44823592e-02
  -8.26534621e-01 -9.18854609e-01 -3.85398064e-01  6.99440894e-01
  -3.00003072e-01 -3.67476183e-01 -5.38393101e-02 -6.10046106e-01
  -5.82555178e-01  2.76983556e-02  5.29598717e-01  6.45381640e-01
   6.89139366e-01 -9.38053730e-01 -1.68571871e-01 -3.33592492e-02
   6.66023415e-02 -3.36913267e-01 -3.00211209e-01  2.10106897e-02
   7.81702795e-01  7.04910655e-01  2.26225339e-01 -1.16162609e-01
   8.97382308e-01  6.16207979e-01 -5.32986620e-01  2.01162249e-01
   2.62753922e-01 -7.01965500e-02 -7.47195822e-01  9.63037818e-01
   2.45935586e-01 -5.99136172e-02 -2.22778630e-01  3.13216664e-01
  -3.15979553e-01 -7.63284346e-01 -6.58553399e-01  9.97737944e-01
  -2.89488232e-01  1.60078094e-01  7.60876351e-01 -3.95438757e-02
  -7.88563761e-01 -3.28052003e-01  9.54090684e-01  5.24236978e-01
  -1.66779615e-01  9.80403490e-01 -1.47904159e-01 -8.88963560e-01
  -9.92933108e-01  1.52144828e-01 -3.81146624e-02  9.35557279e-01
   5.69178779e-02 -7.88796411e-01  3.78212806e-01  5.79428799e-01
   5.58411039e-01  9.79287753e-02 -2.47341329e-01 -7.01494140e-01
  -3.00446446e-01  8.59562043e-01  9.28016392e-01  2.57906359e-01]
 [ 3.62440263e-01  6.39977227e-01 -1.80328129e-01 -2.69178326e-01
   1.00949640e-01  5.75662423e-03  3.87132537e-01 -7.62850459e-01
   5.53155884e-02  1.39016128e-01 -3.65937765e-01 -7.89374445e-01
  -3.15745998e-01  8.27297915e-01  6.38375917e-01  9.17701469e-01
  -6.41049299e-01  4.33361409e-01 -9.93944143e-01  1.23256330e-01
  -4.20895966e-01  6.96739486e-01  5.40945418e-01 -8.79368491e-01
   9.76073004e-01 -4.98384527e-01 -3.55718270e-01  9.83237415e-02
  -2.93305442e-01 -8.06002319e-01 -8.48941960e-01  1.59345038e-01
  -3.72806714e-01  5.10164035e-01 -5.40298263e-01 -1.81764840e-02
  -3.58455529e-01 -5.97915936e-01  3.69305135e-01  7.09005054e-01
  -6.78306338e-01  1.50015331e-01 -3.16757711e-01  6.30104749e-02
   9.08837179e-01 -2.21408919e-01  7.79454818e-01  6.88943919e-01
   7.47902552e-01 -2.13342160e-01  9.03510521e-01 -3.08745461e-01
  -8.49727758e-01 -5.50630942e-01  7.81379232e-01 -1.79827017e-01
   2.92236416e-01  5.19958502e-01 -8.86564601e-01 -1.78201091e-01
  -4.25936055e-02  3.17398739e-01  6.66879858e-02 -5.42791468e-01
  -5.12718402e-01 -9.37032489e-01  7.59764731e-01  4.71133944e-01
  -7.53334574e-01  8.36377905e-01 -4.40176075e-01 -4.69611048e-01
   9.80269312e-01  7.29386886e-01  5.02710515e-01 -1.29184643e-01
   4.77506260e-01  7.98007076e-01 -1.03031557e-01  9.76134696e-01
   8.93246176e-01 -8.74229477e-01  3.16477703e-01 -2.99805004e-01
   1.41154710e-01  9.42106987e-04 -1.12968740e-01  3.33649730e-01
   1.03485640e-01  4.88974209e-01 -4.61786239e-01  7.18895352e-01
   9.60508237e-02  6.99790616e-03  4.50040803e-01  9.07120322e-01
  -4.07620149e-01  7.02361373e-01  6.77254704e-02  3.12665500e-01]
 [ 5.90354055e-01 -7.85229332e-01 -9.46129848e-01 -3.81407596e-01
  -4.25997254e-01 -5.74050285e-01  2.48324056e-01 -9.35831973e-01
  -8.30705495e-01 -7.40260591e-01 -3.21938831e-01 -3.09613509e-01
   9.95449947e-01  9.93537350e-01  5.17716699e-01 -8.14382736e-01
   3.62598824e-01  7.85270921e-01  9.56754207e-01 -1.40406761e-01
   6.43415867e-01 -1.36134057e-01 -1.41277500e-01 -2.45352527e-01
  -9.91050573e-01 -1.96381233e-01 -3.95560488e-01 -9.61285115e-01
   1.69972359e-01  5.62136247e-01 -9.19835642e-01 -2.24508294e-01
   8.94200632e-01 -8.52292128e-01  4.76618451e-02 -4.89768747e-01
   5.79730507e-02  9.96541899e-01  6.36701130e-01 -5.62140840e-01
  -9.19091556e-01 -9.05169765e-02  4.50027989e-01 -3.58080173e-01
   4.04857273e-01 -3.49600019e-01  1.35030602e-02 -2.70613340e-01
  -2.49832975e-01  8.25633329e-01 -2.60344565e-02  8.42987310e-01
  -5.19746004e-01 -9.08410646e-01  8.46152145e-01 -3.80067328e-02
  -9.85765381e-01  2.02420031e-01  7.69807344e-01 -5.38401020e-01
  -4.46218531e-01  2.08617963e-01  8.93878725e-01  8.59303066e-01
   8.32256435e-01 -3.77010528e-01  1.25829505e-01 -5.99982012e-01
   5.31092484e-01 -3.77815224e-01 -7.33226603e-01  8.94324310e-01
   4.18733617e-01  3.67635285e-01 -4.03431610e-01  2.90256225e-01
   1.28965460e-01  1.22730387e-01 -9.43835182e-01 -2.54405337e-01
   7.53513281e-02 -8.52033767e-01 -1.05362575e-01 -1.74219645e-01
  -4.79373592e-01 -7.89709057e-01  6.09054631e-01 -2.44120788e-01
  -5.68687198e-01  8.27286747e-01  4.79809429e-01 -8.82265342e-01
   2.41957598e-01 -3.77292375e-01 -6.10814526e-01 -1.62365594e-01
   9.35907783e-01 -5.71933268e-01  2.10504333e-01  1.86155388e-01]
 [-6.42941215e-01  7.71974002e-01  7.52248625e-01  7.91232682e-01
   8.73040676e-01 -5.37807314e-01  7.12782793e-01 -5.70754016e-01
   4.04649787e-01 -4.20487533e-01 -8.20037655e-01 -4.57691616e-01
  -2.82171127e-02  5.39168944e-01 -7.53546936e-01  8.44765292e-01
  -4.47012700e-01 -9.35467759e-01 -7.67747626e-02  1.56870188e-01
  -9.25558819e-01  5.31713279e-01  9.58248553e-01 -3.82676899e-02
  -3.47869782e-01  2.54255315e-01 -3.01631628e-01 -6.00414502e-01
   8.35001283e-01 -2.90691699e-01  9.71918463e-01 -7.44818470e-01
   8.11509580e-01 -1.60258404e-01 -1.67667706e-01  9.74367347e-01
   8.02435184e-01  7.55135291e-01  2.77195360e-01  2.78573624e-01
   3.34378997e-01 -3.46531968e-01 -6.99967092e-02 -9.79387562e-01
   9.10258463e-01  7.12447842e-01 -9.46070295e-01  1.12893633e-01
  -9.07257873e-01 -8.54269762e-01 -8.31645389e-01  9.11833211e-01
   6.86293595e-01 -9.29988076e-01  5.98587429e-01 -3.21051770e-01
  -3.74376991e-01  6.57427106e-02 -8.88129396e-01 -4.11490504e-01
  -9.73578780e-01  7.13232502e-02 -9.48957773e-01 -6.84197162e-01
  -2.11633716e-01 -4.57420927e-02  1.52045866e-01  7.55479812e-02
   2.47516009e-01  4.74739305e-01  5.39807353e-01 -5.24319811e-01
   7.09950149e-01  8.93183395e-01 -6.83355486e-01  3.92736214e-01
   1.70661812e-01  6.88857174e-01 -4.34797532e-01  9.36260116e-01
  -6.52444512e-01 -4.67728171e-01 -9.13292604e-01  8.78476115e-01
  -3.29337479e-01 -3.22032922e-02  3.81543530e-01  4.47123732e-01
   2.74414322e-01  8.11651998e-01 -4.65296352e-01 -3.74422726e-02
   6.94169839e-01 -7.73584819e-01 -2.41968741e-01 -1.47934857e-01
  -8.76749111e-01  8.29682879e-01  1.86469559e-01  7.19003143e-01]
 [ 5.70384361e-01  6.74621545e-01  7.29485340e-01 -1.97270720e-01
   1.50359299e-01 -1.31859656e-02  8.91910458e-01  6.55398020e-01
  -2.07161377e-02 -3.66066435e-01 -8.68130733e-01 -3.05934225e-02
  -2.82879788e-01 -5.26245321e-01 -6.42432098e-01 -7.87795241e-02
  -8.61315960e-01  4.84563937e-01  7.41954895e-01 -1.00590431e-01
   1.42438128e-01 -4.40295521e-01  5.28406485e-01 -2.47549543e-01
   5.66914629e-01  9.65617890e-01  5.74743740e-01 -3.65589390e-01
   4.77040602e-01 -9.42369577e-01 -8.88891765e-01  5.67917706e-01
   8.58661035e-01  5.69164423e-01  1.92949366e-01  6.99948745e-01
   8.10709920e-01  2.07410316e-01 -1.36080217e-01  7.12514156e-01
   1.43380793e-01 -2.11215342e-02 -6.42666598e-01 -8.29027414e-01
   1.08743009e-01 -9.91888759e-01  6.69485546e-02 -9.72056721e-01
   5.38763777e-02  6.14516660e-01  1.03395870e-01  5.30410518e-01
  -2.79368465e-01  7.65158736e-01  4.51088836e-01  7.72395321e-02
  -1.54600190e-02 -8.78678401e-01 -8.54095230e-01 -4.24401137e-01
  -7.05236556e-01 -5.76614709e-01  7.65840817e-01 -1.38345450e-02
  -2.75841272e-01  5.55754678e-02  1.78912286e-01  2.39958241e-02
   5.00230781e-01  1.95506251e-02  8.11019214e-01  5.08482390e-01
   2.84311076e-01 -6.89357171e-02  4.76046871e-01  5.68445187e-01
  -6.52232747e-01 -2.84880554e-01  1.98193969e-01 -6.75692824e-01
  -4.05392487e-01  5.24449568e-01 -2.82345002e-01 -2.01095235e-01
  -7.63309453e-01  6.94600249e-01 -1.42720489e-01 -3.11452794e-01
   3.21271369e-01  4.03070798e-02  8.79748686e-01  8.88434926e-01
   3.43662400e-01  5.50340447e-01 -2.72952049e-01  9.64688178e-01
   1.38985123e-01 -7.02193329e-01 -8.24387288e-01 -1.78804649e-01]]