[[-3.59651443e-01 -1.24225249e-01  9.04087717e-01  9.15839792e-01
  -8.62111685e-02 -8.49456379e-01  8.31415629e-01  9.82444584e-01
  -8.33020033e-02  5.18111990e-01  5.73274500e-01  8.69328020e-01
  -8.49915687e-01 -4.57523863e-02  1.47985511e-01 -8.30271760e-01
  -9.94304052e-01  1.69769265e-01 -7.48956126e-01 -1.95282770e-01
  -4.00337252e-01  5.01725690e-01 -6.11371335e-01 -1.01320181e-01
   8.68510669e-01 -8.14857590e-02 -1.93545562e-01 -8.60496742e-01
   9.99989111e-01 -8.94166126e-01  8.27704272e-01 -7.34976881e-02
  -6.05696011e-01 -3.19577704e-01 -9.13601805e-01  3.09197791e-02
   5.08899795e-01 -3.12830153e-01 -8.12980481e-01 -2.43094743e-01
  -2.69828850e-02 -6.12833504e-02 -6.02745226e-01 -3.68686040e-01
   5.31337102e-01 -1.11063216e-02 -5.89715155e-01 -4.66544978e-01
  -1.33280198e-01 -7.03675052e-01 -7.87655114e-01  4.48973392e-01
   7.94367787e-01  8.15711459e-02  3.64261383e-01  5.65787473e-01
   4.39051613e-01  8.91069063e-01 -9.20944700e-01 -9.59592016e-01
   5.31406149e-01 -7.53409905e-01  4.83549818e-01  2.74827166e-01
  -1.12895904e-01 -2.56635603e-01 -3.74966320e-01  3.91937035e-01
  -5.22613877e-01 -7.87152551e-01  1.38919180e-01  3.22862620e-01
   8.30020083e-01 -3.40639229e-01 -9.04490255e-01 -5.68878381e-01
  -8.91758523e-01 -6.69737399e-01 -8.22886571e-01  5.61488677e-01
  -9.60505723e-01  3.16636943e-01 -1.43463820e-01 -4.55301760e-01
  -4.95424464e-01 -2.96402895e-01 -5.22866837e-01 -6.16328439e-01
   6.66880458e-01  6.61756398e-01 -5.85675564e-01 -7.50571500e-01
   7.99332596e-01 -5.41727109e-01 -6.62029978e-01 -4.72623920e-01
  -3.77888286e-01 -6.75743336e-02 -3.51570730e-01  4.55918988e-01
   1.73150642e-01  1.80509559e-02  6.55973266e-03 -7.06713915e-01
   2.93586987e-01  7.80289741e-01  9.27712821e-01  4.74428652e-01
   8.89385563e-01  3.08482909e-01  7.37618008e-02 -9.09156943e-01
   3.86979219e-01 -8.73165786e-01  4.67474861e-01 -7.91477824e-01
   5.75449298e-01 -7.47149349e-01 -5.96061956e-01  9.20522202e-01
   1.13702299e-01  3.74900727e-01  7.91997944e-01  6.58304776e-01
   1.19112664e-01  5.88526105e-01  6.13177256e-01 -8.03079057e-01
  -6.13435956e-01 -2.25782581e-02 -8.85633436e-01  5.43203346e-01
  -9.27549266e-01  9.66640025e-01  1.07245905e-01  1.17687858e-01
  -7.44820951e-01 -1.57898130e-01 -9.97093594e-01 -8.63891312e-01
   7.00679939e-01  7.21208089e-01 -1.18133008e-02  9.84522527e-02
   5.91962743e-01 -5.41772113e-02 -2.52678382e-01  2.04551531e-01
   1.50902077e-01  6.07988446e-01  5.64009043e-01  4.79788433e-01
   6.63615075e-01 -4.24990465e-01 -3.78582413e-01  7.71880378e-01
  -5.99838677e-01 -4.10119734e-01  6.42686329e-01  3.22332346e-01
  -5.54400173e-01 -8.78520180e-01  5.06505416e-01 -9.85551860e-01
   9.57745525e-01  4.34163218e-01 -5.60312525e-01 -2.68632175e-01
   6.49984911e-01  2.03293934e-01 -8.53449921e-01 -9.04182001e-01
  -7.16590899e-01  9.60659217e-01 -6.25748619e-01  4.49963837e-01
   9.67640765e-01 -6.93371730e-01  9.06365949e-01 -1.79682764e-01
   4.22777990e-01 -8.40402769e-01 -6.92046204e-01 -2.20731216e-01
   9.78791370e-01 -2.50777029e-02  3.31661496e-01  6.95498908e-01
   4.59919404e-01 -1.47078666e-01  5.39622578e-01 -2.04800818e-01
   5.13565926e-01  5.90136098e-01 -2.61846165e-01  2.75379682e-01
  -8.51394918e-01  7.61964474e-01  9.58007350e-01 -7.51259874e-01
  -2.45348910e-01 -4.97275739e-01 -1.47701570e-01  8.53449026e-01
  -2.92673865e-02 -3.45816668e-01  2.99599410e-01  8.16367827e-01
   7.38105260e-01  1.63150962e-01  4.26251649e-01 -6.95402352e-01
   9.49992902e-01 -7.27316774e-01  2.76538472e-01 -6.95915845e-01
   3.68112460e-01  6.37717211e-01  1.38684692e-01  4.78485330e-01
  -2.78094859e-01 -8.86973751e-01  8.74060624e-01  2.13098048e-02
   5.69687657e-01  4.08720084e-01  5.42508608e-01 -8.01154025e-02
  -7.44555512e-01 -7.30696963e-02 -6.53891492e-01  3.53448063e-01
   4.64626327e-01  6.28546659e-01 -3.83441342e-01  1.45791036e-01
  -8.41358206e-01 -8.39801192e-01 -8.88714872e-01  1.43287531e-01
  -6.67242101e-01 -5.93436545e-02 -1.31709483e-01  2.27368923e-02
  -5.11337290e-01 -1.19403531e-01 -1.60267729e-01  9.20587307e-01
  -9.29472912e-02 -5.81578259e-01]
 [ 8.88259623e-01 -2.18141692e-01 -4.73419555e-01 -8.55778866e-01
  -1.81479231e-01 -1.05887005e-01 -7.67722526e-01 -5.74467928e-01
   2.72853973e-01  3.04436986e-01  2.36129214e-01 -6.82589608e-01
   8.19768416e-01 -4.78013897e-01  1.41256663e-01 -5.57119162e-01
   8.29986688e-01 -1.42311874e-01  3.41560594e-01  1.40957894e-01
   4.03890002e-01  1.80861411e-01  6.15779826e-01  8.75788283e-01
   6.88916890e-01  6.50561594e-02 -8.39099146e-01 -5.33523779e-01
   7.10349941e-01  5.61366085e-01  3.89055948e-01 -8.03256948e-01
   8.10158657e-01  2.74290287e-01 -9.54850385e-01  4.09962956e-01
   8.41632465e-01  4.66494023e-01 -7.26669479e-01  7.32823189e-01
  -4.01685103e-01  6.02454810e-01 -4.32358611e-01  1.69052414e-01
   9.36018298e-01  2.69430818e-02  3.27563238e-01 -1.40703597e-01
   4.95753733e-01 -8.73312762e-01 -8.76051853e-01 -7.05990146e-01
   6.25259349e-01 -5.35294992e-01 -3.80305046e-01  2.11126447e-01
  -5.87642795e-01 -1.50880321e-01  6.58124732e-02  2.19533491e-01
  -4.67379635e-01 -7.00902934e-01  6.99891737e-01 -4.12742707e-01
  -3.84403334e-01  8.56313867e-01  5.44596814e-01 -1.71789109e-01
   8.14801251e-01 -1.78934364e-02  1.03995262e-01 -9.34601433e-01
   8.49450637e-01 -2.80106246e-01  7.59189494e-01  7.03941140e-01
  -3.89082968e-01 -3.45478800e-01 -3.38981709e-01  8.04698447e-01
   4.20446881e-01 -9.92748506e-01  2.94994367e-02  7.54075096e-01
   7.21757082e-01  2.12770081e-01 -1.56601142e-02 -7.70157652e-01
  -1.89499582e-01  3.57912887e-01  2.11172616e-01 -1.48844650e-01
  -5.98252295e-01  9.78436242e-01  5.35254505e-01 -3.55412849e-01
  -8.46988103e-01 -4.57679887e-01 -8.78811864e-02  2.20471918e-01
  -7.91553046e-01 -1.73759227e-01  4.91584428e-01  1.98057367e-01
  -5.22886363e-01  1.78334670e-01  7.55729573e-01  4.20918318e-01
  -3.05457882e-01 -1.61197657e-01 -3.76358543e-01  4.56768181e-02
  -5.33397762e-01 -1.40521034e-01  1.98085446e-01 -5.79162112e-01
   5.27371119e-01  9.08623227e-01  2.35763740e-01 -9.25684995e-01
  -6.27986941e-01  3.48737107e-01  6.41078704e-01 -9.99921809e-01
   6.30424160e-01 -1.32852200e-01 -8.76654274e-02  4.44493062e-01
  -1.11870321e-01  4.09829119e-01  3.83139361e-01  8.10774682e-01
   2.38925540e-01  8.50568536e-01  1.78689466e-01  5.14110526e-01
   5.69173842e-01  8.19809568e-02 -7.23857824e-01 -8.20282094e-01
   3.58081465e-01 -5.85411634e-01 -8.68413839e-01  7.82415800e-01
   8.55156502e-01 -2.68800692e-01  2.75075064e-01  5.99381687e-01
  -5.07064374e-01 -5.57872140e-01 -6.22303448e-01 -3.89535640e-01
  -4.38936007e-02 -7.61460780e-01 -7.80485760e-01  4.80439509e-01
  -9.10032956e-02  8.69525428e-01  9.77043473e-01 -8.52263251e-01
   4.72716980e-01 -6.57970734e-01  1.60478134e-01 -8.93252428e-01
  -6.84222318e-01  1.80994022e-01  2.58305733e-01 -9.57117393e-01
  -5.69374895e-01 -4.64541962e-01 -5.69977204e-01 -9.98669107e-01
   1.12871057e-02 -5.46426866e-01 -4.98174917e-01  6.38782484e-01
   1.18175506e-02 -1.65070536e-01 -9.05977977e-01  8.00760768e-02
  -4.36915277e-01  6.86822276e-01  5.72269051e-01 -9.13088120e-01
  -6.19896872e-01  3.95904674e-02  5.98751412e-01 -2.92547708e-01
   6.79050561e-01  8.08394932e-01 -8.25419302e-01  5.13519021e-01
  -1.20894919e-01  1.45852257e-01  9.47436071e-01 -9.48566011e-01
  -3.93453783e-01 -1.54994177e-01  7.75765215e-01 -8.55231945e-01
   5.83599128e-01 -6.51860841e-01 -9.93534461e-01 -7.93878421e-01
  -5.80372912e-01  8.28913534e-01 -5.89973676e-01  5.94385060e-01
   9.90558025e-02  4.59698320e-01 -3.97782221e-01 -3.86214560e-01
  -3.67754722e-01 -7.97497344e-01  6.95437913e-01 -5.84310569e-01
  -7.58993153e-01  1.60336332e-02  8.61704449e-01 -6.87636855e-01
  -9.63030015e-01  8.89448227e-01  9.72540521e-02  4.48885376e-01
  -4.67094716e-01  4.47619699e-01  1.86092382e-01 -2.76685456e-01
   4.13463653e-01  4.06067783e-01  3.71166177e-01  4.97794047e-01
  -6.59508364e-01  6.15263983e-01 -5.00411816e-01  6.83842649e-01
  -9.36298218e-01  2.62897234e-01 -4.49963699e-01 -6.89531526e-01
   7.78231997e-01  6.58579142e-01  6.31798086e-01  5.10917995e-01
   9.68275301e-01  2.56801571e-01  3.16197368e-01 -3.24863075e-01
   7.13652743e-01  9.38687576e-01]
 [-5.57935640e-01 -1.40988056e-01  3.24873599e-01  9.29003486e-01
   6.32881097e-01  3.24767280e-02 -5.27819385e-01 -6.19822687e-01
  -4.90471848e-01 -7.45399470e-01  8.36894895e-01 -6.74831097e-01
   1.67687013e-01  4.05099239e-02  8.46622104e-01 -8.94490665e-03
   1.21429362e-01 -3.17484826e-01  8.57311995e-02 -3.88082571e-01
  -9.65306215e-01 -7.46148267e-02 -8.99030800e-01  5.67476717e-01
  -7.05889546e-01 -4.87868810e-01  3.00067524e-01 -5.99027086e-01
   4.88793473e-01  3.08600063e-01 -2.39380665e-01 -7.64764604e-01
  -7.10693468e-01  7.26017317e-01 -4.43404034e-01 -4.29272462e-01
   8.63042236e-01 -8.68956924e-02  8.78479596e-01  3.68880339e-01
   8.65762248e-01  3.47403099e-01 -7.75577023e-01 -9.30956927e-01
  -1.67514222e-01  1.66863933e-01  8.16436957e-01 -7.05962999e-01
   2.36918183e-01  7.00321077e-01 -9.39206038e-01  8.53756435e-02
   6.83891739e-01 -7.50865102e-01  1.89837116e-02 -1.47463403e-01
   4.16045060e-01 -6.20641540e-01  4.02748598e-01  8.74195696e-01
  -3.47895269e-01  8.22738543e-01  1.76448617e-01  7.66247405e-01
  -8.54517987e-01  3.33134397e-01 -6.39451055e-01  5.37404749e-01
   3.86589144e-01 -6.12740019e-02  9.99433919e-01  8.35493760e-02
  -5.12685640e-01  5.23966768e-01  4.51197618e-01  3.96087238e-01
  -7.13905799e-01  9.93765117e-01 -1.35434190e-01  6.86299131e-01
   1.80965653e-01 -4.20752262e-01  9.87982409e-01  1.37651192e-01
   4.87935476e-01 -6.64758977e-01 -2.97449457e-01 -5.05584966e-01
   9.88119757e-01  1.27226373e-01  5.17528507e-01 -9.74675912e-01
  -2.94751207e-01  2.12200611e-01 -4.90322491e-01  9.39429127e-01
  -7.89294199e-01  5.29728770e-01  1.01043957e-01 -4.10478723e-01
   7.26187449e-01  2.51222154e-01 -7.68651769e-01 -4.62479055e-01
  -7.43600401e-01  5.78866620e-01  2.79136422e-01 -1.12173101e-02
  -2.86509743e-01  9.95147820e-01  5.20472988e-01 -6.79891821e-01
   9.31705220e-01 -2.65925977e-01  5.32109100e-03 -8.74806936e-01
  -6.67372428e-01 -2.73381540e-01  8.79766538e-01  7.72936780e-01
   3.97841508e-01  5.38120680e-01  1.75666963e-02 -6.02921075e-01
   3.03622089e-01  8.46150851e-01 -1.98266887e-01 -4.74331362e-01
  -2.34483903e-01 -4.29165184e-01  7.25170956e-01 -2.51859351e-01
  -8.82860409e-01  1.05406417e-02 -9.83050090e-01  5.57240540e-01
  -4.93242983e-01 -1.69576887e-01  4.61917798e-01 -8.10751580e-01
   2.98687344e-01 -3.19026766e-01 -3.50605459e-01 -6.84351291e-01
  -6.90564851e-01  2.18611830e-01 -3.50721026e-01 -6.39501777e-02
   5.64790883e-01 -4.27886765e-01  2.94566699e-01  4.55757486e-01
  -5.79717151e-01  8.57612258e-01 -7.12293406e-01  8.27238506e-02
  -3.05126909e-01  3.67167245e-01  4.43200180e-01 -2.11187265e-01
  -2.00974860e-01  2.74645349e-01  9.20281233e-01  9.03346779e-01
  -9.32657272e-01 -4.57060498e-01 -6.64880727e-01  1.32397297e-01
   5.09902508e-01  8.33263879e-01 -1.17936670e-01 -2.70726894e-01
  -6.61160729e-01 -4.39856082e-01 -7.07725518e-01 -7.75651073e-02
   9.73430544e-01 -8.76890913e-01 -8.47804416e-01 -2.87547699e-01
   1.32261549e-01 -4.59219380e-01  5.78042835e-01 -8.56714854e-01
  -6.89379550e-01 -3.03877483e-01  7.84739428e-01  2.30559722e-01
  -2.18076373e-02 -6.03190577e-01 -1.73067673e-01  7.63768878e-01
  -5.84413082e-01  1.39960048e-01 -9.22476483e-02 -1.68259129e-01
   1.30489014e-01 -2.97827416e-01  1.26977674e-01  7.59213284e-01
  -3.12149517e-01 -1.02780446e-01  4.05388999e-02  5.55592442e-01
   2.98489928e-02  7.85843289e-01 -8.24324274e-02 -5.20206897e-01
   5.33300449e-01  9.00084622e-01  9.89996366e-01  4.40375505e-01
   5.91693890e-01 -9.16402744e-01  7.57149752e-01  9.55485453e-01
  -5.26852365e-01  4.84075584e-01  1.04273940e-01  7.84723625e-01
  -5.88284127e-01  2.50384251e-01 -5.40488660e-01  5.75882645e-01
   9.24121563e-01 -2.46590503e-01  4.01464277e-01 -1.44049252e-01
   4.43840034e-01  7.93602336e-02 -3.00570641e-01  7.88937935e-01
  -9.85424722e-01 -7.69815365e-01 -6.45619346e-01 -4.93740377e-01
   3.90470087e-01 -2.21080478e-01 -6.55630123e-01 -4.92442192e-01
   5.92160137e-01  7.81113685e-01  2.05251627e-01 -6.60052873e-01
  -9.61561473e-01  6.17467804e-01  6.63360494e-01  3.50742936e-01
   4.59063495e-01 -7.86646088e-01]
 [-4.10963951e-01  6.38558569e-02 -8.36372206e-01 -5.57796755e-01
   8.67653638e-01 -5.52964292e-01 -6.46370170e-02  7.71462790e-01
   8.20215481e-01  3.07586361e-01 -9.74152599e-01  5.12623662e-01
   2.52773330e-01 -6.03256624e-01 -8.89743181e-01 -2.94196199e-01
   9.55616034e-01 -7.73715165e-01  1.44219183e-01  5.18028616e-01
  -7.36960690e-01 -2.23929250e-01 -6.16399771e-01 -8.34069064e-02
   1.76476882e-01  3.50345054e-01 -9.07055730e-01  4.55902155e-01
  -8.39544569e-01  6.15541302e-01  1.20357348e-01 -7.48023375e-01
  -4.25447517e-01  7.55951006e-03 -2.19222534e-02  5.77019404e-01
   8.25344875e-01 -8.35839239e-01  9.10265558e-01 -7.28437436e-01
  -8.88266977e-01  3.79720458e-01  2.48086689e-01  8.36336690e-01
  -1.01374527e-01  8.97801490e-01  9.52971670e-01 -1.23952197e-01
   9.31157387e-01 -6.44829128e-01 -5.38532877e-01  4.22962758e-01
  -1.68326225e-01 -9.11427379e-01  9.98004431e-01 -1.58239635e-01
  -1.31885618e-01 -5.38762923e-01  3.76461194e-01  4.51530520e-01
  -7.09971529e-01 -9.15993123e-01  2.77696789e-02  7.09977977e-01
  -8.72750228e-01  5.52874819e-01  4.07267588e-01  9.77964132e-01
   8.73752304e-01 -6.18353934e-01  7.30963208e-01 -9.19993191e-01
  -7.29365860e-01  8.71923790e-02 -5.83768040e-01 -3.71057583e-01
  -7.74290426e-01 -7.35832563e-01  1.86564338e-01  3.03410233e-01
   4.44591820e-01 -2.76880663e-01 -1.06972479e-01  5.05321814e-01
  -3.82570450e-01 -8.98277298e-01 -4.16412396e-01  8.13230726e-01
   9.01882207e-01  8.58491650e-01 -1.20847294e-01 -4.56675792e-01
  -8.31497011e-01 -1.18771287e-01  3.34124225e-01 -6.44781896e-01
  -7.06039827e-01  6.84947291e-01  1.29702504e-01  1.89531795e-01
   5.68098222e-01  5.05021693e-01 -4.53958588e-01  9.82311145e-01
   7.14134291e-01  4.42335296e-01  8.60296186e-01  5.29644500e-01
   1.55306746e-02  9.09654787e-01  6.45214723e-01 -5.34474302e-01
  -6.42103485e-01  8.10040262e-01  5.69007005e-01 -6.58379186e-01
   2.94080405e-01 -3.03128239e-01  9.14735721e-01  2.99169870e-01
   4.12204953e-01 -3.88784317e-01  2.56754502e-01 -2.58908429e-01
  -7.38134229e-01  7.94654246e-01  6.02531583e-01 -2.03759444e-01
  -5.89982324e-01  2.36863981e-02  7.06005001e-01  4.45839759e-01
  -2.78560267e-02 -6.68140662e-01  9.17952598e-01 -4.74954979e-02
  -8.75532988e-01  1.25028328e-01 -7.02309455e-01 -8.21640197e-01
  -7.46220288e-01  9.93454836e-01  6.21523702e-01  5.11784603e-01
   1.84091020e-02 -1.92058524e-01 -1.05287983e-01 -2.44776131e-01
  -1.07286649e-01  6.01079488e-01  9.29038121e-01  4.49113851e-01
   8.72109541e-01 -2.15025007e-01  5.25346745e-01 -4.17270505e-01
  -6.63764246e-01 -2.30033224e-01 -9.06842503e-02  3.70459012e-01
  -1.03096282e-01  6.70419784e-01  4.45194691e-01  1.17466167e-01
  -5.75275554e-01  9.12517340e-01  4.82929368e-01 -3.01560539e-01
   4.21226703e-02  3.80933139e-01 -6.75650870e-02  7.37853320e-01
  -6.64133785e-01 -9.89689410e-01  2.30323091e-03  4.49953039e-01
   6.03002046e-01 -8.06565089e-01 -6.34702578e-01 -8.94690989e-01
   7.67924456e-02  1.87100944e-01  7.84919176e-01 -1.10504533e-01
   8.63854723e-01 -3.84809419e-01  5.54204148e-01 -5.68252614e-01
  -7.08382066e-01 -4.35635115e-01 -2.57599730e-01 -6.78607918e-01
  -5.43433227e-01  9.44941577e-01 -8.20216134e-01  3.69108168e-02
  -6.27548881e-01  8.00291436e-01  7.28831491e-02  7.15785128e-01
   8.76404182e-01  8.29029044e-01  7.80076631e-01  6.63815631e-01
   6.13359270e-02  5.76576196e-01  8.98599673e-01 -3.58435288e-01
   9.75737326e-03 -6.60409204e-01 -8.93974747e-01 -9.94147500e-01
  -8.46776687e-01  5.78234196e-01  3.40390174e-01  4.44721973e-03
  -3.92701824e-01  2.50662239e-01  6.58936699e-02 -3.08856968e-02
  -7.84102567e-01  5.41531617e-01  2.38683832e-01  5.67106003e-01
  -5.94334613e-01 -7.49895287e-01  4.59135153e-01  6.97803927e-01
  -7.98480064e-01 -2.38946520e-01 -7.12174126e-01 -5.76452958e-01
  -9.21590531e-01 -5.34807833e-01 -6.11492939e-01  9.44676721e-01
   2.52308061e-01 -6.67156964e-01 -2.77639472e-01 -2.46109256e-01
   7.21128236e-01 -7.24592754e-01 -4.52842160e-01  1.93624785e-01
   7.64407819e-01  8.07453397e-01 -8.67016510e-01  9.46826626e-01
  -5.30666167e-01  1.37053947e-01]
 [ 5.51002717e-01  4.76296146e-01 -9.83529958e-01  9.20191366e-01
   1.37262921e-01 -8.76386658e-02 -4.86963713e-01  1.59805630e-01
  -6.69409725e-01 -6.69873077e-01 -2.16947204e-01  3.07430577e-01
  -1.19695938e-01  8.58019100e-01  7.86929719e-01 -1.53699562e-01
   4.96228469e-01  6.55298821e-01  6.58770107e-01  2.95734482e-03
   5.89131483e-01  6.16439500e-01  6.21324471e-01 -2.15114850e-01
   7.96890595e-02  4.65808774e-01  7.19576030e-01 -7.97199298e-01
   3.28130899e-01 -1.95408564e-01  6.48976472e-02  6.46326225e-02
  -2.98260790e-01  9.98332123e-01  7.04822060e-01 -4.93677388e-01
  -9.30607765e-01 -1.46968377e-01  9.84488642e-01  6.37496224e-01
  -6.37520993e-01  8.10140766e-01 -9.91775263e-01  8.09361072e-01
  -5.96085831e-01  9.87218914e-01  5.97481254e-01 -7.21576336e-01
   8.83023687e-01 -9.94672866e-04  6.24021175e-01  8.36566155e-01
   5.04345009e-01 -4.50657614e-01 -4.26334986e-01 -2.43996322e-01
  -9.42483422e-01 -2.63035502e-01 -5.17128486e-01 -2.80452992e-01
  -8.10648167e-01 -9.27529809e-01 -2.32407994e-01 -9.74257077e-01
   4.38003886e-01 -8.52234271e-01  7.54633765e-01 -6.24290843e-01
   3.22771094e-01  2.75069277e-01 -9.26550900e-01 -3.50137821e-01
   2.47695932e-01  1.54763357e-01 -5.45414467e-01 -8.49720681e-01
  -1.29833130e-01 -5.94085583e-01 -1.80411704e-01  4.43800139e-01
  -2.66942520e-01 -3.17442651e-01  3.60563558e-01  4.42053730e-01
   5.40438467e-01 -1.23502568e-01 -8.85878380e-01 -4.06244266e-02
   5.51490161e-01 -6.21322495e-01  5.95357221e-01 -1.16668641e-01
  -8.19790704e-01 -9.19974575e-01  1.55124837e-01 -9.48371484e-01
  -1.46015989e-01 -3.87205296e-01  9.79859701e-01  5.70608410e-01
  -5.09057503e-01 -8.93232003e-01  8.40382990e-01 -3.22647726e-01
   4.09901057e-02  8.48215866e-01 -4.67705227e-01 -1.72690856e-01
   1.67877603e-02 -3.38334905e-01  5.42819641e-01 -3.99407499e-01
  -7.07674553e-01 -4.82253422e-01  5.29569168e-01 -4.37788512e-01
  -3.15886341e-01  6.66051728e-01  2.57184770e-01  5.65071499e-01
  -7.64863199e-01  4.01963025e-01 -6.07609950e-01  8.44000962e-01
   8.38180887e-01  9.95562659e-01 -5.36745148e-01 -1.41798626e-01
  -9.68376683e-01  3.33976543e-02  3.15347669e-01 -8.45057567e-01
  -4.94611511e-01  9.10186413e-01 -9.39079834e-03 -7.00361845e-02
  -4.50627082e-01  2.61576409e-01 -1.16835924e-01 -6.04120631e-01
  -6.88730800e-01 -6.41218960e-01  2.63702971e-01 -1.47019212e-02
  -1.92012123e-01 -3.60050420e-01  4.21103193e-01  1.27302584e-01
  -4.31093407e-01  1.34396089e-01 -5.52196620e-01 -5.42909601e-02
  -6.10590725e-01 -3.21485493e-03  7.71431465e-01  9.27226242e-01
  -7.38789058e-01  3.06853548e-01  4.27492212e-01  5.49246954e-01
   3.86229496e-01  3.74263222e-01 -4.32469994e-01  4.91185390e-01
  -1.05855848e-01  3.40115723e-01 -9.91078975e-01 -2.03734187e-01
  -5.30081345e-01 -3.18554209e-01 -9.56337352e-01 -2.45852869e-01
   6.64931213e-01  7.27701996e-01  5.99497395e-01  3.00026767e-01
  -1.40135865e-02  5.18587288e-01  9.37893950e-01  1.19979167e-01
   9.22989315e-01 -6.75784227e-01 -9.22106903e-01 -6.04297631e-01
  -3.82025401e-01  4.58854881e-02 -4.24770341e-01  6.58540424e-01
  -6.70362589e-01 -5.25760832e-01  5.33718915e-01  8.69545109e-01
   2.37866646e-01  9.44590729e-01  5.32824238e-01 -2.19288665e-01
   9.56376959e-01  4.68605623e-01 -8.33644281e-01 -7.91291856e-01
  -4.82432873e-01 -5.30903913e-01  5.29638582e-01 -8.82417038e-01
  -6.82070938e-01  7.61200041e-01 -2.16427813e-01  5.60987209e-02
  -1.09976555e-01 -3.65553822e-01  6.53332064e-01  5.53063716e-01
  -7.61492420e-01  4.50734465e-01 -6.73311434e-01 -1.89944764e-01
  -5.62927800e-01 -2.68116711e-01 -6.04886062e-01 -4.22239956e-01
   8.63591049e-01 -8.31194941e-01  5.34908600e-01  4.67614066e-01
   8.68386000e-01  4.06705602e-01 -4.59872499e-02  7.67446935e-01
   3.81014864e-01 -5.37050661e-03 -4.60945557e-01 -8.90516213e-01
   3.46961008e-01 -9.80335630e-01  5.10948743e-01  4.56161153e-02
   7.69291453e-01 -9.52407708e-01 -1.72118773e-03 -6.10583401e-01
  -6.22715641e-01  7.73837703e-01 -8.21428970e-01  1.92046211e-01
   4.98552385e-01 -1.25561624e-01  6.20544062e-01  6.77931546e-01
   1.41090653e-02  4.07580840e-01]
 [ 6.56843647e-01 -1.54945647e-01  6.85624105e-01  1.72287172e-01
   2.75747572e-01 -4.12932077e-01 -4.73638933e-01  4.91610011e-01
  -2.54395146e-03  8.65867547e-01 -2.70533851e-01 -4.22488151e-01
   1.54320427e-01  9.21179908e-01  9.84322651e-01  4.86334795e-01
   2.21472285e-01  5.21379833e-02 -4.93461426e-01  7.01945330e-01
   3.92880145e-01  8.11501240e-01 -3.57067140e-01  3.38008087e-01
   5.22052222e-01  4.84726375e-01  7.81138532e-01  3.98286182e-02
  -4.08928331e-03  5.35251089e-01 -1.31254448e-01 -6.86791278e-01
   6.61099715e-01  8.02934526e-01  3.63420551e-01  8.28933296e-01
  -6.55098884e-01 -4.58731449e-01  6.65902419e-01  5.24269811e-01
  -6.73941449e-01  4.60788469e-01  9.16887353e-01  8.03093087e-01
  -5.62718270e-01 -2.77010854e-01 -1.67773151e-01 -7.25424630e-01
   9.69172068e-01 -1.78491240e-01 -7.27644367e-02 -4.03051468e-01
  -8.89344770e-01 -9.82534858e-01  1.62943194e-02  1.42148986e-01
  -8.94245954e-01 -2.50927419e-01  7.12313645e-01 -9.71493728e-01
   9.88793624e-01 -1.46347711e-01  1.69322180e-01 -3.28150187e-01
   7.00871761e-01  8.82921260e-01  1.21380350e-01 -8.29533402e-01
   1.00430042e-01 -2.59659325e-01  7.71503158e-01 -1.03671856e-01
   5.30571879e-01 -7.52628558e-01  8.34170729e-02  7.68520052e-01
   2.21964809e-01  5.18038122e-01 -8.99516057e-01 -9.11676859e-01
  -6.16857594e-01  6.49221838e-01 -6.66522668e-03 -9.36413435e-03
  -1.88085568e-01 -4.66351301e-01 -5.45534802e-01 -7.03792348e-01
  -7.82280877e-01 -6.73531632e-01 -2.30741380e-01  2.87158870e-01
   9.40209176e-01  6.09129137e-01 -9.42749957e-01 -4.10749434e-01
  -3.53682302e-02  7.84903477e-01  7.18381515e-01 -4.31256072e-02
  -1.86546993e-01  8.27900063e-01 -9.02246361e-01  7.93639675e-01
  -5.10636885e-01 -9.13547896e-01  9.54098012e-01  1.92781947e-01
  -5.22263171e-01  8.11907271e-01 -4.14767636e-01  4.98045060e-01
   2.72926597e-01  5.35753972e-01  4.21940659e-01 -1.80848205e-01
   6.69878687e-01 -1.97509542e-01 -9.30342266e-01 -5.28349644e-01
   4.13629190e-01 -1.62830643e-01  9.02679164e-01  2.43060310e-01
  -8.39651449e-01 -4.49744446e-01  6.58246309e-01 -7.86856187e-01
  -5.04298474e-01  7.31071057e-01 -4.17903739e-01  8.57206635e-01
   1.05885789e-01  1.80778601e-01  2.23291678e-01 -3.73374628e-02
   1.54904830e-01  8.27655134e-01 -5.53859114e-03 -7.50040247e-01
   8.85980456e-01 -5.34173299e-01 -9.69042893e-01 -7.07311080e-04
   3.39918034e-01  4.97851403e-01 -5.32465278e-01 -1.63794630e-01
  -3.67335484e-01 -5.56613272e-01 -8.66907208e-01  2.10667292e-01
  -1.96199442e-01 -1.69205516e-01  2.89812832e-02 -6.55092316e-01
   4.84110227e-01  8.00595757e-01 -4.32042078e-01 -2.93705024e-01
  -1.69695462e-02 -4.14882579e-01  4.16496111e-01 -8.44180525e-01
   5.32024911e-01  3.72760853e-01 -7.26973224e-01 -7.26493198e-01
   5.81667858e-01 -4.31483893e-01 -2.76962714e-02 -2.02075692e-01
   1.96494710e-01 -6.75042055e-01  9.27359198e-01  1.62691278e-02
  -9.06235895e-02 -2.93347551e-01 -3.35884616e-01 -8.14909370e-01
   3.45411363e-01  2.09341550e-01 -3.76715634e-01 -7.64453785e-01
   1.09124512e-01  6.66062861e-01 -8.81594526e-01 -7.89363915e-02
  -5.50123815e-01 -4.84370716e-01 -1.03084756e-02  8.21588053e-01
   6.38569510e-01  4.17100984e-02 -2.25740090e-01 -5.10791894e-01
   4.17029269e-01  6.06216028e-01 -2.40678107e-01  4.95236284e-01
   9.75837759e-01  4.05984967e-02 -2.29774389e-01  1.41256620e-01
  -7.26974103e-01  7.45200695e-01 -3.95948236e-01  4.48119702e-02
  -7.60717765e-01 -6.05476575e-01  4.04002407e-01 -5.87234337e-01
   5.85829736e-01  2.17411423e-01 -2.07421152e-01  5.86304053e-01
  -6.25428522e-01 -9.08992717e-01  6.47071021e-01  8.92778068e-01
   2.40036035e-03 -4.44832894e-01 -6.01641012e-01  1.03888376e-02
  -6.49515110e-01  4.52046541e-01  2.77941152e-01 -5.03622759e-04
   2.82427831e-01 -4.50625570e-01 -1.80862505e-01 -2.43952460e-01
  -1.24878503e-01  7.66530025e-01  8.08809685e-01  1.11051008e-01
   9.84702045e-01 -5.47289979e-01 -9.46427468e-02 -4.19663175e-01
  -7.64104972e-01 -4.43590880e-01  6.65471013e-01  7.91569886e-01
  -7.72648886e-01 -2.37294042e-01 -7.10673642e-01 -9.21448003e-01
  -6.71211846e-01  6.55487329e-01]
 [-7.28357169e-01  9.29955071e-01  8.82721621e-01 -7.33552843e-01
  -9.98881845e-01  4.19616159e-01  8.71110216e-01  4.53197989e-01
  -4.03874234e-01 -6.60867842e-01  3.63180124e-01 -3.01136886e-01
   8.91652375e-01 -6.55545150e-01  4.38623139e-01 -2.75964117e-01
  -5.26541757e-02  4.88860902e-02 -5.60355493e-01 -4.66407317e-01
  -9.82713942e-01  8.72999512e-01  5.40552369e-01 -1.35954414e-01
  -3.46904478e-01 -5.00072333e-01  8.91091391e-01 -5.12960654e-01
  -4.37570586e-02 -1.00468608e-02  6.75795517e-01  7.08964105e-02
   9.50139637e-01 -5.98383577e-01 -6.50299031e-01 -5.64370237e-01
   7.92372357e-01 -1.78599969e-01 -5.38334480e-02  6.34603620e-01
   2.25900711e-01  9.02814783e-01  1.53878696e-01  1.72124042e-01
   4.84819957e-01  5.45795112e-01  4.50628211e-01  1.89224295e-01
   1.86731636e-01 -6.94321861e-01 -6.13447247e-02 -3.92963509e-01
  -8.78492456e-01  6.90760989e-01  5.88545792e-01 -2.61589244e-01
  -9.26425721e-02 -7.19951419e-01 -5.64546390e-01 -4.51443097e-01
  -2.86379348e-01 -6.25323207e-02 -1.45787766e-01  6.48956123e-01
   3.66569799e-01  7.82993737e-01  5.23891613e-01  2.60723856e-01
   1.93193616e-01 -7.16034629e-01 -2.44440008e-01 -1.12656671e-01
  -7.09129725e-01  4.02921805e-01  4.98374800e-02  6.60843051e-01
  -9.97659871e-01  3.85128966e-01  2.17719887e-01  3.04155830e-01
  -5.60122175e-01  4.65183613e-01  6.73615410e-01 -2.08980763e-01
  -9.53603188e-01  5.96824375e-01 -6.42035274e-01 -8.26969930e-01
  -7.42975862e-01  5.16974514e-01  6.21694587e-01  5.57166871e-02
  -1.64618284e-01  9.68757014e-02 -3.12286952e-01  5.93809172e-01
  -6.62309127e-01 -7.16643565e-01 -4.41068866e-01  9.11912079e-01
  -5.85548149e-01 -5.76018674e-01 -5.18421581e-01  8.97015311e-01
   6.99044428e-01 -6.20798086e-01  2.01366639e-01 -4.16136552e-01
   5.53662101e-01 -9.05405585e-01  6.34464359e-01  2.91116142e-01
  -3.30426526e-01 -3.97333043e-01  7.54455064e-01  5.41539954e-01
   6.67110586e-01 -1.65756711e-01 -4.11892427e-02 -1.49045351e-01
  -4.74260622e-01 -8.37851671e-01  2.20693603e-01  2.15541195e-01
   8.95565418e-01 -4.37672904e-01  3.69779540e-01 -4.65399550e-01
   1.54072980e-01 -6.94245874e-01  3.51108802e-01 -7.48683143e-01
   2.71955700e-01  4.87642512e-01  5.13741623e-01  6.48247612e-01
  -4.81584840e-02  4.09973934e-01 -8.46593305e-01 -8.92193824e-01
  -1.61834426e-01 -2.89889253e-01  6.93308079e-02 -5.90227100e-01
   4.57729922e-01  1.26378664e-01  3.21870660e-01 -3.38845055e-01
  -6.84423276e-01  1.53171716e-01  9.35006768e-01 -7.50980473e-01
  -6.04285235e-01 -2.32268945e-01  5.50897264e-01  9.52656763e-01
   5.03218826e-01  9.83240642e-01  6.65611249e-01 -8.59099730e-03
  -1.20044467e-01 -8.42109600e-01  1.31332482e-01  9.59715690e-01
  -4.43470388e-01  6.51203120e-02  4.79930197e-01 -1.67290679e-01
  -9.99979334e-01  9.76675100e-01  2.77504795e-01 -5.76688727e-01
  -7.29900463e-01 -9.92807639e-01  6.14502408e-01  3.18536853e-01
   6.69618334e-01 -2.90623202e-01  2.38010533e-02  5.45611955e-01
   5.28100551e-01  1.52804151e-01  7.19838460e-01 -3.11000130e-01
  -7.39595640e-01 -1.88520439e-02 -8.96190906e-01  2.74550416e-01
  -7.74057675e-01 -9.73762587e-01 -9.52567247e-01 -9.04367424e-02
  -6.07955950e-01  8.14145936e-01  8.92476457e-01  3.71133654e-01
  -3.58345104e-01  1.67788642e-01  9.25898871e-01  2.65126041e-01
   6.74316190e-01  6.90492589e-01  8.65620740e-03  5.73286012e-01
   2.01553584e-01 -2.42739293e-02  4.13216730e-01  6.72288708e-01
  -9.14820389e-01  8.40711019e-01  1.46588768e-04  9.11264939e-01
   4.25584259e-01  9.02658291e-02  8.33352904e-01  9.78195229e-01
   5.06828888e-01  5.53755306e-01 -3.93307463e-01 -5.44039555e-02
   9.03240692e-01  4.00274701e-01 -7.78566185e-01  6.45274611e-01
  -3.73502139e-01  6.71606905e-01  3.81799607e-02  3.14272242e-01
  -1.63704529e-01 -6.40276167e-01 -4.54651148e-01 -6.68100874e-01
   6.46232098e-01 -8.14442054e-02  1.57172819e-01 -1.23849251e-01
  -4.61933178e-01 -9.60925439e-01  5.24872115e-01 -5.76681583e-02
   4.26924502e-01  3.58063167e-01  1.57814467e-01  3.28610041e-01
  -7.76041737e-01  1.34225698e-01 -2.12360843e-01 -2.10850574e-01
  -9.48350396e-01 -3.83154698e-01]
 [ 4.44627292e-01  5.39706959e-01 -2.95951960e-01 -6.24116184e-01
  -7.27345739e-01 -8.33365025e-01  7.66353245e-01  9.80291185e-02
   3.79820062e-01  8.78930226e-01 -6.51361345e-01  9.06021190e-02
   6.57945864e-01  8.75505974e-01  2.87287377e-02  4.93249338e-01
  -7.42888753e-01  5.73808066e-01  8.61918655e-01  2.49769539e-01
   9.18325824e-01  7.31704459e-01  3.47663034e-01 -4.70368378e-01
  -3.95100184e-01  5.94580916e-02 -4.84846345e-01  2.48886100e-01
  -8.91126013e-01 -6.59239437e-01  3.89136035e-01 -5.12396658e-01
   4.58355696e-01 -1.84327965e-02 -1.82783339e-01  4.35529247e-01
  -1.01408845e-01  4.02132952e-01  7.60876383e-01  9.63797426e-01
  -5.45918329e-01 -7.53205945e-01  6.93804844e-01 -5.54934486e-01
   1.66300297e-01  8.65589561e-02  1.21110142e-01 -5.20240877e-01
  -2.60202907e-01  8.96917378e-01 -4.37246105e-01  1.02611286e-02
  -7.05438185e-01 -6.47115430e-01 -6.65987371e-01 -8.85192787e-01
   8.52800639e-01 -7.24486201e-02  8.68197201e-01  3.75535410e-01
  -8.01839278e-01 -2.65001702e-01 -1.18846199e-01 -5.42140939e-01
   8.91507352e-01 -6.67162403e-01 -8.60723574e-01 -4.91733508e-01
  -4.56342195e-01 -6.26269856e-01 -1.96072554e-01 -3.14766384e-01
  -8.13935733e-01  7.73487820e-01  1.14562214e-01 -9.70569778e-01
  -4.18675327e-01  8.05217022e-01  6.65829382e-01 -9.92773026e-01
   5.90277281e-01  4.94599432e-01  7.10058110e-02  1.83865002e-02
   7.67807808e-01  7.07312186e-01 -6.85432028e-01 -6.38903416e-01
  -2.77189739e-01 -4.24428235e-02  7.93854603e-01  6.69415376e-01
  -7.96461085e-01 -9.10657550e-01 -5.55399397e-01 -9.33993723e-01
  -3.34613470e-01 -1.98434019e-01  9.65212984e-01  2.84741035e-01
  -1.43467284e-01  7.20822475e-01 -2.66662291e-01  7.49971357e-01
  -5.66496668e-02 -3.02242352e-01  5.71015647e-01  3.99583763e-01
  -7.76486220e-01 -4.83448657e-01  7.86887717e-01  1.03856777e-01
  -3.62887523e-01 -7.05527043e-01  1.25430834e-01  3.83971704e-01
   6.83502673e-01  7.15645266e-01  9.50949706e-01  8.53193733e-01
   4.75802164e-02 -8.91753723e-01  5.40018780e-01  9.93913041e-02
   4.05035041e-01 -6.70609980e-01 -2.79947310e-01 -6.36448085e-01
  -9.76545120e-02 -7.02913466e-01  8.69821390e-02 -8.09330981e-01
  -4.84649914e-01 -8.67809874e-01 -8.60854440e-01 -8.14616768e-01
  -4.20409952e-02 -6.54229870e-01 -6.09265576e-01 -6.44624243e-01
  -5.53015815e-01  3.84436268e-01  3.75677911e-02 -2.99879910e-01
   6.04502585e-01 -4.80375827e-01  6.73289827e-01  4.94107080e-01
  -1.42305672e-01  2.53913796e-01 -2.84517751e-01 -9.27308578e-02
  -2.10223193e-01  7.68237391e-02 -2.69894556e-01 -2.15408530e-01
  -5.05207801e-01 -1.77050539e-02 -4.48602454e-01 -6.77155650e-01
   7.57988312e-02 -5.27873650e-01  2.11445497e-01  4.86097142e-01
  -5.57538713e-01  4.73311499e-01 -2.14643843e-01  1.50630252e-01
  -4.58826099e-01  9.49259248e-01 -2.31778947e-01  2.18311177e-01
   4.52980162e-01  1.18191668e-01  4.29072937e-02  1.07016730e-01
   5.90399628e-01 -7.17401498e-01 -2.99558006e-01  1.48435487e-01
  -1.18332925e-01  9.67782259e-01  9.43547668e-01  6.39441240e-01
  -3.42271257e-01 -7.50864752e-01  9.82380264e-01  7.35010208e-01
  -4.42611124e-01  9.50311711e-01  7.10334109e-01 -3.91196878e-01
   9.29924379e-01  5.12770552e-01  9.87390666e-01 -2.82899264e-01
   2.19155452e-01  4.39514145e-01 -1.40811370e-01  4.81348263e-04
  -3.63490368e-01 -8.47140991e-01  5.99806341e-01 -9.88141513e-02
   8.10142784e-03 -2.74823328e-01  6.41924100e-01 -6.70706786e-01
   3.43594641e-01  4.94112765e-01 -3.44706336e-01 -4.07556808e-02
  -2.33516819e-01 -6.10265944e-01 -7.49320765e-01  3.02342180e-01
  -9.92751756e-02  1.38827451e-01 -3.82881022e-01 -3.74666382e-01
  -9.54644626e-01  3.20247861e-02  3.02693109e-01  2.69841215e-01
   2.82083239e-01  9.00918178e-01  4.94585161e-01 -6.14799882e-01
  -6.36405343e-01 -7.37530545e-01  7.68220654e-01 -1.17262878e-01
   2.51252846e-01  6.12783077e-02  3.81014581e-01  1.51608991e-01
  -1.55302841e-01  1.66438767e-01 -9.12833783e-02  5.89881791e-01
  -9.90085302e-01  6.98847760e-01 -7.27881941e-02  4.51655223e-01
   4.70009908e-01  2.19809757e-01  3.81144783e-01 -4.92699717e-03
  -5.67401291e-01 -7.55856689e-01]
 [-4.44298010e-01 -1.54746845e-01 -1.62695849e-01 -2.88692752e-01
  -9.04788264e-01 -7.42257879e-01  8.37542590e-01  3.52408561e-02
  -4.26887972e-01 -2.35805479e-01  9.22207355e-01 -5.43701194e-01
   5.52272221e-01 -4.06745692e-02 -4.44223283e-01  1.93350375e-01
   2.32555176e-01 -2.43148772e-02  1.29751213e-01 -8.05690631e-01
  -3.34280523e-01 -5.67156556e-01 -8.07545444e-01  2.12222886e-01
  -7.26700821e-01  8.28482784e-01 -9.97146563e-01  1.12651196e-01
   9.19578856e-03 -4.34838445e-01 -3.69996535e-01 -9.60125581e-01
  -3.88825583e-01 -9.80986803e-01 -9.52526339e-01  7.97269180e-01
  -3.50768000e-01  5.12770823e-01  4.40734077e-01 -6.49283505e-01
  -1.24506427e-01 -5.45445944e-01  9.28752244e-01  9.46180936e-01
  -5.45770028e-01  1.96397863e-01 -1.41839680e-02  6.55871821e-01
   6.54061150e-01  8.27942632e-01  6.98021442e-01 -5.28215405e-01
  -7.44123818e-01  2.51304051e-01  2.94722103e-01  9.00024435e-01
   4.26091090e-01  2.35530210e-01 -2.81949258e-02  1.78057126e-01
   3.28648575e-01  4.75033437e-01 -7.44184058e-01 -4.57576889e-01
   7.62440295e-01 -5.42634230e-01 -8.96735329e-01  3.41788159e-01
  -7.10264563e-01 -2.40233661e-01 -5.70707409e-01  9.57874074e-01
   6.88439168e-02  3.07269378e-01 -9.79622241e-01  5.09105905e-01
   2.89743380e-01  6.77149076e-01  2.27937576e-01  8.39755154e-01
   2.34025594e-01 -3.35502601e-01 -7.25800801e-01 -2.68180894e-01
  -3.41207913e-01  2.67766211e-01  7.32533743e-01 -8.91895922e-01
  -2.35838086e-01 -5.47528075e-01 -2.92614164e-01  2.71714227e-01
   1.83222460e-01 -8.26338586e-01  8.14367615e-01  6.59088804e-02
  -2.38156386e-01  5.98165619e-01  1.62838510e-02 -1.47663394e-01
  -9.79660533e-01  5.39369506e-01  8.80599327e-01 -1.52759147e-01
  -3.38467493e-01  4.18596567e-01 -5.48521461e-01  8.35889075e-01
   7.11929335e-01  7.21472385e-01  8.23406887e-01  2.99364909e-01
  -2.93831298e-01  3.93642525e-03  7.82976232e-01 -1.79502856e-02
  -4.19422164e-02  9.33886514e-01  8.25154729e-01  1.95652979e-01
   2.54222639e-01  3.61845570e-01  6.90084961e-01 -9.97460970e-01
  -4.47280973e-01  8.17041054e-01  2.06354866e-01 -8.18113425e-01
   2.03397868e-01  2.73520334e-01  8.38145039e-01  5.71968119e-01
  -3.54827508e-01 -9.09951235e-01  9.22994742e-01 -4.83029676e-01
   4.80845018e-01 -1.27720096e-01 -2.13114366e-01  1.68892903e-01
   4.59496185e-01 -6.56429344e-01 -2.33224264e-01  5.66999437e-01
   4.17749322e-01  8.57768710e-02  8.66893643e-01  4.80867501e-01
   1.87147787e-01  5.67683527e-01 -9.56627108e-02  3.36837235e-01
  -3.59359538e-03 -5.83676369e-01 -2.82227432e-01  7.26422702e-01
   6.72239107e-01  6.72074173e-01 -5.99500104e-01 -9.74485802e-02
  -3.53130248e-01  1.98986590e-01 -6.79297920e-01 -5.37123004e-01
   8.41852542e-01 -5.29163963e-01  8.39012347e-01  8.38586406e-01
   1.06928614e-01 -9.46368172e-01 -8.37503286e-02 -5.86371396e-01
   5.85794249e-01  4.79191589e-01 -5.53326906e-01 -7.99985385e-01
  -7.03994676e-01 -9.70209417e-01  1.41360762e-01 -4.80561226e-02
  -7.37200504e-01 -4.20754036e-01  3.52693694e-02  8.39649642e-01
   9.25166688e-01  2.33718993e-01  5.61910465e-01  4.02256526e-01
   6.80995863e-02  7.14119905e-01  3.57564801e-01 -7.22115072e-01
  -2.09588672e-01 -8.43071543e-01 -8.54282874e-02  2.19013456e-01
   5.55552534e-02 -2.62980972e-01 -3.54755282e-01 -2.77780609e-03
  -1.31562791e-01 -5.42404428e-02 -3.29838532e-01 -9.92084696e-01
   6.24438470e-01 -1.96317069e-01  5.38112867e-01  7.45402607e-01
  -4.06169227e-01  8.12918283e-01 -4.25368481e-02  6.52155275e-01
   5.19878618e-01  2.10800461e-01 -5.66036627e-01  3.92778174e-01
   4.11779773e-01 -7.48131019e-02 -8.79957983e-01 -9.80943052e-02
  -5.69858349e-01  2.36505604e-01 -2.54939505e-01 -7.27561613e-01
  -1.85446965e-01  5.92623751e-01  1.43942460e-01  7.29029083e-01
   7.93681023e-01 -8.97125216e-01  3.68507208e-01  2.46476793e-01
   5.92116025e-01  6.12884814e-01  2.46302408e-01 -4.98021617e-01
  -4.15863569e-01  9.19916245e-01  8.38272316e-01  6.36334350e-01
   6.48713193e-01 -2.41626710e-01 -7.28886225e-01 -8.70532845e-01
  -3.06538113e-01 -1.29588281e-01 -2.19655095e-01 -3.73713508e-01
   4.81356672e-01 -3.57927785e-01]
 [-1.02833219e-02 -8.89265567e-01  1.55540508e-01  5.38389236e-01
  -6.21621725e-01 -4.60374173e-01 -1.64720106e-01  3.93593746e-01
   9.41531038e-01  4.10885659e-01 -2.78866636e-01 -7.22690137e-01
  -7.61085619e-01  6.77046962e-01  2.82487877e-01 -4.44673000e-01
  -2.57053814e-01 -4.51789135e-01  1.68860052e-01  6.54144418e-01
  -5.44093784e-01 -1.97880705e-01  1.03828633e-01  2.93282385e-01
   6.51282125e-01  1.74857759e-01 -1.90575780e-01 -4.58591567e-01
   4.32041306e-01  6.41805476e-01  7.55625102e-01  9.09777607e-01
  -7.24480169e-01 -7.47426806e-01  6.14728057e-01 -1.91531849e-01
  -4.83449418e-01 -1.41988361e-01 -4.37057589e-01 -6.02369122e-01
  -2.89867613e-01  4.65801609e-02  6.47800488e-01 -3.73534064e-01
  -2.11163633e-01 -9.04489983e-01  3.39654014e-01 -3.41213944e-01
   6.17263161e-01  7.27613286e-01  8.57871500e-01  1.93404758e-01
   5.19579261e-01  3.94118107e-01 -1.25100615e-01  6.93708954e-01
   4.84034173e-01  8.38994255e-01  3.33053248e-01 -6.09410566e-01
  -7.56945073e-01 -3.20389222e-01 -4.62449467e-02  3.82460324e-01
  -9.67105504e-01  9.78087111e-01  5.34631818e-01 -3.97746378e-01
  -6.76415977e-01  8.69514467e-02 -5.61063881e-01  7.84754126e-01
   5.65948525e-01 -1.31075666e-01 -1.68332335e-01  6.87200117e-01
  -3.62143354e-01  6.08440784e-01 -7.56405621e-01 -7.93362677e-01
   3.89042288e-01  9.75233612e-01 -7.15699019e-01  1.19250079e-01
  -1.51359027e-01 -5.77841798e-01  7.50116690e-01 -1.69124423e-02
   2.63936700e-01 -6.05886567e-01 -9.20277517e-01  6.38384332e-01
  -3.38260792e-01  5.54078975e-01 -5.74547981e-01 -3.87918077e-01
   6.32390767e-01  7.50107125e-01  5.35176954e-01  2.76747208e-01
   2.04049831e-01  1.53508725e-01  2.62300893e-01 -3.41192119e-01
   9.25759049e-01  8.00646938e-01 -5.29957619e-01 -8.27507601e-01
  -1.33511954e-01 -3.65538521e-01  8.30492933e-01 -6.63328906e-01
   8.22511894e-02  2.30301929e-01 -5.67031734e-01  6.64826829e-01
  -5.81920686e-01 -6.30167838e-02  8.04975369e-01  1.28639603e-01
   2.16288727e-01  9.54528905e-01 -7.64704088e-01 -9.35330488e-01
  -9.97470720e-01 -3.27447613e-02  8.79925657e-01 -6.07496273e-01
  -4.96847747e-01 -9.19392910e-01  6.65198912e-01 -8.22706844e-01
  -8.78870328e-01 -9.05011595e-01  7.79356876e-01 -7.27312497e-01
   5.28171116e-01  8.36658019e-01 -6.59960394e-01  6.43911344e-01
   9.68744582e-01  7.03952784e-01  3.75898305e-01 -3.20195343e-01
  -7.12518078e-01 -3.41708172e-01 -3.48675153e-01 -6.28992347e-01
  -7.23410272e-02  9.21165198e-01 -2.82375393e-01 -5.69353987e-01
   5.34710084e-01 -6.07481300e-01  5.30639109e-01 -3.85471291e-02
   8.57578129e-01 -7.29618740e-01  7.68923732e-02 -9.52618030e-01
  -1.61656413e-02  2.95861281e-01 -9.38002459e-01 -9.24778269e-01
  -7.70098945e-01  9.55643958e-01 -4.33630850e-02  6.25913253e-01
   5.10355171e-01  2.99993568e-01  2.26127130e-01  4.91447425e-01
   6.28332508e-01  3.27269235e-01  6.91196071e-01 -5.39187909e-01
  -9.98026446e-01 -6.61564920e-01  7.71363917e-01  1.18279227e-01
   7.54789964e-01 -9.14125452e-01  8.14042054e-01 -9.63573865e-01
  -5.39813505e-01 -7.03916223e-01 -5.68081610e-02  2.15717856e-01
  -5.77402387e-02 -7.97297489e-01 -7.14832732e-01 -6.58410389e-01
   8.12194986e-01 -8.52132270e-01  1.97191152e-01 -5.54958209e-01
  -5.99507821e-01  6.13117918e-01 -5.84960590e-02  4.11253902e-01
   2.01802830e-01 -7.71258979e-01 -7.78638000e-01 -3.72733489e-01
  -4.06947536e-01 -9.61911120e-02  2.38599966e-01 -3.30630990e-01
  -2.22495970e-02  1.49478655e-01 -3.05430285e-01 -8.81058652e-02
  -2.02579540e-01 -7.95305423e-01 -8.51670872e-02 -4.12701484e-01
  -6.28708255e-01 -3.33012541e-01 -3.63684154e-01 -8.42932969e-01
   2.60786402e-01  6.25271353e-01 -9.17068456e-02  2.31567661e-01
  -7.45770080e-01 -7.08958686e-02  9.55690727e-01  5.78192380e-02
  -5.05824893e-02 -9.78449799e-01  1.00739945e-01  9.60793562e-01
  -8.95104204e-01  5.69838556e-01 -8.37587529e-01  2.07435524e-01
   4.87203360e-01 -4.70844410e-01 -2.88283142e-01  7.42731007e-01
   8.10926706e-01 -5.27066394e-01 -1.45869775e-01  2.30986775e-01
   3.92749892e-01  6.67844144e-01  3.61441708e-01  9.86491215e-01
   2.22763716e-02 -5.28874442e-01]
 [ 4.93596888e-01  7.57123025e-01  3.93113969e-01  6.87828559e-01
  -2.68265841e-02 -9.16046674e-01  6.56283915e-01 -8.59769201e-01
  -7.03436868e-01 -6.57031084e-01  5.99432431e-01 -2.66627715e-01
   2.14573082e-01 -6.57305890e-01 -9.35360537e-01  8.85424654e-01
  -6.39017102e-01  7.05533225e-01  9.73833664e-01 -2.35946218e-01
   7.70937967e-01 -3.42124136e-02 -2.95557966e-01  9.65776838e-02
   5.96442463e-01 -9.65543988e-01 -1.15633848e-02  2.46167596e-01
  -5.15805503e-01  6.91522487e-01  3.85224488e-01  8.15295472e-01
  -7.07712322e-01  1.37107747e-01 -4.04143802e-02  4.50266799e-01
   2.62180675e-01  3.40169203e-01  3.91100352e-01 -2.58412839e-01
   3.89900059e-02  8.42314344e-02 -7.81554566e-02  8.83783478e-01
   5.11876187e-01 -4.33931849e-01 -5.48355108e-01  8.53752200e-01
   7.30395985e-04  3.67762368e-01 -9.06183788e-01 -7.77571290e-01
   5.35815411e-01 -8.01473024e-01  5.26424943e-01  2.84353304e-01
  -1.41027347e-01  9.53787006e-01  9.26090056e-01 -2.93713599e-01
  -5.13561794e-01  6.74508770e-01  8.19620543e-01 -5.18578148e-02
   9.07331878e-01 -5.38986802e-01 -4.80636259e-01  2.50734744e-01
  -3.90194960e-01  5.94183446e-01  3.92256172e-01 -9.65506199e-01
   1.92036985e-01  5.74429930e-01 -3.60920806e-01  4.94701824e-01
   3.43090183e-01  2.31240921e-01 -1.53343249e-01 -6.60130973e-01
   8.29724904e-01 -3.56975862e-01 -9.35959350e-01 -3.42142452e-01
   5.36481050e-01  6.26120882e-01  6.62509253e-01  9.74243340e-01
  -3.52627544e-01  3.24060620e-01  6.70260065e-01  4.79464739e-01
  -7.74059569e-01 -4.72325107e-01 -3.73823011e-01  8.56538458e-01
   7.37994697e-01  3.05870290e-01  3.65990284e-01 -7.51805471e-01
   9.64787520e-01  4.26186203e-01  7.88196239e-01 -4.05806456e-01
   2.65439631e-02  8.41255174e-01  1.27672994e-02 -7.29901310e-01
  -2.79178762e-02  8.14194378e-01 -7.71089774e-01 -8.44231688e-01
   2.66922271e-01 -4.00312261e-01  2.41787431e-01 -5.79802831e-01
   5.49800068e-01  4.33168313e-01  5.07252236e-01  2.92234024e-01
   7.52717375e-01  3.47712783e-01  8.07877935e-02  2.59403843e-01
  -1.01640128e-01  3.38387854e-01  4.05562211e-01  2.41186345e-03
  -8.17166016e-01  7.62939779e-01  7.36711207e-01 -1.68422654e-01
   7.00565013e-01 -9.95854946e-01  9.67583546e-01 -8.95925523e-01
   2.81432387e-01 -4.09676307e-01  3.57049064e-03  9.28947360e-01
  -2.95386498e-01 -5.32895839e-01 -5.71879313e-01 -4.68342794e-01
  -3.30624978e-01 -5.81377159e-01  2.09754585e-01  2.06443367e-01
   5.70091671e-01 -8.29720842e-01  9.01946988e-01  5.43193532e-01
   4.09279582e-01 -6.35938913e-01 -5.01290036e-01  8.52813091e-01
   8.80618068e-01 -9.97935572e-02  8.17563677e-01  4.84872558e-01
  -1.11006686e-01 -4.81121704e-01 -1.01858417e-01 -2.75122398e-01
  -1.15328639e-01 -1.53825660e-01  1.06515927e-01  8.45777169e-01
   8.37833931e-01 -4.92066031e-01 -8.00132935e-01  4.93106287e-01
  -2.40813582e-02 -2.05849840e-01 -7.97582757e-01 -8.78189072e-01
  -1.87815633e-01 -8.45829582e-01  4.11370292e-01 -1.86300796e-01
   8.49254016e-01  6.12168366e-01  6.42101101e-01  5.01242032e-01
   5.96152584e-01  6.65045307e-01 -4.35962045e-01 -8.64904062e-01
   3.24964079e-01 -6.21201878e-01  8.51001775e-01 -9.68674696e-01
   2.69848720e-01  1.37178518e-01  2.42701475e-01  8.56644501e-01
   7.88490684e-01 -7.11579871e-01 -4.70303240e-01  3.52640325e-01
  -5.85173323e-01 -2.38011682e-01 -1.92469059e-01  5.87651913e-01
   9.82066581e-01  3.57196384e-01 -9.56893195e-02  6.37581753e-01
  -1.22528313e-01  2.90956014e-02 -6.02233069e-01 -5.44732049e-01
  -4.63754072e-01  1.11342902e-02  8.30590166e-01  3.18032443e-01
   4.34032454e-01  6.56124113e-02  5.05569500e-01  6.35637208e-01
   3.85233094e-01  2.62948458e-01  2.48748635e-01  6.42576897e-01
  -8.71333640e-01  2.08523951e-01 -7.21039302e-02 -2.80186540e-01
   6.93678831e-02  2.92993716e-01  7.77396418e-02  3.15322719e-01
  -4.32731873e-01 -2.59455569e-01 -9.28095507e-01  6.98612208e-01
   5.12669524e-01 -5.40835578e-01 -8.41857463e-01  6.87854501e-01
   4.04089088e-01  6.06271402e-01  1.04822248e-01  4.25722399e-01
   4.12603894e-02  9.13855372e-01 -2.66049828e-01  8.45344833e-01
   6.77547474e-01 -6.80425487e-01]
 [ 5.95417024e-01  9.56032165e-01  9.82683173e-01 -2.17389675e-01
  -8.90424655e-01 -5.18798200e-01  8.41223279e-01 -8.88280806e-01
   9.92914212e-01 -3.29387363e-01  1.01741676e-01  4.84516219e-01
  -4.58259894e-01  2.70189249e-01 -1.30100458e-01 -2.66127043e-01
  -2.96642959e-01 -4.03362761e-01  1.93625438e-01  4.02789032e-03
  -8.14308437e-01  6.44641950e-01  9.36973222e-01 -7.43898311e-01
   8.75551528e-02 -2.41743766e-01 -8.06330628e-01  7.92005047e-02
   1.22579330e-01 -2.71116986e-01  5.67835516e-01  8.27225368e-01
   6.27604599e-01  6.63285422e-01  5.12175599e-01 -9.05957885e-01
  -5.75822250e-01  1.74851409e-01  9.30824846e-01  7.17739389e-01
   2.71400189e-01  4.71513086e-01  8.04504691e-01  5.58328507e-02
  -6.76076403e-01 -3.80529972e-01  7.31015551e-01 -5.49774328e-02
  -6.63495547e-01 -4.29077491e-02  2.30922767e-01 -9.57678045e-01
   2.07137754e-01 -1.70011049e-01 -6.92091737e-01 -9.19142148e-01
   7.04019089e-01  4.93324377e-01 -7.98240782e-01 -7.94263099e-01
  -4.86259918e-01 -5.20916682e-01 -2.44129344e-01 -6.30561240e-01
   8.01633147e-01 -5.75178968e-01  8.65893251e-01  5.68829945e-01
  -4.22189444e-02  3.26559051e-01 -9.11334416e-01 -6.39814075e-01
  -9.06135781e-02 -3.04294704e-01 -9.40151612e-02 -5.09153363e-01
   5.09350272e-01  5.07165451e-01  2.98394719e-01  6.29981961e-01
   3.67314605e-01 -5.71041183e-01 -3.16909790e-01 -8.91383655e-01
  -3.50016171e-01  6.82152539e-01  3.24172857e-01 -8.49405856e-02
  -4.13465491e-01  7.66299536e-01  3.76283015e-01 -8.77205136e-01
   8.03383446e-02 -4.59837175e-01 -4.47292929e-01 -4.99739293e-01
   3.99235187e-01 -8.25130417e-01 -6.72731978e-01 -6.60218604e-02
  -6.43249960e-01  5.40416005e-01 -4.52792549e-01 -4.05972829e-01
   3.37781113e-01 -2.55055669e-01 -9.66776075e-01 -7.55772965e-01
  -1.07855135e-02  3.53529894e-01 -5.19236254e-01  6.77260132e-01
   5.30752234e-01  3.71075066e-01 -3.66043767e-01 -6.44316292e-02
   3.81215849e-01 -7.77880691e-02  1.47524849e-01  1.98482415e-01
  -1.76886121e-01  6.95464292e-01  4.23508461e-01 -6.96487283e-01
  -8.19703863e-01 -8.23142806e-01  9.78095563e-01 -3.19141300e-01
   7.13500998e-01  5.54260621e-01 -9.56198338e-01  2.66200268e-01
  -2.91199039e-01 -1.27496298e-01 -4.21361307e-01  2.52535243e-01
  -4.85124995e-01 -5.52461746e-01 -8.06894419e-02  1.62843885e-01
  -2.37504779e-01  2.52847316e-01  1.86152542e-01 -6.54688730e-01
   8.99698243e-01  6.86764317e-01 -7.09277655e-01  3.28934898e-01
  -9.16402799e-01  3.35754672e-01  9.82788196e-02 -6.68127467e-01
   8.43506742e-01  2.04635979e-01  4.79350218e-01 -2.91627409e-01
  -8.56266651e-01 -2.06787715e-01  9.12909757e-01  4.06219640e-01
  -9.86501505e-01  3.33472437e-01 -3.50746130e-02  2.16314521e-01
  -5.66321662e-01  6.45629064e-01  8.48093271e-01  7.50178297e-01
   2.48853672e-01 -5.01796474e-01 -4.76455969e-01 -5.61578159e-01
  -5.50538562e-01  2.44628496e-01  9.36762229e-01  4.27080804e-01
  -4.78182821e-01 -9.68423250e-01  8.35456488e-01  2.12683508e-01
  -8.46701262e-01  5.15535087e-01  3.52783118e-01 -2.21521589e-01
   7.24771853e-01 -2.82285034e-01  8.95743825e-01  4.62411962e-01
  -4.23926910e-01  3.69063728e-01  6.85750911e-01 -1.64592066e-01
  -9.89175359e-01  3.96299193e-01  4.24218606e-01  2.42094190e-02
   2.65845569e-01  8.91428708e-01 -6.86028013e-01 -3.86084777e-01
   5.47543887e-01  5.62549186e-01 -1.98132429e-02  8.21736188e-01
   8.17077374e-01  1.95951777e-01 -2.34251261e-01  8.95402863e-01
   7.01531636e-04  6.44362056e-01  2.35875140e-01 -8.41955338e-01
  -5.22609311e-01  2.56367961e-01 -9.13907445e-01  4.65942669e-01
   6.98610672e-01 -9.24253018e-01  3.53215095e-01  8.03552609e-01
   8.99840164e-01  2.22630056e-01  4.66338871e-01  5.82554480e-01
  -5.27605472e-01  5.21560616e-01  7.23986016e-01  5.14546533e-01
   6.15536883e-01 -1.80712288e-01 -1.14819846e-01 -2.74566662e-02
  -9.51665121e-01  5.58802670e-01  8.51096719e-01  3.26075779e-01
   8.71707962e-02  9.13173963e-01  5.31895906e-01 -3.57930941e-01
  -8.58356141e-01  7.31579866e-01 -7.18847879e-01  6.64626653e-01
   4.34216580e-01 -6.10425230e-01  4.61607573e-01 -2.26270148e-01
   9.24663890e-01 -1.35403826e-01]
 [-8.75686470e-01 -2.54290547e-02 -1.37892342e-01  8.74331756e-01
   5.20289709e-01 -1.26401811e-01 -4.98519988e-01  5.06130845e-01
   4.48899307e-01 -9.54271204e-01  6.26639372e-01  5.05698118e-01
   3.76633105e-01 -9.44694457e-01  1.00525694e-01  2.05383393e-01
   6.39145790e-01  4.33875034e-01 -7.46024031e-01  7.35694823e-02
  -2.21787756e-01 -9.95232898e-01  5.71236263e-01  7.35870128e-01
   4.68928364e-01 -8.65759447e-01  2.07917627e-01  9.73824627e-01
  -3.83676971e-01 -2.82637379e-01  4.01004761e-01 -6.08959111e-01
   6.83022707e-01 -2.48140744e-01  1.80668468e-01  4.49957834e-01
   3.72628436e-02  1.94916549e-01  5.35907438e-02  7.78089809e-01
  -7.64292617e-01 -1.51327953e-01 -4.08178309e-01 -8.36540095e-01
   5.87733088e-01  1.40950561e-01 -5.04021081e-01 -4.01457422e-03
   2.65307951e-01 -2.71568606e-01  8.86134455e-01 -5.69144298e-01
   1.25305293e-01 -1.32821047e-01 -2.65997535e-01 -1.73171093e-01
  -9.05535106e-01 -1.37113762e-01 -7.10157160e-01 -7.66493918e-01
   8.22348871e-01 -6.07260269e-01 -6.74339607e-01  9.53314186e-01
   9.19528566e-01 -2.58756740e-01  6.72676355e-01  6.19779653e-01
  -8.35444708e-01  9.57574494e-01  4.36645679e-01 -7.22324545e-01
  -3.31144434e-02  8.44734250e-01 -5.08322086e-03 -3.71283326e-01
   1.90253200e-02  9.49540152e-01 -2.27990351e-01 -8.85851267e-01
   6.96748485e-02  9.41482601e-01  6.69309310e-01  1.34184211e-01
  -1.38916136e-01  3.40304951e-01  1.08685222e-01 -2.55916571e-01
   6.03884193e-01  8.18519549e-01  3.79152204e-01  2.39247024e-01
   8.52329480e-01 -2.97991043e-02 -9.35021680e-01  9.03869151e-01
   9.59269316e-01  9.18641253e-01 -1.34010411e-01  4.79889429e-02
   8.71483377e-01  9.46875181e-01  2.33009130e-01 -8.31550255e-01
  -8.95408771e-01 -9.42316063e-01 -8.72906088e-02 -1.24291714e-01
  -9.05099240e-01  4.32560734e-01 -9.35268150e-01  5.12927967e-01
   6.84295355e-01 -3.04645096e-01  7.13616820e-01 -4.22425637e-01
  -7.99521747e-01 -9.13161552e-01  1.80365451e-01  3.84252336e-01
   9.38593312e-01 -5.98570871e-01 -3.47710008e-01 -7.18438317e-01
   5.92011289e-01 -4.47665321e-01 -8.92857899e-01 -3.79356860e-02
  -2.81290463e-01  2.48589740e-02 -5.83688892e-01 -6.48022553e-01
   1.94114804e-01 -5.44019382e-01 -6.22742208e-01  7.11231979e-01
  -9.52844986e-01  2.03588743e-01  3.23160562e-01 -2.59833044e-01
  -3.46094165e-02 -1.62797110e-01  2.45500513e-01  6.82769931e-01
   9.93335985e-01  5.03210751e-01 -8.58556338e-01  1.68022732e-01
  -8.07978981e-01 -7.52231273e-01 -7.44186361e-01  6.38193570e-01
   6.71299948e-01  6.95058956e-02 -4.92391957e-01 -6.92512676e-01
   1.70009530e-01  4.31665497e-01 -4.38997749e-01  4.72281895e-01
   2.41241445e-01  3.42436745e-01 -8.39704555e-01  1.15959739e-01
  -1.08379007e-01 -8.19669640e-01  6.60973266e-01  4.58821433e-01
   7.84162171e-01  3.83585883e-01  3.99674108e-01  1.63510327e-01
  -3.08659596e-01 -4.54909257e-01  6.27484351e-01 -5.35260556e-01
  -9.03576496e-01  7.33438324e-01  6.04041530e-01  3.88389659e-01
  -8.08078459e-01  4.85650584e-02 -8.04878575e-01 -3.10223566e-02
  -6.52224884e-01 -3.58228436e-01  1.97909568e-01 -2.98664207e-01
   9.73228157e-01  8.99732192e-01  2.92303395e-01  5.88301062e-01
   2.42570392e-02 -1.30265989e-01  7.02932206e-01 -2.47895649e-01
  -1.73817590e-01 -9.25924333e-01 -3.09218730e-01  5.78300100e-01
   2.87321372e-01  7.58318303e-01  9.87459576e-01 -4.34271597e-02
   1.31577253e-01  9.34513384e-01 -1.39662747e-01 -6.59255673e-01
  -6.30166508e-01  4.85227771e-01 -5.86219827e-01 -1.55676423e-01
  -9.66100777e-01  2.52586276e-01 -8.07134736e-01 -7.30501353e-01
   8.44642740e-01  4.40253884e-01 -3.92819477e-01  4.31407780e-01
   5.74199140e-01  5.43971171e-01 -1.23100333e-01 -4.74152047e-02
  -5.84165955e-01  5.56087294e-01  3.65267607e-01  4.03033006e-01
   7.00340616e-01 -9.52863709e-01  8.14114147e-01  4.70597617e-01
  -9.03940134e-01  8.63637659e-01 -6.89947757e-01 -6.58916529e-02
   2.84902261e-01  4.79867301e-01 -6.65061920e-01  6.03781162e-01
  -6.40866123e-01  1.25324920e-01 -3.20037487e-01  8.12566475e-02
  -3.55822571e-01  1.61144961e-01 -8.54376932e-01 -2.04774866e-01
  -5.28549687e-01 -3.74123716e-01]
 [ 8.50339643e-01 -5.39819507e-01 -3.63409490e-01 -6.58606862e-01
   4.40067109e-02 -2.98181629e-02 -6.67374302e-01 -2.59846617e-01
   8.94928050e-01  2.19921458e-01 -2.63379817e-01 -6.09680263e-02
   7.96534842e-01  9.32910923e-01  7.04408872e-01  6.33911162e-02
   2.56568745e-01 -9.40629224e-01 -3.63211292e-01 -5.97730482e-01
  -8.01798409e-01 -3.90058454e-01  7.58997732e-01  3.24284785e-01
  -6.50584010e-01  1.83917725e-01 -6.66570030e-01  1.01705061e-01
  -2.61551744e-01 -9.79906124e-01  1.34854251e-02 -1.42512387e-01
  -2.52789013e-01 -6.23916296e-02 -7.80655279e-01 -6.49816312e-01
  -3.99217409e-01 -4.29164586e-01  1.96644118e-01  1.63010059e-01
   8.25789754e-01 -2.59254545e-01 -3.17574862e-01 -5.05007772e-02
   9.18865853e-01 -4.88018752e-01  8.25674016e-01  8.39367962e-01
   2.36002103e-01 -5.90474074e-01 -8.95248257e-01  7.28971550e-01
  -8.99802416e-01  3.73091883e-01  1.50190818e-01  6.89888270e-01
  -1.88398605e-01 -3.20706731e-01 -3.12402386e-01  9.09496549e-01
   4.87796135e-01  1.84091816e-01 -2.39237697e-01 -8.75451071e-01
  -6.32948201e-02  1.80796886e-01 -4.12610434e-01 -7.90289051e-01
   1.97411880e-01 -3.96184271e-01 -3.00179002e-01 -1.51514288e-01
   5.47389010e-02  2.36827132e-01  4.74295103e-01 -9.34221244e-01
   2.25191761e-01  8.87640187e-02 -9.66807588e-01  1.84561037e-01
   2.75416013e-02 -1.21839595e-01  2.14640339e-01 -1.48652881e-02
   3.13663936e-02 -2.90874609e-01  2.04164672e-01 -6.23906807e-01
  -3.15903826e-01  1.75259550e-01 -3.65554512e-01  9.28939332e-01
   4.26381105e-01  8.21136326e-01 -8.73364907e-01 -9.18846266e-01
   5.16876419e-01 -6.57823886e-01 -7.22536848e-01 -1.30053819e-01
   4.92031191e-01 -1.45160168e-01 -6.58649958e-01 -5.13777709e-01
  -1.86662430e-01 -2.73797877e-01 -1.97953361e-01 -6.96138509e-01
   6.09472454e-01 -4.49160164e-01 -1.19159240e-01 -5.12004568e-01
  -9.59270121e-01 -7.68098007e-01  2.63586787e-01 -9.14107519e-01
   4.98379792e-01  7.77989645e-02  8.01071433e-01  6.90812466e-01
  -2.81787054e-01  8.28308987e-01 -9.88943934e-02 -4.39548040e-01
  -7.81128411e-01 -4.83779279e-01 -1.41401915e-01  7.76163624e-01
   3.53106130e-01  6.47298894e-01 -4.79764360e-01  1.61316049e-01
   2.46197962e-01  7.20440789e-01 -5.85296893e-02 -6.75808870e-01
   5.24935655e-01 -4.38373555e-01 -6.51522477e-01 -5.63006481e-01
  -6.30170863e-01  7.46860919e-01 -1.82503823e-01  2.23003793e-01
  -8.60964720e-01 -9.82071610e-01  5.24840428e-01 -1.91371762e-01
  -3.00578580e-01  5.25786510e-01  8.17320274e-01  9.17534330e-01
  -6.32373243e-02 -6.90393089e-01  2.64722122e-01  2.13719938e-01
   6.43299360e-01  8.25879918e-01  4.63112787e-01  5.70558401e-01
  -7.12041764e-01  5.03047414e-01  5.18889179e-02 -5.97672567e-01
   6.15796625e-02  9.74934111e-01 -1.89349885e-01 -7.53554438e-01
   1.76537493e-01  3.61633206e-01  1.47188858e-01 -8.30516450e-01
  -3.67238445e-01  6.81338890e-01 -5.37200993e-01 -6.85085906e-01
   5.57812601e-01 -8.72554240e-01  3.05303152e-01  9.42543251e-01
   4.64104221e-01 -5.01931382e-01 -4.42750496e-01  4.50803553e-01
   9.10876952e-01  9.81865451e-01  7.28004738e-01  3.99732979e-01
   6.63707655e-01 -5.41541553e-02  7.96552566e-01  6.30115505e-01
   1.88468059e-01  7.81334357e-01  3.68417218e-01  3.06322757e-01
  -7.06313007e-01 -6.66878577e-03  9.33243487e-01  5.32784918e-01
  -2.84997978e-01  5.98168184e-01 -1.17640934e-03 -4.83307366e-01
   3.61109524e-01  2.92567802e-01  1.61566927e-01 -5.00315949e-01
   6.64305818e-01 -7.27356547e-01  1.07439359e-02  1.30334068e-01
   4.59928544e-01 -5.01280246e-01  4.46446311e-01  1.37843786e-01
  -1.81235651e-01 -4.56563121e-01 -8.11588162e-01  9.92535540e-01
  -2.07050316e-01  9.97741039e-01  1.31473474e-01  8.56914167e-01
   2.93392041e-01  8.17219787e-01 -4.83492843e-01  4.95274180e-02
  -1.95649447e-01 -5.30868922e-01 -9.98645428e-01 -6.74772989e-01
   6.40786688e-01  6.00944604e-02  4.43990959e-01  2.35899522e-02
  -3.61198004e-01 -8.84764829e-01 -8.70495735e-01  5.14791876e-01
  -1.55988742e-01 -1.60051280e-01 -4.42035032e-01  6.98808477e-01
  -6.68797260e-01  6.04737344e-01 -7.96967035e-01 -8.29685832e-01
   2.10821089e-01  3.19568167e-01]
 [ 3.15779311e-01  7.97076615e-01  1.24740643e-01  9.54223276e-01
   3.03170030e-01 -8.47014009e-01 -6.92085409e-02 -2.81199542e-01
   7.36110642e-01  9.59318354e-01  1.93138312e-01  1.07822804e-01
   4.94678578e-01 -7.14785865e-01 -2.09198304e-01  2.02272719e-01
  -2.62994966e-01 -5.46841008e-01  3.45562190e-01  6.16783699e-01
   6.21665122e-01 -1.56094837e-01 -9.75851197e-01 -3.24416595e-01
  -9.86680078e-01  4.80715871e-01 -4.69626984e-02 -1.05130402e-01
   9.62188875e-01 -7.90886169e-02  1.36978306e-01  9.98661965e-01
  -6.42986038e-01 -1.55410582e-01  4.52734140e-01  9.70340975e-01
  -9.07460248e-01  8.26581133e-01  2.03467587e-01  3.05305672e-01
  -4.29223419e-02  3.65227710e-01  4.38949878e-01 -1.64028240e-01
   2.61486076e-01  9.18072012e-01 -6.98677860e-01 -7.07351268e-01
  -6.50213843e-01 -8.36670675e-01  1.02187864e-01 -2.67271836e-01
  -1.74515781e-01 -6.01403387e-01 -2.66017271e-01 -9.87186571e-01
  -8.44550325e-01 -6.71126817e-01  8.49324313e-01 -9.03815399e-01
  -3.20742529e-01 -7.50326598e-01 -3.07918851e-01  9.51323908e-01
   3.18651938e-01  1.49229486e-01  7.00196127e-01  4.96652590e-01
  -6.77038531e-01  5.97623063e-01 -1.99576797e-01 -4.59186157e-02
   2.99206033e-02  6.61849115e-02  5.39822292e-01  6.72797614e-01
  -8.47113582e-01  4.75439914e-03 -4.16761405e-01  8.05555079e-01
   5.78379322e-01 -1.00117664e-01 -4.52006519e-01 -5.09906750e-01
   3.19213575e-01 -5.17606371e-01 -3.60541361e-02 -3.94180501e-01
  -3.50604371e-01 -9.21029614e-02 -3.43163244e-01 -7.97955658e-02
  -2.23679798e-01 -2.38861813e-01 -6.59226544e-01 -4.68207121e-01
  -9.95163795e-01 -4.68786994e-02 -1.74507636e-01  5.22182947e-01
   1.55105247e-01 -5.05981099e-02  3.54338245e-01 -2.36150324e-02
   3.38814899e-01  2.47657282e-01  8.26532520e-01 -4.12164742e-01
  -4.54435077e-01  8.44017027e-01 -1.95513552e-01  7.55636945e-01
  -8.95893954e-01 -4.82469030e-01  2.23185647e-01 -1.60780660e-01
  -1.64476407e-01 -9.60966371e-01 -9.75947428e-01 -6.35970530e-01
  -2.68747948e-01  4.36510704e-01 -8.60713431e-01  4.52139798e-02
  -3.97344093e-01 -6.40066115e-01 -9.45471238e-01 -3.56249883e-01
   5.43108815e-01  3.86977746e-01  1.13936422e-01  8.60782039e-02
  -4.83099530e-01  1.13421761e-01  4.11577003e-01 -9.07636029e-01
  -4.96493159e-01 -4.54666612e-03  1.26429009e-01 -8.36439350e-01
  -1.26129467e-01 -3.43874518e-01  9.97238164e-01  1.69681207e-01
   5.55646069e-01 -8.44737945e-01  6.83527240e-01  3.01953673e-01
   1.57719888e-01 -1.93470271e-01  9.69575347e-01 -2.78289623e-02
  -9.64043846e-01 -6.11349149e-01  6.45825787e-01 -5.41791431e-01
   3.64121484e-04 -5.93194640e-01  7.60210390e-01  9.97476444e-01
  -8.20988189e-01 -3.73133497e-01  4.67392725e-01 -2.16924349e-01
  -9.83618963e-01  2.74358753e-01  5.44289474e-01 -4.24553367e-01
  -5.52891058e-01 -4.32433788e-01 -3.07543236e-01 -8.45321032e-01
   7.06027714e-02  1.41045810e-01  4.23950442e-01 -2.11993370e-01
   6.53371249e-01  9.95519968e-01  4.63910523e-01 -7.78414988e-01
   6.23238104e-01 -9.70921521e-01 -4.35399536e-01 -4.06215303e-01
   9.20335683e-02  5.36010529e-01 -9.87473999e-01 -4.35359849e-01
   4.21992905e-01  5.91366358e-01 -5.40806911e-02 -9.99794551e-02
  -8.62617417e-01  1.39791665e-01  3.44230984e-01 -7.93585892e-01
   8.87854785e-01  7.94223585e-01 -5.65050664e-01  6.96129092e-02
  -8.15992589e-01  1.64050045e-01 -9.02395082e-01  1.70473214e-01
  -4.82315874e-01  3.98291142e-01  2.09379889e-01 -8.10156887e-01
  -3.20228330e-01 -2.59820895e-01  3.87549849e-01  3.67759561e-01
   7.01177811e-01  5.23395543e-01 -9.70019762e-01 -7.60237221e-01
   3.94120643e-01  8.03702067e-01  4.67681146e-01 -1.41289977e-01
   7.35961116e-02 -4.00553836e-01  7.13346730e-01  5.37719701e-01
   7.47115926e-01 -3.95872883e-01 -1.59972034e-01 -2.36584107e-01
   1.29936568e-01 -8.07150762e-01  5.17650878e-02 -9.07232552e-01
   6.06037618e-01  4.47832952e-01  8.78842312e-01  2.55315037e-01
   1.31666930e-01 -9.84928661e-01  2.07156817e-01  1.95981912e-02
  -9.54961884e-01 -6.37606364e-01  8.28875743e-01  7.41233057e-01
  -3.38682160e-01  3.40695439e-01 -4.08358194e-02 -9.95052675e-01
   6.54084205e-01 -2.01813493e-02]
 [ 3.32589445e-01 -2.71414026e-01  7.91973368e-01 -9.18762085e-01
   6.57760845e-01  7.62349490e-01  9.68067710e-01 -4.48413951e-01
   1.27037476e-01 -5.16831455e-01 -9.48223330e-01 -3.54740830e-01
   6.37096173e-01  8.73426008e-02  7.47574148e-02  7.45317221e-01
  -5.63676434e-01  6.99010373e-02  6.24552152e-01  4.31485970e-01
  -6.08767430e-01 -2.91930998e-01  2.52015829e-01  9.94245959e-02
   2.17779637e-01 -8.43931592e-02  4.77353147e-01  6.34145794e-01
   4.96684933e-01  2.08075560e-01  3.98076245e-01 -2.88092124e-01
   3.01453146e-02 -1.94133429e-01  5.05577597e-01  9.66682705e-01
   1.22392143e-01 -2.41797747e-01 -3.57106214e-01 -4.75360091e-01
  -8.27912425e-01 -9.68447849e-01  1.10073093e-02 -9.46027050e-01
  -3.08927530e-01  2.67084136e-01 -6.05120754e-01  4.83718792e-01
  -9.05994239e-01 -5.52316712e-01  4.58701073e-01 -5.85113493e-01
   5.87534112e-01 -4.67095904e-01  6.21385787e-01  3.52877422e-01
   6.18680379e-01 -9.87113359e-01 -5.45977479e-01  1.84734208e-01
   2.44028642e-01  7.81100701e-01 -9.85837837e-01 -2.21289415e-01
   4.01918623e-01 -7.05112509e-01 -2.81367701e-01 -7.55413944e-01
   7.01456347e-01  4.90105304e-01 -8.81251637e-01  1.19070974e-01
  -3.10344435e-01  4.16248767e-01  5.07711682e-01 -8.19826429e-01
   2.74669473e-01 -7.43251503e-01 -5.92396581e-01 -7.45470860e-01
   6.18246836e-01 -9.80726510e-01  5.22204666e-01 -4.78498580e-01
   4.11977905e-01 -8.74437765e-03  1.66245913e-01 -3.81710053e-01
  -1.80031658e-01 -1.07633059e-01  5.70102542e-01 -7.77573243e-01
  -8.65110963e-01 -6.67351200e-01  8.98379857e-01  4.50008076e-02
   3.55809594e-01 -1.36367845e-01  8.72402441e-01 -3.15346520e-01
   4.92552109e-01  5.75668877e-01  5.08987985e-01 -9.34472137e-02
   8.56694861e-01  7.22402685e-01 -8.76893340e-01  1.78630343e-01
  -7.95356174e-01  1.35318587e-01 -6.71115347e-01  6.45425043e-01
  -4.31549622e-02  3.72897420e-01 -5.66676099e-01 -5.90454492e-01
  -7.68839133e-01 -2.45720784e-01  4.11912820e-01  7.49091331e-01
   3.45396031e-01  5.85660883e-01  2.69086234e-01 -3.80100917e-01
  -5.07726070e-01  7.08331013e-01 -8.53052985e-01 -1.73202675e-01
  -4.03144958e-01 -4.44009137e-01  1.54088286e-02  9.54351220e-01
   2.86007027e-01 -3.70622107e-01 -2.99121650e-01 -6.37657157e-01
  -7.78728861e-01 -8.32899915e-01  5.46433862e-01  5.46646792e-01
  -8.79804916e-01 -9.21713546e-01 -4.23021569e-01  1.73048763e-01
  -4.46440409e-01 -6.70747215e-01 -6.59530432e-01  4.83242554e-01
   3.47528545e-01 -9.65621817e-01  3.96674079e-01 -2.18636553e-01
  -3.09356698e-01 -4.21878238e-01  4.77064057e-01 -9.14636459e-01
   2.27872708e-01 -1.82571588e-01  8.31978302e-01 -3.88196822e-01
  -5.87092171e-01 -2.78921168e-01  3.76747630e-01 -4.57606043e-01
   4.93383381e-02 -3.22761194e-01  8.18442837e-01  3.56897331e-01
  -2.14181117e-01 -4.28103616e-01  2.54812630e-01  7.57102863e-03
  -1.61206259e-01  6.38912079e-01  8.22997544e-01  5.09270816e-01
  -7.48962922e-01  2.14758566e-01  5.80185634e-01 -4.37548254e-01
  -8.99357003e-02  1.97768873e-02 -8.14268732e-01 -1.58477073e-01
  -6.52897687e-01 -4.96386945e-01  7.18270195e-01  8.48011675e-02
   8.97551331e-01  9.54509106e-01 -5.84389483e-01 -3.37949588e-01
   6.38932421e-01  2.24690203e-01  2.49562086e-01  1.96991515e-01
   7.44378268e-01  1.52365683e-01  3.08922115e-01 -7.66204653e-01
  -5.60327544e-01 -4.42581199e-01  5.97361716e-01  1.30781173e-01
   3.79046413e-01  3.19169141e-01 -2.18561717e-01 -8.06856087e-01
  -5.78769534e-01 -9.25015890e-01 -2.57703223e-01 -2.21870140e-01
   6.89362203e-01  9.33121818e-01 -9.58288089e-01 -1.28934972e-01
  -7.68549829e-01 -6.84839378e-01  2.47483105e-01  8.78101346e-01
   1.60542755e-01 -4.01918492e-01  1.74590176e-01 -1.59513142e-01
   7.72994097e-01  9.60571673e-01  4.39040521e-01 -9.01978932e-01
   1.77260597e-01  4.46950645e-01  9.56673622e-01  2.41954000e-02
  -4.40477923e-01 -4.04409841e-01 -1.57298100e-01 -5.07031285e-01
   2.76816204e-01 -2.31596454e-01  6.74377916e-01  2.26636233e-01
   4.41590969e-01  3.55708549e-01  7.28789373e-01  2.30693484e-01
  -3.72553655e-01 -5.66577296e-01 -5.02868705e-01 -8.13916877e-01
   2.34454241e-01 -5.79212860e-01]]