[[ 1.00387168e+00 -3.87164787e-03]
 [-1.36705690e-02  1.01367028e+00]
 [ 1.19676489e+00 -1.96764790e-01]
 [ 5.50951804e-02  9.44905769e-01]
 [-2.85187019e-02  1.02851858e+00]
 [ 9.84857655e-01  1.51420394e-02]
 [-1.15199933e-02  1.01152013e+00]
 [ 7.07076838e-01  2.92922960e-01]
 [ 1.03010670e+00 -3.01067323e-02]
 [ 9.02423742e-01  9.75764769e-02]
 [-1.01602466e-01  1.10160260e+00]
 [-2.80686292e-01  1.28068575e+00]
 [ 9.35459553e-01  6.45404374e-02]
 [ 1.11199390e+00 -1.11994248e-01]
 [ 8.99208600e-01  1.00791678e-01]
 [ 4.95891518e-02  9.50410916e-01]
 [ 1.10604648e+00 -1.06046010e-01]
 [ 3.70320910e-01  6.29678783e-01]
 [ 9.05072923e-01  9.49272127e-02]
 [-1.44857595e-01  1.14485715e+00]
 [ 6.55691008e-01  3.44309384e-01]
 [ 1.77547846e-02  9.82244946e-01]
 [ 6.17412304e-03  9.93825589e-01]
 [ 8.41796781e-01  1.58203383e-01]
 [ 2.70394955e-01  7.29604866e-01]
 [ 9.45307797e-01  5.46922077e-02]
 [ 1.07995064e+00 -7.99504842e-02]
 [ 1.00116936e+00 -1.16947638e-03]
 [ 1.00209510e+00 -2.09525439e-03]
 [ 8.96638915e-01  1.03360708e-01]
 [ 1.15088186e-01  8.84911570e-01]
 [ 3.83385352e-01  6.16614756e-01]
 [ 5.20861546e-01  4.79138569e-01]
 [ 8.96007023e-01  1.03993179e-01]
 [ 8.91539542e-01  1.08460978e-01]
 [ 1.67981340e-02  9.83202250e-01]
 [ 1.02485191e+00 -2.48525025e-02]
 [ 1.54231147e-01  8.45768817e-01]
 [ 4.04845409e-01  5.95154892e-01]
 [ 8.83000324e-01  1.16999539e-01]
 [ 1.04583412e+00 -4.58342314e-02]
 [ 1.19158605e+00 -1.91585972e-01]
 [ 2.06601362e-01  7.93398781e-01]
 [ 2.85479027e-01  7.14521359e-01]
 [ 7.41525876e-01  2.58473692e-01]
 [ 3.07125239e-02  9.69287477e-01]
 [ 1.58057674e-01  8.41942722e-01]
 [ 9.25126703e-01  7.48734072e-02]
 [-2.83696448e-02  1.02836971e+00]
 [ 1.06624997e+00 -6.62501765e-02]
 [ 1.14181468e-03  9.98858535e-01]
 [ 2.85492103e-02  9.71451087e-01]
 [ 3.56547178e-01  6.43453312e-01]
 [ 6.81215446e-01  3.18785102e-01]
 [ 8.01465311e-01  1.98534544e-01]
 [ 5.37154496e-01  4.62845684e-01]
 [ 8.53542696e-01  1.46456981e-01]
 [ 2.17529231e-01  7.82470717e-01]
 [ 1.20073412e-01  8.79927257e-01]
 [-1.02049312e-01  1.10204975e+00]
 [-4.05770223e-02  1.04057668e+00]
 [ 1.67964567e-01  8.32035259e-01]
 [ 7.56389147e-02  9.24361081e-01]
 [ 1.23748306e+00 -2.37482693e-01]
 [ 4.52428794e-01  5.47571554e-01]
 [ 1.10052146e+00 -1.00521525e-01]
 [-1.08275958e-01  1.10827611e+00]
 [ 8.51171718e-01  1.48828140e-01]
 [ 1.57546783e-01  8.42453371e-01]
 [ 1.21221301e+00 -2.12213047e-01]
 [ 7.70873302e-01  2.29126506e-01]
 [ 1.37954391e-01  8.62046315e-01]
 [ 1.01201924e+00 -1.20194593e-02]
 [ 8.61756886e-01  1.38242812e-01]
 [ 1.70538277e-01  8.29461611e-01]
 [-4.20355402e-02  1.04203495e+00]
 [ 1.06270422e+00 -6.27036622e-02]
 [ 3.38201174e-01  6.61798173e-01]
 [-2.68468550e-02  1.02684650e+00]
 [ 6.92380002e-01  3.07620051e-01]
 [-9.92801904e-02  1.09928053e+00]
 [ 9.90653582e-01  9.34634506e-03]
 [-4.29426716e-02  1.04294338e+00]
 [ 1.82098671e-01  8.17901041e-01]
 [ 8.94303388e-01  1.05697118e-01]
 [ 1.16111471e-01  8.83888605e-01]
 [ 1.97269344e-02  9.80273733e-01]
 [ 2.71105999e-01  7.28893792e-01]
 [ 7.87437572e-01  2.12562473e-01]
 [ 1.05174452e+00 -5.17446783e-02]
 [-3.47508201e-01  1.34750911e+00]
 [ 8.94821153e-01  1.05178783e-01]
 [ 8.49380727e-01  1.50619257e-01]
 [-1.43735686e-02  1.01437340e+00]
 [ 2.76261160e-01  7.23738622e-01]
 [ 1.01964062e+00 -1.96406003e-02]
 [ 1.12556648e+00 -1.25566506e-01]
 [ 7.31124750e-01  2.68875613e-01]
 [ 1.15794933e+00 -1.57949337e-01]
 [ 1.00215510e+00 -2.15503894e-03]
 [ 1.21694069e-01  8.78305778e-01]
 [ 9.09835257e-01  9.01645776e-02]
 [ 9.38472508e-02  9.06153278e-01]
 [ 1.14205712e+00 -1.42057267e-01]
 [ 8.31100264e-01  1.68899476e-01]
 [-1.54382689e-01  1.15438269e+00]
 [ 1.07222122e+00 -7.22214044e-02]
 [ 8.10483746e-01  1.89516144e-01]
 [-5.26233074e-02  1.05262344e+00]
 [ 1.34094398e-01  8.65905097e-01]
 [ 6.65517776e-01  3.34482234e-01]
 [ 1.04583379e+00 -4.58339194e-02]
 [ 9.06154247e-01  9.38456587e-02]
 [-9.00066145e-02  1.09000671e+00]
 [ 1.46229793e-01  8.53770405e-01]
 [ 1.28289856e+00 -2.82898049e-01]
 [ 9.95152980e-01  4.84677542e-03]
 [ 3.05315222e-02  9.69468168e-01]
 [ 9.24277831e-01  7.57222353e-02]
 [ 9.63443197e-01  3.65564555e-02]
 [ 8.42117273e-01  1.57882474e-01]
 [ 9.32160085e-01  6.78398778e-02]
 [ 6.56966648e-01  3.43033476e-01]
 [ 7.49079352e-01  2.50921404e-01]
 [-5.43620221e-02  1.05436209e+00]
 [ 3.01925046e-01  6.98074548e-01]
 [ 9.20190857e-01  7.98089819e-02]
 [ 8.56798560e-01  1.43201328e-01]
 [ 9.72191040e-01  2.78088786e-02]
 [ 9.77134302e-01  2.28656436e-02]
 [ 1.03221272e+00 -3.22124175e-02]
 [ 1.48799244e-01  8.51200907e-01]
 [ 8.52593300e-01  1.47406744e-01]
 [ 9.07896832e-01  9.21032729e-02]
 [ 9.52237656e-01  4.77625022e-02]
 [ 6.23144490e-02  9.37685558e-01]
 [ 1.00590186e+00 -5.90178887e-03]
 [ 8.33873965e-01  1.66125449e-01]
 [ 8.48556009e-01  1.51444117e-01]
 [ 8.60153315e-01  1.39846620e-01]
 [ 1.00817988e-01  8.99181942e-01]
 [ 8.54693724e-01  1.45305952e-01]
 [-5.13654125e-02  1.05136522e+00]
 [ 9.86717533e-01  1.32825222e-02]
 [ 2.57913463e-01  7.42086427e-01]
 [ 3.27296379e-01  6.72703812e-01]
 [ 3.80188841e-03  9.96197329e-01]
 [ 9.00285651e-01  9.97140589e-02]
 [-4.95464338e-02  1.04954654e+00]
 [ 1.16038625e-01  8.83961388e-01]
 [ 8.75079316e-01  1.24920724e-01]
 [ 4.92803221e-01  5.07196670e-01]
 [-2.79267704e-02  1.02792640e+00]
 [ 1.12891333e+00 -1.28913179e-01]
 [ 1.97344298e-01  8.02656050e-01]
 [ 1.46867212e-01  8.53132114e-01]
 [ 7.53335011e-01  2.46664477e-01]
 [-3.87023790e-01  1.38702390e+00]
 [ 1.47396734e-01  8.52603345e-01]
 [ 1.82875126e-01  8.17125054e-01]
 [ 8.42482459e-01  1.57517128e-01]
 [ 7.57566159e-03  9.92423985e-01]
 [ 2.63251828e-02  9.73673959e-01]
 [-1.49175365e-01  1.14917510e+00]
 [ 9.57138887e-01  4.28613331e-02]
 [ 9.23425765e-01  7.65736000e-02]
 [ 3.82103781e-02  9.61789361e-01]
 [ 3.42319424e-01  6.57680170e-01]
 [ 9.37231991e-01  6.27678004e-02]
 [ 9.30613912e-01  6.93860310e-02]
 [-1.09910810e-02  1.01099113e+00]
 [ 6.92899801e-02  9.30710143e-01]
 [ 2.94471882e-01  7.05528102e-01]
 [ 9.76279067e-01  2.37208054e-02]
 [ 1.01128151e+00 -1.12815761e-02]
 [-6.95108601e-02  1.06951063e+00]
 [ 9.11550255e-01  8.84492247e-02]
 [ 8.90291231e-01  1.09708771e-01]
 [ 9.08775821e-01  9.12241384e-02]
 [-9.00956810e-02  1.09009554e+00]
 [ 9.04660478e-01  9.53395079e-02]
 [ 9.56207757e-02  9.04378999e-01]
 [ 1.00219657e+00 -2.19642816e-03]
 [ 5.13808018e-02  9.48619214e-01]
 [ 6.21682687e-01  3.78317259e-01]
 [ 3.05821375e-01  6.94178764e-01]
 [-1.24256480e-01  1.12425642e+00]
 [ 1.02590049e+00 -2.59006170e-02]
 [ 1.21170319e+00 -2.11702880e-01]
 [ 7.04959240e-02  9.29503916e-01]
 [ 3.47633412e-02  9.65236481e-01]
 [ 9.52742820e-01  4.72569298e-02]
 [ 9.38051230e-01  6.19483118e-02]
 [ 1.02310267e+00 -2.31024718e-02]
 [ 4.61246095e-01  5.38753959e-01]
 [ 3.75378719e-02  9.62461855e-01]
 [ 1.57697431e-01  8.42302440e-01]
 [ 5.51619822e-01  4.48379924e-01]
 [ 3.93568269e-01  6.06431230e-01]
 [-1.84439063e-02  1.01844349e+00]
 [ 3.97703338e-01  6.02296603e-01]
 [ 7.60024568e-01  2.39975609e-01]
 [-1.30444950e-01  1.13044485e+00]
 [ 9.53016161e-01  4.69837014e-02]
 [ 9.92479598e-01  7.51921808e-03]
 [ 1.03503040e+00 -3.50298169e-02]
 [ 9.64977150e-01  3.50225931e-02]
 [ 9.28027040e-01  7.19726069e-02]
 [ 9.15658940e-01  8.43412570e-02]
 [ 9.01511762e-01  9.84881917e-02]
 [ 7.05644987e-01  2.94355350e-01]
 [ 8.52184288e-01  1.47815568e-01]
 [-8.28617772e-02  1.08286187e+00]
 [ 8.54828911e-01  1.45171006e-01]
 [ 9.30740785e-01  6.92592614e-02]
 [-1.31188730e-02  1.01311845e+00]
 [-6.37999299e-02  1.06379874e+00]
 [ 6.99005944e-01  3.00994084e-01]
 [ 3.91095610e-01  6.08903620e-01]
 [ 1.13369672e-01  8.86630410e-01]
 [ 8.01597659e-02  9.19840223e-01]
 [-4.82481795e-02  1.04824822e+00]
 [ 2.53697216e-01  7.46302594e-01]
 [ 8.96218495e-01  1.03781839e-01]
 [ 9.79004732e-01  2.09949686e-02]
 [-2.24114056e-01  1.22411401e+00]
 [ 9.50650866e-02  9.04935300e-01]
 [ 2.76138274e-01  7.23861291e-01]
 [ 1.06256137e+00 -6.25609302e-02]
 [ 1.13385514e-02  9.88661750e-01]
 [ 7.89245614e-02  9.21075395e-01]
 [ 2.95652040e-01  7.04347562e-01]
 [ 7.26965314e-01  2.73034217e-01]
 [ 9.77273049e-02  9.02272607e-01]
 [ 9.05832026e-01  9.41679614e-02]
 [-1.07253969e-02  1.01072546e+00]
 [ 1.54877497e-01  8.45123434e-01]
 [ 1.23895302e-01  8.76104036e-01]
 [ 9.69563983e-01  3.04365767e-02]
 [ 9.95000236e-01  4.99964452e-03]
 [ 1.05870850e+00 -5.87084497e-02]
 [ 1.00886653e+00 -8.86716304e-03]
 [ 7.46479430e-01  2.53520941e-01]
 [ 8.95992049e-01  1.04007956e-01]
 [ 2.64926364e-01  7.35072586e-01]
 [ 6.78426237e-01  3.21573850e-01]
 [ 1.00220929e+00 -2.20929505e-03]
 [ 8.06498655e-02  9.19349782e-01]
 [ 1.14984556e-02  9.88501840e-01]
 [-1.60021907e-01  1.16002244e+00]
 [ 8.12624617e-01  1.87375292e-01]
 [ 9.26893904e-01  7.31056930e-02]
 [ 8.90527713e-01  1.09472941e-01]
 [ 5.44368426e-01  4.55630815e-01]
 [ 2.09281162e-01  7.90718920e-01]
 [ 1.24157345e+00 -2.41573150e-01]
 [ 2.42372505e-01  7.57627217e-01]
 [ 3.06531673e-02  9.69346621e-01]
 [ 1.05478922e+00 -5.47894046e-02]
 [ 1.03605712e+00 -3.60571500e-02]
 [ 1.19987956e-01  8.80012174e-01]
 [ 1.39363191e-01  8.60637344e-01]
 [ 1.03694252e+00 -3.69427545e-02]
 [ 8.61158468e-01  1.38841145e-01]
 [-9.43730595e-02  1.09437288e+00]
 [-1.52758669e-01  1.15275801e+00]
 [ 4.89393371e-01  5.10606600e-01]
 [ 9.95721946e-01  4.27802856e-03]
 [ 9.08907922e-01  9.10921068e-02]
 [-1.03870548e-01  1.10387126e+00]
 [ 1.02190686e-01  8.97809295e-01]
 [ 1.17073601e-01  8.82926686e-01]
 [ 2.07973354e-01  7.92027287e-01]
 [-1.56603481e-01  1.15660383e+00]
 [ 9.82796537e-01  1.72036389e-02]
 [ 8.13220204e-01  1.86779863e-01]
 [ 2.34051952e-01  7.65947693e-01]
 [-1.33596538e-01  1.13359668e+00]
 [ 1.00177336e+00 -1.77318374e-03]
 [ 8.63670773e-01  1.36329169e-01]
 [ 1.00959179e+00 -9.59194514e-03]
 [ 9.10410641e-01  8.95892753e-02]
 [ 1.07458349e+00 -7.45832329e-02]
 [ 1.89960112e-01  8.10039707e-01]
 [ 9.09813388e-01  9.01862607e-02]
 [ 1.06425513e+00 -6.42552473e-02]
 [ 1.02049670e+00 -2.04968289e-02]
 [ 6.45650840e-01  3.54348688e-01]
 [ 1.01836636e+00 -1.83663187e-02]
 [ 1.15400161e-01  8.84599811e-01]
 [ 1.07981460e+00 -7.98145005e-02]
 [-1.89246974e-01  1.18924792e+00]
 [ 5.83698653e-02  9.41630120e-01]
 [ 9.04035871e-02  9.09596096e-01]
 [ 9.12537415e-01  8.74629550e-02]
 [ 1.22677298e-01  8.77323266e-01]
 [ 1.01199475e+00 -1.19946458e-02]
 [ 1.03221604e+00 -3.22161389e-02]
 [ 9.30847829e-01  6.91521692e-02]
 [ 7.58867619e-03  9.92411347e-01]
 [ 9.83517590e-01  1.64825034e-02]
 [ 4.69090853e-02  9.53090235e-01]
 [-1.38072325e-01  1.13807173e+00]
 [ 1.38499693e-01  8.61500372e-01]
 [ 8.18567986e-01  1.81432043e-01]
 [ 9.92045897e-01  7.95453685e-03]
 [ 7.72144545e-01  2.27855341e-01]
 [ 9.38483562e-01  6.15172228e-02]
 [-6.60230106e-02  1.06602319e+00]
 [ 4.17112759e-01  5.82887775e-01]
 [ 8.71838670e-01  1.28161170e-01]
 [ 9.80333002e-01  1.96667803e-02]
 [-4.06639268e-02  1.04066419e+00]
 [ 9.83179898e-01  1.68196752e-02]
 [ 2.25473439e-01  7.74526584e-01]
 [ 1.08128592e+00 -8.12856814e-02]
 [ 1.00019653e+00 -1.96343246e-04]
 [ 1.08369585e-01  8.91630365e-01]
 [ 1.05293566e+00 -5.29357127e-02]
 [ 1.51316297e-01  8.48683876e-01]
 [ 7.90583882e-01  2.09416385e-01]
 [-3.47017728e-02  1.03470228e+00]
 [ 8.60282286e-03  9.91396915e-01]
 [ 5.05666349e-01  4.94333890e-01]
 [ 8.78169006e-01  1.21831144e-01]
 [ 6.28533982e-01  3.71465706e-01]
 [ 2.23357829e-01  7.76642651e-01]
 [ 6.36603955e-01  3.63395975e-01]
 [-1.93394516e-01  1.19339454e+00]
 [ 7.61011663e-01  2.38989129e-01]
 [ 8.58645296e-01  1.41354430e-01]
 [ 3.50479041e-01  6.49521604e-01]
 [ 2.12616691e-01  7.87383496e-01]
 [-1.92991503e-01  1.19299157e+00]
 [ 7.99019368e-01  2.00980535e-01]
 [ 1.04750326e+00 -4.75031213e-02]
 [ 7.96762111e-02  9.20323548e-01]
 [-1.60762887e-01  1.16076306e+00]
 [-3.36226881e-02  1.03362333e+00]
 [ 7.41504971e-01  2.58495066e-01]
 [ 3.41002920e-01  6.58996895e-01]
 [ 7.42936041e-02  9.25706680e-01]
 [ 3.90059984e-01  6.09940750e-01]
 [ 8.19878004e-01  1.80121762e-01]
 [-3.19666590e-02  1.03196648e+00]
 [ 8.07950658e-01  1.92049522e-01]
 [ 6.50139738e-01  3.49860605e-01]
 [ 1.03515825e-01  8.96484402e-01]
 [ 6.78402240e-03  9.93215503e-01]
 [ 1.10218372e+00 -1.02183340e-01]
 [-8.51993620e-02  1.08519981e+00]
 [ 7.91604863e-01  2.08395130e-01]
 [ 2.37665261e-02  9.76233258e-01]
 [-1.89963955e-01  1.18996366e+00]
 [ 8.85508105e-01  1.14492414e-01]
 [-6.27622853e-02  1.06276227e+00]
 [-2.30035989e-02  1.02300435e+00]
 [ 1.02877348e+00 -2.87730565e-02]
 [ 6.78675725e-01  3.21324669e-01]
 [ 9.80118439e-01  1.98818619e-02]
 [ 9.58119965e-01  4.18800305e-02]
 [ 8.10620480e-01  1.89379858e-01]
 [ 8.68093595e-01  1.31906226e-01]
 [-3.19239394e-01  1.31923949e+00]
 [ 1.21390618e-01  8.78609306e-01]
 [ 2.16733319e-01  7.83266661e-01]
 [ 1.02770422e+00 -2.77040678e-02]
 [ 4.98638146e-01  5.01362174e-01]
 [-1.03537368e-01  1.10353770e+00]
 [ 1.10669048e+00 -1.06690402e-01]
 [ 9.19356375e-01  8.06435404e-02]
 [-1.23367660e-01  1.12336874e+00]
 [-4.28649736e-03  1.00428655e+00]
 [ 9.13317081e-01  8.66832189e-02]
 [ 8.03737476e-01  1.96262560e-01]
 [ 3.14936314e-01  6.85063491e-01]
 [ 9.35547779e-01  6.44520039e-02]
 [ 5.89877812e-01  4.10121521e-01]
 [ 5.07192156e-01  4.92807993e-01]
 [ 1.21084101e+00 -2.10841323e-01]
 [ 9.69453389e-01  3.05464825e-02]
 [ 1.08705904e+00 -8.70593521e-02]
 [ 1.07521783e-02  9.89246307e-01]
 [-2.35426407e-01  1.23542717e+00]
 [ 7.75140941e-01  2.24859279e-01]
 [ 1.31271000e-01  8.68729112e-01]
 [ 2.65310177e-01  7.34689933e-01]
 [ 5.32578040e-01  4.67421383e-01]
 [ 1.88893612e-01  8.11105946e-01]
 [ 1.07747400e+00 -7.74735910e-02]
 [ 4.86684809e-01  5.13316077e-01]
 [ 5.88416134e-01  4.11584418e-01]
 [-5.48789967e-02  1.05487867e+00]
 [ 3.99191854e-01  6.00808788e-01]
 [ 9.69407038e-01  3.05933814e-02]
 [ 7.65450760e-01  2.34549221e-01]
 [ 2.91387105e-01  7.08612988e-01]
 [ 1.03727152e+00 -3.72716355e-02]
 [ 1.05113356e+00 -5.11334248e-02]
 [ 1.01107138e+00 -1.10714426e-02]
 [ 7.09654708e-01  2.90345128e-01]
 [ 1.42558326e-01  8.57441954e-01]
 [ 8.78691961e-01  1.21307836e-01]
 [ 1.01589740e+00 -1.58973034e-02]
 [ 1.54469363e-01  8.45530129e-01]
 [ 7.88183792e-01  2.11816091e-01]
 [ 8.89296841e-02  9.11069831e-01]
 [ 4.12332639e-02  9.58766459e-01]
 [ 2.23660771e-03  9.97763527e-01]
 [ 1.36473578e+00 -3.64735516e-01]
 [ 7.22038745e-02  9.27796272e-01]
 [ 1.06208712e+00 -6.20869447e-02]
 [ 2.95620970e-01  7.04378771e-01]
 [ 8.20527881e-01  1.79472675e-01]
 [ 9.15377429e-01  8.46225938e-02]
 [ 9.92114184e-01  7.88575366e-03]
 [ 9.13653564e-01  8.63462705e-02]
 [ 9.56866201e-01  4.31334095e-02]
 [ 2.56054309e-01  7.43945572e-01]
 [ 5.35711831e-01  4.64287702e-01]
 [-2.11516810e-01  1.21151623e+00]
 [ 6.15740293e-02  9.38426140e-01]
 [ 1.96320776e-01  8.03679009e-01]
 [ 8.05833634e-01  1.94166434e-01]
 [ 1.19586181e-01  8.80413114e-01]
 [ 7.69994344e-01  2.30006284e-01]
 [ 6.12403656e-01  3.87596434e-01]
 [ 1.04010759e+00 -4.01078012e-02]
 [ 3.28040892e-01  6.71959089e-01]
 [-4.74339170e-02  1.04743382e+00]
 [ 1.10398184e+00 -1.03981287e-01]
 [ 8.24461015e-01  1.75538762e-01]
 [ 7.91709257e-01  2.08290604e-01]
 [ 1.03022177e+00 -3.02215011e-02]
 [ 1.01894827e+00 -1.89479587e-02]
 [ 7.78230089e-01  2.21769950e-01]
 [ 9.00201486e-01  9.97982904e-02]
 [ 6.40616715e-01  3.59383415e-01]
 [ 5.24438723e-02  9.47555842e-01]
 [-1.64267142e-01  1.16426681e+00]
 [ 2.88821660e-02  9.71117665e-01]
 [ 1.10810333e+00 -1.08103334e-01]
 [ 1.16517726e+00 -1.65177191e-01]
 [ 8.56868901e-01  1.43131354e-01]
 [ 9.99856225e-01  1.43687554e-04]
 [ 1.77310713e-01  8.22689593e-01]
 [ 3.75799999e-02  9.62421334e-01]
 [ 7.41981049e-01  2.58018352e-01]
 [ 1.39299309e-01  8.60700763e-01]
 [-5.82847933e-02  1.05828430e+00]
 [ 1.09700536e+00 -9.70052452e-02]
 [ 7.74121138e-01  2.25878676e-01]
 [ 1.06142014e+00 -6.14202410e-02]
 [ 1.02533230e+00 -2.53324522e-02]
 [ 9.47420647e-01  5.25790986e-02]
 [ 2.00085367e-02  9.79991745e-01]
 [ 7.66091650e-01  2.33908943e-01]
 [ 6.29917250e-02  9.37008620e-01]
 [ 4.70385602e-01  5.29614585e-01]
 [ 7.80229211e-01  2.19771204e-01]
 [-1.50691631e-01  1.15069150e+00]
 [-1.12712500e-01  1.11271286e+00]
 [ 6.38902575e-01  3.61096964e-01]
 [ 8.76885295e-01  1.23114833e-01]
 [ 1.20877431e+00 -2.08774466e-01]
 [ 8.60791596e-01  1.39208037e-01]
 [ 9.25874154e-01  7.41256431e-02]
 [ 4.74300853e-02  9.52569748e-01]
 [ 6.80186987e-02  9.31981921e-01]
 [ 9.87831257e-01  1.21686805e-02]
 [-1.08719522e-02  1.01087203e+00]
 [-4.24892298e-03  1.00424898e+00]
 [ 2.00017103e-01  7.99982916e-01]
 [ 1.01988424e+00 -1.98843574e-02]
 [ 1.00526605e-01  8.99473118e-01]
 [ 6.18665620e-02  9.38134249e-01]
 [ 9.60208095e-01  3.97915605e-02]
 [ 1.34066424e-03  9.98660083e-01]
 [ 1.01620195e+00 -1.62021026e-02]
 [ 1.04860694e+00 -4.86071176e-02]
 [ 4.24378821e-01  5.75621034e-01]
 [ 3.89896968e-02  9.61009827e-01]
 [ 1.04187638e+00 -4.18759029e-02]
 [-5.38422540e-03  1.00538359e+00]
 [ 1.72926723e-02  9.82707065e-01]
 [ 7.87261171e-01  2.12738782e-01]
 [ 8.51135627e-02  9.14887074e-01]
 [ 8.72022061e-01  1.27978008e-01]
 [ 3.21096691e-01  6.78903099e-01]
 [ 1.07157630e+00 -7.15761254e-02]
 [ 2.75553971e-01  7.24446068e-01]
 [ 7.65710645e-01  2.34288712e-01]
 [ 4.16040655e-01  5.83959604e-01]
 [ 2.09979816e-01  7.90020594e-01]
 [ 8.77313794e-01  1.22685627e-01]
 [ 1.86142221e-01  8.13857802e-01]
 [ 1.00484643e+00 -4.84616437e-03]
 [ 8.88680435e-01  1.11319318e-01]
 [ 1.32228697e-01  8.67771437e-01]
 [ 1.09764311e+00 -9.76429821e-02]
 [ 7.28012854e-01  2.71986828e-01]
 [ 1.93327510e-01  8.06672484e-01]
 [ 1.57607311e-01  8.42392332e-01]
 [ 5.86905923e-02  9.41309348e-01]
 [ 8.97453264e-01  1.02547076e-01]
 [ 2.97322086e-01  7.02677843e-01]
 [-9.59681722e-02  1.09596765e+00]
 [ 9.02442948e-01  9.75568024e-02]
 [ 1.14057574e-01  8.85942394e-01]
 [ 1.92201618e-01  8.07798944e-01]
 [ 8.79762019e-01  1.20237982e-01]
 [ 9.21348349e-01  7.86521582e-02]
 [ 9.13035590e-01  8.69648027e-02]
 [ 2.01406835e-02  9.79859537e-01]
 [-9.44047577e-02  1.09440452e+00]
 [ 1.06147241e+00 -6.14727476e-02]
 [ 2.43162659e-01  7.56837339e-01]
 [ 1.08167470e+00 -8.16747204e-02]
 [ 5.44573762e-02  9.45542554e-01]
 [ 9.93587201e-01  6.41292342e-03]
 [ 9.42526672e-01  5.74734059e-02]
 [ 3.05992937e-01  6.94007123e-01]
 [ 9.33387677e-01  6.66121212e-02]
 [-6.34527131e-02  1.06345299e+00]
 [ 5.18647252e-01  4.81353146e-01]
 [ 1.01377193e+00 -1.37714648e-02]
 [ 1.03299808e+00 -3.29983773e-02]
 [ 1.00305133e+00 -3.05148523e-03]
 [-2.30992942e-02  1.02309892e+00]
 [ 9.77897758e-01  2.21025719e-02]
 [ 1.00067836e+00 -6.78612354e-04]
 [ 1.23363595e-01  8.76636646e-01]
 [ 4.61708309e-02  9.53829501e-01]
 [ 7.97716114e-01  2.02283782e-01]
 [ 2.75839055e-01  7.24161029e-01]
 [ 1.03032809e+00 -3.03281361e-02]
 [ 1.06176532e+00 -6.17656395e-02]
 [ 7.88708125e-01  2.11291318e-01]
 [ 2.71942847e-02  9.72805784e-01]
 [ 9.09284036e-01  9.07157530e-02]
 [ 1.08491281e+00 -8.49130232e-02]
 [ 6.86706682e-01  3.13293720e-01]
 [ 2.86922650e-01  7.13077502e-01]
 [ 1.05883789e+00 -5.88378135e-02]
 [ 1.07052126e+00 -7.05204269e-02]
 [ 1.07709646e+00 -7.70969059e-02]
 [ 1.02198445e+00 -2.19843999e-02]
 [ 9.58925237e-01  4.10742562e-02]
 [-5.38844492e-02  1.05388412e+00]
 [ 1.29710831e-01  8.70288875e-01]
 [ 3.57622817e-01  6.42376978e-01]
 [ 8.46866840e-01  1.53133281e-01]
 [ 1.02350184e-01  8.97650117e-01]
 [ 9.78245471e-01  2.17549172e-02]
 [ 9.18571314e-01  8.14285746e-02]
 [-4.54872580e-02  1.04548684e+00]
 [ 8.50818083e-01  1.49182204e-01]
 [-8.28455621e-02  1.08284672e+00]
 [ 5.27342343e-01  4.72657813e-01]
 [ 1.47084434e-01  8.52915204e-01]
 [ 8.69208124e-01  1.30792208e-01]
 [ 9.06377258e-01  9.36230879e-02]
 [ 1.01992041e+00 -1.99203377e-02]
 [ 8.57135288e-01  1.42864221e-01]
 [ 1.03835231e+00 -3.83521834e-02]
 [ 1.10721651e+00 -1.07216564e-01]
 [ 1.17751094e+00 -1.77510119e-01]
 [ 1.03907186e+00 -3.90717526e-02]
 [ 1.18279218e+00 -1.82792341e-01]
 [ 1.36919969e-01  8.63080165e-01]
 [ 7.82471966e-01  2.17528080e-01]
 [ 9.82041745e-01  1.79576563e-02]
 [ 1.00102894e+00 -1.02954733e-03]
 [ 9.14800407e-01  8.51995183e-02]
 [-3.86562623e-03  1.00386566e+00]
 [ 2.69683668e-01  7.30316179e-01]
 [ 8.77381277e-01  1.22618586e-01]
 [-1.14871550e-01  1.11487127e+00]
 [ 9.48112119e-01  5.18876868e-02]
 [ 1.04977155e+00 -4.97715632e-02]
 [ 2.53021274e-01  7.46978572e-01]
 [ 2.15171929e-02  9.78482326e-01]
 [ 5.17609751e-01  4.82390496e-01]
 [ 6.80364490e-01  3.19635295e-01]
 [ 1.02287937e+00 -2.28793847e-02]
 [ 9.64294310e-01  3.57056612e-02]
 [ 7.11130931e-01  2.88869350e-01]
 [ 1.13689510e+00 -1.36894844e-01]
 [ 9.84689063e-01  1.53105157e-02]
 [ 9.44288595e-02  9.05571171e-01]
 [ 8.33201630e-01  1.66798335e-01]
 [-1.32702318e-01  1.13270222e+00]
 [ 1.33522328e+00 -3.35222268e-01]
 [ 1.59478635e-01  8.40521452e-01]
 [ 1.13585480e+00 -1.35854861e-01]
 [-3.00425918e-02  1.03004302e+00]
 [ 9.62688951e-01  3.73107755e-02]
 [ 1.14817870e+00 -1.48178685e-01]
 [-1.28977152e-01  1.12897700e+00]
 [ 9.50319707e-02  9.04968095e-01]
 [ 9.40078147e-01  5.99220532e-02]
 [ 8.69409176e-01  1.30590793e-01]
 [ 8.76897806e-01  1.23102733e-01]
 [ 4.99180671e-01  5.00819558e-01]
 [ 1.51682777e-01  8.48316893e-01]
 [ 4.17955017e-02  9.58204688e-01]
 [ 1.14842033e-01  8.85157681e-01]
 [ 1.00919105e+00 -9.19095261e-03]
 [ 1.59386834e-01  8.40612957e-01]
 [ 1.10306506e+00 -1.03065153e-01]
 [-1.10871000e-01  1.11087131e+00]
 [ 1.44884338e-01  8.55115072e-01]
 [ 1.00945944e+00 -9.45982889e-03]
 [ 1.25588738e-01  8.74411406e-01]
 [ 1.17506163e+00 -1.75061797e-01]
 [ 9.65130134e-01  3.48699014e-02]
 [ 1.11402320e+00 -1.14023366e-01]
 [ 3.40728583e-02  9.65927024e-01]
 [ 9.78068448e-01  2.19314507e-02]
 [ 3.79944779e-01  6.20055103e-01]]