[[-4.25057593e-02  6.68973923e-02 -3.97649647e-02 -7.50969710e-02
  -3.66239358e-03 -8.26825678e-02 -5.55221642e-03 -5.40271103e-02
   8.88831301e-02  1.00221322e-01 -1.30597536e-02  9.25398142e-02
   1.01783482e-01  1.45692850e-02 -7.37052341e-02  4.42408149e-02
  -9.39440319e-02 -2.43545801e-02 -4.55450650e-02  2.31036008e-02
  -9.54168584e-02  4.35950376e-02 -4.41447554e-02 -9.15434088e-02
  -9.62691089e-03  2.01322059e-02 -4.79683902e-02 -5.88681809e-02
   1.04639012e-02 -2.64794642e-02 -4.54153239e-02  1.98504643e-02
   9.92445324e-02 -8.43229308e-02 -8.50334461e-02 -7.67845148e-03
  -1.21708074e-02  3.11653348e-02 -9.96600666e-03 -5.53337187e-02
   2.47693831e-02  3.10282588e-02  1.05200473e-01  5.86120932e-02
  -4.01157452e-02 -3.48600305e-03 -2.66201366e-02 -4.46167202e-02
   3.80831450e-02 -7.10593318e-02  7.27992415e-02  6.21820930e-02
  -8.23721886e-02 -4.79079361e-02 -4.08480114e-02  2.43254687e-02
  -9.85750165e-02  1.01695169e-01  7.18167234e-02 -9.76569709e-02
  -4.40424183e-02  2.25584509e-02 -8.94618821e-02 -9.20982386e-02
  -6.00245079e-02 -1.06339558e-01  1.84772556e-02  3.19675089e-02
   5.36928097e-02 -3.53268019e-02 -1.66046140e-02  1.20878144e-03
   8.12368494e-02  4.32782423e-02  4.12143123e-02 -1.84617578e-02
  -3.76005404e-03  1.05860915e-01  4.48930814e-02 -6.00218905e-02
   6.83660316e-02  1.09794874e-01 -1.21597121e-02 -7.97874548e-02
  -5.01150040e-02  7.51781300e-02  9.93720276e-02  1.30928635e-02
  -7.15525327e-02 -1.04306706e-01 -7.51090742e-02  3.69024210e-02
  -3.30361033e-03 -4.45227017e-02 -3.13689944e-02  3.25573089e-02
  -3.00855267e-02  2.21594134e-02  3.17534175e-02  6.10055774e-02
  -7.44868690e-02  7.48419815e-02 -3.36232713e-02 -1.37653504e-02
  -3.83945822e-02  3.61466788e-02 -5.40880914e-02  2.19358530e-02
  -1.00576699e-02  6.08458518e-02 -1.45028238e-02 -5.15170286e-02
  -2.80080491e-02 -2.54273034e-02 -1.66938807e-02  5.54353197e-02
   2.88888467e-02  1.23131581e-02  6.68343261e-02  4.85220416e-02
  -5.84398182e-02 -3.22362294e-02 -5.83719813e-02 -6.66712775e-02
  -3.27144257e-02 -6.27225262e-02  3.08645453e-02 -1.00052206e-03
   1.07302308e-01  5.15270739e-02 -9.63385609e-02 -1.04440936e-01
   7.22983204e-02  1.00306224e-02  7.90889880e-02  1.01132563e-01
  -5.11792885e-02 -2.74461833e-02 -9.81302767e-02 -7.01130181e-03
  -6.18307557e-02 -4.30115410e-02 -2.19289636e-02  7.46603116e-02
   3.49024405e-02 -4.04950900e-02 -8.37997652e-02 -4.12813418e-02
  -6.08008652e-02 -1.09420250e-01  1.03510839e-01  9.76307010e-02
  -3.46637551e-02  8.89330635e-02 -9.63637667e-02 -8.92965840e-02
  -1.11072593e-01  5.30163690e-02 -6.58334128e-02 -6.40398885e-02
   5.37298624e-02  9.93013651e-03  6.82284480e-02  3.09168902e-02
  -6.44368813e-02 -4.95938025e-02  5.23814258e-02 -9.73235473e-02
  -2.19429346e-02 -2.34429058e-02  9.93888982e-02 -1.06930887e-01
  -7.36052405e-02  9.61315677e-03 -1.72833798e-02  3.52766532e-02
  -1.36131761e-02  8.88071895e-02 -1.25002433e-04  1.08760043e-02
   6.86204463e-02 -5.57254345e-02  2.82983582e-02 -1.63957557e-02
  -7.66534608e-02  1.00089949e-01  5.91245632e-02 -1.11321625e-01
  -5.85092597e-02  4.01382326e-02  4.31431151e-02 -4.80666057e-02
  -7.42270605e-02 -8.57424331e-02  8.73625911e-02  5.49788560e-02
  -3.00680763e-02  8.49177566e-02  9.65983464e-02  7.45040796e-02
   2.74320598e-02 -4.84621015e-03  9.50888334e-02  3.26507812e-02
  -1.04907770e-01  9.56490247e-02 -3.54520776e-02  2.38220973e-02
   5.76040749e-02 -8.06936430e-02 -5.62377603e-02  5.14490675e-02
  -1.63622748e-02  7.98775675e-02 -5.78119964e-02  2.18027077e-02
  -9.37860772e-02 -1.60628718e-02 -1.00051028e-01 -1.07194373e-01
  -2.26469377e-02  1.03515524e-01  5.21906056e-02 -4.04710879e-02
  -7.99121534e-02  9.86703567e-02 -7.22926856e-02  7.20047865e-02
  -9.87341539e-02 -8.37734506e-02 -3.62110922e-02 -8.25094910e-02
  -5.30611658e-02  8.98010402e-02 -9.47517081e-02  8.05221343e-02
  -6.54691963e-02 -1.04273288e-01 -1.65432135e-02  4.80542530e-02
   6.43609964e-02  6.63582699e-02 -2.65654989e-02  6.84489409e-02
   5.17683262e-02  1.11208567e-01  5.32807422e-02 -7.69119382e-02
  -1.14845515e-02  4.92703616e-02]
 [-7.74485096e-02 -8.18969637e-02 -9.59077402e-02 -7.06856606e-02
  -5.55631924e-02 -7.09684743e-02 -9.99764604e-02 -4.13850722e-02
  -8.74116158e-02  3.14849278e-02 -2.70501964e-03  4.44051301e-02
   3.95088070e-03 -9.87137788e-02 -7.15184672e-03  3.58094767e-02
   8.75535709e-02  1.27195689e-02 -4.07028876e-02  1.02528485e-01
  -8.88725295e-02  7.12655422e-02 -9.30427006e-02  6.58257705e-02
  -9.85637398e-02 -4.72575629e-02  6.68420999e-02 -5.55049465e-02
   6.40392958e-02 -5.96921356e-02 -9.37730818e-02 -9.62184753e-02
   6.54358240e-02  1.85334541e-02 -5.09551722e-02 -7.18736239e-02
   9.25405175e-02  6.36969040e-03 -6.10213962e-03  5.36829189e-02
  -5.72886548e-02  1.01951196e-01 -4.42157654e-02  9.59814113e-02
  -8.81836850e-02 -6.43841295e-02  5.13078117e-02  9.91024347e-02
   4.48084166e-02  3.98557339e-02  8.53304952e-02 -9.49018405e-02
   3.40238747e-02  3.83755997e-02 -9.60742141e-02  1.03369365e-01
  -2.68138849e-02  2.12459968e-02  2.48275198e-02 -1.04046185e-01
  -8.87388804e-02 -6.48150294e-02  7.13615467e-02  3.07518271e-02
  -4.46509147e-02  8.02449776e-02 -7.60393401e-02  4.75160312e-02
  -1.09169430e-01  3.53151527e-02  6.78037375e-02  1.01680824e-01
   2.09568038e-02 -2.01184081e-02 -6.13748556e-02 -5.67146224e-02
   7.97951146e-03 -6.11734348e-02  9.62960681e-02  3.71187443e-02
  -1.00133486e-01 -1.06454632e-01  5.40475864e-02  1.07010902e-02
  -7.38821414e-02 -7.71615412e-02 -4.62012857e-02 -4.72964186e-02
   5.57633371e-02  2.95728138e-02 -4.27218655e-02 -9.54204952e-02
  -7.55877791e-02  6.34674132e-02 -7.19783475e-02  1.73175596e-02
  -1.94999654e-02 -5.24344911e-02  6.71338969e-02 -2.62660992e-02
  -5.03820755e-02 -4.25793438e-02 -7.56372382e-02 -5.00969581e-02
   2.02154435e-02 -1.02601320e-01 -3.20983482e-02 -5.69013851e-02
  -4.71214912e-02  1.01476005e-01  3.25900783e-03 -1.10413631e-01
   3.95606843e-02 -1.41052815e-02 -5.88556245e-03 -5.68132482e-02
  -7.15186202e-02 -5.86185295e-02 -4.78741766e-03 -9.87079556e-02
  -3.00007536e-02 -4.83139575e-02 -2.51087597e-02 -9.47016921e-02
  -4.25566602e-02 -6.27621942e-02 -1.98228069e-02 -7.19269068e-02
  -3.31496465e-03  2.06362019e-02  2.40454753e-02  8.23512906e-02
  -1.05811786e-01 -4.09173514e-02  7.92361606e-03  7.69038016e-04
  -2.93452811e-02  2.81737366e-02 -2.88368853e-03 -1.12045477e-01
  -8.80971449e-02  2.36823433e-02  7.66708398e-02  6.08789772e-02
   3.69522666e-02 -2.04611327e-02 -8.44853306e-02 -5.01278066e-02
  -3.43815436e-02 -8.63691022e-02  3.83227361e-02 -1.01220282e-01
   1.05473559e-01  5.31733519e-02  5.09985107e-02  5.79405430e-02
   5.38353486e-03 -1.67853522e-02 -3.93232165e-02  5.93500448e-02
  -9.83308368e-02  2.18029407e-02 -3.83665930e-02  4.61486768e-02
   4.12571847e-02  1.52746389e-03 -3.89725566e-02 -6.71673385e-02
   2.28708425e-02  8.80697628e-03  8.52252281e-02  9.48094160e-02
  -4.44215123e-03  5.82538277e-02 -5.50465009e-02 -7.25577889e-02
  -6.44012982e-02  6.77560699e-02  1.12630442e-01  7.47834175e-02
  -5.90007448e-02 -5.80592552e-02  3.25163285e-02  9.58812566e-02
  -9.14155459e-02 -5.99399410e-02  7.73390605e-02  7.17352653e-02
  -3.88182501e-03  9.23942791e-02 -1.02688488e-01  6.07872744e-04
  -3.80624824e-02  1.19321395e-03 -1.08531646e-02  7.52963607e-02
   2.42117558e-02 -9.63142745e-02 -6.40826454e-02 -2.36982166e-02
   5.84957600e-02 -3.87472614e-02  6.74601745e-02  4.21749590e-02
  -6.09572311e-02  6.83152547e-02  6.20471464e-02 -1.00912660e-01
  -1.44483912e-02  2.32687697e-02 -8.70373979e-02  8.99012967e-02
   9.96715118e-02  1.64829718e-03 -6.26495885e-02  8.27766344e-02
  -5.59126514e-02 -6.88366325e-02 -5.32290320e-02 -5.68758760e-02
  -2.04698812e-02  1.24143388e-02  8.67437523e-02 -2.01452587e-02
  -5.07265985e-02 -3.12480510e-02  6.14320671e-02 -1.08263256e-01
   6.95412614e-02  2.83372377e-02 -3.82926731e-02  1.60959180e-02
  -2.04534565e-02 -5.81559011e-02  5.73746146e-02 -2.42546478e-02
   4.33703147e-02  9.98680430e-02 -5.28050793e-02 -4.00127393e-02
  -3.24019037e-02 -1.05254041e-01 -5.61608269e-03  8.45314983e-02
  -8.59794275e-02  5.58030510e-02  7.19540216e-02 -1.18048479e-02
  -4.15733206e-02  1.21580725e-02]
 [-8.81822952e-02  1.06557816e-01 -1.88745738e-02  7.59575421e-02
  -6.96926150e-02  1.85224849e-02 -8.89084568e-02  6.39093218e-02
  -1.04953822e-02 -7.75141123e-02  9.66430933e-02  1.02094107e-01
   1.55244247e-02  4.72077765e-02 -7.17985034e-02  4.41008035e-02
   1.04078065e-01 -3.09931812e-02 -1.07511606e-01 -8.28564150e-02
  -6.54731428e-02 -2.44318526e-02 -1.82805008e-02 -1.08197736e-01
   9.34116533e-02 -2.70513164e-02 -1.00077817e-01 -5.05836432e-02
   8.00255656e-02 -4.98016792e-02 -1.66397748e-03  5.16490552e-02
  -6.91559925e-02  1.00957058e-02  1.16619617e-03  5.16584788e-02
  -5.41617062e-02  1.07579358e-01 -1.00718849e-01 -3.14888133e-02
   4.34843600e-02 -5.32139532e-02 -1.00925056e-01 -4.30602998e-02
  -2.44876356e-02  5.78527830e-02 -7.19099803e-02 -8.11735572e-02
   7.11169635e-02 -8.79679448e-02  3.37362935e-03 -8.72570681e-02
   8.85592765e-02  6.47292620e-03 -7.79527874e-02  7.51249250e-03
   4.01468551e-02 -3.72038199e-02  9.52835362e-02 -4.23973626e-02
  -8.76501434e-02 -1.28524228e-02  2.15143047e-02  6.49821724e-02
  -1.04751842e-01 -1.18433196e-01  2.62501795e-02  3.61568912e-02
   1.05996192e-01 -4.91199720e-02  4.74204562e-03  9.76544488e-02
   4.36486842e-02 -5.30836114e-02  1.07430743e-02 -3.04101069e-02
   7.67331004e-02  9.90264155e-02 -9.88884342e-02 -6.57156752e-02
   2.02849640e-02 -6.55261948e-02  3.19073677e-02 -1.60690470e-02
  -1.72291371e-02  9.92594085e-02 -4.33732314e-02  6.00207109e-02
  -5.26048548e-02  2.13408846e-02 -1.89076043e-02 -8.57593920e-02
  -8.87623167e-02 -7.35641134e-02 -4.07550944e-02  2.71712059e-02
  -1.41019734e-02  1.44830667e-02  3.30712877e-02 -8.76899226e-02
  -1.61602782e-02 -1.74922132e-02  1.00178981e-01 -1.04748918e-01
   8.11020688e-02  2.79473573e-02  4.75451637e-03 -9.29263063e-02
   2.28419000e-02  3.85057356e-02 -5.50308140e-03  2.51689886e-02
  -2.60403607e-03 -5.94059181e-02  5.89043782e-02 -1.99911093e-02
  -7.62795704e-02  6.33514463e-02 -4.19471133e-02 -3.61226856e-04
  -7.85970857e-03  6.19028863e-02 -3.49346066e-02 -4.22869023e-02
   1.30461880e-02 -4.70452440e-03  2.67745904e-02  5.78830805e-03
  -8.06156747e-02 -1.56872335e-02 -4.24469955e-02 -1.14678270e-02
  -8.41117066e-02  6.64323477e-02 -4.87798657e-02 -3.40461469e-02
   3.53468377e-02  6.07621408e-02  9.93980156e-02  1.48411466e-02
  -8.49723845e-02  6.18425090e-02  8.44970377e-02 -9.57185914e-02
   4.46716239e-02 -6.77684442e-02  1.00298329e-01  9.12890965e-02
  -8.83634877e-02 -9.61098950e-02 -2.63394248e-02 -3.48658656e-02
   1.00219381e-01  5.57527799e-02  7.85722052e-02  8.32491650e-02
  -5.59067646e-02  5.77734552e-02  1.43649947e-02  4.77593984e-02
  -2.37903142e-02  5.81904741e-02 -3.05587978e-03 -5.47993363e-02
   4.25196502e-02  9.09573204e-02 -6.36706973e-02  1.03970881e-02
   9.25197603e-02  3.93769909e-03 -7.80408317e-02  7.53417786e-02
  -5.36064739e-02 -8.08292420e-02 -3.80705390e-02  1.17762489e-01
   3.54808192e-02 -7.02686806e-02 -8.39299956e-02 -8.81354525e-02
  -8.76716970e-02  6.50213443e-02  6.01083806e-03  9.04404927e-02
   5.41782767e-02  8.37284140e-02  8.92286303e-02  9.71089274e-02
   3.19231573e-03 -1.61497742e-02  1.01037755e-01 -8.01467845e-02
   6.76345887e-02  8.20871946e-02  1.01117574e-01  3.74154280e-02
  -6.65711153e-02  7.34959833e-02 -1.89278364e-03  1.52829617e-02
  -1.48399890e-02 -9.24336913e-02  6.29514373e-02  2.79284366e-02
  -8.94599694e-02  9.57531762e-02 -8.20508149e-02  6.55504170e-02
   3.77649337e-03  1.00263832e-02  3.72472611e-02 -2.14343758e-04
  -5.19657817e-02  8.25392427e-04 -7.44356882e-02  4.81900815e-02
  -6.93425204e-03 -5.55725160e-02  8.22327726e-02 -4.80655905e-03
   8.75788724e-03 -8.75067119e-02 -2.43429672e-02  5.24628855e-02
  -2.82014068e-02 -4.83172995e-03 -3.68648356e-02 -5.08192257e-03
  -8.16719144e-02 -5.25103087e-02  1.13248978e-01  4.84276919e-02
  -6.66884867e-02  2.87087541e-02  9.03137894e-02  7.63833800e-02
   4.88914786e-02  8.27736099e-02 -2.31439576e-02 -1.36427145e-02
   7.97020566e-02  5.15268305e-02  3.59407567e-02  6.34879323e-02
   2.77865845e-02 -1.00603698e-01 -2.41949795e-02 -7.70530340e-02
   6.38307646e-02 -8.97400176e-02]
 [-3.86795327e-02  8.63921615e-02  1.18639582e-02 -5.51797027e-02
  -9.23762658e-02  1.01802190e-01  9.29236935e-02 -1.00458653e-01
  -1.97876573e-02 -6.47628911e-02  5.68780798e-02  4.80823877e-02
  -8.13032995e-02  1.00631083e-02 -9.52476979e-02 -7.07594741e-02
   8.03686566e-02  2.94709732e-03 -5.70161669e-02  5.98947192e-02
   1.23589636e-02  1.02287418e-01  6.39123187e-02 -1.93084790e-02
   1.13557530e-02 -6.06085917e-02  1.07921842e-01 -5.85041683e-02
   2.53112808e-02 -1.78812496e-02 -6.22988512e-03 -1.14025073e-02
   2.45352397e-02  9.01381509e-02  1.00181009e-01 -7.11703211e-02
  -4.82262129e-02 -5.32420882e-02  1.08585097e-01 -5.36951972e-02
   3.61420885e-02  1.88611162e-02 -5.83148064e-02  4.89705099e-02
   8.49290829e-02  7.57540005e-02  9.03936903e-02 -6.20241099e-02
  -1.07706401e-01  8.11412736e-02  1.49214034e-02  8.67395149e-02
   8.65041474e-02  3.46724348e-03  1.00043877e-01  8.74688195e-02
  -3.01761659e-02  8.19600091e-02  8.80533260e-02 -7.04517154e-02
   3.52644973e-02  7.31274588e-02  3.68325813e-03 -3.30604106e-02
  -9.35761081e-02  6.70544567e-02 -4.89889313e-02  1.74614488e-02
   4.22728904e-02 -6.88050876e-03 -4.86650278e-02  6.22865624e-02
   2.75586307e-02 -7.96121697e-02 -1.99850085e-02  1.77066121e-02
   5.00452651e-02 -6.49358784e-02  1.03793668e-01  4.91277311e-02
   4.46992473e-02  5.57770614e-02 -7.57603674e-02  1.09011759e-02
   7.66848240e-02  7.73240688e-02  3.13699160e-02 -1.05224249e-01
   1.38213814e-02  3.56933938e-02  2.55556849e-02 -6.86793837e-02
   3.10715188e-02 -5.80646146e-02 -8.54466221e-02 -3.34400598e-02
  -9.62205320e-02 -1.80282911e-02  2.10816332e-02 -8.30851716e-02
   3.71725118e-02 -1.32009541e-02 -3.95398099e-02  3.13209553e-03
   9.51906538e-02 -9.97916199e-02  8.39881761e-02  3.25269140e-02
  -6.68641925e-02  4.28011387e-02 -6.89618847e-02 -4.96004529e-02
  -6.83480033e-03 -6.18267581e-02 -5.58132590e-02  3.80689864e-03
   5.70807525e-02 -3.04019124e-02  5.01148592e-02 -1.01971610e-01
  -9.92125725e-02  9.55903825e-02  5.73979236e-02  7.87085677e-02
  -6.30788200e-02 -7.48476460e-02  1.53886815e-02  8.71575153e-02
  -6.36582127e-02 -4.00186479e-02  3.33658195e-02  1.98457308e-02
  -5.38077535e-05  1.17809561e-02 -7.35890797e-02  5.20680350e-02
  -9.44728980e-02  1.04558966e-02 -3.22141519e-02  8.79293423e-02
   4.38012067e-02  5.77699920e-03 -9.86612141e-02  6.97245453e-02
   8.36440379e-02  5.09833886e-02  9.01433058e-02 -1.09282031e-01
   2.75729507e-02 -9.02646072e-02 -2.39643635e-02 -5.42006576e-02
  -3.37236258e-02  8.25149019e-02  7.71479192e-02 -3.72895524e-02
  -2.12320700e-02 -9.69591560e-02  7.82369076e-02 -1.02490790e-01
  -2.80926627e-02 -7.82448325e-03 -4.26850804e-02  8.12130723e-02
   9.66680178e-02  8.64584406e-02  9.47440390e-02  7.02038581e-02
   2.97138501e-02 -1.01967211e-01 -7.88929055e-02 -8.61214255e-02
  -7.77034287e-02 -9.31627189e-02 -3.43484995e-02 -1.61472362e-02
   1.82424462e-02 -1.33264804e-02  9.89471347e-03 -3.83388299e-02
   7.59007403e-02  6.95390250e-02  1.65329888e-02 -8.53484888e-02
  -5.28595493e-02 -5.77030460e-02 -7.29403153e-03 -4.36486419e-02
   8.67348862e-02  3.21785640e-02  5.00288712e-02  4.80506981e-02
   2.71333707e-02 -4.39867538e-02  8.67157983e-02 -2.38085032e-02
  -3.28270172e-02  5.56141694e-02  5.75774857e-02 -1.09632732e-02
  -4.75656032e-02 -3.38642041e-02 -3.97971761e-02 -5.76187541e-02
   9.43768133e-02  5.63241314e-03  9.58139446e-02  3.11988826e-02
  -9.95903871e-02 -3.05392656e-02  5.27113656e-02 -7.69465272e-02
  -6.99881758e-02  2.48686850e-02 -8.05171928e-02  1.31268015e-02
  -6.25032013e-02 -5.45910073e-02  5.86394815e-02 -1.00307944e-01
  -1.73788213e-02  1.90204573e-02  2.97737569e-02  2.31893436e-02
  -9.57848723e-02  7.11183300e-02 -3.69386058e-02 -5.35125310e-02
   1.56510647e-02  1.51645560e-02 -3.69533921e-02  7.58971906e-02
  -5.49351577e-02 -1.04760140e-01  7.90101375e-02  8.01694194e-02
  -5.37270425e-02 -6.15253501e-02  7.67585794e-02  7.66855703e-02
  -3.12746991e-05 -1.16982965e-01 -6.92624510e-02 -1.01860435e-01
   2.30226308e-02 -2.06403015e-02  1.05517762e-01 -7.26526525e-02
   6.99605759e-02 -1.21636529e-02]
 [-3.50881594e-02 -6.98457957e-02  5.94076560e-02  5.60803785e-02
  -9.21347431e-02 -5.03056924e-02  8.83435276e-02  8.99718564e-02
   2.35951441e-04 -5.82570891e-02 -6.42271089e-02 -1.94246585e-02
  -9.77841174e-02 -4.87567094e-03  2.25380284e-02  5.17188513e-02
  -7.12312306e-02 -7.92915254e-02  7.01138152e-02 -3.19120028e-02
   8.17949520e-02  1.07740085e-01  6.31826406e-02 -3.28217000e-02
  -8.85726035e-02 -2.36299729e-02  8.63664385e-02 -7.59528308e-02
  -9.21547585e-02  2.52257030e-02 -7.42910004e-02  7.77420285e-02
  -2.86574019e-02  7.66738589e-02 -4.99610441e-02 -1.03260420e-01
  -5.39951391e-02 -3.50307489e-02  8.44344595e-02 -9.99652939e-02
   4.25823765e-02  9.54672823e-02 -6.49457153e-02  1.62074038e-02
   4.84240161e-02  1.03168739e-01 -7.84333772e-02  3.95373825e-02
   9.36820428e-02 -3.14140961e-02  1.83140236e-02  5.53891215e-03
  -7.17573784e-02 -9.40940024e-02  1.06567223e-01  5.81938388e-02
   5.84773813e-02 -1.13617904e-02  1.07603088e-01  1.43449535e-02
   5.04632126e-02 -3.24112307e-02  7.13492176e-02  2.94279987e-02
   1.95318617e-02 -6.85296514e-02  7.61645432e-02 -7.09981481e-02
  -9.77085309e-02  6.41955407e-02 -5.99886823e-03 -1.91005239e-02
  -5.17067300e-02 -1.12338825e-01 -3.44910510e-02 -8.97024504e-02
  -5.35155753e-02  1.23526809e-02 -7.57238734e-02  5.84849694e-03
  -9.71210572e-02  5.43013496e-03  6.74764777e-02 -6.28114536e-02
   1.92862440e-02 -9.05818342e-02 -2.62704131e-02 -9.41570861e-02
  -6.66561663e-02 -1.97544632e-02  9.28555719e-02 -1.07895699e-01
   7.41243935e-03 -1.07860680e-01  7.80784588e-03  5.99370176e-02
   2.60120055e-02  6.23304292e-02 -8.82230043e-02  8.40764724e-02
  -9.54744202e-02 -1.55521925e-02  5.15637562e-02 -1.05789232e-01
  -6.23511571e-02 -1.77280162e-02  1.94378383e-02 -3.16329139e-02
  -5.00730497e-02  6.03194939e-02  1.39115966e-02  4.21950429e-02
  -2.03736660e-02 -9.08465530e-03 -4.84791840e-02 -9.73539167e-02
   6.64234961e-03 -7.58246502e-02  2.47698931e-02 -7.69611432e-03
  -9.21159497e-02 -8.90050932e-02 -1.23460414e-02 -7.50250627e-02
   8.17421027e-02 -1.43505692e-02  6.12103122e-02 -4.40632454e-02
   2.89027721e-02 -4.85413128e-02  4.88712612e-02 -7.82910925e-02
   6.31534275e-02 -2.05894779e-02  7.24967416e-02 -1.02350720e-01
  -5.23785372e-02 -1.04369858e-02  1.11145924e-01  6.68542192e-02
  -8.42156608e-02  9.04094916e-02 -9.29033199e-02 -7.22026283e-02
   3.56476672e-02 -4.81867623e-02  4.11374313e-02  2.90214850e-02
   8.03158060e-02  4.50426344e-02  1.89362455e-02  5.40389889e-02
   9.61241598e-02  9.24641405e-02 -6.57530698e-02  1.08124751e-01
  -2.18718798e-02 -8.21204689e-03 -3.27713822e-04 -3.87863308e-02
   2.26886042e-02  9.99491682e-02 -6.80034137e-03 -2.41504337e-02
   5.72929508e-03  8.70654799e-03  4.84539224e-02 -5.17748121e-02
   2.06070757e-02 -7.74866688e-02  6.81423584e-02  4.38082097e-02
   8.46080089e-02  1.69322672e-02  8.49409834e-02  4.28468733e-02
  -7.70285716e-02  2.45985001e-02 -5.18856820e-02 -2.71367116e-03
  -7.66381426e-03  3.14614035e-03  6.50484115e-02 -1.29538700e-02
   4.43781842e-02 -1.14009692e-02 -9.74384769e-02 -7.53338986e-02
   1.15275253e-01  6.35261437e-02 -1.82363978e-02  2.23740696e-02
  -3.01752351e-02 -6.07996633e-02 -3.34858161e-02  3.94836766e-02
  -7.56620107e-02  8.14891947e-02 -7.02289994e-02  9.25776762e-02
  -7.68243422e-02  8.18251813e-02  1.84369592e-02 -6.70088135e-02
  -6.32387137e-02  1.28388246e-02 -6.57719588e-02  6.18806024e-03
   7.23772079e-02  8.74062339e-02 -5.89717821e-02  7.77584326e-02
  -4.36929526e-02  4.77924656e-02  7.65029476e-02  1.04354360e-01
   5.51860034e-02 -6.35691140e-02  3.22059020e-02 -9.57659068e-02
   3.89935546e-02  6.82049275e-02 -1.01527044e-01  2.46231799e-02
   6.99812814e-02  2.34682757e-02  1.01991445e-01  7.74983797e-02
  -1.59102706e-02 -4.17678492e-02  1.54880348e-02 -3.80572860e-03
   7.52846791e-02 -8.09065645e-02 -6.48590772e-02  5.95901457e-02
  -1.16066185e-03  9.27186834e-02 -8.24805948e-02  1.18458296e-02
   2.87973557e-03 -4.78687451e-02 -6.90887404e-02 -9.22418057e-02
   1.07346682e-02  8.51194985e-03  7.95759903e-02 -1.02393733e-01
  -5.84585284e-02 -6.48993526e-02]
 [ 8.07437545e-02  5.28207687e-02  4.37153957e-02 -9.61043595e-02
   3.35931169e-02 -6.08389613e-02  8.99274559e-04 -7.71815188e-02
  -4.32805233e-02 -7.55272781e-03  5.38570036e-02  7.21154110e-02
  -7.16786344e-02 -4.57521543e-02  6.18033857e-02  6.98902977e-02
  -2.68201812e-03 -6.03521439e-02  8.22406710e-02  8.48491459e-03
   2.91922072e-02  4.66265127e-02  4.02482025e-02 -1.01077533e-01
   1.39679146e-02  4.39299191e-02 -7.70882541e-02  5.26605538e-02
  -6.78064896e-02 -9.35310884e-02 -1.06598451e-02  2.95608251e-02
  -7.01627402e-02 -7.29512851e-02  6.15052958e-02  2.59171709e-02
  -5.03779415e-02 -8.07856419e-02 -9.75268562e-02  3.76091644e-02
  -8.49597264e-03 -6.76293093e-02 -3.41704572e-02 -7.55405274e-02
   1.13484679e-01  4.03825047e-03  9.81559814e-04 -1.78924476e-02
   5.13212893e-02 -1.11675667e-01  1.11008126e-02  6.91169186e-02
   4.60009579e-02  1.46596530e-02 -5.39995362e-02  5.01482167e-03
   8.73463303e-02 -4.32634092e-02  1.20751745e-01  2.54425545e-02
  -1.32576685e-02 -8.99887354e-04 -8.70007837e-03 -1.58923551e-02
  -1.05905077e-01  1.00186558e-01  9.57389971e-02  8.90416320e-02
   1.30538700e-02  1.02862788e-01  9.31388147e-02 -6.73114212e-02
   6.14529494e-02  7.78927035e-02  1.30217731e-02  1.34405027e-03
   8.32090545e-02  1.02134423e-01  1.04221887e-01 -5.07327573e-02
   5.36017277e-02 -1.05878648e-02  8.95747435e-02  5.71547867e-02
   6.68285169e-02 -2.94040492e-02 -2.15209462e-03 -4.60156003e-02
  -3.84803003e-02 -8.17835969e-02 -1.23914373e-02 -7.73257810e-02
  -8.17788781e-02 -1.26634191e-02  8.74930807e-02  7.43895622e-02
   1.01915460e-01 -1.52898271e-03 -1.00755686e-01 -1.10091982e-01
  -3.89061925e-02 -4.05206783e-02 -6.81386236e-02  5.68826554e-02
  -5.53235242e-02 -7.17832757e-02  5.67838617e-02  9.31117895e-02
  -7.76112091e-02 -4.50416058e-02 -4.80554661e-02  9.07604743e-02
   5.70839542e-02 -2.87824724e-02 -6.68375398e-02 -1.09379259e-01
   9.08750583e-02  8.54924509e-02 -4.98192484e-03 -4.32237552e-02
   4.76205693e-02 -1.75059345e-02  4.22879372e-02 -1.15186399e-01
   6.29506614e-02  5.62960552e-02  1.12613563e-01 -2.68569245e-03
  -9.94099922e-02  3.91042207e-02  9.94672930e-02  1.05886244e-01
  -1.10865524e-01 -1.40015564e-02  3.39433640e-02  6.73793736e-02
  -4.90464110e-02  2.12630741e-02  1.64572169e-03 -3.83874554e-02
   8.27876253e-02 -6.35581911e-02 -3.88581711e-02  1.22655070e-03
  -8.81894354e-02  1.08298249e-01 -3.44118567e-02 -7.95186536e-02
   2.57136150e-02 -4.28048046e-02  1.03059353e-01  3.56221112e-02
  -8.65555841e-02 -5.18250415e-02  6.32199934e-02  3.72585195e-02
   3.39503761e-02  6.92555114e-02 -6.41375738e-02  1.78911715e-02
   8.11664562e-02  5.26060460e-02  5.09945689e-03 -2.86860578e-02
   5.12353242e-02  1.45189300e-02 -6.36708707e-02 -4.81535783e-02
   1.14254258e-01  9.80030862e-02  1.20802742e-02  2.16052572e-02
  -6.20588090e-02  4.04935794e-02  1.15251714e-01  4.59199503e-02
   9.15946667e-02 -9.77113807e-03  3.17537488e-02  1.01518788e-01
   5.51288744e-02 -4.82152434e-02 -4.65311110e-02  1.36984223e-02
  -6.88721942e-02  1.53361085e-02 -8.72349420e-02  5.82166252e-02
   1.32826854e-02  1.27530981e-01 -1.00825628e-01  7.18099633e-02
   7.26803362e-02 -1.75671460e-02 -3.87956463e-02 -9.48379511e-02
   2.65836345e-02 -3.86136781e-02 -1.61312533e-02  6.74463130e-02
   7.02052973e-02 -3.02935108e-02 -2.35484958e-03 -7.48526176e-02
  -1.00435701e-01  5.84008615e-02 -2.73782959e-02  4.91476066e-02
  -1.92388128e-02 -9.68684174e-02  2.02785684e-02 -5.38213461e-02
   4.19704880e-02 -1.83695072e-02 -4.68606095e-02  6.35372624e-02
   9.55872916e-04  6.02263436e-02 -9.56540386e-02  5.04097313e-02
   8.84880433e-02  1.15716045e-01  8.17447856e-02  4.01139778e-02
  -8.15641868e-03  2.51486785e-03 -5.55718548e-02  5.28970995e-02
  -4.18222714e-02 -3.09726315e-03  9.35238261e-02 -7.13534043e-02
  -7.63976768e-03 -8.87546924e-02  8.17917171e-03  3.76322681e-02
   3.41765828e-03  1.85861651e-02  2.37237330e-02 -5.63997624e-02
   1.05547651e-01 -6.87649542e-02 -7.33237954e-02 -9.65996181e-02
  -4.85347852e-02  3.11403466e-03  3.12455416e-02  3.65169408e-02
   5.07096375e-02 -3.71455399e-02]
 [ 3.26308745e-02 -7.24259046e-02  4.16869730e-03 -3.39476194e-02
   4.49728256e-02 -4.21463567e-02 -6.01911529e-02  9.53688415e-02
  -6.05018964e-02  2.72633980e-02  9.14411435e-02 -8.64515425e-02
  -4.29153676e-02  9.23158043e-02 -6.23372433e-02  7.15972757e-02
  -1.13905719e-02 -9.07615040e-02  8.78334616e-02 -7.20979456e-02
   7.50466965e-02  7.11690008e-02 -9.47870997e-02 -5.93547404e-02
  -9.58556513e-02  9.21836545e-02 -5.31813378e-02 -9.52921049e-02
  -8.39733862e-02  3.56141690e-02 -5.88060251e-02  6.49563749e-02
   8.85847111e-04  1.23743772e-02 -7.86919882e-02 -1.18887916e-02
  -2.87412262e-02 -9.31685360e-02 -1.55142637e-02 -6.15579000e-02
   7.66271278e-02  3.63275346e-02 -7.14680546e-02 -5.36600158e-02
   9.31326843e-03 -1.57364860e-02  7.29826294e-02 -9.97577987e-02
   1.02804074e-01  2.78523011e-02 -5.45252926e-02  1.27877866e-02
   3.08059471e-02 -5.96077995e-02 -3.15718215e-02 -7.58737226e-02
  -1.14221028e-02 -4.28754427e-03 -2.74063512e-02 -8.70053375e-02
  -1.77942267e-02 -7.88305179e-03 -9.52722285e-02  6.49792979e-02
  -5.00262222e-02  6.89436920e-03  4.72668056e-02 -4.23174429e-02
  -7.50356636e-02  8.43158553e-02 -8.38146018e-02  1.49606348e-02
   9.16808612e-02 -7.69065738e-02  9.57719527e-02 -9.88770431e-02
  -6.94074052e-02  3.72000843e-02 -5.80399010e-02 -4.32853259e-02
   9.89356156e-02  2.73527389e-02  8.17087545e-02 -2.38653877e-02
   2.30835835e-03 -6.18667751e-02 -7.95836612e-02  2.89046540e-02
   6.08510877e-02  1.09857182e-01  6.45338784e-02  3.57920759e-02
  -9.23889667e-02  2.17632952e-04 -1.10770450e-01  3.78553964e-02
  -8.21905433e-02  6.33258040e-02  9.35477015e-02 -9.87706884e-02
   5.50277788e-02  1.52578756e-02 -4.38921612e-02  4.74068553e-02
   6.73183900e-02  7.40526445e-02  4.53110294e-02 -4.48961960e-02
  -6.86734062e-03 -7.51456017e-02  1.67161432e-02 -5.39683872e-02
   5.90241487e-02 -1.54946335e-03 -7.02266620e-02 -5.62458286e-02
  -1.17747688e-02  3.69686301e-02  1.07662076e-01 -8.24230063e-02
   9.54657939e-02  2.39172704e-02  3.79067974e-02 -8.08283776e-02
  -4.65584140e-02 -8.61948445e-02 -1.80207537e-02  6.06424890e-02
   1.03364812e-01 -4.77832231e-02 -5.62543627e-02  5.51075488e-02
   3.68685127e-02  3.05310477e-02 -8.28792098e-03  1.02619277e-01
   2.75472254e-02 -6.32686695e-02  1.01137039e-01 -7.21800254e-02
   3.55990359e-02 -7.33175102e-02 -4.12065893e-02  2.25883190e-02
  -2.49339187e-02 -1.02882752e-02 -4.02396123e-02  1.31098495e-02
  -2.16367266e-02  2.62695379e-02 -4.94757604e-03 -3.85847869e-02
  -2.33012107e-02 -9.78052579e-02 -1.57549314e-02 -9.01203007e-02
  -1.08464657e-01 -7.79221006e-02 -4.60009272e-02  7.65652938e-02
  -1.14786801e-01 -3.28068293e-02  1.80510887e-02  8.88075375e-02
  -9.14931412e-02 -8.14574494e-02 -8.98404219e-02 -3.52147231e-02
  -4.39766676e-02 -7.27789106e-02 -9.94017096e-02 -8.86583684e-02
  -7.25441298e-02  3.37076794e-02 -1.42161547e-02 -5.49338347e-02
   6.15464711e-02  3.99988060e-02 -9.48694200e-02  4.54488384e-02
   8.17582526e-02  3.41774688e-02 -1.43797453e-02  3.69910211e-02
   8.05046136e-02 -3.24358276e-02  6.83258924e-02  5.62962705e-02
  -5.63113282e-02  9.53909866e-02  9.89543970e-02  9.88422971e-02
   4.17450149e-03 -3.66166058e-02 -5.07621351e-02 -5.16161178e-02
  -1.56086519e-02  2.23843375e-02  8.86746623e-02 -9.59696374e-02
  -6.33540127e-02  9.43194682e-02 -1.98459246e-02  3.00952274e-02
  -6.66403792e-02 -7.08783216e-02  9.88908758e-02  1.18837053e-02
   4.77731788e-02  9.11486591e-02 -1.66126442e-02  5.26657066e-02
  -4.87939172e-02 -3.79607689e-02  5.22246120e-02  6.56556396e-02
  -3.62774345e-02 -7.16493040e-02  9.45750461e-02 -4.04721439e-02
   5.10182564e-02  6.96222491e-02  2.03758815e-02 -5.72260831e-02
  -3.77783248e-02 -7.07674694e-02 -3.53558985e-02 -1.00962335e-01
  -7.81423127e-02 -9.96643622e-02 -7.82854312e-02  4.10481901e-02
   3.52513591e-02 -7.58621472e-03  1.65319222e-02 -8.31061555e-02
   9.21053811e-02 -5.94751099e-02 -2.46956542e-02 -3.82121248e-02
   3.17824913e-03 -6.64076837e-02  2.56959008e-02 -7.62324438e-02
  -4.93894781e-02 -1.99757926e-02 -1.07072997e-01  5.67081780e-02
   8.52510515e-02 -7.72896747e-02]
 [ 7.82098562e-02 -9.57093707e-02 -8.31550813e-02  1.94652971e-02
   9.01615112e-02  5.96100795e-02 -2.72113990e-02 -4.69553953e-02
   1.11221763e-02  6.51219322e-02  8.67138825e-03 -1.70910658e-02
   9.38753871e-02  7.92732325e-02 -2.77615732e-02 -1.08873443e-01
  -2.02013421e-02 -8.72055087e-02 -1.01017197e-01  9.10235457e-03
   2.63252010e-02  8.18131185e-02 -8.74995766e-02  2.10833760e-02
  -5.77353892e-03 -9.07398682e-02 -8.09827489e-02 -4.02277760e-02
  -6.21447425e-02 -1.70075257e-02 -8.40825774e-02 -9.47185804e-02
  -1.76198207e-02 -9.07857861e-02  8.97536911e-02  5.12486436e-02
   8.47301434e-02  2.67200227e-02  7.53642286e-02 -6.47272872e-03
  -3.75149344e-02  8.32542585e-03 -9.30198298e-02  4.36832787e-02
   3.02350264e-02  5.07769811e-03 -1.67495973e-02  3.71263905e-02
  -4.05367729e-02  2.91198867e-02 -4.45663898e-02 -8.10512188e-02
   7.56512732e-02  7.18550227e-02  2.44278894e-02  7.52368589e-02
  -4.55209953e-02  2.76645018e-02  2.03011999e-02 -4.89629302e-02
   6.87008086e-02  8.29081338e-02  7.88857620e-03  9.69231660e-02
   1.05335392e-01 -7.52943195e-02 -5.67373187e-02  4.95638873e-02
  -4.60703598e-02  1.01281754e-01  4.17944075e-02 -4.24976992e-02
   4.75228484e-02 -3.09117124e-02  6.54955931e-03 -9.27523142e-02
  -4.02372298e-02 -6.34041244e-02 -1.20226606e-01  1.03492805e-01
   6.23046724e-02 -6.67251134e-02 -5.08641628e-02 -8.12901621e-02
  -6.52252997e-02  7.51528784e-02  1.24238928e-02 -5.83498653e-02
  -6.16461265e-02 -1.21443202e-01 -2.59399748e-02  1.15617807e-01
  -8.67016570e-02  7.20897432e-02  1.54986248e-02  3.20683556e-02
  -2.40284667e-02 -6.40155942e-02 -1.17627983e-01 -6.71016450e-02
  -2.14097403e-02 -1.29082874e-02  7.47059291e-02 -6.03238989e-02
  -9.79605892e-02 -8.59485550e-02 -3.77526610e-02  6.32545880e-02
  -5.48422873e-02  1.03009833e-01  1.77330020e-02  7.91572740e-03
   5.30036247e-02 -8.17644230e-02 -2.34254242e-02  9.19204484e-02
   6.09305040e-02  9.61989209e-02  1.26979462e-02  9.02903365e-02
   1.17356556e-02  9.19932580e-02 -1.36891285e-02 -4.08314807e-02
   5.42238309e-02  5.84904327e-02 -6.71813498e-02 -9.56494638e-02
  -5.07675588e-02  1.91749372e-02 -3.93829791e-02  5.65198510e-02
  -3.81316294e-04 -1.99674034e-02  1.15207423e-01  1.03666793e-01
  -2.34210367e-02  8.67806537e-02  1.05751453e-01  1.02237595e-01
  -5.70823256e-02 -5.01156767e-02 -7.38378523e-02 -7.95441641e-02
   3.23165096e-02  6.66752513e-02  4.54856041e-02  8.45063871e-02
  -9.55309883e-02  2.09964422e-02  4.99275761e-02  4.77544178e-03
  -1.06613643e-01  4.01717597e-02 -8.21872027e-02 -1.75447423e-02
   2.74411344e-02  1.40657854e-02 -1.08311181e-01 -4.75763275e-02
  -3.63117035e-02 -8.29611707e-02 -1.60751531e-02  3.15939439e-02
   9.97098645e-02  3.72025339e-02 -3.70840539e-03 -9.03950107e-02
  -4.84067779e-02  3.11386592e-03 -9.51928025e-03 -7.26888789e-02
  -5.46068349e-02 -5.74335539e-02  1.25051603e-01 -3.61150728e-02
   7.84543384e-02 -1.01905676e-01 -7.50840395e-02  8.30076687e-02
   9.78463124e-03 -3.40001083e-02 -4.62345780e-02 -9.98832783e-03
   9.81830033e-02 -7.47873317e-02 -4.17234049e-02 -6.14620778e-03
   8.01766736e-02 -2.46286238e-02  7.97192867e-02 -3.24557494e-02
   6.25025372e-02 -5.26342024e-02 -5.63718113e-02  1.08530239e-02
  -6.94643834e-02 -7.51765315e-02 -3.13440706e-02 -3.05962247e-02
   4.93320437e-03  3.57383499e-02 -2.96408570e-03  3.75199630e-02
   1.09207272e-02 -8.37926196e-02 -3.17352044e-02  8.51701917e-03
   5.27337232e-02  5.27918880e-02 -7.25799372e-02 -6.63628679e-02
  -1.05759971e-01  6.62439356e-02  6.58157823e-02 -4.70066650e-02
  -4.95406841e-03  1.20548546e-01  2.15172453e-02  1.28154214e-02
  -5.07550734e-02 -4.14220648e-02  9.66003423e-02  9.59302587e-02
  -8.62411800e-02  5.13382768e-03  5.83392406e-02 -7.16625529e-02
  -8.95558811e-02 -2.24288320e-03 -3.37961799e-02  3.24852762e-02
  -6.30396404e-02 -3.98428794e-02  6.76723573e-02  3.61836000e-02
   7.05727225e-02  4.24965919e-02 -5.06100888e-02 -1.07252977e-01
  -1.22136108e-02  2.55169655e-02 -7.99824550e-02  6.41673575e-02
  -3.54358906e-02  4.75504089e-02  6.02880143e-02 -2.40726939e-02
  -8.99523026e-02  4.98032295e-03]
 [-6.76218366e-02  1.79571125e-02 -1.06214986e-01  5.41358808e-02
  -6.80677232e-02 -8.36535544e-02  3.69721234e-02 -6.38710077e-02
  -7.11823648e-02 -3.04263526e-02  6.92889220e-02 -9.97639539e-02
   6.01197541e-03  6.08312364e-02  3.93637168e-02  7.81333731e-02
   7.85179481e-02 -7.91193438e-02  8.50060261e-03 -6.34562252e-02
  -5.83972868e-02  4.25879167e-02  7.86016580e-02  7.09645691e-02
  -3.76069905e-02 -8.19033372e-02 -8.01668299e-02 -2.65935552e-02
   1.76011077e-02 -2.98895151e-02  1.32867149e-02  4.75794228e-02
   6.60421532e-02  6.30596392e-02  7.61471639e-02 -5.75848219e-03
   5.03046070e-02  3.41730960e-02  9.90751285e-02 -3.80953575e-02
   7.30207575e-02  9.63310296e-02  2.99669440e-02  8.49615272e-02
   2.10791513e-02  3.67805212e-02 -1.00255739e-01 -7.33567701e-02
  -2.40720946e-02  1.05941369e-02 -9.76930692e-03 -6.33222270e-02
   5.64489843e-02  6.02281794e-02 -2.36430661e-02 -3.07334794e-02
   3.62414079e-02 -9.79627094e-02  7.81772803e-02  6.57336787e-02
   3.81620784e-02 -5.98826257e-03 -6.27177193e-02  2.78291004e-02
   8.07274305e-02  3.92027395e-02 -4.74885993e-03  1.37791535e-02
  -6.55197759e-02 -1.53841731e-02 -2.37700418e-02  3.98773859e-02
   5.74583877e-02 -2.40320304e-02  9.36014617e-02  7.94577156e-02
   1.01643138e-01 -7.38350746e-02  3.58754458e-02 -7.23957223e-02
   2.51514581e-03 -9.63040183e-02 -7.44118108e-02 -1.09754809e-01
   7.02368026e-02  7.20496607e-02 -8.04167034e-02  6.77369229e-02
   1.34504437e-02  8.97036301e-02  9.27173943e-02  1.13804103e-01
  -6.32811618e-03  4.64905360e-02  1.66978932e-02 -6.35393187e-02
  -5.03144784e-02 -9.14612790e-02 -2.90508549e-02 -9.77718323e-02
   1.48369569e-02 -3.15636651e-02  2.02913594e-02  6.39621116e-02
   7.52020553e-02  8.70583369e-02 -6.39244659e-02  7.35427465e-02
  -8.93767048e-02  4.65810519e-02  3.61824493e-02  1.00660758e-01
   3.19201324e-02 -2.63052934e-02  6.42275816e-03 -7.34007646e-02
  -1.06421512e-01  1.00604754e-02 -6.69478392e-02 -3.70620140e-02
   9.60416569e-02  4.40658329e-02  1.53995144e-02 -7.64870586e-03
  -4.46256698e-03  9.23924047e-02  4.81582539e-02  3.78464181e-02
   3.05259359e-02  3.48731729e-02 -5.59786269e-02  5.36365944e-02
   5.31073802e-02  4.80831166e-02  2.02903998e-02  4.37144980e-02
  -8.32443328e-02  7.05762254e-02 -4.31555517e-02 -8.15606155e-03
   7.06154319e-02  3.83050800e-02 -5.17689603e-02  5.72824041e-02
   1.13826593e-01  1.10566212e-01  4.23559376e-02  1.74809732e-02
   8.80815035e-02 -6.51254882e-02  5.77049966e-02  7.65687533e-02
  -2.21754093e-02  8.28561882e-03 -1.07372414e-01 -8.75120176e-02
   2.99284808e-03  9.73636658e-02 -9.68030858e-02 -6.95444186e-02
   6.12531200e-02 -5.83915031e-03 -1.07467241e-01 -1.77340495e-02
  -8.24782395e-02 -7.87975141e-02 -8.59755221e-03  7.86256811e-02
  -1.46996521e-02  4.28002474e-02  4.94746199e-02  9.12093463e-02
   7.01947477e-03  6.88351561e-02 -9.32983738e-02 -8.45454259e-02
   1.85993185e-02 -1.06430253e-02 -1.17256969e-03 -1.39853607e-02
  -3.53298034e-02 -7.95535731e-02  5.62043634e-02  1.07259096e-01
  -7.53357796e-02  3.69252989e-02  8.04833926e-02 -5.35632820e-02
   5.13990809e-02  9.99504085e-02 -6.23914457e-02 -5.81583309e-02
  -5.12448659e-03 -3.44001306e-02 -4.28995617e-04  6.46691232e-02
   8.02947526e-02  6.70592255e-02 -2.60991622e-02 -3.56982022e-03
  -9.63162875e-02  2.54966587e-02 -3.98867445e-03 -5.79861549e-02
   1.66988271e-02  8.33285106e-02 -9.83123757e-02  2.62320690e-02
  -3.33890526e-02 -1.15415670e-02  9.06423922e-02  9.99053727e-02
   4.02920817e-02 -7.32713202e-02  8.71698670e-02 -1.03390913e-01
   2.89873235e-03 -2.87723577e-03  7.89133026e-02  2.50590696e-02
  -4.80819237e-02  3.23029260e-03  1.04583846e-01 -8.90034158e-02
   8.52088092e-02  1.00639534e-01  6.29311940e-02  4.62941625e-02
  -5.58838827e-02  9.41693191e-02  4.92344144e-02 -5.95952610e-02
   9.51718568e-02  2.42308268e-02 -8.24991816e-02 -4.12933414e-02
   1.17839602e-01 -6.36203956e-02  1.86041828e-02 -5.58793042e-02
  -9.06375283e-02  3.71763539e-02 -1.22313642e-02 -1.90206970e-02
   9.58619856e-04  4.41960778e-02  8.78099719e-02 -1.10589654e-01
   9.25610972e-02 -7.96755862e-02]
 [ 3.05674743e-02 -2.68159439e-03  8.73652834e-02 -3.60656610e-02
  -4.90278722e-02 -7.92853096e-02  4.01752762e-02 -2.39773845e-02
  -1.23391798e-02 -4.25136931e-02 -4.69941611e-02 -4.42303681e-02
   1.10303503e-01 -4.61122515e-02  3.08472324e-02  4.04810211e-02
  -4.91383945e-02 -6.60597765e-02 -3.50820311e-02 -1.08618779e-01
   1.10425289e-01  1.22153505e-01  2.27006594e-02 -7.51213556e-02
   1.15420141e-01  3.20371278e-02 -8.95143338e-02 -6.88481852e-02
  -9.00408808e-02  5.09134648e-02 -6.45560997e-02 -8.45415720e-02
  -3.39795496e-02  1.44184325e-02 -7.71179366e-02 -2.02935433e-02
   6.59817414e-03  6.49971705e-03 -1.71429606e-03  2.43894655e-02
   8.68746653e-02 -7.10862157e-02  3.59553485e-02 -8.38790845e-02
  -7.11999335e-02  3.39472894e-02 -9.01765582e-02  1.21008498e-01
  -1.28805084e-01  7.13743825e-02  1.01756846e-01  7.76188734e-02
   6.08173976e-02 -7.22311736e-02 -6.10810368e-02  7.33986565e-02
  -1.66338793e-02 -7.55587994e-03  6.62760406e-02  9.42791564e-02
  -5.13381104e-02 -8.38760673e-02  6.49457178e-03 -9.92165888e-02
   4.14299786e-02  2.15828065e-02  6.00486207e-02  5.86872644e-02
   3.13411532e-02 -1.33041626e-02 -9.99005536e-02 -1.29397562e-02
  -9.43055525e-03 -4.71311293e-02  5.32581363e-02  2.25176140e-02
  -8.73659708e-02 -9.89005796e-02 -2.38802700e-02  5.96727439e-02
  -3.38689461e-02  6.56316993e-02 -4.44397779e-02  4.45982554e-02
  -1.04492502e-01  3.44701308e-02 -1.47467352e-02  1.97365215e-02
   9.54322360e-02  8.87922580e-02  5.26105887e-02 -8.09874673e-02
   1.35135662e-02 -1.03314278e-01 -4.58667094e-02 -6.95559043e-02
  -5.12109794e-02 -7.10123887e-02  9.30422633e-02 -8.60265470e-02
   3.82417214e-02 -2.93582530e-04 -5.07668492e-02  8.17371566e-02
   4.36384781e-02  3.61174509e-02 -3.27082338e-03  2.54993765e-03
  -2.39801446e-02  3.50841671e-02 -7.38086379e-02 -8.16448408e-02
  -4.59429867e-02  6.44386838e-02 -8.58951768e-02  7.66567910e-02
   6.04052318e-02  9.05825852e-02 -2.53665535e-02  1.15094258e-01
   6.78669335e-02 -2.65100603e-02  4.59796023e-02 -6.70092498e-02
   1.06303756e-01 -9.68407218e-02  2.84222844e-02 -6.72751524e-02
   3.78518835e-02 -9.98075936e-02  9.77793698e-02 -3.96823653e-02
   1.04807894e-01 -2.17465631e-02  7.57894932e-02  8.35018707e-02
   3.22239846e-02 -1.73650888e-02 -1.83062245e-02  3.08764575e-02
   3.57634798e-03 -5.98530455e-02 -4.84396699e-02  8.68973451e-03
   1.06628319e-01  2.87079964e-02 -5.41638180e-02  5.65234328e-02
  -1.80443634e-02  5.63651640e-02 -4.18987060e-02  8.97744359e-02
   2.15959876e-02  4.09990573e-02  9.47877570e-02  1.13824016e-02
  -5.02153528e-02  7.17943534e-02 -4.45108402e-02  3.52700204e-02
   1.01068673e-01  9.10447486e-03 -9.23491218e-02 -1.93717686e-02
  -3.38776648e-03  5.18453977e-02 -5.79966493e-02  3.83752924e-02
   6.60743038e-02  5.57206833e-02 -7.42900371e-03 -1.17954038e-03
   1.09058410e-01  8.61095341e-02 -4.46611554e-02  5.01966180e-02
  -6.21271362e-02  2.97713978e-02  5.75883908e-02  8.60325968e-02
  -1.17069463e-01 -5.65204525e-02  1.04065940e-01 -9.92171880e-02
   1.51393857e-02 -1.94193916e-02 -2.78269810e-02  7.10979913e-02
   2.47406598e-02 -5.86766995e-02  3.10406884e-02  6.97348420e-03
   7.75968396e-02  9.64770340e-02 -1.42294248e-02 -5.01319117e-02
  -9.01934756e-03 -3.28805795e-02  3.39526919e-02  1.80053007e-02
   2.10233090e-02 -8.17277549e-02  7.89463058e-02 -1.15206285e-01
   3.58707162e-02 -1.22712018e-02  9.03660873e-04 -4.41765095e-02
  -5.47328850e-02 -8.22492114e-02 -5.71648752e-02 -1.19748612e-02
  -4.68856230e-02 -6.43045854e-02  3.78984674e-03  2.33275062e-02
  -5.41269922e-02  3.57087015e-02  1.30430962e-01 -4.74387402e-03
   7.88140894e-02 -2.72887737e-02  9.20537891e-02 -5.17595644e-02
  -8.55509020e-02  7.54292027e-02  6.33271802e-02 -1.09485511e-01
   4.68512284e-02 -7.82148784e-02  9.72589137e-02 -7.79805958e-02
  -1.16979619e-01  7.85216351e-02  2.25363399e-02 -3.89048007e-02
   6.40519377e-02  4.46808799e-02 -5.64249224e-02 -1.12202732e-02
  -9.19530084e-02 -3.57806432e-02 -1.61126407e-02  5.88250852e-02
   5.01834683e-02 -7.48378851e-02  1.61470649e-02  5.83536618e-03
  -2.41041674e-02  9.58937667e-02]
 [-8.38562942e-02 -2.64310356e-02  1.79557986e-02  7.23809656e-02
   8.91410127e-02 -8.85267120e-02  3.13993257e-02 -4.65024971e-03
  -7.15514900e-02  2.70130148e-02 -1.05170329e-01 -1.06457990e-01
  -5.57217395e-02  9.08679552e-02  7.86843721e-02  6.21504652e-02
   9.16660957e-02 -8.20195336e-02  4.74824428e-02  3.09518584e-02
   1.06209202e-02  5.37233703e-03  6.00503736e-02 -1.18575572e-02
  -1.14148783e-01 -3.86368761e-02 -5.41033223e-02  8.73770589e-02
  -1.63723719e-02 -8.33420671e-02 -5.03993273e-03 -7.08489161e-02
   9.06111916e-02 -9.47451669e-02  8.35807622e-02 -5.60344156e-02
  -1.98785800e-02  5.78305278e-02 -5.34805821e-02  2.20376488e-02
  -8.06714325e-02 -6.42323135e-02 -1.18298676e-01  8.36518474e-02
   8.23232163e-02  2.92746980e-02 -1.00501081e-01 -5.95682987e-02
   2.02108268e-02 -6.70352725e-02  6.32300442e-04  5.59788233e-02
  -9.90662558e-02  1.44238261e-02 -2.70607100e-02 -4.96233952e-02
   2.13463607e-02  6.29697865e-02  7.61985735e-03  9.12434307e-02
  -1.05966188e-01 -1.75286692e-02 -6.96734186e-02  5.18819929e-02
   6.02118676e-02 -4.00093795e-02 -1.08160901e-02  6.67378944e-02
   8.63527826e-02 -7.88513020e-02 -8.69089810e-02  1.02313733e-01
  -2.20202925e-03  8.47549972e-02 -6.85651063e-02 -4.46642672e-02
  -2.15651613e-02 -4.59821962e-02 -3.53275244e-02  7.37345496e-02
  -1.44665837e-02 -2.58278267e-02 -5.67150118e-03 -1.12874444e-01
   7.92345896e-02 -4.95115828e-02  1.92140391e-02 -6.35760904e-02
   5.17043979e-02  7.84122151e-02  9.64770743e-02  6.34318045e-02
   7.95119873e-02 -1.00028986e-01 -8.92540957e-03  4.39194359e-02
  -6.93138443e-02 -1.18447611e-02  6.50865600e-02  9.28311685e-02
  -3.83179611e-02  2.74709146e-02 -1.03105117e-02  4.85042279e-03
  -9.67577796e-02 -4.32196468e-02 -6.47166871e-03 -9.91876410e-02
  -7.01654300e-02 -2.41891764e-02  1.16504752e-02 -3.70949878e-02
  -5.59685436e-02 -3.98434648e-02  8.41649926e-02  8.58363708e-03
   9.75103820e-02  2.92571162e-03  5.35884322e-02 -3.46440868e-03
  -8.92894603e-02  2.28727185e-03 -2.82836951e-02  5.29741417e-02
  -1.29512221e-02 -1.11706124e-01 -3.31252826e-02  3.53393557e-02
  -7.41691830e-02  4.85655456e-02  5.40659718e-02  2.59641450e-02
  -6.79188590e-02 -2.70121390e-02 -9.24560961e-02  7.16101698e-02
  -1.80748127e-02 -9.83609219e-02 -1.48881878e-02  1.03237101e-01
  -3.16439974e-02  5.07138221e-02  1.27161171e-02 -9.14885585e-02
  -2.47543968e-03 -2.71573889e-03  4.88344490e-02  3.34518398e-02
   7.40936484e-02  5.41146485e-02  7.43284519e-02  7.33514186e-02
   1.27714606e-02 -5.74589674e-02  1.89852096e-03 -4.62086037e-02
  -8.33307364e-02  8.39776634e-02  5.79021193e-02  6.55553047e-02
   5.39941657e-02 -7.32056557e-02  6.80539032e-02  2.99204619e-02
  -9.40349318e-02 -8.93419728e-02  8.83816180e-02  7.04355499e-02
  -3.56525963e-02  5.26441788e-02 -9.19733183e-02  3.17548806e-02
  -4.45910042e-02 -1.49868917e-02 -6.32295250e-02  7.73973943e-02
   5.60179902e-02 -8.94960753e-02  8.42383641e-02  5.22360467e-03
   6.31580372e-02 -8.29086110e-02 -6.38111093e-02 -6.26977868e-02
  -6.87404827e-02 -5.35894772e-02 -2.36951264e-02  3.84172676e-02
  -3.15592893e-02  5.38306213e-02  6.96000957e-02 -4.17624427e-02
  -3.63323395e-02  8.34887050e-02 -4.03604481e-02 -8.61918260e-02
  -8.77050078e-02 -4.45579592e-02 -8.76409639e-02  5.73974675e-02
  -4.91556790e-02 -9.04556026e-02  7.51844854e-02  2.21666448e-02
  -1.98480535e-02 -3.32437512e-02  8.72185805e-02  2.54736253e-03
  -7.93695829e-02  5.17709242e-02 -1.22017474e-01  8.52872604e-02
   5.55710530e-02 -4.98012607e-02 -9.13439986e-02  4.89281619e-02
   3.89079833e-02  9.23861557e-02 -6.90112990e-02 -8.49309466e-02
  -8.49082091e-02  2.85784600e-02  7.97404872e-02  7.68102307e-02
  -2.49281048e-02  4.90474920e-02  9.26387330e-02 -5.99719651e-02
  -9.73054908e-02  8.79715591e-02 -4.95174184e-02 -2.38110503e-02
  -6.48097874e-03  7.68888349e-02  5.25542041e-02  2.02239243e-02
   5.54219571e-02  7.85517621e-02  3.41638208e-02 -3.26871689e-02
   5.18574324e-02 -8.85790301e-02  7.67522833e-02 -3.61827722e-02
   8.43598660e-02 -9.93418187e-03 -9.95679871e-02 -3.04459187e-02
   5.98001567e-02  1.58110871e-02]
 [-2.55824327e-02  4.58603453e-02  1.72605594e-02 -1.02749012e-01
   1.94767737e-02 -1.49542083e-02 -1.18165560e-01  1.00811722e-01
   6.98837902e-02  4.50726444e-02  6.33083517e-02 -9.71828129e-02
  -5.32496028e-02  1.74867151e-02  1.98620117e-02 -5.91365628e-02
   5.86288156e-02  2.86837576e-02  9.29178956e-02 -3.37026248e-02
   8.43255646e-02 -8.26149981e-02  8.53381888e-02 -4.71470674e-02
   1.22072602e-02 -8.66371184e-02  1.38569399e-02  3.05495189e-02
  -5.99346529e-02 -3.34316600e-02  5.87068767e-02  9.67164104e-02
  -3.78856582e-02  6.87559536e-02 -8.71991824e-02  5.85919548e-02
  -6.22994977e-02  8.81165870e-02 -3.38153769e-02 -6.59425764e-02
  -4.27739457e-02  7.08423615e-02 -1.43429774e-02  8.45787989e-02
  -4.73062530e-02 -9.39267838e-02 -4.89448162e-02 -1.21997737e-02
   7.40181000e-02 -2.63897395e-02  9.92856681e-02 -3.19310326e-02
   1.11016421e-01  4.82050717e-02  1.08012887e-01 -1.50269524e-02
  -5.53855731e-02 -1.43847245e-02  6.87690552e-02 -3.97221327e-02
  -5.86201259e-02 -7.41135050e-02 -1.01555236e-01  4.21064286e-02
  -8.98612412e-02  2.59651198e-02  1.46415936e-02  1.00028808e-01
   3.19279647e-02  2.48791715e-02 -6.88833950e-02 -1.55231787e-03
   2.44517271e-02  2.33825057e-03 -6.60313381e-02  3.99307118e-02
   4.76182202e-02  8.26345469e-02  2.12335003e-02  9.24783901e-02
   1.54354607e-02 -2.97443624e-02 -4.09091710e-02  8.01638056e-02
  -1.03023259e-01  3.25057544e-02 -3.07098269e-03 -7.80522247e-02
  -9.32954795e-03  5.26236542e-02 -6.20261776e-02  3.52609414e-02
   7.56450113e-02  2.78234650e-02  7.72745456e-02  1.86951399e-02
   3.80682539e-02 -4.49090545e-02  6.25299974e-02  5.71074174e-02
  -4.71083460e-02  3.26774283e-02  3.31526364e-02 -7.20372663e-02
  -1.00517860e-01 -9.66110814e-02  9.43523291e-02  7.84155447e-02
   6.20695889e-02  8.94775351e-02  6.94561156e-02  7.45512966e-03
  -8.14901671e-02 -7.49086876e-02 -5.83024070e-02 -4.70881155e-02
   2.80790351e-02 -2.62897147e-02  2.75525828e-02 -3.51121281e-02
  -8.25544155e-02  6.57770158e-02 -8.12748240e-02 -6.19110240e-02
  -7.23537717e-02 -3.53095610e-02 -8.08242319e-03 -1.72341155e-02
   6.95689240e-02  5.74256252e-02 -5.35254860e-02 -9.89608776e-03
   5.23622344e-02 -7.17812786e-02  6.35499563e-02  8.43597925e-02
  -4.92591360e-02 -6.73380595e-03 -7.61906236e-02 -8.76740548e-02
  -5.69454834e-02 -1.24412391e-02 -1.61029993e-02 -8.51894895e-02
   1.18244568e-02 -2.24065630e-02  6.36047930e-02 -7.12464562e-02
   2.96165372e-02  9.00757703e-03 -1.05776949e-01  1.76720099e-03
  -1.01227454e-01 -9.80655963e-02  5.74423570e-02 -2.51037374e-02
  -6.80109870e-02  6.30449278e-02  2.68850686e-02 -6.03268816e-02
   8.47536665e-02 -1.06263163e-01 -9.84687093e-02 -3.13174081e-02
  -3.99544128e-02  9.66795741e-02 -8.53112644e-02 -1.10009738e-01
   6.28580303e-02  3.77435937e-02  7.14056849e-02  1.84453141e-02
   1.77643420e-02  5.82808162e-02 -7.35602524e-02 -4.76133096e-02
   5.73703684e-03 -4.04676371e-02 -6.11199736e-04  3.43647736e-02
   8.48894328e-03  1.01582853e-01  9.80958363e-02 -9.53532372e-02
  -8.06461705e-02 -1.47506015e-02 -1.24404020e-02 -8.22050868e-02
  -7.71457893e-02  1.04111422e-02  8.50781489e-02  7.83462269e-02
   3.34497797e-02  3.86954772e-02 -3.60070861e-02 -8.46714441e-02
   2.12929733e-02 -3.89771920e-02 -1.60473602e-02  9.74027252e-02
   1.63003028e-02  1.05125068e-01 -8.71955138e-02 -6.56777671e-02
   5.75809055e-02  8.79427819e-02 -1.75515405e-02 -6.56879043e-02
   3.46625892e-02  6.21257190e-02 -5.45301895e-03  3.03462571e-02
  -1.14850749e-01 -9.02520619e-02  3.28579708e-03 -3.79204945e-02
   4.12943176e-02 -3.62613926e-02  3.79286438e-02  1.75352322e-02
  -3.64512772e-02 -1.03764005e-01  1.09297276e-01  8.91125400e-02
   8.99200025e-02 -8.30494391e-02  1.06504569e-01  5.56357742e-02
   7.86077234e-02 -5.31436327e-02 -6.47923273e-02  1.01286722e-01
   2.34352613e-02 -4.98749330e-02 -5.14874435e-03  2.59572970e-02
  -3.94210444e-02 -4.69935764e-02 -7.44731323e-02 -1.07961083e-01
  -5.73092800e-02  5.68642912e-02  7.94086125e-02  3.60403709e-02
  -6.28118515e-02 -1.01995590e-01  6.87692095e-03 -3.13187039e-02
   9.73519273e-02  9.46772011e-02]
 [ 1.74837148e-03 -9.74897484e-02  8.39631790e-02  3.48477251e-02
   2.77770746e-02 -5.65203052e-02 -2.61080664e-02 -1.01432010e-01
   1.12998991e-01  1.30898860e-02 -1.29089012e-03 -4.54397564e-02
  -5.03198042e-02  2.25552319e-02 -3.20465719e-02  7.94712245e-02
  -2.07603862e-02  5.22007005e-02 -7.11420039e-02 -7.77214191e-02
  -1.01183100e-01 -4.66572714e-02 -4.57246639e-02  4.65489037e-02
  -6.14309868e-03 -3.68152727e-02 -7.39178145e-02  5.47423684e-02
  -4.23513170e-02  4.02326374e-03 -2.67068168e-02  6.12033341e-02
   1.01355029e-01 -2.08879856e-02  7.99874251e-02 -8.75449823e-02
  -2.79715838e-02 -1.87542685e-02 -1.03411814e-01 -2.18246037e-02
   3.17147731e-02 -3.19021320e-02  1.41741058e-01  6.03364408e-03
  -6.08031574e-03  2.31656164e-03  3.40819214e-02 -7.78696848e-02
  -6.47922151e-02 -9.82102506e-02  5.62020619e-02  5.20504564e-02
  -1.15369192e-01  1.00193170e-01  5.17946016e-02 -1.28249041e-02
  -5.81314568e-02 -1.83640490e-02 -2.61668672e-02 -4.79217179e-02
  -5.94901831e-03  6.34241150e-02 -4.10980391e-02  7.94529957e-02
   6.08092699e-02  1.90218256e-03 -8.76025386e-02 -1.21193634e-01
   5.63147638e-02  2.12547873e-02  1.17422950e-01 -3.26663709e-02
   3.69247300e-02  9.32906926e-02  1.83876054e-02 -7.56942698e-02
   1.87261790e-03 -1.02892941e-02 -7.53589230e-02  3.67262572e-02
  -8.48690782e-02  9.21087456e-02  3.80405743e-02  9.71336190e-02
   6.63399619e-02 -2.95560847e-02 -7.70566693e-03 -7.49996108e-05
  -4.28492836e-02  2.54122295e-02 -7.21829338e-02 -2.33927719e-02
   1.66006782e-02 -6.95679546e-02  6.27744984e-02 -7.34472266e-02
  -5.69506248e-02 -1.84177243e-02  2.10158625e-02 -4.07130968e-02
   1.18945010e-01 -1.77291500e-02 -4.41155014e-02  2.80252036e-02
   3.95102946e-02  1.47488388e-02  2.50796776e-02 -9.39484714e-02
  -8.73795886e-02  6.46593300e-03 -5.49047323e-02  1.48050239e-02
  -9.08228873e-02  5.44743423e-02 -6.65601064e-02 -3.16909984e-02
   4.27490096e-02 -8.67709874e-02  1.41818758e-02 -5.22848102e-02
  -1.58132485e-02  6.48541277e-02  2.35635951e-02 -5.17007293e-02
  -3.67090256e-02 -5.36019396e-02  2.43763194e-02 -2.58318221e-03
  -9.74078572e-02 -1.75436065e-02 -7.02842334e-02  8.23914266e-02
   4.14649159e-02 -9.53621640e-03  9.06877281e-02  9.17071135e-02
  -4.13456884e-02 -4.16661441e-02 -6.20711957e-02 -1.05153695e-01
  -1.07424268e-01  3.99235589e-02  9.58893044e-02 -1.81352950e-02
   3.45095626e-02  1.78902489e-02  1.02587882e-01  1.05382884e-01
  -8.67896676e-02 -4.64348545e-02  7.54170077e-02  1.10040825e-01
   3.20384874e-03  5.07496183e-02  8.80123536e-02  1.10200914e-01
  -1.06183453e-01 -3.91121205e-02  6.66404147e-02 -3.57215934e-02
   8.04451335e-02 -4.23506754e-02 -8.40209136e-02 -6.53833708e-02
  -5.18077666e-02  1.43408681e-02 -9.18494314e-02  8.79166632e-02
   1.73568305e-02 -6.08152678e-02  8.27976332e-03 -8.74764514e-03
  -6.43588281e-02  8.94173678e-02  6.82123169e-02 -8.36860312e-02
   4.89014393e-02  9.93385603e-02 -5.81553194e-02  9.15453358e-02
   1.36493975e-02  1.12809670e-01 -7.65081493e-02 -9.01145354e-02
  -1.61380962e-02  9.81823042e-03 -2.05941570e-02 -8.05483495e-02
  -3.17558208e-02  7.44582516e-02 -9.48005872e-02 -1.07425370e-01
   3.77897906e-02 -8.39999412e-02 -4.50655805e-02  4.78711306e-02
  -1.80540750e-02 -7.22046321e-02 -1.04791591e-01 -8.66563575e-02
  -5.31968196e-02  3.57498398e-02 -3.03245101e-02 -6.05488460e-02
   4.31824317e-02 -1.00994249e-01 -1.12789550e-02  4.85963451e-02
  -5.29400251e-02  4.63010167e-02  6.43480062e-02  3.41280438e-02
  -2.33212095e-02 -3.42095596e-02  2.66044182e-02  9.26158239e-03
   1.30845219e-02 -6.57487519e-02  9.66380312e-02  4.79525970e-02
  -7.71905410e-02  4.68896876e-02 -7.04293454e-02  4.45541258e-02
  -1.23330239e-01 -4.60418555e-03  8.25138263e-02  4.21018645e-02
   5.80169788e-02 -4.34941974e-02  1.38515656e-01  5.48608549e-02
   4.77436643e-02 -1.66558086e-02  1.97571283e-02  3.26119172e-02
   4.11466131e-02  1.17973681e-01 -1.22188944e-02  1.32128972e-01
   4.81637236e-02  3.62263485e-02 -3.53313930e-03  1.21371192e-01
  -8.60216779e-02  1.40824469e-02  4.83042190e-02  9.29952611e-02
  -2.39732835e-02 -1.60027009e-02]
 [-4.04264056e-02 -9.60747030e-03 -2.62499300e-02 -5.41659760e-02
  -3.84717927e-02  7.13599487e-02 -9.90228164e-02 -8.04228571e-02
  -2.49720220e-02  8.48053662e-02 -1.02832462e-01 -4.64368828e-02
  -4.75708770e-02 -1.09717336e-02 -5.98676485e-02  2.30372200e-02
   4.54630932e-02 -7.76697110e-02  5.21940683e-02  4.60181819e-02
   4.98125527e-02  8.36787315e-02 -7.10381335e-02 -5.29307961e-02
   4.78708326e-02  6.84569734e-02 -3.42151859e-02 -6.38069613e-02
  -2.52147946e-03  5.57392711e-02  1.00268624e-01  8.70952066e-02
   9.97843732e-02  4.70248257e-02  3.06476316e-02  6.20324427e-02
   9.79374971e-02  8.18762738e-02  7.29770841e-02 -7.13779657e-02
  -2.65421317e-02 -2.01417050e-02  3.27214364e-02  1.24925961e-01
   1.01100041e-01  1.72180837e-03  2.83613284e-02  8.42731254e-02
   6.14738869e-02  2.33140750e-02  1.41113107e-02 -1.06111514e-02
   3.52939987e-02  3.90976617e-03  1.07582031e-01  5.29188983e-02
  -5.49927754e-02  1.12502568e-02 -7.55876404e-02  2.33791699e-02
  -2.42342187e-02  3.67908734e-02 -4.53585712e-02 -4.35048693e-02
   4.25249158e-02 -6.00813798e-02 -4.83964799e-02  8.87860385e-02
  -3.53536041e-02 -1.15045740e-01 -5.30989076e-02 -7.57058281e-02
   1.05282906e-01 -5.85655987e-02  9.24621428e-02 -9.44809775e-02
   1.32656907e-01  1.81112843e-02 -5.65514963e-02 -1.03334819e-01
  -8.51593238e-03 -9.94311242e-02  1.06269822e-02 -3.00718386e-02
   7.73707083e-02  4.67925033e-02  2.01708455e-02 -5.48053958e-02
   6.98199360e-02  1.33751533e-02  7.95649251e-03 -1.12198084e-01
   1.18455376e-01 -1.15167490e-01  8.01546723e-04  5.56640489e-02
   3.83451838e-02 -7.76849497e-02  8.36070270e-02 -1.44432636e-02
  -5.16933637e-02  2.20594057e-02  5.05635695e-02 -1.25985284e-02
   4.00289578e-02  6.99482861e-02  1.03263511e-02  8.33503767e-02
   5.57210125e-02 -6.33086869e-02  7.82974836e-02  8.27489361e-03
  -2.65481778e-02 -4.46828255e-02 -4.08664237e-02  8.32471976e-02
   8.67500753e-02  6.68591258e-02 -1.08532614e-01 -2.33684660e-02
   8.02917909e-02 -7.42523596e-02  1.89257720e-02  3.12742878e-02
   6.37760712e-02  5.37525422e-02  9.49502870e-02  9.82392820e-03
  -6.06699590e-02  1.21773886e-01 -1.16456288e-01  6.17144468e-02
  -4.46144130e-02  9.93582071e-02 -1.14018817e-02  1.63579767e-02
   8.21947482e-02  4.98748914e-02 -3.27676148e-02 -1.12496682e-01
   7.56123225e-02 -2.00504461e-02  1.12489912e-01 -9.30435047e-02
  -5.11177762e-02 -1.20010085e-01 -6.15586625e-02 -4.54197797e-02
   3.81611657e-02  3.68063272e-02  8.54435080e-02  8.74797976e-02
   3.72144130e-03  1.63088394e-02  4.86312940e-02 -2.62521402e-02
  -3.70744075e-02  3.33652421e-02  1.86799294e-02 -3.58725348e-02
   7.39367380e-02  6.26494149e-02  6.10247970e-02 -9.81211303e-02
   6.76559056e-02  5.65758709e-02 -1.09767708e-01 -9.28123623e-02
  -3.40033395e-02 -6.83578016e-02 -6.94534607e-02  6.20844808e-04
   2.11191101e-02 -3.42770634e-02  6.34520755e-02 -1.06512014e-01
  -6.82235285e-02  1.35809270e-01  1.19492406e-01  4.72085055e-02
  -2.13477153e-02 -5.03718875e-02  5.40521353e-03  9.98279156e-02
   3.85079893e-02 -1.42502161e-02  2.40417252e-02 -4.39752970e-02
   3.63172072e-02 -7.42469600e-02  2.46812093e-03  4.78545109e-02
  -1.08161316e-01  3.93582344e-02 -9.11186955e-02 -4.70531715e-02
   6.07149688e-02  1.46192277e-03 -1.03717247e-01  5.41053465e-02
   2.17447496e-02 -3.11688184e-02 -2.03239260e-02 -5.51908363e-02
   7.50940809e-02 -7.54152980e-02  1.78307460e-02  5.07038425e-02
   9.54257601e-02  1.03850883e-01  5.87690168e-02 -3.89100409e-02
  -1.83024142e-02  7.11608297e-02  1.98545174e-02 -2.56938822e-02
   1.76308172e-02 -1.76727026e-02  7.51898955e-03 -9.37559416e-02
   3.73368381e-02  1.64488763e-02 -3.03342586e-02  1.84799402e-02
  -9.17124712e-02 -3.84539462e-03 -1.50918275e-02 -8.62582233e-02
  -1.35203424e-02  5.53193454e-02  4.25306424e-02  5.41813088e-02
   2.86108859e-02  4.13090103e-02  6.26653282e-02  1.91616249e-02
  -2.88371391e-02  2.24929120e-02  7.27311797e-03  7.34250490e-02
   2.42488540e-02 -7.86388650e-02  1.01390580e-01 -6.31588401e-02
   1.03512267e-01 -4.83397061e-02  8.08454410e-02  5.68185380e-02
  -6.17175842e-02 -9.86529578e-03]
 [-5.52892665e-02 -4.21551641e-02 -2.55430303e-02 -3.51284456e-02
   8.26728237e-02  7.13609396e-02 -1.15167664e-02 -8.77125742e-03
   1.92558285e-02 -1.08767023e-01  3.70218874e-02 -1.00779077e-01
   5.95121169e-02  1.61531213e-02 -6.76244498e-02  1.10957905e-02
  -7.02095791e-03  4.20277176e-02  2.16923812e-02 -2.80979298e-02
   3.33393730e-03  5.59798427e-02 -8.11361462e-02 -4.79877918e-02
   9.51276313e-02 -3.36921716e-02  7.89029667e-02  6.31511327e-02
  -7.68670480e-02 -8.81081141e-02 -5.46331632e-02 -3.05685315e-02
   8.51264016e-02  6.49669684e-02 -2.35103197e-02 -5.47864348e-02
   1.12349534e-02  1.09647519e-01 -1.00424607e-01  5.41315990e-02
  -3.60587832e-02  1.03425299e-02  8.86824010e-02 -6.78995825e-02
  -2.80709596e-02  1.18606720e-02 -4.75567594e-02  6.73030716e-02
   1.00133934e-01  3.05617680e-02 -8.83259533e-02 -2.07729692e-02
  -4.81657809e-02  7.57597504e-02  5.93359672e-02 -7.02965028e-02
   1.01966869e-01  1.28951810e-01  5.67587113e-02  1.31748891e-02
   5.93356071e-02 -6.28343642e-03 -4.59563490e-02  7.82250305e-02
   3.45720221e-02 -4.83971397e-02  3.06339699e-02 -6.83447839e-02
  -1.00500275e-01  7.08912383e-02  8.46710532e-02 -8.38777657e-02
   2.53046088e-02 -1.72633036e-02 -1.00866344e-01 -7.79498698e-02
   3.23695018e-02  5.33035969e-02 -7.21166697e-02  7.89660915e-02
   7.84787660e-02  3.18928384e-02 -5.31474121e-02  8.64444186e-02
   7.71973533e-02  4.29963855e-02  4.69208400e-02  3.72338052e-02
  -3.28366297e-02  1.61674432e-02  8.17958213e-02  3.26544552e-02
  -7.17913206e-02 -8.05215765e-02 -1.15904789e-01 -6.33201744e-02
  -9.25941187e-02  5.20726477e-02 -6.35213523e-02  6.14367499e-02
   1.16153321e-02 -8.99623575e-02 -7.97450361e-02  3.98157969e-02
   4.16770970e-02  7.85228656e-02 -5.64383719e-02  6.10720781e-02
   2.44713405e-03 -9.09143378e-03  1.05327703e-02  7.37078587e-03
   6.39718386e-02 -8.68877577e-02 -2.88977067e-02  6.03949445e-02
   1.85932686e-02  4.63835888e-02  9.03830107e-02 -2.29440101e-02
  -7.14671747e-02 -3.35797611e-02  6.79619147e-02  8.88237149e-02
   2.06834967e-02  1.20764090e-02 -9.82644634e-02  1.32060729e-02
   4.48104540e-02  3.67339040e-02  2.24612194e-02  6.06020630e-02
   7.95413684e-02  1.00550218e-01  1.11101424e-02 -1.29374621e-01
  -6.56247361e-02  4.37255178e-02 -1.22692303e-02  2.13406786e-02
   6.84779240e-02  3.99565411e-02 -8.56287153e-02 -6.88498604e-03
   2.81717977e-02 -6.13890346e-02 -1.26532687e-01 -9.05529164e-02
   4.49167727e-03 -6.94838605e-02 -5.61648661e-02  3.93453848e-02
  -8.55989541e-02 -9.21011140e-02 -6.75586414e-02  1.66708281e-02
  -4.23005153e-03 -5.41284026e-03  8.15356789e-02  2.29702383e-02
   9.51652386e-02  5.79067822e-02 -4.34726020e-02 -2.74518850e-02
   4.39105108e-02 -7.57925849e-02 -4.78149186e-02  4.18984879e-02
   1.06766769e-01 -8.85307990e-02  3.55831370e-02  7.49722930e-02
  -1.46451651e-02  8.12379619e-02  8.98990157e-02  9.45825100e-02
   1.17558341e-02  1.14823533e-01  4.61102156e-02  3.17503879e-03
   1.64422709e-02 -4.42555152e-02  5.80486611e-02  6.24463065e-02
  -4.91046667e-02  1.04302272e-02  9.43661262e-02  6.95482720e-02
   2.52222730e-02  1.05281273e-01  3.07044799e-02 -4.57324694e-02
  -1.68479783e-04  8.64444037e-03 -3.08072481e-02  2.12505671e-02
  -7.50798440e-02  6.69076265e-04  7.20689118e-02 -7.35172034e-02
   4.60565173e-02 -9.05883441e-02  7.14771993e-02  8.03860611e-02
  -8.55516479e-02  8.60643621e-02  4.37273365e-02 -2.24555097e-02
   9.10686488e-02  6.27744444e-03  6.72467681e-02 -6.02185749e-02
  -4.49679164e-02 -7.11368811e-02  1.70504114e-02  2.55880555e-03
   6.65616756e-02 -1.27999302e-02 -6.94001041e-02  7.01464928e-02
  -6.04454401e-02  6.01947591e-02  2.63301889e-02  9.92062746e-02
   8.40126075e-02  2.11604506e-03  1.07348087e-01 -9.81057028e-02
   4.96770491e-02  1.06569877e-01  8.58906592e-02  9.58959492e-02
  -1.09676737e-01 -6.28527663e-02  3.15338509e-02  6.33694324e-02
  -7.03944437e-02 -3.87106257e-02  5.63123494e-02  2.35363512e-02
  -9.35796357e-02 -4.43312599e-04  7.35031738e-02  6.83652346e-02
   8.15651845e-02 -1.02845359e-01 -9.23331365e-03 -8.34185492e-03
   7.49141616e-03  1.10568551e-01]
 [-1.31443164e-02  1.08313334e-03  4.73344757e-03 -1.25523852e-02
  -2.14025824e-02 -3.84838782e-02 -9.29109620e-02 -5.59286373e-02
   5.73346894e-02 -1.19239894e-01 -7.21305482e-02  8.92397919e-02
   1.11000778e-01  5.52999752e-02 -2.33564812e-02  3.70429942e-03
  -8.99418932e-02  3.24380530e-02  1.06712998e-02  6.76871878e-02
   1.13547774e-02 -1.16674968e-01  7.47339829e-02 -2.00860832e-02
  -5.63327856e-02  2.37949748e-02 -3.74107631e-02  1.14940621e-01
  -3.92650477e-02 -1.02425252e-01 -1.05052149e-01  6.34278269e-02
  -6.97595769e-02 -1.34959933e-02 -6.21872322e-03  3.26735159e-02
   1.86279469e-02 -6.78430586e-02  9.94808269e-02 -5.86110378e-03
  -3.16527397e-02  1.06395012e-01 -8.50901887e-02 -7.94356555e-02
  -1.20880973e-01  3.64275250e-02  3.91509216e-02 -1.25265419e-01
  -5.84994383e-02  8.01403138e-02 -5.35228601e-02  2.91569812e-02
   6.13608419e-02 -9.66594368e-02 -1.82820987e-02  6.60710063e-02
   9.00266060e-02 -2.36574202e-02 -4.96327240e-02  9.92831780e-02
  -7.81370703e-02  1.30677582e-02 -1.01548378e-01  8.37917199e-02
   9.54871208e-02  1.00480066e-01 -6.43904772e-02 -1.03568814e-02
   5.97906586e-02  1.02371078e-01 -1.88137252e-02  6.13993160e-02
  -2.45931520e-02  8.49907840e-02  1.01699863e-01 -1.00573473e-01
   1.52162658e-02 -3.30240869e-02 -6.09567668e-03 -3.40524424e-02
  -9.31153895e-02  9.54457995e-02 -1.13401491e-01  1.97160806e-02
   8.51168798e-03  3.50341066e-02 -3.52449189e-02 -6.51466405e-02
  -7.48961763e-03 -6.30256903e-02  5.77986552e-02 -7.87359677e-02
   4.16608911e-02 -7.85209880e-02  3.39678473e-02  9.96446796e-03
   1.95304762e-03  3.83579141e-03  9.88179198e-02 -1.14928210e-01
  -5.69869879e-02 -1.06554279e-01 -3.97672391e-02 -5.73473288e-02
  -4.20319293e-02  3.41478422e-02 -1.79716919e-03  1.21933207e-01
   7.96916882e-02 -9.98573829e-02 -2.31702372e-02 -7.65729124e-02
   3.13000052e-02  3.31931591e-02  8.30205087e-02 -8.96204520e-02
   6.28923918e-02  8.54959555e-03 -1.24794386e-02  7.65727040e-02
   2.38541571e-02  2.26719413e-03 -8.47447164e-02 -2.69030797e-02
  -4.92974442e-02 -6.33098650e-02  7.06646742e-02 -4.61605340e-02
  -4.50243133e-02  1.04371241e-01  2.72886515e-02  1.16135497e-02
   6.42619594e-02  3.06718810e-02 -9.29440949e-02 -1.14696155e-02
  -9.03069002e-02  8.34705033e-04  3.61415073e-02  4.36061580e-02
   3.70618834e-02  1.88096076e-02  7.88706554e-02  1.16608533e-01
   4.39918142e-02 -4.42308159e-02  2.35257801e-03 -1.15271417e-01
   3.71551182e-02  7.37353546e-03 -2.28869909e-02  4.72055514e-03
   8.21155841e-02 -5.05921959e-02 -8.18041752e-02  2.05212468e-02
   1.13553312e-01  1.74450259e-02  6.79497971e-02 -1.21666638e-02
   9.31688477e-02 -8.58216055e-02  7.93082203e-02 -1.54495138e-02
   1.01053203e-01  1.92424629e-02 -9.27539094e-02 -7.66693334e-02
   1.15246202e-01 -2.06482842e-02  2.45979766e-02  6.26902338e-02
  -6.39702395e-02 -5.77743119e-03  1.01518674e-01  8.33312156e-02
   6.22267122e-03 -3.51938097e-02 -9.09164213e-02 -4.56834174e-02
   7.13815245e-02 -7.56204012e-02  3.06935100e-03  5.10124848e-02
  -5.30417417e-02 -5.53276645e-02  1.02871272e-01  6.21199884e-02
  -1.13003092e-01 -9.16261237e-02  3.05263163e-02 -4.99192652e-02
  -2.63956759e-02 -6.42718984e-02 -1.03397857e-01  2.05346739e-02
   3.71319187e-02 -5.76936485e-02  8.60854191e-02 -5.60066929e-02
  -8.66770144e-02  4.98595351e-02 -7.67601565e-02 -5.96757491e-02
  -6.54489692e-02 -5.68729265e-03  4.12498381e-02 -4.03591784e-02
  -4.92831848e-02 -8.60428722e-03 -3.56505753e-02  6.13837539e-02
  -7.39805283e-02  9.44472006e-02  5.65421953e-02 -3.42526450e-02
   3.01085006e-02 -1.00150404e-01  2.22830041e-02 -5.17289170e-02
  -6.73137961e-02 -9.76125383e-02 -5.29139403e-02 -9.60661755e-03
  -7.91511960e-02  3.81613253e-02  7.71497946e-02 -5.60547161e-02
  -1.98355696e-02  5.77632995e-02  6.69867643e-03  1.54332488e-04
   4.65728776e-02  7.04504715e-02 -6.89855826e-02  8.62511395e-03
  -4.55393759e-03 -3.67864573e-02 -7.60135624e-02  3.22410952e-03
   5.82250930e-02  9.71575390e-04  1.49119634e-02  1.90744683e-02
  -3.85725216e-02 -9.79530878e-03  3.90372924e-02 -4.21845098e-02
  -5.50357867e-02  2.52156414e-02]]