[[-3.11542433e+00  3.10927806e+00]
 [-6.33512048e+00  6.34121995e+00]
 [ 1.10705304e+00 -1.12360956e+00]
 [-7.72709842e-01  7.53917286e-01]
 [-5.42164087e+00  5.43177225e+00]
 [-1.24544755e+00  1.25221897e+00]
 [ 1.50172357e+01 -1.49916177e+01]
 [ 1.05186272e+00 -1.02765995e+00]
 [ 1.09042052e+01 -1.09107936e+01]
 [ 4.80577183e+00 -4.79534234e+00]
 [ 7.44281396e+00 -7.41588885e+00]
 [ 3.56408021e-03  2.60329840e-02]
 [ 6.42722279e-01 -6.03133127e-01]
 [-2.46015745e+00  2.47653085e+00]
 [ 8.68183423e+00 -8.65345543e+00]
 [-1.56147757e+01  1.56421300e+01]
 [ 4.25832988e+00 -4.24882851e+00]
 [-1.54342375e+00  1.55424053e+00]
 [ 1.07297091e+01 -1.07128348e+01]
 [-3.29881102e-01  3.48802217e-01]
 [ 1.96131881e+00 -1.96077114e+00]
 [-3.47748355e+00  3.49490014e+00]
 [-2.96488517e+00  2.96175626e+00]
 [-1.19708790e+00  1.19751221e+00]
 [-1.35368402e+01  1.35279098e+01]
 [ 3.46492948e+00 -3.44693830e+00]
 [ 1.74358525e+00 -1.74362438e+00]
 [-4.52751141e+00  4.51653467e+00]
 [-1.95767586e+01  1.95766310e+01]
 [ 9.24838750e+00 -9.23077335e+00]
 [ 1.54491728e+01 -1.54455261e+01]
 [-7.56134027e+00  7.55519478e+00]
 [-1.85657716e+01  1.85583020e+01]
 [-1.06545741e+01  1.06741663e+01]
 [-1.53677945e-02  1.50617879e-02]
 [ 8.50903535e-02 -8.59707029e-02]
 [-8.58099442e+00  8.61029319e+00]
 [ 1.43882391e+01 -1.43576213e+01]
 [-7.90708593e+00  7.93920240e+00]
 [ 5.61511633e+00 -5.59371055e+00]
 [ 3.09902917e+00 -3.06758720e+00]
 [-1.46610427e+01  1.46660834e+01]
 [ 8.72121349e+00 -8.69431113e+00]
 [ 1.90144161e-01 -1.91774082e-01]
 [ 4.90017650e+00 -4.88489534e+00]
 [-8.27317846e+00  8.27433440e+00]
 [-8.38195481e+00  8.36789114e+00]
 [-1.22618427e-01  1.15754118e-01]
 [-3.51437246e-01  3.49854869e-01]
 [-2.00024388e+01  2.00113940e+01]
 [-1.25499193e+01  1.25509970e+01]
 [-3.84238853e+00  3.82244048e+00]
 [-7.36570454e-02  8.81551663e-02]
 [ 1.07855181e-01 -9.66547680e-02]
 [-6.29556223e+00  6.30438998e+00]
 [ 1.07814657e+01 -1.07401227e+01]
 [ 1.31686041e+01 -1.31646365e+01]
 [ 1.27917912e+00 -1.26577151e+00]
 [-3.65352755e+00  3.62414346e+00]
 [-8.78299526e-01  9.02756264e-01]
 [ 5.73092610e+00 -5.73066991e+00]
 [-1.01702728e+00  1.07298566e+00]
 [-9.44625049e+00  9.44822031e+00]
 [-3.89499649e+00  3.89863429e+00]
 [ 3.12834541e+01 -3.12949501e+01]
 [ 1.36825969e+01 -1.36841325e+01]
 [-1.18300882e+00  1.19097607e+00]
 [ 7.33245393e+00 -7.33152395e+00]
 [ 4.88365215e+00 -4.86518919e+00]
 [ 3.09280593e+00 -3.09645446e+00]
 [ 1.97516003e+01 -1.97613235e+01]
 [-3.65326503e+00  3.67637290e+00]
 [ 7.14877530e+00 -7.15122676e+00]
 [ 3.76828352e+00 -3.75369846e+00]
 [-8.19980405e+00  8.21538817e+00]
 [ 6.73482404e-02 -6.39186665e-02]
 [ 4.79074647e+00 -4.81419894e+00]
 [ 2.12690630e+01 -2.12131802e+01]
 [ 5.49287366e+00 -5.47615289e+00]
 [-1.06270001e+01  1.06343156e+01]
 [ 5.94552540e+00 -5.91526651e+00]
 [ 9.95821257e+00 -9.95942809e+00]
 [ 3.25871927e+00 -3.24857783e+00]
 [-2.21693386e+01  2.21887584e+01]
 [-4.03029380e+00  4.02203370e+00]
 [ 2.81811280e+00 -2.79826048e+00]
 [ 6.69037756e+00 -6.64255042e+00]
 [ 2.10155208e+00 -2.08938222e+00]
 [-9.43061840e+00  9.43146313e+00]
 [-4.88219248e+00  4.87116889e+00]
 [ 8.36803089e+00 -8.35746883e+00]
 [ 3.30747125e+00 -3.27734237e+00]
 [ 1.53179868e+01 -1.53371819e+01]
 [ 4.65088856e+00 -4.63674613e+00]
 [-6.83355972e-01  6.77228184e-01]
 [-1.35913434e-01  1.36213041e-01]
 [ 7.19566809e+00 -7.20454223e+00]
 [-6.61728268e+00  6.60547656e+00]
 [ 6.66045030e+00 -6.61796304e+00]
 [-1.05151961e+00  1.06593040e+00]
 [-2.84302332e-01  2.89196276e-01]
 [ 4.37830227e+00 -4.38225364e+00]
 [-1.59118292e+01  1.59095749e+01]
 [-6.84576368e+00  6.86920880e+00]
 [-1.14190945e+01  1.14168045e+01]
 [ 5.83014923e-01 -5.77692028e-01]
 [-8.52798459e-01  8.54768648e-01]
 [ 1.48687820e+00 -1.44727233e+00]
 [-2.57227878e+00  2.56166580e+00]
 [ 1.01423037e+00 -1.01314351e+00]
 [-1.59094613e+01  1.59323321e+01]
 [ 9.82718904e-01 -9.29764936e-01]
 [ 2.83514778e+00 -2.82783286e+00]
 [ 1.54600389e+00 -1.53616776e+00]
 [ 9.73605838e+00 -9.75005720e+00]
 [-8.81537943e-01  9.28327642e-01]
 [-7.72320939e-01  7.76017578e-01]
 [ 2.64709564e+00 -2.65690099e+00]
 [-7.40552339e+00  7.42320585e+00]
 [-2.86114571e+00  2.86713043e+00]
 [-1.70385607e+01  1.70430002e+01]
 [ 3.47043176e+00 -3.47005252e+00]
 [ 1.43066889e+01 -1.42915469e+01]
 [ 8.41426549e+00 -8.39932838e+00]
 [-2.00669012e+00  1.99774695e+00]
 [-1.64951244e+01  1.65044579e+01]
 [ 1.29418682e+01 -1.29155770e+01]
 [ 7.19238972e+00 -7.18579334e+00]
 [-1.50943455e+00  1.54544623e+00]
 [-4.97388851e+00  4.97562511e+00]
 [ 1.36195563e+01 -1.36322318e+01]
 [ 2.05023879e+01 -2.04935244e+01]
 [-8.31825342e+00  8.31860114e+00]
 [ 1.60555464e+01 -1.60359687e+01]
 [ 6.00138434e+00 -5.98036582e+00]
 [ 5.20994159e+00 -5.21272671e+00]
 [-4.19005816e+00  4.19542949e+00]
 [-2.64950109e+00  2.63789836e+00]
 [-8.56457279e-01  8.86965059e-01]
 [ 4.66340248e-01 -4.56080681e-01]
 [ 6.97586528e+00 -6.97992607e+00]
 [-1.95446785e+00  1.95581574e+00]
 [ 2.89650808e+00 -2.88844667e+00]
 [ 5.02298075e+00 -5.01766846e+00]
 [-7.59532280e+00  7.58441127e+00]
 [ 5.71550757e+00 -5.70856943e+00]
 [ 4.59537303e+00 -4.58700557e+00]
 [-3.65030897e+00  3.67349370e+00]
 [ 4.00381090e+00 -4.00890560e+00]
 [-5.50257983e+00  5.48979467e+00]
 [ 2.31621642e+01 -2.31663130e+01]
 [-6.88879533e+00  6.88101436e+00]
 [-5.37704567e+00  5.36824262e+00]
 [ 9.54457331e-01 -9.60102588e-01]
 [-4.53291888e+00  4.53563920e+00]
 [ 2.97939598e+00 -2.98115783e+00]
 [-8.51495851e+00  8.52619121e+00]
 [-1.23750990e+01  1.23780186e+01]
 [ 2.21300747e+01 -2.21261789e+01]
 [ 4.96910237e+00 -4.96234763e+00]
 [-9.33687200e+00  9.40227795e+00]
 [-9.18481876e+00  9.17149541e+00]
 [-3.24122442e+00  3.23020151e+00]
 [-2.56861758e+00  2.57703342e+00]
 [ 2.45772492e+00 -2.45725888e+00]
 [-1.23344737e+01  1.23346396e+01]
 [ 2.06547506e+01 -2.06744368e+01]
 [-1.10396798e+00  1.10845933e+00]
 [ 8.65870876e+00 -8.64222010e+00]
 [-1.63878385e+01  1.63908800e+01]
 [ 1.17180103e+01 -1.17206935e+01]
 [ 3.44795603e+00 -3.44159664e+00]
 [ 7.64974552e+00 -7.62303989e+00]
 [ 8.99897845e+00 -9.00678794e+00]
 [-1.03503318e+01  1.03683239e+01]
 [ 4.76862802e-01 -5.09019994e-01]
 [ 3.04332384e+00 -3.03204391e+00]
 [ 3.72112105e+00 -3.72311817e+00]
 [ 2.97206627e+00 -2.96037256e+00]
 [-6.86254091e+00  6.87724597e+00]
 [ 1.03048610e+01 -1.02997173e+01]
 [-4.96667024e+00  4.97126366e+00]
 [-8.62393418e+00  8.65086225e+00]
 [ 3.23137726e-01 -3.28222613e-01]
 [-5.03019087e+00  5.04339911e+00]
 [-3.02457815e+00  3.06047749e+00]
 [-3.41069132e+00  3.44091850e+00]
 [-1.91346468e+01  1.91257593e+01]
 [-4.78111709e+00  4.79488840e+00]
 [-1.05764292e-01  1.29169949e-01]
 [-2.09571959e+00  2.11913477e+00]
 [-5.36207387e+00  5.34967152e+00]
 [-9.67696674e+00  9.67397422e+00]
 [-7.78690916e+00  7.81103802e+00]
 [-1.92765636e+01  1.92825020e+01]
 [-1.11153143e+01  1.10964948e+01]
 [-1.75816538e+00  1.79606011e+00]
 [ 4.07210425e+00 -4.07760913e+00]
 [ 1.57015850e+00 -1.57905258e+00]
 [-1.17865056e+01  1.17926710e+01]
 [-2.29956116e+01  2.30371640e+01]
 [ 1.46363445e+01 -1.46611276e+01]
 [-1.05358866e+01  1.05260522e+01]
 [ 3.87234644e+00 -3.85217288e+00]
 [ 8.63348672e+00 -8.61592499e+00]
 [-1.46363153e+01  1.46276809e+01]
 [-4.82180236e+00  4.79623945e+00]
 [-2.59496846e+00  2.60625269e+00]
 [ 9.33092387e+00 -9.32475307e+00]
 [ 1.30567815e+00 -1.28876208e+00]
 [ 8.32298580e+00 -8.30108760e+00]
 [ 4.02522408e+00 -4.00922731e+00]
 [ 9.01236902e-01 -9.06559174e-01]
 [-2.47135090e+01  2.47399470e+01]
 [ 9.52183561e+00 -9.52314856e+00]
 [-4.26087160e+00  4.23744698e+00]
 [ 9.43392322e+00 -9.42151806e+00]
 [-5.97754374e+00  5.97327864e+00]
 [ 5.74225841e+00 -5.72884532e+00]
 [-3.30065469e+00  3.28827227e+00]
 [ 1.37390460e+01 -1.37187055e+01]
 [ 1.66642751e-01 -1.37541400e-01]
 [-2.27460739e+00  2.27948538e+00]
 [ 3.71388698e+00 -3.70090035e+00]
 [ 3.04884473e+00 -3.04393624e+00]
 [ 2.29058824e+01 -2.28782352e+01]
 [-5.89797231e+00  5.89790209e+00]
 [ 2.79153504e+00 -2.75869796e+00]
 [ 1.71495769e-01 -1.55035419e-01]
 [ 3.90480091e+00 -3.90774991e+00]
 [ 3.29317833e+00 -3.28181357e+00]
 [-2.34254831e+01  2.34239648e+01]
 [ 5.41387350e+00 -5.45717650e+00]
 [-1.10425988e+00  1.11100325e+00]
 [-1.62011964e+01  1.62745620e+01]
 [-1.87257253e+01  1.87208131e+01]
 [ 1.60736107e+01 -1.60342425e+01]
 [-7.80925695e+00  7.82224643e+00]
 [-7.92368380e+00  7.94969320e+00]
 [ 5.61026161e+00 -5.60162023e+00]
 [-9.76469596e+00  9.77304857e+00]
 [ 1.30701129e+01 -1.30795027e+01]
 [ 2.63997210e+00 -2.64071900e+00]
 [ 5.75869436e+00 -5.77502577e+00]
 [ 1.22846724e+00 -1.23809072e+00]
 [ 8.45313842e+00 -8.44628252e+00]
 [-1.34987377e+01  1.35115160e+01]
 [-3.04678854e+00  3.04529326e+00]
 [ 1.34734524e+01 -1.34620374e+01]
 [-1.08833657e+01  1.09058863e+01]]