[[ 4.91084082e-01 -7.52382861e-02 -2.84312006e-01 -5.09369193e-01
  -3.15741252e-02  7.05365896e-01 -3.10086713e-02  8.63232959e-01
  -3.43522387e-01 -7.86007782e-01  3.11150386e-01  6.55645319e-01
  -6.02062362e-01  4.94462811e-01  3.87568060e-01 -8.58571151e-01
   7.22311726e-01  1.75185148e-01  5.57381594e-01  4.45728525e-01
   3.58731130e-02  5.25192359e-01 -8.66569002e-01 -8.35200421e-01
   3.45127741e-01  3.23059551e-01 -1.81017939e-01  5.00077701e-01
   4.85002008e-01  5.68820123e-01 -5.07479603e-01 -3.74811709e-01
   9.69793178e-01  3.88147664e-01 -7.13092497e-01  4.29834171e-01
   3.00175507e-01  5.04606922e-01 -9.88844136e-01  1.86590988e-01
   7.91681964e-01 -3.57057536e-01 -6.13813636e-01 -3.77012205e-01
   9.57884087e-01 -4.78503800e-02  8.65905222e-01 -6.51343023e-01
  -3.13281030e-01 -7.76272262e-02  3.01965033e-02  4.46147309e-01
   4.30753884e-01 -7.59725008e-01  2.46596161e-01  2.36861767e-01
   9.74685384e-01 -3.14945386e-02  5.59632819e-01 -8.36515557e-01
   5.11070604e-01  2.41563415e-01 -9.97330788e-01 -2.97308637e-01
   9.56550407e-01  1.03573668e-03  4.71866122e-01 -5.91398001e-01
   5.30915483e-01 -9.94894101e-01  1.27344889e-01  4.78172476e-01
  -9.62860925e-01  7.85795213e-01  8.03359426e-01  4.50954499e-01
  -7.48967573e-01  7.34189628e-01 -7.32322373e-02  7.02965980e-01
   2.65735603e-01 -2.48829842e-01  7.87344970e-01  7.20816231e-01
   6.06872229e-02  4.81980458e-01  2.36447231e-01  4.30384257e-01
   9.09874287e-01  6.72422622e-01  2.42528425e-01  9.25089882e-02
   8.30959249e-01  4.36243970e-01 -8.63303070e-01  4.79318222e-01
   4.92699083e-01  4.99433366e-01 -5.54580484e-01 -6.31415775e-01
   4.13627220e-01 -4.95402462e-01 -3.82385391e-01 -1.41928861e-01
  -3.76386561e-01 -1.56959364e-01  6.28372568e-01 -4.50109726e-01
   5.45795052e-01  8.32858639e-01 -3.41346901e-01  3.98392475e-01
   7.38884082e-01  6.88444522e-01  4.10408157e-01 -7.20582566e-01
  -7.07228334e-01  9.89583053e-01 -3.45596976e-01  8.77931496e-01
   7.61853528e-01  6.41105329e-01  9.16857591e-01 -5.35220310e-02
   4.90513752e-01  6.66025809e-01  4.30143158e-01 -4.17657393e-01
  -8.50678464e-01  6.91849162e-01 -9.65608772e-01 -6.49249124e-01
   6.21288878e-01  8.62402641e-01 -3.26037633e-01 -9.68783102e-01
  -8.70030601e-01  2.68957108e-01 -1.75312114e-01  3.41468668e-01
   2.26032895e-01 -8.48931362e-01 -5.39800625e-02  5.17019827e-01
   4.97878063e-01  8.08104528e-01  1.19229816e-01 -3.10724670e-01
   8.36845837e-01  4.67934693e-01 -3.10844316e-02 -4.56869365e-01
   6.35501608e-01  9.74872085e-01 -7.31425651e-01 -7.12945350e-01
   3.73442916e-01  1.82249280e-01  9.19833369e-01 -2.93250250e-02
  -4.53498576e-01  8.17431895e-01  2.86570953e-01  7.39067106e-01
   5.01057040e-01 -3.48761622e-01 -3.21326578e-01  5.47097595e-01
   4.48551714e-01  6.70517911e-01 -1.36012611e-01 -4.75538956e-01
  -7.88579826e-01  4.43203163e-01  2.24028859e-01  2.37190099e-01
  -3.23526170e-01  1.64155175e-01  6.03588847e-01  5.17700770e-01
  -7.12803006e-01 -5.10251405e-01 -9.89297294e-02  8.63316087e-01
  -8.60943990e-01 -8.35678334e-01  1.84266590e-01 -3.31881469e-01
  -2.27947798e-01 -9.06289073e-01  9.74904644e-01 -8.75223150e-01
   3.90496942e-01 -8.26724092e-01 -4.94605299e-01 -8.83567906e-01
   9.01708186e-01 -9.42142943e-01  2.86639060e-01 -4.34769570e-01
   4.79424644e-01 -1.56273114e-01 -6.49261791e-01  9.32840534e-01
  -5.63893855e-02  3.88412971e-01  6.10237940e-01 -3.89954902e-01
   6.79246223e-01 -7.84004583e-01 -3.37880672e-02  8.78746644e-01
  -8.72037566e-01  1.35053429e-02 -1.81651555e-01 -6.40130986e-01
   1.57216245e-03  8.30581343e-03 -9.18869151e-01 -3.39654822e-01
  -2.60778836e-01  3.88275276e-01  4.16038553e-01 -5.78523756e-01
  -1.40954881e-01 -9.73459554e-01 -8.38271398e-01  4.97504160e-02
   6.24975227e-01 -3.70666853e-01  9.78159265e-01  9.92821139e-01
   8.03941359e-01  4.85974442e-01 -9.42578666e-01 -6.68951328e-01
   8.94123631e-01  4.39046028e-01  2.93714979e-01 -8.48903297e-01
  -8.40233171e-01  5.86033976e-01  4.95747821e-01  3.14166262e-01
   5.36765377e-02  9.13149941e-01  1.99558436e-01 -6.95609402e-01
  -3.77763848e-01 -9.30739555e-01]
 [ 1.07697068e-01  3.20147876e-01 -4.89203504e-01 -9.23529195e-01
  -5.78552406e-01 -2.68400083e-02 -1.37113266e-01 -1.35376779e-01
   9.47409867e-01  9.09365953e-01  6.82775090e-01 -6.31137936e-01
  -3.69632320e-01  4.14327978e-01  5.41068824e-01 -5.45034507e-01
   9.70182358e-01 -3.49951918e-01 -1.85798936e-01  2.07901618e-01
   5.94986600e-01 -2.94730004e-01  5.35227143e-01 -6.59958522e-02
  -8.02645895e-02  2.31283220e-02  8.00839116e-01  4.43606722e-01
  -3.51174433e-01  8.85522346e-01  8.79930192e-01 -6.42743739e-01
   6.88487551e-01 -4.31046841e-01 -2.77176245e-01  3.96724449e-01
  -9.18387250e-01  1.66448396e-01  9.21936354e-01 -8.12461332e-01
  -7.64765050e-01  9.45338444e-02  1.59460224e-01 -5.89359313e-01
  -5.05135331e-01  5.42608747e-01  4.25539792e-02  7.41279557e-01
   9.15597217e-01 -3.35333401e-01 -6.16901670e-01 -9.20555750e-01
  -4.91154340e-02 -4.63831491e-01 -4.35582139e-01 -6.88029233e-01
   8.67429607e-01  6.32779418e-02 -2.96871829e-01 -7.16794520e-01
   1.00966225e-01 -7.83726044e-01 -4.19093071e-01 -9.15895995e-01
   3.25389292e-01 -2.17999844e-01  8.76669209e-01  7.31544518e-01
  -7.41013822e-01  7.77701951e-02 -9.21189417e-01 -5.50190465e-01
   4.15702090e-01  6.31295775e-02  5.36853356e-01 -1.85975534e-01
   3.28973102e-01 -2.27001470e-01  8.26826652e-01 -7.34742881e-01
   1.56321313e-02 -4.97802059e-01 -7.34142721e-01 -7.99428720e-01
  -8.11194521e-01 -2.53409778e-01  3.88754382e-01  5.83508659e-01
   5.95566272e-01 -5.21669533e-01  2.01658422e-01 -7.58008504e-01
   4.76999504e-01 -1.94802120e-01  9.27510510e-01  9.21722213e-01
  -8.73496450e-01 -3.00569477e-01 -3.84820064e-01 -2.47005471e-01
  -4.90372051e-01  5.74837517e-01 -3.90755943e-01  2.53986611e-01
  -1.13133583e-02  7.02587895e-01  1.76758534e-01  3.15003185e-02
  -2.85002437e-01  8.15961599e-01  3.32967800e-01  8.13240730e-01
   6.82899984e-01  5.58113528e-01 -2.13538606e-01 -3.08816419e-01
  -3.97407541e-01  7.48823056e-01  8.04463058e-01 -3.65252839e-02
  -3.96349522e-01 -5.66448893e-01 -1.38450783e-01  1.89863227e-01
  -4.31971159e-01 -6.68681739e-01  6.35058654e-01  3.47120008e-01
  -4.08006412e-02  4.03081292e-01 -9.00343465e-01 -7.15504514e-01
  -4.26218756e-02  6.76232252e-01  8.30224967e-01 -4.08078569e-01
   8.37839203e-01  9.61609542e-02  3.87337128e-01  8.62890917e-01
  -4.73427927e-01 -1.02539161e-01 -8.26025845e-01  5.18032320e-01
  -5.23328216e-01 -4.93593057e-01  5.82611042e-01 -9.94779583e-01
  -3.39374053e-01  3.74122890e-02 -7.41731915e-02  6.35042026e-01
   2.03773901e-01  3.12654408e-01  3.41611742e-01  1.91766835e-01
  -4.72984063e-01  1.96454211e-01  5.55168296e-01  9.45798015e-01
  -4.84661855e-01 -7.73922969e-01  3.69175596e-01  9.62047858e-01
   8.87146736e-01 -7.84846028e-01 -4.04661183e-01  3.71043099e-01
   4.43572164e-01  4.49510987e-01  1.47183462e-01 -2.79259068e-02
   9.67462953e-01  3.83006557e-01 -5.69995925e-01 -7.15366464e-01
   7.68081417e-01  2.24457863e-01 -4.48087735e-01 -1.72146112e-01
  -2.72719575e-01 -2.38998527e-01  7.71413105e-01 -9.78081989e-01
  -1.29725038e-01 -4.96923789e-01 -4.49445815e-01  1.04682867e-01
   9.53752475e-01 -7.14698754e-02 -7.39335586e-01 -5.99130676e-01
   8.51547184e-01  8.08609096e-01  5.76247199e-01 -6.03513703e-01
   5.52338183e-01 -5.30065686e-01  5.37878302e-01  5.95868594e-01
  -5.73256576e-01  7.49924585e-03  2.51607962e-01 -8.35314407e-01
   9.63963934e-01  9.28168670e-01 -3.32963989e-01 -2.53854606e-01
   7.37755388e-01  6.79658490e-01 -8.47233106e-01 -8.48432292e-01
  -7.12351561e-01 -8.42557817e-01  9.07303867e-01  3.42526802e-01
  -1.59973145e-01 -6.60212231e-01 -6.71647540e-01  4.52411800e-01
  -9.49065389e-01  4.06965750e-01  2.51455879e-01  7.53125458e-01
  -2.21706911e-01  7.98940870e-01  5.93175733e-01 -2.98729095e-01
  -8.40244267e-01 -8.28271232e-01 -7.14078725e-01  6.64921044e-01
  -3.92913405e-01 -4.21564131e-01  6.79158061e-01 -6.23727733e-01
  -9.85328113e-01 -6.57994548e-01  3.85462531e-01 -2.31143234e-01
   7.23142424e-02 -3.96933298e-01 -7.65255622e-01 -6.92032374e-01
  -6.54187953e-01  6.38614649e-01  4.55316189e-01  5.50270432e-01
   9.39801732e-01  2.08452836e-01]
 [ 9.18311249e-01 -4.54550022e-01 -1.55845202e-01  6.66998429e-01
   5.43326088e-02  9.12967684e-01  4.84201224e-01 -5.53142747e-01
   9.44579851e-01 -8.38128595e-01  6.50525622e-01  6.37533221e-01
   3.54198831e-01  4.78548646e-02 -8.74417773e-01  4.75718468e-01
  -8.21527322e-01 -2.99807338e-02  5.85231789e-01 -2.14208155e-01
  -4.60499773e-01 -4.39687418e-01  6.53183025e-02 -6.88758993e-01
  -2.07917665e-01 -6.96706457e-01  7.63721668e-01  3.87009223e-01
   7.41272444e-01  1.44303766e-01 -9.86294470e-01 -4.81667402e-01
   7.84630429e-01  4.75199664e-01  1.03008347e-01 -5.63854700e-01
  -6.76883651e-01 -7.11644375e-01  3.63874552e-01 -5.18999598e-01
   4.08606467e-01 -4.02219711e-01  2.86721291e-01 -9.15629218e-01
  -9.42642584e-01 -1.70087018e-01 -6.67832059e-01  2.70970375e-01
  -3.54426872e-02 -4.28439560e-01  4.59874532e-01  6.97853224e-01
  -9.41155019e-01  7.46045369e-01  1.62854905e-01 -7.56946277e-01
   1.37913186e-02  3.30653025e-01  1.99757241e-01 -7.71573836e-01
  -1.97100825e-02 -3.33093546e-01  2.95730935e-01  6.84590989e-01
   5.89900838e-02 -3.44349616e-01  8.73398181e-01  9.40451082e-01
   8.38087436e-01  6.90204810e-01 -7.65729853e-01  9.95052165e-01
  -2.00224597e-01 -9.40627265e-01 -1.65819175e-01  5.94550028e-02
   2.34432890e-01 -5.81235510e-01  7.55167284e-02 -9.15270389e-02
  -8.15640064e-01 -6.67771478e-01  3.65972438e-01 -3.27435736e-01
  -2.15592862e-01  3.12577041e-01 -3.55509692e-01 -8.81215965e-01
   6.57328472e-01  2.50323837e-01  3.09622033e-01  3.50079429e-01
   2.98324823e-01 -6.57564451e-01 -1.08438564e-01 -6.38583057e-01
  -6.65107564e-02 -8.71716847e-01 -9.23069048e-01  3.93837878e-01
  -3.28638833e-01 -5.77219565e-01 -7.07191380e-01 -7.46083686e-02
   3.34198146e-01 -5.44496727e-02 -2.69588958e-01 -2.14262446e-01
   3.67369509e-01 -9.42815465e-01 -9.42986963e-01 -4.90878553e-01
   5.53871804e-01 -7.39299967e-01  2.43859009e-01 -3.66045201e-01
  -9.74812832e-02 -7.87429255e-01  8.24404767e-01  1.46530626e-01
  -6.31121410e-01  3.54069581e-01  1.70582961e-01 -8.64066211e-02
   4.39859763e-01 -8.16366590e-01 -5.20372924e-01  9.08807373e-01
  -6.17298760e-02  7.35370657e-01 -3.92993645e-01  9.59720934e-01
   6.37167635e-02 -3.39653465e-01  1.33030066e-02  4.43624035e-01
   5.32611220e-01 -3.03766585e-01  5.57013473e-01 -8.63681079e-01
   6.47144949e-01 -8.60909839e-01  7.28321173e-01 -3.91284835e-02
   1.86537820e-01  2.05387203e-01 -4.99483005e-01 -2.99069256e-01
  -5.35462309e-01  4.19847747e-01 -1.45939351e-01  6.30852092e-01
   5.33461767e-01 -9.34028906e-01 -3.07885183e-01 -7.82071930e-01
  -1.50272208e-01  2.34465315e-01  2.05144437e-01  8.55214065e-01
  -6.84621874e-01  6.72703299e-01 -1.81019760e-01 -3.91869562e-01
  -6.03991657e-01  3.68564795e-01  8.60578313e-01  6.27059930e-01
  -1.83258102e-01 -6.36491581e-01 -1.17674233e-01 -2.71276507e-01
   3.45775753e-01 -2.78100455e-01 -5.48850057e-01 -8.35679832e-01
  -9.75865854e-01  9.24488209e-01  1.63237847e-02 -6.11280309e-01
   9.68617010e-01 -4.76973225e-01 -7.27887250e-02  6.21013870e-01
  -2.13941821e-01  2.33545704e-01  3.30138724e-01  8.92146033e-02
   7.34294083e-01 -4.06596332e-01  7.69444204e-01  1.25054657e-01
  -1.26348475e-01 -9.34260036e-01 -6.45973796e-02 -2.80673657e-02
   3.93059896e-01  9.24748123e-01 -6.27946857e-01  8.30345766e-01
  -5.45047055e-01 -5.59994787e-02 -4.44202402e-02 -4.49908971e-01
  -4.40086535e-01  8.60165663e-01  5.29102585e-01  2.46532100e-01
  -4.75452126e-01  2.56229078e-01 -7.48671512e-01  6.46082869e-01
   6.00278018e-01  6.88084327e-01 -7.72978730e-01  3.54208072e-01
  -2.54620161e-01 -5.93104837e-01  8.28351900e-01 -8.18730520e-02
  -7.55700758e-01  3.83179104e-01  7.47922491e-01  9.59784480e-01
  -7.73895144e-01  1.59797982e-01  9.17338014e-01 -2.69732466e-01
  -9.12461917e-01  3.80839397e-01 -2.35165085e-02  4.87409215e-01
  -7.78737583e-01 -9.91362993e-02  8.56813001e-01  6.90546052e-01
   5.65318213e-03  1.26875380e-01  8.91099214e-01 -1.99374108e-01
  -2.09380188e-01  8.62365310e-01  7.23534021e-01 -1.85709099e-01
  -4.94148947e-01  6.67001269e-01  1.79966877e-01  3.48926792e-01
  -6.01924253e-04 -5.65741168e-01]
 [-6.40536939e-01 -4.82169838e-01  7.56807145e-01 -3.83011915e-02
  -9.15551961e-01 -1.51238247e-01 -7.64923515e-01  4.56809535e-01
   2.07221252e-01 -2.60205789e-01  1.50148647e-01 -1.72985364e-01
   9.17011710e-01 -7.77584812e-01 -9.88781410e-01  7.04111536e-02
  -2.74428333e-01 -4.02038013e-01 -6.11137548e-01  2.21088787e-01
   8.20694979e-01 -4.92878326e-01 -7.25621716e-01 -5.63257619e-01
   6.66471245e-01 -2.30094154e-01 -9.29944786e-01  1.37302129e-01
   9.94415976e-01  8.10195162e-01 -5.14779798e-01  6.85728574e-01
  -6.34400613e-01 -1.32233091e-01 -5.95838548e-01 -7.16992405e-01
   6.16800931e-01  3.45295973e-01 -5.52725494e-01  6.87100565e-01
  -5.92765006e-01  9.65208707e-01  3.23183867e-02 -7.99102804e-01
  -1.67804099e-01 -8.03337694e-01 -6.72395137e-01 -1.71291091e-01
  -4.52141816e-01 -6.68528666e-01 -7.67394467e-01 -7.17851172e-01
   7.43392284e-01 -4.58628251e-01  6.05599956e-02  7.75414084e-01
   2.27569511e-01 -3.37328265e-02  2.39556212e-01  5.33530891e-01
  -3.92105910e-01  6.15390828e-01 -9.33407647e-01  5.47081823e-02
   3.26246975e-02 -1.11388037e-01 -9.25118880e-02  9.12447286e-01
  -7.10224370e-01 -1.46411866e-01 -5.91467690e-01  7.47998170e-01
   4.84658997e-01  9.52904679e-01 -2.78097370e-01 -1.18432764e-01
   1.92805497e-01  5.78265895e-01  6.98233681e-01 -5.02454189e-01
  -7.62351646e-01  8.58619470e-01 -5.01771440e-01  7.45408127e-01
   3.58034114e-01 -3.60641439e-01  8.89557478e-01  2.17991393e-01
  -8.84653399e-01 -5.82945553e-01 -7.66277378e-01 -3.71813481e-01
   6.04266618e-01 -4.22155697e-01  1.65716838e-01 -5.97309812e-01
  -1.43375750e-01  3.93471286e-01  4.36951471e-01  2.64383658e-01
   3.38220730e-01  8.14624439e-01 -5.76957978e-01 -2.45473846e-02
   8.68972023e-01 -8.03374239e-01  7.61946177e-01 -5.03239519e-01
   4.86427596e-01  3.43275316e-01  5.24039096e-01  1.76040027e-01
  -8.40824753e-01  8.39814033e-01 -1.83932179e-01  5.78317323e-01
   6.14767118e-01  8.37020986e-01  3.48055233e-01  9.96647917e-01
  -2.09072669e-01  5.22496170e-01  1.14070013e-02  1.68869118e-01
   1.78650989e-01  9.06599189e-01 -7.78281624e-01  6.47043255e-01
  -2.18275621e-01 -2.45130447e-01 -5.38084865e-01  9.71189943e-01
  -9.00564131e-01  2.82831059e-01  8.30646346e-01 -4.60977140e-01
   5.63615916e-01  1.33156166e-01  2.98314218e-01  4.81485956e-01
  -3.41420721e-01  3.03918482e-02  9.78639367e-02  4.34466539e-01
  -2.63059199e-01 -6.37459700e-01 -9.43455660e-02 -5.02399725e-02
   7.34468931e-01 -9.76496633e-01  7.34332038e-01 -9.97736373e-01
  -6.30482219e-01 -1.18112085e-01  6.09467184e-02  8.35171915e-01
   5.69265055e-01 -3.01007570e-01 -8.17882349e-01 -6.93203053e-01
  -8.57068492e-01 -1.02125068e-01  9.98317154e-01  8.36010903e-01
   2.14183651e-01  8.31988977e-01  8.40130042e-01  3.56279350e-01
   7.04048432e-01  5.67005576e-02 -2.27678248e-01  2.95318848e-02
  -3.50732129e-01  7.71143168e-01  9.15860243e-01  1.61840006e-01
  -1.25772215e-01  8.16227272e-03  7.53443696e-01  7.45304182e-01
   5.37226896e-01  4.19158959e-01  9.77543754e-01 -1.03628240e-01
  -5.44598947e-01  5.02937641e-01  5.06246987e-01  8.90173833e-01
   3.66128495e-02  1.63605087e-02  5.89644988e-01 -8.27109862e-01
   6.73103175e-01  9.39520901e-01 -3.87085492e-01 -2.35236896e-02
  -8.40711032e-01 -2.42309504e-02 -5.31211803e-01 -5.80310513e-01
  -6.95626629e-01  6.62772338e-01  1.71331652e-01  9.61884164e-01
   5.48495865e-02 -1.01873153e-01  2.55557763e-01 -2.34937466e-01
   4.13610098e-01  2.78277020e-01 -8.32908212e-01 -7.17923754e-01
  -7.20616092e-01 -7.11336235e-01  3.10357966e-01 -4.08190076e-01
   2.61022577e-01 -1.88243775e-01 -1.52612816e-01  1.42794633e-01
  -5.34293976e-01  9.27591350e-01 -7.72128337e-01 -8.82322471e-01
   4.56274777e-01  3.34986957e-01  4.68568166e-01 -4.15050291e-01
  -6.81883139e-01 -8.45757605e-01  6.74805200e-01  2.61284755e-01
  -4.73292113e-01  2.61287964e-01  4.65815759e-02 -3.86164338e-02
   2.16336612e-01 -5.08824481e-01  5.44350610e-01  2.42731152e-01
   5.48177487e-01  2.17919139e-01  3.56292478e-01 -2.21199004e-01
  -2.72784153e-01 -5.71770774e-01 -9.30533531e-01 -3.09138259e-01
   8.70117972e-01 -6.57939585e-01]
 [ 2.74271807e-01  9.19920812e-01 -4.45622025e-01  6.58242469e-01
  -3.77940145e-01 -2.17691330e-01  7.18042464e-01 -9.32235379e-01
   1.97224403e-01  3.91710482e-01 -2.30029739e-01 -6.98803094e-01
   6.26394698e-01 -3.00236732e-01 -7.73188180e-01 -3.42174126e-01
   5.67468331e-01 -6.26161543e-02  6.65787662e-01 -4.53610438e-02
   1.86975014e-01  7.62476712e-01  3.62653788e-01 -7.75650795e-01
   4.92159915e-01 -7.12486747e-01 -1.10107931e-01 -5.80653264e-01
  -6.17301011e-01 -8.55535143e-01 -9.00813525e-01  8.82090873e-01
   5.36704496e-01  9.96371900e-01  1.16272465e-01 -1.21867557e-01
  -9.98576048e-02 -4.41221007e-02 -3.78485968e-01 -4.14848205e-01
  -8.64593419e-01  4.29380844e-01 -1.18044636e-01 -8.93610807e-01
   4.11077737e-01 -9.28872263e-01  9.73205949e-01 -4.52176310e-01
  -1.35696580e-01 -5.17654678e-01 -4.23218289e-01  9.75933516e-01
   3.56941850e-01 -8.25521379e-01  3.89017641e-01  6.18621997e-01
   9.35117087e-01  6.75809220e-01 -3.36014156e-01  6.93471346e-01
  -2.31882418e-01 -1.40217191e-01 -7.56124205e-01 -9.09511011e-01
  -5.42259438e-01  7.98251718e-01 -7.29502163e-01  1.22342413e-01
  -8.14782729e-01  3.50220129e-01  9.30126155e-02 -8.86563956e-01
  -7.70919163e-01 -5.85902439e-01  5.58218202e-01  2.54844506e-01
   9.63089624e-01  6.48532770e-01 -5.40339527e-01  5.51112663e-01
  -7.99918648e-01 -3.63985049e-01  5.83719599e-02 -3.36847784e-01
   1.30951145e-01  3.89723001e-01 -4.22009285e-01 -7.64040402e-01
   6.35737042e-01 -1.01421470e-01  8.06253029e-01 -1.34560692e-01
  -5.31127937e-02 -7.66767487e-01 -1.10093690e-01  4.41313014e-01
   1.11599377e-01  9.87106129e-01 -2.30759812e-01  3.28456856e-01
   3.95210389e-01 -4.52238705e-01 -3.75486944e-01 -7.65629822e-01
  -6.49171658e-01 -4.61803733e-01 -4.73141993e-01 -1.03965952e-01
   6.53944407e-02 -8.55333044e-01 -9.28077077e-01  4.69137858e-01
  -9.28191629e-01  9.20934291e-02  8.33779206e-01  5.92319645e-01
   7.73530214e-01  9.08739387e-01  9.73257029e-01 -8.10011895e-01
  -7.62345525e-01  6.85224887e-01 -8.73310775e-01 -7.08338954e-01
  -2.23398340e-01  9.04358174e-01 -1.17740478e-01 -1.06296104e-01
  -6.56138512e-02 -1.25258283e-01 -8.17793907e-01 -5.83996002e-01
  -1.61040218e-01  9.51857115e-01 -8.79013998e-01  3.15904835e-01
   3.07048600e-02 -4.06484442e-01  6.48289832e-01  6.55149882e-02
  -4.40239577e-02 -1.83385267e-01  7.80005573e-01  8.27300919e-01
   9.67705908e-01 -1.17824139e-01 -6.70547850e-01  1.74062345e-01
  -2.92494923e-01 -3.24248240e-03  7.27263754e-01  2.96783215e-01
  -9.40750749e-03  8.93433694e-01  3.71897659e-01  7.36821277e-01
   2.76707119e-01  7.94068912e-01 -9.31189734e-01 -8.46369400e-01
  -7.20589992e-01  5.71866463e-01 -1.26785655e-01  4.56405269e-01
  -3.78638764e-01  4.75765594e-01 -8.90456500e-01 -3.71932490e-01
  -4.86423129e-01  6.53074922e-01  4.33064198e-01  3.93467590e-01
  -9.60731315e-01  5.58149291e-01  6.65571763e-01  4.68108594e-01
   3.39313268e-01  8.70272646e-01 -3.44976743e-01 -5.35265986e-01
  -9.09175889e-01 -3.55384728e-01  3.37521364e-02  4.41294654e-01
  -2.26272263e-01 -1.30883960e-01  9.63378789e-01 -7.06874479e-01
   2.64197613e-01 -2.36544639e-01  6.90673816e-02  3.37693473e-01
  -4.62142368e-01 -4.89691646e-02 -6.04565954e-01  9.78935583e-01
   2.84575397e-01  9.37145671e-01 -6.56838852e-01  3.87273305e-01
   8.75539663e-01 -1.92741691e-01 -5.61927441e-01 -2.62050612e-01
   8.61491485e-01 -5.87164806e-01 -8.67657760e-01  1.38336626e-01
  -7.37072797e-01 -6.08083973e-01 -1.31437827e-01 -9.37331925e-01
   1.24979640e-01  8.17459660e-01 -8.99030370e-01 -1.95738607e-01
   3.71533111e-01 -3.81830447e-01 -2.56942728e-01  6.92865329e-01
  -3.67920080e-01 -3.99861275e-01  2.36133032e-02  6.02584067e-01
   8.34814001e-01  4.53698005e-02  2.71767361e-01  8.98819560e-01
   6.30867548e-01 -1.82578400e-01  6.37390455e-01  7.12332440e-01
  -8.43388710e-01 -1.65887714e-01  1.86472834e-01 -5.26808303e-01
  -7.35724188e-01 -3.52476490e-01  8.15071030e-01 -6.96458384e-01
  -6.07104996e-01 -5.74014210e-01  9.31584935e-01 -4.29659438e-03
  -6.20797226e-01 -6.46046971e-01  1.14726878e-01 -6.59988515e-03
  -5.36705329e-01 -4.23637667e-02]
 [ 7.29930981e-01 -1.98306314e-01 -4.86989717e-01 -7.42159714e-01
  -1.39260160e-01 -9.20595340e-01  5.92084904e-02  3.91803907e-01
   9.25762579e-01  5.61424952e-01 -4.57491840e-01 -8.15727826e-01
   7.29051389e-02 -6.23231440e-01 -7.93156503e-01 -1.06783134e-01
  -1.00372376e-01 -4.38779348e-01 -7.19959985e-01 -9.16915264e-03
   7.26532620e-01 -5.41435892e-01  3.98184616e-01 -1.16278561e-01
   5.19165893e-01  9.68034004e-01 -2.97224628e-01 -6.70044381e-01
   7.45451625e-01 -4.92337605e-01  4.92198383e-01 -7.29372610e-02
  -6.95194431e-01 -2.27111187e-01 -7.72556780e-01 -6.38931459e-01
   5.18240400e-01  9.81088137e-01  4.67465238e-01  9.50271194e-01
   8.57179117e-02 -9.69023863e-01  5.23949594e-01  7.81021988e-02
  -6.85243879e-01  1.57318171e-01  4.76249708e-01  6.74226105e-01
  -6.26738569e-01  7.55107014e-01  4.95563574e-01 -7.53513032e-01
  -5.90362802e-01  8.10050623e-01 -3.25703801e-01  3.00634761e-01
   1.37431486e-02  3.36366494e-01  7.88289640e-01  6.91093901e-01
  -3.14960263e-01 -7.67029637e-01  3.26739703e-01  8.86631572e-01
   6.33923946e-01 -1.59817770e-02  4.17464888e-01 -5.63999050e-01
   8.42410052e-01 -1.29831289e-01 -7.26638669e-01  9.23389386e-01
  -9.71031785e-01  7.79770014e-01 -4.88598700e-01 -2.14679506e-01
   8.75702258e-01  3.03599024e-01  4.99804693e-01 -3.89995544e-01
  -4.50710324e-01 -8.75497529e-01  5.10495581e-01 -4.59641304e-01
   1.68652266e-01 -9.25878672e-01  1.09058374e-02  4.58905598e-01
  -5.86557103e-01  8.60214982e-01  1.22854625e-01 -6.80309036e-01
   7.78884414e-01  2.65968533e-01  9.22281805e-01 -7.22423308e-01
   8.14879524e-01  9.74754537e-01 -7.51768199e-01 -2.61814566e-01
   8.46941281e-01  6.08542104e-02  9.22669534e-01  8.67419194e-01
  -2.88697533e-01 -3.95236722e-01 -7.80113550e-01  3.57914813e-01
  -7.60659229e-01 -2.98542571e-01  9.38429686e-01  8.22536527e-01
   7.13834816e-01 -4.14639068e-01 -7.99569231e-01 -6.95604013e-01
  -6.37023596e-01 -4.36529825e-01  4.58249151e-01 -9.37904069e-01
  -9.24257888e-01  8.22604346e-01 -6.83180525e-01 -5.03209156e-01
  -6.97087734e-01  7.01787206e-01  5.00694583e-01 -2.50020163e-01
  -7.32403942e-01 -3.25261704e-01 -6.69026062e-01  9.04459253e-01
   8.68709238e-01  6.42829515e-01  4.26649049e-01 -5.10941263e-01
   6.01480358e-01  7.55979220e-01  6.76221946e-01  6.24126306e-02
   2.93667564e-01 -6.40992233e-02 -4.76031655e-01 -5.15107903e-01
  -8.61937964e-01 -6.33069406e-01  6.39952741e-02 -3.68965192e-01
  -6.83563516e-02  6.30083450e-01 -6.78405326e-01  1.79880706e-02
  -9.19943507e-01 -5.88577128e-01 -6.31377856e-01 -6.56642644e-01
   1.65770965e-01  3.37649666e-01 -4.58304746e-02 -2.59482836e-01
  -2.70138792e-01 -9.92528720e-01  3.03740640e-01 -5.80763696e-01
   5.16264413e-01 -8.61701345e-01 -8.11423689e-01 -7.92707381e-01
  -9.64593389e-01 -8.67725609e-02  6.75364084e-02 -4.78558256e-01
   6.06130828e-01  5.54739785e-01  8.30861951e-01 -5.31991433e-01
   8.10341672e-01  3.33454847e-01  2.23386065e-01  9.07456437e-01
  -7.45511865e-01  4.38223682e-02  5.81088387e-01  3.60840821e-02
   6.93634075e-01  8.04961046e-01  8.70738091e-01  2.98810328e-01
  -6.74870060e-01 -1.86179678e-01 -1.20065375e-01  6.05190548e-01
   9.94816351e-01  2.37899801e-01 -2.97792420e-01 -6.50084902e-01
  -6.58299043e-01  9.87078853e-01 -1.07647242e-01  5.21625966e-01
   9.64939099e-01  1.19897766e-01 -4.89480359e-01  3.02994120e-01
  -2.35748780e-01  1.18543350e-01  3.21481555e-01  1.72190546e-01
  -7.10199448e-01  7.82895233e-01 -5.54522677e-01  1.60857895e-01
  -8.97330383e-01  8.79641284e-01  3.65881650e-01  3.21259153e-01
  -8.90401922e-01  9.80027695e-01  4.52615150e-01 -3.58303035e-01
  -3.41174332e-01  6.70670259e-01  3.21919347e-01 -2.57878239e-01
  -1.04026571e-01 -6.51782895e-01 -2.66388747e-01 -2.89542440e-01
  -9.53163212e-01 -8.81778861e-02 -9.74891296e-01 -6.34033452e-01
   6.82000727e-01 -2.82959122e-01  1.83644072e-01  4.21387366e-01
  -6.73042557e-01 -9.26204740e-02  7.72379778e-01 -2.15577135e-01
   5.32590494e-01 -5.61309319e-01  3.76200435e-01  8.43905473e-01
  -4.66106588e-01 -8.43034168e-01  2.38153185e-01  3.31696537e-01
   1.93453724e-01 -9.54229079e-01]
 [ 6.41445592e-01  3.79223855e-01  8.15428477e-01  1.49128185e-01
   4.59441681e-01  6.42460213e-01 -2.73506611e-01 -9.91705808e-01
   6.86544480e-01 -4.26019116e-01  1.35961380e-01  3.02525370e-01
   5.76335001e-01  2.06380837e-01  6.09236557e-01 -8.24761135e-01
   7.81288469e-01  9.97987821e-01 -7.70145108e-02 -5.78759431e-01
  -1.90555793e-01  7.03499194e-01 -8.43263315e-01 -9.05409926e-01
   6.71890435e-01 -6.55698404e-01 -8.38377033e-01 -5.13570898e-01
   5.57005413e-01  7.19547278e-01 -2.39000211e-01  6.21826281e-01
  -8.78170377e-01  4.13314765e-01  4.55861440e-01 -4.60192465e-01
   6.00795274e-01  1.91224841e-01 -2.11309702e-01 -1.77247996e-01
   8.64952901e-01  8.20812305e-01  1.16983808e-01 -4.16690477e-02
  -2.33289411e-01 -8.15195512e-01  5.03315273e-01 -3.79069842e-01
   8.80638899e-01  3.25888732e-01 -5.58991812e-01  4.90212432e-01
  -6.26367782e-01 -1.03275990e-02 -6.39918489e-01  5.37063748e-01
   1.82136032e-02  1.15688225e-01  2.89689170e-01  2.88872724e-01
  -6.82245436e-01 -8.93244830e-01 -7.16732418e-01 -7.25466329e-01
   7.87490186e-01 -9.07313096e-01  1.17654085e-01 -2.32408263e-01
  -9.14118553e-01  5.85177384e-02 -5.89343943e-01 -1.83307188e-01
  -7.86026795e-01 -4.62548839e-01 -8.08149589e-01  5.99112029e-01
  -2.61267279e-01 -3.54783997e-01 -9.68885893e-01 -5.88617783e-01
  -4.79305538e-01  1.26328368e-01  6.96812242e-01  7.66152059e-01
   9.40509977e-01  5.77857031e-01  2.64695475e-01 -2.11092951e-01
  -1.14259343e-02  9.95468074e-01  5.84925433e-01 -8.86102426e-01
   5.18379776e-01 -3.90165101e-01 -2.91783377e-01  5.21171777e-01
   6.85719971e-02  6.96756996e-01 -6.94127102e-01 -5.02836930e-02
   3.94737575e-01 -7.79165451e-01  3.81840743e-01 -7.38488233e-01
  -8.01704687e-01 -8.43620194e-01  5.14985017e-01  6.79828805e-01
   3.54695020e-01 -3.24085759e-01 -4.41613315e-01  9.65880479e-01
  -9.32850231e-01  1.60392290e-01  6.92903301e-01 -6.80338319e-01
  -9.31076951e-01  6.84416201e-01 -4.33494419e-01 -8.60535580e-01
   4.85910857e-01  1.86040109e-01  6.44372497e-01  7.68515989e-01
   5.80144013e-01 -4.36770794e-01 -5.29458416e-01 -9.98474137e-01
   5.69511576e-01  3.68723507e-01  2.10695681e-01 -4.95141044e-01
  -4.82518516e-01 -7.29147976e-01 -3.15887169e-01 -9.83845227e-01
  -1.07597548e-01 -7.92958554e-01  6.01811654e-02  2.61131784e-01
   1.83164763e-01  5.93761310e-01  6.40902878e-01  9.48744548e-02
  -7.49801953e-01  2.64171469e-01 -1.49455851e-01 -1.84669530e-01
   2.84384754e-01 -4.54324274e-01  2.86770852e-01  2.86635221e-01
  -5.49705496e-01 -6.89468687e-01 -9.49728052e-01  4.48167489e-01
  -6.01632666e-01 -2.42231778e-02 -9.04695745e-01 -1.61154251e-01
   3.78050954e-01 -3.40016194e-01 -8.82885966e-01  6.51171783e-02
  -2.10625988e-01  1.67269555e-03  2.20212911e-01 -5.54895337e-02
  -8.90130986e-01 -8.15832652e-01 -4.19205379e-01 -6.93933838e-01
  -5.30696972e-01 -3.85887810e-01 -5.83198994e-01  6.71154469e-01
   2.25344023e-02  8.72882492e-01 -4.07226873e-01  1.33033091e-01
   4.78943488e-02 -6.07621640e-01  2.51925815e-01  6.59557420e-02
  -5.60525934e-01 -2.51107170e-02  8.31396875e-01 -6.04159378e-01
  -4.70685467e-01 -3.71690959e-01 -4.43555395e-01 -6.56270276e-01
   3.06269979e-01  8.16850170e-01  5.11743670e-01 -5.10692808e-01
  -1.64881752e-01 -7.91981724e-01  5.96318313e-01  9.03992481e-01
   1.75121346e-01 -4.28655266e-01  7.60854855e-01  8.17562002e-01
  -5.98216330e-01  9.28237674e-01  8.30464503e-01  6.97720608e-01
  -8.87535773e-01 -6.74155596e-01 -3.18042134e-02  6.31250863e-01
  -7.49778408e-01  2.30784746e-01  6.70572769e-01 -3.49156194e-01
   5.52755855e-01  8.74432864e-01  6.36910744e-01  7.97246290e-01
   2.18539261e-01 -2.43102823e-01  2.03688001e-01 -5.26440363e-02
  -7.61500177e-02  1.88784046e-01 -1.54059215e-02 -5.90629654e-01
  -2.64994653e-01  4.10321952e-01  6.69155251e-01 -9.72162374e-01
   6.37318833e-01  7.97278217e-01 -3.17581943e-01  9.26230818e-01
  -3.99649753e-01 -8.11475664e-01  1.04664709e-01  5.11041626e-01
  -3.55439117e-01 -9.42476437e-01 -1.05167910e-01 -1.55558160e-01
  -9.31926218e-01  6.34224750e-01 -6.91803635e-01  4.92191539e-02
   1.48827312e-01 -1.24212608e-01]
 [ 8.04621481e-01  7.91647678e-01  8.85322800e-01  5.62350613e-01
   1.33178716e-01 -5.90322558e-01 -3.02481648e-01  1.70068862e-01
  -2.44564265e-01  8.61076312e-01 -7.52233159e-01 -8.21898092e-01
  -7.73207651e-01 -1.29046458e-01 -6.68631457e-01  4.38970446e-01
   9.12168652e-01 -1.25900061e-01 -4.45432209e-01 -9.97339552e-01
   9.35412245e-01  1.62172672e-01  5.75527501e-01 -4.41188173e-01
   3.07545164e-01  3.64148534e-02 -5.53432938e-01 -4.57089034e-02
  -9.32078932e-01  2.61658052e-01  5.81656300e-01 -4.61805791e-01
   1.13603260e-01 -3.72694985e-02  9.24322096e-01  9.43860787e-02
  -5.58678854e-01  9.91377490e-01  6.22876023e-01  9.89000360e-01
   8.15476363e-02  5.88717927e-02 -1.00194902e-01  7.92137142e-01
   6.92643059e-01 -5.63367066e-01 -4.42514119e-01  2.17044260e-01
  -1.01079669e-01  7.74777191e-01 -6.31516365e-01 -3.21769263e-02
  -3.73562890e-01 -9.73905869e-01 -9.42732386e-01  7.24816901e-01
  -6.74679499e-02 -3.38182204e-01  9.30626048e-01  3.09160552e-01
   9.65775564e-01 -6.69310524e-01  5.89035791e-01 -5.76907443e-01
  -6.22852946e-01 -1.81917947e-02  7.64868039e-01 -3.04685655e-01
   6.10632409e-01 -6.53659951e-01  3.50559834e-01 -1.70940359e-01
  -5.36607681e-01 -8.47222379e-01  4.11264809e-01 -3.23276244e-01
   2.01987654e-01  8.08525366e-01  1.91269919e-01 -3.78146089e-01
   8.70453346e-02  4.59945232e-02  1.49101256e-01 -7.61246960e-01
   6.90223729e-01 -2.34196128e-02 -2.88971684e-01  6.15592667e-01
  -7.71854521e-01  8.91385534e-01  9.86906298e-01 -9.96703385e-01
  -8.02389879e-01 -1.98586775e-02  2.32474916e-01  7.24640424e-01
  -3.42188016e-01  7.33703813e-01 -4.16734457e-02 -6.76925824e-01
  -4.12234562e-01 -8.69229379e-01 -8.48861702e-01 -3.48511517e-01
   4.33531020e-01  7.63534520e-01  6.52139420e-01  5.43032776e-01
   1.27944183e-02  7.65123138e-01 -6.28204211e-01 -6.45528665e-01
  -9.16817412e-02  2.43655874e-01  3.51112471e-01  4.01420922e-01
  -1.28740863e-01 -1.28383553e-01 -9.04873786e-02  6.10185378e-01
  -9.94643552e-01 -7.14251895e-01 -7.74711417e-01 -1.33012051e-01
   3.42855542e-01 -7.10493691e-01 -8.16098868e-01  2.77960010e-02
   1.45324851e-01  4.62958593e-01 -5.87989797e-02 -9.68945876e-01
  -7.96919086e-01 -8.51843517e-01  9.73014073e-01 -7.67066345e-01
  -4.35532443e-01 -3.81228678e-01  4.31935996e-02 -2.48528327e-01
  -9.54934568e-01 -7.68418915e-01  8.84276383e-01  1.32671751e-01
  -2.17607978e-01  6.51106668e-01 -8.75246825e-02 -6.72627069e-02
   4.57249655e-01 -3.76100082e-01 -5.55988279e-03  3.17723048e-01
   1.75992194e-01 -5.00875557e-01 -7.25781483e-02 -1.66539171e-01
   6.85543191e-01 -7.28325580e-01 -8.06025008e-01  8.41483834e-03
   8.15510046e-01 -9.82306674e-01 -2.88438831e-01 -7.16491514e-02
  -1.75165836e-01 -6.67251934e-01 -9.98683630e-01 -6.46798988e-01
  -7.43657598e-01  6.53523319e-01  6.88284661e-02  8.26509395e-01
   3.84136331e-02 -3.24009404e-01 -3.49627416e-01  6.25719266e-01
  -4.52954863e-01 -3.94750222e-01  7.99056919e-01  7.17489038e-01
  -4.51022582e-01 -7.38523240e-01 -1.91513270e-01 -3.28557218e-01
  -6.21232425e-01 -2.94254902e-01 -9.40153926e-02 -6.81008229e-03
  -4.14796713e-01  5.06506445e-01  6.18717574e-01 -2.49895080e-01
  -8.91494849e-01  7.24900272e-01  1.41099131e-02 -7.39960934e-01
   9.30412749e-01 -2.61176504e-01  7.11097464e-01 -8.49646403e-01
   5.24689587e-01  3.96085751e-01  1.02759347e-02  2.71342681e-01
   7.20662082e-01 -7.64745091e-01 -2.62699858e-01  8.43319572e-01
   4.23512727e-01  1.14439879e-01 -5.52272980e-01  2.75831296e-01
  -2.00517414e-01  4.60062479e-02 -4.54959494e-01 -8.77088633e-01
   5.58258232e-01 -7.06377693e-01 -5.24578509e-01  5.21181502e-01
  -3.44932179e-01  9.56019518e-01 -7.54911326e-01  8.28795332e-01
   5.27380570e-02  2.91603863e-01 -9.56795830e-01 -8.41817808e-02
  -3.86059122e-02  9.70616763e-02 -6.44853838e-01  3.51088431e-01
   7.82227172e-02 -8.19205744e-01 -3.13862910e-01  5.33794340e-01
  -7.70690655e-01 -3.15318919e-01 -5.91963924e-01 -3.55061983e-01
   3.89120470e-01 -6.52764098e-01 -5.88495793e-01 -4.76518419e-01
   1.43917262e-01 -9.00401910e-01 -4.03722464e-01 -9.08675656e-01
  -7.92216909e-01  8.10480779e-01]
 [ 7.38999811e-01 -5.45304080e-01 -8.03080722e-01  4.92993196e-02
   4.33078556e-01 -9.25770288e-01 -2.97691475e-01  6.33579479e-01
   7.77371388e-03 -5.45837846e-01 -7.94672023e-01  2.78820498e-02
  -2.93251971e-01 -3.05479702e-01 -2.45646888e-01  4.65436231e-01
  -2.30702996e-01  7.54361244e-01  3.56892405e-01 -1.49689683e-01
  -7.55892965e-01  2.55974168e-01 -9.47057888e-02  8.72835100e-01
   8.12571982e-01  1.72199717e-01 -6.11773622e-01  1.19990843e-01
  -4.48913586e-01  6.37696744e-01 -3.79133865e-01 -4.06300044e-01
   3.40912454e-01  2.35489147e-01  5.47614350e-01 -7.48929299e-01
   8.76027450e-01  8.26141098e-01  5.60708740e-01 -4.61099634e-01
  -3.72914241e-01 -1.34916461e-01 -9.55926916e-02 -8.53473710e-01
  -7.68282810e-01  9.38811793e-02  3.09022140e-01  3.87283823e-01
   4.95161664e-01 -9.96440811e-01 -4.27589087e-01  2.08889503e-01
   3.40757402e-01 -5.93823448e-01 -5.21057040e-01 -2.75428898e-01
  -3.09863564e-01 -5.46420659e-01 -2.14641263e-02  6.47612501e-01
   7.16479390e-01 -8.52865913e-01  5.10184674e-01 -5.92429381e-01
  -5.71581335e-01  8.28397834e-01  8.58544394e-01  7.14799568e-01
   3.78478957e-01  1.86525779e-01  2.60808408e-02  8.83050206e-01
  -1.66961487e-01 -4.13119999e-01  3.14872516e-01  2.90831276e-01
  -2.70460585e-02  9.58462481e-01 -5.98965896e-01  6.38131924e-01
  -6.87999329e-01 -8.02869575e-01  4.10302499e-01  1.27373345e-01
   8.45610124e-02  5.57838550e-02  6.36455200e-02 -3.37436920e-02
   3.40903256e-01  2.14688794e-01 -6.30545770e-01  6.67512108e-01
  -8.86073751e-01  9.66991094e-01  2.32176080e-01 -2.23129035e-01
   7.32939640e-01  2.69225055e-01  9.56818471e-01  7.29035250e-01
   6.43647882e-01 -4.76401931e-03  6.35635766e-01 -8.06735683e-01
   7.79020148e-01  1.22150528e-01 -2.65444016e-01  5.44343955e-01
   4.13457254e-01  2.86951934e-01  9.14241993e-01  2.57308825e-02
  -8.90198830e-01 -6.24219602e-01  2.16873741e-01  4.06991855e-01
   1.66298075e-01 -3.16220203e-01 -5.22012497e-01  6.49873195e-01
  -3.04900976e-01 -6.20086893e-01  6.04973780e-01 -2.79484973e-01
  -3.42163824e-01  3.04009082e-01  6.52564180e-01 -8.87772777e-01
   2.05351702e-01  4.67478014e-01  8.04376721e-01 -7.41646371e-01
   9.87539966e-01  7.56828267e-02  9.29591610e-01 -4.03466359e-01
   4.18468253e-01 -3.07135878e-01 -6.73573151e-02  5.97455634e-04
   5.85557638e-01  4.73788293e-01 -6.17526638e-01  5.63023410e-02
   5.07968223e-01 -6.02351517e-01  9.82928530e-01  9.57228875e-01
   9.90051412e-01  4.86096637e-01 -2.49828761e-02  7.19061683e-01
   1.29665201e-01  5.07420072e-01 -7.23462680e-01 -2.68775692e-01
  -7.81223499e-01 -4.23582908e-01  9.53289417e-01  9.22490625e-01
   2.27949079e-01  3.89975158e-01 -3.02452629e-01  4.68262180e-01
  -6.31306373e-01 -2.08399459e-01  4.89252268e-01  6.24936144e-02
   4.71320097e-01 -7.65664283e-02  6.60079704e-01  8.21599395e-01
   5.11265916e-01  6.68186266e-01  5.18104045e-01 -5.95357245e-01
   5.64326772e-01  4.87757024e-01  3.98122069e-02  2.54512111e-01
  -4.61165532e-01  7.87012013e-01  3.54744142e-01  2.49060629e-01
  -9.46049385e-01 -8.25325936e-02 -1.33156949e-01  6.83013261e-01
   6.62687811e-02  4.63205754e-01  6.99260379e-01  1.82901480e-01
  -5.65254342e-01 -5.43367260e-01  1.52412458e-01 -3.28839360e-01
  -8.29341444e-01 -3.92108165e-01  5.36451056e-01  7.11489733e-01
  -5.31477445e-01 -9.63614738e-01  6.03387825e-01 -1.26312920e-01
   6.22500802e-01  7.79268928e-01 -1.58290760e-01  8.99375640e-01
  -5.44025829e-01 -8.11670805e-01  5.72618275e-01 -6.13251970e-01
  -9.85308350e-01 -3.14090225e-01  9.65388864e-01 -4.11762409e-01
   7.32077767e-03  7.48548624e-02 -5.88407739e-01  9.76180113e-01
   2.96120693e-01 -6.67735676e-01  2.77039677e-01 -2.12258001e-01
   4.18972269e-01 -1.63638414e-01  4.79479340e-01 -5.40371430e-02
  -4.46169207e-01 -3.53242905e-02  1.66481513e-01 -4.99226366e-01
  -9.60767733e-02 -3.82532001e-01  6.36810787e-01  5.08740421e-01
   8.32486761e-01 -7.05501480e-01 -4.28078465e-01  4.48885195e-01
  -7.25825558e-01 -1.53450019e-01 -9.07259305e-01 -3.42770697e-01
   9.54809115e-01  6.34310134e-01 -3.20713923e-01 -7.52404591e-01
  -8.41748823e-01  8.44015370e-01]
 [-4.95963995e-01  7.80903670e-01  1.36487075e-01  3.65600926e-01
   5.90386433e-01  8.08941899e-01 -6.22264196e-01  6.16172238e-01
   2.12507567e-01 -9.50884755e-01 -5.20042752e-01  3.51057308e-01
  -3.68456559e-01 -7.68800635e-01 -2.75839987e-01 -1.62263296e-01
  -9.21783243e-01 -8.47907621e-01  8.41846949e-01  6.96366913e-01
   3.66221666e-01  4.70244940e-01 -7.93761817e-01 -1.87705239e-01
   9.64596242e-02 -7.54147183e-01 -5.66103755e-01 -4.85388667e-01
  -7.53800598e-01 -3.72452408e-01 -8.28984966e-01  3.05269572e-01
  -7.56661865e-01  4.77873324e-01  9.61946194e-01 -6.10599783e-01
  -6.22063232e-01  7.99362685e-01  8.09112915e-01 -4.60436203e-02
  -5.36906056e-02 -6.21186373e-01  8.12693746e-01  5.27109681e-01
   5.40902786e-01  2.32937837e-01 -3.37738473e-01  7.56077818e-01
   6.24581248e-01  5.42792313e-01 -5.06802816e-01  5.99953314e-01
   4.97405064e-01  6.84453905e-01 -5.47239042e-01  4.12388131e-01
  -8.38405181e-01 -6.08502258e-01 -8.66659940e-01  8.90813150e-02
  -1.79473554e-01  7.85379777e-01  2.05663551e-01 -1.12563623e-01
  -2.43780227e-01  2.11686216e-01  5.47419634e-01 -9.09745355e-01
  -2.23263457e-01  5.55597318e-01 -7.18934545e-01 -2.22614646e-01
   6.08044263e-01 -8.14114312e-01 -3.77550719e-01 -8.38263071e-01
  -5.66764213e-01 -5.93944792e-01 -7.34101445e-01 -3.34569457e-01
   2.91121123e-01  6.14486570e-01 -2.43712534e-01 -4.23046618e-01
   5.77225739e-02  8.73176004e-02 -4.12081348e-01  3.42588986e-01
   7.55298095e-01 -6.32419731e-01  9.51076529e-01  5.72685642e-01
  -5.59854254e-01 -5.43299257e-01  3.79812419e-01  5.36047983e-02
   5.72577386e-01  8.38945761e-01 -5.57910307e-01  4.01483323e-01
   5.48650085e-01 -8.84321575e-01  1.57220622e-01 -7.01791717e-01
  -4.69719812e-01  8.76519574e-01 -9.29612488e-03 -5.50422998e-01
   1.27233311e-01  6.30576627e-01  1.01990747e-01 -6.50350789e-01
  -4.43172751e-01  7.54643748e-01  1.01673058e-01 -2.93771067e-01
  -4.65627068e-01  6.15986573e-01 -2.52924638e-01 -7.59779137e-01
  -2.69433168e-01  5.10898962e-01 -4.02134994e-01  5.97957759e-01
   3.50351855e-01  3.42151330e-01  2.89334207e-01 -6.96766891e-01
  -7.06800809e-01 -8.87299719e-01  3.55896284e-01 -6.48275228e-01
   1.34577052e-01 -9.05144945e-01  6.02243258e-02 -2.99539460e-01
   2.21455470e-01  3.93358789e-02 -5.87194657e-01 -1.85825592e-01
   9.59444930e-02  5.08030232e-01 -2.39381229e-01 -6.25631976e-01
   5.51553495e-01  2.16013056e-02 -1.14585352e-02 -4.69607918e-01
   3.89308990e-01 -1.17910489e-01  9.92598671e-01 -1.42426660e-01
   5.49574594e-01 -2.45915518e-01  8.23346790e-01  8.89279602e-01
   4.32812639e-01 -4.00456575e-01  9.46623355e-01 -1.55670427e-01
   5.87559475e-01  3.56145089e-01  6.71860983e-01 -9.93729452e-01
  -4.88242385e-01  8.21665609e-01  4.29097352e-01 -7.06249927e-01
   2.75005557e-01 -3.95703854e-01  7.67960164e-01  1.82141671e-01
   8.78824546e-01 -4.07479973e-01  6.02500643e-01 -7.17526860e-01
   5.69893372e-01  2.42182089e-01 -2.30278825e-01  4.56077695e-01
  -4.76226834e-01 -5.66190183e-01 -6.99118771e-01  8.49102260e-01
   1.47605164e-02 -5.47090141e-01 -5.42493006e-01  4.92754260e-01
  -7.56766816e-01  5.35866078e-01  8.63276899e-01 -9.26781203e-01
   2.70013011e-01 -4.21665608e-01  6.86399987e-01  6.18300562e-01
   4.79095361e-01 -3.10358795e-01  2.45208505e-01  3.30717534e-02
   7.61945727e-01  6.42032484e-01 -8.81375273e-01 -7.34170583e-01
   3.40529003e-01 -7.81408840e-01 -9.31640835e-01  8.52535050e-01
   4.02334703e-02 -9.90646472e-01  1.23182901e-01 -5.26404245e-01
   2.61979053e-01  6.73227680e-02  1.44420110e-01 -9.25475825e-03
   5.75203125e-01 -1.32709534e-01 -4.03649741e-01 -5.39088907e-01
   1.73177724e-01 -3.79710653e-02  2.98256606e-01 -3.04621560e-01
  -3.01822577e-01  3.72707505e-01  2.19911288e-01 -5.69436635e-01
  -6.39859771e-01  2.37700226e-01  3.87260758e-01 -8.87092854e-01
   8.47780380e-01 -7.58006689e-01 -6.23076777e-01  8.46987365e-01
   5.23775866e-01 -8.75486644e-02 -5.47059268e-01  9.33780493e-01
  -5.06687073e-01 -7.55790866e-01 -6.25997352e-01 -5.38743084e-01
  -1.61619139e-01  3.99132440e-02 -2.60086749e-01  6.00422728e-01
   4.78694557e-01  9.95300151e-01]
 [ 6.08673790e-01 -5.48862184e-01 -3.30557180e-01  4.83414810e-01
  -3.75695372e-01 -6.72735503e-01 -7.57545450e-01 -5.47441623e-01
   6.67531092e-01  4.21794487e-01 -2.08141040e-01 -4.98376699e-01
   5.03242341e-01  9.32897994e-01 -7.75629038e-02  6.50771838e-01
   1.17073964e-01 -3.55958785e-01 -9.18939358e-01 -1.58209195e-01
   7.77347920e-01 -6.71728372e-02  7.64750225e-01  1.60710431e-01
  -9.90497862e-01  8.34510345e-01 -5.13882625e-01 -4.70075216e-02
   5.00190139e-01 -5.43480857e-01  5.79991189e-01 -4.57729427e-01
  -5.88838430e-01  3.98213873e-01 -9.82547086e-01  1.69729975e-01
  -3.32875115e-02 -7.55919518e-01  7.49117774e-01 -8.25893797e-01
   6.29067104e-01 -2.30822082e-01 -3.81154038e-01  3.44223585e-01
   1.91948496e-01 -8.21033324e-01 -1.66631608e-01 -9.13781800e-01
  -2.22270964e-01  7.54359244e-01 -2.88201074e-01 -8.95836314e-01
  -7.52719655e-01  7.32653220e-01 -3.30665236e-01 -8.99180537e-01
   4.99924109e-01  3.73327317e-01  2.18988063e-01 -3.56520886e-01
  -1.06460910e-01 -4.80394086e-01 -2.05344846e-01  6.08787681e-01
   6.50990532e-01 -4.91036227e-01 -4.54271149e-01  6.52736711e-01
   2.45818832e-01 -9.28250729e-01  7.81562749e-01  1.83529104e-01
  -7.75671720e-02  2.41649697e-01  1.46947393e-01  6.37128738e-01
  -3.34039246e-01  3.71461493e-01  8.92436579e-01  6.90870006e-01
   8.78455954e-01 -5.35711156e-01 -7.47504646e-01  5.16833800e-01
  -2.47505311e-02  7.86785857e-01  6.45908512e-02  6.11654314e-01
  -7.89636846e-01  8.83183349e-01  3.34700946e-01  9.07531262e-01
   2.82199169e-01 -6.80898723e-01 -3.74033010e-01  5.30953846e-01
   3.34115037e-01  8.43307394e-02  5.95113739e-01  3.37176116e-01
   8.16284635e-01  8.73412804e-01  7.05303721e-01 -4.03820392e-01
  -4.22917487e-01  6.45902434e-01 -3.48932220e-01  8.75681160e-01
  -1.84324301e-01 -6.87332505e-01  1.59949989e-01  4.11242306e-02
  -1.60706510e-01  3.13929103e-01 -8.45723770e-01  1.44954887e-01
  -8.93055102e-01  1.85411537e-01 -2.44029578e-01 -1.66014353e-01
   2.02279344e-01  6.22773471e-02  7.21114447e-01  8.67509558e-01
  -1.16525857e-02 -6.79231678e-01 -6.40920986e-01  7.21615831e-01
  -4.73688807e-01 -2.18136873e-01 -3.79371229e-01 -9.12722268e-01
   4.76442511e-01  3.94759525e-01 -7.35034493e-01  2.80106135e-01
   3.31857128e-01 -5.41620314e-01  7.26058722e-01 -5.07198091e-01
  -8.38294012e-01  5.44900416e-01  8.39611372e-01 -7.05735040e-01
   6.02107473e-01 -2.55303933e-01 -2.84696865e-01  2.53442296e-01
   2.19940764e-01  5.16731824e-01  8.64799079e-01  4.44255292e-01
  -2.46785818e-01  6.25469978e-01 -5.11080735e-01 -7.02469833e-01
  -1.59979631e-01  3.15311335e-01 -4.72105160e-01  6.94436186e-01
  -5.94644267e-01  3.52222901e-01 -4.10320914e-01  8.79803070e-01
  -1.74894135e-02 -2.22453406e-01  6.83174854e-01  9.06463357e-01
   7.60187820e-01  9.66237614e-03 -2.86278069e-01 -5.55020313e-01
  -2.29768174e-01 -7.05615800e-01 -6.57904348e-01 -2.96031574e-01
  -9.33648022e-01 -2.07198416e-01  9.99931187e-01  3.27612882e-01
  -1.15257355e-02  2.39329475e-01  2.83542043e-01  1.91160404e-01
   9.61754953e-01 -9.75577134e-01  4.69209722e-02 -7.91434689e-01
  -5.77156886e-01  2.82957484e-02  4.48796386e-01 -4.52755944e-01
   2.78557604e-01  1.94387927e-01 -2.06705173e-02  4.23761115e-01
  -8.15144750e-01 -7.94498151e-01  8.53150715e-01  2.00484868e-01
  -8.61859153e-01 -3.81561787e-01 -9.76346290e-01 -6.69318666e-01
  -7.86960897e-01  5.09547788e-01  6.44275355e-01  2.51699083e-01
   3.60351136e-01  9.09154038e-01  3.99294156e-01 -6.17776137e-01
  -7.01514999e-01 -8.28477561e-01  6.21644569e-01  4.76372716e-01
   1.47057589e-01  8.40153186e-01 -9.73646252e-02 -8.98575165e-01
   3.79039809e-01 -9.78641565e-01 -5.12662930e-01 -4.00828634e-01
  -7.37725468e-01  3.00643904e-02 -8.48002786e-01 -1.51372999e-01
   8.83140468e-01  3.80611313e-01  3.17676252e-01 -9.38159090e-01
  -9.80461966e-01 -7.40227807e-01  7.27762164e-01 -5.97031651e-01
   1.17788864e-01 -1.13323855e-01  6.12299200e-01  9.44355260e-02
   5.27806047e-01  3.64345180e-02 -2.48548462e-01  4.35023307e-01
   2.12009941e-01  3.93408364e-01  5.40413100e-01  8.21235855e-01
   2.07495783e-01 -7.73713686e-01]
 [ 7.56429163e-01 -3.88126600e-02  3.34981351e-01  9.48388497e-01
   3.17791774e-01 -5.49356024e-01  4.91398264e-01 -6.23950234e-02
  -9.99523325e-01 -5.01862654e-01 -8.11083474e-01  5.17936402e-01
  -9.62045531e-01  7.81696616e-01  8.80810926e-01 -4.03379125e-01
   1.77008813e-02  2.19763587e-03 -8.33688135e-01 -3.69464405e-01
  -4.26089922e-01  2.89030687e-02  1.97709040e-01 -7.25238937e-01
   2.47146669e-01 -3.25847949e-01  4.11263739e-01  1.45230834e-01
  -1.06037692e-01 -9.46540175e-01 -5.17242643e-01 -6.02688955e-01
   1.22897476e-01 -7.25327386e-01  2.73442649e-02  6.44372469e-01
   7.79710111e-02  5.50128788e-01  3.18604248e-01  7.57289574e-01
   3.56899480e-02  9.91851548e-01 -2.76362266e-01  3.45751467e-01
  -9.50649290e-01  4.10611591e-01  5.88164221e-01 -9.17449120e-01
   4.66572410e-01  8.47017063e-01  3.66992630e-01  4.52813452e-01
   7.86791019e-01  3.36316539e-01  3.75188646e-01 -1.87989453e-01
   7.81033442e-01 -4.35107537e-01  6.29089910e-01  5.36416675e-01
   7.59114705e-01 -4.79005135e-01  7.49677358e-01  2.50949646e-01
  -6.48619488e-02 -2.27492569e-01  7.99387262e-01 -6.53707728e-01
  -7.54175663e-01 -6.82360658e-01 -1.08389939e-01 -4.82660973e-01
  -2.41336201e-01 -9.69489825e-01  1.54818418e-01 -2.06223061e-01
   4.76303043e-01 -6.96140096e-01  8.74538852e-01 -7.78731348e-02
  -4.03512732e-01  5.71293168e-01 -3.71054621e-01 -7.21967719e-01
  -3.34605643e-03  5.91932696e-01  1.85286850e-01 -1.00191613e-01
  -9.86238399e-01  6.67618949e-02 -6.07642944e-01 -4.66458951e-01
  -2.33616978e-01  5.63749201e-01  2.55277379e-01  7.64450696e-01
  -7.17623324e-01 -9.92984802e-01  3.62146179e-01 -7.26257426e-01
   8.68690491e-01 -3.40910806e-01 -4.13216321e-01  3.61103154e-01
   3.44320582e-01 -5.63199488e-01 -9.41486413e-01  8.39840277e-02
  -7.85935526e-01  4.53239055e-01 -6.25836096e-01 -1.92961001e-01
   9.93152311e-01 -3.39877193e-01 -9.04738714e-01  6.79453136e-01
   4.35603408e-01 -1.65386271e-01 -7.01638007e-01  3.52654209e-02
   7.13580647e-01  6.32862442e-01  1.55684596e-02 -2.92533632e-01
  -6.75281567e-01 -7.09100752e-01  2.62575123e-01  1.75067538e-01
  -3.55792550e-01  8.63220460e-02  2.46997123e-01  7.88425309e-01
   2.12138430e-01  1.85858451e-01  8.88673950e-02 -8.48837639e-01
   9.65115751e-01  5.79702726e-02 -2.51695564e-01  2.69674254e-01
   6.46408408e-01 -7.00034794e-01  3.66126025e-01 -7.15652629e-01
  -4.83698473e-01 -4.24112960e-01  7.62192292e-01  8.84220473e-01
  -2.62998520e-01 -5.86819787e-01  6.76175284e-01 -7.85024096e-01
   7.40373643e-02 -9.07673724e-01 -2.03678460e-01  6.56395107e-01
  -7.09541875e-01 -1.34168801e-01  3.25607227e-02  9.15573205e-01
   5.19456327e-01 -4.37884419e-01 -8.58725720e-01 -2.10042181e-01
  -1.94337568e-01  4.47036767e-01 -6.60031374e-01  3.65148930e-01
  -7.37115685e-01  1.12073834e-01 -9.74270789e-01 -3.10791220e-01
  -4.89329307e-01  2.72267405e-01  6.58053350e-01  7.86992196e-01
  -5.63657424e-01  3.39269759e-02  6.20705094e-01  4.65742234e-01
  -8.17523892e-01 -3.99413848e-01 -9.44629003e-01  7.41724610e-01
   8.51261913e-01 -2.54480126e-02  6.51585715e-02 -8.99504817e-01
  -2.17718995e-01 -3.38084529e-01  7.80969983e-01  3.97104310e-01
  -7.33135930e-01 -7.89161459e-01 -5.45089181e-01 -5.10454629e-02
  -6.73845833e-01  9.97914875e-01  6.00597103e-01  1.63145671e-01
   9.67252625e-01  4.78064470e-01  6.63881263e-01  8.78284312e-01
  -9.91178148e-01 -4.19592184e-02 -8.22192519e-02  2.69511701e-01
  -1.58769782e-02  3.63219483e-01  2.50675652e-01  4.48020740e-01
  -5.22587458e-01 -6.54907499e-01  3.29157134e-01  5.13639882e-01
   7.75227873e-01  4.37500635e-01 -6.24933167e-01 -1.60231585e-01
   3.44161197e-01 -8.24771884e-01  7.95978495e-02 -6.71066574e-01
   8.13101696e-01  2.33516005e-01  5.27912866e-01 -3.14747424e-01
   5.08862174e-01  6.19826474e-01 -2.29374452e-01  7.92783467e-01
  -1.62731410e-01  6.48391374e-01  5.00473074e-01  1.99177165e-01
  -8.03920378e-01 -8.81938692e-02  2.78709697e-01  5.55596077e-01
  -4.49146165e-01  3.66468723e-01 -2.71546659e-01  6.90078826e-01
  -7.30983224e-02  8.02039382e-01 -1.91509782e-01  8.58446996e-01
  -4.41152438e-01  7.39019473e-01]
 [ 3.61793441e-01 -3.52124829e-01 -3.71989890e-01 -7.91002215e-01
  -2.33037796e-01 -7.36306995e-01 -5.76239271e-01 -3.53577727e-01
  -6.54025984e-01  1.82769739e-01 -6.03238910e-01  6.29673057e-01
   4.92526067e-02  8.83836694e-01  9.33985388e-01 -1.92914472e-01
   7.78917911e-01  2.37568823e-01  6.47698751e-01 -5.68997638e-01
  -6.78381533e-01  3.59276435e-01  7.57513470e-01  9.44859791e-01
  -7.62246359e-01  2.92005730e-01  7.12692222e-01  6.00740462e-01
   9.50465223e-02  2.46071979e-01 -2.97601552e-01  9.55293449e-01
  -4.44691021e-01 -5.03461302e-01  2.98264520e-01  3.97311428e-03
  -8.23731938e-01 -9.90121433e-03  6.15638745e-01 -1.85403114e-01
  -7.40063762e-01 -3.25956458e-01  8.66181270e-01 -5.23902145e-01
  -3.81000788e-01 -2.16805759e-01 -7.75021303e-01 -7.61886843e-01
   4.67371266e-01 -3.26320278e-01  7.58927782e-01  5.22798756e-01
   1.74916170e-01  6.70557487e-02  8.81645818e-01 -5.45192283e-02
  -1.51204696e-01 -1.48227118e-02  5.30297616e-01  3.88211745e-02
   9.43199545e-01  1.88444598e-01 -7.77114444e-01  5.31509676e-01
   4.71881712e-02  1.20399360e-01 -9.13644074e-01 -3.67532420e-01
   9.55953195e-01  8.46323880e-01 -3.79688877e-01 -8.07902947e-01
  -2.09393582e-01  9.05006707e-01 -3.41686977e-01 -8.63792459e-01
   7.83781887e-01 -7.35605197e-01  1.44501526e-01 -9.16112915e-01
   6.53140801e-01 -8.71627741e-01 -5.45058453e-01  8.36361695e-01
  -2.29890284e-01  5.91740629e-01 -9.10847638e-01 -3.63692764e-01
  -2.15127833e-01  3.44701673e-02  8.86217559e-01 -6.01133559e-01
   8.61879226e-01 -7.85168845e-01  3.84453439e-01  9.14520673e-01
  -4.82056944e-01 -7.43871506e-01 -6.37383129e-01 -1.15264357e-01
  -9.02820138e-01  1.08793679e-01 -7.22073552e-01  4.81419471e-01
   5.83663891e-01  1.91200286e-01 -6.26522560e-01  7.06322623e-01
  -9.08974753e-01  6.11291598e-02 -1.18361028e-01 -8.62104862e-01
  -8.86966872e-01 -8.75321382e-01 -6.91219117e-01 -1.10863343e-01
  -1.30636564e-01 -4.18124435e-01  1.46547494e-01  4.32782497e-01
  -3.16513242e-02  7.49173292e-02 -2.49218323e-01 -4.76245605e-01
  -2.79879411e-01 -1.99644054e-02 -9.31231711e-01 -5.75063895e-01
   2.86278808e-01  2.98314656e-01 -1.39355759e-01  4.34046414e-01
   2.39511121e-01 -5.76597064e-01 -9.55782132e-02 -1.59598612e-01
  -3.55474731e-02 -3.77930629e-01 -3.33392393e-01  8.75790795e-01
  -8.13470901e-02 -4.95689970e-02 -5.60521278e-01  2.68720785e-01
  -1.81143722e-02 -5.53689388e-01  9.87301623e-01 -2.68734740e-01
   1.64934930e-01 -8.42769619e-01  6.79957780e-01 -6.29657245e-01
  -8.69969710e-01  4.82878897e-01 -4.38849452e-01 -2.75160173e-01
  -1.60067353e-01  8.84490088e-01 -9.88541258e-01  9.73244391e-01
   8.92078140e-01 -9.16287803e-01  2.64913390e-01  7.78787171e-01
  -1.01050567e-01  1.47931154e-01 -3.47363650e-01 -3.63370609e-01
   2.22932381e-01  6.98427843e-01 -4.39344655e-01  1.12605986e-01
   9.41737039e-01 -1.11855595e-01 -2.63731284e-02 -8.70223471e-01
  -3.18315971e-01 -8.58440192e-01 -3.68921256e-01  9.45302574e-01
   8.50977026e-01  8.20133133e-01 -5.50319205e-01  2.64959330e-01
   8.38929660e-01  3.75856234e-01  8.30826070e-01  9.43408906e-01
  -2.62787386e-01  9.28732084e-01 -6.61032685e-01  8.22524189e-01
   1.66640094e-01 -3.47172046e-01 -4.73013438e-01 -9.81661607e-01
  -9.92782228e-01 -1.94304906e-02 -9.39268292e-01 -8.67723584e-01
  -9.87548990e-01  1.44422647e-01  4.60315573e-01 -8.00146826e-01
   8.06040356e-01 -9.92236051e-01  2.69861551e-01 -1.74555146e-01
   1.48446506e-02  7.52451578e-01 -2.43303002e-01  4.01376307e-01
   1.44315852e-01 -8.33444993e-01 -3.90970453e-01 -5.84752881e-02
   8.39394342e-01 -4.77470088e-01 -8.84734137e-01 -2.39588247e-02
  -3.13293463e-01  9.41023032e-01 -9.09869782e-01 -3.77043823e-01
   2.91495721e-01  8.63074503e-01 -4.06360364e-01 -9.34656534e-03
  -9.15153594e-02  5.23638428e-01  5.48997967e-01 -3.21691946e-01
  -2.53800931e-01  3.61472722e-01  8.73312450e-01 -5.48979295e-01
   6.04700868e-01  6.33732315e-03 -9.86651610e-01 -8.82297768e-01
  -1.76450724e-02 -7.94491510e-01  2.47153562e-01  9.73726515e-01
  -6.85143757e-01  7.26244943e-01 -7.01411083e-01  6.30879885e-01
   3.83497014e-01  8.62189145e-01]
 [-7.39976519e-01  1.46127687e-01  7.43253548e-01 -5.01124211e-01
  -2.83711789e-01 -4.46805181e-01 -2.32547688e-01 -1.09927895e-01
  -5.20818905e-01 -7.56131872e-01  5.79686974e-01  7.97882785e-01
   4.15861961e-01  2.16680303e-01  9.07598687e-01 -7.54242696e-01
   6.64447721e-01  8.47293646e-01 -5.16623425e-01  5.23613599e-01
   6.19250449e-01  1.70096519e-01  5.83384462e-01 -7.65953709e-01
   7.34857620e-01 -7.98602368e-01 -5.22189754e-01 -7.83360854e-02
  -9.23637661e-01 -7.97602194e-01 -2.82066825e-02 -3.58560099e-01
   9.94209000e-01  2.93443418e-01  3.63694055e-01  3.61074647e-01
   9.65602593e-01 -2.17846937e-01  3.28415565e-01 -3.69301660e-02
   9.86752814e-01 -5.14448213e-01 -4.93503502e-01  6.59950923e-01
   2.34887126e-01  7.88041333e-01  9.82530805e-01 -2.05989807e-01
  -2.89067804e-01 -4.65138968e-01 -9.81343563e-01 -6.18271422e-01
   7.01630319e-01  2.45815404e-02 -2.41670567e-01 -6.01329523e-01
   9.37300187e-02 -3.04936601e-01 -2.22700326e-03 -3.82952614e-01
  -2.93637074e-01  9.16302400e-01 -8.58174616e-01  9.39077744e-01
   1.32813832e-02  8.13283993e-01  6.59282718e-01 -3.29397508e-01
  -9.37671331e-02  7.99983407e-01 -8.48468545e-01  6.28068079e-01
  -3.84959951e-01  3.14121858e-01 -1.96094405e-01 -4.48885402e-03
  -4.32846603e-01  2.99194161e-01  2.33515849e-01 -6.62849676e-01
  -5.92844629e-01  3.90411599e-01 -8.99239638e-01  9.36620593e-01
  -2.18671458e-01 -3.78018053e-01  9.65286273e-01 -2.43552774e-01
  -8.07313438e-01 -6.05445992e-01  8.88580428e-01  9.33484155e-01
  -8.19841899e-01 -6.85627742e-01  2.25513976e-01 -4.15591023e-01
  -1.20964724e-01 -7.54439901e-01  4.96983664e-01  5.51514285e-01
   7.36501695e-01  2.07761460e-01  2.76016856e-01  4.52851285e-02
   4.99840999e-02 -3.64093764e-01  8.50086752e-01 -6.35411294e-01
   4.50410909e-01 -1.13053416e-02  2.01973183e-01  9.57789172e-01
   6.85902163e-01  3.93664709e-01 -5.96196435e-01 -5.17620451e-01
   2.25573536e-01 -9.65859369e-01  7.93252623e-01  9.95169506e-01
  -7.18846679e-01 -8.63581963e-01 -1.18221927e-01 -9.18473942e-01
   4.05012918e-01 -3.80332764e-01  8.10325070e-01 -4.68179861e-01
  -4.71289966e-01  3.41841925e-01 -1.61413307e-01 -7.05088064e-01
   6.30913643e-01 -5.15153803e-01  5.12437597e-01 -1.17534648e-01
   9.64064586e-01  4.15743117e-02 -8.62033847e-01  7.79613753e-01
  -7.58911853e-01  1.67610827e-01  6.85690244e-01 -4.03522037e-01
  -5.16294094e-01 -9.94191232e-01  3.65076369e-01  1.70359096e-01
  -1.30741359e-01 -6.11160597e-01  1.00156479e-01  8.32494625e-01
   4.87457898e-01 -7.91791964e-01  4.68674035e-01 -1.35994046e-01
   5.84196174e-01  1.21432081e-01  3.70893799e-01 -3.83671073e-01
  -9.84215664e-01  8.11844901e-01  8.63073108e-01  2.45033927e-01
  -6.83933975e-01 -9.70514302e-01  1.45494663e-01 -7.52929346e-01
   1.75906432e-01  7.28915394e-01  5.27671079e-01 -8.21787840e-01
  -5.42419731e-01  8.98049042e-01  1.56610183e-01  3.06610464e-01
   1.64003705e-01  6.82968975e-01 -5.40134064e-01  7.98398665e-02
  -8.93757282e-01 -8.36718206e-01 -2.47300457e-01 -9.02143471e-01
   8.98025069e-01  2.63913349e-01  8.36837980e-01 -1.60345967e-01
   6.62902536e-01  3.11566732e-01  9.67355872e-01  5.39322499e-01
   7.94077168e-01  1.56954824e-01  6.91976837e-01 -6.37162696e-01
   7.53887686e-01  9.19083034e-01 -7.07120526e-01  6.50409007e-02
   6.34752873e-01 -8.86469587e-01 -2.68117948e-01  6.20038118e-01
  -3.93313376e-01  1.66147820e-01  7.23127569e-01 -5.18335929e-01
   4.99287710e-01 -4.72901596e-01 -1.04310271e-01  3.60530442e-01
  -5.78692897e-01  7.76755171e-01  7.84199996e-01  8.64119150e-01
  -3.03039666e-01  8.56593515e-01  7.78644124e-01 -5.59169620e-02
  -5.74635034e-01 -7.03634309e-01 -7.23637878e-01  1.91369940e-01
  -3.90861318e-01 -2.19005016e-01  2.81227978e-01 -5.94214606e-01
   2.46073130e-01  1.21184737e-01 -4.51919204e-01  9.15859527e-01
   9.68804072e-01 -7.30145057e-01  4.36891095e-02 -2.28808704e-01
  -8.61092576e-01 -3.94610998e-01 -8.62140429e-01 -6.45509944e-01
   8.56896367e-01 -5.93028656e-01 -3.13968922e-01  1.18772506e-01
  -4.21205510e-02 -9.56700837e-01  5.99260543e-01  9.18406486e-01
  -3.51735041e-01  6.82641802e-01]
 [ 3.87867573e-01 -8.79464181e-01 -1.75352009e-03  5.14181205e-01
   1.53722136e-01 -4.68873846e-01  7.84936114e-01  6.02899669e-02
   1.47308921e-01  6.16883715e-01  4.77393634e-01 -1.61766761e-01
   9.04259338e-01 -6.84844151e-01  3.28746964e-01  2.87409734e-01
   5.53037267e-01  1.37615725e-01 -5.51622403e-01 -2.75800537e-01
  -9.15097246e-03 -6.45792766e-01  6.71952865e-01  7.42305975e-01
   8.16279434e-01 -9.44727881e-02  4.42672043e-01  9.23404175e-01
   6.34671076e-01 -2.09929812e-01 -9.38606894e-01  6.29758087e-01
  -7.06511072e-01  9.48034739e-01  7.81468806e-01  1.89942043e-02
   7.42334807e-01  4.35732564e-01 -9.25500842e-01 -4.82533971e-01
  -3.24255718e-01 -4.26138749e-01  3.93737262e-01  1.16950685e-01
  -8.63665640e-01  2.25033707e-01 -9.97166356e-01  6.79094857e-01
   7.57509025e-01 -6.08674218e-01 -4.43871419e-01  9.95811867e-01
  -7.05676547e-01  9.25950810e-01  2.49767425e-01 -2.05340305e-01
  -9.42738913e-01 -3.46628188e-02  5.44025253e-01 -9.52553885e-01
   9.24963847e-01  3.37290867e-01 -2.02799617e-01 -8.85938533e-01
   1.29531977e-02 -8.94673356e-01 -1.71147209e-01  7.50547107e-02
  -4.91734153e-01  2.94533977e-01 -3.68961239e-02  7.92090056e-01
   5.53458798e-01 -4.58142631e-01 -6.42002255e-01 -9.47910587e-01
  -5.78787918e-01  8.98631440e-02 -6.22435878e-01  9.41913612e-01
   1.14539606e-01 -2.03635501e-02  4.94437249e-01  5.42189998e-01
   7.91482911e-01 -2.80745928e-01  5.97537252e-01 -1.65760763e-01
  -8.83199018e-01 -5.21439262e-01 -3.12762261e-01 -1.51051115e-01
  -1.09407008e-01 -3.26371806e-01  9.50330939e-01 -2.00091869e-01
   5.40750655e-02 -2.62179124e-01 -1.69623742e-01  8.74080162e-01
   2.89742869e-01 -7.26603761e-02  7.06815541e-01 -8.71059292e-01
  -8.81102409e-01 -5.16154351e-02  4.82671645e-01 -1.63162856e-01
   7.73543364e-02 -7.53191483e-01  5.44260736e-01 -7.82400302e-01
   8.22321032e-01  1.13302116e-01  6.19043419e-01 -7.24296985e-01
  -7.26165928e-01  7.04234534e-02 -2.02958366e-01 -1.21478769e-01
   2.17884778e-01  1.40249598e-01 -8.32345400e-02 -5.10666225e-01
   9.35691814e-01  3.42002925e-01  2.65822751e-02 -9.74649017e-01
   7.84410294e-01  1.21901160e-01 -8.36359501e-01  6.98355971e-01
  -6.52485975e-01  4.73599309e-01 -8.58806243e-01  7.98304051e-01
   9.59511503e-01 -6.81349812e-01 -2.09464449e-01 -5.73703171e-01
   7.05023813e-01  8.29636056e-01  3.85598526e-01 -4.75257533e-01
   7.61911465e-01  3.19413962e-01  9.74389800e-01 -4.87275339e-01
  -5.02902688e-01  9.60503484e-01 -8.18688342e-01  4.45061562e-01
  -5.55454443e-02 -8.67479506e-01  3.26189585e-01 -7.08855655e-01
  -6.92636445e-01 -3.18704850e-01  4.36783986e-01  4.54115026e-01
   9.68494033e-01  7.49356204e-01 -2.93617294e-01 -5.82058425e-01
  -1.17545607e-02  5.55050154e-01  6.94740989e-02 -8.36354911e-02
  -8.86420725e-01 -1.20819378e-01  6.92575227e-01 -6.26754978e-01
   4.21302945e-01  3.67106397e-01  8.46383964e-01  4.07061457e-01
  -5.28703065e-01 -9.01518405e-01  1.98163476e-01  1.09138470e-01
   3.69216822e-01  3.87555217e-01  6.95992208e-01 -1.14932213e-01
  -8.66475526e-01  8.02011540e-02 -9.22667847e-01  1.28182240e-02
   8.94439941e-01  4.17431415e-01 -1.65217146e-01  5.02582457e-01
  -9.67941018e-01  1.73969212e-01  7.65599368e-01 -1.80431706e-01
  -1.45457757e-01 -3.24242219e-01 -5.80901461e-01  3.24199293e-02
   5.46505127e-01 -9.48043674e-01 -9.33509359e-01 -8.96342479e-01
  -4.47464830e-01 -6.17406211e-01 -8.55288776e-01  4.80797435e-01
  -7.97408241e-01 -8.45484152e-03  3.76323109e-01  2.11873761e-01
  -3.01555532e-02  6.55811456e-01  5.74466167e-01 -1.19249808e-01
  -9.43190072e-01  9.83221567e-01  3.13333563e-01  4.38042763e-01
  -4.28520624e-01  8.51684030e-01  2.90768730e-01 -6.50796420e-01
   1.72995825e-01  7.41003398e-01  3.35176724e-01  9.93939438e-01
  -4.52408045e-01 -9.23864267e-01 -5.01772442e-01  9.33931639e-01
   8.14669439e-01 -3.68063327e-01 -2.89269109e-02 -2.07290175e-01
   3.60850162e-01  7.36782359e-01 -6.99176330e-01 -6.08156523e-01
  -3.45223986e-01  3.28710209e-01 -6.15517288e-01 -7.95623507e-02
   9.21578981e-01  2.80430918e-01 -2.39242482e-01 -6.90368594e-01
  -2.98430929e-01 -3.13332211e-01]
 [ 7.22645370e-01  1.92313965e-02 -4.12017296e-01 -2.86594155e-01
  -3.18136599e-01 -1.79378898e-01 -4.37849930e-01 -5.75951805e-01
   9.22268359e-01 -5.53047106e-01  9.15989709e-02  8.50425235e-01
  -3.42013575e-01  5.90531054e-01 -7.31564567e-01 -1.73993626e-01
   5.01279855e-01  8.25868957e-02  2.14350127e-01 -3.34999968e-01
   4.72549068e-01  8.43837816e-01 -6.82159210e-01  6.51881419e-01
  -5.98854578e-01  1.14355775e-01  1.56746763e-02 -1.96058138e-01
   7.85438033e-01  4.14800821e-01  4.09842380e-01 -6.97264722e-01
  -9.61885661e-01  5.32287935e-01 -5.88471897e-01 -4.03873649e-01
   7.30349016e-01 -8.81663259e-01  9.99225484e-01  4.23942102e-01
   6.29035837e-01  5.78273337e-02  8.10597023e-01 -3.92983167e-01
   3.26782110e-02  6.78348535e-01 -7.31427167e-02 -1.01156057e-01
   5.18624180e-01  5.55324896e-01 -9.80898079e-01 -7.95209293e-01
  -2.93748955e-01  2.86683775e-01  7.63015361e-01  1.52511140e-01
  -5.78467200e-01 -9.03614970e-02  4.59735101e-01 -1.75271072e-01
   7.66383290e-01 -8.49163279e-01  2.57670675e-01  4.86528249e-01
  -3.83969771e-01  8.32014904e-01 -3.10461571e-01 -2.27594942e-01
  -7.76896423e-01  1.07908920e-01  9.52097591e-01 -9.70905823e-01
  -8.38853770e-01 -3.56363135e-01 -1.27078406e-01  3.99797447e-01
  -8.22278441e-01  6.53385747e-02  5.41584657e-01 -6.44287640e-01
   1.29801812e-01  8.30878328e-01  2.47682625e-01 -2.45870032e-01
   4.50595362e-01 -1.36430667e-01 -4.80315523e-02 -7.41543787e-02
  -3.04421299e-01  3.75053808e-01  6.96547512e-01 -1.80133525e-01
  -6.38270904e-02 -7.05916160e-01 -9.30997600e-01  3.46444110e-01
  -2.53677539e-02 -6.71267011e-01 -7.10895846e-01  6.30482352e-01
   5.13127658e-01  6.24175418e-01  7.96773910e-01  2.92411203e-01
  -5.14522644e-01  1.66405636e-01 -6.80451366e-01  1.91143356e-01
   2.87514934e-02 -7.41913732e-01 -7.35347523e-01 -7.84708058e-01
   6.74223282e-01  9.05790780e-01  4.21460311e-01 -7.95502020e-01
  -3.47244822e-01  2.54621721e-01  7.21487483e-01  7.48704212e-02
   4.99946973e-01  3.38327848e-01 -1.85969573e-01 -4.05147056e-01
  -6.91347409e-01  4.22718307e-01  5.56574110e-02 -6.55029691e-01
  -6.54473072e-01 -8.96894479e-01  4.75188511e-01 -4.28745286e-01
  -2.68945854e-01 -5.74350348e-01  3.63948432e-01 -9.18322279e-02
  -7.29962710e-01 -6.35454806e-01 -9.38928102e-01  7.08311809e-01
  -9.10199465e-01 -6.47060963e-01  7.60897923e-01  1.21244040e-01
  -4.49911963e-01  7.69368644e-01  3.37755382e-01  8.66667909e-01
  -9.22548371e-01  1.85063528e-01  7.04732650e-02  9.08274027e-01
  -3.51715466e-01 -2.94819025e-01  5.45960387e-01  4.15677858e-01
   8.27508666e-01  6.23611925e-01 -5.63408766e-01 -9.09725430e-01
   5.37078518e-01  1.42871422e-01  6.25257483e-01  9.88978087e-01
  -7.43224647e-01  4.49134121e-02  3.03814478e-01  2.73925113e-01
   4.68717217e-01  7.93053222e-01  1.16403224e-01 -4.28263369e-01
   7.52658984e-01 -3.66634212e-01  6.19836692e-01 -1.94159765e-01
  -2.06635073e-01 -8.35773020e-01  4.24523200e-01 -2.68155709e-01
  -8.85350219e-01  7.94131612e-01 -8.53979398e-01 -5.52170835e-01
   5.37165241e-01  7.44684044e-02 -6.95807596e-01 -7.76848590e-01
  -2.16998242e-01 -6.21243415e-01  5.56594431e-01 -9.83195153e-01
   2.66721672e-01  7.44968686e-01 -6.98784376e-01 -4.72486218e-01
   8.59912425e-03  7.71790182e-01  7.94984246e-01  4.79803623e-01
  -6.26900660e-02  5.40505516e-01  8.74179372e-01 -9.23330913e-01
   8.83693767e-01  1.80509974e-01 -5.53283244e-01  1.71271029e-01
  -7.02820098e-01  7.59244467e-01 -2.97406426e-01  1.13090474e-02
   6.86007442e-01  4.28331743e-01 -7.75397573e-01  9.74368292e-01
   9.74094324e-01  6.34144340e-01 -4.98652418e-01 -1.94109516e-01
  -8.10439029e-01 -7.47017844e-01 -4.04616574e-01  6.04248631e-01
  -7.91468732e-01  1.52412766e-01  4.13724710e-02 -4.27874431e-01
   9.59432444e-01 -9.62519582e-01 -1.69858207e-01 -7.92639817e-01
   5.66287688e-01 -9.70809886e-01  5.36083705e-01 -5.67139802e-01
  -6.41443035e-01 -8.98983605e-01  9.75016735e-01 -1.40463468e-01
   5.07146002e-01 -1.23571208e-01 -2.08084428e-01  2.40708474e-01
   5.90488760e-01 -8.33650458e-01 -1.42336954e-01 -8.69420396e-01
  -8.63348679e-01 -2.83603033e-01]]