[[ 12.71208406 -12.70528028]
 [ -5.48986943   5.48723296]
 [  2.94701343  -2.94088283]
 [  2.71998839  -2.7019694 ]
 [ -0.14663018   0.14441629]
 [ -9.39036379   9.44216734]
 [  2.04886755  -2.00687193]
 [ -4.38035199   4.39396658]
 [ -0.64729992   0.65863866]
 [ -5.8946456    5.91556336]
 [  1.39101906  -1.38030562]
 [ -2.0571868    2.0511379 ]
 [  3.71571671  -3.66913321]
 [  9.10571586  -9.09541325]
 [  5.62777745  -5.61080838]
 [-10.24512814  10.23423861]
 [  4.17411354  -4.16955362]
 [  9.89338901  -9.8992291 ]
 [  4.41028685  -4.39590726]
 [  2.70632687  -2.64829993]
 [ -8.65065052   8.66559342]
 [  2.85160856  -2.82517538]
 [  2.82960542  -2.83043017]
 [  5.65884826  -5.66231131]
 [ -2.11204332   2.14153841]
 [ -7.65973459   7.65066608]
 [ -8.2904823    8.30445305]
 [  0.45122435  -0.42341823]
 [  9.58173205  -9.59872256]
 [ -2.12975906   2.11196638]
 [  2.22746886  -2.23226515]
 [ -6.06363535   6.05946916]
 [ -3.42443064   3.46132527]
 [ -1.73961337   1.71124618]
 [  0.5051735   -0.46347909]
 [ 10.3547273  -10.33180461]
 [ -5.62061026   5.63705339]
 [  7.79675961  -7.79594879]
 [ -9.89964768   9.89578694]
 [ -3.39393877   3.39523342]
 [ -5.21204866   5.21981651]
 [ -0.53439542   0.54932535]
 [  3.45790896  -3.44867189]
 [  6.80418755  -6.79557742]
 [ -6.64618608   6.65118719]
 [ -7.17891391   7.24430071]
 [ -1.54849466   1.53612254]
 [  3.74956144  -3.72412067]
 [  3.17759705  -3.14892735]
 [-12.0405376   12.03166714]
 [ -5.44379193   5.44344973]
 [  1.41983489  -1.3951212 ]
 [  2.15224916  -2.12526159]
 [ -9.38669683   9.38351766]
 [ -9.13553504   9.16889261]
 [  4.35045714  -4.3173798 ]
 [  6.16415738  -6.16799829]
 [ 12.61918029 -12.58277096]
 [ -4.55192215   4.55539422]
 [  7.66726491  -7.64748591]
 [ -3.21886559   3.21541992]
 [ -3.83360278   3.8447382 ]
 [-11.05942835  11.06051267]
 [  5.4358791   -5.42194573]
 [ -8.11068698   8.15711836]
 [  4.22992688  -4.21839088]
 [  2.41739121  -2.41181018]
 [ -0.21354871   0.20705504]
 [  1.0768251   -1.09095829]
 [  2.66765123  -2.65648323]
 [-17.11192582  17.14445381]
 [ -6.32399676   6.31723621]
 [  1.25291476  -1.25316856]
 [ -3.26886723   3.25522413]
 [  6.40587831  -6.41543522]
 [ 10.4648379  -10.50677302]
 [ -3.43319322   3.44401697]
 [ -6.35762524   6.33038987]
 [  0.12045104  -0.11449727]
 [ -2.23555523   2.2187541 ]
 [  7.72547487  -7.65222474]
 [ -2.00606356   2.04073403]
 [ -3.74750036   3.77950309]
 [  5.67417918  -5.66424126]
 [  2.54188815  -2.54446564]
 [ -1.25261119   1.27062342]
 [ -9.47036901   9.44480365]
 [ -4.40086338   4.41190885]
 [  0.32517838  -0.30100554]
 [  6.70343064  -6.68860858]
 [ 12.66217191 -12.68366945]
 [ 11.31995656 -11.31496397]
 [  2.74678425  -2.7340003 ]
 [ -2.28876191   2.28100266]
 [ -2.67021609   2.70174765]
 [ 18.21330057 -18.18588766]
 [ -1.29985213   1.31877078]
 [ -7.48826187   7.51744725]
 [ -6.3203229    6.30218288]
 [  3.15708971  -3.16496106]
 [ -2.46809865   2.47825549]
 [  0.64937058  -0.64149002]
 [  5.40337761  -5.40191837]
 [ -1.5285525    1.54418621]
 [ -3.76947002   3.79448983]
 [  1.62080138  -1.58691531]
 [ -3.69311976   3.73551794]
 [ -2.36723491   2.39806902]
 [  2.47074447  -2.48573515]
 [  5.48984802  -5.50682045]
 [ -6.94224474   6.9191685 ]
 [ -0.68199032   0.70021467]
 [ -1.73736719   1.74434575]
 [  0.63940863  -0.59508734]
 [  2.52715412  -2.51549664]
 [  7.56602682  -7.56268528]
 [  7.79014257  -7.82769699]
 [  2.70049687  -2.69542477]
 [ -4.09614734   4.1023634 ]
 [ 11.02383162 -11.01869408]
 [ -6.02602492   6.03337591]
 [  1.1918854   -1.18699821]
 [ -0.68305549   0.7131273 ]
 [ -0.93579362   0.92779351]
 [ -0.77622824   0.76286682]
 [  1.37890411  -1.36348872]
 [  0.82037514  -0.84560162]
 [ -0.203956     0.2114206 ]
 [  1.27052347  -1.27743328]
 [  2.34951153  -2.33842149]
 [ -5.80159732   5.80373171]
 [  0.88949392  -0.87551908]
 [  1.63068827  -1.61105099]
 [ -0.27099528   0.2851861 ]
 [  6.84401934  -6.8089369 ]
 [  2.03961619  -2.02937493]
 [ -0.06504594   0.08207819]
 [ -4.78778092   4.81329199]
 [ -5.82103539   5.8280051 ]
 [ 14.77099027 -14.75616349]
 [ -4.99660055   5.00817947]
 [ 11.65323215 -11.63685807]
 [ -9.81745143   9.88348019]
 [-19.44479472  19.3851602 ]
 [  5.6924482   -5.6789079 ]
 [  2.96646021  -2.97211411]
 [ -2.11765298   2.12996736]
 [  1.08459632  -1.07870154]
 [ -1.06579089   1.09157785]
 [ -2.50670151   2.5224912 ]
 [  1.94196579  -1.96271016]
 [  2.9465333   -2.94836324]
 [ -8.01969903   8.00473655]
 [ -3.7596416    3.74853013]
 [-12.94132164  12.94220938]
 [  5.16670257  -5.15035677]
 [  0.83392768  -0.81240889]
 [  4.27659045  -4.26903627]
 [  3.26308448  -3.26263255]
 [  5.68358855  -5.66356267]
 [  0.74500019  -0.70357054]
 [ -2.96699091   2.96523891]
 [ -8.90895252   8.91409034]
 [  3.77887673  -3.77488715]
 [  6.90680878  -6.91316594]
 [ -0.4469969    0.45153687]
 [ -2.57240212   2.59170103]
 [ -7.05936873   7.08376779]
 [ -2.49863151   2.5006321 ]
 [  3.04010053  -3.02484245]
 [  1.48918866  -1.46759595]
 [  3.53635103  -3.5319764 ]
 [  7.47846781  -7.43474736]
 [ -5.33634901   5.35029732]
 [ 10.0705415   -9.96733003]
 [ -0.83883909   0.8443051 ]
 [ -1.83884955   1.87215151]
 [ -9.46974531   9.47879343]
 [ -9.22947276   9.22390308]
 [-10.82457375  10.86134755]
 [ -5.12242998   5.13652933]
 [ -0.1028267    0.0897448 ]
 [  3.99286904  -3.99502203]
 [  7.76728805  -7.75531255]
 [ -4.14215541   4.10994865]
 [ 16.65866617 -16.60770661]
 [ -1.89442793   1.89510115]
 [ -6.33591197   6.39050619]
 [ -0.65183581   0.62671624]
 [ -4.34244744   4.33408496]
 [  3.51788107  -3.50467026]
 [ -3.50251442   3.49264272]
 [  5.40793688  -5.38820378]
 [  4.46820331  -4.44460005]
 [ -5.28359251   5.3101893 ]
 [ -2.192077     2.20689845]
 [ -0.33245657   0.33719637]
 [ -0.46371211   0.44849625]
 [  9.14324188  -9.16704168]
 [ -3.21624592   3.21092331]]