[[ 2.18851541e+00 -2.16766178e+00]
 [ 5.04936408e+00 -5.03663196e+00]
 [ 4.74255225e+00 -4.72563771e+00]
 [-2.29890727e+00  2.29483153e+00]
 [-2.03839113e+00  2.05210962e+00]
 [-4.01219142e-01  4.14402942e-01]
 [-2.49899334e+00  2.48554006e+00]
 [-1.09035053e-01  1.36825108e-01]
 [ 4.68517934e-01 -4.69318889e-01]
 [-4.95388725e+00  4.92723641e+00]
 [ 1.02151686e+01 -1.01928975e+01]
 [ 2.78828480e-01 -2.65963489e-01]
 [-2.03175969e+00  2.05295176e+00]
 [-2.87116381e+00  2.87324054e+00]
 [-2.47867122e+00  2.48539904e+00]
 [-1.95297462e-01  2.31429300e-01]
 [ 4.77111530e+00 -4.77445839e+00]
 [ 3.01508783e+00 -3.01751680e+00]
 [ 2.84573773e+00 -2.85287097e+00]
 [ 1.07145911e+00 -1.08946130e+00]
 [-3.27631443e+00  3.25666719e+00]
 [-8.18991294e+00  8.18313421e+00]
 [ 2.65152464e+00 -2.63550607e+00]
 [-3.33816689e+00  3.34414451e+00]
 [ 2.14785846e+00 -2.15680507e+00]
 [-8.81953725e+00  8.83650207e+00]
 [-1.37285090e+00  1.40539534e+00]
 [-2.13842676e+00  2.16450459e+00]
 [ 6.59938898e+00 -6.58744468e+00]
 [ 1.99972129e+00 -2.00323422e+00]
 [ 3.40936202e-02 -1.61350890e-02]
 [ 6.37194463e+00 -6.33998040e+00]
 [ 7.63536392e-01 -7.24819660e-01]
 [-4.37629436e+00  4.38851796e+00]
 [ 1.30471803e+00 -1.32040453e+00]
 [ 7.91188715e+00 -7.89127650e+00]
 [ 1.13844044e+00 -1.12166436e+00]
 [ 5.04340458e+00 -5.00940949e+00]
 [-3.04997479e+00  3.05649075e+00]
 [ 1.99996657e+00 -2.00352088e+00]
 [ 8.39485019e+00 -8.40795911e+00]
 [-2.03703885e+00  2.06351048e+00]
 [ 1.83710949e+00 -1.83686739e+00]
 [-9.93757922e-01  1.00054183e+00]
 [ 2.00150763e+00 -2.00645148e+00]
 [ 4.07113854e+00 -4.06927367e+00]
 [ 2.76005169e+00 -2.73194974e+00]
 [ 6.44989444e+00 -6.45758192e+00]
 [-8.07872124e+00  8.06709222e+00]
 [-3.86224105e+00  3.87292266e+00]
 [ 2.29122850e+00 -2.25575382e+00]
 [ 1.33713070e+00 -1.34713600e+00]
 [-1.18845036e+01  1.18841421e+01]
 [-1.59070837e+00  1.59885713e+00]
 [ 9.63293704e+00 -9.64180153e+00]
 [-2.56332335e+00  2.58942983e+00]
 [-3.60867018e+00  3.60470975e+00]
 [ 4.88823738e+00 -4.88652477e+00]
 [-1.56325699e+00  1.55505472e+00]
 [-4.64752686e-01  4.61774753e-01]
 [ 4.13147188e+00 -4.12140430e+00]
 [ 3.88222748e+00 -3.87007473e+00]
 [-7.23539837e+00  7.23766705e+00]
 [ 4.76836426e+00 -4.76904013e+00]
 [-2.46751825e+00  2.47726598e+00]
 [-1.43740357e+00  1.45145173e+00]
 [ 4.29787807e+00 -4.27824891e+00]
 [-3.30416041e+00  3.28739922e+00]
 [ 1.12986090e+00 -1.10862041e+00]
 [ 5.80061658e+00 -5.79627106e+00]
 [ 5.46410747e+00 -5.46789578e+00]
 [ 1.39211256e+01 -1.38758200e+01]
 [-2.98798793e+00  2.99367517e+00]
 [ 8.17077282e-01 -8.19530724e-01]
 [ 1.13434454e+01 -1.13360516e+01]
 [-7.79625588e+00  7.81208851e+00]
 [-5.99912893e-01  6.04213057e-01]
 [-9.07061245e+00  9.09996994e+00]
 [-5.00387135e+00  5.00170763e+00]
 [ 5.60161146e+00 -5.58091752e+00]
 [-4.49668499e-01  4.54428944e-01]
 [-4.75100508e+00  4.79433145e+00]
 [-1.77525954e+00  1.76042571e+00]
 [ 2.84919776e+00 -2.82202820e+00]
 [-1.68376767e+00  1.72037851e+00]
 [ 4.74051505e+00 -4.73466040e+00]
 [-5.76107856e+00  5.76637950e+00]
 [-2.30265659e+00  2.31660863e+00]
 [-2.43588201e+00  2.43388819e+00]
 [-7.13389077e+00  7.14627947e+00]
 [-3.48826154e-01  3.79826359e-01]
 [ 4.43241933e+00 -4.42641265e+00]
 [-3.51943783e+00  3.55255637e+00]
 [ 9.05567510e+00 -9.05396631e+00]
 [ 2.31952424e+00 -2.31055101e+00]
 [-9.07341670e-01  9.38286537e-01]
 [ 4.64231239e+00 -4.63361187e+00]
 [ 1.97426048e+00 -1.97569549e+00]
 [-5.99444864e-01  6.11909131e-01]
 [-5.53415658e+00  5.53464913e+00]
 [-1.48313763e+00  1.48906073e+00]
 [-2.50774866e+00  2.53240709e+00]
 [ 1.64318492e+01 -1.63485780e+01]
 [-3.40198783e+00  3.40084148e+00]
 [ 2.05983404e-03  1.78608696e-02]
 [-2.44663855e+00  2.44843212e+00]
 [-4.65483199e-01  4.86225393e-01]
 [-2.55324671e+00  2.56401309e+00]
 [ 1.04761489e+00 -1.04974644e+00]
 [-6.32013806e+00  6.34946825e+00]
 [ 8.61400496e-01 -8.52056254e-01]
 [-1.39056325e+01  1.39068557e+01]
 [-6.93407604e+00  6.99786291e+00]
 [ 3.54342134e+00 -3.54418525e+00]
 [ 7.66900375e+00 -7.64876274e+00]
 [-5.00958473e+00  5.03550403e+00]
 [-2.57167832e+00  2.56387920e+00]
 [ 1.27200833e+01 -1.27255521e+01]
 [-2.53612894e+00  2.55021529e+00]
 [-5.65328131e+00  5.64714069e+00]
 [ 4.84763358e+00 -4.83656045e+00]
 [-3.02794973e-01  2.96840452e-01]
 [-2.60245221e+00  2.61118940e+00]
 [-1.84616919e+00  1.84706881e+00]
 [ 2.13522965e+00 -2.14731177e+00]
 [-1.31573483e+01  1.31643108e+01]
 [ 2.24900378e+00 -2.24271362e+00]
 [ 1.19867236e+01 -1.19336729e+01]
 [ 2.77370493e+00 -2.77871418e+00]
 [-1.91304718e+00  1.90800232e+00]
 [-3.82880546e+00  3.85806924e+00]
 [-4.57443460e+00  4.56380772e+00]
 [ 3.80178897e+00 -3.82073033e+00]
 [ 1.01785503e+00 -1.02384795e+00]
 [ 5.91863445e+00 -5.89894051e+00]
 [-1.69545779e+00  1.68092562e+00]
 [-3.93167288e+00  3.94142333e+00]
 [ 1.31018720e+00 -1.29100518e+00]
 [-2.54155992e+00  2.56573988e+00]
 [-3.02379226e+00  3.04749697e+00]
 [ 3.14119125e-01 -3.00603302e-01]
 [-3.59121123e+00  3.60564227e+00]
 [-5.97747424e+00  5.98295485e+00]
 [-1.66409468e+00  1.68737928e+00]
 [-2.51796492e+00  2.54270582e+00]
 [ 3.13944180e+00 -3.12015983e+00]
 [-4.54576563e+00  4.53281202e+00]
 [ 8.49050967e+00 -8.49978318e+00]
 [ 6.51930153e-01 -6.57441037e-01]
 [ 1.91328884e+00 -1.90599324e+00]
 [ 2.47680441e+00 -2.46579676e+00]
 [ 1.04615268e+01 -1.04203776e+01]
 [-3.40548862e+00  3.42410949e+00]
 [-5.28390285e+00  5.31132479e+00]
 [-2.16527400e+00  2.15455177e+00]
 [-3.39774625e+00  3.38230449e+00]
 [ 2.33977385e+00 -2.34749424e+00]
 [-2.66927826e+00  2.67086741e+00]
 [ 7.69922450e+00 -7.67309963e+00]
 [-2.70046007e+00  2.70168715e+00]
 [-1.37576102e+00  1.40929186e+00]
 [-4.92706186e+00  4.90860952e+00]
 [ 2.64058844e+00 -2.61284390e+00]
 [ 5.85978699e+00 -5.79633616e+00]
 [ 2.64551204e+00 -2.65538091e+00]
 [ 9.56299145e-02 -9.52394109e-02]
 [ 4.15545264e+00 -4.15266486e+00]
 [ 3.15206662e+00 -3.13926190e+00]
 [-5.31772780e+00  5.33484107e+00]
 [-9.18753195e+00  9.18097320e+00]
 [-6.22802632e+00  6.23457617e+00]
 [-1.44768314e+01  1.45116978e+01]
 [-2.44810499e+00  2.44975096e+00]
 [ 7.83598159e+00 -7.86702855e+00]
 [ 1.39323360e-01 -1.31314177e-01]
 [ 3.25286553e+00 -3.23071573e+00]
 [ 1.52149715e+00 -1.51108003e+00]
 [ 5.06462024e+00 -5.06469024e+00]
 [-3.75804232e-01  3.72601329e-01]
 [-6.80969106e-02  5.89741532e-02]
 [ 2.55851920e-01 -2.45072146e-01]
 [ 3.08525900e+00 -3.10279426e+00]
 [-1.44545722e+00  1.46262278e+00]
 [-9.39194569e+00  9.39832808e+00]
 [ 1.18720114e+00 -1.16724169e+00]
 [ 4.32660453e-01 -4.26305689e-01]
 [-4.18837654e+00  4.19090475e+00]
 [-5.11272521e+00  5.15922778e+00]
 [-1.12376679e+00  1.16047929e+00]
 [-2.59068265e+00  2.60412973e+00]
 [-1.18839944e+00  1.19831757e+00]
 [-5.64726599e+00  5.67611881e+00]
 [ 6.39278145e+00 -6.38440866e+00]
 [ 1.19326553e+00 -1.17553411e+00]
 [-6.36428838e+00  6.36272222e+00]
 [ 4.75220880e+00 -4.74300575e+00]
 [ 4.24066386e+00 -4.22393746e+00]
 [ 2.25039969e-01 -1.81744900e-01]
 [-1.13249748e+00  1.12896987e+00]
 [ 4.72559231e+00 -4.72165356e+00]]