[[-6.95590855e+03  6.95589697e+03]
 [ 4.15250381e+03 -4.15249896e+03]
 [ 6.53350589e+03 -6.53349882e+03]
 [ 2.55411327e+04 -2.55410842e+04]
 [ 1.30375205e+03 -1.30373924e+03]
 [ 8.91940393e+03 -8.91940190e+03]
 [-8.18005378e+03  8.18005943e+03]
 [-2.44759644e+02  2.44780169e+02]
 [ 3.54615172e+03 -3.54613374e+03]
 [-1.54803455e+03  1.54803283e+03]
 [ 4.58553354e+03 -4.58551738e+03]
 [ 2.39916804e+03 -2.39918105e+03]
 [-2.52024820e+03  2.52024045e+03]
 [ 2.16381174e+04 -2.16381154e+04]
 [ 7.71458903e+03 -7.71458910e+03]
 [-2.49701330e+03  2.49703913e+03]
 [-4.19221557e+02  4.19239417e+02]
 [ 3.52778667e+03 -3.52777432e+03]
 [-6.78546706e+02  6.78566630e+02]
 [-8.17483977e+03  8.17486049e+03]
 [ 6.27947500e+03 -6.27946728e+03]
 [ 1.98169681e+03 -1.98171587e+03]
 [ 5.32187900e+03 -5.32187973e+03]
 [-2.01439887e+02  2.01446220e+02]
 [-1.78865453e+03  1.78865119e+03]
 [ 2.46347953e+03 -2.46343943e+03]
 [ 1.77664824e+04 -1.77664584e+04]
 [-1.46300653e+03  1.46301651e+03]
 [-1.59051597e+03  1.59052557e+03]
 [ 1.38421774e+04 -1.38421332e+04]
 [ 2.59499616e+03 -2.59499137e+03]
 [ 2.08059801e+03 -2.08058870e+03]
 [-4.37305673e+02  4.37321775e+02]
 [ 4.98385160e+02 -4.98358121e+02]
 [-3.32530468e+03  3.32530962e+03]
 [-8.16024385e+03  8.16023839e+03]
 [-9.25628413e+03  9.25628958e+03]
 [-1.93965840e+03  1.93964364e+03]
 [-3.94732529e+03  3.94731235e+03]
 [-1.81609702e+02  1.81605051e+02]
 [ 8.85897789e+03 -8.85895796e+03]
 [-6.50520254e+03  6.50521069e+03]
 [-4.54709574e+03  4.54708477e+03]
 [ 5.55421907e+03 -5.55422076e+03]
 [-1.12920089e+04  1.12920490e+04]
 [ 5.70705834e+03 -5.70694941e+03]
 [ 5.91806515e+03 -5.91803662e+03]
 [-8.57706623e+02  8.57709279e+02]
 [-7.31749248e+03  7.31748561e+03]
 [ 4.13546160e+03 -4.13548167e+03]
 [ 1.54603748e+03 -1.54597561e+03]
 [-2.20351254e+03  2.20346892e+03]
 [ 5.06785886e+03 -5.06786450e+03]
 [ 4.70632838e+03 -4.70619547e+03]
 [-1.83922377e+03  1.83922037e+03]
 [ 5.90321742e+03 -5.90322021e+03]
 [-1.62896612e+03  1.62897504e+03]
 [ 6.34358347e+03 -6.34355013e+03]
 [ 4.59436073e+03 -4.59434157e+03]
 [ 1.29233738e+03 -1.29233621e+03]
 [ 3.84422064e+03 -3.84422141e+03]
 [ 5.24299892e+03 -5.24300900e+03]
 [ 4.60290320e+02 -4.60251111e+02]
 [ 2.11116388e+03 -2.11116565e+03]
 [-1.69885935e+02  1.69908662e+02]
 [ 2.72374314e+03 -2.72375010e+03]
 [ 4.07967620e+03 -4.07967875e+03]
 [ 8.11990614e+03 -8.11990587e+03]
 [ 2.64592739e+03 -2.64593221e+03]
 [ 4.40381126e+03 -4.40379135e+03]
 [ 2.23232872e+03 -2.23232037e+03]
 [ 2.33957931e+03 -2.33958404e+03]
 [ 5.26647945e+03 -5.26645994e+03]
 [-1.28856985e+04  1.28857283e+04]
 [ 1.12242514e+04 -1.12242336e+04]
 [ 3.09791481e+03 -3.09790964e+03]
 [ 1.38068703e+04 -1.38068462e+04]
 [ 1.02205757e+04 -1.02205646e+04]
 [ 2.87437814e+03 -2.87438897e+03]
 [-1.14631435e+03  1.14631939e+03]
 [-2.50548042e+03  2.50547758e+03]
 [ 1.49696826e+03 -1.49697915e+03]
 [ 1.51856812e+04 -1.51856301e+04]
 [-3.90996883e+03  3.90995788e+03]
 [ 4.07769259e+03 -4.07771080e+03]
 [ 2.88121003e+03 -2.88121468e+03]
 [-4.19216275e+03  4.19216710e+03]
 [-2.43103309e+03  2.43106746e+03]
 [-3.79377242e+03  3.79376281e+03]
 [-4.23073794e+02  4.23086164e+02]
 [-6.47183714e+03  6.47182839e+03]
 [ 9.42784697e+03 -9.42785298e+03]
 [-8.76724772e+03  8.76727463e+03]
 [ 7.97257679e+03 -7.97254297e+03]
 [-7.18035112e+02  7.18017750e+02]
 [-8.95288517e+03  8.95290468e+03]
 [ 1.45588538e+03 -1.45588052e+03]
 [ 4.11269469e+03 -4.11267103e+03]
 [-9.83432205e+03  9.83434838e+03]
 [ 7.46115467e+03 -7.46115819e+03]
 [ 1.48674766e+03 -1.48672569e+03]
 [ 3.97972418e+03 -3.97972155e+03]
 [-2.73128567e+03  2.73129807e+03]
 [-3.99023262e+03  3.99024728e+03]
 [ 5.65650680e+03 -5.65650618e+03]
 [ 2.64301443e+02 -2.64274913e+02]
 [-3.95931490e+03  3.95931095e+03]
 [-6.38354078e+03  6.38357957e+03]
 [-3.91269487e+03  3.91269132e+03]
 [-2.41538306e+03  2.41539703e+03]
 [ 1.73899721e+03 -1.73899322e+03]
 [-1.98499821e+04  1.98499855e+04]
 [ 4.40361275e+02 -4.40371108e+02]
 [-1.01832247e+02  1.01827990e+02]
 [ 7.07791141e+03 -7.07792565e+03]
 [ 2.89399255e+03 -2.89399148e+03]
 [ 1.25252270e+04 -1.25252034e+04]
 [ 5.56956771e+03 -5.56958146e+03]
 [-7.35934476e+03  7.35940069e+03]
 [ 6.65413372e+03 -6.65411581e+03]
 [ 9.25138004e+02 -9.25171659e+02]
 [-2.37358898e+03  2.37356726e+03]
 [-1.51455062e+04  1.51455091e+04]
 [-2.15065366e+03  2.15066352e+03]
 [-9.74733881e+02  9.74744484e+02]
 [-1.53965988e+03  1.53965991e+03]
 [-1.10799641e+04  1.10800012e+04]
 [-3.32848819e+03  3.32850454e+03]
 [-4.08020550e+03  4.08021756e+03]
 [-1.42997522e+03  1.42997304e+03]
 [-2.07834803e+04  2.07835060e+04]
 [ 2.07502788e+02 -2.07483312e+02]
 [ 1.99966830e+03 -1.99968173e+03]
 [ 9.83908775e+02 -9.83905153e+02]
 [-5.55958354e+02  5.55956247e+02]
 [ 3.38315724e+03 -3.38316366e+03]
 [ 1.00563719e+04 -1.00564217e+04]
 [ 9.10254450e+03 -9.10251261e+03]
 [-3.80470655e+03  3.80469999e+03]
 [-4.16069570e+03  4.16071595e+03]
 [-5.09359567e+03  5.09359267e+03]
 [-1.82401120e+04  1.82401650e+04]
 [ 8.36296825e+03 -8.36296740e+03]
 [ 7.18690090e+03 -7.18689897e+03]
 [-6.90930535e+03  6.90932343e+03]
 [-1.10718413e+04  1.10718636e+04]
 [-1.73186340e+03  1.73186710e+03]
 [-6.58630932e+02  6.58611687e+02]
 [ 2.35389911e+03 -2.35389666e+03]
 [ 5.88892376e+03 -5.88892001e+03]
 [ 4.50058978e+03 -4.50059500e+03]
 [ 5.74775264e+03 -5.74775779e+03]
 [ 2.08706081e+04 -2.08706373e+04]
 [ 3.41062983e+03 -3.41062546e+03]
 [ 3.93210184e+03 -3.93211048e+03]
 [-1.38031381e+04  1.38031338e+04]
 [-8.23598093e+03  8.23599278e+03]
 [-3.87951278e+04  3.87951821e+04]
 [ 6.56806998e+03 -6.56804007e+03]
 [ 4.10276491e+03 -4.10279044e+03]
 [ 9.39984234e+03 -9.39975952e+03]
 [ 6.11075388e+02 -6.11032089e+02]
 [-2.76813275e+03  2.76814571e+03]
 [-6.49014081e+02  6.49006717e+02]
 [-2.04931063e+04  2.04931160e+04]
 [-7.36797979e+03  7.36801735e+03]
 [ 5.95749003e+03 -5.95748983e+03]
 [ 2.94484162e+03 -2.94485640e+03]
 [-1.01627573e+03  1.01627865e+03]
 [-5.98759279e+03  5.98761909e+03]
 [-1.09251721e+04  1.09252285e+04]
 [ 8.94546724e+03 -8.94547111e+03]
 [ 3.81630525e+03 -3.81628216e+03]
 [ 7.84136727e+03 -7.84127068e+03]
 [ 9.91825151e+02 -9.91833652e+02]
 [-5.58631396e+03  5.58632106e+03]
 [ 1.21030932e+02 -1.21028667e+02]
 [ 4.95695032e+02 -4.95707447e+02]
 [ 5.57139601e+02 -5.57156765e+02]
 [ 4.11881668e+03 -4.11881041e+03]
 [-2.59641644e+03  2.59644674e+03]
 [ 7.02237639e+03 -7.02238443e+03]
 [-1.24319254e+04  1.24319317e+04]
 [-1.85851457e+03  1.85852487e+03]
 [-2.94035474e+03  2.94036950e+03]
 [ 5.21271752e+03 -5.21272013e+03]
 [-1.66476694e+03  1.66478987e+03]
 [ 8.53963540e+03 -8.53964292e+03]
 [-1.28976052e+04  1.28976060e+04]
 [ 6.99127991e+03 -6.99127169e+03]
 [-6.27637301e+04  6.27638341e+04]
 [ 5.35303289e+01 -5.35240894e+01]
 [ 6.52665264e+03 -6.52665893e+03]
 [-1.81518890e+04  1.81519262e+04]
 [ 5.82255957e+03 -5.82254065e+03]
 [ 4.67322622e+03 -4.67324533e+03]
 [ 6.49630516e+03 -6.49631097e+03]
 [ 5.15537274e+02 -5.15529270e+02]
 [-1.69046654e+04  1.69047033e+04]
 [-7.06221337e+03  7.06224393e+03]]