[[-1.69918086e-04  6.75221354e-02  1.78251145e-03  6.12379135e-02
  -1.27860607e-03  7.96592494e-02 -5.22411735e-02  1.06704716e-01
  -2.65089099e-02  5.95982081e-02 -6.66367175e-02  4.54810855e-02
  -4.16726972e-02 -4.24588747e-03  4.46479478e-02 -4.00590283e-02
  -2.31654737e-02  1.78035023e-02 -6.85504726e-02  2.86534537e-02
   9.88265927e-03  5.33352973e-03 -3.58682277e-02  7.24671018e-02
   3.86613788e-02  9.32811680e-02  3.08389754e-03 -8.35823449e-02
   9.26403026e-02 -7.63735822e-02 -5.16971283e-02  1.07176388e-01
  -2.73595335e-02  9.84325672e-02  5.01748425e-02  6.84951277e-02
  -4.19009519e-02 -7.82450397e-02  3.31107033e-03  5.65349199e-02
   3.84900805e-03 -4.47062534e-02  9.82082194e-02  1.75731850e-02
   4.99643665e-02  8.63520836e-02  7.63211616e-02  1.94763238e-02
  -4.22585155e-02  2.78087920e-02 -3.49319994e-02  1.91433660e-02
   1.03599691e-01 -3.78471792e-02  1.63668904e-02 -7.64023465e-02
  -1.90651081e-02 -8.77659254e-03  6.54492748e-02 -2.33083513e-03
  -3.19993904e-02  8.86650762e-02 -6.95719131e-02 -9.97922942e-02
   4.23202469e-02  7.21124728e-02 -1.03421614e-01 -4.93507974e-02
  -5.24909195e-02  9.87869607e-02 -4.38970494e-02 -2.14351212e-02
  -3.16494599e-02 -2.03722790e-02 -3.49310205e-02  9.09865025e-02
  -8.81866080e-02  7.91316157e-02 -2.55319222e-03 -9.67759767e-02
   9.65770464e-02  1.00512402e-02 -8.22181511e-02  4.34538962e-02
  -4.75753968e-02 -1.55061635e-02 -5.10077699e-03  8.02628407e-02
  -7.20549144e-02  9.01665834e-02 -6.98864860e-02  9.86588356e-02
  -3.55569037e-02 -2.34210623e-03  8.51463575e-02 -4.35010089e-02
   1.01397864e-02 -9.72824909e-02  3.62967329e-02  9.79397141e-03
  -3.94288212e-02  4.53433505e-02 -1.10291077e-02  4.48320835e-02
   5.00165623e-02  7.85323770e-02  9.20172743e-02  4.40820317e-02
  -8.70650749e-02 -5.90843194e-02  8.44468933e-04 -4.32692673e-02
  -3.35962420e-02  9.86257600e-02 -9.12592625e-02 -9.27682091e-02
   5.22868624e-02 -5.79216622e-02  7.59891110e-03 -7.39858168e-02
  -1.05773012e-01 -3.23019842e-02  7.25496594e-02 -9.52729400e-03
  -1.79862650e-02  7.56389365e-02 -9.15435419e-02 -7.43316229e-02
  -8.09310379e-02 -8.11378422e-02  8.13988037e-02  1.04291612e-01
   3.34898989e-02 -1.07373696e-01  1.08063218e-01 -4.19675055e-02
   1.01044692e-01 -2.08041063e-02  1.35892656e-03 -7.04915154e-02
  -8.90837381e-02  4.10715286e-02  5.07314513e-02  9.56365911e-02
  -2.47591087e-02  9.08893018e-02  7.16735274e-03  1.85159053e-03
  -9.71090708e-02 -1.12326588e-02  6.38775149e-02 -2.61538825e-02
   8.81350782e-02  1.02274911e-01 -7.59433618e-02  8.79188318e-02
   6.44470232e-02  2.69224637e-02 -6.77649300e-02 -9.91752803e-02
  -9.35319415e-02 -6.85595847e-02  8.65807920e-02 -1.74858631e-02
   8.99888257e-02  5.24510538e-02 -7.52647332e-02  8.40230588e-02
   7.50373258e-04  8.82104115e-03  9.80734904e-02 -3.40596019e-02
  -6.91126066e-02  4.58393449e-02  1.03329492e-01  3.14044535e-02
  -3.83430997e-02  9.07390443e-02 -8.22606727e-02 -2.98304312e-03
  -8.14206316e-02  1.88919322e-02  3.18330759e-03 -6.73253140e-02
   6.46007992e-02  4.95581426e-03  5.71846314e-02 -3.37242881e-02
  -6.17044152e-02  1.80790099e-02  5.11877716e-02 -2.82184210e-02
   9.39729243e-02  5.55905361e-02  5.82632448e-02 -8.57949778e-02
  -3.55710516e-02  6.69021972e-02 -8.89792989e-04  8.29703545e-02
  -7.67784400e-02 -8.50605740e-02 -9.51560919e-02  3.06657086e-02
   4.15673931e-02  8.52223066e-02 -3.78132787e-02 -9.36161050e-02
   3.87568114e-02 -1.83093390e-02 -8.22188392e-02 -6.98400461e-02
  -1.12474970e-02 -5.42189662e-02  1.02230650e-01  6.69912526e-03
  -9.74413357e-02 -4.45918227e-02  9.47008181e-02 -2.32770340e-02
   3.45899520e-02  1.30189318e-02 -8.38166812e-02 -4.41663907e-03
   1.08414830e-01  9.47010121e-02  4.49880831e-03 -4.08001650e-03
  -1.20727555e-02 -6.45466217e-03 -2.40219421e-02 -8.51962820e-02
  -3.28422968e-02  5.95670526e-02 -6.92435152e-02  3.57865251e-02
   1.07095645e-01 -6.61451981e-02 -5.16013355e-02  1.10319371e-02
   3.88331669e-02 -3.10368118e-02  6.97205492e-02 -2.26086581e-02
  -9.37114656e-02  1.01571061e-01  1.02383104e-01  5.11636320e-02
  -6.77668787e-03  9.78430622e-02]
 [-1.00266170e-01 -1.46417648e-02  7.17078903e-03  2.47181583e-02
  -5.99340904e-02 -2.71339449e-02 -2.92855478e-02 -8.20360428e-02
  -7.52767947e-02  2.51847633e-04  5.40177253e-02 -2.96879626e-03
   9.11733047e-03 -1.06605269e-01  3.38873436e-02  3.00001492e-02
   6.09191071e-02 -8.16739082e-02 -5.22810397e-02  1.63929892e-02
   4.07220494e-02  2.37171734e-02  6.73539048e-02 -6.09151045e-02
   7.08192571e-02  6.52751245e-02  3.75532983e-02  6.13134962e-02
  -5.35096862e-02  2.71655753e-02  6.72900880e-02  5.38908878e-03
   7.99425492e-03  6.48959782e-02 -7.16155653e-02  3.12882538e-02
  -1.77355891e-02  7.50570701e-02 -9.80710739e-02 -1.02437033e-02
  -2.33178357e-02 -6.81221001e-02  7.14308332e-02  3.39543900e-02
  -5.83841014e-02  4.35594329e-02  7.43551661e-02 -1.90096379e-02
   1.28890165e-02  8.72837896e-02 -4.34459219e-02  5.00089318e-02
  -3.37288524e-02  5.26547073e-02  1.03814487e-01 -1.14977520e-01
  -1.59048273e-02  9.08937321e-02  3.69860824e-02 -9.07647218e-02
   8.75412589e-02 -8.82701254e-02  3.53455192e-03  9.68521828e-03
  -5.55322381e-02  3.00106976e-02  6.64288196e-02 -3.02664174e-02
   8.62327420e-02 -6.89037271e-02  2.59797883e-02 -8.29067611e-02
   8.65986659e-02 -1.13373992e-02 -1.00607989e-01  7.41824803e-02
   3.35283771e-02 -3.26245730e-02  1.00650632e-01 -3.75003010e-02
   2.03478245e-02 -6.70191888e-02 -1.00208973e-01  2.91335409e-02
  -3.40355944e-02  8.25935509e-03  1.04119469e-01  6.97052024e-02
   9.19491223e-02 -9.77531241e-02  2.56518272e-02  4.50823516e-02
   5.04865176e-02 -6.17001303e-02  4.52432688e-02  9.27725361e-02
   7.05332392e-02  4.53784565e-02  3.25811173e-02 -2.84539154e-02
  -6.45359776e-03  9.64972483e-02  7.92392624e-02  1.32195032e-02
   2.83805387e-02 -9.92612381e-02  8.97868137e-03 -9.28508696e-02
  -8.46336970e-02 -7.57493441e-02  2.39327660e-02  7.26042471e-02
   3.05822580e-02 -9.45233519e-02  2.75895315e-02 -2.42083948e-02
   5.05439192e-02  1.03052191e-01 -1.71955211e-02  4.98386356e-02
   8.01803742e-02 -9.98485546e-02 -8.80053134e-02 -5.30236821e-02
  -6.31977080e-02  3.96594804e-02 -5.04592853e-02 -4.16863008e-02
   6.96107648e-03 -5.17798005e-02 -2.77427180e-02  8.41250379e-03
   3.11646763e-02  6.22095030e-02 -2.61328100e-02 -3.35454734e-02
   8.27085169e-02 -3.85950810e-02 -5.02144397e-02 -1.16197627e-02
  -7.21300945e-02 -1.51695638e-02  4.47428022e-02 -5.13236507e-03
   1.10091343e-02 -8.73258146e-02 -8.13744839e-02 -4.20328680e-02
   3.90485565e-03 -5.60959642e-02 -6.17708363e-03 -1.03460561e-01
  -5.75217100e-02 -6.63657063e-02  9.55700031e-02 -1.02280708e-01
   6.56473438e-02  2.79958116e-02  8.41139258e-02 -9.65699880e-02
  -4.92343302e-03 -1.81735395e-03 -2.83893994e-02 -3.02895849e-02
   9.45202403e-02 -1.02982897e-01  2.47085488e-02  3.35484846e-02
  -7.60082693e-02 -1.05214885e-01 -1.00038552e-01 -7.32029215e-02
  -2.77061811e-02 -8.90669001e-02 -2.63264056e-02  1.12900294e-01
   6.57447149e-02 -6.32507466e-02 -5.81315201e-02 -9.03928106e-02
  -7.85196304e-02 -4.67006010e-02  1.02017447e-01 -1.14041834e-01
  -3.03420393e-02  8.66474051e-02  3.00421025e-02 -7.73370886e-02
  -9.07058975e-02  1.54059567e-02 -3.76080675e-02 -6.24440811e-02
   7.84798786e-02 -3.47317563e-02 -3.90888567e-02 -1.15225289e-01
  -4.52156080e-02 -8.27475210e-02  1.02395000e-01 -6.07323148e-02
  -1.05678414e-01 -1.00241882e-01  9.57870542e-02  1.01636672e-01
   6.89773514e-02 -2.23450445e-02  7.54191079e-04  2.73620814e-03
  -5.10532552e-02 -9.85811549e-02  5.46965948e-02  7.05941338e-02
   6.11087049e-02  1.40888266e-02  4.97129297e-02 -5.55487575e-02
  -7.05705124e-02 -8.87950534e-02  2.76160792e-03  9.25391682e-02
   1.00503005e-01  6.83719652e-02 -5.58313286e-02  4.39942727e-03
   8.78107871e-02  4.33911657e-02 -6.78512885e-02  1.17749981e-02
   3.39505071e-02 -3.50266717e-02 -1.00168181e-01 -4.63772321e-02
   7.80581167e-02 -1.94244250e-02  3.70852901e-04  3.14687576e-02
  -3.21227500e-02  5.80952584e-02  7.91152278e-02 -4.54518096e-02
  -4.70962756e-02  6.04691134e-02 -9.69795720e-02 -7.90231354e-02
  -5.49076784e-02 -1.95065414e-02  8.58304679e-02  8.16435132e-02
  -4.55821660e-02 -8.25218068e-02]
 [-7.06484578e-02  6.36066408e-02 -9.39447760e-02 -6.74240831e-02
  -3.34038072e-02 -3.87551551e-02 -8.65404054e-02 -1.72290653e-02
   9.41261609e-02 -7.44653766e-02 -5.82283669e-02 -8.52162259e-03
   8.48139091e-02 -7.28335402e-02 -8.16564303e-02  9.36040784e-02
  -7.37423256e-02 -5.82125200e-02  2.66931524e-02  3.67693462e-02
   4.53031975e-02  6.11052273e-02 -8.64433234e-02  8.68011921e-02
   9.13431948e-02 -2.23097906e-02 -8.83532446e-03 -3.94694206e-02
  -1.36295543e-02  6.05634417e-02  4.89896931e-02 -8.16273706e-02
  -8.39927932e-02  6.56259113e-02 -3.57833275e-02 -9.02154186e-02
  -8.67400222e-03 -9.72257780e-02  5.99492733e-02  1.02598624e-02
  -4.25824640e-02  1.14294657e-01 -1.27382436e-02  1.07651458e-01
  -6.36825963e-02 -1.45312341e-02 -1.23829107e-02 -6.90859117e-02
   4.84721530e-04 -3.14116627e-02  8.96948656e-02  9.24328162e-03
   3.79826974e-02 -7.31710573e-02 -3.85739922e-02 -5.68301339e-02
   3.39966283e-02  3.92505156e-02  7.50919121e-02 -3.27877987e-02
   9.91464108e-02 -4.48246788e-02  5.73993725e-02  1.28157843e-02
  -3.37688176e-02 -3.27967538e-02  4.53876230e-02 -8.85937076e-02
   7.29535243e-02  2.61548004e-03  6.94220761e-02 -5.55229709e-02
  -5.59720944e-02  3.02861087e-02  5.67947457e-02  8.62827822e-02
  -2.23946910e-02  5.54428905e-02  3.89133586e-02 -1.87494636e-02
  -1.62022746e-02  1.09931205e-01  5.51398852e-02 -1.05454300e-03
  -2.61650134e-02  8.55845772e-02  3.58291120e-02  6.76139093e-02
  -1.00111583e-01  7.08244650e-02  1.02815721e-01 -1.08706354e-01
  -5.83148003e-02  2.21711225e-02 -1.55709890e-02 -1.07647010e-01
   2.91993304e-02 -5.31439028e-02  2.02608253e-02  7.64659711e-02
  -9.43375517e-02  7.91010498e-02  8.60749300e-02  1.18321642e-02
   1.04072587e-01  3.13483318e-02 -5.29691682e-02  5.57129153e-02
  -5.78475746e-02 -9.94112351e-02 -3.48252464e-02  1.87959466e-02
   9.12734525e-02  8.05625964e-02  6.13149059e-02 -1.07846954e-01
  -1.06967529e-01  2.41381684e-02 -3.89116963e-02  6.03084300e-02
  -6.80998083e-02  1.19045503e-01 -9.81530549e-02  8.05840202e-02
   4.10180099e-02  1.00926281e-01 -8.29480750e-02 -1.80280536e-03
   1.67923432e-03 -3.97602032e-02 -6.49373685e-02 -4.04595989e-02
  -6.19640122e-02 -8.04122421e-02  9.93897821e-03 -9.84063555e-02
  -1.12541631e-01 -1.05974125e-02 -4.10898940e-02  5.09995316e-02
   6.67109978e-02  8.09738967e-02  6.45657915e-02  3.93052417e-02
  -6.12857920e-02 -6.37979372e-02 -1.68493588e-02  5.17908991e-02
   1.00247574e-01 -5.78498838e-02 -2.39082447e-02  2.22450928e-02
  -6.61564982e-02  2.39179744e-02  6.08995378e-02  1.70005284e-02
   3.51362272e-02  5.06126803e-02 -5.78751065e-02 -1.32771755e-02
   5.13897889e-02  3.62794755e-02 -8.19576786e-02  8.35761599e-02
  -2.36636845e-02 -1.64897294e-02  7.90859765e-02  8.79703556e-02
   8.05666395e-02 -1.49972757e-03 -7.07876486e-02 -8.22473803e-02
  -7.29618615e-02 -8.90751195e-02  8.74828318e-02  4.76006307e-02
  -4.24335458e-02 -8.33360445e-02  9.91158570e-02  3.92209788e-02
  -4.62826249e-02  1.53970096e-02  5.11076835e-02 -3.98073449e-02
  -1.61004093e-02  7.72865817e-02 -7.16401205e-02  5.70465528e-02
   9.50418815e-02 -1.30959137e-02 -1.02812504e-01  4.05978079e-02
   2.81858629e-02  8.99473196e-02 -4.94130554e-02  6.66073822e-02
   6.63601468e-02 -4.21792422e-02  1.64098223e-03  2.03073628e-02
  -3.41571020e-02 -4.99551231e-02 -1.06454192e-01 -1.32104643e-02
  -9.69255509e-02  3.06488919e-02 -6.35518442e-02  4.91544146e-03
   7.00007154e-02  4.60128262e-02 -1.10981965e-01 -1.02007342e-01
  -9.21124860e-02  5.70519979e-02  4.39763401e-02 -7.17187853e-02
   1.39736549e-02  9.72554509e-03  2.58031514e-02  9.59134136e-02
   7.27373624e-02  5.60624541e-02  1.11265074e-01  6.67745724e-02
   1.28460767e-02  4.06424413e-02 -1.74846215e-02 -2.04136270e-02
   5.99129951e-03  3.67499325e-02  5.47447821e-02 -3.73406757e-02
  -9.43273999e-02 -7.59254052e-02 -2.95152716e-02 -9.84441321e-02
  -7.43639643e-02  1.12656649e-02  8.71541138e-02  7.21701225e-02
  -2.75610983e-02 -3.97333082e-02  1.03950398e-02 -2.02437462e-02
   6.40170960e-02  6.73881539e-02  2.90414309e-02  5.45152025e-02
  -9.76335739e-02  6.88347578e-02]
 [ 2.59141247e-02 -3.72668744e-02  9.06532786e-02 -8.70445286e-02
   9.64873418e-02  9.28472694e-02  3.96286178e-02 -1.59746411e-02
  -1.05662650e-02 -7.24737351e-02 -3.25435033e-02  4.82847832e-02
   4.25141845e-02 -7.93519961e-02 -1.09250204e-01  4.16867276e-02
  -6.63843862e-02 -1.06447215e-01  2.42999062e-02  5.68810743e-02
   6.68836468e-02  2.08947467e-02 -5.19140662e-02  9.70175262e-02
   1.18676020e-01  7.65992210e-02  9.78802714e-02 -6.94873204e-02
   1.32586278e-02 -3.95063079e-02 -3.31072741e-02 -5.41891469e-02
  -3.95782130e-02 -5.94445142e-02 -6.74996554e-02  5.92570006e-04
   6.12401738e-02  2.15655927e-02 -1.11157234e-01 -7.74702916e-02
   2.80816838e-02 -7.49307513e-02  5.40791825e-02 -6.05608348e-02
   5.53439141e-02  5.55794262e-02  8.40727965e-02  2.14832315e-02
  -5.57902269e-02  1.53954345e-03  8.89362608e-02  1.03464885e-02
  -1.04675880e-02 -3.27492233e-02 -1.12441103e-02 -2.76508972e-02
   1.74418310e-02  7.47846674e-03  4.04716797e-02 -1.06967358e-01
  -5.90269306e-02 -1.14962281e-01  1.06661891e-01 -9.93067381e-02
  -1.07724828e-01  1.62893302e-02 -4.28241196e-02 -6.78958569e-02
   6.40868246e-02  6.59961971e-02 -2.13424252e-02 -1.13564107e-01
   5.20152951e-02  3.87811431e-02 -1.02941830e-01 -7.12264118e-02
  -8.23683483e-02 -5.10484903e-02  1.14451547e-02 -4.49550355e-02
  -6.74049775e-02 -7.58482403e-02 -9.21806716e-02 -3.68165634e-02
   6.31153156e-02  1.12437753e-01 -5.14127550e-02 -3.87725880e-02
  -7.45818835e-02 -6.47383447e-02 -5.50168273e-02  5.63438743e-02
   9.47259906e-04  6.17920389e-02 -5.95045950e-02 -4.49777720e-02
  -7.96108797e-03  9.45515736e-02 -4.84998918e-02  1.35712595e-02
   4.68079792e-02 -3.73484063e-02 -6.49203098e-02 -9.37027829e-02
   2.40825712e-03  3.57644705e-02 -2.58092666e-02  9.83942670e-03
  -8.33208528e-02 -3.36045942e-02 -3.37330083e-02 -3.62915830e-03
  -2.20892731e-02 -4.01240707e-02  9.78043746e-03  5.58507770e-02
  -9.91851320e-02  4.16184575e-02 -7.08510445e-02 -1.33697248e-02
  -9.35605184e-02  8.88607463e-02  5.02903575e-02  2.62637837e-02
   8.27210340e-02 -4.75645679e-02  3.28012137e-02  5.38196966e-02
   2.72344119e-02 -5.86855796e-02 -4.38838743e-02 -6.53564024e-02
  -3.20173126e-02  2.74901531e-02  7.20376895e-02 -1.72430306e-03
   9.19925355e-03  8.53860246e-02  2.93746244e-02 -6.16605102e-02
  -3.11061802e-02 -9.82898426e-02 -5.18238636e-02 -6.84089761e-02
   1.02332538e-01 -1.14994684e-01  2.14110951e-02  5.88360569e-02
   5.60323458e-02 -8.12028953e-02 -1.20008240e-02 -7.42433114e-02
   3.50979058e-03  2.91185924e-02 -1.42341749e-03 -1.01327126e-01
  -6.50396520e-03 -6.96932476e-02 -1.00129254e-01  1.39316457e-03
  -8.32604297e-02 -4.79357479e-02 -5.80570852e-02 -1.02521985e-01
  -4.64737398e-02  7.97795776e-02 -5.16768796e-02  7.24304573e-02
  -5.99569555e-02 -1.05714159e-01  1.96286494e-02 -8.51480793e-02
   5.45221455e-02  4.01758711e-03 -1.52469273e-02 -5.06321937e-02
  -1.03266518e-01  4.47015983e-03  8.75358744e-02 -3.39391239e-03
  -8.56348394e-02 -6.36810721e-02 -3.23712226e-02  9.51284005e-02
   9.41605022e-02 -7.56443366e-02 -3.60594712e-02  9.57406567e-03
  -5.59784596e-02 -8.13375161e-02 -9.49466389e-02  1.76241775e-02
   6.37855710e-02 -5.68529347e-02  7.48447831e-02  9.60005371e-02
  -3.65723655e-02 -8.06048305e-03 -1.89521979e-03 -1.07987395e-01
   8.80862108e-02 -7.84653500e-02  2.47360680e-02  1.12440647e-01
   7.12177081e-02  1.03167250e-01 -2.01290726e-02 -8.97153796e-02
  -2.41992681e-02  4.61478709e-02 -1.06363191e-02  7.16630664e-02
  -4.89072693e-02 -5.08625472e-02 -1.14119126e-02 -1.06291375e-01
   3.62693635e-02  8.36860797e-02  7.88538848e-02 -7.06925428e-02
  -7.29810912e-02 -8.11614028e-02 -7.76978991e-02 -8.56720230e-02
  -4.01361184e-02  8.47100869e-02  2.85656396e-02 -1.07001611e-01
  -7.56111003e-02 -7.62771920e-02  6.27429660e-02 -2.16369422e-02
   4.56825434e-02 -4.66558420e-02  1.02306661e-02 -1.08139669e-02
   3.24172734e-02 -7.93248523e-02 -2.26041473e-02  5.08864766e-02
  -1.03224314e-01  4.84636623e-02 -9.24478665e-04  2.17009648e-02
  -6.76792847e-02 -3.77983653e-02 -5.21146547e-02 -9.52177218e-02
  -1.92252859e-02  3.24248617e-02]
 [ 8.95002259e-03 -8.69508735e-02 -3.54605320e-02  8.72167316e-02
  -2.11424527e-02  7.02964605e-02 -1.45788689e-02  6.91462671e-02
   9.12613904e-02  4.41659410e-02 -1.19069734e-01  8.78933921e-02
   8.79339241e-02  6.58135821e-02  3.58659962e-02 -4.78866482e-02
   2.50173508e-02  9.42842112e-02 -8.63389548e-02  1.48347799e-02
   1.08576273e-01  8.67439191e-02 -4.41577385e-02  8.88131155e-02
   6.94520139e-02 -7.55872095e-03  1.13205697e-01 -1.64927257e-02
   1.08090599e-01  4.69118975e-02  1.10130822e-02  6.91357135e-02
   5.62187705e-02  8.04586947e-02 -1.07742901e-01  2.87685810e-02
   3.51436349e-02  2.18093745e-03 -7.17064899e-02  8.07120367e-03
   4.62911229e-02 -3.59451131e-02  5.59738417e-02  1.04079051e-01
  -2.47634394e-02  5.65498279e-02 -5.05578716e-02  2.15207008e-02
   3.56359255e-02 -9.97010807e-02 -5.99074031e-02  6.25292847e-03
   9.10499503e-02 -6.11222719e-02  1.17450084e-02  6.28686784e-02
  -9.74535387e-02  6.27003379e-02  4.91099584e-02  4.71490909e-02
   3.18410811e-02  2.20002218e-02 -7.03595868e-02 -7.06930640e-02
  -4.78814751e-02  1.04070525e-02  4.79216071e-03  3.62105022e-02
   8.13618821e-02 -7.12800959e-02  7.56106624e-02  1.03092982e-01
   3.91506539e-02 -1.39856576e-04 -2.27666059e-02 -1.54519199e-02
   2.65003404e-02 -2.11331399e-02 -9.22967472e-02 -4.16798529e-02
  -9.16761357e-02  9.36645460e-02  6.69822851e-02 -1.05033076e-01
   1.23010245e-03 -9.32205236e-03 -3.66205708e-02  6.54742105e-02
  -1.20667906e-01 -9.65620038e-02  7.99126143e-02  7.60163358e-02
   6.28108042e-02 -8.41195897e-02 -6.55855447e-02  5.31827635e-02
   1.68867910e-02 -4.44519316e-02 -2.93332804e-02 -7.90720463e-02
   7.77615680e-04  3.84584042e-03 -1.52314771e-02  2.54305930e-02
   1.10628935e-01 -9.67926359e-02  4.23381708e-02 -6.32826261e-02
  -1.98066463e-02 -1.42551673e-02  1.06026537e-03  9.84325000e-02
  -2.36294103e-02  1.15904207e-01 -5.82211807e-03 -5.69878588e-02
   5.29224056e-02 -6.79330489e-02 -3.83337972e-02  3.37557190e-02
   2.39035738e-02 -6.45706050e-02 -4.86251148e-02 -1.88791835e-02
  -4.59913719e-02 -3.13884905e-02  9.99569770e-02  1.11306871e-01
   5.46833300e-02 -2.00709102e-02  4.36614006e-02  7.70735474e-02
  -4.79712293e-02 -8.48400298e-02 -3.90956684e-02 -8.61312768e-02
   5.57550398e-02  5.19783863e-02 -6.06093030e-02  1.32859048e-02
   1.76487178e-02 -9.51160527e-02 -4.23172646e-02  4.78483570e-02
   1.00057203e-01  5.11521336e-02 -6.62646566e-02 -5.09225213e-02
  -9.11954263e-02 -7.40223878e-02 -3.65757306e-02  4.91904185e-02
  -2.71331148e-02 -7.69111393e-02  8.64199329e-02  1.29844321e-03
   2.83694122e-02  9.08582575e-03  6.49863149e-02  7.34791108e-02
  -8.29666228e-02  4.69985768e-02  1.99705694e-03  8.16011010e-02
  -7.04650143e-02 -1.03327440e-02 -2.86579961e-03 -1.79457422e-02
   2.58442018e-02 -2.90187624e-02  8.06890088e-02  1.25174746e-02
   1.12764998e-01 -1.00952892e-02 -8.73944992e-02  6.17315151e-02
   3.48955041e-02 -2.58038977e-02  8.13819030e-02  1.04772077e-01
  -5.77261618e-02  9.81330339e-02 -1.06551717e-01 -8.67270650e-02
   5.41470684e-02  2.87124442e-02  6.15037489e-02 -8.76805427e-02
   1.04512857e-01  5.18011812e-02 -1.03879200e-01 -2.64095914e-02
   3.80571613e-02  3.01744753e-02  8.93330695e-02  3.38951373e-02
   4.71001827e-02  9.78543021e-02 -4.85026236e-02 -8.79317882e-02
   3.12036403e-02 -8.45269944e-02  1.15993012e-02 -1.14878814e-01
  -7.28448177e-02 -4.86122762e-02 -3.58272391e-02 -6.20284462e-02
   2.93351783e-02  1.27305644e-03  6.68689442e-03  2.58557393e-02
  -4.53933630e-02  1.06865360e-02 -8.85141804e-02  3.32383715e-02
   6.71836248e-02 -8.08516436e-02  9.36736568e-02  2.80612606e-02
  -9.28508745e-02 -2.68375964e-02 -8.20540313e-02 -6.98107127e-02
  -1.28920071e-02 -5.32278506e-02  8.90557014e-02 -8.74719210e-02
  -1.58212707e-02 -8.14655568e-02 -3.85628708e-02  3.91225990e-03
   8.42581882e-02  6.84847337e-02  1.04439763e-01  4.06759577e-02
  -7.43658602e-02  9.38536114e-02  2.71362235e-02  1.60240696e-02
   2.12269253e-02 -4.54096723e-02 -1.48515178e-02  4.69817676e-02
   8.53908397e-02 -7.89088760e-02 -3.09921818e-02  6.60605648e-02
  -1.02208978e-01 -1.07307467e-02]
 [-5.31366907e-02 -5.17965687e-02 -2.14498096e-02  1.02520123e-02
   9.15927827e-02 -1.13954388e-01  1.79587034e-02  2.12992407e-02
   4.06333192e-02 -2.19336434e-02  1.01065908e-01  9.42538183e-02
  -7.03750323e-03 -6.93091967e-02  1.49280052e-02 -2.72127483e-02
  -1.12135258e-04  5.51336432e-02  7.03400094e-04 -1.06485905e-01
   1.15295220e-01 -7.23941551e-02 -5.66051520e-02  3.95925600e-02
   2.83910403e-02 -1.13898110e-01 -8.42250564e-02 -5.16533227e-02
  -3.06148798e-02 -8.39312395e-02 -8.96082177e-02 -1.23600026e-02
  -9.53730676e-02 -5.11140049e-02 -5.74021179e-02 -7.38870882e-02
   4.95755975e-02  5.68054539e-02 -9.40336728e-02  1.55169615e-02
   6.96883991e-02 -6.34785864e-02 -7.76234167e-02  1.08622853e-01
   7.83027477e-02 -4.96421282e-02  2.19262749e-02  1.93075494e-02
  -1.26684521e-02 -1.39853185e-02 -7.43607831e-02 -1.68021590e-02
  -1.38396681e-02  2.11379503e-02  2.75747054e-02  3.60492991e-03
  -1.67637309e-02 -6.64682070e-02  2.35808951e-02 -8.63855503e-02
  -8.48943655e-02 -8.07669947e-02  2.29497307e-02 -2.45960106e-02
  -3.51123730e-02 -7.13316880e-02 -1.31062274e-02  4.40129465e-02
   2.27397669e-03  7.95165304e-02 -2.50055152e-02  2.60905870e-02
  -9.43675926e-02  7.16656151e-02 -7.01575898e-02  6.93328939e-02
   8.32102825e-02 -1.08435772e-01  7.16721271e-02 -3.25723007e-02
  -8.46446061e-02 -8.85462566e-02 -1.77138894e-02  7.46368473e-02
  -4.62689630e-02  9.74242140e-02 -3.87828916e-02  5.70145125e-02
   7.10080391e-02 -1.11732507e-03 -8.17025907e-02 -1.18043305e-02
  -6.51143900e-02  1.72503883e-02  4.29502832e-02 -4.34330782e-02
  -5.82742971e-02 -4.88612745e-02  6.21967263e-02 -9.03312138e-02
  -7.29382313e-02  7.16044338e-02  8.58825532e-02 -4.77861627e-02
   1.07010284e-01 -6.86531831e-02  6.19256583e-02  5.16518939e-02
   1.17181978e-01  4.61961526e-02  2.67888613e-03  1.04508270e-01
   2.02995579e-02  6.91499957e-02  9.36541902e-02 -5.87034764e-02
   4.87433218e-02  1.07841823e-01  3.12588462e-02 -4.99776828e-02
  -4.09438452e-02  9.99303376e-02 -2.75292521e-02  6.36801917e-02
  -2.08640032e-03 -3.65623708e-03  3.34365833e-02 -4.86855456e-02
   1.28361329e-01  2.63022918e-02  9.65982166e-02 -1.39327545e-02
   8.84647910e-03  7.66428813e-03 -5.33873136e-02  9.81986266e-02
  -1.34846416e-02  2.00003639e-02  7.89496533e-02  3.27706149e-02
  -8.42649571e-02 -1.02232968e-01 -5.04869208e-03  1.26004938e-02
   1.22964390e-01  8.56434229e-02  5.90095968e-02 -2.02282929e-02
   9.77605972e-02  9.83028106e-02 -2.74238151e-02 -4.13852333e-02
   1.01894808e-02  9.23497938e-02  6.14435217e-02  3.95638317e-02
  -1.17561102e-01  3.34075946e-02 -8.31648465e-02 -5.44894510e-02
   1.17885694e-01 -9.01148816e-02  7.23546494e-02  6.72476699e-02
  -5.51986936e-02 -1.16675525e-01  7.19544454e-02 -2.58260147e-02
  -7.19956962e-02  1.02981207e-02  4.37210572e-02 -5.62832344e-02
   1.01139619e-02  6.33108970e-02 -1.22970770e-01  7.44310183e-02
   1.14561376e-01  7.33059480e-02  9.88959405e-03  1.03626968e-01
   6.50734196e-02  3.68981686e-03  9.60171715e-03  3.81549539e-03
  -7.24487781e-02  1.01304860e-01  9.47973910e-02 -7.87331226e-02
   1.43656075e-02  1.05442500e-01 -9.83439319e-02  5.93967216e-02
  -8.68331071e-03  9.55742311e-04 -5.88724782e-02 -8.08518068e-02
   3.86863400e-02  1.03234354e-01  3.61393534e-02  5.07003037e-02
   7.99918878e-03  6.77632582e-02 -9.45163830e-02  6.26864721e-02
   4.75564018e-02  4.24528606e-02 -2.71865907e-02  6.81228546e-02
   8.11337508e-02 -3.02080923e-02  9.26263600e-02 -3.90390344e-02
   7.11992719e-02 -4.49111549e-02  7.87470156e-02 -6.08143574e-02
   8.58733386e-02 -1.74629790e-02  2.93783745e-03 -2.93087300e-02
   6.00124353e-03 -2.06943057e-02 -5.06152230e-02  3.34134939e-02
   7.52710185e-02  4.73266224e-02  2.93417719e-02 -6.75468255e-02
  -5.93748655e-02 -3.59182247e-02 -1.05339201e-02 -3.99920376e-02
  -9.59586438e-03 -1.92393814e-02  7.61355288e-03 -9.69532039e-02
  -6.43345051e-03 -1.83507737e-02 -8.50596783e-02 -3.89351932e-02
  -1.56016757e-02 -3.36175084e-02  3.18799926e-02  7.34006448e-02
  -3.66106987e-03  5.51504027e-02 -4.03275027e-02  1.05787947e-01
   6.01016785e-03  5.81057370e-02]
 [ 4.97140700e-02 -1.00134048e-01  9.55928795e-02 -1.02023173e-01
  -5.11428085e-02  5.43448467e-02 -2.60331971e-02  5.55968960e-02
  -4.69813772e-02 -3.06027921e-02  7.35727298e-02 -7.37771201e-02
  -6.04864503e-02  9.00301895e-02  1.09225129e-02  4.63023650e-02
   6.82759018e-02 -4.19138781e-02 -3.91147918e-02  7.78826518e-02
   1.02408494e-01  1.01024208e-01  5.99332770e-02 -1.19696434e-01
  -5.18425795e-02 -1.14011767e-01  7.76064790e-02 -4.10136187e-02
   5.00043384e-02  1.01667581e-01 -6.96393571e-02  1.92469367e-02
  -1.06450462e-01  3.72290282e-02  5.81883735e-02  7.42951379e-02
  -6.30869306e-02  7.12269694e-02 -9.16162325e-02  8.52747905e-02
   8.36549846e-02  1.07890290e-01  6.57149194e-02 -1.03775971e-01
   2.94439389e-02  4.62805360e-02  6.72934408e-02 -4.12484303e-02
   3.98911308e-02 -8.58260565e-02  6.53854275e-02  4.78597865e-03
  -3.25413188e-02 -3.29819227e-02 -1.49181293e-02 -7.55211929e-02
   9.43294332e-02 -6.54871280e-02  4.17848052e-02 -8.89814326e-02
  -2.69247031e-02 -1.03471526e-02 -3.58074708e-03 -2.88548257e-02
  -4.78533375e-02 -5.54164788e-02  7.16722959e-02  4.75874399e-02
   3.30967336e-02 -9.75699722e-03  9.00491891e-02  6.37910933e-02
  -1.06505113e-01 -4.84676422e-02 -1.87714188e-02 -5.24642181e-02
   1.30008154e-02  1.44453189e-02 -5.08576841e-02  5.10451126e-02
  -1.70265306e-02  5.58366836e-02  5.81824305e-02 -1.07769706e-01
  -2.95343996e-02 -9.47764499e-02  6.33525614e-02  7.36811866e-02
  -3.30517958e-02 -8.29367642e-02 -1.23992492e-02  6.94492571e-02
   3.04066555e-02  5.40442560e-02 -7.95525517e-03  8.92704234e-02
   8.44119404e-02  1.17200048e-02 -7.95852184e-02  8.71255668e-02
   9.28562458e-02 -1.53443772e-02 -2.31671114e-03 -6.94077496e-02
   3.57718674e-02  3.17311740e-02 -1.33780009e-02 -2.16109055e-02
   3.63668710e-02  5.38109073e-02 -4.70035432e-02 -1.60505939e-02
   2.41181368e-02  3.77989316e-02  2.42563181e-02  7.27353475e-02
  -5.64069754e-02  1.21163793e-01  4.79016076e-02 -9.13519947e-02
  -4.81431442e-02  9.40853772e-02 -3.12751450e-02  4.86065659e-02
  -8.50794358e-02  4.84719068e-02 -5.55885877e-02 -9.13909657e-02
   9.94893937e-02 -5.32285147e-03  1.24421980e-02 -1.17088797e-01
   4.11216057e-02  1.10202123e-02 -1.53697270e-02  3.02014109e-02
  -8.10329248e-02  8.37355774e-03  4.90143959e-02 -2.09040594e-03
  -6.68332946e-02  8.47612225e-02  7.54339287e-02 -6.19917339e-02
   1.54901301e-02  3.85153358e-02  2.01123022e-03  5.03351166e-02
   4.00203494e-03  6.63933609e-02 -3.06183294e-02  1.05729972e-01
   5.63601281e-02  8.61450009e-02 -5.00074605e-02  8.38384872e-02
  -8.52939638e-02 -2.89404427e-02  9.20240096e-02  1.07667088e-01
   3.63780960e-02  8.82427604e-02  9.45205016e-02  2.87011132e-02
  -5.58529293e-02  7.85800728e-03  3.38705870e-02  7.68920040e-02
  -9.79962921e-02 -9.34724118e-02  7.62466602e-02 -5.48738566e-02
  -5.49483615e-02  6.04496643e-02 -8.56217519e-03  4.44274028e-02
   7.64176244e-02  8.35529363e-03 -4.68404545e-02 -3.44471549e-02
  -1.38167751e-02  8.08064277e-02  2.54403517e-02 -6.40540451e-02
   1.01891326e-01  3.36078005e-02  4.14573987e-03 -4.27016489e-02
  -2.45911750e-02 -3.51907262e-02  2.66259338e-02 -9.34947785e-02
   6.79005431e-02  9.65993222e-02 -6.39095571e-03  1.18030031e-01
  -1.03342115e-01  5.10545636e-02  4.90091446e-02  8.81435041e-03
   1.81630036e-02 -2.19452666e-02  7.80871943e-03 -4.70522433e-02
   3.49552073e-02 -5.90345326e-03 -7.20479346e-02  5.75082745e-02
   3.39619296e-02 -7.34355240e-02  1.61675116e-02 -8.89552144e-02
   2.93681226e-02 -5.86542877e-02 -6.43899391e-02 -2.04655923e-02
  -8.57465100e-02  8.05993725e-02 -4.08910210e-03  4.71731690e-02
   6.77333571e-02 -3.71644895e-02 -3.18224004e-02  7.97012755e-02
  -2.04870542e-02  1.01765346e-01 -4.62790598e-02 -9.64045947e-02
  -1.63362819e-02 -9.87188424e-02 -2.15544941e-02  9.02862852e-02
  -9.70734017e-02  8.34245181e-02 -1.14689921e-01  4.02917569e-02
   1.75823302e-02  6.92688569e-02  9.89298083e-02 -2.76252287e-02
   3.28485271e-02  5.08803432e-02  4.89395792e-02 -4.94212667e-02
   1.05444971e-01 -7.60523665e-02  9.80141268e-02 -6.18441216e-02
  -3.67120652e-02  6.74641260e-03]
 [ 9.97273710e-02 -3.62189676e-02 -6.32848268e-02 -7.17964973e-02
  -1.10416983e-01  8.43015118e-02 -8.66848876e-02 -4.70982753e-03
  -9.74821885e-02 -1.04041739e-01  6.33437445e-04  7.77927739e-02
   5.10738871e-02 -1.67860512e-02  7.94330612e-03 -6.65651891e-02
  -1.01908830e-01 -1.49906214e-03  7.82031651e-02 -6.21895152e-02
  -5.65040507e-02  5.80964742e-02  9.94624611e-03 -8.10820430e-02
  -7.17867172e-03 -9.75277345e-02 -7.83228339e-02  5.33791388e-02
  -2.44260878e-03 -1.54437456e-02 -7.43013562e-02  2.94336023e-02
   7.15766628e-02  4.04292935e-02  7.77803983e-02  2.16787833e-02
   4.66541361e-02 -1.28774420e-01  9.23713479e-02  1.55915732e-02
   2.60223975e-02 -4.92666559e-02 -3.46310481e-02  1.04006689e-01
   5.62824954e-02  9.80742194e-02  4.36399909e-02  8.91273053e-03
  -1.01806602e-01  8.76200558e-02 -6.00991527e-02 -1.98881695e-02
  -9.54333552e-02 -2.06005106e-02 -6.19776921e-03 -4.28033781e-02
  -7.58975063e-02  3.19887650e-02  4.27242838e-02 -5.19411336e-02
  -8.30957771e-02  4.59143601e-02 -1.05654157e-01 -6.99752111e-02
   5.08140594e-02 -9.41354974e-02 -1.22671396e-02 -1.05133330e-01
  -1.04547714e-01 -6.66987486e-02  6.21720864e-02 -6.71338464e-02
   5.10619857e-02 -6.31388757e-02  1.18722424e-01 -8.04368743e-02
  -1.19807341e-03  1.02641816e-02  9.28133544e-02 -1.43542968e-02
  -1.31496789e-02  8.80480920e-02  1.00758958e-01  6.11427351e-04
   2.66950842e-02  4.63160456e-02 -6.82158856e-02  5.66464810e-03
  -8.15984310e-02 -4.89770710e-02  8.70442858e-03  4.38637616e-02
   2.58627814e-02  1.91327716e-02  8.77867386e-02  3.76820785e-02
   8.78969340e-02  5.72242916e-02 -1.03063252e-01 -4.98170562e-02
   6.70065034e-02 -6.42099618e-02 -1.30910961e-02  1.45641571e-02
  -3.78296629e-02 -5.11187158e-02 -1.13096400e-03  1.28180952e-01
  -6.98512421e-03  4.11895526e-02  2.34572599e-02 -6.52289100e-02
  -5.95413571e-02  1.25465607e-01 -4.06862012e-02 -5.90044815e-02
  -3.37991187e-02  5.48136777e-03 -2.72252528e-02  5.89822927e-02
   7.91191515e-02  7.67460555e-03 -1.06131218e-02 -5.08161715e-02
   8.41356834e-03 -4.89389661e-02  7.20824431e-02 -2.81036592e-02
   9.46528213e-03 -1.17498183e-01 -3.35149259e-02 -1.09877279e-01
   9.63175344e-02  1.57316882e-02  6.86885332e-02 -8.13639983e-02
  -4.89897480e-02 -9.91459248e-02 -1.42128330e-02  7.68881690e-02
   2.13855726e-02  5.06783845e-02 -7.57623058e-02 -1.65145607e-02
  -1.08586777e-02  6.17307899e-02  2.11150508e-02 -2.19651069e-02
   4.97881584e-02 -5.63604232e-02 -9.36726124e-03 -5.25739033e-02
  -7.95350002e-02 -4.21797449e-02 -7.88409660e-02 -5.74271975e-02
  -1.11880067e-01 -1.40496525e-02 -2.05351179e-02 -4.75350924e-02
   4.28189510e-02 -5.15328744e-02  1.31478491e-01 -4.10210559e-02
   1.62594864e-02 -7.02034654e-02  3.87036723e-03 -8.05312907e-02
  -4.60374542e-02  9.52145356e-02  4.69443128e-02 -4.64714506e-02
  -9.71980157e-02  6.61462800e-02  1.17394036e-02 -1.53035534e-02
  -2.29266912e-02 -4.85624203e-02 -5.78635236e-02  1.10594519e-01
   5.26873945e-02 -1.35088763e-02  6.77453381e-02  4.79979967e-02
  -9.38745067e-02  1.07227115e-01  3.60026509e-02  5.57734608e-02
  -7.74861189e-02 -5.52310682e-02 -9.30759521e-02  4.12556088e-02
   1.77732655e-02 -6.70745769e-02 -4.77394794e-02  1.06263874e-01
  -3.18506980e-02 -7.76511804e-02 -8.81331186e-02 -6.51432000e-02
   3.30848898e-02 -5.98238731e-02  5.02345227e-02  4.96224594e-02
   3.26818053e-02 -9.90580428e-02 -3.37400592e-02 -6.78741938e-02
  -4.82531378e-02 -6.49270617e-02  6.97584140e-02  2.45497027e-02
   5.07315472e-03 -4.28410803e-02  5.21045968e-03 -9.89988915e-02
   6.36943938e-02 -6.33220657e-02 -6.62056967e-02  4.56588670e-02
  -7.70141790e-02  6.21584360e-02 -8.09299260e-02 -4.69760896e-02
   1.15417255e-01  5.53649881e-02  9.65134362e-02 -4.25512970e-02
  -7.79773355e-02 -3.74713118e-02  8.85032627e-02 -5.79330500e-02
  -5.58409282e-02  1.62554540e-02 -2.24851598e-02  5.76091469e-02
  -6.48337790e-02  8.32157837e-02  1.18315499e-01  2.71932026e-02
   8.96025973e-02 -2.60484004e-02 -8.53412745e-02 -2.66857638e-02
  -6.59364114e-03  2.08290565e-02  1.72105437e-02  3.36890837e-02
   3.95275350e-02  6.25966977e-02]
 [ 3.44983955e-02 -6.67912091e-02  3.67453672e-03  1.51113618e-02
   9.76479672e-02  9.44528071e-02  6.61931850e-02  1.50650297e-02
  -4.30029527e-02  6.48271249e-02  8.39314611e-02  9.62913265e-05
   6.91580960e-02  9.11242304e-02 -1.00593452e-01 -6.37180909e-02
  -1.23317076e-02 -8.01629004e-02 -4.07587295e-02  4.86948038e-02
  -2.98650522e-02  4.33913841e-02 -3.75310337e-02  8.57312760e-02
  -5.54106955e-02  6.17923150e-02 -8.95492867e-02 -9.59590243e-02
  -3.97452959e-02  5.63315611e-03  2.30177944e-02 -2.68642725e-03
  -9.99438148e-02  6.00136994e-02 -1.27878988e-02  2.47235438e-03
  -6.33513710e-02 -1.28420791e-02  1.11299681e-01 -1.51214416e-02
   5.24391610e-02  6.68638790e-02 -2.72637889e-02 -1.43432707e-02
  -8.52245712e-02 -9.82641084e-02 -1.89364787e-02  7.62056874e-02
  -7.50029331e-02 -1.96239081e-02  7.96034908e-02 -2.05944223e-03
  -8.61313660e-02  2.63290586e-02 -8.61895911e-02  1.06030165e-01
  -1.46718941e-02  7.24539052e-02  8.91972095e-02  6.51337643e-02
   1.66541080e-02 -6.13683076e-02  6.25768839e-02  8.35673296e-02
   5.00079433e-02  7.30295206e-02 -3.21641491e-02 -6.45555880e-02
  -6.65600443e-03 -1.09663373e-03  4.29946782e-02  3.86866137e-02
   7.70740156e-02 -1.18088129e-01 -3.32163895e-02 -4.25901596e-02
  -8.33262001e-02 -8.37585104e-02  8.32010708e-02  3.57923357e-02
   7.02355735e-02 -9.78323237e-02  9.16009485e-02  5.46349051e-02
   4.03854109e-02  2.54093664e-02 -5.81130543e-04  1.07559930e-01
  -1.96971637e-02 -1.08364897e-01  2.29713770e-02 -3.12488665e-02
   9.19041390e-02 -7.39652935e-02 -7.67971145e-02  7.51789726e-03
   2.41358796e-02 -2.35744125e-02 -1.62384656e-02  8.35412225e-02
   9.18699349e-02  6.40896846e-03 -3.49467031e-03 -2.09450163e-03
  -6.91980076e-02 -3.47832781e-02 -8.14115986e-02 -2.83256308e-02
   5.58015291e-02  1.00725773e-01 -8.55742581e-02 -1.69461556e-02
  -1.00525375e-01  1.51154152e-02  3.31605682e-02 -1.16274014e-02
  -1.00395580e-01  4.00004440e-02 -6.84677642e-02 -1.09568364e-01
   1.79085554e-02 -1.02659493e-01  1.15624628e-01  1.03153756e-01
  -7.71008743e-02 -2.64170680e-02 -1.65732312e-02 -6.46666523e-02
  -9.06623129e-02 -1.07482979e-02 -2.08645958e-02  7.02997576e-02
   1.28581201e-01  3.26856221e-02  1.28192585e-01  6.97461011e-02
   1.68649138e-02  8.73828184e-02  3.74133828e-02 -1.07302391e-01
  -1.03928139e-01 -1.06211014e-01  5.04226460e-02 -4.29291972e-02
  -1.55811718e-02 -3.05797651e-02  6.79602271e-02  1.06211606e-01
   8.80985839e-02 -3.80110941e-02 -2.02888703e-02 -1.43348315e-02
  -5.80755886e-02 -1.42329615e-02  2.25455121e-02 -6.69267886e-05
   6.28852287e-02  9.79647890e-02  7.30941018e-02 -1.05454628e-01
   3.79355243e-02  5.17577788e-02  8.73369162e-02  8.40573219e-02
   3.41502889e-02  5.53918754e-02 -4.27158078e-02  7.38007595e-02
   6.07246663e-02  5.98240257e-02  3.14346562e-03 -6.59925328e-02
  -8.80942705e-02 -4.50147388e-02 -3.49302095e-02  7.43361671e-02
   7.78627151e-02  7.50249164e-02 -2.37745243e-02  4.91381285e-04
   5.07516567e-02  6.58017442e-02 -8.79058160e-03 -2.39673964e-02
  -3.79766092e-02 -5.41451825e-03  1.26813445e-01 -1.20990451e-03
  -6.73484646e-02  6.90588174e-02 -5.01142425e-02 -3.00187401e-02
  -8.50207666e-03 -7.63634292e-03 -7.42468394e-02 -3.06230661e-02
  -7.34475410e-03  3.82433104e-02 -9.20495013e-02 -2.13571864e-02
   3.74729816e-02 -1.08048772e-01 -6.70629518e-02 -6.89694876e-02
  -6.39965092e-02 -3.35939542e-02  5.74678516e-02 -6.43796500e-02
  -2.47650601e-02 -2.00233800e-02  7.38567814e-02 -2.81132979e-02
  -9.11270057e-02  4.12178927e-02  7.75563106e-02 -3.29313926e-02
   5.94377423e-02 -9.25883159e-02 -5.85164669e-02  8.39858562e-02
  -9.39566483e-03  2.81471393e-02 -5.98598300e-02  8.88547942e-02
  -4.46183503e-02  6.23009398e-03  4.73679361e-03  8.65641956e-02
  -5.51229960e-02  4.04408462e-02  2.99245341e-02  5.09435385e-02
   1.02413611e-01 -6.57484545e-04  6.10483324e-02 -8.20728690e-02
  -9.26443496e-02  3.24590202e-02 -1.00749387e-01  7.40762843e-03
  -4.96560033e-02  4.34310355e-02  8.19448231e-02  4.11871069e-02
   6.71234113e-02  8.01801064e-02  4.29113295e-02 -6.46801696e-02
  -8.91757639e-02  4.25616299e-03]
 [ 3.63973922e-02 -4.39211878e-02 -7.38834431e-02  3.68865807e-02
   3.51445484e-02 -3.30772495e-04  8.28353910e-02  5.83635188e-02
  -3.64916432e-02 -5.42717742e-02 -5.08944200e-02 -2.99771789e-02
   3.13816975e-02 -3.47518706e-02  4.91298792e-02  7.05880966e-02
   7.86385875e-02 -8.23416659e-02 -3.56173722e-02  1.04484931e-01
   1.43410990e-02 -6.62509265e-02 -7.58673992e-02 -4.30043980e-02
   1.05733239e-01  5.82904787e-02  1.53809956e-02  1.04050693e-01
   5.77339297e-03 -3.37676575e-03 -6.93297632e-02  3.39043257e-02
   5.42984709e-02  4.22184396e-03 -9.30021427e-02 -3.56132839e-02
  -7.22643702e-02 -1.09442860e-02  8.71208140e-02  9.25189001e-02
  -8.32685183e-02 -1.01047456e-01  4.02985966e-02  1.01748606e-01
   7.55198356e-02  7.22413988e-03 -1.04083663e-02 -6.77761043e-02
  -9.72349813e-02 -3.33220217e-02  7.10311220e-02 -4.89841187e-02
  -4.69607412e-02 -4.86556846e-02 -3.63987957e-02 -9.19661971e-02
  -4.23194092e-02  6.24974663e-02  8.52444271e-02 -7.03885649e-02
  -2.56550630e-02 -6.11693878e-02  2.75636481e-02  5.69004652e-02
  -6.73289181e-02 -9.70505608e-02  2.47870892e-02  1.47999696e-02
  -7.98931046e-02 -2.79142226e-02  1.16031162e-02  6.41562569e-02
   6.38121533e-02  4.25193733e-02  1.01087090e-02 -1.14251547e-02
  -1.06279259e-01  9.87336015e-02 -5.12445993e-02  8.30604404e-02
   9.15274806e-02 -7.39048429e-02  8.35071966e-02  1.01192643e-01
  -1.06858934e-01  9.37319627e-02 -6.98872279e-02  9.71022738e-02
   3.79986387e-02  3.90379152e-02 -7.82497065e-02  4.61912142e-02
  -5.21447092e-02 -1.06467623e-01 -6.86220760e-02 -2.43802443e-02
  -7.81219980e-02  8.62293133e-02  7.96286071e-02  5.63293038e-02
   1.13485345e-01 -4.47818938e-02 -2.22307959e-02  2.47674324e-02
  -5.56900736e-02 -2.63641451e-02  3.89050809e-02  2.50659799e-03
   9.23612686e-02 -4.61454251e-02 -3.30457824e-02  4.92906862e-03
   3.54761839e-02  1.20806931e-01  1.07033390e-02 -1.30948789e-01
   5.18180284e-02  5.20474864e-02  4.17302497e-02  2.08945814e-02
   5.34424643e-02  2.93152358e-02  1.64009048e-02 -4.32836513e-02
  -8.00706398e-02 -1.11520058e-01 -8.72199017e-02  8.73961080e-02
   8.31854281e-02  1.81211872e-02 -9.52321773e-02  6.32279228e-02
   6.63622495e-02  8.15884145e-02 -1.51929407e-03 -1.08985878e-01
  -7.24276828e-02  1.95140293e-02  3.31662857e-02  9.81360008e-02
  -9.52264231e-02 -6.21274455e-03 -9.09423387e-02  1.94824899e-02
  -1.00794813e-01 -3.67768249e-02 -5.97693990e-02 -5.44098871e-02
  -6.55854022e-02  6.27257287e-02  1.08969757e-04 -2.25410483e-02
  -2.63990726e-02  7.31413572e-03 -3.47304931e-02 -3.37862597e-02
  -6.51654681e-02  8.69732446e-02  3.40731316e-03 -2.89474111e-02
  -4.43206977e-02  6.74283084e-02 -1.34080589e-02  5.38881811e-02
  -5.88624592e-02  1.01855321e-01  8.61957769e-02  1.04885582e-01
  -2.80446189e-02 -6.62123874e-02 -2.95089638e-02  2.54038701e-02
  -5.55576493e-02  8.43083396e-02 -6.95905123e-02 -8.06325776e-02
   2.57828339e-02 -2.28157160e-02 -9.56972449e-02 -6.23110880e-02
  -3.25083743e-02 -9.23313107e-02 -2.37183288e-02  2.38004241e-02
  -7.16141699e-02 -7.11698089e-02  6.42575414e-02  1.52228166e-02
   9.83871571e-02  1.28283181e-02  4.65921108e-02 -1.05038150e-01
   5.59418115e-02 -1.67602001e-02  8.92808612e-02  8.78460740e-02
   1.06171338e-01  1.18946387e-02 -9.04549622e-02  3.94804217e-03
   5.62360697e-02  2.05966963e-02 -6.20768115e-03 -6.01882554e-02
   8.27963785e-02  8.52687856e-02 -2.26485508e-02 -5.94271200e-03
   4.27173547e-02  1.09064744e-01  6.49301564e-03  7.79838477e-02
   2.85084426e-02  4.01546090e-02  1.65580741e-02  5.40081184e-02
  -3.91082728e-02  4.43195888e-02 -2.20412815e-02  1.07129546e-01
   8.66710453e-02  1.91982850e-02 -8.57287043e-04 -6.73217967e-02
  -3.48873979e-02  5.32702077e-02 -2.25119053e-02 -1.99441131e-02
   3.59976902e-02  5.38192066e-02  3.73420878e-02  1.09143316e-01
  -1.14143937e-02 -1.23483873e-02 -7.09549602e-02 -7.23378802e-02
   7.07988954e-02  3.10789359e-02 -7.96027021e-02 -7.41977925e-02
   4.34966176e-02 -4.95509295e-02  4.02726060e-02  4.90477362e-02
  -3.07989033e-02 -8.86343843e-02 -9.57039003e-03  1.11957745e-01
   7.97592948e-02 -1.00651085e-01]
 [-4.17687894e-02  5.50010673e-02 -4.77408445e-02  8.82376365e-02
  -4.40841952e-02  7.86290772e-02  5.69265615e-02  2.07881528e-02
  -1.06427740e-02 -5.44319405e-02 -9.53332902e-02 -6.50931302e-02
  -3.93636741e-03  4.56012342e-02  4.75811113e-02  1.31271013e-02
  -4.56312447e-02 -8.88762573e-02  1.00941854e-01  4.14455916e-02
   9.39423974e-02 -2.13618874e-02  5.50510004e-02  7.86284362e-02
   1.48307174e-02  7.23220453e-02  9.07869889e-02 -5.15112057e-02
  -1.20445425e-01  6.00855540e-02  4.00968454e-02  4.99460201e-02
  -5.59535383e-02 -6.75921518e-02 -2.97516813e-03 -4.47627186e-02
  -4.41049365e-02  6.49702874e-02  8.05326645e-02  6.82436436e-02
   8.75777276e-02 -8.12355655e-02 -6.42952946e-02 -5.27215744e-02
  -1.55719595e-02 -6.82958032e-02  3.93814563e-02  2.57680323e-02
  -2.96181267e-02  3.58427780e-02 -7.15545419e-02 -1.21409587e-03
  -2.18962191e-02 -1.18874508e-02  9.41577572e-02 -8.33691243e-02
  -4.70997072e-02 -7.07218200e-03  2.19657327e-02  7.02867304e-02
  -7.90805143e-02  5.17395200e-02 -9.64981784e-03  3.43227031e-02
  -8.69226717e-02 -3.73337690e-02  9.92457349e-02  1.17892956e-01
   2.10429235e-02  2.05249503e-02  7.22605644e-02  3.70784174e-02
  -1.13414308e-02  5.46994022e-02 -7.17530424e-02 -3.01487168e-02
   3.79545042e-02  3.10946283e-02 -1.11849728e-01 -5.87600301e-02
   1.03309441e-01  5.52625479e-02 -7.42842344e-03  3.28626848e-02
  -1.19266244e-02 -9.57862085e-02  6.82613294e-02 -2.72928995e-02
  -8.45990406e-02 -2.19419001e-02 -2.57615497e-02 -3.84136417e-02
   5.52803848e-02  2.93332082e-02 -9.31365701e-02  1.23591239e-02
   1.30662028e-02  4.75409564e-02 -1.00228357e-01 -8.70476285e-02
   6.55171527e-03 -8.76957596e-02 -7.19836828e-02  2.99485819e-02
   8.63885276e-02 -8.03164955e-02 -1.15002851e-01  6.49420108e-02
  -7.14607690e-02  1.53544298e-02 -8.57726360e-03  3.26357997e-02
   1.40510256e-02 -5.21793140e-02 -5.96317201e-02  9.42620970e-02
  -3.42264198e-02 -1.10063770e-01  4.56661020e-02  5.90045479e-02
   1.12085572e-01  8.46851901e-02 -1.03618317e-01 -8.05119954e-02
   8.50005186e-02  6.03873294e-02 -8.31412334e-02  8.86865564e-02
   6.16720276e-02 -6.48994490e-02  1.01171523e-01  1.02837094e-02
   7.43661383e-02 -9.06351549e-02  7.38062422e-02  1.21789680e-01
   5.39241011e-02  1.07083482e-01 -2.57184760e-02 -7.27058785e-02
  -1.99763616e-02 -4.37728203e-02 -4.96970276e-02  8.34218389e-02
  -7.17193949e-02 -1.04429025e-01  2.00015149e-02 -1.97971473e-02
  -6.95936380e-03  1.21357448e-01 -1.83732106e-02  1.84592466e-02
  -7.02725257e-02 -5.66683353e-02  5.53611016e-03  3.53934540e-02
  -9.64891534e-02  7.76766993e-02 -1.36066482e-02  2.03679059e-02
   8.70486710e-02 -4.47622315e-02 -2.74819956e-02 -7.26574133e-02
   6.15247177e-02 -5.32339333e-02 -9.37516889e-04  2.87064821e-02
  -1.59867010e-02  1.73591383e-02 -8.73849824e-02 -4.70368110e-02
   2.75390263e-02  9.04936464e-02  7.41652168e-02 -2.94361635e-03
   8.62776384e-02 -4.23288638e-02 -6.23621630e-02  8.44388203e-02
  -6.62596627e-02  4.37446588e-02 -1.06216369e-01 -6.28663734e-03
  -7.45139523e-02 -4.40266756e-02  9.72911937e-02  3.69283379e-02
   3.43207184e-02  6.83550677e-02  1.52075803e-02  2.05845026e-03
   7.63091751e-02 -8.73304468e-02 -8.38947982e-02 -2.40675293e-02
  -8.93116523e-02 -8.90532671e-02 -9.65877794e-02 -2.75679866e-02
  -6.58113441e-02 -5.06740364e-04 -9.42143635e-02  2.25832126e-02
  -6.92444925e-02 -2.20986424e-03 -5.45508164e-02  9.67231686e-02
  -1.96459214e-02  1.09649908e-01  9.36572789e-02 -1.00507491e-01
  -9.13938394e-02 -4.71780380e-02 -6.12923395e-02  5.91214431e-02
  -4.92845249e-02  8.25832124e-02 -5.95776691e-02  3.49021562e-02
  -5.58762378e-02  2.90237612e-02 -7.54072713e-02  8.82125498e-02
   7.79198970e-03  6.49339187e-02  3.45577315e-02  1.17450553e-02
   1.18703208e-03 -2.24512615e-02 -1.10228703e-02 -1.09889719e-01
   2.20685757e-03 -4.93911374e-02 -6.06228475e-04 -9.27616289e-02
  -8.84854870e-03 -3.20428939e-02  3.59110780e-02  6.74702121e-02
  -3.83126504e-02  8.27729600e-02  8.78705735e-02  2.29869497e-04
  -9.14406721e-02  2.84544043e-02  2.27125469e-03  5.55657384e-02
   1.04656216e-01  4.29654697e-02]
 [ 7.99186357e-03 -2.64769050e-02 -7.77085039e-02 -9.33370140e-02
  -1.07080884e-01  7.76432761e-03 -1.20644956e-01 -8.96174786e-02
   5.52565669e-02  1.01826918e-01  1.07781487e-01  1.19544803e-02
   5.10139271e-02 -6.06542671e-02  6.56979890e-02  9.27837540e-02
   7.47634848e-03 -7.05572894e-02  1.10413475e-01 -4.16231633e-02
  -1.27909870e-01 -3.83696303e-02  7.34966751e-02 -7.71517485e-03
   3.34225064e-02 -5.66361150e-02 -4.48646362e-02  9.89246422e-02
   1.98620875e-02  4.26581907e-02 -1.01517279e-01 -3.54796030e-02
  -5.46351072e-02 -1.01883645e-02  7.19467145e-02  6.04716555e-02
   2.91776748e-02 -4.60714718e-02  5.38981777e-02  1.78554359e-02
   3.88263785e-02  8.33054109e-02 -4.09241711e-03  8.80022105e-03
  -8.36004840e-02  1.87471796e-02  2.42842375e-02  4.39094665e-02
  -1.08857323e-01 -7.53009769e-02 -8.37841537e-02 -6.16060323e-02
   9.87389748e-02  3.44623855e-02  9.17358831e-02  2.16397424e-02
  -1.09305697e-01 -8.79417127e-02 -9.27713776e-02  1.99194783e-02
   6.67552040e-02 -3.16470637e-02 -1.22832865e-02  5.15382111e-02
  -9.77045772e-03 -3.95061141e-02  9.20666604e-02 -6.82453709e-02
   4.84873945e-02 -7.38014398e-02 -3.82374067e-02 -2.52701603e-03
  -4.09703320e-02  1.33437691e-02  1.67230311e-02  3.72083710e-02
   2.56004729e-02  1.13573628e-01 -7.46780263e-02 -1.13219530e-01
  -1.61444674e-02 -9.14863356e-02 -5.99800068e-02 -1.97614137e-02
   7.05527849e-02  8.29655304e-02  2.10137536e-02  2.28817492e-02
   5.10150504e-02 -6.47177022e-02  1.95462205e-02 -7.18172788e-02
   1.06037942e-01 -5.89593554e-02 -5.47190129e-02 -4.24503960e-02
  -7.75355399e-02  4.12915453e-03 -1.73502433e-03  2.57863693e-03
   2.80144135e-02 -1.00136756e-01 -4.93770970e-02 -3.20576271e-02
   6.05020854e-02 -1.88935170e-02  3.00144901e-02  1.06552793e-02
  -7.42265778e-02  9.18314682e-02 -5.60734611e-02  1.12769897e-02
   7.56456934e-02  1.18687234e-01  4.69286264e-02 -9.70695436e-02
   6.60055738e-02  9.29762008e-02 -5.38448430e-02 -1.12102374e-01
   1.45097502e-02 -1.99578609e-02 -7.00230156e-02  3.13025656e-02
  -4.30900198e-02  6.46410019e-02  4.70702772e-02  7.34399019e-02
  -1.37425627e-02 -7.09856195e-02  1.17873474e-02 -3.07868193e-02
   6.66160521e-02  8.78226543e-02 -8.42535583e-04  2.70735910e-02
   2.78422353e-02  8.80745283e-02 -2.78705700e-02  3.81533115e-02
  -7.66059622e-02 -7.58463899e-02  7.68523048e-02  5.19355362e-02
   7.61951855e-02  2.70495326e-04  4.07050441e-02  1.16021433e-01
  -3.60088161e-02  4.40179351e-02  4.99295440e-02  6.72505265e-03
  -1.68427197e-02 -8.18272111e-03  4.32826819e-02 -6.37737086e-02
  -6.29712233e-02  1.14232646e-01  2.50090761e-02  7.64481175e-02
  -7.95283467e-02 -1.18862946e-01 -5.89225863e-03 -5.13920022e-02
   4.57649487e-02  5.21960269e-02 -1.20423650e-01  8.36394232e-02
   1.26548820e-01 -1.55734963e-02 -7.64723930e-02  8.73091374e-03
   1.59578421e-02 -1.17929810e-02 -6.80944330e-02 -1.87017401e-02
  -7.33093924e-02 -1.55655084e-02  6.09650943e-03  5.34540655e-02
   1.16706059e-01 -3.28530013e-03 -5.11701537e-02  5.10818780e-02
   9.60742859e-02 -1.18498661e-04 -9.15919733e-02  1.74245497e-02
  -3.62121327e-02  1.15516805e-01  1.17406472e-01 -5.83932277e-02
   7.29531299e-02 -9.35200223e-02  7.94211404e-02  7.42284084e-02
  -3.82071452e-02  9.66830962e-02 -7.03257768e-02 -7.30643468e-02
  -9.44013869e-02 -2.37574109e-02 -1.35130050e-01  7.66506616e-02
   1.57361976e-02 -1.62428064e-02  7.25492199e-02  2.46840727e-02
  -3.71543034e-02  7.11324220e-03 -8.24238616e-02 -1.55658018e-02
   3.66605466e-02  4.09326110e-02  1.73979317e-02  4.76630396e-02
  -9.29195183e-02  3.61052675e-02  8.47456595e-02 -5.97221016e-02
  -1.74007831e-02 -5.32589609e-02 -2.38331199e-02  5.08715501e-03
   5.87333233e-02 -7.57155075e-02 -8.82970366e-02 -4.83127379e-02
   5.14791924e-02 -6.70810446e-02  1.20100614e-02  6.12189227e-02
  -3.88380281e-02 -6.43932008e-02 -2.06001075e-02  1.01996275e-02
  -4.20544926e-02  1.15867769e-02  3.50786202e-02 -7.46147679e-02
   6.84758912e-02 -3.76106346e-02 -5.30344929e-02  1.01853857e-01
   3.06119324e-02  1.08439643e-01  5.80863149e-02 -5.76179083e-02
   4.99730597e-02 -1.03199890e-02]
 [ 2.46350418e-02  2.34946995e-02 -6.26326650e-02  8.58730057e-02
  -1.21004140e-01 -2.50266963e-02 -6.89832157e-03 -4.61506207e-02
  -2.57547286e-02  2.25142593e-02 -6.45819830e-02  8.85177679e-02
  -8.71046955e-02  4.86994662e-02  3.81549618e-02 -8.66002010e-02
   1.05963196e-01 -4.51994550e-02  7.71598258e-02  2.25396998e-02
  -6.39004674e-03 -5.28094104e-03 -4.41486064e-02 -8.02045130e-02
   8.53535591e-02  9.34703086e-02 -8.27187071e-02  1.68069242e-02
  -2.25063412e-02  7.64970459e-02  1.59790638e-02 -5.10336764e-02
  -6.94091830e-02  8.14469232e-02 -1.27724894e-03 -2.41296596e-02
   5.59850699e-03  8.89522864e-02  1.10762395e-01 -1.08501924e-02
   2.66174806e-02  1.24426101e-01  3.97497410e-02  1.67201484e-02
  -1.80197542e-02  2.26872985e-02 -6.05742906e-02 -8.34568796e-03
   7.08132460e-02  1.27033468e-02 -7.41208461e-02 -8.27893953e-03
   4.43737681e-02  2.85622642e-02  1.94822917e-03 -2.24897533e-02
  -6.71923896e-02  8.57473572e-02 -5.63996752e-02  5.48401182e-02
  -9.31891820e-02 -8.02014515e-02  4.62763997e-02 -2.55110084e-02
  -2.65413084e-02  5.90341643e-02  6.14894554e-02  6.50626910e-02
   1.08595421e-01  3.88172130e-02 -7.46169108e-02 -6.91209105e-02
  -6.83978664e-02 -2.83087438e-02 -4.36836070e-02  1.06828521e-01
  -2.37604278e-02 -7.22513890e-02  3.24298514e-02 -3.05936255e-02
   1.97066338e-02 -5.77427696e-02 -5.26336210e-02 -1.16941483e-01
  -8.52512892e-02  6.93593080e-02 -4.30523412e-02 -6.19007709e-02
  -9.98420012e-02 -7.27150937e-02  9.55230524e-03 -6.02506189e-02
   4.94339954e-03 -1.54769862e-02  2.07032500e-02 -5.40580714e-02
   9.26848997e-02 -3.15909685e-02 -1.04112601e-01  8.12889747e-02
  -5.32680301e-03 -1.25018650e-01  7.73767246e-02 -1.13788511e-01
  -7.16383907e-02 -8.36504009e-02 -1.06018852e-02  1.10850182e-02
  -4.32796835e-02  4.93209245e-03 -1.16651117e-01  3.00849181e-02
  -7.97388072e-02  6.18748245e-03  4.58125780e-02  5.50871407e-02
  -6.67582531e-02 -1.04155715e-01  9.41630724e-02 -9.31820951e-03
  -6.23330503e-02 -2.16117142e-02  1.08147763e-01  8.52176231e-02
   1.66511416e-03  8.33338593e-03 -2.38221907e-02 -1.07524437e-01
   4.21250873e-02  2.97781209e-02 -5.95806560e-02 -8.28420701e-02
   4.11962471e-02 -6.34340946e-02 -2.84396096e-02  5.01016991e-02
   9.31016476e-02 -1.32327327e-02  3.42740314e-02  5.88642920e-02
  -4.73548153e-03  1.08324783e-01 -8.38244453e-02  1.20257513e-01
  -7.73202016e-02  7.88514357e-03 -9.56684102e-02 -6.81973193e-02
   5.56215167e-02 -6.10664497e-02 -3.47355289e-02  6.72760616e-02
  -2.65986122e-02  1.33172655e-01  6.39800029e-02 -7.72167490e-02
   9.66749341e-02  7.89734211e-02 -7.40737775e-02 -1.63007289e-03
   2.90453186e-02 -8.15102107e-02  6.36274696e-02 -4.64250051e-03
  -1.47735503e-02 -4.26379328e-02  1.01665506e-02 -4.90590362e-02
  -5.30450185e-02 -1.78288416e-02  1.36989181e-01  2.25165251e-02
  -1.09152214e-02  1.08226065e-02 -9.39707656e-02  3.28709492e-02
  -5.76801934e-02 -6.39182337e-02 -1.05064745e-01 -8.59768277e-02
   6.15028055e-02  1.01248083e-01 -5.35998645e-02  7.53914524e-02
   4.77081580e-03  7.34220753e-02 -3.37152253e-02 -6.95653539e-02
   7.48581222e-02  6.29797635e-02 -1.35485217e-02  1.56912160e-02
  -5.86086231e-02  3.01002357e-03 -6.95516762e-03  3.31766196e-02
   9.85457903e-02 -6.30672488e-02  1.80348722e-02  1.76365619e-02
   8.04047161e-02 -1.17828206e-02  4.97098962e-02  5.01014366e-02
   3.25991260e-02  1.25276298e-01 -1.39941908e-02  9.68743670e-03
   6.74476262e-02  4.06112441e-02 -5.37597387e-02  3.51016582e-02
  -5.55404580e-02  1.75980006e-02 -5.62772186e-02  8.11710274e-03
   5.88447410e-02  1.18791915e-01  4.11849564e-02  4.21905629e-02
  -1.00955184e-01  3.93683396e-02 -8.41420191e-02  6.51623623e-04
   2.65022565e-02  2.84486853e-02 -8.42031357e-02  5.05174790e-02
   3.18927325e-02  9.06944365e-02  6.27858512e-02  8.84919197e-02
   8.35657682e-02  1.03186646e-01 -1.43225316e-02  1.21468481e-01
   4.16127157e-02 -3.82014487e-02  9.15194417e-02 -6.07086781e-02
  -1.91984466e-03  1.40076721e-02 -2.47312675e-02  1.13066235e-01
  -2.39477584e-02  6.34157227e-02  1.21319210e-02  5.43306271e-02
   8.31399064e-02 -7.70964621e-02]
 [-4.23905079e-03 -5.61124118e-02 -6.17949199e-04 -3.94825339e-02
  -7.73402385e-02  4.59235384e-03 -8.79016640e-02  8.66698746e-02
   6.65398253e-02  1.08549558e-01  8.61711999e-02 -1.01529230e-01
  -3.39379950e-02 -5.06090086e-02  3.87163707e-02  1.90929190e-02
  -6.24027953e-03 -1.45591541e-02 -1.19432386e-01 -1.11375044e-01
  -8.97810101e-02 -6.64032377e-02 -3.49534563e-02  6.70112772e-02
  -2.49597733e-02 -2.07889894e-02 -2.70838673e-02 -6.87991128e-02
  -8.34260513e-02 -5.12625597e-02 -4.49667977e-02  3.40437455e-02
  -5.05528191e-02  5.32394665e-02  6.83039204e-02 -5.24311688e-02
  -9.48012841e-02  3.38710032e-02 -1.52022404e-02 -9.42563375e-02
  -1.15931006e-01  8.50760279e-02 -5.67854102e-02 -6.11541608e-02
  -1.14277234e-01 -1.17688297e-01 -6.05168954e-03 -8.62445175e-02
  -2.90690121e-02 -1.06669645e-02  2.13868864e-02 -4.22570721e-02
  -5.17765589e-02 -4.18255195e-02  2.93995481e-02  5.39628959e-02
  -3.20189808e-02 -6.65939813e-02  4.40135243e-02 -8.74599033e-02
   6.99644409e-02  7.25968968e-02 -7.18514538e-02 -8.96357962e-02
  -8.59043164e-02 -1.41942408e-02  1.92711397e-02 -4.84137614e-03
  -7.53399649e-02  7.14767559e-02  8.35492504e-02  8.92018588e-02
   1.87587442e-04  4.27793722e-02 -3.51374079e-02 -8.68094120e-02
   1.27003516e-01 -6.96476796e-02 -1.92256218e-02 -1.77182031e-02
   3.04085835e-02 -2.15828963e-02 -3.22865542e-03 -2.87099291e-02
   9.08259653e-02  9.62890141e-02 -7.57937338e-03 -1.10136626e-01
  -2.46177874e-02  2.17366095e-02 -6.15634740e-03 -8.12288808e-03
   5.28299847e-02 -8.34205753e-03 -4.99229141e-02  1.13245886e-01
   7.86302056e-02  5.00998633e-02 -2.17083408e-02 -1.08179505e-01
   9.53131395e-02 -7.78947656e-02 -7.82589810e-02  4.15490480e-02
  -7.02712289e-02 -1.18110013e-01 -9.29179449e-05 -5.78470545e-02
   5.52589271e-02 -1.08541159e-01  2.45455265e-02 -3.10528999e-03
  -8.53811529e-02  5.94325755e-02 -3.25859206e-02 -3.41688535e-02
   1.84707910e-02  5.04122597e-02 -3.76834432e-02  2.93884538e-02
   7.49128442e-03  6.82000003e-02 -1.02765542e-03 -4.08045583e-02
   1.29874269e-02  2.47259050e-02 -1.06228090e-01 -1.12920843e-01
  -7.42445664e-02 -3.37433289e-02 -1.41904012e-02 -1.11730516e-02
  -1.06319500e-01  5.28755618e-02 -1.57405707e-02  4.35941835e-02
  -2.25513098e-03 -6.29274513e-03  3.87665118e-02 -8.28925567e-02
  -6.21155004e-02  9.20304054e-02  1.18376742e-01  1.34298702e-02
   1.58582483e-03  1.02281039e-01 -6.73403306e-02 -1.10275712e-01
  -1.43055008e-03 -6.45244610e-02 -1.69708338e-03 -3.58090721e-02
  -5.29111690e-02  2.77229382e-05 -2.67328835e-02 -1.04887117e-01
  -6.40188131e-02 -6.82054381e-02  8.93230979e-03  2.22984635e-02
  -4.79142440e-02  1.43550349e-02 -1.06493289e-01 -1.54662004e-02
  -4.00788459e-02  4.64883518e-02 -8.43309795e-02  1.48058457e-02
   9.40357841e-02 -9.69040293e-02 -8.44774563e-02  1.63511651e-02
  -6.58202905e-02 -6.10999988e-03 -2.62114619e-02  7.82495806e-02
   9.17218264e-02 -1.08974377e-01 -4.06267740e-02  8.43409675e-02
  -9.98169630e-02  9.05772693e-02 -6.79574737e-02 -1.23519702e-02
  -2.03465538e-02  2.18147150e-02  1.15570094e-02 -1.02499119e-01
   7.77258242e-02  4.61889783e-02  1.49151351e-02 -4.45564248e-02
  -4.80214976e-02  6.59022458e-02 -1.44089176e-02  4.06215875e-02
   1.21186365e-01 -2.16952237e-02 -2.96038061e-02  9.98983791e-03
   8.10670939e-02 -1.05423664e-01 -3.57322621e-02  4.92388778e-02
   8.01871439e-02  6.84611285e-02 -1.01085316e-01 -3.77168721e-02
   6.28242810e-02 -7.10972791e-02 -5.91771927e-02 -7.47566943e-02
   4.67018005e-02 -7.92614671e-02  2.58267977e-02 -6.83045123e-02
   7.70657954e-02  9.23523121e-02 -6.24383567e-02 -8.36687894e-04
  -7.31050309e-03  1.20176976e-02  2.23701092e-02 -3.06156104e-02
  -2.04067501e-02 -2.62843878e-03  7.11969990e-02  5.06785005e-02
   1.11514269e-01  1.14687375e-01  7.24766559e-02 -1.00036189e-01
   3.05601050e-02 -4.27293969e-03  7.43547243e-02  5.18759334e-02
   7.54138678e-02 -7.91936121e-02 -8.08828752e-02  1.76531880e-02
  -2.50222192e-02 -8.36720029e-02 -8.07730867e-02  3.15252899e-03
  -7.80576091e-02 -4.42669067e-02  1.27857055e-02 -4.78939359e-02
   6.20096711e-02  3.74586065e-02]
 [ 4.09710930e-02 -3.28182707e-02  7.81307219e-02  2.07359194e-02
   8.21099393e-02  9.19271828e-02 -4.62601900e-02  1.12494980e-01
   4.07487716e-02 -4.58536432e-03 -7.75964962e-02 -5.56299704e-02
  -7.99845488e-02  3.00996129e-02 -8.37552029e-02 -2.41482509e-03
   8.15835514e-02 -2.20065513e-02  7.98862813e-02  5.46563725e-02
  -8.40183327e-02 -8.04768462e-02 -7.62770162e-02 -2.05475574e-03
  -4.31701505e-02  5.15051604e-02  4.11127467e-03  1.15071556e-02
   6.28465436e-02  9.02097579e-02 -8.14793536e-02 -6.42427374e-02
   7.48257108e-04 -2.02185212e-02 -6.47570251e-02  8.01064612e-02
  -5.56853404e-02 -3.42395811e-02  7.28348308e-02 -1.07202660e-01
  -5.03277364e-02 -7.06515333e-02 -2.64587314e-02 -2.94321425e-02
  -1.07976704e-01 -1.53347503e-02  9.68324359e-03 -5.21494324e-02
   7.37760271e-02  1.03803880e-02 -3.52303362e-02 -5.51186797e-02
  -1.27105244e-02  8.01059141e-02 -1.84514957e-02 -4.65562049e-02
   1.01065370e-01 -2.43427093e-02 -7.82295122e-02  8.51938400e-04
   2.78724580e-02  1.09301859e-01 -1.30151025e-02  6.28260376e-02
  -7.65111820e-02 -4.86023103e-02  7.54679057e-02  4.28226608e-02
   8.24074509e-02 -6.86017711e-02  2.30137576e-02 -1.76712723e-02
  -7.35445884e-02 -8.64779602e-02 -7.08033875e-02  4.73634903e-02
   1.13692190e-01 -5.68960193e-02  5.41452816e-02  1.01857384e-01
  -9.41388310e-02  1.18026292e-02 -8.93673311e-02 -3.30606177e-02
   8.34989691e-02  7.03562739e-02 -5.66011326e-03  3.71445486e-02
   1.72924920e-02  3.59311759e-02 -8.55699811e-02  4.28240685e-02
   8.87975459e-02 -1.30019555e-02  8.99952075e-02 -7.29801528e-02
   5.28274962e-03 -1.21189134e-01 -9.07775492e-02  1.30202727e-02
   7.35434565e-02 -9.30197938e-02 -8.18390416e-02  1.30196508e-01
   1.21278421e-01 -3.88584253e-02 -2.86574406e-02  9.13889990e-02
  -7.37515799e-02  2.55379544e-02 -7.84951400e-02 -1.69802669e-03
  -7.45712929e-03  1.25420529e-03  3.66374796e-02 -9.68227930e-02
   6.22573336e-02 -5.65264340e-02 -4.44818753e-02  2.99895853e-03
   7.79075532e-02 -2.55364465e-02 -8.99348383e-02  1.46231619e-04
  -1.52255464e-02 -5.44000590e-02 -4.63050953e-02  2.06812189e-02
  -4.82336686e-02  8.80550122e-02 -7.75632808e-02  1.28248403e-01
   5.11340447e-02 -1.20805370e-01 -9.29435517e-02 -3.50668510e-02
  -9.84660852e-02 -8.67348043e-02  7.93843202e-02  4.10316039e-02
  -6.72635945e-02 -2.62941686e-04 -1.04214908e-02 -7.19987850e-03
   9.40538965e-02 -2.28128074e-02  1.14642430e-01  1.00798182e-01
  -7.65913214e-02 -9.61588916e-02 -7.25005527e-02 -9.02329784e-02
   7.85960748e-02  5.11573853e-02  9.46501335e-02  4.05980239e-02
  -3.02947304e-02 -6.33960703e-03  8.05605818e-02 -8.73421513e-02
   9.10432837e-02  5.61993208e-02 -6.88574765e-02  8.35345936e-02
  -7.56162500e-02 -4.57589853e-02 -1.90087348e-02  3.33693221e-02
  -3.41518356e-02  4.67043504e-02  4.94285134e-02  9.73467836e-02
   4.10943125e-03  7.24004979e-02 -7.37412716e-02  6.39705254e-02
  -5.52502558e-02 -3.49600710e-02  2.58478674e-02 -1.24692076e-03
   7.74231701e-02  7.45723768e-02  2.86300811e-02  7.45483898e-02
   5.38340973e-02 -7.38478427e-02  7.03566031e-02  4.49624903e-02
  -4.29776901e-02  4.15869040e-02  9.00722329e-03  3.33265677e-02
  -2.23684961e-02 -9.07637957e-02  9.81002232e-02  1.30791450e-02
  -2.19305507e-02 -1.03754159e-01  2.44314959e-02  4.75256160e-02
   6.36160895e-04  7.84001947e-02  6.44358169e-02 -1.86863579e-02
   2.46197746e-02  4.98127693e-02 -4.53519584e-02 -8.20732049e-02
   5.89777320e-02  3.09320365e-02  9.28194064e-02  5.48216299e-02
   4.39229661e-02 -6.06648118e-02  7.63096331e-02  3.62924987e-03
  -8.15344491e-02 -2.09208778e-02 -1.23137798e-03  3.78917093e-02
   5.43094691e-02  9.55473860e-02  2.96542181e-02  2.35318169e-02
   4.18883848e-02  4.02553709e-02  1.93902821e-02 -8.32908883e-02
   5.47855980e-02  5.73441963e-03  8.12989613e-02 -8.08990991e-02
   7.78613584e-03  1.94510538e-02 -3.13364816e-02 -2.18176081e-02
  -5.47135214e-02 -7.97511439e-02  7.88645606e-02  1.44275682e-02
  -9.49564197e-02 -4.74389300e-02 -2.35144229e-02 -9.25518457e-02
  -9.11790845e-02  3.57248937e-02 -3.56814079e-02 -6.60500967e-02
  -6.81955762e-02  5.70208003e-02]
 [ 9.67157736e-02  1.10259487e-01  1.99479060e-02  6.95923269e-02
  -8.83139438e-02  6.73235328e-02 -5.89353664e-02 -6.06323924e-02
   1.01847688e-02  7.43418276e-04 -2.90951499e-02 -3.50785117e-02
  -6.99345608e-02 -8.66904520e-02 -5.74101823e-02 -5.92877925e-02
  -8.30449919e-02  1.01832762e-01 -7.91625884e-02 -2.54639998e-02
  -8.62776655e-02 -6.84984734e-02 -6.08863256e-02  6.48185431e-02
  -8.38639033e-02 -1.09722988e-01  1.09436560e-01 -9.44689715e-02
   5.91720064e-02  1.02823578e-01  1.03462675e-02  2.46679230e-02
   1.17365412e-01  1.29598622e-02 -1.53519260e-02 -9.99746163e-03
   8.77998848e-03  4.79442459e-02  3.84925722e-02  8.92391771e-03
  -7.29815814e-02 -4.32764440e-02 -7.01778326e-02 -1.01723703e-01
   5.47077591e-02 -5.84719420e-02  5.20663683e-02 -1.04097122e-01
  -8.13384652e-02 -6.32016379e-02  2.90280905e-02 -2.32669464e-02
  -3.08720720e-02 -1.65021176e-02 -2.01423457e-02 -5.35772532e-03
   8.21692365e-02 -1.91201384e-02 -3.77086016e-02 -5.47993174e-02
  -2.09456498e-02 -1.61114804e-02 -1.34656005e-02 -6.88970068e-03
   1.81070174e-02  4.57021009e-02  3.17770620e-02  2.43260172e-02
   3.31981025e-02 -6.92085579e-02  8.14226431e-02 -5.64714201e-02
  -4.15650369e-02 -5.44210495e-02  8.29383626e-02  1.00722354e-02
   7.67855387e-02 -5.13850707e-02 -1.03879117e-01  1.00851630e-01
   2.67936202e-02 -1.92093663e-02 -7.75897006e-02  5.03091092e-02
   1.74876288e-02  1.48003007e-02 -7.33152395e-02  1.75210889e-02
  -8.13963286e-02  2.30088425e-02  5.58313295e-02  6.51505660e-03
   1.83701601e-02 -7.50827559e-02  4.53653301e-02  1.03592154e-01
  -1.09734297e-01  9.12449079e-02 -7.06295749e-02  7.58752730e-02
  -1.11303238e-01  9.91404386e-02  1.05564403e-01  3.58360528e-02
   5.20155158e-02 -6.01920527e-02 -5.65537229e-02 -1.76648739e-02
  -9.74752099e-02 -7.90739439e-02 -9.26709174e-02  4.71937017e-02
   2.54721175e-02 -1.73107364e-03  9.79245468e-02 -8.71658747e-03
  -1.10160906e-01  4.54452364e-02  6.36236183e-02 -5.52239134e-02
  -2.76037527e-02 -3.91798155e-02  7.75178686e-02 -2.59395599e-02
   5.39272989e-02  5.81585019e-02 -6.02887535e-02  6.49516800e-02
  -2.90585300e-02 -1.18911821e-02 -8.11963010e-02 -1.03596395e-01
   1.78651008e-02  4.85402075e-02  6.43747808e-02 -1.78443075e-02
   3.18932811e-02 -9.51783067e-02 -2.24795137e-02 -2.16200239e-02
   4.36492803e-02 -8.40346273e-02 -1.78624007e-02 -1.04733963e-01
  -2.18531891e-02  5.96777316e-02 -9.91671838e-02 -1.21320864e-02
  -9.23785441e-02  1.18359500e-01 -9.00433558e-02  7.56644573e-02
  -9.17404630e-02  2.36572260e-02  4.84565499e-02  1.48595644e-02
  -7.70081640e-03 -2.90998567e-02 -1.57320765e-02  7.26096185e-03
  -4.97120857e-02  1.57933810e-02  1.86097050e-02 -2.10112997e-02
  -7.24351851e-02  2.52066420e-02  3.45312382e-03 -8.02586285e-02
  -8.39115458e-02 -1.04947848e-01 -2.48225314e-02 -9.89327685e-02
   1.10158783e-01  5.38126107e-02 -8.16444789e-02  1.03550558e-02
  -3.91706704e-02 -6.40182234e-02 -8.07680577e-02  1.70279472e-02
   7.33248977e-02 -3.14198480e-02  8.88897312e-02 -9.78744563e-02
   3.64771828e-02  4.90848090e-02 -5.74058400e-03  6.85586598e-02
  -1.89902578e-02  6.72242582e-02  5.07072817e-02  9.35772174e-02
  -7.48087560e-02 -6.42410186e-02 -3.90037005e-02 -1.27090979e-02
  -7.06234846e-02  6.61013107e-02 -1.01318892e-01  5.05097886e-02
   7.25150331e-02 -8.13149157e-02 -1.03168939e-01  5.09708820e-02
   2.78268525e-02 -3.80182140e-02 -7.40592147e-03 -7.03494024e-02
   8.33608690e-02  4.02703320e-02  6.88527678e-02  6.95518786e-02
   8.68946025e-02  8.18878543e-02  7.06555934e-02  1.07893519e-01
  -2.22441545e-03 -5.80184322e-02  7.23968594e-02  5.47423847e-02
  -4.23074801e-02  3.83772603e-02  6.71578982e-02  5.06296491e-02
   6.40146258e-02  6.17771286e-02  6.07653616e-04  6.66065496e-02
  -4.37267088e-02 -9.46410977e-02 -2.79020929e-02  3.72092931e-02
   1.66899472e-02 -2.99768831e-02  1.56219702e-02  2.79792281e-02
   5.07065257e-02 -7.35018420e-02 -8.85112623e-02  9.89914083e-02
   5.39862157e-02  1.34973694e-04  9.72458041e-02  1.07426578e-01
  -6.90025984e-02  7.24196894e-02  2.56441229e-02 -3.15372060e-02
  -3.98879985e-02 -9.82412010e-02]]