[[-1.82441884e-01  1.18244190e+00]
 [ 8.98478012e-02  9.10152238e-01]
 [ 6.07862958e-02  9.39213870e-01]
 [ 1.02640670e+00 -2.64067895e-02]
 [ 8.00129702e-01  1.99870241e-01]
 [ 1.26820412e-01  8.73179680e-01]
 [ 1.08353876e+00 -8.35388385e-02]
 [ 1.99671397e-01  8.00328739e-01]
 [-1.41286100e-02  1.01412881e+00]
 [ 4.19427347e-02  9.58057347e-01]
 [ 3.23158089e-01  6.76841980e-01]
 [ 9.61939857e-02  9.03806065e-01]
 [ 7.42131483e-01  2.57868589e-01]
 [ 1.61088840e-01  8.38911218e-01]
 [ 1.43825856e-01  8.56174040e-01]
 [ 1.09593486e+00 -9.59347713e-02]
 [ 9.95882974e-01  4.11692744e-03]
 [-1.56793138e-03  1.00156791e+00]
 [ 7.45281131e-01  2.54718906e-01]
 [ 9.72997376e-02  9.02700303e-01]
 [ 9.29493299e-01  7.05067450e-02]
 [-9.37297765e-02  1.09372963e+00]
 [ 9.35717788e-02  9.06428234e-01]
 [ 1.13115251e+00 -1.31152425e-01]
 [ 1.01919014e+00 -1.91902369e-02]
 [ 9.68408570e-01  3.15914641e-02]
 [ 8.74282881e-01  1.25717062e-01]
 [ 1.07006109e+00 -7.00610956e-02]
 [ 1.01210234e+00 -1.21024386e-02]
 [ 2.62669070e-02  9.73732989e-01]
 [-1.09145923e-01  1.10914592e+00]
 [ 9.65518017e-01  3.44818897e-02]
 [ 3.33784749e-01  6.66215310e-01]
 [-1.08034504e-01  1.10803459e+00]
 [ 9.63432093e-01  3.65679329e-02]
 [ 7.10948581e-01  2.89051460e-01]
 [ 9.77307070e-01  2.26927939e-02]
 [ 8.13950008e-01  1.86049949e-01]
 [ 8.78134244e-01  1.21865830e-01]
 [ 5.69737964e-03  9.94302586e-01]
 [-7.75704798e-02  1.07757039e+00]
 [ 2.55328919e-02  9.74467090e-01]
 [ 5.57472836e-01  4.42527111e-01]
 [ 1.09140039e+00 -9.14005003e-02]
 [ 1.01852256e+00 -1.85226750e-02]
 [ 9.52976382e-01  4.70235830e-02]
 [ 9.72470871e-01  2.75292225e-02]
 [ 9.27491547e-01  7.25084649e-02]
 [ 9.39907341e-01  6.00926581e-02]
 [ 9.77028980e-01  2.29710461e-02]
 [ 9.27121238e-01  7.28789037e-02]
 [ 6.00686377e-01  3.99313758e-01]
 [-2.11269672e-01  1.21126966e+00]
 [ 6.98084142e-02  9.30191626e-01]
 [ 6.27846480e-01  3.72153430e-01]
 [ 1.38773113e-02  9.86122718e-01]
 [ 1.20128441e+00 -2.01284270e-01]
 [ 1.76776683e-01  8.23223367e-01]
 [ 7.70880857e-01  2.29119159e-01]
 [-9.31792356e-02  1.09317929e+00]
 [ 3.25462420e-02  9.67453865e-01]
 [-2.31136938e-01  1.23113706e+00]
 [ 8.58878723e-01  1.41121268e-01]
 [ 3.88721743e-01  6.11278331e-01]
 [ 3.77683666e-01  6.22316274e-01]
 [-1.69570071e-01  1.16957000e+00]
 [ 9.12109555e-01  8.78905057e-02]
 [ 1.61606119e-01  8.38393878e-01]
 [ 2.01882696e-01  7.98117310e-01]
 [ 2.57310096e-01  7.42689809e-01]
 [ 8.06768990e-01  1.93230952e-01]
 [ 1.08514662e+00 -8.51466292e-02]
 [ 8.79732184e-01  1.20267872e-01]
 [ 1.82815533e-01  8.17184463e-01]
 [-6.90151264e-03  1.00690141e+00]
 [-1.29787609e-01  1.12978766e+00]
 [ 4.21466203e-01  5.78533783e-01]
 [ 8.86713720e-01  1.13286222e-01]
 [-5.97037013e-02  1.05970369e+00]
 [-5.83126312e-02  1.05831272e+00]
 [ 3.35441688e-02  9.66455846e-01]
 [ 9.87026391e-02  9.01297394e-01]
 [ 1.08478225e+00 -8.47821760e-02]
 [ 7.42345017e-01  2.57655059e-01]
 [ 8.40175926e-01  1.59823918e-01]
 [ 8.09049418e-01  1.90950492e-01]
 [ 8.66688000e-01  1.33312034e-01]
 [ 1.09021429e+00 -9.02142563e-02]
 [ 2.95271510e-01  7.04728730e-01]
 [ 1.08807120e+00 -8.80710302e-02]
 [ 1.00289963e+00 -2.89964575e-03]
 [ 9.09566693e-01  9.04334587e-02]
 [ 8.38351175e-01  1.61648775e-01]
 [-3.17576042e-02  1.03175763e+00]
 [ 8.89140576e-01  1.10859477e-01]
 [ 6.05813707e-01  3.94186324e-01]
 [-1.53688644e-01  1.15368848e+00]
 [ 1.04249500e+00 -4.24949667e-02]
 [-2.72109468e-02  1.02721093e+00]
 [ 1.03759293e+00 -3.75928766e-02]
 [ 3.70265313e-01  6.29734638e-01]
 [ 5.46696043e-02  9.45330425e-01]
 [ 2.16597825e-01  7.83402304e-01]
 [-5.40542110e-03  1.00540538e+00]
 [ 2.23764706e-01  7.76235114e-01]
 [ 9.17577186e-01  8.24226907e-02]
 [ 1.94677487e-02  9.80532179e-01]
 [ 4.22844227e-02  9.57715714e-01]
 [-3.98454678e-03  1.00398454e+00]
 [ 3.42055879e-01  6.57944080e-01]
 [ 3.53106328e-01  6.46893597e-01]
 [ 2.48942682e-02  9.75105833e-01]
 [ 1.67060639e-01  8.32939468e-01]
 [ 1.00284389e+00 -2.84383419e-03]
 [ 9.87980187e-01  1.20199387e-02]
 [ 8.90790754e-01  1.09209280e-01]
 [ 7.25846875e-02  9.27415245e-01]
 [ 9.48286852e-01  5.17131247e-02]
 [ 9.69607451e-01  3.03924500e-02]
 [-2.34127659e-02  1.02341280e+00]
 [ 2.86013951e-01  7.13986167e-01]
 [-1.29225211e-02  1.01292256e+00]
 [-1.60089421e-02  1.01600898e+00]
 [-1.05896607e-01  1.10589650e+00]
 [ 1.66008970e-01  8.33991190e-01]
 [ 8.98906071e-01  1.01093951e-01]
 [ 8.47577377e-01  1.52422636e-01]
 [ 1.03130591e+00 -3.13059107e-02]
 [-2.92410516e-01  1.29241031e+00]
 [ 9.52165818e-01  4.78340251e-02]
 [ 9.62341963e-01  3.76580606e-02]
 [ 6.71718390e-02  9.32828193e-01]
 [ 4.53292972e-01  5.46707322e-01]
 [ 2.33845116e-01  7.66154827e-01]
 [ 6.98167068e-03  9.93018369e-01]
 [ 2.36437652e-01  7.63562432e-01]
 [ 9.84182396e-01  1.58175373e-02]
 [ 8.48715961e-01  1.51283956e-01]
 [ 6.57594959e-01  3.42405251e-01]
 [ 9.87057637e-01  1.29422740e-02]
 [ 4.80609140e-02  9.51939142e-01]
 [ 1.60240867e-01  8.39759121e-01]
 [ 9.29136552e-02  9.07086219e-01]
 [ 8.55429773e-01  1.44570240e-01]
 [-9.49728728e-02  1.09497300e+00]
 [ 8.70988561e-01  1.29011187e-01]
 [ 1.05383188e+00 -5.38318210e-02]
 [-2.06964583e-01  1.20696455e+00]
 [ 2.75703470e-01  7.24296654e-01]
 [ 1.10871679e+00 -1.08716618e-01]
 [ 8.91623019e-01  1.08377060e-01]
 [ 6.25372021e-01  3.74628006e-01]
 [ 2.06310964e-01  7.93689086e-01]
 [ 8.59712913e-01  1.40287142e-01]
 [ 7.99898034e-01  2.00101895e-01]
 [ 1.23581426e+00 -2.35814192e-01]
 [ 7.40246186e-01  2.59753853e-01]
 [ 2.16473151e-01  7.83526787e-01]
 [ 1.87260583e-01  8.12739257e-01]
 [ 1.49670204e-01  8.50329821e-01]
 [ 1.22487718e+00 -2.24877141e-01]
 [ 9.74628310e-01  2.53715957e-02]
 [-2.22931105e-01  1.22293123e+00]
 [ 8.28841197e-01  1.71158980e-01]
 [ 1.08054993e-01  8.91944984e-01]
 [ 9.06158695e-01  9.38412119e-02]
 [ 9.53414394e-01  4.65856004e-02]
 [ 1.13804433e+00 -1.38044385e-01]
 [ 2.37940908e-02  9.76205930e-01]
 [ 9.47057142e-01  5.29428012e-02]
 [ 9.84495721e-01  1.55043462e-02]
 [ 8.01374474e-01  1.98625441e-01]
 [ 7.67062252e-01  2.32937626e-01]
 [ 9.89993580e-01  1.00064588e-02]
 [ 9.95521309e-01  4.47887267e-03]
 [ 9.85952798e-01  1.40471438e-02]
 [ 1.25312631e+00 -2.53126275e-01]
 [ 8.58256915e-01  1.41743058e-01]
 [-5.83982248e-03  1.00583978e+00]
 [ 4.56022141e-01  5.43977750e-01]
 [ 8.04923474e-01  1.95076538e-01]
 [ 1.07921381e+00 -7.92138096e-02]
 [ 2.35632847e-02  9.76436755e-01]
 [ 6.95172330e-01  3.04827691e-01]
 [ 1.08954041e+00 -8.95404484e-02]
 [ 7.98462482e-01  2.01537537e-01]
 [-1.32573460e-02  1.01325741e+00]
 [-1.62454407e-01  1.16245437e+00]
 [ 1.03638240e+00 -3.63824692e-02]
 [ 1.00145271e+00 -1.45279037e-03]
 [ 9.04345259e-01  9.56546848e-02]
 [ 9.44520271e-01  5.54797088e-02]
 [ 9.44494192e-01  5.55057823e-02]
 [ 8.62622973e-01  1.37377245e-01]
 [ 9.67772966e-01  3.22270843e-02]
 [ 6.08512598e-02  9.39148716e-01]
 [ 1.85160886e-01  8.14839113e-01]
 [-5.77853235e-02  1.05778512e+00]
 [ 9.05926718e-01  9.40732006e-02]
 [ 9.43912677e-01  5.60873816e-02]
 [ 3.83181486e-01  6.16818499e-01]
 [-3.59967440e-02  1.03599671e+00]
 [ 8.51656005e-01  1.48343891e-01]
 [ 5.94258410e-01  4.05741734e-01]
 [ 1.47731983e-02  9.85226705e-01]
 [ 1.27580271e-01  8.72419855e-01]
 [ 1.02763134e-01  8.97236838e-01]
 [-6.53250406e-02  1.06532509e+00]
 [ 9.73410796e-01  2.65892366e-02]
 [ 1.00397951e+00 -3.97948238e-03]
 [ 8.53442412e-01  1.46557718e-01]
 [ 1.59362707e-01  8.40637220e-01]
 [ 1.65947214e-01  8.34052821e-01]
 [ 1.34510786e-01  8.65489285e-01]
 [ 8.39777697e-01  1.60222337e-01]
 [ 1.01977678e+00 -1.97768520e-02]
 [-8.64360381e-02  1.08643602e+00]
 [ 8.60788794e-01  1.39211219e-01]
 [ 1.12768848e+00 -1.27688573e-01]
 [ 1.50730585e-01  8.49269429e-01]
 [ 9.21206208e-01  7.87937425e-02]
 [ 1.04216893e+00 -4.21688148e-02]
 [ 1.25060440e-01  8.74939670e-01]
 [ 9.54843237e-01  4.51568581e-02]
 [ 2.90951898e-01  7.09048346e-01]
 [ 1.36364809e-01  8.63635182e-01]
 [ 1.00249682e+00 -2.49659686e-03]
 [ 9.81202547e-01  1.87974062e-02]
 [ 8.70731068e-02  9.12926950e-01]
 [ 3.53472849e-01  6.46527255e-01]
 [ 5.97885442e-02  9.40211328e-01]
 [ 9.77744048e-01  2.22559030e-02]
 [ 8.26963291e-01  1.73036723e-01]
 [-4.81189734e-03  1.00481184e+00]
 [ 7.91610253e-01  2.08389586e-01]
 [ 1.16777054e+00 -1.67770525e-01]
 [ 1.96291863e-01  8.03708264e-01]
 [ 1.66533583e-01  8.33466503e-01]
 [ 1.09529274e-01  8.90470821e-01]
 [ 1.07098178e+00 -7.09817591e-02]
 [ 9.73590960e-01  2.64090388e-02]
 [ 1.10427794e+00 -1.04277987e-01]
 [ 1.09232152e+00 -9.23214711e-02]
 [ 1.00827413e+00 -8.27391589e-03]
 [ 7.68613949e-01  2.31386104e-01]
 [ 1.02071672e+00 -2.07167784e-02]
 [ 8.30486382e-01  1.69513700e-01]
 [ 4.34728390e-01  5.65271712e-01]
 [ 1.08817967e+00 -8.81797433e-02]
 [ 9.93239077e-01  6.76083288e-03]
 [ 1.71746972e-01  8.28253087e-01]
 [ 1.13645609e+00 -1.36456050e-01]
 [ 8.28211049e-01  1.71788943e-01]
 [ 9.75521704e-01  2.44783312e-02]
 [ 2.98066718e-02  9.70193285e-01]
 [-2.52275108e-02  1.02522748e+00]
 [-1.04073785e-01  1.10407374e+00]
 [ 8.69767612e-01  1.30232434e-01]
 [ 1.66269020e-01  8.33730867e-01]
 [ 9.30535529e-01  6.94644771e-02]
 [ 1.10210302e-01  8.89789741e-01]
 [ 8.55706922e-01  1.44293081e-01]
 [ 9.31357836e-02  9.06864286e-01]
 [ 1.06847937e+00 -6.84793595e-02]
 [ 8.85131412e-02  9.11486927e-01]
 [ 8.65373967e-01  1.34625977e-01]
 [ 8.98025723e-01  1.01974163e-01]
 [-1.30298484e-02  1.01302981e+00]
 [ 1.24913836e+00 -2.49138212e-01]
 [ 8.62546294e-01  1.37453716e-01]
 [ 7.77905957e-01  2.22094044e-01]
 [ 9.57837664e-02  9.04216305e-01]
 [ 6.08123217e-01  3.91876637e-01]
 [ 1.01508539e+00 -1.50853445e-02]
 [ 1.72093212e-01  8.27906814e-01]
 [ 1.99857979e-01  8.00142209e-01]
 [ 1.93406637e-02  9.80659246e-01]
 [ 9.40572472e-01  5.94275225e-02]
 [-9.09810668e-02  1.09098109e+00]
 [ 1.51825820e-01  8.48174114e-01]
 [ 4.50530724e-01  5.49469226e-01]
 [ 7.68242718e-01  2.31757208e-01]
 [ 1.96395535e-02  9.80360425e-01]
 [ 1.00352695e+00 -3.52699434e-03]
 [ 8.26378532e-02  9.17362134e-01]
 [-4.54562291e-02  1.04545614e+00]
 [-2.75814333e-01  1.27581424e+00]
 [-1.68511461e-01  1.16851148e+00]
 [-1.14249164e-01  1.11424911e+00]
 [ 8.29726252e-01  1.70273634e-01]
 [-2.35008660e-02  1.02350096e+00]
 [ 8.94368703e-02  9.10563149e-01]
 [-6.78022039e-02  1.06780201e+00]
 [ 9.80280295e-01  1.97196386e-02]
 [-4.51517111e-02  1.04515184e+00]
 [ 1.28692705e-01  8.71307269e-01]
 [ 9.81266867e-01  1.87331458e-02]
 [ 7.04768495e-01  2.95231546e-01]
 [-6.54150979e-02  1.06541517e+00]
 [ 5.20064051e-01  4.79935887e-01]
 [ 9.43233056e-01  5.67667412e-02]
 [ 7.20751808e-01  2.79248207e-01]
 [ 1.12385341e+00 -1.23853480e-01]
 [ 1.05325961e+00 -5.32596482e-02]
 [ 1.15059528e+00 -1.50595208e-01]
 [ 5.53737117e-02  9.44626367e-01]
 [-9.27236346e-02  1.09272375e+00]
 [-1.18279637e-02  1.01182789e+00]
 [-9.09361409e-03  1.00909368e+00]
 [ 5.19786792e-02  9.48021296e-01]
 [ 1.03350591e+00 -3.35059520e-02]
 [ 3.21975826e-01  6.78024203e-01]
 [ 1.24845340e-01  8.75154722e-01]
 [ 1.03553594e+00 -3.55358960e-02]
 [ 5.54922233e-03  9.94450853e-01]
 [ 5.33876351e-02  9.46612251e-01]
 [ 3.62967965e-02  9.63703200e-01]
 [-7.60006990e-02  1.07600080e+00]
 [ 7.60923024e-01  2.39076916e-01]
 [-3.65644241e-02  1.03656447e+00]
 [ 6.47919749e-01  3.52080240e-01]
 [-1.22337669e-01  1.12233758e+00]
 [ 8.68065765e-01  1.31934246e-01]
 [ 8.97205599e-01  1.02794364e-01]
 [ 9.16262446e-01  8.37376548e-02]
 [ 1.00189856e+00 -1.89848768e-03]
 [ 8.98730619e-01  1.01269456e-01]
 [ 9.91973919e-01  8.02606867e-03]
 [ 1.10578744e+00 -1.05787493e-01]
 [ 9.58686352e-01  4.13135428e-02]
 [ 8.49175538e-01  1.50824295e-01]
 [ 1.20403672e+00 -2.04036783e-01]
 [ 9.66913616e-01  3.30864938e-02]
 [-1.72738054e-01  1.17273797e+00]
 [ 1.17340382e+00 -1.73403828e-01]
 [ 1.12625193e+00 -1.26251958e-01]
 [-1.97435225e-01  1.19743536e+00]
 [ 5.85872450e-01  4.14127563e-01]
 [ 1.37932200e-01  8.62067668e-01]
 [-1.00356302e-01  1.10035627e+00]
 [ 1.87211702e-01  8.12788299e-01]
 [ 8.74113019e-01  1.25886884e-01]
 [-7.61441276e-02  1.07614420e+00]
 [ 1.00686590e+00 -6.86584835e-03]
 [-1.68908713e-01  1.16890856e+00]
 [ 1.63918007e-01  8.36082213e-01]
 [ 8.85304026e-01  1.14695966e-01]
 [-1.80457002e-02  1.01804563e+00]
 [ 1.07866658e+00 -7.86665432e-02]
 [ 4.93426235e-02  9.50657461e-01]
 [ 1.07251048e+00 -7.25102780e-02]
 [ 1.09761622e+00 -9.76160770e-02]
 [ 1.00473970e+00 -4.73975224e-03]
 [ 3.34010201e-02  9.66598880e-01]
 [-1.07812945e-01  1.10781299e+00]
 [ 8.35303721e-01  1.64696378e-01]
 [ 1.11257990e+00 -1.12579961e-01]
 [ 9.28899732e-01  7.11001268e-02]
 [ 1.02892253e-01  8.97107854e-01]
 [-1.94934720e-03  1.00194937e+00]
 [ 6.02387358e-01  3.97612618e-01]
 [ 3.56370910e-01  6.43629023e-01]
 [ 9.41692492e-01  5.83074838e-02]
 [ 7.93224959e-01  2.06774768e-01]
 [ 1.15784907e+00 -1.57849054e-01]
 [ 1.09215781e+00 -9.21577750e-02]
 [ 1.11798850e-01  8.88201070e-01]
 [-1.34887843e-01  1.13488779e+00]
 [ 6.44163875e-01  3.55836131e-01]
 [ 1.07711967e+00 -7.71197344e-02]
 [ 4.40560129e-01  5.59439935e-01]
 [ 2.80295373e-02  9.71970498e-01]
 [ 9.84256958e-01  1.57430983e-02]
 [ 6.39351984e-01  3.60648021e-01]
 [ 8.94415094e-01  1.05584888e-01]
 [ 4.46317606e-02  9.55368009e-01]
 [ 5.02923988e-02  9.49707719e-01]
 [ 7.77775022e-01  2.22225102e-01]
 [-1.38369383e-01  1.13836958e+00]
 [-9.26204049e-02  1.09262034e+00]
 [ 1.05358333e+00 -5.35831831e-02]
 [ 7.92290594e-01  2.07709316e-01]
 [ 5.50684963e-03  9.94493147e-01]
 [ 4.96772557e-01  5.03227531e-01]
 [ 1.08875720e+00 -8.87573118e-02]
 [ 8.37297877e-01  1.62702100e-01]
 [ 9.02127422e-01  9.78725646e-02]
 [-1.08945271e-01  1.10894522e+00]
 [ 1.01195698e+00 -1.19569720e-02]
 [ 1.01993647e+00 -1.99365887e-02]
 [ 5.22457731e-01  4.77542209e-01]
 [-1.34504548e-01  1.13450439e+00]
 [ 1.88434494e-01  8.11565553e-01]
 [ 9.58738517e-01  4.12614498e-02]
 [ 9.77108220e-01  2.28917542e-02]
 [ 9.89590979e-01  1.04089948e-02]
 [-6.23198945e-02  1.06231975e+00]
 [ 1.09325870e-01  8.90674389e-01]
 [ 9.77068929e-02  9.02293219e-01]
 [ 9.83619517e-01  1.63805771e-02]
 [ 9.37796840e-01  6.22031782e-02]
 [ 1.02985903e+00 -2.98590536e-02]
 [ 8.27178534e-01  1.72821401e-01]
 [ 9.31803733e-02  9.06819661e-01]
 [ 8.65424823e-01  1.34575097e-01]
 [-1.77632323e-02  1.01776318e+00]
 [-2.11020979e-02  1.02110208e+00]
 [ 1.43415278e-01  8.56584740e-01]
 [ 8.05288161e-01  1.94711987e-01]
 [-9.62114811e-02  1.09621143e+00]
 [ 6.70552967e-01  3.29447093e-01]
 [ 1.09556424e-01  8.90443526e-01]
 [-1.63695590e-01  1.16369562e+00]
 [ 7.61690320e-02  9.23830972e-01]
 [ 1.09630292e+00 -9.63028472e-02]
 [ 1.05726118e+00 -5.72611457e-02]
 [ 1.13465914e+00 -1.34658929e-01]
 [ 3.91418318e-01  6.08581575e-01]
 [ 1.02158611e+00 -2.15862613e-02]
 [ 6.81702713e-02  9.31829549e-01]
 [ 1.10675129e+00 -1.06751180e-01]
 [ 1.10861978e+00 -1.08619662e-01]
 [ 9.97180900e-01  2.81925632e-03]
 [ 8.82535060e-01  1.17464946e-01]
 [ 3.83618396e-01  6.16381740e-01]
 [ 1.05826371e+00 -5.82635713e-02]
 [ 1.05586050e+00 -5.58605021e-02]
 [ 9.61740473e-01  3.82595638e-02]
 [ 1.05470172e+00 -5.47016989e-02]
 [ 9.49751278e-01  5.02487709e-02]
 [-2.55505693e-01  1.25550559e+00]
 [-3.81238959e-02  1.03812386e+00]
 [ 9.25185950e-01  7.48141983e-02]
 [ 1.04880573e+00 -4.88056697e-02]
 [ 6.29866367e-02  9.37013341e-01]
 [ 2.47125901e-02  9.75287310e-01]
 [ 9.53999865e-01  4.60001553e-02]
 [-4.20596185e-02  1.04205951e+00]
 [ 9.56922081e-01  4.30778994e-02]
 [ 7.84846877e-01  2.15153194e-01]
 [-1.81173442e-02  1.01811731e+00]
 [ 5.26880992e-01  4.73119009e-01]
 [ 9.95935489e-01  4.06434100e-03]
 [ 8.49497379e-01  1.50502620e-01]
 [ 1.08862134e+00 -8.86213356e-02]
 [ 1.80292541e-01  8.19707322e-01]
 [ 9.60040998e-01  3.99589949e-02]
 [ 9.17361798e-01  8.26381143e-02]
 [ 2.11579983e-01  7.88420018e-01]
 [ 7.01920599e-01  2.98079384e-01]
 [ 2.10761646e-01  7.89238376e-01]
 [-9.39995664e-02  1.09399946e+00]
 [ 8.71593397e-01  1.28406397e-01]
 [ 9.04880619e-01  9.51193874e-02]
 [ 8.51038852e-01  1.48961119e-01]
 [ 2.26706085e-03  9.97732920e-01]
 [ 1.24576357e-01  8.75423545e-01]
 [ 1.02785838e+00 -2.78585070e-02]
 [ 6.74644150e-01  3.25355806e-01]
 [ 3.62269387e-01  6.37730662e-01]
 [ 1.29597774e+00 -2.95977699e-01]
 [ 8.22532332e-01  1.77467718e-01]
 [-5.49016025e-02  1.05490163e+00]
 [ 1.42649915e-01  8.57350179e-01]
 [ 1.48349784e-02  9.85165085e-01]
 [ 2.12444299e-02  9.78755467e-01]
 [ 9.31524658e-01  6.84753170e-02]
 [ 1.14554850e+00 -1.45548359e-01]
 [ 1.03993284e+00 -3.99329928e-02]
 [ 1.32257383e-01  8.67742730e-01]
 [ 8.65007860e-01  1.34991979e-01]
 [ 8.97760774e-01  1.02239039e-01]
 [ 2.23226863e-01  7.76773140e-01]
 [ 1.14998276e+00 -1.49982747e-01]
 [ 7.99484244e-03  9.92005217e-01]
 [ 8.65396070e-01  1.34603865e-01]
 [ 1.13331292e-01  8.86668919e-01]
 [ 9.13016133e-01  8.69838982e-02]
 [ 9.56379938e-01  4.36199466e-02]
 [ 7.38892875e-01  2.61107127e-01]
 [ 8.39004710e-01  1.60995277e-01]
 [ 1.18755299e+00 -1.87552999e-01]
 [ 3.02049719e-01  6.97950352e-01]
 [ 1.12829419e-01  8.87170436e-01]
 [ 1.51487022e-01  8.48512823e-01]
 [ 3.67917945e-01  6.32082079e-01]
 [ 1.05502054e+00 -5.50205611e-02]
 [ 1.04482937e+00 -4.48293275e-02]
 [-7.23285844e-04  1.00072322e+00]
 [ 2.78484571e-01  7.21515365e-01]
 [-1.23463243e-01  1.12346312e+00]
 [ 6.29621517e-01  3.70378359e-01]
 [ 1.71136314e-01  8.28863751e-01]
 [-1.91148584e-02  1.01911491e+00]
 [ 2.06832058e-01  7.93167880e-01]
 [ 1.00216136e+00 -2.16140122e-03]
 [ 1.92444522e-01  8.07555407e-01]
 [ 1.05223502e+00 -5.22349815e-02]
 [ 9.76009989e-01  2.39900417e-02]
 [ 9.88712458e-01  1.12874883e-02]
 [ 1.04413885e+00 -4.41388713e-02]
 [ 2.79401736e-01  7.20598231e-01]
 [ 1.91224467e-01  8.08775490e-01]
 [-7.74636304e-02  1.07746348e+00]
 [ 3.51395623e-01  6.48604447e-01]
 [ 1.07178589e+00 -7.17858990e-02]
 [ 1.05177689e-01  8.94822315e-01]
 [ 1.20673153e+00 -2.06731539e-01]
 [ 4.92893282e-01  5.07106498e-01]
 [ 5.50785739e-02  9.44921528e-01]
 [-5.74688669e-02  1.05746876e+00]
 [-6.20981961e-02  1.06209814e+00]
 [ 5.79998511e-02  9.42000120e-01]
 [ 8.35740818e-02  9.16426015e-01]
 [ 8.43080740e-01  1.56919212e-01]
 [ 1.15174089e+00 -1.51741056e-01]
 [ 1.04635289e-01  8.95364660e-01]
 [ 1.33548650e-01  8.66451444e-01]
 [ 1.04590563e+00 -4.59055672e-02]
 [ 8.05472408e-01  1.94527581e-01]
 [ 1.16050394e+00 -1.60503897e-01]
 [ 7.68916861e-01  2.31083036e-01]
 [ 9.53243896e-01  4.67560560e-02]
 [ 7.80740157e-01  2.19259711e-01]
 [ 8.81913629e-01  1.18086564e-01]
 [ 2.30657794e-01  7.69342257e-01]
 [ 1.07758143e+00 -7.75814090e-02]
 [ 3.14958205e-01  6.85041768e-01]
 [ 8.42891694e-02  9.15710767e-01]
 [ 9.06154211e-01  9.38458192e-02]
 [ 2.04280328e-01  7.95719652e-01]
 [ 9.81420201e-01  1.85797600e-02]
 [ 1.69399747e-02  9.83060022e-01]
 [ 1.93050273e-01  8.06949530e-01]
 [ 9.37424099e-01  6.25758886e-02]
 [ 8.87249640e-01  1.12750342e-01]
 [ 1.04712954e+00 -4.71295137e-02]
 [ 1.15585854e+00 -1.55858641e-01]
 [ 1.11841845e+00 -1.18418548e-01]
 [ 1.05475299e+00 -5.47531345e-02]
 [ 9.77100062e-01  2.28999599e-02]
 [ 5.81103756e-01  4.18896160e-01]
 [ 8.61059698e-01  1.38940464e-01]
 [ 2.16225198e-01  7.83774894e-01]
 [-5.85706634e-02  1.05857073e+00]
 [-5.59238928e-02  1.05592379e+00]
 [ 1.13641485e+00 -1.36414706e-01]
 [ 8.21727236e-01  1.78272864e-01]
 [ 8.14379779e-01  1.85620258e-01]
 [ 8.67052944e-01  1.32946961e-01]
 [ 3.78803983e-02  9.62119396e-01]
 [ 9.36595500e-01  6.34046421e-02]
 [ 1.06487083e+00 -6.48708229e-02]
 [ 5.19602789e-01  4.80397240e-01]
 [ 8.53186318e-01  1.46813739e-01]
 [ 5.48032809e-02  9.45196709e-01]
 [ 9.58430488e-01  4.15695886e-02]
 [ 8.67072271e-01  1.32927752e-01]
 [ 1.07880286e+00 -7.88028561e-02]
 [ 7.42933861e-01  2.57066100e-01]
 [ 9.29414365e-01  7.05855003e-02]
 [ 6.69913004e-02  9.33008826e-01]
 [ 6.83958405e-02  9.31604127e-01]
 [ 1.06790710e+00 -6.79071770e-02]
 [ 8.53608267e-01  1.46391791e-01]
 [ 1.01594149e+00 -1.59415763e-02]
 [ 9.39652990e-01  6.03469598e-02]
 [ 1.01227762e+00 -1.22777779e-02]
 [ 8.73654692e-01  1.26345248e-01]
 [ 9.45028082e-01  5.49719252e-02]
 [ 9.06858784e-01  9.31411909e-02]
 [ 1.98190556e-02  9.80181104e-01]
 [ 1.99231303e-01  8.00768747e-01]
 [-3.62461230e-02  1.03624626e+00]
 [ 8.57439735e-01  1.42560374e-01]
 [ 9.03431146e-01  9.65687317e-02]
 [ 1.21018452e+00 -2.10184550e-01]
 [ 1.00576539e+00 -5.76543580e-03]
 [ 9.19132565e-01  8.08673772e-02]
 [-5.73847236e-02  1.05738469e+00]
 [ 9.45037646e-01  5.49624538e-02]
 [ 4.58045162e-02  9.54195432e-01]
 [-2.40278980e-02  1.02402798e+00]
 [ 2.45031579e-02  9.75496713e-01]
 [-1.56876065e-02  1.01568748e+00]
 [ 8.19570689e-01  1.80429404e-01]
 [ 1.03080671e-01  8.96919352e-01]
 [ 1.08045476e+00 -8.04547980e-02]
 [-1.84884526e-02  1.01848838e+00]
 [ 9.50776216e-01  4.92237968e-02]
 [ 5.44175246e-01  4.55824761e-01]
 [ 3.22460214e-02  9.67754011e-01]
 [ 9.97434900e-01  2.56519314e-03]
 [ 2.53127716e-02  9.74687275e-01]
 [ 1.92050739e-01  8.07949316e-01]
 [ 9.91166053e-01  8.83390343e-03]
 [ 1.16717890e-01  8.83282106e-01]
 [ 6.38090513e-01  3.61909342e-01]
 [ 1.40079115e-01  8.59920762e-01]
 [ 9.08320662e-01  9.16794637e-02]
 [ 9.20821008e-01  7.91790182e-02]
 [ 1.01492193e+00 -1.49220564e-02]
 [ 6.70248268e-01  3.29751710e-01]
 [-2.39618407e-01  1.23961854e+00]
 [ 1.04389051e+00 -4.38904448e-02]
 [ 4.88213240e-02  9.51178702e-01]
 [ 9.34900117e-01  6.50999539e-02]
 [ 8.86671732e-01  1.13328427e-01]
 [ 7.98064654e-01  2.01935307e-01]
 [ 7.72759533e-01  2.27240420e-01]
 [ 1.00663953e-01  8.99336010e-01]
 [ 4.67805426e-02  9.53219544e-01]
 [ 5.27436981e-01  4.72562953e-01]
 [ 5.61809319e-01  4.38190670e-01]
 [ 7.64672812e-01  2.35327280e-01]
 [ 1.36097382e-01  8.63902679e-01]
 [ 3.91285748e-01  6.08714167e-01]
 [-5.01991274e-02  1.05019930e+00]
 [ 9.63524673e-01  3.64753383e-02]
 [ 9.19222483e-01  8.07773459e-02]]