[[ 2.12948478e+04 -2.12948410e+04]
 [ 2.42541909e+03 -2.42537788e+03]
 [ 2.16453973e+03 -2.16452257e+03]
 [-3.72471549e+04  3.72471929e+04]
 [ 4.11348538e+04 -4.11347586e+04]
 [ 5.20867632e+04 -5.20867948e+04]
 [ 9.42256985e+03 -9.42247985e+03]
 [ 3.12488149e+04 -3.12488001e+04]
 [ 2.59318941e+04 -2.59318961e+04]
 [ 1.51532168e+03 -1.51531843e+03]
 [ 7.34930256e+04 -7.34929383e+04]
 [-1.33847265e+04  1.33846874e+04]
 [ 9.30606753e+03 -9.30605111e+03]
 [ 1.19505081e+04 -1.19504891e+04]
 [-2.67467735e+04  2.67467513e+04]
 [-3.61707522e+04  3.61707644e+04]
 [-1.11528313e+05  1.11528335e+05]
 [ 7.68760522e+04 -7.68760413e+04]
 [ 7.34495992e+03 -7.34493490e+03]
 [-3.82911114e+04  3.82911352e+04]
 [-1.66214620e+04  1.66214541e+04]
 [-7.67707405e+04  7.67707446e+04]
 [ 1.47120933e+04 -1.47120954e+04]
 [ 2.48936189e+03 -2.48934185e+03]
 [ 2.29637850e+04 -2.29637712e+04]
 [-3.33195179e+03  3.33193603e+03]
 [-9.32313634e+03  9.32315827e+03]
 [-1.27581138e+04  1.27581462e+04]
 [ 5.54784726e+03 -5.54784024e+03]
 [ 1.57113713e+04 -1.57113424e+04]
 [-1.31951946e+04  1.31952004e+04]
 [-5.73046721e+03  5.73044753e+03]
 [ 1.65814310e+04 -1.65814250e+04]
 [ 1.05763974e+03 -1.05757293e+03]
 [-5.95644718e+04  5.95645195e+04]
 [ 5.31602900e+03 -5.31599735e+03]
 [ 2.46236892e+04 -2.46236194e+04]
 [-4.96298324e+03  4.96299264e+03]
 [-3.08237267e+04  3.08237255e+04]
 [-6.72643118e+03  6.72641163e+03]
 [-2.53747949e+03  2.53747770e+03]
 [-3.00272351e+04  3.00272336e+04]
 [ 3.25604448e+04 -3.25603942e+04]
 [-4.76525798e+04  4.76525979e+04]
 [-4.25097889e+04  4.25097826e+04]
 [-2.90620570e+03  2.90620252e+03]
 [ 7.52707851e+02 -7.52698752e+02]
 [ 1.59782863e+03 -1.59780577e+03]
 [-1.00662819e+03  1.00661828e+03]
 [ 1.92717919e+04 -1.92717591e+04]
 [-4.85652583e+03  4.85652587e+03]
 [ 1.71972283e+04 -1.71972049e+04]
 [ 1.89273515e+04 -1.89273275e+04]
 [-4.68881895e+03  4.68882374e+03]
 [-1.74309325e+04  1.74309365e+04]
 [ 3.41408990e+04 -3.41409128e+04]
 [ 9.83412520e+03 -9.83412840e+03]
 [ 6.44862620e+03 -6.44862984e+03]
 [ 6.12052780e+04 -6.12052977e+04]
 [ 2.70864668e+04 -2.70864938e+04]
 [-3.08398575e+03  3.08400060e+03]
 [ 4.71375868e+04 -4.71376186e+04]
 [-1.70755897e+04  1.70755694e+04]
 [-5.62544598e+03  5.62550532e+03]
 [-8.59182623e+03  8.59182063e+03]
 [-1.43432017e+04  1.43431906e+04]
 [-2.08979240e+04  2.08979406e+04]
 [-2.28393917e+04  2.28393811e+04]
 [ 3.07524497e+04 -3.07524832e+04]
 [-1.86147332e+04  1.86147517e+04]
 [-3.02971482e+03  3.02966439e+03]
 [-1.46028808e+04  1.46028759e+04]
 [ 3.60526986e+03 -3.60524014e+03]
 [ 7.18389302e+02 -7.18372742e+02]
 [-2.94215285e+04  2.94215158e+04]
 [-2.53533301e+04  2.53533456e+04]
 [-3.09240410e+04  3.09240560e+04]
 [ 4.63469421e+03 -4.63467944e+03]
 [ 5.88940198e+04 -5.88939854e+04]
 [-3.13032753e+03  3.13030324e+03]
 [ 1.17936045e+04 -1.17935848e+04]
 [ 1.59185365e+03 -1.59181293e+03]
 [ 7.87617058e+03 -7.87615162e+03]
 [-2.07053401e+04  2.07053781e+04]
 [-5.87133112e+04  5.87132686e+04]
 [ 5.92961418e+02 -5.92978042e+02]
 [-1.81184524e+04  1.81184365e+04]
 [ 7.63734930e+03 -7.63734239e+03]
 [ 3.06886997e+04 -3.06886713e+04]
 [ 5.77544080e+04 -5.77544853e+04]
 [-2.29346858e+04  2.29346836e+04]
 [ 8.21411028e+03 -8.21409555e+03]
 [-4.04838737e+04  4.04838240e+04]
 [ 3.13394273e+04 -3.13394298e+04]
 [ 2.54489108e+04 -2.54488872e+04]
 [ 7.12261401e+04 -7.12261318e+04]
 [ 2.16878285e+04 -2.16877882e+04]
 [-2.48242897e+04  2.48243473e+04]
 [-3.46533384e+04  3.46533418e+04]
 [-3.61476659e+04  3.61476716e+04]
 [-4.11337231e+03  4.11339032e+03]
 [-4.49853728e+04  4.49854108e+04]
 [ 2.39759226e+04 -2.39759047e+04]
 [-1.11086435e+04  1.11086546e+04]
 [ 2.65587999e+04 -2.65587938e+04]
 [-3.15121617e+04  3.15121926e+04]
 [-2.22980547e+04  2.22980427e+04]
 [ 1.15485989e+04 -1.15486195e+04]
 [ 3.05653736e+04 -3.05653848e+04]
 [ 3.77112461e+03 -3.77118344e+03]
 [ 2.81792432e+04 -2.81792102e+04]
 [-3.02625192e+04  3.02625324e+04]
 [-2.71394595e+04  2.71394483e+04]
 [ 2.59722014e+04 -2.59721806e+04]
 [ 1.05067537e+04 -1.05067351e+04]
 [-1.24745847e+04  1.24746036e+04]
 [-9.02219191e+03  9.02215095e+03]
 [-2.71695643e+03  2.71695924e+03]
 [ 9.56987047e+03 -9.56987254e+03]
 [ 2.80247358e+04 -2.80246980e+04]
 [ 1.90648900e+03 -1.90646506e+03]
 [-2.20703746e+04  2.20703750e+04]
 [-1.72681916e+04  1.72682804e+04]
 [-2.06923749e+04  2.06923277e+04]
 [-2.17798806e+04  2.17798516e+04]
 [-9.67151976e+03  9.67154056e+03]
 [-1.38321186e+04  1.38321471e+04]
 [ 2.07150625e+02 -2.07138488e+02]
 [-1.47869468e+04  1.47869702e+04]
 [ 2.02319827e+04 -2.02319341e+04]
 [-2.60225170e+04  2.60225241e+04]
 [ 2.95662614e+04 -2.95661333e+04]
 [ 2.45091665e+04 -2.45091693e+04]
 [ 6.40747208e+03 -6.40744853e+03]
 [-2.16020458e+04  2.16020363e+04]
 [ 7.04658937e+03 -7.04658389e+03]
 [ 1.50170971e+03 -1.50170718e+03]
 [-5.78597546e+04  5.78598138e+04]
 [ 2.23283000e+04 -2.23283145e+04]
 [ 2.57793536e+04 -2.57793365e+04]
 [ 3.46930812e+04 -3.46930585e+04]
 [-2.32217122e+04  2.32217222e+04]
 [-4.92089006e+03  4.92089497e+03]
 [-2.46075436e+03  2.46076587e+03]
 [ 7.10569893e+03 -7.10562872e+03]
 [ 3.75297098e+04 -3.75297016e+04]
 [-1.73798913e+04  1.73799478e+04]
 [ 2.24385682e+04 -2.24385634e+04]
 [ 1.53629165e+04 -1.53628957e+04]
 [ 4.81318082e+03 -4.81318536e+03]
 [ 1.24196599e+04 -1.24196575e+04]
 [-1.03515440e+04  1.03515256e+04]
 [ 2.18654205e+04 -2.18653918e+04]
 [ 6.76835271e+04 -6.76835083e+04]
 [-1.09799656e+04  1.09799667e+04]
 [ 3.12049132e+04 -3.12049317e+04]
 [ 6.08005531e+03 -6.08006719e+03]
 [ 7.10819004e+01 -7.10919527e+01]
 [-1.50790381e+04  1.50790468e+04]
 [ 3.20751001e+03 -3.20749648e+03]
 [ 3.68065230e+03 -3.68065673e+03]
 [-2.96754414e+04  2.96754639e+04]
 [-1.67786337e+04  1.67786523e+04]
 [ 6.21283696e+03 -6.21283505e+03]
 [ 4.95738404e+03 -4.95740171e+03]
 [ 2.76963590e+04 -2.76963635e+04]
 [-2.86350630e+03  2.86349031e+03]
 [-2.92319472e+04  2.92319397e+04]
 [-1.06037758e+04  1.06038048e+04]
 [ 1.15829065e+04 -1.15829033e+04]
 [-1.28753320e+04  1.28753308e+04]
 [ 7.47578480e+03 -7.47578695e+03]
 [ 1.87364759e+04 -1.87365639e+04]
 [-5.40825068e+03  5.40823110e+03]
 [-6.79123333e+02  6.79126283e+02]
 [-1.85807694e+04  1.85807102e+04]
 [-2.48915539e+04  2.48915448e+04]
 [ 2.12065375e+03 -2.12061393e+03]
 [-9.24137617e+03  9.24137135e+03]
 [-2.38875273e+04  2.38875531e+04]
 [-2.95063943e+03  2.95065273e+03]
 [-2.98250961e+04  2.98250712e+04]
 [ 1.50933148e+03 -1.50933273e+03]
 [ 4.47197964e+04 -4.47197633e+04]
 [ 1.71152722e+04 -1.71152424e+04]
 [ 8.82712672e+03 -8.82710859e+03]
 [ 2.53811034e+04 -2.53810555e+04]
 [ 4.33990183e+04 -4.33989973e+04]
 [ 1.71704904e+04 -1.71705049e+04]
 [-2.67520414e+04  2.67520790e+04]
 [ 1.00282965e+04 -1.00282864e+04]
 [-1.90275487e+04  1.90275150e+04]
 [-5.09061941e+03  5.09060837e+03]
 [ 4.60709578e+04 -4.60709029e+04]
 [ 2.29503578e+04 -2.29503417e+04]
 [-8.67139912e+03  8.67138123e+03]
 [ 2.70429239e+04 -2.70429026e+04]
 [ 5.51990104e+04 -5.51989472e+04]
 [ 6.33965515e+03 -6.33964592e+03]
 [-2.43046157e+04  2.43045753e+04]
 [-2.81931117e+03  2.81935743e+03]
 [-9.28939917e+03  9.28940087e+03]
 [-3.41829385e+03  3.41830685e+03]
 [ 8.39273509e+02 -8.39259704e+02]
 [ 2.92096625e+03 -2.92093773e+03]
 [ 5.52505335e+03 -5.52506490e+03]
 [-5.97178057e+03  5.97178322e+03]
 [-1.35057706e+04  1.35057939e+04]
 [ 1.84712693e+03 -1.84715607e+03]
 [ 9.53603767e+03 -9.53595284e+03]
 [ 1.44191183e+04 -1.44191262e+04]
 [ 1.82747384e+03 -1.82748068e+03]
 [ 4.37129981e+04 -4.37129916e+04]
 [ 6.42454854e+03 -6.42455655e+03]
 [-3.08760182e+04  3.08760057e+04]
 [ 1.39935486e+04 -1.39935403e+04]
 [-1.22469243e+04  1.22469011e+04]
 [-3.62938201e+04  3.62938731e+04]
 [ 3.83204043e+04 -3.83203539e+04]
 [-1.52760068e+04  1.52760431e+04]
 [ 5.22549483e+03 -5.22548368e+03]
 [-1.83506875e+04  1.83506992e+04]
 [ 3.36190153e+02 -3.36199904e+02]
 [ 8.85951950e+03 -8.85948726e+03]
 [-2.71203883e+04  2.71204064e+04]
 [ 1.27539079e+04 -1.27538561e+04]
 [-6.20006853e+04  6.20006701e+04]
 [-7.10745567e+03  7.10744735e+03]
 [-2.71496516e+04  2.71496851e+04]
 [-5.42815626e+03  5.42810564e+03]
 [-5.67069022e+03  5.67068644e+03]
 [ 1.59135675e+03 -1.59139830e+03]
 [-7.67389497e+04  7.67389312e+04]
 [-1.27667992e+04  1.27667732e+04]
 [-6.68311420e+03  6.68312330e+03]
 [-4.10802556e+04  4.10801948e+04]
 [ 4.11382864e+03 -4.11381998e+03]
 [-4.95873686e+03  4.95875877e+03]
 [ 2.43800447e+04 -2.43800793e+04]
 [-6.84541358e+03  6.84541985e+03]
 [-4.20534790e+04  4.20534858e+04]
 [-1.29544407e+04  1.29544690e+04]
 [-2.69654550e+04  2.69653884e+04]
 [-1.01415155e+03  1.01414192e+03]
 [-1.25458267e+03  1.25458547e+03]
 [ 3.87552874e+04 -3.87552709e+04]
 [ 2.39409334e+04 -2.39409175e+04]
 [ 7.33029804e+04 -7.33029892e+04]
 [-7.70089536e+03  7.70088754e+03]
 [-1.49894397e+04  1.49894344e+04]]