[[-1.78323611e+04  1.78323686e+04]
 [-6.74885703e+03  6.74884214e+03]
 [ 2.11474947e+04 -2.11474931e+04]
 [-1.39665256e+03  1.39667317e+03]
 [ 7.58635110e+02 -7.58628998e+02]
 [-6.32926098e+03  6.32929942e+03]
 [ 6.48386896e+03 -6.48389701e+03]
 [ 5.06797462e+03 -5.06795420e+03]
 [-1.51051232e+03  1.51053432e+03]
 [ 1.88234127e+04 -1.88234151e+04]
 [ 7.96580105e+02 -7.96557669e+02]
 [-9.38434870e+03  9.38435811e+03]
 [ 2.75112235e+03 -2.75110890e+03]
 [ 9.51686181e+03 -9.51688513e+03]
 [-4.21425590e+03  4.21424842e+03]
 [-5.40565759e+03  5.40565662e+03]
 [-9.67104725e+03  9.67106279e+03]
 [-1.59896649e+04  1.59896818e+04]
 [-1.36477462e+04  1.36477353e+04]
 [ 2.19518101e+04 -2.19517519e+04]
 [ 3.11836757e+03 -3.11836439e+03]
 [ 2.58346352e+03 -2.58347091e+03]
 [ 4.27897736e+02 -4.27911816e+02]
 [ 7.92731963e+03 -7.92732162e+03]
 [ 3.32022899e+03 -3.32021938e+03]
 [-7.23595901e+03  7.23593914e+03]
 [-4.36033197e+03  4.36034510e+03]
 [-3.20819559e+03  3.20822696e+03]
 [-2.89674215e+03  2.89673902e+03]
 [ 9.36815863e+03 -9.36814609e+03]
 [-2.74119197e+03  2.74121151e+03]
 [ 3.39549759e+03 -3.39547012e+03]
 [ 1.21413800e+04 -1.21413428e+04]
 [-3.97530825e+04  3.97530812e+04]
 [ 2.36896251e+03 -2.36895662e+03]
 [ 7.04527612e+03 -7.04524619e+03]
 [ 1.06101301e+04 -1.06101008e+04]
 [ 1.06404125e+04 -1.06403843e+04]
 [-3.90683416e+03  3.90685347e+03]
 [-1.31645966e+04  1.31645737e+04]
 [ 1.15602355e+04 -1.15602229e+04]
 [ 2.20691275e+03 -2.20691393e+03]
 [-2.87699114e+03  2.87698220e+03]
 [ 1.78610850e+04 -1.78610705e+04]
 [-8.83745249e+02  8.83742121e+02]
 [-1.41285095e+03  1.41290631e+03]
 [-5.05837867e+03  5.05838813e+03]
 [ 4.72745373e+03 -4.72744889e+03]
 [ 6.10402774e+03 -6.10403529e+03]
 [-3.64183160e+03  3.64181813e+03]
 [ 2.11891634e+03 -2.11886375e+03]
 [-2.38821505e+03  2.38822398e+03]
 [ 7.34972749e+03 -7.34970176e+03]
 [-2.02388381e+03  2.02387706e+03]
 [-2.52800285e+03  2.52799870e+03]
 [ 2.27730351e+03 -2.27729573e+03]
 [ 5.71474595e+03 -5.71475774e+03]
 [-1.39559501e+04  1.39559456e+04]
 [-1.38399694e+03  1.38401127e+03]
 [-1.17799309e+04  1.17799629e+04]
 [-4.50939400e+03  4.50939083e+03]
 [ 1.90768021e+03 -1.90768261e+03]
 [ 1.15991700e+03 -1.15991741e+03]
 [ 6.81121704e+03 -6.81121941e+03]
 [ 1.61910650e+03 -1.61909392e+03]
 [ 1.15281747e+04 -1.15282249e+04]
 [ 7.62112291e+03 -7.62111657e+03]
 [ 6.54037110e+03 -6.54035779e+03]
 [-6.09347683e+03  6.09348274e+03]
 [ 3.18801142e+03 -3.18800991e+03]
 [-3.45569628e+03  3.45568673e+03]
 [-4.78115645e+03  4.78116235e+03]
 [ 9.37131628e+03 -9.37132317e+03]
 [-4.15059576e+03  4.15061586e+03]
 [-5.35282089e+03  5.35282543e+03]
 [ 5.48781991e+03 -5.48782019e+03]
 [ 1.22883943e+04 -1.22883836e+04]
 [ 2.75273754e+03 -2.75272476e+03]
 [ 9.24410476e+02 -9.24402595e+02]
 [ 1.45543170e+03 -1.45541280e+03]
 [ 4.02108126e+03 -4.02108818e+03]
 [ 3.56677955e+04 -3.56677288e+04]
 [ 1.04905735e+04 -1.04905684e+04]
 [ 3.59618937e+03 -3.59619182e+03]
 [ 1.18755002e+04 -1.18754931e+04]
 [ 4.33270651e+02 -4.33278643e+02]
 [ 6.11786181e+03 -6.11788414e+03]
 [ 1.77991955e+04 -1.77991943e+04]
 [-1.38959494e+04  1.38959361e+04]
 [-5.97017020e+03  5.97016545e+03]
 [ 3.01173618e+04 -3.01173140e+04]
 [ 1.14012649e+04 -1.14012573e+04]
 [ 1.37218703e+04 -1.37218431e+04]
 [-1.53725642e+04  1.53725676e+04]
 [ 1.12542714e+04 -1.12542837e+04]
 [ 1.36893178e+04 -1.36893004e+04]
 [-2.60635661e+04  2.60635822e+04]
 [-1.71708637e+03  1.71710561e+03]
 [ 2.33420836e+03 -2.33420185e+03]
 [-1.99036908e+03  1.99039525e+03]
 [-2.51843824e+03  2.51842109e+03]
 [ 3.46123112e+03 -3.46123629e+03]
 [ 4.53153397e+02 -4.53142934e+02]
 [-2.73041105e+04  2.73041198e+04]
 [ 6.95926215e+03 -6.95927117e+03]
 [-1.87945279e+04  1.87945359e+04]
 [-1.83533505e+04  1.83533492e+04]
 [-7.09350572e+02  7.09352223e+02]
 [ 7.75723685e+03 -7.75720900e+03]
 [ 3.11505381e+03 -3.11504893e+03]
 [ 1.65268787e+04 -1.65268584e+04]
 [-4.88261036e+03  4.88259882e+03]
 [ 1.81516696e+03 -1.81517622e+03]
 [ 1.66684424e+03 -1.66684163e+03]
 [-1.15231413e+03  1.15230266e+03]
 [-4.68651247e+03  4.68648501e+03]
 [-3.82318101e+02  3.82310922e+02]
 [-2.44470871e+03  2.44472145e+03]
 [-1.12469106e+04  1.12469214e+04]
 [ 6.90447191e+02 -6.90442769e+02]
 [-9.08878032e+02  9.08888474e+02]
 [-1.61116825e+04  1.61116992e+04]
 [-7.90062308e+02  7.90045981e+02]
 [-1.43610325e+04  1.43610464e+04]
 [-1.65727544e+03  1.65728531e+03]
 [-6.40297454e+02  6.40308174e+02]
 [-1.03794263e+04  1.03794593e+04]
 [-2.42174549e+04  2.42174643e+04]
 [-3.24101463e+03  3.24101112e+03]
 [-2.15208158e+01  2.15189547e+01]
 [ 1.74638926e+04 -1.74638903e+04]
 [ 1.91154879e+04 -1.91154563e+04]
 [-8.74009364e+03  8.74009269e+03]
 [ 4.67726746e+03 -4.67726355e+03]
 [ 1.37708313e+03 -1.37706634e+03]
 [-1.35841865e+03  1.35841436e+03]
 [-4.89613608e+03  4.89612876e+03]
 [-1.05297182e+03  1.05298473e+03]
 [-2.66607531e+03  2.66606513e+03]
 [ 1.34932103e+04 -1.34931912e+04]
 [-5.49321406e+03  5.49317659e+03]
 [-5.24211673e+03  5.24212544e+03]
 [ 1.15926762e+04 -1.15926656e+04]
 [-1.23096379e+04  1.23096383e+04]
 [ 2.10733669e+03 -2.10735753e+03]
 [-3.35958345e+03  3.35958496e+03]
 [ 2.15236745e+02 -2.15266750e+02]
 [ 1.14839402e+04 -1.14839215e+04]
 [-1.09439443e+04  1.09439564e+04]
 [ 2.55268035e+03 -2.55268005e+03]
 [-3.21015618e+04  3.21016282e+04]
 [-7.11850218e+03  7.11848403e+03]
 [-1.16591684e+04  1.16591475e+04]
 [ 4.44454872e+03 -4.44455967e+03]
 [-2.17081806e+04  2.17081809e+04]
 [ 1.47180112e+03 -1.47179895e+03]
 [ 3.05428306e+03 -3.05426020e+03]
 [ 3.76231950e+02 -3.76209650e+02]
 [-6.91600673e+03  6.91601980e+03]
 [-1.93626928e+04  1.93626782e+04]
 [-2.00682735e+04  2.00682766e+04]
 [ 7.64987593e+03 -7.64987242e+03]
 [ 3.36075657e+04 -3.36075570e+04]
 [ 1.34883713e+04 -1.34883493e+04]
 [ 1.41794096e+04 -1.41793842e+04]
 [ 3.82704332e+03 -3.82703090e+03]
 [-3.09521602e+03  3.09521280e+03]
 [ 9.56490556e+03 -9.56489398e+03]
 [-2.26779022e+03  2.26780004e+03]
 [-2.20753569e+04  2.20753636e+04]
 [-6.93954465e+03  6.93953472e+03]
 [-3.89165743e+04  3.89166502e+04]
 [ 2.12423358e+03 -2.12424437e+03]
 [ 3.59262081e+04 -3.59260728e+04]
 [-1.12837420e+04  1.12837562e+04]
 [-6.25203200e+03  6.25207387e+03]
 [ 8.80302335e+03 -8.80299122e+03]
 [ 1.02112560e+04 -1.02112629e+04]
 [-9.53671332e+02  9.53667118e+02]
 [-1.48038524e+04  1.48038597e+04]
 [-1.59366512e+03  1.59365371e+03]
 [-8.32756524e+03  8.32759325e+03]
 [-3.11569658e+03  3.11569651e+03]
 [-4.73383995e+02  4.73373400e+02]
 [ 2.65469026e+03 -2.65468107e+03]
 [ 1.35084198e+04 -1.35084103e+04]
 [-3.59453898e+03  3.59455962e+03]
 [ 2.20441099e+04 -2.20440932e+04]
 [-1.95752916e+03  1.95751240e+03]
 [-5.47658707e+02  5.47674784e+02]
 [-8.05521879e+03  8.05524750e+03]
 [ 2.93117561e+04 -2.93116686e+04]
 [-3.05340188e+03  3.05342020e+03]
 [-7.71305844e+03  7.71305617e+03]
 [ 1.41973247e+04 -1.41973196e+04]
 [-4.78430712e+03  4.78431624e+03]
 [ 7.66042187e+03 -7.66039943e+03]
 [ 3.25734796e+03 -3.25732837e+03]
 [-1.10943268e+04  1.10943309e+04]
 [-1.12177966e+04  1.12177652e+04]
 [ 1.55321137e+03 -1.55323587e+03]
 [ 5.35643962e+03 -5.35641663e+03]
 [ 9.95400499e+03 -9.95399546e+03]
 [-7.14568983e+03  7.14571289e+03]
 [-2.96183234e+03  2.96185816e+03]
 [ 5.76198088e+03 -5.76198097e+03]
 [ 1.11747490e+04 -1.11747472e+04]
 [ 4.42449616e+03 -4.42449317e+03]
 [ 9.73084495e+03 -9.73085251e+03]
 [-1.34291170e+04  1.34291061e+04]
 [ 1.71840262e+03 -1.71838156e+03]
 [-7.77330623e+03  7.77330990e+03]
 [ 6.71886666e+03 -6.71885662e+03]
 [ 4.07793555e+03 -4.07792680e+03]
 [-8.41556203e+02  8.41573636e+02]
 [-1.46882701e+04  1.46883320e+04]
 [-2.89549210e+03  2.89549548e+03]
 [-1.56527827e+04  1.56527828e+04]
 [-1.31969075e+03  1.31967661e+03]
 [ 1.38946565e+04 -1.38946474e+04]
 [ 4.63548700e+03 -4.63546669e+03]
 [ 1.54133289e+04 -1.54133063e+04]
 [ 3.00223545e+03 -3.00222978e+03]
 [-3.51785690e+03  3.51783684e+03]
 [-1.03653287e+04  1.03653308e+04]
 [ 6.03330255e+03 -6.03329643e+03]
 [ 7.16083796e+02 -7.16071971e+02]
 [-4.95559780e+03  4.95559861e+03]
 [-2.07109419e+03  2.07110583e+03]
 [-1.44366746e+04  1.44366689e+04]
 [-4.56176194e+03  4.56176762e+03]
 [-4.12322703e+03  4.12323325e+03]
 [-1.16509791e+03  1.16509803e+03]
 [ 2.17902807e+04 -2.17902745e+04]
 [-7.69967879e+03  7.69967859e+03]
 [ 5.15436178e+03 -5.15434509e+03]
 [-1.81748297e+04  1.81748308e+04]
 [ 1.16914336e+04 -1.16914216e+04]
 [ 1.43096884e+03 -1.43092344e+03]
 [ 1.68214720e+04 -1.68214166e+04]
 [ 7.88363205e+03 -7.88363548e+03]
 [-1.00400483e+04  1.00400254e+04]
 [-8.60220701e+03  8.60220308e+03]
 [-8.23084335e+03  8.23087560e+03]
 [ 6.95975937e+02 -6.95963047e+02]
 [-2.35087252e+04  2.35087156e+04]
 [-3.56556976e+03  3.56560338e+03]
 [ 4.49082681e+02 -4.49084265e+02]
 [-2.21664494e+03  2.21665260e+03]
 [ 1.16607056e+04 -1.16606741e+04]]