[[ 1.22949634e+04 -1.22949608e+04]
 [-3.23017486e+04  3.23017585e+04]
 [ 4.50506317e+04 -4.50506188e+04]
 [ 3.02494218e+04 -3.02494290e+04]
 [-1.57202161e+04  1.57201974e+04]
 [-1.32128946e+04  1.32129166e+04]
 [-2.20738393e+04  2.20738405e+04]
 [ 2.61165279e+03 -2.61164602e+03]
 [ 3.21545749e+04 -3.21545865e+04]
 [-1.68293816e+04  1.68294031e+04]
 [ 3.02611392e+04 -3.02611001e+04]
 [ 7.87184137e+04 -7.87184093e+04]
 [-4.66745075e+04  4.66745025e+04]
 [ 1.31466724e+05 -1.31466704e+05]
 [-2.54451710e+04  2.54451698e+04]
 [-4.69205291e+03  4.69205997e+03]
 [ 2.11661677e+04 -2.11661691e+04]
 [ 1.01004875e+05 -1.01004863e+05]
 [ 1.44427297e+04 -1.44427342e+04]
 [ 1.64473544e+04 -1.64473546e+04]
 [-7.97864910e+02  7.97863504e+02]
 [ 1.11210498e+05 -1.11210480e+05]
 [ 1.65949665e+04 -1.65949990e+04]
 [ 1.37175985e+04 -1.37175798e+04]
 [ 7.53398506e+04 -7.53398081e+04]
 [-6.72281602e+03  6.72281826e+03]
 [-7.58374263e+04  7.58374532e+04]
 [-1.88505642e+03  1.88505414e+03]
 [-5.24287102e+04  5.24287469e+04]
 [-1.05479990e+04  1.05479799e+04]
 [ 2.07880075e+04 -2.07880003e+04]
 [ 1.50277913e+04 -1.50277714e+04]
 [-8.16106467e+04  8.16106575e+04]
 [ 1.79904956e+04 -1.79904997e+04]
 [-1.35748687e+04  1.35748689e+04]
 [ 4.76865047e+04 -4.76865086e+04]
 [-9.50739728e+03  9.50738471e+03]
 [-2.02971777e+02  2.02967524e+02]
 [-6.13072727e+03  6.13072876e+03]
 [ 3.01482617e+04 -3.01482584e+04]
 [-3.22835878e+04  3.22836232e+04]
 [-5.31347314e+04  5.31347350e+04]
 [ 2.66518421e+04 -2.66518477e+04]
 [-1.19229357e+04  1.19229363e+04]
 [ 1.36491881e+04 -1.36491855e+04]
 [ 1.03348019e+03 -1.03348390e+03]
 [-1.04505554e+05  1.04505531e+05]
 [ 1.63689039e+04 -1.63689073e+04]
 [-1.05283726e+05  1.05283743e+05]
 [ 1.71277532e+04 -1.71277650e+04]
 [-5.57599987e+03  5.57599416e+03]
 [ 7.19797452e+03 -7.19798046e+03]
 [ 4.58268514e+04 -4.58268392e+04]
 [-5.26394058e+04  5.26394359e+04]
 [-8.07484299e+04  8.07484501e+04]
 [ 2.07741631e+04 -2.07741417e+04]
 [-1.87034583e+04  1.87034420e+04]
 [ 1.37705963e+05 -1.37705983e+05]
 [-4.16730144e+03  4.16732500e+03]
 [ 5.63239961e+03 -5.63239981e+03]
 [-4.55022522e+04  4.55022380e+04]
 [-2.41687816e+04  2.41687884e+04]
 [ 2.85413978e+04 -2.85413860e+04]
 [-2.78091862e+04  2.78091957e+04]
 [ 7.16582537e+03 -7.16582855e+03]
 [ 8.44720367e+03 -8.44721217e+03]
 [ 1.60040498e+03 -1.60039632e+03]
 [ 1.50423840e+04 -1.50423692e+04]
 [ 7.14530997e+04 -7.14531051e+04]
 [-9.98121892e+03  9.98121750e+03]
 [ 4.35159350e+04 -4.35159276e+04]
 [-1.51457660e+04  1.51457871e+04]
 [ 6.85930628e+04 -6.85930304e+04]
 [-1.59308497e+04  1.59308753e+04]
 [-2.35436285e+04  2.35436325e+04]
 [-7.16469368e+04  7.16469193e+04]
 [ 1.31898371e+04 -1.31898515e+04]
 [-2.15021641e+04  2.15021541e+04]
 [ 2.25628631e+03 -2.25628715e+03]
 [-5.30642998e+04  5.30642874e+04]
 [ 3.67711062e+03 -3.67711647e+03]
 [-1.91178170e+04  1.91178369e+04]
 [ 2.28853796e+04 -2.28853699e+04]
 [-2.75799872e+04  2.75800050e+04]
 [-2.75373912e+04  2.75373925e+04]
 [-2.61426301e+04  2.61426447e+04]
 [-7.04593051e+04  7.04593075e+04]
 [-1.14258637e+03  1.14258640e+03]
 [ 5.56342274e+04 -5.56342382e+04]
 [ 1.73070086e+04 -1.73069947e+04]
 [-9.56983749e+03  9.56985001e+03]
 [ 2.78609338e+04 -2.78609221e+04]
 [ 2.11505341e+04 -2.11505398e+04]
 [ 5.11195205e+03 -5.11193443e+03]
 [-2.49216384e+04  2.49216408e+04]
 [-1.25730921e+05  1.25730918e+05]
 [ 4.91486431e+04 -4.91486423e+04]
 [-2.04414402e+04  2.04414388e+04]
 [ 3.30205766e+04 -3.30205877e+04]
 [-1.59446140e+04  1.59446214e+04]
 [-6.10096608e+04  6.10096751e+04]
 [ 1.01464343e+04 -1.01464280e+04]
 [-3.64706313e+03  3.64712966e+03]
 [-3.62914711e+04  3.62914669e+04]
 [-1.50073832e+04  1.50073881e+04]
 [-5.19632350e+04  5.19632224e+04]
 [-7.84525461e+04  7.84525583e+04]
 [ 2.97578134e+04 -2.97578152e+04]
 [ 2.83680189e+04 -2.83680143e+04]
 [ 1.56998478e+04 -1.56998522e+04]
 [-1.58103438e+03  1.58104482e+03]
 [ 5.80306910e+04 -5.80306469e+04]
 [-2.36469076e+04  2.36469012e+04]
 [-1.38392381e+05  1.38392384e+05]
 [-2.65282283e+04  2.65282160e+04]
 [ 1.26148551e+04 -1.26148552e+04]
 [-1.05215988e+05  1.05215997e+05]
 [ 1.07327659e+04 -1.07327626e+04]
 [-4.62388469e+04  4.62388442e+04]
 [ 8.49554066e+04 -8.49553998e+04]
 [ 2.22964966e+04 -2.22964952e+04]
 [ 8.55012196e+02 -8.55012349e+02]
 [-6.77269096e+04  6.77269056e+04]
 [-4.85185614e+04  4.85185658e+04]
 [-2.45380543e+04  2.45380671e+04]
 [-1.46657449e+04  1.46657571e+04]
 [ 8.36848210e+03 -8.36847621e+03]
 [ 3.45726314e+04 -3.45726317e+04]
 [-9.98987258e+04  9.98987473e+04]
 [ 3.62692496e+04 -3.62692520e+04]
 [-4.76592189e+03  4.76594266e+03]
 [ 3.86579853e+04 -3.86579673e+04]
 [ 5.62460822e+04 -5.62460795e+04]
 [-1.25341598e+04  1.25342028e+04]
 [-1.87187453e+04  1.87187544e+04]
 [ 1.23491837e+04 -1.23491713e+04]
 [ 6.15264733e+04 -6.15264670e+04]
 [ 5.76183224e+03 -5.76182761e+03]
 [-9.42088607e+04  9.42088300e+04]
 [-5.51944598e+04  5.51944612e+04]
 [ 2.38749839e+04 -2.38749791e+04]
 [ 7.49239333e+04 -7.49239372e+04]
 [-2.96795950e+04  2.96796070e+04]
 [ 4.55207314e+03 -4.55206460e+03]
 [-2.82463214e+04  2.82463280e+04]
 [-4.12865309e+04  4.12865412e+04]
 [ 3.25948993e+03 -3.25950640e+03]
 [-2.66481842e+04  2.66481869e+04]
 [-4.70810661e+04  4.70810940e+04]
 [-6.27275837e+03  6.27275223e+03]
 [-5.57519951e+04  5.57519886e+04]
 [ 2.05247306e+04 -2.05247280e+04]
 [ 2.04942594e+04 -2.04942503e+04]
 [ 3.38631354e+03 -3.38630899e+03]
 [-5.85483287e+03  5.85485411e+03]
 [ 8.30184494e+03 -8.30182324e+03]
 [-1.93643706e+03  1.93645047e+03]
 [-3.43593485e+04  3.43593464e+04]
 [ 5.90993306e+03 -5.90990951e+03]
 [ 1.79446165e+03 -1.79446000e+03]
 [ 8.81794453e+03 -8.81794395e+03]
 [ 5.05351014e+04 -5.05350881e+04]
 [-4.74253780e+04  4.74253968e+04]
 [ 6.85594642e+04 -6.85594684e+04]
 [-5.02016936e+03  5.02019215e+03]
 [ 1.96736742e+04 -1.96736399e+04]
 [-1.41079071e+04  1.41079374e+04]
 [-3.24886320e+04  3.24886777e+04]
 [ 5.20769780e+04 -5.20769948e+04]
 [ 5.82202004e+04 -5.82201873e+04]
 [ 4.61798741e+04 -4.61798547e+04]
 [-6.89373348e+04  6.89373210e+04]
 [-5.11762978e+04  5.11762887e+04]
 [ 1.95790144e+04 -1.95789998e+04]
 [-4.68353501e+03  4.68354017e+03]
 [ 6.24400351e+04 -6.24400196e+04]
 [-1.31285559e+04  1.31285584e+04]
 [-1.82646731e+04  1.82646722e+04]
 [ 5.18962553e+03 -5.18961831e+03]
 [-2.40537271e+04  2.40537236e+04]
 [ 1.67301363e+04 -1.67300964e+04]
 [-1.05400966e+04  1.05400710e+04]
 [-4.15783807e+04  4.15783589e+04]
 [-4.58947174e+04  4.58947156e+04]
 [ 4.68201897e+04 -4.68201871e+04]
 [-3.60438962e+04  3.60438702e+04]
 [ 1.22124534e+04 -1.22124493e+04]
 [-1.05302300e+04  1.05302273e+04]
 [-3.50484896e+03  3.50484386e+03]
 [-4.18295862e+04  4.18295905e+04]
 [ 3.18210564e+04 -3.18210569e+04]
 [ 4.27359227e+03 -4.27360232e+03]
 [ 1.42327516e+04 -1.42327470e+04]
 [ 2.62185674e+04 -2.62185775e+04]
 [-6.33529618e+03  6.33529918e+03]
 [-3.04573265e+04  3.04573333e+04]
 [-1.01744676e+04  1.01744671e+04]
 [-7.78595094e+04  7.78595011e+04]
 [-1.49750057e+03  1.49749111e+03]
 [ 3.35857391e+04 -3.35857167e+04]
 [ 1.71505819e+04 -1.71505809e+04]
 [ 3.58645730e+03 -3.58645962e+03]
 [ 4.43751212e+04 -4.43751238e+04]
 [ 7.02622456e+04 -7.02622774e+04]
 [-1.59248627e+04  1.59248723e+04]
 [-2.49005788e+04  2.49005832e+04]
 [ 4.04565516e+04 -4.04565575e+04]
 [ 5.92460106e+03 -5.92459631e+03]
 [-4.63920745e+04  4.63920692e+04]
 [-1.19838169e+04  1.19838250e+04]
 [-1.21287073e+04  1.21287193e+04]
 [-3.78480449e+04  3.78480561e+04]
 [-1.62238677e+04  1.62238730e+04]
 [-4.38683827e+04  4.38684122e+04]
 [ 3.34465764e+04 -3.34465579e+04]
 [-3.64261656e+04  3.64261770e+04]
 [-4.19975999e+04  4.19975921e+04]
 [ 6.67500650e+04 -6.67500206e+04]
 [ 3.24185424e+04 -3.24185433e+04]
 [ 6.96659157e+03 -6.96658547e+03]
 [ 3.60404899e+04 -3.60405150e+04]
 [-9.13545588e+03  9.13544782e+03]
 [ 4.23098222e+04 -4.23098152e+04]
 [ 1.21544080e+04 -1.21544211e+04]
 [ 9.08367488e+03 -9.08368530e+03]
 [ 3.82948969e+04 -3.82948874e+04]
 [-6.36872985e+04  6.36873155e+04]
 [ 1.35067379e+05 -1.35067391e+05]
 [-1.25420874e+04  1.25420884e+04]
 [ 1.95831880e+04 -1.95831880e+04]
 [-7.56052003e+04  7.56052043e+04]
 [ 3.75314517e+04 -3.75314507e+04]
 [ 8.08272250e+04 -8.08272105e+04]
 [ 1.14869564e+05 -1.14869596e+05]
 [ 2.84705704e+04 -2.84705683e+04]
 [-6.43273333e+04  6.43273222e+04]
 [-4.04299838e+04  4.04299951e+04]
 [-4.23271334e+03  4.23271331e+03]
 [ 1.49990398e+04 -1.49990423e+04]
 [-1.87928764e+04  1.87928709e+04]
 [-1.12829931e+05  1.12829958e+05]
 [-1.00613357e+05  1.00613414e+05]
 [ 1.28181238e+03 -1.28181815e+03]
 [ 4.65150348e+04 -4.65150252e+04]
 [-1.92740822e+04  1.92740668e+04]
 [ 1.71200006e+04 -1.71199945e+04]
 [-1.30423004e+04  1.30423108e+04]
 [ 2.04209868e+05 -2.04209850e+05]
 [ 1.13453945e+04 -1.13453973e+04]
 [ 5.85688429e+04 -5.85688034e+04]
 [ 9.13775551e+04 -9.13775699e+04]
 [-5.63689061e+04  5.63688900e+04]
 [ 1.52552522e+04 -1.52552598e+04]
 [ 3.33445669e+04 -3.33445547e+04]
 [-2.00176597e+04  2.00176605e+04]
 [-1.81218217e+04  1.81218120e+04]
 [-2.70842581e+04  2.70842491e+04]
 [-5.22032424e+04  5.22032338e+04]
 [ 6.94098974e+04 -6.94099028e+04]
 [-4.93366613e+03  4.93366978e+03]
 [-6.77737302e+03  6.77738138e+03]
 [-1.48548763e+04  1.48548978e+04]
 [-3.29530535e+04  3.29530572e+04]
 [-3.88619378e+04  3.88619417e+04]
 [ 1.31195338e+04 -1.31195332e+04]
 [-2.90573246e+03  2.90575888e+03]
 [ 5.46399925e+04 -5.46400025e+04]
 [ 5.04225423e+03 -5.04224810e+03]
 [-3.01414357e+04  3.01414318e+04]
 [-3.85807726e+03  3.85806538e+03]
 [-3.57606682e+04  3.57606755e+04]
 [-3.67613343e+04  3.67613522e+04]
 [-2.68840115e+03  2.68840510e+03]
 [-5.47137710e+02  5.47136346e+02]
 [ 4.04273818e+04 -4.04273781e+04]
 [ 8.06451107e+02 -8.06450438e+02]
 [ 2.85719007e+03 -2.85718210e+03]
 [ 1.58106153e+04 -1.58105973e+04]
 [-4.68515495e+03  4.68515687e+03]
 [ 1.66962827e+04 -1.66962736e+04]
 [ 1.82138264e+04 -1.82138208e+04]
 [ 4.18302278e+03 -4.18304287e+03]
 [-4.38060232e+03  4.38058444e+03]
 [-1.81369457e+03  1.81369627e+03]
 [ 7.61465069e+04 -7.61465009e+04]
 [-2.45918924e+04  2.45918950e+04]
 [-8.60401433e+03  8.60400956e+03]
 [-6.48034433e+04  6.48034579e+04]
 [-1.47274472e+04  1.47274545e+04]
 [ 5.09048821e+04 -5.09048667e+04]
 [ 4.42659386e+04 -4.42659121e+04]
 [ 4.15911440e+04 -4.15911456e+04]
 [-5.09027112e+03  5.09026877e+03]
 [-2.22946968e+03  2.22948744e+03]
 [-2.97408563e+04  2.97408754e+04]
 [ 9.81751188e+02 -9.81738307e+02]
 [ 7.34890456e+04 -7.34890512e+04]
 [ 1.39189381e+03 -1.39189675e+03]
 [-8.36651629e+04  8.36651616e+04]
 [ 4.10367682e+04 -4.10367655e+04]
 [ 6.20137337e+04 -6.20137414e+04]
 [-6.42282255e+03  6.42288398e+03]
 [-9.83777390e+02  9.83799064e+02]
 [-2.19001553e+04  2.19001472e+04]
 [-5.77040933e+04  5.77040995e+04]
 [ 1.40081034e+05 -1.40080981e+05]
 [ 3.72958666e+04 -3.72958646e+04]
 [-8.13318954e+02  8.13302490e+02]
 [-1.47063756e+04  1.47063962e+04]
 [ 1.80130810e+03 -1.80126978e+03]
 [ 4.52071024e+04 -4.52070715e+04]
 [ 1.84420076e+04 -1.84419978e+04]
 [ 1.56985060e+05 -1.56985060e+05]
 [ 3.32853487e+04 -3.32853328e+04]
 [-7.49457203e+04  7.49457257e+04]
 [-3.83929441e+04  3.83929442e+04]
 [-3.73908943e+04  3.73909066e+04]
 [-1.75442764e+04  1.75442959e+04]
 [ 2.79552887e+04 -2.79552907e+04]
 [ 3.08545117e+03 -3.08543056e+03]
 [ 3.88967707e+04 -3.88967876e+04]
 [ 5.81408998e+03 -5.81409206e+03]
 [ 6.66863370e+03 -6.66857602e+03]
 [ 1.89643149e+03 -1.89644386e+03]
 [-2.62757573e+04  2.62757691e+04]
 [-5.24208347e+03  5.24207079e+03]
 [ 1.03899567e+04 -1.03899375e+04]
 [ 2.11517353e+03 -2.11517519e+03]
 [ 1.35316314e+05 -1.35316324e+05]
 [-1.32659396e+04  1.32659817e+04]
 [-2.43048002e+04  2.43048019e+04]
 [-3.18652540e+04  3.18652596e+04]
 [-7.96444088e+04  7.96444197e+04]
 [-6.83492901e+04  6.83492714e+04]
 [-2.84908764e+04  2.84909281e+04]
 [ 4.52834537e+04 -4.52834712e+04]
 [-1.22216435e+03  1.22217470e+03]
 [-1.88373737e+04  1.88373641e+04]
 [ 4.45902107e+03 -4.45901672e+03]
 [ 2.08423569e+04 -2.08423526e+04]
 [-2.02024872e+04  2.02025206e+04]
 [ 6.46929886e+04 -6.46929416e+04]
 [-9.76105012e+04  9.76105209e+04]
 [ 3.39251794e+04 -3.39251943e+04]
 [-4.04971987e+03  4.04971520e+03]
 [ 3.91415318e+04 -3.91415204e+04]
 [-3.91794500e+04  3.91794563e+04]
 [-2.47132019e+04  2.47131793e+04]
 [-7.68167402e+04  7.68167514e+04]
 [ 4.36238501e+04 -4.36238390e+04]
 [ 2.14937327e+04 -2.14937531e+04]
 [-5.53062937e+04  5.53063020e+04]
 [-5.42217021e+03  5.42217853e+03]
 [ 5.46303457e+04 -5.46303474e+04]
 [ 2.86489051e+04 -2.86488961e+04]
 [ 6.58072993e+02 -6.58064185e+02]
 [ 1.04435997e+04 -1.04436409e+04]
 [-2.17025943e+03  2.17024941e+03]
 [ 1.50256927e+04 -1.50256891e+04]
 [-9.32350241e+03  9.32352047e+03]
 [-5.72144800e+04  5.72144887e+04]
 [-9.68339164e+04  9.68339238e+04]
 [ 3.28277991e+04 -3.28278001e+04]
 [-2.48495869e+04  2.48495926e+04]
 [-3.51006013e+04  3.51006093e+04]
 [-2.16977906e+04  2.16978004e+04]
 [-6.24019846e+04  6.24019805e+04]
 [-2.61459773e+04  2.61459802e+04]
 [-1.03137076e+03  1.03140080e+03]
 [-2.24748761e+04  2.24748724e+04]
 [ 5.95868728e+04 -5.95868585e+04]
 [ 5.25764959e+04 -5.25765101e+04]
 [ 3.18844319e+04 -3.18844211e+04]
 [ 6.46177456e+04 -6.46177522e+04]
 [ 1.02702189e+03 -1.02701222e+03]
 [-1.32788670e+05  1.32788673e+05]
 [-2.20689993e+04  2.20690033e+04]
 [ 5.98297377e+03 -5.98296630e+03]
 [-6.64718999e+01  6.64742822e+01]
 [-2.88519236e+04  2.88519224e+04]
 [ 6.41374537e+03 -6.41378421e+03]
 [-3.78082470e+04  3.78082397e+04]
 [-2.53023787e+04  2.53023957e+04]
 [-1.93090575e+04  1.93090790e+04]
 [ 6.21751223e+03 -6.21752905e+03]
 [ 3.69430285e+04 -3.69430434e+04]
 [-2.76351137e+04  2.76351271e+04]
 [ 2.85407890e+04 -2.85407745e+04]
 [ 1.35308614e+04 -1.35308562e+04]
 [ 6.62718787e+04 -6.62718699e+04]
 [ 1.52168514e+04 -1.52168585e+04]
 [-2.43299780e+04  2.43299822e+04]
 [ 5.34184567e+03 -5.34182666e+03]
 [ 5.24976922e+04 -5.24976748e+04]
 [ 4.17034756e+03 -4.17034659e+03]
 [ 1.40865753e+04 -1.40865584e+04]
 [-5.70286448e+04  5.70286481e+04]
 [ 4.83826628e+04 -4.83826708e+04]
 [ 1.00024992e+04 -1.00024681e+04]
 [ 3.10252517e+04 -3.10252555e+04]]