[[-2.79693211e+01  2.79787576e+01]
 [-6.04656587e+00  6.06235395e+00]
 [ 1.15943629e+01 -1.15759393e+01]
 [ 1.30464026e+01 -1.30306804e+01]
 [ 1.27834665e+01 -1.27757896e+01]
 [-2.80792432e+00  2.81339039e+00]
 [-4.96396097e+00  4.97042389e+00]
 [-6.27978130e+00  6.29191677e+00]
 [ 2.13571218e+00 -2.13000990e+00]
 [ 6.47489150e+00 -6.45829962e+00]
 [ 4.61258684e+00 -4.60050791e+00]
 [-6.31283861e+00  6.31254539e+00]
 [-4.91588160e+00  4.91982434e+00]
 [ 1.67178263e+01 -1.67253859e+01]
 [-8.81491359e+00  8.82396699e+00]
 [-1.68564510e+01  1.68595611e+01]
 [ 1.51605747e+01 -1.51389248e+01]
 [ 9.93001783e+00 -9.92109732e+00]
 [ 9.57450015e+00 -9.57311880e+00]
 [ 7.15224922e+00 -7.14858023e+00]
 [-2.09831007e+01  2.10028581e+01]
 [ 1.42016761e+01 -1.41917382e+01]
 [-2.69220728e+00  2.69573601e+00]
 [ 7.63749153e+00 -7.62163847e+00]
 [-1.38658843e+01  1.38739828e+01]
 [-8.51153027e-01  8.69747819e-01]
 [ 1.06041970e+01 -1.05976849e+01]
 [ 6.09475229e+00 -6.07981200e+00]
 [-1.76170012e+00  1.77937379e+00]
 [-2.70776042e+00  2.71823363e+00]
 [-2.14652760e+01  2.14802326e+01]
 [-8.14501231e+00  8.14574703e+00]
 [-4.80898237e-01  4.93611976e-01]
 [-6.52175748e-01  6.39379390e-01]
 [-9.42970612e+00  9.42723804e+00]
 [ 2.54434670e+01 -2.54371349e+01]
 [ 7.00036804e+00 -7.00332951e+00]
 [ 6.02038767e+00 -6.01165279e+00]
 [ 2.08123991e+01 -2.08117014e+01]
 [ 1.22157041e+01 -1.22026302e+01]
 [ 8.63730191e+00 -8.62948679e+00]
 [ 1.25502472e+00 -1.23860123e+00]
 [-3.70331483e-01  3.84877789e-01]
 [-1.73824926e+01  1.73959744e+01]
 [-8.84335379e+00  8.84648772e+00]
 [ 5.78394935e+00 -5.77048318e+00]
 [ 9.71308113e+00 -9.69571846e+00]
 [-6.37323996e+00  6.37325711e+00]
 [-4.29256605e+00  4.28326214e+00]
 [-4.56255432e+00  4.57236035e+00]
 [ 7.70404325e-01 -7.70353491e-01]
 [ 6.87839437e+00 -6.86362211e+00]
 [ 3.49171999e+00 -3.48118742e+00]
 [ 4.10204146e+01 -4.10099709e+01]
 [-9.91122894e+00  9.92316812e+00]
 [-7.54362727e+00  7.56443893e+00]
 [ 3.06237883e+01 -3.06180813e+01]
 [-1.42138810e+01  1.42419088e+01]
 [ 1.16014841e+01 -1.15841302e+01]
 [ 4.28268433e+00 -4.27888054e+00]
 [-3.91132969e+00  3.92390892e+00]
 [-4.53292029e+00  4.54701087e+00]
 [-1.54732031e+00  1.55208964e+00]
 [ 2.74354915e+00 -2.71394482e+00]
 [ 3.46047066e+00 -3.46091363e+00]
 [-8.88898722e-01  9.00328207e-01]
 [-1.25157556e+01  1.25285455e+01]
 [ 2.46863096e+00 -2.44897576e+00]
 [ 1.04412190e+01 -1.04331942e+01]
 [-2.26665560e+01  2.26590813e+01]
 [ 1.08860223e+01 -1.08745304e+01]
 [-2.37386902e+00  2.39066151e+00]
 [ 6.87399373e+00 -6.86351880e+00]
 [-5.45605062e+00  5.47610080e+00]
 [-3.85415910e+00  3.86221320e+00]
 [-1.25199855e+01  1.25305438e+01]
 [-9.79159467e+00  9.80671311e+00]
 [ 1.01804875e+01 -1.01877097e+01]
 [ 9.51074481e+00 -9.50697692e+00]
 [-1.85612514e+01  1.85777594e+01]
 [ 2.03722030e+01 -2.03702201e+01]
 [ 1.10962477e+01 -1.10831363e+01]
 [ 8.10359445e-01 -8.15340641e-01]
 [-7.80323708e+00  7.80637244e+00]
 [ 4.66492157e+00 -4.66575322e+00]
 [-1.93532163e+00  1.94053862e+00]
 [-7.77747391e+00  7.79308359e+00]
 [-1.06936361e+01  1.06860861e+01]
 [-1.93324011e+00  1.93951759e+00]
 [ 1.45236043e+01 -1.45151065e+01]
 [ 2.50697408e+01 -2.50708421e+01]
 [ 1.43896369e+00 -1.43836316e+00]
 [-4.99496812e+00  4.99695976e+00]
 [-1.31420800e+01  1.31475429e+01]
 [-2.47942736e+01  2.47989801e+01]
 [-2.81830375e+00  2.81430297e+00]
 [ 4.30728696e+00 -4.30483465e+00]
 [-1.19557861e+01  1.19612097e+01]
 [ 2.06091986e+01 -2.06147195e+01]
 [ 3.73701297e+01 -3.73670536e+01]
 [-8.39807929e+00  8.41001883e+00]
 [ 2.02738932e+00 -1.99657365e+00]
 [ 8.97324520e+00 -8.97920433e+00]
 [ 1.39698021e+01 -1.39628655e+01]
 [ 2.40128628e+01 -2.40066785e+01]
 [-1.50699547e+01  1.50731932e+01]
 [ 9.04451549e+00 -9.04425149e+00]
 [-1.71188889e+01  1.71261193e+01]
 [ 4.13995275e+00 -4.13351388e+00]
 [ 8.47126225e+00 -8.46846668e+00]
 [ 2.42851960e+00 -2.41957292e+00]
 [-1.09496107e+01  1.09583230e+01]
 [-1.57704773e+01  1.57802967e+01]
 [-1.92490380e+01  1.92494249e+01]
 [-9.56921769e+00  9.56582275e+00]
 [ 4.22362522e+00 -4.21472989e+00]
 [ 2.06097807e+00 -2.05656190e+00]
 [-1.00836400e+01  1.00862119e+01]
 [ 2.24065052e+00 -2.23928931e+00]
 [-1.12426473e+01  1.12535391e+01]
 [-1.86366276e+01  1.86550902e+01]
 [ 2.08929777e+01 -2.08941015e+01]
 [-8.81124418e+00  8.82396993e+00]
 [-6.58243274e+00  6.58894753e+00]
 [ 1.50582775e+01 -1.50398522e+01]
 [-2.04411240e+01  2.04492253e+01]
 [ 8.00812145e-01 -7.94019466e-01]
 [ 1.11022052e+01 -1.10865467e+01]
 [ 1.51692538e+01 -1.51644963e+01]
 [ 1.39668248e+01 -1.39604897e+01]
 [ 6.01166324e+00 -6.01458558e+00]
 [ 2.75165958e+01 -2.75098356e+01]
 [ 1.11881769e+00 -1.10664402e+00]
 [ 1.15376787e+01 -1.15408253e+01]
 [-2.12915098e+00  2.12784172e+00]
 [ 9.58824155e+00 -9.59632019e+00]
 [ 5.88310017e+00 -5.88037032e+00]
 [-3.36936180e+00  3.38009136e+00]
 [ 3.52761838e+00 -3.52286299e+00]
 [-8.17809987e+00  8.19330804e+00]
 [ 6.10896565e+00 -6.10336613e+00]
 [-4.99795299e+00  5.00533590e+00]
 [-4.10298184e+00  4.10519502e+00]
 [ 1.09614553e+01 -1.09508556e+01]
 [ 6.87033695e+00 -6.85805886e+00]
 [-2.51496325e+01  2.51619736e+01]
 [-8.60884860e-01  8.63425058e-01]
 [-1.92648451e+00  1.94607237e+00]
 [ 8.07608837e-01 -7.89967497e-01]
 [-8.22466944e+00  8.23562136e+00]
 [-7.20114152e+00  7.20459151e+00]
 [ 2.51841723e+01 -2.51855817e+01]
 [ 1.05943496e+01 -1.05918382e+01]
 [ 1.31884647e+01 -1.31805339e+01]
 [-2.07480492e+00  2.09205139e+00]
 [-1.91225955e+01  1.91279998e+01]
 [ 9.24237551e+00 -9.23876196e+00]
 [-1.66580735e+01  1.66636242e+01]
 [-4.95040600e+00  4.95943785e+00]
 [-3.82817474e-01  3.88361893e-01]
 [ 1.10408017e+01 -1.10525919e+01]
 [ 1.41929701e+01 -1.41845292e+01]
 [-1.17914050e+00  1.19206658e+00]
 [ 4.91848454e+00 -4.91722559e+00]
 [ 1.78314661e+00 -1.78396524e+00]
 [-7.21087033e+00  7.22706367e+00]
 [-1.03493578e+01  1.03679515e+01]
 [ 1.15239027e+01 -1.15191438e+01]
 [ 3.65285798e+00 -3.63795584e+00]
 [-1.28920249e+01  1.29022473e+01]
 [ 5.37597678e+00 -5.36303251e+00]
 [-1.18321441e+01  1.18591785e+01]
 [-6.53753679e+00  6.54397183e+00]
 [-1.49512813e+01  1.49571206e+01]
 [-1.44643774e+01  1.44758130e+01]
 [-3.91477482e+00  3.92390957e+00]
 [ 9.91954849e+00 -9.90438656e+00]
 [-1.17118317e+01  1.17161827e+01]
 [-5.38362908e+00  5.39598147e+00]
 [ 6.31571709e-01 -6.23868381e-01]
 [-7.46653132e+00  7.47568762e+00]
 [ 1.46636872e+00 -1.44849407e+00]
 [ 3.50097331e+00 -3.48842714e+00]
 [-1.47993702e-02  1.07685952e-02]
 [ 8.03354459e+00 -8.03318040e+00]
 [ 8.61903376e+00 -8.61316565e+00]
 [-2.98012306e+00  2.99832884e+00]
 [ 1.21287325e+01 -1.21357086e+01]
 [ 9.70485828e+00 -9.70550424e+00]
 [-7.50712169e+00  7.51475496e+00]
 [ 8.53992076e+00 -8.53640439e+00]
 [-1.72423742e+01  1.72517976e+01]
 [-1.43043485e+01  1.43094306e+01]
 [-1.97636540e+01  1.97729584e+01]
 [ 1.49941707e+01 -1.49959359e+01]
 [ 2.33629514e+00 -2.33146517e+00]
 [-1.28249646e+01  1.28324429e+01]
 [ 4.24903300e+00 -4.23793198e+00]
 [ 1.40639854e+01 -1.40566345e+01]
 [-4.47734322e+00  4.47117180e+00]
 [ 1.49221891e+01 -1.49158744e+01]
 [ 8.75992221e+00 -8.74264925e+00]
 [ 1.24510465e-01 -1.04800441e-01]
 [-1.09328451e+01  1.09468161e+01]
 [-1.29957995e+00  1.31032511e+00]
 [-5.71076344e+00  5.73182531e+00]
 [ 3.51037630e+00 -3.49422720e+00]
 [ 2.00812859e+00 -2.00014143e+00]
 [ 2.91944588e-02 -3.05896137e-02]
 [ 2.66043120e+00 -2.66064822e+00]
 [-8.79639708e+00  8.81064009e+00]
 [ 2.54963860e+00 -2.55472730e+00]
 [ 5.73532189e+00 -5.73844520e+00]
 [-1.16939101e+01  1.16870474e+01]
 [ 6.53717485e+00 -6.53060609e+00]
 [-3.96285235e-01  3.97240863e-01]
 [ 4.09411024e+00 -4.08757615e+00]
 [ 1.93875089e+00 -1.92936187e+00]
 [-5.61411372e+00  5.63105420e+00]
 [-4.08795908e+00  4.10842177e+00]
 [ 5.63877032e+00 -5.63523686e+00]
 [ 5.96282691e+00 -5.96491125e+00]
 [-6.19716838e+00  6.21514764e+00]
 [-4.90785494e+00  4.91973174e+00]
 [ 1.73134083e+00 -1.73781024e+00]
 [-3.61161521e+00  3.60870170e+00]
 [-5.39208073e+00  5.39241348e+00]
 [ 7.98184830e+00 -7.96637708e+00]
 [-4.47677719e+00  4.49567528e+00]
 [ 6.05656457e+00 -6.04048699e+00]
 [-2.99350726e+00  3.00883252e+00]
 [-8.08761722e+00  8.09541166e+00]
 [ 3.79686153e+00 -3.79389273e+00]
 [ 4.62749423e-01 -4.58266562e-01]
 [-1.11707788e+01  1.11882409e+01]
 [-2.33521894e+01  2.33604595e+01]
 [ 1.80006988e+01 -1.79939872e+01]
 [-1.54819171e+01  1.54944984e+01]
 [-1.35965007e+01  1.35953942e+01]
 [-9.86844203e+00  9.86506762e+00]
 [ 3.90166088e-01 -3.82069169e-01]
 [-7.43059749e+00  7.43226312e+00]
 [-1.47511252e+01  1.47525338e+01]
 [-4.53866561e+00  4.54498571e+00]
 [ 9.22936581e+00 -9.20900864e+00]
 [-7.55407096e+00  7.56747062e+00]
 [-9.47945092e+00  9.48799740e+00]
 [-6.93206393e+00  6.94311452e+00]
 [-6.14539177e+00  6.14294006e+00]
 [ 1.48505093e+01 -1.48356168e+01]]