[[-6.59875916e-02 -3.05295198e-01 -6.03706949e-01 -7.73340505e-01
   3.48074971e-01 -8.27121634e-01 -5.11156651e-01  3.29713509e-01
   7.03228641e-02  1.28698545e-01 -6.30765126e-01 -3.94806776e-01
  -8.80124567e-01  9.07710137e-01  4.62054684e-01 -3.86048395e-01
   6.53103878e-01 -7.67516190e-01 -7.90414378e-01 -5.33598206e-01
   8.31843888e-01 -2.14883618e-01 -4.25889985e-01  3.12526225e-01
  -6.11061608e-02 -2.35859456e-01  6.95584205e-01 -1.01720503e-01
   7.23356442e-02  8.37709873e-02  2.43155619e-01  5.34082622e-01
  -2.61443393e-02  4.49756461e-02 -8.59141919e-01 -6.17824942e-01
  -3.27248457e-01 -7.14952389e-01  4.42102950e-02  9.30711077e-01
   5.09862784e-01 -9.02470426e-01 -4.92384647e-01 -7.39829186e-01
   4.38899001e-01 -7.34343009e-01  1.62806100e-01  6.29224949e-01
   4.31264310e-01 -3.48440639e-01 -9.39871125e-02 -2.48965868e-01
  -9.84796850e-01 -5.53570417e-02  8.09301360e-01 -1.33917249e-02
  -7.63645010e-01 -1.11134413e-01 -1.88683614e-01  9.03622445e-02
   3.72048840e-01  7.01983132e-01  1.95878955e-01  5.44965346e-01
   5.07499454e-01 -1.29916519e-01 -6.37223078e-02  8.35471098e-01
  -2.53499620e-01 -9.94828815e-01 -3.33160658e-01 -3.18966288e-01
  -6.53652651e-01 -6.09374015e-01 -2.45279385e-01  3.77450285e-01
   9.12676350e-01 -6.14451449e-01 -6.02886769e-02 -2.00072492e-01
  -1.83648312e-01 -7.50579909e-01 -8.92094254e-01  3.39155935e-01
  -1.98824432e-01  9.82132846e-01  8.61585479e-01 -9.91746722e-01
   5.23227909e-03  1.06284386e-01 -5.46453665e-01 -5.44233225e-01
  -8.55006111e-01  8.20079455e-01 -3.13362040e-01 -3.84606554e-01
  -2.85400675e-01 -4.44735138e-01  4.87100033e-01  7.82141656e-01
   3.67139180e-01 -8.62432300e-01 -7.88781476e-01  2.17189265e-01
   9.11785643e-01  2.31679203e-01  4.57066533e-01 -3.72586929e-01
   1.65290023e-01  9.64297888e-01 -3.44546873e-01  3.49228789e-01
   8.52429673e-01  4.57409842e-01  1.64289692e-01  1.84686437e-01
  -7.54416455e-02 -9.96312172e-02 -2.44061730e-01  3.82042282e-01
   2.80225742e-01 -1.10368125e-01 -2.09724590e-01  6.89889678e-01
   6.91390845e-01 -7.50592374e-02  8.55018245e-03  2.00470043e-01
   8.80171906e-01 -9.97814810e-02  6.88381496e-01  8.32163653e-01
   9.84928990e-01  4.77425421e-01 -4.58465361e-01 -7.40499118e-01
   1.45980521e-01 -8.67515985e-01  9.28293414e-01 -6.08384247e-01
  -9.84618957e-01  5.18150384e-01  1.81644164e-01  7.46879821e-01
  -7.98280781e-02  3.88214200e-01 -1.65523707e-02 -3.60260265e-01
  -4.13811097e-01 -1.08510834e-01 -2.99292482e-01  2.99123746e-01
   1.91914470e-01 -5.18324789e-01  5.24054243e-01  8.56981321e-01
   1.80624822e-01  7.68789424e-01 -9.01179894e-01  7.01582390e-01
   4.66330078e-01  6.36240529e-01 -1.46417051e-01  6.19280389e-01
  -6.13781191e-01  8.77774786e-01  7.73216030e-01  7.20163963e-01
  -8.60730116e-02 -6.98503494e-01 -5.52044574e-01  7.15790509e-01
  -2.30371529e-01  4.34301724e-01  2.09108685e-01 -5.29956900e-01
  -7.48377986e-01  6.76392771e-01  3.41999237e-01  1.23199868e-02
   2.96476821e-01 -9.97884395e-01  2.67329565e-01 -2.26054786e-01
  -6.24233891e-02 -9.38593319e-01  1.13235810e-01  4.33428383e-01
  -8.58182829e-04 -2.79964104e-01  9.75541663e-01 -7.84609372e-01
   8.49814390e-02  1.75605745e-01 -7.81559186e-01 -2.71932941e-01
  -7.78160303e-01  7.82246281e-01 -6.70003242e-02 -3.98269794e-01
  -4.48168912e-01 -4.63665632e-01  9.22905485e-01 -6.31531870e-02
   4.03257369e-01  7.75162424e-01 -6.92142901e-01  3.86378413e-01
   7.19726821e-01  6.43665455e-01 -5.82685124e-01 -3.08147811e-01
   5.73956467e-01 -7.83430102e-01  6.30643022e-01 -8.40014562e-01
  -4.23834033e-01 -4.66373955e-01 -1.14433522e-01  3.42259871e-01
   9.29155522e-01 -5.97182832e-01 -2.23307549e-01 -3.54492476e-01
   7.10852690e-01  4.04610206e-01 -5.63852953e-01 -1.86562368e-02
  -7.78391521e-02 -8.24811129e-01 -9.83361978e-01  8.25896946e-02
  -4.93171705e-01  8.79797113e-01  2.27825335e-01  1.16259438e-01
  -5.61032138e-01 -9.87382693e-01  7.96611247e-01 -3.40516032e-01
  -8.51754336e-01  7.54306131e-01  1.44102909e-01 -1.06010666e-01
   9.82136128e-01 -5.16260413e-01 -7.66592217e-01  9.81797088e-01
   9.86713409e-01 -7.47874371e-01]
 [ 4.20280471e-01 -2.87164274e-01  5.75491913e-01  5.47829113e-01
   7.03359073e-01  2.64005819e-01 -4.06518137e-01 -4.20450664e-01
  -6.98768969e-01 -1.69718720e-01  6.15683139e-01 -3.87100167e-01
  -2.07657029e-01 -9.82852312e-02 -3.74666421e-01 -2.27274409e-01
   9.32930079e-02 -1.38368372e-01 -7.78343601e-02 -1.61036135e-01
  -7.52106779e-01  1.72336640e-01 -7.76602341e-02  2.25165907e-01
   6.52155962e-01 -8.83377915e-01  6.64728116e-01  7.46195075e-01
   6.17018203e-01 -3.52034441e-01 -3.25036599e-01 -6.71059960e-02
   1.42414215e-01 -3.62419952e-01  1.80735265e-01 -6.42442811e-01
  -7.94322052e-01  6.99353975e-01 -4.43760117e-01  4.38003544e-01
  -7.62938647e-01 -2.57359088e-01 -6.06434086e-01  4.39793452e-01
   8.92660102e-01  4.44031502e-01  4.51619648e-01 -7.29342188e-01
   8.32663177e-01  4.41068560e-01  3.26297584e-01  8.39282172e-01
  -5.92053379e-01 -6.87131971e-01 -5.19011086e-01  3.09143791e-01
  -9.08134544e-01  4.79050697e-01 -1.82196820e-01  9.52227296e-01
  -5.13487290e-01 -5.56700266e-03 -6.99447982e-01  1.85534770e-01
   3.96958010e-01  3.63532889e-01  8.24029469e-01 -2.51156287e-01
   2.95861229e-01  4.62239521e-01 -9.12111675e-01  5.78125316e-01
   4.40587483e-01  5.10369653e-01  2.68448732e-01 -8.30553893e-01
  -1.53115247e-02 -7.44862925e-01 -5.72606525e-01 -8.77453219e-01
  -9.86284587e-01 -8.48498947e-01  5.95726562e-01 -5.44191117e-01
   6.08277850e-01 -9.94510295e-01 -5.70214119e-01 -3.25356559e-01
   9.73161214e-01  5.37078122e-01 -6.03156051e-01 -3.74955924e-01
   3.03031215e-01 -4.28568354e-01 -2.99723931e-01  3.52351582e-02
   1.49950260e-01  2.99189021e-01 -2.31774671e-01 -1.51961974e-01
   8.67250044e-02  2.96556160e-01  8.22147372e-02  7.21766784e-02
  -7.15530021e-01  9.03363845e-01 -9.83623937e-01 -2.94557248e-01
  -6.47288562e-01 -1.69762967e-01 -8.67846667e-01 -8.03585539e-01
   5.27909192e-01  1.34563335e-01 -5.99641892e-01 -4.46231205e-01
   4.78039752e-01 -7.89764214e-01 -2.55780999e-01 -2.90572453e-01
   1.69247711e-01  8.60518427e-01  1.17574186e-01  2.03914922e-01
   1.93872384e-01 -1.92872894e-01  2.86435125e-01  7.74856248e-01
   7.76208462e-01 -1.80424577e-01  2.46724636e-01  7.06240282e-01
   7.38706960e-01  4.24236715e-01 -1.49201443e-02  8.09425572e-01
  -2.17574026e-01 -3.00909185e-01 -8.23816863e-01 -7.92604892e-01
  -8.76035064e-01  4.81901883e-01 -2.80915078e-01  1.30185927e-01
   2.58358188e-01 -6.27028088e-01  4.38585637e-01 -6.63296916e-01
  -9.04921845e-01  6.27071608e-01 -7.50480778e-01 -3.90808360e-01
   6.67854056e-01 -7.79625009e-01  6.67277489e-01  2.95792610e-01
  -5.65911632e-01  4.63415385e-01 -9.06552599e-01 -7.43318547e-01
  -8.29103992e-01  9.80350746e-01 -4.14718115e-01  3.76717524e-01
  -8.79345964e-01  2.49961591e-01 -2.65524245e-01 -3.63024019e-01
  -3.88316224e-02  5.22842538e-01  9.70544690e-01  6.48030139e-01
  -3.05716672e-01  4.22366571e-01  9.75728902e-01 -1.68375202e-01
  -8.21263287e-01 -2.18405109e-01  5.05629409e-01 -5.57171055e-01
  -2.71812649e-01 -6.32414198e-01  7.26772936e-01 -6.72542765e-01
  -5.77440972e-01  3.47394754e-01  1.86135375e-01 -8.78053643e-03
   5.86335650e-02  2.81449687e-01  6.11356491e-01  8.21740834e-01
   6.24655174e-01 -5.58048318e-01 -4.38433598e-01 -2.27203990e-01
  -8.05031822e-01 -9.11920055e-01 -5.86696046e-01  9.36125871e-01
   1.68829138e-01  1.59995081e-01  8.74522695e-02  6.41000989e-01
   4.72856210e-01  3.85587686e-01  1.60500373e-01 -8.28735686e-01
  -5.19443647e-01 -6.05422444e-01  1.00759219e-01 -2.75306549e-01
   2.36006914e-01 -9.75630979e-01  9.69602484e-01  2.25605443e-01
   5.49441898e-01 -7.03557932e-01 -1.76815448e-01  9.28061585e-01
  -5.69572342e-01  4.71275418e-01 -1.55135148e-01  4.84876548e-01
  -4.02466210e-01  6.18768402e-01 -1.24249209e-01 -2.45462645e-01
  -1.42883099e-01 -3.66580400e-02 -1.99137004e-01 -9.41358491e-01
   6.37622751e-02 -5.54087702e-01 -2.15255310e-02  4.05094179e-01
   7.70642927e-01  7.19463146e-01 -1.77610885e-01 -9.22210614e-01
   4.13849333e-01  9.35807084e-01  8.88733233e-01  2.13311591e-02
  -1.64315528e-01  1.42916738e-01  6.83095720e-01  9.93944696e-01
   5.36994792e-01 -8.53907338e-01]
 [-1.50141965e-01  9.20418207e-02 -4.49462725e-01  3.61903534e-01
   2.92355069e-01  3.95742913e-02 -2.62964351e-01  6.26453975e-01
   8.24291254e-01  5.96815054e-02  3.96108614e-01 -4.49495756e-01
   7.74469063e-01 -7.42118988e-01  7.78795528e-01  7.57079691e-01
   2.67240005e-02 -6.52422550e-01 -6.35846238e-02 -7.16738927e-01
   6.99501432e-01 -3.69601869e-01  9.00553328e-02 -5.51829490e-01
  -6.60567933e-01 -9.41291266e-01 -1.56299547e-01  5.61053552e-01
  -4.01945406e-01  2.38591016e-01 -6.96279407e-01 -6.81479235e-01
   1.15089944e-01 -1.93598768e-01 -8.15194238e-01  9.90569042e-01
  -3.45661908e-01 -3.22742379e-01 -5.48892032e-01 -8.08267553e-01
   8.62243709e-01  1.88874474e-01  1.87082497e-01  7.09101325e-01
   5.37727433e-02  1.60780515e-02 -5.86215278e-01 -8.68494295e-01
   4.31839415e-01 -2.94872948e-01 -7.45309674e-01  2.30792994e-01
  -2.94421996e-01 -3.45088467e-01  6.84951323e-01 -4.02368523e-01
   2.35692876e-01 -4.73138886e-01 -6.35782955e-01 -9.34967867e-01
   7.09192829e-01 -6.53437819e-01  2.98729850e-01 -3.56140901e-01
   4.41247140e-01 -8.27361468e-01 -6.21110553e-01  7.76021772e-02
   6.05119779e-01  6.12982703e-01 -4.69478464e-01  1.35358578e-01
  -9.85148288e-01 -2.53417832e-01 -4.09079112e-01  6.80367964e-01
  -8.37090593e-01  4.55224387e-01 -5.18680317e-01 -1.00495637e-01
  -4.69285879e-01  9.72993662e-01  9.07354975e-01  1.34848909e-01
  -6.85352618e-01 -8.50778315e-01 -6.47185950e-01 -3.33187113e-01
   7.05177225e-01 -2.98855340e-01  5.01039882e-01 -9.40732247e-02
  -2.10143053e-01 -4.51461444e-01 -1.50754332e-01  1.79709725e-02
  -9.00744491e-01  6.11830783e-01  5.47507744e-01 -1.97751584e-01
   4.59731179e-01 -4.69146283e-01  9.56532220e-01  9.64403763e-01
  -8.90241096e-01  3.47534564e-02 -5.30280974e-01 -7.12910819e-01
  -4.90008261e-01  7.95664950e-02 -6.51595996e-01  5.43817295e-01
   1.65176365e-01  2.06494694e-01 -5.44890251e-01 -2.31938304e-01
  -7.64071241e-02 -6.83179981e-01  9.59681313e-02 -7.69587644e-01
  -2.60981726e-02 -2.74121618e-01 -7.81122375e-01  4.64673742e-01
  -2.83573213e-01 -9.90089833e-01  5.09108937e-01  7.82737264e-01
   5.71263275e-01  2.96513046e-03 -6.50307352e-01  1.08419674e-02
   1.80633609e-01 -5.46351755e-01 -9.16301559e-02 -7.12850691e-01
   8.80108660e-01  2.85564907e-01 -2.51971497e-01 -5.89990010e-01
   1.95559686e-01 -4.26142799e-01  6.85477229e-01  7.77997075e-02
   2.15216557e-01 -9.93221329e-01 -7.93608679e-01  4.37146469e-01
   6.93221229e-01 -9.35071375e-02  7.94166442e-01 -1.91458568e-01
   3.42486008e-01 -3.68660776e-01 -1.56478918e-02 -3.67948504e-01
  -8.70537869e-01  3.29826044e-01 -6.08296678e-01 -8.87596617e-01
  -6.86795578e-01 -1.10571225e-01  9.79937426e-01  9.62197849e-01
   3.01628710e-01  4.43928564e-01 -1.77339550e-01  8.98759193e-01
   4.34939214e-01 -7.32224350e-01  6.44695388e-01 -3.66300777e-01
   9.34678383e-01  2.36392919e-01 -6.30024628e-01  4.62748542e-02
  -2.64785564e-01  5.02310490e-01 -7.84475533e-01  5.55789845e-01
   2.85715346e-01 -6.47774832e-01  5.65738262e-01  9.00025710e-01
  -4.72372310e-01 -8.29470702e-01 -9.48844202e-01  6.09744965e-01
  -3.88094407e-01  2.66299596e-01  2.01020987e-01 -9.02372751e-01
   2.76104902e-01  8.77277809e-03  2.50975054e-01  5.29873432e-01
   3.20395518e-01  2.70684095e-01 -9.58118315e-01  3.62038742e-01
   1.58853413e-01 -7.02194581e-01  6.89776763e-01  7.09531663e-01
   7.26957675e-01 -5.30412750e-01  6.23779015e-01 -5.03643071e-01
  -2.65184373e-01  8.85806453e-01 -9.87932471e-01  6.65176601e-01
   1.92497426e-01  9.11628744e-01  8.16450711e-01  5.18432291e-01
  -7.99633344e-01 -1.97676096e-01 -9.94866920e-01 -1.08311772e-01
   6.26026950e-02 -2.27876986e-01  4.59125455e-01 -8.23719982e-01
   2.49884319e-01 -9.88438944e-01 -3.57572414e-01  8.24204410e-01
   9.46692714e-01  6.03240371e-01 -8.94012780e-01 -4.55693233e-01
   9.22182360e-01  9.90180362e-01  9.81552784e-01  4.66780502e-01
  -8.96147040e-01  7.90030757e-01 -2.42254185e-01 -2.45397368e-01
   9.96567461e-01  1.10470925e-01  6.44173562e-01 -6.36928420e-03
  -1.62800745e-03  2.93544923e-02  9.93868477e-01 -6.45426104e-01
   3.92778387e-01  3.97314770e-01]
 [ 7.31997792e-01 -5.66572546e-01 -9.08012049e-01  9.83092945e-01
   4.36745663e-01  5.50175496e-01 -1.61518898e-01 -3.28901074e-01
  -9.81880318e-02  9.78080919e-01 -5.20423965e-01 -8.63450243e-01
  -1.37037557e-01 -8.59929921e-01 -4.12695214e-01 -6.27014731e-01
  -9.10946168e-01 -9.41408018e-01 -6.65490312e-01 -4.78383979e-01
  -7.05196497e-01  8.69065755e-02  7.58347633e-01  6.54838317e-01
  -3.81666298e-02 -3.10643255e-01 -3.23022862e-01  5.17342649e-01
  -3.87013824e-01 -6.96866368e-01  4.17318632e-01 -4.38492549e-03
   2.56930224e-01  2.05727771e-01  2.26756241e-01  2.39734125e-01
  -4.65558448e-01 -6.62397451e-01  9.74966410e-01  4.49134249e-01
   5.43254392e-01  1.71797248e-01  3.37612217e-01  9.87920986e-01
   2.70212108e-01  8.81555575e-01  9.86371414e-01 -9.79356425e-01
  -4.59739623e-01 -1.09429942e-01  8.09996523e-01 -4.81148088e-01
  -6.72391145e-01  5.45332956e-01  7.08130768e-01  2.29511597e-01
  -5.15239774e-01 -5.02895737e-01 -6.42306783e-01  4.41309526e-01
  -5.96873335e-01 -4.27240480e-01 -3.01599503e-01  7.51163184e-01
   9.97302349e-01  7.47507567e-01  8.93026125e-01 -7.82261339e-01
  -2.31880751e-01  5.39816899e-01 -6.13030831e-01 -2.72288584e-01
  -3.13232673e-01  5.51262649e-01 -5.38211005e-02  3.18216513e-01
   6.94086446e-01  2.82198678e-01 -1.87642186e-02 -2.92392338e-01
  -5.26313381e-01 -6.52105896e-01  1.14654364e-01  8.88216665e-01
  -5.46434104e-01  5.04375321e-01 -7.51758461e-01  5.93294856e-01
   6.61103089e-01  2.16655506e-01  9.61380225e-01  9.22904905e-01
   5.09764171e-01  5.85711180e-01  8.05718500e-01  3.58216441e-01
  -9.90803832e-01  5.78443892e-01 -2.52342054e-01 -8.28840096e-01
   1.49210075e-01 -4.52589975e-01  8.15945050e-01  1.25472252e-01
   9.17853503e-01  8.38557862e-01  7.56428629e-01  3.66341770e-01
  -2.15005230e-03  8.34678768e-01 -4.06686525e-01  4.05086375e-01
   1.92103466e-01  4.67613488e-01  4.36477428e-01  4.56822359e-01
  -4.30771435e-01 -9.76492141e-01  8.21306457e-01 -1.91015190e-02
  -9.17591858e-01  1.97121153e-01 -4.67415130e-01  6.34890824e-01
  -2.49214086e-01 -6.29107776e-01 -4.76379775e-01  4.31062367e-01
  -4.30893658e-01 -6.93850633e-01 -1.20310070e-02  5.26021371e-01
   2.60454111e-01  4.57038815e-01 -5.34312699e-01 -5.05452283e-01
   8.79359020e-01  4.27889983e-01  3.16187393e-01  6.00832186e-01
  -2.68604559e-01  4.28756376e-01  3.60677626e-01 -7.43590393e-01
   7.98121251e-01 -4.29624576e-02  2.66040351e-01 -9.71642382e-01
  -5.33720941e-01  2.67652989e-01  9.46747675e-01  6.95003961e-01
  -9.78331354e-01  4.13471808e-01 -8.58723896e-01  4.07654634e-01
   4.18999902e-01  8.51832916e-01  4.07280503e-02 -2.42305891e-01
   9.13674326e-01  7.67909510e-01 -9.47236020e-02 -2.64150424e-01
   9.88661545e-01  7.19163093e-01  8.58110649e-01 -1.50121107e-01
   7.27963588e-01  5.33409763e-01 -2.41899586e-01 -7.74806258e-01
   5.49089344e-01  3.24736823e-01  9.73064601e-01 -4.09528142e-01
  -1.21261612e-01 -9.28056651e-01 -7.81617413e-01 -4.60383700e-01
   6.42169949e-01  2.21512292e-01  8.51941056e-01  8.72127779e-01
   9.82151872e-02  1.21720934e-01 -9.18096185e-01 -8.11057572e-01
   5.39827109e-01  5.47088411e-01  7.18219338e-01 -4.79197510e-01
  -3.42685573e-01  3.47154657e-01 -8.21449457e-02 -7.61621915e-01
  -3.86805175e-01  4.78482809e-01 -6.84250077e-01 -2.63732984e-01
  -7.97078457e-01  8.45955710e-01  5.72619387e-01 -2.07312564e-01
   7.49718660e-01  8.67591903e-01 -1.61866089e-01  1.10957923e-01
   3.60130388e-01  8.24656149e-01 -2.68634523e-01 -3.49591675e-01
   7.10733574e-01 -7.34880672e-01 -6.86252096e-02  4.84088412e-01
  -5.26156834e-01 -2.74174443e-01 -6.96459129e-01  3.89607556e-01
  -7.27150604e-01  6.32190355e-01 -5.02818379e-01  2.29114996e-01
  -5.83631771e-01  7.75452219e-01 -8.85549689e-01  1.74446069e-01
  -4.74456150e-01  1.18378791e-01  8.13035798e-01  7.06244050e-01
  -8.92508925e-01  9.97761470e-01  9.20186390e-01  3.07788683e-01
  -5.81920486e-01  4.60609161e-01  9.88662379e-01  5.71517012e-01
  -9.58648630e-01  9.25448189e-01 -5.97767074e-03  9.36357851e-01
  -7.99034298e-01  1.70804418e-02 -9.93965477e-01  2.20154790e-01
  -2.86962935e-01  4.00686761e-02]
 [-3.99428615e-01  5.50431242e-01  8.00698364e-01 -3.68751268e-01
  -2.78722605e-02  5.81995480e-01  9.12986364e-01 -9.52252873e-01
   6.26659918e-01 -8.60584380e-01 -7.14603826e-01  5.45548287e-01
  -6.56742670e-01  5.84828013e-01 -4.04839299e-01  6.53933850e-01
   6.69184178e-01  7.71079573e-01  8.66976773e-01 -4.40669800e-01
  -2.60527702e-01 -6.70841744e-01  7.96409101e-01  6.77496504e-01
  -8.24758599e-01  6.79809305e-01 -8.02946235e-02  2.09921249e-01
   9.11007203e-01 -6.27636240e-03 -8.56864330e-01  8.19423118e-01
  -7.56981339e-01  8.01323587e-01 -2.91210770e-01  2.03505478e-01
   9.17635285e-01  2.27600010e-01  2.96171276e-01  9.83669270e-01
   5.50972720e-01 -1.57408521e-01 -3.40471770e-02  7.76880985e-01
   5.06273857e-01  4.48244091e-01 -1.39774552e-01 -7.68133417e-01
   8.62080897e-01 -5.61931985e-01  7.38756009e-01  6.41604748e-01
   9.71106290e-01  5.49210735e-01 -2.24380661e-01 -2.57267309e-01
  -8.99331583e-01  1.68308919e-01  2.72848866e-01  7.64312634e-01
  -4.26013617e-01 -1.61059712e-01 -7.70146135e-01 -6.33526833e-01
   5.51482821e-01  2.90740365e-01 -5.18446173e-01 -3.73447412e-01
   2.30752397e-01 -3.66618812e-01  3.58340715e-01  8.71483309e-01
   8.63385436e-01 -8.95979960e-01  2.48422340e-01  6.37087781e-01
  -1.05986665e-01 -7.98847926e-01 -4.33907104e-01  2.92448215e-01
  -7.23239088e-01 -2.78376255e-01  3.34432294e-01 -5.16288993e-01
  -1.59718371e-01 -3.94963200e-01  1.31909278e-01 -7.69179585e-01
   8.69415419e-02 -1.87000235e-01  6.25877755e-02 -4.20223949e-01
  -5.42724947e-01  3.20796706e-01 -4.19738948e-01 -8.19166013e-01
  -5.26639275e-01 -5.43618596e-01  1.92290765e-01  1.58179818e-01
  -1.37470910e-01  4.23583227e-02 -3.70090241e-02 -9.86592394e-01
   2.34128517e-01  2.79572096e-01 -6.59147344e-01  8.90587517e-01
   4.83075908e-01 -6.39871757e-01  7.86643638e-01 -5.93224352e-01
  -1.59751598e-01  6.59747385e-01 -6.51869975e-01  2.62477267e-01
  -8.78697768e-01 -3.70561606e-01 -4.05384923e-01  7.45539270e-01
   8.61314949e-01 -6.87997748e-01  7.59552285e-01  4.35150577e-01
   9.44276338e-01  1.87017483e-01 -5.17192591e-01 -2.67582133e-01
  -1.68084446e-01  8.51193800e-01  8.07742423e-01  7.98979277e-01
  -2.47587006e-01  4.16984238e-01 -2.04382108e-01 -6.60612080e-01
   5.40381580e-01 -9.92772886e-01  9.57462073e-03 -6.81048764e-01
  -7.02536094e-01  4.77444302e-01 -4.83395278e-01  7.06878951e-01
  -8.22739605e-01  5.01734228e-01 -9.75889064e-01 -1.27738591e-01
   7.80319091e-02 -3.88208976e-01 -6.13078783e-01 -1.52234483e-01
  -1.03277238e-01 -3.86072908e-01  6.13864486e-02  3.17339621e-01
   7.63781228e-01  2.89038718e-01 -7.22751722e-01 -6.59025055e-01
   5.83480854e-02 -4.43693221e-01 -9.29923606e-01 -5.21422780e-01
   5.74326550e-02 -2.41631897e-01  9.64404922e-01  9.98223105e-01
  -4.97754455e-01 -7.36357332e-01 -1.28596080e-01 -2.13488370e-01
  -5.57578105e-01 -8.69269128e-01  1.53322695e-01  4.05778267e-01
  -2.33041662e-01  3.23296002e-02 -2.85645093e-03 -5.18226764e-01
   2.72322180e-01 -1.57211105e-01  9.82703033e-01  1.62983450e-01
   7.64613568e-01  8.38310136e-01  9.20682006e-01 -7.25080328e-01
   5.12029948e-01 -5.71663855e-01 -6.60200664e-01  4.83875140e-01
  -4.64401691e-01  6.87348057e-01 -6.51364193e-01 -5.04467545e-01
  -2.28544581e-01 -6.59226202e-01 -2.58286211e-01  2.16906343e-01
   9.11889932e-01  1.56174692e-01  9.41442902e-02 -6.13013661e-02
  -6.78817041e-01 -7.05495796e-01 -5.10444435e-01 -1.82207342e-01
   2.83000795e-01 -7.59846322e-01  4.32812005e-01  8.52408741e-01
   5.31717710e-01 -8.41606700e-01 -3.02405867e-01  8.83849576e-01
   7.95845224e-01  9.01060324e-01  7.56599543e-02  9.47133143e-01
   5.46573158e-01  2.48623797e-01  9.64283146e-01  1.29770785e-01
   6.97312684e-01 -6.83962256e-01 -5.54553341e-01 -1.96786824e-01
   2.00566539e-01  5.21741003e-01 -9.79122958e-02  6.52993704e-01
   2.62880980e-01  5.34501162e-01 -4.58262800e-01 -1.92792590e-01
   9.81846331e-01  7.10036519e-01 -9.05544383e-01 -7.92340288e-01
  -4.35244994e-01  1.08467089e-01 -2.79960906e-01  6.86225308e-01
  -5.27972184e-01  8.32916915e-01 -9.45056399e-02 -1.85396583e-01
  -2.17966727e-01  2.84072194e-01]
 [-9.24057499e-01 -5.36381400e-01 -1.28065034e-01 -8.90081683e-01
   4.82244036e-01  2.23686161e-01  1.60108740e-01 -9.59836051e-01
  -7.03777292e-01 -4.00112471e-02  1.71375103e-01  5.35207571e-01
   5.21732450e-01 -5.87113083e-01  4.06745243e-01  3.22052638e-01
  -9.10525348e-02 -3.52205754e-01 -8.47594726e-01 -7.41574214e-01
  -3.53091477e-01  6.26312517e-01 -8.77278451e-01  5.46672871e-01
  -2.19435999e-01 -4.17573231e-01  8.38830569e-01  8.13037434e-01
  -7.54891985e-01 -7.83141635e-01 -9.40700749e-01 -7.85974716e-01
   5.90468622e-01 -1.17769825e-01 -6.80612418e-01  2.82593236e-02
   2.52957064e-01 -6.40354994e-01  4.73576262e-01  4.58939736e-01
   2.23361275e-01 -1.63563651e-01 -7.37196935e-01  2.03087407e-02
   4.84098060e-02  6.61284203e-01  7.11145152e-01  1.68854076e-01
  -4.84523389e-01  3.31294928e-01  7.97318777e-01  5.73273258e-02
   1.77154695e-01  4.69998369e-01 -2.80001763e-01  5.41080028e-01
  -2.95577975e-01  8.27813925e-01  5.74103685e-01  5.13266074e-01
  -2.10367908e-02  7.60713074e-01  7.73040532e-01  7.09509141e-01
   9.33431871e-01  7.29308142e-01  7.56248824e-01  9.81059615e-01
  -1.27253310e-01  4.92887451e-01  7.15551198e-01 -2.06301125e-01
   9.55114788e-01 -1.41804835e-01 -6.26514590e-03 -4.86215492e-01
   5.64873423e-01  8.32385701e-01 -5.63961426e-01  7.66177778e-01
  -1.56365933e-01 -3.15387980e-01 -9.42482391e-01 -8.08469930e-01
  -5.47757077e-01  3.32627504e-01 -1.23108194e-01  4.75584646e-01
   6.99307326e-01 -4.41567074e-01  2.93172669e-01  3.54749700e-01
  -3.75159411e-01  3.08133785e-01 -5.09230600e-01  3.92153260e-01
  -4.06176809e-01 -1.71921523e-01  8.58069352e-01 -8.87604258e-01
   9.20278766e-01 -5.93728568e-02 -8.19481784e-01  2.41237389e-02
  -5.21806839e-01  9.07045167e-01 -3.35445648e-01 -3.42864854e-01
  -7.89786907e-01 -8.10058157e-01 -8.34946389e-01  4.39692832e-02
   3.52829430e-01  5.00918668e-01  4.02773881e-02  7.68287005e-01
   5.54620849e-01  7.98126857e-01 -5.72190213e-01 -5.96907109e-01
  -5.71399877e-01  8.95942548e-01  1.89218413e-01  1.43029323e-02
  -6.29123054e-01 -8.54221447e-01 -7.05702085e-01  4.52533015e-01
   9.96260786e-01 -5.14287265e-01  7.56070685e-01  4.88263772e-01
   2.60343638e-01  4.35294055e-01  8.28382417e-01 -5.76181376e-02
  -8.73123450e-01 -3.87543672e-01  5.54803094e-01 -6.50937929e-02
  -3.81770250e-01 -3.99585761e-01  9.87429155e-01  2.86852408e-01
   3.55697557e-01 -2.53632034e-01  1.37613522e-01 -1.22011092e-01
   7.73763569e-01  7.23699979e-01 -7.76031204e-01  9.68521448e-01
  -6.64492299e-01 -7.02567575e-01  2.89794308e-01 -3.03132390e-01
  -9.55210438e-01  2.96629396e-01 -6.50271469e-01  6.41183920e-01
  -1.58624939e-01  3.92667479e-01  7.42766312e-01 -1.23132805e-02
   6.35433640e-01 -4.43834778e-01  1.79391768e-02  3.96473236e-01
  -3.78079257e-01  4.63212891e-01 -5.28109000e-01 -7.07212657e-01
   1.50633669e-01  8.49183374e-01  7.11828080e-01  6.02946622e-01
  -6.96366965e-01  9.15865582e-01  3.59693890e-01 -6.93157180e-02
   8.59067313e-01  7.38586761e-01 -2.77528325e-01  1.19332805e-02
  -4.64868229e-01  7.30720529e-01 -5.97164750e-01 -3.32247591e-01
   1.35899963e-01 -9.22458710e-01 -5.86646332e-01 -5.17921452e-01
   5.54934321e-01  8.72729469e-01 -2.33750748e-01  1.35295662e-01
  -4.15071744e-01  2.42076619e-01 -2.11141362e-01 -3.22596361e-01
   8.66051465e-01  9.87940813e-01 -7.35303685e-01 -7.58126270e-02
  -8.55680011e-01 -8.73140899e-01  5.23652454e-02  6.94882870e-01
   2.83939033e-01 -3.29872241e-01  3.00912585e-01  4.59337104e-01
  -5.46795733e-01  9.76211884e-01  2.36169861e-01  1.09062316e-01
   7.84318471e-01  5.92397294e-01  4.39190258e-01  6.49190841e-02
   9.50489253e-01 -1.28672999e-01 -8.09980107e-01 -8.90025012e-01
  -6.83241282e-01  3.33724278e-01 -4.50362923e-01  9.84523756e-01
  -6.89918789e-01 -4.00973751e-01  4.49550768e-01 -9.76694624e-01
   5.95574961e-01  5.14178265e-01 -9.75717252e-01  9.29801751e-01
   7.31116530e-02  7.38334714e-01  4.14640753e-01 -5.31665947e-01
   2.20034858e-01  3.00866716e-01  2.92658203e-01 -6.01852729e-01
  -1.00467473e-01 -4.91738663e-01 -6.13748332e-02  3.65482646e-01
  -3.08319853e-01  1.28342350e-01]
 [ 2.12423366e-01 -6.18763212e-01  4.55960467e-01  2.61273159e-01
  -2.94355531e-01  2.33565723e-01  6.90375028e-01  5.18985531e-01
  -8.26761433e-01 -1.75448600e-01 -7.63643077e-02 -4.77233842e-01
  -4.98123979e-01  9.35973132e-01  1.82959829e-01 -6.31768019e-01
  -6.37306906e-01 -9.51206065e-02 -9.88562395e-01  8.87630459e-01
   4.36194713e-01  4.18201004e-01  5.30965863e-01 -8.65771203e-01
  -4.06911359e-01  7.44871676e-02  1.78181766e-01  1.22964271e-01
   3.22100563e-01  9.22576264e-01 -3.03012238e-01 -6.92457503e-01
   1.60706453e-01  1.57651810e-01 -4.83648912e-01 -3.93363585e-01
  -9.08904118e-01  8.34735520e-01  4.78995910e-01 -5.01461005e-01
   6.69764972e-01 -8.90550645e-01 -6.11842530e-01 -1.51042228e-01
  -1.38835271e-01  5.87445908e-01  8.89262880e-01 -3.82483082e-01
  -9.08169487e-01  8.35001474e-02 -2.51463491e-01 -3.10621320e-01
   9.92883849e-01  2.10979625e-01  2.57374941e-01  1.12224784e-02
  -7.37800325e-01  5.15735273e-01 -7.54043631e-01  4.91352669e-01
  -2.26012944e-01 -2.95438938e-01 -9.94541648e-02 -4.39658970e-01
   7.98866729e-01 -5.51293263e-01  4.57814190e-01  2.02213419e-01
  -2.02185511e-01  5.06149089e-01  4.79425146e-01 -7.97377676e-01
   2.49114446e-01 -9.95178828e-01 -2.33683932e-01  9.61612061e-01
   7.77721591e-01 -8.59299473e-01  2.16563988e-01  3.72817311e-01
  -6.21747412e-02  1.16285972e-01 -8.36437097e-01  1.05340995e-02
  -8.32384636e-01  8.32203846e-01  3.15610857e-01 -6.55022995e-01
   1.75420316e-01 -4.59035403e-02 -1.21579722e-01  2.63582309e-01
   1.30344338e-01  9.45289524e-01  1.32961815e-01  4.84525615e-02
  -9.46442379e-01  7.88893380e-02  4.48599508e-01  7.89232220e-01
   3.36368979e-01  1.56311088e-01  9.53062953e-01  2.96549931e-01
  -8.12715122e-02 -1.59992752e-01 -2.30311615e-01 -5.70344521e-01
   2.44562164e-01 -8.59096161e-01  8.93016896e-01 -9.24224001e-01
  -8.75130956e-01  5.96779924e-01  7.03906222e-01 -7.16029621e-01
   6.24079138e-01 -5.15321886e-01 -5.13819352e-01  5.51565696e-01
  -1.46340294e-01  4.11811951e-01 -2.95531004e-01 -4.97138834e-01
   9.88151303e-01  7.34807155e-01  3.98049013e-02  9.46956155e-01
   6.99795656e-01  4.56153143e-02 -1.16448843e-01 -6.52869819e-01
   9.35916655e-02 -9.18959387e-01 -5.17426506e-01 -6.41670347e-02
   6.16658661e-01  6.69373837e-01  8.78279652e-01 -4.38203565e-01
   3.56081404e-01  3.14962129e-01  7.34415424e-01  3.21078717e-01
   9.81403336e-01  1.65605109e-01 -3.15593423e-01 -6.89546977e-01
   4.90632861e-01  4.98529168e-01 -4.71295892e-01  6.35398866e-01
  -1.72165595e-01 -6.21180621e-01 -1.44916603e-01  1.49137936e-01
  -7.12897974e-01  9.56665515e-01  6.74662731e-01  5.95185543e-01
   8.27903497e-01 -2.58472196e-02 -8.02008682e-01  8.36340302e-01
  -4.90129460e-01 -3.66317108e-01 -5.41013067e-02  7.37185830e-01
  -5.20348168e-01 -3.98320803e-01 -4.42502263e-02  1.42760062e-01
   3.80904051e-02  1.05131426e-01 -1.31167404e-01 -3.36960479e-03
   3.67703864e-02  7.62392370e-01  9.28999351e-01 -9.39027050e-01
  -1.59339429e-01 -2.88371436e-01 -5.78032150e-01 -1.07604072e-01
   9.67612946e-02 -6.49219530e-01  7.37144214e-02  1.98140228e-01
  -4.81092054e-01 -9.57741802e-01  3.24083177e-02 -5.64386640e-01
   4.10566011e-01 -6.94667268e-01 -8.42362448e-02  3.24699356e-01
  -4.10977268e-01  2.79188995e-01  8.21396035e-01  6.09495694e-01
  -3.00090129e-01  1.57732142e-01  7.59461827e-01  6.41648261e-01
   4.65327405e-01 -3.11589184e-01 -3.62160317e-01 -1.26441314e-01
   3.25573907e-01 -4.88261495e-01 -3.63659165e-01  1.56994549e-01
  -3.73160534e-01  4.85024412e-01  6.23186661e-02 -2.25319515e-01
  -5.33997263e-02  3.88844735e-02  9.92364650e-03 -8.68020029e-01
  -7.43894618e-01  3.73671695e-01 -6.53109537e-02  6.00453885e-01
   8.21489520e-01 -5.40292027e-01 -1.03297017e-01  2.77376131e-01
  -4.94436010e-01  1.73782781e-02 -3.30659847e-01  9.60211469e-01
  -1.36966298e-01  7.27600267e-01 -1.05745239e-01 -4.10851448e-01
   1.50952556e-01 -3.57008230e-01 -2.82884968e-01  1.83150320e-01
   1.72970586e-01  3.73145470e-02  3.62333812e-01 -1.19856745e-01
   8.05031562e-01 -3.84567085e-02  6.28175935e-01  6.47832585e-01
   6.85562456e-01 -4.20122622e-01]
 [-1.56561541e-01  7.98834641e-01  5.66992123e-02  5.94822042e-01
  -6.13433793e-01 -7.48269395e-01 -2.13494162e-01  6.05674181e-01
  -3.69987445e-01 -2.53861181e-01  6.86946507e-01  8.23573675e-01
  -3.71055115e-01 -8.06882479e-01 -5.62553269e-01  3.17760585e-01
   8.86132590e-01 -2.18774792e-01 -1.64944283e-01  6.67261620e-01
   5.83778452e-01 -4.28053064e-01 -7.33189862e-01  3.05807937e-01
   4.03694244e-01  9.18246962e-01  3.35873573e-01  2.06856559e-01
   6.43548897e-01  7.86649181e-01 -8.32992002e-01  6.38850156e-01
   6.94637762e-01 -1.86739789e-01 -5.88160487e-02  4.24904779e-01
   2.61829601e-01 -4.59170794e-01  4.22064214e-01 -5.94789003e-01
   6.45823319e-01  9.79421097e-01 -1.14924435e-01  6.22150811e-01
   7.71788544e-01 -5.02430638e-01 -4.76076357e-01  4.40193425e-01
   7.90263677e-01 -8.56089361e-01  8.89193404e-01  6.61172523e-01
  -9.33302520e-01  9.42754091e-01 -9.18744346e-01 -9.86583543e-01
   8.35674187e-01 -2.08823968e-01  8.37581060e-01 -6.07525013e-01
   5.55030986e-01  5.29047276e-01  3.81043309e-01 -7.03911899e-01
  -3.92813175e-01  2.76005230e-01  9.51781498e-01 -1.35016127e-01
   3.47503111e-01 -6.96351259e-01  6.28567901e-01 -2.14790019e-01
   2.62483540e-01 -2.18703033e-02 -1.48651032e-01  9.41615544e-01
   9.33208113e-01  3.34750518e-01 -7.62415018e-01  9.49951412e-02
  -9.03349941e-02 -2.98874330e-01  6.01683063e-01 -7.42219660e-01
  -9.41146052e-01  1.28612406e-01 -7.04705688e-01 -7.42111827e-01
   5.27124528e-01 -4.59392182e-01  9.87142538e-01  6.13970524e-01
   2.44724379e-01 -9.27301990e-01 -5.65703725e-01 -4.98326837e-01
   1.60079701e-01 -8.83665523e-01 -6.60135532e-02 -6.88747579e-03
   8.51372035e-01 -8.20211079e-01  3.16823845e-01  3.65165173e-01
   1.07943235e-01  4.12053176e-01  3.34085573e-01  5.33866131e-01
   7.42104376e-01  5.66734551e-01  6.06999524e-01  5.47836609e-01
  -7.00067037e-01  2.96534466e-01 -5.29350846e-01 -6.71239811e-01
  -4.53936116e-01  2.57690963e-01  1.62320323e-02  5.51710042e-02
   8.04563520e-01 -8.85655634e-01  5.49906460e-01  2.49323829e-01
  -9.63034255e-02 -8.52370696e-01 -3.67338068e-01 -1.26929812e-01
   1.45384390e-02  8.11982978e-01 -4.77388245e-02 -1.91524273e-01
   2.06915907e-02 -3.71126721e-01  6.81293166e-02  1.90758022e-01
  -1.61499256e-01 -4.33265183e-01  3.77929171e-02  4.73876701e-01
  -9.73093034e-01  1.93329385e-01  8.97734087e-01  3.53313945e-01
   1.60554089e-01  2.81189713e-01  3.52650733e-01 -6.73729169e-01
   4.08249783e-01  3.79791375e-02 -2.04166295e-01  2.89486044e-01
   6.27979863e-01 -3.64738164e-01  5.47570541e-01  5.47346641e-01
  -1.98720750e-01  9.43826938e-01  5.34264787e-01 -7.53435957e-01
  -2.29340436e-01  7.30312793e-01 -6.13253172e-01  4.26587670e-01
   4.94564645e-01  6.78560803e-01  3.83100442e-02 -8.58106492e-01
   8.69764478e-01 -8.03795890e-01  8.94189394e-01  8.64389418e-01
  -5.47243787e-01 -1.78117499e-01 -2.65588244e-01  8.33133337e-01
   5.00484224e-01 -4.72205576e-01  4.76008171e-02 -8.37391265e-01
  -4.12899158e-01 -1.15397796e-01  8.55980231e-01 -3.85458888e-01
  -5.14524052e-01  4.16087646e-01 -3.13587497e-03 -9.08601356e-01
   6.41336641e-01 -3.92596526e-01  7.84160723e-02  1.26389761e-01
  -9.63141525e-01 -9.44781358e-01  2.67036995e-01  5.51353126e-01
   1.07697985e-01 -1.40389275e-01  7.43020569e-01  4.85999676e-01
  -4.07936272e-01  5.82764240e-01  2.70159498e-01 -5.83461264e-01
  -5.49944366e-01 -8.31070248e-01 -8.10498341e-01 -9.09167992e-01
   6.88423363e-01 -9.52551284e-01 -2.45428962e-02 -8.74182984e-01
  -6.23250420e-01  1.95404837e-02 -4.99495924e-01  3.98124105e-01
  -7.14561919e-01 -9.21495468e-02 -4.55487974e-01 -3.80787360e-01
   9.39397508e-02  6.88759736e-01 -9.53670041e-01 -1.76578890e-01
  -7.14903760e-01  2.49780812e-01  1.40632830e-01  4.68151672e-01
   6.08556933e-01  1.88199821e-01  4.60201570e-01  1.78448099e-01
  -9.14613480e-01  1.36047780e-01 -3.48994224e-01 -4.71077992e-01
  -5.93837005e-01 -3.07821174e-01  9.64805645e-01 -3.94909499e-02
  -8.94520717e-01  1.40828718e-01  8.61107889e-01  7.79225725e-03
   6.20796498e-01  2.89024284e-01  5.51259192e-01  3.15520043e-01
  -1.57387083e-01 -7.98661380e-01]
 [ 9.93339581e-01 -4.15683323e-01 -3.37247890e-01 -8.94144408e-01
   9.35289928e-01  5.97233669e-01  9.44926907e-01  3.21409510e-01
  -1.81564050e-01 -3.02304818e-01 -9.62622708e-01 -4.81177209e-01
   9.93265607e-01 -9.61844297e-01 -4.88764054e-01  2.31764211e-01
   3.18336202e-01  6.85343581e-01  1.75211350e-01 -4.88129365e-01
   2.85514009e-02 -3.13891671e-01 -4.73471285e-01  7.65076277e-01
  -5.71624377e-01  3.96848762e-02  5.45495924e-01 -8.45562858e-01
   2.82560483e-01 -5.37806029e-01 -9.31809627e-01  2.41954411e-01
  -7.73393753e-02 -1.44439978e-01  2.58440989e-01 -1.93334229e-01
   4.60528105e-01 -1.69234081e-01  8.46093027e-01 -6.00462258e-01
   1.35283001e-01 -4.20437291e-02 -8.98662312e-01 -9.28469366e-01
  -5.51558680e-01  3.74931419e-01 -5.09852426e-01  9.59988681e-01
  -1.32130237e-01 -6.94902992e-01  4.80635613e-01  4.14617192e-01
   8.30692799e-01 -1.47691799e-02  1.90348771e-01  2.37523751e-01
   9.87581953e-01 -1.84626660e-01 -3.31652021e-01  3.40436840e-01
   9.07842551e-01 -8.48576477e-01  6.39258232e-01 -4.25734648e-01
   2.34716961e-01 -8.61567981e-01  8.86128135e-01  7.60549575e-01
  -7.14808013e-01 -5.68948998e-01 -5.84114842e-01 -5.55151326e-01
   7.99474711e-01 -7.32188996e-01 -6.41084436e-01 -6.56808925e-01
   4.89358159e-01 -5.97460432e-01 -8.35675638e-02  3.75947830e-01
  -4.07708231e-01  4.19657927e-01  9.70257512e-02  9.29772289e-01
  -5.55018992e-01 -2.67455701e-03  9.99654650e-01 -7.46057684e-01
   1.62642693e-01  1.56140898e-01 -4.82807235e-01  2.78254600e-01
  -8.92989747e-01  5.61116778e-01  1.14178067e-01 -5.03885578e-01
   2.37899069e-01 -2.58195375e-01 -9.59805643e-01  9.35903605e-01
  -8.29724363e-01  3.09996316e-02 -4.15271752e-01  3.40401424e-01
  -1.58076672e-01  7.22772345e-01 -7.47656330e-01 -2.69225902e-01
   3.23956251e-01 -3.21012508e-01  7.90884903e-01  8.60679949e-01
   1.84878594e-01 -2.23620752e-01  3.82889165e-01 -1.14100124e-01
   8.13300269e-01  7.18701199e-01  8.56405543e-01 -5.89312190e-01
   4.10794925e-01 -7.10890584e-01 -9.77871213e-01 -3.75636852e-01
  -4.96660855e-01  9.12925656e-01  2.32216311e-01  1.04580522e-01
  -2.51021104e-01  5.20627522e-01 -2.54767656e-01 -3.72076578e-01
  -5.16442454e-01  9.34594588e-01 -7.28753358e-01  8.09611360e-01
  -8.67955587e-01 -3.90918536e-01 -4.33341053e-01  5.34849022e-01
  -6.32045973e-01  9.42703756e-01 -8.33632652e-01  1.15587659e-01
  -3.65512836e-01 -8.07999698e-01 -1.62193601e-01 -8.89177513e-01
   1.11477040e-01 -7.44863695e-01  4.06693424e-01  6.55745900e-01
  -5.90652314e-01 -8.36491940e-01 -5.53299774e-01 -6.22269836e-01
  -8.40347575e-03 -6.38900935e-02 -1.84158951e-01  1.61240916e-01
   2.23468007e-01 -1.13068018e-01  5.17105906e-01  2.94035125e-01
   3.27949986e-01 -5.11476032e-02 -7.46303799e-01 -1.13211076e-01
   2.96657864e-02  2.45624907e-01  4.37399155e-01 -8.31796102e-01
  -7.15253619e-01  1.45248462e-01  9.00196503e-01  5.34759239e-01
   4.89966565e-01  5.25739709e-01 -7.41719277e-01 -8.30916546e-01
   5.96044783e-01 -8.85088588e-01  9.45202886e-01  8.65080586e-01
  -5.18274136e-01  6.01915732e-02  6.64206874e-02  8.97017092e-01
  -2.07847228e-01 -3.55133763e-01  5.73761541e-01 -6.98732873e-01
   9.90627559e-01 -2.02534357e-01  6.21116165e-01 -5.62380096e-01
  -4.93610106e-01  4.58628344e-01 -7.95374431e-01  4.44575535e-01
  -4.80620406e-01  9.46669956e-01 -7.42492726e-01  2.78189540e-01
   7.22808681e-02 -7.85828315e-01  9.31935915e-01  9.72715770e-01
  -9.50754415e-01  5.38351173e-01 -6.91857008e-01 -9.62982190e-01
   3.20844963e-01 -9.08503726e-01  9.21373559e-02  6.02129867e-01
   9.20042820e-02 -6.68550588e-01  4.57643186e-01 -9.93795497e-01
  -8.76718388e-01 -6.85195123e-01  4.50242326e-02 -3.07615554e-01
   7.75234695e-01  8.02274517e-01  1.28273501e-01 -3.75803798e-02
   6.62110873e-01 -5.83584492e-01 -4.75265116e-01 -1.26617201e-01
   3.85114121e-01 -9.31383291e-01 -1.83227502e-01 -3.22527053e-01
   9.99214028e-01  6.98898345e-01 -1.26891405e-01  6.01585118e-01
  -9.16688692e-01 -6.96017135e-01 -6.80192528e-01  5.72741550e-01
  -6.05411457e-01  6.05415549e-01 -7.59833996e-01  5.28952709e-01
  -1.43189642e-01  5.99188388e-01]
 [-8.89509073e-01  6.47081195e-01  1.07905376e-01  5.40475116e-01
   7.15899365e-01  7.34301335e-01 -1.76565278e-01 -2.40827999e-02
   5.02626911e-01  6.48068330e-01 -1.26887739e-01 -3.47224821e-01
  -8.02196168e-01 -2.00517695e-01  2.78712366e-02 -6.52194972e-01
   6.17398258e-01  7.90512450e-01  3.10596351e-01 -9.70670108e-01
  -6.01340357e-01 -2.55040573e-01 -9.30501844e-01  7.42764071e-01
  -3.39897246e-01  6.39362363e-01  1.39482184e-01 -6.45627019e-01
   8.99126242e-01  8.77748010e-01  4.91362135e-01  3.78101287e-01
   2.99883149e-02  3.17044861e-01  8.12889189e-01 -6.70286632e-01
   6.29414692e-01  6.72551595e-01 -4.58796350e-01  7.25364332e-01
   2.47083590e-01 -7.99812257e-01  1.35490068e-01  8.13572864e-01
  -3.76765884e-01  2.80734954e-01  4.87911470e-01 -7.85359202e-01
  -3.41136324e-02 -3.39953194e-01  2.05254635e-01 -2.07338053e-01
   1.44557087e-02  5.73820602e-01 -3.79109220e-01  1.41136782e-01
  -2.87317061e-01  8.20228156e-01 -3.79099778e-01  3.45210603e-01
   2.01109403e-01  6.40783896e-01 -4.73968617e-02  8.59040433e-01
  -1.25774358e-01 -8.28090887e-01  8.91073509e-01  6.34392898e-02
  -8.27702112e-02 -9.46113110e-02  8.87685427e-05 -8.77734873e-01
   4.68008420e-01  4.04595301e-01  1.72988452e-01 -6.93647953e-01
  -2.21248457e-01 -4.71069475e-01  2.99345257e-01  1.11309292e-01
  -5.94174800e-01  1.79988593e-01 -4.06942973e-01 -4.36794260e-01
  -8.55480871e-01  4.03441285e-01 -2.11216952e-01  6.56920955e-01
   5.52074435e-01 -7.16181864e-01  7.89180473e-01  5.38498868e-01
  -4.43930889e-01 -4.65185880e-01  2.69400327e-01 -8.55914155e-01
  -6.89670996e-01 -9.49205137e-01 -8.78620098e-01 -8.44632194e-01
   3.01766500e-01 -5.17038057e-01 -8.05508107e-01 -2.27399670e-01
  -2.95156352e-01 -8.25225832e-01 -4.14334536e-01  1.98747340e-01
   1.99355610e-01  9.43764208e-01 -8.67812703e-01  5.99611505e-01
  -8.87734303e-01  8.09800687e-01  1.00469066e-02 -2.87033679e-02
  -1.34927997e-01  1.27494264e-01 -7.18494954e-01  3.87031422e-01
  -8.22504636e-01  4.79971633e-01 -2.87271707e-01 -4.60233889e-01
  -5.88846614e-01  7.48149648e-01  6.15057365e-01 -5.65544295e-01
   3.10303293e-01  4.69732348e-01  5.28560060e-01 -2.74171869e-01
  -3.78832448e-01  8.45045553e-01 -5.26722610e-01  7.63640926e-02
  -9.36604276e-02 -8.01322968e-01 -2.67123161e-01  1.26037103e-01
  -8.42938354e-01 -4.03168995e-01  4.56595896e-01 -2.93799084e-01
   5.40390053e-02 -4.21667999e-01 -5.77333480e-01  3.88908138e-01
   6.22543996e-01  6.27132241e-01  2.15296877e-01  5.13544309e-01
   8.58919119e-01  5.04922039e-01 -7.67710410e-01  2.97416104e-02
  -6.50078968e-01  9.79983098e-01  1.60881229e-01  5.99778067e-01
   6.94057338e-01 -7.77771149e-01  6.55392393e-01 -6.78457743e-01
  -7.51260352e-01  6.51860925e-01 -6.49479476e-01 -3.26618409e-01
  -4.78866894e-01  1.76448725e-01  2.21509392e-01  4.72418457e-01
   3.62722346e-01 -6.56527308e-01  2.12768809e-01  1.86680339e-01
  -4.89953304e-01  9.70851745e-02  9.21840283e-01  2.67045477e-01
  -5.11066486e-01  7.77642422e-01 -7.41911814e-01 -6.57375579e-01
  -5.21105055e-01  9.56928077e-03  6.63883290e-01  1.48056181e-01
   3.51108034e-01  2.51823788e-01 -3.05472078e-01 -9.88985044e-01
  -9.23436399e-01  9.70127397e-01 -5.85516647e-01  7.01607652e-01
   7.87647893e-01  6.44382832e-02 -4.08401747e-01 -2.16271466e-01
   3.98649807e-01  2.46135772e-01 -5.92265798e-01 -5.84181542e-01
   7.39905590e-01  8.45516906e-01  1.52009658e-01  1.73997806e-01
  -5.81495233e-01  8.76561843e-01  4.25797697e-01 -2.84860831e-01
   6.64702698e-01 -7.08896188e-01 -6.09960399e-01  1.47025350e-01
   6.29474219e-02 -7.34078595e-01 -3.09668612e-01  1.11329929e-01
   3.75940392e-01 -3.44862804e-01  6.34706699e-01  4.26586008e-02
  -3.54512970e-01 -9.35577327e-01  5.65477818e-01 -9.26382877e-01
  -3.80333296e-01 -5.43986488e-01  6.94190237e-01  9.71971414e-01
  -6.52457961e-01 -8.44052128e-01 -1.60775664e-01 -5.69163257e-02
  -8.83814179e-02 -1.89043809e-01 -5.22991856e-01 -4.83902126e-01
  -1.61501832e-01  8.09232284e-01  7.74227618e-01 -1.86542316e-02
   2.36890831e-01 -1.43683885e-03  1.07926406e-01  8.19815385e-01
  -3.94318029e-02  3.80658586e-01]
 [ 3.93196754e-01 -9.54392824e-01 -1.02516064e-02 -5.45385433e-01
   9.89699741e-01 -6.82269851e-01 -3.59442352e-01  9.19578081e-01
   9.21207483e-01  8.28882298e-01  2.48971770e-01 -9.62997732e-01
  -5.94842640e-01 -4.98232435e-01  2.41532909e-02 -9.00229098e-01
  -2.34463641e-01  3.81420383e-01  6.90648695e-01 -1.76035371e-01
  -2.92034327e-01  9.78721262e-03  2.33166135e-01  3.76640804e-01
  -7.14990557e-01 -5.41991504e-01  4.69010803e-01  3.21601332e-01
   6.74782191e-01 -6.56323794e-01 -8.29366132e-01 -3.64786227e-01
   8.17569248e-01  7.73276859e-01 -1.07356852e-01  9.55121017e-01
   4.75396107e-01  2.84884693e-01  6.41873809e-01 -3.95303033e-01
   2.59208562e-01 -6.53543497e-01 -5.16798042e-01  9.50312529e-01
   5.16557943e-01 -9.18595474e-02 -1.66012678e-01 -9.17335414e-01
   7.44066477e-01 -9.46716685e-01  2.37702816e-02  8.89667490e-01
   7.09440055e-01 -9.17138264e-01 -4.47910491e-01  4.75246143e-01
  -4.16296684e-01  3.41770516e-01  9.43667278e-01  7.36874560e-01
  -8.35494013e-01 -3.83476210e-01  2.41179683e-01 -9.41470173e-01
   4.57466240e-01  2.45065147e-01 -9.42453553e-01 -6.43434830e-01
   7.42056920e-01  1.07955902e-01 -8.10700047e-01  4.10155482e-01
   6.14038414e-01  5.53469700e-01 -5.49812445e-01  6.54432812e-01
   3.39928821e-02 -7.55755812e-01 -8.60171223e-01 -5.71619747e-01
  -5.23589364e-01  5.74912960e-01  3.29489329e-01  7.58522692e-01
   7.19819513e-02  1.49908530e-02  1.65858295e-01 -9.72550564e-02
  -1.77198069e-01 -4.46724260e-01  3.40302846e-01  9.60465488e-01
  -4.96842238e-01  5.10803462e-01 -3.16725118e-01  8.87715301e-01
  -9.60252884e-01  4.04459769e-01 -5.22378621e-01 -3.66962333e-01
  -8.18296364e-01 -6.85585466e-01 -1.98432871e-01  8.12509579e-01
  -4.97140548e-01  7.13292387e-01 -2.89686635e-01  1.58557183e-01
   6.85012549e-02  8.40678902e-01 -5.32127285e-01  7.95295050e-02
  -3.20843919e-01 -4.25151386e-01 -8.54734314e-01 -2.61174188e-01
  -6.30903752e-01  6.59941662e-01 -8.35820801e-01  2.97241218e-01
   6.31130072e-01  8.23271512e-02 -2.18809041e-01  7.09571498e-01
   4.90806731e-01  8.53700815e-01  5.73841952e-01 -8.82183811e-01
   1.83344635e-02 -2.80101845e-02  4.91339848e-01 -9.15029248e-01
   8.92031781e-01 -2.89656134e-01 -1.52515551e-01  1.71052899e-01
   3.38356078e-01 -7.08904224e-01  1.70184680e-01 -9.37454020e-01
  -9.92284202e-01 -7.49697125e-01 -2.68128362e-01  1.42031419e-01
  -4.82779324e-01 -5.34798791e-01  3.12052164e-03 -6.94716549e-01
  -4.38216888e-01 -8.70186247e-01  2.79577001e-01 -7.29797049e-01
  -9.10727734e-01 -7.89064269e-02 -7.44171317e-01 -4.71584970e-01
  -4.18517133e-01 -7.64428229e-01 -9.49166475e-02 -1.40506402e-01
  -7.60682184e-01  4.70471222e-01  8.90101114e-01 -4.09716545e-01
   3.86949935e-01 -3.40696460e-01  1.03916660e-01 -8.30064210e-01
   6.62666266e-01  1.21632928e-01 -1.58655888e-01 -2.47328033e-01
   9.70682908e-01 -8.57359184e-01 -9.83719567e-01 -4.36403636e-01
   6.60548717e-01 -3.59996901e-01  8.72403300e-01  3.05009511e-01
   5.80625156e-01  4.59815594e-01  9.28318770e-01  8.48504880e-01
  -4.14243773e-01  5.62895880e-01 -5.90097675e-01 -9.92038623e-01
   9.18794214e-01  6.47614795e-01  4.52169857e-01 -7.36690546e-01
  -8.70929025e-01 -2.54916170e-01 -5.98663232e-01  6.36297912e-01
  -3.37805798e-01 -4.39986384e-01 -5.67910568e-01 -8.72582794e-01
  -2.73853007e-01 -2.24873510e-02  1.58950241e-01  9.73681438e-01
   2.94927782e-01 -5.27606309e-01 -2.61611572e-01  4.46431390e-01
  -6.13861806e-01 -1.56000225e-01  8.01847380e-01 -9.68897631e-01
  -4.72620902e-01  7.38885315e-01 -1.79379682e-01  1.99563220e-01
   3.98534846e-01 -6.81735394e-01  7.08606598e-01 -1.47979689e-01
   9.63213097e-02  2.64867576e-02 -5.97989017e-01 -4.34841570e-01
  -4.02032435e-01  3.25861636e-02 -2.86167598e-01  6.21002541e-01
   7.89921456e-01 -6.23324809e-01 -9.71449840e-01  5.52871604e-01
   2.83322758e-03 -2.96335784e-01  8.63017722e-01 -6.88108883e-01
   2.23992117e-01 -3.96358815e-01 -9.45862153e-01 -2.45959065e-01
   5.74535266e-01  9.34542350e-02 -1.42668878e-01 -7.01793521e-01
  -9.61641664e-01 -1.77350823e-01 -7.33308408e-01 -3.42488410e-01
   1.49293300e-01  9.61485472e-01]
 [-1.63777028e-01  4.57092173e-01 -3.06506333e-01  6.15619785e-01
  -8.22406690e-01  9.45152958e-01 -6.08766667e-01 -7.60139013e-01
  -7.58333126e-01  5.65521149e-01 -8.07462472e-01 -1.02059300e-01
  -9.36097229e-01  3.27152164e-01 -4.89964043e-01 -4.53372957e-02
   8.06501436e-01 -9.48930602e-01  9.05558013e-01  9.48247786e-01
   7.27632912e-01 -5.80519849e-01 -3.93036908e-01 -3.94766513e-02
  -2.60830070e-01 -8.78455371e-01  3.72138433e-01 -7.80971574e-01
  -4.06105830e-01  7.80617126e-01  9.91509357e-01 -4.78544850e-01
  -9.91139400e-01  1.86249101e-02  9.86367769e-01  2.05517287e-01
   8.23502589e-01  2.72282704e-01 -7.21306702e-01  2.36798502e-01
   6.97923670e-01 -7.33773864e-01  6.36084479e-01  7.24598698e-01
  -8.61439955e-01  5.13430744e-01  9.52874081e-01  5.19498282e-01
  -9.32565343e-01 -5.37003591e-01  8.98064186e-01 -3.99179509e-01
  -5.79979494e-01 -6.58986606e-01 -2.49437583e-01  8.24143870e-02
   1.29379123e-01 -7.23767453e-01 -5.10764499e-01 -3.94454836e-01
  -5.51607090e-02 -2.12824550e-02  9.47098272e-01 -7.34752599e-01
  -7.49187796e-01  8.04317436e-01 -3.59130982e-01  9.54168467e-01
  -3.02505187e-01 -6.38923870e-01  9.67850452e-01 -8.02449075e-01
   9.21801420e-01 -6.09606304e-01  2.97418217e-01  1.89061359e-01
  -5.28143501e-01 -7.43696102e-01 -7.13697672e-01 -8.29644674e-01
  -1.50556945e-01 -2.73929957e-01 -7.84160533e-01 -5.67029998e-01
  -9.86074884e-01 -8.57970719e-01 -3.51115794e-01  5.73272582e-01
  -9.09978340e-01  4.04468028e-01 -7.67371741e-01  1.44850870e-01
  -6.45634456e-01 -6.03349928e-01 -5.81879161e-01 -6.69004621e-01
  -2.01965873e-01  8.40847718e-01 -4.23272342e-01 -8.65254325e-01
  -3.56789032e-01 -6.59205154e-01 -2.25167212e-01  3.68960259e-01
  -6.79379727e-01 -8.45596527e-01 -6.11681050e-01  6.40022250e-01
   5.50741206e-01 -9.55516174e-01  4.35539365e-01 -3.78499785e-01
   7.87482952e-01 -9.82719227e-01  3.27414666e-01  2.86700348e-01
   1.92408834e-01 -9.65990428e-02  8.61161717e-01 -3.46880152e-02
   2.81737722e-01  1.83603626e-01 -7.66420205e-01 -9.64438093e-01
   3.71402714e-01  2.90237997e-01 -3.56868092e-01  9.22908719e-01
   5.79485405e-01 -1.77160755e-01 -5.45416901e-01  2.14061063e-01
   4.94728691e-01 -2.95402317e-02  8.06267702e-01  2.76245192e-01
  -6.98052038e-01  5.67424046e-01  3.03268452e-01  6.49709094e-01
   9.39002932e-01 -3.10271286e-02 -3.57390551e-01 -4.51819120e-01
   6.47869213e-01  4.78208735e-02 -2.54884510e-01 -6.18845407e-01
   7.64328690e-01 -4.88574451e-02  3.11492525e-01  3.01008940e-01
   9.80026698e-01 -8.38223922e-01 -9.19960017e-02 -6.85524852e-01
   9.61118212e-01 -6.64917643e-02 -2.92800386e-01 -1.69496147e-01
   2.36009361e-01 -9.03652385e-01 -5.89861934e-01 -8.88627726e-01
  -8.46470660e-01 -9.91515836e-01  6.09780121e-01  8.11170888e-01
  -6.04123059e-01  9.71151311e-01 -7.75653771e-01 -1.18964317e-01
   4.74967628e-01  6.37871985e-01 -1.36566681e-01 -1.86833024e-01
   6.07366423e-02  1.53650243e-01  3.25184179e-01  3.77799336e-01
  -2.02105799e-01  4.76211765e-01 -6.73597175e-01 -2.99706845e-02
  -6.74801889e-02  2.32474513e-01 -9.54302120e-02 -9.79556185e-02
  -7.51542727e-01 -4.44731460e-01  7.48845286e-01  8.26072722e-01
   5.73186279e-01 -8.74733423e-01  1.99916548e-01  5.08529341e-01
   8.78983263e-01  1.64178050e-01  6.28696240e-01  7.77381308e-01
  -5.04891164e-01 -4.74552212e-01  7.65665037e-01 -3.51820227e-01
  -4.86075253e-01  4.18806441e-01  4.05843990e-02 -8.86040268e-01
   3.85284679e-01  9.99999492e-01 -1.73032187e-01  9.29048204e-01
  -5.10304708e-01  2.72506599e-01 -2.72226424e-01  6.77837275e-01
  -5.15096370e-01  8.88152466e-01 -4.13507975e-01  5.38964864e-01
   1.33850704e-01  6.61477960e-01 -2.52500959e-01 -4.20716947e-01
  -9.96445727e-01 -5.95178479e-01  3.98357302e-01 -8.11439400e-01
  -4.45585271e-02  2.12066873e-01 -6.29815971e-01  7.08169044e-01
  -5.57589592e-01  1.27805219e-01 -6.96234358e-01  9.00161361e-01
   2.61834157e-01 -5.72660931e-01 -5.33799943e-01  1.15034690e-01
   7.81163461e-01  1.45192931e-01  5.90134715e-01  2.21793867e-01
  -4.82602864e-01  7.11561081e-01  4.60196611e-01 -5.72073288e-01
  -4.73861282e-01 -9.98810078e-01]
 [ 3.86286251e-01  9.18823051e-01 -9.38428219e-01  2.23124751e-01
  -5.87931970e-01 -2.81107208e-01  4.09160145e-01  9.01849796e-01
   3.09181005e-01  6.01930186e-01 -8.62941176e-01  4.75615638e-01
   9.99303957e-02 -2.32869616e-01  4.03964120e-01  9.82762175e-01
  -8.77831791e-01 -3.14297010e-01  1.79379072e-01 -8.02181417e-02
  -9.58382677e-01 -5.17128242e-01 -4.87548372e-01 -5.48018896e-01
  -7.62191175e-02  7.46811811e-01 -1.14358185e-01 -2.49372941e-02
  -9.85677304e-01  1.80530512e-01  6.70278569e-01  8.89272606e-02
  -6.22373891e-01  4.95913511e-01 -5.71991530e-02  4.27202670e-01
   1.10310466e-02  2.28498926e-01 -6.55018740e-01 -5.33501995e-02
  -1.61052447e-01 -5.11581230e-01 -3.49980332e-01 -4.93904344e-01
   7.43942140e-01 -3.90091098e-01  5.01698517e-01 -9.35425233e-01
  -8.06381161e-01 -5.88197955e-01  5.32084586e-01  8.22773866e-01
   3.90215016e-01  4.93886312e-01  9.66157577e-01 -4.59341135e-01
  -5.85018152e-01 -7.26874596e-01 -2.00302213e-01  1.85182638e-01
  -5.04930292e-01 -5.16591474e-01  2.60337426e-02  2.70664110e-01
  -1.32800249e-01  3.21455547e-02  4.46419319e-01  3.66930458e-01
   2.64012767e-01  2.55731734e-01 -5.67043538e-01  2.64056918e-01
   9.52154169e-01 -9.98214537e-01 -8.52993103e-01  7.69301200e-01
  -9.66310293e-01 -6.51338671e-01  8.85540707e-01  6.18798800e-01
   4.85266831e-01  6.55465962e-01  5.81383055e-01 -4.49110157e-01
  -1.66183920e-01  1.56763726e-01  6.92022489e-01 -4.84304193e-01
   6.46053300e-01 -5.54840515e-01 -8.27990280e-01  8.81396466e-01
   9.48717225e-01 -8.75175151e-01  9.16065520e-01 -7.46713747e-01
   1.22317393e-01  6.79384984e-02  4.98019263e-01 -4.13754899e-01
  -9.92054955e-01 -4.98497498e-01 -8.90219389e-01 -5.30847464e-01
  -8.62715282e-01  5.24559396e-01 -6.92046179e-01 -1.72954319e-01
  -4.25068848e-01 -2.89825355e-01  7.80934459e-01 -8.55055476e-01
   8.26561472e-01  3.72375394e-01 -8.87816565e-01  9.83924248e-01
  -5.74616023e-01 -1.76794152e-01  7.66604659e-01 -8.46891094e-02
  -4.26446760e-01 -3.39135663e-01 -9.57578945e-01 -8.75213854e-03
  -7.58929695e-02  7.51168083e-01 -9.38653873e-01 -3.71841484e-02
  -9.95349962e-01 -8.44418594e-01 -5.15086629e-01  4.86954187e-01
   7.05754737e-01 -5.99911523e-01 -8.53623337e-01  9.97648938e-01
   5.66016886e-02 -1.57579395e-01  6.31978545e-01  1.06247865e-01
   6.95825555e-01 -8.09040271e-01  9.88773182e-01 -2.04185342e-01
   1.19257574e-01  1.30140104e-01 -2.78429030e-01 -1.18645391e-01
   7.95576818e-01  8.82111632e-01 -7.24726413e-01  7.80962000e-01
  -3.97386664e-01 -5.00332384e-01 -6.18094653e-01 -2.04321202e-01
  -3.62000750e-01 -6.59721897e-01  2.64476579e-01 -2.88211741e-01
  -6.65492029e-01 -2.77160915e-01 -5.12660972e-01 -9.60262722e-01
  -1.70017262e-01 -3.28124763e-01  8.14051834e-01 -8.75160983e-01
  -8.23406483e-01  3.87213715e-01  1.26310078e-01  1.51033510e-02
   8.41100388e-03  6.22610018e-01 -1.93609162e-01 -3.66260616e-01
  -6.44736272e-01 -3.92674309e-01  8.30479096e-02 -3.32301216e-02
  -6.61284266e-01 -9.17616582e-01  9.40729658e-01 -7.43634508e-01
   2.76742167e-01  5.26082003e-01 -7.18476667e-01  6.56040305e-01
   1.49637146e-01 -8.38143394e-01 -3.12891056e-01 -6.61022198e-01
  -5.27542582e-01 -3.93685642e-03  9.02656712e-02 -9.88234324e-01
  -1.77631344e-01  8.66420942e-01 -5.79002624e-01 -3.07869709e-02
  -3.35198694e-01 -4.67220614e-01  1.97762676e-01  3.13027965e-01
   7.29753586e-01 -4.60684231e-01 -9.46938596e-01  1.46010061e-02
  -9.74739565e-01  2.35478806e-01  1.30087535e-03 -9.15637501e-01
  -2.94664253e-01 -3.06474619e-01 -3.84011107e-01  6.42496429e-01
   1.73179565e-01 -4.85392617e-01 -6.82832404e-01 -8.77694557e-01
  -2.62729729e-01 -5.13131153e-01  5.69836071e-02  4.70137086e-01
  -6.69604444e-01  7.39246368e-01  9.90295417e-01  9.30241916e-01
  -7.75144851e-01  3.31727770e-01 -1.25846316e-01 -2.49259419e-01
  -2.61025284e-01 -2.96982359e-01  4.30913109e-02 -5.20127351e-01
  -7.04403497e-01 -4.50754223e-01  6.60081284e-01  6.13151048e-01
  -1.05909389e-02  9.85374340e-01 -8.17944302e-01 -5.31895230e-01
   3.03573637e-02  5.79871662e-01  4.60184921e-01 -1.42995256e-01
  -8.32582026e-01 -2.76889329e-01]
 [ 1.40811476e-01 -4.24521888e-01 -3.18626548e-02  4.19306379e-01
  -4.20470795e-01  4.78047920e-01  4.95266729e-01  9.41816785e-01
   2.50594396e-01 -5.44073382e-01 -7.65224146e-03 -3.44230367e-01
   5.23838106e-01 -2.99034992e-01  4.25638165e-01  3.33491340e-01
  -9.23698128e-01  3.54671127e-01  1.12101531e-01 -3.93392215e-01
  -1.79371556e-01  9.91915044e-01  7.36197592e-01  9.89919116e-01
  -1.45800461e-01  7.86628240e-01  9.34618850e-01 -2.73823744e-01
  -6.80752789e-01 -7.38602157e-01 -6.32222416e-01  6.67424329e-01
  -5.32655087e-01  5.05399342e-01  6.46695318e-01  1.59983764e-02
  -8.31056636e-01  7.66126964e-01 -7.27821113e-01  7.77229861e-01
   2.24925863e-02 -4.36296759e-01 -4.07882155e-01 -7.58089301e-01
   3.58602214e-01 -8.18776752e-01  3.09120842e-01  6.92198915e-01
   5.84949883e-01  4.42530897e-01  1.45166713e-01  2.87250147e-01
   4.25286429e-01  4.28779457e-01  2.98851574e-01  1.65197048e-01
  -8.31449490e-01 -6.35192443e-01 -7.99108598e-01  6.31918764e-01
   2.41043202e-01  8.90565799e-01  8.03369771e-01  9.79570604e-01
   7.53765755e-01 -5.15144632e-01  6.72124656e-01  5.86275199e-01
   1.79596020e-01 -9.96158963e-02  8.74652445e-01 -8.73261859e-01
   5.04191644e-01  6.54184443e-01  9.53412071e-01 -1.09962672e-01
   5.49837190e-01 -3.07601137e-01 -2.03889748e-01  4.13691874e-01
  -4.14232758e-03  2.27174424e-01 -5.28192287e-01 -6.52931663e-01
   2.70831287e-01  6.78097574e-01 -1.93640208e-02 -1.92264754e-01
   4.73217419e-01 -2.85217775e-01 -9.32826695e-01  9.93729879e-01
  -8.13907926e-01  4.01901546e-01 -9.63984973e-02 -4.79256734e-03
  -2.06735741e-01  8.40235563e-02  2.69604666e-02  2.95985124e-01
  -3.20749180e-01 -5.63960826e-01 -9.27542520e-01  6.63983451e-01
  -7.53180925e-01  6.54031512e-01 -1.33105712e-01 -4.77609431e-02
   9.28690269e-01 -5.68095535e-01 -1.53989203e-01  8.17563848e-01
  -4.16815897e-01  8.87463499e-01 -6.74935438e-01  3.58576954e-02
  -4.47714567e-01 -6.62197345e-01 -9.16980628e-01  7.36379808e-01
  -9.29487969e-01  4.00894746e-01  2.78267799e-01 -2.69388201e-01
   5.27831089e-01 -2.21776678e-01  2.88057467e-02  2.12389466e-01
   3.66874636e-01 -8.83155209e-01 -5.43116127e-01 -4.12120193e-01
  -2.48331916e-01  4.98536565e-01  9.93016190e-01 -9.70838274e-01
   5.27858576e-01 -4.93711720e-01 -7.33080724e-01 -9.45199888e-01
  -4.73776981e-01  6.78006688e-02  4.28586088e-01 -7.48941760e-01
  -2.26690574e-01  7.70019774e-01 -3.16358859e-02 -7.57283050e-01
   2.07909496e-01 -1.52520352e-01  4.03939632e-02 -9.92663990e-01
  -1.45863740e-01 -3.51740617e-01 -9.23376511e-02  8.28598807e-01
   8.34766571e-01 -5.95160831e-01 -7.93039423e-02  1.19066311e-02
   8.95542166e-01 -4.79384762e-03 -9.61668182e-02  3.13031146e-01
  -9.31046058e-01 -7.55082429e-01  8.78820445e-01  1.94604168e-01
   1.94381055e-01 -4.82854807e-01 -1.74925300e-01  4.84814335e-01
  -4.90393368e-01  6.07367863e-01  2.78832638e-01 -1.24368759e-02
  -4.32030333e-01 -5.69200474e-01 -9.22593629e-01  2.96059709e-01
  -2.40324214e-01  3.66029094e-01  4.30987180e-01 -6.96563871e-01
   1.22956627e-01 -1.19701510e-01  6.88401365e-01 -4.07922241e-01
  -9.71455988e-01  2.45276679e-01 -2.12709318e-01 -3.13124124e-01
  -5.96243903e-01 -9.03116317e-01 -7.84057736e-01  5.57425887e-01
  -7.54326235e-01 -6.16226575e-01  9.45887039e-01 -3.33064631e-01
  -6.60354622e-01 -8.81841838e-01  8.98471104e-01  5.05139088e-01
   3.63762256e-01 -2.40579959e-01 -7.18090741e-01 -6.03542917e-01
   1.71622605e-01  5.09102606e-02 -9.96756390e-01  1.66317224e-01
  -4.25070849e-01 -6.16428172e-01  8.31834224e-01 -6.82110491e-01
   8.62661764e-01  5.00143255e-01 -9.42650607e-02 -8.26190931e-01
  -4.14164591e-01 -1.63095223e-01 -5.39410165e-01 -8.60655198e-01
  -2.19823380e-01 -7.74047558e-01  5.06067428e-01  3.99634471e-02
  -7.22128295e-01 -5.84483289e-01  9.95737311e-01 -4.74764114e-01
   7.40769113e-01 -8.01171324e-01 -7.41691411e-01 -4.01455526e-01
   3.45626045e-01  3.53379485e-01 -3.82868522e-02 -2.70146730e-04
   8.52871235e-01  3.05999630e-01 -1.61280116e-01  1.34957560e-01
  -8.94410714e-01  9.61506305e-01  7.65440079e-01 -5.95509264e-01
   5.38916599e-01 -5.60834391e-01]
 [-5.01636180e-01  7.63730994e-01  9.50028753e-01  8.87481219e-01
   2.08502828e-01  7.89555500e-01  4.24204708e-02 -2.48169834e-01
  -3.99106601e-01 -8.73202397e-01  5.36727250e-01  4.04909974e-01
  -7.73623426e-01 -8.75308398e-01 -3.71771709e-01  5.39816284e-01
   8.14778069e-01 -6.32828920e-01 -1.25494683e-01  5.24277240e-01
   2.48138154e-01  2.74523897e-01 -2.63088422e-01  8.68909513e-01
   2.10042999e-01 -9.80736078e-01  2.65619958e-01  9.60526464e-01
   2.86826824e-01 -3.52881332e-01  6.60062758e-01 -2.22235794e-01
   6.39436205e-01 -2.79548265e-02  6.61461556e-02  2.59375228e-01
  -5.17707271e-01  7.20288596e-01 -5.93872139e-01  8.27234782e-01
   8.77061467e-01 -8.84885038e-01  1.59375300e-01  7.64783757e-01
  -9.45872417e-02 -9.07476546e-01  5.26973114e-01  6.10592078e-01
   9.00450171e-01 -5.88241094e-02  3.04457244e-01 -4.97934245e-01
   3.68452620e-01 -5.41536868e-01  8.66175525e-01 -6.79647388e-01
   1.01231396e-01  8.73515695e-01  9.58638613e-01  3.78201560e-01
   7.84479187e-01  3.15239473e-01  6.97887859e-01 -6.70639404e-01
   7.84045040e-01  3.70970548e-01  6.65432224e-01 -3.33922379e-01
   9.83024775e-01  8.77113900e-01  5.52672867e-01 -8.97609365e-01
   6.14822685e-01 -4.16691090e-01  5.64895573e-01 -4.14203955e-01
   4.33812850e-01  8.30354861e-01 -6.05052590e-01 -7.23025351e-01
  -1.14713760e-02 -2.01239733e-01 -5.30699405e-01  6.89464475e-01
  -3.31988591e-01 -1.47522566e-01  2.59384200e-01  3.74139211e-01
   3.26209621e-01 -2.43116808e-01 -1.17604408e-02  9.04701626e-01
   2.70409692e-01  8.21667569e-01  5.84590913e-01  9.11125583e-01
  -8.40210672e-01 -9.23565799e-01 -5.12628273e-02  9.65513799e-02
  -6.14288430e-02  1.40420208e-01  9.14832845e-01 -8.41102224e-01
  -2.98732138e-01  4.20741196e-01 -8.23008933e-01  8.41433289e-02
  -3.40249782e-01  8.54092656e-01  7.08225191e-01 -3.66437556e-01
   7.68295276e-01 -3.44712909e-01 -5.28432541e-02 -9.13207609e-01
   5.93321119e-01  5.49174142e-03  1.91535447e-01  8.97233457e-02
  -5.02954128e-02 -6.18271247e-01  6.21465431e-01  6.20402970e-01
   3.72255675e-01 -8.48484781e-01  8.70859256e-01  4.19686500e-01
   1.21542728e-01 -4.66663199e-03 -2.04985585e-01 -8.47922872e-01
   5.62663336e-01  9.32745481e-01  8.84913786e-01 -1.97512301e-01
   1.41392239e-01  1.04627713e-01  2.43754815e-01 -5.97708973e-01
   2.50271390e-01  9.35057311e-01 -3.83478092e-01  3.33070986e-01
   9.04578737e-01 -4.75138774e-02 -1.96396627e-02  3.56617929e-01
   3.32200801e-01  7.24535096e-01  2.23078048e-01 -4.37373551e-01
  -7.36144530e-02  7.58085365e-01 -5.60821148e-02 -7.04049436e-01
  -4.83408865e-01 -6.76964417e-01 -7.66300600e-01 -1.68008067e-01
   1.23209974e-01  6.96718370e-01  7.87974901e-01  9.03142910e-01
   2.42894785e-01 -5.72212502e-01  6.96574169e-01  3.13292320e-02
   8.48501837e-01  8.35879377e-01 -4.28358268e-01  5.17277515e-01
  -4.94827926e-01  8.51448412e-01 -1.27325227e-02  1.04902965e-01
  -5.30392489e-01 -9.38745944e-01  9.48109472e-01  8.48955684e-01
   8.95053277e-01  6.39926467e-01  4.46304448e-01 -4.67650525e-01
  -2.76647855e-01  9.93437415e-01  9.51306191e-01 -3.76662519e-01
  -2.26158133e-01  8.86314306e-01  6.34145428e-01  6.87715900e-01
  -1.86150472e-01 -9.21940548e-01 -6.94406120e-01 -8.54076862e-02
  -1.87734298e-01 -1.40718179e-01  6.11568404e-01  8.81930677e-01
   2.96106183e-01 -8.14222712e-01  9.30193320e-01 -2.41290398e-01
   1.33556300e-01  5.99938416e-01  6.19809255e-01 -7.59629954e-01
   8.75935185e-01  9.14241061e-01  4.44070565e-01 -4.77662002e-01
  -4.01332101e-01  8.79004446e-01 -4.16976485e-01 -9.17714600e-01
  -3.56269977e-01 -1.11000983e-01 -7.00373111e-01 -6.52590315e-01
   8.67122501e-01  7.08623004e-02 -9.88148174e-01 -2.24943979e-01
  -2.17023324e-02 -5.77154508e-01 -1.65799424e-01 -2.89944707e-01
  -9.42176956e-01  5.30099065e-01  5.45365193e-01 -3.98818937e-03
  -1.30660808e-01  6.11472736e-01  4.98279960e-01  7.62780241e-01
   6.00163794e-01 -9.41466497e-01 -5.84728169e-01  5.18424215e-01
   4.85409645e-01 -5.44421896e-02  2.25614134e-02  8.01451477e-01
  -2.09536060e-01  1.71680642e-01 -7.13533572e-01  8.85902387e-01
  -4.00361590e-01  6.58651788e-01]
 [-9.78762462e-01 -5.48596798e-01 -7.98356898e-01 -7.82550890e-01
  -5.86203558e-01  8.22331903e-01 -5.01439064e-01  8.14742749e-02
   9.66096966e-01  9.29224323e-02 -8.64975555e-01 -6.16152561e-01
  -7.24338724e-02 -5.45113833e-01 -5.92731546e-01  3.64748177e-01
   3.72820117e-01 -2.80385382e-01 -2.82483618e-01 -8.03777413e-01
  -9.79832130e-01 -4.55000892e-02  5.53705686e-02 -7.51437096e-01
   4.21014627e-01  7.81697444e-01  6.43076265e-01 -8.97938336e-01
   4.96364927e-01 -2.59868353e-02  9.10523946e-01  5.50653964e-01
  -5.68718047e-01 -8.31098275e-01  5.90315975e-01  9.58022012e-01
   4.80312480e-01 -6.10543605e-02  5.55742988e-01  6.45357977e-01
  -5.23930514e-01  2.70461339e-01 -6.59168460e-01  2.76847895e-01
  -7.29983158e-01 -9.40160656e-01 -9.64795402e-02  3.02086024e-01
  -6.14138209e-01  5.33908685e-01 -7.96860656e-01  8.95467485e-01
   4.33249598e-01 -9.83413399e-01  5.02783871e-01 -1.13608066e-01
  -4.76178523e-01 -3.71769354e-01  2.23025986e-01 -3.09328220e-01
   8.19652040e-01 -6.73213814e-01  5.27778187e-02 -1.59777698e-01
  -6.42614386e-01 -1.96906106e-01  6.57973806e-02 -5.39321584e-01
   9.13336598e-01 -4.07252829e-01  4.94052762e-01 -1.78641281e-01
  -9.95715526e-01 -9.19450958e-01 -7.42390098e-01 -7.51591106e-02
   9.36409270e-01  6.32349582e-01  5.47839859e-01  1.60745862e-01
  -1.30635906e-01 -9.53397711e-01 -2.48210531e-01 -9.18334654e-01
   9.85732753e-01 -1.78660181e-01  5.79077959e-01  6.61986364e-01
   7.78981186e-01  7.40671692e-01 -8.28870900e-01 -7.33472809e-01
   5.85496267e-01 -3.88062369e-01  8.88771924e-01  5.57301364e-01
   1.79620884e-01  4.20764456e-02  2.52821068e-01 -1.61342936e-01
   4.30078763e-02 -2.72149321e-01  2.11988922e-01 -9.74917009e-01
   4.15055727e-01  8.91322525e-01 -5.14187948e-02 -7.39149704e-01
   8.01053586e-01  7.64094404e-01  9.67349357e-01  5.43326253e-01
  -9.20699089e-01  5.26612067e-01 -8.86202574e-01 -3.07766774e-01
   5.96239785e-01  7.14457178e-01 -4.19125084e-01  1.94252467e-01
  -1.21397752e-02  8.03978508e-01  1.87660286e-01  8.83907166e-01
  -1.27462742e-01  9.39254709e-01 -1.79221753e-01 -8.19734672e-01
  -3.99562888e-01 -1.97847819e-01  9.27601509e-01 -3.44114145e-01
   7.55560873e-01  3.64710216e-02  3.72659547e-01 -3.99075723e-01
  -5.68108107e-02  7.57677694e-02 -2.18481533e-01 -7.50497763e-01
   2.81391063e-01 -6.49747678e-01  6.40910423e-01 -4.74259260e-01
  -2.79103588e-02  7.84609650e-01 -7.56790147e-01 -1.89297690e-01
   2.94041630e-01 -1.28811887e-01 -9.52462433e-02 -3.12575103e-01
  -9.08590133e-01 -1.69530164e-01  4.86526987e-01  2.38710167e-01
  -1.01772658e-01 -7.96590041e-01  4.76135629e-01 -6.84324780e-01
   4.54358484e-01  6.10557869e-01 -6.08899146e-01 -1.88765529e-01
   5.10344572e-01 -6.12856762e-01 -2.05501301e-01  8.93143190e-01
   4.11775073e-01  6.53940538e-02 -6.75166860e-01  1.98537582e-01
  -7.08977593e-01 -4.57168765e-01  6.68500300e-01 -1.53709333e-01
  -8.64639288e-01 -7.43626864e-01 -5.72162688e-01 -3.86659079e-01
  -6.91323109e-01 -3.60534149e-02  4.45417315e-01  9.02619867e-01
  -5.70170897e-01  7.52374339e-01  7.96553722e-01  5.01557358e-01
   2.70743779e-01 -7.34805674e-01  2.80591125e-01 -2.95860126e-01
   6.99189374e-01  4.60989679e-01  3.83106379e-01  5.54270599e-01
   4.19017230e-01  4.41837279e-01 -7.30848288e-01  9.28875617e-01
  -6.88837846e-01 -8.76733321e-01 -8.57361981e-01  2.55180198e-01
   2.65486686e-01  6.47378045e-01 -9.64796468e-01  5.59326097e-01
   1.86623298e-01 -1.79787451e-02 -3.52342596e-01 -2.21679045e-01
  -7.33319576e-01  8.72624107e-01  6.44969786e-01 -4.24045574e-01
  -6.15075578e-01 -3.48515773e-01 -8.17064037e-01  6.95332133e-01
   2.71217994e-02  5.90670069e-01 -3.34657079e-01 -8.25540903e-02
   3.05515563e-01  1.49339249e-01 -9.71464154e-01  2.48161312e-01
  -8.39917211e-01 -4.60762735e-01 -5.63503212e-01  7.32311868e-01
   1.68429954e-01 -5.90306237e-01  6.88057852e-01  5.66503966e-01
   3.72045958e-01  7.61998480e-02  9.78255699e-01 -8.46038876e-01
  -4.57355268e-01  9.47880261e-01 -9.58714229e-01  2.05015280e-01
  -5.84284525e-01 -9.82877524e-01 -4.80027874e-01 -9.92206290e-01
   9.72321553e-02 -1.58129573e-01]]