[[-4.22659842e-02 -5.52242111e-02 -4.34822429e-02  1.60137432e-02
  -2.35735602e-03  4.98806004e-02 -5.51109945e-02  8.85049552e-02
  -8.17888443e-02 -1.03297670e-01 -1.04122344e-01  3.82205463e-02
  -7.37211222e-02 -2.54503075e-02 -4.20828182e-02  1.03530549e-01
   6.20204107e-02  8.73988566e-03  8.09997686e-03 -1.07576788e-01
   1.05545586e-01  5.34635152e-02 -3.46152163e-02 -9.54093008e-02
  -4.22842968e-03 -7.17464950e-02  2.54316090e-02 -6.81634127e-02
   7.29904425e-02  3.79452352e-02 -2.20962754e-02  3.47109196e-02
   1.32614843e-02  1.07234398e-01 -1.29546377e-02 -5.18069716e-02
   7.99378606e-02 -9.76101180e-02  5.68379489e-02  1.64249940e-02
  -6.53056039e-02 -6.17065745e-02  6.97622536e-03 -9.72455077e-04
   2.72378291e-02 -5.25468508e-02 -1.08098043e-01  1.01527017e-01
   2.57089108e-02 -7.39681134e-03  1.82861761e-03  1.03361155e-01
  -9.45623584e-02 -7.99479056e-02  6.16416680e-02  1.73422445e-02
   2.09059889e-02 -9.09329754e-02 -3.03258626e-02 -4.51202583e-02
  -8.96404542e-02 -1.06460927e-01 -1.53835489e-02 -9.33901830e-02
   6.88430707e-02 -7.72871334e-02 -2.67121045e-02 -3.20926804e-02
   9.82052134e-02 -3.20444023e-02  2.21454730e-02 -5.58242513e-02
   1.34476163e-02 -1.06784183e-02  2.36216051e-02 -5.32570565e-02
   7.74688236e-02 -2.84401235e-02 -3.30942508e-02  1.77612779e-02
  -9.83971465e-02 -3.12960852e-03 -7.92296535e-02  9.07581872e-02
   7.93979616e-02 -3.11064961e-02  5.78765765e-02  1.87799556e-02
   6.19613490e-02  5.46092074e-02  5.29136917e-02 -8.05497317e-02
  -7.13448104e-02  1.00316911e-01  1.02347697e-01  2.83842819e-02
  -3.55013616e-02  1.60502682e-02 -4.02683706e-02  1.02111628e-01
  -6.50321993e-02  5.21765613e-02 -9.29063273e-02 -9.60111427e-02
   1.27890689e-03 -5.54250761e-03 -9.89409448e-02  7.14250807e-02
  -9.49304507e-02  8.04039721e-02 -6.32680392e-02  9.55922571e-02
   1.51561914e-03  5.14148754e-04  3.22543644e-02 -7.08311606e-02
  -8.73937610e-02 -7.84028400e-02 -4.80671783e-02 -5.01620352e-02
   6.75131410e-02 -2.04483110e-02  2.95488182e-02  5.89543687e-03
  -5.25325179e-02 -3.20411563e-02  3.70967034e-02 -3.14152112e-02
  -4.44037197e-02  5.66753529e-03 -2.23000608e-02 -1.08176967e-01
  -5.78251185e-02  2.18132868e-02  1.05067516e-01  4.47159773e-02
   9.52943114e-02  7.99554776e-02 -5.29519532e-02 -7.02713614e-02
  -5.33119915e-03 -4.75695510e-02  1.70041014e-02  2.03331855e-02
  -7.12645209e-02 -6.61476777e-02 -5.64446166e-02  2.49324498e-02
  -9.10159236e-02 -8.28456838e-02 -3.17807636e-02  5.32724313e-02
   3.37252022e-02 -4.12196398e-03  4.75825183e-02 -8.02377267e-02
  -8.45365687e-04 -1.03524786e-02  6.04873521e-02  1.03920328e-01
   1.82463810e-02 -2.98343356e-02 -1.02336302e-01 -8.68300028e-02
  -1.05521526e-01  1.00939799e-01 -6.54467995e-02 -1.77054320e-02
  -1.71278745e-02  1.04786081e-02 -4.82807575e-02  8.76711261e-02
   1.02517392e-01  4.14506546e-02 -8.49007537e-02 -9.82004563e-02
  -9.79386697e-02 -3.62397095e-02  7.54690103e-03  9.84554974e-02
  -4.34451071e-02  1.45182690e-02 -5.96594953e-02  3.89128680e-02
   1.04676960e-01  4.17066439e-02  3.52936675e-02  6.25689450e-02
  -8.30176268e-02 -2.93886403e-02 -1.63834420e-02  9.93992642e-02
  -9.73956051e-03 -8.05292214e-02 -3.90714993e-02  3.18475082e-03
  -4.30478418e-02  7.94443416e-02  5.40249832e-02 -3.08174755e-02
  -9.68297370e-02  2.06841941e-02 -7.82497091e-02  1.08314441e-01
   1.08474139e-01  5.51579981e-02  1.00344060e-01  6.64438524e-02
   7.90085376e-02 -3.74694181e-02  4.29608406e-02 -4.84422332e-02
   2.09439222e-02 -4.68746740e-02 -1.03686694e-01  2.38130458e-02
   4.50368766e-02 -4.42229279e-02  1.50765951e-02  8.33634450e-02
  -1.93318539e-02 -8.64273863e-02 -4.54374409e-02  3.88687911e-02
  -9.22042153e-02  4.60125387e-02 -6.75943363e-02 -2.33192662e-02
  -1.01807364e-02 -3.32780171e-02 -4.43682487e-02  9.76249932e-02
   3.69176605e-02 -3.74600715e-02 -8.72473049e-02 -4.65498152e-02
   7.98938861e-03  9.93183379e-02 -1.49316960e-02 -2.66343700e-02
  -1.27310537e-02  9.13658994e-02  6.83143028e-02  9.46108675e-02
   1.06715743e-01 -2.60098275e-02 -7.44005311e-02  1.22557814e-02
   1.02710987e-01 -9.65686449e-02]
 [ 3.30001390e-02 -2.15795918e-02 -5.61519611e-02 -1.77188438e-02
   1.44804664e-02  1.52421957e-02 -7.67222147e-02 -4.20344563e-02
  -1.69277266e-02  4.58248127e-02 -6.54213972e-04  2.86265599e-02
  -2.11703306e-04  3.94453634e-02  9.74512893e-02 -7.78208481e-02
  -4.17908133e-02 -4.41066522e-03 -9.35114735e-02  1.27554959e-02
  -9.28272071e-02 -1.01874054e-01  9.91990579e-02 -1.06209411e-01
  -6.73471002e-02  4.95681824e-02  4.95995560e-02  4.35700967e-02
  -8.83233622e-02 -5.39556845e-02 -1.19369289e-03 -9.32162572e-02
  -3.57570650e-03  3.25075858e-02  9.86933747e-02  2.82327273e-02
  -7.21410941e-02 -7.95065992e-02 -1.02412333e-01  1.09558614e-01
  -6.91124203e-02 -1.81165144e-03 -4.66760871e-02 -3.56564345e-02
   3.06428141e-02 -4.76435334e-02 -6.92263118e-02 -8.79693995e-02
   5.49573321e-02 -8.13486633e-02  4.55862405e-02 -7.20916851e-02
   5.28807802e-03 -3.72832968e-02  7.83403841e-02  1.24692240e-02
   9.62558679e-02  4.66607443e-02 -8.79565167e-02 -9.18388356e-02
   1.02488284e-01 -9.55821505e-02  4.22622129e-03  9.04300083e-02
  -3.23928856e-02  8.81310235e-02  2.54379392e-02 -3.71170099e-02
   8.22543863e-02  1.36059116e-02  1.56170729e-02 -6.28262530e-02
   5.05317219e-03  6.62778185e-02 -2.22121537e-02 -4.90403266e-02
   4.01240311e-03  2.84980207e-02  3.64816593e-02 -9.90758722e-02
   7.28252159e-02 -1.03114327e-01 -2.64756064e-02 -3.00792068e-02
  -2.28139293e-02  3.83745050e-03  1.47544792e-02 -2.30743673e-02
   5.91389166e-02 -3.44513626e-02 -9.10103811e-02 -9.11606295e-02
  -8.65500632e-02 -4.80131337e-02  5.50632848e-02  3.26093261e-02
  -4.31937519e-02 -5.35466979e-02  6.90294504e-02  2.21149064e-02
   9.30621497e-02 -2.33017507e-02 -7.75464876e-02 -6.62178005e-03
   7.18693618e-03 -1.09563886e-01  9.31134340e-02  1.05456309e-01
   3.70953070e-03 -1.01585514e-01 -9.89359986e-02  1.43304561e-02
  -4.48278842e-02  5.09617541e-02 -9.48697032e-02  7.87800361e-02
  -8.12012637e-02 -5.74033190e-03 -3.02063685e-02 -7.91933729e-03
  -3.14170629e-02 -8.44572474e-02  1.06165144e-03  1.74354300e-02
   8.59210193e-02 -6.63616285e-02  3.34417829e-02  2.65936106e-02
   2.65416192e-02 -2.72821955e-02  3.71635273e-02 -5.46468649e-02
  -4.27812813e-02 -7.73203204e-02 -4.77496860e-02 -3.79502623e-02
   8.90058240e-02  5.81834857e-02  1.00762836e-01 -8.34870168e-02
   9.69140252e-02  4.19908332e-02  7.83856425e-02  6.53178076e-02
  -9.37474539e-03 -6.91513450e-02  1.89437188e-02  1.00810701e-01
   1.53811854e-02 -1.01260160e-01  3.73935809e-02  1.03990743e-02
   3.05497785e-02  5.74120839e-02  4.87059911e-02  1.11664088e-02
   1.78372926e-03 -8.17860164e-02  5.23878540e-03 -3.11380245e-02
   3.04409229e-03  1.06781285e-01 -2.04528464e-02  1.01417416e-01
   3.26049637e-02  5.85122730e-02  4.68185067e-03 -7.53934239e-02
  -1.78159061e-02 -6.94823248e-02  5.05522461e-02 -3.57293844e-03
   7.24442439e-02  7.35166810e-02 -8.64346848e-02 -7.76801222e-02
  -1.53740578e-02 -8.95227507e-02  5.77619544e-02 -5.58469888e-02
   8.10298432e-02  5.32503328e-02 -3.88313053e-02  7.69387488e-02
  -1.05018782e-01 -7.28061468e-02 -6.61206658e-02 -9.97932153e-02
   2.90224526e-02 -1.30351470e-02 -8.91981388e-02  1.16692745e-02
  -6.22171465e-02  1.02891715e-01  5.96325175e-02 -1.15975285e-02
  -8.74659650e-02  4.41872580e-04  5.93323179e-02  5.18266260e-02
   1.17017203e-02 -6.56071427e-02  1.01130745e-01  8.54685215e-02
   4.49357111e-02 -1.02126695e-01 -9.70705264e-02  5.86754347e-02
   6.88047988e-02 -8.38920043e-02 -7.09021067e-02 -5.57137392e-02
  -8.32173268e-02  5.94899602e-02  1.64407887e-02 -1.81942926e-02
  -2.18209295e-02  8.81639974e-02 -1.05435377e-01 -6.05816220e-02
  -5.90525533e-02 -5.29884029e-03 -9.71046245e-02  1.09414053e-01
   2.86654543e-02  1.93546998e-03 -9.72262722e-02 -8.39562721e-02
  -1.62691372e-02 -7.53657066e-02  7.33649291e-03 -1.01418712e-01
   6.13644779e-02  2.51285191e-02 -2.58271605e-02 -7.94056645e-02
   5.39150175e-02  6.00330939e-02  4.52841889e-02  1.84677232e-02
  -9.22878101e-02  4.35796181e-02  8.33128338e-02 -5.98563391e-02
  -3.64818311e-02 -1.06089755e-01 -5.14983982e-02  1.06113851e-01
   9.29415869e-02  2.03848621e-02]
 [ 8.98102922e-03 -5.06784198e-02 -8.58967194e-03  7.84344713e-03
   6.70972827e-02  8.44118318e-02  2.62473274e-02 -3.81058148e-02
   5.78425213e-02 -2.65499228e-02 -8.92240112e-02  2.49905347e-02
   3.39395187e-02 -8.74581272e-02 -2.54803032e-03 -7.43011922e-03
   7.72540811e-02  1.00288268e-01 -2.70890015e-03 -3.14289136e-02
   1.36469046e-02 -5.20399986e-03 -9.12487096e-02 -2.05854559e-02
   9.26097419e-02  4.53019844e-02  5.39729770e-02 -3.34419781e-02
  -7.36249273e-02 -7.84354742e-02 -1.04358088e-01 -9.33235782e-02
  -9.98411772e-02  4.86928809e-02  7.83413366e-02 -3.72311103e-02
   2.85012178e-02 -8.95829860e-02 -6.98990312e-02 -1.27154430e-02
  -8.22228074e-02  5.51355349e-03 -1.72147349e-03  9.71450457e-02
   2.73372267e-02  1.93080887e-02 -1.70196450e-02 -4.91828268e-02
  -6.34495229e-02  8.13177054e-02  1.38720742e-02  6.95765013e-02
  -8.03268456e-03 -3.00219072e-02 -3.87023851e-03 -1.03742996e-01
  -9.95738996e-02  5.34167319e-02 -7.41380503e-02 -1.35541287e-02
   4.19937289e-02  6.14184320e-02  8.72446528e-02 -2.27043554e-02
   5.78662878e-02  8.90814114e-02 -2.04329948e-02  7.14666829e-02
   1.13138556e-02 -5.88137039e-02  8.77407808e-02 -3.20953205e-02
  -4.20368201e-02 -5.62555627e-02 -7.06687946e-02 -4.59542336e-02
   7.64018274e-02  2.11000862e-03  1.03134923e-01  2.16452497e-02
   5.61849106e-02  8.52018007e-02  7.58668152e-02 -9.36228047e-02
  -9.53475705e-02 -8.66023407e-02  4.60672067e-02 -1.85893983e-02
   1.20355374e-02 -1.49489161e-02 -2.16767270e-02  9.39119672e-02
   5.09869992e-02  7.85438879e-02 -1.75323076e-02  2.46730611e-02
  -8.28214384e-02 -8.98196898e-02  5.56409074e-02 -4.24923759e-04
  -1.58265351e-02  7.73245892e-02 -5.92198545e-02  3.64805744e-02
   3.98389497e-02  8.38943935e-02 -7.70382588e-02 -6.74577357e-02
  -5.45197194e-02 -8.08602360e-02 -8.39965218e-02 -6.92456617e-02
   8.79676343e-03 -7.08648255e-02  6.09026202e-02  4.96265914e-02
   6.34719647e-02 -9.94101802e-02  5.23631639e-02  9.68071920e-02
   1.12597061e-03  9.00124819e-02  3.36202137e-02  6.20421588e-02
   7.24609372e-02 -8.52953957e-02  2.27787646e-02 -1.03500741e-01
   4.86696178e-02  6.69480265e-02 -7.10783409e-02 -1.35482217e-02
   5.89944992e-02 -6.76201960e-02  8.37272135e-02 -5.74525660e-02
  -3.50957596e-02  6.02908468e-02  2.91433747e-02  1.09240488e-01
  -2.21408873e-02 -9.27533808e-02 -1.08794032e-01  7.16783687e-02
  -8.36561558e-02  1.14041781e-01  3.75342930e-02  7.40158097e-02
   3.13369975e-02 -3.04928239e-02  7.43317606e-02  8.65691384e-02
   8.48726977e-02 -3.94475802e-02 -6.47277987e-02 -3.57331671e-02
  -5.13292095e-02  6.12742693e-02  9.25619719e-02  4.75135461e-02
  -5.52192019e-02 -1.94454798e-02 -4.29594758e-03  5.80890749e-02
  -9.10418608e-02  2.80978110e-02 -1.69006287e-02  8.05138828e-02
  -8.35610130e-02  4.56577143e-02 -2.64817581e-02  2.42644850e-02
   6.28955770e-02  7.65341695e-03  3.71985422e-02  1.12034298e-01
  -7.60073378e-02  1.01767704e-01  9.16871341e-02 -5.40849061e-02
   5.80515996e-02 -1.34721677e-03  4.18908208e-02  3.30686738e-02
   1.02482540e-01 -8.77993181e-02  4.43294463e-03 -6.36407507e-02
   7.02260883e-03 -6.53464182e-02 -4.88878488e-02  1.20779620e-02
  -7.83705903e-02  7.37914813e-02 -1.02476953e-01  7.38041062e-02
   6.46518087e-02 -8.10645310e-02  6.48436155e-02 -9.43516186e-02
  -1.66747310e-02 -8.80187506e-03  9.20025516e-03 -9.50513004e-02
  -1.05529794e-01 -2.76202970e-02  6.44442432e-02  4.46124926e-02
   9.28088321e-02  3.74028463e-02  7.06965273e-03 -5.91336889e-02
   7.69598789e-02  8.86725931e-02  1.01142424e-01  4.34097781e-02
  -2.24287112e-02  5.87312434e-02 -7.78891608e-02  9.80814585e-02
   8.43627863e-02  9.45595717e-02 -8.78143155e-02 -3.66310117e-02
  -1.03590214e-01  2.58189864e-02 -8.05048910e-02  3.59465442e-02
  -3.60221952e-02 -6.92933574e-02  8.42672540e-02 -4.44584277e-02
  -6.50222953e-02 -5.29122890e-02 -8.48210518e-02  4.37441715e-02
  -2.67023688e-02 -1.32301092e-02 -5.93001670e-02 -4.82680916e-02
   4.18328117e-02  3.25989518e-02 -4.97643394e-02 -1.03571589e-01
  -5.61727579e-02 -7.62781240e-02 -1.30284497e-02  6.27098786e-02
  -9.11297546e-03 -3.01835861e-02]
 [ 5.54883482e-02  1.24407266e-02  1.00313476e-01 -9.35404389e-02
  -3.43437663e-02 -1.08342603e-01 -3.89001632e-02 -2.20467291e-02
  -4.74864550e-02 -2.58034870e-02  6.55579487e-02  1.14386444e-02
  -5.56927259e-02  4.20745632e-02  2.74974268e-02  9.19558678e-02
   7.51582493e-02 -1.03910724e-01  9.52923493e-03 -7.39552174e-03
  -4.25549862e-02  1.11601147e-03 -6.38023526e-02 -1.03124376e-01
  -1.06481470e-01  1.07498793e-01 -7.14226759e-02 -3.12053428e-02
   6.73398214e-02 -7.71678486e-02 -5.25720828e-02 -8.09432033e-02
   8.69182719e-02  7.64012471e-02 -9.95810265e-02  7.93795610e-02
   7.29119825e-02  2.31228911e-02 -5.14513103e-02 -3.07788981e-02
   2.26948292e-02 -7.50798853e-02 -7.42168413e-02 -1.63753035e-02
  -3.60723052e-02 -1.07407519e-01 -9.47812675e-02  8.93510804e-03
   3.59603544e-02 -2.47503198e-02 -3.75275931e-02 -6.45607012e-02
   8.21205819e-04 -8.41103681e-03 -2.81041718e-02 -1.04038177e-01
  -4.92717436e-02  6.72855343e-02  1.81734074e-02 -6.26806814e-02
  -1.43848696e-02 -1.02047884e-01 -6.37560071e-02 -3.26612800e-02
  -9.06725619e-02  3.46389551e-02 -6.54795680e-02 -1.38279919e-03
   7.86954409e-02 -9.28235307e-02 -1.00142998e-01  3.22001444e-02
  -6.24423392e-02  9.59992058e-02 -1.78765830e-02  5.81447194e-03
   8.26041649e-02 -8.05742685e-02  1.70827396e-02 -5.00456562e-02
  -8.21053602e-03  3.80360312e-02 -7.48289652e-02  4.82356549e-03
  -3.91080612e-02  4.94412047e-02 -6.57972290e-02  4.93291315e-02
   4.26219968e-02  1.72657998e-02  2.40039612e-02 -5.30015002e-04
   6.02457788e-02 -1.15436754e-01  1.28310873e-02  1.02600181e-01
   5.62749216e-02  3.68529115e-02  5.76257051e-02  6.91845223e-02
  -2.85186794e-03 -3.14016182e-02 -5.95498771e-02  1.71212576e-02
   2.82739877e-02  3.06817399e-02  2.53597970e-03  4.50788382e-02
   3.28903875e-02  8.45676012e-02 -8.28456577e-02  6.41074973e-02
  -1.05997254e-01 -8.69923730e-02 -1.14936358e-01 -2.89151391e-03
  -1.61384760e-02 -2.59993080e-03 -6.12524786e-02  8.62963680e-02
  -3.98557154e-02  6.26785552e-02  9.82802670e-02 -4.86936434e-02
   1.07032297e-01  8.01326838e-02 -6.27594877e-02 -5.43152539e-02
   6.05510363e-02 -1.72792139e-02  9.54630511e-02 -7.18097812e-02
   6.13291075e-02  1.04836551e-01  7.28887559e-02 -2.70511589e-03
  -6.47905733e-02  1.82015916e-02 -9.30766689e-02  6.53978356e-02
  -5.66912214e-02 -8.69139498e-02 -7.27433606e-03  2.27982608e-02
  -7.92454785e-02  2.98852736e-02 -1.05361073e-02 -1.38111350e-02
   2.24040967e-02 -2.82457575e-02 -9.52802609e-02 -9.73421942e-03
   3.25271132e-02 -3.35029026e-02  3.71668363e-03  3.33706948e-02
   7.57518014e-02 -3.29111743e-02 -4.89596719e-02 -2.44803621e-02
   4.47076944e-02  6.09444095e-02  8.15104154e-02 -2.50537959e-02
  -6.64430754e-02 -9.58614006e-03 -4.99227452e-02  1.06775304e-01
   8.48667520e-02  2.40040206e-02  4.57875695e-02 -1.87984136e-02
   4.43239855e-02  4.91420701e-02  7.36632382e-02 -9.15642400e-02
   5.94626353e-02 -6.10106731e-02  1.11813619e-02 -1.32673821e-02
  -2.66296946e-02  2.34041692e-02  7.20469155e-02 -8.04508001e-02
   4.63306829e-02  7.78102259e-02  6.05090143e-02  8.75279122e-04
  -2.77414223e-02  1.06510802e-01  6.73531077e-02 -8.16142058e-02
   6.64642911e-02  1.00397644e-01 -1.06296238e-01  8.56840274e-02
   1.13254414e-01 -1.15897478e-01 -8.82913667e-02  4.46050122e-02
  -6.96136317e-02  9.79397187e-02  8.27498781e-02 -1.16713804e-01
   9.38685762e-03  4.73935218e-02  5.47174959e-02 -9.35901025e-02
  -1.30051039e-02  1.06494754e-01  5.87162635e-02 -7.61599826e-02
  -5.85871799e-02 -2.09686035e-02 -1.56293503e-02  1.11804787e-01
  -5.07764005e-02  5.88425302e-03  2.64406273e-02 -7.96856019e-02
  -3.19526628e-02 -4.81208467e-02 -7.62586497e-02  7.66999406e-02
  -1.79194138e-02  1.53401638e-02 -7.32897333e-02  5.98128215e-02
  -3.80724225e-02 -1.04424734e-01 -5.01383689e-02 -1.18420313e-01
  -9.12854250e-02  2.01733175e-03 -7.84375077e-03 -1.07771113e-01
  -7.66840239e-02  4.15680230e-02  9.62347088e-03  3.81166435e-02
  -7.99575281e-02 -6.14315499e-02 -1.56860474e-02 -2.45011828e-02
  -9.09319616e-02 -4.38423649e-02  4.86714899e-02  1.61111118e-03
  -8.64250267e-02 -6.75900072e-02]
 [-1.78462709e-02 -3.57648382e-03 -2.51542405e-02  2.29382091e-02
  -4.55120363e-02 -2.13473206e-02 -4.26553155e-02 -5.25159394e-02
  -8.06827314e-02 -7.82017956e-02 -1.04358988e-01 -8.67991105e-02
  -6.52457334e-02 -9.02219708e-02 -3.76093669e-02 -1.03613655e-01
   6.41882132e-02  4.35549504e-02  6.75882076e-02  1.03713376e-01
   8.33572621e-02  8.04959873e-02  6.00649298e-02 -2.65527612e-02
  -2.79078574e-03 -1.32702519e-02  8.88939893e-03 -7.02146077e-02
   7.10541616e-02 -1.11536624e-01  9.32531935e-02  6.14139293e-02
   3.45939361e-02  6.27913314e-02 -8.39345186e-02 -9.03979499e-02
   5.08013433e-02 -5.46404806e-02 -1.00616391e-01  2.26378460e-02
  -9.92159456e-02 -9.69731830e-02  5.81032478e-03  5.25905788e-03
  -8.64294746e-02 -9.76316284e-02 -7.27123776e-02  7.15091047e-02
  -3.67665333e-02  9.36369741e-02  1.70905379e-02 -3.84438282e-02
   3.36937606e-02  2.56665023e-02 -1.52014698e-02  1.02388996e-01
  -4.43768955e-02  5.31742977e-02 -9.75078704e-02  8.88872245e-02
   9.00285617e-02 -7.27646768e-02 -3.74450659e-02  3.27968003e-02
   7.17822124e-02  6.11720140e-02 -8.04580115e-02 -6.19747900e-02
   2.53784647e-02  4.78260204e-03 -4.14022522e-02  8.94833726e-02
  -2.73129263e-02  2.31925326e-02  5.05855207e-02 -3.63857874e-02
  -2.65870712e-02  8.76817990e-02  9.95651634e-02  8.92026175e-02
  -2.76939143e-02 -4.54488343e-02  4.75592153e-02  3.27724322e-02
   8.05301820e-02  7.64279079e-02  7.87595254e-02  5.74481898e-02
  -9.74215241e-02 -9.32343860e-02  7.22871108e-02 -2.46070961e-02
   9.22170571e-02 -8.78151912e-02 -6.77071322e-02  4.30939071e-02
  -9.09760197e-03 -1.24319989e-03  9.87519232e-02 -4.71858154e-02
  -3.70595569e-02 -1.72686725e-02 -9.82143000e-03  2.09509085e-02
  -5.65859362e-02  6.01337476e-02  6.75358743e-02 -1.94660206e-02
  -2.74019151e-02  3.88310021e-02  1.64234437e-02  4.03103260e-02
   7.98098441e-02 -1.04059057e-01  6.44997128e-03 -8.79409770e-02
  -9.74264799e-02 -7.56370992e-03 -7.64917396e-02  1.08016165e-01
  -1.00334848e-01 -3.30330733e-03  6.69823965e-03  2.42586144e-02
   7.52944606e-02  4.57014006e-02  1.14353085e-02  6.36337607e-02
   2.65108767e-02  2.35675543e-02 -2.62548341e-02  6.08493735e-02
  -2.09413476e-03 -5.55552209e-02  3.82040411e-03  9.19973021e-02
  -2.97496761e-02  6.46759356e-02  2.22232504e-02 -1.39906894e-02
   2.15564322e-03 -8.76327064e-02  1.04466348e-01 -8.33345367e-02
   8.36029077e-02  8.25816428e-03  4.14091029e-02  3.03586432e-02
   6.09709107e-03 -9.11135395e-02  9.01480971e-02  5.09042490e-02
   7.10523712e-02  1.06349973e-01  8.06797405e-02  2.12206081e-02
  -1.08416528e-01 -1.02884322e-01  2.93654191e-02  3.60374243e-02
  -7.94484488e-02  9.87410634e-02 -7.10453515e-02 -5.32413311e-02
   7.33917552e-02 -8.23422371e-02 -7.17145603e-02 -8.63195781e-02
  -8.69754506e-02 -8.73607554e-02 -5.15824249e-02  4.82467386e-02
  -5.14917087e-02 -7.58697017e-03  5.10235651e-02  8.25824725e-02
   7.19709404e-02  6.25889432e-02 -4.77566314e-02 -1.10328235e-01
  -5.08554945e-02  2.31024756e-02  8.54999222e-02  1.06920064e-01
  -4.64475034e-02  4.73628414e-02 -8.92610507e-02  7.79426296e-02
  -4.55335855e-02  6.27594386e-02  3.93515948e-02 -1.58814472e-02
  -8.91252755e-02  8.91224514e-02  4.20630297e-02 -8.57772556e-02
  -3.90629869e-02  3.43736281e-02  4.96175452e-02  6.82347420e-02
   1.10650126e-01  4.05766058e-02 -9.83312783e-02 -1.39056239e-02
   1.60682529e-02  3.99408915e-02 -2.99983736e-02 -1.16211911e-02
  -9.29153396e-02  6.42339198e-02  4.20753966e-02  3.51453374e-02
   4.85854639e-02  3.19508319e-02  4.84130090e-02 -1.03368414e-02
   7.79133477e-02 -7.28360375e-02 -8.93781526e-02 -5.83897443e-02
   6.62209445e-02 -3.21738028e-02 -3.91648784e-02 -6.82635485e-02
  -8.56641260e-03 -1.09323243e-01 -1.63814215e-02 -4.05983570e-02
  -9.60828933e-02 -7.32376314e-03 -2.57809566e-02  1.43209743e-02
  -5.82444546e-02  3.33917963e-02 -2.82901210e-02 -9.28238404e-02
  -4.08794776e-02 -2.89752365e-02 -6.74637653e-02 -3.71813993e-02
   1.99542603e-02  8.75028765e-02  2.42041101e-02  4.24484882e-03
  -3.82385656e-02  5.49388945e-02 -1.01583828e-01 -2.04732384e-02
  -9.81218957e-02 -6.35028400e-03]
 [-5.02555308e-02  7.60398981e-02 -4.28846805e-02  6.71751125e-02
   2.30153250e-02 -2.48781176e-03  1.01211766e-01  5.11944500e-02
   4.55455237e-02 -1.02225648e-01  5.61676625e-02 -7.14753031e-02
   2.20127724e-02 -3.53049433e-02 -7.94875721e-02  4.90228145e-02
  -6.61142022e-02  1.39435477e-02 -8.47710953e-02 -6.51380134e-02
   4.59713307e-02  6.21366169e-02  1.06123244e-01 -2.33855991e-02
   9.78213588e-02  6.22862523e-02  1.11492994e-01  9.54168072e-02
   1.63140564e-02  4.39154732e-02 -5.03991932e-04 -1.38770908e-02
  -1.16957043e-02 -2.44138279e-02 -1.02832768e-02 -1.48667428e-02
   2.53405414e-02 -1.68075655e-02 -5.96808450e-02  2.89379457e-02
  -2.38768590e-02 -4.65725668e-02  6.24565768e-02  1.04887679e-01
  -4.57906081e-02 -9.48185711e-02  5.62362506e-02  6.88697495e-02
   7.41744372e-02  8.42753444e-02  9.42342733e-02 -5.13148875e-02
  -1.36371450e-02  1.09778673e-02  1.06181889e-01  5.21473726e-02
  -3.15340695e-02  3.21785812e-02  1.92293622e-02 -1.15914441e-01
   5.58569739e-03  7.60946386e-02  6.80253595e-02 -7.51895392e-02
   2.05314311e-02 -4.45013952e-02 -8.66512008e-02  4.07424114e-02
  -7.31148059e-02  4.93168641e-03  1.06724434e-01  1.05876090e-01
   4.65676285e-02  6.12764208e-02  8.21270830e-03  4.52871313e-02
  -8.25160793e-02 -1.22247991e-01  7.09236720e-02 -7.57111362e-02
   8.44442283e-02  6.07234629e-02  6.64519488e-02 -2.25949005e-02
   2.15882524e-02  1.43919462e-02  1.03452019e-01 -2.24434295e-02
   1.18284892e-02  7.09777023e-02  5.52487224e-02  8.51373782e-02
   6.57227563e-02 -1.24698624e-01  7.16406845e-03 -4.06379531e-02
   8.14902023e-02 -9.02083823e-02  1.57836585e-03  9.56610368e-03
  -1.17261021e-02 -5.04049490e-02 -3.57042599e-02  6.42587824e-02
   1.13438406e-01  2.26400246e-02 -2.21053802e-02 -7.01261595e-02
   3.56279818e-02 -6.11543917e-02 -9.32407211e-02  6.21258384e-02
  -1.06962126e-01  5.21363388e-02  6.08957972e-02  3.86061181e-02
  -7.23283102e-02 -7.35629409e-02 -4.58883967e-02 -7.57891558e-02
   1.84837887e-02  1.21489764e-02  1.05105994e-01  8.00679198e-02
  -1.26554206e-02 -3.78041083e-02  4.48068588e-02  6.47783877e-02
  -4.27245009e-02 -8.23075237e-02 -1.62156216e-02  2.70255031e-02
   1.29194221e-02 -2.14282118e-02 -5.09620354e-02  2.82261161e-02
  -3.74363771e-02  3.04490037e-02 -6.22030638e-02  5.79846706e-03
  -7.12023626e-02  5.25766425e-02 -8.08761314e-02 -5.31007467e-02
   7.01121934e-02 -5.14948033e-02  1.16242973e-02  3.06519025e-02
   1.14415466e-01 -2.49694406e-03  7.58305948e-02 -6.13024537e-02
   6.84400845e-02 -1.06150638e-01  9.81234008e-02 -5.90379352e-02
  -1.70561757e-02 -6.77460693e-02  7.19526025e-02 -8.56061712e-02
  -1.56355283e-02  4.16596729e-02  1.19148982e-01  2.93873384e-02
   4.75873821e-02  6.13746377e-02  3.01361364e-02 -3.18013832e-02
   2.01266720e-03  4.10772175e-02  8.11090931e-02 -3.99432649e-02
  -4.43793726e-02 -6.40793072e-02 -2.49811216e-03 -3.57063717e-02
  -2.88339171e-02  5.97693524e-02 -1.03599560e-02  7.17826337e-02
  -5.45257532e-02 -3.97892093e-02 -5.25530918e-02  1.00028627e-02
   6.92967033e-02  7.23388315e-02 -4.83229448e-02  3.03599047e-02
   5.80517219e-02 -9.84533968e-02 -5.59217614e-02  1.85700623e-02
  -1.12940520e-02  7.70761839e-02 -2.88939312e-02 -9.63840645e-02
   1.20804088e-01 -4.97113099e-02 -1.00410094e-01  9.97442498e-02
  -6.60935545e-02  1.17847244e-01  5.69656963e-02 -2.86930161e-02
   1.07035081e-01  4.82494668e-02 -7.27352388e-02  1.10207253e-01
  -2.00477939e-02 -4.10948050e-02 -9.25265481e-02 -2.77672055e-02
  -1.24160886e-01 -6.43937724e-02 -1.80017745e-02  7.26405079e-02
  -5.47186093e-02 -6.79455795e-02 -9.01440597e-02 -1.21378915e-01
   1.38447973e-03  9.00663727e-02 -4.82335271e-02 -5.95503815e-03
  -9.62833745e-02 -5.81032374e-02  7.35057209e-03 -4.31314439e-03
   7.35661069e-02  1.57359136e-02 -4.09092480e-02  7.02829288e-02
   1.63946465e-02 -3.63306305e-02 -3.00567722e-02 -1.24485956e-01
   9.61314766e-02  4.94242564e-02  2.23616910e-02  4.50152821e-02
   8.38678269e-02 -1.14710959e-02  6.02901406e-02  8.49302073e-02
   2.83758241e-02 -1.18304578e-02  5.85732143e-02 -1.02862356e-01
   4.07150122e-02 -9.19980957e-02]
 [ 4.92258264e-02  5.28611937e-02  6.26439662e-02 -6.82009889e-02
  -7.83378341e-02  6.95893965e-02 -2.64823576e-02 -5.16282331e-02
   9.62129487e-02 -6.47180617e-03  4.64391900e-02 -8.71148943e-02
  -7.89051686e-02  1.01336738e-01  6.09147379e-02  8.81977944e-02
  -2.63386824e-02 -8.85679952e-03  4.34493116e-02  6.59263886e-02
  -1.53168483e-02 -1.13998474e-01  5.78180432e-02  2.80762479e-02
   1.66401345e-02 -4.63261720e-02  8.55754064e-02  1.60578821e-03
   9.70483501e-03 -6.86085097e-02  3.50273221e-02  8.96597988e-03
   5.62586947e-02  1.13811015e-01 -5.14669724e-02 -7.56425270e-02
   2.71193822e-02 -3.43384376e-02  2.09207074e-02 -8.40171235e-02
   6.42935760e-02  9.16612071e-02 -5.82893569e-02 -7.15743802e-02
  -1.50864889e-02  5.28837457e-02 -5.28969659e-03 -6.12016202e-03
   1.64135402e-02  8.59618816e-02  7.34279781e-02  9.40685009e-02
  -7.72928559e-02 -1.20463997e-01  5.12710600e-02  2.35863675e-02
   2.60715087e-02 -4.08297828e-02  1.95784222e-02 -1.12052829e-01
   5.06185992e-02 -1.06378259e-01  1.09641627e-01 -9.43524897e-02
   1.15253944e-01  8.14837629e-03 -1.00307487e-01 -4.52766450e-02
  -8.05467619e-02  7.82644423e-02  1.18108844e-01  2.44681334e-02
  -5.11083570e-02  1.76771957e-02  8.50631322e-02 -3.62998460e-02
  -4.12117327e-02 -3.49868540e-03 -3.86983509e-02  6.41036664e-02
  -6.34313752e-02 -7.70409792e-02  6.13191356e-02  6.50085078e-02
  -7.11369691e-02  6.55687235e-02 -6.77680379e-02  2.02627898e-02
   1.59815313e-02 -5.43829723e-02 -7.88667834e-02  8.10069262e-02
   4.56239170e-02 -7.37346901e-02 -5.33853754e-02 -8.17889297e-02
  -1.09081094e-02  7.96030353e-02  9.61755160e-02 -1.41117386e-02
  -3.79088246e-02 -1.40508392e-02 -2.46883444e-02  9.53378414e-02
   1.11169913e-01 -7.45026886e-02 -1.07408404e-01  4.78726609e-02
   4.17958192e-02 -1.48730486e-02 -4.93104758e-02  5.97919778e-02
   1.01951465e-01 -3.27885545e-02 -9.82275861e-02  2.79961749e-02
  -4.74973815e-02  2.13322900e-02 -4.38762098e-02 -6.16446973e-03
   5.63440307e-02  8.72434266e-03 -3.38806660e-02 -7.26014395e-02
  -1.74481096e-02 -2.62374346e-02 -4.95161191e-02 -7.24739622e-03
   3.40807941e-02 -6.55249557e-02 -7.44032186e-02  5.11872351e-02
   8.68893498e-02 -6.01227317e-03 -6.31143781e-02  4.49566098e-02
   3.41694861e-02  9.51714414e-02 -6.78913392e-02 -9.92069720e-02
   3.88570298e-02  4.69926869e-02 -4.18617801e-03  1.07501664e-01
  -1.19556715e-01 -7.66232748e-02  9.18258046e-02 -5.92595056e-02
  -3.79080018e-02  6.84348838e-02  6.87827978e-02  1.78777245e-03
  -8.42033898e-02 -2.93059460e-02  1.02264093e-02  3.46766269e-02
   8.89949461e-03  4.95291740e-02  2.24152328e-02  4.47903426e-02
  -6.66825521e-02 -6.96801376e-02 -1.19050739e-01 -5.59891589e-02
   8.68446775e-02  6.51555760e-02  5.32073259e-02 -3.07976908e-02
  -8.89586788e-02 -3.48774802e-02  9.34376860e-02  9.37834586e-02
  -2.88789302e-02 -1.90589716e-02  6.24449755e-03  2.19023258e-02
   2.76612725e-02 -2.86076202e-02 -4.59734735e-02  8.58217545e-02
   5.09060333e-02 -5.37170461e-02  1.59986364e-03  1.03136049e-01
  -5.20829235e-02 -2.35423535e-02  9.58667064e-02 -7.58629661e-02
   1.96818474e-02  3.68511608e-02  7.67818899e-02 -1.49380394e-02
  -5.65238244e-02 -3.24877485e-02 -7.46898974e-02 -3.88743424e-02
   7.62282790e-02 -4.78064072e-03 -5.70906540e-02  8.20263071e-02
  -7.15709943e-02  3.59584289e-02 -1.17053705e-02  4.94010498e-02
  -7.99301506e-02  6.29043625e-02 -9.62483277e-02  3.59121694e-02
   1.05899753e-02  9.23572167e-02 -2.52043540e-02 -3.85568851e-02
   8.71731390e-02  8.30443512e-02 -7.31781919e-02  9.18265302e-02
  -7.87662741e-02 -2.76539659e-02 -6.87448975e-02  9.23897446e-02
   4.53818930e-02  9.12940879e-02  2.65958419e-02 -4.59548767e-02
   5.17275491e-02  1.02980286e-01  6.10156500e-02  7.56170407e-02
  -6.91413160e-02  3.83771836e-02  5.80696108e-02 -2.92805773e-02
   6.00380201e-03 -4.21537926e-02  7.09351395e-02  3.66145101e-02
  -6.93646311e-02  1.05530429e-01  8.36805810e-02  6.22145208e-03
  -1.10163579e-01 -4.70546767e-02 -8.12875348e-02 -3.37494596e-02
  -4.87257924e-02 -7.88634194e-02 -9.04685586e-02 -7.18958767e-02
  -3.49898347e-02  2.20598210e-03]
 [-2.48048124e-02 -2.63604163e-02  5.94386055e-02 -3.64970188e-02
  -2.57339564e-02 -8.93471481e-02  8.38224980e-03 -5.41223634e-03
   7.52341311e-02 -3.90497918e-02  5.20684094e-02 -6.86996359e-02
  -5.20875562e-02  3.33662986e-02  8.44037817e-02 -7.91001541e-02
  -9.70317595e-03  1.05730390e-01 -5.19424527e-02  2.41668042e-02
   9.45966401e-02  1.02930435e-01 -9.79958708e-03  7.14588649e-02
  -4.89421822e-02 -3.16862438e-02  3.06911638e-02  5.23721195e-02
  -9.30023300e-02  4.53385500e-02  4.45661258e-02  9.76760014e-02
  -8.86838268e-02 -1.12481186e-01 -9.96084611e-03 -6.79419860e-02
  -1.17105713e-01 -3.23628867e-02  2.39346273e-02 -2.82545045e-02
  -1.03174236e-01  1.16445632e-01 -2.19910576e-02  4.75600096e-02
   3.36130551e-02 -1.84658156e-03 -5.30462374e-02 -5.71337018e-02
  -8.84536868e-02 -4.83837148e-02 -5.33675293e-02 -4.23236918e-02
  -1.08605468e-01  7.92853620e-02  1.52673171e-02  5.44440892e-02
  -3.30533958e-03 -3.70452359e-02  2.10861592e-02 -8.23800918e-04
  -3.63418826e-02  1.75778298e-02 -2.03564683e-02  6.67370110e-02
  -1.75314031e-02  8.71617077e-02  4.42019334e-02  7.96947917e-02
  -5.39491287e-02 -8.50589094e-02 -4.59291333e-03  4.99233201e-02
  -5.72226326e-02  7.51176157e-02  8.69380034e-02 -4.43566420e-02
  -1.10918991e-01 -8.54021681e-05  8.69291340e-02  5.86418685e-02
  -9.81171899e-02 -6.37132000e-02  3.21043637e-02  8.81840291e-02
  -1.10297424e-01 -3.52284539e-02 -8.47728570e-02 -7.52801454e-02
  -3.97101098e-02 -1.98021218e-02 -8.02566811e-02  5.79212721e-02
   1.04051356e-03  3.38744029e-02 -5.61963607e-02  6.53065696e-02
  -6.39044939e-02  2.52834603e-02 -5.91975203e-02 -2.57390108e-02
   1.03908914e-01  2.18882990e-02 -7.08028461e-02 -8.02919777e-02
  -2.71732003e-02  8.65789455e-02 -6.71712045e-03  9.95486621e-02
   7.67086268e-02  5.44874042e-02 -2.51223939e-02  4.08348678e-03
   9.91231533e-02  1.19459452e-01  4.14969059e-02  5.40007822e-02
  -4.29026661e-02 -9.20056227e-02  7.73869110e-02 -4.76296753e-02
  -6.28378132e-02  9.72246754e-03  7.71071590e-02  4.18197407e-02
   1.65427894e-02  9.20149743e-02  5.12434970e-02 -4.23911007e-02
   4.78365738e-02  7.02848756e-02 -6.86499788e-02  6.74623644e-02
  -3.60810630e-02  7.55038343e-03  3.34517343e-02  9.73697399e-02
  -9.11864840e-02 -4.42531204e-02 -6.28623092e-02 -9.92310092e-02
  -5.22131771e-02  1.42046847e-02  7.03301446e-02 -9.10413783e-02
   3.39441793e-02 -1.87356766e-02  6.59799702e-02 -2.97063865e-02
   2.00115819e-02 -4.56459798e-02 -1.66028423e-02  4.26967744e-02
  -5.68996403e-02 -9.14321093e-02  7.41040378e-02  4.62894309e-02
  -8.25905604e-02 -5.89840572e-02  7.38915050e-02  3.88146571e-02
   1.01551729e-01  7.12412457e-03  5.45600522e-02 -4.31405382e-02
  -2.07162057e-02  8.80862459e-02 -2.38856050e-02  9.36462841e-02
  -6.22739225e-02  1.00127926e-01  5.60498157e-02  8.71907633e-03
   1.05734116e-01  5.08181211e-02 -1.13574777e-01 -9.16915937e-02
   7.38255709e-02  4.72374827e-02  1.40432979e-02  7.07882297e-02
   1.77818085e-02  1.06083472e-02  6.50565274e-02 -8.56203508e-02
   8.19195656e-02 -3.66979929e-02  7.52223053e-02 -1.32155077e-02
  -1.00753371e-01  7.88603346e-02  3.76708754e-02 -5.32261795e-02
   9.68047948e-02  3.02833905e-02 -3.05136476e-03 -1.09345731e-01
   6.69332780e-02 -3.96227419e-03 -8.39918405e-02 -5.33133785e-02
   2.51724583e-02 -1.25045378e-01  2.93910010e-02 -1.72884108e-02
  -5.59385145e-04  1.25990605e-02 -9.45020624e-02 -5.24958586e-02
   2.87820243e-02 -5.00834728e-03 -3.65070250e-02 -3.39376534e-03
   5.97609536e-02 -9.74934391e-02  1.16583544e-02  8.35557510e-02
  -8.00335214e-02  1.06001474e-01 -6.31103900e-03  9.13914796e-03
   1.00493038e-03 -5.04431549e-02 -8.82932770e-02 -5.46576606e-03
   2.06944784e-02 -7.63097307e-02 -7.85388824e-02  1.12399719e-02
   5.75916645e-02  8.76993478e-03  7.76271334e-03 -2.01945924e-02
   4.11433861e-02  1.04194167e-01 -9.74073349e-02 -2.43631067e-02
   3.37115554e-03  8.08472514e-02 -1.02010180e-01 -8.18202753e-02
  -8.92055720e-02  1.03840786e-01 -6.02759993e-02  2.57696369e-02
   1.03607386e-01 -1.08837708e-01 -6.63257195e-03 -4.74912899e-02
  -5.97621422e-02  4.51874284e-02]
 [-8.68607085e-02  6.87684865e-02 -7.75615664e-02 -6.42442363e-02
   5.69778276e-03 -8.05757006e-02  4.40074264e-02  9.19923473e-02
  -7.21635856e-02 -6.23014006e-02 -4.36228808e-02  4.02301444e-02
  -7.34274326e-02 -3.83025665e-02  2.75887352e-02 -2.52981702e-02
  -7.43472326e-02  3.84890443e-02  4.00892784e-02 -6.03471044e-02
   1.32966284e-02  1.04489337e-01  3.17291733e-03 -9.35728314e-02
  -1.25666432e-02 -4.04176442e-02 -1.16961477e-01  8.42830552e-03
   1.19663927e-01 -9.44128918e-03  9.88705844e-02  1.92610970e-02
   1.45956008e-02  9.86146219e-02 -3.39232674e-02 -9.01983494e-02
  -7.79353984e-02 -9.11172837e-02  2.39449706e-03  1.74638002e-02
   7.86690055e-02  1.44567844e-02  1.03731620e-01  7.21522347e-02
  -1.65600129e-02 -1.67117442e-02  5.64196627e-02 -6.93528313e-02
   6.08163361e-02  4.07790994e-02  4.13778191e-02  9.88736449e-03
   3.22991338e-02 -6.69133052e-02 -8.63200711e-02  3.67387043e-02
   4.93049652e-02 -6.75226695e-02 -8.09105162e-03 -8.56604251e-02
  -2.22941181e-02  2.75890413e-02 -1.45152217e-02  9.16637615e-02
  -8.72855813e-02  5.63338249e-02  4.86262375e-02  5.05007322e-02
  -9.58843845e-02 -2.25025680e-02  6.27279817e-02 -4.57010592e-02
   9.49833856e-02  7.87677632e-02  8.29435781e-03 -3.11849591e-02
   7.29803811e-02  9.37893800e-02  4.05149898e-02 -9.72895755e-02
  -8.82883022e-02  1.10169914e-01 -6.99628410e-02 -2.93740538e-02
  -8.79924668e-02  3.72511672e-02 -1.01155739e-01  7.61001491e-02
   5.57449053e-02  1.21443386e-02  1.15394461e-01  1.47454858e-02
   1.24754912e-01 -1.07847046e-01  6.11510039e-02  6.15435588e-02
   1.11632563e-01  9.55000171e-02  2.65924243e-02 -9.39264708e-02
   2.76246651e-02  9.45794919e-02  7.06322546e-02  1.21415400e-02
   6.38604614e-02 -1.14655340e-02  7.56666660e-02  4.32380791e-02
  -1.00282049e-01 -8.18178487e-02  8.27829671e-02 -2.61552871e-02
   5.30218997e-02  8.07191220e-02  4.95752054e-02 -5.43593383e-02
   1.12603674e-02  6.90360550e-02 -1.40788432e-02 -2.53860288e-02
  -4.86346083e-02  9.69156315e-02 -8.87101831e-02  5.94738096e-02
   1.22572035e-01  2.00845107e-03 -1.08143909e-01  9.39358487e-02
   1.58985539e-02  1.01287743e-01 -2.33385180e-02  1.69209094e-02
   5.25232517e-02  2.91915573e-02  9.80420863e-02 -4.36597861e-02
  -4.80555991e-02  4.21382125e-02  2.15945782e-02 -9.02360245e-02
   4.13930353e-02  3.48729848e-02 -1.05064774e-01  7.24210364e-02
  -2.85409779e-02  6.00218568e-03 -1.90067839e-02  4.67360829e-02
  -2.54206429e-02 -7.04620848e-02 -7.66903737e-02 -5.82602494e-02
   5.42485697e-02  1.01433991e-01 -3.95812385e-03 -4.70110587e-02
  -8.38595445e-02  8.08935657e-02 -4.38210821e-02  2.64636960e-02
   9.38844836e-02 -1.45358090e-02  1.12779351e-01  9.97506495e-02
  -6.45000694e-02  1.42217114e-02  8.26163644e-02 -5.01354464e-02
  -7.16137492e-02  6.88975391e-02  8.71949983e-02 -2.72929867e-02
   9.02624356e-03  7.25891474e-03 -3.78445961e-02  3.98828097e-02
  -3.10492971e-02  3.57736583e-02 -1.77552079e-02  7.52635480e-02
  -1.34920351e-02  2.04801604e-02 -2.07231339e-02  4.61204296e-02
  -4.15848037e-02  2.32421140e-02  1.02242555e-01  1.00034851e-02
   2.62847232e-02  6.88831238e-02  2.65009586e-02  2.03648604e-02
   5.61088279e-02  9.28015368e-02 -5.33808815e-02 -3.68978534e-02
  -8.29655807e-02  4.68304765e-02 -3.06571656e-02 -4.80191130e-02
   1.20163780e-01  4.23364133e-02  1.93258359e-02  4.52817941e-02
  -9.25491929e-02  6.13555555e-02 -9.02626375e-02 -5.55637201e-02
   3.31601464e-02  2.51066021e-02  8.76773444e-02  9.86082109e-04
  -7.87008652e-02  5.86055155e-02 -9.13128862e-02  6.42973182e-02
   4.41338158e-03  5.35969266e-02  9.09957596e-03  1.27705359e-02
   1.48655434e-02  8.16008822e-02 -7.77186776e-02 -3.17872283e-02
  -7.99812417e-02  7.25921657e-02  4.35364231e-02 -5.52887149e-02
  -6.22173322e-02 -2.64439897e-02  9.83389103e-02  7.58443771e-02
   7.79872769e-02  8.85917163e-02 -8.54487672e-03  8.81091926e-02
  -9.79558337e-03 -9.13299930e-02  3.48277091e-02  5.77898777e-02
   2.49331777e-02 -4.93589928e-02  4.74633509e-02  2.16291034e-04
   7.87901037e-02 -7.49646474e-02 -6.11960506e-02  3.04017938e-02
   3.03111911e-02 -3.78179309e-02]
 [ 4.74865263e-02 -3.59744365e-02  7.14503602e-02  1.97769441e-02
  -1.54531161e-02  3.42299959e-02 -8.38807101e-02  3.22531235e-03
   1.15208942e-01 -4.12168481e-02  9.69091010e-02 -4.55964692e-02
   1.43420467e-02 -3.77720362e-04 -6.20697778e-02 -9.77321524e-02
  -4.83966418e-03 -3.80286149e-02  3.85545644e-02 -7.78238836e-02
  -2.99625121e-02  2.02254460e-02 -3.44328339e-03 -3.07128450e-02
  -1.02870649e-01  6.04797647e-02 -1.68611543e-02 -4.45094161e-03
   1.34526636e-02  3.34463926e-02 -1.38801379e-04 -4.83719146e-02
  -1.02787228e-01 -2.93658941e-02 -6.54925824e-02 -4.47547774e-02
  -1.03436702e-01 -3.22957013e-02 -9.05061908e-02 -5.43104891e-02
  -1.02956380e-02 -9.90325689e-02 -3.02514279e-02  6.36152637e-02
   8.29629609e-02 -4.61593426e-02 -8.80599011e-02 -6.07116520e-02
   6.84235508e-02 -2.16150054e-02 -5.84169895e-02  2.94266037e-03
   9.20563148e-03 -3.52287037e-02  3.17066551e-02  8.01221380e-03
   2.78276872e-02 -7.55540036e-03 -2.70684567e-02  8.16355595e-02
  -1.96485270e-02  4.87967738e-02 -7.97839054e-02  8.98032838e-02
   7.32030852e-02  6.04359748e-02 -6.37859419e-02  4.11353761e-02
  -1.33783244e-02 -9.64611051e-02 -8.19790744e-02  1.09428769e-01
   9.29430885e-02 -1.62391176e-02  6.05895394e-02 -4.00256652e-02
  -4.65994282e-02 -2.27289290e-02 -2.41476503e-03  1.69954893e-02
  -4.83344168e-02 -9.05534044e-04 -1.10317314e-02  2.86842499e-03
   9.62736738e-02  3.25108278e-03 -3.81643719e-02  1.05414594e-01
   2.24484230e-02  8.79311072e-02  2.57621074e-02  1.02580350e-01
   3.04946701e-02  8.79249511e-02  1.04842475e-01  2.65672319e-02
  -7.03963838e-02  1.96756795e-02  7.41722138e-03  4.72802916e-03
  -1.79371467e-02  6.47366318e-02 -2.65365348e-02  5.36962758e-03
   9.73044584e-02 -5.29816092e-02 -2.02568798e-02  8.37879841e-02
   5.14231151e-02 -8.84356699e-03 -2.81479947e-02 -3.44574843e-02
  -9.32728506e-03 -5.28028395e-04 -4.99673988e-02 -7.18063235e-02
   1.72311641e-02 -3.55667833e-02 -1.13802568e-01 -9.01116395e-03
  -8.23623630e-02  7.10471334e-02 -4.51431538e-02  3.08140403e-02
  -5.87756437e-02 -5.03153285e-03 -6.18835732e-02  1.16658609e-01
   2.19323186e-04  2.36713332e-02 -3.48484662e-02 -1.06536677e-01
   9.78639810e-02  2.63872663e-02  7.55024384e-03 -3.36472022e-02
   8.94594436e-02  5.97907457e-02  2.41073951e-02 -5.24174219e-02
  -7.78712554e-02  3.47630188e-02  4.40762554e-02 -8.09844060e-02
   1.03368339e-01 -1.05830440e-01  7.38587479e-02  9.33181136e-02
  -7.84988339e-02  5.89166143e-02 -1.05086032e-01  2.75425182e-02
  -9.08750673e-02 -6.48430714e-02  1.08683574e-01  4.58937391e-02
   1.05042889e-01  8.32347142e-02 -1.14140144e-01 -4.53124860e-02
  -1.08308626e-01 -1.77678771e-03  9.50991232e-02 -2.74748352e-02
  -2.60243997e-02 -1.07678422e-02 -9.43392969e-02 -6.82697101e-02
  -6.75752898e-02  5.55867197e-02  3.78309647e-02  5.40277479e-02
  -8.37154109e-02 -9.81375379e-02  6.03071236e-02  4.02662760e-02
  -8.12616214e-02  5.54498650e-02 -1.24870927e-02  5.54404826e-02
   7.87700598e-03 -8.98991895e-02 -9.64097881e-02  1.03012877e-01
   8.97312420e-02 -5.79371433e-02 -1.36400227e-02 -6.00029223e-02
   1.67616621e-02 -2.25086673e-02 -3.71236264e-02 -7.49878389e-02
  -6.51792254e-02 -9.41853529e-02 -9.13926226e-02 -1.04545350e-01
  -4.56724776e-02  3.64443167e-02  1.16316778e-01 -6.24828364e-02
   1.50189897e-02 -1.04268662e-01 -2.35998715e-02  3.67172257e-02
  -8.09032002e-03 -5.47171484e-02  7.83024371e-02  9.84004286e-02
  -8.70359095e-02  8.17764832e-02 -7.47746901e-02 -2.79322161e-02
  -4.51820666e-02 -6.41705112e-02  1.06348421e-01  3.39196266e-02
  -5.20209040e-02  4.82049769e-02 -3.12761535e-02 -8.37029870e-02
  -4.87333632e-02 -2.70580788e-03 -7.38658330e-02  7.14149800e-02
   4.61518401e-02  1.14514902e-01  3.90810400e-02 -9.00891389e-03
  -9.38405233e-02 -6.68043994e-02 -7.03773626e-02 -4.25819137e-02
  -3.95529118e-02 -7.38753028e-02  4.61880927e-02  9.32613310e-02
  -2.19251791e-02  6.47287817e-03 -3.65279232e-02 -5.66191546e-02
   1.23399021e-01 -1.17823756e-01 -5.77353927e-02 -3.35285062e-02
   7.14243565e-02  6.82327328e-02  7.56166316e-02  6.03201878e-02
  -7.94245789e-02  9.09987333e-02]
 [ 1.08040118e-01  8.25606988e-02  5.43376063e-02 -4.42764962e-02
   9.09202882e-02 -8.50851091e-02 -2.82425468e-02  7.45881490e-02
   7.65880938e-02 -1.24848302e-01  2.18996002e-02  2.62707130e-02
   9.15848423e-02  6.37515585e-02  7.57910875e-02  5.46078243e-02
  -4.12064663e-02 -2.57089615e-03 -8.18404549e-02 -5.30140419e-02
   8.00499805e-02 -8.69166501e-02 -4.13596860e-02  4.40511613e-02
   3.60632376e-02 -5.20186777e-02 -4.96934655e-02 -4.71643759e-02
   7.39966583e-02  5.90454263e-02 -6.72203531e-02  8.08476579e-02
  -7.11760164e-02 -2.64207795e-02  9.43105834e-02  2.82732241e-02
   5.20867618e-02  1.45152061e-02 -8.72233901e-02 -1.12322747e-01
  -7.20823139e-02  3.00080607e-02  3.40978493e-02  6.82442711e-02
   3.17894745e-02 -6.30252206e-02 -4.50260338e-03 -4.97112741e-02
   6.69147519e-02  8.93231149e-02 -4.77872277e-03 -6.34834975e-02
   3.17536857e-02  6.64612990e-02 -1.13964306e-01  4.90135529e-02
   5.61013890e-02 -1.01657388e-01  9.05457178e-02 -2.97476684e-03
   2.62284148e-02 -6.99793177e-02  1.87423715e-02 -2.21406655e-02
  -6.06179239e-02 -1.94236335e-02 -3.97661990e-02  5.11269358e-02
  -1.83838856e-02  5.04692992e-02 -3.13942572e-02  9.03692739e-02
   1.73985556e-02  9.50858295e-02  6.71927602e-02 -6.42180811e-03
   2.66205717e-03 -1.02595603e-01 -7.43117391e-02 -1.34537018e-02
   3.69543829e-03  2.81289783e-02  4.95702801e-02 -2.12369644e-02
   8.75166006e-02 -4.62228999e-02  1.11176748e-01  1.12262938e-01
  -4.14826550e-02  7.13658693e-02 -8.81916920e-02 -8.21429319e-02
   7.62583981e-02 -3.24348314e-02  9.95081809e-04  8.20242901e-02
  -2.76667835e-02 -9.86586385e-02 -2.66830832e-02  1.12978331e-01
  -1.99130760e-02 -3.83929200e-02 -8.31597836e-02 -4.07755878e-02
   4.96161541e-02 -5.85697093e-02  8.11318147e-03 -9.23600498e-02
  -8.47772651e-02 -2.19415020e-02  2.91746704e-02 -1.78743219e-02
   7.34785021e-02 -6.92495585e-02  3.19868382e-02 -9.70688287e-02
  -8.10868675e-02 -4.44125023e-02 -6.84449595e-02 -1.02913898e-02
  -7.27629399e-02 -5.73621769e-02 -2.88010364e-02 -8.67588490e-02
   1.57691816e-02 -4.48936975e-02  4.64840658e-02 -8.15496791e-02
   4.03033285e-02  8.22626906e-02 -3.86765926e-02  6.57518550e-02
  -6.74654033e-02 -4.01473395e-02  1.35406629e-01  3.07234252e-02
   1.01960601e-01  1.05579421e-01 -8.90686473e-02 -3.77653404e-02
  -1.62476037e-02 -1.29241719e-02  3.71785007e-02  6.73300736e-02
   4.21284517e-02 -6.80242522e-03  8.12951117e-02  3.97128141e-02
  -7.24391947e-02  1.54673133e-02  8.18823171e-02  9.11828670e-03
  -7.62666413e-02  3.52425717e-02  2.77283578e-02  9.80349091e-02
  -6.67660354e-02  9.50718639e-02 -4.52565659e-02  1.90323134e-03
   9.23788114e-02 -1.04513284e-01 -8.22927890e-02  1.32403190e-02
  -6.47276511e-03 -5.58998978e-02 -3.12767601e-02  4.39205331e-02
   8.71697995e-02 -1.05325519e-02 -1.02693976e-01 -4.73327200e-02
  -6.64616004e-02 -1.28284770e-02  2.13109001e-02  6.58332195e-02
  -1.61793406e-02  1.17634455e-01  6.85539270e-02  5.84986118e-02
   8.79434960e-02  8.78113600e-02 -8.40773890e-02 -1.00332207e-01
  -6.54739444e-03 -2.60202951e-02 -1.01346184e-02 -8.43693533e-03
   8.70791183e-02  8.11301202e-02  9.47515656e-02  4.99882731e-02
   3.03981781e-02  7.45044029e-02  4.02875109e-02 -3.17403564e-02
  -9.23117940e-02 -5.32557972e-02  1.00948348e-01 -6.99149760e-02
  -9.79814852e-02 -7.87006845e-02  7.05063954e-02  2.58124966e-02
  -6.69813941e-02 -3.90558250e-02 -5.44969417e-02 -5.01784033e-02
  -2.53258650e-02  9.58912042e-02 -6.70853105e-03  8.24529617e-02
  -8.87689355e-02 -1.44102581e-02  5.00472363e-02 -4.24637276e-02
   8.18053322e-02 -4.46544822e-02  3.14895177e-02 -4.27852554e-02
   4.05551724e-02  8.28274882e-02  9.84871828e-03 -6.83109843e-02
   7.95070079e-02  5.21481145e-02 -4.17373436e-02 -4.19316632e-02
   1.47555541e-02  2.90460309e-02  6.55806322e-02 -4.84771027e-02
   1.08395914e-02  7.84360465e-02  7.75735890e-03 -7.19006356e-02
   3.42779354e-02  2.50504677e-02  5.62158031e-02  8.65045033e-02
  -6.59552873e-02  7.65510916e-02  3.90736167e-02 -3.02559839e-02
  -9.89368776e-02 -3.07453273e-02  1.07238695e-01 -6.12891494e-02
   5.19077105e-02 -5.15994269e-02]
 [-5.51688393e-02 -2.90036150e-02  5.16087404e-02 -3.92615613e-02
   7.06020230e-02 -3.58913611e-02  2.66491182e-03  8.53666239e-02
  -8.96366790e-04  3.50985667e-02  2.11097929e-02 -9.05494722e-02
  -3.96609106e-02 -1.60068666e-02  4.48206535e-02 -4.85365855e-03
   6.32246562e-02  7.68712821e-02  1.73570679e-04  3.39483488e-02
  -9.66651706e-02  2.12816439e-03 -2.19909822e-02  1.03359143e-01
  -2.16747194e-02 -2.29145128e-02  9.86849671e-02 -6.34971430e-02
   8.46968217e-02 -2.67450892e-02 -3.68377095e-02  5.24632456e-02
   3.85995736e-02 -3.35688951e-02 -8.84036498e-02  4.86421725e-02
   6.63701379e-02  7.32506979e-02  1.77810458e-02  5.58597705e-02
   1.02573589e-01 -7.08388361e-02 -2.86563023e-02 -9.39593923e-02
   6.33037421e-02  3.54864999e-02 -7.40190280e-02  5.01765556e-02
   3.68151104e-02 -9.18880340e-02  1.03036730e-01 -8.04945008e-02
   8.43364144e-02 -9.10717059e-02  8.67417106e-02  4.61138984e-03
  -2.95991205e-02 -7.59399967e-02 -5.33752662e-02 -9.09315825e-02
   1.01509035e-01  3.42853699e-02 -1.07558899e-01 -5.95621468e-02
  -6.56609469e-02  6.35143152e-02  4.75275536e-02  5.80204610e-02
   6.81888018e-02  6.15145936e-02 -1.01845645e-01 -1.04551618e-01
  -3.16474704e-03  5.21761391e-03  6.27712165e-03  7.51590797e-03
  -1.21224049e-01 -1.94888774e-03  2.52575118e-02 -3.11260920e-02
   7.90293455e-02  1.08980635e-01  1.02832157e-01  5.28343384e-02
   9.41380543e-02  4.60083488e-02  2.77745745e-02  7.67323768e-03
   3.44682320e-02  4.28421788e-02 -7.40934245e-02  1.08717801e-01
  -1.68455155e-02 -4.48045930e-02  7.61569049e-02 -7.98503132e-02
  -9.34943564e-02  9.48971493e-02  1.68587831e-03  6.66330248e-02
   3.32784023e-02 -8.34957672e-02 -7.33658333e-02  8.55955269e-02
  -6.67726650e-03  2.51310353e-02 -5.20521466e-02 -6.41147432e-02
  -7.45034885e-02 -1.87588822e-02 -9.41245432e-02  6.47099998e-02
   1.10999897e-01  3.31513987e-03  8.37612724e-02 -5.50212398e-02
  -5.95036053e-02 -5.82649572e-02 -6.84023434e-03  6.74487770e-02
  -6.05343408e-02  8.66001388e-02 -6.00978590e-02  4.18200391e-02
   1.01275103e-01  5.99296677e-02  3.71084587e-02 -8.03194592e-02
   6.08927517e-02  9.84297736e-03 -7.07850327e-02 -7.71544678e-02
  -6.10772018e-02 -1.62362824e-02  4.70811449e-02  9.44823807e-03
   6.63732508e-02 -8.45888790e-02  1.95442823e-02 -9.19725823e-02
   8.18919781e-02  6.96734504e-02 -4.21522010e-03 -2.29891127e-02
   9.08150300e-02  1.07357594e-01  1.11111941e-02  9.02014885e-02
  -8.35818448e-02  1.14237967e-01 -9.97574547e-02 -8.26172157e-02
   2.50259852e-02  2.18856018e-02 -8.09800429e-02  3.37670332e-02
  -4.24970242e-02 -9.08227371e-02 -8.14111653e-02 -9.92104428e-02
   6.52527892e-03 -2.16331714e-02 -8.50475973e-02  2.74891269e-02
  -1.61290032e-02  4.23272543e-02 -2.40035892e-02 -6.67332121e-02
  -5.47690826e-02  7.74325381e-02  3.90009254e-02 -1.02062462e-01
  -2.26585499e-03  4.66198752e-02  2.95511715e-02 -3.49321119e-02
   1.00503546e-01 -6.78615633e-02 -6.22533347e-02 -7.39981182e-02
   1.52063947e-02 -1.08467027e-01 -7.98479277e-02  2.05385600e-02
  -3.32714204e-02  5.82479339e-02  1.05768394e-01  3.34999694e-02
  -7.27108889e-04 -9.55386615e-02 -1.13807370e-01  8.63897809e-02
   7.91884768e-02 -6.77552617e-02 -4.24873289e-02  6.42267229e-02
   3.90919945e-02 -3.46464959e-02  4.60054421e-02 -7.31734400e-02
   2.72557742e-02 -9.33095874e-03  6.96491642e-02  6.41698673e-02
   4.38598936e-02 -5.20287105e-02 -7.69264515e-02  1.09443936e-02
   1.49211146e-02  9.67995961e-02  7.28816246e-02  6.90717197e-02
   2.81161717e-02 -1.70920172e-02 -1.40201958e-03 -1.61029944e-03
  -6.85808751e-02 -3.35916974e-02  7.01990414e-02 -4.42762249e-02
   1.06407629e-01  7.20105069e-02 -1.15820578e-02 -1.07421461e-01
  -3.62605894e-02 -5.78365532e-02 -2.54314793e-02  1.02542994e-01
  -5.45007141e-02 -5.00740562e-02  1.49400411e-02  3.55919201e-02
  -4.39325775e-03 -3.32304080e-02 -8.76469399e-02  3.49825093e-02
   9.25448569e-02 -7.90335709e-02 -8.64352597e-02 -9.25203339e-02
  -2.74287321e-03  2.75598586e-02 -5.22853212e-02  7.69668363e-03
  -2.37284834e-02 -2.22596823e-02 -1.07817853e-02 -3.91716023e-02
   7.02044955e-02  1.03401908e-02]
 [ 7.92912673e-02 -4.13793716e-02 -2.13960702e-02  2.94861421e-02
  -1.42171831e-02  9.42731718e-03  5.24492172e-02  4.49448076e-02
   9.03083159e-02  1.72594715e-02 -3.04445287e-02 -7.29168182e-02
  -3.04675120e-02 -6.30588479e-04  4.54258973e-02  4.39813811e-03
   3.19993213e-02  4.78804300e-02  3.14459278e-02 -3.35035623e-02
   8.40584371e-02  7.31299936e-02 -6.84286120e-02  9.06995698e-02
  -5.46398157e-02  8.14866928e-02 -3.24420789e-02  6.39477194e-02
  -4.52932060e-02  7.99863826e-02 -5.67493459e-02 -4.85374614e-02
  -2.51593845e-02  1.26831898e-01  3.72779641e-02 -5.22634819e-02
   1.26429915e-01 -4.86307386e-02  6.50640496e-02 -2.31766982e-02
   9.34219974e-02 -1.49225402e-02 -9.15552735e-03 -1.71421810e-02
  -6.25305303e-02 -9.26494817e-02 -4.47337042e-02  7.72861474e-02
  -8.39608973e-02 -1.08897129e-01  1.18636163e-01 -8.03936472e-02
   6.04227747e-02  4.06540824e-02  5.33344704e-02 -7.11603716e-02
   1.06532698e-01 -7.44302285e-02  1.22821329e-02 -4.69663758e-02
   1.08614435e-01 -5.50615245e-02 -8.11404252e-02  8.04626021e-02
   6.51939025e-04  6.76220246e-02 -3.91395661e-02  4.75404710e-02
  -1.72413955e-02 -8.08320286e-02 -6.51480208e-02  1.19530950e-02
   1.99716028e-02 -1.08456559e-01  4.38937549e-02 -8.97386697e-02
   6.24447117e-02  2.01331097e-02  4.15451406e-02  6.45169472e-02
  -4.31759825e-02 -2.93776873e-02  3.55783398e-02 -6.24295852e-02
   7.71599258e-03 -5.85848545e-02 -4.29293104e-02  2.89406160e-02
   9.54185818e-02  7.87261125e-02 -1.11890677e-01 -1.54889544e-02
  -1.31477691e-01  3.36841384e-02 -8.98393560e-02  6.35624763e-02
  -5.16083641e-02 -6.81737508e-02  4.77760385e-03 -1.35476965e-02
  -9.12630901e-02  9.83294061e-02  7.25408245e-02  8.18460737e-02
   4.26726177e-02 -1.05309590e-01 -4.33390633e-02  4.42003160e-04
  -1.54359995e-02  4.63784531e-02 -1.70814328e-02 -2.59594486e-02
  -8.83577463e-02  9.52179733e-02  2.21559411e-02  1.22278010e-02
  -1.21372199e-01 -1.62264905e-02  4.40490178e-02  3.22091183e-02
  -7.17375450e-02 -1.05224052e-01  7.93851988e-02 -7.36544328e-02
  -7.27637397e-02 -8.99853763e-04 -3.31152071e-02 -6.01531551e-03
   3.55804695e-02  4.07920119e-02  2.30933110e-02  8.03406786e-03
  -1.83176065e-02  2.18465914e-02 -4.43903615e-02 -8.09652492e-02
  -6.61003000e-02 -9.77166684e-02  1.64493437e-02 -8.57599775e-02
   7.17156031e-02  9.40468853e-02  1.45813146e-02 -5.31976590e-02
   8.09456441e-03 -2.56315434e-02  3.49605377e-02 -5.46143525e-02
  -4.52258798e-02 -1.15505931e-01  6.76538791e-02  8.38837040e-02
  -8.11636065e-02  9.95239987e-02 -2.85881235e-02  4.60037493e-02
   9.23121773e-02 -8.40595562e-02  1.33790274e-02  3.17348621e-02
   2.14162637e-02 -2.93178992e-02  2.35220910e-02  6.75731668e-02
  -5.48387085e-02  1.84263247e-02  2.56650772e-02  6.05124061e-02
   2.05198494e-02  3.32286577e-02 -2.16577851e-02  2.68001141e-02
  -2.26556352e-02 -8.02667131e-02  3.30903494e-02 -6.96342604e-02
  -1.08934631e-01  3.41858823e-02  2.41304627e-02  9.97897373e-02
  -7.45269064e-02 -8.08982589e-02  9.19357582e-02 -3.55995187e-02
  -2.36609125e-02  8.55640128e-02 -2.26504640e-02  9.65923063e-02
   4.79861756e-02 -5.42697514e-02 -1.06658559e-01 -3.01450538e-02
  -5.01030930e-02  5.28131508e-02  6.19972107e-02  6.33440650e-02
   5.82110537e-02  6.29097134e-02 -7.19523422e-03  1.04214276e-01
   8.94398326e-02  3.94973858e-02 -7.88249457e-02 -7.85865318e-02
  -7.68583915e-02  9.14399662e-02 -7.61838289e-02 -5.59300234e-02
  -8.02998599e-02  7.38537712e-02 -4.33827378e-02 -7.97674613e-02
  -1.02673535e-01 -4.90995782e-03 -6.40470694e-02 -3.74386966e-02
   2.60098782e-03 -3.58465275e-02  5.56625161e-02  4.70672264e-02
   1.02421541e-01  2.75294524e-02 -2.49704120e-02 -8.23778490e-02
  -9.91118186e-02  5.90264233e-02  4.00708209e-02 -8.24673475e-02
  -1.29200325e-02 -1.95364672e-02  8.72707823e-02 -4.10486964e-02
   3.14088551e-02 -6.81552270e-02  2.22429891e-02  1.02517680e-01
   1.07424469e-01 -4.25932049e-02  5.65429031e-02 -4.24642042e-02
  -3.77619128e-02  8.58384669e-02  1.00986642e-01 -4.22585601e-02
  -1.05316105e-01  9.18819570e-02  4.71914943e-02 -4.04375555e-02
  -7.61206348e-02  1.59461110e-02]
 [-1.13073934e-01  3.43360650e-02 -1.05173351e-01 -3.22467919e-03
   2.04045393e-02 -6.10641167e-02 -1.84442319e-02  1.16938391e-02
  -8.79239907e-02 -5.69106569e-02  8.46524539e-02  6.50449750e-02
   7.48146053e-02 -1.12053290e-01 -1.72521119e-02  6.91209295e-02
   5.65549625e-02  4.11334884e-02  2.48302270e-02  6.39547758e-02
  -1.01328355e-01 -3.86355661e-02 -7.30527251e-03 -6.83403768e-02
  -9.37880486e-03 -7.70406902e-02  1.33903201e-02  1.06993869e-01
  -4.79404903e-02 -7.10896313e-02 -3.78141414e-02  7.65314411e-02
  -7.58782081e-02  1.22048883e-01 -1.06036523e-02  4.91086612e-03
   6.21511483e-02  3.15490918e-02  6.60646041e-02  2.37202612e-02
  -5.83016865e-02 -4.04411217e-02 -5.06890033e-02  1.11274433e-02
   2.03784842e-02 -1.06476457e-01 -5.28509129e-02 -6.49685864e-02
   8.71018805e-02  8.59469392e-02 -3.06213413e-02  4.68379697e-02
   7.05191801e-03  2.64779943e-02  2.30696072e-02  1.08071459e-01
  -1.09096008e-01  9.39085427e-02  5.56812829e-02 -1.12985228e-01
  -5.16592135e-02 -7.14367367e-02  5.24129083e-02 -7.70448486e-02
   1.64845006e-03  6.02911926e-02  3.98825447e-02  4.48556337e-02
  -1.08523601e-01  8.45960912e-02  1.78163730e-02  3.05297454e-03
  -2.90803199e-02 -5.05304089e-02  2.23860570e-02 -1.07583561e-01
  -3.81109957e-02 -2.67229538e-02  1.01090408e-01 -4.72527495e-02
   1.72436119e-02  6.96202955e-02  4.98436598e-02  7.37510266e-02
   1.39836903e-02 -4.24751483e-03 -1.21356112e-01  9.68902519e-02
   1.10683535e-01  1.48034826e-02  6.92524276e-02  7.80791361e-02
  -4.96685083e-02  7.90257321e-02 -2.25566700e-02  9.04022294e-02
  -8.08828331e-02 -7.46337176e-02  5.63194930e-02 -7.80200573e-02
  -2.37956698e-02 -1.78962121e-02 -4.26537357e-02 -6.33783947e-02
  -3.56053252e-02 -4.40946794e-02  9.65041737e-02 -4.19665599e-02
   8.49463349e-02 -5.26940465e-02 -9.48632116e-02 -1.10459323e-01
   1.18851828e-01  7.88775309e-02 -7.24639538e-02 -7.45579168e-03
   7.86825958e-02 -5.15153644e-02  8.44959190e-02 -6.59496525e-02
  -3.67721066e-02  4.10381988e-02  8.82105145e-02  3.75981322e-02
  -2.29185769e-02 -7.01322028e-02 -4.59062206e-02 -9.29581716e-02
  -7.78213826e-02  8.05475552e-02 -7.29270596e-02 -4.82268566e-02
  -8.14854083e-02 -4.11416847e-02  9.78595125e-02 -7.54900071e-02
   9.48222091e-02 -9.99840635e-03  8.90335280e-03  7.62363420e-02
   5.59915970e-02  4.37312818e-02  8.47484532e-02 -9.15246187e-04
   7.42225681e-02  5.96121049e-02  5.14487361e-02  1.72936755e-02
   3.86883944e-03  4.79752231e-02 -4.83645942e-02 -9.12548058e-02
  -4.40293380e-03 -6.20592150e-03  8.40582512e-02 -9.59559414e-02
   9.70864956e-02  5.25671801e-02 -1.49994181e-02  4.87865452e-02
  -4.75626676e-03 -5.23160211e-03 -3.00682656e-02  1.70849358e-03
   2.82478340e-02  3.20996002e-03  2.63082953e-02  5.68027514e-02
  -6.95413629e-03 -9.62929513e-02  2.31577186e-02 -8.55842725e-02
   2.83524803e-03  1.02417623e-01  8.71285816e-02 -7.74955369e-02
   5.61339877e-02  3.09957126e-02 -1.07882945e-01  6.29087902e-02
  -4.20826732e-02 -1.02990101e-01  7.91909307e-02  2.31902818e-02
  -2.47744364e-02  9.25455598e-02 -8.63545846e-02  6.71124424e-02
   4.38200809e-02  1.19972771e-02  3.57966309e-02 -8.76186621e-02
   4.22492875e-02 -6.62552984e-02  6.27683357e-02  1.54608484e-02
  -4.40481121e-03  9.46080703e-02  1.92152786e-02  6.88022742e-02
   5.35441843e-02 -2.94348130e-02 -8.55823979e-02 -6.94288855e-02
  -2.38653530e-02 -2.42019686e-02  7.58715177e-02 -3.19068860e-02
  -8.79169023e-02 -3.80126196e-02  8.52976571e-03  5.24693583e-02
  -3.65398166e-02  4.59980089e-02  1.14979124e-02 -9.96213185e-03
   5.91624609e-02 -5.17813586e-02  7.25997034e-02  1.01435202e-01
  -1.81906761e-02  9.46278998e-02  4.55469705e-02  5.83692711e-02
   7.43965436e-02 -3.60739224e-02 -2.53051872e-02  5.31910201e-02
   3.86687788e-02 -8.96640133e-02  4.50470913e-02 -6.22120483e-02
   1.44671093e-02 -4.47452212e-02  6.15154861e-02 -4.45566866e-02
   5.48152087e-02  6.45282148e-02  1.04342597e-01  7.75583978e-02
  -5.30850453e-02  4.10803415e-02 -1.06680976e-03  7.92664370e-02
   6.12731028e-02 -4.75811334e-02  1.00083987e-02  2.18441431e-02
  -1.01374287e-01  1.06973200e-01]
 [ 4.67318794e-02  5.43989019e-02 -8.57830806e-02 -5.18317656e-02
  -1.28276369e-02  1.13948501e-01 -7.70625698e-02 -5.60722573e-03
  -5.42304858e-02  3.81698067e-02  5.10929283e-02  4.41928389e-02
  -3.18386389e-03 -9.56867777e-02 -3.55071492e-02 -2.09448853e-02
   5.98134733e-02  1.08010775e-01  1.73091478e-02  7.77248612e-02
   6.63869780e-02  4.53465049e-02 -9.44987930e-02  9.91885554e-02
  -1.55102291e-03 -5.92135902e-02 -9.23515995e-02  2.97882797e-02
   6.60000966e-02  8.84281951e-03 -8.51410175e-02  5.12997024e-02
   3.59461288e-03  1.25983104e-02  2.54452194e-02  5.92830073e-03
   7.82296263e-02  8.37836175e-02  3.20302790e-02  2.55234158e-02
  -8.03492989e-02 -1.76235223e-03 -2.63858095e-02 -8.13596771e-02
   2.17687582e-02 -5.88927134e-02  1.06663020e-01  1.01398297e-01
   8.78255649e-02 -4.16643787e-02 -3.25055216e-02 -8.18544150e-02
  -1.24097043e-01 -9.85153039e-02  8.07264950e-02 -1.61144182e-02
   3.42175441e-02 -9.25011701e-02  3.93579596e-04 -3.70270050e-02
   6.51348881e-02  3.09857102e-02  3.89086994e-02 -3.49505644e-02
   1.08141892e-02  9.48864204e-02  1.12275401e-02  7.31273794e-02
   5.95468396e-02  4.51641763e-02 -1.88235757e-02 -7.41771058e-02
   1.02475896e-01  1.27234681e-01 -6.00219876e-02  5.74923781e-02
   8.55699674e-02  5.22414646e-02  8.59622105e-02 -4.47318480e-02
   5.41083232e-02 -6.20917785e-04 -3.68562166e-02 -7.67887873e-02
   6.02071697e-02  8.50706167e-02  4.34580196e-02  5.49553969e-02
  -9.51219142e-05 -2.90756602e-02  4.01044961e-02  6.97842014e-02
   4.07105973e-02 -1.26951143e-02  3.99207120e-02 -1.19888858e-01
  -8.17837979e-02 -2.20839116e-02  8.29583931e-03 -3.60617906e-02
   1.09678042e-01  2.28509641e-02  4.41563754e-02  6.09281779e-02
   1.26014368e-01 -2.76645988e-02  4.31022040e-02  4.71722831e-02
   8.78525050e-02 -1.15156395e-01 -1.00590780e-01  1.06816130e-01
  -5.94738849e-02 -5.94580588e-02  8.99584629e-02 -6.94981336e-03
   5.21289709e-02 -1.10638703e-01 -1.94635942e-03  9.14865219e-02
   1.90073817e-02 -7.60016986e-02  2.46512540e-02 -4.11920039e-02
  -8.74659621e-02  7.43004963e-02 -8.96072334e-02  2.59046974e-02
   6.11861207e-02  8.45269883e-02  4.29214611e-02  9.55556605e-02
  -4.08654055e-02  4.49908853e-02 -4.03123961e-02  6.45958524e-02
  -4.64111672e-02 -4.60888617e-02  6.31696757e-03  7.67826921e-02
  -9.13400342e-02  6.65624211e-02  5.89823815e-02  7.58256940e-02
  -6.07625580e-02 -1.05406306e-01  7.10090853e-02 -7.66381445e-02
   6.58597071e-02 -3.68119251e-02  3.30223563e-02  6.17293006e-02
   8.49504691e-02 -5.42540172e-02 -1.22596041e-02  9.70299072e-02
  -1.87569484e-03  1.07883438e-01  3.85092509e-02 -7.14291295e-02
  -4.88229497e-02  1.82505229e-02  5.01325002e-02 -4.83380876e-02
   6.42188924e-02  8.68555026e-02  6.06679529e-02  7.74980670e-02
   3.29723906e-02 -1.49053613e-02 -6.43961798e-02 -6.28773972e-02
   6.54532702e-03 -5.80477078e-02 -5.49120218e-02 -7.24512194e-02
  -6.04050481e-02 -7.55773611e-02  3.89337599e-02  8.24571745e-02
   9.12794121e-03  5.52362770e-02  3.21064125e-02  7.54409223e-02
   7.53669814e-02 -5.48058321e-02  4.77376108e-02  8.20142024e-02
  -3.06848381e-02  4.95856581e-02  6.63900202e-02  5.20213582e-02
   2.96457788e-02 -1.04572023e-01 -9.08773066e-02  6.43930767e-02
  -9.48125002e-02  7.65791668e-02  4.69572154e-02  1.94600616e-02
   7.07430803e-02 -5.64829563e-02  3.88268429e-02 -3.04559435e-02
  -1.00194896e-01 -5.84827717e-03  5.51295375e-02  6.40959042e-02
  -5.54302484e-02 -7.15953534e-02  6.40681409e-02  6.92494183e-02
  -6.26875546e-02 -3.64944542e-02 -7.57275389e-02 -8.09573147e-02
   6.10391759e-02  4.69138544e-02 -1.31951693e-01 -4.82035697e-02
  -3.10840051e-02  2.57876321e-02  4.97091811e-02 -4.72656706e-02
   9.12760694e-02  3.24501911e-02  8.36748233e-02  5.96670778e-02
  -1.06348270e-03 -6.81925825e-02 -7.98803728e-02 -2.55934163e-02
  -1.02581648e-02  1.07146642e-01 -5.41894764e-02 -4.93669264e-02
  -4.11019661e-02 -6.56324253e-02 -3.95849697e-02  1.61083864e-02
  -5.38846053e-02  8.30802698e-02 -1.69070946e-02 -4.21596190e-02
   4.01734169e-02 -1.76492584e-02  1.24345801e-02 -5.34692204e-03
  -8.44449099e-02  4.88970996e-02]
 [ 1.33374500e-02 -2.31953947e-02  6.35962426e-02  2.15565269e-02
  -4.37507033e-02 -6.14612781e-02  6.10529049e-02  6.53444396e-02
  -1.38950293e-02 -9.38996806e-02 -9.21532546e-02  7.99426653e-02
   2.73119020e-02  7.09833751e-02  1.25389648e-01 -6.46682968e-02
  -5.28587680e-02 -2.61543338e-03  8.51151159e-02  1.14459976e-01
  -2.54515002e-02  1.10935037e-01  5.27654213e-02  2.51141916e-02
  -7.93349312e-02  9.80708976e-02  5.89351510e-02 -4.67180730e-02
  -1.42162607e-01 -2.58931243e-02 -2.89798719e-02 -1.28098561e-02
  -2.94887908e-02  2.93137380e-02  1.95338586e-02 -7.10683744e-02
  -2.04255324e-02 -7.96731413e-02 -3.75438644e-02  8.06248890e-03
  -9.74361247e-02 -2.74013730e-02 -1.36270031e-02 -5.45560303e-02
  -2.92660777e-02 -8.26895592e-02  1.11297975e-01  8.25217523e-02
   6.09799165e-02  4.46315908e-02 -6.44744687e-02 -1.86981034e-02
  -6.00079986e-02  6.41065493e-02  6.71207653e-02 -3.77475433e-02
  -1.01679951e-01 -8.36486244e-02  7.02076372e-02 -1.22882922e-02
  -7.55020932e-02  1.23765122e-01  2.22083470e-02 -2.73084977e-02
  -2.26982476e-02  2.98895443e-02 -5.06468879e-02 -8.15866831e-02
   7.86492782e-02  5.28619090e-02 -4.06640042e-02 -8.28816064e-02
  -4.51590180e-02 -3.25179358e-02  6.81840705e-02 -1.00139325e-02
   1.86143685e-03  7.25169607e-02 -5.20478705e-03 -8.55239520e-03
   6.43694006e-02  5.09603601e-02  7.51759562e-02 -8.51818235e-02
  -2.67864693e-02  5.66862023e-03 -1.32393683e-01 -8.98565915e-02
   2.22643569e-02  7.93598841e-02 -9.36186641e-02 -7.82068046e-02
   7.89370412e-02  5.87373507e-02  6.29635477e-02  4.92208004e-02
  -9.36720064e-03 -3.78056464e-02  3.74810151e-02  1.83392438e-03
   6.11740084e-02  4.01861049e-02  7.54650595e-02 -5.68922865e-02
   5.31299860e-02  5.20341869e-02 -7.17382789e-02 -1.21183643e-02
  -8.00446565e-02 -8.90199849e-02 -7.65823583e-02 -2.83578185e-02
   2.90915182e-02  1.03556542e-01  2.14707562e-02 -6.23474151e-02
   2.21417715e-02  9.43101008e-02 -5.03883229e-02  7.19409369e-02
   1.02729805e-01 -7.78373857e-02 -5.89831958e-02  4.78066986e-02
   3.30562711e-02  9.69006470e-02  8.26922855e-02  3.79065791e-02
   4.97100273e-02 -4.18786056e-02  5.51279545e-02 -7.07879047e-03
   4.09905955e-03 -7.60847272e-02 -3.89999417e-02 -4.33052186e-02
   3.76768490e-02 -1.43510922e-02 -9.61104584e-02  7.94614475e-02
  -2.84869915e-03 -1.11409639e-01  4.38528702e-02  4.31353551e-02
   2.98484632e-02  9.30243614e-02  7.37087534e-02 -2.80893504e-02
  -7.17783682e-02  6.46288245e-02 -2.48331303e-02  4.35971975e-02
   6.42194506e-02  6.73496037e-02  1.57529841e-02 -2.13340397e-02
  -3.69104648e-02  2.94729217e-02  5.23615806e-02  6.54465712e-02
   5.86028801e-02 -1.08748824e-01  3.16049993e-02 -1.10622565e-01
   8.54337120e-02 -5.32827087e-02  9.58410455e-02 -2.86425518e-02
   9.18980009e-02  4.87612220e-02 -7.87731517e-02  2.75926720e-02
   4.38541029e-02  8.32135299e-02  8.17866870e-02 -4.99630940e-02
   1.04973415e-01 -9.42686796e-02 -9.49691739e-03  9.84198019e-02
   1.09473768e-01 -9.02382138e-02 -8.74038046e-02  2.23786489e-02
  -3.30160477e-02 -9.08259988e-03  9.41794484e-02  8.44981056e-02
  -1.13869744e-01 -3.26758414e-02  5.87256835e-02  3.67749934e-02
  -5.39293723e-02  6.73457328e-03 -7.46360657e-02 -3.49818351e-02
  -4.91622515e-02  1.26617207e-02  8.50794264e-02  5.49041459e-02
   6.07251949e-02  6.97882796e-02 -1.68290799e-02 -1.16977796e-01
   6.51215768e-02 -3.10256131e-02 -6.34473784e-02  9.68081512e-03
  -3.64220436e-02  5.98626893e-03 -6.26298271e-02 -3.12846246e-02
  -1.59545799e-02  6.11655475e-02  1.42053623e-02  9.26478923e-02
   4.25248989e-02 -6.25344796e-02  1.89371457e-02 -8.95466978e-02
  -1.12132719e-01  5.11903010e-03 -1.14251934e-01 -1.14872133e-03
   9.37511129e-03  1.04062919e-01  7.35384484e-02  4.36622059e-02
   1.72971565e-02  7.83792550e-02 -6.73399478e-02  5.01854457e-02
   8.67492089e-02 -4.44129639e-04  5.44162894e-02  8.46346483e-03
   5.27671231e-02  8.72802296e-02  2.56803346e-02 -6.42924315e-02
   6.60534611e-02 -1.47276445e-02  4.70285841e-02  2.00832958e-02
  -9.71583875e-02  3.82531272e-02  6.28929425e-02  5.97033876e-02
  -1.08041435e-02  7.09537612e-02]]