[[-14157.36199612  14157.31360257]
 [-21887.87361902  21887.81404446]
 [ 29696.60357984 -29696.59050421]
 [-16016.49015181  16016.62894029]
 [ 39842.55069731 -39842.44535946]
 [  2969.2962155   -2969.31049551]
 [ -9712.62298709   9712.56682388]
 [  2127.59349501  -2127.63115328]
 [ 16631.11836113 -16631.16444352]
 [ -8960.14121674   8960.13366481]
 [   348.07367022   -348.06354278]
 [ -5917.13287788   5917.12590298]
 [ 11679.55969256 -11679.51147848]
 [ 18614.08670646 -18614.08641786]
 [-22957.64653293  22957.63868778]
 [ 12269.38042418 -12269.36859706]
 [ -1079.44397338   1079.39153423]
 [ -3238.54421046   3238.51991519]
 [ 18180.4161802  -18180.41292288]
 [ 13600.39482083 -13600.40071014]
 [-15386.92891256  15386.94439159]
 [   930.78471901   -930.79150387]
 [ 10294.67483249 -10294.69328297]
 [-11616.61449261  11616.59660303]
 [ -8037.01547404   8037.01210457]
 [  4351.9699615   -4351.90044368]
 [ -4746.66587543   4746.66183249]
 [-10578.03461417  10578.03442923]
 [  -848.47117549    848.45527036]
 [  -259.55081054    259.57872362]
 [-52311.36591481  52311.38918895]
 [  7995.00060916  -7994.97785761]
 [-21810.98710675  21810.96994296]
 [  1300.42971421  -1300.43120598]
 [-17434.03543832  17434.0467036 ]
 [  6830.54788109  -6830.53183161]
 [-18108.29407281  18108.32873869]
 [  7488.01823103  -7488.02418179]
 [-22544.36474571  22544.3900608 ]
 [  9506.8776148   -9506.8638381 ]
 [  1489.14489591  -1489.13126982]
 [-17714.0445927   17714.05270906]
 [ 26393.50812354 -26393.55868564]
 [ 15201.03800259 -15201.02654665]
 [ 31799.79029821 -31799.79993531]
 [ 13074.88176516 -13074.87045197]
 [-13911.45188061  13911.4375936 ]
 [ 18276.72400159 -18276.74791172]
 [ -9803.50953209   9803.52457382]
 [ 10059.3799166  -10059.37383737]
 [ -2696.35620988   2696.38594481]
 [-19136.64101964  19136.69128338]
 [ 11478.00133264 -11477.91433135]
 [ -1068.47093383   1068.44572892]
 [ -8573.83322135   8573.84593361]
 [ 36826.98233347 -36827.01902728]
 [-11679.03833536  11679.07635589]
 [ 14405.29056122 -14405.27231464]
 [ 59222.91979812 -59222.89230579]
 [  4390.63766622  -4390.6180194 ]
 [-21252.70444286  21252.68657519]
 [ -1902.40806097   1902.41951811]
 [ -7123.79424052   7123.7716095 ]
 [ -2721.91382891   2721.92473721]
 [-16934.63953355  16934.64456042]
 [ -8059.40204599   8059.41709279]
 [ -8882.96070092   8882.96719216]
 [ 10382.19426264 -10382.24263478]
 [  5177.56364866  -5177.5474903 ]
 [  -664.38461485    664.44438796]
 [  -954.45363716    954.48536022]
 [  6406.18612567  -6406.15959753]
 [ -7216.47251259   7216.5188275 ]
 [  6185.58055574  -6185.58370866]
 [ 22199.94615129 -22199.87713084]
 [-38325.73230657  38325.81131549]
 [ -4290.56326524   4290.54183625]
 [  2368.32025508  -2368.25151842]
 [ 23936.24353051 -23936.21828011]
 [  6695.03041645  -6695.00861635]
 [-22584.31368379  22584.31390562]
 [ 15476.05664361 -15476.08015682]
 [  2526.5762866   -2526.58597455]
 [ 15096.19715583 -15096.13566775]
 [ -1210.99348895   1211.01387796]
 [-17759.72397242  17759.77249485]
 [ 12229.12869485 -12229.12673991]
 [ 14456.46639069 -14456.43267413]
 [   865.51504656   -865.42277779]
 [ -4715.65518041   4715.65520306]
 [ -1338.55599672   1338.55023536]
 [   312.29485196   -312.28232536]
 [ -2479.2944341    2479.27968   ]
 [ -3142.95168454   3142.95060092]
 [ 13922.09115565 -13922.12409883]
 [-28777.07898375  28777.0717836 ]
 [  8934.65290894  -8934.66452323]
 [  7215.25470328  -7215.23618553]
 [ 26165.82452638 -26165.78146959]
 [-39680.25307744  39680.2183583 ]
 [ 13390.84807911 -13390.85143533]
 [  7291.28050667  -7291.25358948]
 [-10985.57027854  10985.5350416 ]
 [  6996.02503533  -6995.98099686]
 [  1151.07448036  -1151.09101211]
 [  -515.99615989    516.04317914]
 [ -5400.13635836   5400.13470989]
 [ -6340.24726456   6340.27694865]
 [-20135.98627576  20135.97119941]
 [  -164.5867198     164.58328349]
 [ -2367.21464564   2367.22692988]
 [ -4683.84701159   4683.86243576]
 [ -8858.13863313   8858.14098763]
 [ -3917.85596998   3917.85243263]
 [   732.92304051   -732.94865209]
 [ 19287.0514084  -19287.09171586]
 [   522.8896477    -522.87410433]
 [ 70014.90735019 -70014.92063689]
 [  3610.41584304  -3610.40580688]
 [ 11757.78546718 -11757.79389652]
 [-11358.14983438  11358.16816232]
 [ -1310.64126156   1310.66425741]
 [   150.20137858   -150.16110851]
 [-45552.23781162  45552.26473066]
 [ -9230.00420455   9230.00819019]
 [-25870.41439555  25870.42070154]
 [ 14548.27361642 -14548.28929205]
 [  5690.02886147  -5690.0326233 ]
 [  9323.90858674  -9323.87274934]
 [  4049.98493124  -4049.97041981]
 [-20348.54523394  20348.50909206]
 [ 31149.24868214 -31149.25733049]
 [ 21261.37770327 -21261.35002855]
 [-36703.39450437  36703.42880464]
 [-33584.23194207  33584.22205999]
 [   552.49832867   -552.48740612]
 [ -5946.60785949   5946.5748096 ]
 [-26932.41566985  26932.41639357]
 [-11990.67672711  11990.65890384]
 [  5593.98978574  -5594.01327412]
 [ 33735.57716928 -33735.56253451]
 [-11332.10943312  11332.10966906]
 [ 19391.9761436  -19391.99176505]
 [ 29750.94265081 -29750.94054995]
 [ -4142.31604476   4142.32211068]
 [ -9842.8847051    9842.91442989]
 [-25851.62973605  25851.61752532]
 [-16349.43249911  16349.45646183]
 [ -6007.21881602   6007.23870651]
 [-17544.54219294  17544.52277724]
 [  6475.11618689  -6475.13884696]
 [-25635.40835955  25635.39090063]
 [ 28811.83898485 -28811.86617192]
 [ -3870.85150365   3870.84448813]
 [  6005.53255684  -6005.51936329]
 [-29968.95335567  29969.06122389]
 [  5808.70338932  -5808.66470721]
 [  6753.69388288  -6753.70921705]
 [  4701.49767734  -4701.47153127]
 [ -2914.84683559   2914.86667689]
 [  4238.847163    -4238.83859702]
 [ 10497.99136906 -10497.96735096]
 [ -6731.55663399   6731.559293  ]
 [ 10225.05370466 -10225.0797603 ]
 [-25819.0313435   25819.03483192]
 [ 54433.62839883 -54433.63850405]
 [ -8398.43874358   8398.49403805]
 [ -7996.05543573   7996.05990119]
 [  3311.64680625  -3311.64309185]
 [  3412.86195612  -3412.85822613]
 [  7259.79397245  -7259.79146089]
 [ 39564.53902619 -39564.55004894]
 [ -6477.03831448   6477.04349711]
 [-13301.98068069  13301.9950789 ]
 [-32619.36217007  32619.38985732]
 [ -4085.93551299   4085.9339571 ]
 [ 21580.74582254 -21580.74687837]
 [-26233.6752982   26233.68822526]
 [ 55113.23209116 -55113.05336966]
 [  -322.47124506    322.4655709 ]
 [  7086.42803647  -7086.41245803]
 [-16274.39973621  16274.41515243]
 [   615.80384234   -615.8237808 ]
 [  2922.43582842  -2922.44861015]
 [ 24080.54113334 -24080.54486791]
 [-13155.20513775  13155.26336592]
 [  4270.49615986  -4270.48603925]
 [ 21581.08747463 -21581.075342  ]
 [  4115.26748864  -4115.26967705]
 [-16774.98617849  16774.9627651 ]
 [-33796.19043718  33796.27805946]
 [-22816.76657568  22816.7678065 ]
 [ -3517.24346361   3517.20634997]
 [ -9503.56119932   9503.56733801]
 [  5319.11612204  -5319.1345708 ]
 [ 15914.730766   -15914.73342151]
 [-13030.16653505  13030.19871236]
 [-22655.02698477  22655.03362317]
 [  -604.16477443    604.19157075]
 [ 10533.09669883 -10533.09430952]
 [  1745.65471943  -1745.66936405]
 [  6090.7972916   -6090.80635143]
 [ -2186.01713593   2186.06595757]
 [ -2693.51185862   2693.50356631]
 [ 13402.80130033 -13402.80256606]
 [ 32417.4479644  -32417.44154371]
 [-12694.77177575  12694.77936781]
 [ 27517.86689994 -27517.8654183 ]
 [-50252.34640467  50252.37311088]
 [ -5693.54623948   5693.52131123]
 [ 17014.23727489 -17014.21345724]
 [ -1010.84118452   1010.90002879]
 [-10885.03243527  10885.0357944 ]
 [-22009.29962185  22009.27213539]
 [ 11309.92431141 -11309.92477997]
 [ -6585.15416795   6585.1745489 ]
 [ 33744.88715263 -33744.79399025]
 [ -3076.17785672   3076.2408133 ]
 [ 19738.93796091 -19738.95540487]
 [ 17843.92136983 -17843.93516342]
 [-16167.70257071  16167.69209697]
 [-10854.73817017  10854.74051631]
 [-11261.09840473  11261.10292996]
 [  2062.25022887  -2062.2569536 ]
 [ 32351.10973841 -32351.13833792]
 [ -3992.02762493   3992.03389491]
 [ -9529.25983668   9529.30089806]
 [ 11154.58746691 -11154.5769674 ]
 [   457.25961803   -457.25099975]
 [ -3333.6868618    3333.7391568 ]
 [ 17894.77909174 -17894.78229604]
 [ 18229.76230277 -18229.72811962]
 [ -7869.57747779   7869.55310073]
 [ 37684.19181373 -37684.21575241]
 [-37237.30075807  37237.2784479 ]
 [  1207.53588075  -1207.52453439]
 [-20667.61742162  20667.64776738]
 [ -5859.62565022   5859.65984813]
 [ -2848.66494249   2848.6728795 ]
 [ 10075.1166567  -10075.09382053]
 [  -919.73936775    919.71668856]
 [-14172.9178802   14172.93739802]
 [  4380.65656389  -4380.64386511]
 [-31224.95663884  31224.93282673]
 [ -6907.83218303   6907.82979345]
 [  2638.6518278   -2638.67809536]
 [ -2358.73597667   2358.72155555]
 [-15913.74690831  15913.72553904]
 [ -2925.80350039   2925.81822062]
 [  9952.15672799  -9952.10848377]]