[[  9460.27872624  -9460.28278607]
 [ -5318.3652407    5318.36409558]
 [-14283.25428812  14283.2611832 ]
 [  5903.82563138  -5903.81054044]
 [  6037.8157605   -6037.81655875]
 [ -8183.73751789   8183.73752442]
 [ 21553.90062789 -21553.8413094 ]
 [  1680.17446804  -1680.15833665]
 [  6966.31366161  -6966.26930685]
 [  1492.7349192   -1492.73402579]
 [ -2296.69647613   2296.66578664]
 [ -8307.17437809   8307.18620602]
 [ -6299.17502245   6299.17622669]
 [-13958.92217245  13958.92126998]
 [ 13423.86847299 -13423.86297107]
 [ -2489.35665861   2489.37772933]
 [  9934.3896114   -9934.39105235]
 [  7570.96409509  -7570.97080935]
 [ 30816.2353969  -30816.22362836]
 [ 32560.19346649 -32560.1888782 ]
 [  9599.61547971  -9599.62025578]
 [-20878.08842793  20878.08298297]
 [  3794.29238725  -3794.27468051]
 [ -6629.06418932   6629.06547018]
 [  2945.18740823  -2945.17507948]
 [ 10610.90442368 -10610.91564069]
 [ -5112.21213144   5112.21407595]
 [  5380.21921299  -5380.19042004]
 [-35349.82237573  35349.82081212]
 [  6331.62096133  -6331.61985957]
 [ 10715.42167808 -10715.406339  ]
 [ -7151.52377654   7151.52339392]
 [ -3946.36052571   3946.35409997]
 [ -3068.87042821   3068.88498064]
 [ -2404.79410645   2404.78984325]
 [ 13477.17044943 -13477.16169601]
 [ 35955.4196225  -35955.39849185]
 [-18350.2529746   18350.27192815]
 [  1035.48781847  -1035.47942148]
 [  4173.39318384  -4173.38618693]
 [-41560.17944149  41560.17400269]
 [ 14446.98025588 -14446.98603811]
 [-10043.11567319  10043.11472227]
 [ -6827.3818705    6827.41184236]
 [  3661.78637765  -3661.78253243]
 [ -8038.20441883   8038.20599278]
 [  6121.50047932  -6121.47279284]
 [ -7162.87713853   7162.88243136]
 [  4661.65710326  -4661.6778932 ]
 [  6820.58803746  -6820.58444418]
 [-11874.75982556  11874.76571642]
 [   432.13017334   -432.14247227]
 [ 13802.94081595 -13802.86258105]
 [ -1293.28895252   1293.28225839]
 [  7742.98856609  -7742.96817505]
 [-19124.45160699  19124.46020943]
 [-16678.61018274  16678.61875814]
 [ 36854.31629959 -36854.31334072]
 [ -7156.8444054    7156.86880856]
 [  8388.4090578   -8388.41073176]
 [  1935.46629009  -1935.4480137 ]
 [-14537.08912054  14537.09591813]
 [ -3683.26451294   3683.26328566]
 [  -608.76595749    608.76740541]
 [  5372.78339355  -5372.7795593 ]
 [  3238.19122754  -3238.19776745]
 [   270.09083449   -270.07634488]
 [  7117.52742089  -7117.5085591 ]
 [ -1727.31299259   1727.31609744]
 [  2789.68124606  -2789.67370586]
 [ -3963.56867224   3963.56328958]
 [-19582.71627197  19582.765293  ]
 [ -2391.75575073   2391.75641617]
 [ -9648.59828578   9648.58511322]
 [-11862.87767187  11862.86921911]
 [ -3484.69654742   3484.70159736]
 [-16108.35569477  16108.36181505]
 [ -6701.73191495   6701.72613822]
 [ -2730.28562083   2730.28843691]
 [  -295.97493883    295.94260047]
 [ 12306.33832339 -12306.31726662]
 [-13582.88251585  13582.87273142]
 [-17549.43234922  17549.43419847]
 [ 12552.03335408 -12552.02070001]
 [ -3294.51950615   3294.53301869]
 [ -7214.91331257   7214.9081599 ]
 [-14797.5160844   14797.50915256]
 [  8766.91780686  -8766.92627464]
 [ -1734.73731344   1734.73669028]
 [ 10930.33213136 -10930.34581745]
 [  9437.86021173  -9437.86244945]
 [ 11566.76427771 -11566.77948831]
 [ -8022.69047379   8022.70960209]
 [  8283.77622936  -8283.75907735]
 [   914.02405801   -914.01328219]
 [  9847.26247175  -9847.20824794]
 [   222.90859678   -222.90892206]
 [   855.01157058   -855.01099207]
 [ -2700.72807735   2700.72127778]
 [  6706.43156082  -6706.41765861]
 [ -5273.61591676   5273.63583642]
 [ 11877.17879207 -11877.17040732]
 [  7159.88693649  -7159.87029533]
 [  3845.64550064  -3845.64642353]
 [ -8974.88132638   8974.89302981]
 [-14781.17803299  14781.17527402]
 [ -2632.06354018   2632.08050118]
 [-10979.37042538  10979.36501822]
 [ 15888.5453808  -15888.52065356]
 [  8787.88096252  -8787.86612491]
 [ 19825.84689489 -19825.84012693]
 [ 18128.26666954 -18128.26107412]
 [ 33168.47076833 -33168.44484189]
 [-10636.72915608  10636.73388976]
 [-14979.64437728  14979.65654713]
 [  7619.90173794  -7619.88810962]
 [  5744.58814278  -5744.59335031]
 [ -4888.22570847   4888.24848716]
 [ -3986.24852355   3986.24948231]
 [-33999.63740142  33999.70449736]
 [ -1381.30178161   1381.32509491]
 [ -1182.70649734   1182.72290049]
 [ -7893.99317757   7893.97758561]
 [-11615.29463813  11615.31982268]
 [ -3034.69232229   3034.67013467]
 [ -6103.57565707   6103.5706749 ]
 [  8717.12482402  -8717.12089907]
 [-11585.38738401  11585.39813921]
 [ 12525.86993988 -12525.86549586]
 [  7276.09060301  -7276.07961183]
 [ -7468.55205266   7468.54303995]
 [ -9930.8114212    9930.81932967]
 [  9782.90692434  -9782.89574004]
 [  4463.32860672  -4463.31605047]
 [ -9360.26137291   9360.25607272]
 [-36056.39667449  36056.44121566]
 [ 11193.63952771 -11193.65512247]
 [ 10520.6177781  -10520.62474253]
 [ 11118.16004694 -11118.15523437]
 [ -7688.69608471   7688.70061416]
 [ -7676.45242667   7676.45492594]
 [  6428.56132892  -6428.55558207]
 [ -2080.88850135   2080.89440514]
 [  7927.10088899  -7927.08040635]
 [  3427.03150831  -3427.03323633]
 [ -1683.67090622   1683.67932882]
 [  6767.69012741  -6767.68536226]
 [-24740.57530214  24740.60019925]
 [-13767.29008623  13767.2976551 ]
 [  7620.01234166  -7619.98032687]
 [  6048.56337427  -6048.54490753]
 [ -2743.35825004   2743.37525508]
 [ 10795.66642596 -10795.6588276 ]
 [  8554.73308872  -8554.72144587]
 [  3337.08994039  -3337.09275247]
 [ 13996.96975699 -13996.95455677]
 [  3062.24644849  -3062.23068464]
 [-12919.93346821  12919.93772351]
 [ 11245.89240863 -11245.88725941]
 [  9849.10002961  -9849.0974991 ]
 [  7418.14764897  -7418.12365658]
 [  -508.30110227    508.29634323]
 [ -6484.28635644   6484.28452991]
 [ -3359.05216449   3359.07781635]
 [ 24921.08240878 -24921.05411069]
 [ -8117.38750934   8117.41137296]
 [ 23313.85916789 -23313.82944366]
 [ -9200.32964295   9200.37429235]
 [  7861.39452538  -7861.40325934]
 [ -5213.0369148    5213.03401058]
 [-15684.66427474  15684.66539242]
 [  -588.78636531    588.78559325]
 [ -8276.4038907    8276.39565197]
 [  8698.81282251  -8698.79182051]
 [  1442.32040667  -1442.32165761]
 [-22100.8602696   22100.83813078]
 [ -5253.54575732   5253.55119657]
 [ -8572.86927453   8572.88858025]
 [-28924.09564872  28924.10944169]
 [-19025.53624935  19025.55970506]
 [ -8334.58852118   8334.60466673]
 [  3899.05622049  -3899.06337799]
 [ -4818.07788414   4818.08079072]
 [  2399.65968646  -2399.6484832 ]
 [ 25459.35324384 -25459.36329458]
 [  9680.06943812  -9680.04724821]
 [ -2823.50430409   2823.54609024]
 [-27077.78467799  27077.78159463]
 [ 23283.30440938 -23283.27740798]
 [-10287.59536829  10287.58219054]
 [  5700.69355226  -5700.69267643]
 [ 31069.7571819  -31069.75523699]
 [  8828.74889371  -8828.74840482]
 [ -5684.98263636   5684.99017561]
 [-14867.79500118  14867.80638924]
 [ -2132.4062352    2132.42266004]
 [  4120.42357976  -4120.4085957 ]
 [   842.19427749   -842.18868576]
 [ 17714.44168589 -17714.43284268]
 [  1004.26795333  -1004.23361006]
 [-20445.15067106  20445.16191044]
 [   837.41508372   -837.36886997]
 [ -6529.32631939   6529.34442597]
 [ -6287.33097398   6287.33309307]
 [-34054.12512891  34054.13300616]
 [-18022.49100173  18022.49593965]
 [  8132.29787222  -8132.2503706 ]
 [ -6343.54890201   6343.55876539]
 [ -3154.97625789   3154.97480172]
 [  3341.43378661  -3341.44796356]
 [-12598.40050077  12598.39204478]
 [ -9473.9402848    9473.93317772]
 [ 43168.03280929 -43168.02655138]
 [  3118.44911201  -3118.44598969]
 [  3377.43448517  -3377.41687341]
 [ 11540.92181921 -11540.92381096]
 [   704.4529461    -704.44569103]
 [ 10336.56332408 -10336.5595575 ]
 [-10851.73587496  10851.75674414]
 [ -8650.50772313   8650.53383149]
 [  7681.36625914  -7681.34992864]
 [ 21963.50167302 -21963.45833668]
 [  6405.13699292  -6405.11754017]
 [ -7323.41861801   7323.4241673 ]
 [-11443.55893877  11443.54721967]
 [-15245.49250979  15245.48578089]
 [  2316.74610421  -2316.74346634]
 [ -2854.70974909   2854.69466788]
 [ 12061.89897075 -12061.89469105]
 [ 13142.11406495 -13142.10192028]
 [ -3223.32080921   3223.32905135]
 [  1999.41888875  -1999.41130133]
 [  8179.00928984  -8179.00955574]
 [ -1225.24495376   1225.25458743]
 [ -2821.44238758   2821.45185528]
 [  7312.8703778   -7312.8433844 ]
 [ -6699.9770538    6699.97614481]
 [  3742.14652973  -3742.14539267]
 [ 12453.42717675 -12453.42253786]
 [ 12317.71305454 -12317.7150466 ]
 [   123.53726039   -123.52569024]
 [-10102.77751212  10102.79783496]
 [  3822.40024715  -3822.37269986]
 [ -7711.05192736   7711.04721628]
 [  6822.18712074  -6822.16871086]
 [-13490.43290895  13490.44097409]
 [  9445.41537012  -9445.42822507]
 [  6096.91349391  -6096.90563398]
 [-13168.43020458  13168.43334736]
 [  -985.7846964     985.79757821]]