[[-1.01105285e-02  5.89233083e-02  9.66392747e-02 -3.28854558e-02
  -7.52249712e-02  8.95674855e-02  4.92931016e-02  7.31450910e-02
   3.94412956e-02 -9.16665953e-02 -7.38055359e-02  8.89823825e-02
  -8.23739156e-02  8.29972736e-03  9.44204179e-02  5.63577051e-02
  -1.07701791e-02  1.40452209e-02 -3.31369527e-02  4.30698172e-02
   6.00284309e-02 -5.49283051e-02 -4.39169384e-02 -2.81861720e-02
   1.02525415e-01 -7.48323509e-02  1.61276875e-02  5.16671892e-02
   3.16700121e-02 -6.97917973e-02 -4.18542354e-02  1.32580620e-02
   4.15729961e-02 -1.01678200e-01 -7.21413249e-02 -9.84436629e-02
  -7.23705651e-02  2.92808616e-02  6.87599174e-02  3.60115665e-02
  -7.40211404e-02 -6.26946522e-02 -2.00650076e-02  7.47305949e-02
  -8.17944564e-03 -5.84539792e-02 -8.00400643e-03  5.09988857e-02
  -6.48873212e-02 -1.00485336e-01 -1.64749702e-02 -8.68018130e-02
  -5.52715740e-02 -9.56383919e-03  1.53700453e-02  6.48217008e-02
   1.68253477e-02  3.48949035e-02 -1.34583453e-02  1.87647921e-02
   8.63288971e-02  1.96417333e-02  5.21981012e-02  5.99535542e-03
  -7.11929171e-02 -8.65210629e-02  8.14141428e-02 -6.77648597e-02
  -1.02811750e-01 -6.35183610e-02  9.13792613e-02 -8.63316271e-03
   1.07376434e-01 -3.44172062e-02  2.37658651e-02  4.02009158e-02
   1.05900759e-01  2.54549217e-02 -1.64741324e-02  7.96806525e-02
   1.90651012e-02  7.01859383e-02 -5.90485881e-02  9.57690800e-02
  -3.55985654e-02 -1.02289167e-01 -1.71827165e-03  9.12619170e-03
  -1.43469518e-02  1.01893821e-01  9.89316947e-02  9.06788175e-02
   2.33594289e-02  9.69477924e-03 -7.87577696e-02  1.06830350e-01
  -9.43058412e-02 -4.14119157e-02  1.67122344e-02  5.09157281e-02
  -2.01360704e-02  9.50613637e-02 -4.98585004e-03  6.28248989e-03
  -5.91807581e-02  2.52582553e-02 -4.54854861e-02  8.46860552e-02
  -2.36794584e-02 -1.02777252e-01 -7.04082994e-02  1.04397325e-01
   8.75129238e-02  7.14254549e-02  4.78956440e-02  6.67898301e-02
   6.76041118e-02  3.84262741e-03  8.17529277e-02 -2.68904688e-02
  -3.57179333e-02 -9.51515534e-02  1.03119619e-01 -3.76605022e-02
  -3.14438837e-02 -7.81058419e-02 -7.85718255e-02  7.19202810e-02
  -8.43773757e-02 -8.60674333e-02 -9.33030006e-02  6.50517794e-02
  -2.39483370e-02 -1.18308423e-02  7.94714317e-02 -4.01738190e-04
  -7.17708118e-02  7.23984286e-02 -5.52278339e-02 -6.32955809e-02
   5.49399850e-02 -8.13868206e-02 -1.80892467e-02 -1.00883747e-02
   3.30391850e-02  5.38908744e-03  1.47627371e-02 -7.02185898e-02
   6.79447703e-02 -6.08366555e-02  4.50936845e-02  1.20213993e-02
  -2.10497564e-02  1.06748983e-01  2.36108626e-02 -8.35970124e-02
   4.97383945e-02 -7.31745030e-02  1.03131560e-01  9.11178138e-02
   7.26708053e-02  1.75178127e-02 -9.41852475e-02 -8.24928299e-02
  -3.05421711e-02 -7.24852113e-02  8.43954817e-03 -3.62211222e-02
  -6.22071122e-02  1.03526151e-01  1.07234308e-02 -4.26309396e-02
  -3.22593384e-02  5.72525103e-02 -3.69549700e-02 -8.40702206e-02
   4.45482223e-02 -3.84317861e-02 -6.43285990e-02  8.06225283e-02
  -1.07827392e-01  4.85425795e-02 -4.59621662e-02 -2.11463329e-02
  -4.59655375e-03 -9.37320260e-03 -1.98246968e-02 -5.96874759e-02
   2.23824383e-02 -3.40245896e-02  1.04947218e-01  9.65349464e-02
  -1.07682122e-01  8.61326210e-02  6.32288143e-02 -7.72887382e-02
   7.35289053e-03 -8.66302354e-02 -3.06150467e-02  4.83422787e-03
   4.03252261e-02  2.16403738e-02 -1.33052862e-03 -9.49292152e-02
  -9.61272685e-02  6.98339788e-02 -1.06232889e-01  4.50215131e-02
   1.03564540e-01 -2.89494205e-02 -6.71345497e-02 -9.00588359e-02
  -8.68306706e-02  3.63194097e-02  6.69172410e-02  7.23983587e-02
  -9.44246530e-02  1.08614470e-02 -1.31903394e-02  2.66362645e-02
  -4.80852174e-02  1.05766860e-01 -9.28757998e-02 -3.51038857e-02
   1.03965639e-01 -3.31126167e-02  1.00277049e-01 -2.72513067e-02
   3.45709708e-02 -9.35824186e-02  7.14092993e-02  2.33667754e-02
  -5.99656246e-02 -2.05044467e-02 -2.28409956e-02  2.63787621e-02
  -5.30311108e-03  1.07071440e-03 -9.22063395e-02 -5.13760822e-02
  -7.24256432e-02 -5.78424162e-02 -4.53299979e-02  4.11161708e-02
   6.51870073e-02 -9.02486084e-02  6.45933120e-02  4.35209124e-02
  -1.09642135e-02 -9.97853225e-02]
 [ 6.91784794e-02 -3.94969923e-02 -2.54291341e-02 -8.62999998e-02
   9.08302427e-02  3.04660479e-02 -7.99070008e-02  9.61045226e-03
  -1.36746359e-02  4.40620832e-02 -8.70168068e-02  4.86927750e-02
  -1.11581458e-01  8.01924362e-02 -1.93991094e-02  4.83009553e-02
  -6.72616464e-02  9.10918971e-02 -5.58337947e-02 -7.72178183e-02
   7.05774311e-02  6.13134938e-03 -1.07796940e-01 -4.74963953e-02
  -1.17943787e-02  1.07129434e-01 -9.85282332e-02  4.32584433e-02
  -3.43980332e-02 -2.17252244e-02 -9.80337223e-02  2.87880896e-02
  -4.61712595e-02  1.20131862e-02 -1.15759988e-02  1.04650377e-01
  -9.54158866e-02  5.89297192e-03 -1.01108043e-01  6.59275232e-02
   4.51273965e-02  7.37163002e-02 -3.40420762e-02 -3.21448244e-03
   5.55630027e-03 -1.13883348e-02  1.60507840e-02  1.14683062e-02
   8.97878217e-02 -4.34075705e-02  6.53719338e-02 -2.56745838e-02
  -2.94161208e-02 -7.23104690e-02  2.91830831e-02 -1.28366868e-02
  -9.52554586e-02  9.84976876e-02 -4.40619656e-02 -1.12640434e-01
   1.04242333e-01 -6.13001433e-02 -1.08314697e-01  3.78128727e-02
  -1.68421090e-02 -8.98889798e-02 -7.97078793e-03 -4.36867054e-02
   1.02340065e-01 -4.09013697e-02 -5.76598916e-02  2.01474848e-02
  -7.44695245e-02  1.50871497e-02 -4.50946541e-03 -5.24738780e-02
   8.98608789e-02  4.74944469e-02 -7.44252635e-02  1.10612846e-01
   1.01643160e-01  7.08746250e-02 -9.97395375e-02  4.65643494e-02
  -6.35266117e-02 -1.14158396e-01 -1.00246500e-01  1.04853455e-01
  -3.57757443e-02  3.05274112e-02  5.71552374e-03 -9.01915142e-02
  -2.64257341e-02  1.40285776e-02  3.37265397e-02 -5.55816494e-02
   2.21522734e-02  7.46084555e-02 -4.40533606e-02  7.96670941e-02
   9.38869574e-02  9.61467971e-02  1.07779115e-01 -9.94063139e-03
  -1.15018671e-01 -7.13599300e-02  5.27710955e-02  1.81335242e-02
  -9.40932738e-02  6.90159032e-02  9.91080902e-02 -7.98616439e-03
  -1.97080911e-02  9.83409840e-02 -8.50274590e-02  6.19413068e-02
  -1.43605918e-03  9.03947633e-02 -8.87017646e-02  3.34230788e-02
  -6.33214371e-02  9.31157977e-02  1.14082847e-01 -8.61807170e-02
  -2.68795033e-02 -1.00673090e-01  4.29366144e-02  6.57444443e-02
   7.26503807e-02  7.51801551e-03 -2.63062222e-02 -1.87270195e-02
   1.04247822e-01 -2.67864948e-02 -8.72379842e-02 -7.86234490e-02
  -1.68797463e-02 -2.30282865e-02 -6.74857363e-02 -1.88436838e-02
  -1.36212398e-02  1.04981621e-01 -1.51689219e-02 -2.39685533e-02
   8.52940928e-02  1.13367837e-01 -1.00805575e-02 -8.83235311e-02
  -2.49119196e-02  7.21728214e-02  4.60444211e-02  8.53641065e-02
   1.72665395e-02  3.51554020e-02  1.72495349e-02 -2.63139081e-02
  -1.03582234e-01  6.40219154e-02  4.06197140e-02  4.26711256e-02
   2.33914642e-02  3.17488321e-02 -3.23850101e-02  2.91712323e-02
   2.14362286e-02 -4.50635524e-02 -6.24648288e-02 -2.25912125e-02
  -1.45879593e-02 -9.57171628e-02  8.33006770e-02  1.16581446e-02
   7.00795174e-02  1.00728893e-01  6.32961992e-02 -4.84235783e-02
  -1.73198296e-02 -7.12809762e-02 -3.98337785e-02 -5.82214701e-03
  -1.87153634e-02  4.46102041e-03 -4.41721295e-03  1.83194246e-02
   4.16492806e-02  4.72262513e-02  3.50265543e-02  5.08064343e-02
  -1.05541634e-01  7.72258659e-02 -8.65498795e-02  4.92721075e-02
   1.04969817e-01  6.74999223e-02  3.55500525e-02 -7.73743710e-02
   1.82165600e-02 -2.10933475e-02  1.47462318e-02  2.25775906e-02
  -9.39823832e-02 -6.96574357e-02  2.13516603e-02 -7.19895942e-02
   4.40312313e-02 -8.56471075e-02 -3.78617370e-02 -2.15775430e-02
   5.79774776e-04 -3.87205481e-02 -9.68612668e-02  4.31170547e-02
  -1.73145774e-02  9.28021027e-02  1.35816538e-02 -1.45071722e-02
   3.28557450e-02 -4.51392049e-03  3.88894147e-02 -6.09578699e-02
   7.49451979e-02 -9.19240743e-02 -5.87468326e-02  5.49233549e-02
   2.59055992e-03  7.04087121e-02  4.81097741e-02 -9.39808078e-02
  -2.24053769e-02  9.38495382e-02 -3.75749757e-02 -3.12137623e-02
   8.22553695e-02  9.30105666e-02 -1.04080306e-01 -7.42761591e-02
  -6.13842844e-02  4.71551804e-02  8.48663547e-02  6.72582717e-02
   3.51275160e-02 -3.06236837e-02  1.40466930e-02 -1.86489168e-02
  -3.58684746e-02 -1.04843098e-01 -6.51511494e-02  4.29338574e-02
  -4.92317834e-02 -2.07363651e-02]
 [-5.71140293e-02  8.17293157e-02 -8.54812245e-02  1.37139970e-02
  -9.85944142e-02  2.83633352e-02 -6.97488914e-02  9.32755697e-02
  -1.31757846e-02 -6.64054774e-03 -4.16946240e-02 -2.95402734e-02
  -6.39309597e-02 -1.45002994e-02 -7.81279607e-02  4.44546343e-02
  -6.37774147e-02  1.05138421e-01 -3.86772713e-02 -9.85077692e-02
   1.49664428e-02  3.19092442e-02  4.11118397e-02 -2.87055291e-02
   4.05895126e-02  1.02622975e-01 -6.13866265e-02  1.08448699e-01
   7.60458569e-02  4.31303673e-02 -3.32089223e-02 -1.13495174e-01
  -5.84333810e-02 -1.10991763e-01  1.09150137e-01  1.56960653e-02
  -5.74297769e-02  3.17250665e-02  5.07303559e-02 -9.04866346e-02
   9.85290089e-02 -4.54883502e-02  3.77898400e-02 -4.34313850e-02
  -3.35917634e-02 -1.07192464e-01  2.70942470e-02  9.14055550e-02
  -3.36107187e-02 -7.61793863e-02 -7.69262325e-02 -1.06400290e-01
   6.72518532e-02  4.84907547e-02 -5.78557179e-03  4.58537539e-02
  -9.98541404e-02 -8.04947906e-03 -9.08166026e-02  1.03756496e-01
  -5.75553060e-02 -9.58447839e-02 -1.88498540e-02  4.53138331e-02
   1.77553073e-02  3.87081628e-02  8.32653929e-02 -5.23740146e-03
  -5.82058938e-02 -4.41709334e-02 -3.60358364e-02 -3.96663866e-02
   2.36856226e-02 -1.13208962e-01 -2.56344548e-02  1.01927377e-01
  -6.65984936e-02 -1.05484365e-01 -1.84651145e-02  3.01877286e-02
   5.08926694e-02  8.16711443e-02  6.10270885e-02 -9.85528826e-02
  -7.99028704e-02 -8.71803354e-02  3.64198020e-02  6.44975856e-02
  -5.48347622e-02  1.02026539e-01  5.11822885e-03  4.03676229e-02
  -1.69998951e-02  1.98461804e-02 -1.37063108e-02 -5.73003377e-02
   8.57181548e-02  6.49224989e-02  8.38743671e-02 -1.13710591e-01
   5.59150560e-02  3.64988598e-02 -3.66543880e-02  9.37221116e-02
   3.95787665e-02 -6.83884506e-02  3.85931797e-02  9.21737624e-02
   3.14055112e-03 -7.62535994e-02 -4.56781059e-02 -3.57377656e-02
   3.49212206e-02 -1.09474461e-01  8.75552786e-02 -4.12557196e-02
   2.88658347e-02 -9.06485024e-02 -5.20144440e-02  3.58263696e-03
  -8.90634652e-02  6.65130418e-02 -1.10556548e-01  4.02575209e-03
  -4.19273404e-02  9.03609860e-02 -7.34515181e-02 -1.50236786e-02
  -5.81419111e-04  3.35109568e-02  6.79947664e-02  9.75018221e-02
  -8.73943266e-02  4.25973411e-02 -1.77368492e-02 -7.06133595e-02
   9.98137875e-02  1.92833273e-02 -3.22954011e-02  8.49662061e-02
  -5.44221949e-02 -1.74496787e-02  1.21455759e-02 -1.00692427e-01
   3.39476666e-03  3.92379429e-02 -7.20285261e-03 -4.67234513e-02
   2.87031618e-02 -7.91857205e-02  5.28798896e-02  2.68900050e-02
  -1.12532867e-01  9.03452368e-03 -1.78776540e-02  2.46895214e-02
  -8.19341868e-02 -5.15570394e-02  7.93615084e-02  4.24785566e-02
  -6.79777446e-02  5.84840168e-02  1.06603261e-01  8.06977846e-02
   3.72439992e-02 -2.26513582e-02 -1.93472266e-02 -2.45529113e-03
  -7.07325846e-02 -4.26927751e-02 -4.11775185e-02  4.78366208e-02
  -8.40751756e-02 -1.01688062e-01  9.80799081e-02 -9.29939768e-03
  -8.95671214e-02  3.32338769e-02 -3.87251543e-02  8.13079566e-02
  -3.94944481e-02  6.79705622e-02 -4.58639077e-02  2.74991632e-02
   4.38935642e-02 -4.11563610e-03 -7.11013500e-02 -2.53583191e-02
  -1.56786032e-02  6.25081996e-02  1.05050351e-01  1.44409939e-03
   8.19101084e-02 -6.64384579e-02 -3.08768151e-03 -1.05869240e-01
  -8.02305135e-02 -5.18373015e-02  7.34584359e-02  1.31451468e-03
   7.52419899e-02  4.97680808e-02 -3.13004489e-02 -2.47428371e-02
   1.16558703e-02  1.08418277e-01 -2.67193566e-02 -8.38374080e-02
  -2.73003350e-02 -3.07573208e-02  8.50397635e-02  9.97146454e-02
  -1.01457936e-02 -3.57007204e-02  8.12961633e-02 -5.47704035e-03
   6.60524424e-02 -7.04450000e-04  5.76252312e-02  1.06354335e-01
   1.01802511e-01 -9.30522994e-02  7.64845663e-02 -5.86020746e-02
   6.79677787e-02 -5.87572024e-02 -2.72199115e-02  8.27683364e-02
  -3.54033239e-02  4.28984690e-02 -5.78629719e-02  2.06705233e-02
   6.33376082e-02  4.00171691e-02  6.42261545e-02 -7.86925510e-02
  -9.38580604e-02 -5.66287178e-02  1.15967521e-02  1.51357223e-02
  -7.85084512e-02 -1.22360096e-04  8.19341520e-02 -8.44394716e-02
  -3.71736981e-03 -3.61731642e-02  1.28812466e-02  1.03944253e-02
   7.27526871e-02 -1.55127672e-02]
 [-7.27206794e-02  9.84971046e-02  3.67493910e-02 -3.60844501e-03
   1.00100993e-01 -8.32931005e-02 -3.21019108e-02 -2.02880122e-03
   7.24141891e-02 -6.10188342e-02  6.49658112e-03  4.71971575e-02
   7.37913123e-02 -4.82519426e-03  1.01939187e-02 -4.10860610e-02
   5.50841074e-03  8.84329921e-02 -7.22488977e-02  2.96977974e-02
   6.19115168e-02 -4.35903369e-02  3.81620045e-02 -2.80688123e-02
  -1.19067782e-02  6.25765268e-02 -1.86508214e-02  9.65375116e-02
   2.18576383e-02 -1.73694401e-02  1.12943271e-01 -1.90304273e-03
  -6.12738623e-02  1.11545111e-01  1.04780303e-02 -6.83463629e-04
   1.17767087e-01 -3.38859968e-02 -1.11472351e-01 -2.03794455e-03
  -1.12070702e-02 -9.07682749e-02  5.55927919e-03 -9.02137955e-03
   3.90373379e-02 -9.43790865e-02  7.90342798e-02 -1.70117306e-02
   3.71739938e-02  5.59599446e-02 -4.22664210e-02 -5.81299832e-02
  -5.33085513e-02 -3.69510832e-02 -2.17825946e-02 -3.40287245e-03
  -1.84588601e-02  3.33703947e-02  4.20209018e-02  4.71841390e-02
  -2.67822532e-02 -3.25300669e-02  9.61528042e-02 -8.03111734e-02
   9.24302666e-02  5.47555868e-02  9.06150962e-02 -6.03184894e-02
   1.49739781e-02 -1.00669899e-01  7.67261476e-02 -8.53741470e-02
   6.95778194e-02 -1.55848131e-02 -1.17455115e-03 -9.47396880e-02
  -1.01591970e-01  8.20255930e-02 -3.95632139e-02  5.44872746e-02
   5.18824228e-03  1.75665570e-02 -2.77431312e-02 -9.00936682e-02
   1.00598944e-01 -6.82444633e-02 -5.39186341e-03 -3.45986767e-02
  -6.64345924e-02 -4.58762338e-02 -5.27308645e-02 -1.09530058e-01
   1.06417741e-01 -1.75712949e-02 -7.52649434e-02 -5.36928154e-03
   8.33135029e-02 -7.66937264e-02  1.09083634e-02 -8.53647886e-02
  -7.20665283e-02  9.76482143e-03  9.76767634e-02  2.72796541e-02
  -6.98984796e-02 -9.87888351e-02 -8.49154949e-02  6.96824406e-02
  -8.50707003e-02  4.82983386e-02 -1.01591397e-01  7.32262706e-02
   8.26807801e-02  2.08902039e-02  8.25182152e-03 -1.12214468e-01
   8.10649665e-02  5.69544680e-03  7.13941314e-02 -1.02712134e-01
   3.56912143e-02 -1.56382915e-02  9.85102036e-02  7.82666329e-02
  -8.08938899e-02  4.46591987e-02  1.08922938e-01 -5.72640402e-02
  -3.88995861e-02 -2.38525339e-02 -8.41051167e-02  6.02011607e-02
  -9.79323703e-02 -2.78424746e-02 -2.24722206e-02  7.20069576e-02
  -5.35718178e-03 -5.71975904e-02  4.61055648e-02  3.60787594e-02
   1.11145954e-02 -3.30260775e-02  7.31923156e-02 -8.35862636e-02
   8.74273500e-02  9.61606740e-02 -3.40889197e-02 -3.16319777e-02
  -5.46563336e-02 -3.47714996e-02 -2.50780063e-02 -9.73738846e-02
   6.88861255e-02  8.84072255e-02  3.85924559e-02  8.53909485e-02
  -5.17300495e-04 -2.53043762e-02  1.23263162e-02  9.69645257e-02
  -2.95212111e-02  2.71953334e-02 -4.01331026e-02 -9.23400114e-02
   6.96641911e-02 -6.38894043e-02  9.24936451e-02 -2.32667299e-02
   8.19001223e-02  5.61860835e-02 -4.59751679e-02 -8.05279735e-02
   9.17918604e-02  9.88963191e-02 -1.44083790e-02  2.97704121e-02
  -3.48617756e-02  2.00209766e-03  4.92758749e-02  3.58708754e-02
   3.59618224e-02 -3.79565665e-02 -6.89433232e-02 -9.50208361e-02
  -2.23935795e-02 -7.28380837e-02  3.38894879e-02 -6.63723657e-03
   5.91225628e-02 -4.88990719e-02 -9.28845330e-03 -7.04092427e-02
   8.31820329e-02 -1.06473105e-01  5.32941741e-03 -8.37613931e-02
   8.57939747e-02 -7.22621995e-02  3.83770661e-02 -5.67483043e-02
  -1.02981227e-01  8.68212009e-02 -3.79958850e-02  1.00154764e-01
   2.63916448e-02  3.16559994e-03  7.26268900e-02  8.17630606e-02
  -7.21051060e-02 -3.88798525e-02 -7.85170005e-02  4.09743426e-02
  -1.79285044e-02  6.02815093e-02  1.74038517e-02 -1.14630420e-01
   9.46564722e-02 -5.55921242e-02 -1.99858964e-02  8.47473092e-02
   1.89746367e-02 -4.33358364e-02 -3.50728306e-02  9.87822298e-02
  -5.62114243e-02 -2.18998941e-03  8.89449370e-02 -6.13856222e-02
  -2.22615794e-02 -8.55636863e-02  2.14734386e-02  7.87094298e-02
   5.15359194e-02 -5.20195435e-02 -8.92976468e-02 -7.56714696e-02
   8.92951814e-02 -5.19357399e-02  8.37374597e-03  9.78970200e-02
   6.51492217e-02  8.52505005e-03  4.90671959e-02 -9.95810287e-02
   6.73190700e-02  6.39468293e-02 -6.28009113e-02  6.91634327e-02
  -1.40036844e-02 -2.39651983e-02]
 [-1.23299814e-02 -8.18100229e-02  2.41205227e-02  3.53231755e-02
  -9.45814481e-02 -2.98587127e-03 -3.62123361e-02  7.39143930e-02
  -7.34737088e-02 -1.65184391e-02 -7.66400564e-02 -7.39477292e-02
  -1.18414065e-01 -8.86917601e-02 -1.12620639e-01 -1.61980101e-02
   8.87161140e-02 -6.09343605e-02 -8.23640973e-02 -4.23959244e-02
  -7.44947754e-02  1.03489689e-02 -5.26694649e-02  5.93891815e-02
   4.50565809e-02  6.47500480e-02 -4.23136808e-02 -6.77790490e-02
  -4.09881940e-02 -1.86726119e-02  1.03873439e-01 -2.65701025e-02
   9.73853496e-02  5.88998472e-02 -4.35315282e-02 -1.76428844e-02
   1.05690383e-02  6.67260132e-02 -4.08117938e-02  4.39900548e-02
   7.00999771e-02 -6.89927995e-02  4.67851879e-02 -8.17658504e-02
   4.92600466e-02 -6.53169323e-02  9.27391849e-03  9.69105917e-02
   1.32989999e-02 -2.96370626e-02  4.54869731e-02 -8.28212702e-02
   4.37069427e-02  1.06849231e-01 -1.10721709e-01 -1.15099555e-03
  -2.08699337e-02  9.57180570e-02 -1.78791862e-02  4.97250076e-02
  -7.60167336e-02  7.83666867e-02 -1.07764795e-01  3.07708697e-02
  -6.43042251e-02 -1.76871574e-02  1.09252532e-01 -9.18660807e-02
   9.34425583e-02  1.26724980e-02  1.59111986e-02  2.92558606e-02
  -3.30432582e-02  4.66944071e-02 -3.53983296e-02  1.60077418e-02
  -1.01131559e-01  5.44144871e-02  4.99138490e-02 -6.18118584e-02
   7.40577458e-02  4.44635750e-03 -9.28286440e-02  2.95709114e-02
   9.39823138e-02  7.57536144e-02 -7.53179850e-02  6.89665470e-03
  -3.12523616e-02 -9.61435126e-02 -7.27613752e-03  9.23429216e-02
  -1.00155060e-01 -5.41702572e-02 -8.67165067e-02  2.01708496e-02
   1.49145118e-02 -4.78122470e-02 -2.65386253e-02 -4.17842096e-02
  -5.70035544e-02  1.09906842e-01 -8.34745269e-02  7.55766270e-02
   1.04497426e-01 -1.11764021e-01  6.17830761e-02 -3.35984413e-02
  -1.43570640e-02  8.40564113e-02 -7.05340710e-02  1.39592576e-03
   7.05425780e-03  3.22620027e-02  3.42566404e-02  9.38004333e-02
   2.36106824e-02 -1.85234619e-02 -3.86495747e-02 -8.01719643e-02
  -3.42367813e-02  2.16157033e-03 -8.52025030e-02 -7.44300182e-02
  -1.15880930e-01  3.87863568e-02  4.76779451e-02 -4.93975062e-02
   3.39112748e-02 -2.43908906e-02 -1.01387571e-01 -6.88802142e-02
   7.10134883e-02 -9.28709827e-02  2.39014514e-02  5.67408725e-02
  -6.63208811e-02 -4.19184206e-02  4.34971580e-02 -1.40059304e-03
   8.81119548e-03 -1.09165675e-01 -6.38945458e-02 -5.44484622e-02
   7.20328219e-02 -2.90515769e-04 -3.60565454e-02 -2.03363307e-02
  -3.88360486e-02  1.71674303e-02 -6.88102680e-02 -2.54132943e-02
   6.02748323e-02 -9.74574335e-02  3.90160382e-02 -3.35698461e-02
   8.12439913e-02 -3.88687341e-02 -6.91016654e-02  1.10466225e-01
   4.03801917e-02  6.74829224e-02  8.83699436e-03  9.54179028e-02
   2.16059299e-02  6.61212051e-02  5.15902581e-02 -1.37961157e-02
  -3.74280879e-02 -6.51345702e-02 -6.99641886e-02  5.54304843e-02
   4.94997857e-02  4.78127476e-02 -9.33840433e-02  1.80298003e-02
   9.28696098e-02  5.39276162e-02 -4.48381835e-02  1.06208970e-01
  -8.26286187e-02  1.14578193e-01  3.12966266e-02  6.30211331e-03
   8.56002898e-02  1.07269298e-01  6.89404822e-02 -9.08865835e-03
  -1.01982808e-01 -3.52142981e-02 -5.03358273e-02 -3.26968542e-02
   2.46938527e-02  1.53429945e-02 -2.82012431e-02 -3.68136424e-02
   9.54101698e-02 -9.03030229e-03  8.28860073e-02  1.01685096e-01
   1.14570218e-01  4.28654857e-02  4.88412851e-02  6.38639093e-02
  -6.75262492e-03  2.80905789e-02 -5.40699408e-03  5.17175630e-02
   7.33652145e-02 -1.04120277e-01  3.42621640e-02 -6.04913501e-02
  -6.01351347e-02 -2.49293783e-02 -6.64537232e-02 -3.33426457e-02
   1.36223284e-02  7.97562685e-02 -9.04739983e-02 -5.94222888e-02
   7.68912714e-02  3.92415874e-02 -4.24560942e-02  5.76774987e-02
   3.52369600e-02  9.29976515e-02  6.25296548e-02 -7.56612971e-02
  -1.12326115e-01  7.32847513e-02 -7.01709607e-02 -7.16580030e-02
  -9.87785716e-02 -1.94649451e-02  9.57675138e-02 -4.78797404e-03
  -1.30110608e-02  9.09724588e-02 -5.00268577e-02 -6.91262785e-02
   5.04715910e-02  2.88447608e-02  6.51211927e-02  1.22099608e-02
  -4.51173712e-03  1.00483974e-01  5.54189005e-02  4.80656180e-02
  -2.20525044e-02  1.23699202e-03]
 [ 1.21218176e-01 -7.58911474e-02  5.16089693e-02 -3.51857462e-02
   3.04349222e-03 -3.59456321e-02 -6.09075477e-02 -5.19713816e-02
  -4.78396379e-02  6.64099764e-02  4.10404103e-02  1.07511881e-01
   6.56424587e-02  1.25082666e-01 -8.43899342e-02 -5.87945897e-03
  -4.87575064e-02  1.39190889e-02  6.86602154e-02  8.43982825e-02
   5.22052223e-03  7.28515429e-02 -1.23013934e-01  2.56435630e-02
   9.71738082e-02  1.02875431e-01 -5.17401188e-02 -9.78127674e-02
   4.16222050e-02  6.07173216e-02  8.69784445e-03  2.26144822e-02
   8.28343555e-02  8.63226337e-02  9.18675329e-02 -1.13383913e-01
   7.38662622e-02 -8.73247847e-02 -2.21967283e-02  1.09365474e-01
   2.69853096e-02 -1.10431739e-01 -6.27154318e-02  6.22856518e-04
   1.15922785e-02  8.13013511e-02 -4.63434223e-02  6.06752660e-03
   8.30384962e-02  2.03480567e-02  1.26448400e-02  6.39173805e-02
   5.25187734e-02  5.90246019e-02 -1.05358456e-02  2.42162506e-02
  -1.24072549e-01 -1.16925192e-01 -4.33606586e-02 -5.89894783e-02
  -3.80972434e-02  4.22378118e-02  9.31563648e-02 -2.48734996e-02
  -6.80342688e-02  2.67533511e-02  1.03356438e-01 -4.66478674e-02
  -5.95505455e-02 -5.12266468e-03  2.26439450e-02 -4.94983912e-04
  -1.03794885e-02 -1.14185379e-01  1.81536462e-02 -7.88922830e-02
  -7.46192818e-02 -4.02257781e-02  1.07251238e-01 -1.11878084e-02
   3.60255660e-02  1.23152461e-01 -5.64375497e-02 -9.76454341e-02
   3.07484229e-02  4.56660704e-02  4.11151667e-02  1.77291573e-02
  -1.61952964e-02  6.05954157e-03 -3.37024235e-02 -1.44410239e-03
  -9.54527762e-03 -9.93363789e-02  1.65873306e-03  6.45419834e-02
  -1.03319317e-01  1.15353909e-01 -2.07429117e-02  6.48395855e-02
   5.14111762e-02  6.05841340e-02 -1.11842793e-02  6.77522002e-02
  -3.53443241e-02  2.27066229e-02  5.69934094e-02  4.65664176e-02
   1.13137483e-01 -1.07721777e-01  6.90568632e-03 -8.83220301e-03
  -6.68917429e-02  2.42123916e-02 -4.96571458e-02  4.48763413e-02
   6.39953236e-03  1.35945515e-02  8.45377067e-02  1.02238881e-01
  -2.72545704e-03 -7.59425953e-02 -1.09720706e-01  5.68464651e-02
  -8.56461505e-02  7.09495242e-02 -1.73665235e-02 -1.96227117e-02
   7.57147583e-02 -1.21529562e-02 -5.06596172e-02 -8.56091558e-02
   5.66508452e-03 -4.01993353e-02  6.79618305e-02  3.31249408e-02
   5.47229202e-03  1.27879163e-01 -1.26842652e-01  6.36721745e-02
   7.90947127e-02 -4.24587219e-02  4.68320942e-03 -8.06597866e-02
  -3.88623116e-02  1.49070576e-02  6.36203083e-03  2.67454032e-02
  -8.96733919e-02  9.57542667e-02  3.12818976e-03  6.30255972e-03
   3.80481301e-02 -4.24277987e-02 -4.13954651e-02 -3.83182781e-02
  -2.81388995e-02 -6.06273220e-02 -9.29080794e-02  1.51733615e-02
   2.14366302e-02 -1.08252042e-01 -7.50491750e-02  2.64429612e-02
   2.02211729e-02  1.05867299e-01 -5.20753618e-02  3.33944388e-02
  -8.22832588e-03 -9.52472329e-02  2.06902855e-02 -3.91108090e-02
  -1.23106097e-01  1.11833615e-01  6.51698815e-02 -1.48724881e-03
   8.57166977e-02  1.13268543e-02 -1.09434352e-01  4.15619169e-02
  -8.82294236e-02 -8.96725203e-02 -5.69270703e-02 -1.06660718e-02
  -3.83532820e-02 -7.60513408e-02 -1.23024375e-03 -5.42939387e-02
   4.63864022e-02 -1.73105890e-02  7.11475342e-02  4.59862245e-02
  -6.20844251e-03 -1.21656775e-02  2.15128011e-02  3.88809567e-02
  -9.32577842e-02  2.29871584e-02 -1.84299664e-02 -3.95231504e-02
  -1.60315963e-02 -8.78121761e-02 -2.54426688e-02  8.74073118e-02
   4.37197250e-02  5.68547681e-02 -3.77283824e-02 -4.73031433e-02
  -8.21318755e-02 -3.62030463e-02 -1.06517927e-01  9.22751619e-02
  -9.50011842e-02  2.79264447e-02  1.10923148e-01  5.44458252e-02
  -1.85699357e-02 -7.19108121e-02 -3.17565840e-02  1.06397095e-01
   7.58450750e-02 -4.23438562e-02  1.94382207e-02  5.17442746e-03
  -6.65910681e-02 -1.78112298e-03 -4.84870739e-02 -9.59187593e-02
   8.97356771e-02 -5.15800851e-02  4.58749065e-02 -1.15492722e-01
  -1.91856040e-02 -1.02566238e-02 -9.28914462e-02 -7.70462237e-02
   8.54900673e-02 -2.82196915e-02  4.21811556e-02 -8.25882304e-03
  -2.01914505e-02 -2.66992247e-02  2.39921867e-02 -6.12580401e-02
  -3.31991339e-02  4.79115966e-02  4.96310431e-02  4.02355173e-03
   2.93433037e-02 -6.25347874e-02]
 [ 5.72889241e-02 -3.74700896e-02  6.83934277e-02 -1.15761543e-01
  -6.85614841e-02 -2.71797625e-02 -8.58963967e-02 -7.66150753e-03
  -3.57495477e-02  4.97182402e-02  4.24172245e-02  4.59253974e-02
   6.14929074e-02  9.41681177e-02 -5.66535569e-02 -9.13174517e-02
   1.77344161e-02  1.21397871e-01 -3.75022947e-02 -7.79633697e-03
  -9.77619951e-04 -6.19828539e-02  1.12382583e-01  7.71469706e-02
  -5.10455533e-02 -1.47195856e-02  4.47755215e-02  9.81792584e-02
   9.46771851e-02 -1.14940317e-01 -9.64228926e-02  6.77934699e-02
  -7.93222213e-03 -6.27916000e-02 -4.23592621e-02  1.85480496e-02
  -6.43299796e-03  4.56944507e-02  6.36770768e-02 -6.61545063e-02
  -5.20383017e-02 -7.22354169e-02  2.27360758e-02  3.16400076e-02
   5.78333160e-02  8.18365616e-02 -1.98201054e-02 -6.44153173e-02
   3.85211127e-02 -5.33792325e-02 -2.82433866e-02 -7.86333867e-02
  -5.10707257e-02  3.64456956e-02 -3.06411047e-02  5.25843343e-02
   1.91560223e-02 -2.90024628e-02  2.58035590e-02  3.19549463e-02
  -4.09922547e-03  8.93797791e-02  2.44032738e-02  7.97476072e-02
   2.87665541e-02 -1.17351398e-01 -5.47037701e-03 -1.09789966e-01
   5.58101696e-02 -1.15508282e-01 -2.95749649e-02 -1.12213695e-01
   5.35689948e-02  6.11433058e-02  6.64929892e-02 -1.52806628e-02
  -9.72994327e-02 -7.08379715e-02 -7.72462463e-02 -9.31625305e-02
  -4.82770713e-02  6.24332204e-02  7.49736198e-02  6.71443942e-04
  -2.17217650e-04  7.45425565e-03  6.86509945e-02 -8.41126535e-02
   7.80982797e-02 -1.14440942e-02  8.54792770e-02 -6.24906421e-02
   3.49963002e-02 -9.28616373e-02  7.15540723e-02 -6.01629661e-02
  -6.93718743e-02  5.69085442e-02  1.08320600e-01  7.29094232e-02
   5.73029951e-02  7.91213180e-02 -8.74496488e-02  1.33428492e-02
  -9.69205988e-02 -1.10487951e-01  8.06956156e-02  7.87643823e-03
   7.23768295e-02  1.17771563e-01  1.04333443e-01  2.12709671e-02
  -7.18991113e-02 -1.77546570e-02  8.62655072e-02 -7.38791280e-02
   3.71101056e-02  3.90262953e-03  3.24323155e-02  8.32790548e-03
   8.23045903e-02 -9.46657592e-02 -7.09803190e-02 -4.99913568e-02
   1.30007549e-03 -3.06502119e-02 -9.34476320e-02 -8.88943120e-02
  -2.41200810e-02  8.53937450e-02 -1.13450712e-01  1.14097635e-01
   6.56008938e-02  4.86444646e-02  3.57067383e-02  8.99794975e-02
  -4.02275635e-03  3.06179558e-03  9.85376883e-02  5.69760026e-02
  -8.98244979e-02  1.05584152e-02 -7.66422964e-02 -4.78116896e-02
   5.38077114e-02 -9.20582075e-02  7.61567266e-02  2.39594714e-02
  -4.12300886e-02  2.07184010e-02  1.21473239e-02  7.54728238e-02
  -4.84635517e-02  2.76947085e-03  1.74727108e-02 -3.90945224e-02
  -8.98518321e-02  1.81966765e-02  2.41299521e-02  5.61908855e-02
  -9.98962667e-02  2.95092849e-03 -4.77648654e-02 -2.98459610e-02
  -6.31147988e-02 -3.97242962e-02 -1.08454728e-02 -5.49494171e-02
  -3.38228506e-02  7.64093778e-04 -1.08412016e-01 -6.03421128e-02
  -5.69369036e-02  5.99119642e-02 -7.32222403e-02  5.57970220e-02
  -1.86248732e-02  7.67305239e-02  1.03683700e-02 -7.74509560e-02
   2.66677416e-02 -2.20612877e-02  2.83788579e-03 -1.52982022e-02
  -4.00728898e-02  4.31923004e-02  2.16430539e-02 -8.47647702e-02
   5.34807736e-02  2.20114680e-02  3.66332019e-02  1.77394384e-02
   5.11372932e-02 -6.67853218e-02 -7.48628174e-02  1.37813092e-02
   5.07368567e-02 -7.71009543e-02 -5.39790632e-02 -1.40086435e-03
  -3.52054048e-03 -7.68652004e-02  1.32618786e-02 -1.03857770e-01
  -4.49277168e-02 -8.08368142e-02 -4.27001233e-02 -4.35158165e-02
  -5.18047492e-02 -6.21691951e-02  8.05435893e-02  3.61668290e-02
  -3.42644131e-02 -3.21802383e-02 -9.57899951e-02 -9.35323843e-02
  -3.33308561e-02 -4.69171809e-03 -2.92357088e-03 -1.26282544e-01
   1.07558633e-01  4.18412375e-03 -7.98008961e-02 -4.51274391e-03
   6.60377825e-02  3.30896625e-02 -6.23324214e-03 -1.02503384e-01
   2.74140099e-02 -4.54811657e-02 -6.40479948e-02 -1.78134849e-02
  -1.86913163e-02 -9.12416071e-02  8.69600984e-02 -5.87102261e-02
   2.75956770e-02  6.87766585e-02  9.85285449e-02  6.99228946e-02
  -1.89475649e-02  9.71876769e-02 -8.62166438e-02  4.23349226e-02
  -2.65854246e-02 -5.26816333e-02 -5.85931370e-03 -8.77047053e-02
  -1.21570397e-01  1.00515400e-01]
 [-9.37745124e-02 -6.65852492e-02 -1.18392539e-01 -9.04779947e-02
   9.25253814e-02  1.61382441e-02  7.37511679e-02 -4.68170268e-02
   6.66876548e-02  1.06921707e-01  5.92968757e-02  2.90640888e-03
   9.31723024e-02 -8.71563268e-02 -8.52292758e-02  7.30359605e-02
  -1.00685074e-01  1.18211660e-01  1.20969929e-02  4.46222372e-02
  -4.72526312e-02  2.76940772e-02 -3.98155688e-02  3.71259273e-02
   7.20635593e-02 -6.70261786e-03  4.81568082e-02  7.36366212e-02
  -6.33412049e-02  6.44394403e-03  6.21612442e-02 -2.01684666e-03
  -6.07256426e-02  3.24342675e-02  6.17553787e-03  2.14979213e-02
   8.33175413e-02 -6.52879694e-03  1.25395480e-02 -6.63850120e-02
  -4.80236366e-02  9.93683722e-02  1.18085668e-02 -9.81475413e-02
  -4.50620094e-02 -4.87746986e-02 -9.49855511e-02  6.97479995e-02
   1.89995728e-02  1.54130772e-02  8.33049248e-02  6.83447114e-02
   7.65379663e-02 -1.12136130e-01 -9.24563423e-03  5.48182281e-02
  -7.36274748e-03 -2.24589711e-02  3.59125301e-02 -2.00708274e-02
   3.95850761e-02 -3.61099059e-02  4.06092123e-03  4.63012805e-02
   7.00463594e-02 -6.87330561e-02  6.16189081e-02 -4.64142040e-02
   6.68282653e-02  5.59869945e-02 -3.68884748e-02 -3.19493995e-02
   3.04306367e-02 -1.42198527e-02 -2.50667508e-02  2.34824520e-02
  -5.53161271e-02 -7.35044372e-02  3.37488889e-02 -9.11672679e-02
   2.12708244e-02 -9.07665336e-02 -9.89467251e-02  3.20299223e-02
  -8.85998784e-02 -9.78321444e-02  4.52602644e-02 -1.01195370e-01
  -1.00512887e-01 -9.41653436e-02 -1.38498950e-02  4.06291069e-02
  -6.52858438e-02 -9.35658744e-02 -2.89497130e-03 -3.75746248e-02
   2.36458688e-02  7.37231325e-02  5.13944992e-02  4.45885090e-02
   2.23886463e-02 -7.59693691e-02  6.56553960e-02  8.71749209e-02
  -1.08075808e-01  5.95856558e-02 -7.68581745e-02  9.37141795e-02
  -1.70731085e-02  3.17045194e-02 -1.11478320e-02  3.86468506e-02
   7.96374620e-02 -2.46483447e-02 -2.36750582e-02  3.30911292e-02
   3.70444268e-02  4.70861079e-03  2.88701253e-02 -7.48542842e-03
  -2.96143709e-02  3.46591773e-02 -5.34635860e-02  2.65156107e-03
  -3.78975166e-02  7.07599414e-02 -3.72908915e-02  7.58208418e-02
  -7.28348684e-02 -6.11699864e-02 -2.77876219e-02 -1.31668949e-02
   1.13730901e-01  3.43408385e-03  3.01301314e-02 -2.48286646e-02
  -3.88343823e-02  8.95083673e-02 -6.74758061e-02 -1.08632918e-01
   6.09130979e-02  5.62710103e-02  1.05779183e-01 -3.83249239e-02
   8.47744671e-02 -1.00186352e-01  2.58110649e-02  8.66228226e-02
   9.51669786e-02 -1.59584683e-02 -1.80781323e-02  1.19125388e-01
  -5.34999927e-02 -1.03125274e-01 -6.64163669e-02  1.12372572e-02
  -1.19189416e-01 -5.58658091e-02  2.37712244e-02 -6.61524582e-02
   4.33042156e-04  4.94536953e-02 -5.61499864e-02  5.28376004e-02
   9.64746417e-02 -4.56142973e-02  6.72796417e-02  1.38479757e-02
  -4.11499753e-02 -9.88018246e-03 -9.64827750e-02  9.01404954e-02
   7.04133441e-02 -9.89449711e-02 -7.13240209e-02 -1.02971176e-01
   4.29762914e-02 -5.45114803e-02  1.12842899e-01 -9.79763389e-02
  -7.84359562e-03  8.99828750e-02  1.73815365e-02 -1.05365905e-01
  -5.07725124e-02  1.33850987e-02 -3.30929156e-02 -7.00252839e-02
  -1.57368895e-02  3.50989655e-02 -1.93129305e-03  1.10653339e-01
  -2.35794604e-02  5.15713576e-02  4.27823451e-02  9.71520444e-02
   7.62979505e-02  1.11715428e-02 -4.47914164e-02 -4.45048296e-03
  -1.26446150e-01 -3.93053844e-02 -1.06683818e-01  5.96105146e-02
  -8.60308921e-02  7.22764680e-02  1.25377214e-02 -2.26503594e-03
   5.95072323e-02 -6.13087560e-02  9.54197731e-02 -2.82945091e-02
  -1.02473266e-02 -6.82397609e-02 -2.58865242e-02 -3.42337573e-02
  -7.11889415e-02 -9.75134046e-02 -8.13243679e-03  7.64601621e-02
  -2.50416775e-02  5.34106895e-02 -1.86686313e-02  3.93166079e-02
   6.44314143e-02  3.29321928e-03  7.58959346e-02 -8.11084057e-02
   5.49573819e-04 -4.68804415e-02  9.14554673e-02 -1.13936399e-03
  -3.78676824e-02  3.50133676e-02  6.58998167e-02 -1.13766162e-01
  -4.50172606e-03  9.78151817e-02 -7.19694312e-02  3.46683665e-03
  -1.73847413e-02  5.83310551e-02  8.67673115e-02  5.35447292e-03
  -1.20329409e-01  9.04346937e-02 -5.28449706e-02  8.94753174e-02
   2.29325183e-02  1.37569692e-02]
 [-7.42155454e-02 -5.17961260e-02 -6.85285453e-03 -8.76678974e-02
   5.38852038e-02  9.88444450e-02 -7.66554917e-02 -5.23583958e-02
  -4.54513992e-02 -1.02489787e-01  2.59069985e-02  5.60896531e-02
   3.64823574e-02 -7.60690071e-02 -6.29662086e-02 -1.14983213e-02
  -3.78826312e-02 -1.71721275e-02  7.12540697e-02  1.25401472e-02
  -4.78914876e-02  1.76501993e-02  2.28678280e-02 -1.05497228e-01
   8.65951815e-02  2.30577433e-03 -1.70711612e-02 -7.00983308e-02
   5.90628762e-02 -9.63673075e-02  1.76128814e-02 -1.29088217e-02
   1.01801468e-01 -5.77247314e-02 -3.53975093e-02 -1.03329361e-01
   1.14102323e-02  1.96367650e-02 -2.26850956e-02 -3.61710193e-02
   9.70632164e-02  2.71462937e-02  8.10221539e-02  7.55109037e-02
  -5.15467340e-02 -1.03530365e-01  4.99141694e-02  8.92662593e-02
   1.00788468e-01 -5.35764547e-02  8.39346690e-02 -6.43081238e-02
   3.84066337e-02 -1.22919906e-01 -2.22685352e-02  1.46807929e-02
   4.75881970e-02 -1.87810141e-02  8.53623901e-02  1.00726312e-01
  -4.36342346e-02 -6.27673657e-03  4.32402071e-02 -1.41237368e-02
  -5.92908593e-02 -3.94457780e-02  7.93953264e-02  7.19158590e-02
  -4.32260929e-02 -1.84391779e-03  1.02459836e-01 -7.18284585e-03
   8.00337616e-02  8.86722565e-02 -5.78244254e-02 -3.82137913e-03
   7.81695855e-02  7.06558095e-02  5.19028345e-02  9.72420575e-03
   7.50169370e-02 -1.64064827e-02 -1.29908858e-02 -3.85577163e-02
  -8.49136201e-02  5.61663683e-02  1.26366660e-01 -5.05863409e-02
   6.26754746e-02  2.44326082e-02  7.88997807e-02  1.13478662e-01
  -7.60865164e-02  3.97963425e-02 -3.37771329e-02  6.70677663e-02
  -9.81088597e-02 -1.09281269e-01 -1.10432915e-01  6.26705911e-02
   4.37937684e-03  4.20093167e-02  2.87388044e-02  4.45492738e-02
  -1.93818302e-02 -3.28200416e-03 -8.75800884e-02 -2.66334558e-02
  -4.80395009e-02 -3.47479369e-02  4.34960630e-02 -6.12484250e-02
  -4.34112804e-02 -4.71556230e-02 -1.01482206e-01 -5.42740187e-02
   9.64827097e-02 -1.37561338e-02 -2.08983293e-03  1.70357692e-02
  -7.68557186e-02 -4.91970085e-02 -2.84793156e-02 -1.82075468e-02
  -8.42599545e-02  7.19637998e-02  1.16793549e-01 -9.95229817e-02
   8.73967071e-02  9.06844903e-02 -1.16692507e-02  4.51089461e-02
   6.29062047e-02 -5.70213456e-02  1.16028316e-01  2.03627944e-02
   8.30171780e-02 -8.97071943e-02  3.23043092e-02  1.02924849e-01
  -6.69149032e-02  7.64503210e-02  8.72908615e-02  6.85021312e-02
   5.92904769e-02  1.43912207e-02 -8.12397924e-02  2.24707058e-02
  -8.41616203e-02  3.37685456e-02  8.35093219e-02  3.50405207e-02
   2.75736718e-02 -4.48235335e-02  3.97473392e-02 -3.47093320e-02
  -1.01692813e-01  2.93230597e-02  8.86768578e-02  5.21972647e-03
  -8.05390668e-02 -7.36019204e-02  2.31814815e-02  2.54775807e-02
   1.06704574e-01  1.09144834e-01 -8.61923956e-02  9.03037879e-02
   9.24861383e-03  1.53653500e-03  9.69159039e-02 -5.57470485e-02
  -7.30663094e-02 -5.52699775e-02  1.24616809e-02 -2.89745789e-02
  -4.23873253e-02  6.53681027e-02 -2.14505114e-02 -1.02056507e-01
   9.69585308e-02 -9.45780164e-02  5.76523984e-02 -1.70210187e-02
  -7.96656170e-03  3.08790884e-02 -7.73976134e-02  1.00395634e-01
  -4.12935286e-02 -5.17439712e-02 -8.35658388e-02 -1.36599387e-03
   3.91281522e-02  9.78382303e-02 -1.02203994e-01 -3.83258997e-02
   1.13688375e-01  4.75072614e-02 -6.84181975e-02  5.35014539e-02
  -6.73223508e-02 -3.19219358e-02  3.43253640e-02 -4.74710505e-02
  -5.77672570e-02 -5.54616453e-02 -2.14933389e-02  1.08379914e-01
   2.32076061e-02  3.20004213e-02  1.11122644e-01  5.31821099e-03
   7.53693903e-02  2.05526410e-02  5.75585948e-02  7.23406926e-02
   7.30804309e-02 -6.85032787e-02  3.88317293e-02  7.37226408e-02
  -5.25313349e-02  2.02380928e-03 -5.72331985e-02 -1.01352665e-01
   2.29351899e-02 -6.09623654e-03  3.97020618e-02 -4.96716058e-02
  -2.58116825e-02  2.35322157e-02 -7.47490563e-03 -7.03529281e-03
   1.98078312e-02 -9.84044044e-02  7.55980107e-02 -6.69578335e-02
  -3.26612096e-02 -1.02553030e-01 -1.26270133e-02  9.26616304e-02
   5.32598351e-02 -4.33497467e-02 -1.88645418e-02 -1.77458789e-02
   9.44793985e-02 -2.16301946e-02  3.89938010e-02  1.86391387e-02
  -2.34789338e-02  3.86391591e-02]
 [ 1.41807100e-02 -4.47755863e-02  4.72217156e-02  1.04411169e-01
  -5.62750909e-02  7.52157306e-02 -5.69307061e-02  1.56820285e-02
   6.42256138e-02 -1.99360084e-02 -8.87244352e-02  5.84343331e-02
   7.55920410e-02  3.22080759e-02 -2.60232461e-03 -9.59145351e-02
  -5.19683950e-02 -1.92290049e-02  1.07336599e-01  3.27513778e-02
  -8.31737258e-02 -8.10206411e-02  4.92179299e-02 -1.82710924e-02
  -6.12940296e-02 -7.72759502e-02  8.74956298e-02 -1.30969977e-01
   1.00973572e-01 -2.97987591e-02 -2.26141670e-03  7.73319064e-02
  -8.67863764e-02  2.43422054e-02 -3.37647314e-02  9.74810851e-02
  -5.71338337e-02  2.03212984e-02  1.89974127e-02  6.96764753e-04
   3.29962885e-02 -5.12712452e-02 -2.81867036e-02  1.00359791e-01
  -1.75324408e-02  9.57726788e-02  4.58824463e-02  8.13113635e-02
  -2.56874371e-02  2.90152143e-02  7.68414794e-02  5.25964034e-02
   5.33441660e-03  1.09838846e-01 -1.06419821e-01 -5.63569424e-02
  -7.71664355e-02  4.16875471e-02  2.89510995e-02  3.82830631e-02
   4.06482004e-02  3.40461670e-02  1.03861766e-01  3.96592889e-02
   2.80982320e-02 -5.71043751e-04  9.15380672e-02  1.04882200e-01
   2.24695993e-02  6.11915331e-02 -5.35520397e-02  6.11046728e-02
   3.90724156e-02  3.21472101e-02  8.01792931e-02 -3.11135070e-02
  -1.28260810e-01  3.76758865e-02 -3.80477715e-02  5.71175659e-02
  -7.14991996e-02 -1.67472984e-02  5.12460777e-02 -7.60664456e-02
  -9.56892554e-02 -7.58108954e-02 -9.08297783e-02 -8.71373602e-02
   6.08267308e-02 -1.46598642e-02 -6.20284942e-02  1.27984593e-02
  -1.05228033e-01  7.58059020e-02  1.22035878e-02  7.35111003e-02
   9.68865878e-02 -1.02995315e-02 -3.07298305e-02 -8.60984275e-02
   3.36084694e-02  6.41527765e-02 -1.06775246e-01  9.11688921e-02
  -9.62617140e-02  8.41890153e-02 -1.65048833e-02 -6.30395144e-02
  -4.65415170e-02  2.97931242e-02 -3.80050657e-02 -5.17945541e-03
   7.28899928e-02 -3.55038051e-02  3.88582658e-02  4.96130110e-02
  -8.41998037e-02  3.71405813e-02  4.56796896e-03  9.40137286e-02
   6.00573746e-02 -2.51969881e-02  2.59345225e-02  8.17662741e-02
  -1.35410770e-02 -9.24475827e-02  1.04459071e-03  9.90486175e-02
   6.89269770e-02  3.30957208e-02 -6.68004724e-02  1.82789430e-02
   1.22817401e-01  8.99830321e-02  1.62695822e-02 -5.41902466e-02
  -4.49482134e-02 -9.57183090e-02 -6.81519952e-02 -1.01535698e-01
  -4.51730424e-02  3.08396519e-02  5.77766673e-02 -4.51566901e-02
   5.46414273e-02  9.95702428e-02 -6.99414228e-02 -3.98707022e-02
  -3.80659846e-02  9.63380337e-02  9.58816674e-02  1.33673141e-02
   1.15105702e-01  1.38216016e-02 -3.63203420e-02  1.11183729e-02
  -5.17700682e-02  8.01631314e-03 -1.03307842e-02  7.23144477e-02
  -1.03895017e-01  9.55908208e-02 -6.38555809e-02  6.22264884e-02
  -3.29201582e-02 -9.58691120e-03 -1.16546194e-03 -6.48995179e-02
  -7.29235938e-02  2.93119216e-03 -6.66596391e-02 -9.99748517e-02
  -5.23505618e-02  1.55605684e-02  9.67008644e-02 -9.19617201e-02
   7.31619538e-02  2.07381927e-02  6.08390175e-02 -1.50851017e-02
   4.99438649e-02  9.29165782e-02  6.35748635e-02  9.50319625e-02
   1.35417666e-02 -7.89111869e-02 -8.43349894e-02 -5.28863777e-02
   1.17412637e-01  9.19377033e-02 -2.60336025e-02  4.82821877e-02
  -4.13868321e-03 -1.05175053e-01 -5.37218115e-02  2.61732916e-02
   4.60779268e-02 -3.94980767e-03  2.56569239e-02 -2.33238822e-02
   9.24295228e-03  8.04898752e-02 -1.60987440e-02  1.01114412e-02
  -8.65424490e-04  8.99485889e-02  8.60611829e-02  8.04461570e-03
  -1.34084335e-01 -4.40879391e-02 -3.81885432e-02 -2.10041572e-02
   9.17599745e-02  3.81735959e-02  7.71726637e-02 -2.78011741e-02
   4.93547273e-02 -1.00277677e-01  1.27414890e-02  1.16564772e-02
  -2.25744030e-02  3.79342626e-02  5.23671410e-02 -1.87483620e-02
   4.68292402e-02  5.84192357e-02  8.42899152e-02  9.40556226e-02
  -3.22469453e-02  7.57401180e-02  2.97541401e-02 -1.21788729e-01
   3.45329507e-02 -2.04504574e-02  4.30018274e-02  4.61707496e-02
  -4.68301718e-02  1.14500802e-01 -7.18262990e-02 -2.94694357e-02
  -1.91932976e-02 -9.63299609e-02  1.26985361e-02  7.98150365e-02
   3.43282980e-02  2.17499950e-02  1.45757413e-02  3.77860333e-02
  -5.13938707e-03 -6.85912958e-02]
 [-1.00791160e-01 -1.02482565e-01  5.07106138e-02 -5.53740539e-02
  -9.68098028e-02  7.37271707e-02  3.18763858e-02  6.02504883e-02
  -1.04673935e-01  1.03865740e-02 -3.07617977e-02  1.10315547e-01
   1.47641844e-04  2.77061012e-02 -8.46904235e-03 -5.51267111e-02
  -1.01061184e-02  4.85805663e-02 -1.75805343e-02 -2.21327919e-02
   4.55812559e-02  2.01098234e-02  3.80644508e-02  1.29438517e-01
   1.91487471e-02 -2.61872149e-02 -7.94259366e-02  8.69410739e-02
  -9.17058593e-03 -7.98982151e-02 -5.14295292e-02  8.54323955e-03
  -5.57009297e-02 -1.15859540e-01 -4.18536590e-02 -8.15477613e-02
   2.62144126e-02 -9.47154541e-02 -6.46189808e-02  7.87060375e-02
   9.11332342e-02  4.89758198e-02 -9.34649601e-02 -1.26845120e-02
  -4.72263907e-02 -3.01957606e-02 -2.91841925e-02 -2.19697303e-02
  -6.79249821e-02 -7.84002125e-02  7.05939100e-02  7.46582539e-02
   1.28322108e-01  1.88607761e-03  2.11727739e-02  9.86199066e-02
   7.05204800e-03  5.09244423e-02 -2.71461061e-03 -6.47102859e-02
   3.53446440e-02  6.15165470e-02  8.43076964e-03  8.89815220e-02
  -2.83012425e-03 -1.18008471e-01 -2.80238214e-02 -1.45420072e-02
   7.66970001e-02  8.19710746e-02  7.64108367e-02  6.20821911e-02
  -5.97063135e-02  4.69120191e-02 -9.58383870e-02 -1.23780621e-02
   6.16669718e-02 -1.58526301e-02  1.04389704e-01 -2.51751690e-03
   8.59237836e-03 -9.21236083e-02 -7.74012288e-02 -3.12850664e-02
   7.23197151e-02  9.30156360e-02 -5.08549968e-03 -1.31956302e-01
  -1.01757049e-01  2.08845342e-02 -8.11587506e-04  7.64308303e-03
   2.02510511e-02  4.25710417e-02  1.46669557e-02 -1.20398408e-01
   9.50666271e-02 -8.55144230e-02 -5.24728141e-02  8.74876326e-02
  -1.02574391e-01 -6.06225324e-02 -7.65331457e-02 -3.88661364e-02
  -1.11830788e-01 -8.88861478e-02  4.61593719e-02  1.55785842e-02
   8.36018237e-02 -1.05975857e-01  8.06722278e-03  5.22854679e-03
  -1.36903078e-02  6.22880864e-02  7.42299364e-02 -3.55060935e-02
  -3.22902172e-02  9.46204435e-02  7.60205136e-02  4.90514352e-02
   3.07374023e-03  9.49712413e-02  7.49917070e-02 -7.21774758e-02
   9.64979221e-02 -8.68374308e-04  6.02119583e-02 -4.56983295e-02
  -7.30858949e-03  3.41428135e-02  1.47299620e-02  1.14868205e-01
  -8.31561404e-03  4.66895873e-03 -6.32118021e-02 -1.28853541e-02
   2.88120830e-03  4.47617721e-02 -3.72377382e-02  5.02251960e-02
  -2.45786340e-03 -3.33755247e-02  1.20233529e-01 -5.21244532e-02
   7.99410448e-02 -6.90131693e-02 -6.89559205e-02 -1.88141596e-02
  -1.87322067e-02  2.02794343e-02 -1.18521357e-02 -9.14730264e-02
   8.67663859e-02  9.14914428e-02  4.73341198e-02  2.45779984e-02
  -2.24823593e-02 -8.10301636e-02 -3.49805435e-02 -1.10035578e-01
  -3.58421874e-02  7.67856244e-02  3.80483846e-02  2.93632758e-02
   2.09620232e-02 -1.12334091e-01  8.38104876e-02 -4.23047764e-02
  -8.41292548e-02  6.96619250e-02  6.60386034e-02  1.16818613e-01
  -1.21654453e-01  5.80359923e-02 -5.89327481e-02 -5.36540050e-02
  -4.60763604e-02 -1.29813131e-02 -1.96953095e-02 -9.34774469e-02
   4.94228359e-02 -5.69727892e-02  1.15622840e-01 -2.44223768e-02
   9.03048359e-03 -1.12512617e-01 -7.63910855e-02 -4.15259657e-03
  -3.85436230e-02 -1.61955511e-02 -2.01731516e-02  1.65656074e-02
   3.95351783e-02 -4.73360641e-02  4.99864363e-02 -2.54701927e-02
   6.32163805e-03 -1.10432226e-01 -4.00631843e-02 -1.74246489e-02
   1.00833563e-01  1.10376936e-01  6.79333311e-02  1.14460845e-01
   6.74255222e-02 -1.75170718e-02  1.51623329e-02 -3.93594137e-02
  -1.11964663e-01 -1.94830076e-02 -5.57900414e-02 -2.40549071e-02
  -4.76505110e-02 -6.88401197e-02  9.81903609e-02 -1.32824841e-02
  -3.02366904e-02  6.57455122e-02 -1.66039972e-02  2.74740099e-02
   1.13204175e-01 -7.09644076e-02 -4.94797345e-03 -4.85617764e-02
  -8.61430864e-02 -2.13156852e-02 -4.60168398e-02  6.46311161e-02
   2.98107684e-02  4.14398303e-02  1.97688031e-02  3.26355237e-03
  -2.72174203e-03 -8.49545169e-02  3.36664616e-02  8.22844075e-02
  -9.44066410e-03 -7.61607029e-02  2.65392944e-02 -3.75619098e-02
   5.52911988e-02 -4.99787280e-02 -2.16330266e-02  6.40820213e-02
  -6.31409343e-02  7.48883022e-02  6.88138704e-02  7.26416707e-02
   1.69037420e-02  4.77906880e-02]
 [-5.64829621e-02  3.38228324e-02 -2.38127481e-02  1.33357134e-02
   1.02482524e-01 -5.53384971e-02 -6.35643777e-02 -8.53826776e-02
  -5.46626169e-02 -5.24454407e-02  7.49572492e-02 -7.27576089e-02
  -5.24528031e-02  9.24774251e-02 -8.95261170e-02  8.25181289e-02
  -7.45371447e-02  1.11302068e-01 -2.64155428e-02 -1.87335795e-02
  -3.02832502e-02 -1.12936495e-01 -8.75553690e-02 -4.00885251e-02
   3.45259625e-02  2.79528558e-02  7.53949270e-02  1.36408615e-02
  -7.55542508e-02 -3.89278671e-02  9.43567363e-02  1.01010243e-01
  -2.02753231e-02 -3.78460687e-02  3.79549838e-02 -5.63553237e-02
   2.11006477e-02 -8.73728204e-02  1.88601123e-03 -3.23457382e-02
   5.96519643e-03  4.26462615e-02  4.05626385e-02 -7.78020792e-03
  -6.11720647e-02 -2.22861723e-03 -3.41464803e-02  4.84333285e-02
  -9.85830052e-02  3.21570873e-04 -4.06753911e-02 -8.32944386e-03
   7.45996403e-02  4.51367875e-02 -2.72391504e-02  5.42541038e-02
  -4.45722768e-02  8.41254719e-02  2.29364967e-02 -1.02286517e-01
   1.00721697e-01  1.41525675e-02  5.72865742e-02  9.17258903e-02
  -6.23096717e-02 -6.84046395e-02 -7.39761408e-02  6.25318833e-02
   5.33806332e-02  8.38232806e-02  7.46077536e-02  1.46970975e-02
   1.61479057e-02  9.12915658e-02  9.00728706e-03 -8.06798630e-02
  -9.16525620e-02 -9.40248941e-02 -7.18970168e-02  6.94849690e-02
  -9.23397941e-03  3.91630205e-02  7.84770202e-02 -9.03184409e-02
  -4.05687088e-02  7.25055740e-02  3.69517729e-02  1.17703062e-02
   5.62501962e-02  6.88230027e-02  3.06787843e-02  6.38003034e-02
  -6.80695015e-02 -5.56806268e-02 -6.25894755e-02  2.72578635e-02
   1.03745131e-01  1.45968428e-02 -1.28376952e-02 -8.22187585e-02
  -6.81943908e-02 -1.48580317e-03  8.93184913e-02  2.89752651e-02
   8.94977580e-02 -2.58942360e-02 -8.86464951e-02 -4.65074647e-02
  -2.68814735e-02 -1.76453520e-02  4.45467291e-02  1.14183085e-01
   8.69827258e-02 -5.54689698e-02 -8.58450343e-02  2.75910583e-02
  -3.72276123e-02  9.29725238e-02 -7.07772362e-02 -8.47316521e-02
  -6.42376200e-02  7.25245658e-02  6.68119670e-02 -1.63657243e-03
  -2.89306617e-03 -8.32236793e-02 -4.54022451e-02 -4.83052331e-02
   8.62765420e-02  5.62157551e-02  1.05429300e-01 -6.20608329e-02
  -1.62339887e-02 -5.22495541e-02  3.62292990e-02  3.72995661e-02
  -3.65007369e-02  7.24052687e-02  5.48420718e-02 -6.87358706e-02
  -3.02781273e-02  1.56607402e-02 -2.33669198e-02 -1.20336529e-01
  -5.00563494e-02 -7.16676994e-02  8.05279508e-02  1.57277270e-02
  -8.06450297e-02 -2.86490594e-03  8.99382880e-02  1.70739021e-02
  -9.88400677e-02 -1.03120792e-01 -1.16855082e-01 -8.22405767e-02
   5.25239372e-02 -8.94205206e-02  6.18647340e-02 -7.32996626e-02
  -4.37244099e-02 -6.31527497e-02 -5.64703429e-02  4.76571871e-02
  -7.16918902e-02 -7.56218204e-02  1.07576409e-01 -5.38252715e-02
  -4.24935562e-02 -1.16049166e-02  6.14196812e-02 -9.66163036e-02
  -4.91743154e-02 -8.09346679e-02 -2.67813656e-03  9.24395923e-02
  -8.83804256e-03  7.24260270e-02 -5.15843663e-02  2.10617498e-02
  -4.01115836e-03 -7.38733832e-02 -5.92180194e-02 -3.15693441e-02
  -1.48356073e-02  7.54967787e-02 -5.35588810e-02  2.65319863e-02
   3.17163445e-02  2.91642086e-02  3.87564387e-02 -2.26238004e-02
  -1.04418042e-01 -1.07916131e-01  1.73050424e-02  1.52463605e-02
   8.03922940e-02 -8.89867928e-02 -3.53963963e-02 -5.19324891e-02
   7.48541328e-02  5.52732845e-02  3.32347911e-02 -5.42061487e-02
  -2.63507154e-02 -6.66370708e-02  1.39959002e-01 -4.57660964e-02
   8.33302451e-02 -8.72912942e-02 -7.69870747e-02  7.90574014e-02
  -1.65147698e-02  2.64715551e-03 -3.79428834e-02 -3.58028325e-02
   3.03886093e-02  6.07720473e-02  3.72345996e-02 -8.59264017e-02
  -9.59614512e-02 -7.74507183e-02 -1.18330771e-02 -8.00735201e-02
  -1.02111290e-01  9.25859854e-02 -4.28421477e-02 -7.00809050e-02
  -6.76433295e-02  2.08939260e-02 -2.77834887e-03 -6.64946563e-03
  -1.02658328e-01  9.15812335e-03 -9.16847087e-02 -4.86441009e-02
   9.71570502e-02 -7.01914944e-02 -2.91979472e-02 -5.43306958e-02
  -2.98739605e-02 -3.38641537e-02 -1.30016947e-02  3.00930817e-02
   8.42447534e-02 -2.57145953e-03  6.93098957e-02  6.01158345e-02
  -9.60396629e-02 -7.10064966e-02]
 [-2.37468414e-02  9.13869690e-02  5.73140051e-02 -9.87325650e-02
   2.40289109e-02  3.45825168e-02 -1.35068951e-02  4.31274772e-02
  -1.70457907e-02  9.92733656e-02 -1.14132290e-01  1.70868145e-02
  -9.87258158e-02  6.33825584e-02 -1.37806458e-02 -9.04105166e-02
   5.64294581e-02 -5.35442926e-02 -5.13054987e-02 -1.96797257e-02
  -8.50211482e-02  7.18957952e-02 -6.04371985e-02 -9.36099863e-02
   1.32694579e-01  5.92303442e-04 -3.81042563e-02 -8.31057157e-02
   9.62096249e-02  9.47148239e-02 -1.83664793e-02  9.81811965e-02
   5.12628400e-02  5.80121571e-02  2.54500670e-02  1.31630830e-02
  -9.40797098e-02 -2.91028360e-02 -5.95356483e-02 -1.90835400e-02
  -6.51546693e-02  3.53802163e-03  2.16146401e-02 -5.42331108e-03
  -5.86162714e-02 -1.19478877e-01 -1.98952891e-02 -6.90899347e-02
  -5.21490662e-02 -4.72579901e-03 -1.84962604e-02 -9.72075390e-02
  -2.13616028e-02  6.11587229e-02  1.01399435e-01  4.74756599e-02
   8.85191048e-02  2.65176044e-02  6.04527135e-02 -9.93480277e-02
   7.60871853e-02 -2.47457361e-02 -5.81159662e-02 -5.77630707e-03
  -1.40915668e-02  1.27110669e-02 -2.00295215e-02  7.57162934e-02
   6.04819790e-02 -7.54071095e-02  2.94886419e-02 -8.79993620e-02
  -7.67977866e-02  4.99502228e-02 -6.21926438e-02 -1.00452865e-01
  -5.71987992e-02 -4.32051005e-02 -3.68341295e-02 -7.26418448e-02
   2.23744681e-03  3.14453151e-02 -3.91398535e-02  6.08539126e-02
  -7.61152130e-02 -9.83629557e-04  1.02671031e-01 -1.22270136e-01
  -2.35272400e-02  9.36064135e-02  9.85815864e-02 -2.95522402e-02
   2.08956406e-02  8.60501803e-02  9.01058154e-02  1.08704483e-01
   5.73546729e-02 -2.56257390e-02 -1.08559353e-01 -3.63984168e-02
  -6.56257552e-03 -1.99748206e-02 -3.97904386e-02 -8.02004489e-02
  -6.57738280e-02 -6.13429193e-02  5.04366478e-02  1.14346493e-01
  -7.29552110e-02  3.20818967e-02 -1.95194840e-02  3.71517624e-03
   1.20554592e-01 -9.45691820e-03 -8.17176133e-02  6.68904501e-02
   9.40442253e-02 -9.14973430e-02 -3.53842732e-02 -8.52614115e-02
   7.62227015e-02 -3.94277341e-03  9.67779611e-03  2.31951851e-02
   2.92497224e-02  3.85264498e-02 -6.30676879e-02  3.49663119e-02
   9.97218187e-02  2.66084010e-02  9.18441020e-02 -7.86720407e-02
  -1.00753913e-02  9.61657433e-02 -9.47407029e-02  3.64838650e-02
   7.28532766e-04  9.62736438e-02  5.51931801e-02 -1.78418168e-02
   7.02939052e-02 -1.06460846e-01  5.72549849e-02 -3.58869662e-02
  -8.56447357e-02  6.10064615e-03 -5.06392485e-02 -9.79697157e-03
  -2.83660114e-02 -6.73267712e-03 -2.61556090e-02  9.12411971e-02
   1.06303373e-01 -3.21743162e-02 -6.94362472e-02  8.15321326e-02
   1.99722481e-02  2.78586482e-02 -2.73818399e-02  2.83169492e-02
   2.71160581e-02  3.51872691e-02  3.79397445e-02  1.07143707e-02
  -7.98011120e-02  7.04475338e-02 -7.76792687e-02  6.46507297e-02
   7.82618734e-02  3.59885089e-02 -3.50868263e-02  5.46492627e-02
   2.52404177e-02 -7.16941216e-02 -6.38603077e-02 -9.87797527e-02
  -8.33745980e-02  1.03307970e-01  8.62227385e-02 -3.82538076e-02
   4.54621117e-02  3.49692357e-02  4.48780370e-02  6.90316028e-02
   9.98835730e-02  1.16737263e-03 -7.81203063e-02 -7.40513803e-02
   4.28508573e-02 -2.42253878e-02 -2.58091123e-02  2.79522985e-02
  -1.02019650e-01 -5.94619348e-02 -8.21076473e-02  6.55471746e-02
  -1.02752178e-01  7.20856977e-02  8.67952755e-02  1.40612322e-02
  -1.90461683e-02  4.35783870e-02  8.74485787e-02  9.62660119e-03
  -2.26287655e-02 -5.93099354e-02  4.31109965e-02  3.04767502e-02
  -1.18354819e-01 -2.61353542e-02  2.86510909e-02  8.47310378e-02
  -6.10430967e-02 -1.16457523e-01 -3.36066842e-02  8.43395158e-02
  -5.89275287e-02 -5.82047450e-02 -2.93158106e-02  2.74424326e-03
   3.82474121e-02 -1.01593142e-01 -8.06095122e-02  7.22861316e-02
   5.25244255e-02  2.96877890e-02  1.09414886e-01  1.35633141e-02
   7.36186711e-02 -6.04635417e-02  8.23988005e-02  5.55758399e-02
  -7.31685996e-03 -7.80718142e-02  3.19983442e-02 -5.61799483e-02
   3.31187188e-02  6.84282503e-03  8.03626606e-02 -5.14877744e-02
  -1.06571282e-02 -7.37953450e-02  1.81252428e-02 -7.88062010e-02
  -2.37464161e-02  1.46795036e-02  4.33852134e-02 -4.39488264e-02
  -5.71761842e-02 -5.40844229e-02]
 [ 9.03435689e-02 -7.96495969e-02 -5.90658079e-02 -1.01020851e-01
   6.82940168e-02 -3.30033348e-02  5.72233065e-02 -3.40742014e-02
  -7.69094579e-02 -1.72277448e-02 -1.04297982e-01 -6.21567168e-02
   4.72408002e-02 -9.79458374e-02  7.96195994e-02  2.78076995e-02
   6.80080941e-02  2.23883853e-02  1.44356805e-02 -2.56407947e-02
   6.82977354e-02  9.54852624e-02  2.37634445e-02  1.06155063e-01
  -3.87852394e-02  4.02886484e-02  1.81589591e-02  5.30710139e-03
  -5.75973704e-02  4.66917405e-02 -2.76324973e-02 -3.21450813e-02
  -2.95457648e-02 -1.62021476e-02 -5.53521822e-02  8.66163544e-02
  -1.18632852e-01 -6.90717385e-03  4.17570206e-02  4.56155756e-02
  -3.31175479e-02 -7.35723143e-03 -6.88632490e-02 -1.06547811e-01
  -1.00173073e-01  1.61791071e-02  1.12377102e-01 -7.96700348e-02
  -2.65224080e-02 -6.84885122e-04  7.90482718e-02 -5.46900180e-02
   7.37368568e-02 -8.05357529e-02  2.24401597e-02 -6.26631459e-02
  -9.44710007e-02  5.37687961e-02 -9.77601902e-02  8.70027964e-02
   1.29161329e-02  4.89289101e-02  5.55184973e-02  2.24136738e-02
  -1.05524505e-01 -9.86994376e-02 -6.71910899e-02  9.85212883e-02
   4.06704935e-02 -2.80868103e-02  4.53675181e-02 -7.75877460e-02
   1.98890330e-03 -4.15252645e-02  4.82215383e-02 -3.26155566e-02
  -4.60393530e-02  9.77532995e-02  5.28203405e-02 -1.77099353e-02
  -1.71719074e-02  6.26087104e-02 -8.53742671e-02 -4.43732129e-02
  -4.58591851e-02 -6.60256938e-02  8.55495171e-03 -7.38537739e-02
   1.08158144e-01  3.41606974e-02 -4.71694795e-02 -2.53823678e-02
  -1.36258277e-01 -1.88178183e-04  7.91482169e-02  1.62404219e-02
  -4.53454541e-02 -5.05221304e-02  1.87611016e-02 -5.15970350e-02
   1.00703463e-01 -1.42916581e-02  5.67540304e-02  3.86057070e-02
  -2.71874214e-03 -1.74726103e-02  2.39720906e-02  5.02310204e-03
  -5.24258185e-02  5.71208274e-03  5.58184734e-02 -6.19341843e-02
  -6.16583453e-02 -1.15780111e-01 -1.12162403e-01 -9.60916310e-02
   4.21042366e-02  3.91679672e-02 -6.22283439e-02  4.31790251e-02
   5.25756052e-02 -8.45438175e-02  8.39147886e-02  1.59324963e-02
   3.00808056e-02  5.37146287e-02 -7.01573931e-02  6.39637290e-02
  -2.35325168e-02  1.19243645e-01 -5.95146137e-02 -2.14244094e-02
  -6.44050541e-02 -3.35372876e-02  2.21009221e-03  5.37893002e-02
  -2.87243137e-02 -5.94951888e-03 -9.49885001e-02  2.53692553e-03
   2.08817519e-02 -5.43454538e-02  1.73618395e-02  3.76362192e-02
  -4.74640834e-02 -6.44128173e-02  4.79217424e-02 -3.89811365e-02
   7.60413528e-02 -9.11268667e-02 -8.78667865e-02  5.00556059e-02
   3.46199155e-03 -3.24087645e-02 -5.22628187e-02 -6.69238539e-02
   9.01045591e-02 -2.28163317e-02 -8.81407285e-02  9.74265496e-02
  -5.70699390e-02  1.32455879e-02  5.74456958e-02  3.23144677e-02
  -9.21847922e-02 -3.06540699e-02  8.86984782e-02 -3.44728132e-02
   7.93461583e-02 -1.74088827e-02  1.61245491e-02 -4.14400660e-02
  -1.24404428e-01  3.83449293e-02 -5.97666620e-02  5.18412112e-02
   2.90135107e-02  7.28759361e-03 -1.14731148e-02  8.02212617e-02
   7.56243925e-02  9.80298841e-02 -9.00638799e-02 -7.91416442e-02
  -3.01510561e-02 -8.16260667e-02  3.16155519e-02 -6.16281455e-02
  -5.86710558e-02 -7.44100008e-02 -3.32288744e-02  1.00204254e-01
   3.96359879e-02  5.72699850e-02 -1.11125245e-01 -7.62812289e-02
  -4.68334247e-02 -8.86874643e-02  4.05723252e-02 -5.25336385e-02
  -4.20967933e-02  8.88952136e-02 -7.61465997e-02  9.86093005e-02
  -1.81503659e-02  4.52192077e-02  4.91098459e-02  9.84293308e-02
  -6.67589934e-02  1.16381067e-01  1.32387721e-03  3.29244333e-02
   7.00925624e-02 -9.62863808e-02 -3.84714323e-02  1.00176578e-01
   6.44853044e-02  7.87450859e-02 -5.00064589e-03 -7.99225045e-04
   1.98254353e-02  9.24577403e-02  2.68115098e-02 -3.75642483e-02
  -1.05942635e-01 -1.89419683e-02 -4.12959471e-02 -6.33994856e-02
  -1.12753413e-01 -8.81207223e-04  3.82126580e-02  8.73509379e-02
  -8.20089739e-02 -3.98600547e-02 -2.36141609e-02 -8.53928241e-02
  -1.29854141e-01 -7.85822209e-02 -5.99702251e-02  3.45886397e-02
  -6.12810427e-02 -6.14372869e-02 -7.07378236e-02  2.96396985e-02
  -6.78124424e-02  1.21116847e-02  7.02318305e-03  4.00194584e-02
  -1.03222346e-01 -5.70253656e-02]
 [ 1.08989820e-02  6.96839791e-02  2.75472718e-02 -8.56150759e-02
  -2.81655316e-02 -3.92233443e-02 -1.43247808e-02 -5.82735866e-02
  -6.31778667e-02  1.49997160e-02  5.74975679e-02 -4.92627841e-02
   1.36022322e-01  6.61763958e-02 -5.13588289e-02 -6.29363857e-02
  -9.51248691e-02  3.79474736e-02 -1.02693384e-01 -4.62834490e-02
   3.25162923e-02  8.43646045e-02 -7.10370185e-03 -5.99759776e-02
  -4.80707897e-02  8.55464944e-02  2.01064263e-02  8.26669469e-02
   2.52033925e-02 -1.07893007e-01  1.22251676e-01 -9.19741832e-02
   4.44914725e-02  7.18645210e-02 -8.60469050e-02 -3.68472371e-02
  -8.04576125e-02 -1.92195332e-02 -1.31970669e-03 -3.78101241e-03
   1.61663418e-02  9.81671454e-02 -5.97729728e-02  4.79157500e-02
   1.17443664e-01  7.46138371e-02  1.40970362e-02  6.27259196e-02
  -7.57694180e-02 -6.70461551e-02  1.74006950e-02 -2.43229389e-02
   3.31558954e-02  3.04512804e-02 -9.87853524e-02  3.54396121e-02
  -6.08800354e-02  7.12728084e-03  4.43740289e-02  3.41807623e-02
  -7.98447821e-02 -1.32635740e-02 -8.94190858e-04 -7.26352293e-02
  -1.35895621e-03 -1.36836085e-02  6.21937470e-02 -1.08862014e-01
   7.59648005e-02  1.24123963e-01 -4.13398573e-02 -5.72441950e-02
   5.51147823e-02 -1.08097046e-01  7.23684981e-02  6.22402440e-02
   2.18453234e-02  1.48077018e-02 -2.95960896e-02  6.64578350e-02
  -8.58084410e-03  5.45699569e-03 -8.03104388e-02  7.66735590e-02
  -1.49679906e-03 -3.68639170e-02  4.92998643e-02  9.91109167e-02
   9.27173653e-02  3.12513720e-02 -1.01613510e-01  7.23740803e-02
   4.46798630e-02  8.90641189e-02  9.64927151e-02  8.72408960e-02
   8.57760130e-02  5.40727536e-02  4.86331101e-02 -4.74980319e-02
   9.28332027e-02 -1.39911226e-02 -3.78462341e-02 -5.07692495e-02
  -5.10324795e-02  1.10799969e-01  6.30882510e-02  8.41802176e-03
  -1.30569729e-02  4.45245098e-02 -2.28754915e-02 -3.25418575e-02
  -5.76264776e-02  6.79301177e-02  6.39402908e-02 -7.81981894e-02
   7.65406585e-02  2.26623038e-02 -7.02172507e-02 -8.14791326e-02
   1.30652899e-02  8.74086810e-02 -3.39321590e-02  1.70376480e-02
   1.12484340e-01 -3.76752158e-03  7.41143818e-02  3.32882877e-02
  -1.10928734e-02  9.95682053e-02  6.63873304e-02 -3.96377024e-02
   3.60319919e-02 -1.07650591e-01  3.05406103e-02  7.82134662e-02
   6.21553724e-02  7.85624084e-02  9.42589476e-03 -6.73728903e-02
  -4.79870620e-02 -1.24743354e-01  3.59184696e-02 -1.27845379e-02
  -7.64603689e-02 -1.39117290e-02 -2.43662647e-02  1.05238005e-01
  -1.76604776e-02 -6.43742175e-02  3.87681851e-02  2.79127085e-02
   1.04663098e-01 -6.14660554e-02 -7.90747987e-02  7.48081543e-02
  -4.31504686e-02 -9.24554250e-02 -5.41061341e-02 -1.09014864e-01
   1.08429125e-01 -3.67724011e-02  2.60324190e-03 -4.16853692e-02
  -3.74876152e-02 -3.34411388e-02  6.86906776e-02 -6.56487035e-02
   8.30886107e-02  1.25528989e-02  3.71742224e-02 -2.13062391e-02
   8.78222549e-02  4.51371526e-02 -5.33259884e-02 -9.37012421e-02
   2.97873694e-02  6.82615913e-02 -7.23125870e-02 -6.52044932e-02
  -2.75145270e-02  1.62293267e-02 -1.18155981e-02 -6.22265389e-02
   3.84309242e-02 -1.14473440e-01  2.72991984e-02 -3.48463239e-02
  -2.96450968e-02 -2.54503476e-02 -8.97102043e-03  9.00799707e-03
  -9.99494900e-02  4.71957078e-02 -4.12452547e-03 -2.50721871e-02
  -4.36294529e-02  2.65691994e-02  8.54536147e-02  6.93060637e-02
   3.96441655e-02 -2.61717670e-02  8.16062833e-02 -4.41025089e-02
  -2.77539718e-03  9.97100836e-02 -8.22867525e-02 -4.21349740e-03
  -5.39482853e-02 -1.75781514e-02  2.43721053e-02 -1.17493960e-01
   1.00021368e-01  4.86632565e-02 -2.79470782e-02 -2.63043585e-02
   1.02804820e-01  4.95345137e-02 -1.22529170e-01 -6.04256290e-02
  -1.02223170e-01 -8.39300723e-02 -4.59050232e-02 -9.27109596e-02
   9.92979812e-03 -2.89991173e-02  8.31363271e-02  6.79792849e-02
   5.19771969e-02 -5.71168665e-03  2.51836047e-02 -8.99060759e-02
   1.32996831e-02 -3.73795865e-02  3.03309577e-04 -7.03466105e-02
  -1.50384216e-02 -5.04045216e-02  7.18645026e-02  1.04202073e-01
  -1.81997862e-02 -9.27384685e-02  2.25334304e-02  1.23079855e-01
   9.10744450e-02 -6.07884514e-02 -1.84627109e-02  2.20241283e-02
   3.91521904e-02  9.13304802e-02]
 [ 8.73570366e-02  7.43349387e-02  4.57040354e-02  1.02269101e-02
   7.00992692e-02 -8.18252305e-02  6.55432299e-02  8.75015724e-02
  -5.45552068e-03  9.69129643e-02  5.16821228e-02  3.95448947e-05
   4.19802054e-03 -1.15998242e-02  2.80287935e-02 -4.08291300e-03
  -3.78277388e-02  5.29978455e-02 -9.39930498e-02  3.61962490e-02
   7.67166360e-02 -1.20522048e-01 -9.70622087e-02 -5.26100701e-03
   2.53555380e-02  1.06303041e-01 -6.33490764e-02  3.21186522e-02
   7.95213588e-02 -1.22208453e-01  9.18618914e-02  8.10875181e-04
  -1.16846109e-01  7.28027009e-03  3.64197490e-02  6.95039511e-02
   6.33423052e-02  5.85217617e-02 -3.43076449e-02  2.80068966e-03
  -1.20303671e-02 -1.61413067e-02  5.83051724e-02  1.68596961e-03
  -7.36517060e-02 -4.95387732e-02  1.04025643e-02  4.00281182e-02
   3.95475086e-02 -2.34042445e-02  5.61650384e-03 -7.12436895e-02
   4.69847239e-02 -8.04710089e-02 -7.52005970e-02 -5.73599092e-02
   9.54891529e-02 -9.52648981e-02  1.89895426e-02 -6.94153326e-02
   1.00749738e-02  7.52279950e-02 -7.76369834e-02 -4.33803385e-02
  -2.01582458e-02 -2.27951829e-03 -5.70140520e-02  1.06245164e-01
   1.13321599e-01 -7.96240074e-02  1.03392683e-01 -2.95867690e-02
  -3.30025013e-03 -2.69142485e-02  1.00911821e-01  7.52457422e-02
   9.10281324e-02  6.04035776e-02  4.24091552e-02 -2.99337171e-02
   6.62879739e-02 -8.64836947e-02  1.03418407e-01 -3.34179619e-02
  -5.38710275e-02  1.29622589e-01 -9.89276195e-02 -7.69304660e-02
  -8.61123405e-04  1.48176790e-02 -2.61603195e-02 -2.79440204e-02
   1.54289123e-04  1.02466236e-01 -1.54732710e-02  4.85107370e-02
   3.32094485e-02 -9.27195589e-02  6.73669284e-02 -7.65222144e-02
   3.86598039e-02  7.52036004e-03 -3.68242738e-02  4.06479839e-02
  -1.01449545e-01  1.71994391e-02  1.63970143e-02 -4.34684548e-02
   6.11695506e-02 -3.31562652e-02  2.73162835e-02 -1.77351792e-02
  -1.97158735e-02 -7.48956847e-02 -5.98678028e-02 -3.97767802e-02
   5.92949715e-02  1.04655166e-01 -4.38580234e-02  1.19176222e-01
   1.04573521e-01 -8.84909130e-02  4.95531460e-03  1.99822083e-03
  -6.71961212e-02 -1.00671230e-01  1.28470742e-01 -1.18941269e-01
  -6.33198449e-02  2.77502509e-02  1.12581096e-02 -5.19180196e-02
   2.63403819e-02  1.01437119e-01  2.22015302e-03 -7.22021803e-02
  -1.19570199e-02  6.86440382e-02  6.36106271e-02 -6.35421119e-02
  -6.78683625e-03 -9.57200953e-02 -7.68924389e-02  1.00406647e-01
  -6.38906969e-02 -3.97788881e-03  4.27351951e-02  4.15483146e-02
   1.76674924e-02  4.25098220e-02  8.54320614e-02 -2.73411472e-02
  -5.30259438e-02  2.27005278e-02  1.12656721e-01 -5.49393853e-02
  -3.33794521e-02 -6.01306305e-02 -5.50922369e-02 -1.05019649e-01
   3.11132057e-02  1.72048725e-02 -9.00790721e-02 -8.41886980e-02
   4.65237623e-02  1.06177846e-01  1.08306901e-01 -7.36551524e-02
  -9.62779667e-02  8.58181883e-02 -8.06913153e-02  3.50385710e-02
   5.99159547e-03 -3.87646929e-02  9.40805886e-02 -4.61848248e-02
   4.96365641e-02 -4.12784462e-02 -6.06263585e-02 -1.86990114e-02
  -1.27843977e-02 -4.58811909e-03  6.63158467e-02  1.04509824e-01
  -8.61496368e-02  8.64718604e-02  7.31691048e-02  9.08207832e-02
   1.03446535e-02  3.11565501e-02 -2.71445448e-02  3.38749797e-03
  -8.63406010e-02  1.69821525e-02 -1.19947540e-01 -6.40398268e-02
  -5.23011606e-02 -2.56468270e-02  9.16080644e-02  9.79233040e-02
   4.68620355e-02  5.54883815e-02  3.22119624e-02  9.97337116e-03
  -5.93395686e-02  6.39072474e-02  9.09793408e-02 -7.80295832e-02
   1.16469401e-04  4.63847788e-02 -7.35418626e-02  5.29797563e-02
  -7.24800937e-02 -9.43641521e-02  3.47150902e-02  6.67128755e-02
   2.04355077e-03  5.46528690e-03 -7.49226947e-02  5.72756491e-02
   1.92421314e-02  2.43096905e-02 -3.59515012e-03  3.41356906e-02
   8.14628395e-02 -7.38953490e-02 -7.28237916e-03 -8.46869755e-02
   4.01355357e-02  3.67217618e-02 -7.27186668e-02 -2.63277733e-02
  -1.87106921e-02  2.07049911e-02 -1.36872786e-02 -1.02004422e-01
  -1.81338233e-02 -2.37414312e-02 -3.31475736e-02  8.20937674e-03
  -8.40622951e-02 -1.97952077e-02  8.12681536e-02 -8.37961250e-02
  -9.55952513e-02 -4.34383012e-02 -4.40516004e-02  9.74392813e-03
   6.20603263e-02  3.00764068e-02]]