[[-7.24362405e-03 -2.44233463e-02  1.01322449e-01 -2.83701489e-02
  -6.98844614e-02  1.63789991e-02  3.51551414e-02  1.31360919e-03
  -7.39643888e-02  1.07489525e-01 -1.06035256e-01  5.87050080e-02
  -1.20558065e-02  7.58542693e-02 -3.11333829e-02  8.75617353e-02
   9.34495842e-02 -2.33355111e-02 -9.85004726e-02 -4.40883387e-02
  -5.08154004e-02  5.75750735e-02  1.03871372e-01  5.02744725e-02
  -4.79570925e-02  8.59430576e-02 -1.01945852e-01 -2.46914268e-02
   6.46245082e-02  2.04902595e-02  9.98711444e-02 -3.82474740e-02
  -2.81266514e-03  4.02727868e-02  1.90960101e-02 -1.50058839e-02
   7.60012433e-03  4.79610027e-02  9.42801169e-02  6.25808910e-02
  -7.28765738e-02 -3.45875448e-02 -1.04045576e-02  5.99072926e-02
  -3.59978784e-02 -5.90951483e-02 -5.08613622e-02  6.75232523e-02
  -3.91002365e-02  5.95400555e-02  2.52682666e-03 -4.55135748e-02
  -6.58843803e-02  1.39329172e-02 -2.45982715e-02 -4.19762017e-02
  -5.94432965e-02  6.13549343e-02  6.47689858e-02  3.99554818e-02
   9.48308118e-02  9.37884174e-02 -1.65290660e-02  9.43291944e-02
   6.90762006e-02 -6.66285898e-02 -6.39080337e-02 -6.69328150e-02
   6.03718814e-02  9.35316782e-02 -2.16874644e-02 -1.02965984e-01
  -2.33575901e-02  8.65753607e-02 -1.03836439e-01 -2.99475370e-02
   2.55428822e-02  5.17418374e-02 -7.32459559e-02  4.90035673e-02
  -1.16307523e-02 -4.38067336e-02  3.99488904e-02 -2.55759577e-02
  -1.06069830e-01 -7.75928250e-02  8.10648127e-02  5.89728445e-02
   1.46525532e-02  7.63026411e-02  7.21809479e-02  2.28464761e-02
   4.40367401e-02  4.01146963e-03  3.77488511e-02 -1.87891544e-02
  -2.75549912e-02  9.42280898e-02 -7.09877604e-02  7.58964607e-02
  -8.14636631e-02  7.23081922e-02  1.01126342e-01  1.73140088e-02
  -3.25009481e-02  3.10481228e-02 -4.83736786e-02  1.93559733e-02
   6.09828629e-02  6.84594303e-02 -6.40713596e-03  3.56540572e-04
   8.20999126e-02  7.71883598e-02 -5.16504355e-02 -3.26474705e-02
  -1.69359999e-02 -4.08665524e-02 -5.68373681e-02 -7.80308355e-02
  -9.32013450e-02  7.38732899e-02 -7.98254453e-02 -1.02069100e-01
   5.92299164e-02  1.65456759e-02 -3.15555091e-02 -1.46369782e-02
  -2.33332169e-02  1.85564629e-02  9.03281806e-02 -7.16261118e-02
  -9.37368951e-02 -6.69022367e-02  3.12862364e-02 -2.02084274e-03
   1.09090583e-01 -7.23236434e-02  8.47117108e-02 -1.03249412e-01
   4.86149180e-02  8.73497055e-02  6.79147009e-02  1.35001772e-02
   8.60294424e-02  6.05682202e-02 -7.28023161e-02 -3.58433226e-02
  -7.99332261e-02 -3.48554802e-02  9.73632986e-02  6.74426571e-02
   7.00925435e-03 -2.20638168e-02 -6.26219999e-02  9.28243599e-02
  -6.48467929e-02  7.25344412e-03 -5.05306656e-02  7.45492550e-02
   3.49694518e-02  2.47402668e-02  1.43757035e-02  9.66355226e-02
   5.63536314e-02 -8.11321437e-02  1.05093123e-01 -6.67311102e-02
   8.14576230e-02 -7.15495250e-03 -3.11818016e-02 -4.21065944e-02
  -9.51417333e-02  8.20382228e-02 -2.90600678e-02  4.31786130e-02
   6.18631234e-02  8.14468246e-02 -7.40241508e-02 -8.72544726e-02
   9.97130275e-02  9.74438569e-02 -1.00376866e-01  8.40055891e-02
  -6.73573635e-02 -8.95824250e-03 -7.88546379e-02 -7.45914458e-02
   3.26618168e-02 -6.67196337e-02 -2.31863926e-02  9.21352170e-02
   9.90568614e-02 -1.20373875e-02  2.26660329e-02  9.08919005e-03
  -2.24920984e-02  5.69641249e-02  9.17501944e-02 -5.17892204e-02
   1.02181850e-01 -9.09312767e-03  2.64126155e-02  6.73868647e-02
   1.25146734e-02 -9.16530867e-02 -1.87140080e-02 -1.06598096e-01
  -6.90658125e-02 -3.77986844e-02 -6.01046204e-02  1.52310541e-02
   3.82490965e-02 -1.84869588e-02 -2.17226269e-02  7.47521223e-02
   1.90074430e-02 -1.05082695e-01  4.99792726e-02 -1.95677485e-03
  -4.27342528e-02 -3.79310782e-02  5.49516332e-02 -1.02524406e-01
  -2.67269918e-02  7.76228896e-02  1.12043764e-02  6.66126589e-02
   8.19680876e-02 -2.64977416e-02  7.76007135e-02 -6.55936835e-02
   2.58534774e-02 -6.41902044e-02 -7.74417943e-02 -3.02613036e-02
  -3.29465949e-02 -1.04122052e-01  1.07704507e-01  1.02978191e-01
  -2.28537017e-02  1.04195096e-01  3.08931854e-03 -1.09059698e-01
  -6.57940632e-02  6.19750631e-02  9.69256272e-02 -2.96905724e-02
  -3.09034493e-02  1.34508885e-02]
 [ 1.71964668e-02 -2.30913201e-02  7.96946560e-02  5.29595584e-02
   8.02066926e-02 -1.93959332e-02  3.78932734e-02 -1.29555421e-02
   1.39312573e-02 -9.26546816e-02  8.01525723e-02  1.14592451e-02
  -1.03066704e-01 -7.24366975e-02  5.83418677e-02 -5.13513077e-02
  -3.60927083e-02  7.61106955e-02  9.46819661e-02 -6.71910737e-03
  -7.63440274e-02 -5.30147513e-02 -4.59362222e-02 -6.15875347e-02
  -1.23660112e-02  1.17519119e-01  1.09815853e-03 -6.66527385e-02
   3.82654648e-02 -4.14078817e-02 -9.31633316e-02  4.32695944e-02
  -9.63102704e-02 -1.67528965e-03 -1.08287621e-02  5.28161032e-03
  -8.59278223e-02 -2.83596127e-02 -1.47322363e-04  2.17799884e-03
   2.20937130e-02  8.45329368e-02 -6.09608886e-02  6.94992143e-02
   5.17663447e-02  2.44904283e-02  3.03178642e-02 -2.94191407e-02
   1.12463913e-02  1.09425796e-01  1.05524330e-03 -5.71283948e-02
  -3.37566693e-02  9.05375311e-02 -5.84505691e-02  5.17375015e-02
  -8.15638562e-02 -9.03357731e-02  1.49728370e-02 -2.09054259e-02
  -8.86663033e-02 -1.04048518e-02 -1.10169842e-01 -7.10971512e-02
  -3.44171504e-02 -1.02123259e-01 -3.58637565e-02  4.56908013e-02
   5.84861530e-02 -1.60846684e-02 -8.37320294e-02  5.01944871e-02
   6.72232456e-03  4.71352415e-04 -5.82681449e-02 -1.49532533e-02
  -1.06760425e-01 -9.75477862e-02  1.79770276e-02 -8.32691112e-02
   8.06358604e-02  5.14265335e-02  1.00912810e-01 -3.37499995e-02
  -1.05760096e-01  1.16571903e-02  6.43025137e-02 -3.70413863e-02
  -1.03256199e-01  4.47631513e-02  7.70980270e-02 -9.12660507e-02
   1.85650883e-02 -1.04614111e-01 -9.33101501e-02  5.99929912e-02
  -6.93782951e-02 -8.27312572e-02  4.37058173e-02  6.21806074e-02
   5.13220343e-02  2.57548021e-02 -5.90836971e-04  7.59704483e-02
   8.47901145e-02  2.92083857e-02  4.59433506e-02 -9.01542281e-02
   3.25477657e-02 -5.81308995e-02 -1.08138603e-01  5.30453287e-02
   6.02246177e-02  2.90227335e-02 -1.77976872e-03  1.05826286e-02
  -5.49390357e-02 -3.55096521e-02 -4.56208785e-02 -7.08468534e-02
   9.88903015e-02 -9.74901655e-02 -6.75491343e-02 -5.62201555e-02
   8.55665781e-02  5.24162504e-02  9.88003860e-02 -7.94986659e-02
   9.58478708e-02  8.81421042e-02  6.84920884e-02  2.32839826e-02
  -5.54966203e-02  8.75429461e-02  3.18223092e-02 -5.77761313e-03
  -3.23037188e-02 -1.76944049e-02  1.04393113e-02 -3.32410257e-02
   2.94698921e-02  3.73975223e-02  6.43730370e-02 -1.28712994e-03
  -7.92895191e-02  9.46507736e-02  7.68665854e-02  9.35216361e-02
  -6.79765071e-02 -2.13657396e-02 -3.00464459e-02  1.00497780e-01
   1.98762292e-02 -6.70321073e-02 -6.81920603e-02  1.10634612e-01
  -3.24502874e-02  8.03444583e-02  2.56946463e-02 -7.98318921e-02
  -3.75077909e-02  3.04999972e-02  1.20280716e-02 -1.38582716e-02
  -1.82892843e-02 -8.31160823e-02  2.99021496e-02 -7.78559630e-02
  -2.30150906e-03 -2.01137463e-02  2.20140089e-02 -9.63052645e-02
  -1.09523552e-02  4.10092265e-03  3.02719296e-02 -3.85881391e-02
   8.16660730e-02 -6.34712904e-02  6.11487808e-02 -1.11283108e-01
   6.79728183e-02 -6.84864701e-03  9.67275600e-02  6.67757801e-02
   7.21127374e-02  4.22156787e-02 -1.36206451e-02 -9.13845469e-02
  -2.73922357e-02 -1.02421797e-01  5.40114597e-02 -6.85177189e-02
   3.35759455e-02 -4.26140208e-02 -7.02341116e-02  3.94103467e-02
  -1.05834643e-01 -1.92029577e-02 -3.17988328e-02  6.69384618e-02
   6.84586317e-02 -5.73447255e-02 -9.70931919e-02 -5.59446693e-02
  -2.74213046e-02 -9.61766100e-02  1.03424096e-01 -5.16870502e-02
   7.46374787e-02 -4.59243258e-02  8.84096672e-02  4.97556524e-02
   8.01235013e-02 -1.47293119e-02  1.08485221e-01 -1.03988003e-01
  -4.81803462e-02 -2.04427226e-02  6.19123977e-02  9.83260994e-02
   2.55917066e-02 -8.35876074e-02 -8.95146975e-02 -8.64909628e-02
   1.57497965e-02 -9.94298750e-02  6.97065115e-02  3.97388619e-03
   6.64587684e-02 -1.06796108e-01 -7.52917769e-02  5.55374023e-02
   7.36653548e-02 -1.04325773e-01 -4.22623405e-02 -1.71409683e-02
   9.16950724e-02  1.18044641e-02  4.57996509e-02 -1.67231896e-02
   8.19838745e-02 -4.20155060e-02  1.85493679e-02  1.00678545e-01
   1.48914013e-02  2.25637741e-02  9.72434034e-04 -6.87007411e-02
   4.93374753e-02 -5.77045830e-02]
 [-1.09433785e-01  3.24004826e-02 -7.28473058e-02 -8.14008920e-02
   3.26888769e-02 -3.58794802e-02 -9.20325299e-02 -1.25952859e-02
   5.17580083e-02 -1.11818826e-02 -2.15060114e-02 -8.95370437e-02
  -5.68153643e-02 -8.46317148e-02 -6.57366783e-02 -6.91390973e-02
   1.02457230e-01 -7.45987902e-02  2.12522925e-02  5.39250182e-02
  -2.51893161e-02  9.02717436e-02  2.59272206e-02  1.12466168e-01
   9.65640406e-02 -1.31445598e-02  8.49985400e-03  2.30574112e-02
  -6.88290360e-02 -5.15697407e-02  1.35929998e-02  6.89958539e-02
  -5.08136263e-02 -4.57118842e-02  5.39505198e-02  5.99433449e-02
   5.33927269e-02 -6.95337593e-02  3.05366065e-02  1.17729349e-02
  -5.75480988e-02  7.80244937e-02 -4.21657361e-02 -9.23155437e-02
   1.62765310e-02  9.56454517e-02 -2.19086864e-02 -1.49411818e-02
  -4.36855904e-02  4.00679597e-02 -6.86221173e-02 -9.38161678e-02
  -4.12480287e-02  1.65294147e-02  7.26832780e-02  3.82361335e-02
   5.85561324e-02  2.44281423e-02 -8.18834138e-02 -1.71632589e-02
  -3.16985325e-02 -8.56306375e-03  5.12260050e-02 -4.50410889e-02
   3.51622414e-02 -4.17467037e-02 -8.02669394e-02  4.87029330e-02
   5.02756706e-02 -9.71234536e-02  1.13126428e-01  7.24642142e-02
   7.69370712e-02  7.77451962e-02  5.45851054e-02  2.07468236e-02
  -9.57773569e-02 -5.43502929e-02  9.91428411e-02 -5.18474789e-02
  -3.97349857e-02 -8.45737988e-02  3.32449582e-02  2.34696883e-02
   8.37190360e-03  7.25319812e-02 -7.06985745e-02  8.74146460e-02
  -6.28697680e-02 -5.66663256e-02  3.49738067e-02  7.60930192e-02
   6.75823623e-02 -5.03152879e-02  5.14675765e-02  6.30670125e-02
   3.87704691e-02  1.05645869e-01  7.77898677e-02  7.78789404e-02
  -2.80276555e-02 -8.88378344e-02 -6.77424987e-02 -1.12759458e-01
  -5.36508410e-02  7.17266924e-02 -1.03511841e-01 -8.31043135e-03
  -1.61055579e-02  6.71340821e-02 -5.53971871e-02 -9.05881428e-02
   1.03944011e-03  3.83047542e-02 -1.06090456e-02 -1.48402185e-02
  -2.17290725e-03  4.51910603e-02  1.01256666e-01  1.98206316e-03
  -1.87886263e-02  1.11111786e-01 -9.64740521e-02  3.38459308e-02
  -6.79393715e-03  8.72512588e-02 -8.90621036e-02 -1.64800179e-02
   6.86522485e-02  8.90715017e-03  6.57381813e-02 -6.89821518e-02
   5.58078141e-02  9.66726260e-03 -2.50407074e-02  4.24457590e-02
   1.25968661e-02 -1.00352931e-01  1.02671943e-01 -5.27550339e-02
   9.61550919e-02  5.59514669e-02  4.45668428e-02  4.44482984e-02
  -4.67165776e-02 -1.02158417e-01 -1.04254458e-01 -6.15970096e-02
  -6.97725862e-02  4.49606019e-03 -9.45126244e-02  3.23391914e-02
   6.69103791e-02  7.89758271e-02  5.43625255e-02  1.00912152e-01
  -3.24979921e-02  6.33361941e-02  3.53446877e-02 -7.23195622e-02
  -1.18317755e-03 -3.08970138e-02  8.12112571e-02 -3.98555692e-02
   7.74566408e-02 -1.60673814e-03 -9.48108358e-02  3.59800685e-02
  -1.20276478e-02 -7.95097750e-02  9.27899785e-02  1.74815926e-02
  -9.94908327e-02 -1.00782471e-01 -8.58891787e-02  7.96270224e-02
   4.87349079e-02  6.38196854e-02  6.33211079e-02 -1.60758281e-02
   6.27662854e-02  9.13790735e-02  6.00958322e-02 -8.57453718e-02
   4.18599198e-02  9.42322547e-02 -8.34406081e-02  9.60486864e-03
   2.60807201e-02 -7.35245394e-02 -6.13417072e-02  3.68527662e-02
   1.72151763e-02 -9.87712745e-02  7.86918239e-02  6.31144745e-02
  -2.94087463e-02 -5.71147940e-02 -8.38680431e-02 -1.09270372e-02
  -5.60177445e-02  2.58433168e-02  1.10766465e-02 -9.37751170e-02
   7.35571969e-02 -7.78419066e-02  7.93510090e-02  4.23697721e-02
   4.77155383e-02 -9.26615951e-02 -2.61626839e-02  7.68623646e-02
  -5.03382385e-02 -6.19724228e-02 -1.86338180e-02 -2.50354989e-02
  -5.34961942e-02  4.07684153e-02 -1.00639098e-01 -8.90600116e-02
  -1.03959498e-01 -8.69916984e-02 -1.18948544e-02 -1.03299525e-01
   1.96317822e-02  3.45115277e-02 -1.95938448e-02 -4.05129754e-02
   6.16938817e-02  9.12114701e-02  6.33114630e-02  4.61164820e-03
  -3.55245198e-02 -1.29527569e-02  1.03584101e-01 -6.47440176e-02
  -6.48093972e-02 -5.62163051e-02  3.88174462e-02 -4.60204627e-02
  -1.13264105e-01 -9.05833817e-02 -7.89667795e-02  1.85860975e-02
  -2.59427109e-02 -1.45203298e-02 -1.13452063e-02 -9.26010162e-02
   3.20491260e-02  1.29681280e-02]
 [-9.09513502e-02 -9.70282872e-02  7.90833348e-02 -6.96446011e-02
   4.30150782e-02  5.29292059e-02 -7.52891513e-02  1.04641673e-01
  -1.12750451e-02  1.07139135e-02  9.75495087e-02  2.78061474e-02
  -1.81226199e-02 -3.94948281e-02 -6.20723184e-03 -7.42553232e-03
   1.22818881e-02 -9.97853979e-02  4.43732641e-02 -3.61139859e-02
   9.98720954e-02 -7.37358572e-02  6.54367193e-03 -1.93082610e-02
   7.86270839e-02 -9.18114888e-02  7.18824052e-02  1.17874870e-03
  -4.85285873e-02 -6.41816077e-02 -2.39776282e-02 -1.09448098e-01
   7.21120342e-02  4.76249291e-02 -3.20558010e-02  2.90427760e-02
  -2.25386307e-02 -4.96377252e-02  2.10909971e-02 -4.43047797e-02
   1.63767688e-02 -9.93579159e-02 -9.54189266e-03 -7.62953957e-02
   1.41041813e-02 -9.27681326e-02 -4.92884353e-02  6.58022269e-02
   4.59781766e-02 -4.82336847e-02  4.70550966e-02  6.37232526e-02
  -3.46183001e-02  1.03566671e-01  8.49046149e-03 -3.03792118e-02
  -4.51961910e-02  2.81389890e-02  4.80316052e-02  5.00211135e-02
  -1.76984603e-02  8.20867145e-02  1.78035968e-02 -3.65266481e-03
  -7.48520533e-02  1.37429787e-02 -4.09436999e-02 -2.84004218e-02
  -4.08703186e-02 -7.51637270e-02  3.10366679e-02 -4.52213433e-02
  -8.58556039e-02  7.81083823e-02 -2.00004927e-02  1.02761933e-01
  -3.23306111e-02 -8.53758071e-02 -8.60601842e-02 -7.17316464e-03
  -9.68361448e-03 -1.04241810e-01 -1.09796696e-02  2.85962376e-02
  -1.61597331e-02 -9.72227791e-02  8.88828316e-02  1.05100685e-02
   9.36699333e-02 -6.21350110e-02  9.30813303e-02 -1.18150402e-01
  -3.38167019e-02  1.37732761e-02 -5.94457075e-02  5.24029950e-02
   1.08763068e-01 -6.78136587e-02 -7.14754479e-02  4.37667839e-02
   6.65463906e-02 -1.10908608e-01 -4.56939104e-02  9.63279804e-02
  -5.78452054e-02 -6.50079203e-02 -9.47272990e-02 -3.18665293e-02
   6.88060852e-02  3.19416095e-02 -1.07718042e-01  1.89344267e-02
   5.53220877e-02 -5.92637930e-02  1.47876626e-02 -1.11867871e-01
  -4.55451232e-02  1.02249051e-01  9.71932495e-03  9.76656689e-02
  -6.82230749e-02 -8.42471521e-02 -5.22529582e-02  8.97946962e-02
   7.24874746e-02 -3.83212827e-02 -9.74292100e-02  3.00620076e-02
  -4.37256909e-02 -3.24198740e-02  6.03481308e-02  5.22942195e-02
   6.79493588e-02 -2.62640184e-02 -9.64931202e-02 -9.20618528e-02
   5.96045185e-02  7.52623365e-03  2.96256408e-02 -9.76522895e-02
   9.44803014e-02  3.07377962e-03  2.69233428e-03 -5.79185755e-02
   9.83890362e-02  8.20584337e-02 -2.46145974e-02  5.89797212e-02
   8.24183710e-02  4.08390252e-02 -7.22003951e-02 -6.01575973e-03
  -7.72429481e-02 -1.01511058e-01 -1.44210609e-02  5.16319094e-02
  -2.16417573e-02 -2.79101874e-02  7.69752826e-02 -4.04593258e-02
   1.04868730e-02  1.94331559e-02  4.31535409e-02 -5.62461770e-03
  -2.79523341e-02  5.06356324e-02 -1.04969866e-01  9.98045275e-02
  -2.79871161e-02  1.90830524e-02 -9.21496585e-02  7.43957715e-02
   2.82582844e-02  8.04696412e-03  3.77219036e-04  3.26468331e-02
  -9.51886742e-02  8.93192458e-02 -3.47495732e-02  4.07176832e-02
   9.98277485e-02 -9.35023230e-02  5.44010587e-02  9.77341535e-03
   2.00616851e-02 -1.83591724e-02  3.63778386e-02 -7.75514126e-02
  -4.94462608e-02 -5.73114688e-02  7.64519605e-02  4.29907122e-02
   4.02781898e-02  7.89689972e-02 -6.46404992e-02 -8.61604223e-02
  -8.90695707e-02  6.09473223e-02 -4.89362590e-02 -1.25130413e-02
   2.21742984e-03 -6.95589792e-02  4.39536013e-03 -4.21845468e-02
  -9.59856659e-02 -6.34492489e-02 -2.14528780e-02  5.77241972e-02
   5.46377737e-02 -7.56940336e-02 -3.99350351e-02  5.23907510e-02
   5.93917739e-02  9.42686181e-02 -6.76761124e-02  7.83549680e-02
   1.10297437e-01 -1.18128618e-01 -4.87040127e-02 -5.51621338e-02
  -9.86012538e-02  1.04221143e-01 -9.88036327e-02 -6.54330396e-03
  -9.16166022e-02 -1.00399298e-01 -5.10152091e-02  7.38929017e-02
   1.20505192e-01  4.13367859e-02  5.67278902e-02  8.61311713e-02
   5.01050482e-02 -6.51157471e-02 -1.40298565e-04 -4.83332191e-02
   2.07399138e-02  8.40393694e-02 -3.23372011e-02  6.90921766e-02
  -3.33768182e-02 -1.13753504e-01  1.70784905e-02  4.88165944e-02
  -8.59843329e-02  3.02536901e-02 -2.14670669e-02 -4.31816942e-03
  -2.10776117e-02  5.77237837e-03]
 [ 1.07362703e-01 -2.95954327e-02  3.90544707e-02 -8.52037756e-02
  -4.76265419e-02  8.85264252e-02  4.25423799e-02 -3.52776673e-02
   6.46826955e-02 -1.01970672e-01 -4.58842835e-02  1.93851240e-03
   1.01762165e-01 -1.29790988e-02 -2.55761286e-02 -7.79068689e-02
  -9.36083111e-02  1.64641977e-02  1.08306700e-01  1.03927023e-01
   1.21964429e-02 -9.67562184e-02  9.30652539e-02  5.81185280e-02
  -2.29695177e-02  1.83528891e-02 -9.74614385e-02  2.63687535e-03
  -3.14576110e-04 -1.10337628e-01  6.26345535e-02  1.54132100e-02
   7.28680878e-02  4.71558929e-02  4.79149269e-02  2.41571971e-02
   2.51306323e-02 -6.83549286e-02  2.52740513e-02 -2.84947688e-02
  -1.01980163e-01 -5.15893087e-02  5.90386404e-02  2.72691450e-03
  -7.18248057e-02  5.53321608e-03 -4.68088134e-02 -5.48552540e-03
  -3.97700732e-02 -7.43828272e-02  5.95920313e-02 -7.87423514e-03
  -9.00159878e-02  7.61407992e-02  5.24544853e-02  1.50346214e-02
  -4.16315829e-02  7.82018660e-03 -8.13169304e-02  4.93598973e-02
   1.39258161e-02  8.59619605e-02  2.59659709e-02  6.53436518e-02
   6.48500067e-02 -6.05042530e-02  3.10970958e-02  1.93778550e-02
   2.33268175e-02  4.65888335e-02  1.68054671e-02  1.65363975e-02
   3.28427554e-02 -7.22882408e-02 -5.17634331e-02 -4.12254873e-03
  -7.69326470e-02  1.70444579e-02  2.83510366e-02 -1.68551721e-03
   5.95329996e-03  6.90809843e-02 -7.29437290e-02  4.07028743e-02
  -2.91192402e-02 -1.71253884e-02 -8.18667479e-02 -5.86665239e-02
   7.46546134e-02  5.44094084e-02  1.10214774e-01  5.33631411e-02
  -4.00870022e-03 -7.84613936e-02 -1.05225198e-01 -3.08636754e-02
  -4.96459418e-02  6.46267030e-02  1.90667024e-02  2.83196710e-02
   1.90196074e-02  8.52658492e-02 -7.22583090e-02  8.89621173e-02
  -3.37928057e-02 -8.60054511e-02  4.47871194e-02 -8.37236093e-02
  -8.78973069e-02  5.16423830e-02  1.04563576e-02 -7.59184997e-02
  -9.61079365e-02 -1.06658051e-02  2.18601207e-02 -7.70085382e-02
  -1.03312205e-01 -8.11656003e-02 -1.33784820e-02  7.06729862e-02
   3.03675252e-02  7.85598838e-02  6.48115875e-02  4.45463810e-02
   8.88105518e-02  6.71381427e-02 -1.41619299e-03 -3.86244747e-02
   1.57978109e-02  3.61810165e-02  4.65655836e-02 -2.15365700e-03
   9.13478856e-02  3.95003805e-02 -1.02590529e-02 -8.44867318e-02
   3.59839200e-02  4.21022594e-02  1.12696355e-01 -5.96134063e-02
   4.60190731e-02  7.16954755e-02 -3.68255872e-02  7.15581733e-02
   1.03251847e-01 -6.22144062e-03  4.92740860e-02  8.81259978e-02
  -4.01176795e-02  4.15305719e-02  1.09323886e-01 -9.98681950e-02
  -2.74439586e-02  4.01503333e-03 -1.07735401e-01  3.63407625e-02
   1.67393230e-02 -8.81477164e-02  5.97492630e-03 -6.81593200e-02
  -6.08208119e-02  1.05442842e-01 -5.67173860e-02  1.09062880e-01
   1.07697495e-01  5.65956950e-02  1.03255415e-01 -1.70095226e-02
  -1.68138562e-02 -8.22696379e-02 -7.82320791e-02  8.91975876e-02
  -3.24741707e-02 -4.44437955e-02  4.90467171e-02  4.12715650e-02
   9.77509778e-02 -6.44720017e-02  1.05188389e-01  8.67627824e-02
  -4.27995359e-02  9.01791258e-02  1.09569070e-02  2.19629252e-02
   7.65013039e-02 -3.83931180e-02  1.06527080e-01 -1.10760727e-01
   9.87070227e-02  4.20227447e-02  1.06174509e-01  1.05129113e-02
   8.47011391e-02 -1.03891466e-01 -1.17272820e-02 -7.59649369e-02
   1.08163581e-01  7.05416455e-02 -9.20781228e-02  1.66292312e-02
   3.73074243e-02 -1.60916377e-02  3.40050312e-02  5.12828957e-02
  -9.02147795e-03  5.11978212e-02 -2.50771247e-02  1.04514340e-01
   6.69840995e-02  6.24340744e-02  5.01111477e-02 -2.05577244e-02
  -8.20828083e-02  4.88555431e-02  8.74216231e-02  3.58774552e-02
   4.21603975e-02  1.04461835e-01  6.81550289e-02 -4.72741552e-02
  -4.33120284e-02  6.77717151e-02 -4.04224403e-02 -3.09340748e-02
   1.06175460e-01  4.33385523e-02 -5.91710508e-02 -1.00968273e-01
  -5.85774907e-02  7.33619062e-02 -7.95502944e-02  2.25031392e-02
   5.97577098e-03 -4.08781207e-02  9.96691344e-02  2.37772385e-03
   3.86794172e-02 -1.11604860e-01 -3.19088640e-02 -1.01778160e-01
   8.26103049e-02  2.51072116e-02 -4.90916608e-02 -1.50628879e-02
  -1.09688932e-01 -1.63289634e-02 -2.14453141e-02 -2.60849625e-02
   3.61997204e-02  1.59894180e-02]
 [-4.01782333e-02 -8.61923531e-03  9.13975928e-02  7.76564545e-02
   9.97186063e-04 -5.25931031e-02 -6.01707851e-03  4.17347652e-03
   4.28993217e-02  1.09241016e-01 -5.20513574e-02 -1.35391550e-02
   6.94862205e-02  2.50794969e-02 -7.30068525e-02  4.16852103e-02
  -7.02010262e-02  8.65465285e-02  1.14341237e-01  4.50774306e-03
  -1.03589795e-01 -2.17387291e-02  2.72931158e-03 -7.12397873e-02
   7.84738166e-02 -2.95400276e-02 -7.98834866e-02  1.00557092e-01
  -1.19358903e-02 -9.95195297e-02  6.53762603e-03  6.49626545e-02
   9.13924499e-02 -2.55901002e-02 -5.74541992e-02 -1.06056200e-01
   5.73869893e-02 -7.91401310e-02 -5.97000080e-02  5.21912251e-02
   8.60734797e-02  4.29878518e-02 -1.02409698e-01  9.66582193e-02
  -4.46271254e-02  2.50492154e-02  5.10578960e-02  7.83486212e-02
   1.14670436e-02  7.33076682e-02 -1.00999626e-01  1.15395209e-01
  -5.51912066e-02 -3.68316096e-02  2.84951671e-02  7.69639192e-02
  -6.36619307e-02  6.02607490e-03 -9.77244988e-02 -5.00917340e-02
  -3.09372168e-02  5.24091514e-02  1.93025065e-02 -8.99249009e-03
  -3.31025775e-02  9.45041351e-02 -2.14725972e-02 -5.26500770e-03
  -7.22809501e-02 -1.01325183e-01  4.81444089e-02  6.20534797e-03
  -8.37203771e-02  1.17338597e-02  9.28548818e-02 -7.13193977e-02
   3.22419830e-02 -9.04760770e-02 -6.45363474e-03  5.31081738e-02
   7.37495141e-02  2.20038719e-02 -3.41661841e-02 -8.17906503e-02
  -5.80808095e-02 -9.02861345e-02  4.80254422e-02 -7.15963495e-02
  -3.96699025e-02 -8.41560664e-02  1.20709029e-04  6.80841138e-02
   6.47180702e-02 -8.40317503e-02  8.26368199e-03  1.16916945e-01
  -3.59360788e-02 -4.61938567e-02 -7.77132575e-02  2.50622607e-02
   6.95336909e-03 -4.86861962e-02 -7.44918141e-02 -3.22885898e-02
  -8.73390443e-02  8.65022117e-02 -5.65665983e-02  9.28532456e-02
   1.05167833e-01  9.13044484e-03 -4.52193618e-02  6.01159242e-03
   2.89906165e-02  8.48639347e-02  8.04155184e-02 -1.82667666e-02
   1.00760920e-01  4.22157912e-02  2.33249178e-04  7.84894525e-02
   6.88216112e-02  3.16206845e-02 -8.82268608e-02 -9.82156350e-03
  -7.89650037e-02 -4.04011845e-03  2.77095702e-02 -1.40800077e-02
   1.86933534e-02  8.17648973e-03 -2.93472642e-02  9.56077550e-02
  -1.74268465e-02  7.44964868e-02  3.11984210e-02 -7.77335922e-02
   3.58935622e-02 -3.59716431e-02  5.71833558e-02 -2.51878235e-02
  -2.84455072e-02 -5.17901618e-02 -9.35906158e-02  2.14375962e-02
  -2.04319213e-03 -1.12706042e-02  1.02528107e-01  6.14086197e-02
  -5.61015965e-04  4.07357721e-02  1.09847328e-01 -9.88959138e-02
   7.74458395e-02 -2.24171616e-02 -3.01145308e-02  1.57217810e-02
  -3.64076661e-02 -5.90007360e-02 -4.64369962e-02  5.64478082e-02
  -1.09968424e-01 -1.99219591e-02  6.68943165e-02 -4.28629777e-02
   2.56898878e-02  6.26155964e-02  8.32533052e-02  7.36830953e-02
  -3.81120867e-02 -8.40084200e-02 -7.06445048e-02  7.81416018e-02
   2.58293413e-02  3.27639221e-02 -3.90357477e-02 -6.75794411e-02
  -1.12992025e-01  9.91767563e-02  1.43673759e-02 -2.89289329e-02
  -1.36743261e-02  1.04358734e-01 -8.80943375e-02 -3.67824843e-02
   2.40094099e-02 -5.10880234e-02 -6.24122728e-02  8.77066929e-02
  -9.94942259e-02  5.19185816e-02  9.95773600e-03 -2.66293595e-02
   1.27409572e-02 -9.76178195e-02  9.62280327e-02 -7.69092298e-02
   4.04860290e-02 -1.34679615e-03  1.74841598e-02  1.09744680e-01
   2.95012180e-02 -7.87628431e-02 -7.58687789e-02 -1.10996791e-01
  -9.73722919e-02 -1.01990981e-01  3.22058218e-02 -5.12924766e-02
  -8.70654100e-02  2.70605172e-02  7.18392146e-02  7.04037178e-02
  -4.45830170e-03 -1.02837878e-01 -7.43883498e-03 -3.20024825e-02
   6.27370588e-02  2.09560906e-02  2.82718013e-02  6.52316722e-02
  -1.09433283e-01 -4.73511529e-04  8.76078815e-02  1.86590761e-02
  -3.36767475e-02  1.01557976e-01 -4.42057660e-02 -5.39342412e-02
   7.61138105e-02 -7.59379464e-02  5.53947967e-02 -6.69672011e-03
  -5.46457010e-02 -8.48188357e-02 -9.85263196e-04  7.99239350e-02
  -2.00492737e-02 -3.10649853e-02 -1.06924948e-01 -4.16499065e-02
   5.27110082e-02  7.72225657e-02 -2.04780033e-02 -1.03464554e-01
   4.46478529e-02  1.11080963e-01 -2.57010385e-02  6.99255808e-02
   6.41147994e-02 -1.27792587e-02]
 [ 1.13534801e-01 -3.10119743e-02  5.66225968e-02  9.45279135e-02
   2.90452770e-02 -1.74180566e-02 -2.67136314e-02 -7.18157836e-02
  -6.09893200e-02 -4.75918618e-02 -2.88970660e-02  4.12480709e-02
  -5.87231892e-02  1.93942219e-02 -1.30963146e-02  1.17671360e-01
  -5.26840014e-02 -6.48419566e-02 -1.15243926e-01  1.00509753e-01
  -2.93834106e-02  5.57164572e-02  4.01002500e-02  1.61421375e-03
  -5.37075102e-02  1.01212031e-01  6.52813901e-02 -4.11214939e-02
   9.17722443e-02  1.05546912e-01 -8.74764055e-02 -8.16031104e-02
   1.12423233e-01  5.75081632e-02  6.71762402e-02  8.20152591e-02
  -5.37689276e-02 -1.19170192e-02 -4.26850026e-02  7.31857201e-02
   2.62685809e-02  7.77433525e-02  1.02244016e-01  9.11917246e-02
   5.20924999e-02  8.86143126e-02  4.06181291e-02 -6.34052183e-02
  -9.57022490e-02 -8.75679674e-02 -1.54910321e-02  3.16440391e-02
   2.22993200e-02  2.10623832e-02 -6.80078258e-02  5.58953339e-02
  -5.34830985e-03  4.54121993e-03 -6.51607496e-02 -2.70501730e-02
   8.19262697e-02  3.65547362e-02 -2.11407271e-02  6.64725012e-02
   4.07232957e-02 -6.39164182e-02  1.40463133e-02 -8.13312104e-02
  -3.04579995e-03 -7.82039650e-02 -6.04911286e-02  1.24790300e-02
  -3.36128300e-03  2.07141523e-02  3.30977239e-03 -4.72191304e-02
   2.35451005e-02 -1.01856270e-01 -5.47800786e-02  9.24286042e-02
   1.05221030e-01 -1.09352534e-01  6.35741682e-02  3.06061568e-02
   1.06981431e-01 -7.00226520e-02  8.32012875e-02  9.00414329e-02
  -9.06187950e-02  9.03402310e-02  6.44361450e-02  2.86486833e-02
  -6.82391534e-03  4.98506901e-02 -7.27786883e-02 -2.98714488e-02
  -4.76799017e-02 -9.79539139e-02  2.51850409e-02  5.60025390e-03
   3.50923697e-02 -8.54012151e-02 -6.24538265e-02  5.22473171e-02
   5.96945164e-02 -2.94532468e-02  7.21591359e-02 -3.29847050e-02
  -1.04957843e-01  2.23474046e-02  6.37344654e-02  6.21302161e-02
  -5.18326934e-02 -5.80105993e-02 -6.77949392e-02  9.71862950e-02
   6.52664885e-03  7.89730849e-02 -1.12391995e-01  4.01836855e-03
   4.23786019e-02  1.03944648e-01 -2.46680486e-02  4.18306860e-02
  -8.36024028e-02 -6.23175412e-02  1.08005304e-03 -1.06603880e-01
  -8.95781219e-04  6.37129027e-02 -6.27826458e-02  1.15156584e-01
   9.40503574e-03 -1.32486098e-02 -1.09536428e-01 -2.47324608e-02
   6.65222512e-02  5.51908527e-02  2.94749558e-02  6.84473950e-02
   7.92066075e-02 -5.75186736e-02 -1.30726789e-02  6.52886386e-03
  -6.45190740e-03 -4.03342718e-02 -1.04834800e-01  4.58546960e-02
  -5.25376165e-02  1.10714008e-01  4.76339475e-03  2.19460453e-02
  -2.44084399e-02 -5.22149928e-02  1.00521149e-02  7.06244689e-02
  -7.96788841e-02 -3.61975787e-02  9.21377267e-02  1.10238178e-01
  -4.82809939e-04 -4.25794427e-02 -1.38822091e-03  5.62765817e-02
   4.41069600e-02  6.26011670e-02  1.68163802e-02 -9.58296024e-04
  -6.98939178e-02 -7.53046011e-02 -8.58888474e-02  3.90811220e-02
   2.47222327e-02 -8.53934880e-02 -1.07340926e-02  4.70412154e-02
   2.24081045e-02 -5.30429591e-02  2.58871894e-02  5.28164657e-02
   1.01929969e-01  8.08506441e-02 -5.47716930e-02  8.46853125e-02
  -6.07190303e-02  7.03649832e-02 -1.98901940e-03  8.66362870e-03
  -7.58088912e-02 -2.45117272e-02 -4.50353516e-02  2.88936104e-02
   1.66155167e-03  3.20368617e-02 -2.86236067e-02  7.06693680e-02
  -5.05148019e-02  5.27348020e-02  6.36237284e-02 -6.24491010e-03
  -4.78615473e-02 -4.11973432e-02 -8.91145369e-02 -1.01426442e-01
   7.53242812e-02 -1.80871023e-02  2.71506473e-02 -1.45826187e-02
  -4.51909547e-02 -9.69818088e-03  2.35096206e-02 -6.83745455e-02
  -1.02060755e-01 -8.75789864e-02  2.76292365e-02  1.00078011e-01
   1.16139767e-01  8.90758581e-02 -9.26362763e-02 -2.04576701e-02
  -6.58359500e-02 -9.67597110e-02  8.24282359e-02 -1.02974713e-01
   4.04430605e-02 -9.56381951e-02 -8.46897191e-02 -6.39556154e-02
   8.20514754e-03  8.38408380e-02  9.05218727e-02  3.23367684e-02
  -2.53733163e-02  8.47470691e-02  8.69656594e-02  3.55622718e-02
  -9.05475222e-03  1.04581431e-01 -3.62886474e-03  2.28407246e-02
   5.96389174e-02 -8.79607364e-02  3.57365520e-02 -2.42991187e-03
   7.74845490e-02 -6.11795418e-02 -6.94127488e-02  1.91185735e-03
  -5.55998635e-02  1.18564501e-02]
 [ 2.38927127e-02 -9.04999869e-03 -5.28076574e-02 -6.97659438e-02
  -8.30254414e-02  9.41694354e-02  1.95192535e-02 -6.58337992e-02
  -3.57971454e-02  7.55827536e-02  1.02129502e-01  9.42486323e-02
  -9.87330327e-02 -2.66327741e-02 -9.13592894e-02  3.06177828e-02
  -9.46363793e-02  9.65203098e-02  2.50930769e-02 -8.32500571e-02
   7.10292680e-02  6.37469135e-02 -1.64759415e-02  9.50673340e-02
   6.16314423e-02 -4.11864026e-02  5.30461425e-02  2.56746934e-02
   8.12329905e-03 -8.08409648e-02  9.05641531e-02 -6.02755567e-02
  -4.35962723e-02 -3.56332062e-02  8.32199406e-02  9.47519906e-02
  -5.75251778e-02 -1.24063557e-03  3.73679689e-02  7.18258465e-02
   7.10953925e-03  4.82823713e-02  9.08333713e-02 -6.20612889e-02
  -8.62344134e-03  6.29918345e-02  4.72947736e-03  6.79616194e-02
  -5.97113288e-02  2.04025007e-02 -1.08067466e-01  1.12242933e-02
   4.80894174e-02  8.07124933e-02 -7.04925444e-02 -1.69261670e-02
  -8.36032139e-02 -1.05169010e-01 -1.02354322e-01 -3.04801923e-02
  -1.33263800e-02 -3.69907266e-02 -7.81836711e-02 -1.11757637e-01
   4.44342251e-02  3.25937861e-02  6.26491784e-02 -8.16654030e-02
   5.28908353e-02  6.60318834e-02  6.04162277e-02 -1.09104121e-01
  -8.19392002e-02  9.74635827e-02  5.02736686e-02  8.06607815e-02
   3.35044291e-02 -8.45339902e-02  1.01742759e-01  1.92900381e-02
  -5.15582047e-02 -4.03143729e-02 -3.61796754e-02  2.60984471e-02
   8.84182787e-02  5.76636300e-02  9.72206139e-02  5.77915940e-02
  -4.69050762e-02 -4.79515374e-02 -8.27392198e-02  5.40611564e-02
  -8.56805615e-02 -7.55523443e-02 -2.82747579e-02  3.12016410e-02
   1.34142474e-02 -6.22079704e-02 -3.87514360e-02 -7.12121682e-02
   7.10228301e-03 -3.38008650e-02 -6.86571195e-02  6.22779703e-02
   4.52382069e-02 -3.14564900e-02 -1.10871054e-02  3.98488191e-02
   9.38045772e-03 -3.92266362e-02  2.43234385e-02 -9.17955495e-02
  -7.21509499e-02  1.21960775e-01  3.53915219e-02  4.89014577e-02
  -4.60604587e-02  6.99163760e-02 -1.44607905e-02  1.00895537e-01
   5.84095656e-02 -3.59132647e-02  5.66451321e-02 -9.69871238e-02
   1.10438111e-01 -2.13140328e-04 -7.45552670e-02 -4.29512184e-02
   1.09902255e-01 -1.77761254e-02  7.46382237e-02  6.17905826e-02
  -6.69379807e-02  3.55400609e-02  1.07901193e-01 -1.52772336e-02
   1.17099576e-02 -5.15134839e-02  5.93928905e-02 -1.56295312e-02
  -7.91561838e-02 -5.42391924e-02  5.53359270e-02 -2.42319599e-02
   2.02141623e-02  5.92051576e-02 -5.79399602e-02 -8.82803903e-02
  -2.07690270e-02 -3.43742727e-02  5.20524689e-02  3.05412565e-02
   7.60037455e-02 -7.74123831e-02  5.44853710e-02 -6.85137308e-02
  -9.60320823e-02  7.81982881e-03  6.48610277e-02 -1.70095128e-02
   3.27715093e-02  1.09340645e-01 -1.04751062e-01 -4.04046534e-02
  -9.47986598e-02 -2.79596185e-02 -3.15258961e-02 -8.05736493e-02
   8.42323538e-02 -8.32790179e-02 -2.22997327e-02  7.70525834e-02
   3.58977865e-02  7.85392935e-02 -3.85375576e-02 -8.78779093e-02
  -9.72920343e-03  7.05774764e-02  1.91813074e-02 -2.44961762e-03
  -7.31515790e-02  1.00505455e-01 -6.98611530e-02  8.44695483e-02
   2.84970687e-02 -1.24843769e-02 -1.08057533e-01 -3.38608649e-02
   4.67583766e-02 -5.47070186e-02  1.03262754e-01  7.25645350e-02
  -4.29951074e-02 -2.24900939e-02 -9.01251381e-02  6.41583387e-02
  -2.18214394e-02  9.62450299e-02  4.75582205e-02 -7.97926355e-02
  -7.68956572e-02  8.10239779e-02  1.32646213e-02 -6.94394440e-02
  -7.46448928e-02  2.72722411e-02 -6.71495900e-02  2.87197647e-02
   8.62992348e-02  6.02967538e-02 -1.04075833e-02 -3.37750873e-02
  -6.65631277e-02 -3.54780079e-02  2.39414554e-02 -8.03078612e-03
  -7.39516414e-02 -3.41903007e-02  7.57162063e-05  7.66380833e-02
  -4.35377013e-02  4.72179200e-02  1.02210629e-01  7.82118164e-02
   4.81466939e-02 -2.94296655e-02 -6.11842040e-02  4.03516239e-02
   3.59138007e-02 -4.02899971e-02 -4.33980025e-02 -8.74419230e-02
  -5.94472759e-02  9.21258716e-02 -2.26863749e-02 -8.13721591e-02
  -5.68893086e-02 -1.36330384e-02 -2.34268544e-02 -1.07441559e-01
   4.82703127e-02 -2.63276570e-03  1.90850358e-02  9.10995526e-02
  -1.11789696e-01 -8.39470510e-02  7.75761141e-02  4.10271450e-02
  -1.09863386e-02 -6.32903881e-03]
 [ 3.64778736e-02  2.19134250e-02 -1.02607295e-01  7.09330077e-02
  -4.02389250e-02 -2.27835024e-02  5.13377561e-02 -9.54844138e-02
  -7.34815928e-02  4.83132280e-02  4.58840356e-02  1.08626199e-01
  -5.98346625e-02 -9.34986587e-02  5.36040076e-02 -6.91993108e-02
  -4.66126941e-02 -1.03157039e-01 -5.23819575e-02 -7.88421620e-02
  -2.45523353e-02  5.48865448e-02 -3.46282662e-02  9.94447082e-02
  -1.33356142e-02  2.68389322e-02 -7.95996606e-02 -1.63987302e-02
   1.14419481e-02 -6.94142404e-03  2.85161530e-02  3.90401404e-02
  -3.84515239e-02 -8.71502393e-02 -7.10788634e-02 -9.97994445e-02
  -1.32512620e-02  9.19900633e-02  9.27986293e-02  1.06447391e-01
   1.13733538e-03 -7.34765512e-02 -2.55370176e-02 -1.01275903e-01
  -4.59444702e-02 -5.92212449e-02  2.38408260e-02  2.51461351e-02
  -3.87537839e-02  2.31193389e-03  5.97769494e-02 -2.47168826e-02
  -4.67368691e-03 -9.14013056e-02 -8.14905209e-02  4.31240815e-02
   8.23476596e-03 -3.48283067e-02 -6.57010723e-02 -4.49906612e-03
  -5.34575312e-02  8.89792459e-02 -1.56803522e-02  9.26920520e-02
   5.77497025e-02 -7.90376519e-02 -7.67443807e-02  2.03377739e-02
   5.31097765e-02 -5.23786798e-02  6.02329417e-02 -7.97320223e-02
   6.07282145e-02 -7.73156159e-02  4.89535846e-02  5.72887894e-03
   8.40972308e-02  3.46156212e-03 -7.75977249e-02 -6.20511157e-02
  -4.47297824e-02  4.88310173e-02  7.53442894e-02 -1.83092240e-03
   9.49293886e-02 -4.69490123e-02 -3.36173330e-02  5.10726695e-02
   3.42516383e-02 -1.08030030e-02  2.72228232e-02 -1.08795721e-01
   8.24614968e-02  2.23624478e-02 -7.62543935e-02  1.27128811e-01
   7.76754992e-02  4.47117233e-03  7.41415604e-02  3.78325959e-02
   6.76829470e-02 -5.45852499e-02 -8.86026232e-02 -9.67716657e-03
  -6.79689307e-02 -9.72470360e-02  4.24782109e-02  9.87651703e-02
  -7.05851980e-02  2.18310224e-02  7.72174870e-02 -1.11034012e-01
   4.18593016e-02 -1.56827774e-02  1.95068841e-02  3.62424946e-02
  -2.73029803e-02  2.33052019e-02 -4.88304734e-02 -1.95986620e-02
   1.06869165e-01 -1.16859076e-01 -1.00908511e-01  9.90237485e-02
   4.24667350e-02  3.64170103e-02  8.85230572e-02  3.19693771e-02
  -8.93741975e-02  6.90178682e-02 -2.88811642e-02  1.03273895e-01
  -7.76943625e-02  4.57982894e-02  2.11715928e-02  6.78534377e-02
   1.00275931e-01 -1.62993462e-02 -8.84641165e-02 -1.17493870e-02
   4.42017615e-02  8.69367235e-02 -2.11331595e-02 -4.33736738e-02
   1.11132092e-01  8.88723035e-04  3.86606907e-02  3.87370260e-02
  -2.54432677e-02  3.28485444e-02 -6.65257498e-02 -3.11508923e-02
  -4.75464638e-02  4.72769276e-02  2.40353242e-02  5.85502370e-02
   1.00505719e-01 -3.67676446e-02  1.12412953e-01 -5.73233645e-04
   8.72065024e-02 -2.63059660e-02  5.32694913e-02  3.19934562e-02
  -2.60817708e-02 -1.00518748e-02 -5.05394064e-02  4.88199244e-02
  -3.32374573e-02 -8.07458408e-02 -2.66393157e-02 -4.35373672e-02
  -1.02559543e-01 -8.57880662e-02  7.89253500e-02 -1.17680322e-01
  -9.26142719e-02 -2.15257210e-02  3.08827240e-02 -9.50469780e-02
  -5.20425955e-02 -4.71193372e-02  8.00737336e-03  9.59468920e-02
   4.17103462e-02  3.49746560e-02  1.54829592e-02  7.82755482e-02
  -6.41548983e-02  7.34994476e-02 -9.50314510e-02  9.02511865e-02
  -1.73317836e-02 -9.08371202e-02  8.46577146e-02 -7.02124657e-02
  -9.65032072e-03  6.21920026e-02  7.86059467e-02 -6.32111338e-03
  -1.11546124e-01  8.06935310e-02  7.17838114e-02  2.87004236e-02
   6.97576163e-02  4.48497413e-02 -1.02006971e-01  1.18508513e-02
   1.01831248e-01  1.62024908e-02 -7.59666344e-02  9.38289133e-02
  -5.19335513e-02  7.52432812e-02  7.08111222e-02 -4.96651743e-02
   4.81742720e-02 -7.97743152e-03  3.44917204e-02  9.06363258e-02
   2.82355236e-02 -3.71101053e-02  9.70069365e-02 -7.21682625e-02
   7.64859817e-02  9.73265300e-02 -5.32490255e-03  8.51384813e-02
   3.34130615e-02 -2.82915560e-02  9.91352543e-03  2.63059630e-02
   3.99654839e-03 -1.07796029e-01 -7.47161136e-02  7.48659516e-02
   4.18737122e-02  4.51549192e-02 -4.26940009e-03 -7.57214615e-02
   1.67080829e-02  1.11430794e-02 -9.14206823e-02 -1.58177800e-02
  -8.08805482e-02  3.16694532e-02 -6.12081668e-02  2.46260006e-02
  -2.97415041e-03 -7.97689870e-02]
 [ 1.06754588e-01  6.10626956e-02  3.34590543e-02 -4.85245267e-02
  -1.03909612e-01  1.02286298e-01 -4.73888239e-02  2.02013864e-02
  -8.40531481e-02 -9.68326654e-02 -4.91758893e-02  1.06321256e-01
   3.27230177e-03 -3.11502223e-02 -1.04301019e-01  2.64692345e-02
   8.71632062e-03  1.33379667e-02 -2.61169264e-02 -3.61597847e-02
  -9.12196834e-02 -9.83053839e-02 -3.90970583e-02 -9.09732401e-03
  -7.28449553e-02 -4.28595480e-02  9.18458833e-02  3.43459154e-02
  -3.59963146e-02 -2.27284916e-02 -1.60128489e-02  1.11765073e-01
  -4.68691937e-03 -2.03563846e-02  3.53865449e-02 -5.61161864e-02
   5.42055173e-02  8.75073077e-02 -6.33227828e-02  2.28133409e-02
  -5.33726341e-02 -5.35245652e-02 -1.13561987e-01  8.58544200e-02
   4.39182941e-02 -4.92871332e-02 -9.48256264e-02 -9.14004574e-02
  -3.03083904e-02  8.94401995e-02  1.07951245e-01 -5.59137892e-02
  -8.65814991e-03 -9.48927584e-02 -1.21020341e-01  1.02279742e-01
  -3.52360574e-02 -7.80529727e-02  5.16853014e-02 -9.66628838e-02
   7.68901772e-02  7.27595458e-03  9.47818590e-02 -3.43881824e-02
  -1.06734283e-01 -5.28070947e-02  1.39650521e-02  4.31875175e-02
   4.95627873e-02  3.78235379e-02  1.53394513e-02  8.02016549e-02
  -1.08311650e-02  6.62225518e-02 -1.26278295e-02 -3.54280943e-02
   8.21989191e-02  9.23656529e-02  9.70627468e-02  7.74338120e-02
   4.36490620e-02  7.16893847e-02  8.33832511e-03 -1.09677769e-01
  -1.89801981e-02 -2.54461825e-02 -1.28173447e-02  7.87596824e-02
   8.68315222e-02 -1.04025455e-01  3.34097734e-02 -3.62299007e-02
   2.63473015e-02 -2.91145317e-02  3.06726922e-02  1.62489386e-02
   4.25007795e-02 -3.70780934e-02  1.12309359e-01 -1.31060850e-02
  -3.29425764e-02 -1.02042090e-01  9.92107314e-02  8.30270332e-02
   1.04179329e-01 -7.41288668e-02 -8.61657356e-02 -8.60037148e-02
   9.83933964e-02  1.02599159e-01 -2.57710796e-02 -8.28234168e-05
  -5.37967525e-02 -8.52595433e-02 -3.46973966e-02  1.64196650e-02
  -4.96034924e-02  1.08933263e-01  7.89487311e-02 -1.36574918e-02
  -7.27497442e-02  6.90944861e-02 -1.03961062e-01 -8.46976811e-02
   6.14540546e-02 -8.28293612e-02 -5.60240212e-02  6.35543613e-02
  -7.17396599e-02 -7.69466550e-02  3.08143614e-04  3.65467332e-02
   3.38651158e-02 -2.79777442e-02 -6.22659976e-02  4.73396234e-02
   7.12964351e-02  3.23208386e-03 -4.22519462e-02 -4.72173142e-02
   3.19180445e-02 -7.27245192e-02 -1.41085505e-02  7.90541909e-02
   3.06289879e-03 -3.90762256e-02 -3.00757195e-03  1.00469512e-01
   4.82900446e-02  4.96854831e-03  8.06999464e-02  9.29469294e-02
   1.08134684e-01 -5.20259883e-02  9.13285003e-02 -6.27212517e-03
  -5.08457386e-02 -2.59034921e-02  2.32705672e-02  9.19282053e-02
  -3.31590310e-02  6.82562992e-02 -7.70253445e-02 -4.81406981e-02
  -6.06163837e-02 -6.32542798e-02  1.10440081e-01  6.35942462e-03
   9.15468487e-03 -1.97310267e-02  8.87205725e-02  9.08387481e-02
   3.69549319e-02  4.66385774e-02  1.19003063e-01  6.57434373e-02
  -3.19901524e-02  3.16670215e-02  1.01072300e-01  1.79013393e-02
   6.49489009e-02 -1.86172360e-02  6.10961674e-02 -1.98550551e-02
   6.64703140e-02 -4.00904627e-02 -6.93408370e-02  7.47921914e-02
   5.20406864e-02  2.61542279e-02 -8.57755820e-02 -5.16525345e-02
  -2.66600688e-02 -1.13279931e-01  5.36288833e-02 -4.92197394e-02
  -5.44410783e-02  7.36553377e-02  6.92867698e-03  4.46685783e-02
   1.51669513e-02  3.72440618e-02 -2.43991929e-02  1.06634436e-01
  -7.26105912e-03  8.72307537e-02 -2.97409658e-02 -3.89379114e-02
   9.93437261e-02 -7.83647241e-02 -2.13112916e-02 -4.99181350e-02
  -3.78298153e-02 -9.39180433e-02 -7.09270547e-02 -2.21574605e-02
   4.36096164e-02  2.54961445e-02  7.61579489e-02  4.45797133e-03
  -3.59494857e-03 -8.24413858e-02  2.14880000e-03  3.19082774e-02
  -8.18636215e-02  1.58305873e-02 -4.26411239e-02  2.50336618e-04
   4.86499016e-02 -3.15475310e-03 -1.03033759e-01 -7.39986563e-03
   6.86177770e-02  3.81905771e-02  8.91221174e-02 -6.67895144e-03
   1.67718038e-02  2.05189088e-03 -6.33047452e-02 -1.18918525e-01
  -5.66285173e-02 -8.51890721e-02  9.68524704e-03  3.41373283e-02
   6.81899454e-03 -2.92336620e-02 -2.16210190e-02 -3.08772616e-02
  -5.81153701e-02 -8.25384012e-02]
 [-1.21427361e-01  3.31889058e-02 -6.87547761e-02 -1.10767627e-01
  -6.86051577e-02  8.33344461e-02 -1.02143712e-01 -4.34433826e-02
   7.91068712e-02  6.60859663e-02 -9.16602723e-02  8.01340518e-02
   2.43998160e-04 -8.40457976e-02  5.89397351e-02  1.53591090e-02
  -5.01315854e-03  1.11907104e-02  6.76751629e-02 -5.71673987e-02
  -7.56377172e-02 -1.35973362e-02  5.45682844e-02 -1.01884889e-01
  -3.21912921e-03  5.56812614e-02 -2.12291855e-02 -5.41245205e-02
  -3.30357094e-02 -4.67227097e-02 -1.00683136e-01 -4.20281710e-03
   6.34262643e-02  4.60724651e-02  4.07972871e-02  2.38966922e-02
  -1.09863157e-01  7.78205538e-02  2.49798677e-02  6.27021927e-02
   1.04261977e-02  3.92835962e-02  1.33732978e-02 -1.01298766e-01
  -7.46919227e-02  7.26512085e-03 -5.55388201e-02  5.58546901e-02
  -2.85701595e-02  5.71926717e-02  1.06717518e-01  3.65368419e-02
   4.77830302e-02  3.34708223e-02  4.23642065e-02 -6.45204376e-02
   1.05281696e-01 -5.57852410e-02  3.36194838e-02  1.61116506e-02
  -7.97187561e-02 -1.00224826e-01  7.28135232e-02  6.88420099e-03
  -2.87708314e-02 -5.87562333e-02  2.39016971e-02 -4.06534309e-02
   8.29089804e-02 -9.77180410e-02  3.01180426e-02  5.40673657e-02
  -4.33477757e-02 -4.72470749e-02 -8.36978815e-02 -2.25549637e-02
  -1.62396244e-02  8.40449633e-03  9.89798873e-02  2.23047902e-02
   4.22618987e-02 -4.56400813e-02 -3.93349558e-02  4.16685640e-02
  -8.70530006e-02 -5.45340370e-02 -4.67641813e-02  1.00725536e-01
  -4.24884661e-02  4.13951799e-03 -5.21440867e-02 -1.33812521e-02
   8.74568863e-02  4.02575421e-03 -5.69751383e-02  3.10310327e-02
  -2.68659229e-02  5.94397386e-02 -4.17323325e-02 -1.32409946e-01
  -8.55444240e-02 -3.07601212e-02  9.55125804e-02  2.60443121e-02
  -4.54561451e-02  4.62507324e-02  8.82852158e-02 -4.39708705e-02
  -2.57328154e-02  9.12305732e-02 -6.98328053e-02  1.13514876e-02
  -4.69426386e-02  3.44710439e-02  8.13133345e-03  1.06545186e-01
  -4.57281895e-02 -6.15650558e-02 -4.98868428e-02 -1.67362046e-02
   5.74934621e-02 -2.74390669e-02  1.36863078e-02 -2.82745300e-02
   4.62191576e-02 -7.52974869e-02 -5.52280444e-02 -1.25363054e-02
  -9.27402254e-03  5.19961328e-02  6.54620493e-02  9.04094874e-02
   7.56986934e-02 -7.33019010e-02  1.00454571e-01 -9.31352020e-02
  -9.09554038e-02 -1.08197925e-01  5.74864463e-02  8.89744225e-03
  -6.79460627e-02  7.36066677e-03  1.74988090e-02  5.43099930e-02
   8.00343773e-02 -2.46156900e-02 -7.18831448e-02  5.20429500e-02
   4.12792626e-02 -1.22119934e-02 -2.69744935e-02 -3.87240893e-02
  -9.44653049e-02 -2.59867433e-03 -3.83602041e-02 -9.68339517e-02
  -4.13373688e-02 -2.38125343e-02 -8.75076157e-02  5.83340871e-02
   1.12362516e-01 -1.09830892e-01  8.17863397e-02 -6.13442227e-02
  -1.30448071e-01  9.19796106e-02  6.59717574e-02  5.69528441e-02
   7.97327332e-02  2.77685632e-02 -6.47210805e-02  1.21664376e-02
  -3.68697387e-02 -2.76717939e-02  5.45325065e-02 -8.23910607e-02
  -9.38201205e-02  2.48797528e-03  5.25824923e-02 -5.30010258e-02
   4.75466896e-03  2.80871532e-02  7.65844059e-02  8.52691476e-02
  -7.63128652e-02 -9.75827427e-03  6.44430656e-02  4.18964600e-02
  -7.02826937e-03 -8.22076280e-02 -3.06032293e-02 -1.06872448e-01
   6.56895443e-02  3.65379269e-02  8.05690476e-02  9.91043757e-02
  -7.47601411e-02  2.68080940e-02  1.22072154e-03 -1.00524030e-01
   1.45685130e-02  3.71272929e-02 -1.48668965e-02 -9.25585818e-02
  -1.17029658e-01  6.94681281e-02 -4.22763295e-02  6.21793466e-02
  -7.78652970e-02 -3.64087210e-02  4.89138369e-02 -4.29021269e-02
  -5.05929593e-02 -2.78094052e-03  8.39851376e-02  5.71908816e-02
   8.01326414e-02  2.87728524e-02 -3.48391617e-02  2.97837020e-02
  -6.01472493e-02 -3.08009188e-02 -6.48952371e-02 -3.49247470e-02
   9.07290319e-02  7.30857997e-02  8.78024341e-02 -3.18524669e-04
  -1.07492639e-01  4.81872544e-02 -1.22586401e-01  1.06791921e-02
  -2.49746209e-02 -6.55686047e-02 -4.80203305e-02  1.10118103e-01
  -3.36396786e-02 -3.74690304e-02 -5.36873799e-02  5.19296300e-02
  -1.10520138e-01 -1.00233779e-01  5.03784511e-02 -7.52429947e-02
   8.99655624e-02  5.49951071e-02  6.80752190e-02 -5.90039085e-02
  -1.78272085e-02 -1.12470045e-01]
 [-5.59957732e-02 -5.70593604e-02 -1.00578629e-02  7.01549668e-02
  -2.34601643e-03 -3.23443928e-02  6.52883630e-02  6.79755858e-02
   1.42639392e-02 -4.16690358e-02  1.73279890e-03 -6.89366278e-02
  -4.13671525e-02  2.67624308e-02  2.69401571e-02 -6.89013352e-02
   1.16800827e-03 -1.11779225e-01  2.15301764e-02  7.31517562e-02
  -7.34587158e-02 -1.06193005e-01 -5.72664111e-02 -4.70984809e-02
   2.50414665e-02 -8.59681001e-02 -5.33085265e-02  6.63882398e-02
   5.95621389e-02  1.89021682e-02  1.86427188e-02  4.93839395e-02
  -4.71957404e-02 -8.57596045e-02  2.63375738e-02  9.33875959e-02
   6.47306023e-02  5.98655652e-02 -3.92721860e-02 -9.13196158e-02
  -4.06454211e-02  1.03278396e-01  9.42018870e-02  7.08409725e-02
   7.06506281e-02 -7.35646915e-02  6.14493263e-02 -2.36309713e-02
  -6.59262342e-02 -4.71732934e-02  4.85721418e-02 -6.83128350e-02
   2.11803759e-02 -2.58496240e-02 -1.84416490e-02  7.47493814e-02
   7.97851055e-02 -4.43057103e-02 -7.98993012e-02  6.49191696e-02
  -2.04164164e-02  3.68700258e-02 -6.73843665e-02 -5.02817319e-02
   7.81692513e-02 -7.61311154e-02  2.16814380e-02  7.78796535e-02
   2.96108861e-02  7.54946656e-02 -6.98765297e-02  8.78768416e-02
  -7.58531423e-04 -3.66984667e-02 -1.88915636e-03 -1.87472012e-03
   6.45485164e-02 -1.31282253e-02 -6.70498482e-02  1.16992339e-02
   8.88994026e-02  4.80297812e-02 -1.01039681e-01 -3.79737657e-03
   5.36691103e-03  2.25717492e-03  8.00221777e-02 -6.23160780e-02
  -5.66343177e-02  5.53529581e-02  6.51351514e-02  7.94777738e-02
  -1.39335984e-02  3.91216654e-02  6.82826484e-02  4.23403257e-02
  -1.69617343e-02  9.06621500e-02 -8.43655643e-02  1.76384713e-02
   6.09201659e-02  2.81571126e-02  3.98037305e-02 -8.68783563e-02
  -7.54004974e-02  8.17595357e-03 -1.58075259e-02 -8.86263398e-02
  -4.31670786e-02 -8.97213310e-02 -8.47207688e-02 -9.72134044e-02
  -1.51733271e-02 -6.27263790e-02 -9.30785565e-02 -3.22940834e-02
   8.48006893e-02  7.39725042e-02 -8.48124375e-02  7.45647706e-02
  -7.64853397e-02  7.11271702e-02 -9.56316043e-02 -4.24863674e-02
   2.48431169e-02 -9.40259494e-02 -1.21100496e-01  3.23384501e-02
   7.52631773e-02 -5.97204632e-03 -7.66319001e-02 -1.53025699e-02
  -4.97099318e-02  4.24011586e-02  6.64830698e-02 -9.69984619e-02
  -1.92247986e-02  2.55490258e-02 -6.15296585e-02  4.28002323e-02
   4.80118988e-02  5.19298090e-02 -1.54859487e-02  4.15625411e-02
   3.66770826e-02 -9.73247678e-03  6.51386813e-02 -5.31985850e-02
  -4.65583295e-02  2.35080534e-02  4.99609995e-02 -2.39940504e-02
  -1.64244741e-03 -1.04546663e-01  2.70430509e-02  4.31165425e-02
   9.62027492e-02  9.94843096e-02 -9.74714166e-02  1.84219828e-02
   8.02680984e-02 -4.00460935e-02 -7.80817682e-03 -4.25603250e-02
  -1.17092307e-01  6.34694956e-03 -1.25608848e-01  1.19123078e-01
  -8.35459006e-02  1.76553752e-02 -9.89746172e-02  3.50233110e-02
   2.21866650e-02 -1.73688263e-02 -9.71006816e-02  5.82001957e-02
   6.78810578e-02  7.15683704e-02 -8.97367912e-02 -5.52438793e-02
  -7.14897708e-02  8.67759349e-02  7.01071806e-02  2.44618892e-02
  -9.68211456e-02  8.16213513e-02  7.72078815e-03 -7.57437921e-02
  -7.31332466e-02  7.50409146e-02  1.04006615e-01 -8.08001625e-02
   3.56023481e-02  1.99231499e-02  7.20894337e-02  9.81967997e-02
  -9.97365421e-02  8.15390162e-02 -4.22898360e-02 -3.47686429e-02
  -7.02300364e-02  5.74229661e-02  6.65210653e-02  2.17460968e-02
  -1.18370471e-01  1.10974061e-01 -3.01557196e-02 -6.63478870e-02
   8.07515872e-02 -2.23702986e-02 -7.03679506e-02 -5.12655875e-02
  -8.85664196e-02 -8.17890237e-02 -2.94717056e-02 -8.56150610e-03
   6.19981315e-02 -9.69572308e-02  7.36440991e-02 -3.69516763e-02
   3.93389003e-03 -4.00320393e-02  5.82222197e-02 -3.90859042e-02
   2.53459525e-02  8.10285265e-02 -7.82500373e-02  8.74931424e-02
  -2.16439723e-02 -1.16234828e-02 -1.19847972e-01 -8.85248581e-02
   2.60985605e-02 -9.52126551e-02 -4.95320872e-02  9.64238710e-03
   3.67597128e-02  1.90067993e-02 -5.89277102e-02 -5.79576194e-02
  -1.50411151e-02  2.47787138e-02  1.09378713e-01  8.02649354e-02
  -3.84263884e-02  8.40063517e-02 -2.32098759e-02 -5.74412245e-02
  -5.58788169e-02  6.06714154e-02]
 [ 5.76515170e-02 -4.61407491e-02 -8.49945744e-02 -2.01121481e-02
   1.04050569e-01 -3.64169036e-02 -2.99914540e-02 -5.20714703e-02
   9.12426328e-02 -2.81461629e-02  5.41890457e-02 -6.12202930e-02
  -4.28730635e-02  8.14845944e-03  7.39116610e-02 -4.65518413e-02
   4.69332271e-02 -1.20354741e-02  7.65401941e-02 -4.32194980e-02
  -7.09638433e-02 -3.04604911e-02 -1.15612543e-01  1.13705893e-01
  -6.46172653e-02 -4.24450672e-02  6.79488315e-02  8.50339158e-02
   3.57868030e-02  1.14576852e-02 -1.98889629e-03  4.44936342e-02
   8.79301240e-02 -3.74782161e-02 -1.93229283e-02 -7.92372824e-02
  -7.00821512e-02  9.27412432e-03 -2.43671210e-02 -8.63947326e-02
  -7.37765023e-02 -2.59132484e-02 -5.88102166e-02  5.24699003e-02
  -9.29439542e-02 -1.01398699e-01 -2.96429791e-02 -5.33313682e-02
  -5.70833984e-03  5.68396032e-02  4.67589217e-02  2.47994662e-02
   1.61834648e-02 -4.17388371e-02 -4.75720608e-02 -6.90932733e-02
   8.78369605e-02 -1.01596661e-01 -1.92486507e-02 -7.36035724e-02
   9.58083080e-02  7.62266887e-02  1.10183385e-02  2.22139115e-02
   7.36106132e-02 -4.92026391e-02  4.00280239e-04 -1.13468329e-01
  -6.61400589e-02 -6.10823609e-02  6.96570864e-02 -9.62124622e-02
  -3.79325896e-02 -7.96691234e-02 -6.25173579e-02  1.91786536e-03
  -9.08292024e-02 -1.75069935e-03  1.85163827e-02 -8.90473610e-02
  -9.63845587e-02  5.77219294e-02 -3.33140398e-02  4.61116208e-02
   1.78278165e-02 -9.21396817e-02  4.97940557e-02  4.13626429e-02
  -1.32978179e-03  3.72164933e-02  2.82622196e-02  1.97772577e-02
  -4.25736674e-02  7.48751431e-02 -7.49738187e-02 -1.84968080e-02
   4.37461050e-02 -5.22987650e-02  9.52798453e-02 -7.75956554e-02
  -4.98640734e-02 -9.18497203e-02  8.77444280e-02 -7.94658887e-02
   5.83238559e-02 -4.05360809e-03  7.33874044e-02 -5.74027968e-02
  -1.45632744e-02  7.96540516e-02 -1.42211261e-02 -1.01947483e-01
   5.88739156e-02  1.04414493e-01 -4.40127211e-02  6.36379246e-02
   1.09231650e-01 -2.67514266e-03  4.90799779e-02 -4.92980394e-03
  -4.45186894e-02  9.82016057e-02  1.02546177e-01  2.91874385e-02
  -1.17894251e-01  7.80149958e-03 -9.32553474e-03 -2.06377017e-02
   4.56259276e-02  4.12830636e-03 -3.59994656e-02 -2.86817280e-03
  -8.05486090e-03  1.03287410e-02 -5.23246855e-02 -7.76439039e-02
   1.56040001e-02 -2.56956311e-02 -1.03765458e-02  1.09436832e-01
  -9.12060179e-02 -2.87120328e-02  4.13675778e-02 -2.84458342e-02
   6.55132934e-02  9.84099067e-03  2.59146590e-02  3.33912623e-02
   1.03385714e-01  2.75481058e-02 -8.64409002e-02  3.32282931e-02
  -2.59590141e-02 -9.77131790e-02 -6.16644834e-02  1.82594457e-02
   8.58776581e-02  6.65172248e-02 -8.78079582e-02 -6.88831763e-02
  -3.70031321e-02  5.13954587e-03 -3.05376495e-02  6.84152413e-02
  -8.15852490e-02 -5.29404727e-02  1.09185452e-02  1.70859373e-02
  -3.72864922e-02 -1.01679136e-01 -4.28923692e-02  4.02989475e-02
   4.93960056e-02  1.16870299e-01  7.32606514e-02 -1.05116529e-01
   1.40591357e-02 -7.96994737e-02 -3.93901948e-02 -5.47805238e-02
  -1.63456268e-02  7.17049798e-02 -1.20970251e-01 -1.20456897e-01
   7.52507823e-02  1.00496206e-01  1.08886123e-02  3.89075847e-02
   6.53691396e-02 -1.00501750e-01 -6.83498892e-02  8.11891956e-02
   1.69934581e-02  6.74505887e-02  4.21249260e-02  4.38044718e-02
   4.28491834e-02  7.77851917e-02 -8.26215652e-02  2.95752641e-03
   5.18082410e-02  7.04134095e-02 -7.53840602e-02 -9.21351419e-02
   6.23580512e-02 -9.79413537e-02 -1.05307009e-02 -9.08284845e-02
   7.72771584e-02  7.78025477e-02  9.40052626e-02  6.98203536e-02
   2.12466978e-02 -1.53157611e-02 -3.37084913e-02 -1.03175099e-01
   7.07494042e-02 -1.01193119e-01 -2.86581084e-02 -4.43386563e-02
  -1.05866444e-01  3.25823910e-02 -2.51785059e-02 -7.15230235e-02
  -1.03542507e-01  4.52135946e-02 -8.56202506e-02 -3.51635455e-02
   4.83055218e-02  8.29129771e-03 -6.40974198e-02  2.37400421e-02
   9.15474540e-02  1.20209462e-01  2.53885872e-02  7.12292331e-02
   6.60600239e-03 -8.13412840e-02  3.35592219e-02  6.91421004e-02
  -1.44524397e-02  6.68655619e-02  8.49804787e-02 -9.10674778e-03
  -9.78616450e-02 -4.27213603e-02  8.85864467e-02 -4.45944979e-02
   2.01375570e-02  4.92730495e-02]
 [ 5.31120701e-02 -1.00056355e-02  4.79718689e-02 -5.19270676e-04
  -7.93966432e-02 -8.01868909e-02  2.36005087e-02 -9.86153066e-02
  -1.52576943e-02 -1.12649233e-01 -5.33723543e-02  4.48017449e-02
   3.90965982e-02 -8.40717213e-02  9.99118055e-02  4.99860865e-02
   1.16513621e-01 -6.93481753e-02  4.87837303e-02  7.52037480e-02
   4.93110978e-02 -8.64452300e-02  3.69603734e-02 -4.29756340e-02
   7.43625081e-02 -6.03404891e-02 -1.61061511e-02  7.31077732e-02
  -1.07488460e-01 -4.37065640e-02 -1.01408966e-01  3.50133595e-02
  -9.27987921e-02  1.23220681e-01  1.09047551e-01  2.72991721e-02
   5.92714785e-02 -1.66355869e-02 -4.40582016e-02  1.19977492e-02
  -2.24013512e-02  9.56535511e-02 -9.19683552e-02  5.12373734e-02
  -7.64940573e-02  5.43115894e-03  6.24080797e-02 -1.10057357e-01
   3.84118419e-03 -5.84009332e-02 -8.35964257e-02  5.01763457e-02
   2.08862596e-02  6.62221890e-02 -5.71128209e-02 -9.91781921e-02
   8.58052739e-02  6.15585606e-02  1.05727044e-01  3.95354081e-02
  -9.93354227e-03  2.77088247e-02 -7.99338115e-02 -3.14452046e-02
   6.80822263e-03  5.82671504e-02 -8.12630922e-02 -1.10175923e-01
  -4.87894235e-02  8.01913377e-02  8.65750970e-03 -8.39315887e-02
  -1.04765102e-01 -9.75413149e-02  5.70668503e-02 -1.02456892e-02
  -4.63213933e-02  8.29335852e-02 -8.85455850e-02  6.91018814e-02
  -1.20199096e-03  3.28914291e-02  5.41687488e-02  1.88263454e-02
   5.02402640e-02  5.94641317e-02 -5.52054316e-02  1.53631922e-02
  -6.42794311e-02 -7.90657109e-02  5.80030550e-02 -6.13788324e-02
   4.13562683e-02 -5.93312934e-02  2.86109184e-03  1.35641168e-02
  -2.98273551e-02  1.14016020e-01  3.92132563e-03  8.13655534e-02
  -7.07720927e-02  3.83708407e-02 -3.06062832e-02 -1.19826021e-02
   7.72264660e-03 -7.19620582e-02  1.01255855e-01  9.77557596e-03
   4.91771619e-03 -8.38757711e-02  5.06762305e-02 -5.14527348e-02
   8.71057615e-05  4.93541539e-02  6.49070701e-02  1.13493854e-01
   1.41123498e-02  4.11915622e-02 -7.13751818e-02  9.21922352e-02
  -4.55793267e-02 -8.50900429e-02 -4.62229086e-02 -5.93065853e-02
  -2.67820077e-02  5.95791728e-02 -1.70361919e-02 -1.74580469e-02
  -5.34184293e-02 -4.31215934e-02  2.94477520e-03  7.15745659e-02
   4.88856861e-02  4.84312587e-02 -1.52033126e-02  6.80335162e-02
   6.78593898e-02 -5.72882281e-02 -1.01473545e-01 -5.26077408e-02
  -5.53998404e-02 -1.17821381e-02  1.12726267e-03 -5.01987485e-02
   7.77570008e-02 -2.59193192e-02 -3.99485375e-02 -8.10970041e-02
  -2.15903421e-02  2.94253699e-02 -7.36732893e-02  8.79813468e-02
   3.68614690e-03 -3.62109601e-02 -3.48265262e-02 -7.47495991e-03
  -1.49588962e-02  6.85156394e-04 -1.15657906e-01 -5.96389707e-02
  -1.10150497e-01 -8.28543276e-02  2.65577976e-03 -8.14574331e-02
   1.71356334e-02  5.23215238e-02  2.56081974e-02  1.87942268e-02
   5.51232676e-02 -3.14881363e-02  4.43149521e-02  6.33856834e-02
  -5.25015356e-02 -1.81667850e-03  7.27662541e-02 -9.44904713e-02
  -4.79391320e-02  2.03700828e-02  4.80950683e-02 -3.09838804e-02
   4.06367603e-02  7.28697304e-02  2.25693255e-02  7.80054575e-02
  -6.41306526e-02  9.46484864e-02 -9.20148715e-02 -9.60396547e-02
  -3.39969087e-02  2.98252191e-02  8.60028947e-02 -1.27862898e-01
  -9.57192446e-02  1.13435866e-01 -1.08886339e-01 -3.99919900e-02
   3.56025935e-02 -4.94512551e-02  5.44010047e-03 -1.02766183e-01
   2.87464164e-02 -1.53731318e-02  5.20847652e-03  1.08555086e-01
   1.59004779e-02 -7.29765239e-02 -3.34817695e-02  6.53056058e-02
   3.00554443e-02  5.04202968e-02 -7.52270639e-02  3.89467138e-02
   9.66056101e-02 -9.69407795e-02  3.56811236e-02  3.30444088e-02
   9.82366709e-02 -1.06708124e-01  1.01485105e-01 -1.10550286e-01
  -4.14960651e-02 -6.15811464e-02  2.17950920e-02 -1.56126786e-02
  -5.81027079e-02  4.09803546e-02  1.01918835e-01 -1.66389426e-02
   6.91035655e-02  5.36108034e-02 -3.35376526e-02 -1.60108011e-04
  -9.25735973e-02  8.13028212e-02  9.59660773e-02  4.60545724e-02
   1.02938181e-01 -2.42510805e-02 -1.97194705e-02 -8.04115904e-02
  -3.40448539e-02 -4.11501037e-03 -5.34224375e-02 -4.29985979e-02
   1.08973340e-03 -1.04159976e-01 -5.14547687e-02  2.11139346e-02
   1.00516709e-02 -5.00817233e-02]
 [-6.44169253e-02 -8.16094544e-02 -8.31245069e-02 -6.37401931e-02
   1.25437252e-02  9.65192599e-02 -9.64905173e-02  5.27382142e-02
  -1.17447434e-01 -5.36279411e-03 -4.13728026e-02  9.40416506e-03
  -6.74940507e-02  1.16701869e-01 -2.73931004e-02 -5.42339243e-02
  -4.05278165e-02 -3.84880496e-02  6.18775444e-02 -4.90959610e-02
  -1.00776710e-02  7.75934189e-02  8.35143648e-02  4.59319324e-02
   7.02205650e-02 -1.16591735e-01  8.36557624e-02  9.78840730e-02
  -4.32304420e-02  7.17796136e-03  4.81413512e-02 -3.96715504e-02
  -8.14299025e-02  3.83074674e-02  2.08189072e-02 -5.44612720e-02
  -4.38187300e-02  9.69887521e-02 -4.14190209e-02  2.25918804e-02
  -5.14317936e-03  1.14509249e-01  6.33505194e-02 -4.87956614e-02
   1.64124811e-03 -3.48493098e-02  5.69020884e-02 -7.31325726e-02
  -5.41917350e-02 -5.44181569e-02 -3.68260559e-02  7.80063430e-02
   6.83891574e-02 -1.19853813e-01 -1.41898947e-04 -2.04376990e-02
   5.63639874e-03  9.35289993e-02 -7.55210875e-02  1.05426410e-01
  -3.97692841e-02 -2.49320558e-02  3.20255265e-02 -4.64969045e-02
   1.11062930e-01  6.41110118e-02  7.94221584e-02  2.87985193e-02
   2.40315223e-02  5.58898901e-02  1.30757675e-02  8.51774172e-02
   3.51493913e-03 -1.64294819e-02  4.47056719e-03 -6.91601736e-02
   1.21625800e-01  7.18344942e-04  2.01999414e-02 -7.12701420e-02
   3.74977348e-02 -1.91217841e-02  3.96743371e-02  4.55859071e-02
  -9.26826859e-02 -2.71337424e-02 -8.79774899e-02  7.56665367e-04
   4.71556486e-02 -2.84060943e-03  1.04460127e-01 -1.02462785e-01
   5.91791615e-02 -2.82432051e-02  2.09448285e-02  2.78540689e-02
  -1.06708600e-01 -4.06375064e-02  5.18126026e-02  1.03073347e-01
  -8.75705532e-02  5.80894626e-02  7.58706767e-02  3.48888251e-02
   1.02150640e-01 -7.39920624e-02 -4.59644684e-02 -6.50527777e-02
  -2.05142766e-02  8.27348465e-03 -4.46912771e-02 -4.87227849e-02
   9.03615523e-02  9.96138895e-03  4.84065261e-02 -5.33180080e-02
   7.73763580e-02 -6.65586415e-03  6.40369705e-03 -4.77918362e-02
   1.34409886e-02  4.41964974e-03  8.28185476e-02 -7.06761178e-03
   1.38097436e-02 -4.27328372e-02  6.13425235e-02  1.26754556e-02
   8.19983944e-02  6.30736672e-02 -6.16463498e-02  6.40461638e-02
  -2.37408326e-02  9.26056487e-03 -4.28089230e-02 -7.93149588e-02
   2.21050691e-02  6.33477134e-02  2.42479166e-02 -4.63080837e-02
  -1.98940796e-02 -9.85836373e-02 -1.96604598e-02 -8.84894308e-02
   1.13530025e-02 -5.45075756e-02  6.96934217e-02  5.80491604e-02
   3.62342652e-02 -4.75342212e-02  7.73978596e-02  2.75564688e-02
   6.01197272e-02  1.73837037e-02  1.02734985e-02  5.97646050e-02
  -7.41406062e-02  9.92026496e-02  5.72742157e-02 -3.61064740e-02
   1.08688895e-01  4.99223690e-02  6.72069504e-02 -7.22405601e-03
   6.59560830e-02  4.73469547e-02 -4.89047900e-02  6.90168478e-02
  -4.68724753e-03 -8.95225493e-02 -3.68418081e-02 -1.06516379e-01
  -6.18164355e-02  5.02812705e-02  9.79934791e-02 -1.68557653e-03
   1.04769855e-01 -6.38727313e-02  9.84667117e-02 -2.57846228e-02
  -9.86269386e-03 -1.53015279e-02  2.91435013e-02 -5.04441438e-02
   5.40938542e-02 -1.76840128e-02 -5.54625073e-02 -7.44966917e-02
   6.31218962e-03 -8.24840844e-02 -1.37947161e-02  1.14704829e-01
  -3.25925573e-02  1.03270854e-01  1.11144125e-01 -1.80521835e-02
   8.58762140e-03  5.19131378e-02 -9.59118814e-02  3.23784487e-02
   3.67534581e-02  2.91457666e-02  8.71489496e-03  7.92305125e-02
  -7.57661352e-02 -8.13221715e-02 -9.17531363e-02 -1.39994792e-02
  -6.03947734e-02  9.47461038e-02 -6.41218809e-02 -3.35921949e-02
   4.70324029e-02 -2.89778659e-02 -8.62677100e-02  5.51699213e-02
  -1.61356233e-02 -1.08807137e-01 -2.82822548e-02  8.42822440e-02
  -6.55031037e-02 -1.16847379e-01 -5.33959127e-02  7.75826904e-02
   9.99596007e-02 -5.97593134e-02  4.06197278e-02 -9.19890240e-02
  -6.10007465e-02 -5.97686503e-02  4.83318261e-02 -3.11993466e-02
  -1.11055371e-01 -6.39032410e-02  6.57296375e-02  1.17915999e-01
   5.97186597e-02  9.13869529e-02 -5.72434428e-02  5.94382811e-02
   6.38120581e-02 -3.57718363e-02 -1.05263460e-01 -5.96246697e-02
   9.21946321e-02 -8.74123663e-02  6.90729848e-02  4.74196448e-02
  -6.16006232e-02  7.12173004e-02]
 [-3.00703083e-03 -7.26768677e-02 -1.68857472e-02 -8.94857906e-02
  -3.84694582e-04 -2.07424947e-02  3.67152024e-02 -1.12355117e-01
  -3.89683569e-02  1.32373419e-01 -7.28981528e-02  8.52745936e-02
  -2.02900022e-02 -1.17697520e-02  3.08976845e-02 -4.96271987e-02
  -5.17870324e-02  4.79301199e-02  6.84553647e-02  8.30291345e-02
   8.71162025e-02  3.72399117e-02 -8.50402671e-03  1.49369856e-02
  -2.68053249e-03  1.02224611e-01 -1.38328671e-02 -2.80906394e-02
  -3.68381518e-02  8.98814998e-02  7.24139380e-02  1.10248243e-01
  -8.97476611e-02 -8.20456694e-02 -5.18901149e-02  9.12152274e-02
   7.04209281e-02 -9.39859866e-03 -6.12750802e-02 -3.83789995e-02
  -4.14254496e-02 -9.79706373e-02 -2.76396812e-02  1.82590696e-02
  -1.05234949e-01  7.19329442e-02 -3.80352061e-03 -8.40461978e-02
   7.26537748e-02 -9.15737867e-02 -1.00139048e-01  1.16942367e-01
   1.07968523e-02 -1.43926131e-02 -4.76780247e-02  2.45806066e-02
  -4.68036301e-02  7.25956090e-02 -5.16666235e-02 -2.90997239e-02
  -8.21495606e-02 -6.51549825e-02 -2.40222988e-02  2.24728044e-02
   3.17152743e-02 -5.38726380e-02 -6.50900624e-02 -8.92689124e-02
   2.13052373e-02 -3.77276878e-02  9.91109367e-03 -5.17412811e-02
   6.16501272e-02  6.57686650e-02 -2.01027375e-02  4.48640210e-02
  -8.50538984e-02  1.80523901e-03 -3.05070786e-03 -5.81972327e-02
  -3.81088083e-02 -2.13087147e-02  3.80439103e-02 -1.21972475e-01
  -8.51598247e-02  6.34752870e-02  8.00435572e-02  1.42071020e-02
  -1.58507136e-02  1.02622020e-02  1.03529427e-01  1.27093659e-01
   1.19442358e-02  7.90728966e-02 -2.13821670e-02  3.21266540e-02
  -5.46097107e-02 -1.13617937e-01  9.73554577e-03 -8.96072090e-02
  -2.46756506e-02  8.69808076e-02  4.68112742e-02 -7.45270463e-02
  -1.00156037e-01 -5.85009669e-02  7.22211249e-02  9.71883938e-03
  -2.51014917e-02 -4.24830857e-02 -1.03332114e-01  1.04980514e-01
  -3.31211508e-02  6.30990558e-02 -9.72078255e-02 -7.39011467e-02
  -1.90913891e-02  6.32398741e-02  6.71496101e-02 -2.91635105e-03
   3.68592653e-02 -3.01435125e-02 -8.08890222e-02  7.03297765e-02
  -6.53249495e-03 -6.76340517e-03 -6.72759976e-02  7.34768558e-02
  -2.69229862e-02  7.86224710e-02  2.51673822e-03 -3.98532910e-02
   2.47076566e-03 -9.79131550e-02  6.85558483e-02  5.50165547e-02
  -9.34290519e-02 -1.49200500e-03  4.10066897e-02  9.83252504e-03
  -1.15303546e-01 -6.33728329e-02  1.14062282e-02 -1.81425695e-02
   9.61583882e-02 -1.05119608e-01  6.07518049e-02  2.32102037e-02
  -5.62302029e-02 -6.27345496e-02  1.00965315e-01 -1.66247381e-02
  -6.86052286e-02 -6.06551243e-02 -4.27681556e-02 -7.80956204e-02
  -2.32254937e-02 -1.07585545e-01 -3.09284071e-03 -7.59296566e-02
   6.43574219e-02 -9.98290670e-03 -9.96675966e-04  3.33595249e-02
  -1.70408158e-02 -8.51302100e-03  2.91034494e-03 -2.90000060e-02
  -9.56870584e-02  7.34241272e-02  7.78102419e-02 -2.22871782e-02
   3.66562470e-02 -1.61356285e-02  4.25755624e-02  5.46258094e-02
  -5.19539987e-02 -2.78996914e-02 -5.34541929e-02 -8.49540223e-02
   1.30859853e-02 -4.21858681e-02  2.86225128e-02 -1.18133834e-01
   7.85027043e-02 -2.01232442e-02 -1.10759629e-01 -8.48703077e-02
  -3.60620904e-03 -2.85173538e-02  3.34244794e-03  8.24272964e-02
  -9.71062752e-03  6.13228616e-02 -4.13767793e-02  6.84494309e-02
   1.80477770e-02  1.12895064e-01  4.94318033e-02  4.10702577e-02
   1.16636408e-01  5.11631145e-02 -1.19903898e-02 -6.02610160e-02
   7.90112585e-02  6.16582025e-02 -2.72602475e-02 -9.67483820e-02
   4.25132628e-02 -4.06953787e-02 -8.45469158e-03  1.07015635e-01
  -2.31754630e-02 -6.57186005e-02 -1.05741451e-01  1.03663867e-01
   1.26002209e-01  3.63709615e-02  6.75045574e-02 -9.77308052e-02
   4.74935219e-02  1.89839012e-02  8.76968627e-03 -7.76530421e-02
  -1.26994798e-01 -2.49940662e-02  2.20722124e-02 -2.11450382e-02
  -9.89593922e-02  1.11452844e-02 -4.64581601e-02  4.76933221e-03
  -8.35625054e-02 -7.68964375e-02  5.61136065e-02 -4.18322960e-02
   5.60835976e-02  8.86585819e-02 -8.29657890e-02 -7.14108842e-02
   1.14209045e-02 -7.26612369e-02 -7.59738643e-02  6.37282561e-02
   5.78132363e-02  2.34347554e-02 -4.56730634e-02  8.09610485e-02
  -8.95119951e-02 -6.37627768e-02]]