[[ -2.72472478   2.74013787]
 [ 15.61559715 -15.60084981]
 [ -4.85920079   4.87245007]
 [ -8.18535803   8.1513323 ]
 [  5.91510044  -5.91233893]
 [-20.45937243  20.43415059]
 [ 14.291151   -14.29466194]
 [  8.41798195  -8.42726459]
 [ -1.43228394   1.43613913]
 [ 13.50419527 -13.46435571]
 [ 16.12582076 -16.10766784]
 [ -5.26649009   5.27967366]
 [  1.27833789  -1.24484137]
 [ -9.313461     9.3065469 ]
 [  5.6256213   -5.6250115 ]
 [ -3.33390187   3.33867868]
 [  7.67483244  -7.6580435 ]
 [-19.8266971   19.85929138]
 [ 35.26519548 -35.19870545]
 [ -3.44119511   3.45140093]
 [ -5.70547425   5.7120195 ]
 [ -0.79854495   0.78027534]
 [ -7.89010313   7.89770271]
 [  4.5261663   -4.53936436]
 [ 10.20080388 -10.20382856]
 [  7.27468186  -7.2623724 ]
 [-20.4445104   20.43701929]
 [-13.01557643  13.00773231]
 [ -6.87592111   6.84061122]
 [ -2.58961714   2.5969637 ]
 [ -2.24623466   2.25497286]
 [ -5.79306116   5.78106253]
 [-15.75470142  15.76104344]
 [  9.82919799  -9.81811134]
 [  2.46901154  -2.45733214]
 [-16.85878939  16.8898237 ]
 [-13.85725038  13.8758013 ]
 [-11.87653931  11.86371336]
 [  5.51656549  -5.52076867]
 [  6.91835157  -6.85066365]
 [-13.61717568  13.60768794]
 [ -1.44893712   1.45146343]
 [  1.03024134  -1.02882943]
 [ 12.68252809 -12.66333488]
 [  1.30478451  -1.30349625]
 [-16.64764826  16.66481277]
 [ 20.11939094 -20.10524348]
 [  1.01618649  -1.00891008]
 [  3.99515633  -3.9482706 ]
 [ -1.43360371   1.42848387]
 [  1.2731034   -1.25793881]
 [ -2.60933379   2.62267533]
 [-42.28216992  42.32245139]
 [ 14.68054807 -14.68017824]
 [ -3.92324648   3.93340217]
 [-51.0869831   51.08599215]
 [ 12.15213436 -12.07892725]
 [ 24.96782128 -24.95868953]
 [  2.14141438  -2.14571533]
 [ 18.52716487 -18.52155441]
 [-11.20335653  11.21293693]
 [ -8.06575894   8.08313904]
 [ -3.67854454   3.6689229 ]
 [ -3.32239696   3.31381554]
 [  1.25595929  -1.25899285]
 [ 12.52921796 -12.51043449]
 [-11.32231854  11.32870287]
 [-10.17926523  10.21419185]
 [-19.26390718  19.26187576]
 [ -6.03858328   6.05607871]
 [-14.42071864  14.39257153]
 [ 10.01140969 -10.00163429]
 [  7.69234131  -7.6979111 ]
 [-11.32105103  11.3160647 ]
 [ -0.33746803   0.32980742]
 [-20.33605102  20.36627674]
 [ -2.58381121   2.59443734]
 [ -1.38346453   1.39670255]
 [-10.60710545  10.631875  ]
 [ -5.05226645   5.03814164]
 [  6.72713475  -6.72928427]
 [  8.26083036  -8.28623087]
 [  6.33730849  -6.35463764]
 [ -4.95165231   4.91602108]
 [ -4.97943222   4.9541081 ]
 [ -1.90755524   1.90683007]
 [ -1.82964342   1.84083813]
 [  6.01664458  -6.02810741]
 [-15.50543722  15.49462623]
 [ 13.8860394  -13.84633461]
 [  5.22262652  -5.22235345]
 [ 24.21744942 -24.19359662]
 [ 12.21492564 -12.21368719]
 [-30.36901764  30.38478224]
 [ 19.49284721 -19.47748773]
 [  0.88141462  -0.85501571]
 [  6.71969243  -6.71505965]
 [-15.15224105  15.13497894]
 [ -0.83986101   0.82929155]
 [ -4.05332143   4.05247045]
 [ 19.89617524 -19.88200146]
 [  0.47971244  -0.47043875]
 [ 11.77321985 -11.77212205]
 [ -0.90204399   0.8980436 ]
 [ -3.75537463   3.77927347]
 [  7.555272    -7.55364344]
 [ 14.79604633 -14.79733886]
 [ -6.54662167   6.50860653]
 [ -1.68548723   1.71075886]
 [  3.99777861  -3.99204858]
 [ -6.48249612   6.49861695]
 [-17.33128451  17.33262364]
 [ 27.30741112 -27.29447318]
 [  2.56736242  -2.57178251]
 [ -0.24034597   0.27608862]
 [  8.89588255  -8.84441711]
 [ 20.62310618 -20.61305327]
 [ 12.12965269 -12.13284482]
 [-13.01197596  13.01853669]
 [  1.18389818  -1.20529008]
 [-18.44110787  18.45188318]
 [ 10.16775354 -10.13512375]
 [-11.45406776  11.49645548]
 [ -3.14378543   3.13709019]
 [ -2.94738414   2.92240213]
 [ -2.71559954   2.71408743]
 [ 23.24076007 -23.22123426]
 [ -9.46333584   9.45644002]
 [ 14.46804073 -14.48359573]
 [  3.97106249  -3.95904778]
 [ 12.27617924 -12.27329819]
 [ 10.14707816 -10.13864435]
 [-15.47413497  15.48184698]
 [ 30.85941886 -30.78319306]
 [ -1.30506964   1.30053518]
 [-10.14467247  10.18603396]
 [ -5.87540373   5.89594212]
 [-12.34558061  12.34370062]
 [  2.05657316  -2.03415483]
 [  6.33721286  -6.3281732 ]
 [ -8.16250594   8.16117374]
 [  3.075238    -3.05461517]
 [ -4.27809067   4.29230051]
 [ -6.92903814   6.92481832]
 [-12.9851632   13.00045336]
 [ -8.22962697   8.24485599]
 [-11.43258071  11.42638929]
 [-19.7072175   19.69621032]
 [-20.59107246  20.59918437]
 [ 18.71027313 -18.72940697]
 [  3.67840962  -3.67249185]
 [ 23.13138877 -23.1133058 ]
 [  1.82158717  -1.82193386]
 [  5.85170721  -5.85412923]
 [ -3.82327366   3.81911793]
 [ -0.44956329   0.46001997]
 [ 25.27391309 -25.26928257]
 [  8.92609109  -8.92516921]
 [  2.66554565  -2.67591359]
 [ -0.62401009   0.61535675]
 [  2.05454375  -2.05185253]
 [ -3.45273369   3.46311238]
 [  3.85060682  -3.86180875]
 [  1.99781065  -1.99045213]
 [-11.91455784  11.88739065]
 [-13.69323578  13.72047637]
 [ 13.80355057 -13.80186728]
 [  0.15779115  -0.14854108]
 [ -1.2603522    1.26508916]
 [  8.15335407  -8.13251486]
 [ -3.50579791   3.50328206]
 [ 10.71365849 -10.70251944]
 [ -8.42606121   8.42496189]
 [  2.71172128  -2.71508602]
 [-20.51849558  20.50582884]
 [ -6.19436088   6.19393761]
 [-18.77055363  18.81536442]
 [ -3.48704824   3.49254834]
 [ 17.23848073 -17.28151742]
 [  3.93054689  -3.92050881]
 [ -3.71047887   3.72876506]
 [-22.47989193  22.50636448]
 [-12.91383308  12.90950927]
 [  3.58358076  -3.58498017]
 [ -7.98715213   7.96291302]
 [  7.386536    -7.39964105]
 [ 25.01029141 -24.9635464 ]
 [ -5.64441679   5.63009965]
 [-14.92618674  14.94085298]
 [ -3.87336389   3.90220246]
 [-14.4680261   14.45743883]
 [  5.84408416  -5.7562976 ]
 [ 10.31167312 -10.30929709]
 [ -7.60607286   7.58401327]
 [ 22.34281069 -22.33700794]
 [  7.78651793  -7.78450394]
 [-26.89524129  26.93369809]
 [ -2.77651665   2.7701214 ]
 [-28.1407764   28.1481525 ]
 [ -6.97946091   7.032478  ]
 [ 12.00763544 -11.98225016]
 [ -4.1649388    4.18235419]
 [ 14.15704269 -14.15470486]
 [ 13.87451853 -13.86674007]
 [ 14.49146317 -14.4585046 ]
 [  9.43290753  -9.43067359]
 [  1.72008061  -1.67630379]
 [ -4.2775327    4.24654489]
 [  2.33570399  -2.24782967]
 [  5.14028126  -5.12210368]
 [ 12.24702748 -12.18666269]
 [ -7.07753698   7.08670511]
 [  0.31528949  -0.27344114]
 [ -5.17425879   5.16566042]
 [-10.55385582  10.54086577]
 [  6.09953041  -6.09583874]
 [-24.68711552  24.75716349]
 [-34.17517788  34.21523668]
 [ 55.45776559 -55.45606991]
 [ 22.49745335 -22.50153267]
 [ 19.39711515 -19.420477  ]
 [ 27.11335709 -27.15077574]
 [ -6.96489618   6.95282297]
 [ 16.37838163 -16.37464651]
 [  5.12142042  -5.11406488]
 [ -6.70541543   6.68110142]
 [ -4.17544303   4.17837603]
 [  9.74395521  -9.74195677]
 [  9.15546943  -9.16112379]
 [ 25.38791908 -25.42750561]
 [ -1.066243     1.08066774]
 [  6.76073069  -6.73814112]
 [ 27.59515619 -27.59091468]
 [ 10.39257462 -10.39815233]
 [-27.98452118  28.06277798]
 [ -8.21394004   8.25729957]
 [-32.23479621  32.2229114 ]
 [ 23.16905325 -23.16189411]
 [ -3.73212185   3.733945  ]
 [-18.18237757  18.18890439]
 [ 20.30965138 -20.30060983]
 [ 22.35521572 -22.34498129]
 [-10.03636984  10.04554086]
 [-24.73473781  24.73117782]
 [ -7.66526577   7.71058623]
 [  1.13280431  -1.13316225]
 [-11.60627644  11.62620668]
 [-10.10666307  10.0975555 ]
 [-10.71756033  10.74756719]
 [ -3.23462359   3.23060189]]