[[ 2148.50844888 -2148.5081262 ]
 [ 2153.03218561 -2153.02925266]
 [-2185.67331566  2185.67136812]
 [-1465.35706004  1465.34497581]
 [ 3452.54166156 -3452.54104284]
 [-1199.2053082   1199.22404256]
 [ 2485.05399716 -2485.0476602 ]
 [-4027.73451607  4027.74287407]
 [ -636.52088103   636.51945834]
 [-2280.35270271  2280.36597463]
 [  115.86770986  -115.85776454]
 [  296.76404889  -296.7669291 ]
 [ 1760.56417367 -1760.55787823]
 [-2533.17755725  2533.18193724]
 [-1410.80053678  1410.81544148]
 [ 4667.2752819  -4667.26833205]
 [ 1348.56192021 -1348.55050934]
 [-1265.99442251  1266.00828195]
 [ -624.43450158   624.44386772]
 [  336.10900147  -336.08866419]
 [  917.31794528  -917.30930675]
 [  206.59162349  -206.58506589]
 [-7280.72139436  7280.73401254]
 [ -236.06764912   236.07378655]
 [ 2716.67593234 -2716.66891664]
 [  368.5738085   -368.57582756]
 [-2778.59618006  2778.61532811]
 [  400.80450545  -400.80477546]
 [ 2650.26163662 -2650.24458848]
 [  934.88000464  -934.87590923]
 [  826.83947193  -826.83726478]
 [-1842.48733992  1842.4950358 ]
 [ 2188.22738815 -2188.2257571 ]
 [-2146.14443121  2146.16417204]
 [-2205.09912849  2205.11699699]
 [ 1271.02005403 -1271.01244008]
 [ 1421.00430883 -1420.98512057]
 [-2467.24398417  2467.24783594]
 [ 2031.9879973  -2031.98073169]
 [ -567.13739148   567.15648159]
 [ -769.14880071   769.15068714]
 [-1067.65209349  1067.66955261]
 [ 1565.97833302 -1565.97063949]
 [-1272.97988894  1272.98496367]
 [ 3962.01678009 -3962.02030112]
 [  570.79988134  -570.78296565]
 [ 4169.37589811 -4169.35613772]
 [  877.58039069  -877.57828122]
 [-2184.93156232  2184.93436585]
 [ 2511.76542965 -2511.75757834]
 [  -51.49521249    51.51277386]
 [-1323.61536163  1323.6276111 ]
 [ 2215.0977405  -2215.08383905]
 [-3439.71781499  3439.71857145]
 [  497.13310198  -497.12747643]
 [  889.86728251  -889.84662893]
 [ 2377.37891955 -2377.39055006]
 [ 1708.03374399 -1708.01635222]
 [  703.05980109  -703.04224028]
 [-3193.78433873  3193.78634485]
 [  445.53553701  -445.52293531]
 [-2640.83629168  2640.84370814]
 [ 2922.52124531 -2922.52466497]
 [ 2726.37645467 -2726.37386307]
 [-3770.93679796  3770.93843041]
 [-3950.83189396  3950.83645098]
 [ 1357.12021613 -1357.11987768]
 [ 1223.93685287 -1223.93216839]
 [-3312.36221617  3312.38343893]
 [ -108.70492457   108.72655916]
 [ 1013.10489785 -1013.08940185]
 [ -185.87932303   185.89127744]
 [ 1297.02713243 -1297.01844202]
 [ -609.08686894   609.10659327]
 [ 2698.39047046 -2698.3714185 ]
 [   25.68454708   -25.67669139]
 [ 2868.61897086 -2868.61944058]
 [  999.80575904  -999.79920373]
 [ 1042.84279211 -1042.83854586]
 [ 5209.22432241 -5209.21976779]
 [ -873.76989277   873.76655962]
 [-3705.26593065  3705.27959813]
 [ 2314.81401393 -2314.79961596]
 [-4108.24280288  4108.24506477]
 [  371.69549676  -371.70985837]
 [ -790.61009114   790.61771635]
 [-2110.76198264  2110.77898422]
 [ 1061.52740042 -1061.51040484]
 [ -227.25459682   227.25487129]
 [-1023.45634909  1023.47357729]
 [ -764.788096     764.79590171]
 [ -261.30905182   261.30477542]
 [-1857.42486128  1857.42261734]
 [ -609.67382893   609.67605013]
 [-2430.20882338  2430.2199453 ]
 [-1887.9068854   1887.90322843]
 [ 5111.17743735 -5111.16188393]
 [ 6007.48293694 -6007.48310481]
 [-1100.60109241  1100.60442362]
 [-2915.81902955  2915.81072375]
 [ -485.13382371   485.13622034]
 [ -694.51575504   694.52727726]
 [ 2668.13857186 -2668.12010608]
 [ -991.49315296   991.49354099]
 [-3071.38812757  3071.39563464]
 [ 3512.14081296 -3512.12529245]
 [ -850.47130662   850.46599938]
 [ 3015.34929329 -3015.32628102]
 [-5024.01340204  5024.01963981]
 [-1342.7360397   1342.74630159]
 [ 3973.6714822  -3973.64952191]
 [-1619.76325899  1619.77670566]
 [  965.53467911  -965.52103693]
 [-2987.57614704  2987.57639479]
 [ 1507.66525231 -1507.6616009 ]
 [-1878.87018798  1878.87133451]
 [-3568.01778116  3568.0245888 ]
 [-1725.88337222  1725.89222908]
 [-2923.43927184  2923.45675165]
 [-2271.66310857  2271.67508097]
 [-1028.13155201  1028.14978997]
 [ 2451.24423725 -2451.24812799]
 [-2625.97065992  2625.96090254]
 [  239.32939326  -239.31476772]
 [ 3316.50964405 -3316.51809041]
 [  218.17181677  -218.16826359]
 [  555.31562352  -555.29400999]
 [-2588.94714116  2588.96509126]
 [ 2693.73604695 -2693.72060996]
 [  804.88362333  -804.86141875]
 [  897.34500152  -897.33377194]
 [  566.30354655  -566.29720816]
 [-2953.80754224  2953.80793417]
 [ -194.04634925   194.05412048]
 [  683.37787789  -683.37296897]
 [ 4021.06410771 -4021.05046202]
 [-2967.4042166   2967.41717352]
 [-1513.02654967  1513.02851752]
 [ 4120.35025373 -4120.33870586]
 [  172.39938166  -172.40076304]
 [-1914.83016306  1914.82846818]
 [ 3285.92592513 -3285.92598456]
 [-2013.16583013  2013.16185723]
 [-1294.44814268  1294.45506854]
 [  937.34305498  -937.32176502]
 [-4454.41954102  4454.4363476 ]
 [ 2434.40151098 -2434.39968389]
 [-4193.93933329  4193.94604373]
 [ 3060.45459781 -3060.44136143]
 [ 2692.53896413 -2692.53019806]
 [ 1891.161294   -1891.1581451 ]
 [ 1789.85291346 -1789.84856941]
 [-4670.14672909  4670.15771082]
 [ 2690.02713786 -2690.01078168]
 [-3680.94612277  3680.96033559]
 [-1204.00171739  1204.00623004]
 [  396.92954178  -396.91762068]
 [-2566.09600341  2566.10434834]
 [ 1734.46900108 -1734.46662116]
 [ 2736.98034983 -2736.96004251]
 [ 5970.74108389 -5970.72845579]
 [ -850.88461795   850.89029076]
 [  892.71572415  -892.72210189]
 [ 3386.36376896 -3386.36509394]
 [ 1702.0488826  -1702.03788602]
 [ 2712.07343809 -2712.07548149]
 [ 4206.66687751 -4206.6518909 ]
 [ 1533.66771423 -1533.65983632]
 [ -995.34663889   995.35296125]
 [ 1125.5320275  -1125.53790377]
 [  440.18244003  -440.16895912]
 [ 2168.35761988 -2168.34592929]
 [-2187.05595132  2187.06309196]
 [ -362.69832551   362.71598043]
 [-3011.64813288  3011.65496745]
 [-1701.94982269  1701.95050096]
 [ -518.63839131   518.65048828]
 [ 3331.63917174 -3331.63332719]
 [  557.65721177  -557.62931268]
 [ 2156.73031574 -2156.71999187]
 [ 1322.33943848 -1322.33105071]
 [-1772.14345124  1772.15450549]
 [ 2547.37479391 -2547.36561439]
 [-2066.46880269  2066.47805499]
 [-1081.31653178  1081.30870377]
 [-1034.0194783   1034.02316656]
 [ 1407.69887911 -1407.68594933]
 [-1388.7679305   1388.76656102]
 [ -116.86641744   116.87299481]
 [ -821.24923317   821.25170359]
 [-2490.2660512   2490.26747841]
 [ 2326.59060551 -2326.58400421]
 [-1096.77970807  1096.80048531]
 [-2922.72546323  2922.73193703]
 [-2159.00645934  2158.99735951]
 [ 2705.32616827 -2705.32793489]
 [ 2854.82844434 -2854.82061017]
 [ -688.13362031   688.14669059]
 [-3441.39310492  3441.39465491]
 [  209.41579022  -209.40619056]
 [ -393.98524656   393.99448828]
 [ 1642.90931192 -1642.89664691]
 [-1036.33966754  1036.3485063 ]
 [  806.09854578  -806.08473392]
 [-1180.29646157  1180.30606648]
 [-3860.69500726  3860.72409831]
 [  842.30125495  -842.29766164]
 [ -651.25822073   651.27999735]
 [-2667.58604797  2667.5850611 ]
 [ 4798.77339943 -4798.7666037 ]
 [-1163.25274315  1163.25189412]
 [-2468.88223348  2468.88828501]
 [  482.66621622  -482.64544585]
 [ 1607.62689751 -1607.60707779]
 [  223.44408062  -223.42858862]
 [ 2694.75549656 -2694.75529874]
 [ 1332.65927064 -1332.65349778]
 [-2181.79507609  2181.79974149]
 [ 1775.23904329 -1775.21849732]
 [-2989.27687157  2989.28252053]
 [-2124.0583693   2124.06130648]
 [-2370.26079911  2370.2727278 ]
 [-1781.65572688  1781.66851667]
 [  237.919662    -237.92019338]
 [ 1354.89285477 -1354.87905738]
 [-4305.15901685  4305.16579391]
 [-7271.46786833  7271.47338822]
 [ 5230.61185091 -5230.6097206 ]
 [  856.50261644  -856.48941665]
 [ 1935.70473913 -1935.69500917]
 [  201.88288381  -201.87517266]
 [ -940.23584774   940.24154172]
 [ -140.78541015   140.79797001]
 [-1248.74371501  1248.77338952]
 [ 2014.1529737  -2014.14423411]
 [ 2999.21889625 -2999.21870926]
 [ -692.46921705   692.46652191]
 [-2791.74246101  2791.75463403]
 [ -888.0462449    888.05236443]
 [-3318.90090882  3318.89361041]
 [ 1944.30955117 -1944.29618249]
 [ 1025.94004512 -1025.9270211 ]
 [ 3000.04648072 -3000.04623037]
 [-1298.16567948  1298.16496667]
 [ 2898.27788926 -2898.25575797]
 [  772.44694516  -772.43320557]
 [-1859.27767751  1859.29078135]
 [-1824.4806357   1824.48435582]
 [ 3082.78408168 -3082.77039522]
 [-2126.45404788  2126.46267796]]