[[ 3.18487500e-01 -5.01488355e-01  6.03546365e-01  3.18496713e-01
  -9.08267829e-01 -2.24086336e-01 -8.99899097e-01  8.75368079e-01
  -7.17579888e-01 -8.98258765e-01  9.35316113e-01 -4.24704795e-01
  -9.19050501e-01 -6.65243045e-01  7.84228104e-02  6.41791498e-01
   9.73728371e-01 -2.72938710e-01 -7.58892414e-01 -6.51827916e-02
   3.92565058e-01  1.50485567e-01 -3.85726853e-01 -1.50453181e-02
   1.64934993e-01 -2.16403582e-01 -7.93577954e-01 -6.12757505e-01
   9.47722692e-01  2.92330757e-01 -3.81297938e-01  8.57860245e-01
  -3.55644114e-01  5.50710208e-01 -1.01849182e-01 -6.14076610e-01
  -2.73385278e-01  2.27454304e-01 -1.37633781e-01  4.67165738e-01
  -4.87031380e-01  4.54396018e-01  3.06261597e-01  9.33983799e-01
   1.89780236e-01  5.20772895e-02 -9.09111167e-01 -8.93303097e-01
  -7.47925716e-01  3.63753300e-01  6.23719290e-01  7.62716717e-01
   8.51505548e-01  8.84640871e-01  4.48128739e-01 -6.72646740e-01
   4.16074435e-01  8.01899495e-01  4.58883994e-01 -2.39827417e-01
   5.46073858e-01  4.22535187e-01  8.58532690e-01  3.26731441e-01
   5.60700788e-01 -4.50141660e-01 -5.03858785e-01 -1.44352423e-01
  -2.74437099e-02 -1.88215315e-01 -6.16085032e-01  4.94258316e-02
  -6.21702786e-01 -1.24038201e-01 -8.42893492e-01  2.01708833e-01
   2.11797212e-01 -3.14810714e-01 -4.85280984e-01  5.17479502e-01
   3.01068144e-01 -8.85085913e-01 -6.49745007e-01  8.05384846e-01
  -3.43464674e-01  7.05134392e-01 -2.00998940e-02 -6.94910718e-01
  -4.45606333e-01  4.95429370e-01  9.97143445e-01  3.37168334e-01
   7.18434028e-01 -6.90635778e-01 -7.29270112e-01 -6.78263152e-01
  -1.55728864e-01 -5.50605574e-01  2.81100059e-01 -7.43093012e-01
  -1.88418494e-01  1.59035311e-01 -6.19559295e-01  4.97767587e-01
  -5.96983452e-01  2.60397930e-01 -3.68814814e-01 -8.73519195e-01
   1.85168593e-01  2.40173341e-02 -9.79556394e-01 -6.73942653e-01
  -9.77811755e-01  1.58309061e-01 -8.13666192e-01  7.49572248e-01
  -2.34180457e-01  3.61818906e-01  7.74443377e-01 -7.16935314e-01
   8.80996406e-01 -7.14333026e-01 -1.30902508e-01 -8.11837707e-01
   3.60077649e-01 -1.81304348e-01 -9.82654561e-01 -9.01973594e-01
  -5.93353988e-01  9.75832979e-02  6.79470278e-01 -2.22330807e-01
   9.55075744e-01 -7.93178611e-01  5.32275130e-01  9.33072777e-01
  -1.76119069e-01 -5.75209071e-01  1.61014558e-01 -6.01440739e-01
  -7.07314824e-01  8.74143279e-01  4.02077985e-01  2.81049058e-01
   7.57114981e-01  8.11227299e-01  2.60454614e-01 -3.91943900e-01
  -5.91756749e-01 -9.77114239e-01  5.94504131e-03  8.43493727e-02
   1.94149399e-01 -5.18768634e-01 -5.22694065e-01  6.22232976e-01
   9.60850701e-01 -2.35747238e-01 -7.69091293e-02  6.10733691e-01
   1.52930093e-01  9.82240257e-01  4.28742483e-01 -1.63962121e-01
  -3.43561935e-01  4.18516645e-01 -6.82805752e-01 -9.19116529e-01
   9.47604909e-01 -9.65897521e-01  4.68385417e-01 -4.54844520e-01
   9.33905084e-01 -9.35629216e-01 -7.57643402e-01 -2.90835660e-01
  -4.04503557e-01 -1.51550526e-01 -6.53673879e-01 -2.97269588e-01
  -1.85663365e-01  9.22949668e-01  9.26745180e-01  1.70845793e-01
   3.23285891e-01  2.15055530e-01 -7.93323032e-02 -2.21544452e-01
  -6.19030285e-01 -8.85363253e-01 -5.15205095e-01  2.18160337e-01
   9.62372030e-01 -1.07067504e-01  6.69338679e-01 -5.44564174e-01
   7.33777632e-01 -4.35975760e-01  1.15958878e-01 -4.17252082e-01
  -8.23613196e-01  8.23649863e-01 -8.05885471e-01 -4.58904700e-01
   5.94858970e-01 -3.13848544e-01  8.71715477e-01 -9.01723083e-01
   4.62119176e-01 -6.62600447e-01  7.41109537e-01 -1.67435662e-01
   7.96465455e-01  6.05188320e-01  3.51950415e-01 -8.64485233e-01
   6.27348036e-03  7.84004144e-02  5.05510587e-01  5.06020241e-01
   6.32518077e-01 -7.27989103e-01 -8.05884583e-01 -6.69360878e-01
  -7.20517564e-01 -5.80638210e-02  8.98865439e-01 -1.63572935e-02
   1.65716508e-01 -2.85868785e-01  7.91434176e-01  2.87285294e-01
  -4.97456440e-01  8.66899239e-01 -8.39860458e-01 -3.05692777e-01
   9.57730282e-01 -4.28509921e-01  9.90114458e-01  3.77279621e-01
  -5.82273302e-01 -8.02431052e-01  3.61151352e-01  3.62795293e-01
  -2.50584164e-01  7.91276439e-01  3.11860142e-01 -9.94897429e-01
   2.28123380e-01 -8.42670394e-01]
 [-3.67159479e-02  8.91450272e-01 -4.02327323e-01 -1.29818758e-01
   1.13966120e-01 -3.01135819e-01 -3.76004436e-01 -2.56086862e-01
  -6.75599004e-01 -2.99169597e-01  7.35114750e-01 -4.63320344e-01
  -5.25104220e-01  8.66289568e-01 -5.34361679e-01  9.23874532e-01
   9.85794496e-01 -6.49646048e-02  7.54433356e-01  8.84888368e-01
   2.50242401e-01 -8.69564573e-01 -8.64892201e-01 -9.45772052e-01
  -2.04651564e-01  3.69792770e-01 -5.37359380e-01  5.28340003e-01
  -9.79323006e-01  9.73772502e-01  8.93431723e-01 -8.62715770e-01
  -4.23199527e-01  6.90602559e-01 -5.00877725e-01 -3.43605773e-01
  -3.70294946e-01  2.82813144e-01  5.16960999e-01  3.30717222e-01
  -2.39518325e-01  6.00429510e-01  1.51617983e-01 -4.74878913e-02
  -5.75048865e-01 -8.07233679e-01  7.60369632e-02 -7.79314624e-01
   9.05074202e-02 -8.34645204e-01  7.77978823e-01 -8.08522198e-02
   6.34006352e-01 -6.14365324e-01 -5.77300918e-02 -5.20473990e-01
  -6.56043151e-01  5.04575908e-01 -5.77486779e-01 -2.04517186e-01
   1.55145933e-01 -3.52252285e-01 -5.01328421e-01  3.75340510e-01
  -2.10407002e-01  1.73629321e-01  8.70131307e-01 -3.93922591e-01
  -7.13462220e-02 -9.44295250e-01 -1.39442308e-01  6.42854261e-01
  -8.83836028e-01 -1.41352871e-01 -5.32697261e-01  8.29976232e-01
  -2.72131251e-01  9.77397717e-01  7.68746637e-01  7.90462601e-01
  -2.98788217e-01 -3.50902677e-01 -2.24209968e-01 -2.35431348e-01
  -9.03663652e-01 -5.00447399e-01 -3.76148933e-01 -8.15278532e-01
  -7.46652999e-01  1.58965785e-01 -5.80251841e-01  9.35526656e-01
   4.43831066e-01  6.29521783e-01 -7.39298747e-01 -5.75531689e-01
  -1.66191739e-01  8.89699934e-01  8.01812729e-01 -5.78289031e-01
  -3.74542041e-01  4.76317546e-01 -3.63721788e-01 -9.42328656e-01
  -3.39036222e-01 -3.22919270e-02 -3.03045304e-01 -8.35069631e-01
   3.21899071e-01 -4.79541600e-02  6.08703502e-01 -5.81886009e-01
  -7.89952589e-01  8.72903956e-02  5.33599891e-02  5.63775575e-01
   2.32303587e-01  9.51465762e-01  8.09268125e-02 -7.55579390e-01
  -9.22151955e-01  9.73292742e-02 -2.58202094e-01  5.01581795e-01
   5.16080632e-01 -4.46831641e-02  2.47855965e-01  1.31726464e-01
  -7.51888935e-02 -4.41488105e-01 -3.74447258e-01  3.57706487e-01
  -1.99452577e-01 -9.87953215e-01  5.63943041e-01  9.80793703e-02
  -6.03982891e-01  7.91789252e-01  8.50728245e-01  4.20475843e-01
  -7.37376842e-01  3.49482632e-01 -6.57944738e-01  3.41730947e-01
   5.60584169e-01 -1.71554063e-01  1.02967116e-01 -9.41093887e-01
  -6.67451523e-01  4.36622755e-01  8.42047713e-02  3.00819043e-01
  -4.77397995e-01  2.15525846e-01 -5.50677824e-01 -7.69217128e-01
  -8.29301624e-01  7.86899557e-01 -1.22948074e-01 -8.88829617e-01
  -3.82295045e-01  9.28609674e-01 -2.18640904e-01  8.39557009e-01
  -2.34015764e-01 -9.13308728e-01 -4.93840430e-01  4.53250659e-01
   5.00638931e-01 -8.06858681e-01 -8.17340102e-02  6.15214494e-01
   4.73027492e-01  8.01254126e-01  7.68036115e-01 -5.82806742e-01
   7.25099081e-01  3.89026125e-01  2.75130627e-01 -9.54973257e-01
   7.04078685e-01  4.03855833e-02 -8.75334147e-01 -5.85135317e-01
  -6.62392462e-01 -1.69946367e-01  1.18467779e-01 -5.59510387e-01
   7.60752065e-01  9.68402259e-01 -5.75664442e-01  1.25365488e-01
   4.39982183e-01  5.71141021e-01  7.47666995e-03  7.83170830e-01
   5.97188161e-01  8.29887018e-01  1.14767472e-01 -7.40740044e-01
   7.43480192e-02  8.10972349e-01  1.35442027e-01  6.62552470e-01
  -4.22819539e-01 -5.59436296e-01 -3.99127142e-01  2.40645980e-01
   1.26557439e-01  8.84948570e-01 -6.75730770e-01  7.45305817e-01
  -7.80686902e-01 -5.02982364e-01  6.42527137e-01 -7.20261450e-01
   7.78350057e-02  6.38069733e-01  1.97363000e-04  5.26088753e-01
   1.74697560e-01 -1.90129595e-01 -8.77149240e-01  2.15355510e-01
   7.38202553e-01  7.76156503e-01 -4.50658397e-01  2.65418619e-01
   2.84143282e-01  3.46057567e-01 -4.69647778e-01  6.31342629e-01
   3.40817488e-01  7.40095407e-01 -4.10407494e-01  6.33368820e-01
   1.79464876e-01 -5.73050152e-01  6.13084939e-01  4.46310544e-01
  -5.30223465e-01  8.09256342e-01  6.71594555e-01  4.54656331e-01
   6.36887378e-01 -4.06385002e-01 -8.67851624e-01  8.16715365e-01
   1.16819915e-01 -8.41446650e-01]
 [ 2.24207451e-01  3.87916913e-01 -8.23315542e-01  6.04327965e-01
   7.96279863e-01  9.49672681e-01 -9.76457352e-01 -7.43997669e-01
   5.78020518e-01  5.19354734e-02 -6.50543219e-01  7.33096712e-01
   2.11434193e-01  4.71890211e-01 -9.97570229e-01 -1.36213891e-01
   4.56498470e-01  6.88157689e-01 -8.54352973e-01  8.39441992e-01
  -2.42283700e-01 -5.34640209e-01  1.34192438e-01  5.98699339e-01
   7.65179269e-01 -6.33923287e-01 -9.78296415e-01  8.75805311e-01
   3.17828530e-01 -2.79779772e-01 -3.48478309e-01  1.92413463e-01
  -9.56979964e-01 -4.10565939e-01  1.14714674e-01 -9.92425607e-01
   1.39823636e-01  2.24945721e-01  3.57075849e-01  5.52272668e-01
   4.40851081e-02 -8.73918571e-01  1.71261243e-01  7.17171220e-01
  -8.22813934e-01  3.27665808e-01  7.57343902e-01 -1.94989503e-01
   4.37775236e-01 -7.64972947e-01 -6.53768399e-01  9.30164537e-02
  -2.37785656e-01  2.52794460e-01  8.46509562e-02 -5.75577641e-01
  -2.60631870e-01 -9.60792645e-01  4.33329210e-01 -8.57152188e-01
  -2.22812620e-02  9.85046138e-01  1.30147325e-01  1.93733425e-01
   3.19560739e-01 -8.17608635e-01  5.90434894e-01 -6.44305218e-01
  -5.41890917e-01  7.72178802e-01  6.40785715e-01 -9.78088444e-01
   4.69899479e-01 -3.10069964e-01  3.69540688e-01  2.77803572e-02
  -6.84910164e-01 -1.57527460e-01 -7.61986151e-01 -4.32443036e-02
  -7.38416833e-01  2.87429864e-01  5.40387109e-01 -2.10844297e-01
  -5.24432491e-01  7.89835470e-01  1.47988596e-01  3.22734108e-01
  -5.61375525e-01 -8.75231881e-01 -8.49694916e-02 -2.18378851e-01
  -8.23722469e-01  5.67719510e-01 -6.82079154e-03 -3.81626160e-01
   4.84689256e-01 -3.43499277e-01  2.13634440e-01 -2.82582740e-01
  -8.37825085e-01  3.66960179e-02  6.49862834e-01 -9.65410944e-01
  -7.14327566e-01  6.96682327e-01 -6.39851139e-01 -8.97112416e-01
   9.38772114e-01  8.43779200e-01  2.19000134e-01  7.73452827e-01
   6.70622553e-01  8.60920155e-01  6.55330914e-01 -5.43806451e-01
   8.64284580e-01  1.50675310e-01  6.16436975e-01 -6.87772981e-01
   8.02851976e-02  9.20340968e-01  4.81185418e-01  1.54534158e-01
  -9.61175810e-01 -2.27349026e-01 -6.40499758e-01 -3.91566444e-01
  -7.94653807e-01  9.86211386e-01 -2.17132842e-01  4.50175064e-01
  -4.19755928e-01  7.02126374e-01  2.89865140e-01 -5.49085683e-01
  -4.57498657e-02 -8.86106089e-01 -7.16115379e-01  9.38674452e-01
  -8.95314308e-02 -5.53887164e-01 -6.29669703e-01  1.78675277e-01
  -7.65239503e-01  2.81068124e-01 -1.42149100e-02 -4.99708137e-01
  -5.81189519e-01 -4.73913449e-01 -4.37301047e-01 -5.38617997e-01
  -7.91953518e-01 -4.08513080e-01 -1.78241321e-01 -5.07430211e-02
   4.28166053e-01 -8.83155327e-02 -4.08118821e-01  1.95236375e-01
  -1.74445725e-01 -7.54547475e-01 -3.82381134e-01  3.19772442e-01
  -8.74708671e-01 -7.21090433e-01  4.40756942e-01 -3.96008023e-01
  -2.52409480e-01  9.24851939e-02 -8.34646009e-01  3.63075944e-01
   4.22338399e-02  8.73745301e-01  5.91844166e-01  9.53298915e-01
   7.60372984e-01  5.74942327e-01  9.57369672e-01 -5.06041176e-03
  -2.74235324e-01  3.68874508e-01  6.13938137e-01 -7.78180790e-01
   2.98129862e-01  5.52805012e-01  4.49583326e-01  5.68742829e-01
  -8.24614245e-02 -1.15444444e-01 -6.16487661e-01  1.51487080e-01
   9.05020053e-01  7.17848387e-01  8.43505582e-01 -8.77784388e-01
  -6.43878333e-01 -8.27176153e-01  4.07405067e-01 -9.89101468e-01
   7.82480917e-01  4.03701100e-01  7.88589425e-01  9.17243150e-01
   6.74394158e-01 -6.07250627e-02  8.09774215e-01  6.00500140e-01
  -9.31951880e-01 -4.07101784e-01 -9.16578697e-01  3.55002005e-01
   7.22340780e-01  9.14420390e-01 -1.64179124e-02 -8.81911454e-01
   1.20718858e-01 -7.94106779e-01 -2.97504026e-02 -7.90484096e-01
  -9.29414683e-01 -8.31423127e-01 -2.90992403e-01 -6.81378408e-01
   9.62383911e-01  5.66724642e-01 -3.87290275e-01  1.50987330e-01
  -5.18422898e-01  7.49278962e-01 -9.84311315e-01 -3.53058264e-01
  -3.13487467e-01  1.91282094e-01  8.91487542e-01  9.55864020e-01
  -1.02349038e-01 -8.78353487e-01  4.92969641e-01  6.76547999e-01
   3.16069359e-01 -4.52539429e-01 -2.29888716e-01 -1.39794574e-01
   2.00263579e-01 -2.24840993e-01 -7.78715747e-01 -6.11217630e-01
   4.09128148e-01 -7.61067399e-01]
 [-5.15248163e-01 -6.25404808e-01  4.48128389e-01 -5.54029847e-01
   7.83479952e-01  6.79099735e-01 -5.10864460e-01 -6.83664935e-01
  -4.40205606e-01  7.08035858e-01  6.78561427e-01  8.98191501e-01
  -3.64876116e-02  4.51586632e-01 -6.07978819e-02  9.11641143e-01
   2.79643243e-01  1.51263550e-01 -5.96718325e-01  4.53514738e-01
   4.05240403e-01  1.11538381e-01 -3.31689733e-01  2.42632644e-01
  -9.50136243e-01 -2.40684273e-01 -9.37273584e-01 -8.74471526e-01
  -4.42724924e-01  6.17885256e-01  1.58616639e-01  6.31782188e-01
  -3.69244672e-01  3.95284462e-01 -4.40865986e-01  8.19209824e-01
  -7.96835330e-01  2.37594668e-01  9.68242602e-01 -5.93214079e-02
   9.93166695e-01  3.32731672e-02 -8.97389090e-01  6.22179008e-01
  -4.79735120e-01 -5.75010914e-01  5.69529260e-01  3.82305648e-01
   9.02578512e-01 -3.09139731e-01  3.38788101e-01 -9.94029408e-01
   3.95897046e-01 -4.86212385e-02  3.09450392e-02 -3.05386030e-01
  -3.76262490e-01 -6.30032057e-01 -4.52886035e-01 -3.13506776e-01
   2.91541173e-01 -5.40838591e-01  6.87761822e-01 -3.77010926e-01
   3.45053309e-01 -7.12122252e-02 -3.41048437e-01  3.54827122e-01
  -9.50056340e-02 -1.49967342e-03  6.01759201e-01  5.95211157e-01
  -4.28835557e-02 -9.78924743e-01  2.41638796e-01  5.41379403e-01
  -6.94025592e-01  4.68539149e-01 -7.65327527e-01 -8.97252494e-01
  -4.34868857e-01 -7.10453781e-01 -8.09016628e-01  2.57890978e-01
  -3.35780149e-01 -9.89191286e-01 -8.95418836e-01 -3.92968652e-01
  -2.87619427e-02  4.90388461e-01  5.41477379e-01 -7.81304689e-01
   4.50401284e-01  4.86449537e-01 -5.39836409e-01 -4.69142850e-01
   5.96221017e-01 -2.13733443e-01 -1.43331853e-01 -9.14021785e-01
  -5.91990339e-01  7.94601546e-01  9.36985503e-01  8.38815873e-01
   9.56016235e-01  3.22560982e-01 -8.31483872e-01  4.75611767e-01
   4.56978771e-01 -9.70425834e-01  5.08238385e-01 -8.81844079e-01
   2.61697741e-01 -5.81655210e-01 -3.81006972e-01 -2.47067375e-01
   3.70741189e-01  1.33132472e-01  3.84427642e-01 -1.76876816e-02
   1.47148229e-01  8.98933859e-01 -9.98568307e-02  9.12542500e-01
   7.62313153e-01  1.39483070e-01 -4.83238013e-01 -8.77766863e-01
  -5.22968625e-04 -3.61416415e-01 -6.22668778e-01  1.35160019e-01
   1.22162684e-01  1.68349507e-01  4.51334464e-01  2.87596991e-01
   7.94816100e-02  3.19853033e-01 -4.29838723e-01 -7.11706326e-01
   6.83802478e-01 -1.74711517e-02  1.61350618e-01 -3.32986113e-01
  -7.66387384e-01  6.74995395e-01 -6.21052060e-01 -6.09429019e-01
  -5.42712420e-01  5.47702388e-01 -7.70906512e-01 -3.55604859e-01
  -1.53773367e-01 -5.79302117e-02  6.50732721e-02 -3.48804788e-01
   1.20746783e-01 -5.49152204e-02 -6.99155065e-01  2.84273596e-01
  -5.91611430e-01  4.95869409e-01  8.33371677e-01 -5.96896215e-02
   2.98489493e-01 -3.92412460e-01  9.11257603e-01  2.97162417e-02
  -2.53174799e-01 -6.49241487e-01  9.85412378e-01 -3.17041854e-01
   1.48373989e-01  9.18941883e-02  7.14640018e-01  3.59338692e-01
   2.78912964e-01  4.67906037e-01 -4.83989813e-02  5.01192428e-01
  -5.70015677e-01 -1.78761019e-01  4.60025445e-01 -7.43843937e-01
  -3.69856571e-01 -7.52883861e-01 -1.89327635e-01 -4.67307712e-01
   9.56725849e-02 -8.25399945e-01  6.02144090e-01  1.34796074e-01
  -2.98239503e-01 -3.18767450e-01  6.15893302e-01 -2.25290717e-01
  -6.05556344e-01 -3.64178525e-01  7.11676555e-01  8.64420770e-01
   2.50417566e-01 -4.77277091e-01  9.69599553e-01 -4.37124736e-01
  -8.43053319e-01 -7.36883425e-01  6.67160308e-01  6.74883834e-01
  -9.37341216e-01  5.74952268e-02 -2.20253745e-01 -6.37028010e-01
   8.54460159e-01 -1.68480433e-01 -4.77494552e-02 -2.35412452e-01
  -7.93940576e-01  1.43403357e-01 -4.25977804e-01  6.57339134e-01
  -5.63168717e-02  3.78076832e-01  1.12912817e-01 -8.25712566e-02
   1.23049090e-01 -5.04553040e-01 -9.62868712e-01 -4.25739633e-01
  -1.32511444e-01  7.49981664e-01 -8.60006695e-01 -4.34087127e-01
   6.85442020e-01 -7.16627969e-01 -9.15691489e-01  1.19003914e-01
   2.77328368e-01 -2.93926582e-01  3.34352207e-01 -2.00055264e-01
  -1.15672396e-03  5.58849013e-01  1.31354020e-01 -5.55074384e-01
   5.07484643e-01  2.40489323e-01 -4.00360031e-01 -4.55182800e-02
   2.17662123e-01  9.67710931e-01]
 [ 5.47737775e-01 -3.55714372e-01  6.85200654e-01  3.93456449e-01
  -9.72235343e-01 -7.14383033e-01  5.69218205e-01 -6.75859099e-01
  -1.53209323e-01 -3.50467309e-01 -3.24203392e-01  7.75809176e-01
   9.60147156e-01  4.82919280e-01 -3.37704453e-01 -6.92309902e-01
  -1.61588358e-01  5.20373720e-01 -3.06531983e-01  5.63581377e-01
   4.95771173e-02  1.63271522e-01 -6.60924008e-01 -6.54154828e-01
   9.90684057e-01 -3.91634900e-01  3.01535388e-01  8.56670768e-01
   9.27744095e-01  9.66449027e-01  2.61030943e-01  7.87194063e-01
  -4.69879855e-01 -7.85459568e-01 -5.97963164e-01  1.63018708e-01
  -6.83830878e-01 -8.36777650e-01  6.95448642e-02 -3.88684877e-02
  -8.16678364e-01 -6.06746123e-01  4.57801906e-01  5.98443446e-01
   4.84494601e-01  9.76124008e-01  3.09829606e-01 -5.98295288e-01
  -9.87230726e-01 -5.40792653e-01 -1.07088947e-03 -8.43644732e-01
  -1.24676070e-01 -5.44412301e-01  9.71529575e-01  8.52014172e-01
   9.79071386e-01 -6.50097405e-01 -5.65377177e-02 -9.21101674e-01
  -9.86692283e-01  6.48004781e-01 -3.34402694e-01  6.17864923e-01
   9.65656697e-01 -1.74098134e-02  1.10535229e-01  4.44054489e-01
   8.88389536e-01 -6.34469861e-01  1.01105100e-01 -1.04695446e-01
  -3.71728489e-01 -9.62592912e-01  5.57394810e-01  7.01474938e-01
   1.37627606e-01 -8.45904779e-01  1.95799355e-02 -7.08547735e-01
   5.01023834e-01 -3.35478989e-01 -2.91154069e-01  4.14302873e-01
  -7.63658014e-01 -3.54988798e-01 -2.81040615e-02  4.89034817e-01
   9.37554996e-01  4.36044900e-01  6.91176185e-01  1.00131475e-01
  -7.96893515e-01  3.26850767e-01  9.95318671e-01  5.12583583e-01
   4.51816617e-01  4.09707086e-01  4.67485949e-01  1.68883190e-01
  -8.79256799e-02  8.30867050e-01 -9.72525813e-01  2.58799409e-01
  -6.68579335e-01  7.13596041e-01  8.94147812e-01  3.86945447e-01
  -4.17271360e-01 -5.23218142e-02  9.78001851e-01  8.02443717e-01
   4.64862000e-01 -3.85051663e-01 -6.66758527e-01 -8.56240088e-01
   7.20731788e-01 -8.77217575e-01 -1.21540026e-01  7.04787446e-03
   3.59408129e-01  8.27334239e-01  8.47583990e-01  7.43059136e-01
  -7.40985351e-01  8.51073222e-01 -7.49328383e-01 -4.09907587e-01
  -5.89730854e-01 -5.14015822e-01 -9.37079080e-01  8.18000164e-01
   8.70126438e-01 -6.69526429e-01  3.45450085e-01 -7.70543273e-01
   7.07355992e-01 -1.55609620e-01  7.92569627e-02  5.88093590e-02
   9.04412803e-01 -6.87958115e-02 -7.24426230e-01  6.43088321e-01
   3.40166893e-01  5.51889249e-01  2.40679682e-01 -3.66203202e-01
   4.15542400e-01  3.84757761e-01  9.93147616e-01 -5.23413721e-01
   5.17702901e-01  6.06490809e-01 -7.68344664e-01 -6.87304420e-01
   4.20087557e-01  5.97294931e-01 -5.09167624e-01  3.90387326e-01
  -4.20793435e-02  9.52380325e-01 -4.77794605e-01 -4.60749222e-02
   4.47209053e-01 -7.36145282e-01 -3.74347862e-01 -4.87810507e-01
   6.18508722e-01  4.29026188e-02 -3.25970242e-01  4.30535930e-01
  -5.61631051e-01  6.81642411e-01  3.64779236e-02  7.36841604e-03
   2.19675931e-03  7.33286753e-01  8.82618842e-01  9.80162730e-01
   3.01442009e-02 -9.50811625e-01 -6.68039576e-01 -7.03474064e-01
   5.40738960e-01  7.85115633e-01  7.87074469e-01  9.76949083e-02
  -8.69965664e-01 -3.24751835e-01 -7.11428394e-01  1.55500071e-01
   3.61109647e-01 -9.44374095e-01 -5.17469266e-01 -6.14730850e-01
   8.56415373e-01 -2.81612607e-01  7.03827647e-01  8.30337731e-01
  -7.61456826e-01 -4.35158494e-01 -1.43686442e-01 -7.60473146e-01
  -8.07674048e-01  7.73437131e-02 -3.34325896e-01  2.09220074e-01
   5.25458013e-01  4.55941727e-02  3.77780649e-02  8.05077397e-01
   9.80174008e-01 -5.17031337e-01  7.22515924e-01  9.07129341e-01
  -7.41841980e-01 -9.25380922e-01 -9.68540363e-01  2.25575243e-02
  -8.96519845e-01  5.17542227e-01 -9.90662142e-01 -5.56364264e-01
   4.07174340e-01 -7.14393294e-01  4.70480445e-01 -5.18829068e-01
  -9.74852970e-01  2.55108231e-01 -5.55412722e-01  2.26578740e-01
   6.82428251e-01 -3.45282306e-02  7.54400895e-01  2.38706184e-01
   4.97222502e-01  2.36895204e-02 -1.58974635e-01 -9.35720656e-02
  -7.98045940e-01 -6.91107342e-01 -3.16758997e-01 -3.50518819e-01
   4.89026021e-01  3.22143424e-01 -9.25758815e-01  4.59392434e-01
   6.91858112e-01  1.39759867e-01]
 [ 4.53447901e-01 -7.11345448e-01 -2.06108530e-01  2.36895366e-01
  -6.27156054e-01 -7.08522074e-01 -2.59783100e-01 -6.28529760e-01
  -3.08240774e-01 -1.13295231e-04  7.66683222e-01  8.54418248e-01
  -3.75039874e-01 -9.35173838e-01 -7.47078688e-01 -8.04589670e-03
   5.38018335e-01  2.55754617e-01 -4.32061839e-01 -4.06909544e-01
   1.73856885e-01  6.52636864e-01  4.39126293e-01 -1.75256637e-01
   4.06039775e-01 -5.14765644e-01 -7.59653211e-01 -6.27794347e-01
   8.20565905e-01 -6.87547019e-02  3.11160427e-01  7.81332487e-01
  -8.84381836e-01 -8.46001294e-01  2.43188868e-01  3.89169710e-02
  -4.99073468e-01 -6.06859132e-01  8.44879839e-02  8.13006167e-01
   1.80971264e-01 -9.98014574e-01 -7.80954920e-01  7.00357561e-01
   7.76223175e-01  9.22847002e-01 -5.92611502e-01 -4.05622342e-01
  -2.94429744e-02 -4.85742888e-03 -5.94399076e-01  5.70998932e-01
   1.19121771e-01  1.28447526e-01  2.36918954e-01 -8.60236566e-01
  -1.70296615e-01 -4.77724269e-01 -6.50845343e-01  8.88386878e-01
   8.06048903e-01 -8.05098486e-01  3.82617378e-01  3.66755862e-01
   6.78179762e-01  9.46804058e-01 -2.68509556e-01  4.48441202e-01
   2.09531475e-01  7.63283138e-01  3.62034118e-01 -5.17987120e-01
  -8.79823884e-01  6.43553373e-01 -9.90923621e-01 -6.40268802e-01
  -5.31331567e-01 -4.48342306e-01  3.07605353e-01 -2.99736512e-01
   5.66799550e-02 -2.49151797e-01  1.11202041e-01  4.17613751e-01
   9.38960204e-01 -8.63024833e-01 -4.94135573e-01  5.18772507e-01
  -1.91735163e-01  8.40307587e-01 -7.77562464e-01 -3.26700246e-03
  -6.38788636e-01 -7.69487873e-01 -9.31863980e-01  3.78628965e-01
   4.36888092e-02  9.32022340e-01 -7.29867771e-01  4.21917194e-01
  -1.17056007e-01 -1.48217363e-01 -8.75814717e-01 -9.47867801e-02
  -6.73735152e-01  3.34545153e-02 -9.16050288e-01 -7.70725393e-01
   9.33145207e-01  9.51081763e-01 -6.12758577e-01  8.03232432e-01
   4.96053502e-01 -1.74006284e-01  9.42138774e-01 -1.64294679e-01
   4.78638079e-01 -7.40847563e-02 -6.66321959e-01  1.48740414e-01
   4.98689066e-01 -2.09811271e-01  9.82216120e-02 -1.99784796e-01
  -4.32535717e-01 -2.10790563e-01 -7.95074966e-01  7.87885598e-01
  -9.36159953e-01  7.45989826e-02 -3.86856571e-01  5.60259058e-01
   2.68840501e-02 -1.41356097e-02 -5.95736516e-01 -4.38126081e-02
  -4.78190579e-01 -8.25544222e-01 -3.51500030e-01 -2.28144064e-01
   7.17488066e-01 -5.55420098e-01  7.24676966e-01  6.51194653e-02
  -7.17513067e-01  8.95219334e-01 -1.66782955e-01  9.16547226e-02
   4.09324687e-01 -1.25002370e-01 -3.91237314e-02 -8.14022540e-01
  -3.96365659e-01 -9.68278579e-01  4.46876639e-01  4.26462170e-01
  -4.56493132e-01 -9.67988720e-02 -6.77637901e-01  6.71984339e-01
  -6.37248413e-01  3.97573649e-01  1.60481981e-01 -2.26220999e-01
   5.73420459e-01  8.73706657e-01 -5.22210548e-03  6.68198546e-01
  -9.71135853e-01  5.59570733e-01  6.54460165e-01 -2.80275114e-01
   8.52603910e-01  9.32208937e-01 -2.46079644e-01 -1.29805234e-01
   4.24825361e-01  3.89311506e-01 -2.00509919e-01 -7.30350824e-01
  -4.41006240e-01  8.48271881e-01  4.27260040e-01 -6.32200458e-01
   4.20699398e-02  2.62874328e-01 -9.34550416e-01  3.04100523e-01
   7.66254501e-01  9.81052882e-01 -4.71020445e-01 -3.62590508e-01
   8.09612949e-01  6.92906513e-01 -9.17840519e-01  7.94563973e-01
   1.72252353e-01 -2.07625117e-01 -5.28829867e-01 -7.50270511e-01
  -1.35085965e-01  4.18690946e-01 -9.20097366e-01  2.73482622e-02
   3.58461424e-01 -1.83784035e-02  7.69273002e-01  5.03740793e-01
  -8.78457753e-01  5.24238570e-01 -6.11015206e-01  9.97970697e-01
   5.52848454e-01  3.08247146e-01 -8.05854995e-01  8.11681163e-01
   5.05775849e-01  4.07888276e-01 -9.05424160e-01  1.61880299e-01
  -3.51876551e-01  9.11857042e-01  7.37883318e-01  6.71988734e-01
  -5.47865818e-01  3.53782032e-02  3.59661802e-01 -5.47978016e-01
  -1.26341689e-01 -5.92273945e-01 -2.60693896e-01 -5.07720017e-01
  -1.24810469e-01  3.45319311e-01 -5.03848224e-01 -7.19404684e-01
  -9.68543591e-02  8.99490257e-01  4.19498131e-01  4.87427043e-01
   9.37137370e-01 -6.03170862e-01  8.61933571e-02 -7.94893676e-02
   4.18422320e-01  3.83366179e-01 -8.85774490e-01  4.76819965e-02
   1.34098928e-01  4.47116529e-01]
 [-9.58590491e-01 -9.00837520e-01  3.92899240e-01 -7.77583972e-01
   3.98024560e-01 -3.66603328e-01  4.00136853e-01  8.50122041e-01
  -3.30355356e-01  7.81898053e-01 -4.18983385e-01 -5.48372897e-01
   4.79167507e-01 -7.44326661e-01 -2.84642207e-01 -5.08974304e-01
   9.10259608e-01 -4.09349394e-01  2.66980460e-01  5.56003526e-01
  -5.28329547e-01 -4.10472559e-01  8.12839593e-02  4.35839653e-01
   8.74667688e-01 -5.44906772e-01  2.76658529e-01 -2.55905490e-01
   9.09575043e-01  5.02185608e-01  5.48052284e-01  2.40428201e-01
  -6.88955079e-01 -7.33582719e-01  5.93725135e-01  2.13913440e-01
  -8.30007304e-01 -3.43212617e-01 -1.19841907e-02  2.81625532e-01
   6.85741567e-01 -2.31228965e-01 -1.73404486e-01 -8.82285390e-01
   4.82637625e-01 -3.45386208e-01  8.22556509e-01 -1.00576496e-01
   8.03680742e-01  7.61826185e-01  6.41026240e-01  1.71188013e-03
  -9.00340955e-01  2.14319560e-02 -5.39349198e-02  6.73240968e-01
  -8.47971447e-02  1.50648423e-01  9.66279521e-01 -2.18149765e-01
  -1.92067459e-02  2.13317332e-01 -5.64987197e-01 -8.51474206e-01
  -8.71041770e-01 -1.49318307e-01 -7.28562268e-01  6.74194392e-01
  -7.92568572e-01 -1.63036129e-01  4.85754863e-01  3.95989901e-01
  -1.14827208e-01  3.90028570e-01 -7.09599090e-01 -3.44602763e-01
   4.49148929e-01 -6.45709542e-01 -1.66288488e-02 -1.86106100e-01
  -2.47100977e-01 -1.85439998e-01 -9.91986097e-01  6.31654663e-01
  -6.49233928e-01 -6.01277648e-01 -4.60002082e-01  7.93130934e-01
   1.12155343e-01 -5.42341087e-01  4.47853386e-01  2.50204164e-01
   2.56855222e-01  6.40708390e-01 -2.97534965e-01 -7.83269724e-01
  -8.12870532e-01  3.80015895e-01 -1.18521913e-01  6.80699411e-01
  -5.87411168e-01  6.65067683e-01 -3.85879096e-01 -1.10225152e-01
  -5.32892783e-01 -5.32291557e-02 -2.60926673e-01  9.49910468e-01
   5.15364536e-01  7.10689964e-01  5.71243515e-01  9.08478280e-01
   3.75156306e-01  5.77630163e-01  4.90577206e-01  4.71403327e-01
  -7.14012365e-01  5.74749836e-01  6.49966621e-01  8.65429551e-01
  -8.94112558e-01  3.78919853e-01 -6.81052522e-01 -4.15013148e-01
  -9.13192292e-01 -4.77142017e-01 -1.75587862e-01 -7.06654819e-01
  -3.26269960e-01 -2.11252325e-01 -6.55952540e-01 -7.52468394e-01
  -6.59009968e-01 -9.56098039e-01 -1.22835474e-01  7.98920805e-01
  -2.83799363e-01 -6.69650459e-01  1.47991297e-01  7.06334297e-01
   1.00554763e-01  2.68399466e-01 -5.77089172e-01 -8.21133061e-01
  -3.89977405e-01  9.91159125e-01 -1.99612887e-01  9.74714745e-01
  -6.25049668e-01  7.36036988e-01 -2.76378328e-01  2.86998663e-01
  -7.84614685e-01  4.01950883e-01 -8.32863605e-01  3.59472862e-01
  -2.13726563e-01 -8.52885385e-01  6.78893670e-02  7.10834958e-01
  -7.79706926e-01  9.76536067e-01 -5.49746705e-01  6.70578236e-01
  -7.49505228e-01  2.60093283e-01 -4.25279001e-01  4.08243994e-01
  -6.82075226e-01 -8.15649135e-01 -4.90675266e-01  4.94571583e-01
  -7.38908655e-01  6.66868017e-02 -7.47840103e-01  7.38273749e-01
   8.63248401e-02 -7.66334234e-01  9.38347824e-01  6.35547533e-01
   8.45123631e-01 -3.92385610e-03  4.86814134e-01 -8.30846625e-03
   6.73627038e-01  9.98141076e-01 -7.73937683e-01 -9.10047308e-02
   1.89889837e-03 -8.80064632e-01 -4.29956134e-01 -7.60535387e-01
  -5.71602191e-01  6.14422779e-02  2.83262846e-01 -7.18649348e-01
   8.11168572e-01  3.55923971e-01  6.65705014e-01 -1.95001713e-01
   5.71975589e-01 -6.67054432e-01 -4.47374008e-01 -5.54363165e-01
  -1.97246970e-01 -6.65496426e-01  2.57813030e-02 -1.55224018e-01
  -5.26065464e-01  6.55025286e-01  9.23449039e-01 -7.38944353e-01
  -5.82426376e-01 -8.87456511e-01 -1.90243829e-01 -2.46507203e-01
  -9.49145272e-01  1.00545008e-01  1.97987275e-01 -5.46308565e-01
   9.80003245e-01 -5.20055713e-01  6.57992998e-01 -3.09211639e-02
  -8.26059766e-01 -1.05366662e-01  2.71158616e-01  2.34845295e-01
   6.46504749e-01  6.93810931e-01 -5.58342850e-01  5.83238238e-01
   2.53049008e-01 -6.93237194e-01  7.78880876e-01  7.26545648e-01
   2.39517414e-01 -3.92466085e-01 -6.40478184e-01 -3.07850790e-01
   1.17212846e-01  4.27716497e-01 -1.31131559e-01 -2.07386420e-01
   5.00961695e-01  1.20387843e-01 -2.77808883e-01 -1.27856008e-01
  -6.33533750e-01 -7.76606848e-01]
 [-4.63662643e-01 -7.68177851e-01  8.50461229e-01  2.79485309e-01
  -7.83746141e-01 -6.93493353e-01 -3.33121037e-01  4.98448733e-01
  -9.99190725e-01 -7.31659460e-01 -5.26638168e-01 -8.05693134e-01
   5.08401682e-01 -5.72329473e-01  8.70105725e-01  4.04212742e-01
   7.86588037e-01 -9.47542543e-01  9.32935412e-01 -4.40884011e-01
  -6.77015604e-01  1.93102851e-01 -3.19563464e-01  3.21802221e-01
   8.50657926e-01 -1.16677194e-02 -1.64217291e-01 -5.27583384e-01
   4.41195790e-01 -1.60350094e-01 -2.82074868e-01  2.37484034e-01
  -3.28225924e-02  9.80626190e-01 -6.23315612e-01  6.74209471e-02
  -6.09147030e-01  9.97698321e-01  5.27398222e-01  4.02361878e-01
   2.92247250e-01  5.92522163e-01 -1.03759511e-01 -5.81737480e-02
   2.58346253e-01  5.21879075e-01 -5.61165886e-01  8.34225110e-01
  -7.54184173e-01 -5.90654879e-01 -2.02803098e-01 -9.82767148e-01
  -6.64047766e-01  2.27175102e-01 -6.70066317e-01  5.52286465e-01
   1.57534885e-02 -7.23075813e-01  1.16753492e-01 -4.61222902e-01
   8.49627266e-01 -2.31475235e-01 -5.29513799e-01 -1.70013225e-01
   7.56167568e-01  2.61524596e-01  6.51490381e-01 -2.37739041e-01
   2.06142759e-01 -8.73993424e-02 -1.40922521e-01 -7.92775599e-01
   8.12637498e-01  5.17388303e-01  2.28323381e-01  1.20028506e-01
  -7.43714155e-01 -1.15053325e-01 -8.85008209e-01  6.07217329e-01
  -2.33005936e-01  5.06442365e-01  8.80666514e-01  3.62944229e-01
  -4.66699559e-02  5.20568077e-01  3.09168635e-02  8.48376975e-01
  -3.84329411e-01  3.02287277e-01 -9.60633691e-03  1.82384335e-01
   1.01437432e-01  5.44577028e-01  9.07436310e-01  9.45547885e-01
  -9.43121874e-01 -9.07649673e-01  9.93343302e-01 -7.08146084e-01
   9.73575803e-01  9.36529217e-01 -8.17440073e-01 -1.38775310e-03
  -6.96795544e-01 -6.69670112e-01 -6.56354791e-01  3.96525691e-01
  -7.63634946e-02  3.82942921e-01 -8.94498851e-01 -5.50374007e-01
   1.75696941e-01  3.11229779e-01 -8.06791618e-02 -5.61156157e-01
   3.97033029e-01  1.68532225e-01  5.69199892e-01 -8.68909102e-01
   5.60401205e-01  3.07043502e-01 -7.63693211e-01 -7.32310466e-01
   3.55403050e-01  8.77768654e-01  7.93297173e-01  3.18987608e-02
   5.86586468e-01 -4.26094601e-01  3.79133014e-01  1.18964992e-01
  -1.20968648e-01 -9.16704902e-01  9.54091573e-01  9.15320316e-01
   2.82635985e-01  5.76439822e-01  2.51583829e-01  9.62370201e-01
  -1.18978431e-01 -9.31398796e-01 -3.55015034e-01  9.73248996e-01
   2.39216280e-01 -2.17107685e-01  8.51545909e-01  5.70044228e-01
  -5.24658726e-01 -5.15026510e-01  7.63725129e-01  1.83155641e-02
  -5.07616808e-01  8.49532840e-01  2.21636840e-01  6.06508081e-03
   7.67169884e-01  5.28311367e-01  5.08197610e-01 -3.23652178e-01
  -2.78482201e-01  4.63282805e-01  1.52432213e-01 -6.55043770e-01
  -1.25758318e-01 -4.02077882e-01 -9.51850050e-01  6.58160952e-01
  -1.23603863e-01  1.22744799e-01 -7.75245046e-01  1.01064495e-01
  -9.22641553e-01 -5.00187387e-01  2.04053015e-02  5.78538950e-01
  -5.07179214e-01 -1.88259581e-01 -6.34101283e-01 -8.05752683e-01
  -9.14885507e-01 -5.76321833e-01 -2.55815957e-01  9.24511193e-01
   4.59094755e-01  8.96751591e-02  2.13491715e-01  6.51135582e-01
   6.75570647e-01 -3.66436801e-01  3.19954941e-01  6.53390897e-01
   2.16439416e-01  5.39034383e-01  9.63191545e-01  5.34348146e-01
   1.69115820e-01 -2.22462741e-01  2.42768752e-01 -3.89034260e-01
   1.77446057e-01 -5.90841943e-01  9.72734073e-02  1.19201916e-01
  -5.35233135e-01 -4.98718412e-01  6.58351262e-01 -4.41120540e-01
   6.01707799e-01  3.26148841e-01 -7.34297949e-01  9.57835789e-01
  -6.42455785e-01 -5.49498487e-01 -8.58244563e-01 -8.25186333e-01
  -3.04945379e-01 -1.64733190e-01  5.27957858e-02 -7.69729861e-01
   2.65742278e-01  4.33088777e-01  7.77750545e-01  3.82391584e-01
   6.54686199e-01  4.10864167e-01  5.12309410e-01  8.37189028e-01
  -8.18822584e-01  8.87947525e-01 -5.55018370e-01 -9.67377800e-01
   9.10580986e-01  8.65187305e-01 -7.42704530e-01  9.73135065e-02
  -2.15494708e-01 -2.33648977e-01 -8.82099014e-02  7.24183865e-01
  -9.81346937e-01  1.25943235e-01  2.07088087e-01 -8.10309477e-01
  -8.64762713e-02  3.70790502e-01  8.18083862e-01 -3.85887865e-01
   4.27488134e-01  9.01131388e-01]
 [-3.89252082e-01 -6.62694455e-01 -6.28448986e-01  6.48898362e-01
  -6.30049692e-01 -8.58364690e-01 -2.80149105e-02  5.12198943e-01
  -1.70234671e-01  9.83631295e-01 -4.09073501e-01 -1.85143316e-01
   9.28076757e-01 -1.86691181e-02  4.09000403e-01  3.37527772e-01
   1.43988526e-01  5.68645677e-01 -2.01459285e-01 -8.74963757e-02
   4.47684034e-01 -1.08950919e-02 -8.65678349e-01 -2.65095419e-01
   4.21722223e-01  3.11697960e-01 -7.50444140e-02 -9.69769918e-01
   2.99829564e-01 -3.52790149e-01 -4.65119959e-01 -7.25608650e-01
   1.34334899e-01  4.85466755e-01  9.60542037e-01  1.39211922e-02
   5.60748146e-01 -9.98360766e-02 -2.66449865e-02  5.22283063e-01
   3.99859831e-01  8.84081323e-02 -5.39931689e-01  8.32530774e-01
  -1.83566282e-01 -8.52123415e-01 -5.01285272e-01  2.62387343e-01
   3.97515943e-01 -8.74950843e-01 -6.94156779e-01 -4.06824274e-01
  -4.56502619e-01  7.10465893e-01  3.96357475e-01  7.46113269e-01
  -5.51752620e-01 -4.13101480e-01 -8.32532731e-01  4.45376862e-01
   3.26241016e-01 -3.67016794e-01  3.21571322e-02 -4.52223636e-01
  -7.60061622e-01 -9.82930542e-01  1.79223457e-01 -7.00654261e-01
   8.63947319e-01 -9.92027007e-01 -6.60266526e-01 -2.54478833e-01
  -8.28414102e-01  7.83182663e-02  6.33550540e-01  1.68895494e-01
  -4.99438882e-01 -5.35038139e-01  1.14710545e-01  7.15609160e-01
  -8.49163583e-02 -1.90923920e-01 -6.54216139e-01 -6.76374459e-01
   2.58422384e-01  1.36160443e-02 -4.15468657e-02  7.49392609e-01
  -9.15432079e-02 -4.54190263e-01  4.97049344e-01 -5.28545566e-01
   4.60227691e-01  4.48625912e-01  6.27999626e-01 -2.58054568e-01
   9.29957448e-01 -1.94284127e-01  2.89313831e-01 -3.76880819e-01
  -8.48845906e-01 -7.93457371e-01  4.15494078e-01  2.35137639e-01
  -9.06604292e-01  6.25839327e-01 -5.78400779e-01 -6.36362907e-01
   9.73939525e-01 -1.26633125e-02 -6.59280479e-01 -4.84716434e-01
   1.34358829e-01 -2.90640959e-01 -3.29774672e-01 -6.27591141e-01
  -2.62206622e-01  2.85891991e-01 -3.62114978e-01  9.55667908e-01
   5.05924234e-01  8.85006135e-02  2.19165446e-02 -2.88430424e-01
   7.02893246e-01  7.22753647e-01 -3.87716019e-01 -2.44358470e-01
   8.68436231e-01  9.38323441e-01  5.34752993e-01 -4.98897553e-01
  -8.64378228e-01  9.21561287e-01  6.47464724e-01  1.25773219e-01
   6.52374938e-01  6.26906335e-03  4.48775102e-01  7.91831406e-01
  -4.98531601e-01 -1.58456043e-01  2.78214781e-01  1.39602807e-01
   2.78258527e-01 -4.27067871e-01 -5.63862504e-01 -3.15932868e-02
  -8.29891855e-01 -9.34926634e-01  3.09780562e-01  5.74891218e-01
  -7.74265873e-01  5.03131346e-01 -1.70280725e-02  4.73814664e-01
   3.69516504e-01  4.19076584e-02 -2.31845032e-01  8.53554138e-01
  -2.77009697e-01 -8.03751453e-01 -5.97143502e-01  4.55855355e-01
   4.79118071e-01 -4.49850317e-01 -4.15893108e-01  1.45212452e-01
  -8.55293398e-01  7.01429994e-01 -9.85201430e-01 -9.05388880e-01
  -6.85476146e-01 -1.32129529e-01  7.36052575e-01 -5.67287531e-01
   6.70001846e-01 -8.44851900e-02 -3.30608810e-02 -7.25864895e-01
  -2.73385256e-01 -6.96701114e-01  8.77858217e-01 -9.99470877e-01
   9.60526732e-01  6.70273271e-01 -9.74490892e-01  6.95239119e-01
  -2.69425013e-01 -3.55015365e-01  1.72012575e-02 -2.40903419e-01
   4.04040637e-01 -2.59314483e-01  3.36474239e-01  6.21521205e-01
   5.36022020e-01  4.93328582e-01 -7.50136549e-01  6.83234971e-01
  -7.32288731e-01 -3.97326233e-01 -6.79024929e-01 -1.14165804e-01
  -7.56078172e-01 -9.32434396e-01 -1.19881217e-01 -5.13304705e-01
  -6.89522015e-01  8.34918427e-01 -2.34664794e-01  2.95200410e-01
  -2.00924382e-02  8.98341353e-01  6.40853932e-01 -6.91074905e-02
   8.13205757e-01 -3.87072069e-01  6.54823634e-01 -3.72478962e-01
   2.47983670e-01 -1.51053735e-01 -1.32133768e-01  9.91417533e-01
  -2.93455297e-01 -3.00583226e-01  9.54135038e-02 -7.89109609e-01
   6.39122053e-01  2.30510844e-01 -2.03701024e-02  4.11345972e-01
   7.48866927e-01  7.96465106e-01  4.66948823e-01 -5.65566839e-01
  -3.95057778e-01 -3.04848412e-01 -8.89119048e-01  5.83721356e-02
   6.50466559e-02 -4.17146285e-02 -5.04840833e-01  7.83470889e-01
   8.74661636e-01  7.28436425e-01  6.53630604e-01  2.00519285e-01
  -3.24006684e-01 -5.44398270e-01]
 [-6.32758048e-01  2.86738436e-01  6.24400366e-01 -4.22674665e-01
  -6.36259448e-01  3.05310122e-01 -2.48414216e-01 -5.84868301e-01
   7.12417616e-03 -7.16809139e-01 -5.72057439e-01 -2.59124972e-01
   8.00692456e-02  4.67680351e-01 -1.34004223e-01 -6.48101485e-02
   6.62899817e-01 -7.43805771e-01  4.47583618e-01  6.86864900e-01
   7.05210463e-01 -6.26215206e-01  7.79721587e-01 -1.54363785e-01
   1.01303666e-02 -9.02813836e-01  2.07218668e-01 -9.02612751e-01
   8.78304444e-01  8.78108807e-01 -8.70908621e-01  7.70353825e-01
   3.22313211e-01 -5.17118879e-01 -2.82748675e-01 -2.14999979e-01
  -8.90209784e-01  2.69952365e-01  7.52062981e-02 -8.59539043e-01
   2.87222875e-01  6.46150335e-01  6.03440911e-01 -8.43884093e-01
  -4.28874863e-01  5.55217477e-01  2.69720632e-01 -8.43830308e-01
   2.43405779e-01  2.56495482e-01 -8.11375246e-01 -3.07764747e-01
   1.20488487e-01 -6.91934896e-01 -8.27933155e-01  6.79969651e-01
   6.03972812e-01  1.57519104e-01 -2.67286296e-01 -5.97693878e-01
   4.21914520e-01 -6.07494749e-01 -2.22037538e-01 -9.87760686e-01
  -6.46207817e-01  5.41591023e-01  6.95635794e-02 -8.93477886e-01
   7.14179447e-01 -3.76257416e-01 -8.86991574e-01  9.83221604e-01
  -7.92433385e-02 -3.58940895e-01  7.83896798e-01  1.85902863e-01
  -9.79372754e-01 -5.35203245e-01  1.47850579e-01 -8.78146014e-01
  -5.68413272e-01 -5.07557454e-01 -8.12412606e-01  9.68351888e-01
  -5.33317917e-01  2.07728301e-01 -8.51663954e-01  1.09802423e-01
   1.60399204e-01 -7.98544875e-01 -1.22322825e-01  6.58369310e-01
   2.25533987e-01 -4.61023010e-01 -5.54722146e-01 -3.07993494e-01
   7.91518579e-01  7.42892490e-01 -1.69652143e-01 -5.13409968e-01
  -8.33818812e-01  7.48682574e-01  4.29104155e-02 -5.30773814e-01
  -8.16881559e-01  9.34799886e-01  8.52576919e-01  5.57717637e-01
  -8.28780748e-01  9.32404417e-01 -2.51777522e-02  8.15647417e-01
   6.29617385e-01 -5.81039090e-01 -1.98620066e-01  3.33248761e-01
   4.16380127e-01 -9.25752888e-01 -1.01177995e-01  2.61403113e-01
  -5.29526281e-01 -3.64156404e-01  6.65389367e-01 -3.79777932e-01
   1.41097167e-01  3.98965932e-01 -5.20054148e-01 -9.08369943e-01
   1.62900726e-01  4.36474575e-01  9.88450884e-01 -4.72330970e-01
   9.63603314e-01  8.61850359e-01  7.99673912e-01 -1.32470427e-01
  -4.62749758e-01  2.46573367e-02 -9.12774451e-01 -8.55043213e-01
  -5.87846203e-01 -4.67146039e-01  1.58690808e-01 -8.67760505e-01
  -1.02576501e-01  1.67449584e-02 -6.77965279e-01 -9.21831049e-01
   8.39858466e-01  4.28795648e-01  9.44771156e-01  6.81424647e-01
   2.82063961e-02  4.16097752e-01  9.03519225e-01 -8.81310232e-01
  -6.67280094e-01 -8.97097573e-02  6.64532621e-02 -6.62366285e-01
  -4.99605251e-01  4.13542128e-01 -3.68649823e-01 -4.10013618e-01
  -1.43628800e-01 -9.97851791e-01 -3.10326783e-01 -4.39383007e-01
   1.95091439e-01 -9.76529561e-01  6.24665886e-01 -8.09843204e-01
   7.31310258e-01 -3.43436696e-01 -9.50249800e-01  7.52911469e-01
   8.86397005e-01 -5.59421942e-01 -4.54973877e-02 -6.97174162e-01
   5.37969966e-01  7.53342537e-01 -9.92283109e-01  6.81326957e-01
  -3.16212308e-01  8.69787910e-01  8.06580205e-01 -3.61998856e-01
  -4.96605804e-02 -5.62057320e-01 -3.14093528e-01 -5.67305737e-01
   3.38237306e-01 -7.33854017e-01  1.37934274e-01 -9.01626572e-01
  -2.81026784e-02  1.27269563e-01  7.73063586e-01 -3.50918737e-02
  -1.77099819e-01 -4.81137995e-01  1.48361716e-01 -7.65438618e-01
  -6.19996456e-01  5.83388538e-01  1.93925776e-01 -9.60602740e-01
   8.47955577e-02 -9.70370058e-01  6.39830474e-01  6.88612504e-01
  -6.18733810e-03 -5.65026803e-01 -9.80974970e-01  9.61588495e-01
   6.11811929e-01  3.57525709e-02  2.79719642e-01  9.95197470e-01
  -2.77667877e-01 -7.84775276e-01  1.23236373e-01  3.12985298e-01
  -9.99660330e-01 -4.40193578e-01 -9.92612937e-01 -6.73916168e-01
   4.02430044e-01  8.88767924e-01 -2.32015230e-01  8.80311122e-01
  -3.71931310e-01 -2.93740131e-01  3.67634272e-01 -9.62628339e-01
  -9.75463447e-01 -6.25882012e-01 -9.42611866e-01 -7.43615711e-01
  -6.18152981e-01  7.93454350e-01 -4.87376015e-01 -5.82198097e-01
  -9.99124821e-01 -3.68275334e-01 -1.98556345e-01 -8.98801566e-01
   7.28673345e-01  7.57591311e-01]
 [-7.42925398e-01  5.42454501e-01  6.31206168e-01  1.98920592e-01
   9.71667184e-01  9.37150987e-01 -6.72043137e-01 -8.90136916e-01
   2.47716151e-01  6.59327684e-01 -7.45487209e-01  5.01981224e-01
   1.85979434e-02 -3.03648997e-02 -5.43186463e-01  9.12832600e-01
   3.95894811e-01  2.52955691e-01 -9.63705987e-01 -6.60150479e-01
  -9.76973852e-01  4.96535211e-01  1.86978107e-02  7.96586435e-01
  -6.35405917e-01 -3.81972229e-01  3.12504418e-02 -7.78862980e-01
  -6.06442054e-01 -7.97287099e-01  6.67249907e-01  7.49856271e-01
   3.69043241e-01  3.98231741e-01  6.73748456e-01 -1.25588259e-01
  -4.20015673e-01  7.54754388e-01  1.18265024e-01  2.57486607e-01
   8.15492040e-01 -4.40943616e-01  9.36479370e-01 -2.21723614e-02
   8.57560312e-01 -6.53259716e-01 -9.05932715e-01 -7.15591891e-01
   4.02789040e-01  6.13131045e-01 -4.15850988e-01 -6.31052171e-01
   3.08757985e-01 -1.13915738e-01  1.07460649e-01 -9.20374608e-01
  -7.70442828e-01 -4.92025908e-01  7.77114350e-01  9.34464971e-01
   5.59027840e-01 -9.28066086e-01  1.04207406e-01  3.61903477e-01
  -7.21712963e-01  9.52664907e-01  2.79195536e-01  4.31274816e-02
  -6.95863148e-01 -8.27673341e-01 -3.42433286e-01 -7.00751363e-01
  -8.84224352e-01 -1.24161608e-01  2.57379435e-01 -1.02919770e-01
   1.82425938e-01 -1.52840951e-01 -6.08090468e-01 -3.64674280e-01
  -7.27294616e-02 -6.42315249e-01 -2.04020559e-02 -6.91918140e-01
   3.60559791e-01  3.97100627e-01  2.59934771e-01  2.20782751e-01
   4.23566957e-01  5.33034093e-01 -2.29956388e-01  3.22690120e-01
  -3.33158362e-01 -5.47456186e-01  8.44668721e-01  8.53551927e-01
   7.19261007e-01 -1.38968557e-01 -5.31911231e-01  4.98699465e-01
  -6.10026419e-01 -5.60702732e-01 -4.38433317e-01 -5.70861625e-01
   2.57592644e-02 -5.85894197e-01 -8.95604548e-01  4.38447439e-01
  -5.23625034e-01 -2.08266365e-01  8.57428008e-01  6.21698005e-01
  -8.53661023e-01 -1.31910408e-01  1.61271745e-01 -8.54751143e-01
   4.80165976e-02 -5.14178048e-01  5.56150140e-01  2.50743713e-01
  -6.37971427e-01 -4.91725916e-01 -9.85792355e-01  4.59928526e-01
   7.91142435e-01 -4.53730500e-02  8.24930748e-01  9.16034848e-01
   8.89355960e-02 -4.41948376e-01 -5.40354799e-01  3.23331003e-01
   5.25638199e-02 -8.14443238e-01  8.99905179e-01  4.10243867e-01
  -7.27513504e-02 -3.98402823e-01  8.34255728e-01 -7.42552187e-01
   4.83814154e-02 -6.71451504e-01 -8.90523211e-01  9.30706094e-01
   1.52107657e-01  2.00928968e-01 -5.89458631e-01 -7.76213042e-01
  -4.92408928e-01  4.79527938e-01 -6.02379715e-01  3.01200305e-01
   1.68457239e-01 -9.51327100e-01  6.32167879e-01  2.57583122e-01
   9.38290038e-03 -4.61875106e-01 -1.86561796e-01  7.62263198e-01
   1.58373058e-01 -5.62257386e-01  8.74839633e-01  2.80559552e-01
   1.29196625e-01 -2.55925659e-01 -9.73342672e-01  7.45956876e-02
  -2.49878489e-01  9.01701265e-01 -4.66354876e-01  3.20667609e-01
   2.69844057e-01 -3.69124821e-01  5.01023526e-01 -3.28152222e-01
   6.79336882e-01 -7.45425218e-01  3.37875628e-01  5.76884498e-01
   2.52799313e-01  8.92920264e-01  7.79446664e-01 -3.96149731e-01
   7.00941927e-01 -3.86868840e-01 -6.72855430e-01  8.97566100e-02
  -2.25994963e-01 -5.49180847e-01 -6.91466351e-01 -3.94491459e-01
   2.08728676e-01 -4.17239984e-01 -1.31434954e-01 -1.66373578e-01
  -2.06196533e-01 -9.89985593e-01 -1.91529686e-01  3.23398819e-01
   4.75128601e-01 -9.81083003e-01 -9.48046750e-01 -8.29908331e-01
   1.52062607e-01 -7.82966114e-01  5.46695419e-01 -3.07299423e-01
  -7.54052769e-01  7.37665050e-01  7.83730468e-01 -8.13254890e-01
   2.02940378e-01  8.11291606e-01 -1.26123510e-01  3.31840471e-01
   7.59833750e-01  7.11554410e-01 -4.61540046e-01  1.21016153e-01
  -3.49152858e-01 -7.27494339e-01  8.33388988e-01  9.67052139e-01
   4.12286486e-01 -6.98855374e-01  4.74815394e-02 -3.13239946e-01
  -8.84868257e-01  6.63793250e-01  5.32999075e-01  6.23247878e-01
  -1.95037951e-01  8.91561869e-01 -3.45145030e-01  9.34604188e-02
  -7.37007172e-01 -3.65658096e-01  3.98607967e-02  8.44367384e-01
  -1.24275107e-01  3.83223556e-01  5.60957197e-01  2.08884418e-01
   2.33257397e-01 -9.85022521e-01  5.54579973e-01 -3.13594858e-01
  -2.30856262e-01 -9.39964111e-01]
 [-1.08245205e-01 -8.20833975e-01  2.06514198e-01 -6.38074256e-01
   3.88659993e-01  2.22653170e-03  2.13042947e-01  4.23163021e-01
  -9.41300803e-01  2.96083032e-01 -8.09542048e-01 -3.52377372e-01
   8.22910617e-01 -2.07534992e-01  1.35131825e-01  2.56048150e-01
  -1.43110845e-02 -5.72782368e-01  6.30929585e-03 -6.97899496e-01
  -6.15509102e-03 -3.24465169e-01  9.31420444e-01  4.87181323e-01
  -1.11175848e-01 -8.09598636e-01  2.51447577e-01 -4.64509178e-01
   7.13254281e-01  5.71525485e-01 -8.05957116e-01 -8.67864240e-01
   1.99693892e-01  9.59387930e-01  6.27053193e-01 -3.81112374e-01
  -4.51013038e-01 -2.05127344e-01 -3.19039525e-01 -5.67356926e-01
  -1.27938257e-01  4.75881477e-01  3.03906599e-01  7.52602735e-01
  -1.46625708e-01 -8.32101329e-01 -7.68291827e-01 -7.05709073e-01
  -3.60539994e-01  8.70703570e-01 -2.84484188e-01  3.28704087e-01
   5.58578375e-02  2.09313133e-01  3.99659103e-01  1.68772782e-01
  -7.84008462e-01 -8.69714123e-01  6.92522527e-01  6.23266033e-01
   9.88853318e-01 -6.79338266e-01 -4.89718414e-01  8.59227665e-01
  -2.73486118e-01 -4.40362153e-01 -2.71082520e-01  6.45760554e-01
  -6.32335763e-01 -6.29728358e-01 -6.31137621e-01  1.20665456e-01
   1.39194842e-01  9.68769380e-01  5.85690497e-01 -4.88692468e-02
   9.01366196e-01  3.31564924e-01  4.14373216e-01 -6.68723735e-01
   4.22774082e-01  8.29130950e-01  5.47604664e-01 -4.08752959e-01
  -4.12952255e-01 -8.84325332e-01  6.13275339e-01 -9.59292858e-01
   9.09678445e-01 -8.69874011e-01  6.58407539e-01 -5.00252598e-01
   7.41532222e-01  4.43904276e-01  8.83126919e-01  2.48189209e-01
  -4.88790848e-01 -4.29047196e-01 -8.22260377e-01 -1.55728587e-02
  -2.73864687e-01  2.21370627e-01  4.27185377e-01  1.39518248e-01
  -3.22427580e-01 -2.05323705e-01 -2.78882916e-01  8.12490742e-01
  -1.62140649e-01  8.17531092e-01 -9.21245063e-01  7.32765797e-01
   4.53716497e-01 -3.44763510e-01 -3.83065182e-01  6.26027452e-01
  -8.09326739e-02  1.44620794e-01  5.69499426e-01 -5.89109272e-01
  -1.40826014e-01 -8.27613372e-01  4.08898663e-01  2.83702389e-01
  -2.30996580e-01  1.67865383e-01 -2.03486556e-01 -9.77550240e-01
  -4.73835434e-01  8.27741776e-01 -6.27955966e-01  1.30073218e-01
   2.18415354e-01  4.48084641e-01 -7.18505920e-01 -5.77140690e-01
  -7.72914969e-01 -9.67141264e-02 -3.09955641e-03 -6.48837645e-01
  -8.40187157e-01 -6.26658602e-01 -3.30944102e-01  9.17103445e-01
  -4.67377408e-01 -1.14691655e-01  4.74673305e-01  2.57879782e-01
   1.86264656e-01 -4.75107351e-01 -3.10995265e-01 -4.24417543e-01
  -2.87730105e-02 -5.90196145e-01  1.53433438e-01 -6.86101783e-02
   3.70232072e-01  9.02261871e-01  9.17482378e-01  5.55681437e-01
   2.15505577e-01  6.66412218e-01  7.70806830e-01  5.29047874e-01
   5.48855267e-02 -8.02302540e-01  3.74768702e-01  4.09915186e-01
   7.05090865e-01 -9.46403723e-01  5.52795600e-01  4.42618929e-01
   5.68651429e-01  1.92441400e-02 -2.96229213e-01  5.19060504e-01
  -5.84490195e-01 -3.29821124e-01  5.24472822e-01 -9.31737313e-01
   9.10439108e-01  2.23867812e-01 -7.94139852e-01  1.83686231e-01
  -6.92152772e-01 -9.68896868e-01  5.54990705e-03  6.68412026e-01
   4.58888953e-01  4.92963564e-01 -1.69755852e-01 -4.36882232e-01
  -6.30365147e-01 -2.42794983e-01  2.22209359e-02 -7.61718261e-01
   8.65043382e-01  6.52012252e-01 -1.79052084e-01  5.03509616e-01
  -3.40683205e-01 -7.77439161e-01  6.67372970e-01  1.74969562e-01
  -1.38562437e-01  3.17374754e-01  8.14278744e-01  7.08497932e-01
   1.05741469e-01 -1.72055407e-01 -4.73861394e-01 -1.87951745e-01
   9.20999382e-01  1.32573358e-02 -9.49308638e-01 -7.54972914e-02
  -4.92139235e-01 -5.37340952e-01  6.64065313e-01  6.27468860e-01
   5.90794502e-01  5.03869441e-01 -7.58463803e-01 -1.47343155e-01
  -2.46241664e-01  6.10500835e-01 -7.85067042e-01  3.17227785e-01
  -8.63744486e-01  6.55649404e-01  7.80712284e-01  5.29829889e-01
   3.80770794e-02  2.81534479e-01 -9.89475559e-01  6.26292718e-01
   6.61665417e-01 -9.67719402e-01 -5.41918618e-01  8.39050690e-01
   7.88549730e-01  5.41849543e-01  5.98017839e-01  4.61775838e-01
   9.49993740e-01 -3.59373304e-01  3.06244433e-02  4.67488446e-01
   8.01095443e-01  9.22970810e-01]
 [-3.42181719e-02 -1.62291288e-01 -5.72347543e-01  1.59950374e-01
  -6.71331582e-01 -2.00949879e-01 -5.71845430e-01  8.61609680e-01
   9.13694285e-01  1.45179455e-01  1.60723745e-01  1.82945482e-01
   7.46671290e-01 -6.32601539e-01  9.43433582e-01  4.21985650e-01
  -5.46376323e-01 -1.75329347e-01 -5.67614700e-01  7.05495617e-01
   5.53253845e-01 -4.86409982e-01 -7.44803958e-01  3.16150893e-01
   2.57195544e-01 -3.82489665e-01  4.72703947e-01  8.05385284e-01
   8.30589029e-01 -8.78834118e-01  9.43070965e-01 -8.64150381e-01
  -6.09181234e-01  3.39182779e-01  8.50769032e-01 -3.09459563e-01
  -1.58851921e-01 -9.04908255e-01  9.90388162e-01 -2.06340106e-01
   9.77360325e-01  8.22082483e-01  3.38631719e-01 -5.51737860e-01
   6.02099730e-01  9.85812621e-01  1.32597994e-01  8.35924264e-01
  -6.03802590e-01 -9.00700514e-01 -1.96215586e-01 -8.07242744e-01
  -8.40222462e-02 -7.32709049e-01 -7.85121759e-01  2.96580208e-02
  -6.89881446e-01 -2.78051148e-01  2.07585717e-01  1.25440767e-01
   2.56390788e-03 -8.03837254e-01  2.47013718e-01  9.83364292e-01
  -7.63685603e-01  9.61579632e-01  4.00100993e-01  5.50792594e-01
  -3.30732727e-01 -2.41847233e-01  1.18882072e-01 -1.22741772e-02
  -2.24981256e-02  3.89450602e-01  3.39631736e-03 -6.67041969e-01
   1.36362228e-01  4.69074092e-01  1.34178206e-01 -8.84848724e-01
  -5.92843510e-01  7.15140881e-01  6.89666404e-01  1.61004377e-01
   1.66981541e-01 -6.94598257e-01  3.70064750e-01  8.14240706e-01
   4.54881683e-01 -6.07347637e-01  9.61327107e-01  2.68694856e-02
   7.83845771e-01 -4.05336703e-01  1.65478999e-01 -8.94295357e-01
  -7.79663443e-01  3.11814226e-01 -5.93967225e-01 -7.92903435e-01
  -4.28978753e-01  1.51869618e-02  8.19222314e-01  3.23009389e-01
  -7.71850636e-01 -8.64685763e-01 -2.60164544e-01  8.78454156e-01
  -6.05110591e-01 -5.90448804e-01 -2.33930838e-02  4.67372718e-01
  -8.32157472e-01 -2.34410612e-01  5.21782786e-01 -3.35828409e-01
   3.66217781e-01  4.96383405e-01  1.55977059e-01  3.56471343e-02
  -2.54386314e-01 -2.34471485e-03 -8.39610895e-01  4.45851882e-01
   4.27069781e-01  8.72139143e-01 -7.02050819e-01  9.45535295e-01
   4.80176895e-01  4.06952565e-01  5.41625532e-01  4.47133511e-01
  -9.53461532e-01  2.85503593e-01  7.77236250e-01 -2.24657582e-01
   4.77561547e-02 -7.65209016e-01 -2.46570098e-01 -2.98718769e-01
  -8.51477691e-01  4.70244149e-01 -3.73636509e-01  9.45224287e-01
   5.30541871e-01  2.70372491e-01  6.10991474e-01 -3.16842764e-01
   6.74325755e-01 -9.59031720e-01  7.91858153e-01 -7.79168878e-01
  -8.78703490e-01  7.12869672e-01  2.96037158e-01 -3.92502562e-01
   1.67599602e-01 -1.91933904e-01  1.90989172e-01  9.48797279e-01
  -7.15924650e-01  8.60204229e-01  8.67989395e-01  2.67772454e-01
  -7.54015333e-01 -8.90271918e-01  2.74970578e-01  9.45311991e-01
  -9.13015982e-01  4.43601628e-02  8.28137551e-01 -5.71175386e-01
   4.78833359e-01 -4.76429334e-01  3.43717287e-02 -6.25850881e-01
  -8.48505971e-01  1.68147502e-01  4.18380496e-01 -7.37194787e-01
   5.08901886e-01  9.30731762e-01  8.73092770e-01 -2.42723119e-01
  -9.10638716e-01 -8.88566003e-01  9.86468726e-01  9.26788530e-01
   1.75826142e-01  8.69274306e-02 -5.46633103e-02 -8.49412084e-01
   6.76722916e-01  6.38084399e-01 -1.31802895e-01 -5.74110372e-01
   3.08071210e-01  2.24657132e-01  5.33390074e-01  4.99478721e-01
   8.66884201e-01 -6.38809340e-01  9.02910581e-02 -3.55185683e-01
  -9.14775291e-01 -9.75293245e-01 -3.56453237e-01  8.54622766e-01
   3.44411088e-01 -9.50685362e-01 -6.06368646e-01  7.68980453e-01
   8.47169560e-01 -8.07045836e-01 -4.63869027e-01  9.93624440e-01
   5.12068562e-01 -7.59504073e-01  6.21866228e-01 -8.89248294e-01
   6.21374177e-01  1.73552034e-01  9.98235675e-01  4.64095469e-02
  -3.76779687e-01  7.10459882e-01  9.83700297e-01 -2.04094520e-01
   2.03219508e-02 -4.30398327e-01 -2.56212567e-01 -6.76462243e-01
  -3.58065165e-03 -6.60649663e-01  3.85348961e-01  9.13672001e-01
  -1.48874242e-01  3.90334487e-01  5.42081413e-01 -5.86286982e-02
  -7.13510181e-01 -3.08313893e-01  8.63349766e-01  1.14269234e-01
   4.80817568e-01 -1.95613905e-01 -6.71174652e-02 -4.85315509e-01
  -7.85214206e-01 -4.60156018e-01]
 [-3.99307626e-01  9.97065975e-01 -3.64339057e-01  4.59555549e-01
  -2.58084690e-01  3.75317063e-01 -7.31933172e-01 -3.94196003e-01
  -4.55408715e-02 -6.32787635e-01 -7.56748158e-01 -8.96637014e-01
  -7.26120366e-01 -5.53542096e-02 -1.50532685e-01  2.69153462e-01
  -8.18078018e-01  9.39008157e-01 -2.98283375e-01 -9.98251530e-01
  -3.67388384e-01  4.55885781e-01  3.76093244e-01 -4.95907607e-01
  -6.63692730e-01  7.72369831e-02  7.13746841e-01  9.33806804e-01
  -6.77740723e-01 -6.14392665e-02  3.13543310e-01  6.85569202e-01
   9.37161349e-01  5.09313222e-01  6.41725193e-01 -7.82915711e-01
  -4.36445508e-01 -2.75107659e-01  7.98142428e-01  6.03396905e-01
  -4.32914211e-01  4.83727894e-01  4.26724482e-01 -2.24649549e-01
  -6.36442839e-01  7.49289629e-01 -6.70909972e-01  7.08128786e-02
  -6.90915375e-01  1.49681651e-01  7.94087040e-01 -6.27570600e-01
  -2.09869383e-01 -9.70670656e-01  5.11169490e-01 -7.42202307e-01
  -4.90816445e-01 -5.36699062e-01 -6.55172694e-01 -2.91069325e-01
  -2.43348192e-01 -5.13772170e-01 -3.43591334e-01  4.23698586e-01
  -9.42256165e-01 -2.69002701e-01  2.62790768e-01  7.45088328e-01
  -9.23261968e-01  2.96336538e-01  1.01098545e-01  7.70075455e-01
   6.43641136e-01  7.54877561e-01 -4.70411150e-01 -3.71355387e-01
  -9.37888888e-01  1.92974105e-01 -9.43818513e-01 -1.64064492e-01
   8.18301938e-01  7.89377946e-01  9.17952033e-01  7.88979452e-01
   9.60078216e-02  1.23771380e-01  7.59666702e-01  1.25076767e-01
   6.38991052e-03  8.36889994e-01 -5.70722780e-01  8.89108916e-01
  -3.62174329e-01 -1.42138657e-01 -7.67723922e-02 -3.17966101e-01
  -2.81398751e-01 -1.07483921e-01  5.83142133e-01 -4.20978556e-02
  -3.86080542e-01  2.58232273e-01  2.94444083e-01 -4.67668504e-01
  -7.64541078e-01 -7.25654706e-01 -5.53938426e-01 -4.95228263e-01
   8.36335308e-02 -1.28109461e-01 -3.79116751e-01 -6.90464238e-01
   7.74751674e-01 -5.34567654e-01 -8.97621175e-01 -3.28311885e-01
  -8.27454673e-01 -5.96393858e-01  3.79947208e-01 -9.67555491e-01
  -6.86531429e-01  9.34253593e-01 -5.64476340e-01 -3.84764619e-01
  -3.50646426e-02 -2.74157666e-01 -4.50186610e-01  6.17820407e-01
  -3.01449823e-01 -9.59104468e-01  2.91246955e-02 -9.98995978e-01
  -6.02374675e-01  2.91512230e-01  9.81958542e-01 -9.53134659e-01
  -9.42837534e-01 -2.42235717e-01  7.18840261e-01  8.53900207e-02
   6.68418289e-02  9.29952799e-01  5.21528953e-01  4.32074507e-01
   7.97282398e-01 -1.33949918e-01 -2.98428230e-01  6.39054362e-01
  -7.35948662e-01  2.41055388e-01 -6.25247330e-01 -3.42749906e-01
  -3.04520576e-01  5.64241463e-01 -5.96524798e-01  3.74819606e-01
  -5.02814380e-01  1.03393264e-01  1.40885137e-01 -9.13934389e-01
  -5.82177436e-01  3.16978147e-01 -3.27148212e-01  7.15504062e-01
  -4.13067376e-01  5.83167632e-01  8.13276208e-01  3.37421493e-01
   4.39252093e-01  1.70836083e-01 -4.01936548e-01  7.93847022e-01
   1.78578075e-01 -8.57947098e-01  1.58264120e-01  2.14573544e-01
  -7.91628146e-01  4.03870678e-01 -7.12479371e-01 -7.88917707e-01
  -5.77841386e-01  6.96422830e-01  3.64065077e-01  2.44032655e-01
   9.61464631e-01  6.97045004e-01 -3.24603698e-01  3.82062327e-01
  -3.97693990e-01  3.99659678e-01 -9.20374060e-01  3.23193006e-01
  -7.98021377e-01 -4.42452057e-01 -3.70560390e-01  7.23376201e-01
   7.31050278e-01 -3.05443811e-01  5.31334460e-01 -3.58928656e-01
   4.72498852e-01 -8.27732026e-01  4.95767595e-02  6.10028255e-01
  -3.88325569e-01  6.69634296e-01  1.23084735e-01  1.23895828e-01
  -2.85981814e-01 -7.84349368e-02 -5.98060848e-01 -8.31620037e-01
   6.86175108e-01 -2.65398378e-02  7.27213659e-01 -3.55273529e-01
   1.11758225e-01  2.44326496e-01 -5.76185029e-01  7.70169561e-01
   3.19655339e-02 -1.87954392e-01  2.47872328e-01  3.67050588e-01
   7.69011022e-01 -4.04188696e-01 -6.46044276e-01 -8.18432457e-01
   8.27331470e-01  2.60087329e-02 -3.68363640e-01 -2.67235282e-01
  -5.65720435e-01 -2.85700017e-01 -7.19150461e-01 -1.97787806e-01
  -2.99614593e-01  4.57417008e-01  4.66689236e-01 -5.76275716e-01
   4.97137471e-01 -9.25832040e-01 -4.70590664e-02 -7.49084830e-01
  -1.56311253e-01 -1.72478425e-01 -6.03314167e-01 -6.98903933e-01
  -2.15939837e-02  4.32483271e-01]
 [ 1.97830525e-02 -2.25950202e-01 -6.88115821e-01  3.12454304e-01
  -3.58038082e-01 -8.67925985e-01 -8.47262327e-01 -8.38862465e-01
  -6.33709975e-01 -6.55148103e-01 -2.65779576e-01  3.16844211e-01
  -4.93138838e-01  1.72441423e-01  1.69244046e-01 -2.09874887e-01
  -1.44140106e-01  2.21605466e-01 -8.95705228e-01 -8.75216612e-02
   6.30929430e-01 -9.37411177e-01 -4.62283274e-01  3.19019931e-01
   6.90384868e-01  5.17627247e-02 -2.97625237e-01 -5.04138704e-01
   6.96840143e-01  6.73387301e-01 -4.02149699e-01 -2.04034250e-02
  -5.02671093e-01 -3.76332199e-01 -5.88231380e-01  2.25144136e-01
   4.06486507e-01 -3.25264495e-01 -8.36640693e-01 -3.37756384e-02
   9.76199846e-01 -6.18681415e-02 -4.52482432e-02  1.77152367e-01
  -6.96731527e-01 -1.38931356e-01 -6.10884825e-01  7.14416545e-01
  -5.86050821e-01 -5.51639090e-01 -7.44247624e-01 -8.01796279e-01
   4.79628587e-01 -1.03271128e-01 -5.14855571e-01 -1.52846143e-01
   5.45372074e-01 -2.31366836e-02  3.83125836e-01 -1.35408281e-01
   2.49096045e-01  4.21037917e-01 -2.48586714e-03 -6.77813745e-01
  -4.86819452e-01  4.30045964e-02  3.71444677e-01 -5.63687093e-01
  -2.12772020e-01  6.74622581e-01  6.26823852e-01 -7.89993946e-01
  -1.11184275e-02  3.50328851e-01  7.97538671e-01  9.50636426e-01
   2.08942667e-01  3.75975528e-01 -8.17425126e-01  1.40733899e-01
  -4.51914369e-01 -8.66441198e-01  3.78236611e-01  3.53379084e-01
   9.88021289e-01  8.21518952e-01 -6.14859804e-01  9.61559702e-01
   7.94095557e-01 -8.83298792e-01 -9.11643345e-01  5.88808126e-01
  -2.17808950e-01 -1.13731767e-01  3.44368880e-01 -8.06982679e-01
   2.45588703e-01 -1.58699856e-01  5.72341750e-01  2.66485793e-01
  -2.91232467e-01  2.56446969e-01  7.13906300e-01  2.51890603e-01
  -2.76027800e-02 -7.41595838e-01 -5.85993341e-02  6.41248687e-01
  -1.57626146e-01  5.67878018e-02  8.64355494e-01 -2.05467716e-01
   3.79153573e-01  4.50732090e-02  7.17850225e-01  8.70395007e-01
   8.45217682e-02  1.26116299e-01 -1.37998278e-01 -9.84270348e-01
  -8.40937397e-01  4.15848315e-01  7.85697249e-01 -2.26534765e-01
   7.85105961e-01  8.31483205e-01  1.41722191e-01  9.26281145e-01
  -9.38635369e-01 -4.22986279e-01 -7.39738494e-01 -7.05280250e-01
   8.25180088e-01 -5.95187589e-01  3.69934397e-01 -8.20807192e-01
   4.19957115e-01 -1.49639042e-01  8.99150459e-01  5.23992759e-01
  -9.28615138e-01  9.41000638e-01  4.24600824e-01  7.79537266e-01
   2.24747704e-02 -7.20900206e-01  4.76128540e-01  5.00131347e-01
   4.36306280e-02  1.81793976e-01 -6.29809249e-01 -2.47162396e-01
  -3.13027685e-02 -1.17718897e-01  4.87767309e-01 -3.83426269e-01
  -2.53181766e-01 -1.53115357e-01 -2.02576345e-02 -5.11635821e-01
   6.80263493e-02  7.41274551e-01 -9.18860505e-01 -9.33708641e-01
   7.47431733e-01  9.59232921e-02  1.58194066e-01  1.40959909e-01
  -1.46275768e-01 -2.57177226e-01 -8.54328267e-01  3.43702246e-02
   1.73858373e-01  2.56669529e-01  2.38611105e-01 -2.82728630e-01
  -1.11738534e-01 -3.54469769e-01  9.20361830e-01  9.52740676e-01
   3.96610045e-01 -6.87977331e-01  9.65304509e-01 -5.55592211e-01
  -7.45971271e-01 -5.54285931e-02  6.52803452e-01  7.46076283e-02
   3.58737410e-01 -4.86103875e-01  8.84130412e-01  8.69093316e-01
   1.35332640e-01 -6.45385327e-01  3.92791486e-01  6.23767258e-01
   7.82656905e-01  1.45160901e-01  4.01615819e-01 -7.48567633e-01
   4.04164074e-01  5.64424973e-01  4.26289926e-01 -2.67903440e-01
  -5.39904897e-01  5.63493173e-01  3.00507883e-02 -6.41531955e-01
   3.96934900e-01  1.35186167e-01 -7.31074448e-01  6.01393969e-01
   2.70250653e-01 -7.51127568e-01  2.93736890e-01 -1.15531291e-01
  -6.86971245e-02 -8.41879984e-01  8.18170483e-01  6.03309468e-01
  -1.46808976e-01  6.99270387e-01 -5.89944549e-01  8.14068932e-01
  -5.15984837e-01  8.65700271e-01 -8.03116063e-01  1.39755208e-02
   2.74210247e-01 -1.80131436e-01  5.71819172e-01  8.53958569e-01
   5.08764287e-01 -1.23277339e-01  1.63608957e-01  8.86476323e-01
   6.18005175e-01  7.19427207e-01  8.93543280e-01 -4.66831972e-01
  -1.45701866e-01  9.82255476e-01 -2.45818030e-01  7.13261591e-01
  -9.39599146e-01  6.51797163e-01 -9.88466987e-01  2.22957490e-01
  -8.86842300e-02  9.40201408e-01]
 [ 2.50838174e-01 -5.82352317e-01  7.41469682e-01  3.02563430e-01
  -2.10240329e-01  8.80224198e-01  2.22491372e-01  6.82043020e-01
  -7.61195851e-02  8.52544819e-01 -2.29356867e-01  6.93900589e-01
   4.31898733e-01  2.57583144e-02  8.09920518e-01 -5.75835378e-01
  -2.55076859e-01  8.40542832e-01 -3.18701348e-01  5.05082109e-01
  -7.54083384e-01  2.03269748e-01 -6.62468045e-01 -5.44694394e-01
   5.54779703e-01  2.25963349e-01 -2.10337112e-01  6.81103662e-01
   7.94947434e-01  9.51326243e-01 -8.57477899e-01  5.17061894e-01
   2.97925568e-01  6.20602425e-01  2.86005264e-02  9.69194476e-01
  -2.22390509e-01  9.70831802e-01  7.02801113e-01  9.51024833e-01
  -4.66169587e-01  6.95290248e-01  4.07426799e-01 -6.81361268e-02
   1.74843477e-01 -1.96313643e-01 -5.00705304e-01  4.57155781e-01
  -9.13483743e-01  2.82283300e-01  6.75201051e-01 -4.23001529e-01
   9.00864600e-01 -2.37039093e-01  6.47472716e-01  6.11154660e-01
   3.18302000e-02 -1.15100331e-01 -1.95322210e-01  2.46109061e-03
  -5.15277636e-01 -1.08396979e-02 -4.51531872e-01 -9.27416629e-01
  -6.04253003e-01 -5.09242993e-01  6.89973290e-01  5.18042591e-01
   5.85997058e-01  2.47034928e-01 -1.97370999e-01 -2.83480243e-01
  -1.73448259e-01 -4.62681197e-01 -7.41277014e-02 -2.99540007e-01
  -3.00330057e-01  4.16997609e-01 -9.00312560e-01 -9.91491790e-01
  -3.27963498e-01  8.24685082e-01 -4.20789658e-01 -1.37222775e-01
  -7.79483556e-01  4.93623056e-01 -4.14343201e-01  4.60275851e-01
  -9.89876028e-01  1.65095403e-01  8.98561442e-01  4.83758437e-01
  -1.87502738e-01  8.60078527e-01  7.26246449e-01 -1.82454465e-01
  -8.49410575e-01 -5.05742482e-01 -2.63346310e-01 -2.68587214e-01
  -4.82836680e-01 -2.20953465e-01  7.63538677e-01  6.37746087e-01
   6.39964347e-01 -8.89085664e-01 -4.99101689e-01  3.25066191e-01
   6.51543296e-01 -8.57688756e-01 -1.71014738e-01  3.97787514e-01
  -7.90866633e-01  2.93604688e-01 -3.51425770e-01 -5.98376817e-01
  -8.62632566e-01  7.27388457e-01  4.67879979e-02  5.70913351e-01
   5.88413744e-01 -7.46762397e-01 -9.61012912e-02  6.70175846e-01
   9.44431448e-01 -5.32087441e-01 -8.64270582e-01  1.80321334e-01
   6.23666417e-01 -3.55727864e-01  9.34076993e-01 -1.06387497e-01
  -4.41724229e-02  1.65327562e-01  8.29322772e-01  3.61161739e-01
   4.30735243e-01 -6.11413812e-01  6.43706169e-01  4.53216428e-01
   2.50819531e-01  9.59379114e-01  7.35798998e-01 -6.76869604e-02
  -3.73160018e-01 -5.80379998e-02  1.33855517e-01 -1.49006187e-01
  -2.33392818e-01  5.87451215e-02 -8.69139273e-01 -6.17169096e-01
  -3.87904008e-01  9.43004809e-01 -1.97341565e-02 -1.38408276e-01
   9.84142739e-01 -2.83388965e-01 -9.88477597e-01 -5.14408972e-01
   7.38431496e-01 -3.25454841e-01 -7.00531451e-01 -6.84046221e-01
  -2.87638943e-02  4.96824814e-01 -8.79608292e-01  9.53565233e-01
  -7.08542740e-01 -1.70142954e-01 -1.63614316e-02  1.82273765e-01
  -7.50059151e-01  2.10020833e-01  9.95883603e-01 -9.86363384e-01
   8.75458651e-01  8.89357194e-01  5.74543734e-01 -9.72847694e-01
  -9.11773116e-01  8.40395569e-01  2.27648724e-01  4.61816453e-01
  -3.22977002e-02  7.51115878e-01 -4.82695441e-01  8.17987897e-01
  -2.40928446e-01 -3.50182729e-01 -2.22472425e-01 -8.08444369e-01
  -4.95953976e-01  1.13371341e-01 -6.78108641e-01 -5.22659245e-01
  -1.19418414e-01 -6.72937826e-01 -1.75557228e-01  8.69355722e-01
   9.51740992e-01 -8.13366842e-01 -5.16914001e-01  8.66371671e-01
  -6.81629740e-01 -1.94961633e-01 -8.42090118e-01  7.11431315e-01
   2.16261630e-01  8.83036476e-01  5.57567702e-01 -6.15598930e-01
   7.49886905e-01  6.70843054e-01  8.00626941e-01  9.12024640e-01
  -4.56549379e-01 -6.03517005e-01 -7.68666833e-01  5.05994355e-01
   2.61803113e-01  7.50857589e-01 -9.59279550e-01 -1.32610849e-01
   6.24005089e-01  3.00470245e-01 -2.37456891e-02 -2.28592310e-01
  -6.49938794e-02  7.49717754e-01  5.38847502e-01 -1.23709043e-02
  -5.25196116e-01 -4.38050266e-01 -7.54840040e-01 -1.92836515e-01
   5.99455133e-01  2.63908072e-01 -5.69122839e-01 -8.47192875e-01
   9.30359495e-02 -7.51898328e-01 -2.87233296e-02  1.24145102e-01
   4.45467766e-01  9.66796185e-01  6.53568074e-02  9.81607093e-01
   3.46685892e-01 -7.45921350e-01]
 [ 8.18762466e-01  5.35243896e-01 -5.30985966e-01  9.76974706e-01
   9.71385419e-01  1.21208449e-01  5.66019663e-01 -8.72756072e-01
  -8.43519954e-01 -9.95241656e-02 -9.16080865e-01  2.56953096e-01
   7.07178411e-01  1.74892312e-01  1.97900303e-01 -7.58283944e-01
   5.92185405e-02  9.43897597e-01  7.74396696e-01  8.51228693e-01
  -5.27420619e-01  9.30553328e-01  8.09111773e-01  4.36873664e-01
   4.62948060e-01  4.70581358e-01 -3.84814585e-01 -8.44045438e-01
  -4.31164270e-01 -8.53396253e-02 -5.21619971e-02  3.28630175e-01
   8.92604743e-01  1.58341235e-01 -4.23605132e-01 -6.04976138e-01
  -9.22512035e-01  7.56431090e-02 -6.88184089e-01 -9.24461287e-02
  -8.67185980e-01 -5.51366566e-01 -5.64266733e-01  9.23180835e-01
   5.72847522e-02 -6.01006162e-01  7.75519805e-01 -8.27555934e-01
  -1.13008774e-01  5.74176823e-03  2.92502872e-01  1.61775695e-01
  -4.19651353e-01  2.47261068e-02 -7.65746236e-01 -5.74815883e-01
   3.07327192e-01  7.44246179e-01 -5.27952513e-01 -2.37499443e-01
   8.36653572e-02  8.96942678e-01  3.45721020e-02  3.35537755e-01
   5.81894764e-01  1.41610980e-01  3.96667001e-01  8.62956617e-01
  -6.00721506e-01  6.51093635e-01  7.19614106e-01  5.06882347e-01
  -9.96371959e-01  3.71278953e-01  9.88411483e-01  1.62650078e-02
  -8.26114025e-01  1.58152285e-01 -9.50342375e-01  7.10317006e-01
   5.50079940e-01 -7.36020598e-01 -6.81334118e-01  3.00177977e-01
   1.57228024e-01  6.11874394e-01  3.48447311e-01 -3.89038696e-01
  -4.79123728e-01 -9.10011536e-01 -9.45650748e-01 -6.46061828e-01
   6.87366878e-01  5.51578586e-01 -5.60458652e-01 -4.12910215e-01
   7.64353089e-01  2.79291728e-01  3.77067882e-01 -7.79771670e-01
   9.93022098e-02  9.86925231e-01  8.92247504e-01  2.81215805e-01
   9.15689077e-01  1.96625674e-01  7.74298359e-02  6.36311297e-01
   3.77692879e-01  8.86447665e-02  5.84407249e-01  3.42472288e-01
  -7.44512426e-01 -7.43310000e-01 -2.04156666e-01  9.57474688e-01
   8.87963717e-01 -3.09795794e-01 -2.19670363e-01 -3.66204187e-01
  -7.81399002e-01 -6.63112914e-01 -7.59490596e-01 -1.09257350e-01
  -7.50167790e-01 -7.45380520e-01 -3.88413222e-01  3.69868949e-01
   7.37388322e-02 -5.57458047e-02 -3.74291757e-02 -8.14918565e-01
  -9.97688449e-01  7.47912722e-01 -3.01598975e-01 -9.84653328e-01
  -5.11459607e-01  3.97142219e-01  3.99488005e-01  4.70235156e-01
   6.67431745e-01 -5.71890356e-01  7.94539311e-01  4.94494064e-01
  -9.46772849e-01 -5.17606236e-01 -9.55155399e-01 -3.79633880e-01
   6.17498607e-01 -9.82197626e-01 -4.73144779e-02  5.37584386e-02
  -2.46094350e-01 -1.29417038e-02  3.84985838e-01  4.87083379e-01
   2.12243770e-01  9.35000773e-01  1.64183214e-01  9.21882387e-01
  -5.90789268e-01  9.26061378e-01 -7.64726103e-02  8.37652459e-01
  -7.56825949e-01  1.63778672e-01  1.49854503e-01  9.75967706e-01
  -4.28164432e-01 -9.01172030e-01  4.57067736e-01  7.11999180e-01
   3.46017025e-01 -4.19358300e-01 -4.68680959e-01  2.14515374e-01
   9.19078014e-01 -3.22675801e-01  8.06260876e-01  4.50707160e-01
  -2.83337881e-01  5.02949184e-01  6.71651278e-01 -6.89914638e-01
   6.64804988e-01 -8.58291995e-01 -4.74816656e-01  9.77431381e-02
   4.40588608e-01  7.43363408e-01 -2.70557623e-01  4.16360828e-01
   3.20578253e-01  7.82533771e-01 -7.84753843e-01 -2.58571386e-01
  -4.94232952e-01 -4.85045044e-02  6.29976526e-01  5.94798386e-01
  -9.55576055e-01  7.74643509e-01  5.72720611e-02 -9.38229279e-01
  -7.07383831e-01 -3.27504100e-02 -2.96613392e-01 -3.05946199e-01
  -6.28233081e-01  4.75553184e-01 -1.62757119e-02  6.00316521e-01
  -1.11353297e-01 -2.84603505e-01 -9.77361238e-01  9.25741868e-01
  -5.64774224e-01 -6.16886006e-01  3.48930610e-01 -7.90241669e-01
   1.85837638e-01 -8.86240535e-01  3.71471952e-01 -9.45173570e-01
   5.33426100e-01 -7.43252161e-01 -5.21102797e-01  3.53233576e-01
   4.53135895e-01  1.73917265e-01  7.49118753e-01 -5.36770761e-01
   2.72031465e-01  3.84440917e-01  8.49942159e-01  2.65385894e-01
  -9.92707448e-01 -7.27280796e-01 -2.99485483e-01  7.30780063e-01
   7.71567220e-01 -2.11203630e-02 -6.64471355e-01  2.14087931e-01
   2.56548061e-01  9.35974735e-01 -7.90580411e-01 -5.43877418e-01
  -7.39052006e-01  8.07260102e-01]
 [-5.81434567e-01  3.76520222e-01 -3.01147229e-01 -3.63419822e-01
  -2.99216921e-01  1.12024512e-01  6.05265390e-01 -7.73920503e-02
   7.44979369e-01  8.78649086e-01 -8.01587718e-01 -8.96771914e-01
  -8.34992627e-01  9.89341051e-02 -7.76621588e-01  4.86517938e-01
  -7.86648400e-01 -9.95780188e-01 -8.91885493e-01  7.85682810e-01
   2.60759249e-01 -6.21137277e-01 -3.04313688e-01 -1.81617502e-01
  -8.58061780e-01 -5.69549732e-01  8.29698780e-01  8.47419381e-01
   9.47432774e-01  3.52031163e-01  1.05221072e-02  6.84582327e-02
   5.18399538e-01 -3.54528889e-01 -8.77704664e-01  2.54526057e-01
  -8.13664425e-01  1.94181163e-01  5.35302936e-01  4.77286847e-01
   1.91971782e-01  2.93486560e-01 -2.85398740e-01 -6.00856642e-03
  -3.94958703e-01  3.71356721e-01  8.84266970e-01  1.48571201e-01
  -9.25098536e-01 -3.69773016e-01  8.17779212e-01  3.07076323e-01
  -9.80429137e-01 -3.60772183e-01  7.68959818e-01 -4.12120394e-01
  -5.40433453e-01  6.37452773e-01  7.67327561e-01 -4.64291555e-01
   4.96759107e-01  6.59137720e-01 -4.05415400e-01  2.13331888e-01
  -5.11438467e-01 -5.49182407e-02 -9.26826911e-01  2.72550492e-01
   9.80644785e-01  7.80422729e-01  4.11812494e-01  4.29879554e-01
   9.17999406e-01  5.07093317e-01 -8.42005947e-01 -4.26688165e-01
   9.71229901e-01  3.02634966e-01  1.79182283e-01  5.80347649e-01
   1.68522407e-02 -6.04322337e-01 -1.65701641e-02 -1.35914108e-01
  -3.26362388e-01 -5.08897712e-01  4.64550303e-01 -7.67891912e-01
   2.46306326e-01  3.15116303e-02 -7.62590119e-01  8.14978262e-01
   3.99111730e-01  5.77379211e-01  7.17377594e-01 -7.40350390e-01
  -5.30076370e-01  4.12702442e-01  9.17746423e-01 -1.87317772e-03
   1.37164171e-01  4.42777377e-01  1.78643957e-02  8.98966560e-01
  -2.46548471e-01  1.31464659e-02 -6.11562225e-01 -4.56701095e-01
  -9.95049839e-01 -9.22352418e-01 -1.52527445e-01 -5.69196679e-01
  -4.21475267e-01 -8.85077744e-01  5.40472491e-01  1.74704891e-01
   6.52388560e-01 -1.70257079e-01 -8.67980205e-01  2.92612357e-02
   5.37085209e-01 -5.27625494e-01 -4.32487917e-01 -2.58951523e-01
   8.25968028e-02 -1.11653452e-01 -2.95682636e-01  9.46694323e-01
   8.51054868e-01  2.15331856e-01 -1.69173556e-02  2.87002709e-01
   1.39539511e-01 -1.30364681e-01  6.33018168e-01 -5.45927618e-02
  -5.96600019e-01  9.38602976e-01  3.02341693e-01  8.00512177e-01
  -2.13952636e-01  3.89536386e-01  4.48504298e-01  6.97250345e-01
  -3.01746902e-01  4.76901191e-01  2.98043356e-01 -7.70148916e-01
   9.38264437e-02  6.06251870e-01 -7.54121952e-01  4.87412678e-01
  -6.33566440e-01  9.56560544e-01  6.79333618e-01 -3.16958644e-02
   1.21716446e-01 -3.81895679e-01  9.35397776e-01  3.82212936e-01
   6.60599660e-01 -6.45103573e-01  9.22663709e-01 -1.87680560e-01
   8.79448290e-01  5.67187713e-01 -2.06879343e-01  4.40350487e-01
  -9.26547497e-01  7.69623455e-01 -4.67041583e-01  3.73428182e-01
  -4.18205084e-01 -2.73291030e-01  4.26648030e-01 -3.29331577e-02
  -1.54606756e-01 -4.34900789e-01 -2.71965337e-01 -5.06813045e-01
   1.48159397e-01  2.31297470e-01  8.86713913e-01 -9.07590726e-02
   1.89934629e-01 -9.94749377e-01  2.08731166e-02 -7.77503770e-01
   9.99327866e-01 -2.52386221e-02  1.35143510e-01  9.11395962e-01
   7.10124176e-01 -5.81633878e-01 -9.81197812e-01 -7.97318116e-01
   4.67743813e-01  6.27842294e-01 -3.01396874e-01  6.19500103e-01
   3.01495104e-01  8.90957198e-01 -4.26628693e-01  5.21023452e-01
  -5.43803758e-01 -9.76025197e-01  9.65880975e-01 -7.39354136e-01
  -1.77130906e-01  7.70387119e-01 -3.96494664e-01 -3.41240060e-01
  -1.47082636e-01 -1.52263570e-01  3.21393529e-01  1.89666138e-02
  -5.06903432e-01  3.03814720e-02 -9.82063959e-01 -7.02950417e-01
  -2.77798555e-02 -7.22914798e-01  1.92166962e-01 -2.61410638e-01
   5.81611371e-01 -6.79524499e-01  4.12076029e-01  6.97386400e-01
   5.08447766e-01  3.53339116e-01  1.62403765e-01  7.51211850e-02
   3.35670979e-01  7.98584120e-01 -7.01707910e-01 -4.65469595e-01
   7.31274935e-01  1.03834706e-01 -8.00991349e-02 -7.09963922e-01
   7.05323883e-01 -8.58294399e-01 -2.37552436e-01  8.73482636e-02
   5.97944595e-01  7.25798022e-01  7.70234964e-01  3.25455480e-01
   6.12802056e-01  6.71537111e-01]
 [-8.59590208e-01  3.98521276e-01 -1.22373556e-01 -7.24088151e-02
   6.79679900e-01  2.95282576e-02 -2.88320310e-02  6.71060589e-01
  -8.50184661e-01  1.94143813e-01  6.06147678e-02 -2.31607470e-01
  -8.25262039e-03 -2.87453274e-01 -1.01906346e-01  9.08476316e-01
  -9.63172549e-01 -9.52820655e-01  8.55018015e-02  6.65340625e-01
  -9.21856271e-01  3.45902546e-01  1.34573104e-01  3.03769294e-01
  -3.59627698e-01  5.23679339e-01  2.83835056e-01 -8.78055656e-02
   6.96176011e-02  8.63616421e-01 -6.89491189e-01 -9.11161620e-01
   4.57226710e-01  8.88987390e-01  5.38852510e-01  4.32127889e-01
  -9.97631982e-01 -3.95022749e-01 -6.76778963e-01  6.95147170e-01
   7.09767248e-01  9.50693948e-01  1.50373932e-01  4.07110087e-01
   4.07243495e-01 -7.85127440e-01 -2.62011372e-01 -6.52582066e-01
  -6.23996855e-01  5.59496765e-01 -9.20674392e-01 -7.70330550e-01
  -2.43302035e-01 -9.91599257e-02  3.85780308e-01  9.25233281e-01
  -5.80771733e-01  8.52966753e-02  1.73784591e-01  9.47622354e-02
  -1.71745505e-01  3.94002758e-01  8.02943094e-01  4.94496082e-01
  -6.35230801e-01  5.53325138e-01 -7.24385299e-01  4.75345853e-01
   7.10001581e-01  6.19109535e-01  7.76416010e-01 -9.84744726e-01
  -3.88835192e-01  1.47848620e-01  7.34767604e-01  1.32175156e-01
  -6.87231644e-03  9.26409696e-01 -6.75191758e-01  8.70695852e-01
   8.88248087e-01  7.05311065e-01  8.62641246e-01 -2.91671478e-01
   3.20637510e-01 -9.56850559e-01  3.05883034e-01 -6.56781090e-01
   9.40891615e-01  4.21707806e-01  8.12671137e-01  1.24778151e-01
  -2.65258064e-01 -2.79000088e-01 -8.47113909e-01 -5.01357936e-01
  -6.41471668e-02 -3.87678503e-01 -2.29700971e-01  4.31653825e-02
  -4.19581730e-01 -6.91628703e-01  6.31625601e-01  6.71531890e-01
  -8.15114772e-01 -3.92626249e-01  4.95286928e-01  6.90300425e-01
   3.30866759e-01 -8.41929468e-01 -3.97082723e-02 -3.22389997e-01
  -9.20460242e-01  5.80973914e-01  1.73540104e-01  7.98226347e-01
  -1.97541392e-01 -3.33953865e-01 -4.12948988e-02  9.23428230e-01
   8.44741137e-01 -1.40020184e-01  5.92292127e-01 -8.68235641e-01
  -3.20391715e-01  1.28104496e-01  3.34038614e-01 -5.79522668e-01
   7.82001990e-01 -1.61190016e-02 -1.74148535e-01  1.70486541e-01
  -3.28733109e-02 -6.21698345e-01 -7.72280180e-01  3.17425885e-01
   2.06051086e-01  4.29807989e-01 -6.48082910e-01 -9.26607033e-01
   9.59810113e-01 -5.97466383e-02 -4.59421408e-01 -5.37768419e-01
   8.31472555e-01  4.99889634e-01 -8.26363720e-01 -7.66897072e-01
  -7.84278510e-01 -9.44249216e-01  8.45183742e-01 -9.10660098e-01
   1.23589580e-01 -6.99510531e-01 -5.44896834e-01 -9.53589144e-01
   4.48008592e-02 -3.38050180e-01  1.13752827e-01 -3.64502632e-01
  -4.26013609e-01 -3.30725360e-01  2.15173624e-01  1.38150316e-01
   9.15591558e-01 -1.12142440e-01 -4.02563938e-01  9.32913531e-01
  -7.34453091e-01  2.43906388e-01 -5.59647287e-01 -4.51654264e-01
  -2.38154407e-01 -7.45383612e-01  2.63592555e-01  8.35413841e-01
   4.98108394e-01 -7.16939452e-01  9.75698440e-01  8.04070167e-01
  -8.72312389e-02  2.47146831e-02 -5.21692646e-01 -3.71278305e-01
   2.61219171e-01 -9.81042916e-01  1.99140573e-01  2.67912100e-01
  -8.43883078e-01  9.72196342e-01 -9.26898951e-01 -6.04983308e-01
   4.57701159e-01  4.27175939e-01 -1.68440874e-01  7.32030863e-01
   6.96419828e-01 -9.10676060e-01 -8.38028078e-01 -5.75898964e-01
   6.28692372e-01 -2.69887582e-01 -1.03813483e-01  2.99344789e-01
  -5.88453014e-01 -7.71967412e-01 -3.51016819e-02  5.32332516e-01
   5.51090452e-01  3.41962554e-01 -8.19385553e-01  4.44863058e-01
   6.05229017e-01 -5.29567306e-02 -5.25852129e-01  2.78895961e-01
   9.00109995e-01  9.22337569e-01 -5.68657113e-02  5.27810393e-01
  -4.59778790e-01 -5.78706140e-01 -9.39924712e-01  5.49521235e-01
  -5.48926032e-01  8.89565031e-01 -1.11023624e-01  8.45284088e-01
  -3.90996699e-01  5.24390268e-01  3.11090664e-01 -8.58254206e-01
  -1.46880154e-01  7.56406254e-01 -3.30491548e-01 -8.16822431e-01
  -8.46188144e-01  3.96260564e-01 -8.90914680e-01 -5.13355109e-01
   7.34913252e-01 -4.60955593e-02  6.46511609e-01 -9.07102402e-01
  -3.52851410e-03  7.72467314e-01  9.71801841e-01  5.31970045e-01
   5.22911992e-01 -9.15037465e-01]
 [ 3.57590165e-01  7.73364493e-01 -7.32609253e-01 -1.21605141e-01
  -8.90970682e-01  6.98398102e-01  1.36325278e-01  4.46547446e-01
   8.70849932e-01 -5.00272847e-01 -9.91658393e-01  2.43821951e-01
  -7.34614753e-01  2.01947659e-01 -8.11603427e-01  7.38692318e-01
   7.41217775e-01  7.95317770e-01  9.20671090e-02 -6.07839287e-01
  -4.29318915e-01  1.99730929e-01 -4.15918267e-01 -7.65431324e-01
   2.79660778e-01 -7.13312151e-01 -1.60522158e-01 -5.12051023e-01
  -1.01295494e-01 -1.95510748e-01  3.34145299e-01  2.32117140e-01
  -9.20533257e-01 -2.05198076e-01  4.82933645e-01  7.49904014e-01
   7.27467481e-01  4.30207412e-01  1.89242637e-01  5.08992012e-02
  -1.14754309e-01  1.27136893e-01 -1.35482977e-01  1.67584162e-01
   3.97789774e-01  2.97244777e-01 -9.52093740e-01  4.35875284e-01
  -8.60526451e-02 -9.81516128e-01 -3.93847892e-01 -9.31942120e-01
  -5.37609721e-01  2.59202583e-01  2.74960195e-01  4.31985368e-01
   6.71600448e-01  4.33511523e-01  7.94880580e-01  4.97178570e-01
  -7.14954368e-01  4.56977804e-01 -3.63921943e-02 -3.61997880e-01
  -5.50168680e-01  9.54844452e-02  3.26891367e-01  3.33221587e-01
  -4.47790944e-01 -6.18472236e-01  7.73854806e-01 -8.21554227e-01
  -2.74761708e-01  9.31932215e-01 -8.08838466e-01  6.80432801e-01
  -7.83313913e-01 -2.19653520e-01  2.59144747e-01  4.35446923e-01
  -2.98780571e-01  9.59059167e-01  3.27636498e-01 -8.26934265e-01
  -2.79556336e-01  9.60104543e-02 -3.40273161e-01 -4.52234622e-01
   6.23562393e-01 -8.19273252e-01 -3.11385152e-01  8.28077631e-01
   3.96785446e-01  2.69437450e-01 -3.52400065e-01  9.18798652e-01
   3.85356319e-01  5.00685378e-01  5.87972130e-01 -2.17118816e-01
   1.76000352e-02  7.62902871e-01 -3.93916207e-01 -9.87429718e-01
  -9.95180215e-02 -9.61884363e-01  4.35623000e-01 -1.82358392e-01
  -7.67876844e-01 -5.65750862e-01 -1.42764146e-02  9.77717502e-01
  -3.90599850e-01 -6.14642370e-01 -8.03423932e-01  9.62527563e-01
  -6.75829919e-02  6.49245942e-01  4.07753801e-01 -1.22250615e-02
  -9.36785978e-01 -4.96989946e-01 -4.80924886e-01  5.60796541e-01
   1.38522325e-01 -2.47922109e-01 -9.54785417e-01  7.35380983e-01
   1.74659521e-01  2.33261491e-01  2.13700798e-01  6.92419046e-01
  -9.25918724e-02  3.55635134e-01 -6.80244858e-01  1.50249133e-01
   3.52629412e-01  2.41201411e-01  3.86405213e-01  6.09514565e-01
   9.97816000e-01 -8.49690305e-01 -7.55750857e-01  6.87188314e-01
   3.95288176e-01 -6.67557435e-01  1.21114427e-01 -5.83949935e-01
   3.26918407e-01 -7.32487022e-01  8.39553208e-01 -4.05544811e-01
  -9.88099820e-01 -9.70710149e-01 -6.13330972e-01  5.95950186e-01
  -7.33343125e-01  5.18108827e-01  1.44365560e-01  3.38790558e-01
  -7.53673984e-01 -2.64039363e-01  4.07796930e-01  9.50180370e-01
   9.84775387e-01 -9.60198819e-01  9.46584523e-01 -6.11027906e-01
  -2.61128974e-02 -2.47148915e-01  5.28660497e-01  8.63043069e-01
   8.13429506e-01  7.37678390e-02 -7.13732458e-01 -3.46749953e-01
   2.60872800e-01 -6.84696515e-01  1.06111929e-01 -9.27988615e-01
   8.80734230e-02  8.19750468e-01  1.35783770e-01 -7.95274616e-01
  -8.07894233e-01 -1.79830709e-01  5.90085713e-01 -9.09114701e-03
  -7.20125333e-01  6.24977979e-01  7.91785300e-01 -7.08097765e-01
  -7.57262605e-01  7.48948542e-01 -6.47299343e-01 -3.78614342e-01
  -2.92290453e-01 -6.05324503e-01  1.28078190e-01 -5.84593690e-01
  -8.78297119e-01 -9.67718011e-01  2.05296167e-01 -8.79297501e-01
  -2.03467902e-01 -1.58855858e-01 -1.34045209e-01  7.54766182e-01
   6.85389437e-01 -2.35441444e-01  4.04862288e-01 -2.43320477e-01
   7.55714590e-01 -5.41874739e-01 -1.42599967e-01 -7.54904823e-02
   1.88549990e-01  3.68665706e-01  9.71854755e-01 -8.04289678e-01
  -2.19648662e-01  4.90959132e-01  1.35894761e-02 -5.61156357e-01
  -8.49239453e-01 -5.72145209e-01  5.30530338e-01 -9.50716705e-01
  -6.20513746e-01 -2.19032694e-02 -6.79908419e-01  6.17137716e-01
  -3.33291116e-01  1.32923294e-01 -5.52858976e-01 -7.82388577e-01
   5.11011989e-01 -7.20106958e-01 -8.79256774e-01 -5.84216013e-01
  -3.20601392e-01  2.86233722e-01 -2.89622235e-01  4.43587545e-01
  -3.26539699e-01  6.80657742e-01  5.52523860e-01 -7.50756179e-01
   9.55314784e-01 -8.59706354e-01]
 [ 2.65998550e-01 -6.83217064e-01  4.51467520e-01 -9.48258552e-01
  -3.83342245e-01  4.01673449e-01  9.24025121e-01 -9.56130528e-01
   6.12649501e-01  3.62881010e-01 -9.88911264e-01  1.99488804e-01
  -2.33703874e-01  4.35086885e-01  9.85329928e-01  2.02511243e-01
  -6.68068300e-01 -3.97577900e-01  7.13885650e-01  6.74248938e-01
   6.47426312e-01 -7.92158666e-01 -1.79732509e-01 -6.58618664e-01
  -9.61257157e-01 -8.36286768e-02 -2.62701816e-01  4.07588359e-01
  -7.80033414e-01  6.16239485e-01  2.57128129e-01  5.09222836e-01
   5.59313148e-01 -4.24360189e-01 -1.11085686e-01 -1.76797811e-01
  -6.70146014e-01 -1.79913310e-01  2.49939728e-01  9.23355391e-01
   3.20471892e-01 -1.95038130e-01 -8.00354300e-01  1.19956291e-01
  -6.03035373e-01 -8.07880462e-01 -3.83688246e-01  1.63975211e-01
  -2.81487218e-01  3.14654037e-01  8.16018112e-01 -9.27834773e-01
   3.61894271e-01  3.19117700e-01  2.41778848e-01 -6.76478001e-01
   3.37615341e-01 -3.18567522e-01 -5.05759903e-01  4.84573660e-01
  -4.78249217e-01 -3.77760634e-01  2.08585445e-01 -3.48777637e-02
   7.46772198e-01  4.69496789e-01  1.18611808e-01  2.31498296e-01
  -5.30387633e-01 -9.61153137e-01  8.73924895e-02 -7.87125379e-01
   9.97094758e-01  1.55311919e-01 -6.74820589e-01  5.40912916e-01
  -1.69712383e-01 -5.69336013e-01 -8.37697017e-01 -8.46809233e-01
  -1.21039971e-01 -3.20495219e-01  2.94633262e-01  9.85992832e-01
   6.66878950e-01  9.50325823e-01 -6.71035167e-01  4.18077550e-01
   9.05197291e-01 -8.18033465e-01 -6.69521685e-01 -9.05851446e-01
   6.26495428e-02 -4.49646606e-02  5.30596717e-01 -4.56197433e-01
  -8.20414631e-01 -4.03986863e-02  9.90516925e-01 -7.72676122e-01
  -5.47893388e-01 -4.74673885e-02 -9.69695923e-02 -2.41754838e-01
   1.24744995e-02 -5.85926735e-01 -1.11390049e-01  4.99077716e-01
  -9.28642919e-02  8.97806477e-01 -9.65069598e-01 -6.38979586e-01
   5.80985683e-01 -6.93763562e-01 -7.88266943e-01 -8.45384828e-01
   2.35459852e-01 -7.03778948e-01 -8.15551964e-01  1.71926419e-01
   1.91205432e-01  3.19351622e-01 -1.90457992e-01  6.77393056e-01
   4.28442344e-01  2.15900435e-01  5.15820276e-01  9.26188053e-01
  -2.05729600e-01  6.43107057e-01  2.90770929e-01  2.71361960e-01
  -2.38516250e-01  4.60539345e-01  3.86118162e-01 -4.60615117e-01
   9.04536453e-01  2.71905602e-01  7.25401077e-02 -9.34268885e-01
  -5.13168228e-01 -3.81619557e-01 -6.05694767e-01  5.63699208e-01
   5.40583247e-01 -4.84591316e-01  9.56991742e-01 -4.78160690e-01
   8.68012143e-01 -7.47422453e-01 -3.43208903e-01 -1.53672864e-01
   5.63285558e-01  7.52484446e-01 -8.54400080e-01  2.71059044e-01
  -4.95380321e-01  8.85397426e-01  1.63342241e-01 -1.82110016e-01
   6.38679345e-01  1.27456689e-01 -7.92199211e-01 -6.25901967e-01
   4.65444732e-02 -3.39989037e-01  9.73833395e-01  9.02347026e-01
   9.36508657e-01  5.83632469e-01  5.48736825e-01  5.21615314e-01
   9.19526750e-01  7.51323206e-01  3.80018601e-01 -3.97416717e-02
   2.29920635e-01 -6.77545813e-01 -9.48598570e-01 -1.30049415e-01
   1.91170167e-01  9.42825985e-01 -3.92117754e-01 -7.29688166e-01
  -1.69334894e-01  3.20065269e-01  1.01234735e-01  9.87851005e-01
   6.12730632e-01  8.34612922e-01 -2.96093867e-01 -5.88603897e-02
  -4.93218169e-01 -3.26990931e-01 -5.68962697e-01  7.30560385e-01
   4.69757954e-01 -6.44625850e-01 -7.11722954e-01 -8.00175005e-01
  -2.01991946e-01 -1.45472777e-02  1.14614040e-01 -1.87862627e-01
   2.36297175e-01 -3.29070749e-01  2.96893889e-02  5.95163061e-01
  -2.78349052e-01 -4.30079397e-01 -8.94258572e-01 -3.11478374e-01
  -2.98604759e-01 -8.27298989e-01 -2.89698384e-01  7.44762961e-01
   6.41280496e-01 -4.03862183e-01  1.35379895e-01  1.15997496e-01
  -2.03135697e-01 -7.31118423e-01 -5.33252746e-02  9.61115732e-01
  -3.49478353e-01  9.22501141e-01  5.18369274e-01 -8.14449764e-01
   9.44584836e-01 -9.37377408e-02 -9.99130636e-02  9.10544565e-01
   8.17007840e-01  2.14945127e-01 -7.77001442e-01 -7.98426024e-01
  -2.92289059e-01 -7.59214545e-02 -7.17683742e-01 -4.23185732e-01
   7.43360274e-02  9.91482096e-01  7.64873034e-01  2.35498219e-01
  -5.37824314e-01  9.91547876e-01 -2.88313126e-01 -8.70477361e-01
   2.17918402e-02 -9.12056177e-01]]