[[-6.46020516e-02 -6.44837924e-02 -1.70330517e-02  9.23798619e-02
  -6.34676010e-02  4.16336344e-02  8.37812381e-02  4.83393012e-02
   2.98679306e-03 -5.49640221e-02  2.66607051e-02 -1.11299342e-01
   5.01468245e-02 -8.04642349e-02  3.31496031e-02  1.20391830e-02
   8.88237305e-02 -4.60786113e-02  5.85005525e-02 -1.12643135e-01
  -9.86560589e-02  7.28540075e-02  8.29090136e-02  9.47847347e-02
  -6.96768680e-02  1.08050416e-01  9.23966932e-03  4.86499422e-02
   4.85680185e-02 -4.78729521e-02  8.25007795e-02  4.54289860e-02
  -9.39078886e-02  9.49629786e-02  1.73903397e-02 -2.35766226e-02
   2.75473044e-02 -2.67997596e-02  1.16440117e-01  4.33539373e-02
   9.66763716e-02  2.74836598e-04  1.17715116e-01 -3.83871511e-02
   2.38122006e-02 -1.21288205e-02  6.57918876e-02  6.43980460e-02
  -1.55501755e-03 -1.08074560e-01  2.63155451e-02 -1.83359079e-03
   1.75607445e-03 -8.44530186e-02 -1.09871493e-01 -4.84078995e-03
   7.29791887e-02  7.49773893e-02  7.79851136e-02 -6.92074316e-02
  -1.01778334e-01 -9.65693526e-02 -9.83651769e-02 -1.41285880e-02
  -1.15176113e-02  8.43395392e-02 -6.12820843e-02  2.24440500e-02
  -9.84108034e-02  7.23289235e-02  2.70124851e-02 -7.26734545e-02
   7.05130182e-02  1.74919651e-02  2.38880075e-02  1.17705207e-01
   1.03372454e-01 -1.03128564e-01 -1.00695758e-01 -1.88693240e-02
  -9.06244940e-02  9.32040133e-02  5.67520636e-02 -8.96194163e-02
   4.55152480e-02  1.12704511e-01  3.19195130e-02  2.52977121e-04
   1.02005963e-01 -1.18188189e-01  2.47726031e-02  4.70104457e-02
   9.88824310e-02 -5.17049268e-03 -5.95449724e-03 -2.04652936e-02
   2.01019004e-02  8.07652738e-02  7.45893915e-02 -3.05447328e-02
  -9.66937736e-02  3.24096674e-02 -4.06088559e-02 -6.08662180e-02
   8.23711620e-02  6.80717359e-02 -7.35673732e-02  2.85086939e-02
  -2.93642306e-02 -1.16714980e-01 -1.16907757e-01 -9.32684049e-02
  -3.28427385e-02  4.70378415e-02 -9.51220105e-02  3.56077088e-02
   3.39091097e-02 -2.45309229e-02 -2.62210087e-02  9.08454968e-02
   3.56115656e-02 -7.71694070e-03  9.89308841e-02  1.17194188e-01
  -2.19790040e-02 -6.10601699e-02 -1.88056897e-02  6.44024015e-02
   1.86430322e-02  7.26777764e-02 -1.00088641e-01 -3.63766821e-02
  -5.44899582e-02 -8.21798060e-02  1.75601288e-02  5.75352958e-02
   5.46231340e-02 -1.10254535e-01  1.23487226e-02  6.50724343e-02
  -6.61235776e-02  8.07060428e-02  9.94090648e-03 -1.13322564e-01
  -1.48856420e-02 -2.57759765e-02  4.28331681e-02 -2.26673051e-02
   5.29395590e-02  8.30110526e-02 -7.80545430e-02  8.52406002e-02
  -7.69681255e-02  3.44160634e-02  4.83568861e-02 -9.21629956e-02
   4.71947894e-02 -8.21360717e-02 -1.05635683e-01  1.53110141e-02
   1.66044442e-02  4.73207595e-02 -5.99097663e-02  1.18482497e-01
  -1.12172668e-01  1.02467756e-01  5.05258353e-02  7.11193619e-02
  -2.41611134e-02 -7.15557770e-02 -2.44162703e-02 -1.11230378e-01
  -9.56547836e-02 -1.52701807e-03  6.79202860e-02  9.39575196e-02
  -1.05136877e-01  3.02985106e-02  9.64758002e-02  9.94706254e-02
   1.04518079e-01 -6.19480149e-02 -1.07171747e-01 -9.28554305e-02
   4.85752153e-02 -5.85118743e-02  1.14093917e-01  5.53693861e-02
  -1.08057912e-01  5.07602529e-02  3.01993877e-02  1.00113195e-01
   1.10228277e-01 -5.20976234e-02 -3.87634530e-02 -6.17337072e-02
  -1.17470397e-01  5.74275566e-02 -8.13154371e-02 -7.17130486e-02]
 [ 5.41027015e-02 -1.10132020e-01  1.09764905e-01 -6.57168907e-02
  -1.21887333e-02  1.14585248e-01 -6.00822609e-02 -1.23590407e-01
   2.07735860e-02 -7.01242241e-02 -2.09823859e-02 -3.26549002e-02
  -2.14768800e-02 -2.52171754e-02 -3.84494314e-02 -9.34046603e-02
   3.56969167e-02  8.89116834e-02 -1.05359016e-01 -7.38289997e-02
   1.02746502e-01  1.95930169e-02 -4.39495676e-02  7.55668671e-02
  -7.96584804e-02 -1.04290549e-01  1.16383123e-01  1.60901087e-02
   4.15925872e-02  3.53077012e-03 -1.83873291e-02 -3.12393477e-02
  -5.89175882e-02 -9.14893767e-02 -8.87483660e-02 -9.99651038e-02
   3.34807468e-02 -1.25456809e-03  1.02093575e-01 -6.61397463e-03
   3.18080027e-02 -1.00920604e-01 -5.86204357e-02  3.83677983e-03
  -1.04071125e-01 -4.14626312e-02 -5.07358278e-02  3.86768863e-02
  -4.79057411e-03 -5.44151143e-02  4.64926992e-02 -5.16375683e-02
   1.57438481e-02  2.15071947e-03  9.14254677e-02  7.75188787e-02
   6.00711335e-02 -9.54079962e-02 -9.74787727e-03 -6.52454081e-02
   8.17006708e-02  1.19405580e-01  1.00969778e-02  1.22853259e-01
  -1.15543659e-01 -7.67921222e-02 -9.87387489e-02 -4.23277742e-02
   7.78531113e-04  1.59824418e-02  9.63468542e-02  1.06586048e-01
   6.70631423e-02 -4.86497560e-02 -1.01042804e-01 -8.78859889e-03
  -2.12518764e-02  7.54478594e-02  1.19637629e-01 -3.57393225e-02
   7.05875134e-04  6.31870619e-02  5.37868406e-02  1.12983692e-01
  -1.83276678e-02 -3.45208523e-03 -6.84223426e-02 -6.55879750e-02
  -4.91258379e-02  8.09585236e-02 -1.10769662e-01  1.04251148e-01
   1.26946765e-02  3.13494613e-02  4.30150532e-02  1.18910872e-01
   9.50371596e-02  6.43981258e-02  4.02232218e-02 -8.44428256e-02
   9.90277659e-03 -1.04558308e-01 -9.03901290e-02  3.38842166e-02
   6.82006866e-02 -1.26732795e-01  2.68888142e-02 -9.10535918e-02
  -1.09084204e-01  5.75362832e-02 -4.67575390e-02 -9.17854034e-02
   2.33465415e-02  3.68737346e-02  5.91098537e-02 -6.78857075e-02
   7.39195042e-02  1.18401005e-01 -1.06303646e-01  9.46221308e-02
   2.42072663e-02 -1.01897459e-01  1.61249418e-02  5.08217860e-02
   3.41587468e-02 -1.12441219e-01 -6.96156299e-02  9.55839727e-02
  -9.68322725e-02 -3.77282868e-02 -1.07160897e-01  2.57471621e-02
   1.15709381e-01  7.74833605e-02  2.84559960e-03 -6.81720138e-02
   1.05207407e-01 -6.35550987e-02 -1.79938328e-02  1.55341505e-02
  -7.41632506e-02 -8.41371991e-02 -1.06453863e-02 -3.02815059e-03
  -1.75832577e-02  5.66116926e-02 -9.53793689e-02 -3.13546888e-02
  -4.97797665e-02  1.05114067e-01  3.86348658e-02 -6.98245215e-02
  -6.64845440e-02  6.46723540e-02  6.91523845e-02 -3.87833214e-02
  -3.62324196e-03 -1.23906786e-02 -1.04192397e-01 -7.07731924e-02
  -9.86197521e-02 -9.34464945e-02 -9.45783482e-02  8.95246987e-02
  -8.16900849e-03  7.21842412e-02  8.39872583e-02  1.02512957e-01
  -3.40799946e-02  9.75680246e-02 -1.01287362e-01  4.55137426e-02
   1.45944469e-02 -1.10329561e-01  5.42575088e-02 -6.96125984e-02
  -4.00514637e-02  9.61535801e-02  4.57810083e-02  4.90346990e-02
  -1.56270097e-02  8.82139124e-02  1.52996505e-02 -3.90904075e-02
  -5.97567545e-02  1.13283860e-02  8.06747868e-02 -1.95980171e-02
   1.97791844e-03 -3.23059435e-02 -3.21722376e-03  7.00188353e-02
   9.20830137e-02 -1.81593514e-02 -2.72233581e-02 -4.81476405e-02
   1.13996009e-01 -4.04791025e-02  1.23128725e-01  9.55365725e-02]
 [-1.11090320e-02 -1.10653730e-01 -1.52466975e-03  5.63475203e-02
  -3.27853202e-02 -8.03035383e-02  3.91273660e-02 -6.48844317e-02
   9.63471238e-02  3.49630007e-02 -8.96246042e-02  1.02549311e-01
  -9.13527775e-02  1.11149875e-01 -6.51633863e-02 -3.53812699e-02
   4.33845491e-02  7.93676658e-02  2.71305347e-02  3.72940477e-02
   1.02614428e-01 -1.07663950e-02 -1.03084494e-01 -8.09450126e-02
  -3.37845818e-02  3.43637868e-02 -7.37557877e-02  5.17859841e-02
   4.01534944e-02  1.04379346e-01 -1.50202531e-02 -5.96543672e-02
  -1.15766857e-01 -1.02066586e-01  2.58139918e-02  4.44967978e-02
   9.84349927e-02 -3.12526918e-03 -7.83309654e-02  3.61546241e-02
   6.18006308e-02  5.89976586e-02 -1.48498062e-02  3.03584181e-03
  -8.87184956e-02  1.08071226e-01  7.95941954e-03  5.40731411e-02
   2.60021356e-02 -3.47180605e-02 -6.37978104e-02 -2.72344576e-02
   1.03523074e-02 -1.18820323e-01 -7.84813008e-02  8.80132722e-02
  -9.86166492e-02 -8.29573920e-02  1.43967197e-03  1.07340101e-02
  -1.10464871e-01 -7.00082515e-02 -7.72833533e-02 -6.08504577e-02
   1.02155315e-01 -8.19019589e-02  1.06017530e-01 -8.66106606e-02
   7.84807666e-02  1.05574569e-01  4.24500969e-02  9.67717261e-02
   3.94256286e-03 -1.18599546e-02  7.58194329e-02 -8.87826744e-02
  -9.15647463e-02 -8.39748778e-02 -4.24038712e-02  1.04183731e-01
  -2.36445747e-02 -9.73153171e-02  8.51810294e-02  8.51361056e-02
  -6.76759355e-03 -8.54273595e-02 -1.68259969e-02 -1.26700106e-02
  -2.22770731e-02  3.45315875e-02 -3.25621915e-02 -3.44940099e-02
   2.45765480e-02  5.55380753e-02  1.06896785e-01 -1.18702007e-01
   5.85655448e-02  1.31397566e-02 -7.89092843e-02  1.10038524e-01
   2.37649583e-02  4.59861930e-02 -6.19957583e-02 -2.67305269e-02
   3.37849305e-02  1.01601600e-01 -6.78688895e-02  5.80586259e-02
  -4.71615491e-02  4.68127509e-02  5.47739626e-02  3.47006162e-02
   3.71912580e-02  8.59697229e-02 -5.70258904e-02 -7.00733607e-02
   2.37249875e-02 -5.00793750e-03 -7.35411335e-02  8.04209679e-02
  -7.63858110e-02 -9.22111938e-02 -9.71266618e-02  5.74240596e-02
  -8.80337118e-02 -6.24049083e-02 -9.51046425e-02 -9.35759671e-02
   7.37427369e-02 -5.72712069e-02 -5.10621377e-02 -9.66322225e-02
   8.07446041e-02 -4.03610188e-02  3.17113973e-02  5.05799248e-02
   9.96592491e-02  1.01185008e-01 -3.56915803e-02  6.76879848e-02
   1.13179764e-02  4.88768603e-02 -7.24741121e-02 -3.59055568e-02
   6.53958756e-02 -3.45959257e-02  5.37016709e-02  1.72096878e-02
   2.89497933e-02 -7.77813999e-02 -4.11387780e-02  5.09520213e-02
  -6.09481190e-02 -2.72818878e-02  8.50267969e-02  9.69681590e-02
  -5.05565138e-02 -1.00768047e-01  1.41688324e-02 -1.06182344e-01
   9.04196241e-02 -7.55448281e-02 -1.82163302e-02 -1.11054175e-01
  -1.19082375e-01  7.11158414e-02  5.97251922e-02 -7.74292224e-02
   7.73054314e-02 -3.85269979e-02  8.54999324e-02 -8.17225185e-02
   9.99980069e-02 -8.21133184e-02 -1.08536989e-01  1.72083390e-02
  -9.54085702e-02 -2.61613069e-02  6.64381631e-02 -1.10647253e-01
  -5.54817532e-03 -8.20517534e-02 -1.15815804e-01  2.77057266e-02
  -1.02152855e-01 -1.12211212e-01  1.00120586e-01 -7.21366528e-02
  -2.35285324e-03  1.02328988e-02 -7.14211523e-02  8.70770206e-02
   4.56797216e-02 -1.15642012e-01  8.36711932e-02 -1.04251169e-01
  -4.55118377e-02 -1.64343556e-02  7.82606462e-02  7.61867191e-02]
 [ 1.06027825e-01  6.98453325e-02 -1.19726546e-01 -1.68760194e-02
  -7.90506260e-02  3.61067173e-02 -8.56209723e-02  1.17949924e-01
  -7.49203030e-02  2.86650698e-02  1.07672715e-01  5.29059838e-02
   3.60530713e-02 -7.54438203e-02 -1.49290220e-02  2.36381176e-02
   1.05594584e-01  2.71133642e-02  1.20062155e-01  5.11915117e-02
   8.89126904e-02 -1.20907180e-02 -3.41710951e-03  5.33743096e-02
   8.49065554e-02  1.32694028e-02 -6.62432777e-02  3.63040226e-02
   6.91070675e-02  5.59668494e-02 -7.33767930e-02 -2.77188778e-02
   1.17692146e-02  2.69427626e-02  8.96794308e-02  1.05518258e-01
  -7.04464489e-02  5.98678675e-02  8.06393878e-02 -8.21145097e-02
   4.80443724e-02  2.76311175e-02 -3.78432014e-02 -4.41672267e-02
  -1.53490563e-02  7.06250925e-02  2.14471413e-02  6.18323961e-02
   3.38570838e-02 -1.25625960e-01 -8.74828863e-02 -4.57279277e-02
  -9.43628550e-02 -9.63290461e-02  2.89993402e-02  4.97931387e-02
   9.37334019e-02 -3.84526515e-02 -4.63536866e-02 -1.28027104e-01
  -1.28374427e-02 -8.03408999e-02  1.00944712e-01  3.75120229e-02
   6.24306515e-02 -5.43696092e-02 -1.61168825e-03 -4.10730688e-03
   8.05604912e-02  7.38938441e-02 -5.97853481e-02  9.54896685e-02
   8.85886955e-02 -5.55259963e-02 -7.78584039e-02 -4.02578282e-02
   2.94903106e-02  1.20477519e-01  1.17719789e-01  1.03035087e-01
   7.49755198e-02  8.72298698e-02  1.12639304e-01  1.13799776e-01
  -9.42761438e-02 -5.21590751e-02 -8.15429870e-02 -4.90608737e-02
   7.55703785e-02 -4.26060212e-02  4.48799192e-02 -4.55642238e-02
   9.30208429e-04  1.09012196e-01  5.07864734e-03  9.82769868e-03
   9.84715914e-02 -3.93316014e-02  5.92363236e-02 -2.56297323e-02
   1.31659980e-02 -6.04368018e-02  1.13660453e-01 -1.04217315e-01
   7.74182402e-03  2.88617059e-02  7.51019973e-02 -1.27299974e-01
   5.11309945e-02  2.57915236e-02 -5.98929604e-02  1.43188388e-02
  -1.02812394e-01  4.09032896e-02 -5.38686637e-02  1.09992173e-01
  -5.57038895e-03  4.64521273e-02  7.72073834e-02  4.66167833e-02
   5.80509213e-02  4.45243009e-03 -6.32895293e-02 -1.09105743e-01
  -8.93522340e-02  7.31540244e-02  8.39376173e-02  1.31541718e-01
   8.16845864e-02  3.28520524e-02  1.08706781e-01 -6.72360412e-02
   2.03176532e-02 -8.87866540e-02  1.52181956e-02  2.04567378e-02
   1.66846375e-03 -7.42140149e-02  7.05475338e-03  7.30582365e-02
   5.80961307e-02 -1.20228090e-01  5.29507664e-04 -1.33743534e-02
  -1.01240302e-01  4.74493923e-02  8.88700204e-02  9.02897112e-02
   5.62791084e-02 -6.05350813e-02  3.81232346e-02  8.68766479e-02
  -6.37247277e-02 -2.67822313e-02 -7.88893120e-03 -1.21329679e-01
  -1.04346269e-01  7.23223194e-02 -1.01737740e-01 -8.59468618e-02
   1.01637814e-01 -1.38358143e-02  4.74795078e-02 -7.53086468e-02
   2.38720485e-02 -7.44771883e-02  9.97327915e-02  9.22023570e-02
   9.00734506e-05  6.50006413e-02 -1.24382438e-01 -2.70744579e-02
  -1.04546939e-01  4.22295763e-02 -8.59555756e-02 -6.38864679e-02
  -7.96678284e-02 -1.11817802e-01  2.15775596e-02  3.83556978e-02
  -8.62283162e-02 -3.05508700e-02 -7.03924480e-02  8.33029783e-02
   5.12670748e-02  1.06917928e-01 -8.57598421e-03 -4.87988065e-02
   9.91140725e-03 -9.21391444e-02  1.23261700e-02  2.10195177e-02
   8.57279585e-02  5.70833698e-02  1.50930287e-02 -1.08203164e-02
  -4.92752632e-02 -1.09615374e-01 -1.05835444e-01 -2.56024666e-02]
 [-6.45606533e-02  5.27946424e-02  5.02326852e-03  1.27714775e-01
  -6.21859065e-02  5.00231609e-02 -8.46278509e-02 -4.33034264e-02
  -3.30013783e-02 -2.67346685e-02 -8.18954078e-02 -1.02693530e-01
   3.61178481e-02 -6.27629461e-02  5.67456992e-02  1.26252396e-01
  -7.98152534e-02  1.04691039e-01 -8.80847188e-02 -5.06674024e-02
   4.89644403e-02  7.26646568e-02 -8.93946213e-02 -1.05910450e-01
   9.42201221e-02  8.84888784e-04  1.43206661e-02 -1.13500040e-01
   9.46824223e-02  1.12535479e-01  4.12731571e-02  8.30013701e-03
   6.71508590e-02  1.11589217e-01 -1.01355227e-01 -9.40055295e-02
  -8.62518129e-02  1.41402137e-02  3.18529992e-02 -1.09716228e-01
   6.10908404e-03  1.38905243e-01  5.83913784e-02  1.48512893e-02
   7.72712216e-02  1.11615995e-01  7.93565929e-02  1.04655162e-01
  -1.11392980e-01 -1.33461234e-03 -1.69544106e-02 -8.54246538e-03
  -1.43192260e-02  1.16771723e-01 -6.24683765e-02 -6.25616871e-02
  -2.88936104e-02  3.77171227e-02 -5.67751324e-02 -5.38425249e-02
   1.03417778e-01  3.98914575e-02  4.94928887e-02 -1.21210998e-01
   1.04489433e-01  7.76115737e-02 -4.95346452e-02 -3.98106126e-02
  -3.92122312e-02  1.91603617e-03  2.77799848e-02  6.42016634e-02
  -6.87653423e-02  1.25166225e-01 -8.23562656e-02 -1.19465505e-01
   2.93066118e-02  6.50421600e-03 -1.07912166e-01 -1.54511034e-02
   6.12666716e-02  1.19380898e-02 -1.08245590e-02  9.18423452e-02
  -8.52190830e-02  8.58207208e-02 -9.53090335e-02 -3.39160298e-02
  -9.25670611e-02  5.36516558e-02 -1.03068463e-01 -1.10815106e-01
   6.65404698e-02  1.52027549e-02 -3.92622574e-02  7.68601856e-02
  -1.08679573e-01 -5.66614732e-02 -8.87683078e-02  2.63931548e-02
  -8.23822800e-02  1.49010345e-03  1.04946008e-01  9.59528904e-02
   2.62192043e-03  1.37294015e-01  6.55507149e-03 -2.35588897e-03
   1.39712613e-02 -9.75016407e-02  6.02494223e-02 -1.32245176e-02
  -1.03292566e-01  9.92739682e-02 -1.24184061e-01 -4.39878572e-02
   6.62370274e-02  5.40211362e-02 -2.29932835e-02 -3.37538163e-03
   9.91969240e-03 -9.10813968e-02  7.10607374e-02  5.79708939e-02
  -2.67745577e-02 -9.96477405e-02  1.15463500e-01 -1.10002808e-01
  -3.52516057e-02 -8.55154772e-03  1.08595382e-02  2.62282142e-02
   3.65319111e-02  7.30047761e-02 -2.45238508e-02 -1.09777632e-01
  -5.49468658e-02  4.49458098e-03 -3.65597050e-02  8.81508642e-02
   3.01385350e-02 -4.15542298e-03 -6.60720934e-02 -1.15448847e-02
   1.94354380e-02 -8.76369766e-02 -2.51926564e-02  1.16803518e-01
   1.04267709e-01  4.55449038e-02 -4.22727294e-02 -3.65623101e-02
  -8.25162994e-02  3.97067802e-02  5.33001174e-02  9.26379997e-02
   8.52525732e-02  1.04830691e-01 -2.15707159e-02  5.42725396e-02
   5.81452257e-02  1.57681272e-02  1.78640394e-02 -3.80799892e-03
  -9.92062589e-02  1.09310726e-01  4.02019429e-02  8.13501163e-02
  -8.50560513e-02  1.06844366e-01 -3.00639345e-02 -4.19977400e-02
   7.85150718e-02 -7.26631885e-02  5.29522620e-02 -2.97661245e-02
   1.82328893e-02  2.45252554e-02  3.47845274e-02  4.52915391e-02
  -7.18464148e-02  1.90014580e-02 -1.20002189e-01  8.94297778e-02
   8.89874427e-02 -6.21472155e-03 -8.92161667e-02 -8.53536610e-02
  -3.96301114e-02 -2.19008308e-02 -7.14288013e-02  1.67477511e-02
  -3.81356045e-03  8.12622987e-02  5.97473803e-02  1.45769907e-02
   5.54225767e-02  1.27657659e-01 -3.60993167e-02  9.47142226e-03]
 [ 7.65953776e-02  1.10596198e-01  7.17832387e-02  3.03591055e-02
  -3.01824545e-02 -1.00139344e-01 -2.40305730e-02  6.28702567e-02
  -9.99611167e-02  3.73143465e-02 -6.42810767e-02  4.25324390e-02
   9.81972892e-02  8.03956032e-02  7.08936315e-02 -2.43994553e-03
  -7.82166785e-03  7.99102114e-02 -5.68389773e-02  1.81714891e-02
  -5.29510579e-02  6.50432136e-02 -7.51794737e-02  7.49731306e-02
   1.20907071e-01 -1.07533118e-01  2.42426357e-02 -3.42231255e-02
  -8.11038405e-02 -5.61272781e-02  3.82774831e-02 -2.36762967e-03
  -1.02978737e-01  1.12082496e-01  1.00826663e-01  2.12541894e-02
   1.09599476e-01 -4.73619247e-02 -9.05023960e-02  8.71880497e-02
   6.93401615e-02  3.74477769e-02 -6.52806400e-02  1.45397193e-02
  -7.00012900e-02  6.52433619e-02  2.68384843e-02 -1.04693721e-01
  -7.29856958e-05 -9.07922565e-02 -4.95929132e-02 -4.94677322e-02
  -1.21060693e-01 -2.19205050e-02 -1.24856937e-01 -1.00213560e-01
   3.99460682e-02  5.90601455e-02  3.39231823e-02  2.62603173e-02
  -8.02540123e-02 -1.55131023e-03 -5.58853464e-02  5.63481684e-02
  -1.14296343e-02 -2.30980516e-02  2.24752346e-02 -1.05112814e-01
  -2.31763736e-02 -6.89792792e-02 -1.57669298e-02  6.23943813e-02
  -1.08794786e-01 -1.04379398e-01 -1.07868694e-01 -6.51414329e-02
   6.80148265e-04 -3.11366463e-02 -7.30534726e-02  2.27013928e-03
   7.55029606e-02  1.30712936e-03 -7.53708575e-02 -6.54802506e-02
   3.27177609e-02  1.16454749e-01  2.81262467e-02 -1.19571053e-01
   1.13292871e-01 -1.17263276e-01  8.21509984e-02  3.39788591e-02
   1.12945502e-01 -1.14172505e-01  1.11627167e-01 -5.48093366e-02
  -4.32467264e-02  2.73873604e-02  1.04540250e-01  9.23782357e-02
   7.88140476e-02 -8.21363126e-02 -4.51180610e-02  1.73922909e-03
   1.07057614e-01  5.91771206e-02 -1.18911170e-01 -1.02609347e-01
  -9.33391348e-02  1.04535717e-01  4.67054196e-02  3.59227389e-02
  -7.41341211e-02 -7.13510835e-02  1.79680416e-02 -4.99917228e-02
   3.56172707e-02  7.55221418e-02 -4.08340380e-02 -3.70384702e-02
  -8.54243976e-02 -9.80272251e-02  1.86519959e-02  7.17344449e-02
  -3.50739724e-02 -7.95914846e-02 -1.21662613e-02 -1.11226974e-01
  -7.34701701e-02  1.95666311e-02  1.86123690e-02 -2.79290270e-02
   9.56962592e-02 -8.10268871e-02  9.13683693e-02 -2.49957068e-02
   2.36281359e-02  5.78522438e-02  6.44114604e-03  2.26635611e-02
  -4.24599577e-02 -8.23230525e-02 -4.46242651e-02  6.29109026e-02
   3.04361618e-02 -3.44454592e-02  9.46277876e-02  6.44743766e-02
   6.75645836e-02 -4.36871804e-02  9.37005699e-02 -2.79260118e-02
   2.82482493e-02  1.27468670e-01 -2.48484334e-02 -1.16524158e-01
  -9.33026837e-02 -1.05372273e-01  9.01748553e-02 -3.09740799e-02
  -2.89906876e-02  1.68283249e-02 -1.07991461e-01 -2.43789339e-02
   2.93050663e-02 -1.53570144e-02 -5.67556958e-02  1.23597705e-02
  -6.70853882e-02  6.62523392e-02 -9.31311723e-02  7.71296181e-02
  -6.89505729e-02  1.00099924e-01  1.00064300e-01 -1.19130746e-01
   7.41074779e-02  1.05148498e-01 -7.41257765e-02 -2.89720128e-02
  -1.16551511e-01 -1.11702325e-02  6.64003654e-03 -1.03371228e-01
  -8.88169128e-02  9.36935517e-02 -1.74714167e-02  6.80331056e-02
  -6.37770409e-02 -6.03406479e-02 -2.29256091e-02 -4.35419646e-02
  -2.32969191e-02  6.49745476e-02  2.33093805e-03 -7.67029771e-02
   5.57272276e-02  8.90656189e-02 -7.43627464e-02 -5.87832992e-02]
 [-1.52060156e-02  6.41912810e-02  1.23973008e-02  2.62739393e-02
   1.08742421e-01  9.58179117e-02 -7.05556675e-02 -1.15512790e-01
   3.54787579e-03  1.74326371e-02  2.85276795e-02 -3.31308702e-02
   9.56741643e-02  9.72558057e-03 -9.10072524e-02 -6.26559187e-03
  -1.21770555e-01 -1.27455327e-02  1.21585020e-01  1.00762311e-01
  -3.69282334e-03  4.88990866e-02 -7.25305542e-02 -1.01713693e-01
  -1.73826246e-02  4.38682866e-02 -2.54034810e-02 -2.98711525e-02
  -2.03868859e-02  1.67513850e-02  1.96949474e-02 -9.41398902e-02
  -3.46808627e-02 -1.47405459e-02 -7.30269146e-02  3.27406064e-02
  -7.34283553e-02 -9.27675957e-02  5.04244160e-03  1.26733104e-01
   2.27361271e-02 -3.91729697e-02 -9.21223400e-02 -7.97020052e-03
  -3.53937067e-02 -5.46734701e-02  6.52119132e-02  9.25870957e-02
   9.17426154e-02  5.32976254e-02  5.83207295e-02 -5.64072909e-02
  -4.25377978e-02 -8.21818448e-02  9.61568529e-02  3.86251494e-02
  -1.30139175e-02 -6.10381015e-02 -1.22104631e-01  1.15147588e-02
  -7.09345350e-02  8.83853992e-03 -2.12441120e-03 -1.00846537e-01
   4.53273403e-02 -3.16786825e-02  4.05053021e-02  8.01078500e-02
   6.13688249e-02 -2.87062230e-02  3.78379142e-02  7.25021388e-02
  -1.38378770e-01  8.84786264e-02  6.21302792e-02  5.06399086e-02
  -1.09763488e-02 -6.28301387e-02 -2.61614378e-02 -5.77284863e-03
  -8.65913719e-02  7.97095673e-02  3.89852294e-02 -4.91725130e-02
  -9.31215461e-02 -4.06101716e-02  7.08756017e-02 -1.56244328e-03
   6.37219631e-02  2.69319343e-03  7.65458159e-02  1.10653426e-01
  -6.83204372e-02 -1.10769050e-01 -1.47432431e-02 -2.00413726e-02
   4.74355707e-02  8.10006658e-02 -6.36228099e-02 -1.17560563e-01
   2.37312349e-02  8.75254558e-02 -4.00173108e-02  1.05002800e-02
   7.02687849e-02  9.73881760e-02 -1.04815631e-01 -1.39357293e-01
  -4.82410903e-02  8.25650288e-02  2.30347682e-02  9.72914043e-02
  -4.26848459e-03  8.83008992e-02 -5.06362508e-02 -1.06647692e-01
  -1.23923326e-01  4.12550292e-02  3.96140258e-02 -4.99492392e-02
   9.67527176e-02 -1.31708125e-01 -5.84928266e-02  9.61551559e-02
   1.04641847e-01 -1.51997767e-02  2.48802305e-02  3.89431554e-02
   7.21760001e-03 -7.51356661e-02 -9.07480050e-02  8.48975797e-02
  -6.48100559e-02  3.19372971e-02 -8.08654338e-02 -2.37142838e-02
   4.68009781e-02 -2.14339582e-02 -1.06263790e-01 -5.97741889e-03
   3.92844723e-02 -1.51685767e-01 -9.48960316e-02 -4.28553680e-02
  -3.31570095e-02  2.44460829e-02 -9.72389019e-02  9.20033335e-02
  -9.87820873e-02 -4.36596159e-02 -5.80434065e-02 -6.14470604e-02
  -6.82168782e-02 -6.83746553e-02 -1.21399859e-01  1.33471572e-02
   6.46270636e-02 -1.13028039e-02 -1.02686727e-01  2.23898052e-02
   1.07696232e-01  3.73687024e-02  4.29344732e-02  1.42881626e-02
   5.26196705e-02  1.49514839e-02  6.47815868e-02 -3.96821930e-02
  -3.45043138e-03 -1.17038799e-01 -1.02749854e-01 -4.71509901e-02
  -1.31419730e-01  8.73326985e-02  1.10886033e-01 -9.02161590e-03
   8.26376882e-02  1.17585195e-01 -3.17294185e-02  4.70492418e-02
  -1.07242482e-01 -6.20221733e-02 -7.27069073e-04  7.33774799e-02
   1.30934171e-02  1.61633498e-02 -2.28615627e-02  2.67299617e-02
  -5.98745112e-02  1.01369723e-01 -1.24868575e-01  8.40616708e-02
  -1.16854004e-01  5.90114081e-02 -1.20534483e-01 -1.87885659e-02
  -8.56442093e-02 -1.10652570e-01 -3.28977296e-02 -1.16568984e-01]
 [ 6.05989885e-02  5.12058188e-02 -6.49850060e-02  3.41358183e-02
  -7.50321533e-02  8.29522215e-02 -1.30261153e-01 -3.21989491e-02
   6.05614581e-02 -1.24216141e-01 -2.51765331e-02  9.23566506e-02
  -9.92855873e-02 -8.30650759e-02  1.48195493e-02 -4.24875067e-02
  -4.59779219e-02 -8.20965222e-02 -5.98774871e-02 -1.08845226e-01
  -8.05753302e-02  5.24421180e-02 -1.94864656e-02  4.75223658e-02
  -9.25165035e-02  3.52664440e-02 -1.09650371e-01 -3.41582565e-02
  -2.25086314e-02 -5.12174516e-02 -5.52389168e-02 -3.24057848e-02
   2.95393029e-02  1.92122793e-02  5.26637239e-02  3.01451798e-02
   8.39419019e-02 -6.41879342e-02  5.22069168e-02 -1.16189475e-02
   2.14842143e-02  9.24410033e-02 -1.38940985e-01 -2.27424808e-03
  -6.14615718e-03 -7.86032217e-02  5.90497431e-03  1.91051596e-02
   4.60448270e-03  3.49839163e-02 -1.38333438e-02 -7.90713621e-02
   2.84297132e-02 -6.77293617e-02  7.52367483e-03 -1.38086595e-02
   4.27756068e-03  1.09018452e-02  8.82030048e-02 -1.06515376e-01
   1.24909666e-01 -3.27273458e-02 -7.35638986e-02  5.51668934e-02
   1.00450772e-01 -2.06095910e-02 -2.89869720e-02  2.58418064e-02
   7.17355737e-02 -8.44587152e-02  1.05415920e-02 -1.11364865e-01
  -9.13683333e-02 -4.84080432e-02  5.02033183e-02 -2.18557647e-02
  -9.29996827e-02 -2.56637353e-02 -4.97720738e-02 -2.42200749e-02
   5.81797778e-02 -8.04467097e-02 -1.04763547e-01 -1.01818536e-01
  -8.70312239e-02  7.93657175e-02 -8.59031955e-04 -6.25539133e-02
  -1.00212149e-01 -8.66355939e-03 -1.63874087e-02  1.35118658e-01
   9.56695523e-02  1.20302860e-01  6.54515556e-02 -1.01629180e-02
  -8.91769627e-02 -1.21511755e-01 -1.22595963e-01 -7.97113708e-02
   7.08419051e-02 -9.14355947e-02  3.20535560e-02  4.28106623e-02
  -9.68650916e-02  4.89076055e-02 -8.97816354e-02 -7.05312826e-02
  -7.59399461e-02  1.04056872e-01 -2.49798542e-02 -6.26177984e-02
   1.04186175e-01  5.83407721e-02  3.82083278e-02 -5.87352264e-02
   3.70263102e-02 -1.01704235e-01 -3.02138729e-02  5.57544691e-02
   1.22922088e-01  4.27021825e-02  2.13830673e-02 -1.10024139e-01
   3.66047501e-02 -7.98894044e-02 -2.81011989e-02 -2.91236757e-02
   1.09707885e-01  5.19950357e-02  7.82404150e-02 -7.81050257e-02
  -1.14320957e-01  9.70419594e-02 -5.13016320e-03  6.91027173e-02
   4.12970666e-02 -1.12936955e-01  6.22561099e-02 -2.79383653e-02
  -3.30845095e-03 -5.11345823e-02  6.96752501e-02 -7.06841702e-02
   3.78480878e-02  8.81579219e-02 -3.89563336e-02 -1.18047847e-01
   4.12479430e-02  4.85114505e-02  1.28018772e-01  6.19699995e-02
   9.66089233e-03 -1.37558213e-01 -1.32412863e-01  5.66963691e-02
  -4.91958012e-02 -2.84566193e-02  1.50766212e-02 -9.78407079e-02
  -5.09064267e-04  2.01461487e-02 -3.06737064e-02 -7.80110852e-02
  -1.68438918e-02 -3.73924428e-02  4.40590641e-02 -4.66854762e-02
  -7.48233472e-02  6.63956220e-02 -1.14830152e-01  5.41095709e-03
   8.35053541e-02  9.25250159e-02  4.24335356e-02  8.63604984e-02
  -1.09973228e-01  3.30744921e-02  1.27423558e-02 -1.06226641e-01
  -2.33711375e-02 -5.52899222e-02 -6.79747942e-02 -5.73549641e-02
   7.04369792e-02 -8.37735555e-02 -2.91880915e-02 -4.05134074e-02
  -2.15455984e-03  1.00472535e-01 -1.23415600e-01  6.38800188e-02
   6.96824032e-02  4.32077535e-02  8.68300835e-02  7.09692810e-02
   1.23539634e-01  5.01091935e-02 -9.92889972e-02 -9.16682859e-02]
 [ 3.08572326e-02 -3.52365102e-02 -3.09797962e-02 -6.79844547e-02
  -8.12899434e-02  1.90228806e-02 -9.80242285e-02  9.03412363e-02
  -4.80293299e-02 -6.00199023e-02 -1.89626379e-02  4.65438565e-02
  -7.33836962e-02  1.41100599e-02 -1.32086315e-01 -6.46509532e-02
   3.17190649e-04  1.12692771e-01  4.53861851e-02 -2.06012260e-03
   1.29765407e-01  1.17209200e-01 -1.42843467e-01  9.68479320e-02
   8.73788798e-02 -8.26021110e-03 -4.27123012e-02  7.35887610e-02
   5.24541908e-02 -6.08050545e-02 -1.60957104e-02 -1.23133042e-01
  -1.34320431e-02 -8.54376759e-02  5.10583897e-02  1.84802048e-02
   7.12814397e-02 -3.84683524e-02  6.22293675e-02  9.96591326e-02
   3.42418348e-02  5.46961289e-02  8.15693933e-02 -1.08742569e-01
  -1.55084464e-03  4.70831443e-02  6.27339353e-02  1.35464843e-01
  -1.12671814e-01  3.69905593e-02  1.34940545e-01 -1.33123146e-02
   3.03555018e-02  9.09104100e-02 -5.18960119e-02  2.95801941e-02
   1.37773358e-02  1.01598699e-01 -6.25154498e-02 -7.07872496e-02
  -1.22259160e-01  2.17290076e-03 -4.95671988e-03  8.71206180e-02
   1.04943931e-01  9.32115848e-03 -9.24325943e-02 -5.95486366e-02
   7.02015252e-02 -9.42459787e-02 -5.27012657e-02 -6.83531333e-02
   3.51699126e-02  1.45058743e-01  2.19714155e-02  1.12228178e-01
   3.63844381e-02 -1.48916035e-02 -4.27770661e-02 -4.53428790e-02
  -1.65847822e-02  1.68104584e-02 -7.21092939e-03 -8.36800975e-02
  -1.19413335e-01 -6.84365340e-02  1.10211102e-01 -1.01470444e-01
  -7.32869095e-02  2.77365059e-02  4.25356247e-02 -9.44455652e-02
   1.00973576e-01 -1.27702199e-02  1.81751367e-02  7.72380998e-02
   9.02116801e-02 -7.29502116e-02  8.63781630e-02 -1.77558349e-02
   1.06115215e-01 -8.20519180e-02  3.54316316e-02 -2.44930881e-02
   3.89339166e-02 -5.14471731e-02 -6.91676565e-02 -8.63541393e-03
   9.67220568e-02 -2.30924382e-02  6.33216728e-02  6.36135741e-02
   1.10790951e-02 -5.32056931e-02  9.25644875e-02 -7.48601436e-02
   9.13410452e-02 -3.47813324e-02 -3.09877731e-02  6.60438588e-02
  -8.32416652e-03  3.24515221e-03 -1.46214450e-02 -4.25282377e-02
  -1.19830716e-02 -7.71575580e-02  1.04744107e-01  6.78330995e-02
  -1.34899549e-01  2.40929540e-02  1.33990303e-02  1.33929987e-01
   3.13358882e-02 -9.11175840e-02  4.74827354e-02 -3.93362866e-02
  -1.24111896e-02  1.28983253e-01  8.12072030e-02 -3.74927405e-02
   1.18285678e-01  5.26926164e-02  8.33700057e-02 -8.24725520e-02
   5.55531944e-02 -9.27463222e-02 -1.09033491e-01 -6.26119328e-02
  -2.05725670e-02  1.36375577e-02 -1.19905545e-01  2.47915353e-03
   8.29201899e-02 -7.25632337e-02 -8.59919442e-02 -5.37786130e-02
   2.03549671e-02 -2.21158558e-02  2.94245171e-02 -8.35835858e-02
   7.20452736e-02  7.92546932e-02  8.49018429e-02 -3.86131929e-02
  -3.78960687e-02  9.49018171e-02 -7.40838833e-02 -5.04133555e-02
  -6.36596471e-02  2.82327121e-02  5.86369561e-02 -1.20151960e-02
  -9.20844142e-02 -7.98293016e-02 -6.11259302e-02  4.56816603e-02
   2.42385193e-02 -5.25430389e-03 -7.82580092e-02  1.26063487e-01
   1.63404476e-02  5.69935358e-02  3.65036278e-02 -5.01030564e-02
   8.13948508e-03 -1.21612425e-01  1.21008538e-01  8.20940612e-03
   8.98958967e-02 -9.28548999e-02 -6.73956292e-02 -9.26857407e-02
  -8.70995117e-02  2.46987748e-02 -7.62970412e-02  9.48287424e-02
  -3.43085059e-02 -7.13084932e-03  4.70334844e-03  5.29635428e-02]
 [ 4.42839300e-02  6.85024995e-02  5.95450950e-02  1.33787432e-01
  -1.08325282e-01 -4.67282555e-02  3.61239095e-02 -9.26228022e-02
  -3.67290336e-02 -1.00886932e-01 -2.71821931e-02 -6.48662198e-02
  -8.86387560e-02  1.11619261e-01  7.80121038e-02  1.47339167e-02
  -2.01244118e-02  9.23604292e-02  8.44057736e-02  9.78232279e-02
   2.30947715e-02 -1.13716476e-02 -7.26663970e-02  9.84718494e-02
  -5.27575110e-02 -4.38802337e-02 -1.43162296e-01 -1.04332328e-01
   9.78636670e-02 -6.59621838e-02 -6.90399793e-02 -4.59783299e-02
   2.99359510e-02  1.10023376e-01 -1.04164356e-01 -2.12621848e-02
  -1.05356607e-02  7.36435690e-02 -5.45599769e-02 -2.81870077e-02
  -9.61150418e-02 -6.77075205e-02  5.40857300e-03  1.19333962e-01
  -9.32490372e-02  3.01889129e-02  4.45794859e-02  5.74900244e-02
  -6.10345668e-02  6.44887525e-03  3.81262314e-02  1.03033005e-01
   1.82849414e-02  1.35658889e-03  1.97474343e-02  1.03440537e-01
   6.88434136e-02  3.65817109e-03  1.25798814e-01  6.27494540e-02
  -6.78333401e-02  6.60838563e-02 -4.13431325e-02 -1.15996450e-01
   1.43519509e-02  1.07348414e-02  3.92576745e-02  9.96766331e-02
   5.98054441e-03  1.19853655e-02 -4.44719409e-02  4.20331701e-02
  -1.00641544e-01 -1.05205999e-02 -5.34540000e-02  9.62047036e-02
   1.13761614e-01  7.42896640e-02  9.19055141e-02  9.65308494e-02
   6.64469137e-02 -1.19804718e-01 -9.38186670e-02  2.66624693e-02
   7.89469569e-02  7.98350885e-02  1.18615845e-02  8.64390182e-02
   1.14287612e-01 -1.08765524e-02 -9.08669019e-02  3.62757364e-02
   1.22417257e-01  1.23550298e-01  9.74430305e-02  7.77515186e-02
   1.09004248e-01  4.08682258e-02 -8.92509294e-02 -5.47563772e-02
  -1.01737419e-01 -6.59115503e-02  7.12496086e-02  5.98684122e-02
   6.22197375e-02 -3.90004388e-02 -3.04057498e-02  1.03122713e-01
  -4.87268091e-02 -3.13551429e-02 -1.48743587e-02 -6.11381216e-02
  -6.20741700e-02  1.46902189e-01  5.11724747e-02  1.00543080e-02
   2.58927173e-02 -2.44668066e-02  8.92006160e-02  1.37197188e-01
   1.85155765e-02 -4.95042066e-02  5.54118238e-02  3.02664006e-02
   7.48237868e-02  1.10505850e-01  1.11160094e-01  1.06870793e-01
  -1.61481110e-02 -5.85936567e-02 -1.12281216e-01 -4.84750816e-02
   2.53937903e-02  5.47190175e-02  3.18099039e-02  7.86347666e-02
  -1.02478125e-03 -3.72626413e-02 -1.53440345e-02 -4.32360014e-02
  -6.69780410e-02 -1.07041580e-02  6.91052942e-02 -1.07206633e-02
   3.95113304e-03  1.25126232e-02  5.32987134e-02  5.19193837e-03
   8.77925523e-02 -1.26964098e-01 -2.80885625e-02 -4.47195166e-02
   4.91064563e-02 -3.30693125e-02 -1.10340630e-01  4.06785197e-02
  -4.41701381e-02 -1.68347953e-02  5.12000014e-02 -1.06665016e-01
   1.25821553e-02  8.13977981e-02 -1.85166870e-02  3.12608571e-02
   8.86005950e-02  4.98945501e-03 -7.75684706e-02 -9.31744148e-02
  -8.20170543e-02 -5.59392458e-02  3.22752590e-02 -1.90933116e-02
   1.21288773e-01 -2.50058447e-03  2.32355040e-02 -3.37521700e-02
   8.06974570e-02 -1.84952402e-02 -1.02990254e-01 -5.02020539e-03
   2.17443667e-02 -2.96321221e-02 -8.78441205e-02 -3.89448329e-02
   6.45958476e-02  8.15917282e-02  1.08524343e-01  1.17533550e-01
   1.03994735e-01 -6.78412912e-02  3.82143801e-02 -3.40396560e-02
  -1.92211541e-02  6.21609637e-02  3.63133366e-02 -1.22277970e-02
  -9.16692053e-02 -1.05773016e-01  1.04217628e-01 -5.96901621e-02]
 [ 9.66461486e-02  5.86163651e-02 -1.04777600e-01 -1.11521879e-01
   1.88674684e-02 -7.19586111e-02 -4.73556976e-02  8.62749294e-02
  -6.53619653e-02  5.39180266e-02 -8.89574822e-02 -8.24859860e-02
   2.60291195e-02  1.16648056e-01  9.19496530e-02  4.26012958e-02
   2.92780232e-03  8.01340312e-02 -4.04038384e-02  1.33048860e-02
   4.28421815e-02 -3.89288387e-02 -5.33454152e-02 -3.88004508e-02
   8.33827270e-02  8.89484704e-02 -2.08459278e-02 -3.49806485e-02
  -7.06348712e-02 -9.44858940e-02 -2.38774180e-02  1.05754886e-01
   9.79722773e-02  1.75570085e-02 -3.83953037e-02  7.26105478e-02
  -8.92248221e-02 -6.35361801e-02  6.52745355e-02  6.16814501e-02
  -5.76843646e-02 -8.41511482e-02  9.85280612e-02  2.37319082e-02
  -3.00855979e-02 -5.90568837e-02  2.27251187e-02  7.28227095e-02
   6.98560441e-02  4.54367713e-02  1.84367366e-02  2.34590821e-04
  -7.87613976e-02  2.72826174e-02 -1.19221753e-01  2.53754482e-02
  -1.18712044e-01 -1.01262996e-01  6.83423815e-02 -1.33191176e-02
  -1.16384812e-01  3.17160001e-02 -9.53222355e-02  3.73088834e-02
  -4.40263911e-02 -9.30975194e-02 -1.05493388e-01 -9.70467399e-02
  -4.43382830e-02  1.46529956e-02  3.24933011e-02 -9.02183380e-02
  -1.74005846e-03  9.30814326e-02 -2.19749804e-03 -9.05081485e-02
  -9.16141483e-02  6.22850340e-02 -9.61620791e-02  4.17307270e-02
   2.72312186e-02 -1.12816377e-02 -3.57403565e-02 -8.17677542e-02
   6.01769367e-02  2.79441195e-03 -1.03258584e-01 -1.73080489e-02
  -5.39771853e-02 -5.01821337e-02  5.55312540e-02 -5.31461641e-02
   8.59454349e-02  9.64721314e-02 -2.30937993e-03  9.21719150e-04
  -1.12659911e-02  7.67615551e-02 -4.02155994e-02 -8.38412326e-02
  -1.25979156e-02  1.03453183e-01 -1.64552894e-02  5.70324757e-03
  -2.39964981e-02  3.64142460e-02  5.59437286e-02 -4.02097047e-02
  -7.82589150e-02  3.34981867e-02 -4.71139840e-02 -7.14648684e-02
   1.92973386e-02  1.22981567e-01  1.11935571e-01 -6.63585473e-02
  -9.09714602e-02  1.11653446e-01 -8.85486514e-02  1.04989603e-02
   8.45945551e-02  4.50760767e-02  7.51681289e-02 -1.09305074e-01
  -6.20018499e-02  8.93288884e-02 -1.06608004e-01 -4.99716083e-02
   9.20800685e-02 -9.29457449e-02  9.55642353e-02 -1.03579733e-01
   4.97241438e-02  1.63635633e-02 -1.08109874e-01  7.80498625e-02
  -8.70119542e-02 -2.84009639e-02 -7.78791016e-02 -3.38521335e-02
   3.24325948e-02  2.07077548e-02  4.58575311e-02 -1.06659977e-01
  -9.07231957e-02  4.67693634e-02 -8.13698708e-02  1.03236805e-01
  -9.57066461e-02  7.93604393e-02 -1.49277143e-02 -8.73651619e-02
  -1.14783286e-01 -3.36164744e-02  1.23684036e-01 -7.15452805e-02
  -1.08491664e-01  8.74433146e-02 -1.07559935e-01 -9.15547065e-03
   1.09595900e-01 -6.73326692e-02 -2.44727651e-02 -7.26908322e-02
   4.90413285e-02  6.11887867e-02 -8.77906516e-02  3.40570985e-02
   4.81804172e-02 -6.41070100e-02 -1.53324766e-02 -8.36546169e-02
   1.27681402e-04 -4.09431408e-02  6.80396713e-02  1.67342481e-02
   1.01531096e-01  1.45964014e-02  7.07246302e-02  3.28136520e-02
   1.23881349e-01  8.27958137e-02  2.29027709e-02 -1.00762280e-01
  -9.31057488e-02 -6.51811504e-02  1.11019353e-01  8.07692843e-02
   1.00710427e-01 -1.15598274e-01  1.57775274e-02 -3.69653723e-03
  -1.12040392e-01  1.41221222e-02  4.39565383e-02  1.68553634e-02
   7.42544958e-02  4.91679292e-02 -5.08908542e-02 -7.25815005e-02]
 [ 2.53578648e-02  7.53631039e-02  1.14566484e-01  6.89226953e-02
   7.13234398e-02 -4.10485085e-02 -9.97098938e-02  8.84830728e-02
   6.27604369e-02  3.27122729e-02  9.47176956e-03 -4.09125177e-02
  -7.65514203e-02 -4.29903114e-02  3.27432099e-02  9.80251481e-02
  -4.63471029e-03  1.10007499e-02  9.18106065e-02  1.07038571e-01
   9.49630591e-02  1.13230591e-01 -1.23807167e-02 -6.57936292e-02
  -1.44719664e-01 -4.17705746e-02  1.24165716e-01  1.10748169e-01
   2.51702185e-02 -1.08520831e-01  1.76857849e-02  1.75700612e-02
   6.30727462e-02  5.85766957e-02  4.38301217e-02  1.51649656e-02
  -1.67494527e-02 -1.05795627e-01 -6.66005276e-02  3.54182633e-02
   5.16071573e-02 -1.92535917e-03  5.73605590e-02  7.29551582e-03
   1.10058986e-01 -1.06962225e-01  1.35056828e-02 -1.30090791e-01
   2.77518865e-02  8.91938688e-02  9.27160948e-02  1.33589072e-02
  -3.17475870e-02  9.29987662e-02 -5.73463111e-02 -1.24430795e-01
   1.25060223e-01  7.83272134e-02 -2.24055810e-02 -2.50795357e-02
  -9.25528253e-02  1.24405891e-01  2.34961558e-02  1.07411072e-01
   8.85734262e-02  2.44733896e-02 -2.62146177e-02 -1.58068192e-02
   1.97650209e-02 -4.70799820e-02  5.15816239e-02  1.21634587e-01
   1.22898628e-01 -3.02081297e-02  3.59556479e-02 -5.90063398e-02
  -5.50566808e-02  8.65069411e-02 -6.89503366e-02 -6.82635674e-02
  -8.07125918e-02  2.49802193e-02 -5.59556130e-03  1.21652573e-01
   3.84048135e-02  1.19341541e-02 -7.09574855e-02  3.83812943e-02
   4.25615320e-02  7.22308481e-02  8.51574343e-02  1.11029582e-01
   7.24890010e-02  6.63212787e-02  1.57578158e-02 -9.40355567e-02
   2.45160709e-02  5.08002276e-02 -9.84500452e-02 -6.78333382e-02
  -1.23839144e-02  3.23554877e-02  7.60352363e-02  7.62928038e-03
  -1.01358303e-01  4.73452372e-02  7.13202421e-02  1.22691139e-01
  -8.04192721e-02 -1.13182668e-03 -2.76714049e-02  6.34687546e-03
  -1.13430098e-01 -8.04167351e-02  2.36673219e-02 -5.95914952e-02
  -3.40380780e-02 -1.09710784e-01  9.33081979e-02  9.43823978e-02
  -3.10012509e-02 -9.39239230e-02  1.23931812e-01  4.93331668e-02
  -3.36427972e-02 -3.35376141e-02  3.54631237e-02  6.16223515e-02
   9.75115007e-02  7.01920233e-02  6.38836033e-02  9.10791643e-02
  -2.88451443e-02 -8.82743065e-02  3.71174401e-02 -1.14539281e-01
  -4.97974644e-03 -8.99738202e-02 -3.08232263e-02  1.05795670e-04
  -8.46407973e-02  1.14870700e-02  5.59868651e-02 -7.05797716e-02
   8.33898142e-02 -1.13594463e-01  8.78628921e-03  5.68169947e-02
   8.05906906e-02 -5.06296756e-02 -1.90318035e-02 -6.57668084e-02
  -3.11571694e-02  1.49552456e-03  1.00244967e-02 -2.93940939e-02
  -1.82500496e-02  3.36690839e-02 -6.10272698e-02  3.08752628e-02
  -1.10341122e-01 -1.36285707e-01 -7.64510385e-02 -3.77355324e-02
   9.93228859e-02  7.41985655e-03 -2.52718504e-02 -1.19664737e-01
   8.44526951e-02  2.02558468e-02 -7.52245813e-02 -4.30735653e-02
  -3.80514326e-02  6.07047656e-02 -1.20926359e-01  2.55555744e-02
  -8.43533437e-02  1.73283610e-03 -5.04763250e-02 -1.39851770e-01
  -5.10175150e-02  1.00369678e-01 -1.01004284e-02 -1.11869168e-02
  -1.13239116e-01 -7.35046182e-02  6.63037418e-02 -1.27555714e-01
   1.49037997e-02  4.48756167e-02 -5.32297519e-02  8.71699133e-02
  -1.43331543e-02  4.24735695e-02  2.57205622e-02  9.40530460e-02
  -7.68210549e-02 -5.43743211e-02  8.32666058e-02  4.46046099e-03]
 [-3.39744840e-02 -4.79760867e-02  7.96898290e-03  8.94102982e-02
  -1.01131771e-01  1.16776278e-02 -1.10555555e-01 -2.58643097e-02
   7.98835823e-02  1.16366133e-01  1.06758987e-01  6.03794673e-02
  -1.08554288e-01  5.21312947e-03 -7.49387465e-02 -1.03812950e-01
  -2.81546329e-02  6.99188944e-02  7.77672970e-02 -7.25510563e-02
  -9.63707545e-02 -6.71829596e-02 -7.47493939e-03  8.03411145e-02
  -6.96731340e-02  4.55523480e-02  5.18334749e-02  4.13076747e-02
  -5.02742839e-02 -9.75278460e-02 -5.88225963e-03  3.21717053e-02
   2.36476334e-02 -1.02744187e-01 -1.11611580e-01  1.52234442e-02
   4.99885773e-04  1.00841852e-01  8.59772811e-03 -7.41615454e-02
   2.55330273e-02  6.09107092e-02  9.33072510e-02 -1.39624346e-02
  -7.52984802e-02 -8.67165510e-02  2.55161081e-02  4.68565858e-03
  -1.25617177e-02 -2.19651230e-02 -1.44219307e-01 -6.21797494e-02
   4.62155302e-02 -3.46856861e-02 -9.22601156e-02  7.58153892e-02
   2.62685223e-02 -3.87827140e-02  1.10175576e-01 -8.55466959e-02
  -3.02803323e-02  7.47391573e-03  5.20979825e-02 -5.96995752e-02
  -7.91861328e-02  2.33169553e-02  1.54407387e-01  6.64023002e-02
  -2.65368691e-03 -1.02120326e-01 -3.62013595e-02  5.84128741e-02
   5.75890651e-02 -3.56072852e-02  5.41439952e-02 -7.02683341e-02
  -4.84958734e-02 -7.02034432e-02  8.66612182e-02  8.47849385e-02
  -2.37537687e-02  8.97715497e-02 -6.16146763e-02  3.65434088e-02
  -3.30489124e-02 -8.22135844e-02 -8.36088412e-03 -7.83330699e-02
   1.06426680e-02  1.42462589e-02 -8.08367891e-02 -5.85221317e-03
  -1.06605626e-01 -1.02178193e-01 -1.06735205e-01 -1.00402155e-01
   4.77274290e-03 -8.45520547e-02 -1.13973722e-01 -6.20842626e-02
   5.48004465e-02  3.62479738e-02 -1.43981116e-02  7.32436803e-02
   5.22869199e-02  1.22975998e-01  1.14512161e-02  1.09066333e-01
  -9.57500462e-02 -7.14876486e-02 -9.39370686e-02 -5.88192233e-02
  -8.56967951e-02 -6.89150349e-02  2.28315829e-02 -7.47973675e-02
  -1.45150428e-01  6.84835152e-02 -4.37547712e-02  2.19878337e-02
  -4.51603172e-02 -6.23702775e-02  2.96393194e-02  5.80819384e-02
  -3.49023544e-02  1.44890719e-01  2.17330635e-02 -6.16041630e-02
  -9.46429395e-02  7.21485528e-02  1.05384672e-01 -2.53666475e-02
  -1.06763727e-02  4.96508080e-02  3.33835238e-02 -9.83113971e-02
   3.29818893e-02 -8.08258077e-02  1.88188633e-02  3.98571701e-02
   2.69101227e-02 -7.73582505e-02  4.20752437e-02 -1.03890412e-01
   4.22578747e-02 -5.56630252e-02 -1.10088664e-01 -1.09457698e-01
   6.66031086e-02 -5.01123073e-02 -2.98975654e-02 -2.12068590e-02
   5.11094464e-02  9.01537689e-02 -1.30107826e-02 -7.12449391e-02
   6.09295373e-02  6.02680540e-02  8.89530996e-02 -2.52080473e-02
   3.56772832e-02  2.99251451e-02 -7.96704044e-03  1.12808415e-02
   2.58496704e-02  9.09052581e-02 -8.30615861e-02  7.27465847e-02
  -1.02694490e-01  1.83624063e-02  4.28637106e-02  2.44249506e-02
  -1.11781732e-01 -5.81830584e-02  1.56465109e-02 -1.14739050e-01
   2.77278260e-02 -1.24601609e-01 -9.67776677e-02 -4.64185066e-03
   9.46026206e-02 -4.04879808e-02  9.35919266e-02 -9.00392487e-02
   1.65684506e-02 -7.53311399e-02 -7.28762239e-02 -1.36009679e-02
  -1.73886629e-02 -1.07203116e-01  2.75274351e-04  1.12671005e-01
  -1.48042435e-01  2.20723557e-02  9.03912339e-02 -1.07420307e-01
   8.20136837e-02 -1.53238451e-02 -1.09108227e-01 -1.11517227e-01]
 [ 9.48583267e-02  1.12414517e-02  2.64695494e-02 -8.27779371e-02
   5.94838735e-02  1.92786305e-02 -5.82566376e-02  2.84254008e-02
  -1.25356277e-01  5.94640761e-03 -2.38759398e-02 -5.41609613e-02
  -1.05643543e-01 -3.51632215e-02 -5.21032539e-02  3.77312916e-02
   5.92999920e-02  2.70177459e-03  1.31944829e-01 -9.88217603e-02
  -3.99483136e-02  4.59146361e-02  1.28028555e-02  1.01595793e-01
   6.62778695e-02 -3.03533205e-02  7.85440022e-02 -1.16258128e-01
  -9.03953417e-02  2.69444649e-02 -3.61651258e-02 -7.87278374e-02
   4.94992534e-02 -7.21679787e-02  1.09785922e-01 -5.88401148e-02
  -6.31207953e-02  6.15960597e-03 -1.01896782e-01 -2.88343196e-02
   4.40407693e-02  1.15642013e-01 -6.89196186e-02 -5.27343339e-02
   3.62378740e-02 -1.21753643e-01 -7.37004253e-02  5.22757688e-02
  -9.93560373e-02 -4.56028160e-02 -9.90467328e-02  6.04686711e-02
  -4.84458884e-02 -1.20300771e-01 -8.15095540e-02 -1.19277767e-01
   4.91078805e-03  5.16169054e-02  4.39007870e-03 -3.71231807e-03
  -7.16163692e-02  1.20505704e-01 -2.73496182e-02 -8.12896318e-02
   8.06508040e-02  1.11524091e-01 -1.14264229e-02  3.92887668e-02
  -4.33068947e-02 -3.19605138e-02 -7.31995073e-02  7.44096790e-02
  -9.05133324e-02 -1.36808799e-01  8.35293750e-02 -1.27362205e-01
   7.50040369e-02  5.15676896e-02  8.39682029e-03  1.67340654e-02
   1.33051285e-01  3.93729437e-02 -7.30736110e-02 -6.45285258e-02
  -3.34820784e-02 -1.19871275e-01 -1.37481596e-02  9.00926048e-02
  -8.91491064e-02 -2.51216742e-04 -6.42004877e-02 -2.74630341e-02
  -6.58006315e-02  2.84939027e-02 -9.44812782e-02  9.26466363e-02
   6.49381668e-02  8.56874714e-02  8.58268503e-02  2.21047551e-02
  -6.86339312e-02 -3.91975387e-02  5.80882998e-02 -6.35875504e-03
   2.08692257e-02  1.50778901e-01 -8.76080223e-02 -9.49903217e-02
  -8.79944569e-03 -9.18019695e-02  6.55744339e-02  9.10440409e-02
   6.76879066e-02 -4.03037369e-02 -3.22151652e-02 -1.15910759e-01
  -1.51312193e-01 -6.76673975e-02  1.90167692e-02  9.51453222e-02
   4.02954559e-02  3.10856613e-02 -7.67689600e-02 -7.54431494e-02
   3.10002852e-02 -7.51902840e-02 -3.79161874e-02 -5.13566942e-02
   4.25572895e-03 -8.30583422e-03 -8.18590217e-02  7.96860534e-02
   1.88448582e-02  1.00944000e-01 -4.24724278e-02  3.75807062e-02
  -4.51995825e-02  7.28182449e-02  9.56924765e-02  1.06845662e-01
   8.12015703e-02 -2.78592661e-02 -2.14630986e-02  8.42423130e-02
   1.79356165e-02  8.58387488e-02  6.58361927e-02 -6.69525082e-03
   8.10459267e-02  9.33439175e-03  2.60685524e-02 -6.30806297e-02
   5.06025668e-03  1.05136988e-01  7.15561820e-02 -1.84299077e-02
   9.90050020e-03 -6.27714169e-03 -1.28203933e-01 -2.98381674e-02
  -6.65659472e-02 -4.91631284e-02  4.57148796e-02 -9.22122326e-03
   9.79270866e-02 -6.09820407e-04 -2.06492226e-02  1.30235316e-02
   2.31000006e-02 -2.81834903e-02  3.69203479e-02 -5.70648752e-02
   1.03037933e-01 -1.02343453e-01  5.48342767e-02  5.10138255e-02
  -8.80616047e-02  7.28409581e-02  4.60984768e-02 -6.40299325e-02
   1.13205885e-01  1.05418793e-01  1.08944239e-01 -8.26743436e-02
   5.07658472e-02 -5.57561836e-02  8.94521055e-02  5.17671611e-02
  -4.99028246e-02  3.87181053e-02  7.86835134e-02  2.97541711e-02
   4.48780621e-02 -7.17485409e-02 -9.76619280e-03 -1.58743998e-02
  -1.12680470e-01 -1.03034415e-01  8.88571880e-02 -1.18460173e-01]
 [-1.12811888e-02 -1.94417838e-02 -6.12872334e-02 -6.18080454e-02
  -3.92033644e-02 -6.37584391e-02 -1.18477826e-01 -4.47134914e-02
  -9.39310322e-02  1.02504594e-01  7.83803170e-02 -9.91106226e-03
  -5.69547856e-02 -1.06400177e-02 -3.87086404e-02 -1.04433242e-01
   9.43014367e-02  7.56780884e-02 -7.53865818e-02  4.17142573e-02
   8.97546989e-03 -8.83254765e-02  4.25169166e-02 -1.09703438e-01
   4.70117591e-02 -4.50456132e-02  2.55928785e-02 -4.28756509e-02
  -8.21864696e-02  7.46013725e-02 -9.79671030e-02 -6.26145541e-02
  -4.03842372e-02 -2.78601042e-02  2.60644569e-02  4.18945536e-02
   5.24088546e-03  9.38766012e-02 -6.41313931e-03  3.11548328e-02
   1.03059648e-01 -5.70819002e-02 -9.27309236e-02  8.85282488e-02
   7.21351992e-02  6.74766365e-02 -1.00401572e-01 -7.72087832e-02
  -1.48807867e-02  1.24950459e-02  5.16012773e-02 -9.73716217e-02
  -5.39452698e-02 -8.03035097e-02 -6.31454486e-02  6.23204039e-02
  -6.03365559e-02  5.06298793e-02  1.28090592e-01  4.75405846e-02
  -6.31655778e-02  1.11625452e-01  7.88588104e-03  1.08193735e-03
  -7.85310870e-02 -1.96732127e-02  1.81697331e-02  1.33840066e-01
  -8.99280224e-02  2.82773065e-02 -3.12500153e-02  3.59179771e-02
   6.91708470e-02  8.32239518e-03 -8.18603743e-02 -2.13572186e-02
   1.27328758e-02  1.01271406e-01 -1.40687822e-01  7.51662108e-02
  -1.02961130e-01 -8.07724430e-02  7.93375679e-02  6.72213681e-02
  -4.79951261e-02  8.93009511e-02  1.04307265e-01 -1.03517510e-01
  -3.10011715e-03  1.11195814e-01 -7.21478478e-02  8.40393699e-02
   4.46242343e-02 -5.16523366e-02  8.26624486e-02 -1.90087045e-02
  -7.47114748e-03  5.42032310e-02 -1.05776577e-01  4.10956515e-02
  -4.46572515e-02  2.44280693e-02 -7.36034097e-02 -1.33070712e-02
   2.99687625e-02 -7.14072758e-02  3.89778668e-02  2.62249735e-02
   7.43888623e-02 -5.45701346e-02  2.58979721e-02  7.36240376e-02
   3.56731424e-02 -4.38129894e-03  1.11557818e-01  2.64278777e-02
  -1.59609285e-02 -1.66528584e-02 -1.35845139e-02  3.17234854e-02
  -4.56585956e-02 -5.44851558e-03  1.41737642e-01 -7.50528266e-02
   2.63327552e-02 -2.20606263e-02  9.48460533e-02 -1.30863159e-01
  -2.77751587e-02 -2.72770062e-02 -3.35382227e-03  6.34038425e-02
   7.57412691e-02 -7.23245851e-02 -7.13411690e-02 -7.08619685e-02
   1.03528052e-01  1.36539040e-02  1.42399787e-01  8.48685628e-02
  -1.03441590e-01  1.25077948e-01  1.13438704e-01 -6.43533767e-02
  -6.30856771e-03  1.11154833e-01  2.19740148e-02  5.06778721e-02
   9.10707918e-02 -1.78452909e-02 -9.92157876e-02  3.22523762e-02
   8.99600956e-02  5.43943006e-02  3.90076927e-03  2.26011822e-02
   1.11144114e-02  8.54483243e-02 -1.14524656e-01 -4.09827745e-02
   8.38358978e-02  8.92106415e-02  6.12888780e-02  5.32439822e-02
   2.23243382e-02 -1.02022863e-01  3.66466954e-02 -8.82183372e-02
  -6.49206472e-02 -9.84098448e-02 -8.32035226e-02 -3.81112175e-02
  -6.56450656e-02  4.18599315e-02  1.27889096e-01  6.84343936e-02
   4.85265080e-02 -8.94870571e-02  1.22077816e-01 -5.52609191e-03
   4.25113076e-02  7.03667334e-02  5.87324627e-03  1.11349628e-01
   2.46158528e-02 -1.28294315e-01 -7.25760094e-02  2.00311059e-03
   2.40624995e-03  1.50759300e-01 -3.85306395e-02 -4.81151903e-02
   1.23454639e-01  1.16595071e-01 -7.08883151e-02  1.18932383e-02
   6.60160373e-02  1.78609660e-02 -5.19203539e-02 -9.77168179e-02]
 [-9.51514155e-02 -4.11045155e-02 -1.31684842e-01  1.30135307e-01
   9.10325826e-02 -9.18144082e-02  6.95439881e-02  2.97403244e-02
  -7.04938255e-02 -5.14036359e-02 -5.03393012e-02  6.65312649e-02
   1.37967902e-02 -1.40751170e-01  1.58965721e-04 -1.08729705e-01
   9.62700630e-03  6.11594657e-02  8.84142862e-02  3.39136941e-02
  -4.59385280e-02  1.00131091e-01  5.19188570e-02  2.59603835e-02
   5.87146688e-03 -5.48677577e-02 -2.68627265e-02 -2.29712998e-02
   1.00786742e-01 -8.40066664e-02  6.10029769e-02  6.01297217e-02
   1.29932751e-01 -9.38739113e-02 -2.84664722e-02  1.20335711e-01
  -3.22248979e-02 -4.27783950e-02 -8.26345563e-02  7.93506318e-02
   4.85803927e-02  3.11580894e-02  6.57491982e-02  7.62762552e-02
  -1.06148746e-01 -2.32323949e-02 -1.54236356e-02  1.16641637e-01
  -5.00617689e-02 -7.34458319e-02 -1.22517992e-01 -1.39186322e-01
  -3.15791886e-02 -7.60971656e-03 -9.65852156e-02 -5.47908499e-02
  -7.80610613e-02  1.07900039e-01  1.08277058e-01  3.02774983e-02
   4.99835346e-02  5.67260554e-02  8.67080202e-02 -2.18882518e-02
  -7.78685047e-02  4.02673735e-02  6.73045941e-03 -3.63074934e-02
   1.28955136e-01 -4.80732277e-03  4.41107060e-02 -3.79476579e-02
   4.65824356e-02  8.41223521e-02  5.64667830e-02 -6.36598763e-02
  -5.79348836e-02 -3.74642566e-02 -4.61167496e-02  1.83621293e-02
  -8.68456028e-02  3.70645167e-02 -9.34989396e-02  1.02858236e-01
   9.82875840e-02  3.24486793e-02  2.12325268e-02  1.10734898e-01
   1.29212650e-02  9.69876634e-02 -1.00383046e-01  7.27775411e-02
  -2.44942066e-02 -2.73873086e-02  4.61368682e-02 -7.92449633e-02
   4.60033422e-02 -3.48381171e-02  6.63157709e-02  1.05547736e-01
   8.97755480e-02 -6.86450278e-02 -6.95646370e-02 -2.21978654e-03
   7.49240748e-02 -9.68910144e-02 -1.09875024e-01  3.36441756e-02
   6.58297913e-03  4.55817964e-02  4.36823262e-02 -9.60601915e-02
   4.28913580e-03 -1.23921120e-02 -5.79641824e-02  2.93625165e-02
   5.06326509e-02  5.62834889e-02  8.58431517e-02 -5.27825403e-02
   1.19864536e-01  1.32239766e-01 -5.11782726e-03  5.47139227e-02
  -4.23524270e-02  2.05225186e-02  1.04007859e-01 -1.11316402e-01
  -6.67714399e-02 -1.17894095e-01  2.56009931e-02  8.60169213e-02
  -1.73111376e-02  5.78034014e-02 -5.60304650e-02  6.49349036e-03
  -3.73943314e-02 -2.41727632e-02  7.27657616e-02  1.22341939e-01
  -9.08343507e-02 -1.56865288e-01 -2.45889901e-02 -1.10876527e-01
  -8.06827637e-02  6.82799984e-02 -2.24964201e-02 -5.87493499e-02
  -6.60719975e-02  1.22541633e-02  1.07507659e-01 -4.90992941e-03
  -1.09128259e-02  2.59076030e-02 -2.59734238e-03 -5.25391464e-02
  -1.03746442e-01  7.32134408e-03  4.77280666e-03  5.47179740e-02
   7.86582471e-02 -7.95709582e-02 -4.11003285e-02  4.33812742e-02
   7.25518304e-02  1.86093980e-02 -8.04456485e-02  2.14814425e-02
   7.06954748e-02  1.02181183e-01 -7.97669208e-02 -1.07532677e-01
   2.37731618e-02 -3.55689392e-02 -9.87308501e-02  1.23653253e-01
   1.70894476e-02  1.07423085e-01 -5.36154645e-02  6.81676957e-02
  -1.68655534e-02  5.87537596e-02 -1.32341965e-01  1.09025473e-01
  -7.46065795e-03 -3.19253449e-03 -4.45967797e-02  3.87419341e-02
   5.35344172e-02  7.43874186e-02  5.80593167e-02 -7.41590550e-02
   4.76726866e-03 -1.65111424e-02 -2.62743028e-02  8.65779199e-02
  -4.77205045e-02 -8.64635851e-02  4.47120407e-02  5.63018887e-02]
 [-3.21769628e-02  4.14483569e-02  1.11393971e-01  9.43056828e-02
  -9.87437470e-02 -9.26168019e-02  1.94415448e-02 -1.95779625e-03
   6.96396083e-02  1.07478156e-01 -1.33116692e-01  1.41003962e-02
   3.28973895e-02 -1.02299247e-01  8.63405266e-02  1.03035614e-01
  -2.50370427e-02 -1.19177155e-01  2.08105506e-02 -5.50244054e-02
  -8.63726619e-02  2.35018448e-02 -7.52277000e-02 -8.40227663e-02
  -1.65095989e-02  1.00746321e-01 -1.20365576e-02  1.04907023e-01
   4.22563251e-02  1.08048940e-01 -8.79836904e-02  2.02615798e-02
   8.52410544e-02  2.75653061e-02 -8.49156646e-02 -6.01005804e-02
  -7.37732325e-02  1.16987303e-01 -1.10383531e-01 -8.43131141e-02
   9.31551207e-02  7.78901885e-02 -7.85880156e-03 -7.37331288e-02
  -6.95111881e-02 -5.39305925e-03  3.82861192e-02  4.73987704e-02
   8.65282106e-02 -1.11716381e-02 -8.70805345e-02  6.87137566e-02
   6.47002480e-02 -9.17478951e-02 -1.45058709e-02 -5.51749061e-02
   1.20912076e-01  9.24012014e-02 -2.11492338e-02  1.02811880e-02
   4.76431364e-02  9.75616098e-02  6.15858725e-02 -8.11105555e-02
  -2.58583879e-02 -7.21272269e-02 -5.66541440e-02 -1.30329749e-02
  -1.50213617e-02 -1.80985228e-02 -4.68676751e-02  1.49115065e-01
   2.99051227e-02 -1.26853218e-02 -4.98156421e-03  8.82853584e-02
  -1.17084638e-03  1.02513065e-01 -7.17851003e-02  4.86507606e-02
  -6.04200233e-02 -5.63851445e-02  6.92116951e-02 -1.02888278e-03
  -6.72803209e-02  6.00831644e-02  3.57399620e-02 -8.49700531e-02
   9.19383028e-02  5.07601229e-02  7.20633770e-02 -4.27247057e-02
   1.14796386e-01 -3.20481727e-02 -1.39067191e-01 -5.45940739e-02
   7.12090736e-03  1.23778061e-01  2.96820729e-02  6.75419217e-02
   8.56111057e-02  4.49521903e-02 -5.29635900e-02 -6.02461030e-02
  -5.49336835e-04 -5.36426449e-02  2.77372697e-02 -2.93477075e-02
   8.15897019e-02  5.21805544e-02  6.40763879e-02 -7.48142525e-02
   5.35494396e-02 -1.03854728e-01  9.65640322e-02  7.87221763e-02
  -5.42842168e-02  4.05515052e-02 -9.82619118e-03  8.47094000e-02
   6.06313808e-03  1.10005809e-01 -4.36324539e-02 -4.58001560e-02
  -7.13032506e-02 -3.96855796e-02 -5.41491498e-02  9.32830294e-03
   7.35345911e-02 -1.16326022e-01 -1.17800740e-01  5.14078426e-02
   9.84467889e-04 -2.30589747e-02 -1.06067583e-01 -6.42251384e-03
   7.28936256e-02 -5.17773987e-02 -6.77850465e-02 -2.47823544e-02
   3.33870551e-02 -5.07281712e-02 -7.60619396e-03 -6.91238139e-02
  -1.06527245e-01  1.16960164e-01 -6.93457793e-02  1.23901714e-03
  -9.40396640e-03  9.78041645e-02  4.95491068e-02 -9.04934817e-02
   8.30509720e-02  2.82753201e-02 -9.37563745e-02 -1.91245228e-02
   8.87395488e-02 -8.04126676e-02 -7.47916751e-02 -7.56168835e-02
   5.28338491e-03  8.72506341e-02 -1.03989254e-01 -1.52935287e-01
  -4.56557609e-02 -3.58055101e-02 -8.59753162e-02 -2.21007338e-02
  -9.97653658e-02 -1.06678314e-02  1.34884837e-01  7.66518333e-02
  -5.49224756e-02 -2.13888389e-02  3.65422253e-02  9.83608115e-02
   2.37175680e-02  1.04449501e-01 -1.09101333e-01  3.97163767e-02
  -5.86484159e-02 -2.96819019e-02  8.89125942e-02  2.10185467e-02
   4.09681268e-02 -3.57230434e-02  1.22814086e-01 -8.35994035e-02
   9.67706760e-02 -4.58403734e-02  3.56696894e-02  2.14268628e-02
   3.49228066e-02 -3.82542056e-02  1.44742981e-01  4.03393787e-02
   5.55849302e-02  4.53489859e-02 -1.47864948e-02  5.00773410e-02]
 [-7.75460417e-02  6.27270549e-02 -2.76335488e-02 -4.14790749e-02
  -1.40003202e-01  4.39000079e-02 -6.42252947e-02  1.88796381e-02
  -6.83831830e-02  9.13696029e-02 -1.08654074e-01  1.88482727e-02
  -1.17967591e-01  1.13213925e-01  3.66092296e-02 -1.03155870e-01
  -2.88061570e-02 -1.29462062e-01  4.14367567e-03  7.00194742e-02
  -1.14933314e-01 -4.83010963e-02 -7.61191268e-02  4.34888402e-02
  -8.31233256e-02  9.35328067e-02 -1.41143544e-02 -5.68060540e-02
  -3.14019947e-02  4.46323988e-03  2.60666855e-02  5.45121505e-02
  -1.15959035e-01 -9.34865559e-02 -1.08438504e-01  1.16693242e-02
  -6.20412906e-02 -6.97604749e-02 -1.05851493e-01  7.16089331e-02
  -1.12191830e-02  6.03332946e-03 -3.96383758e-02  9.41421517e-02
  -2.07032073e-02 -1.51212693e-02 -8.14603008e-02 -1.63932340e-02
   3.37134364e-02 -2.21435879e-02 -7.61385408e-02  4.75931994e-02
   4.52435662e-02  9.88896212e-03  7.17539366e-02  3.89958324e-02
  -6.76769651e-02  6.13360393e-02 -3.21432336e-02 -1.84113669e-02
  -3.88781708e-02 -8.84678870e-02  4.79604698e-02  7.83013566e-02
   3.03020705e-02  9.39341563e-02 -7.70045967e-02  2.77062747e-02
   1.05976115e-01 -7.00986402e-02 -2.66194090e-02  9.87350721e-02
  -5.30281603e-02  1.83076336e-02 -3.98339722e-02  5.41384983e-02
   1.85120758e-02  3.25208020e-02  4.59315802e-02 -2.18597502e-02
  -9.98577255e-02  4.39113507e-02  8.54202091e-02 -1.17667233e-01
  -2.05889328e-02  8.22586428e-02 -8.37884068e-02  6.70285594e-02
   2.25820999e-02  3.52120387e-02 -7.22066302e-03 -1.19151816e-01
  -8.62916216e-02 -1.27499704e-01 -4.03518322e-02 -3.05093105e-03
  -1.26164280e-01 -1.21406210e-01 -5.26159239e-02  2.56681227e-02
  -3.55223258e-02  3.09673521e-02  5.92629576e-02 -1.10296628e-01
  -1.18173669e-01  3.69942331e-02 -3.30848706e-03 -6.41369228e-02
  -6.41857869e-02 -1.60280895e-02  8.72496792e-03 -1.32318044e-03
  -1.66103428e-02 -4.59226291e-02  1.15414509e-01 -8.70898171e-02
  -4.79320916e-03 -1.26227935e-01 -2.33432751e-02  9.10535662e-02
   8.46284169e-02  6.86297573e-02  9.23373563e-02  1.01637509e-01
   1.21839365e-01  4.67889995e-02  5.02229498e-02  1.50376271e-02
   1.20226686e-01 -5.92258268e-03 -1.17382124e-01  9.08532449e-02
   1.09810238e-01 -4.29036896e-02  2.66670804e-02  1.16840745e-02
  -6.70878482e-02  8.08105465e-02  1.05958099e-01 -4.57262544e-02
  -8.53561425e-02  6.96855548e-02  1.76375641e-03 -1.03046988e-01
  -3.71918926e-02  5.75466106e-02  3.84408493e-02  1.13650405e-01
   1.22064950e-03  2.32641463e-02  3.68585383e-02  1.76955367e-02
   3.22875567e-02  5.30977921e-02 -5.59005465e-02  1.02991964e-01
  -1.07057432e-01  2.21704513e-02 -6.43928903e-03  4.32281112e-02
   2.75993266e-02 -8.05489137e-02 -1.23718984e-01 -1.21120703e-01
   4.75203487e-02  1.22034153e-01  8.41527259e-02  3.60639151e-02
   5.86228175e-02  1.30035392e-01 -1.00584299e-01 -4.62501762e-02
  -7.60875514e-02 -9.81026070e-02  2.68110277e-02 -7.77481409e-02
   6.13072403e-03 -6.05737489e-02  1.16307967e-02  3.29133718e-02
   6.16235466e-02 -1.78593450e-02 -1.01867520e-01 -6.50949978e-02
   5.12590426e-02  6.77669200e-02  3.73646293e-02 -8.62425750e-02
  -1.03293790e-01 -1.06935072e-01  4.98700426e-02 -1.05119417e-01
   7.66725388e-02 -4.57300935e-03 -1.13384169e-01 -5.76737393e-02
   6.44229419e-03 -6.36130590e-03 -1.20351094e-03  1.28217593e-01]
 [-3.05756061e-02 -2.05376482e-02 -1.74974635e-02  8.51263085e-03
  -6.36594649e-02  9.29340701e-02  1.01022131e-01 -1.06793430e-01
  -5.33191096e-02  5.62044794e-02  1.54902353e-02 -5.55319893e-02
  -5.94415613e-02 -5.14746778e-02  7.29158098e-02  8.24270184e-03
  -5.60881250e-02 -2.69974984e-02 -4.85514659e-02 -1.48766222e-02
   1.00539306e-01  1.07223673e-01 -2.80825244e-02 -3.31611119e-02
  -4.68407686e-02  4.77454758e-02 -1.79137605e-02 -3.95984523e-02
  -7.08036248e-02  6.44206815e-02 -6.24805861e-02 -9.80793425e-02
   4.87749168e-02 -1.51406176e-02  8.96795017e-02  5.37962797e-02
  -6.03482602e-02  4.48400854e-02  1.13561685e-01  1.03800439e-01
   5.66235994e-02 -6.99540147e-02  2.27731519e-02  1.37835980e-02
   1.01888970e-01  6.88755377e-02  1.77517110e-02 -1.13727753e-01
  -7.59200061e-02  5.29815200e-02 -9.77795402e-02 -4.73092977e-02
   8.40183317e-02  6.82986479e-02  1.04002412e-01  4.65042559e-02
  -7.65957933e-03  7.73135932e-02 -1.32606251e-01  1.38825348e-01
   2.32664727e-02 -9.14838785e-02  1.08060997e-01  8.04893325e-02
  -6.31878300e-03  6.46581576e-02 -5.20740000e-02 -1.22770348e-02
  -1.04057483e-01 -1.05787851e-01 -5.23895341e-02 -2.00181005e-02
   3.44317549e-02 -8.74892827e-02 -5.76558477e-02  2.95563699e-02
  -6.17614147e-02  5.25808882e-02 -3.00318408e-02 -1.65305649e-03
  -7.98439457e-03  4.17729416e-02 -5.56576343e-02  8.67224810e-02
  -1.03287126e-01 -3.72143581e-02 -6.57306197e-02 -2.26321088e-02
   9.50185690e-02 -1.48056843e-01 -9.38345233e-03  1.44709763e-02
   9.08213965e-02  1.36514145e-01  2.67064663e-02 -8.44701046e-02
  -8.38252627e-03  2.83538590e-02 -6.16432062e-02 -2.54298947e-02
   9.26941095e-02 -4.46492141e-02  4.27641247e-03 -7.02206118e-02
   9.42599948e-02  3.40714360e-03 -1.30562012e-01  3.73899930e-02
  -7.61109802e-02  7.89686869e-02  1.02085497e-01  6.33886059e-02
  -6.83751342e-02  1.41254045e-01  3.81258350e-02 -1.04374005e-01
  -1.30874037e-01  9.80782511e-02  1.34235261e-01 -5.05084729e-02
  -7.43445700e-02  8.60215096e-02 -6.41274148e-02 -1.08094482e-01
   5.18513210e-02  9.14112222e-02  2.49608481e-02 -2.82064251e-03
  -7.86584222e-02 -2.68153074e-02  8.79303761e-02 -9.74996529e-02
  -8.88443586e-02 -5.41171447e-02  1.64786015e-02 -6.54292970e-02
  -2.76867425e-02 -9.49257107e-03  6.96080807e-02 -4.92728876e-02
  -7.81828235e-02  4.89174231e-02 -5.14367023e-02 -5.72864070e-02
   1.07996475e-02 -8.53545924e-02 -5.25103975e-02 -8.18054550e-02
   6.31425561e-02  1.12982880e-03  4.07214745e-02  6.44386142e-02
   7.58573598e-02  1.43269166e-01 -5.87889237e-02  8.74978354e-02
   6.21685515e-02 -2.05805599e-02 -7.76033091e-03 -1.94909993e-02
   7.98243177e-02 -1.26914370e-01 -1.18398000e-01 -2.16076446e-02
   2.97776962e-02 -5.76725554e-02  6.79782330e-03  6.95495860e-02
  -3.65877317e-02 -7.71004199e-02 -1.04627739e-01 -8.54937788e-02
   9.42605365e-02 -7.71359414e-02 -1.27868819e-03  7.58859537e-02
   5.08573414e-02  9.30423345e-02  8.82805348e-02  8.78303752e-02
   9.94049575e-02 -6.12863020e-02  1.06136392e-01  3.69831574e-02
  -7.54679519e-04 -8.18415269e-04  8.60084942e-02  1.71135076e-02
  -1.07432309e-01 -8.26082010e-03  8.62610456e-02  4.06827597e-02
  -7.84244900e-02 -8.97205804e-02  3.79873685e-02 -5.84273677e-02
  -6.31674373e-02  4.59226880e-02  1.47535457e-02  1.08323134e-01]
 [-1.27629920e-01 -7.25023906e-02  7.58640225e-02 -6.62909784e-02
   1.21761076e-02  9.76030286e-03 -1.94360731e-02  1.27160149e-01
  -1.00092761e-01 -8.80254793e-03 -1.29937144e-01  1.09904925e-01
   7.98464430e-02  6.22187191e-02 -1.06140742e-01  1.33415181e-02
   5.02959797e-02  8.54259459e-02  7.03107136e-02 -5.42974824e-02
  -3.43971353e-02 -4.52009274e-02  7.97228180e-02  3.50811149e-02
  -9.12543160e-02  4.74581179e-02  1.02453774e-02  9.68469491e-02
  -9.75663917e-02 -5.96880200e-02 -1.11713381e-01  4.53790659e-02
  -9.22386318e-03  9.39937205e-02 -1.14243249e-01  6.61403142e-02
   8.70485463e-02  2.92763520e-02  6.85490858e-02  8.25183709e-02
   4.46035975e-02 -5.59686567e-02 -2.63358896e-02  1.22776190e-01
   1.24747664e-02 -9.39540006e-02 -8.83047746e-03 -6.85090507e-02
  -8.01260294e-02  9.11927148e-02  7.32223132e-02  1.10887808e-01
  -1.12805929e-01 -4.72337739e-02  3.06234765e-02 -3.95721290e-02
  -5.84496175e-02 -1.28474244e-02 -9.68310036e-03 -3.02481773e-02
   1.25927485e-01 -8.69428332e-02 -9.90005371e-02 -3.24293882e-02
   4.32089033e-02 -8.67566153e-02 -2.21684825e-02  6.50508894e-02
  -7.11901911e-02  9.51256371e-02  4.48822739e-02  4.91237815e-02
  -1.17418580e-01 -2.34036420e-03  3.75068807e-02 -1.18877911e-01
   8.30034896e-02 -9.62086262e-02 -1.54137243e-02 -2.76156874e-02
   3.30891578e-03 -1.70550640e-02  9.66890298e-02  1.83643013e-03
  -2.70600455e-02  9.57203590e-02  5.72999420e-02 -5.46539984e-02
  -2.79718087e-02 -6.01482935e-02 -6.34310250e-02 -1.41576165e-01
   4.82594927e-02  7.49976909e-02 -1.04912987e-01  9.23534813e-02
   4.92143642e-02 -4.15452025e-03 -5.96975927e-02  1.11910675e-01
   9.88292761e-02  1.15923922e-01 -1.39074460e-02  3.23399735e-02
   5.05238190e-02 -8.74036281e-02 -1.23686741e-01 -2.18475560e-02
   1.06050441e-02  2.86811120e-03  7.88669829e-02 -2.12466215e-02
   3.33185365e-02  3.74079908e-02 -2.51055525e-02  5.69090731e-02
  -6.08509291e-02 -5.14819414e-02  5.40229713e-02 -7.05423482e-02
   6.87326633e-02 -3.03143045e-02  6.77420200e-02 -1.71398987e-02
  -7.54979641e-03 -1.17887867e-01  5.02422694e-02  1.05518632e-01
  -3.19217313e-02  4.40077094e-02  6.98402651e-02  2.56552191e-02
   1.17221960e-01  1.19041421e-01  1.85744912e-02 -1.04388612e-01
  -7.56177929e-02 -9.16501067e-02 -5.81083136e-02  1.01240600e-01
  -1.18438085e-01 -7.07183180e-02 -4.03557100e-02 -3.13698878e-02
  -1.23691477e-01 -8.78098115e-02  3.66630575e-02 -4.98846265e-02
  -7.59902755e-03  9.15372856e-02 -1.64801196e-02 -1.23169484e-02
   5.70279213e-02  9.41773901e-02 -1.12194156e-01 -8.16492691e-03
  -7.40263454e-02  7.53052663e-02  4.40314048e-02 -1.05761563e-01
   2.11374885e-02 -5.54245228e-02  5.99671007e-02  8.56108310e-03
   9.39360547e-02 -5.97102301e-02 -6.26962944e-02  5.54299421e-02
  -5.15659673e-02 -5.86566452e-02  6.91916773e-02 -5.58750798e-02
   5.23648228e-02  4.09287314e-02  1.39051940e-02 -3.19662809e-02
  -1.12897739e-01 -1.07371968e-01 -2.77871385e-02 -7.87444349e-02
   5.68185567e-03 -7.64298015e-02  4.21753529e-02  9.52495115e-02
  -6.34815503e-02  3.03638672e-03  1.20545306e-01 -1.17975781e-01
  -8.66824298e-02 -5.18922877e-02  1.19050552e-02  2.68659640e-02
  -8.12814076e-02  8.33846815e-03 -4.09010188e-02  6.60230271e-02
  -3.55520474e-02 -2.32150454e-02 -4.13176718e-02  1.17188715e-01]
 [ 7.27718128e-02 -1.30178156e-02 -9.00396917e-02 -7.85304119e-02
  -1.96925572e-05  1.07027444e-01 -7.24851522e-02 -4.18236670e-03
   1.45989729e-03 -5.20651658e-02  4.06082697e-02  2.88290835e-02
  -1.21268331e-01  1.03426964e-01  5.18124633e-02 -6.03322793e-03
  -1.03059625e-01 -6.67797400e-02 -5.04731788e-02  8.76656798e-02
   1.14328889e-02 -3.69318812e-03  1.06619775e-02  3.09522238e-02
   1.13397272e-01  1.00290869e-01 -7.41997861e-03  8.58418764e-02
   1.03865972e-01  3.01620181e-02  7.40637368e-02  1.40710097e-01
  -1.02326081e-01 -5.16760755e-02  7.46390096e-02  1.01031300e-01
   3.82712829e-02  2.62218097e-02  1.13551809e-01  6.24178723e-02
   8.88590289e-03  4.28778067e-02  2.38379744e-02 -9.73812729e-02
   4.29559768e-02 -8.75708010e-02 -1.52291352e-02 -1.78937473e-02
  -1.26518777e-01  6.87658593e-03 -3.04347809e-02  6.44490870e-04
  -1.28175197e-02 -2.91276053e-02 -1.33172829e-02  3.98960734e-02
  -1.01845147e-01 -1.09094739e-01  7.23409165e-03  2.08819672e-02
  -3.25499043e-02  8.63013454e-02  6.78707476e-02  7.42304298e-02
  -1.10292594e-01 -5.81835829e-02  8.30543930e-02 -4.17285019e-02
   2.80835663e-02  2.02815172e-02  1.31480254e-01  1.21889491e-01
   1.38555309e-02  1.63544089e-02  6.77621584e-04  9.16987475e-02
  -8.16167179e-02 -1.15508915e-01 -8.99370428e-02 -6.08430880e-03
   2.81618321e-02 -2.05265346e-02 -8.76368482e-02 -1.05353161e-03
  -5.60019340e-03  3.94474800e-02 -7.90440379e-02 -4.43156298e-02
   9.65464854e-02  1.14504527e-02  5.85146634e-03 -1.30624363e-02
  -8.08682838e-02  3.12272984e-02  7.38668465e-02  2.18343958e-02
   1.28800195e-02  9.86469387e-02 -6.10306560e-02  9.85470977e-03
  -1.35811901e-02  1.22959502e-01  4.09425149e-02  1.14287615e-01
  -6.87553066e-02  3.09676103e-02 -4.29514072e-02  1.38813866e-01
   5.77713320e-02  1.60147184e-02  7.67490236e-02  9.16633561e-02
   6.94963179e-02 -5.65146400e-02  5.61462528e-02 -1.60290343e-02
   1.17021854e-01  1.18009452e-01  1.15414710e-01  8.60642674e-03
   4.63560256e-02  7.63659138e-02 -5.98915950e-02 -7.26932197e-02
  -2.82340796e-02 -5.85929105e-02  1.38836398e-01  8.45807780e-02
   8.91080017e-02 -7.60530882e-03  1.05674135e-03  2.34097590e-02
  -3.03084735e-02  3.46624772e-02  1.02543148e-01 -2.87044395e-02
   6.42511564e-02 -3.90526725e-02  1.06725097e-01  6.12401857e-02
  -5.12098812e-02 -8.65233420e-02 -6.53352089e-02 -6.70761455e-02
  -2.59814821e-02  5.49079233e-02  4.81457482e-02  1.48141230e-01
  -5.33677502e-02 -6.95140956e-02 -2.01957764e-02 -1.36837594e-01
   2.10505286e-02  6.63235820e-02 -8.70915247e-02 -3.66355825e-02
  -3.70670699e-02 -5.97411786e-02 -1.58389705e-02  1.50312121e-01
  -1.22643602e-01  6.06169393e-02 -1.13564643e-03  9.53435380e-02
  -5.80625269e-02  4.26637868e-02 -1.20289205e-01  1.45963819e-01
  -1.02747737e-01 -6.94903733e-02  7.89696249e-02  7.90131544e-02
   8.43920156e-02  1.48821284e-02  7.48337785e-02 -1.38255713e-02
  -6.53772682e-02  5.60856191e-03  4.54241700e-02 -1.57352192e-02
  -2.83928078e-03 -1.91291643e-02  3.07854322e-02 -7.42729697e-04
   1.24246368e-01  5.47530665e-02  2.96357773e-02 -1.00438021e-01
  -2.15207335e-02 -8.39298678e-02 -5.13067828e-02 -2.86052337e-02
   9.11191029e-02 -5.51929583e-02  7.41373257e-02  5.47710283e-02
  -1.28360244e-01  9.62883086e-02  7.58554148e-02 -1.14720203e-01]]