[[-1.93452435e-02 -3.65919462e-01  6.42886299e-01 -9.82521779e-01
   2.80425646e-01  4.06039884e-01 -5.20102275e-01 -8.65762551e-01
  -4.41027528e-01 -9.33293732e-01  2.39581678e-01  6.04514538e-01
  -9.28827839e-01  9.58234416e-01  7.10160165e-02 -9.45359655e-01
  -7.29741940e-02  7.40815819e-01 -6.74880791e-01  8.74829486e-01
  -6.64206368e-01 -5.38467503e-01 -6.56103853e-01 -5.90100631e-01
   3.64431841e-01  5.09373902e-01 -2.05155876e-01 -4.96456869e-01
   7.19017584e-02 -3.30406699e-01  9.50851269e-01 -8.45136488e-01
  -8.68664080e-01  6.89700190e-01  2.70197254e-01 -4.99607257e-01
  -9.78860630e-01  9.93177607e-01  9.46313486e-01 -4.41598378e-01
   8.36641589e-01 -4.67375823e-01  6.40920989e-01  1.95981597e-01
   5.89454862e-01  9.03611469e-01  1.59632593e-01 -3.47654727e-01
  -5.68929317e-01  1.59516130e-01  9.16911417e-01  5.49563333e-01
  -9.33098420e-01  8.07470353e-01 -4.34027206e-01  6.19753871e-01
  -9.35599345e-01 -9.15049203e-02 -7.46483081e-01  2.34300717e-01
  -2.16754573e-01  7.38115556e-01 -2.96578197e-01 -3.78058730e-01
  -7.04180570e-01  4.11246617e-01  6.43835727e-01 -4.77484401e-01
  -9.65253344e-01  5.66209940e-01 -1.88239522e-01 -5.66613794e-01
  -9.89444983e-01 -4.53241672e-01 -1.45398214e-01  1.47236294e-01
   7.48350741e-01 -5.60470028e-01  7.85519246e-01 -1.04426256e-01
   6.21568253e-01  5.61553133e-01 -6.00968957e-01 -7.79205811e-01
   5.93065500e-01 -1.31848386e-01 -8.44798843e-01  2.48836259e-01
  -2.75867641e-01 -9.83334851e-01 -1.12278300e-01 -9.09473382e-01
   6.17311770e-01 -4.11731260e-01 -3.89131735e-02  9.06072782e-01
  -2.66099708e-02 -9.60291594e-01  8.17279705e-02 -9.09370814e-01
  -2.86922067e-01  7.56688225e-01  9.32357028e-02 -3.96376492e-02
   7.43398436e-01  4.56309681e-01  3.04558093e-02 -9.67637509e-01
  -4.66959570e-01 -1.26254632e-01 -2.91488867e-03  8.71851019e-01
  -2.01881525e-01  6.17920814e-01 -8.25224845e-01 -6.72127173e-01
   5.72161988e-01  6.50494801e-01  9.51717907e-01  2.24630835e-01
   8.40196546e-01  9.82549225e-01  4.27443575e-01  3.03180683e-01
   2.05225029e-01  6.87990619e-01  2.94671567e-01 -9.42889018e-01
   3.71849588e-01  2.35840816e-01  9.79599443e-01  9.27749043e-02
   8.05137547e-02 -4.28021710e-03 -3.79367693e-01 -6.49975405e-01
   3.68141115e-01  3.72479543e-01  2.06305949e-01 -1.12586610e-02
   9.20642743e-01  3.16264326e-01  1.63499714e-01 -6.53182620e-01
  -8.02937234e-01  8.89592943e-01  1.75099689e-01  2.33370697e-01
  -7.37772158e-01  6.69728505e-01 -1.06166535e-01  7.66636595e-01
   3.49199527e-01 -9.43380527e-01 -1.68646269e-01  3.46972656e-01
  -4.73098262e-01  3.64692275e-02 -7.90141937e-02  4.33322831e-01
  -7.52669233e-01 -8.96533470e-01 -4.01202359e-01 -8.02209316e-01
   8.01928695e-02  3.68875968e-01  6.18519506e-01 -7.41595089e-01
   2.53573356e-01 -3.32840557e-01 -8.89246010e-01  9.08503193e-02
   7.65500390e-01  6.01680913e-01  6.38660247e-01  4.79608558e-01
   4.62956727e-01 -1.51494253e-02  4.90579125e-01  5.80774243e-02
   9.94137006e-01 -6.09226275e-02 -3.90090128e-02 -6.25695616e-01
  -2.45074087e-01 -8.68820338e-01  5.80971190e-01 -9.49291250e-01
  -4.02636065e-02 -4.02403586e-01 -8.52693678e-01  3.28966197e-01
   2.10542896e-01  8.20997421e-01  8.23477520e-01 -6.98495043e-01
   4.96081304e-01  7.47315657e-02  2.47654133e-01 -5.75166357e-01
   9.76087281e-01  8.17437815e-01  1.97337404e-01  5.29704143e-02
   1.75367649e-01  1.58218520e-01 -6.20327562e-01  8.35043949e-02
  -3.41112440e-01 -4.82871373e-01 -6.94466708e-01 -9.31066527e-01
   9.80766233e-01  4.70742519e-01  6.49174234e-01 -3.68770549e-01
  -3.15521795e-01 -3.72837862e-01  9.37327922e-01  4.57993471e-01
  -2.92828853e-01 -2.17929836e-01  2.68219390e-01 -3.32378062e-01
  -5.36485784e-01 -9.42108264e-01 -2.41980755e-01 -2.96164266e-01
   8.42135646e-01 -2.83283977e-01 -6.12222001e-01  2.57677885e-01
  -1.51047865e-01 -1.67996510e-01  4.74234871e-01 -9.53689477e-01
   9.48356392e-01  5.96545448e-01  8.18319170e-01 -3.99261742e-01
  -2.09415674e-01 -2.30411037e-01 -7.52460867e-01 -8.09739682e-01
  -2.03523933e-01 -1.61128230e-01 -8.00793297e-01 -1.04559315e-02
  -8.98120955e-01 -5.72199495e-01]
 [-6.49122088e-01 -5.52555281e-01 -4.21196535e-01  7.35050997e-01
  -1.99679966e-01 -5.03552957e-01 -3.06249918e-02 -8.06416259e-01
  -6.78134335e-01 -4.67339623e-01 -6.86092778e-01 -2.80128184e-01
  -9.51493750e-01  9.81952268e-01 -2.93185560e-01  2.97749010e-01
  -4.37332946e-01 -9.44751703e-01  1.64877986e-01 -1.94210852e-01
   4.16831862e-01 -8.38001369e-01 -3.29039877e-01 -6.54075148e-01
  -4.42398419e-01  6.26564517e-01  2.91738437e-01  4.24257677e-01
  -6.92796696e-01  9.67533977e-01 -1.69029711e-01 -9.02581671e-01
   3.38632510e-01 -9.99582973e-01 -8.67920492e-01  9.86081236e-01
  -3.25915448e-01  9.26916073e-01 -4.92740931e-01 -3.86526635e-01
   5.75983277e-01  6.01758091e-01 -8.63139557e-01 -3.64043378e-01
  -5.07266147e-01 -8.28132144e-01  1.24258176e-01  4.17294877e-01
  -6.53199875e-01 -4.33720029e-01  8.62432674e-01  8.84343042e-01
   8.17494325e-01 -9.10461232e-01 -4.69354036e-01  6.63411573e-02
  -8.29012422e-01 -5.48515878e-01  7.83685036e-01  8.65950927e-01
  -4.65821174e-01 -7.97018115e-02 -3.21937726e-01  2.51862828e-01
   3.68754826e-01 -1.92040627e-01 -5.59126086e-01  7.47588387e-01
  -3.72230165e-01 -7.13354775e-01 -5.91754868e-01  8.88488740e-01
  -3.40995757e-02 -4.42955240e-01 -1.12345594e-01 -5.23009736e-01
   1.77193898e-01  3.62225053e-01  1.74999403e-01 -1.41337562e-01
  -6.42488687e-01  1.18936664e-01 -7.15483207e-01  8.55136097e-01
   6.34307681e-01 -3.57116956e-01 -5.04258130e-01  6.61719206e-01
  -3.77819565e-01 -2.39120220e-01  7.35902415e-01  2.52298175e-01
   9.39272677e-01  8.23470136e-01  3.98199830e-01  4.55388861e-01
  -4.13061322e-01  2.72148518e-01  4.73139448e-01  9.05842724e-01
   8.21395781e-01  8.21525824e-02 -1.48516068e-01 -5.07939417e-01
  -2.05153937e-01  6.51389913e-01 -3.23247656e-01  5.71043247e-02
   5.99516638e-01 -2.47912363e-01  7.10455031e-02  6.42130965e-01
  -9.37708474e-01 -4.47959713e-01 -4.07659593e-01 -2.48174700e-01
  -6.78075534e-01 -4.90059354e-01  9.76744493e-01 -3.17534569e-01
   6.46914423e-01  5.48549513e-01 -7.74024181e-01  4.02303213e-01
  -8.63156704e-01 -9.83988979e-01 -4.10919747e-01 -3.89930066e-01
   9.94445696e-01 -9.69364080e-02 -1.19359298e-01 -3.95709342e-01
   7.60132968e-01  1.94921118e-01  6.33269964e-01 -4.57587962e-01
   8.49625567e-02  6.92623100e-02 -8.14921163e-01 -9.95791033e-01
   8.31511698e-01  5.95822700e-01 -6.86125867e-01 -7.63595929e-01
   7.18730808e-01  8.20991033e-01 -1.71452548e-01 -5.28629324e-01
  -9.32965502e-01  4.98402160e-01 -4.36495203e-01  2.03701996e-01
   7.28617665e-01 -9.64226472e-01 -4.66946180e-01 -1.98044055e-01
   1.76252742e-01  5.35299142e-01 -1.55831856e-01 -8.51918988e-01
   8.35811392e-02 -7.13298997e-01 -9.33726639e-01 -9.79468563e-01
   1.51756177e-01 -3.21636431e-01 -7.37941285e-01 -6.66157493e-01
  -2.09009476e-01 -8.43357075e-01  3.43353222e-01 -4.18976325e-02
  -3.40952384e-02  3.13432303e-01 -3.92369981e-01 -1.88795100e-01
   7.45706371e-01 -6.45881938e-01  5.01309390e-01 -2.24721540e-01
  -6.58904726e-01 -8.56173912e-01 -7.50578157e-01 -6.22514551e-01
   7.63761339e-01 -5.50567070e-01  6.06079045e-01  8.22838848e-01
   5.86008992e-02  6.51114134e-01  4.18242684e-01 -5.78133693e-01
  -7.22994192e-01 -5.12722884e-01  8.82169365e-01  5.72760006e-01
   4.56515330e-01  7.83300792e-01  3.65893960e-02 -3.38754322e-01
   8.29704264e-01 -4.15767789e-02 -7.04304485e-01  8.02224025e-01
  -5.17776930e-01 -6.08580694e-02 -1.91086117e-01 -5.44684251e-01
  -3.78061292e-01 -1.29014187e-01 -2.09088324e-01 -4.15237272e-01
  -6.61487131e-01 -4.83498636e-01  5.00813290e-01  8.82608505e-01
   2.96906105e-01  3.60173877e-01 -2.17231199e-01  9.66896290e-01
   8.32071292e-01 -1.46762164e-01 -8.16372473e-02 -1.53841194e-02
  -8.14279990e-01  2.59331253e-01  4.98417157e-01 -7.56006965e-02
   6.80231136e-01  4.42894757e-01  4.32943382e-01  1.84823093e-02
   7.47815783e-01 -1.68363828e-01  4.80494141e-01  9.36643821e-01
  -8.53690364e-02  8.13046964e-01  7.15436482e-01  1.85653553e-02
  -3.74032509e-01  5.03291843e-01  4.32162646e-01 -5.58836662e-01
  -4.80552043e-01  3.57253407e-01 -7.56636188e-02 -7.96219030e-01
  -2.42256893e-01 -1.86914089e-01]
 [ 7.97994351e-01  4.52389689e-01  5.92836879e-01  7.38262528e-01
  -7.35319742e-01  5.03850076e-01 -7.23182468e-01 -2.48676802e-01
  -1.29970610e-01  6.66796974e-01 -6.66984211e-01  9.75695966e-01
   6.70314070e-01  5.18348153e-01  3.35910286e-01  7.45606319e-01
   3.43586846e-01 -2.76166567e-01  8.96178643e-01 -9.58613045e-01
   2.74387534e-01 -8.33550657e-01 -9.19670616e-01  4.61532365e-01
   1.74182440e-01  4.77799065e-01  4.97474857e-01  6.42386715e-01
  -1.96102681e-01  8.41504424e-01 -6.77518448e-01  1.09057051e-01
   4.38697888e-01  3.34003353e-01 -5.10507181e-02  4.10773004e-01
  -8.55374735e-01 -6.29671809e-01  6.79642756e-01 -1.51152899e-01
   3.22272788e-01  8.65405322e-01 -1.86139694e-01 -5.59113610e-01
   2.84312751e-01 -4.56108787e-01 -3.11436455e-02  8.10742136e-01
   5.10140067e-01  6.08531998e-01  4.71245220e-01 -4.59209970e-02
   7.12551029e-01  1.91949275e-01 -1.89831839e-01  3.45822729e-01
  -1.55997846e-01 -4.62463335e-01  3.73413679e-01 -6.02688578e-01
   6.83063522e-01  4.79056933e-01 -7.95134545e-01  1.61617994e-02
   5.45293796e-01  9.17705101e-01  3.89727250e-01  8.80077233e-01
  -1.80851084e-04 -5.97332887e-01 -7.33851029e-01 -8.84357546e-01
   3.65740045e-03  6.73221153e-01  6.43049948e-01  4.92161623e-01
   2.21282857e-01  5.21298303e-01 -8.98586786e-01 -7.33323706e-01
   2.45387212e-02  4.87070540e-01 -1.63444662e-01 -6.42990847e-01
  -3.41524839e-02  8.28494116e-01 -1.73138577e-01  5.66419226e-01
   5.23604851e-01  1.12220118e-01  5.51616761e-01  6.39465569e-01
  -2.25698631e-01  7.00503832e-01  1.69202313e-01  3.73072426e-01
  -8.93231387e-01 -4.19096506e-01 -5.62807989e-01 -9.30230748e-01
   1.24932359e-02 -3.23499533e-01 -5.76328763e-01  6.12759844e-02
  -7.28614790e-01  9.65585214e-01 -3.63416964e-01  2.36983613e-01
  -9.02417232e-02  8.68971933e-01 -3.14628861e-01  5.30368536e-01
  -8.51627898e-01 -2.76701513e-01 -2.87426051e-01  6.81365882e-01
   5.66717913e-01 -2.48393894e-01  4.78905587e-01  2.89037739e-02
  -5.33052884e-01  5.38735010e-01  9.29631764e-01 -4.16028894e-01
   3.58013018e-01 -8.24957053e-01 -5.48677029e-01 -9.86221186e-02
   5.82061527e-01  3.52503510e-01  4.67363663e-02 -8.61455855e-01
  -3.93058380e-01 -9.84928028e-01  1.38955790e-01  6.24490258e-02
  -4.82006464e-01  9.22954171e-01 -7.71194367e-01  9.68840583e-02
  -4.07592516e-01  7.01281792e-01  8.23086842e-01 -6.75776248e-01
  -4.63933532e-02  6.44134206e-02 -9.41650054e-01 -7.53418668e-01
   3.28289984e-01 -2.74458076e-01 -6.67298485e-01  3.34218035e-01
   5.73431629e-01  7.50629204e-01  7.90051276e-01 -1.36009294e-01
   3.67604024e-01  4.56819299e-01  5.89742028e-03  5.74449423e-01
   9.12110052e-01 -2.79546934e-02  8.33994879e-01  9.43378713e-01
   4.43240214e-01  4.80163637e-01  8.63428374e-01  3.01016633e-01
  -9.88789592e-01 -5.40571310e-01  2.51157328e-01 -9.80587443e-02
  -8.83861610e-01 -2.75719228e-01  6.71834466e-02  7.14507197e-01
  -7.39559128e-01 -7.81335010e-01  4.67918273e-01  5.55587375e-01
   1.93364623e-01 -9.90457262e-01 -3.15013046e-01 -1.26719987e-01
   9.09061098e-01  6.91105580e-01 -2.52195690e-01  3.46481320e-01
  -2.91713416e-01 -3.06662026e-02  4.64054762e-01 -8.39310580e-01
  -4.03187980e-01 -4.14885213e-01  9.73745085e-01 -2.20781178e-01
  -8.69462470e-01 -8.24843820e-01 -9.22948730e-01  4.71504181e-01
   9.61797856e-01 -6.58811608e-01 -8.40746983e-01 -1.58044065e-01
   7.76989125e-01  5.01253217e-01  1.67073218e-01 -5.12087168e-01
  -6.20876222e-01  2.43815616e-01 -1.88081715e-01  8.93272429e-01
  -8.78215880e-02  5.55134780e-01 -9.10549726e-01 -8.88846714e-01
   4.30072675e-01  4.57983958e-01 -5.41606894e-01 -5.13733346e-01
   4.15068594e-01  4.64246106e-01  4.30087849e-01  4.08882466e-01
   8.34421627e-01 -7.84392626e-02  9.33184675e-01  2.73493574e-01
   5.47853742e-02 -9.26632007e-01 -3.64912960e-01 -7.22633477e-01
   9.78302158e-01  8.64394929e-01  5.34159053e-01 -6.59119122e-01
   8.95058974e-01  2.97696713e-01 -3.62034075e-01  9.39197828e-01
  -1.61872218e-01 -7.34616085e-01 -5.38205466e-01  5.71496425e-01
   9.14205669e-01 -5.24443712e-01  2.70067128e-03  6.60713580e-01
   1.99814437e-01 -1.25120308e-01]
 [-8.95545122e-01  2.13233417e-02 -4.65136472e-01 -9.08567899e-01
  -9.84600198e-01  2.16687481e-01 -2.61536677e-01 -5.98678806e-01
   6.10447062e-01 -5.80225295e-02 -9.99572929e-01  9.75245938e-01
   9.86282335e-01  3.69494283e-02 -7.43121826e-01 -9.97464060e-01
   3.42420301e-02  4.30294173e-01  5.70916832e-01 -9.91426199e-01
  -7.03483897e-01  3.04677696e-01  2.95645148e-01 -9.52682677e-02
  -6.35359512e-01 -1.62379834e-03 -5.45713617e-01  9.59037620e-01
   7.90749758e-01 -7.33221691e-01 -2.34534749e-02  9.18321181e-01
   2.27147009e-01  7.56647781e-01  6.67327509e-01  8.04705943e-02
   1.45306194e-01 -5.67948658e-01 -8.33310818e-01 -4.39403376e-01
  -6.59524620e-01  1.41356327e-01  3.21442964e-01 -9.84280713e-02
  -5.19605919e-01 -7.45356286e-01 -6.17769619e-01 -1.23053003e-01
  -4.02720149e-01  7.70014793e-01 -6.39349172e-01 -4.67198904e-01
  -1.94088231e-01 -8.69181433e-01  9.02576072e-01  7.23925179e-01
  -9.64960281e-01 -5.94177599e-01 -6.71144299e-01  1.93048697e-01
  -5.69935455e-01 -9.81229901e-01  9.71811036e-01 -2.68276838e-02
   7.32056168e-01 -6.38975330e-01 -1.38380810e-01 -4.95605996e-01
   9.12229041e-01  3.55026769e-01  3.21934658e-02 -4.02584535e-01
  -8.40596780e-01  2.40874791e-01  4.06427082e-02 -4.83790805e-01
   2.98426312e-02  8.50040786e-01 -6.66504284e-01 -4.70525263e-01
   2.98497957e-01  2.66271656e-01  3.72727286e-01  5.52081830e-01
  -1.65246275e-01  3.72852621e-01 -9.79626839e-01 -4.01245592e-01
  -1.17837459e-01 -8.50846651e-01  2.86537911e-01 -9.81413442e-02
   8.63856474e-01 -6.59112379e-01 -7.50355521e-01 -2.22405160e-01
  -6.39249270e-01 -9.80266488e-01  3.81705821e-01  4.92089489e-01
  -3.97787068e-01  5.10536263e-01  9.44029173e-01 -4.25839197e-01
   1.89494041e-01  2.00803231e-01  2.61575372e-01 -6.19909585e-02
  -7.82886003e-01 -1.09775309e-01 -2.40003408e-01 -4.61966734e-01
   8.92832646e-02  9.37607043e-01  7.28558517e-01  7.65502850e-01
  -1.61122161e-01  3.88374755e-01  4.92020732e-02 -5.23827345e-01
  -8.46043850e-02 -2.24050827e-01 -8.91407676e-01 -7.15723446e-01
  -8.16077996e-01  3.01497387e-01 -4.51664629e-01 -7.10005290e-01
   1.49876031e-02  7.57644915e-02 -4.88741053e-01  8.41944089e-01
  -2.55310570e-01 -5.72783066e-01  6.50480907e-01 -6.96920281e-01
   1.48648047e-01  9.54908217e-01  4.71265315e-02  4.02034048e-01
  -4.80527066e-01 -3.52443889e-01  6.07834749e-01 -2.64263111e-02
  -4.06622036e-01 -9.04623857e-01 -1.71210345e-01 -7.30789607e-02
  -2.06509707e-01  6.00596514e-02  3.33156377e-01 -1.52118881e-01
   9.40517549e-01 -6.87988739e-01 -9.39407580e-01 -1.89412879e-01
   3.51982249e-01  5.05692222e-01  7.73573112e-01 -4.69658179e-01
  -7.77581417e-01  9.38924489e-01  2.07660833e-01  9.04483664e-01
  -1.89185720e-01 -8.45809578e-01  3.18163118e-01  3.67119302e-01
  -6.17535625e-01  1.24382293e-01 -2.64824267e-01  2.47697267e-01
   7.67195710e-01  8.04788895e-01 -1.90549476e-02  4.80517276e-01
   3.22933593e-02  3.56365233e-01 -4.09837519e-01 -8.90089459e-01
   8.58386355e-01 -2.58172549e-01  1.65628120e-01 -2.26494356e-01
   5.48698800e-01 -2.55961571e-02  4.37877052e-01 -1.12388733e-01
  -9.95746489e-01 -4.73749420e-01  5.73069416e-01  8.35650476e-01
  -8.77506177e-01 -4.93629677e-02 -4.52378687e-01  4.05643872e-01
  -2.04729442e-01  8.05398720e-01 -7.64135757e-01 -2.38162237e-01
   4.19991621e-01 -3.65497390e-01  5.01141151e-01  2.06998587e-01
  -6.58594752e-01  1.28887677e-01 -1.62307625e-01 -4.30154516e-01
   2.38081209e-01 -7.47271188e-01  5.74537120e-01 -9.03044183e-01
  -3.66980466e-01  7.62660960e-02  2.30428241e-01 -9.35543944e-01
  -1.17451137e-01 -3.41313492e-01 -5.60660162e-01  3.68844495e-01
  -5.64268343e-01  2.54548834e-01  4.81746344e-03 -3.35859706e-01
  -6.95715873e-01 -1.25210668e-02 -8.04216995e-01  2.19056338e-01
   4.12913648e-01 -8.75631032e-01 -9.52826100e-01  7.59348457e-01
  -6.60931197e-01  4.25685435e-01  9.98279053e-01  8.02496901e-01
   2.94122889e-02 -7.93293701e-01 -1.34443915e-01  2.31911472e-01
   4.27578963e-01 -9.05926989e-01  6.25511017e-01 -1.88703983e-02
  -9.99063515e-01  9.56616513e-01 -7.26310265e-01 -4.73809520e-01
  -5.44472379e-01  1.08790192e-01]
 [ 1.48801855e-01 -2.96296913e-01  3.92778044e-01 -7.76476208e-01
  -5.54683747e-01 -7.11450649e-01 -9.01823153e-01  6.78015394e-01
   6.59361020e-01 -3.93598966e-01 -5.98774536e-01  4.27888772e-01
   7.90585901e-01 -9.91999210e-01 -9.84130429e-01 -1.21802382e-01
  -4.62449849e-02 -2.03630574e-01 -6.39699485e-02 -3.20003612e-01
   8.76576902e-01 -8.00250942e-01  3.33841019e-02 -3.63508037e-02
   6.47296203e-01 -9.58505065e-01  9.89841253e-01  6.15711657e-01
  -3.74554923e-01  5.01181242e-01 -9.42519280e-01  6.31695738e-01
  -5.77243494e-01  8.00383724e-01  9.02516287e-01  3.09963443e-01
   6.36204957e-01 -1.00405199e-01  4.65425277e-01 -2.99241482e-01
   6.69909066e-01 -2.77061805e-01 -3.70941190e-01  5.03009302e-01
   1.78286438e-01  6.99381910e-01  2.72373271e-01 -4.18824862e-01
  -7.07390959e-01  4.11389273e-01  9.73705210e-01 -7.30664704e-01
  -1.07664022e-02 -9.72554533e-01 -8.38264928e-01 -3.18544817e-01
   5.80367863e-01 -6.09008910e-01 -3.81072178e-01 -8.58916807e-01
   3.62357327e-01  9.91747557e-01 -4.38188868e-01  1.92254358e-01
  -3.40690143e-01  9.88301300e-01  5.60631539e-01  2.91047539e-02
   7.83757368e-01 -2.52794275e-01  7.40206078e-01  1.71008187e-01
   3.77355085e-01 -3.91681396e-01 -5.51663745e-01 -8.74997157e-01
  -2.25879516e-01 -2.96477713e-01  1.27331024e-01  7.68184974e-01
  -7.30821400e-01  3.59641661e-01  4.75849302e-01  2.41138923e-01
  -4.75118247e-01 -6.56625343e-01 -3.62775161e-01  8.02003840e-01
   1.27105398e-01 -7.76578625e-02  7.65939912e-01 -3.82830074e-01
  -8.20171697e-01 -3.41643236e-01  8.88678546e-01  2.82764819e-01
  -8.12408211e-01  3.54376756e-02 -1.98093368e-01  8.04999386e-01
  -8.61629579e-01 -3.15310685e-01 -7.20490485e-01  6.61707647e-01
   7.03203062e-01  3.19198709e-01  3.96155701e-01  4.26115655e-01
   7.06648387e-01  5.76451740e-01  2.86852822e-01 -7.45932426e-01
  -8.56376230e-01  1.85687495e-01 -3.69012384e-01  1.46305460e-01
   8.27883818e-01  5.06446225e-01 -6.73733548e-01 -3.37734827e-01
   1.95928157e-01 -4.95532081e-01 -4.47574970e-01 -7.72050398e-01
  -8.99317240e-01 -5.95150467e-02 -8.41020015e-01 -4.28041311e-01
  -5.46812419e-01  2.71562783e-01  5.22455022e-01  4.68134303e-01
  -4.45018150e-01 -1.44532386e-01 -1.59590902e-01 -8.17002583e-01
   5.36525456e-01 -8.01685128e-01  5.72508549e-01 -4.38874446e-01
   8.11644222e-01 -7.95532722e-01 -5.25204864e-01 -2.40548145e-01
   6.79147106e-01 -4.06955964e-01 -1.39894947e-01  4.87271352e-01
   7.10240003e-01  7.23326656e-01  8.14314114e-01  3.74869456e-01
  -6.21048615e-01  1.75298998e-01 -8.09899285e-01 -9.26025911e-01
   3.87376421e-01  1.34531407e-02 -1.77635981e-01  2.84989122e-01
  -1.74636432e-01  7.45819062e-02  7.05527186e-01 -9.89174056e-01
  -4.55824281e-01  9.54298080e-03 -7.83223988e-01  7.28670726e-01
   5.79715462e-02  1.07527724e-02 -1.79531880e-02  8.67304850e-01
   5.94549256e-01  8.62422979e-01 -7.60948583e-01  5.30034268e-02
  -1.58316144e-01  1.89917273e-01 -8.05775806e-01 -5.32964146e-01
   4.73416959e-01  6.73684383e-01 -6.05299713e-01 -4.66393102e-01
   7.42591853e-01 -8.38463432e-02 -6.37264679e-01 -9.03225745e-01
   1.22717598e-01  9.55668476e-04 -9.22898386e-01 -4.05990129e-01
   9.90968434e-01  4.40060981e-01 -6.97966749e-01  9.45818147e-01
  -5.47959989e-01 -9.64659941e-01 -7.56165556e-01 -1.88888510e-01
   7.64968888e-01 -1.76512604e-01 -8.90735431e-01  5.76600348e-01
   4.77359766e-01  8.56087555e-01 -7.54003413e-01 -6.71693510e-01
  -6.86005472e-01 -4.60832091e-01 -2.98745693e-01  2.96778117e-01
  -7.92752693e-01  6.19667151e-01  1.01347423e-01  9.05820344e-02
   7.86079982e-01  1.10601312e-01 -1.08994685e-01  2.66396385e-01
   6.11267389e-01 -2.58984225e-01  6.00529717e-01  2.23388555e-01
  -1.88726917e-01 -7.12813072e-01  7.50828744e-01  6.31570034e-01
   6.94770962e-01  2.14841677e-01  7.93121983e-01 -9.24288766e-01
  -6.80400084e-01  6.10318938e-01 -3.62006120e-01 -5.15702838e-01
   1.55294865e-01  6.91645382e-01  2.66775982e-01 -2.31650114e-01
   7.21755691e-01  8.33169608e-01 -3.82297850e-01 -1.36670473e-01
   9.30109525e-01  4.36140780e-01 -9.47153827e-01 -2.08871072e-02
  -9.06422573e-01 -1.49149917e-01]
 [-4.59073908e-01  4.09779728e-01 -1.40219976e-01 -7.56282059e-01
  -9.85613896e-01 -6.58278203e-01 -7.56227808e-01 -1.74694859e-02
  -6.83476949e-01  2.93462149e-01  3.35538888e-01  3.82196389e-01
   6.09100924e-01  6.17077549e-01 -5.97363048e-01 -8.19372100e-01
  -5.31794922e-01  5.74743672e-01  4.15549690e-02 -3.82137176e-01
  -9.67556566e-01  1.75133928e-01  7.27551116e-01 -1.61516205e-01
   4.53975958e-01  1.31654413e-01  2.95754079e-01  6.25022955e-01
  -9.84220507e-01 -4.70883792e-01  1.33535894e-01 -5.23324647e-01
  -3.67230387e-01  4.88348806e-02  8.81421760e-01  4.89621839e-01
  -9.93599779e-01 -9.02761335e-01 -4.44558880e-01  7.93667492e-01
  -4.55364724e-01  3.74368292e-02  2.04752816e-03  5.34862582e-01
   3.83218289e-01 -3.88950348e-02 -2.90871106e-01 -3.53465438e-01
   8.02066883e-01  3.15709411e-01 -8.75138939e-01  7.84218893e-01
  -5.72789335e-01  4.37967163e-01  6.07492307e-01 -3.44445716e-01
   1.34049482e-01  8.57091660e-02 -1.27546853e-01  6.68853361e-01
  -9.36194875e-01  7.88450920e-01 -5.98094919e-01 -8.34943435e-01
  -6.61734783e-02  7.92332315e-01  5.52174688e-01  8.81773297e-01
   4.80897096e-01 -2.55194730e-01  2.74546858e-01 -6.27330708e-01
  -8.55033373e-01  4.76300619e-01 -4.15556547e-01  7.97654275e-02
   9.27619070e-01  2.90295810e-01  8.61824412e-01  1.50488890e-01
  -3.53222798e-01  3.61107011e-01  9.74526752e-02 -5.04898784e-01
   4.73130434e-01  5.38937922e-01  3.37924354e-01  8.72118500e-01
   6.55278272e-01  1.87942870e-01  5.45502412e-01 -6.50030619e-01
  -9.45159538e-02 -5.49336378e-01 -8.07745857e-01  9.44088073e-01
   3.72314450e-01 -6.60651853e-01 -7.87299849e-01 -8.02012967e-01
  -3.20897929e-01 -5.44885307e-01  9.42516852e-01 -4.69015988e-01
  -9.77009742e-01 -2.21349214e-01 -9.15939614e-01 -4.54113215e-02
   4.48225953e-01  1.04738582e-01  7.83757407e-01  9.88062227e-01
   7.04314496e-01 -7.56519495e-01  4.36754164e-01  2.66677697e-01
   1.14697950e-01  6.83418359e-01 -9.18296842e-01  2.44153282e-01
  -3.12211941e-01 -9.58882315e-01  3.92881207e-02  5.97541096e-01
   4.98881341e-01  8.50182923e-02  7.12757561e-01 -6.12938965e-01
   6.83036483e-02  6.11218327e-01  4.52939015e-01 -6.91286709e-01
  -9.26679397e-01  1.01711835e-01  6.09736424e-02 -3.37451212e-01
  -4.37170705e-01 -9.42334292e-01 -5.62855925e-01 -4.08802903e-01
   6.41501477e-01  2.26403170e-01  3.46682288e-01 -3.93407398e-01
   2.86206217e-01  9.54382068e-01  8.60492308e-01  3.40992388e-01
   8.26894601e-01 -3.74190936e-01  9.45053786e-01  1.43357885e-01
  -2.90571255e-01  4.51520122e-01 -6.15869097e-01 -1.88343389e-01
   9.11205073e-01  1.02418381e-01  3.95655300e-02  3.91223548e-02
  -1.52001747e-01 -2.43368488e-01 -4.50622413e-02 -1.56411053e-01
  -2.51511193e-01 -1.33405266e-01  9.76353391e-01 -6.28423510e-01
  -1.79189953e-01  3.52789668e-01 -3.61044592e-02  5.95329906e-01
   5.69618001e-01  2.52775314e-01 -1.36910788e-01  2.24833957e-01
   2.27822942e-01  7.74143816e-01 -8.00501429e-01 -1.49691770e-01
   1.02200814e-01  4.12800009e-01 -9.09307574e-01 -2.73002282e-01
  -7.96486291e-01  8.15536962e-01 -3.06195486e-01 -6.47255867e-01
  -3.72568192e-01 -7.26083374e-01 -4.51664627e-01  1.35676602e-01
   1.29548125e-01 -1.97438641e-01  4.80917628e-01 -7.63072581e-01
  -5.73453044e-01  8.78343294e-02 -6.51079599e-02  4.08327416e-01
  -4.75629850e-01 -9.36571151e-01 -8.43567902e-01  3.97480810e-01
  -9.62685725e-01 -2.80691035e-01 -8.13327271e-01  3.85269448e-01
  -4.50278995e-01 -7.22816104e-01 -8.52273242e-01  5.16518734e-01
   7.84182419e-01 -2.83184971e-01 -5.93514066e-01  6.95737023e-02
   8.10018717e-01 -9.56539578e-01  1.11008325e-01 -7.25735835e-01
  -8.38158698e-01 -9.74064664e-01  3.46207233e-01 -7.32072444e-01
   3.89920287e-01 -5.99856798e-01  6.06653990e-01 -7.15171511e-01
  -8.51062124e-01 -6.97247084e-01  1.55264102e-01 -6.82231563e-01
   7.41275594e-01 -1.22517190e-01  9.38536561e-01  7.88920121e-01
   3.57293439e-01 -1.92020901e-01 -6.86154729e-01  5.05939874e-02
   6.85506621e-01 -8.72718033e-01 -6.39997094e-01  9.15212271e-01
   9.68906978e-01 -6.39174337e-01 -6.81605712e-01 -5.07188589e-01
  -3.19078832e-02  9.67172836e-01]
 [-2.71102811e-01  8.15923428e-01 -9.78557993e-01 -7.71331563e-01
  -7.68161813e-01  6.34195974e-01  1.74010441e-01  4.65012796e-02
   2.93813779e-02  4.28310123e-01 -1.82141750e-03  9.08079199e-01
  -9.89763593e-03  2.64382168e-01 -1.00460640e-01  2.24759465e-01
   2.31353110e-01 -9.85817371e-01 -7.95178327e-01 -2.80752981e-02
  -7.87473316e-01  4.55392537e-01  4.75269131e-02 -1.93267614e-01
  -3.48839597e-01  1.17335597e-01  3.64158741e-01  9.07497260e-01
  -2.47264721e-01 -1.78424444e-01 -4.37262078e-01 -7.54135566e-01
  -1.15166008e-01  9.33755172e-01 -6.71856267e-01  4.05098614e-01
  -9.14450127e-02  1.21994863e-01 -5.36492304e-01  4.83138101e-01
  -3.72089231e-01 -4.24390769e-01 -3.54388062e-01 -4.64750568e-01
  -4.74696982e-01  1.34899094e-01 -9.06025402e-01 -6.19366045e-01
   7.38670284e-01 -3.04809016e-01  4.14565407e-01 -5.57484676e-01
  -3.01830851e-01  2.11877189e-01 -3.51423963e-01  4.03766063e-01
   2.45604258e-03 -9.52644548e-01  9.14582880e-01  5.89000055e-01
   8.04230977e-01 -4.44392966e-01 -1.30827271e-01 -4.94477311e-01
  -8.24172762e-01 -6.11246373e-03 -2.22460843e-01  2.66284537e-01
  -2.39166194e-01  1.16405172e-01 -4.42413661e-02 -2.78741754e-01
   3.76663768e-02  2.41880810e-01  2.59368574e-01 -1.88184020e-02
   9.00825298e-01  8.88724844e-02  5.88274137e-01 -1.22699632e-01
   7.51770851e-01  6.21543844e-01  8.53018747e-01  2.03506729e-01
   9.90405356e-01 -8.42363301e-01  1.08674372e-01  8.45842677e-01
  -8.02064163e-01 -9.75126980e-01 -8.73474848e-01  5.57243778e-01
   8.37903525e-01 -2.77540422e-01 -8.51403507e-01 -5.91703573e-01
  -7.67505348e-01  2.19448842e-01  2.79040465e-01  6.61574919e-01
   2.24249221e-01  8.77512815e-01 -9.54403932e-01  4.51801255e-01
   5.47411263e-01  9.78561862e-01 -7.91751836e-01 -1.28795420e-01
  -6.78421417e-02  6.46993254e-02  6.05559625e-01  4.98177383e-01
  -9.02450658e-01  7.64796842e-01 -5.24875083e-01 -6.94809402e-01
  -2.17371925e-01 -7.99754810e-01  5.62572262e-01  8.87064259e-01
   9.44739487e-01  8.21466425e-01 -7.09381616e-01 -6.55424873e-02
  -3.94334030e-01  5.52743892e-03 -4.95253723e-01 -4.72893987e-01
   2.33186963e-01  8.31382081e-01 -2.80767440e-01  9.47087702e-01
   9.05792756e-02  6.61837413e-01 -6.39567459e-01  6.39939945e-01
  -8.78400463e-01 -9.45602898e-01  2.67685863e-01  8.16578041e-01
   6.34862673e-02 -3.06891866e-01  6.41598440e-01 -1.73341418e-01
  -4.34314792e-01  7.50072028e-01 -1.66428420e-01  8.93438732e-01
   8.97863463e-01  9.40960128e-01 -2.95518710e-01  5.77741885e-01
  -8.33157108e-01 -8.29533516e-01 -3.78514491e-01 -6.82958556e-01
  -3.08119284e-01 -1.04591835e-01 -2.73516384e-01 -5.78634918e-01
  -7.23481638e-01  1.65339703e-01 -5.14186456e-01 -6.81276588e-01
  -8.35046352e-01 -9.50711693e-01 -9.34849175e-01  9.15956756e-02
   4.90418732e-01  7.02883559e-01  2.90955513e-01 -9.40969471e-01
  -1.61976536e-02  1.77665471e-02  4.09998630e-01 -8.41162134e-01
  -5.21876495e-01 -8.85607733e-01 -4.31722824e-01  7.30392641e-01
   5.82123415e-01 -2.42037417e-01 -4.25076687e-01  4.57458374e-01
   9.25238322e-01  7.29536933e-01  5.57299728e-01 -5.61078203e-02
  -2.39056005e-01  3.55349764e-02  1.57732659e-01  8.03284726e-01
  -3.71408810e-01  5.77666897e-01 -1.28680451e-01  3.96043136e-01
  -2.35539814e-01 -3.10807280e-01 -2.73851084e-03 -9.20655938e-01
   5.80925132e-01  5.50900887e-01  8.38683910e-02 -7.05703936e-01
   5.88687612e-01 -1.59283840e-01  6.67153812e-01  5.03806356e-01
   1.66065446e-01 -6.94593573e-01  2.98040881e-01  1.34567324e-01
   6.83547771e-02 -5.35114266e-01  5.43143614e-01 -8.62773248e-01
  -7.79917390e-01 -3.90005089e-01  5.90944747e-01  6.18725452e-01
  -2.98064868e-01 -5.26820109e-01  6.57370730e-01 -9.08144837e-01
  -5.74796894e-01  3.70933023e-01  7.02277455e-01  7.55845792e-01
   9.87780402e-01  9.75105092e-01 -9.80967848e-01  1.08679278e-01
  -3.05972337e-01 -8.33837831e-02  4.27987555e-01 -2.89371444e-01
  -4.95391709e-01 -4.09795256e-01 -4.62293613e-01  5.64700698e-01
  -5.26232232e-01  8.63325094e-01  6.45407296e-01  9.08435985e-01
  -3.18329229e-02  7.64925647e-01 -8.57449289e-01  3.85861589e-01
  -4.96692852e-01 -4.12849652e-01]
 [ 4.33625729e-01  3.08748332e-01 -5.00030292e-01 -2.71885831e-01
  -8.82626021e-01  6.25206090e-02 -4.83298467e-01  3.11653290e-01
  -6.50399104e-01 -6.80143145e-01  3.93933732e-02  9.72091745e-01
  -9.14699754e-01 -7.71670952e-02 -6.80806790e-01 -5.13242141e-02
  -3.89580966e-01 -5.75662583e-01  1.95575031e-01 -4.81672843e-01
   3.93319899e-01 -9.32275137e-01 -9.27930556e-01  3.49471816e-01
  -7.05768063e-01  5.84607111e-01 -5.59980485e-01 -5.22328474e-01
  -9.74687518e-01  5.34080779e-01 -8.25927379e-01 -4.17729869e-01
  -1.15269353e-01  6.65492973e-01  7.09851888e-01 -1.99415812e-01
  -2.09303522e-01  5.85075113e-01 -1.16248007e-01 -9.88676099e-01
  -4.92387702e-01  5.01001920e-01 -7.50314264e-01  9.27480831e-01
   1.23938971e-01  1.41026598e-01 -1.36219372e-01 -2.47595504e-01
  -2.64060634e-01 -4.84079138e-01  9.31675346e-01 -3.88312701e-01
  -4.37174571e-02 -4.99139840e-01 -9.59333054e-01 -3.98772268e-01
   6.48774999e-01 -1.07727695e-01  2.33348299e-01  8.52459589e-01
  -3.78891311e-01  9.14742635e-01 -2.10490418e-01  7.06095391e-01
   6.95455515e-01 -2.00495507e-01 -5.32854041e-02  9.45140360e-01
  -7.02860677e-02 -5.14705932e-01 -3.82439296e-02  7.77738377e-01
  -9.89580048e-01 -8.99854186e-01  2.80578254e-02  8.14789537e-01
  -4.89209018e-01 -5.29264903e-01 -5.38492330e-01 -1.44344011e-01
  -8.41056186e-01 -1.16964806e-01 -5.19266882e-01  4.15905195e-01
  -8.51545500e-01  6.51131869e-01  2.86011288e-01 -4.26538901e-01
  -6.01692733e-01  5.00560379e-01  6.35956495e-01 -1.84114106e-01
  -3.48375364e-01  5.01070934e-01  3.78797843e-01  3.78444332e-01
  -6.37203323e-01  9.08569471e-01  1.28027137e-01  7.96310785e-01
  -5.63840974e-01 -1.48293622e-01 -9.46629370e-01  6.01553115e-01
  -4.64004086e-01 -9.84472945e-01 -9.02970065e-01  7.13266452e-01
   4.37063286e-01 -1.76123278e-01 -9.87715086e-01  3.72822136e-01
  -1.85318847e-01 -7.78800284e-01 -3.33757304e-01  9.10284943e-01
  -7.31248587e-01  7.00714051e-01 -3.53727944e-01 -2.46164576e-01
  -9.46211833e-01 -6.93638239e-01 -5.34171487e-01  5.39140027e-01
  -6.76021013e-01 -5.62542579e-01 -7.90373920e-01  1.28578641e-01
  -3.21487965e-01 -5.77212642e-01  8.01078854e-01  4.79256196e-01
   3.72319311e-01  5.87655092e-01 -8.71649618e-01  7.67463358e-02
  -4.52878064e-01  1.51582717e-02 -3.99648835e-01  8.56136214e-01
  -7.70312789e-01  5.10519443e-01 -9.98852758e-01  5.68280357e-01
  -5.97613344e-01  8.55599744e-01 -2.72150650e-01 -6.19772654e-01
   9.32753206e-01 -5.92288957e-01 -8.34824107e-01  4.66209831e-01
   3.56488395e-02  1.22977121e-01 -1.84751993e-01  8.15926771e-01
  -7.36244810e-01 -3.59865626e-01 -6.67769363e-01 -6.62316299e-01
   3.16870763e-01 -8.89719355e-01 -9.50082841e-01  7.23110728e-01
   8.57206247e-01  3.65233143e-01 -2.29094613e-01  7.27206856e-01
   7.02042244e-01  2.67162774e-01 -8.87994829e-01 -1.03274575e-01
   6.40114979e-01  4.94436335e-01  9.07145878e-01 -7.97318037e-01
   4.27972833e-01 -9.50966455e-01 -5.35404319e-01  4.22319383e-01
   1.86659803e-01 -2.02380303e-02  7.88417594e-01  3.05958607e-01
  -7.99118222e-01  8.29279686e-01 -1.30748414e-01 -1.65705404e-01
   2.02986990e-03  1.30088132e-01 -9.68677603e-01 -2.11172192e-01
  -9.21643003e-01 -2.15333917e-01 -9.24766613e-01  6.73374116e-01
   2.34595532e-01 -3.90087747e-01 -9.36576261e-01 -3.84612392e-01
   3.70736481e-01 -8.90517592e-01  1.67327721e-01 -3.96266260e-01
  -4.18372117e-01  2.77893638e-01  7.60555775e-01  2.13935705e-01
   1.12460760e-01  2.41343811e-01 -3.95636886e-01  9.86247895e-01
   9.48912979e-01 -1.96562822e-01  9.53677798e-01  6.38857015e-01
  -3.97651878e-01  8.81582913e-01  8.91610114e-01  7.31270198e-01
  -2.33078466e-02 -7.70057301e-01 -2.12813546e-01  3.05390292e-01
   3.14864111e-01 -4.13794489e-01  5.02771378e-01 -9.93905485e-01
   9.97285655e-02 -4.16470978e-01  4.82217304e-03  1.80142892e-01
  -7.91953188e-01  7.66590730e-01 -5.75275607e-01 -9.75349185e-01
  -7.94113803e-03 -3.56922183e-01  9.21007799e-01 -1.75137621e-03
  -6.97349969e-01 -4.10475421e-01  5.88097763e-01 -5.53332031e-01
   3.77611377e-01 -7.39329453e-01 -9.10064256e-01 -7.49886320e-01
  -2.94683325e-01  6.91238438e-01]
 [-3.29337729e-02 -2.00916238e-01 -5.90344028e-01 -4.64870159e-01
  -5.31291741e-01  2.82035748e-01  3.87577342e-01 -2.51193272e-01
   6.46078442e-01  5.67576118e-01  4.40204103e-02  8.85648857e-01
   4.24950565e-02  6.16676459e-01 -5.20066665e-01 -2.18281797e-01
  -7.37613601e-01 -3.69006486e-01 -8.00310285e-01  2.61617472e-01
   2.86571412e-01 -9.35084231e-01 -1.93141192e-01 -7.71442210e-01
   2.33315597e-01  3.71691643e-01  2.86018521e-01 -2.20045975e-01
  -1.99202986e-01  4.80271598e-01 -8.56661863e-01  8.38246100e-01
  -5.70946362e-01 -2.75508192e-03 -7.47035656e-01  2.04203007e-01
  -2.19790951e-01 -8.15445091e-01 -9.84159662e-01 -3.57448503e-01
   8.37676384e-01 -5.49372420e-02 -3.09822681e-01 -8.73692329e-01
  -2.67027001e-01  7.23593637e-01  4.81698045e-01  3.20320508e-01
   6.58424098e-01  5.30082732e-01 -1.24347691e-01  2.93906829e-01
  -3.17265145e-01  3.97792260e-01 -2.54105579e-01 -2.33206654e-01
  -5.61203981e-01  7.77017222e-01  3.65649060e-01  9.51285009e-01
   9.91039098e-01 -4.19305316e-01  1.01150107e-01 -9.69144439e-01
  -6.36472673e-01  9.65074236e-01  5.12802394e-01  2.91966483e-01
   1.61731381e-02 -7.10115630e-01  5.85536221e-01  2.24254419e-01
   9.45548868e-02 -2.30438292e-01 -6.89567553e-02  9.03666679e-01
   5.33155700e-01  2.19917836e-01 -4.99299331e-01 -6.80217251e-01
   7.17898968e-01 -3.02096789e-02  6.56344853e-01 -4.12085396e-01
  -1.37583125e-01  2.56971731e-01 -3.52109569e-02  5.68408928e-02
  -9.03406744e-01  8.03991203e-01 -4.99892757e-01  1.05023902e-01
   2.53530656e-01 -1.59595467e-01  7.94084952e-01  7.94029407e-01
   8.02745723e-01  6.93438192e-01 -1.18082913e-01 -1.68548975e-01
  -7.91749035e-01 -8.17148730e-01  3.47178104e-01 -7.81579330e-01
   3.17213362e-01  4.85603872e-01 -9.27202928e-02  8.03425587e-01
  -4.32245416e-01  2.35286416e-01  3.29154020e-01 -6.48199262e-01
   4.10501086e-02 -9.83371332e-02 -8.04908988e-02  4.40431393e-01
  -3.09148909e-01  2.61127034e-01 -1.03404187e-01 -2.44588713e-01
  -2.61341382e-01 -3.58751044e-01 -7.65047078e-01  1.38372743e-01
   5.44261662e-02  6.23681099e-01  6.48684553e-01  2.38820804e-01
  -5.40775263e-01  8.72119512e-01  4.88824754e-01 -2.09489517e-01
  -4.11892389e-01 -9.00896199e-01 -1.15608174e-01  2.33261713e-01
  -9.74685912e-01 -1.47923947e-01  5.31432066e-01 -7.51219913e-01
  -7.88684814e-01 -6.94146196e-01  6.97371310e-01  5.38380546e-01
  -4.43721496e-01  3.30590096e-01 -9.30798389e-01  7.70120391e-02
  -5.57783103e-01  5.99866491e-01  3.37678828e-01  2.29396901e-02
   8.21771209e-01  1.79180591e-01  6.53436726e-01 -8.57733848e-01
   7.72151576e-01  3.69591750e-01  1.53433673e-01 -4.06057176e-01
  -8.43393385e-01  1.39168873e-01 -3.32759668e-01  2.90712950e-01
   2.61278019e-02  9.72305624e-01  3.10790683e-01  8.33852936e-01
  -3.77850906e-01 -5.17211778e-01  2.44497467e-01  5.70556067e-01
   4.27279852e-01  6.44964410e-01  4.00929177e-01  9.10456849e-01
   4.19114729e-02 -7.30275626e-01 -9.57911803e-01 -6.09158257e-01
   5.39937411e-01 -9.11788901e-01 -4.44818060e-01 -9.90162115e-01
  -6.84124104e-01 -8.34887675e-01 -3.70192390e-01  1.48575368e-01
  -2.21815739e-01  4.28580355e-01 -8.03017684e-01 -5.21189989e-01
  -4.72482579e-01  7.21712640e-01 -1.14600631e-01  2.77451411e-01
   4.77330687e-01  6.41620999e-01 -6.88208124e-01 -4.41840975e-01
   2.85007356e-01 -9.64272284e-01 -8.23096838e-01  4.04624980e-01
  -5.71830643e-01  6.16976555e-01 -3.69957604e-01 -3.73014268e-01
   6.93059708e-01  7.97459256e-01 -2.72522748e-01 -8.62074204e-02
   5.86805780e-01  1.19006712e-01  5.18288799e-01 -1.64668548e-01
   9.48374397e-01 -8.99179467e-01  8.16427002e-01  4.59399445e-01
  -3.11359925e-01 -6.89984034e-01  9.76715144e-01 -5.26351125e-01
   5.46660349e-02  9.90564907e-02  9.58021377e-01  3.52976535e-01
  -1.47969672e-01  4.57957350e-01  2.97291272e-03 -1.73582375e-01
   9.56333660e-01 -8.48862204e-01  5.47364995e-01  4.53244824e-01
   6.67242175e-01  4.69909703e-01 -4.44897290e-01 -8.48517680e-01
  -6.46467905e-01 -5.80132387e-01 -1.53990013e-01 -1.82785446e-01
   7.69246581e-01  6.22619202e-01 -6.09990861e-01  6.77894730e-01
   8.06209428e-01 -3.10734777e-01]
 [-9.00111775e-01  8.80100148e-01 -4.87707397e-01 -3.51636081e-01
   8.81214921e-01  3.04956762e-04  6.06021029e-02 -2.64876359e-01
  -7.80147536e-01 -1.95898820e-01  4.92530866e-01 -2.05364942e-01
   6.60473665e-01 -3.62391198e-01 -2.97414268e-01 -8.80990035e-01
  -3.22125553e-01 -4.53846583e-01  2.09083208e-01 -4.00035021e-01
  -2.84093451e-01  3.03517062e-01  8.41282226e-01  4.26332488e-01
   3.96909817e-02 -6.76878818e-01 -9.17540464e-01  2.50894308e-01
  -9.27079156e-01  7.38794489e-01 -4.65222455e-01 -7.67625021e-01
  -9.48402040e-01  7.39020943e-01 -7.53873829e-01 -1.43053499e-01
  -3.03193864e-01 -7.99151084e-01 -9.61862892e-01 -7.21604520e-01
   5.03544704e-01 -6.03201741e-01  7.05409045e-01 -9.80874059e-01
  -1.66508158e-01 -8.28014335e-02  1.56152424e-01  4.09812383e-01
   7.17307801e-01 -2.72623680e-02 -6.24766126e-01  3.47415384e-01
  -6.09267562e-01 -5.32752739e-01 -5.30467820e-02 -4.66875505e-01
  -4.41030361e-01 -9.08011550e-02 -9.45647892e-01 -1.64458568e-01
   7.10539403e-01  7.01955716e-01  4.01662927e-01 -8.22218063e-01
  -3.66479265e-01 -6.00286397e-01 -8.32718922e-01 -8.27451269e-01
   7.97753072e-01  7.82349470e-01 -7.31050388e-01 -9.18982346e-02
  -7.65083122e-01  6.06056016e-01  3.50849669e-01 -9.43077264e-01
  -2.23198537e-01 -3.52724141e-01  8.11262685e-01  7.70991291e-01
   6.20023527e-01  1.97857228e-02 -8.66186194e-01 -2.39677552e-01
  -7.75134083e-01 -8.11123292e-01 -6.87958108e-02 -5.22279423e-01
  -6.73157528e-03 -8.66814449e-01 -7.88170624e-01  9.72903954e-01
   1.26433857e-02 -3.02518810e-01 -5.32127661e-01 -3.91081849e-01
  -6.22468709e-01  5.54043016e-01 -1.99070797e-01  1.40130530e-01
  -6.61471205e-01 -8.88125395e-01  5.43544397e-01 -7.01264102e-02
   8.27749031e-01  6.92776850e-01  9.71334028e-01  4.19868600e-01
  -1.34869153e-01  3.11147670e-01  8.51605477e-01  9.98474193e-01
   3.85964535e-01 -6.40810307e-01  8.10150096e-01  8.22175427e-01
  -3.86464295e-02  9.54075874e-01 -6.43243451e-01 -8.52020050e-01
  -5.77571152e-01 -7.96745624e-01 -7.14459433e-01  6.67318918e-02
   5.12405570e-01 -8.13627585e-01  9.37562083e-01 -3.75007853e-01
  -9.47787413e-01  8.07207087e-01 -5.91269580e-01 -7.28855869e-01
  -4.68322530e-01 -2.61602824e-01  3.62188765e-01 -4.59945167e-01
   5.05993199e-01 -9.26753397e-01 -1.55397150e-01  9.69278191e-01
   3.43739004e-01  8.30109224e-01  3.34776139e-01  8.44884481e-01
  -8.55374466e-01  9.86751515e-01 -8.84015416e-01  1.48519844e-01
  -6.40594385e-01  3.14359713e-01 -7.72230553e-01  6.01845768e-02
   9.12503586e-01 -7.98480044e-01  7.06949018e-01 -7.00606355e-01
  -7.17425043e-01 -7.86046419e-02  5.24714490e-01  8.62966622e-01
  -1.16143617e-01  6.49583733e-01  3.03956357e-01  8.14664184e-01
   2.57324212e-01 -6.37369493e-01 -4.66319436e-01 -8.53256458e-01
  -7.97487332e-01 -7.31830485e-01  7.29018604e-01  6.59056805e-01
  -3.94665568e-01  2.47503922e-01 -5.99193319e-01 -6.45299532e-01
   3.12727863e-01  9.04096434e-01  3.98823620e-02 -2.35159978e-01
  -8.09392783e-01  3.60149751e-01  6.77985848e-02 -5.44052880e-01
  -1.30477516e-01 -2.92840117e-01 -2.61603403e-01  1.96898738e-01
   9.49054316e-01  7.80260944e-01 -1.52895537e-01 -9.12229173e-01
   2.75491147e-01 -1.14849462e-01 -9.51833086e-01  3.68229009e-01
   4.88319271e-01  5.47720610e-01 -1.28621670e-01  9.95206743e-01
   6.35069092e-01  9.65527348e-01 -7.36174263e-01 -6.16240044e-01
  -3.69784776e-01 -1.36803011e-01 -6.01358228e-02  3.64091649e-01
  -7.16985831e-01 -5.80266477e-02  6.87410387e-01  3.61975323e-01
  -9.63142228e-01  1.71048684e-01  8.48446235e-01 -8.89127191e-01
  -9.87952685e-01 -9.78032431e-01 -8.92806146e-01 -7.89532513e-01
   4.80599255e-01 -7.43375144e-01  2.51613178e-01  3.31182279e-01
   2.46872489e-03  7.94546567e-01  2.64809613e-01 -9.32158326e-01
  -7.04725416e-01  5.65890613e-03 -7.14250918e-02  7.24094095e-01
  -9.57116516e-02  8.70045096e-01 -2.00750541e-02  9.69347578e-01
   1.68880263e-02 -7.85104387e-01  2.47571189e-01  1.90458627e-01
  -1.66859463e-01  2.86075855e-01  3.83504482e-01  7.87203389e-01
   9.18848627e-01  2.86541121e-01  6.96584412e-01 -1.73904398e-01
  -8.65998693e-01  8.31267491e-01]
 [ 9.87437164e-01  3.02362758e-01 -2.59637009e-01  1.18135269e-01
   8.37526518e-01 -7.21887575e-01 -2.32067007e-01 -8.25332941e-01
  -1.99780127e-01  4.84639971e-01 -5.22713197e-01 -3.75958508e-01
  -3.89647365e-01 -4.56699243e-01 -2.99833480e-01 -6.49448950e-01
  -4.34831882e-01 -5.98379186e-01 -7.06197678e-01 -6.27733144e-01
   2.59058843e-01 -1.85795709e-01 -9.39881834e-01 -4.55369818e-01
  -3.69798965e-01 -4.49140589e-01 -5.65839561e-01 -5.58571875e-01
  -2.62665925e-01 -9.94546876e-01  4.37898129e-01 -1.04831311e-01
   5.14804166e-01 -1.28729355e-01  3.58237911e-01  7.62214185e-02
  -5.73900954e-01 -7.26794689e-01  6.28586211e-01 -9.80933945e-01
   8.02769129e-01 -5.58547904e-01 -6.49962455e-01 -1.29923286e-01
   3.63960638e-01 -1.45136112e-01  7.68264234e-01  3.10501652e-01
  -3.41248164e-01  1.89470505e-01 -6.91315041e-01  5.32578711e-01
   4.98297948e-01 -2.17319128e-01  8.31657146e-01 -5.20731361e-01
   6.27699789e-01  5.32665839e-01  2.81814331e-01  4.45389426e-01
   1.21606913e-01 -7.20191878e-01 -4.45484141e-01  8.49039910e-01
  -7.18583457e-01  2.40703998e-01  3.66666931e-02 -2.28396643e-01
   1.65199297e-02  5.16182298e-01 -8.95225773e-01 -6.84082086e-01
  -6.10113827e-01  1.98924145e-01  2.81677616e-01  7.97975176e-01
   3.09840200e-01  3.63929346e-01 -6.29646768e-01  5.52915684e-01
  -6.93035327e-01 -8.85914631e-01 -6.75577988e-02  9.19001893e-01
   1.90293785e-01 -2.47241285e-01 -7.04931759e-01 -8.91975206e-01
  -5.93215723e-02  2.05761558e-01 -5.84029509e-01 -1.18695742e-01
  -6.59667689e-02 -9.35785380e-01 -4.95675559e-01  2.63723113e-01
   3.60342392e-01 -6.42908405e-01  8.73157598e-01  9.10524315e-01
   4.23340516e-01  5.25198364e-02 -4.89569035e-01 -2.65528495e-01
  -6.90229804e-01  1.44936439e-01 -5.92681085e-01  3.89923021e-01
  -7.35702655e-01 -2.55699359e-01  8.75638584e-01 -7.57775563e-01
   1.12566887e-01  9.45661096e-01 -4.64345647e-01 -8.13238130e-01
   5.99717943e-01 -7.17218820e-01 -6.05322304e-01  1.48603489e-01
  -6.84824923e-01 -1.46533612e-04  8.53916238e-01 -2.83000413e-01
  -7.64631417e-01 -9.66548872e-01  1.94905274e-01  9.33771191e-01
   5.60774676e-02  3.81376964e-01 -8.03375185e-01 -1.49802919e-01
  -4.49247867e-01 -5.61524085e-01  2.64852409e-02  2.38810355e-02
  -4.30889309e-01 -8.66633866e-01 -7.23964343e-01  1.75382464e-03
  -8.29138461e-01  4.58797849e-01  2.28206912e-01 -7.78055595e-01
   3.33803040e-01 -3.37519271e-01 -2.85783366e-01  2.12554790e-01
   8.33506364e-01 -7.64441006e-02  3.25885512e-01 -9.58234482e-02
   6.74944018e-01 -4.11966618e-01  7.93077946e-01  4.59558733e-01
   3.63475352e-01  3.29856239e-01 -4.35660534e-01  3.70909115e-01
   4.75116390e-01 -9.78012041e-01  4.34404345e-01  7.31530464e-02
   4.39552756e-01  1.88428628e-01 -3.74282581e-01  5.13667932e-01
  -2.95250106e-01 -3.48900711e-01  1.19480234e-01 -8.21051392e-01
  -8.09404115e-01  7.32312822e-01 -3.98622295e-01  3.70424571e-01
   2.65441976e-02 -1.04024272e-01  9.79842944e-01  8.13642738e-01
   6.95029599e-01  4.83581176e-01  4.31607034e-01  3.94562330e-01
   9.88855684e-01 -9.56373975e-01  2.83643177e-01  6.70381177e-01
  -7.42956899e-02  4.15657355e-01  9.38480616e-01  6.55398812e-01
   3.59130959e-02 -6.72106238e-01  2.02983909e-01 -9.95620426e-01
  -5.71542359e-01 -5.79646783e-01  4.42030287e-01 -2.98739464e-01
   5.86158103e-01 -2.79611208e-03 -3.10906190e-01  3.91032928e-01
  -9.11268871e-01  7.68894394e-01  4.22510769e-01 -4.81041405e-01
   7.98112956e-01 -2.57035070e-01 -9.22119261e-01  4.37362855e-01
  -8.39898856e-01 -5.04336047e-01  4.72980178e-01 -7.98584980e-01
   3.05121063e-01 -5.72914230e-01  5.60662427e-01  9.80137517e-01
  -1.29264298e-01 -3.52462015e-01 -8.03439892e-01  6.37459715e-01
  -3.30795469e-01  6.38262844e-01 -8.64597740e-01  6.71219483e-01
  -2.73462764e-01  2.09539917e-01 -2.96484742e-01  9.67622748e-01
   1.07678853e-01  8.35432319e-01 -9.70234381e-01 -6.26097492e-01
  -4.01437212e-01 -5.63576386e-01  3.45684605e-01 -6.06919566e-01
  -6.15652828e-01 -6.84176530e-01 -4.00954557e-01  8.28996317e-01
   4.34910232e-01 -3.32071622e-01 -4.10050335e-01 -7.37970926e-01
   3.45224912e-01 -7.14961263e-01]
 [ 5.62026679e-01  7.48281476e-01 -8.92336312e-01  5.62988532e-01
  -5.28383296e-01 -1.02021738e-01  3.41926782e-01  3.17907086e-01
  -5.37933202e-01  3.55019847e-01  1.57639939e-01  1.08211420e-01
  -4.54576503e-01 -6.93301867e-01 -4.20954457e-01  4.71179514e-01
  -7.16827892e-01  6.45620944e-01  4.23098284e-01  9.14941522e-01
   5.97959448e-03 -1.94456569e-01  5.45497589e-01 -4.29860355e-01
   4.76903395e-01  4.29897840e-01  9.55507239e-01 -6.50242809e-02
   1.83919483e-01  7.69137868e-02 -8.40278651e-02  1.13037268e-01
   2.74143962e-02  3.99087022e-01  3.73005667e-01  6.21261530e-01
  -8.75064305e-01  8.86125436e-01  9.53895730e-01 -8.88501594e-02
   5.70301751e-01  2.46245566e-02 -7.28210531e-02 -3.21527873e-01
  -3.29617064e-01 -3.89072042e-01 -5.62938091e-01 -8.66163501e-01
  -7.97887537e-01 -2.77378722e-01 -6.39380890e-02 -1.41681610e-01
   4.76170034e-02  7.47580662e-01  7.72598688e-01 -5.17107497e-01
  -9.20118743e-01 -9.87475124e-01  1.44927677e-01 -3.67396174e-01
  -4.91934973e-01  3.11069791e-01  9.24171440e-01 -2.88140691e-01
   2.64238320e-01  9.60363516e-02 -8.85944419e-01  3.22756999e-01
  -7.95617230e-01 -6.20532520e-01  6.30314525e-01  5.10429027e-01
   2.66963132e-01 -6.11800931e-01  2.77538639e-01 -2.01531981e-01
   2.68430317e-01 -1.42922835e-01 -6.45802419e-02  6.73635086e-01
  -4.65297231e-01  4.71496006e-01 -7.51672979e-01  1.17145210e-01
   5.34713028e-01  2.03424450e-01  5.09520616e-01  5.44752180e-01
  -3.84896233e-01  9.83214501e-02  9.55430025e-01  2.58959920e-01
   7.85858411e-01 -3.02606596e-01  4.08461379e-01  9.72157832e-01
  -2.62506861e-01  1.00129823e-01  9.31998248e-01 -3.52538196e-01
   1.89203738e-01  1.16133637e-01  2.81166469e-02 -4.41954130e-01
  -9.31345896e-01 -7.99592611e-01 -6.71758006e-01  6.86187391e-02
  -9.17940824e-01  7.88580584e-01 -4.80798972e-01 -4.07499686e-01
   6.60605836e-01  3.39333524e-01  6.74957451e-01 -5.06119873e-01
  -4.53772292e-01  2.96327573e-01  5.76034658e-01  7.63651240e-01
  -2.30522944e-01  8.72351064e-01 -9.91356603e-02 -2.54702075e-01
   2.33733556e-01  7.47718138e-01 -3.95447600e-01  3.86481820e-01
  -8.01744560e-01  6.93344405e-02  5.75255939e-01  7.21761733e-02
   6.16301564e-01  2.21284082e-01 -9.88534838e-01  1.11943753e-01
  -7.12016056e-02  1.73831933e-01  3.48734081e-01 -8.11429874e-01
  -7.65808932e-01 -4.59131586e-01  2.28112701e-01 -2.58311138e-01
  -4.38251567e-01  8.86476686e-01 -3.90094058e-01 -1.77255993e-01
   1.52199926e-02 -9.07190360e-01 -3.84535377e-01 -2.16670456e-01
  -1.77442810e-01  5.96305687e-01  4.65351460e-01 -9.69944654e-02
  -7.24919730e-01  6.31925313e-01 -3.25356510e-02  6.65917748e-01
   1.61532834e-01  8.25781104e-01  8.04000109e-01 -8.73868017e-01
  -7.22153983e-01 -8.22651941e-01  4.79743455e-01 -1.20005853e-01
   6.54868115e-01 -7.25303965e-02  9.92390506e-01 -5.81682035e-01
   4.45376034e-01  4.32735537e-01  9.16965164e-01  4.39745011e-01
  -3.53117385e-01  8.47222767e-01  5.53599857e-01 -9.33568681e-02
  -6.24119086e-01 -4.98982238e-01  6.55767650e-01 -8.75975385e-01
   3.83138770e-01 -4.05072968e-01  9.75532323e-01 -9.21213567e-01
  -6.37876182e-01  1.93719531e-01 -5.55025224e-01 -8.21256380e-01
   5.07014226e-01 -4.22470470e-01  9.19172491e-02  1.00231946e-01
  -1.73042279e-01 -5.25972094e-01  8.78165173e-01  9.04521727e-01
  -3.20721182e-01  2.72135010e-01  7.76691687e-01 -9.95583709e-01
   9.93065644e-01 -3.71021517e-01 -5.11390587e-01 -3.61426315e-01
  -4.20404142e-01  9.31811927e-01  1.84746544e-01  6.17431366e-01
   2.42276324e-03  5.47370652e-02 -4.07397920e-01 -1.40280782e-03
  -9.22394514e-01  1.07251118e-01 -3.19818467e-01  5.14002585e-01
  -7.18300421e-02  6.99520077e-01 -2.19068567e-01  8.07683433e-01
   4.97702716e-01 -2.00705733e-01 -6.25016977e-01 -9.32773099e-01
  -5.50319490e-01  6.89071288e-01 -1.73584247e-01 -7.92952344e-01
   4.11548684e-01 -8.58094265e-01 -4.67055685e-02  1.60628941e-01
   9.89584241e-01  3.73282055e-01 -5.42590033e-01  7.28361445e-01
   2.65573746e-01 -7.44050775e-02  6.42090780e-01  1.84077960e-01
   8.46472295e-01  3.44756491e-01  3.73488430e-01 -1.93255564e-01
   5.89070742e-01 -8.52089053e-01]
 [ 6.73005181e-02 -5.95924574e-01 -1.71511196e-01  2.31402882e-01
  -7.33048592e-02 -1.33877969e-01 -9.38107260e-01  1.20719547e-01
   2.60753902e-01 -9.80423006e-01  1.49269699e-01 -3.43952039e-01
  -6.69974968e-01  5.41866322e-01  1.90737445e-01 -4.16676085e-01
  -5.71441609e-01 -9.45263245e-01  5.43748660e-01 -6.41023245e-01
  -3.07448605e-01  6.20495344e-01 -4.34127768e-01  6.89831347e-01
  -5.70156225e-01  6.18251435e-01  4.10426606e-02  6.92856186e-01
  -7.09407964e-01  8.15369297e-01 -1.47300268e-01 -6.33909735e-01
   9.30944930e-01  7.04168635e-01 -8.02604374e-01  5.70448774e-01
   6.07312762e-01  5.17388012e-01  2.25390083e-02 -7.50269681e-01
   3.64847822e-01  7.42216417e-01 -9.15236331e-01 -1.86001336e-01
  -7.00163694e-01  1.85544945e-01  3.65603707e-01 -4.26499932e-01
  -6.32786282e-02 -3.00300264e-02  5.31460718e-01 -4.78334197e-01
   6.78079619e-01  3.50815077e-01 -3.27354806e-01 -3.91321479e-01
  -7.00834710e-01  3.29902345e-01 -9.49721667e-01  9.24803282e-01
  -2.89397375e-01  8.15117303e-01  8.63829196e-01 -5.16855601e-01
   7.78936531e-01 -5.71757516e-01 -2.91547270e-01 -5.96950461e-01
   2.13366300e-01  8.84142792e-01 -8.57731195e-01 -8.19517428e-01
   1.80992731e-01  4.19668206e-01  5.73288986e-01 -8.87448937e-01
  -2.52454334e-01  8.44351160e-01  5.96701724e-01  6.57329185e-01
  -3.27515382e-01 -8.71824117e-01  4.14142855e-01  5.17202531e-01
   7.41085433e-01 -3.93506730e-01 -5.27208934e-01 -5.16980987e-01
  -5.37122847e-01  8.61916586e-01  2.10270550e-01 -8.55344494e-01
  -3.71914202e-01 -9.49432183e-01  7.76011487e-01  4.28290597e-01
   9.34915885e-02  8.15687569e-01  7.99190441e-01 -2.73132058e-01
   9.74991460e-01  7.48553767e-01 -6.07978129e-01 -8.48125941e-02
   1.16172526e-02 -3.85213640e-01 -2.52671488e-01 -1.35070684e-01
  -9.49270622e-01  9.28519989e-01  4.43882056e-01  8.74224563e-01
   1.95168019e-01 -5.11693488e-01  9.80584011e-01 -7.89364329e-01
  -2.45818292e-01 -2.07312341e-01  5.56077228e-01  4.77468418e-01
  -3.02040006e-01  9.27003527e-01  1.20983935e-01  3.75679407e-01
  -6.42674751e-01 -2.44365702e-01 -5.77470482e-01 -2.05837557e-02
   3.55699348e-01  9.23859905e-01  1.39721334e-01  6.68893680e-01
  -9.72652718e-01 -9.34626693e-01  4.52685637e-01 -2.19687399e-01
  -5.01606577e-01  8.37526927e-01 -3.12983780e-01 -7.25194444e-01
   2.16161049e-01  3.26704683e-02 -2.99903552e-01  6.57562930e-01
   3.38072395e-01 -3.86490650e-01 -3.81369578e-01 -5.87192875e-01
   5.12799354e-01 -6.01110986e-01  6.84436094e-01  3.78444810e-01
  -9.54212489e-01 -4.59355024e-01  3.71131825e-01 -5.84353823e-01
  -8.25165433e-02 -8.39739327e-01 -8.97698901e-01  8.36761299e-02
   1.22014013e-01 -1.09897411e-01 -7.32852638e-01  5.54282273e-01
  -5.94983329e-01 -1.27705943e-01  1.48057393e-02 -7.23903427e-02
  -8.61563765e-01 -2.81159872e-01  3.13129694e-01 -4.74679147e-01
  -9.09280613e-01 -1.43226717e-01  6.77412087e-01  2.84146499e-01
   4.60179692e-01  2.94673283e-02 -3.77166470e-01 -9.62645619e-02
  -9.29238151e-01 -2.80983482e-01 -3.48198235e-03 -8.63579465e-01
  -4.27027677e-01 -4.44100366e-01  9.66988823e-01  7.42447893e-01
  -4.37850818e-01  1.39942807e-01 -2.47259275e-01 -3.88132880e-01
  -8.58085630e-01  1.65782913e-01  9.48618241e-01  5.70035096e-01
   9.54072955e-01  9.88363182e-01  9.14139038e-01 -8.87611752e-02
  -6.28788194e-01  9.19903002e-02  9.08313290e-01 -9.39696702e-01
   1.25291740e-01  1.75242917e-01  5.46527018e-02  8.15480729e-01
  -3.75066058e-01  2.99530491e-01  5.71044499e-01 -3.85640441e-02
   4.49814037e-02  5.13871002e-01  4.45102377e-01  2.79581228e-01
   9.36729428e-01  3.62516359e-01 -4.15457280e-01  3.02075276e-01
   8.88626369e-01  8.67463424e-01  7.69805904e-02 -9.62879901e-01
  -2.45258383e-02  8.61346497e-01  4.89038121e-01  1.28614554e-01
  -5.53667040e-01  2.15746444e-01  9.32347181e-01 -9.36732223e-01
   8.48587025e-01  9.54163296e-01 -9.04761269e-01 -4.25914501e-01
   7.02426908e-01  2.40600838e-01 -2.02626084e-01 -1.86904994e-01
   2.03648500e-01 -6.96120315e-01 -2.22144135e-01  2.97898988e-01
  -4.27336279e-01 -6.39756747e-01 -9.89147980e-01 -4.56315245e-01
  -1.54967186e-01 -2.24884423e-01]
 [ 5.89148842e-02  7.74864475e-01 -3.37514094e-01 -2.28179883e-01
  -3.47644545e-01 -7.18031261e-01 -6.91532386e-01 -5.22699007e-02
  -7.83227204e-01  1.30233820e-01 -8.12352670e-01  5.42401593e-01
   5.83256111e-01  6.30190979e-02  9.34658160e-01  7.00115790e-01
   2.74814944e-01  4.24556076e-01 -6.74763691e-01 -8.46249506e-01
  -4.71338132e-01  9.46454449e-01  8.42673796e-01  9.63588894e-01
   7.31316410e-01  6.37036778e-01 -9.78971442e-01 -3.52770819e-01
  -9.21874402e-01 -8.54295212e-02 -6.38090720e-01 -6.12734864e-01
  -3.88890398e-01 -2.81213528e-01 -3.15042765e-01 -1.78621452e-01
  -7.13040302e-01  7.52606858e-01 -3.80082223e-01 -6.33352856e-02
   4.99996408e-02  6.79318976e-01  7.64494335e-02 -2.56507644e-01
   9.57096194e-01  9.21747413e-01 -8.78085003e-01 -4.45489447e-01
   3.55223361e-02  8.95960063e-02  7.44116464e-01  8.66036091e-02
  -1.46824482e-01 -8.77510385e-01  1.00008087e-01 -3.40396566e-01
   6.67219248e-02 -7.54302005e-01  7.14798187e-01 -8.68336344e-01
  -9.33270110e-01 -5.23315174e-01 -2.11691084e-01 -7.78428956e-01
  -2.44977062e-01  2.46736794e-01 -2.08084508e-01 -7.18792818e-01
   2.62994959e-01 -7.41328863e-01  6.92160064e-01  6.01488555e-01
  -3.84447124e-01  8.08723952e-01  3.27100907e-01  1.69391526e-01
   7.05945125e-01 -7.51928162e-01  7.07163825e-01 -5.33960607e-01
  -4.65728528e-01 -4.41112386e-01  2.93255567e-01 -7.50660542e-01
  -8.52699945e-01  7.61511826e-01  1.86532000e-01 -8.26266688e-01
  -5.53443166e-01 -5.05394126e-01  5.44969219e-01  5.77199835e-01
   6.33727687e-01 -5.74536976e-01 -8.28531826e-01  7.40273479e-02
  -9.46933950e-01 -3.95771369e-01  6.48634940e-01  3.40571094e-01
  -3.46943486e-01 -6.68278835e-01  1.66759990e-01  2.51529816e-01
  -6.83479289e-01  7.47139324e-01 -2.70129133e-01 -5.09244709e-01
  -2.45888243e-01  3.67745113e-01  2.62320146e-01 -9.34176826e-01
  -1.39523244e-01  1.04331748e-01  1.82255394e-01  2.83111295e-01
   3.14897102e-01  9.07543936e-01  3.82832180e-01  5.68144185e-01
  -6.02569908e-02  1.00194732e-01 -2.30233410e-01 -5.76262253e-01
  -6.60095465e-01 -5.44123054e-01  7.66682637e-01  3.40351933e-01
   3.48505054e-01  3.07761050e-01 -2.57292530e-01  9.71226987e-01
  -4.94678403e-01  8.24457958e-01  3.09706413e-01  4.18275472e-01
  -2.69236822e-01 -6.00154940e-01  9.27411625e-01  1.60512135e-01
  -8.32149079e-01  7.41881806e-01  7.30299359e-02  8.90938016e-01
   1.38910814e-01  9.10738141e-01  9.59494055e-02  6.61916158e-01
   7.33130118e-01 -6.78345948e-01 -1.36138925e-01 -4.15971780e-01
   2.11156281e-01  5.90624978e-01 -3.05900697e-01 -7.55209626e-01
   2.20794043e-01  5.57774334e-02 -6.25997009e-02 -2.30809028e-01
  -2.29163092e-02 -6.42145290e-01 -8.06624446e-01 -2.93639582e-01
  -7.60527205e-01 -5.83702141e-01 -1.30163264e-01  9.92233139e-01
  -5.28438729e-01 -5.26863759e-01  5.61054889e-01 -8.80644027e-01
  -1.99974226e-01 -6.71843041e-01  5.18790923e-01  8.86964903e-01
   8.96543051e-01 -3.30806420e-01 -1.64086059e-01 -5.40099901e-01
   3.78735684e-01 -3.14281629e-01  7.09559083e-01 -8.48100674e-01
   6.16100939e-01  7.13247570e-01  6.42556978e-01 -6.51886498e-01
  -4.51151663e-02 -6.25996383e-01  8.10427585e-01 -4.58748770e-01
   9.66005467e-01 -9.39342684e-01 -3.41120277e-01 -4.12935695e-01
   1.57007223e-01  8.53151096e-01  6.88058494e-01 -2.45384919e-01
  -7.71491558e-02  7.24803349e-01  9.44751988e-01  6.40810746e-02
  -4.92815640e-01  5.13436772e-01  9.61791063e-01 -9.92514381e-01
  -1.65266718e-01  4.44902016e-01 -9.32139131e-01  4.87139865e-01
  -2.99254509e-01  4.21325679e-01 -3.48608984e-01 -2.73503019e-01
   6.56282848e-01 -3.29313415e-01 -4.42467918e-01  8.21561053e-01
   8.93564384e-01 -9.35868186e-01  7.89118065e-01 -7.09401717e-02
   2.49210949e-02 -3.82694472e-01 -2.59721795e-02 -8.24866570e-01
  -1.21899393e-01 -8.55791913e-01 -9.88012554e-01  6.99088423e-01
  -6.97828581e-01  5.66442799e-01 -9.11636948e-02 -1.71385674e-01
  -9.41719432e-01  3.20706649e-01  5.19176569e-01  5.23104210e-01
  -6.33729241e-01 -6.70985963e-01 -5.44554987e-01  3.15916384e-01
   1.64537618e-01  4.38348536e-01  7.95326359e-01 -1.85674182e-01
  -2.92691635e-01  7.43907549e-01]
 [ 2.02994973e-02  6.88158395e-01  3.52114719e-01  5.53607871e-01
   3.61406928e-01 -9.28453466e-01 -3.00315759e-02 -8.06788017e-01
  -3.58390408e-02 -3.80264161e-02 -1.68907594e-01 -7.10122409e-01
  -1.89516036e-01 -5.71512586e-01  5.98685341e-01 -6.59330577e-01
   5.33652746e-01  2.23349789e-01 -1.31247621e-01 -7.28630748e-01
  -3.34923856e-01  7.01456700e-01  7.04247807e-01 -8.05998352e-01
  -4.72184803e-02  7.56624975e-01  7.03744772e-01 -4.04922936e-01
  -1.53881499e-01 -6.44388954e-01  8.89426364e-01 -2.63717630e-01
  -8.37567071e-01 -3.30193375e-01  4.18631213e-01 -5.46708894e-01
   8.14830915e-01 -1.61449506e-01  8.09154762e-01 -1.37556676e-01
   5.47764521e-01  6.62447697e-01 -7.44371531e-01  2.52148510e-01
  -1.50518016e-02 -9.43810517e-01 -5.46325436e-01 -6.33742710e-01
  -5.68509102e-01  6.90445183e-01 -1.26754543e-01 -5.12929919e-01
   6.23137617e-01 -3.08383373e-01  7.06391270e-02  5.39032725e-01
   7.50811780e-01 -7.91034196e-02 -9.02739090e-01 -3.67355219e-01
   8.03325332e-02  1.88553471e-02 -5.12567641e-01 -7.84125664e-01
   6.51094561e-01 -5.31067303e-01  5.72823085e-02  5.32506929e-01
   8.15543079e-01 -2.06996018e-01 -6.82977605e-01  3.14778284e-02
   2.44496807e-01  2.66429051e-02 -6.59001014e-01 -4.88740126e-01
  -7.56954996e-01 -5.48937715e-01  3.24765541e-01 -3.36550458e-01
   3.21666240e-01  4.16006638e-01 -8.90090080e-01  1.26158590e-02
  -7.96915686e-01  1.27939223e-01 -2.49570199e-01 -4.34209755e-01
   1.09964155e-01 -4.76807288e-01  6.24014032e-01  5.16554877e-02
   7.33444302e-01 -6.08034661e-01  7.96038488e-01  3.18452008e-01
  -2.22716239e-01  2.63136602e-01 -5.00706455e-01 -7.14437173e-02
   4.37211382e-01  8.24741288e-01  4.38082143e-01 -1.42488356e-01
  -2.77789688e-01 -5.95620865e-02  1.92284878e-01 -3.45927755e-01
  -4.00435134e-01 -7.28634811e-01 -3.05008445e-03 -8.06251409e-01
   8.92012720e-01 -6.66339337e-01 -7.50809163e-01  1.37336083e-01
   9.07752278e-02 -6.71100371e-01 -4.57186657e-01  4.37676249e-01
   8.24678022e-01 -3.38613024e-01 -1.93731614e-01  5.33882350e-01
  -6.72086937e-02 -9.70988490e-01 -9.69115407e-01  3.96214052e-01
   8.16278742e-01  6.92418329e-01  7.79417957e-01 -7.97732358e-01
   7.96043336e-01  7.15107982e-01  3.33852603e-01  7.54135461e-01
   6.91577142e-01 -9.17346982e-01 -2.34775178e-01  8.52415569e-01
   3.09306729e-01 -5.47715593e-01  3.28580362e-01  2.77543673e-01
   9.79893773e-01 -4.30940332e-01 -3.71407334e-01 -2.58052853e-01
  -9.46457573e-01  7.20579083e-01  8.85706645e-01 -4.13900555e-01
   3.79526698e-01  7.58755473e-01  4.62267708e-01 -3.89573666e-01
   6.42782063e-01  3.48775193e-01  1.33175692e-01 -2.84504802e-02
  -6.87361867e-01 -4.48945512e-01 -7.73372758e-01 -9.39369493e-01
   9.87456829e-01  4.10535782e-01  5.93062549e-01 -4.06314059e-01
  -2.66728077e-01 -5.87685780e-01  6.76063276e-01 -9.25189413e-01
   5.71097285e-01  5.50468276e-01 -4.12030217e-02  6.59640577e-02
   4.24095058e-01  3.70354804e-01 -5.07677403e-01  4.53734905e-01
   5.06140902e-02  8.38384492e-02  8.08407508e-03 -3.93668413e-01
  -7.30302497e-01 -2.97953682e-02  2.87876307e-01 -3.45403707e-02
  -5.45513627e-01  4.82972614e-01  3.85550550e-01 -4.88039088e-01
  -4.60268474e-01 -4.95984492e-01  9.28333894e-01 -4.55085613e-01
   1.71877051e-01  8.71786104e-01 -1.76203716e-01 -5.68122321e-01
  -7.19227611e-01  6.13715373e-01  3.07380258e-01 -2.61268477e-01
  -8.77959523e-01 -7.66442111e-01 -5.94067645e-01 -6.35147149e-01
   7.44967628e-01 -4.60989197e-01  8.17157640e-01  6.53362295e-01
  -1.98720329e-01  2.47484005e-01  5.87353005e-01  5.26717691e-02
   6.72707492e-01 -8.87178233e-01 -6.90859551e-01  7.03470972e-01
  -3.74548592e-01 -3.11113990e-02  3.42199898e-02 -5.69381484e-01
  -6.82671888e-01 -9.29088077e-01  2.01028506e-02  4.18754611e-01
  -8.01805166e-01  8.26665045e-02  2.86493252e-01  3.62337235e-01
   1.86754636e-02 -7.81314640e-01  7.22973684e-01  4.41788505e-01
  -6.67479952e-01  1.76992851e-01 -6.24330951e-01  5.54978254e-01
   9.99931110e-01 -3.97356124e-01 -3.23275485e-01  4.64534563e-01
  -4.41754412e-01  9.82202273e-02  8.02203796e-01 -9.51565506e-01
  -7.37021565e-01 -1.86778610e-01]
 [ 2.94650319e-01 -6.96617109e-01  2.50298679e-01 -9.97658237e-01
  -9.70165821e-02  1.87222768e-01  9.15858262e-01  8.65868297e-01
   2.43321339e-01  1.70890093e-01 -4.15111260e-01 -9.99150051e-01
   8.32815461e-01  9.34308050e-01  8.13278358e-01  7.05200512e-01
   6.52936055e-01  6.71297639e-01 -7.58296385e-01 -1.64041183e-01
   4.50378418e-01  6.45703974e-01 -6.26996314e-01 -9.11227082e-01
  -6.47782750e-01  1.08779361e-01 -4.75660797e-01  6.94127093e-01
   8.00569058e-01  4.69479319e-01 -9.88580482e-01 -2.64502569e-01
  -6.51197881e-01 -5.86305675e-01  2.34105704e-01  1.80231665e-01
  -1.04928234e-02  2.42733327e-01 -8.12418405e-01  4.67791168e-01
   9.59611522e-01  1.34369923e-01  3.67362177e-01  9.67536303e-01
  -5.56949265e-02 -6.20156754e-01 -2.43476599e-01  8.17287369e-01
   2.09343404e-01  8.86723608e-01  5.42090484e-01 -7.45906653e-02
  -8.45685907e-02 -9.52682687e-01  6.83689575e-01  2.09063677e-01
   2.88385145e-01  5.93246613e-01 -7.46923181e-02 -2.42225442e-01
  -7.47354570e-01 -1.34985498e-01 -9.00472586e-01  6.29562432e-01
   6.54192618e-01 -5.50235204e-01  9.28551518e-01  4.20576641e-01
  -6.76523258e-01  6.52423356e-02  9.99204811e-01 -8.11191729e-01
  -2.08858205e-01  6.38070450e-01 -2.46716604e-01  8.65867482e-02
  -1.40373288e-01  5.65442172e-01 -8.01821834e-01  8.83982008e-02
   5.78778208e-01  4.87838431e-01 -7.81362688e-01  5.98955478e-02
   8.26128403e-01  1.47263186e-02 -4.63336759e-01  4.98250390e-01
  -8.67969784e-01  3.11312816e-02  4.38726789e-01  9.76817990e-01
  -5.37419586e-01  6.29582336e-01  7.94846114e-01  7.18034501e-01
  -3.23626837e-01  7.31233825e-01 -3.28271789e-01 -2.72509083e-01
  -7.91721100e-01  3.03269388e-01 -9.12053910e-01  1.86822256e-02
   2.42283654e-01 -5.75305611e-01  4.26861320e-01  2.00822537e-01
   1.40302671e-01 -6.74032725e-01 -2.74289024e-01 -6.88634712e-01
   7.56180319e-02 -7.35015963e-03 -5.78209036e-01  8.17694748e-02
   9.17735113e-01  6.47996008e-01 -9.38967258e-01 -4.49411470e-01
   7.88138093e-02  2.01804582e-01  3.11476193e-01 -8.43350905e-02
  -2.84083934e-01 -9.23645375e-01  9.18723196e-01  4.86224693e-02
   6.66284935e-01 -2.65821503e-01 -5.97411644e-01 -2.12660344e-02
   9.07795068e-01 -5.28121800e-02 -7.54783028e-01 -8.95857676e-01
  -5.91560390e-01  3.35952980e-02 -3.82137072e-01 -1.64159057e-01
   6.06579805e-01  8.01761808e-01 -2.38234637e-01 -9.28533989e-01
  -7.50589049e-01 -7.49420198e-01 -4.97557946e-01 -9.92740348e-01
  -9.35154914e-02 -3.95911329e-01  2.02635720e-01  5.37245189e-01
  -9.42624242e-01  7.34840368e-01 -1.33916314e-01  6.15508280e-01
  -5.09258938e-01  1.48199687e-01 -5.74319780e-01  8.63697208e-01
   3.12437326e-01 -3.53197418e-01  9.62430013e-01  1.35384018e-02
  -5.79633553e-01  2.36365082e-01  2.83635648e-01  9.60653215e-01
   7.90945513e-01 -6.45025299e-01 -3.88683616e-01  8.29378958e-01
  -3.46019621e-01  9.08654168e-01 -8.32843708e-01  7.20762849e-01
   6.94246385e-01  5.02820559e-01 -9.86580604e-01  5.83196517e-01
   3.88518054e-01 -6.05049399e-01 -3.73185643e-01 -7.76909758e-01
  -6.31769167e-01  4.18734630e-01  6.71674516e-01 -2.12154400e-01
  -2.09768380e-01  9.22863821e-01 -1.97888056e-01 -3.82708982e-02
   2.17382506e-01  9.03272187e-01  7.11889891e-01  9.34297513e-01
   6.20974156e-01  3.33242219e-01 -7.97615480e-01 -8.08894681e-01
  -3.84326019e-01  2.26542328e-01  5.17429031e-01 -8.12916332e-01
   6.03567170e-01  4.36282759e-01 -5.46089440e-01 -1.89054039e-01
   2.57964406e-02 -4.60623620e-01  3.09744847e-01 -3.09795306e-01
   3.84868242e-01  8.45644520e-01 -4.69347221e-01  2.99491352e-01
  -4.87624711e-01  8.64993605e-01  1.10365681e-01 -2.73222710e-01
  -7.00701410e-01  7.45579154e-01 -2.21879924e-01 -7.30227163e-01
  -8.15936019e-01  3.83286037e-02  1.77486377e-01 -8.35516927e-01
   3.90338952e-01  1.87870019e-02 -1.22477930e-01  6.06297368e-01
  -2.17617818e-01  8.47385499e-01 -7.26483318e-01 -2.34825447e-02
  -5.44513908e-02 -3.20237953e-01  1.48583427e-01 -8.03650146e-01
  -4.87227106e-01  4.92217239e-01 -1.91242853e-02  7.34242761e-01
  -4.83973583e-01 -4.10041705e-01  5.14682220e-01  4.83395765e-01
   8.45707775e-01 -8.31193484e-01]
 [ 2.74314019e-01 -3.34103752e-01 -5.76881434e-01 -1.75451448e-01
   5.49461075e-01 -6.58997332e-01 -6.18342313e-01 -4.43917040e-01
   9.91749377e-01  8.14517858e-01  7.57241071e-01  7.74311672e-01
   9.57304811e-02 -4.42600181e-01  2.33200947e-01  8.44887129e-01
   6.52181455e-02 -4.32639112e-01 -7.58858610e-01 -8.12787378e-01
   9.25127329e-01  1.12878629e-01 -7.70184258e-02  2.56059366e-02
  -6.04348233e-01  2.18217612e-01  4.82019443e-01  9.99020750e-01
  -2.70428063e-01  1.02455632e-01  7.05916190e-01  4.67098226e-01
  -8.27704439e-01  9.31489786e-01  7.42714356e-01  7.56382762e-01
   7.59428397e-01  4.95478065e-01  7.24738832e-01  4.58183019e-02
   7.41898706e-01  6.35208955e-01  2.41620120e-02  9.35095616e-01
  -7.30597025e-01  8.44705575e-01 -8.42934800e-01 -4.71001127e-01
   6.88389502e-01 -4.43692880e-01 -6.01091263e-01  3.44892162e-01
   6.37375757e-01  9.75397419e-01  7.35710315e-01  4.74286642e-01
  -6.26052087e-01  6.33109142e-01 -9.47222948e-01  5.70950118e-01
   2.49377940e-01  3.98833091e-02 -1.10824682e-01  5.30649562e-01
   9.48665414e-01  6.89580194e-01 -3.93103742e-01  6.18290111e-01
  -6.54182005e-01 -2.20431095e-01  9.71511339e-01  8.09145899e-01
  -1.24863944e-01 -5.61642152e-01 -8.95868268e-01  7.20226592e-01
  -2.26271091e-01 -5.36859725e-01  2.66266168e-01  6.32998795e-01
   7.49813854e-01  1.79022727e-02  7.42825933e-01 -1.22775190e-01
  -4.96449669e-01 -9.92620223e-01 -9.94241083e-01  7.48454524e-01
  -1.62858703e-01  5.89006148e-01  1.52994759e-01 -3.22534656e-01
  -7.66459465e-01 -1.93032916e-01  4.84628317e-01  9.60402473e-01
  -6.82069191e-02 -2.14565372e-01  9.80965455e-01 -1.68276042e-01
  -1.46257748e-01  9.44279320e-01  5.09516951e-01 -9.30605039e-01
  -1.65460457e-02  9.42661354e-01 -3.24926563e-01  7.26755615e-01
   5.05366289e-01 -4.64090811e-01 -2.20844647e-02  9.68040025e-01
  -5.85484112e-01 -3.25634495e-01 -4.82736810e-01  5.21319153e-01
   6.65934230e-01 -6.14426486e-01  7.13312858e-01  2.86726182e-01
   2.91086789e-01  2.31485801e-01  2.89554223e-01 -3.22331166e-01
  -3.40770817e-01  6.06820656e-01 -7.40917114e-01  5.69615917e-02
   5.08023246e-01 -6.24705352e-01  6.02993753e-01 -5.45891464e-01
  -2.27328623e-01  7.83782568e-01 -6.85030182e-01 -6.58256530e-01
   2.29349832e-01 -5.62729456e-01 -5.48785946e-01 -4.23066440e-02
   1.55138633e-01  9.61158077e-01 -4.35560457e-01 -1.37745643e-01
   7.07776497e-01  4.42605716e-01  9.29571707e-01  3.23425769e-01
   8.92893665e-01 -2.41290139e-01  3.57921537e-01  2.70445390e-01
  -5.39324855e-01 -7.40463107e-01  5.17162147e-01  5.20023411e-01
   1.50009056e-01 -9.62823474e-01  7.52848460e-01 -6.77088121e-01
   7.93415626e-01  8.09062394e-01  9.39177986e-01 -4.37642406e-01
  -9.52483990e-01  8.73159050e-01  2.00374655e-01 -8.55494308e-01
   9.39395457e-01 -5.01728585e-01  7.50032746e-01  6.03522178e-01
   7.09446757e-01 -2.01428820e-01 -3.40466552e-01  3.76835943e-01
  -7.19595524e-01  7.47221229e-01 -1.93019298e-01  8.38727125e-01
  -9.10609071e-01 -8.52629539e-01  1.84214522e-02 -5.52112193e-01
  -5.75732837e-01 -6.56899425e-01 -7.57921548e-01  5.44110413e-01
  -3.83511828e-03 -8.34474250e-01  9.07449494e-01 -1.40440868e-01
  -7.34295936e-01  8.43504311e-01 -3.82068559e-01  9.21724592e-01
   6.27845080e-01  3.98085383e-01  4.51198050e-01 -1.29533875e-01
   1.51360239e-01 -9.03180961e-01  5.95612116e-01 -5.06053083e-01
  -1.78413514e-01 -6.44069029e-01 -2.60148259e-01  8.87564307e-01
  -2.76671931e-01  9.02013820e-01 -8.63834298e-01  7.51167190e-01
   7.31987446e-01  3.13581535e-01 -6.15774779e-01 -8.76611496e-02
  -6.29981375e-01 -7.44865319e-02  6.07284557e-02 -3.28625747e-01
  -3.09261363e-01  7.84682321e-01 -3.54111796e-01 -3.12749379e-01
   9.62981932e-01  4.18964956e-01 -5.26426442e-01 -5.13416829e-01
   9.44710097e-02 -3.24889515e-01  8.34152281e-01 -6.18371844e-01
   7.97122075e-01  4.92915548e-01  4.68314648e-01  4.94285373e-01
  -5.92356279e-01 -1.95956823e-01 -2.70239215e-01 -9.46655957e-01
   5.59672664e-01 -1.79415635e-02  4.32669372e-01 -8.71270243e-01
  -3.00940886e-01 -2.29977128e-01 -2.48532589e-01  9.51193647e-01
   5.39091916e-01 -3.26084327e-01]
 [-6.30769451e-01 -6.72553436e-01  7.53869750e-01 -3.05396986e-01
  -1.84801310e-01 -6.78047707e-01 -7.89306111e-01 -1.55144911e-01
   3.83137540e-01  4.45008127e-01  6.52063579e-01 -9.71942997e-01
   6.99901084e-01 -3.28634649e-01  4.68406735e-01  1.43036815e-01
  -1.18719954e-01  6.19469211e-01 -1.86850159e-01  1.61439067e-02
   7.96676464e-01 -7.88769723e-01 -9.71733658e-02 -9.13381556e-01
   7.68389366e-01 -4.08932154e-01  9.35928978e-01  9.40525685e-02
  -4.27604565e-01  2.73968820e-01  5.54280230e-01  9.70152493e-01
  -8.55767163e-01 -5.17223144e-01  2.46614514e-02 -2.81479488e-01
  -5.02147631e-01 -2.51249976e-01 -1.38813563e-01 -7.18911116e-01
  -2.17351715e-01  7.27928145e-01  6.80733856e-01 -8.94384607e-01
  -6.04862519e-01  4.77779071e-01 -5.20664268e-01  4.36113352e-01
   1.84150009e-01  9.30599860e-01  4.38608622e-01 -1.26840294e-01
  -6.43296987e-01 -7.22560422e-01 -3.40276635e-02  3.23547166e-01
  -7.73483606e-01  2.53658170e-02 -5.74924940e-02 -3.44031795e-01
  -8.64306264e-01 -4.27851693e-01 -9.75155909e-01  1.01211415e-01
   4.59400997e-01 -5.31020958e-01 -3.97320582e-01  5.64277190e-01
   2.90031314e-01  3.75857389e-01 -7.87878569e-01 -9.11485784e-01
   3.32667419e-02  1.34446604e-01  1.88466689e-01 -8.05490513e-01
  -8.68689656e-01 -1.93553861e-01  3.89906567e-01  7.42176415e-01
  -8.75422638e-01  6.28861599e-02 -7.68498141e-01 -2.86781347e-01
  -3.59482279e-01 -4.46559189e-01  4.68199810e-01 -7.30649131e-01
   9.99322258e-02 -6.28086726e-01 -6.66583587e-01 -7.99680869e-02
  -4.38607214e-01 -3.07243000e-01  2.70713047e-01  2.77146911e-01
   3.41198707e-03  3.18522870e-01 -6.76626224e-01 -2.39531669e-02
  -8.97660416e-01 -8.70802407e-01  1.80479395e-01  7.37791392e-01
  -9.35518029e-01 -7.93345108e-01  3.49379705e-01  9.25429896e-01
   4.46973248e-01  4.24730759e-01  7.34756575e-01  3.98153536e-01
   2.22314591e-01 -3.63715445e-01  2.07507500e-01  2.46428042e-01
  -2.20077466e-02 -8.51193458e-02 -8.93375508e-01  7.80960130e-01
  -3.25717993e-01 -3.27369271e-01  1.00392114e-02  8.03869721e-01
  -7.80596531e-01  9.29488099e-01  1.91420304e-01 -7.01473683e-01
   8.38104444e-01  2.10768908e-02 -1.24758290e-01  6.00869049e-01
   5.65571148e-02  4.72918437e-01 -6.70148104e-01 -4.14533195e-01
   8.11204221e-01 -1.92604100e-01 -9.42256467e-01  2.39966081e-01
   5.77283990e-01  8.74326049e-01 -9.93006730e-01 -9.81183059e-01
  -5.27934887e-01 -8.40911445e-01  2.84883730e-01  5.25124555e-01
  -5.95974411e-01  1.39550402e-01  1.65663909e-01  2.62501970e-01
   9.98698839e-01 -1.58276456e-01  1.98580539e-01 -5.22435949e-01
   7.05559937e-01 -6.68274624e-01  9.09690403e-02 -6.47579638e-01
   9.38450234e-01 -9.95955838e-01 -1.50432862e-01  4.12750046e-01
   6.63113601e-01 -9.00736098e-01  8.70369147e-01 -5.91098877e-01
   7.17316304e-01 -4.06739562e-01 -4.45773716e-01  3.78913633e-01
  -8.63930857e-01 -1.37562750e-01 -3.45308099e-01 -6.68128670e-01
   6.56097894e-01  8.21596165e-01  7.86065176e-01  5.42961120e-01
   5.57662187e-01 -5.73740781e-01 -2.74036151e-02 -5.19095772e-01
  -9.31025557e-01 -7.29994837e-01  2.04538496e-01 -2.36065713e-01
   7.56480853e-01  5.06460982e-01 -2.27285545e-01  5.32198121e-01
   5.77715651e-01  6.27472936e-01  3.49704970e-01 -7.25866546e-01
   2.25134913e-01  7.10396657e-02  3.44983536e-01 -3.27546912e-01
  -2.59580694e-01  9.13652593e-01  6.91238947e-01  2.27728666e-02
   4.23147061e-01  3.35554088e-01 -5.83612079e-01  4.79153672e-01
   4.34530003e-01 -1.86816562e-01 -9.09480564e-02 -2.86543217e-01
  -7.72993617e-02 -5.83473918e-01 -2.20950899e-02 -6.36034889e-01
  -1.58915244e-01  6.48002292e-01 -6.76883563e-01 -7.30354167e-01
  -3.10219859e-01 -8.64966172e-01  7.02422195e-01  1.36394295e-01
   7.29441688e-01 -6.99211971e-01  1.14210469e-01 -9.50624816e-01
   5.04971721e-01 -7.09946842e-01  5.00727224e-01  9.22890337e-01
   3.94264521e-01 -5.70904383e-01  6.96781390e-01  5.73922521e-01
  -5.38926853e-01  4.96834858e-01 -1.81648216e-02 -5.46573332e-01
  -4.90954455e-02 -1.86024390e-01  6.28333540e-01 -1.75189786e-01
  -4.90713456e-01  2.51845423e-01 -4.02585630e-02  5.07391453e-01
  -5.01886665e-01 -3.79808144e-01]
 [ 9.72593059e-01  3.81467752e-01 -4.26044492e-02  4.88306998e-01
  -1.06388850e-01 -7.42831154e-01 -8.69055536e-01  9.65001718e-01
  -2.16005841e-01  3.60221029e-01  4.22627496e-01 -8.95851766e-01
  -2.27805529e-01 -6.08371667e-01 -1.83309906e-01 -8.09175898e-01
   9.10697348e-02  5.34454769e-01  7.50010853e-01  1.66882111e-02
  -7.54432837e-01 -7.03960371e-01  5.89031655e-01  9.19007839e-01
   5.32182599e-01 -8.53781241e-01  7.04108393e-01  4.38053498e-01
   3.41964656e-01  8.25788444e-02 -7.89294303e-01  5.88756028e-02
  -7.44095915e-01 -5.27051367e-01  3.20555647e-01 -8.05934504e-01
   8.62788681e-01  3.84971303e-01 -9.95819529e-01  9.23376400e-01
   1.05364549e-02  1.70399106e-02 -7.30249753e-01  5.77278162e-01
   9.35093308e-01 -6.26749856e-01 -8.11765815e-01 -5.91993636e-01
   5.02203540e-01 -2.64854576e-01  2.79770731e-02 -2.39030569e-01
  -1.35515589e-02 -7.97607812e-01 -7.05054265e-01  3.52914711e-02
   4.07667789e-01  2.25725687e-01 -6.22068124e-01 -7.22790485e-01
  -1.31076177e-01  1.83833066e-01 -8.32681616e-01 -8.53311157e-01
  -9.47024780e-01 -8.79615953e-01 -6.48282079e-01  5.26069996e-01
   2.62305006e-01 -1.26483780e-01 -7.94314082e-01  3.27967630e-01
   8.49762093e-01  5.84610016e-01 -8.94318629e-01  8.09568257e-01
   4.69930935e-01  5.77108404e-01 -6.61748771e-01  7.55288644e-01
  -2.10927716e-01  1.54808467e-01 -5.87654834e-01  2.67252095e-01
  -9.22791285e-01  8.80615219e-01  3.33451327e-03 -7.51504322e-01
  -7.56227059e-01  4.92733471e-01 -9.59644977e-01  9.59315396e-01
  -4.54502251e-01 -6.76817111e-01 -2.61883457e-02 -6.22802045e-01
  -8.86036702e-01 -3.45508966e-01  4.32351999e-01  7.21230954e-01
   4.69325153e-01  9.87341187e-01 -8.70347429e-01 -8.17058226e-01
  -5.33705850e-01  8.96762742e-01 -6.59406593e-01 -2.60565564e-01
  -9.81795731e-02 -2.52279132e-01  4.66293715e-01 -8.53058502e-01
  -1.16161878e-03 -7.16252924e-01  6.63101085e-01  7.93802629e-01
  -4.88153255e-01 -7.57476217e-01 -2.19758809e-01  2.20499384e-01
  -6.40267548e-01 -5.83948852e-01 -6.57202583e-01  4.64658871e-01
   8.16460035e-01 -8.07278059e-02 -4.78269154e-01 -2.41640911e-01
   8.92766218e-03  4.85659013e-01  5.82889045e-01  7.20450527e-01
  -2.09777415e-01  6.40902062e-01 -3.09437630e-01  8.71161541e-01
   7.00336785e-02  1.63209305e-01 -7.19107207e-01  5.91321806e-01
  -1.40333758e-01  8.50152345e-01 -8.43327327e-01  2.17573812e-01
   7.00542333e-01  5.75508290e-01 -3.34374797e-01 -4.87983380e-01
  -4.29194688e-01 -6.45163978e-01 -8.45652220e-01  7.35122268e-01
   2.93104752e-01  5.25010325e-01 -4.68404735e-01 -6.28562168e-01
  -8.41352947e-01  9.04721651e-01 -8.30234236e-02  2.70425509e-01
  -5.50310492e-02  1.58502189e-01 -8.67055287e-01 -5.87394342e-01
  -2.45675126e-01 -9.81795953e-01 -9.95817799e-01  7.57480602e-01
   1.31210750e-01 -3.71732703e-01  2.44469916e-01 -7.16869376e-01
   1.51929409e-01  5.75635013e-01  4.41505734e-01  6.64773875e-01
   2.03914977e-01  6.70807936e-01  5.84696819e-01 -9.63301283e-01
  -9.52683005e-01 -8.50135007e-01  6.98220288e-01 -9.63444184e-01
   5.83919097e-01 -4.89996729e-01 -1.89394920e-01  8.27807474e-01
   9.38368991e-01  6.95574216e-01  8.80653666e-01 -2.76822585e-01
  -8.81568015e-01  1.05097474e-01 -7.22492275e-01 -7.53639877e-01
   5.78544452e-01 -4.63908414e-01 -7.78731583e-01  1.11206898e-01
  -2.57072781e-01  1.74350121e-01 -6.23323780e-03 -9.15918857e-02
   5.20093224e-01 -2.54929956e-01 -9.10684222e-02 -2.63599118e-01
   9.47873352e-01  9.63163614e-01 -5.40604863e-02  8.49748845e-02
  -9.46479257e-02  9.20693377e-01  4.18122291e-01 -7.12899492e-01
  -6.33893173e-01 -1.96452666e-01 -6.37640456e-03  4.64022333e-01
   9.87366842e-01 -1.68043396e-01  5.97306061e-01 -6.86385555e-01
  -6.22639877e-01 -9.95175100e-01  6.14697452e-01 -6.22423907e-02
   8.16267300e-01 -8.50191973e-02  7.52826013e-01 -7.64816834e-01
   5.26397486e-01 -2.95660725e-01  7.36993252e-01  1.95296736e-01
   5.11085554e-01 -2.18852412e-01 -3.55159878e-01  8.12742544e-02
   2.57377811e-01 -1.80542779e-01 -1.25216686e-01  9.23124876e-01
   9.63738514e-01 -1.03708036e-01  7.29111285e-02  9.36482079e-01
  -7.95045680e-01 -4.96631050e-01]
 [-6.24799187e-01 -5.26974188e-01  3.13286199e-01  1.00586353e-01
   9.67071166e-01 -5.60747699e-01  1.38291143e-01 -1.10449430e-01
   6.73897843e-02  2.62849327e-01  7.75807281e-01  4.82055201e-01
   1.80404406e-01 -5.17483420e-02  2.26935848e-01 -5.05200137e-01
  -9.71248694e-01 -3.37982657e-01  4.53487353e-01  3.39332658e-01
  -3.18986290e-01  3.06662125e-01  6.84693017e-01 -1.54882799e-01
   6.05066691e-01  6.36594224e-02  4.06944262e-01  3.77535579e-01
   1.89392868e-01  2.89720829e-01 -9.58466978e-01  5.01830768e-01
  -5.84203592e-01  3.36192180e-01 -9.38385097e-01 -7.07237539e-01
   2.45138231e-01 -7.62055691e-01 -6.19251884e-01 -1.71980419e-01
   6.79047343e-01 -5.45670133e-01 -8.06711401e-01  2.65951293e-01
  -2.92605236e-01 -1.30775172e-01 -8.43639772e-01  7.47939391e-01
   6.48424583e-01  2.53944872e-01  3.06752107e-01 -6.73188831e-01
   6.25354949e-01  9.47405962e-02  8.40435415e-01 -1.92438149e-01
   1.15527252e-01 -6.25601148e-01  5.56845615e-01 -7.84343224e-01
  -2.63634385e-01 -9.22302712e-01  7.27578212e-01 -1.78500480e-01
  -8.70103507e-01  7.11300405e-01 -9.89157631e-02  4.93080075e-01
  -3.13303458e-01 -7.84178404e-01 -3.14925225e-01 -1.88235567e-01
   6.24050981e-01 -7.11846911e-01  4.17114605e-01  9.53447574e-01
   8.56755958e-01  3.20112949e-02 -5.35236775e-01  6.26851523e-02
  -1.93570954e-01  5.99698339e-01 -9.36237014e-01  5.45024828e-01
   8.20149479e-01 -8.88894039e-01  5.23389725e-01  9.67677528e-01
   9.88723286e-01 -8.12154579e-01 -9.36535082e-01  9.11262595e-01
  -5.49724650e-01  1.97221821e-01 -3.11603960e-01  1.92764338e-01
   7.45946241e-01 -1.93112052e-01 -7.49082700e-01 -6.63327752e-01
   1.38219438e-01 -3.17761267e-01  4.60810260e-01 -8.60621121e-01
   1.90272280e-01  9.37341794e-01 -1.27995202e-01  4.59449059e-01
  -6.87020396e-01  1.99221464e-01 -6.29765872e-01 -1.06880325e-01
  -3.11296995e-01 -4.79240903e-01  5.06366394e-02 -4.27864948e-01
   8.70040689e-01 -5.78547493e-01 -3.65480065e-01  8.96419813e-01
  -9.88717929e-01  4.61124562e-01  9.48483024e-01  4.95946274e-01
   4.17701783e-01  3.20798745e-01  1.05592324e-01  5.60275422e-01
   8.76060407e-03  1.62281385e-01 -5.68186522e-01  8.34153660e-01
  -3.18159733e-01 -9.11363661e-01  5.49316205e-01 -4.34457430e-01
  -1.52003317e-01  1.10670764e-01  3.17934361e-01  3.27593660e-01
  -5.13770668e-02  6.04654587e-01 -5.37969158e-01  4.96511126e-01
  -2.80949447e-01 -5.65794151e-01 -4.50887967e-01 -2.16773388e-01
   9.02163412e-02 -1.10948962e-01  1.09568021e-01  3.78710821e-01
   1.94931480e-01  2.84608350e-01 -3.09607023e-01  9.67370560e-01
  -6.71006935e-01  4.67384576e-01  9.92179527e-01  1.72546015e-01
  -6.34807682e-01  7.63619690e-01 -3.67196132e-01  8.07582920e-01
  -4.78570666e-02  2.13113332e-04 -8.35964215e-01 -7.00820495e-01
  -5.22296613e-01  8.47484573e-01  1.64983328e-01  4.28151178e-01
   6.88305436e-01  5.23900525e-01 -8.62287945e-01 -1.27723060e-01
  -7.69058313e-01  7.73933191e-01  7.36913729e-01 -7.69898615e-01
  -6.92093560e-01 -4.04379523e-01  4.22018580e-01 -9.83588978e-01
  -3.53563644e-01  9.95909796e-01  5.35827629e-01 -7.45539429e-01
  -6.71351403e-01 -9.19200435e-01  7.63453573e-01  6.21182342e-01
   8.66030196e-01 -3.45407007e-01  3.52977324e-01 -2.11050000e-01
   8.81796679e-01  2.07272820e-01 -7.01015381e-01 -1.40019942e-01
   8.48192737e-01 -1.67922543e-01  8.37021885e-01  2.90523577e-02
   4.37889479e-02  4.98651738e-01  9.16650951e-01  6.16494528e-01
  -6.50033063e-02  7.43228178e-01 -6.97997219e-01  9.55908985e-01
   7.46355392e-01  8.76658553e-01  6.50557006e-01 -8.30600074e-01
  -7.55650541e-01  9.71280484e-01  2.58101035e-01 -6.33893182e-01
   6.33716951e-01  2.87042272e-01 -2.59881484e-01  3.77310512e-01
  -8.36138671e-01 -7.22182361e-01  6.03987151e-03  4.04703418e-01
  -5.32039458e-01 -5.89982685e-01  3.34719837e-01  2.99880238e-01
  -5.86995881e-01 -4.72953258e-01  2.18986988e-02  2.99774866e-01
   6.84020494e-01 -4.52791265e-01 -7.01685162e-01  3.31689670e-01
   8.56317561e-01  4.53385012e-01  7.52696164e-01 -7.80619672e-01
   4.23544501e-01  8.12559516e-01 -3.80000843e-01 -7.84469783e-01
   6.75604591e-01  9.39128087e-01]
 [-2.05718248e-01  3.60642232e-01  4.19561133e-02  3.22751884e-02
  -4.51241607e-01 -9.28208499e-01 -9.11314484e-01 -3.31633658e-01
   5.96927631e-01  7.07978017e-01  6.31704364e-02  5.92532899e-01
  -5.60328650e-01  4.64172028e-01  1.21290430e-01  8.37125211e-01
   7.90354329e-01 -7.57566382e-01 -2.22054282e-01 -7.15492052e-02
   9.45212559e-01 -8.94005329e-01 -9.46412540e-01 -2.38204518e-01
   1.13403444e-01  7.41799715e-01 -9.43602913e-01 -5.95435774e-01
  -5.39944596e-01  6.70220553e-01 -1.65431442e-01 -3.02981242e-01
  -7.08764421e-01 -4.50105038e-01 -2.01205660e-01  6.86486359e-01
   1.72490000e-01  4.25489059e-01  2.44640988e-01 -3.78214651e-01
  -9.65397028e-01 -4.60680908e-02 -5.48370742e-01  4.89284748e-01
  -4.88608213e-01  3.11873988e-01 -1.31910167e-01  2.09254190e-01
  -7.56399906e-01 -3.26595889e-01  7.90981156e-01  1.77579712e-01
  -8.00679891e-01  9.70870445e-01 -2.51404579e-01 -2.30704262e-02
  -6.48437743e-01  5.22808035e-02 -7.76698424e-01  8.55485959e-01
  -2.56566296e-01 -7.39500296e-01  5.27752402e-01  7.98177060e-01
   6.01497497e-01 -4.81708186e-01 -5.61378143e-01 -1.80556000e-01
  -7.22800395e-01 -6.20563258e-02  4.12383734e-01 -5.40936568e-01
   6.05815966e-01 -4.74529653e-01  6.12779582e-01  5.15182596e-01
   9.63195413e-02  2.75735768e-01 -6.50772027e-01 -2.09214032e-01
   1.36038789e-01 -3.25313713e-01  4.52279993e-02 -7.80100221e-01
  -9.12357683e-02  7.41746620e-02  7.87137261e-01  7.30387053e-01
   2.35932330e-01  9.20096717e-01  2.96111421e-01  2.99894353e-01
   1.98704495e-01 -3.75277120e-01  8.72304871e-01  8.12659847e-02
   2.33695613e-01 -3.97098091e-01 -3.47409575e-01  9.48477150e-01
  -5.95622474e-01  7.27011343e-01 -6.16941834e-01 -3.89403532e-01
  -3.44483012e-01  5.47241430e-01 -2.50504331e-01 -4.97012180e-01
   8.10358415e-01 -3.19538849e-01  5.59266017e-01 -6.73638963e-01
  -6.01468560e-01 -7.76827484e-01 -3.21057970e-01 -8.49321237e-01
   2.02861545e-01 -5.36074665e-01  9.20036900e-01 -6.36051080e-01
   8.37041431e-01 -9.06623315e-01  8.61661578e-01 -3.77449708e-01
   3.95175043e-01  4.62488376e-01 -4.88661652e-01  5.31613063e-01
  -2.71812415e-01  8.45372758e-01  1.45294494e-01  8.57645184e-01
  -8.33431627e-01  3.55717741e-01 -7.40172439e-01 -2.67247193e-01
  -6.22559175e-01 -4.12685751e-01  6.78669779e-01  6.37543104e-01
  -6.45323647e-01 -3.84672718e-01 -4.17171387e-01 -4.61054420e-01
  -6.00962092e-01 -1.77377757e-01  5.29825795e-01  4.37242714e-01
  -1.21022842e-01  3.58259849e-01 -9.95244837e-01 -7.93899511e-01
   5.36103731e-01  7.99600552e-01 -1.68751472e-01 -4.92374742e-01
  -8.68376897e-01 -7.35814522e-01 -7.48962281e-01 -5.97130699e-01
   9.52981518e-01 -4.06051521e-01  6.40165650e-01  3.66637924e-01
   4.43413774e-01 -3.29271185e-01  7.96357124e-01 -2.22277961e-01
   5.10919349e-01 -4.41284926e-01 -5.68455403e-01 -5.25955899e-01
   5.12288540e-01  3.17758309e-01  5.88409217e-01 -9.88842828e-02
  -3.94653546e-01  4.77665976e-01  6.38594047e-01  4.47116447e-01
  -4.81874847e-01  4.53994681e-01 -7.72048356e-01 -1.58660167e-01
  -6.67866976e-01  9.98648385e-01 -3.63708145e-01 -8.21268871e-01
   6.27365925e-01  8.07710243e-01 -1.20447885e-01 -9.14754165e-01
  -7.46448250e-01 -7.20729351e-01  2.53878918e-01  2.19847708e-01
   9.94860355e-01  4.62970658e-01  8.82175839e-01 -8.39042197e-01
   3.98440610e-01  6.97223915e-01  8.76506828e-01  8.14673435e-01
   3.26002835e-01  8.51316115e-01 -5.18878806e-01  6.88427351e-01
  -7.35529426e-01  4.59312261e-01  9.74910529e-01  6.54300934e-01
  -2.18329319e-01  4.81406229e-01 -6.20404915e-01  4.99753809e-01
  -4.77838843e-01 -3.11123770e-01 -4.83162709e-01 -5.25386421e-01
   9.20244717e-01 -8.07769080e-01  3.02727403e-02 -6.27448201e-01
  -6.32754485e-01  8.95361715e-01  3.41344110e-01 -8.69318196e-01
   3.57086403e-01 -3.21240730e-01 -1.03118153e-01 -8.28910341e-01
  -5.38264597e-01 -5.16207354e-01 -7.70639028e-01 -3.05942868e-01
   1.28836714e-01  9.53925313e-01 -5.42490413e-01 -4.95263815e-01
  -4.24697486e-01  5.34614884e-01 -1.75625761e-01  8.82867048e-02
  -1.55760659e-01  7.32009656e-01  7.51187113e-01  5.70644017e-01
   2.16079149e-01  1.36370178e-02]]