[[-17015.60744726  17015.62098919]
 [ -7905.4223532    7905.4301268 ]
 [ 10700.92136824 -10700.89864346]
 [-13749.86652818  13749.88468437]
 [ 21053.10349559 -21053.08861671]
 [ 20386.82529938 -20386.81104713]
 [-30149.74711257  30149.74587412]
 [ -8400.62165112   8400.62633254]
 [ 26171.2636378  -26171.2440661 ]
 [  9684.05290631  -9684.05194758]
 [  1500.49969101  -1500.50142389]
 [  4884.37434877  -4884.36502724]
 [ 12313.0741504  -12313.07172158]
 [-17129.46012471  17129.45798048]
 [-11980.88876945  11980.90987579]
 [  1657.53043621  -1657.52545379]
 [ 26720.74228025 -26720.73640473]
 [-17305.94448026  17305.95575078]
 [-27196.8491602   27196.86354603]
 [-41864.50278165  41864.49643169]
 [ -7977.31817721   7977.32280576]
 [ 32116.13741478 -32116.12206365]
 [-10222.80004988  10222.79388601]
 [-28574.870663    28574.86847763]
 [ 11224.81390585 -11224.8043968 ]
 [  5734.38131562  -5734.36855345]
 [ 40001.74108103 -40001.73424919]
 [-13545.93161827  13545.93907698]
 [ 11332.74229233 -11332.72680517]
 [ -3621.42560972   3621.43978455]
 [ 12937.33870656 -12937.32055534]
 [ 31714.48026711 -31714.47460938]
 [ 16191.42252608 -16191.41028562]
 [  6260.39554595  -6260.38917483]
 [ -1010.79394254   1010.81511313]
 [ 11563.78717797 -11563.77317773]
 [ 14652.17735745 -14652.1665833 ]
 [ -4483.79625365   4483.82170973]
 [ 21765.1458861  -21765.1376604 ]
 [ -4916.53710111   4916.540818  ]
 [-11928.00527805  11928.00652035]
 [ 16146.77980267 -16146.77244273]
 [ -6559.63240059   6559.63227194]
 [ -9677.44526607   9677.45770541]
 [-42831.159688    42831.17297013]
 [  1717.36795489  -1717.35676566]
 [-25393.49576005  25393.50452667]
 [-13824.50961207  13824.50611489]
 [ 25299.22816033 -25299.22098042]
 [-10919.52123317  10919.53588732]
 [ 37354.40604711 -37354.39955548]
 [ 17002.77040992 -17002.76096404]
 [ -9316.14403252   9316.15390018]
 [ 21180.08530363 -21180.07567126]
 [-15970.00247944  15970.01505505]
 [ -1786.14073412   1786.15506213]
 [-37531.01930995  37531.01544263]
 [  1688.91186553  -1688.90161314]
 [-10117.1023923   10117.10229878]
 [ -7748.14129694   7748.14022509]
 [  6885.25715309  -6885.26256412]
 [-39205.52835488  39205.53086887]
 [-19960.14750795  19960.15505742]
 [-16983.43828929  16983.44033789]
 [-13104.60645844  13104.60951035]
 [  -101.03314879    101.02668587]
 [-30056.83797682  30056.84075002]
 [-15661.45661167  15661.46273537]
 [-24545.33628601  24545.33620314]
 [-19880.04642292  19880.06302868]
 [  3307.65567782  -3307.64604131]
 [-44240.48388068  44240.48405396]
 [-25614.89725217  25614.90065851]
 [ 23998.62357655 -23998.60665619]
 [-15156.94350636  15156.95599419]
 [ 26451.99451275 -26451.98586787]
 [-19324.75301909  19324.75312226]
 [ -5598.3788983    5598.39131184]
 [ -1498.23922717   1498.24055163]
 [-17669.59618309  17669.60783987]
 [-40743.75305854  40743.76140609]
 [ -1142.08950744   1142.100892  ]
 [ 39836.05763132 -39836.04250116]
 [ 13603.92768551 -13603.91827037]
 [ -9720.93406097   9720.95267909]
 [-12553.50461808  12553.52617845]
 [ -8261.27104559   8261.27076527]
 [ 21416.89946974 -21416.88670444]
 [-23828.4299111   23828.43605152]
 [  7060.50655635  -7060.49360026]
 [  2207.23836177  -2207.23046695]
 [-11385.75423038  11385.76302093]
 [-12267.24841045  12267.25366114]
 [-31063.64055363  31063.64164614]
 [-14164.31875424  14164.32549507]
 [ -1471.69220938   1471.70150481]
 [ 60801.03136631 -60801.02878064]
 [  3296.66868228  -3296.64239657]
 [ 20799.80037087 -20799.79600851]
 [-37860.60221434  37860.59988524]
 [ -1184.80496033   1184.81004808]
 [ 10120.7631427  -10120.75970545]
 [ 35358.21388981 -35358.21405742]
 [  3619.67021645  -3619.66038926]
 [  6729.5322659   -6729.52496758]
 [ -1303.17738857   1303.18494762]
 [ -9758.80909857   9758.82162791]
 [ -6985.90561742   6985.89758296]
 [-16165.2432327   16165.25319823]
 [-27834.12313409  27834.12270402]
 [-26135.58758656  26135.59231959]
 [ 44946.43261546 -44946.41736375]
 [ -2273.44534866   2273.4488316 ]
 [ -4441.63951911   4441.65292171]
 [   371.49846607   -371.48523699]
 [ 45597.06895551 -45597.05239668]
 [-11258.13604795  11258.13659502]
 [ -8235.68491594   8235.68802714]
 [ 23420.88002511 -23420.87319198]
 [ 11658.19725934 -11658.19128133]
 [ 27913.48021202 -27913.46530628]
 [ -7988.3361842    7988.34157666]
 [ 12707.89644092 -12707.88449383]
 [ 14940.58296879 -14940.56857119]
 [ 21048.70864342 -21048.6943073 ]
 [ 16889.49984807 -16889.49421673]
 [ 32001.90257162 -32001.8954704 ]
 [-12249.81831449  12249.84007749]
 [ 20665.01812532 -20665.02026916]
 [  8345.84692397  -8345.83593182]
 [ 14762.83159423 -14762.81818568]
 [ 11826.01843115 -11826.00900235]
 [ 61486.17763694 -61486.17530428]
 [-20738.62688875  20738.64505192]
 [-45808.82289183  45808.83425447]
 [ 14572.6286387  -14572.62677367]
 [-22926.94701671  22926.9607587 ]
 [-24190.32330137  24190.33395456]
 [ -3493.0471108    3493.05155235]
 [ -4133.73786317   4133.74622249]
 [ 34446.63551088 -34446.6313283 ]
 [ 10944.74161715 -10944.73422327]
 [ -6542.25612995   6542.26164609]
 [ -7829.36208467   7829.35351404]
 [-16939.99389156  16940.00413573]
 [  3365.58461668  -3365.58280224]
 [ 11062.64139474 -11062.63775227]
 [ -2579.59238361   2579.59356896]
 [ 34052.23032718 -34052.23444756]
 [-39974.59662478  39974.59807592]
 [ -9778.34323473   9778.34406521]
 [ 13054.87101489 -13054.87032181]
 [ 27993.20411282 -27993.20362062]
 [-30429.76194846  30429.77102557]
 [ 16379.70674719 -16379.69138643]
 [ 15338.80884049 -15338.80034372]
 [-27828.32164384  27828.34187143]
 [ 27950.38828415 -27950.38961355]
 [ 36034.77211322 -36034.74867153]
 [ 32463.15380551 -32463.1367822 ]
 [ 21659.68636326 -21659.67857828]
 [-12942.23198486  12942.23724773]
 [-21744.75441676  21744.76066603]
 [-43498.20151122  43498.2060563 ]
 [ 13414.78536191 -13414.7816039 ]
 [ 12748.93987948 -12748.93078715]
 [-38381.86384055  38381.88350452]
 [  6808.62868824  -6808.62045593]
 [-33668.57363338  33668.58061172]
 [ 24394.61608666 -24394.6028699 ]
 [-24771.71451905  24771.72579787]
 [-31510.22104511  31510.22160702]
 [-27401.37664742  27401.39024835]
 [-10729.22495447  10729.23448117]
 [  9736.00431669  -9736.0014094 ]
 [-14724.18631781  14724.1875984 ]
 [-48673.29471417  48673.29874982]
 [-17431.82032987  17431.83106966]
 [ 13142.95288275 -13142.94915243]
 [-19006.57492025  19006.58998047]
 [  9459.93799512  -9459.92875168]
 [-21746.55537204  21746.57526309]
 [ 81945.60422612 -81945.60011792]
 [ 13607.30812578 -13607.29517955]
 [  -495.34695803    495.35678562]
 [ -9219.59410204   9219.60066171]
 [-18290.21331275  18290.22860975]
 [-37006.47912527  37006.48318546]
 [ 34524.71154263 -34524.69770683]
 [ 48367.16954582 -48367.15865558]
 [ 66164.72122664 -66164.71119259]
 [ -8867.67636746   8867.68233547]
 [ 20374.01949931 -20374.02013323]
 [-21960.26733141  21960.266243  ]
 [-13838.49342186  13838.49749377]
 [ 53707.39931045 -53707.38853346]
 [-17807.83452705  17807.84438591]
 [-18758.94936928  18758.95689853]
 [  8648.87495511  -8648.86248646]
 [ 62750.90692043 -62750.90579768]
 [ -8231.11742284   8231.11936337]
 [  2526.36453449  -2526.36251362]
 [-33815.85134086  33815.86125966]
 [ -9013.76835386   9013.78959249]
 [-59780.89583747  59780.90273974]
 [  5341.19080282  -5341.175011  ]
 [ 26346.61594299 -26346.60156291]
 [ 31286.18850182 -31286.17502381]
 [-13934.08639694  13934.09055233]
 [ 18406.67250008 -18406.66246961]
 [  9846.27678926  -9846.25855948]
 [ 22123.5063682  -22123.49102412]
 [-63961.17415155  63961.18813663]
 [-42550.79453734  42550.81163922]
 [  2992.42941876  -2992.42558889]
 [ -7437.37641751   7437.38735296]
 [ 29789.44080654 -29789.43425653]
 [ 30466.96586914 -30466.95504195]
 [-40100.91949108  40100.91537162]
 [-31863.91338472  31863.92581063]
 [ -1536.65417994   1536.66439417]
 [-34431.37119282  34431.38083055]
 [ 21981.07024037 -21981.06192432]
 [ -5724.83063105   5724.83644865]
 [ 51240.16504437 -51240.15753388]
 [-10296.52902585  10296.53373129]
 [ 16741.53774312 -16741.52504467]
 [-13007.50814686  13007.5208046 ]
 [ 13793.2684491  -13793.27023414]
 [ -8473.52392101   8473.52873366]
 [-22534.3845835   22534.38255625]
 [ 43365.82036309 -43365.81729365]
 [-22005.21590977  22005.22137252]
 [-32457.05760934  32457.07008533]
 [ -4749.94972838   4749.95921426]
 [  2113.91487842  -2113.90369006]
 [-16729.78873961  16729.79406068]
 [  6837.12305772  -6837.10530361]
 [  5108.88304529  -5108.86496387]
 [  8803.49557899  -8803.49813402]
 [ 29545.00813536 -29545.00612211]
 [ -9233.43687811   9233.44508889]
 [  6411.7195334   -6411.71385329]
 [  9464.23487255  -9464.22122596]
 [-19822.24904725  19822.24570369]
 [  6740.79098929  -6740.78532837]
 [ 63695.81609841 -63695.81111806]
 [ 22265.08342867 -22265.08082975]
 [-23071.79648494  23071.80880402]
 [ 57526.65059395 -57526.64096644]]