[[-2.54955653e-02  7.30975965e-02 -5.96863720e-02 -8.74832668e-02
   7.65409071e-02  9.64934572e-02 -5.62540025e-02  1.03172286e-01
   9.10202606e-02  1.66119901e-02  4.29170559e-02 -1.11651412e-01
   5.69479781e-02 -8.67335624e-02 -3.47036842e-02 -3.07294493e-03
  -6.63589799e-02 -9.28461376e-02 -5.27344954e-02 -2.29571011e-02
  -1.94064619e-02  3.77338591e-03  1.50494878e-02 -8.21746272e-02
  -4.77974623e-03  9.89577354e-02  3.14002816e-02 -1.12819611e-01
   1.01425907e-01  6.46307737e-02 -8.36594489e-03  5.91283969e-02
   1.56099368e-02  6.80285067e-02  7.66320267e-02 -1.05053230e-01
  -7.94086654e-02 -8.03612030e-02 -3.40945441e-02  8.09071495e-02
  -1.02658951e-01 -6.29231545e-02 -1.06356772e-01  5.70155234e-02
  -4.02168192e-02 -3.72649550e-02  6.54589052e-02 -2.27666269e-02
   7.85042069e-02 -7.44922874e-03  1.56963980e-02 -5.66597965e-02
  -3.70573022e-03  8.58016560e-02  5.14647341e-02  3.71555699e-02
  -1.05730010e-01 -5.54433510e-02 -6.14707094e-02  1.68031538e-02
  -8.43131694e-02 -2.62580291e-02 -4.65484062e-02 -7.00943247e-02
   9.09643677e-02 -6.19392985e-02  3.90953610e-02  8.06666339e-02
   1.77864879e-02  8.50787854e-02 -6.62514778e-02  4.18536414e-02
  -4.03330224e-02 -1.58837969e-02 -4.62080825e-02  5.66481876e-02
  -4.29077893e-02 -8.45569550e-03 -1.10401331e-01  7.38761085e-02
  -4.12858293e-02 -5.69814502e-02 -6.21384021e-02 -5.82196207e-02
  -1.27327948e-02  1.27450760e-02  1.28888310e-02  1.47701558e-02
   7.20709611e-03 -7.19595160e-02 -7.78755847e-02 -6.63149496e-02
   3.32060965e-02 -6.53518500e-02 -1.05130049e-01 -7.40128972e-03
  -1.76978999e-02 -3.25400020e-03 -7.87994743e-03 -2.84067984e-02
   3.51821201e-02  3.78773000e-02  1.99637734e-02 -6.57425292e-02
   1.66701508e-02  4.36365466e-02  8.88272504e-02  7.41102017e-02
  -4.42669521e-02 -9.05585836e-02  7.19145704e-02  2.01280414e-02
  -3.28653251e-02  3.50641636e-02 -2.78260065e-02 -9.29330611e-02
   8.64652134e-02  1.08646461e-01 -5.43571844e-02 -8.69618260e-02
   6.27317396e-02  8.32929945e-02  3.71143720e-02  6.20505186e-02
  -7.10607124e-02 -1.04291780e-01 -7.86044610e-02  7.28904555e-02
   3.70908437e-02 -2.28885756e-02  8.00656200e-02 -4.26582543e-02
  -3.70123702e-02 -4.76272203e-02  1.10431668e-01  1.44541879e-02
  -6.75951413e-02  1.56302465e-02  8.01872715e-02  6.85334444e-02
   1.00093359e-01 -2.42415483e-03 -7.89773634e-02  3.68719175e-02
   1.08546244e-01 -7.35472975e-02 -1.60018940e-02 -6.87662131e-02
   6.02979127e-02  1.06319736e-01 -1.03388220e-01 -7.54091503e-03
   7.83987799e-02 -1.11320410e-01  7.40087764e-02  7.65769172e-02
   6.75884647e-02  2.50928691e-02  2.70847660e-02 -8.04958977e-02
   3.61846771e-02  3.83874808e-02 -6.58324672e-02  4.03673551e-02
   8.33575765e-02  2.79426902e-02 -4.41818716e-02  1.09650028e-01
   4.93278412e-03  4.73750609e-02  4.35462763e-02  4.33308631e-02
  -3.57785004e-02  3.92316297e-02  5.65258080e-02  7.84589395e-02
   1.61698702e-02 -5.32239812e-02 -1.28580601e-02  7.89519300e-02
   6.93741567e-02  3.49188138e-02 -4.69986881e-02 -2.28248659e-03
   3.03025440e-02  7.71305490e-03  1.06234453e-02 -7.25198076e-02
  -9.47713729e-02  1.07058481e-01 -6.54050513e-02 -3.56005659e-03
  -3.15759081e-02  6.71521323e-02  6.40876815e-02  6.36184048e-02
  -9.04273782e-02  1.41088826e-02 -3.80137297e-02  9.10479659e-02
   8.48714280e-02 -2.64730586e-02 -8.85517116e-02 -7.25273799e-02
  -6.77966584e-03 -6.37795250e-02 -5.69466217e-04  1.34838915e-02
  -4.66375615e-02  1.04746661e-01  4.29557737e-02  6.49629173e-04
  -8.53258585e-02 -6.43971486e-02 -9.73175334e-02 -1.87942366e-03
  -3.60323670e-02  9.63773122e-02 -3.95827157e-02 -5.02106525e-02
  -5.25424995e-02 -5.31799736e-02  9.51474972e-03  3.96107173e-03
   1.07241452e-01 -6.73901001e-02  1.39261347e-02 -9.78904604e-02
   6.27275088e-02  3.15219986e-02 -2.82087699e-02 -1.07385044e-02
  -7.62247564e-02  5.52854525e-02 -8.98795332e-02 -3.20428566e-02
  -7.65921677e-02 -9.34792922e-03  1.01056881e-01 -1.52976908e-02
   7.76396464e-02  1.01528694e-01 -2.07230903e-02 -4.94811392e-02
  -8.96096976e-02  8.72155895e-02  7.72840532e-02  7.58089040e-02
  -9.35084244e-02  8.72965060e-02]
 [ 4.99294624e-02 -1.04093324e-01 -7.41193630e-02 -5.51908206e-02
  -2.08960894e-02  5.91641658e-02  7.47991774e-02 -8.70985374e-02
  -8.83695223e-02 -1.49985454e-02 -4.64172811e-02  9.82519808e-02
   7.82326791e-02 -4.94377896e-03 -8.28522071e-02  8.25835412e-02
   6.22776011e-02 -8.27361616e-02  8.32518680e-02 -2.83291681e-02
   8.45657712e-02 -3.48778124e-02  1.00578134e-01  4.10016803e-02
   4.60935388e-02  7.30478767e-02  6.18055324e-02  5.10304595e-02
  -3.11722020e-02 -2.43013816e-02  2.76389831e-02  7.77432855e-02
   1.65345682e-02 -6.84049927e-02  6.61742490e-02  4.44354040e-02
   9.91049387e-02 -8.27636016e-02 -1.40077761e-02 -1.06120040e-02
  -7.24986581e-02  7.35896133e-02 -6.04051849e-02 -9.82513398e-02
   5.22416176e-02 -9.98458281e-02  5.20509689e-02  8.23511650e-02
   1.97273389e-02  3.68899695e-02  1.95416836e-04 -9.14771200e-02
  -1.03667844e-01  8.27191560e-02 -2.02840305e-02 -8.04091024e-02
  -9.57534987e-03  8.80649207e-02  5.49759371e-02  2.69318243e-02
   5.47672013e-02 -5.37245844e-03  9.02677090e-02 -9.79445177e-02
  -6.75489178e-02 -3.48166092e-02  4.32197229e-02 -1.05206642e-01
  -1.03746480e-01 -3.74792731e-02  2.93923619e-02  5.38397888e-02
   8.07871014e-02  6.92697085e-03 -7.81042281e-02  6.96788396e-02
   3.18144828e-02 -3.77720936e-02  6.47241998e-03 -6.49583147e-02
  -3.62469021e-02 -9.81911833e-02  9.06817107e-03 -4.33259785e-02
   8.40408769e-02  5.26689210e-02 -6.81767339e-02  3.74521703e-02
   5.60849579e-02 -3.55333497e-03  8.02113264e-02 -5.20649471e-03
   4.87814849e-02 -2.93965332e-02 -6.21004657e-02  1.00919974e-01
   2.22363138e-02 -9.32132355e-03 -4.08373586e-02  5.12012599e-02
  -8.55943710e-02  3.55035932e-02  6.48902807e-02  8.85015857e-02
   7.93854708e-02 -1.01939219e-01 -3.26754493e-02 -4.96103630e-02
   1.02479308e-01 -6.77686002e-02  1.12067346e-02 -7.36654999e-03
  -5.06287561e-02 -5.85324585e-02  2.84566934e-02  1.03033897e-01
  -9.11824387e-02  8.96541317e-02 -1.30304833e-02  6.74571648e-02
  -2.98120410e-02 -9.36269350e-02 -1.02962128e-01  4.60626558e-02
   9.06195697e-02  2.52249943e-02 -6.77895565e-02  6.32927248e-02
  -1.02710632e-01 -3.74005032e-02  3.70302148e-02  9.76170527e-02
  -5.96997305e-02  5.63369565e-02  8.25786126e-02  4.93992769e-03
   7.93659704e-02  9.03042720e-02  5.52016085e-03  5.08760529e-02
   2.82172508e-02  9.12200182e-02 -5.88331266e-02  7.65165916e-02
  -8.87004351e-04 -9.54675197e-02 -9.08894928e-02 -2.75754021e-02
   7.10620923e-02 -1.05141221e-01 -9.87616217e-02 -9.41715296e-02
  -6.94538055e-02  8.54407064e-02  2.26050417e-02  2.08729454e-02
   8.11931020e-02  7.89076747e-02  2.33326795e-02 -5.69530997e-02
  -7.48449695e-02  3.85156029e-02 -7.57427161e-02 -4.11041119e-02
   4.34632581e-02 -6.12338674e-02  8.16549290e-02  5.85998009e-02
   4.08013196e-02 -7.34502272e-03 -4.51514508e-02 -6.50527876e-02
  -5.71813597e-02  2.83742951e-02 -7.25762307e-02  4.67138161e-02
  -6.97481028e-02  3.83848723e-02  3.29402474e-02  9.63154189e-02
   1.64986672e-02 -3.27518162e-02  8.65891818e-02 -5.50112117e-02
   7.62107588e-02 -4.35200986e-03  4.09768742e-02 -4.81565448e-02
  -6.70889343e-02 -9.23098694e-02 -8.27993257e-02 -4.78012884e-02
   8.85869467e-02 -8.06311179e-02  7.90177183e-02 -7.70366861e-02
   1.63079926e-03  9.76967701e-02 -4.41178874e-02  8.29316454e-03
   5.33318082e-02  1.25201660e-02 -5.98638065e-02 -9.93139812e-02
  -1.31660917e-02 -9.16137255e-02  4.37192038e-02  6.52504107e-02
   4.03603484e-02  7.61930246e-02  7.30507082e-02  9.97515014e-03
   3.06519066e-02  3.97663111e-02 -2.28378342e-02 -1.00940717e-01
  -8.14727101e-02 -1.02277953e-01  5.27748446e-02 -3.90967532e-02
  -6.54371727e-02 -1.64927703e-02  2.39890714e-02 -4.51753054e-03
   7.80434065e-02 -1.04076784e-02 -6.46200395e-03  6.02171627e-03
  -5.21374102e-02 -3.02784847e-02  8.51226431e-03  9.05337195e-03
   4.99424943e-02 -5.27902085e-02  1.72074811e-02 -4.43934035e-02
  -6.36963606e-02  7.98098257e-02 -3.09983379e-02 -7.58215625e-02
   8.80484330e-02 -9.52396357e-02  3.08263546e-02 -6.16509746e-02
   2.67274859e-02  5.54703809e-02 -5.71041039e-02 -8.28307752e-02
  -1.25098619e-02  8.96901997e-02]
 [-7.75938100e-02  5.30861074e-02 -1.45510087e-02  2.02305045e-02
   7.15075140e-02  3.05217088e-03  9.97750951e-02 -7.36489287e-02
  -8.56625308e-04 -5.14491505e-03  7.92888610e-02 -9.74525420e-04
  -8.46891006e-02 -1.11450286e-01  9.47647845e-02  3.49863790e-02
   9.29939260e-02 -5.58221160e-02  6.44297069e-02  8.47869189e-02
  -3.88662819e-02  6.67124651e-02  5.59702292e-03 -5.34429744e-02
   1.06348927e-01 -5.11901449e-02  7.16362204e-02  7.03308787e-02
   2.32966526e-02  2.75017684e-02  4.11318281e-02  6.55695505e-02
   1.02653688e-01  1.23289965e-02 -5.32932647e-02  9.09455014e-02
   2.78689926e-02  4.57806596e-02 -4.82669154e-02 -1.86289311e-02
   8.68835750e-03 -9.76504586e-03 -1.04158138e-01  8.75910998e-02
   9.90939207e-02  3.99233259e-02  6.82294488e-02 -9.92713700e-02
  -3.12880773e-02  6.62821927e-02 -3.73988580e-02 -9.23302929e-02
   4.52588277e-02  9.51434386e-02 -7.70007749e-02  9.58194241e-02
   2.15579911e-02  8.97326048e-02  5.87637289e-02 -3.31709339e-02
  -5.82945891e-02 -1.02394434e-01 -3.30786761e-02  1.89193043e-02
   1.53078773e-02 -6.19747447e-02  8.51298825e-02  8.98762044e-03
  -2.36574056e-02  5.87254914e-02 -1.03050205e-01 -7.43837799e-02
   2.65935161e-02 -1.17957771e-02 -1.93907834e-02 -7.76118036e-02
   9.08750851e-02 -1.01947907e-01  5.63872326e-02  1.16536758e-02
   1.56706348e-02 -7.24590348e-03  9.55859765e-02 -7.66456973e-02
   9.94016985e-02 -3.17159198e-02  6.52092170e-02 -1.01636327e-02
  -9.73588261e-02 -3.05495164e-02 -2.45121376e-03  2.91830463e-02
  -6.99018198e-03 -9.38241308e-02  6.16216539e-02  1.01895290e-01
  -2.74926848e-02 -9.72368770e-02  2.96676758e-02  5.48628771e-02
   5.12469690e-02  8.92570975e-02 -1.84998430e-02  1.38534112e-03
   5.63077112e-02 -2.69447191e-02  4.13667210e-02 -5.58805029e-02
   1.37845780e-02  8.11811754e-02  2.58274759e-02 -6.61650953e-02
  -6.79177350e-02 -2.14868274e-02 -9.33441994e-02 -4.11837708e-03
  -5.07427149e-02  1.16037395e-03 -9.91327688e-02 -5.98989458e-02
  -7.09929786e-02  1.59161444e-02  3.48688971e-02  6.04384703e-02
  -3.82502567e-02  8.43394070e-02 -5.47274613e-02  1.12224271e-03
  -3.97325543e-02  1.13986473e-02 -2.87718853e-02 -1.03478689e-01
   3.82363633e-02  7.78351337e-02  9.95986178e-03 -4.64288972e-02
  -2.45737827e-02 -2.87334660e-02  7.13992208e-02  6.72226959e-02
   6.31267703e-02  6.36499155e-02  7.46975731e-02 -6.57299333e-02
  -8.61469023e-02  3.13820396e-02  5.75008291e-02  6.48771973e-02
   1.05314897e-01 -8.97070136e-02 -7.29172958e-02  2.51212191e-02
   1.38383709e-02 -8.21309249e-02  1.30173318e-02  9.68256219e-03
  -9.85657969e-02 -8.56032895e-02 -8.15020644e-02  2.04310687e-02
   6.94662450e-02 -6.33156077e-02  9.50320693e-02 -1.84093303e-02
  -3.06738451e-03  4.19763091e-02  8.71709589e-02  8.80600947e-02
  -9.67701408e-03 -8.13429603e-02  7.54730083e-02 -6.94803684e-02
   5.01738399e-02 -2.89297806e-02 -8.87644173e-02 -3.43788545e-02
  -4.63853492e-02  4.95795586e-02  1.10205292e-02  9.61452816e-02
  -8.41876399e-02 -8.80383739e-02  7.28122854e-02  6.72266421e-02
  -8.27459159e-02  5.50823216e-02 -2.08239098e-02  2.39637489e-02
  -3.75464164e-02 -5.31970640e-02  9.34586665e-02  4.25918268e-02
  -5.28851083e-02  8.32558493e-02 -9.56408828e-02  5.22848074e-02
  -5.94909820e-02  6.92791476e-02  6.35562205e-02  8.82468713e-02
  -2.97177442e-02  1.04505945e-01 -8.31495343e-02  8.52308988e-02
   8.06473746e-03 -4.86171367e-02 -6.43754795e-02  4.73334478e-02
   7.93694658e-02 -8.88472042e-02 -7.47708923e-02  3.23891740e-02
   4.88564990e-02 -8.69240836e-02  1.01284356e-01 -2.01944595e-02
   4.61858491e-02  5.85616517e-02  4.47301922e-02  5.58753627e-02
  -7.51072585e-02 -3.09743148e-02 -1.01069061e-01  4.90608498e-02
  -3.73407337e-02 -6.82102265e-02 -7.68982750e-02 -6.36474464e-02
  -1.02910717e-01  9.10539372e-02  2.70908896e-02  6.95601176e-02
   6.39011845e-02  7.39553949e-02 -6.60078363e-02 -1.88548614e-02
  -9.25001056e-02 -9.35301166e-03  2.12298180e-02 -2.29011344e-02
   9.85565402e-02  8.93898126e-02 -5.03871303e-02 -9.49662551e-02
   7.44937800e-02  5.44364812e-02 -2.50018156e-02  7.67724848e-03
  -3.80349839e-02 -1.62181493e-02]
 [ 9.60555575e-02 -2.07421208e-02 -1.82968152e-02 -4.75248062e-02
  -7.21392444e-02 -5.48052872e-02 -1.46139813e-02  3.81636975e-02
  -3.90897360e-02  9.75271921e-02 -9.16058817e-02 -1.12596108e-01
  -8.81276812e-03 -3.91105019e-02  4.27870394e-02 -8.42696075e-02
  -7.27318181e-02 -4.14138830e-02  7.17193331e-02 -7.47512895e-02
   2.66721130e-02  6.33118880e-02 -4.19311849e-02 -6.25896666e-02
   9.69975331e-02 -2.88803497e-02 -1.04266849e-01  1.01961008e-02
   2.40850623e-02  3.11407812e-02  9.87206054e-02  5.98305544e-02
   6.09135994e-04  8.19340834e-02 -7.73412659e-02 -7.34823355e-02
  -7.42372956e-02  5.07126980e-02 -9.83240339e-02  8.45677376e-02
  -2.06392810e-02 -9.99153677e-02  1.07441288e-01  8.40721114e-02
  -2.81993746e-02 -7.19871961e-02  4.03909502e-02 -1.24983585e-02
   9.40742439e-02  7.56879321e-02 -9.43158782e-03  2.08225155e-03
  -6.91890348e-03  7.90115332e-02 -4.20186087e-02 -8.56574459e-02
   8.39637514e-02 -3.70181595e-02  7.46432113e-02  8.17046085e-02
   6.31443544e-02  6.86857123e-02 -6.26291591e-02  2.10592757e-02
  -7.52784442e-02  3.26790267e-02  1.08766021e-01 -2.39450577e-02
  -6.73861275e-03 -9.86965170e-02 -9.92269170e-02  2.16282497e-02
   9.84912317e-02  1.23743079e-02 -7.97418214e-02 -1.37410743e-02
  -2.78920446e-02  1.00343248e-01 -2.00301242e-02  8.78990926e-02
   2.62068152e-02  6.44756883e-02 -7.00697322e-02 -7.45602348e-02
  -1.13760801e-02 -2.03102437e-02  8.24918838e-02 -4.32847608e-02
   8.22568178e-02  8.90880732e-02 -7.85570454e-02  1.88944264e-02
   9.95396537e-02 -1.86498087e-04 -5.68913230e-03  7.59634220e-02
   1.04006663e-01 -8.45204075e-02  4.27044790e-04 -9.72456466e-02
  -3.14743294e-02 -7.90247623e-03  3.57005876e-03 -4.64101738e-02
  -9.81368267e-02  1.07498957e-01  6.01054792e-02  5.63432275e-02
   7.91381827e-02 -4.87217720e-02 -6.71158694e-05  5.75466027e-03
  -7.32601347e-02  8.25883925e-02 -7.60366754e-02  9.81701537e-02
   1.05637538e-01  5.21695483e-02 -6.99304383e-02  6.88418295e-02
   1.32462148e-03 -5.13835850e-02 -8.68886954e-02  2.36612891e-02
   7.98438179e-02  1.00880793e-01  6.45095560e-02 -2.51491924e-02
  -2.88274010e-02 -7.67195091e-02  8.14198701e-02 -1.85424403e-02
  -1.66496460e-02  1.05126919e-01 -8.02646033e-02 -2.20949411e-02
  -2.81066449e-05  1.50162045e-02 -5.16831884e-02 -4.78745698e-02
  -5.90911782e-02  9.88626777e-02  7.58210100e-02  3.28628632e-02
   3.32049191e-02 -4.56640494e-02  3.61596693e-03 -2.03627894e-02
   8.37958847e-02  1.08445300e-01  1.12634007e-01 -7.51060788e-02
   1.05379051e-01 -2.01465298e-02  4.33106190e-02  3.18984797e-02
  -8.37919807e-03  5.87318690e-02 -1.75096043e-02 -1.53430930e-02
   3.95544715e-02  2.30901560e-02 -1.38488205e-02 -4.53657077e-02
  -1.52519684e-02  2.60555897e-03  1.04017038e-01 -6.08138487e-02
  -2.31613467e-03  4.01540435e-02  6.29389175e-02 -2.78559665e-02
  -7.62721556e-02  8.68985631e-03 -1.29325244e-02 -1.07313683e-01
  -4.05505544e-02  1.36105104e-02  1.06959056e-01 -8.95403200e-02
   4.11996453e-02  3.12866813e-02  7.77286926e-02  1.07211013e-02
   1.92173174e-02 -6.19936884e-02 -3.61296558e-02  8.97340054e-02
  -8.16364476e-02 -4.65545816e-02 -7.26857530e-02 -7.75906263e-02
  -4.33695963e-02  7.27513562e-02 -8.01099411e-02 -9.15627232e-02
   7.42227597e-02 -7.64473124e-03  1.12438270e-01 -2.04719654e-02
  -6.27433734e-02  5.39047415e-02 -9.52664276e-02 -6.91795314e-02
   4.88679276e-02 -9.78911152e-03  7.79435552e-02  1.78929430e-02
  -9.09694604e-02  3.91564797e-02 -3.64242086e-02 -2.53427383e-03
   8.06241332e-02 -2.16596497e-02  5.04082329e-02 -1.11217794e-02
  -2.44105498e-02  1.14051089e-01  8.82725457e-03  9.45614381e-03
  -9.56892977e-02  8.86451562e-02 -4.77137975e-03 -5.13925910e-02
   4.69903484e-03 -8.61895380e-02  5.05145824e-02 -1.20204217e-03
  -4.16850879e-02  7.55777381e-02  2.53011312e-02  1.53753583e-02
   3.02478586e-02  1.07806266e-01  9.67767380e-02 -2.69260658e-02
  -6.07923058e-02  2.68552014e-02 -5.04457494e-02  3.24608658e-02
  -9.21333192e-02 -7.18880343e-02 -3.00950969e-02  1.32145609e-02
  -9.66015585e-02 -1.30095767e-02 -2.68372331e-02  3.39940545e-02
   6.13143515e-02 -1.19508799e-01]
 [ 7.97584196e-02  5.46963965e-02  3.01330984e-03 -1.42461752e-02
  -1.98670677e-02  4.73513521e-02 -1.15503655e-02  9.06032481e-02
  -3.59623378e-02  2.92107668e-02  9.45365327e-02  2.23444987e-02
   3.05987404e-02 -8.05629097e-03 -6.76925752e-02  9.76485167e-03
  -9.12711264e-04  1.01704916e-01  3.42834733e-02 -7.67801897e-02
  -4.77079456e-02  9.32005542e-02  5.73398265e-02 -9.78275576e-02
  -2.77415968e-02  1.06979274e-01 -6.32945805e-02  2.85445020e-02
   3.76469361e-02  8.19109292e-02  7.38802831e-02 -5.03574628e-02
  -6.29282220e-02 -1.44567808e-02  8.73406669e-02  5.82940704e-02
  -5.10173962e-02 -3.20048595e-02 -1.04648207e-01  3.74607874e-03
  -2.45639345e-02 -2.57794041e-02  1.03090396e-01 -2.04267465e-02
   8.84322344e-02  9.04966353e-02  7.96125724e-02 -9.12713544e-03
  -2.91398930e-02  9.71733980e-02 -8.97679083e-02 -2.38777179e-02
   3.01254114e-02 -6.75670666e-02 -1.20150295e-02  7.65827763e-02
   7.30799190e-02 -1.12256001e-02 -8.84541778e-02  1.26070573e-02
   4.27818104e-02 -2.55926721e-02 -5.04685813e-02 -2.65341888e-02
   6.93756557e-02 -5.58553856e-02  5.41688204e-02 -6.84729153e-02
   6.34738966e-02  6.88411977e-03  8.34522914e-02  1.44841315e-02
  -7.64683954e-02  4.50225337e-02 -7.99999480e-02  5.07378238e-02
  -1.01555788e-01 -8.35592776e-02 -7.92056385e-02 -1.02391215e-01
  -8.85560540e-02  8.29020054e-02  9.13233625e-02  8.71420792e-02
  -3.67736515e-02 -6.43865016e-02  4.95313613e-02  3.72046493e-02
   9.87488614e-02 -5.13325989e-03  2.53439633e-02  8.16777412e-02
  -5.19439985e-02  7.27904062e-02  8.92625390e-02 -7.32944882e-02
   6.83886730e-02  1.07894888e-01 -2.52436118e-02 -5.40831108e-02
  -1.67305244e-02  8.25945780e-02 -6.48374536e-02 -6.52546986e-02
  -5.90715154e-02 -2.81264842e-02 -1.08749841e-01 -2.15622381e-02
  -3.34915447e-02  4.58887351e-02 -3.45557573e-02 -4.22058151e-02
   1.04437014e-01  6.93051423e-02 -6.42480836e-02 -1.12078807e-02
   7.22363370e-02  6.83382748e-02 -4.50923570e-02 -1.65135510e-02
  -2.95768974e-02 -7.51371120e-02  3.19407401e-02  8.74557356e-02
   1.05883579e-01 -9.37967317e-02  2.73424753e-02 -9.93470484e-03
   6.41733686e-02  4.07017671e-02 -5.38985996e-02  3.12295260e-02
  -4.70141011e-02 -1.96297730e-02 -9.09009207e-02  8.01685284e-02
  -5.84169527e-02  4.35923727e-02  6.76974237e-03  6.25319926e-02
   7.49983099e-02  5.67495284e-02  6.82979288e-02  9.37800582e-02
  -9.02814191e-02  1.41612331e-02  2.86412886e-02  8.76676209e-02
   9.68259354e-02  3.48297191e-02  6.98637851e-02 -1.22886852e-02
  -4.67860480e-02  9.34542447e-02  9.79880576e-02  1.04681817e-03
   6.03884945e-03  7.07377151e-02  8.46427214e-02  2.48890760e-03
  -4.60494459e-02  5.67396695e-02  4.98244897e-02  1.50872350e-02
  -5.45948282e-02  8.93938268e-02 -5.53863636e-02 -9.55804247e-02
   9.79160758e-02 -1.46781186e-02 -5.77999272e-02 -6.48300509e-02
  -7.44657697e-02 -7.30381995e-02 -1.05526629e-01 -7.11829346e-02
  -1.02524506e-01 -1.19285088e-03  2.25612946e-02 -5.09555308e-02
  -7.58260186e-02 -5.05529877e-02  7.88488800e-02 -4.12376945e-02
   6.44576915e-02  1.36314013e-02 -1.03201710e-01  2.49685002e-03
  -9.18942331e-02  9.60419341e-02 -6.25717620e-02 -1.74714516e-02
  -1.42585857e-02 -4.13747568e-02 -4.57201780e-02  1.01386138e-01
  -8.74938420e-02  9.57688249e-02  9.34527346e-02 -3.00816469e-02
   3.78944390e-03 -3.05681468e-02  5.71346167e-02  6.49417135e-02
  -6.00203697e-02 -2.63845520e-02 -8.25386619e-02 -1.16345099e-02
   5.21261923e-02  1.31634406e-02  7.98170417e-02 -9.03568569e-02
  -6.66628485e-02  1.13774412e-02 -5.15583668e-02 -4.59940629e-02
  -6.23898693e-02  8.77863340e-03 -6.80315252e-02 -3.32000128e-02
   5.88371514e-02 -8.32060350e-02 -1.00423120e-01 -8.53838960e-03
   5.84300160e-03 -5.55381670e-02 -8.26779563e-02  9.13687846e-02
  -2.13405347e-02 -3.73198040e-03  1.38438007e-02 -5.73262135e-02
  -3.90358551e-02  5.83321093e-02  4.15195677e-02 -4.46529076e-02
  -8.41977296e-02 -1.00637583e-01 -8.41136629e-02 -7.06332797e-02
   1.04188445e-01  1.16936750e-02 -3.84565385e-02 -6.91585687e-02
   1.01379914e-01  9.34333407e-03  1.05573564e-01 -9.05918203e-02
  -1.75857915e-02 -1.14389090e-02]
 [ 6.76417604e-02 -6.24334384e-02 -1.95960772e-02 -4.57209553e-02
  -5.10062758e-02 -8.88396619e-02 -9.89644614e-02 -7.79303750e-02
   6.37305491e-02 -3.80550008e-02 -6.25019956e-02 -4.48173143e-02
  -7.90177794e-03  3.80346843e-02  7.21341350e-03 -1.10207512e-02
  -1.01721834e-01 -2.76369186e-02 -2.68839135e-02  4.99628171e-02
  -3.80648707e-02  8.88938461e-02 -2.95753589e-02  4.02673740e-02
  -4.85251683e-02 -2.65164124e-03 -4.12942355e-02  1.04753766e-01
   7.15267495e-02  5.49034786e-02  3.97369790e-02 -4.46331941e-02
   7.42217903e-02 -5.94302509e-02  1.19713644e-01 -4.29281951e-02
  -7.78662802e-02 -2.75761744e-02  8.11148856e-02 -1.05408530e-01
   3.03109488e-02  1.17928770e-01  7.37555498e-02 -1.32337292e-01
  -8.34617674e-02 -4.25801743e-02  7.12369198e-03  6.38893164e-02
  -4.86275037e-02  6.59581059e-02  7.76106688e-02 -6.90721530e-02
   4.28752243e-02 -5.59794043e-02  8.28442232e-02 -1.13244861e-01
   7.81590999e-02 -8.60425813e-02  4.95657128e-02 -7.80073496e-02
   3.84795579e-02 -8.06692226e-03 -2.78580691e-02  5.99747174e-02
   7.53051304e-02 -8.74676334e-02  5.78322033e-02  9.02355314e-02
   4.83593320e-02  6.62989858e-02 -5.80636336e-02 -5.90922026e-02
   6.33311576e-02 -2.43060774e-02  4.31585908e-02 -5.98110475e-02
   5.75113109e-02 -5.82065446e-02  4.42175743e-02  4.23794461e-02
  -8.62506098e-02  4.16298799e-02  6.71728178e-02  8.86939179e-02
  -5.90001609e-02  2.44885226e-02 -9.52528708e-03 -4.28986490e-03
  -2.37855198e-02 -6.44852067e-02 -5.34870440e-02 -9.64795001e-02
  -1.09983897e-01 -4.34682323e-02 -6.69032368e-02 -4.77735261e-02
  -4.49948771e-02 -6.00773961e-03  7.51674487e-02 -9.48249568e-02
   9.22046322e-02  1.28103775e-02 -5.58792572e-04  4.06292126e-03
   6.94047526e-02 -9.58836961e-02 -5.68729386e-02  8.20580529e-02
   8.64195063e-02  3.06348193e-02  4.10295033e-02  8.50367532e-02
  -7.19999669e-02  2.21322189e-02  1.07865013e-02  7.89906592e-02
  -5.21147497e-04  1.84817232e-02 -6.57101137e-02  1.10171869e-01
   4.71211996e-02 -6.92163573e-02 -1.06921153e-01  6.51076198e-02
   1.47542126e-02 -1.12170980e-01  6.56460650e-02  3.80121709e-02
  -5.58158650e-02 -5.51423422e-02 -9.36050998e-03 -1.41792292e-02
   1.03946080e-02  3.46502225e-02 -9.11405239e-02  7.39806365e-02
  -2.48888066e-02 -4.57944483e-02 -1.48009699e-02 -5.32406373e-02
  -4.10661047e-02  7.62610487e-02 -3.34101095e-03 -5.76007886e-02
  -1.55487364e-02  9.36666513e-02  1.70314825e-02 -4.48700828e-03
   7.28935212e-02 -6.28999493e-02  8.37247868e-03 -9.67559611e-02
   5.28856218e-02  3.34289291e-02 -3.41393171e-02  5.76356665e-02
  -7.69273789e-02 -2.88313478e-02 -7.53650565e-02  7.06788513e-02
  -4.06532760e-02  6.76415172e-02 -1.10439551e-01  8.77934553e-02
  -6.69204628e-02 -1.34116730e-02 -1.32573914e-02  8.00949118e-02
  -3.84236799e-02 -5.29472949e-02  6.82114347e-02  5.66797880e-02
   6.20416720e-03 -6.53110478e-02  6.96407782e-02 -4.39816160e-02
   8.38279684e-02 -3.98822093e-02  4.19554529e-02 -2.30780920e-02
   5.44354610e-02 -3.99806151e-02  9.96393581e-02  8.38621324e-02
  -1.75360669e-02  8.90001418e-02  7.40190765e-02 -7.52894494e-02
  -2.31337244e-02 -7.02235190e-02  7.40137596e-02  8.77867011e-02
  -5.07334355e-03  7.02468214e-02 -3.88798140e-02  6.63333112e-02
  -1.72379832e-02  8.60855559e-02  1.40483568e-02 -6.46999712e-02
   1.10877408e-01  8.78289441e-02  1.08241503e-02 -6.06342950e-02
   4.45153535e-02  6.74251332e-02  9.51541009e-02  2.23072626e-02
   7.98839829e-02  7.83155668e-02 -3.20774747e-02 -8.66133582e-02
   3.63766523e-02  1.35941283e-02  1.43706153e-02 -7.50817072e-02
   5.80544815e-02  1.86243714e-02 -9.78521440e-02  7.43255847e-02
  -2.39449288e-02 -3.92743771e-02 -6.63786268e-02 -5.29520131e-02
   7.15890316e-02 -1.78103910e-02 -7.24152676e-02  6.70019560e-02
  -4.58550381e-02 -1.88015942e-02 -9.22284665e-02 -1.20578078e-01
  -1.03820366e-01 -7.34112565e-03 -7.95609165e-02 -4.98122681e-03
   5.91209233e-02 -5.47106194e-02  8.86326911e-02 -1.12511102e-01
   9.18138528e-02 -2.55171521e-02  9.90892072e-02  5.21555764e-03
  -3.10619382e-02  7.62992099e-02  1.72420199e-03  6.68553698e-02
   8.85552886e-02  4.16899389e-02]
 [-4.82003724e-02  1.05161823e-01 -1.02016571e-02 -4.38687441e-02
  -6.56998888e-02  5.04759267e-02 -4.61923409e-02  9.71307634e-02
  -8.74853199e-02 -2.26913059e-02  5.85738452e-03  5.16324190e-02
  -1.83514699e-02  9.13774060e-02 -8.33243735e-02 -2.61463557e-02
   3.38138445e-02  8.49663003e-02  3.54142450e-02 -2.10800726e-02
   1.73417509e-02  1.09749630e-01  5.58807357e-02 -4.29491196e-02
  -5.13440209e-02 -1.92376217e-02 -3.86125229e-02  7.95237294e-02
  -6.01065488e-02  8.09297546e-02  1.20843526e-02 -7.16256696e-02
   5.17075441e-02 -6.83841989e-02 -1.09600145e-01  3.18135146e-02
  -8.26171636e-02 -8.25696542e-02 -4.86579850e-02 -1.81841432e-02
   3.90342534e-02  9.04585985e-02 -1.78008866e-02 -2.90257443e-02
   5.09602523e-02 -3.99247012e-02  6.07369847e-02 -4.66888457e-02
  -2.02826616e-02 -4.64758359e-02  1.16188830e-01  8.97121484e-02
  -7.51718917e-02 -1.05108841e-01  8.33894038e-02 -6.57788254e-02
  -7.73911401e-02  9.03350575e-02  8.98322843e-03  1.73744314e-02
   6.27508563e-02  2.69652769e-03  2.29960482e-02 -6.13086694e-02
   1.22006251e-02 -7.49867582e-02  6.40032814e-03  7.01468550e-02
  -7.43235004e-02  4.51675140e-02  8.35546020e-02 -1.01274787e-01
  -1.01524150e-01 -4.56633324e-02  2.71294103e-02  6.24000547e-02
  -4.72674273e-02 -2.00900725e-02 -5.64192626e-02 -7.69772302e-02
   8.34504255e-02 -7.37997255e-02  9.92167366e-03 -9.49852116e-02
   1.33652004e-02 -3.25738879e-02 -6.01156055e-02 -3.00463944e-02
  -5.59480598e-02 -8.16751984e-02  5.31374641e-02  4.94151431e-02
   1.18181849e-01 -1.66996946e-03 -2.17239085e-02 -1.10109688e-02
  -3.75196909e-03 -2.62066186e-02 -9.09107063e-03 -1.06016811e-02
  -6.90306877e-02  9.75295536e-02 -9.86681337e-02  9.45202646e-02
  -1.06655798e-01  1.01996254e-01  8.93785549e-02  4.78800332e-02
   7.23145672e-02  1.64963655e-02  1.11160566e-01  5.94597227e-02
  -1.02873857e-01 -7.48939984e-02  6.81326788e-02 -1.04683210e-01
   9.41626615e-02 -2.68997752e-02 -5.07573607e-02 -3.32374843e-02
   1.00962119e-01  4.55621890e-02  5.03286985e-02 -1.00681614e-01
   4.51420986e-02  5.22204341e-02 -7.58795352e-02  1.61551970e-02
  -8.45567404e-02  1.67865283e-02  4.66306840e-02  6.65949820e-02
   3.15659497e-03  2.01882898e-03  3.65660442e-02 -1.08418259e-01
   9.23054397e-02 -4.08356857e-02 -2.24161875e-03  9.38932316e-02
  -6.61924243e-03 -3.85118534e-02  1.05712700e-01 -3.31350335e-02
   4.90935925e-02  4.69797986e-02  1.08228073e-01 -1.47963948e-02
   1.39041645e-02  7.97751236e-03  4.52972842e-02  3.65203446e-02
  -5.02712396e-02  8.14053553e-02 -1.16144269e-03  7.65327438e-02
   8.65970078e-03 -2.49884997e-02  1.13564558e-01 -3.92680880e-04
  -6.56742304e-03 -2.53124831e-02 -6.61289460e-02  9.34649453e-02
  -7.22922598e-02 -6.80775543e-03  1.26087581e-02  5.67901568e-02
  -3.76473138e-02 -6.45092521e-02 -8.84169516e-02  1.16942063e-02
  -4.00597827e-02 -9.30841643e-02  9.15422638e-02 -7.36155343e-02
  -7.30078781e-02 -5.82093798e-02 -1.52235434e-02 -1.00793561e-01
  -2.85721516e-02 -4.21072367e-02  2.16222403e-02 -8.17350610e-02
  -3.20260022e-02  2.77398371e-02 -4.30740903e-02  6.05312165e-02
  -1.05546405e-01  4.48627925e-03  3.91700330e-02  4.65808227e-02
  -2.79439653e-02  5.52308940e-02  3.20815871e-02 -9.22741469e-02
  -7.65750154e-02  1.35173906e-02  5.88915126e-02 -1.62444968e-02
  -4.49063523e-02  3.80818423e-02 -1.05191444e-01  8.02470438e-02
  -8.45343802e-02  7.26863638e-04  8.30294739e-02 -3.76066070e-02
  -1.78611145e-02  1.16534629e-01  2.85771481e-02 -1.17199324e-02
   6.36526139e-02 -4.78791170e-03  1.03933699e-01  8.40873158e-03
   1.18146022e-01  3.65102805e-02 -2.48312132e-02  7.41399912e-02
   5.57927054e-02 -5.47415493e-02 -7.62570406e-02 -1.01563567e-01
  -9.82043696e-02  6.63101216e-02  1.05572334e-01 -1.07542086e-01
   3.99881869e-02  8.44596270e-02 -3.98238427e-02  3.72734383e-02
  -4.64554564e-02 -7.26978643e-03  2.33327327e-02 -5.07574632e-02
   5.05925615e-03  2.55941376e-02  8.45283866e-02  8.63554964e-02
   8.33119436e-02 -8.94328151e-02  7.12738197e-02  2.37890310e-02
  -1.90503248e-02  9.34578163e-02 -9.76557861e-02 -3.49913063e-02
   8.48610053e-03  3.29172983e-02]
 [-8.67364090e-02 -7.75078050e-02 -8.50499508e-02 -3.64634419e-03
  -5.65634188e-02 -3.43509848e-02 -4.33648678e-02 -1.02147271e-01
  -5.77515728e-02  2.61404056e-02  5.35580656e-02  1.02963251e-02
   6.69031264e-02 -5.88184812e-02 -7.84659950e-02  8.29677841e-02
   4.02917406e-02 -1.04439359e-01 -3.40801091e-02  3.05071302e-02
  -9.24567619e-02 -3.22078608e-02  4.67292213e-02 -5.06470391e-02
  -7.99087766e-02 -1.44434737e-02  8.81921292e-02  3.49387705e-02
  -5.68540269e-02 -6.17946941e-02  8.15719701e-02 -7.42102351e-02
  -2.17710801e-02 -6.30824610e-02  2.50486715e-02 -8.08073900e-02
  -4.96624949e-02 -6.52704474e-02  6.52995153e-02  6.84526973e-02
   5.74004396e-02  3.83026055e-02  5.93084555e-02 -6.81528291e-02
  -1.90346723e-02 -9.42137167e-02  1.05995128e-01 -2.01919652e-02
   9.74562396e-02  2.17244446e-03  1.09449924e-02  7.65743889e-02
  -3.82350454e-02 -7.11493105e-02  9.37037887e-03 -9.63744056e-02
  -5.21219335e-02 -7.95336045e-02 -1.36134288e-02  5.44775874e-02
   3.41154207e-02 -1.05865499e-01 -1.74805350e-02 -1.09363022e-01
  -9.66265162e-02 -9.47327140e-02  2.82401962e-02  6.37770810e-02
  -1.02508240e-01 -9.32636807e-02 -4.88624273e-02  3.78091569e-02
   2.31456846e-02  8.13111203e-02  2.33272869e-03 -9.11881835e-02
   1.25535073e-02 -1.10320371e-01  2.20320497e-02  5.11265686e-02
  -1.84886246e-02  7.12308125e-02 -7.71958000e-02 -8.18808170e-02
  -6.27454227e-02  1.00983450e-01  5.23481674e-02 -4.38849816e-02
   1.86814540e-02  7.15048775e-02  7.60955994e-02 -9.37360131e-02
  -6.04382105e-02  7.14539132e-02  8.86773459e-02 -3.05702453e-02
  -3.32813061e-02  8.03700248e-02 -8.07348944e-02  5.18228607e-02
   8.92775114e-02  8.47702366e-02  5.19423116e-02  9.03805890e-02
  -9.41562194e-03 -1.29260085e-02 -9.35001514e-02  1.38118521e-02
  -4.71421564e-02 -4.04795393e-02 -7.06844776e-02 -4.08723992e-02
  -1.12842145e-01  8.07923875e-02  4.63702868e-02  3.00854016e-02
  -3.29852216e-02 -7.60411346e-02  4.77355100e-02 -9.44463588e-02
   6.18727161e-02  4.95599346e-02  7.20796862e-02 -7.76729729e-02
   6.61556331e-02 -7.14579154e-02 -8.08982264e-02 -9.46907814e-02
   5.40710783e-02  7.68977711e-02  7.14548041e-02  1.50814046e-02
   4.17043251e-02  8.69816036e-02  2.13562366e-03  6.92398033e-02
   7.89264261e-03 -1.27859746e-02  2.65778037e-02  1.64304690e-02
   9.52338560e-02 -8.28577408e-02  4.13511648e-02 -4.33272441e-02
  -3.21579599e-02  9.42821075e-02 -2.74568473e-02  4.41961851e-02
   6.09061835e-02  6.63627335e-02  5.23068235e-02  3.93601189e-02
  -4.38590125e-02  5.12504389e-02  1.54034231e-02 -1.56683807e-02
   5.23555005e-02  2.61764018e-02  5.50267017e-02 -6.32442889e-02
   9.19678423e-02 -9.98193371e-02  7.74270541e-03  5.20302713e-02
   4.72699609e-02  8.03113930e-02 -4.45502750e-02 -7.97760861e-02
   4.51955652e-02 -2.40416126e-02  9.21210324e-03  5.37429795e-02
  -2.80073311e-02 -7.08064710e-02 -1.02300986e-01  1.84921413e-03
   4.38721146e-02  3.43494751e-02 -9.15384425e-02 -4.59370904e-03
   3.63472861e-02  5.82170418e-04  1.86185735e-02  1.62100935e-02
  -5.42355827e-03  5.20133751e-02  7.63215732e-02  4.66852409e-02
   3.65241748e-02  1.08578207e-02 -9.84243554e-02 -4.86268008e-02
  -6.80601047e-02 -1.50146991e-02 -8.32892428e-02  1.37274307e-02
  -7.58399644e-02  1.09748599e-01  6.31021426e-02  8.40345283e-02
  -7.96926544e-02  1.14131808e-01  6.30753401e-02  1.18864926e-02
   4.43765587e-02 -3.55737784e-02  6.73405688e-02 -4.60265452e-02
  -1.29151074e-02 -9.56763710e-02  9.58045390e-02  2.52398931e-02
  -1.11255310e-02  2.37751509e-02 -2.78714120e-02  7.11553592e-02
  -3.96994171e-02  9.25343020e-02  5.53778166e-02  1.01916491e-01
  -8.12309490e-02  7.74082752e-02  5.12981874e-02  2.65774570e-02
   1.51593592e-02 -5.40649610e-02  8.11732648e-02  7.24335266e-02
  -1.16062049e-01 -7.74297739e-02  1.05268310e-01 -2.66542392e-02
   3.95633777e-02  7.94349412e-02 -2.76133841e-02  7.22835158e-02
   4.57427735e-02  8.34988888e-02  9.62613499e-02  7.82341049e-02
   4.97003861e-02  8.37172573e-02 -1.24646373e-02  1.99588222e-02
  -7.28372284e-02 -3.30201411e-02 -3.39498560e-02  8.83498387e-02
   7.86350876e-02  4.13907209e-02]
 [-8.30048412e-02  7.23870333e-03 -1.09405278e-01  9.52977010e-02
   2.98269298e-02  6.67756069e-02 -2.77213651e-03  8.97563718e-02
  -1.69126848e-02  1.51639537e-02 -5.93782790e-02 -1.06260657e-01
   8.59074407e-02  1.85867984e-02 -5.07274990e-02 -7.02782901e-02
  -2.27082591e-03 -5.81729326e-04 -7.26156183e-02 -1.05756276e-02
   6.16746681e-02  1.20982135e-01  2.34295691e-02  3.00273765e-02
   6.32511772e-02  3.25393081e-02  8.17377381e-02 -7.64141256e-02
   4.32602210e-02  1.06774584e-01 -1.34237306e-02  3.60891639e-02
   2.37737449e-02 -5.09197492e-03  3.22185221e-02  3.33283963e-02
  -1.56060889e-02 -1.13773847e-02 -4.94836706e-02  3.57216333e-02
   1.07827241e-01 -1.00733236e-02 -4.28465625e-02 -7.59676636e-02
  -6.79799333e-02  1.02794930e-01 -6.44271180e-02  6.96208440e-02
  -3.00154458e-02 -3.65588429e-02 -1.83195276e-02  9.18504484e-02
   8.32065853e-03 -4.48113742e-02  3.47614786e-03  8.70706793e-02
   2.37544993e-02  3.11353266e-02  5.69656716e-02  7.89234965e-02
   7.07463287e-02  6.38154853e-02 -5.03748434e-02 -6.34468277e-02
  -8.15583654e-02 -2.59812650e-02 -2.58924631e-02 -1.72183313e-02
  -1.72366397e-02 -7.07303099e-02  4.55267800e-02  7.28174276e-02
   1.06224776e-01  1.08689885e-01  9.63702140e-02 -4.08099994e-02
   1.03389111e-01  6.76873186e-02  7.50560812e-02 -8.76576429e-02
  -5.72174378e-02 -9.15248013e-02  3.05774771e-03  5.28551032e-02
  -5.86843144e-02 -2.68719144e-04 -6.30477937e-02 -7.73231071e-02
   1.06374729e-02 -6.83633311e-02 -9.85751737e-03 -3.15379446e-02
   1.12649855e-01  6.69549915e-02  9.48072231e-02  8.06022697e-02
  -7.67702390e-02 -1.11375653e-01 -1.14487187e-02  1.10747401e-01
   7.03979460e-02 -2.94836764e-02  7.84013517e-02 -3.62543055e-02
   4.65958506e-02 -7.25963405e-02  6.99335031e-02 -3.91376634e-02
  -6.63896378e-02 -4.14414447e-02 -6.47693885e-02  8.40975153e-02
  -1.25029235e-02 -5.18541531e-02  7.09550454e-04  9.22254767e-03
  -4.99534777e-02 -6.82300601e-02  2.35690673e-02 -3.56999578e-02
  -3.53432096e-02 -5.15105520e-03  1.06542846e-01  6.28282963e-02
   3.56847806e-02 -7.17079092e-02 -9.87262938e-02  5.97637718e-03
   6.68475918e-02 -7.30530846e-02 -2.07231951e-02 -2.04028117e-02
   5.62110850e-02  4.57964122e-02 -6.41647753e-03  8.69079385e-02
   3.44973843e-02 -1.10804086e-01 -6.77581094e-02  4.83907033e-02
   3.09288638e-02  5.83014946e-02  7.70427178e-03  1.06672153e-01
  -1.25995264e-01  1.04929394e-01  7.29520140e-02 -3.49449044e-02
  -5.79240656e-02 -7.52407564e-02  7.40777972e-02 -3.28448277e-02
   9.56800106e-02 -8.69429438e-02  7.41797000e-02  9.61128141e-02
  -2.90096775e-02 -5.93611637e-02  4.01230483e-02  9.02036728e-02
  -5.25311692e-03 -4.69016178e-02 -1.96672778e-02 -1.90085151e-02
   5.55654614e-02 -5.70318505e-02 -1.62599419e-02 -1.00819091e-02
   7.79079469e-02  6.87851313e-02  7.90461446e-02 -1.20345341e-01
   8.71392049e-02 -9.02149934e-02  5.91318878e-02 -1.24840828e-01
   7.61433233e-02 -9.84271249e-02  2.76589030e-02 -5.50039795e-02
  -9.36269552e-02  6.98288006e-02  1.21691000e-01 -5.08890057e-02
   5.10890738e-02 -6.90630243e-02  7.64094907e-02 -2.65247220e-02
  -5.08083510e-02 -9.08132823e-03 -5.37388006e-02 -8.13583201e-02
   2.08314589e-02  2.31590510e-02 -8.73967974e-03 -3.07245083e-02
   4.49246552e-02  6.92231004e-02 -1.74680554e-02  7.34097033e-02
   6.61492626e-02 -3.71212311e-02 -8.00930977e-02 -5.05882446e-02
  -1.02269973e-01 -1.32342322e-02 -1.32325002e-02 -5.55610661e-02
  -1.01794097e-01 -7.17126191e-02 -3.57607547e-03  4.03415716e-02
  -5.00865793e-02 -1.35494334e-02 -4.72656077e-02  8.03183665e-02
   2.91503216e-02 -6.25748580e-02 -8.45754474e-02 -2.13879474e-02
  -1.71347037e-02  3.53971588e-02 -3.84670205e-02 -5.86791565e-02
  -1.08232022e-01  1.16732151e-02 -6.34950200e-02  6.29838850e-02
  -2.66711561e-02 -6.96731280e-02 -4.87236344e-02  1.79617410e-02
  -5.66181232e-02  4.41190375e-02 -6.44982005e-02 -4.21396466e-02
   6.50299441e-02  1.32231864e-02 -2.64176800e-02 -2.23736359e-02
   9.90602250e-02 -7.41501717e-02 -1.14627618e-01  3.55313925e-02
  -8.65741302e-02  8.73788690e-02 -3.78653010e-02 -5.57150048e-04
  -9.56287863e-02 -7.33731298e-02]
 [-3.44377093e-02  9.83453859e-02 -6.04607540e-02 -4.06242739e-03
  -6.33940450e-03 -3.72576760e-02 -9.29029083e-03  4.98150863e-02
  -7.99819112e-02 -9.99799455e-02 -9.54998750e-02  2.63842906e-03
  -9.86186648e-02  8.59057790e-02  3.02546438e-02  6.62463579e-02
   9.35751261e-02  4.89546171e-02 -2.78891746e-02  1.02214210e-01
   1.03255014e-02 -9.88326705e-02 -6.36722896e-02  5.37559413e-02
  -5.67311264e-02 -4.23301715e-02  1.66861106e-02  3.78169272e-02
  -2.29167332e-03 -5.41231074e-02  8.64189949e-02  9.92821105e-02
   9.14775625e-02 -5.65718344e-02  9.70636618e-02 -9.00113528e-02
   3.15523562e-02 -4.96174889e-02  9.30539180e-02 -4.15360174e-02
  -6.95277703e-02 -2.87109497e-02 -7.07641994e-02 -7.05474829e-02
   4.55027698e-02 -4.23508562e-02 -2.47764488e-02 -6.11741415e-02
  -4.79625301e-02  6.46563823e-02 -3.02744155e-02 -8.56642802e-02
  -9.20703382e-02 -4.14582801e-02  2.90444967e-02  1.11215097e-01
  -4.54841082e-02  2.14361400e-02  7.15940462e-02 -8.51119651e-02
  -2.82848378e-02  2.63692024e-02 -5.00314565e-02  9.25219921e-03
  -1.73776289e-02 -8.37952309e-02  6.15819325e-02 -7.07607716e-02
   7.88555958e-02  7.13215899e-02  4.42798491e-02  2.84036129e-02
  -9.83399470e-02 -9.69864158e-02  3.55219393e-02 -9.74830774e-02
   1.30744508e-02  2.28703930e-02  1.05700836e-01 -2.73049012e-02
  -1.11302178e-01  6.27793150e-02  3.64106280e-02 -9.01544607e-02
  -3.63688587e-02  5.21138301e-03  1.07063448e-01  1.01742386e-01
  -9.35373082e-02  8.73788282e-02  1.96660827e-02  4.34884215e-02
   7.01991707e-02  1.08056990e-01  1.07120384e-02 -1.09774727e-02
  -3.89392955e-02  2.27844090e-02  3.27059694e-02 -8.35702528e-02
  -7.18068647e-02  3.25911239e-02  4.25408662e-02 -1.05993510e-01
   1.28245054e-02 -1.49049046e-02  8.90990159e-02  9.75429987e-03
  -1.21190729e-01  8.29889904e-02  9.77428873e-02  7.79432762e-02
  -6.84707583e-02  8.35075804e-02  1.90912873e-02  7.96001533e-02
   5.37826107e-02  4.42863679e-02 -3.60063393e-02  9.10522150e-03
   7.26109556e-02  1.13027019e-01  2.40289078e-02 -3.50141006e-02
   9.22305813e-02 -3.09889750e-03  4.91318849e-02  9.12279640e-02
   3.90834200e-02 -1.03312364e-01  8.20026664e-02 -4.91246262e-02
  -1.06875494e-01 -3.91295925e-02  6.94861231e-02 -4.05683041e-02
   6.59126605e-02  8.40064115e-03  8.59875044e-02  2.70783326e-02
  -1.92533241e-02 -1.00698065e-01 -1.95950299e-02  9.44258834e-02
   5.38701210e-02  5.12567112e-02 -4.36824814e-02  2.93069780e-02
   1.26699327e-02  7.87227377e-02  7.21233542e-02  7.23382218e-02
   9.42334884e-02 -9.72375905e-03 -2.82144550e-02 -3.14886888e-02
  -6.49641818e-02  2.29998514e-02 -2.42184912e-02 -5.25190575e-02
  -3.12297204e-02 -4.51181787e-02 -3.71275413e-02 -6.75471136e-02
  -3.47327292e-04 -9.78157907e-02  8.68178692e-02 -1.03574941e-01
  -7.97226516e-03 -2.68815311e-02 -4.98612132e-02 -6.75417867e-02
   3.23083590e-02  4.79989685e-02 -7.30712585e-02 -7.47327512e-02
   6.81892714e-02  9.62081865e-02  1.13896496e-02  5.88564172e-02
  -1.03827015e-02  8.73770357e-02  6.77486014e-02 -3.95307437e-02
  -1.06280816e-01  3.89083921e-02 -8.12414706e-02 -2.68293152e-02
  -8.66218609e-03  4.65848913e-02 -9.67088125e-02  7.48464670e-02
   6.63604076e-02 -2.01858854e-02  9.00367538e-02  4.46313811e-02
   5.60260984e-02  1.13125532e-02  7.91089602e-02  1.83896484e-03
   6.29056606e-03 -9.66629458e-02  3.92450084e-02 -2.93453764e-05
  -9.76945974e-03 -9.76707417e-02 -1.42750768e-02 -4.32096696e-02
   1.75466034e-02  9.79878155e-02 -2.92117364e-02  5.03498552e-02
  -1.04399179e-01  7.46768161e-02 -7.96610813e-03  6.65537325e-02
   1.82880080e-02  2.12772652e-02 -1.97532079e-02 -5.90518541e-02
  -7.74687316e-02  3.98771761e-02 -4.06601229e-02  3.04499567e-02
  -3.50573617e-02  1.69320546e-02 -1.13099249e-02  6.67308846e-02
  -5.19195759e-02  3.11009475e-02 -1.12353643e-01 -8.95851878e-02
   2.95796469e-02  1.03921027e-01  4.77412770e-02  6.40773260e-02
   1.07857708e-01  9.68376838e-02 -1.13580049e-01 -6.88493841e-03
   9.52994506e-02  1.53304554e-03 -8.08006158e-03  5.77536251e-02
  -2.18685364e-02 -1.77820845e-02 -6.74723717e-02  7.16041535e-03
   6.59771002e-02 -4.64755614e-02]
 [-6.54176892e-02 -8.64924698e-03  4.33480364e-02 -7.19852171e-02
   1.57831136e-02  1.95664596e-02 -4.52151490e-02 -5.40204816e-02
  -8.98487880e-03 -6.58580895e-02 -7.26021215e-02  9.86749900e-02
  -8.19466417e-02  3.94613498e-02  8.24052196e-02  9.21522195e-03
   6.35557309e-02 -3.50560873e-02 -5.73769173e-02  3.09723380e-02
  -3.48166383e-02 -4.51136677e-02 -4.37898773e-02 -4.06914232e-02
  -2.98218776e-02  1.11489261e-01  3.51562843e-02  1.19388260e-02
   7.32031019e-02  7.54398285e-02 -4.03120067e-02  8.14567907e-02
  -9.83829624e-02  7.20222467e-02  6.74857528e-02  8.58901394e-04
  -6.57991489e-02  3.34888845e-03 -7.55686448e-02 -4.38190287e-02
   5.66406353e-02  6.50480903e-02  1.49182414e-02  4.08856677e-02
   5.46071835e-02 -3.05311186e-02  9.91676995e-02  2.65600665e-02
   4.00961376e-02 -1.03667627e-02  4.11148413e-02  2.31706148e-02
  -5.95514051e-02 -1.50258456e-02 -3.54827066e-02  6.26307795e-02
  -1.87639505e-02 -8.31979668e-02 -7.98893380e-02  1.00589324e-01
   7.14625399e-02 -5.62561194e-02 -7.14005953e-02  3.18946848e-02
  -1.16968541e-02  1.05428121e-01 -8.43858252e-02  4.07459076e-02
  -1.75276969e-02  2.99706675e-02 -3.45943408e-04 -9.37699421e-02
   1.76659412e-03  7.72931139e-02 -5.00314715e-02 -4.36589071e-02
  -7.85662398e-02 -6.66343599e-02  6.09339771e-02 -8.51780697e-02
  -3.38116518e-02  5.53606888e-02 -1.05983945e-01  1.05186258e-01
  -2.52719106e-03 -1.13594724e-01 -8.08604940e-02 -2.08527227e-02
   4.97416119e-02 -1.03430828e-01 -2.28795548e-03  8.53288578e-03
  -6.88668469e-02  9.07379740e-02  5.41932909e-02  6.05666185e-02
  -8.26023141e-03  6.05400990e-02  3.07205639e-02  4.05984472e-02
   3.39240181e-02 -1.00216969e-01  6.77824612e-02  1.09831949e-01
  -4.82825933e-02  3.72250574e-02 -7.42750783e-02 -2.95752513e-02
   5.60542303e-02  1.04909878e-01  2.52158931e-02  2.93277269e-02
  -4.13976002e-02  4.15597232e-02  1.16865862e-01 -5.19084383e-02
  -2.94873640e-02  4.87754775e-03 -7.75861662e-02  9.37020116e-02
  -2.10660062e-02  1.13938490e-01  1.37868854e-02 -8.33257571e-02
   2.65657500e-02  8.40194621e-02  9.20624710e-02 -6.57537933e-02
   5.62135657e-03 -8.50591796e-02  7.07382895e-02 -1.07498448e-01
  -5.45407840e-02 -1.82496175e-02  8.73300679e-02  1.39632023e-02
   8.81324726e-02  4.74576022e-02  3.61285868e-03 -4.00703723e-02
  -3.66762811e-02  7.61176633e-02 -2.54968842e-03 -2.29490398e-02
   9.55807984e-02 -3.27060752e-02 -8.75273812e-02 -6.26398873e-02
  -4.79417760e-02 -4.36089459e-02  5.87291868e-03  3.96546715e-02
   4.24587842e-02 -5.74997768e-02 -2.22388453e-02  5.29592832e-02
  -7.76499927e-02 -1.91744102e-02 -8.10383499e-02 -3.41624736e-02
   8.99850804e-02  9.85750312e-02  4.99632049e-02 -7.69009756e-03
   1.05884868e-01  6.73447166e-02 -1.04916676e-01  1.36213595e-01
  -6.21549221e-03  7.44910873e-02 -1.50194413e-02  1.01139428e-01
   7.38010526e-02 -2.76648780e-02 -4.03741009e-02  4.83564062e-02
  -4.29514647e-02 -1.13975740e-01  5.32793684e-02 -6.34853857e-02
   2.34717588e-02 -1.03320706e-01  2.56322923e-02 -7.05234377e-02
   3.35145579e-02  1.14032167e-02  5.87313046e-02 -4.83844118e-03
   5.35589046e-02  5.49180476e-03  9.37706243e-02  9.04788853e-03
   5.15343204e-02 -2.71037265e-02  9.21081310e-03  4.64348976e-02
   5.74177606e-02  5.77077214e-02  2.31002373e-02 -5.70571060e-02
   5.49094837e-02  2.30477880e-02  2.53661431e-02  1.10148303e-01
  -5.53624432e-02 -1.06864949e-01 -8.12678411e-03  6.14057551e-02
  -1.02262042e-01  5.11782565e-02 -1.47243968e-02 -7.83622675e-02
   7.28319903e-02  1.02960725e-01 -6.65394170e-02 -7.03119966e-03
  -4.68165185e-02  1.09929507e-01  5.46336310e-02 -5.17421766e-02
  -1.72834818e-02  4.88910602e-02 -1.18900640e-01  7.93788500e-02
  -3.94816160e-02 -9.06430615e-02 -3.60392708e-04  2.87573401e-02
  -7.12670027e-02 -8.04584370e-02 -1.10786703e-01 -2.32412813e-02
   4.21811331e-02  1.01888617e-01  9.57165491e-02 -9.58353849e-02
  -1.52432283e-02  9.81016432e-02 -5.40088689e-02  6.49791617e-02
  -2.95829511e-02  7.08251234e-03 -8.70876132e-02 -4.07105141e-02
  -2.23745093e-02  9.98198548e-02 -1.04803910e-01 -1.01922919e-01
  -6.32294255e-02 -2.57172230e-02]
 [ 8.02946962e-02  8.70191767e-02  5.30358422e-02  9.44735860e-02
   7.85836799e-02 -5.31205334e-02 -6.20921754e-02  7.58142639e-02
   8.54614058e-02 -1.06777101e-02 -5.60521483e-03 -6.10890900e-02
  -4.62552875e-02 -5.81633218e-02 -8.25841450e-02 -5.32515976e-02
  -4.89139869e-02 -1.00303260e-01 -2.07664577e-02  6.61546468e-02
   6.18424151e-02  4.28482050e-02 -8.51184843e-03 -1.14103337e-01
  -1.27388838e-01  8.34628067e-02  6.23581388e-03  7.28451813e-02
  -1.83250747e-02  1.82082436e-02 -9.19859988e-02 -1.89594597e-02
  -2.03925086e-02  4.60077186e-02 -6.54320076e-02  9.94496206e-02
   5.91135987e-02  8.04318351e-02  3.26597897e-02  7.53285029e-02
   4.18854593e-02 -5.36504237e-02  8.31100957e-02  7.48148933e-02
   9.42910558e-02  1.31558011e-02 -4.76404799e-02 -7.01811614e-02
   7.60420672e-02  6.05583643e-02 -1.07211156e-01 -3.11742003e-02
   3.26663619e-02 -1.27132728e-02  2.17336222e-02  1.77234287e-02
   4.51448392e-02 -3.38625233e-02 -7.85499823e-02  4.98520215e-02
  -5.06137558e-02 -2.86967137e-02  9.06382103e-02  1.11621948e-03
  -3.07128270e-02 -5.01139715e-02  7.67045677e-02  4.86430716e-02
   1.26713022e-02 -1.80602092e-02 -9.16321717e-02  4.65068884e-02
   2.11332657e-02  7.94285939e-02 -2.38172313e-02  8.69804036e-02
  -5.32551366e-02  8.08457449e-02 -1.23803583e-02 -6.92156830e-02
  -2.92349876e-02  2.70731113e-02  1.11878098e-01 -4.49732028e-02
   2.25615527e-02  8.48069659e-03  5.35311175e-02  1.03411161e-01
   8.96550039e-02  2.58494554e-02  6.03561486e-02 -1.55599172e-02
  -8.37776139e-02 -6.89477741e-02 -8.45060366e-02  9.42816775e-02
  -1.64829752e-03  1.13968259e-01 -1.22565543e-01 -4.69545243e-02
  -6.88744550e-03  7.79052110e-02  1.09857004e-01  8.76626780e-02
   4.26455204e-02 -5.68059956e-02 -5.49106195e-02 -2.26482707e-02
   5.71161198e-02  4.19290600e-02  7.13621666e-02 -7.66185083e-02
  -1.07101094e-01  3.51475491e-03 -2.95238462e-02  4.32688844e-02
  -1.14170979e-01 -3.81927171e-02 -3.95001057e-02  1.00917967e-02
   2.96138821e-02  8.90247220e-02  2.33560467e-02 -9.83846771e-02
   4.77371115e-02 -1.08376223e-02 -6.14330396e-02  1.18555603e-01
  -1.45998649e-02 -6.61666490e-02  2.82466993e-02 -2.84444381e-02
  -4.97689576e-02  9.05732786e-02 -5.11207493e-02 -5.57720884e-02
   6.82244128e-02  1.01536867e-01 -4.21648509e-02 -4.51939710e-02
  -8.19935969e-02 -1.16023106e-01  8.31896601e-02  9.57471967e-03
  -8.72142968e-03  3.11333911e-02 -4.55529794e-02 -4.53792680e-02
   1.67516244e-02 -1.97078928e-02  4.40790765e-02  6.76743072e-02
  -3.97901621e-02  3.88199669e-02 -5.53674831e-03 -9.96032273e-02
   2.74544714e-02 -8.59685180e-02  4.11181662e-03 -2.81992066e-02
  -5.43640790e-03 -6.56337535e-02  8.63895322e-02  3.12664682e-02
   3.77065862e-02 -9.38569367e-02 -5.38022175e-02  6.90427678e-02
  -2.49084865e-02  4.14141744e-02  1.44200492e-02  1.00897764e-02
  -2.23864189e-02  7.64303087e-02 -6.86913174e-02 -3.48071717e-02
   1.20910018e-01  1.66618357e-02 -3.58165972e-03 -8.44557383e-02
   2.49949868e-02 -7.56907476e-02 -2.88932551e-02 -3.88174658e-02
   1.10690495e-01 -2.94304647e-02  6.29616492e-03 -1.01687790e-01
  -1.68431558e-02 -2.96807875e-02  3.65640807e-02 -2.65563835e-02
  -9.65580422e-02  2.38979194e-03  3.69171147e-02  1.72478637e-02
  -1.97028824e-02 -2.84518450e-02 -8.57699396e-02 -8.94687316e-02
   4.31856190e-02 -4.67202190e-03 -6.26012231e-02 -1.03730075e-01
  -2.32356008e-02  1.14223245e-03  7.52987637e-02 -1.32424318e-01
  -5.08487405e-02 -1.00455161e-01 -1.00070999e-01 -5.77546480e-02
  -1.42235654e-01 -1.83625147e-02  3.64066212e-03 -5.38878656e-03
   1.12433198e-01  8.51032157e-02 -4.24899454e-02  4.64404894e-02
  -7.81357582e-02  8.82171652e-02 -1.72655197e-03 -6.03718013e-02
   4.60357270e-02  1.19138138e-01 -4.92871186e-03 -7.48567915e-02
   3.06474453e-02  9.29631999e-03 -4.61053901e-02  2.13182129e-02
  -7.40281910e-02 -5.49761096e-03  2.08413948e-02 -3.17496135e-02
   9.95882471e-02 -4.55160601e-02 -7.45133157e-02 -7.06854812e-02
   8.10867301e-02 -5.05523045e-02 -4.48313600e-02  8.31582916e-02
   1.25335123e-01  8.76982246e-03 -8.33013328e-02 -6.01856436e-02
  -7.26075292e-02  3.98568612e-02]
 [-8.52061245e-04  5.72521041e-02 -1.13305860e-02 -7.12554024e-02
  -1.10282374e-01  6.11897386e-02 -2.48928673e-02 -4.47084285e-02
  -9.82063681e-02  7.10862463e-02 -2.70393110e-02 -9.05265863e-02
   6.11766990e-05  3.37859872e-02  5.42871648e-03  1.82209368e-02
  -4.42892584e-02  1.34858371e-02 -1.29144629e-01 -9.15744596e-03
  -5.10517824e-02  3.14987804e-02 -2.39718209e-02 -7.21547463e-02
  -3.15930796e-02  2.75445717e-02  6.69697357e-02  9.75830720e-02
   7.29648677e-02 -6.57316630e-02 -4.68581070e-03  5.62475202e-02
  -7.97337637e-02 -6.52785245e-02  1.94742187e-02 -6.62314542e-03
   4.29179067e-02 -1.10992582e-01 -1.78740677e-02 -6.27291525e-02
  -8.08701286e-05 -6.67981745e-02 -4.59732922e-02 -1.18586294e-01
   9.08770404e-02 -1.61352098e-02  4.47514176e-02 -9.47735205e-02
  -2.89979176e-02  2.68552643e-02 -9.05311046e-02  3.91452104e-02
   1.29579338e-02  6.82943615e-02  2.17140531e-02 -3.01651975e-02
   9.04820079e-02  8.50571910e-02 -9.07108583e-02 -9.94759410e-02
  -5.36068529e-02 -7.70393300e-02  6.35379314e-02 -1.14648966e-01
  -7.90895593e-02 -4.35672148e-02 -8.72987001e-03 -5.47366722e-02
  -4.54763790e-02  3.68447779e-02  4.82155020e-02  2.92734982e-02
  -3.23087317e-02 -8.91029763e-02 -6.50066760e-02 -1.08569909e-01
   2.52244122e-03  8.59663167e-02 -6.06343364e-02  3.35505731e-03
  -8.72710282e-02 -9.48160338e-02  8.51157653e-02  4.88328340e-02
  -8.57084447e-02 -1.01257908e-01  9.69248877e-02  5.05783478e-02
   2.34059416e-02 -1.16638713e-01  2.36136677e-03 -5.37831952e-02
   2.07922829e-03  2.18477881e-03 -2.74818850e-02 -5.11748946e-02
   7.20043260e-02 -6.38746038e-02 -6.63105444e-02  3.39076993e-02
  -4.36911787e-02 -1.38503913e-02 -8.27171822e-02  3.90566760e-02
  -6.68350757e-02 -6.97512016e-02  9.75034537e-02  4.72570664e-02
   7.61172240e-02 -3.06378601e-02 -1.38283139e-02 -1.03413359e-01
   4.56291380e-02  1.62253325e-02 -6.34782347e-02 -5.38628837e-02
   1.48440276e-02 -1.32821279e-01 -2.63817247e-03  6.09827873e-02
  -9.33217102e-02 -4.91125745e-03 -4.61995719e-02 -4.21348276e-02
   8.30085790e-02 -7.94013489e-02  2.11588128e-02 -2.47218145e-02
  -9.57889811e-02 -4.60638723e-02  4.49677350e-02 -7.54568139e-02
  -9.87323916e-02  4.31136304e-02  5.34356896e-02  7.59548384e-02
   4.58015722e-02  3.30241705e-02  5.70931994e-02 -3.99822854e-02
  -4.22030068e-02 -1.03322525e-01 -6.71542258e-02 -4.97504868e-02
  -2.60849772e-02 -8.52776787e-02 -9.35675461e-02  8.70123703e-02
   2.70751544e-02 -1.11850000e-01 -3.71396296e-02  6.48894530e-02
   9.45711626e-02 -7.27049895e-02 -7.45711590e-02 -1.82209301e-02
  -1.21484667e-01 -6.09982171e-02 -2.82058221e-02  2.45783159e-02
  -8.38542441e-02  3.53233803e-02  8.94965476e-02  8.53301981e-02
   9.86533450e-03  1.03907770e-01  2.60471562e-02 -9.23032131e-02
  -1.54969288e-02  3.31226693e-02  3.23342674e-02 -4.03819253e-02
   4.94439352e-02 -1.34828319e-01  9.10433324e-02  8.22596632e-02
   6.79849472e-02  6.96541338e-02 -1.22875022e-01 -8.84507607e-02
  -1.51604679e-02  7.40265756e-02 -4.77886706e-02  4.20808495e-02
   2.13265182e-03 -1.05910154e-01 -6.57427304e-02  2.58170910e-02
  -2.71972371e-02  1.85183247e-02 -1.81718220e-02 -5.44670747e-02
  -4.89812764e-02  8.13672901e-02  6.74320589e-02 -2.58018060e-02
   1.15695955e-01 -1.07867661e-02 -4.62361691e-02 -6.12657593e-02
  -3.33400827e-02  3.63160742e-02 -7.45700588e-02  6.55488874e-02
   3.42185272e-02  6.79869260e-02  2.57908078e-02  6.86837800e-02
  -1.22845813e-01 -4.07079130e-03  7.36857249e-02 -3.85645799e-02
   1.86666241e-02 -1.26189750e-02 -1.35233844e-02  1.22684087e-01
   4.16888522e-02 -3.81917626e-02 -2.93492488e-02  7.69102341e-02
  -2.55558707e-02 -5.90975605e-02  3.64977663e-02  4.82730244e-02
   8.25596607e-02 -3.50005050e-03 -9.96579203e-02  6.49559079e-03
   6.10706965e-03 -7.49076325e-02  5.80570617e-02  9.20088267e-02
   9.04448658e-04 -2.01373421e-03  3.76604448e-02 -4.76482557e-02
   8.35516385e-03 -2.41300260e-02  3.58048299e-02  2.26106477e-02
  -1.13102343e-01 -6.43148355e-02 -4.64252701e-02 -9.87522389e-02
  -1.30108216e-02  5.17837060e-02 -2.06599265e-02  7.50281847e-02
   5.38471447e-02  5.31426322e-02]
 [-1.10421179e-02  4.96183229e-02 -1.85496617e-02  5.59529251e-02
  -4.57505063e-02 -9.10754630e-02 -2.05344653e-02  2.04935075e-02
  -5.72572169e-02  7.49844599e-02 -4.04078001e-02  8.49793924e-02
  -8.22917659e-02 -1.92576993e-02 -8.11726917e-02  1.69539596e-02
   3.77184156e-02  6.92365043e-02 -8.47761637e-02 -1.01501050e-01
  -9.32598741e-02 -5.09915690e-02  3.72926412e-02 -6.62268659e-02
   7.26195937e-02 -6.24821619e-03  9.10596449e-02 -3.17853350e-02
  -1.51803222e-02 -8.09352502e-02 -6.94376883e-03  2.94482411e-02
  -6.42117579e-02 -3.91999370e-02 -5.28051014e-02 -8.47031326e-02
   1.80303566e-02 -8.15985465e-02 -9.46996859e-02  2.97579401e-02
   8.98660105e-02 -7.09186751e-02 -9.89441394e-02  1.09752314e-01
  -7.63021561e-02  9.35219618e-03 -1.01154874e-01 -1.92065798e-02
   2.84094812e-02  7.21507423e-02 -6.13444558e-02 -3.01406414e-02
  -6.83448340e-02 -4.16275697e-02  1.08790247e-01 -8.37037881e-02
  -1.45475447e-02  9.53262846e-02 -8.29839771e-02  4.94703523e-02
   7.57119451e-02  6.28998129e-02 -6.76975094e-02  8.78940498e-03
   5.51843059e-02 -8.01390293e-02  4.00681239e-03  8.11086200e-03
   8.04905616e-02 -8.03237891e-02 -3.63686817e-02  1.44896164e-03
   3.16704836e-04  5.86503113e-02  9.43950689e-02  3.38378227e-02
  -1.08661961e-01  5.78049021e-02  4.86336833e-03 -9.20127360e-02
  -8.73030559e-02 -8.49521193e-02  2.09753362e-02  7.94505440e-03
   5.46723348e-03  9.03493871e-02  8.39589723e-02  5.57876854e-02
   9.54693956e-03 -1.77396148e-02  2.52322931e-02 -3.05193007e-02
  -2.59357925e-02  5.91059989e-02 -3.07198792e-02  5.15993291e-02
  -3.06750136e-02  8.72511354e-02  6.81315651e-02  6.23119237e-02
   6.61224577e-02 -1.13598223e-01 -2.93367479e-02  2.33133256e-02
  -4.16870540e-02 -9.16130313e-02 -7.20348024e-02  8.45399684e-02
  -4.33885934e-02  7.11290713e-02 -3.35247150e-02 -5.48322157e-02
  -7.87055488e-02  3.10511451e-02 -7.43073125e-02  6.18052729e-02
   5.29322227e-02  9.97159579e-02  1.10469125e-01 -7.33213908e-02
  -7.91261646e-02 -7.38528280e-02 -5.22319908e-03 -8.82270502e-02
   5.03893379e-02  2.82012404e-02 -2.69909040e-02  9.85752706e-02
  -1.08327332e-01  6.89891344e-02  4.35055933e-02 -3.50175427e-02
  -3.47048446e-02 -4.54530960e-02 -8.31429533e-02  5.87140712e-02
   3.27076273e-02 -6.17096236e-02  8.05004894e-02 -1.15582811e-01
   3.97500598e-02  2.30969107e-02  2.54940633e-02  6.25814691e-02
   1.05508202e-02 -7.24636850e-02  1.23635706e-02 -7.59957031e-02
  -4.47229782e-02 -1.00061291e-01 -6.04610603e-02 -1.10956111e-02
   5.66438197e-02 -3.60425809e-02  2.29000491e-03 -2.73037448e-02
   6.95132844e-02 -1.08571036e-01 -4.19762845e-02  5.60679903e-02
   9.44387288e-02  1.21888003e-01  6.92768669e-02 -1.86419760e-02
  -5.37978191e-02  6.52761242e-02  1.04568265e-01  7.03093804e-02
   9.23646455e-02 -9.26695973e-02 -8.65968487e-02  5.32624384e-02
  -1.03007844e-01 -6.45936417e-02  1.34270818e-02  9.26934936e-02
  -8.86478745e-04 -4.89190815e-02  3.21438481e-02  1.11021487e-01
   9.64658942e-02  6.05541535e-02 -1.90130517e-02 -6.20833000e-02
  -1.01720834e-01 -4.78725416e-02  1.51371075e-02 -3.22154539e-02
   4.03190839e-02 -3.92422629e-02 -3.96467088e-02 -6.37718621e-02
   3.38397614e-02  1.05153775e-01 -4.12838664e-02  2.71850481e-03
  -4.77550115e-02  4.03329171e-04  3.94786144e-02 -5.47715595e-02
  -6.97275964e-02  1.87197365e-02  7.61302287e-02 -2.78389282e-03
   6.03425852e-02 -2.41201720e-02 -9.33553487e-03 -5.47667965e-02
  -1.74967782e-02  7.85534458e-04 -7.60777828e-02 -1.01932483e-01
   5.80143228e-02 -6.69553948e-03  1.08613166e-01 -5.42633009e-02
  -2.92652600e-04 -1.04731236e-01 -2.18596135e-02  6.34296361e-02
   1.20660685e-02  4.13540871e-02 -2.34833660e-03 -3.23598180e-02
  -8.54638784e-02 -2.88119390e-02 -6.73093745e-02 -5.23179544e-02
   4.20619745e-02  1.10295390e-01 -4.11835192e-02 -1.11994050e-01
  -1.01049560e-01 -5.10880199e-02 -1.01721604e-01  7.15706555e-02
   4.56328989e-03  8.56827917e-02 -3.70674892e-02  5.69663668e-02
   3.55027016e-02  6.85664695e-02  4.73518235e-02 -5.67281940e-02
  -3.65319233e-02  2.78576543e-02 -2.78613188e-02 -8.62711550e-03
  -8.76064663e-02 -7.80366763e-02]
 [ 7.57656202e-02  8.34449000e-02 -1.94621659e-02 -6.88025120e-02
  -8.09556047e-02 -7.19569341e-02 -1.15150581e-01 -5.48423469e-02
  -3.37367098e-02  2.16352008e-02 -6.30372149e-02 -4.58756318e-02
   3.73911866e-02 -3.90145296e-02 -9.33010192e-03  4.63555768e-02
  -3.85169676e-02 -5.55986595e-03  6.95814482e-02  8.45449672e-02
  -6.32073268e-02 -6.32979152e-04 -7.10754076e-02  9.58297625e-02
  -4.43620447e-02 -5.69318868e-02  4.91405154e-02 -1.16061102e-01
   9.61170400e-02 -6.49306716e-02 -2.97925677e-02 -4.14810360e-02
  -7.12247053e-02 -2.32110546e-02  1.06416640e-01  3.29976686e-02
   1.52551224e-02  5.37202990e-02  2.31227693e-02 -5.45440574e-03
  -6.35042818e-02  2.60455153e-02  8.24245622e-02 -1.87680766e-02
  -1.02197221e-02 -4.48243145e-02 -3.69031826e-02  6.16063332e-02
   9.26566691e-02  5.04219212e-02  1.06163818e-03  4.48047780e-02
   5.13581600e-02 -8.85746063e-02 -2.38531076e-02  1.19070589e-01
  -4.85972586e-02  1.08397783e-02  2.92139834e-02  1.19683451e-02
   1.52816467e-02 -1.02199052e-01  4.34892627e-03  7.65693080e-02
  -8.06506914e-02  7.57274919e-02 -1.10003703e-01 -3.46086781e-02
   1.03489164e-01  1.14891497e-03 -4.52935231e-02 -8.91643937e-02
   2.38099577e-02 -3.64243625e-02 -9.14953305e-03  1.25383817e-02
   5.72901036e-02 -2.28111298e-02 -1.15550172e-02  4.98132556e-02
   9.27679584e-02 -1.46381208e-01  3.14227177e-02 -7.65358004e-02
   9.02305768e-02 -3.64418260e-02 -2.23025348e-02  1.15141097e-01
  -2.35123400e-02 -3.51293879e-03  4.73010007e-02 -9.37831008e-02
   4.29470804e-02 -5.20349843e-02 -1.62550720e-02 -1.27934864e-02
  -7.88872483e-02  7.09705240e-02 -1.13499938e-01 -1.40852246e-02
   8.31468364e-02  5.45602451e-02  3.05161827e-02 -8.95046973e-02
  -2.66595200e-02  3.17187928e-02 -2.87234243e-02 -1.22033382e-01
  -6.36952422e-02 -1.03255410e-01 -7.03024550e-02 -3.62498633e-03
   2.43722305e-02  8.39019271e-02  8.92988072e-02 -1.44586377e-02
   4.64776335e-02  2.45918606e-02  3.71646052e-02  1.56698211e-02
  -6.83468289e-02  1.63047898e-02 -3.81032798e-02  5.92799235e-03
   2.83138991e-02  3.91159950e-02 -6.09785330e-02  9.28545492e-02
  -2.31736346e-02  1.99229217e-02  1.08272410e-01  1.65414946e-03
   4.40843945e-02 -4.67664841e-02 -6.65479477e-02  2.44155763e-02
   5.31399177e-02 -6.67630616e-02  1.50552489e-02  9.69710171e-02
   6.97628364e-02  6.54526265e-02  6.83167019e-02  7.43788389e-02
   2.26250636e-02 -1.05615530e-01 -1.12616524e-01  5.70374217e-02
   6.05785225e-02  6.69155822e-02  4.47193831e-02 -8.52332776e-02
  -9.35575470e-02  5.87002694e-02 -3.88955947e-02  3.12473624e-02
  -7.99134387e-02 -8.86138095e-02  1.01673523e-01 -3.71367367e-02
   1.46855338e-02  3.90662468e-02  8.84255184e-02 -4.45850907e-02
   2.91743941e-02 -3.70303455e-02  6.59512119e-02 -3.34325567e-02
   1.86695111e-02 -2.82429788e-02  2.27780208e-02  2.81207843e-02
   5.26879000e-02  1.58954888e-02  5.12384511e-02 -4.29963856e-02
  -8.65930521e-02 -7.31721161e-02  1.21653184e-01 -2.20072651e-02
  -9.94669121e-02  9.57795717e-02  2.94661512e-03  5.24321619e-02
   9.47946673e-02  2.45197117e-02  7.51772207e-02 -1.48249851e-02
  -3.28019573e-02  5.40295284e-02  3.91568184e-02  4.48636381e-02
  -2.00725858e-02 -7.24250452e-02  4.67239583e-02  5.64535049e-02
  -8.76562040e-02  5.22278094e-03 -2.27150904e-02 -9.84413925e-02
  -3.44232840e-02  5.07488152e-02 -5.15493230e-02 -1.30556881e-02
   3.31323697e-02 -1.02460144e-01  3.86066845e-03 -1.02375015e-01
  -9.01687119e-03  4.01800815e-02 -1.06333673e-01 -8.16027607e-02
   4.26141743e-02 -7.10408981e-02  5.20038014e-02  8.30400155e-02
   7.09917835e-02 -8.73370902e-02 -6.44643892e-02  3.90158251e-02
  -1.19846764e-02 -9.70151418e-02  5.98462105e-02  4.78777154e-02
  -8.77376973e-02 -7.62441563e-02 -1.04808948e-01 -1.22772249e-01
   4.38601394e-02 -6.91189447e-02  7.35671585e-02  1.56956186e-02
   1.42873945e-02  9.63385127e-02  4.65581724e-03  6.09574160e-02
   9.50689257e-02  7.60488126e-02  8.24910445e-02  4.97255099e-02
  -1.01117394e-01 -3.47692809e-02  3.99831740e-02 -6.37032425e-02
   1.08299369e-01  1.32397007e-01  3.06885582e-02 -5.09467486e-02
   5.80437749e-02 -6.50619527e-02]
 [ 5.46148135e-02  6.47226300e-02  7.47818733e-02  1.14797717e-01
   1.49764879e-02 -9.50273927e-02  1.09587701e-01 -7.27376396e-02
   1.09474254e-02  6.27466740e-02  1.00887012e-01 -1.01936621e-01
   4.89495128e-02  4.76117734e-02 -7.09058809e-03 -3.28598838e-02
  -5.38655010e-02 -1.05082183e-01  7.67950063e-02 -9.98644290e-02
   2.57491977e-03  4.28877111e-03 -3.08010655e-02 -9.79302042e-02
   7.84757799e-02  1.29141079e-01  5.14915501e-02  7.56179974e-02
  -7.62216335e-02  6.86120234e-02  4.78310910e-02  8.45445069e-03
   6.01374913e-02  6.47358627e-02 -8.40310318e-02 -4.78447691e-02
   5.40679921e-02  2.28735474e-02  2.08984779e-02  2.60376945e-02
   2.05286627e-02  7.25411716e-03 -3.82197279e-02 -7.28069472e-02
  -7.96939575e-02 -7.00913400e-02 -7.68427882e-02  1.12662947e-01
   7.34394141e-02  7.37924948e-02  5.89676402e-04  1.04681040e-01
  -6.32983781e-02  5.19713502e-02  9.25431167e-02  9.77766278e-02
   3.16677357e-02 -6.98918874e-02  2.90138207e-02 -8.72047544e-02
   9.45956447e-02 -2.65501403e-03 -5.54764849e-02  5.37138892e-02
  -1.52578243e-02  7.96436344e-02  7.19419896e-02  5.79128154e-02
   1.01364268e-02  1.72322259e-02 -4.42119601e-02 -4.00535853e-02
  -2.34675865e-02 -7.37380614e-02 -3.43628697e-02  6.83881106e-02
   5.97725595e-02  4.91313789e-02 -6.34112157e-02  5.75782937e-03
  -1.80874026e-02 -5.63427704e-02  8.17405315e-02  9.57758348e-02
  -1.13276481e-02 -9.05788027e-02 -5.17824930e-02  1.64842849e-02
  -4.58840632e-02 -9.82898722e-02 -7.03878523e-02  8.43725482e-02
   5.31283648e-02  9.50601162e-02  1.04933645e-01 -1.56843188e-02
   6.26864839e-02 -1.86734458e-02  4.27060042e-02 -4.30456009e-02
  -6.84014264e-02 -6.93691384e-02  5.08781819e-02 -6.69939086e-02
   2.61353950e-02  5.54048498e-02 -7.72365101e-02  5.46025025e-02
  -1.02523417e-01 -1.12784402e-01 -1.09895873e-01  3.92014509e-02
  -1.14531080e-02  6.55565856e-02 -4.90583233e-02 -3.80212140e-02
   3.82075706e-02  4.58379206e-02  5.82383085e-02 -3.58599622e-02
   3.08901903e-02  5.94071151e-02 -6.07509845e-02 -8.52759423e-02
  -1.15793050e-02 -8.27074835e-02 -6.00089285e-02 -6.23209417e-02
  -7.40122070e-02  1.78756555e-02 -1.79090009e-02 -8.59665797e-03
  -3.18653933e-02 -5.87637419e-02  1.71863648e-02 -8.49616154e-02
   9.11090568e-02  3.95681295e-02 -3.82506648e-02  9.34645414e-04
   8.59233848e-02 -2.60428013e-02  9.75321505e-02  1.09499823e-02
   6.13590144e-02 -6.07872467e-04 -8.89106702e-03  1.07183932e-01
  -6.87192230e-02 -1.09854654e-02 -4.05569060e-02  5.49475551e-02
   8.64571516e-03  7.80482500e-02 -1.09781061e-02  1.24517238e-02
   7.99252788e-02 -3.93376558e-02 -6.65662343e-02 -4.18195484e-03
  -1.54316010e-02  6.48085229e-02  5.16516121e-02 -2.36896780e-02
   5.11636547e-02 -7.57603524e-02  5.62225916e-02  4.09671187e-02
   8.59785201e-02 -3.68849359e-02 -1.78566603e-02  1.03935045e-01
   9.12492844e-02 -9.12988954e-02  2.17274376e-02 -5.71864369e-02
  -5.44818942e-02  8.58907499e-02 -9.39944999e-02 -1.46412880e-02
  -3.89064033e-02 -8.87812171e-02 -4.99781454e-02  9.26448487e-02
   7.27360263e-02  3.16380130e-03 -5.00336722e-02 -9.05396640e-02
  -1.35310213e-02 -6.81016096e-02  7.58954987e-02 -1.14518970e-01
  -4.80482352e-02 -3.15203326e-02  6.18364714e-02  6.66374788e-02
   5.23162288e-02  1.08481488e-01  3.12059040e-02 -9.08942912e-03
   1.64155873e-02  4.76651628e-02 -2.00248525e-02 -1.32663099e-03
  -4.23063884e-02 -3.34243098e-02 -4.04719947e-02  1.52465189e-02
   1.00561095e-01  5.34732069e-02  3.11546171e-02  4.96569325e-02
  -1.34774941e-01  9.37110728e-02  4.40293917e-02  5.15561636e-02
   1.76010290e-02 -1.17963319e-02  9.08563037e-02  6.98149637e-02
  -4.35020441e-02 -6.65791273e-02  7.74362440e-03  3.17444026e-02
   1.81552345e-02  1.93468435e-02  8.02968328e-02  1.51532295e-02
  -9.81611417e-02  6.89048355e-02 -6.73548646e-02 -1.00864908e-01
   9.36486576e-02 -9.80164699e-02 -1.29418593e-01  3.41040442e-02
   7.42166425e-03  7.26148312e-02  1.81002746e-02  2.16688869e-02
  -6.39394583e-02 -1.15448821e-02 -1.07315425e-01  9.14269995e-02
   8.96369139e-03  9.94992158e-02  2.32873104e-02 -1.12048868e-02
   9.65557032e-02  2.40677898e-02]
 [ 1.91585947e-02  7.02836412e-03  3.79122110e-02 -7.30177464e-02
   5.86037087e-02 -5.08041068e-02  6.77157948e-02  4.94351301e-02
   8.72262479e-02 -5.49066514e-02  5.90806954e-02  8.87797986e-02
   1.58591328e-02 -7.07559612e-02 -4.68365362e-02  1.31184233e-01
  -3.76716777e-02 -1.23264798e-01  1.31266259e-02 -4.25158035e-02
   3.90953669e-02 -1.71455465e-02  4.76733437e-02 -4.48968791e-02
   2.18864985e-02  2.04235197e-03 -1.12028628e-01  1.74790814e-02
  -7.55277765e-02 -1.10844872e-01  9.05533198e-02  7.10285517e-02
   2.70684968e-02 -1.20646440e-01 -9.37246392e-02  1.73466259e-02
  -2.00932236e-02 -6.83816742e-02 -4.20137003e-02  7.99568897e-02
   9.60368039e-02  6.12710400e-02  3.30051434e-02  8.55240914e-02
  -8.06471868e-02  2.97613897e-02  1.25953502e-02  2.76673102e-02
  -4.03937221e-04 -2.62562062e-02  6.65900035e-02  3.31173644e-02
   7.54627603e-03 -6.71647620e-02 -1.21965915e-01 -6.11752093e-02
   2.95228736e-02 -7.53254854e-02 -3.96211480e-02  4.24188029e-02
   2.63754670e-02 -1.05198800e-01 -5.08983397e-02 -5.12337950e-02
  -3.69343961e-02 -7.15037438e-02 -1.42371679e-03  7.57414343e-03
   8.72853670e-02  8.82157054e-02 -8.15811056e-02  7.07427119e-02
   7.18318588e-02  5.69731619e-02 -4.40919381e-02 -1.51049150e-02
   9.27397681e-02  1.16291847e-02 -6.00302991e-03 -5.67746814e-02
   4.43855492e-02  2.01085078e-02  7.60460030e-03  5.20774951e-02
  -2.50788716e-02 -1.15296819e-01  1.40004786e-01  2.89237636e-02
  -2.80952858e-02  8.13031527e-02  5.38586173e-02  2.31367103e-02
   1.04742535e-01 -8.06794788e-02  1.20809870e-01  9.07414355e-02
  -8.22751389e-02  1.41307509e-02  9.76024617e-03  1.05820736e-02
   3.60120000e-02  2.83657686e-03 -9.00992677e-02  4.41072915e-02
  -8.91588318e-02 -1.02360010e-02 -6.48059710e-02 -2.19311719e-02
   4.56178141e-02 -2.44239613e-02  6.30822032e-02 -2.62335982e-02
   9.06153934e-02  1.16974794e-01 -2.20452974e-02 -6.13720689e-02
  -5.68036333e-02  2.41640097e-02 -8.12417213e-03  2.31607525e-02
   5.44267617e-02 -8.55001368e-02 -9.36916507e-02  1.73953490e-02
  -7.47177400e-02 -5.99058162e-02  5.13832035e-02  7.20307369e-02
   2.32248786e-02  4.03856378e-03 -1.04657770e-01  3.66718991e-02
  -8.06287333e-02 -8.65972815e-02  1.93005593e-02  5.26994366e-02
   9.09165528e-02  1.17125097e-02 -3.69959217e-02  4.37038887e-02
  -3.18888123e-03  3.96553760e-02  3.40765504e-03  5.66956893e-02
   6.60097831e-02 -1.18847086e-02 -6.40111866e-04  1.05436899e-01
   6.53863129e-02 -4.38922295e-02  2.71307060e-02  4.77467435e-02
   1.24766247e-01  1.71981024e-02  3.96864091e-03 -1.96423885e-02
  -1.55701775e-01  4.16796202e-02  6.99772307e-02  2.06617594e-02
   4.72744336e-02 -1.63822495e-02 -8.90638174e-02  3.40605927e-02
   8.48058315e-02  3.71686254e-02  3.86322378e-03  4.89200679e-02
   6.45431486e-02 -1.29572076e-01  2.61909441e-02 -7.94708077e-02
   8.92579019e-02 -7.59537352e-02  1.02242356e-01  6.90407361e-02
   2.06072139e-02 -4.71673159e-02  6.59997697e-02  4.44061454e-02
  -6.44201182e-02 -2.88655937e-02 -5.38251752e-02 -3.61525217e-02
  -5.47796422e-02  2.17632633e-02 -8.35742992e-02  1.30236518e-01
   9.84446654e-02  3.79152703e-02  9.11858120e-02  6.48559764e-02
   9.07153828e-02 -3.84978942e-03  4.36129317e-02  2.46411819e-02
   8.03258285e-02  2.34442520e-02  1.07079573e-03 -1.54040174e-02
   7.70391999e-02 -3.34984687e-02 -2.60909732e-02 -1.10243782e-01
   7.77466710e-03  1.11086372e-01  7.59648593e-02 -1.03625168e-01
  -8.87493436e-02 -6.62346817e-03  8.47386428e-03 -6.89084852e-04
  -7.28653600e-02 -7.61600617e-02 -5.85464172e-02  6.18364957e-02
  -1.87349778e-02 -7.69034637e-02  1.15181254e-01 -7.29183710e-02
   1.63266010e-02  4.70332958e-02 -4.58036906e-02 -1.31090232e-02
   7.72388715e-02  9.36150801e-02  5.77386589e-02 -7.67016631e-02
   2.22925647e-02  6.59953630e-02 -3.21696291e-02  2.24802239e-02
  -1.78590565e-02  3.33078582e-02  2.60746207e-02  1.54027477e-01
   9.91795945e-02  9.35177858e-02  2.90977780e-02  2.51033736e-02
   1.07159657e-02 -3.53014693e-02 -2.92768738e-02 -4.67251931e-02
  -5.45328140e-02  5.25876001e-03  7.83393417e-02 -8.20241702e-02
  -2.23368585e-03  3.16372451e-02]
 [ 6.54798026e-02 -7.67477614e-03  3.83894708e-02  9.42402792e-02
   6.47159111e-02  4.10632701e-02 -1.11295015e-01  6.77032726e-02
   8.26377821e-02 -1.00300008e-01  5.02271258e-02 -1.56606700e-02
   6.16553068e-04  2.64613122e-02  7.35093984e-02  1.22379819e-01
   3.65248454e-02 -6.99714110e-02 -7.04346366e-02 -6.13574755e-02
  -7.37019484e-02 -9.12703300e-02 -5.16485129e-02  8.58898548e-02
  -1.05114750e-02 -3.57042741e-02 -5.91029138e-03 -8.34779526e-02
   8.16591921e-02  5.00477478e-02  5.92743540e-02 -2.80653128e-02
   2.27110637e-02  5.85771178e-02  5.13140752e-02  7.59627130e-02
  -6.47685324e-02 -4.13619014e-02 -5.13118230e-02 -7.76895522e-02
   1.04742731e-01 -1.90350296e-02 -4.80103660e-02 -9.79959556e-02
   5.21427186e-02 -3.25219632e-04  9.64238175e-02  1.00794326e-01
  -4.76758407e-02  3.57417353e-02 -8.88375097e-02 -2.74195538e-02
   2.72925378e-02  5.68013095e-02  2.88680349e-02  2.41430275e-02
  -1.02541433e-01  4.79696888e-02  7.29454017e-03 -6.87227451e-02
   2.92694558e-02 -4.99596546e-02 -5.55175796e-02  6.65190465e-02
  -7.37645805e-02 -7.76763687e-02 -8.22275590e-02 -3.43863063e-02
   9.71166519e-02 -2.48202608e-02  5.59805041e-02  1.77771198e-02
   6.29068445e-02 -7.90574539e-02  4.64836509e-02  5.37223856e-02
   7.33130205e-02  7.19764275e-02 -9.94576027e-02 -7.23804483e-02
   7.39183705e-03 -8.06682307e-02 -5.94489784e-02 -7.22240463e-02
  -6.06947216e-02  2.85616804e-02  6.79645142e-02 -1.07894576e-01
   6.94093414e-02 -5.75608087e-02  7.05090839e-02  8.39290839e-02
  -7.25654557e-03 -3.02895225e-02 -2.97676227e-02  3.87684233e-02
   5.29128320e-02  4.17115676e-02  1.50188978e-02 -9.59155828e-02
   6.07851943e-02 -3.98996098e-02  2.76006372e-02  1.18425872e-01
   5.14799734e-02  7.25550831e-02  2.90828428e-02  1.71334518e-02
   2.12301540e-02  5.15405357e-02  5.08821617e-02  7.87500939e-03
  -1.03176304e-05 -1.81101969e-02 -6.72664768e-02  1.33576206e-03
  -3.72880199e-02  4.20165127e-02  9.82159934e-02  8.60532526e-02
  -4.39897959e-02 -3.22469778e-02 -1.02468827e-01  7.09310183e-02
  -5.72535391e-03  3.23567039e-04  8.55829269e-02  7.52578292e-03
  -8.10198966e-02 -3.34566163e-02  1.41628561e-02  7.27279726e-02
  -4.21817191e-02  8.59205845e-02 -8.76582644e-02  1.26547186e-03
  -1.96349058e-02 -1.85403635e-02 -3.38613734e-02 -3.36073023e-02
   5.12693232e-02 -8.66061400e-02  2.45702976e-02 -3.33740565e-02
  -1.02785974e-02  1.31510740e-02  7.39346063e-02  5.90680219e-02
   2.07767154e-02 -6.98985151e-02 -3.52179721e-02 -1.05249778e-02
   8.12993212e-02  6.70901456e-02 -9.45498767e-02 -1.25879957e-02
   1.03751271e-01 -1.19983323e-02 -9.14976261e-02  1.32609070e-02
   9.13422804e-02 -5.77344996e-02  3.48015434e-02  5.63153853e-02
   3.04293583e-02  1.19310317e-01 -4.64926187e-02 -8.99788898e-02
  -3.02677954e-02  2.75336891e-02 -6.29056606e-02  6.06002681e-02
   7.30536029e-02  1.02519119e-01 -7.14654380e-02 -2.61872393e-02
  -5.27756225e-02 -2.69251570e-02 -8.79405878e-02 -7.92144214e-02
   6.71308373e-02  1.39862992e-02  5.69232247e-02  3.18516692e-02
   6.21764689e-02  5.13126586e-02  1.01672585e-01  1.10073529e-01
  -8.44515306e-02  9.43596827e-02  4.50421862e-03 -4.14161340e-02
  -2.07379429e-02 -1.01773091e-01  3.43691226e-02 -1.15914916e-01
   1.86100173e-02 -2.62529348e-02  5.67879359e-02  5.98382666e-02
  -1.90622527e-02  8.09102970e-02 -8.68806408e-04 -9.58009909e-02
   4.78669909e-02 -1.10152142e-01  1.13507271e-01  8.82372021e-02
  -6.87558698e-02 -4.49187785e-02  5.53818488e-02  3.26547114e-02
  -5.42096839e-02 -1.07814240e-02  7.03014545e-02 -2.26383625e-02
  -5.85719234e-02 -3.16512156e-02 -3.23119633e-02 -1.24022020e-01
   5.94709824e-02 -5.59249962e-02 -8.26732625e-02  6.60266642e-02
  -5.87888739e-02  1.02750278e-01  2.65522467e-02 -7.30480701e-02
   8.39369947e-02  1.14254043e-01 -3.60697127e-02  1.66026747e-02
   8.03453664e-02  8.17332437e-02 -8.82177998e-02  1.08196368e-01
   4.95705779e-02 -8.49244317e-02  3.28176441e-02  9.15954384e-02
   7.59994130e-02  5.78421373e-02 -8.13232548e-02  5.58607179e-02
   5.68062891e-02  2.80630286e-02  3.67958676e-03 -1.23728431e-03
   3.94285464e-02 -5.40426360e-02]
 [-8.88647855e-02 -1.19979505e-01  8.71571816e-02  8.27434946e-02
  -4.57578598e-02 -3.98134412e-02 -9.68875103e-04 -2.07847455e-03
  -1.16389037e-01  1.04099212e-01  6.27759707e-02 -5.50291272e-02
  -2.85063122e-02 -1.20822496e-01 -9.01583733e-02 -8.95035405e-02
  -1.39959096e-02 -5.89493547e-02 -5.07835138e-02  4.53031833e-02
   5.86870273e-02 -2.52369829e-03  4.57904086e-02  9.63141183e-02
   2.62333704e-02  2.74935181e-02 -8.13546256e-02 -1.88427174e-03
   2.49045595e-02  9.64898409e-03 -3.84324277e-02  5.43007897e-02
  -1.00355933e-01  9.88755393e-03  5.79863707e-02  1.81330102e-02
   3.67731469e-02  2.18290522e-02 -1.14217129e-02 -8.95340927e-03
   2.35220338e-02  3.81696952e-02 -6.18121393e-02  1.31924413e-01
  -4.93678296e-02  5.78791321e-02 -7.49345251e-02  5.47793751e-02
  -3.67686448e-02  1.53933262e-02 -9.33223692e-02  4.03016382e-02
   8.99864430e-02 -6.88701713e-02  7.25008771e-02 -5.24116498e-02
  -2.88318030e-02  1.05338735e-01  6.22856657e-02 -6.88823737e-02
  -1.15952881e-01  7.56183752e-03 -4.66062446e-02 -9.21767500e-02
  -6.02263547e-03 -5.92792391e-02  1.04162849e-01 -1.16916477e-01
   4.67880077e-02  4.60042852e-02  3.39820348e-02 -8.82642552e-02
   9.77997147e-02 -2.46885559e-02 -6.72669727e-02  1.02173980e-01
   1.02608557e-02 -5.46895291e-02 -5.34156667e-03  9.23843036e-02
   6.73225269e-02 -1.28258758e-02 -7.86714679e-03 -9.68550965e-02
  -3.43917838e-02 -9.92073302e-02  1.09736034e-01 -5.79023015e-02
   3.38760993e-02 -7.38616698e-02  7.53711495e-02  3.49069515e-02
  -9.17636605e-02  4.98731027e-02 -7.79201825e-02 -4.31358710e-02
  -1.94795027e-02 -4.58319580e-02  7.95837922e-02  3.12077049e-02
   5.30393840e-02  1.00041578e-01 -1.04934811e-01  8.56391833e-02
  -6.14486875e-02  7.20077450e-02 -2.57198789e-02 -1.21844329e-01
  -8.11364208e-02  5.26772470e-02  1.73418682e-02 -1.05911068e-02
   1.31176772e-02 -5.63701330e-02 -2.85680056e-02 -3.48597075e-02
  -8.34970497e-02 -8.27240824e-02 -4.22199532e-02  4.17787417e-03
   8.03653001e-02 -5.15787181e-02  8.67510451e-02  6.24253491e-02
   8.76501652e-02 -5.62270050e-02  6.83761182e-02  8.67287386e-02
  -8.14224827e-02 -2.75550400e-02 -3.28251534e-02 -3.37156108e-02
   6.42966918e-02 -1.38281692e-02  1.11812083e-01 -1.09704356e-02
  -2.91270586e-02 -4.43575306e-02  4.12684012e-02  4.07887545e-02
  -1.13779979e-01  1.94527497e-02 -3.91380270e-03  1.76335544e-02
   1.11380577e-01  5.93439931e-02 -1.28672988e-01  1.98568433e-02
  -3.11180050e-02  1.02626960e-02 -1.18319692e-02 -9.20024738e-02
   5.87077609e-02  1.14956443e-01 -8.03194178e-02  3.68585383e-02
  -6.98197733e-02  4.79031663e-02 -6.44558690e-02  7.61188844e-02
   8.58447791e-02 -3.57867313e-03 -9.52736661e-03 -3.48815487e-02
   3.38132765e-02 -8.28952057e-02  1.79225958e-02  2.71839596e-02
   2.93300516e-02 -4.29842115e-02 -6.52349928e-02  8.34656879e-02
  -3.26433149e-02 -8.86426800e-02  5.07249107e-02  1.09395046e-01
   1.18301188e-02  6.86371700e-02  7.87284307e-02 -7.07668259e-02
   3.72716811e-02 -1.07238775e-01  2.98355125e-02  1.67371077e-02
   4.99692033e-02  8.32435840e-03 -1.02613996e-01 -1.07902400e-01
  -4.69330978e-02  4.28609523e-02  1.03409866e-01 -7.31929298e-02
  -6.91202029e-03 -1.02764539e-01  5.66333752e-02 -8.94256360e-02
  -9.84334595e-02  1.69199744e-02  6.06645144e-02  4.83884048e-02
   2.13741370e-02 -5.89887431e-02 -3.62295462e-03 -4.92752963e-02
  -5.14097688e-02 -6.28378992e-02 -4.63294996e-02 -3.51715147e-02
   5.37094172e-02  1.75987083e-02  1.85116254e-02  1.73533063e-02
   1.42901990e-02  8.50819907e-03 -1.93068465e-03  8.21025020e-02
  -9.43135792e-02  4.53352623e-02 -2.03895046e-02 -8.31748452e-03
   1.48468204e-02  1.31558536e-01  7.50949755e-02  5.39996685e-02
  -1.44235206e-02 -1.02939625e-01  1.43569607e-02  6.00999869e-02
   5.89956597e-02 -2.82872452e-02  5.74415825e-02 -6.40577209e-02
  -3.57581652e-02 -5.35203502e-03  5.62420811e-03 -2.34842209e-03
   3.47498539e-02 -7.61552407e-02 -6.48050112e-02  7.73928757e-02
   7.53588212e-03  4.57067988e-02 -4.87240199e-03  7.96532996e-02
  -7.31141592e-02  5.83198481e-02 -4.39780589e-02  5.91607868e-02
   5.80816145e-02 -6.66097934e-02]
 [-1.70970534e-02 -4.72432532e-02  7.64301831e-02  9.67546247e-03
  -1.02237920e-01 -1.89569283e-02 -1.14818647e-02 -1.86713942e-02
   3.71204666e-02 -4.68799644e-02  7.34334439e-03  1.03220171e-01
   9.73247344e-02 -3.24316332e-02  2.54883323e-02  4.94994415e-02
   1.89770620e-02  9.79282545e-02 -1.01813743e-01 -3.38631068e-02
  -1.76584990e-02  8.40661440e-02 -6.11587245e-03 -9.47313052e-02
  -1.01759875e-01 -3.74031025e-02  6.15888102e-02  6.55176555e-02
   3.84693200e-02  1.41755212e-02 -9.45171164e-02 -2.62470613e-02
   8.99234564e-02 -8.01407783e-02  3.36364493e-03 -6.97194352e-02
  -9.01871495e-02 -2.25737779e-02 -3.35298523e-02  9.77344442e-02
  -7.63626673e-02  1.10464746e-01  9.99023428e-02  1.24149566e-03
   7.64852797e-02  6.93865654e-02 -5.43490038e-02  7.25362766e-03
   5.97898905e-02  5.09482426e-02 -4.81119708e-02 -3.44906055e-02
   6.83344820e-02 -9.45063564e-02 -4.68169194e-02 -5.73471313e-02
  -8.27225806e-03  5.20159032e-02 -4.27226050e-03 -8.14699453e-02
  -9.16758997e-02 -4.52914118e-02  4.60796885e-02 -6.85787826e-02
  -8.57440567e-02  4.21399688e-02  9.29329614e-02 -1.15965712e-01
  -1.03700012e-03 -3.82003563e-02 -7.71187977e-02 -7.73324736e-02
  -4.83839836e-02 -3.42171636e-02  6.42438733e-02 -6.71689685e-02
  -2.55234014e-02 -1.98085473e-02  1.91495759e-02  1.05918269e-01
   1.10283055e-02 -4.95136563e-02 -4.40255498e-02 -1.96075014e-02
   6.96929390e-02  9.85745483e-03  7.86753284e-02  2.56408792e-02
   5.90339137e-02 -1.10531141e-01 -9.60804689e-02 -7.97217396e-02
   1.47603430e-01 -2.30729948e-02 -5.06167040e-02  9.55234610e-02
  -6.86450518e-02 -8.42748325e-02 -2.87701397e-03  1.14581317e-01
  -6.41032258e-02 -3.10327227e-02  2.97090686e-02 -4.91094752e-02
   5.56381631e-03 -2.16133457e-02 -9.43564791e-02 -3.51251093e-02
  -1.01329359e-01 -8.31990712e-02 -1.08990513e-01 -7.78555001e-02
  -9.06503113e-02 -3.37030469e-03 -7.29140897e-02 -9.49412596e-02
  -6.29693755e-03  9.55816375e-03  8.33862155e-02  4.79432433e-02
   1.33549806e-01  6.09490505e-02  1.05974832e-02  7.23085002e-02
  -8.18959875e-03  5.23214267e-02  9.26292802e-02  3.38336868e-02
   1.08426573e-01 -1.24029109e-01 -1.38969438e-03  1.09067136e-01
   5.51604695e-02 -2.67923559e-02  1.89417713e-02 -1.91448762e-02
   7.38712398e-03 -2.00779277e-02  1.23827244e-02 -2.56726395e-02
   7.36999651e-02  3.85431154e-02  1.25846831e-02  3.88093109e-02
  -6.54105897e-03  3.40950139e-02  2.15834326e-04 -5.46975475e-02
  -3.98060451e-03  9.59514140e-02 -3.35287718e-03  5.52802643e-02
  -2.76849203e-03 -2.26515589e-02 -8.56714494e-02 -3.63397531e-02
  -1.97300888e-02 -2.03545267e-02  3.42871475e-02 -5.54120347e-03
  -6.80223576e-03  1.13018131e-01  4.06146245e-02  1.38760593e-02
  -3.36391341e-02  8.49606008e-03  5.10347793e-02  3.89812775e-03
   5.53371600e-02 -1.62741964e-02 -8.21221204e-02  4.90066054e-02
   1.07549424e-01  1.03929647e-01 -9.37025105e-02 -8.41811774e-02
   3.89219362e-02 -3.01693431e-02 -4.27826937e-03 -7.97439244e-03
  -6.49131378e-02 -8.49147418e-02 -6.76779546e-02 -4.46662038e-03
   3.01633224e-02  6.24093695e-02  5.10813645e-02  7.04336055e-02
  -2.32586961e-02  4.51388289e-02  7.69975613e-02 -7.76680246e-02
   5.80885134e-02  6.44723170e-02 -5.30307236e-02 -1.43922735e-01
   9.25300696e-02 -9.97261308e-02 -5.84519490e-02  2.32383308e-02
  -8.63323586e-02  7.38647033e-02  7.85824551e-02 -3.39630892e-02
  -8.62001866e-02  3.57324893e-02  5.24959522e-02  6.34084763e-02
   7.36279386e-02  3.17684928e-02 -1.58715246e-02 -2.28512452e-02
  -2.26167210e-02 -7.46815790e-05  6.72562301e-02  4.96349255e-02
  -9.48192749e-02 -4.60795681e-02 -9.17575429e-02 -2.37010704e-02
  -2.92037562e-02 -2.36814503e-02 -7.96628755e-02  2.99842083e-03
   1.03664631e-01  8.65972055e-02  4.54006906e-02  1.22364013e-01
  -1.41674810e-02  4.61867031e-02 -1.20467755e-01 -5.69147437e-02
  -6.29479233e-02  3.04691323e-02 -7.89145080e-03  3.34967843e-02
  -1.17273154e-01 -7.06476347e-02 -7.66980692e-02 -1.38062454e-02
  -5.45866650e-02  4.02023893e-02 -1.73949431e-02 -4.17237337e-02
  -3.43524122e-02  4.69049780e-02 -5.54661117e-02 -3.03125907e-02
  -9.16970556e-02  9.74093972e-02]
 [ 6.98723911e-02  4.13814862e-02  5.26130993e-02  9.42530011e-02
  -2.58099527e-02 -5.38885912e-02  1.06163303e-01 -3.56837262e-02
   1.40783234e-02  4.88889768e-02  8.80902583e-02 -4.94008304e-02
  -2.20999579e-02  5.03307180e-02 -2.46193845e-02  2.06824357e-02
   1.93976728e-02 -9.63499405e-02 -2.99644858e-02  4.64942672e-02
  -8.10781180e-02 -1.66301614e-02 -4.19944600e-02  9.06945872e-02
   1.12079384e-01  4.45350765e-02 -2.35487612e-02 -1.62298627e-03
   5.57142199e-03  6.63891314e-02  3.43997618e-02  5.63338673e-02
   1.20823018e-02 -1.16745513e-01 -5.54004898e-02 -2.83575207e-02
  -6.45691708e-02  8.16641168e-02 -1.56635952e-02  1.30852052e-01
   5.39471835e-02  4.17529011e-02 -1.60527035e-03  4.15966786e-02
   1.86999305e-02  4.29811720e-02  3.28249715e-03 -5.81711122e-02
  -4.01074546e-02 -1.03999748e-01  7.24017841e-02 -4.48320549e-02
  -3.31437412e-02  3.64411159e-02 -6.73721499e-02 -3.16460396e-02
  -4.96387280e-02 -3.81778918e-02 -8.18390623e-02  9.11086280e-02
   4.43509253e-03 -3.41794606e-02  7.88951065e-02  6.18836470e-02
  -5.52788594e-02  9.94543035e-02  9.85528915e-02  5.23689207e-03
   7.88545388e-02 -2.89220820e-02  9.00603768e-02 -1.18132569e-02
  -2.43065947e-02 -2.68939021e-02 -3.37412119e-02  8.37999449e-02
   1.27714417e-01 -8.68161590e-02  9.50061426e-02 -7.34184258e-02
   2.75665320e-02 -1.25731486e-01  2.01550840e-02 -1.66502123e-01
  -6.82536092e-03 -2.38710027e-02  6.47051580e-03 -2.60491413e-02
   8.30934165e-02 -6.10752717e-02 -1.00674355e-01  1.68275820e-02
  -1.59105106e-02  8.60035229e-04  6.76055778e-02  6.92184822e-02
   4.31079319e-02  9.08931314e-02 -9.95119046e-02  1.77445644e-02
   5.36695342e-02 -3.65785262e-02 -4.12846800e-02 -1.95230091e-02
  -1.31423334e-02 -4.33934070e-02  1.50811154e-02  9.28167334e-02
   3.66456659e-03  3.16937566e-02 -2.28813582e-02  6.99048740e-03
   9.64509918e-02 -7.64475680e-02 -5.19341943e-02  2.64899828e-02
   9.26282504e-02 -7.85323635e-02 -8.50834009e-02 -1.64336955e-01
   1.86247315e-02  5.95524262e-02 -7.62699440e-02  3.20168561e-02
   4.65323884e-02 -1.01764047e-01 -5.32694669e-03 -9.10017233e-02
   1.24037193e-02 -9.05940105e-02 -9.36746946e-02 -3.67889266e-02
  -3.14052288e-02  4.18938215e-02 -7.62678354e-02  7.68604409e-03
   8.82236364e-02 -1.21589604e-01 -3.77507078e-02  3.23780687e-02
   9.18450975e-02  6.83086831e-03 -9.52889233e-02 -2.86823708e-02
  -2.32355031e-02 -6.09630137e-02 -8.10607830e-03 -6.41543530e-02
   6.97753450e-02 -2.82010855e-02 -1.08689049e-01  1.13451362e-01
  -5.10866938e-02  9.23753975e-02 -4.44749364e-02 -1.75242259e-02
  -7.42680793e-02  6.60228497e-02  4.84626988e-03 -9.77433291e-02
  -4.54850008e-02  3.29681684e-02 -4.42272123e-02 -7.48062052e-02
  -1.79684322e-02  2.67870728e-02  3.28894502e-02 -7.24338095e-02
  -5.96962934e-03 -8.48370083e-02 -1.00254684e-02  4.76205077e-02
  -8.69651517e-02  1.11184194e-01 -2.57085008e-02 -1.58901036e-02
   4.64874715e-02 -8.11492598e-02 -1.09113135e-01  5.46165020e-02
   7.03408309e-02 -4.09632466e-02  1.11450328e-01 -8.18970045e-02
  -9.52308736e-02 -7.69187651e-02  7.64653588e-02  1.35578843e-02
   1.98565549e-02  1.35695041e-01  4.19379178e-02  6.05661925e-02
  -6.82572523e-03 -6.06049890e-02  9.81512671e-02 -3.57490682e-02
  -6.89522900e-03 -5.57899976e-02 -6.37578968e-02 -5.03628444e-02
   6.89969599e-03  1.33335683e-02  3.59980003e-02  8.20897377e-02
   8.60001348e-02  8.94188177e-03  3.85239783e-02 -3.33494764e-02
   1.27672460e-03 -1.64560067e-04 -6.39776856e-02  3.41975702e-02
  -8.11438741e-02  4.13112978e-02 -5.34318933e-02 -3.77692613e-02
  -1.42685873e-02  3.92036903e-02 -4.86933006e-02  1.04827631e-01
   4.66309159e-02  3.05010996e-03  5.06330275e-02  8.52442021e-04
   8.66981862e-03 -5.06605683e-02 -1.05181871e-02  2.55296883e-02
   9.46308631e-03 -5.01632308e-02 -4.06921325e-02 -6.76869077e-02
  -3.37351554e-02  7.63679801e-02  6.19593128e-03 -6.96017937e-02
  -2.40502396e-02 -6.99826524e-02 -5.85633193e-02 -7.78487177e-02
  -5.24917195e-02 -9.94522787e-02  9.95567587e-02 -8.29141213e-03
  -1.09880508e-01  1.12610223e-01 -9.27733593e-02  7.86259244e-02
   3.28914801e-02 -1.04632439e-01]]