[[-6.54682385e-02  6.91988616e-02 -4.79797997e-02  1.03402462e-01
  -5.67595054e-02  8.65007569e-02 -2.03339718e-02 -8.74634523e-02
  -9.77241580e-02  4.40454594e-02  1.06474911e-01 -5.00088959e-02
   1.07935660e-01 -4.35744269e-02 -9.79899690e-02  7.69465822e-02
   1.45020780e-03  2.73840111e-02  8.66943804e-02  1.24848187e-03
   1.34538454e-02 -2.25811218e-02  8.20679501e-02  5.64655522e-02
   2.31809458e-02 -4.07333684e-02  2.14087565e-02  2.21715018e-02
  -7.03359980e-02  5.90897098e-02 -3.22724572e-02 -1.47703966e-02
  -8.13747895e-03 -4.58381268e-02 -5.69820145e-03  3.77561905e-02
   8.97802677e-02  1.77040653e-02  1.05217404e-01  4.97355423e-02
  -1.03278313e-01  4.51084913e-03  4.98284473e-02 -3.63857100e-02
   6.14510378e-02  3.66239117e-02  6.09949144e-02 -1.63502995e-02
  -7.68140517e-03 -3.88664668e-02  7.14291175e-03  6.24371757e-02
   2.12457286e-02  8.04286008e-02  1.03233465e-02 -1.50128371e-02
   1.72436767e-02 -9.43837074e-02 -6.42969742e-02 -2.76734793e-03
   4.13651362e-02  7.39361668e-02  4.56425494e-02  1.28852160e-02
  -3.12523923e-03 -7.47839416e-02 -8.32375715e-02  7.55313404e-02
   8.14950075e-03 -2.63113651e-02  9.95177341e-02 -2.54412891e-02
  -5.73286579e-03 -8.96842258e-02 -6.14424484e-02  8.00338251e-03
   7.74297669e-02 -6.16381195e-02 -7.06952304e-02  2.64852055e-02
  -7.65980735e-02  9.68775281e-02  3.90405776e-02  3.04677702e-02
  -7.25168520e-03  9.44441736e-02 -4.35457764e-02  9.67554873e-02
  -5.39971757e-02  5.50613995e-02 -1.55946314e-02 -8.22809269e-02
   4.00709805e-02  6.69777737e-02  3.46376075e-02 -7.36820344e-03
   2.30497369e-04 -4.92728231e-02  9.42501957e-02  4.63235921e-02
   2.40150615e-03 -5.82151407e-02 -8.07266589e-02  7.71836021e-02
  -4.10675311e-02  1.02138726e-01  5.93502898e-02  2.61175935e-02
  -9.21351920e-02 -4.87601987e-03 -9.86177463e-02  6.20961402e-02
   9.35875977e-02 -1.18590398e-02 -3.39894468e-02 -1.65265094e-02
   5.77121059e-03  3.23673634e-02  3.06485961e-02  5.09319416e-02
   5.49076548e-02 -7.46907616e-02 -1.95590101e-02  2.81177416e-02
   9.40111038e-03 -1.01770923e-01 -1.07998724e-01 -4.13886348e-03
  -6.05196668e-02  4.52666983e-02 -8.77439440e-02 -4.23367051e-02
  -3.53745285e-02 -8.19568477e-02 -9.69204596e-02 -8.32034370e-02
   5.20782887e-02 -5.54280139e-03 -6.17482375e-02  2.35241751e-04
  -9.68065562e-02  6.73124204e-02 -2.17494712e-02  4.57256919e-02
  -8.62822103e-02 -7.55053184e-03  1.06839319e-01 -8.45385149e-02
  -3.86319868e-03 -2.70977409e-02 -9.41704736e-03  8.07254900e-02
  -7.79709087e-02 -8.38149561e-02  8.22046385e-02  7.17791328e-02
   4.21489269e-02  4.31568581e-02  1.25177653e-02  7.02920054e-02
  -5.02590529e-02 -1.10095859e-03  3.16432107e-02  8.73424142e-02
  -4.22815491e-02  6.89512379e-02  9.95647046e-02 -9.90265017e-02
   5.40762901e-02 -1.03718928e-01 -4.54829186e-03  9.92514941e-02
  -7.85948226e-02 -3.26156060e-02 -6.96050540e-02  3.87684386e-02
  -1.13084691e-02 -8.84722088e-02 -8.57677475e-02 -1.03275360e-01
   8.49168517e-02 -9.44226474e-02 -4.70198054e-02 -9.58377661e-02
  -7.24080593e-02  3.47828721e-02  1.25140011e-03 -8.01569145e-02
  -1.00269791e-01 -2.00096020e-02  7.45042813e-02 -3.66671198e-02
   1.32485659e-02 -2.75645292e-02  4.61175645e-03  8.81329751e-02
  -2.61432666e-03 -3.91177584e-02  6.68014520e-02  3.94333566e-02
   7.79016557e-03 -3.08774577e-02  1.03922525e-01  8.65951208e-02
  -9.97385601e-02 -6.39907677e-02  1.07868719e-01  7.67089893e-02
  -3.26447434e-02  9.05622963e-02 -2.01657293e-02  3.21375356e-02
   9.02147169e-02  7.32265967e-02  9.42646800e-02  5.71438619e-02
  -2.09232351e-02  6.76925709e-02  8.34588644e-02  1.09455318e-01
  -8.47695923e-02 -5.15942275e-02 -3.07985586e-02  8.72020843e-02
   1.13879730e-02  1.74908189e-02  5.42596610e-02  7.17806058e-03
   7.43724051e-02 -1.00182177e-01  5.63871973e-02  3.30859695e-02
  -7.25604093e-02 -9.83243243e-02 -9.25279715e-02 -9.26550395e-02
  -1.45415727e-02 -6.54061074e-02  1.63255638e-02 -9.86692815e-02
  -1.07213061e-01 -9.27937494e-02 -1.65019788e-02  6.57711394e-02
   8.02503091e-02 -1.01444557e-01  9.41487467e-02  5.24360888e-02
   3.97673440e-02  1.58960028e-02]
 [ 5.88682180e-02 -1.00595883e-01  2.59649763e-02 -6.48469300e-02
  -4.07242263e-03  7.91130164e-02  3.12056380e-02 -3.73450213e-02
  -9.55002796e-02 -5.73890565e-03  4.57833568e-02 -9.82981801e-02
  -8.86909886e-02 -6.73573066e-02  3.33643275e-02  5.19363287e-02
   8.32687039e-03 -1.39368299e-03  3.78812677e-02 -7.34715380e-02
  -8.30282034e-02 -6.33685106e-02 -5.83990394e-02 -2.58955446e-02
  -8.34880412e-02 -3.16151619e-02  3.61459007e-02 -1.03673972e-01
   2.24414044e-03 -7.42138602e-02 -7.05367439e-02 -3.77011037e-03
  -4.36794535e-02 -6.13420474e-02 -8.39005069e-02  5.88592576e-02
  -5.00231952e-02 -6.34230322e-02 -2.86372640e-02 -2.84951136e-02
  -4.07847245e-02 -1.00062900e-01 -8.31092763e-02 -7.11146005e-02
  -6.34652062e-02  4.18791198e-04 -9.96249918e-03  4.27024836e-02
   3.87470861e-02  5.68558548e-02 -3.94580417e-02  7.64482681e-02
  -7.52034998e-02 -3.27390930e-02 -6.34402682e-02  7.69724323e-02
   1.97675658e-02  2.80823787e-02 -4.81281392e-03  8.82845957e-02
   9.85301328e-02  3.88984752e-02  2.94799942e-02 -4.67165493e-02
   5.16811617e-02  6.14713055e-03  6.65604815e-02 -4.23074250e-02
   6.72684098e-02  4.20977007e-02  9.87358899e-02 -6.57072062e-02
   9.46240061e-02  4.32197143e-02 -4.77661582e-02  5.47090766e-03
  -6.97790725e-02 -1.67737063e-02 -5.85476469e-02  6.16267563e-02
  -6.28059240e-02 -1.08670354e-01 -7.53831018e-02 -3.04607503e-03
   3.54093877e-02 -2.12875235e-02  6.94461460e-02 -9.55784279e-02
  -8.74161381e-02  5.66602528e-02 -7.53510894e-03  9.77381862e-02
  -7.64435542e-02 -9.66084403e-02  4.52950564e-02  2.77620216e-02
  -2.01172031e-02 -3.87713847e-03 -4.90883902e-02  4.40216457e-02
   6.18359719e-02  5.27689770e-02  4.75415957e-02 -8.53145467e-02
   6.36097408e-02 -1.10655228e-01  3.74677277e-02 -3.04389138e-02
   2.37332475e-02 -4.25902103e-02 -7.92924395e-03  6.70168615e-02
   3.47092837e-02  4.28131989e-02  2.65788538e-02 -4.57539595e-03
  -7.07553641e-02  1.71405901e-04  9.11675618e-02  8.33516851e-02
   5.82439050e-02  1.09374291e-01  1.59945910e-02 -7.01237449e-02
  -6.27439894e-02 -1.30265143e-02  1.06262631e-01 -3.48102859e-02
   1.20240151e-02 -5.74639892e-02 -9.58062626e-02  8.43081417e-02
   1.02697877e-01  1.02746526e-01 -9.57450222e-02 -9.71562217e-02
  -8.53577729e-02  8.39236873e-02 -4.02901086e-02  4.06327127e-02
   6.19600399e-02 -2.10155234e-02  2.04264507e-02  9.18386987e-02
  -8.82390310e-02 -5.50113744e-02 -6.19271780e-03 -2.03883241e-02
  -5.46564455e-02 -7.10428597e-02 -6.75254839e-02 -1.83411619e-02
   1.86909735e-02  7.98641553e-02 -6.05039427e-02  3.46808648e-03
  -3.34437446e-02 -2.19107298e-03 -6.64519019e-02  2.19023839e-02
   6.39944610e-03  7.37231658e-02  1.94753262e-03 -4.35363751e-02
   3.97617227e-02  7.88171358e-02  5.57242107e-02  1.11810611e-01
   7.03757268e-03 -9.32545623e-02  9.20284772e-02  6.15655045e-02
   4.87171895e-02  9.11794740e-02 -8.11339415e-03 -3.59315504e-02
   2.15930521e-02 -8.81686567e-02 -4.36531873e-02 -4.68937150e-02
   4.31954103e-02 -9.71713281e-02 -6.68096910e-02 -7.71328090e-02
  -3.52479415e-02  2.46978102e-02 -1.92599688e-02  8.31250459e-02
   7.32099719e-02  3.34893726e-02 -4.32919369e-02 -7.25906472e-03
   7.54909336e-02 -3.68883593e-02 -1.99403074e-02 -8.01599788e-02
   1.29108743e-02  9.37705680e-02  8.57578572e-02  9.73218599e-02
   5.85124228e-02 -8.41420371e-02  8.19880025e-02  4.87603525e-02
  -7.73551607e-02  2.75180533e-02 -8.90085193e-02  8.89650138e-02
   7.79120580e-02  6.98720692e-02  9.54254342e-02  2.29578764e-02
  -9.98063163e-02  9.53870334e-02  3.19274685e-02 -9.21264989e-02
  -3.55351723e-02 -6.19584962e-02  5.02472201e-02 -1.86793116e-02
   6.79903099e-03 -8.36595326e-02  9.56121149e-02  8.38755760e-02
  -5.34396207e-02  9.73483755e-02  5.61026600e-02  2.63609238e-02
   7.35565094e-02 -8.37711395e-02  8.46897869e-02 -9.70955376e-02
  -8.60770691e-02  7.71941092e-02  7.42897603e-02 -6.82050729e-02
   1.82077248e-02 -7.46606441e-03  5.57701586e-02 -9.32513574e-02
  -2.73915093e-03 -4.79626730e-02  8.71032103e-02 -2.03778001e-02
  -9.75547897e-02 -8.76129087e-02 -1.06956042e-01  3.38931729e-02
   5.58524536e-02 -8.22145813e-02]
 [-3.18498347e-02  7.90644329e-02 -8.25825020e-02  2.09089723e-02
   6.90100020e-02 -7.19929004e-02  5.32664588e-02  7.28738553e-02
  -6.71393303e-02  1.10907229e-01  5.96709851e-02  3.98784531e-03
  -2.77760037e-02  5.26219767e-02 -7.88564365e-02 -6.57405792e-02
  -8.10537414e-02  6.27283913e-02  1.00924257e-01  5.36464719e-02
   5.20144442e-02 -7.39744514e-02 -4.81882843e-02 -7.41811975e-02
  -7.75468692e-03 -6.64856619e-02 -5.49122055e-02 -8.30935412e-02
   5.79001833e-02 -5.81248977e-02  8.49495067e-02 -3.61678641e-02
  -4.17333699e-02  8.65616503e-02 -4.51313205e-02  2.13277755e-02
   4.24075754e-02  6.56227523e-03 -9.02236387e-02  2.88637588e-02
  -1.07877905e-01 -6.63392624e-02 -6.93830765e-02 -8.89726600e-02
   3.70066165e-02 -9.50259130e-02  4.12566406e-02 -2.59887009e-02
   4.57246320e-02 -2.07283204e-02 -4.85179712e-02 -1.32254701e-02
   6.24257125e-02 -8.82818857e-03 -5.10011789e-02  8.68947211e-02
  -8.39838537e-02  2.39606130e-02 -1.08966011e-01  5.75260582e-02
   9.21968819e-02 -3.07302789e-02 -6.90511104e-02 -5.15834523e-02
  -5.91911152e-02  4.91683222e-02 -4.05998766e-02  7.56474189e-02
  -4.86044513e-03 -1.03081131e-01 -2.46173816e-02  6.93319916e-02
   9.96796136e-02 -4.81734770e-02  3.51796026e-02  5.95321025e-02
   5.35110392e-05  1.03831219e-01 -7.65353863e-02 -4.18573997e-02
  -1.04233961e-01  2.77248119e-02 -8.77230357e-02  2.90243846e-02
  -1.74813604e-02 -1.01194355e-01  8.14275596e-02 -6.38800785e-02
  -4.65355283e-02 -9.20938511e-02 -6.44047636e-02  9.63447460e-02
   4.16067225e-02  1.65080929e-02  3.65644821e-02 -2.98906474e-02
   8.70526663e-02 -1.83260519e-02 -8.87941001e-02 -9.63349375e-02
  -2.62537878e-02 -4.16924584e-03 -1.93149006e-02  7.33388785e-02
   5.14733086e-02  9.35100074e-02 -4.86359465e-02  2.09878122e-02
  -5.77593816e-02 -9.58543403e-02  2.18036576e-02  7.35467053e-02
   4.93503990e-02 -2.81872774e-02 -6.09320008e-02  1.53627038e-02
   1.95731722e-02 -9.88322408e-02 -1.07655003e-01 -8.80084330e-02
   3.02860515e-02 -2.71540114e-02 -7.59124666e-02  3.12980663e-02
  -5.26191964e-02  2.56517890e-02 -9.70833552e-03 -3.54663346e-02
   5.36272897e-02 -9.40894300e-02  6.27332927e-02 -6.80619952e-02
   8.42586701e-02  4.92676262e-02 -8.02276504e-02  7.47395021e-02
   1.52031447e-03  2.13055435e-02  5.62893580e-02 -8.17517572e-02
   1.91848334e-02 -4.78367884e-02 -7.32940967e-02 -1.08289549e-01
   7.22697433e-02 -3.79242751e-02  7.58775459e-02 -5.10577775e-02
   6.53909691e-03  7.85158676e-03 -9.41699564e-02 -5.03998914e-02
  -4.62534401e-02  6.60551942e-02  7.28916921e-02  4.22709744e-02
   4.55773648e-02  2.88003831e-02  1.08971519e-01  7.94005392e-02
  -2.94527325e-02  3.97054564e-02 -3.43136354e-02  1.22025487e-02
   3.92421508e-02  8.90456352e-02  9.08368356e-02 -8.51450597e-02
  -7.96681651e-02 -1.06278105e-01 -9.90505355e-02  6.83814409e-02
   8.91506767e-02 -5.07915458e-02  3.88303015e-02 -1.65522032e-02
   6.42565661e-02  6.80219179e-02 -2.80390917e-02  3.79157232e-02
   3.55611631e-02  2.24241319e-02  8.83876009e-02 -3.48985972e-02
   6.48707996e-02 -1.72301900e-02  7.22668047e-03  7.17047917e-02
   8.05676462e-02  3.96861248e-02 -3.48073824e-02  6.12243314e-02
  -8.49093967e-02  1.03652039e-01 -8.02589890e-02  1.84462889e-02
  -9.80080399e-03 -1.00770337e-01 -5.59593594e-02  2.83732679e-02
   9.37031365e-02  1.06805104e-01 -5.27497184e-02  5.05496526e-02
   1.03965011e-01  6.36093946e-02 -1.44327564e-02  2.45368028e-02
  -3.89874905e-02 -4.20219444e-02  2.32797614e-02  2.49072812e-02
   1.02841473e-01  9.73742853e-02 -1.02015704e-01 -3.66588705e-02
  -1.06806334e-01 -2.50284293e-02  2.29620553e-02  7.32390522e-02
  -2.73844503e-02 -8.74678442e-02  8.61983388e-03  7.14350682e-02
  -4.48872935e-02  7.82225283e-02 -2.38011280e-02 -4.43141009e-02
   5.75442857e-02  8.74375782e-02  4.81333440e-02 -4.43936576e-02
   9.98861128e-03 -2.07047662e-02 -5.60157232e-02  9.32863539e-02
   6.10969800e-02 -4.48987463e-02 -2.80666132e-02 -1.07224911e-01
  -1.95564596e-02 -3.22757701e-02 -1.00915778e-01  7.02999776e-02
  -2.36416152e-02  1.08892877e-01 -4.51623207e-02 -6.85218660e-02
   3.85763894e-02  6.79928869e-03]
 [-5.40049339e-02 -1.53754574e-02 -8.37466475e-02 -1.01073800e-02
  -4.16838913e-02 -4.76347203e-02 -3.84764465e-02  4.23518090e-03
   6.48827825e-02 -3.63234104e-02  3.37590270e-02  4.87607483e-02
  -3.90012765e-02  4.19558269e-02 -2.88949694e-02  3.75515673e-02
  -2.52388670e-02  4.14910859e-02 -2.86269478e-02 -9.65097106e-02
  -5.58327201e-02 -3.58868821e-02  4.99532453e-02  9.79383793e-02
  -8.39525446e-02 -1.73432215e-02 -1.60752197e-03  9.66779000e-02
   5.81162708e-02  7.96608847e-02 -1.09658222e-01 -1.36943967e-02
   8.68432400e-03 -2.51223664e-03  5.92555846e-02 -7.06737742e-02
  -8.95801054e-02  8.90379239e-02 -1.13216439e-01  5.14210693e-02
  -1.97911416e-02 -8.10335779e-02  2.88684395e-02  8.96353355e-02
   5.80375748e-02 -6.67936444e-02 -1.01603172e-01 -1.10875875e-01
  -1.06777065e-01 -1.06019203e-01 -7.81129652e-02 -7.23130670e-02
   1.00157887e-02 -4.91410890e-02 -4.84450468e-02 -7.19589988e-02
  -1.10837306e-01 -5.74472561e-02  7.08876850e-02 -6.92540279e-02
   4.77910887e-02  4.47927111e-02  2.99008990e-02  2.28136316e-02
  -5.77982905e-02 -5.24043529e-03  4.85446656e-02 -5.71905632e-03
   8.85139374e-02  4.57449503e-02 -6.59549015e-02 -2.83571960e-02
   8.95491699e-02 -1.07294825e-01  9.44650607e-02 -1.11503530e-02
   9.44897899e-02 -6.38793303e-02  4.83244924e-02  6.01739758e-02
   5.03366518e-04 -4.92139383e-02  4.67615079e-02 -2.46290318e-02
   6.58778003e-02  1.04984048e-02 -8.62727199e-02  1.03519731e-02
   2.29596035e-03 -4.91957862e-02  4.04980857e-02 -1.07821229e-01
   6.99828339e-02  7.65870181e-02  1.54236539e-02 -4.59291729e-02
   4.99756644e-02  1.11982758e-01  1.73445043e-02 -1.70235900e-02
   9.01661877e-02  5.85147565e-02  3.73258410e-03  5.17734575e-02
   5.05003297e-02 -6.18548130e-02 -7.25664323e-02  4.47426757e-02
  -4.99043908e-02  6.07132387e-02 -6.30601252e-03 -3.39675997e-02
   6.30668231e-02  5.60005299e-03 -1.49143747e-02 -4.92295719e-02
  -7.77712794e-02  9.81066377e-02  1.02353709e-01  5.24542191e-02
  -2.60635203e-02  7.13770010e-02 -6.99778647e-02 -9.35077569e-02
  -2.69344848e-02  1.50389795e-02  1.24219355e-02 -4.38449633e-02
  -2.81254834e-02  6.52578646e-02 -2.60775639e-02 -4.42796985e-02
   5.78621527e-03  9.08885896e-02  2.47802105e-02  1.05408206e-01
  -2.96074482e-02  1.06224743e-01  1.26366752e-02 -2.15240513e-02
  -4.54146854e-02 -1.13778586e-02 -5.74015597e-02  6.01397228e-03
  -9.72245428e-02 -3.99015908e-02 -1.50556488e-02 -9.91582740e-02
  -9.81730457e-02 -3.15187672e-02 -8.06948967e-02 -4.61173536e-02
   1.97254475e-03  8.80422256e-02 -4.96778427e-02  1.86616043e-02
  -3.06909030e-02  1.04196511e-01  1.84631040e-04 -5.17080924e-02
   6.92827714e-02  4.97548092e-02 -6.25540527e-03 -9.05082274e-02
   9.79806147e-02 -5.48034462e-02 -5.08719110e-02 -9.51691790e-02
   1.06827710e-01  3.73916474e-02 -7.58891087e-02  8.60956244e-03
  -9.68827815e-02  1.70713629e-02  9.25742105e-02 -3.83608184e-02
   2.96004848e-02  6.61516503e-02 -1.02825238e-01  1.00730633e-02
  -5.97457746e-02  3.77337199e-02  7.86286735e-02 -4.67509921e-02
   7.20224981e-02 -5.36632003e-02  6.74482345e-02 -1.06799749e-01
   1.15766402e-01  1.10073269e-01  8.87563002e-02 -1.06538114e-02
   1.70857516e-03  4.17419416e-02 -5.67784205e-02  3.57098565e-02
   7.38076881e-02  6.26210245e-02  6.81506719e-02 -7.03300082e-02
   1.06431675e-01  6.54657699e-03 -1.11459843e-02  5.33566611e-04
   7.13678563e-02  6.08605097e-02 -3.14905123e-02  4.26509724e-02
  -5.44850799e-02 -8.29484883e-02 -8.66174547e-02 -1.10567892e-01
  -3.50523775e-02  6.23539574e-02  7.38961385e-02 -6.69170509e-02
   9.97734952e-03 -6.16192107e-03  8.33352032e-02  7.79424915e-02
  -4.20636679e-02 -7.43741929e-02 -1.08223617e-02 -7.66323201e-02
  -5.55811894e-02  1.05741036e-01 -1.04288938e-01 -3.25709287e-02
   3.50160096e-03 -7.87755024e-02 -1.33487241e-02 -4.27475405e-02
  -5.44186031e-02 -5.76505588e-02  6.61300690e-03 -1.01977762e-01
   3.69854994e-02 -7.66204848e-02  2.39235522e-02  1.00695879e-01
  -6.65636316e-02 -9.49791068e-02  7.88724465e-02  9.02837486e-03
   8.68266941e-02  2.58069965e-02 -8.11735586e-03 -1.05317658e-01
  -4.71566742e-03 -1.15497283e-01]
 [-6.02810406e-02  8.98014338e-02  6.76465075e-02  6.40518210e-02
  -3.53534392e-02  9.85744604e-02 -4.19545636e-02 -2.87746467e-02
  -8.18747421e-03  4.19319114e-02 -3.35819757e-02 -1.03303953e-02
   8.05592437e-02  6.42624901e-02 -8.68187818e-02 -4.36500306e-02
   2.25892249e-02  7.31337126e-02  7.32068357e-02 -2.36135260e-02
  -1.91900325e-03  1.22690686e-03 -6.53954256e-02  6.27869841e-02
   5.22683733e-02 -6.14132620e-02  8.30150524e-02 -3.01078079e-02
   4.94272301e-02  8.04806065e-02 -8.92465128e-02 -6.11250736e-02
   5.76677988e-02 -3.72872357e-02  7.43389237e-02  5.17934644e-03
   6.09145215e-02  8.90428225e-02  3.02281669e-02 -8.64874157e-02
  -4.70458270e-02 -1.36936847e-02  3.61889771e-02  6.27554623e-02
   7.56471508e-02 -3.00629261e-02  3.08250117e-03 -2.24127497e-02
  -4.90875816e-02 -4.45029294e-02 -1.19766351e-02 -8.10108842e-02
   2.40456008e-02 -4.83557836e-02  3.87111968e-02 -1.42655983e-02
  -4.88116163e-02 -4.09488206e-02 -5.10834896e-02  1.09469024e-01
   7.37847274e-04 -8.63379683e-05 -5.10958274e-02 -1.02318086e-01
   5.91676570e-02  3.68333696e-02 -6.08939298e-02  5.20306614e-02
   5.73530446e-02 -6.21832582e-02 -2.34959853e-02  3.51847875e-02
   4.53427046e-03  1.12170106e-01  8.04587863e-02  3.48906593e-02
  -9.69672770e-02  1.01332729e-02  5.05750398e-02 -3.78807187e-02
   7.61839701e-02  8.88391566e-02 -5.23188977e-02  9.71089741e-02
   4.91168922e-02 -5.20233123e-02  1.09712597e-01  2.24119483e-02
   2.43378397e-02  7.32539432e-02 -2.59699534e-02 -1.58003997e-02
  -1.00540495e-01 -4.79475702e-02 -3.94009499e-02  8.38014022e-02
   7.22636943e-02  1.88817327e-02 -9.12478522e-02 -1.06702364e-01
   9.34138771e-02  5.20099981e-02 -2.80218020e-02  6.25928222e-02
   8.38087568e-02 -2.66569556e-02 -7.72859047e-02  9.20219256e-02
  -7.42929655e-02  8.25414801e-02 -2.09286144e-02 -2.21063055e-02
  -6.81969623e-02 -1.89290954e-02 -9.87236363e-02 -2.79042188e-02
  -1.06275372e-01  5.96358697e-02 -4.64834250e-02  1.41941452e-02
   9.01693729e-02 -1.90044848e-02  1.95822428e-03 -7.08617856e-02
   2.09947347e-02  6.83579577e-02  1.11775188e-01  1.61507503e-02
   3.26747152e-02  4.49027404e-02 -3.62185450e-02  6.62843266e-02
  -1.75173460e-02 -7.40212440e-02  2.11855472e-02 -9.85286535e-02
  -2.29916993e-02 -6.23453647e-02 -3.51958428e-03  1.77693349e-03
  -6.50008994e-02  5.85434370e-02 -8.39966627e-02 -2.53440816e-03
  -9.51134242e-02 -8.17442498e-02 -7.77821419e-02 -5.70440326e-02
  -2.97014066e-02  5.89030771e-02  7.08299669e-02 -7.48382075e-02
   6.19696080e-02  3.20869239e-02 -9.23804523e-03 -7.69934047e-02
   8.27518158e-02 -1.08362930e-01 -1.89343840e-02  4.77282945e-03
   8.95995214e-02  4.75066516e-02 -4.73926757e-02 -2.25595309e-02
  -8.74128421e-02 -4.91191436e-02  6.60492717e-02 -7.46968416e-02
   5.06225731e-02  5.45539484e-02  5.08752681e-02  9.87561676e-02
   4.26453985e-02 -2.80414884e-02 -4.17333766e-02 -1.02736569e-01
   8.49647084e-03  5.15309319e-02  1.09490579e-02  5.18196526e-02
   3.22350448e-02 -9.58348544e-02  7.38075093e-02 -2.33597542e-02
   6.37787990e-02  1.59967116e-02  2.69963602e-02  9.89069192e-02
  -3.91849489e-02 -3.10264587e-02 -1.20023314e-01 -1.14422660e-02
   3.77123697e-02 -1.05027609e-01  1.01737180e-01  2.33037719e-02
  -1.00221595e-01  8.25231994e-02 -6.32005557e-02  1.94758472e-02
  -5.92983982e-02  2.84710516e-02  8.83446344e-02 -3.76147498e-02
   4.99563619e-02 -9.73229236e-02 -9.42969825e-02  8.10981768e-02
  -5.11535816e-02  6.95678495e-03 -8.79946023e-02  2.29028921e-02
  -4.55156832e-02  1.11401111e-01  6.50977675e-02  2.58049138e-02
   9.39499189e-02 -2.11438283e-02 -8.93779121e-02 -8.18274970e-02
   6.73758008e-02 -3.46597845e-02 -8.30512326e-02  1.15032243e-01
   7.01526830e-02 -5.79245484e-02 -6.93399895e-02  7.30338491e-02
   8.53831843e-02 -9.34632592e-02 -9.07724037e-02  6.45070940e-02
   3.91496932e-02 -3.50693328e-02  6.60887179e-02 -6.50334243e-03
   2.48276139e-02  8.64687951e-02 -7.68374924e-02 -1.24148643e-01
   8.43321130e-02 -3.39598703e-02 -4.08502122e-02 -1.00009056e-01
   7.80369518e-02  8.91126882e-02 -2.95509569e-02 -3.81992125e-02
  -6.20181250e-02 -8.15502389e-02]
 [ 5.03689436e-02  8.87220043e-02 -6.46170052e-02  4.29120513e-02
   5.49619133e-02 -9.16095211e-02 -6.03682030e-02 -4.99654834e-03
  -7.33300519e-02 -6.06736931e-02  4.52128373e-02  2.04537452e-02
   5.41747585e-02 -8.95817963e-02 -1.00994118e-01  4.31398164e-02
   5.45509117e-02  7.29478400e-02  8.50280272e-02  7.92016199e-02
   1.15371485e-01  9.40461932e-02 -9.94801870e-02  5.19838245e-02
  -4.66167563e-02 -1.52946209e-02  4.51481589e-02  1.05428993e-02
  -6.14801016e-02 -3.28824938e-03  5.07676272e-02  5.76974342e-02
  -1.02560239e-01 -3.83421822e-02  7.47801625e-02  2.10239334e-02
  -1.83109594e-03 -6.70641489e-02 -6.92425759e-02 -2.70847797e-02
   8.42280115e-03  4.89393377e-02  1.09363140e-01  1.08491802e-01
  -1.46477461e-02 -6.08385586e-03 -1.34830749e-02  2.04150616e-02
   9.24048761e-02  6.55427843e-02 -5.91096335e-02  2.70141520e-02
  -4.20421025e-02 -1.47345768e-02  5.73634212e-02 -5.72324385e-03
   6.25478098e-02  1.17481770e-01 -4.10629565e-02  4.51552543e-02
  -6.61371903e-02  8.21152580e-02 -7.13521890e-02 -6.31445774e-02
  -6.84298620e-02  3.15609211e-02  3.20604659e-02 -6.60828638e-03
   2.44058857e-03  1.12685467e-01 -9.35689410e-02 -7.59235995e-02
  -8.47959832e-02 -1.00371109e-01 -6.06021520e-02 -2.46547894e-02
   2.54041893e-03 -2.37610852e-02  7.52051841e-02 -2.73431729e-03
   5.58682718e-02  9.46601455e-02 -4.40753181e-02  3.40714349e-02
   4.49133895e-02  5.88191176e-03 -1.29023204e-01  3.27510620e-02
  -4.74731834e-02  6.10736331e-02 -5.72533749e-02  6.60620481e-02
   7.85336159e-02 -3.93308671e-03  1.03670409e-01  3.26773263e-02
   9.96062742e-02 -7.59693747e-02 -5.47066708e-02  2.49282878e-02
  -3.16261674e-02  4.88620859e-02 -6.49896666e-02 -9.33786240e-02
   1.10465317e-01 -7.97807700e-02 -8.96649332e-02 -4.31286780e-02
  -9.68962199e-02  1.05533376e-01 -2.08841318e-02 -2.10626607e-02
  -6.09930984e-03 -1.80331006e-03 -4.25296439e-02  3.52750115e-02
  -9.00241539e-02  7.07143435e-02  7.68344320e-02  9.06420615e-02
  -2.30522345e-02 -5.28150505e-02  2.53845258e-02 -3.62826863e-02
  -6.32338935e-02 -3.19826215e-02 -3.51030731e-02 -3.89498774e-02
   1.07105997e-01 -5.49476162e-02 -5.04732152e-02  5.27169666e-02
   7.25244407e-02 -9.13393053e-02  8.67604865e-02 -2.73865583e-02
   3.10399905e-02  5.40461596e-02 -4.85455521e-02  9.24778333e-02
  -8.73380636e-02  3.08805443e-02 -2.58919075e-02 -6.81645174e-03
  -3.38613762e-02 -3.30220442e-02 -8.80117209e-02 -1.03474927e-02
   4.26438023e-02 -6.34533612e-02 -8.76870887e-02  2.11992387e-02
   6.96978135e-03 -3.73848869e-02  6.84099831e-02  1.21816190e-01
   1.02211679e-02  8.57606799e-02  1.05976424e-01  8.03333663e-02
  -4.12116670e-02 -4.84814484e-03 -3.76540013e-02 -1.12241034e-01
  -8.47590094e-02  2.37702708e-03  4.26744228e-02 -9.84496839e-04
  -2.33746112e-02 -2.72808635e-02  1.43793875e-02 -9.16284987e-02
   6.73890101e-02  1.10362040e-01 -2.32226769e-02  6.61501460e-03
   2.11323472e-02 -5.22774940e-02 -4.16319028e-02  5.19692724e-02
  -1.11641332e-01  5.58768447e-02  1.22748610e-01  6.36660772e-02
  -3.50484306e-02 -4.21634379e-02 -4.53080876e-02  7.48181213e-02
  -1.89417184e-02  4.57151932e-02 -9.31810821e-02 -1.91289479e-02
  -6.32499696e-02 -5.65196931e-02 -5.71901145e-02 -9.92906418e-02
   2.60953963e-02 -1.75682751e-02 -1.55017883e-02  8.70185792e-02
   7.89668911e-02 -1.46415335e-02 -4.60418749e-02  1.04687026e-01
   1.25413957e-01 -7.33082326e-03  4.48629760e-02 -1.51259756e-02
   9.76272930e-02  7.98076700e-02  1.00116307e-01 -1.08168625e-01
  -2.76946571e-02 -1.22531059e-01  1.75403242e-02  7.50195049e-02
  -9.93473206e-02  7.53002905e-02 -1.07186393e-02 -4.24641402e-02
   2.76953752e-03  1.08766343e-02 -2.68810046e-04 -6.04163942e-02
  -4.61901569e-02  1.19543668e-02 -4.31072868e-02  7.40473967e-02
  -5.10024292e-02  5.76085167e-02 -7.44441160e-02 -1.25136917e-02
  -5.47141099e-02 -7.51729088e-02 -1.05499316e-01  5.18235839e-02
  -3.54566791e-02  9.42916274e-02  5.79683450e-02  6.63009824e-03
   1.99286687e-02 -2.62233582e-02 -2.77271058e-02 -2.65613358e-02
   9.67300942e-02 -5.69492561e-02 -8.20757826e-02  1.64218313e-02
   4.53429206e-02 -7.55634800e-02]
 [-7.44476202e-02 -8.31563413e-02  8.45093808e-02  2.85918944e-02
  -1.02398747e-01  8.32228678e-02 -1.03295086e-01  5.58635206e-02
   3.56596308e-02  3.48768697e-02 -6.99566306e-02  3.50172198e-02
   1.05262256e-01 -4.86456861e-02  7.08987579e-02  8.49115238e-02
   4.09283001e-02 -1.58616356e-02 -1.22764985e-02 -3.35827980e-02
   1.10914220e-01  5.11582962e-02 -1.86112624e-02 -3.62218181e-02
  -9.39353333e-02 -7.58660791e-02  4.41983991e-02 -4.89526165e-02
  -6.82651475e-02 -1.38766741e-02  6.62412720e-02 -2.18123314e-02
  -3.62984678e-02 -5.73347199e-03  7.16247580e-03  4.12556548e-02
  -8.36356732e-02  2.41917701e-02  4.98032293e-02  5.84558734e-02
   1.02650074e-01 -5.03703001e-02 -2.43175954e-02 -6.06685176e-02
   5.81171704e-02 -3.22543313e-02  8.16636676e-02 -4.84297118e-02
   3.68296392e-02 -4.89192832e-03  2.82243036e-02 -6.91304926e-02
  -3.17253182e-02  5.24254041e-02  9.38777862e-02 -1.95374004e-02
   3.55037239e-02  2.60320913e-02 -1.52443685e-02  9.17550954e-02
   6.36115265e-02 -9.08382110e-02  7.32808073e-02  7.41481879e-02
  -9.37354151e-02  5.60720959e-02  4.93230612e-02  7.24340303e-02
   1.11606938e-01 -8.32490856e-02 -3.13307178e-02 -8.19849108e-02
  -4.97609657e-02 -4.05512575e-02 -4.24301052e-02 -2.21873268e-02
  -2.00539524e-02  1.06291565e-02  9.93094859e-02  4.60692384e-02
   1.05390383e-02 -6.98345041e-02 -6.82280229e-02 -1.19235754e-02
  -4.80354806e-03 -3.41181666e-02 -1.31779423e-02 -7.38960909e-02
  -2.32458238e-02 -6.58245946e-03 -5.62403593e-02  1.48023960e-02
   1.26772727e-01  2.47768454e-02  7.53195662e-02 -9.30498653e-02
   6.61036605e-02 -3.66234889e-02 -5.62946864e-02 -4.97372701e-02
   1.01014672e-01  3.66528255e-02 -3.97921049e-02  7.64887833e-02
   4.96423703e-02 -5.70148553e-02 -4.65759986e-02 -9.61383202e-02
   2.22208437e-02 -8.45668689e-02 -3.16416261e-03 -1.86609076e-02
  -4.63975086e-03  8.05830245e-02 -4.54462840e-02  8.36109609e-02
  -5.80276250e-02 -2.27362780e-02  3.39714305e-02  7.76490891e-02
   4.53461432e-02  9.66660481e-02  6.37109657e-02 -5.18690681e-03
   7.40649506e-02 -6.97220435e-02 -2.71022042e-02 -8.44925450e-02
   2.37701605e-02 -1.31932436e-02  9.22649202e-02  8.08468229e-02
  -7.05811186e-02 -5.50979456e-02  4.56923264e-02  7.41490652e-02
  -2.86147531e-02  5.29609021e-02 -9.38235201e-02  2.74328707e-02
   7.35624480e-02 -2.00624650e-02  7.49554026e-02  4.74862972e-03
   8.97087617e-02 -1.07518137e-01  9.81449317e-02 -1.07738685e-01
  -3.49486165e-02 -9.59001543e-02 -3.61062515e-02  9.56075922e-02
  -2.57830645e-02 -8.67172886e-02  3.21704712e-02 -5.47714228e-02
   1.06110195e-01  1.14060842e-02 -5.09248290e-02  3.01560819e-02
   6.30027348e-02 -1.08289585e-01  1.30711139e-02  8.01336962e-02
   1.05575059e-01  6.20959005e-02 -1.66258114e-03  5.47053000e-02
   7.88320962e-02  5.20010403e-02  4.84167052e-02 -9.79081062e-02
   6.02040144e-02 -1.74756623e-02  4.26124125e-02  4.66400222e-02
   1.03346413e-01 -5.32928604e-02  7.00561994e-02 -7.92794731e-02
   5.47255369e-02 -6.28020867e-02 -4.74380967e-02  1.13722342e-01
  -2.60655034e-02 -9.75491898e-02 -6.43671992e-02 -2.20616721e-02
   1.12872728e-01  1.12676907e-01 -3.43417028e-02  7.65022281e-02
  -4.61803238e-03 -9.43775183e-03  7.67646930e-02  5.58072066e-02
   9.16804551e-02 -3.56364003e-02 -1.11693631e-01  1.93205346e-02
   4.66416774e-03  1.00959688e-01  2.96484220e-03 -2.63165090e-02
  -3.63755707e-02 -3.28584551e-02  4.58180527e-02 -2.87864147e-03
  -7.70447314e-03 -1.26940884e-01 -7.95440642e-02  8.45880082e-02
   2.39765280e-03  5.10167818e-02  6.92639303e-02 -4.09926475e-02
   3.72064241e-02 -8.42052143e-02 -5.98809466e-02  7.34251830e-02
  -5.99158876e-02  1.08361589e-01 -1.79931163e-02  3.54171732e-02
   6.94375300e-02 -2.28137396e-02  5.65750712e-02 -7.30045516e-02
   4.04722572e-02 -3.22993825e-02  1.46937414e-02  1.04586987e-01
   4.29008794e-02 -8.57850263e-02 -8.08123875e-02  1.82678777e-02
  -3.53297918e-02  1.02908693e-01  4.83620446e-02 -6.01284825e-02
  -1.45759613e-02  2.74331426e-02  8.86099302e-02 -9.95961069e-02
   4.83389349e-02  4.98679862e-02  4.24397853e-02 -9.95892816e-02
   8.01494181e-02 -1.24559886e-02]
 [-4.16703929e-02  4.65301057e-02  6.09748219e-02 -2.12700728e-02
  -5.35269701e-02 -2.70415909e-03  8.82722675e-02 -1.19625213e-01
   8.48301350e-03 -3.66938810e-02  1.03871922e-01 -1.04396040e-01
  -1.33315340e-02 -6.03731824e-02 -4.92892295e-02  1.31768361e-03
   6.89660639e-02  3.96542273e-03 -1.09575332e-01 -6.89547462e-02
   1.95107694e-02 -4.64028275e-02  6.16860854e-02  4.15178032e-02
   8.43296292e-02 -5.97258652e-02  4.23814906e-02 -9.90075610e-02
  -6.19147832e-02 -2.60960447e-02  5.44221137e-02  5.41825323e-02
   3.25910668e-02  3.89074557e-02  2.92679991e-02 -2.11983115e-02
  -9.06969880e-02  5.95957413e-03 -3.52260073e-02  8.21441873e-03
   6.90454611e-02  7.39195954e-02 -1.15101630e-01  9.54857246e-02
  -1.19700555e-01  9.01337644e-02 -1.10922314e-01 -8.60694873e-02
   2.97670025e-03  3.51942307e-02 -1.36502930e-02  1.15858789e-01
  -6.73768410e-02 -6.56547429e-02  3.08441101e-02 -3.00984463e-02
  -6.19163441e-02  8.42640333e-03 -4.26016532e-04  5.58855612e-02
   9.23286754e-02  1.00264439e-01 -1.76978882e-02 -2.99259967e-02
  -5.82712342e-02 -1.02252689e-01 -9.23572748e-02 -1.43360721e-02
   1.19348788e-02  6.61221400e-02 -1.80070798e-02  1.33204298e-02
   5.10572464e-02 -8.99550849e-02 -1.04596463e-01 -1.03689873e-01
   3.99301461e-03  8.32601123e-02 -1.84239964e-02 -2.00604629e-02
  -2.60804621e-02  7.21161632e-02 -6.17403237e-02 -2.21582920e-02
  -7.63156863e-02 -8.60510711e-02 -1.81112903e-03 -1.01177084e-01
   2.08720765e-02  3.09411451e-02  6.54431596e-02  5.81231934e-02
   1.21931436e-02  6.45374279e-02  1.20188570e-02 -8.49667848e-02
   3.64090739e-04  3.65920931e-02 -5.16815308e-02 -6.07192454e-02
  -8.02932748e-02  2.17266628e-03 -6.50570525e-02 -3.02595644e-02
  -2.23619731e-02  1.88014926e-02  7.68228116e-02  9.08673668e-02
   3.25264968e-02 -7.42169129e-02 -4.48542995e-02 -7.57602366e-02
  -5.89254659e-02 -8.36636879e-02  4.57700814e-02 -5.01657216e-02
  -7.09643158e-02  6.78578877e-02 -8.95622234e-02 -5.85917849e-03
   6.97988535e-02  7.91681436e-02  6.39100845e-02 -2.71752857e-02
   2.61643221e-02 -5.12698868e-02  2.93628946e-02 -8.37515682e-02
   3.09551366e-03  8.57593605e-02  7.15670604e-02  7.48809877e-03
  -1.57343819e-02 -1.30450649e-02  8.52288541e-02  3.27080117e-02
   3.97300581e-02 -2.11828888e-02 -8.12489808e-02 -1.10791260e-01
  -9.10412511e-02  2.21137793e-02  8.86640813e-02  7.22727526e-02
   6.86748080e-02  1.04505435e-01  4.06484591e-02 -2.29887665e-02
   6.40462566e-02 -3.05047399e-02 -6.81025067e-02  8.78432791e-02
   1.06477668e-02  8.88948225e-02 -2.06990575e-02  6.22502201e-02
   2.65765339e-02 -8.87433700e-02 -4.48901601e-02 -1.30895614e-02
   1.93605755e-02 -3.98691040e-02 -8.41212604e-02 -1.05937053e-02
   2.13190177e-02 -8.60787725e-02  6.52357949e-02  1.40418057e-02
  -6.23467935e-03  7.74417866e-02  6.68629773e-02  1.01928621e-01
   8.94612449e-03 -3.29520170e-02 -9.42952554e-02 -5.62204914e-02
  -8.73478823e-02  7.62515102e-02  3.45635889e-02 -6.45591922e-02
  -8.73636574e-02 -7.65695820e-02  8.05121381e-02 -1.68727666e-02
   4.59211577e-02  1.56699112e-02 -2.83965865e-02  8.97637015e-02
  -5.27459552e-02 -1.92695909e-02 -7.19660513e-02  6.59614252e-02
   7.85367169e-02  6.00218863e-02  7.55043041e-02  7.85532441e-02
  -4.21727358e-02 -7.30957567e-02  7.65351867e-02 -4.99213585e-02
   6.04067082e-03  7.36722204e-02  5.53623571e-02  9.19017982e-02
   7.33087788e-02  1.20850091e-01  1.37516478e-03  1.29578664e-02
   1.14302438e-01 -6.32706347e-02 -2.38185285e-02 -9.25517065e-02
  -3.92123027e-02 -4.95050917e-02 -8.93912832e-02 -9.20285141e-03
   3.07032258e-02  7.69309777e-02  1.67935064e-02  4.69442738e-02
  -2.50437145e-02  6.22554197e-02 -1.88299694e-02  3.02230655e-02
  -1.18343950e-01 -7.40816907e-02 -3.65472842e-02  5.35954717e-03
   8.48008329e-03  8.29945539e-02  8.14873942e-02  6.87259438e-03
   4.39834263e-02 -6.64999327e-02  9.98668029e-02 -1.18200038e-01
   4.61529068e-02 -5.75561530e-02  5.53519752e-02 -5.08240842e-02
   9.67617393e-02 -5.74089428e-02  8.38724540e-02  2.46099407e-03
   5.90367345e-02  3.82127838e-02  9.80874199e-02 -7.48065670e-02
   9.82178475e-02  1.00785014e-01]
 [-8.29206097e-02 -1.03154307e-01  3.27545626e-02  8.43065361e-02
  -4.12666144e-02  9.06416596e-02 -7.59994972e-02 -6.58407236e-03
  -6.81351850e-02 -7.55587727e-02 -1.10812224e-01  7.09526972e-02
   8.51443338e-02  5.85856038e-02  8.55420359e-02  4.07008790e-02
   3.24219295e-02 -6.20250473e-02 -1.04431534e-02  7.59505981e-02
   2.69326681e-02 -7.42179863e-02 -7.63827121e-02 -1.96633996e-02
   5.04542332e-02  7.43178924e-02 -1.88242964e-02 -4.06869781e-02
   7.64579317e-03  7.44965951e-02  8.03872693e-02  9.84525181e-02
   7.42502436e-02 -4.36304407e-02 -7.28097134e-02  2.46881891e-02
   6.04894877e-02 -5.30358861e-02 -6.23828664e-02 -1.23195409e-01
  -4.74822505e-02  5.99271660e-02  7.71435467e-02 -4.85247474e-02
   5.91588144e-02 -5.14520103e-02 -6.03801332e-02  3.35386558e-02
   2.00131191e-02 -5.53161899e-05 -3.01443348e-02  8.47883814e-02
   7.55054783e-02 -1.19726963e-01 -1.07709964e-02  1.22150880e-02
  -4.88108915e-02 -2.78597310e-02 -5.46825597e-02 -3.28532109e-02
   1.35305394e-02  7.36803221e-02 -7.30819599e-02  2.75715596e-02
  -1.16321416e-01 -4.79803902e-02  1.68437655e-02 -4.76853112e-03
   9.59084783e-02 -2.10236690e-02  4.13370697e-02 -1.35920789e-03
   8.85679305e-02  3.72864460e-02  1.03885347e-01 -8.89813572e-02
  -9.05124208e-02  6.51697940e-02  9.92533165e-02 -9.98376615e-03
   4.18395354e-02 -7.39366609e-02 -6.65191460e-03 -5.75694412e-02
  -7.48846931e-02 -7.85812554e-02 -4.11420600e-03 -1.93804138e-02
   7.45069991e-02  6.72534923e-02  5.65074265e-02 -3.17885894e-02
  -9.21023063e-02 -4.20872139e-02 -2.78970835e-02  4.81773437e-02
   2.91654258e-02  8.89234638e-02 -5.97535958e-02 -5.96905829e-02
   1.47810069e-02 -4.89563098e-02 -1.53686835e-03  5.99946497e-02
  -5.43188117e-02 -1.21753202e-03  6.66469824e-02 -1.09659558e-01
   9.97539688e-02  7.29271717e-02  3.07523205e-02 -1.15238443e-01
  -1.12137966e-02  6.97748300e-03  2.83768495e-03 -8.76632471e-02
   1.78824187e-02 -8.14323625e-02 -5.02452488e-02  4.37171661e-02
  -6.77136534e-02  5.72784675e-04  5.55584666e-02 -1.09697528e-01
  -1.71069437e-02 -9.67718386e-03 -8.96253883e-02 -3.71426531e-02
  -8.17222854e-02  2.80784875e-03  9.17245391e-02 -8.58771779e-02
   1.00816519e-01 -9.28870759e-02  5.67226538e-02  2.67130518e-02
   3.43756365e-03 -1.55964210e-02 -1.01716584e-01  5.47481316e-04
  -3.55644462e-02  5.48306774e-02  2.05232583e-02 -7.60513840e-02
  -2.36852630e-02  1.38028505e-02  4.54907823e-02 -1.08218684e-01
  -3.50612505e-02 -3.28630468e-02  5.27637251e-02  4.29767123e-02
   7.83337082e-02  1.17694610e-01 -1.04169576e-01  5.88153416e-02
   1.64123533e-02  5.21210811e-03  6.95654769e-02  3.86927993e-02
   5.82992893e-02  6.00419335e-03 -2.58829671e-02  5.64139366e-02
  -1.03466575e-01 -5.00652178e-02 -6.67368086e-03 -6.03743053e-02
   9.66592848e-02 -7.40920392e-02 -8.42207642e-02  5.50526055e-02
   1.17737323e-01  1.47843314e-02 -8.29190241e-02  4.21389221e-02
   3.23873053e-02 -9.37980646e-02  1.01436930e-01  8.84159243e-02
   1.62447631e-02  5.58255164e-02 -1.96432141e-02 -1.05796096e-02
  -9.40989700e-03 -4.43812620e-02  1.56942076e-02  1.40199462e-02
   6.71391390e-02  6.51802212e-02  5.95016592e-02 -1.09184822e-01
   1.09006896e-02 -3.62461116e-02 -6.59742209e-02 -1.09634238e-01
  -8.62381549e-02 -9.14015837e-02 -7.28870143e-02 -6.31802742e-02
   8.00799661e-02 -5.44441054e-02  1.02775043e-01  6.91222148e-02
  -1.62937116e-02 -9.72298666e-02  3.36429849e-02 -8.19378728e-02
   4.27229513e-02  4.99242937e-02 -2.16256060e-02  5.60645428e-02
  -6.57206128e-02 -7.14566252e-02 -3.94934949e-02 -2.40174998e-02
  -1.11652490e-01 -2.98374782e-03  4.69330425e-02  8.51141339e-02
  -9.64826864e-02 -3.79706720e-03 -6.33166555e-02 -4.68796790e-02
   8.47180167e-02  9.75734387e-02 -1.34799341e-02  2.87998053e-02
  -9.61859854e-02 -3.95283520e-02  5.92883917e-02 -9.44229672e-02
   1.79440583e-02 -1.09609758e-02  1.86534855e-02 -5.22824606e-02
   6.95407301e-02 -9.01653223e-02 -9.01392385e-02 -1.21793025e-02
  -6.14279861e-02  3.27528478e-02 -2.26578322e-02 -5.11838269e-02
  -3.93923546e-02 -9.56015834e-02  3.96442995e-02  9.06390256e-03
   9.58721604e-02  6.28583099e-03]
 [-3.15189495e-02 -9.12699076e-03  5.03695169e-02 -7.14242215e-02
  -7.28298213e-02 -1.41072863e-02  3.48383335e-02 -8.08220541e-02
   5.35165895e-02 -1.01988641e-01  9.76958352e-02 -6.08099526e-02
   2.56527474e-02 -2.32705921e-02 -7.96402787e-02  2.94571585e-02
  -5.50152420e-02  8.78059645e-02  1.30385592e-02  2.93599320e-02
  -1.00707179e-01  1.62998387e-02 -7.01635047e-02  6.27094171e-02
  -7.23434310e-02 -8.67968697e-02  3.14702196e-02  4.59840490e-02
   6.96366297e-02 -7.61288173e-02 -3.43082790e-02  6.02588124e-02
  -6.03286808e-02  8.54085004e-02 -1.57342704e-02  3.41266367e-02
   4.80275822e-02  4.50424480e-02 -6.57526262e-02  6.67089751e-02
   9.43593184e-02 -7.51428957e-02 -1.00765084e-01  8.74901867e-02
   4.82861119e-02 -2.18538821e-02 -1.02462110e-01  1.05185220e-01
   2.88329171e-02 -1.57432129e-02  5.38840791e-02 -1.03247529e-02
   6.17734233e-02  5.00656236e-02 -8.43126188e-02 -9.74619418e-02
   8.94437626e-02  1.09648736e-01  1.97901975e-02  8.32174575e-02
   2.10991072e-03 -4.92091153e-02 -5.43363247e-02 -2.99389578e-02
  -1.47196990e-02 -1.11601982e-01 -9.68118044e-02  2.85015942e-02
   9.12517205e-02  9.59531061e-03 -1.11926520e-01 -6.27273500e-02
   2.05150895e-02  9.89594830e-02  6.28680280e-02 -1.14991526e-01
  -3.21087435e-02 -7.90540145e-03 -2.29553975e-02  7.41542259e-02
   1.52538131e-02  5.49814207e-02  8.54280219e-02 -1.08509609e-01
   7.16234710e-02  1.57074384e-02  7.34383674e-02 -1.02135489e-01
  -3.74958215e-02 -1.74506328e-02  2.27391542e-02 -4.51477475e-02
   7.49023451e-02 -5.40478636e-02 -1.07483821e-01  1.05216061e-02
  -7.67985435e-02 -6.32015566e-02 -2.96782861e-02  7.74585037e-02
   4.87990405e-02  2.29117871e-02 -7.67228897e-02 -5.75767800e-02
  -1.19571844e-01  1.04367891e-01  6.49563147e-02 -5.34138097e-02
   9.16074757e-02 -6.08342199e-02  4.88138721e-03 -8.91213552e-02
  -9.08514016e-03  6.14111901e-02 -6.09162758e-02  8.28937176e-02
   1.02965451e-01 -4.28264379e-02 -7.80143959e-02 -4.28174089e-02
   9.21597720e-02 -8.45087053e-02 -3.58281387e-02  1.38740315e-02
  -4.92332299e-02  3.73103468e-02 -9.80625673e-02 -1.02865175e-01
  -2.87889754e-02 -5.80271869e-02  4.55126825e-02 -2.95093785e-02
  -4.45215481e-02 -8.46268822e-02 -7.74405339e-02 -1.66404060e-02
   1.87048914e-02  1.85001727e-02 -6.14557499e-02  8.43095831e-02
  -6.29287230e-02 -3.88896396e-04 -3.56699531e-02  7.25325522e-02
   7.22188829e-02 -4.82247214e-02 -9.65169095e-02  2.53462965e-02
   1.03500134e-01 -7.17359049e-02 -4.13740822e-02 -2.57685708e-02
   5.61275535e-02  8.63419822e-02  6.35489304e-02  5.36772150e-02
  -6.09439878e-02  3.93206785e-02  1.11777267e-01 -6.88069687e-02
   2.37902977e-02 -5.24000347e-02  7.49006440e-02 -9.31336721e-02
   7.40723040e-02  5.51781903e-02  1.30903725e-02 -4.27666461e-02
   7.39010828e-02 -7.29874123e-02 -4.09040393e-02 -5.45576225e-02
   8.21035123e-02  3.86725510e-02  6.00651779e-02  7.48591633e-02
   2.34375085e-02  1.40941089e-02 -1.51394518e-02  6.55296382e-02
   8.09702884e-03  1.03384252e-02 -7.55370595e-03  3.81687366e-02
  -2.33250579e-02 -7.02159389e-02 -1.89765663e-02 -6.31861370e-02
   7.84991625e-03 -2.11018508e-02  6.69875026e-02 -3.08197958e-02
   8.50386965e-02  4.42587949e-02  2.86653684e-03 -1.02759288e-01
  -1.17145081e-01  4.97079503e-03 -5.49902820e-02 -5.50753066e-02
  -4.11498081e-03 -5.74830831e-02  7.76902386e-02 -8.91163246e-02
  -8.88267446e-03 -2.97832040e-02 -3.73092050e-02  8.34817701e-02
  -7.68890111e-02 -3.92237592e-02  9.69759201e-02 -9.12466179e-02
   6.07570985e-02  5.88148434e-02 -1.66908964e-02  7.61170368e-02
   7.55929811e-02  5.73542070e-02  4.36126691e-02  5.17283679e-02
  -3.71058163e-02  4.08289631e-02 -9.16373823e-02  7.24682979e-02
   3.17798468e-02  1.64661541e-02  6.46568950e-02 -5.78940371e-02
   3.33951376e-02 -7.59610510e-02 -8.90454287e-02  7.72867585e-03
   1.21224640e-01 -7.12062397e-02  8.74223608e-02 -6.28144131e-02
  -7.20236789e-02  1.23059241e-02  3.74066165e-02 -2.38823006e-02
   1.02199290e-01  8.11427081e-03 -1.91588628e-02  4.22400638e-02
  -3.22408374e-02  3.88314480e-02 -4.95056818e-02  8.89411600e-02
  -4.55234695e-03 -6.05138633e-02]
 [-2.74910397e-02 -7.63343519e-02  3.88709589e-02 -5.98266894e-02
  -6.48284079e-02  1.12363698e-02 -4.26575958e-02  1.39417138e-02
  -1.00753780e-01 -3.29144929e-02 -7.08037660e-02  5.32775569e-02
  -4.75122867e-02 -4.53009865e-02  3.32207214e-02 -1.24093450e-02
  -6.84516634e-02  2.07461351e-02  7.03082626e-02  1.74201628e-02
   1.75892991e-02 -6.34927331e-02  7.47429950e-02 -1.04388373e-01
  -9.41665335e-02 -7.89096157e-02  5.50468219e-02  1.10232083e-02
   9.16420786e-02 -9.63908155e-02 -2.98535499e-02  6.90792803e-02
   1.06892272e-01  2.90445511e-02 -9.25116951e-02 -6.27598609e-02
  -6.90585875e-02  7.73448957e-02  9.11658542e-03 -5.60195395e-02
  -2.35979302e-02  6.17596220e-02 -2.07482494e-02 -6.94761329e-02
   2.40191313e-02 -1.04049094e-01 -7.99020472e-02 -5.06158007e-02
  -5.27180111e-02 -1.73533967e-02  3.62856039e-02 -1.75873737e-02
  -4.50024534e-02  2.60461219e-03  1.18092750e-01  4.42636880e-03
   8.42071358e-02 -2.53496085e-02  2.70521589e-02 -8.27000902e-03
  -1.12904237e-02  8.16907035e-02 -1.10634831e-01  7.29800956e-02
   5.34587572e-02 -4.02776032e-02 -8.49314848e-02  5.66733008e-02
   8.85466319e-02  8.38944754e-02  7.81701368e-02 -3.53650407e-02
   3.56453647e-02 -1.21483391e-01  9.88312211e-02 -7.01134495e-02
   3.69915748e-02 -5.65184478e-02 -9.05586238e-02 -1.17084173e-01
   8.79045666e-03  1.09231509e-01  8.08408203e-02  3.80716190e-03
  -5.52338105e-03 -4.99561569e-02 -9.29070999e-02 -1.45524460e-02
  -6.49932298e-02  1.06354418e-02  1.47850252e-02  5.67105407e-03
   6.61905120e-02 -3.10993153e-02  1.30416656e-01 -4.22019710e-02
  -2.02696076e-02  1.90829719e-02 -1.14072356e-01 -1.19042353e-02
  -1.75236320e-02  9.07033015e-02  5.54884840e-02 -2.38438089e-03
   1.16089060e-01  8.02584345e-02  4.56816864e-02  5.43756184e-03
  -9.38283697e-02  4.76304291e-02 -6.74476532e-02 -1.70499241e-02
  -7.81432190e-02 -1.16623417e-01 -8.62719601e-02  6.60028246e-02
   6.99970839e-02 -2.13766577e-02  5.50922467e-02 -4.91563481e-02
   8.13540746e-02 -4.90087285e-02  7.29866328e-03  1.39779582e-02
  -6.13923398e-02 -6.45087404e-02  2.06520201e-02  7.26393733e-02
   5.23360946e-03 -6.64761508e-02 -9.22115307e-02  7.70925990e-02
  -4.59188970e-02  8.95040350e-02 -5.19485123e-02  6.42022995e-02
   1.12599617e-01 -7.65681295e-02 -4.75706463e-02 -1.14677956e-01
   7.38951927e-03 -9.41564142e-02 -6.51065333e-02  1.26256469e-02
   1.84938021e-02  6.42125499e-02  8.50168857e-02 -8.51441428e-02
  -1.11723007e-02 -9.79508583e-02 -1.89231019e-02  5.38182828e-02
  -2.58834383e-02  6.12692307e-02 -8.42752072e-04 -8.40810538e-02
   2.85001354e-03 -7.87678311e-02 -6.02120183e-02  9.40263372e-03
   1.67446749e-02 -8.60915119e-03  3.45966673e-02 -2.60525964e-02
  -5.65610729e-02 -3.44636635e-02 -4.12071427e-02  4.95485708e-02
   3.08795641e-02  9.18951960e-02  4.20438638e-03  3.08112066e-02
   8.01163798e-02 -5.52584458e-02  8.60243655e-02  2.81393464e-02
  -1.08600781e-01 -5.40385779e-02 -6.27559675e-02 -8.16124977e-02
   8.09970169e-02  1.08902457e-01  1.08185191e-02 -6.94863838e-02
   2.29318636e-02 -1.79646854e-02 -4.00905178e-02 -7.83481883e-02
   2.07749000e-02 -1.22243549e-02 -9.86885645e-02 -7.51814671e-02
   7.89321313e-02 -1.11253123e-01 -1.22556784e-01 -7.89926524e-03
  -2.47330519e-02  3.54527263e-02 -7.84874662e-02  4.72205002e-02
  -5.72708825e-02 -8.62334666e-02  5.75394927e-02  2.78834412e-02
   6.88223735e-02  4.17164400e-02  6.29859703e-03 -7.97281465e-02
   3.14240827e-02  5.00304394e-02 -2.73294791e-02  9.73875604e-03
   1.00435462e-01  3.54878681e-02 -1.17443354e-01  8.48905613e-02
   4.24218288e-02 -3.66762143e-02  3.17911195e-02  4.63327975e-02
  -7.75458325e-02 -6.94644871e-02  9.18828697e-02 -9.53072346e-02
   9.48442591e-02 -6.20581635e-02 -1.34768744e-02 -9.71321419e-03
  -3.30733893e-02  4.98002120e-02 -5.32455784e-02 -9.04847445e-03
   2.88987997e-02  1.00546305e-01  3.61540049e-02  1.97050040e-02
  -5.35783326e-02  9.33986861e-02  2.82603054e-02  1.71052525e-02
   1.07575048e-02  1.12195337e-01  3.11504716e-02 -5.57630816e-02
   8.52837263e-02  2.11793185e-02  6.02947424e-03  1.09756396e-01
  -8.06879456e-02 -3.20941954e-02]
 [-5.74428806e-02  9.72343454e-02  8.12690465e-02 -3.94725821e-02
   3.44675918e-02 -1.18642221e-01 -1.17694750e-01 -6.65460290e-02
  -1.87198351e-02  1.01049190e-01  3.62848386e-02 -7.29076630e-02
   7.22593880e-02 -2.26452716e-02 -4.49267448e-02 -9.99119557e-02
  -7.45742299e-02 -9.47932358e-02 -8.03710802e-02  8.22610658e-02
  -7.04917540e-03  7.80216798e-02  4.71676373e-03 -4.26321026e-02
  -1.79671789e-02 -8.94611507e-02 -6.06975584e-02 -5.91555240e-02
   4.13320014e-02 -1.39805308e-02 -6.88753243e-02  7.54213169e-02
   9.80336364e-02  4.60721596e-02  8.76649936e-02  2.66461619e-03
  -4.01143724e-02 -1.27632231e-02  9.80234557e-02 -3.99464984e-03
  -8.53281409e-02 -7.31929061e-02 -2.32992967e-02  1.66503614e-02
   3.79317899e-02  9.56354388e-03  9.42090475e-02 -4.37198427e-02
   1.77416296e-02  2.72587601e-02  1.14551252e-01  4.95262175e-02
   2.75630524e-02  8.05002906e-02  2.45689237e-02 -5.95549814e-02
   1.06231467e-03  4.72923844e-02 -8.16047448e-02 -4.03739615e-02
   1.66460012e-02 -9.71014836e-02 -4.63191925e-02  4.82409603e-02
  -6.92670588e-02 -6.25121811e-02 -6.71325245e-02  6.50985533e-02
  -3.22024748e-02 -3.50956708e-02  5.20584338e-02  8.39903573e-03
   1.64722476e-02 -7.21364044e-02  1.11938888e-01 -5.06656945e-03
  -5.23290101e-02 -7.00345468e-02 -8.80096428e-02 -1.41967068e-02
  -4.22298826e-02 -1.19934404e-02  7.48273486e-02 -7.64572545e-02
   4.22157491e-02  1.54456437e-03  6.65172529e-02  1.80816482e-02
   5.83434082e-02  7.15101463e-02  1.03883745e-01 -4.47800743e-02
  -2.52898266e-02 -1.00983475e-01 -8.11438345e-02 -5.46276932e-02
   4.60044325e-02 -1.56545718e-02  8.02119865e-02  5.94989044e-02
   9.68665598e-02 -7.43524760e-02 -2.21732732e-02  9.32602768e-02
   4.20593405e-02 -1.05185387e-02 -5.38177326e-02  1.18034858e-02
  -4.92533118e-02 -1.05660683e-02  5.71445190e-03 -5.88149664e-02
  -7.56230042e-02  6.09980162e-02  5.83137108e-02  2.82392930e-02
   3.69563477e-02 -6.69240681e-02  5.60470900e-02  7.25190413e-02
  -9.06457057e-02  6.16271127e-02 -7.94603973e-02  1.09344762e-03
  -4.90764393e-02 -6.11379130e-02 -1.81320735e-03 -3.95466344e-02
   1.19249950e-01 -8.55196522e-03 -2.43646108e-04 -1.71999442e-02
   1.46628035e-02  9.44893186e-03  8.21044442e-02  8.23736082e-02
   3.71139857e-02  2.45133719e-02 -1.54866287e-02  1.22325657e-01
  -1.61620995e-02 -6.18319708e-02  2.16488589e-02  4.36869367e-02
   2.11952518e-02  6.18432851e-02  8.76673684e-02  7.03282939e-02
   5.93074315e-02  6.67002865e-02 -7.94174010e-02  4.32012449e-02
  -6.82382790e-02 -7.54772872e-02 -7.07230080e-02 -9.85203112e-02
  -4.59283813e-02 -5.03079195e-02 -1.04468980e-01 -9.19774734e-02
   8.99843237e-02 -2.40497188e-02 -8.02289255e-02 -8.59130414e-02
   3.54389034e-02  4.54316585e-02 -9.69100891e-02  3.63140291e-02
   3.89615985e-02  6.08816598e-02 -8.29607386e-02  7.87790785e-02
   1.00764375e-01  1.05184153e-01 -5.17999398e-04 -8.75072293e-02
   6.99902994e-02 -9.69977913e-02 -5.33173294e-02  1.34991362e-01
  -7.39768921e-03  3.61290588e-02 -2.95087130e-02  1.59083651e-02
   9.87566088e-02  1.64814706e-02 -3.22697613e-02  1.01996502e-02
  -3.29903922e-02 -6.83772061e-02 -5.42037891e-03  2.41184151e-02
   4.11748383e-02  7.38980961e-02 -4.89390617e-02  8.02678950e-02
  -1.08532377e-01 -1.52522286e-02  3.63424296e-03  6.16919316e-02
   2.26475458e-02  4.92394002e-02 -7.87162236e-02  7.65936029e-02
   7.27621476e-02  2.16358448e-02  4.18932316e-02  3.59330542e-02
   1.14748862e-01  8.00443514e-02  1.47729324e-02  5.79471305e-02
  -1.14851172e-01 -3.18392814e-03  7.36596692e-02 -6.19813188e-02
   6.58026436e-02  2.95949621e-02  7.51870348e-02 -3.42159397e-02
   7.59932821e-02 -6.70948801e-02 -9.16766304e-02  2.47991807e-02
  -7.20009751e-02 -2.45252603e-02 -2.58157988e-02 -5.40296018e-02
   5.34852640e-03 -4.56313951e-02  9.88446566e-02 -9.51685065e-02
  -1.22084684e-02  1.66604731e-02 -8.88445988e-02 -5.89317344e-02
   6.86144689e-02  1.12266398e-01 -1.65196092e-03  6.37312671e-02
  -1.36848354e-02 -1.29462966e-02 -1.11767249e-01 -1.15918909e-01
   1.80962363e-02 -5.31527383e-02 -1.71765003e-02  1.06338933e-01
   8.99652545e-02 -1.20008111e-02]
 [-2.86772832e-03 -6.88492110e-02 -5.15406615e-02  7.89988598e-02
  -8.32217618e-02  4.97292864e-02  2.99139436e-02  1.51069407e-02
  -1.04819962e-01 -8.82476290e-02 -2.61775368e-02 -8.53083227e-02
  -4.04636691e-02 -1.66636765e-02  7.59813632e-02 -3.20791044e-02
   4.65755620e-02  3.01338092e-02 -9.43196429e-02  1.41833593e-02
  -7.04224796e-02  9.08382315e-02  6.78197679e-02  1.09031466e-01
  -4.40631788e-03 -1.14390679e-01 -9.91875589e-02  7.90949659e-03
  -1.11325913e-02  4.29603653e-02 -8.58812384e-02 -1.39638240e-02
   5.30975528e-02  4.38970621e-03 -1.62961102e-04 -2.82091504e-02
   3.19709632e-02  1.65497437e-03  4.48634561e-02 -9.30874041e-02
   1.24629033e-03  1.22634057e-02 -4.18373839e-02 -3.89530846e-02
  -6.99066567e-02  2.15643524e-02  6.56211863e-02 -1.02745745e-01
   1.06620909e-01 -2.28360704e-02  8.37129859e-02  6.33922527e-02
  -8.51315284e-02 -4.03943028e-02 -4.73387577e-02  1.07511613e-01
   6.55869481e-02 -7.40913280e-02  5.32309621e-02 -9.45889331e-02
  -2.77113738e-02 -4.19153072e-02 -4.40727091e-03  9.85910322e-03
   7.09828410e-02  6.82441189e-02 -2.86781117e-02  9.77949309e-02
  -8.39899887e-02  4.41610638e-02 -8.51451288e-02 -1.13240877e-01
  -5.17824556e-02  2.79543774e-02  3.26718986e-02  3.59282409e-02
   3.88155376e-02 -3.21917461e-02  7.50233896e-02 -3.98313913e-02
   4.02203466e-02 -7.26841652e-02 -3.29353336e-02 -2.57419525e-03
  -7.21372889e-02 -6.72231442e-02 -5.91764977e-02  2.59852350e-02
   9.62228017e-02 -9.64987788e-05  9.96321736e-03  9.67903427e-02
   6.42081246e-03 -1.03087527e-01  8.64406282e-02 -5.25854950e-02
   7.99488586e-02  8.68496730e-02 -1.21819558e-01  9.11786253e-02
   4.79580631e-02 -1.24718231e-02 -8.35656174e-02 -1.43981746e-02
  -7.87592031e-02  1.26971684e-01 -5.37705013e-02 -2.43633917e-02
  -3.82068317e-02  3.86330718e-03  6.71261155e-02  7.78367571e-02
   1.14760770e-01 -3.48329281e-02 -2.29999721e-02 -2.20903212e-02
  -1.63040428e-02 -2.29806666e-03 -6.12095253e-02 -9.13325829e-02
   2.29696860e-02 -3.15335970e-02  3.32869479e-02  9.47187093e-02
  -3.30859424e-02 -9.13615935e-03  8.26068249e-02 -5.32297624e-02
   6.87183413e-02  9.02942682e-02 -4.60212854e-02  3.00942465e-02
  -5.79618788e-02 -4.05782361e-03  1.21968536e-02  4.32614946e-03
  -7.21566390e-02  6.27004545e-02 -5.69212902e-02 -1.01304278e-01
  -1.17330185e-01  3.02404924e-02  6.69246506e-02 -4.07675729e-02
   9.09538832e-02  2.35985020e-02 -8.22251373e-02  5.82753905e-02
   8.65935826e-02  7.67494544e-02  4.27314638e-02 -9.71357725e-02
  -3.29424096e-02 -6.75905396e-02  5.73330985e-02 -6.83277007e-02
  -3.61448924e-02  8.86081244e-02 -1.54000788e-02  2.50455577e-02
  -6.86379360e-02  4.37470305e-02  2.94269168e-02 -1.43781582e-02
  -3.15619587e-02  1.03326337e-01  3.91866216e-02 -9.01061837e-02
   6.70374736e-02 -6.00032939e-02 -1.32859688e-01  9.59611667e-02
   8.51791710e-02  2.94192297e-02 -6.14455680e-03 -7.60788167e-02
   2.57613202e-02 -7.11653520e-02 -8.58219110e-02 -3.34850776e-03
   1.07189399e-01  7.39746919e-02 -4.21605660e-03 -3.08029922e-02
  -7.62161123e-02 -3.50074534e-02 -3.84931489e-04 -1.19409707e-02
  -5.30808328e-02  1.94237794e-02 -2.50940965e-02 -9.09038557e-02
   1.04677619e-01 -1.24937026e-02  2.01383795e-04  5.20981988e-02
   8.30865455e-02  7.55630042e-02  9.74178093e-02  6.28969277e-02
   4.64690006e-02  4.97262094e-02  4.13736464e-02 -5.09922926e-02
   1.02031970e-01  1.98956327e-02  2.37218536e-02 -6.54364214e-02
   4.18554305e-02 -2.73375103e-02 -2.71946737e-02 -3.11367953e-02
  -8.59276946e-02 -7.10481341e-02  4.53151841e-02 -6.46315903e-02
   2.51505732e-02 -1.23191234e-03  2.69883679e-02  2.21497051e-02
  -4.61463037e-02  7.04192907e-02 -4.90752314e-02  1.25818712e-01
   7.23273952e-02  2.37326205e-04 -3.68783535e-02 -1.17323944e-01
  -6.05460380e-02  6.39685517e-02 -7.50538801e-02 -1.12911043e-02
   8.45021912e-02 -9.83410729e-02  9.87119601e-02  7.35491680e-02
  -3.58270451e-02 -4.43065155e-02 -5.32658033e-02  3.86340422e-02
  -8.44262846e-02  4.29279436e-02  7.59703379e-02 -2.15213008e-02
  -8.60621073e-02  2.87688922e-02 -1.01582371e-01 -4.52436834e-02
   9.10744885e-02 -7.54308679e-02]
 [-6.04628773e-03 -8.07701738e-02  5.30932915e-03 -8.37273445e-02
   5.44129458e-03  2.44587167e-02  8.09514735e-02  9.86859885e-02
  -9.51461319e-02 -5.47443012e-02 -2.42201472e-02 -6.10908691e-02
   2.28969652e-02 -3.21852321e-02  9.68402753e-03  2.43215668e-03
   8.99646250e-02  3.83990998e-02 -9.35720569e-02  1.57195474e-02
   2.91814838e-02  7.49693274e-02  4.39165858e-02 -5.14533182e-02
   3.23425025e-02  3.74320122e-02 -9.93824281e-02 -7.89500548e-02
  -8.43557741e-03 -6.54852100e-02  3.80508332e-02  1.08104263e-01
  -1.01992006e-01  1.17235998e-01  3.32369831e-02  6.25029187e-02
   4.41787438e-02 -9.98276644e-02 -1.06796851e-01  7.93850716e-02
   7.13166827e-02 -9.18319646e-02  7.47832327e-02 -7.18144278e-02
   2.75182128e-02  5.19271605e-02 -7.94024803e-02 -2.41184260e-02
  -1.01758921e-01  5.13048488e-02  5.82928792e-02  6.37039418e-02
  -3.91459523e-02  4.14611621e-02  9.98259129e-03 -5.76512452e-02
   9.02586987e-02 -7.98865212e-02  8.83790610e-04 -1.16010924e-02
  -7.65885874e-02 -2.47817489e-02  1.12947237e-02  7.21896252e-02
  -7.29535847e-02  3.71785733e-02 -9.44519926e-02  7.49658233e-02
  -6.68521249e-02 -7.93160145e-04 -2.68543351e-02 -1.41845604e-02
   1.22776783e-01  6.70817599e-02  9.73403681e-02 -4.92927318e-02
  -5.28578719e-02 -6.83229657e-02  1.99437657e-02 -3.70889373e-02
   9.60534514e-02  9.57118474e-02  8.95838487e-02 -6.70780182e-02
  -4.82272290e-02  4.69478084e-02  2.43803710e-02  3.37494990e-02
  -7.07799541e-02  1.45340559e-02 -8.87722295e-02 -5.25715226e-02
  -1.74619055e-02 -3.37233110e-02 -3.76977979e-02 -3.25910262e-02
   3.60109078e-02 -5.70451970e-02 -4.79172915e-02  2.48352794e-02
  -8.98678139e-02  1.84493277e-02  1.06607940e-01  4.96652919e-02
   9.90691065e-02  7.14333690e-02 -1.15847529e-01  8.33823286e-02
   3.39488158e-02 -4.30918852e-02 -1.04429026e-01  5.23011391e-02
  -4.95912681e-02 -3.08095415e-02 -2.06089388e-02 -8.22863569e-02
   1.59897903e-02  2.65308738e-02  7.04374193e-02 -1.04816052e-01
  -6.33317222e-03  9.56175381e-02  1.92963955e-02 -6.32021340e-02
  -1.19342858e-01 -6.08983944e-02 -3.03035424e-02  2.51538120e-02
   1.43039616e-02  6.61477243e-02  7.61608693e-02  9.38047028e-03
  -2.50354343e-03 -7.03476964e-02 -9.16935501e-03  2.54083926e-02
  -8.94998854e-03 -2.20722506e-02 -9.64044042e-02  1.19874191e-02
   7.11046229e-02 -2.09573814e-02  2.16584495e-02 -6.92753346e-04
  -1.17326165e-01  3.20424103e-02  1.77723985e-02  7.37799182e-02
  -5.89901440e-02  6.64238488e-02  1.62115610e-02  2.99054402e-02
   5.69588344e-02 -7.91900407e-02  7.24161145e-03 -1.13934213e-02
  -6.13745155e-04 -4.31182610e-02 -1.05177429e-01  3.09720216e-02
  -4.32258635e-02  1.04494380e-01  4.44631732e-02 -7.14573774e-02
   6.43176330e-02  9.87742317e-02 -5.79731170e-02 -5.71069345e-02
  -6.19439306e-02 -8.05929584e-02  3.31473573e-02 -5.85210833e-02
  -6.72934969e-02  6.34359791e-03 -2.56661007e-02  1.53197978e-02
   5.94414537e-03 -1.34730778e-02  7.53157190e-02 -1.78939838e-02
  -4.31483315e-02 -3.75332899e-02  1.17565184e-01 -5.07812906e-02
  -3.22383989e-03  2.67092338e-02  1.11301952e-01 -3.35298414e-03
   6.93345304e-02 -1.09580244e-01 -4.37915877e-02  5.91315645e-03
   1.05957617e-01 -6.23146654e-02 -4.53106150e-02 -3.55051513e-02
  -5.97152886e-02  4.75165627e-02 -6.23027091e-02 -2.99579904e-02
   1.07765286e-01  5.59101294e-02  3.48679460e-02  5.36886897e-02
  -5.77666532e-02 -8.08511725e-02 -1.12692604e-01 -6.56903962e-02
   3.98534315e-03 -5.95002391e-02  2.79606095e-02  9.68568762e-02
   3.76501567e-02 -6.35545989e-02  9.96007882e-02 -1.45127150e-02
  -8.32522728e-03  5.99423162e-02 -8.24091706e-02 -3.37246000e-02
  -6.57398801e-02 -5.51472798e-02  8.63767783e-02  7.84619904e-02
  -1.06030108e-01  7.26484556e-02 -2.22376429e-02  1.00972933e-01
   8.92364904e-02 -4.03512877e-02 -9.76067449e-02  4.87269738e-02
   9.44702376e-02 -4.94779312e-02 -8.43095041e-02  4.66293764e-02
   8.96391669e-02 -5.67904668e-02 -4.10601618e-02  6.97988898e-02
  -4.56306476e-02 -2.80015035e-02  8.11302436e-02  9.23691042e-02
   7.29043047e-02  9.78279516e-02  6.89458195e-02 -4.42336916e-02
   6.16122801e-02 -3.60395713e-02]
 [-9.92725315e-02 -4.25324176e-02  3.09158648e-02  1.84708697e-03
   6.24576116e-02 -5.51197117e-02 -8.76485759e-04 -5.29517505e-02
  -3.75742637e-02 -1.25515568e-01  9.01087238e-02  1.01987432e-03
   3.22846837e-02 -9.03112513e-03 -1.84455909e-02  3.58642830e-02
   8.70104018e-02 -2.60214867e-02  9.15821312e-02 -9.86264287e-02
  -8.35296105e-02 -2.76253829e-02  6.17037284e-02 -5.75713110e-02
   9.03689413e-02 -7.85544003e-02 -9.67013395e-02  1.13233666e-01
   2.02557011e-02 -8.73879644e-02  5.67429279e-02  5.89901122e-02
   6.56109980e-02 -7.27516932e-02  2.82581627e-02  8.84451918e-02
   7.30149140e-02  3.62333181e-02 -2.36183072e-02  6.30862934e-02
  -8.39071457e-02 -3.72026363e-02 -2.01965081e-02  8.22361120e-03
  -9.10123250e-02  3.63982546e-02  1.61908556e-02 -9.80077751e-02
   6.34489988e-02 -3.41210348e-02 -2.23020721e-02 -4.71817504e-02
   8.41402496e-02 -9.11734457e-02  2.61605123e-02  1.86206378e-02
   1.21042242e-01 -2.10932384e-02  6.92222232e-02  3.95047479e-02
  -9.61319986e-02  7.93480816e-04 -1.04379786e-01  3.39644728e-02
   4.91741158e-02  1.50205832e-02  1.98586831e-02 -2.05613306e-02
  -6.86272206e-03  1.08721264e-01 -6.89987363e-02  5.23286245e-02
   8.23641658e-02  6.13001450e-02  1.23844566e-02 -3.75030232e-02
   6.18690772e-02  8.36132327e-02  1.08268597e-01 -9.25704963e-02
  -1.06137219e-01 -5.39936511e-02  2.74484649e-02 -2.37678316e-02
   9.37115321e-03  8.29407002e-02  2.75024710e-02  2.58482751e-02
   7.05228207e-02  2.00818028e-02 -7.25562203e-02  7.51574187e-02
  -7.14018171e-02  5.76159114e-02  4.10165810e-03 -9.91072255e-03
   7.98604353e-02 -3.57514832e-02 -9.39114091e-02  7.35886121e-03
  -9.13942684e-02 -5.28513950e-02  6.30708344e-02  1.61747797e-02
   7.06458594e-02  2.10179294e-02 -1.72196782e-02  9.74112944e-02
  -6.66783037e-02 -4.65006631e-03  9.56086206e-02  7.51351392e-02
   1.00622309e-01 -3.76663614e-02 -1.65115130e-02  9.68891017e-02
   9.93513089e-02 -3.38745641e-02  9.89358102e-02  1.54322371e-03
   3.01253635e-02 -7.28469361e-02 -9.69202133e-02 -2.40892631e-02
   2.33406796e-02 -8.87503471e-02 -7.23755285e-03 -4.35442765e-03
  -3.65075006e-02 -7.44095617e-02  8.08948355e-02  7.73451608e-02
  -5.26165163e-02  2.75361642e-02  4.96130524e-02 -8.02114579e-02
  -2.28972857e-02  8.78865625e-02  6.81516268e-02 -7.13148887e-02
  -3.08846606e-02 -8.37215155e-02 -1.90650020e-02 -1.61052549e-02
  -1.99103098e-02  3.71378949e-02 -3.53497452e-02  8.77925500e-02
   2.13066355e-02  5.66521441e-02  5.92964382e-02  1.04881590e-01
   8.55281907e-02 -7.69635641e-02  8.95467281e-02  1.43974907e-02
  -1.45722989e-02  5.89580704e-03 -4.86491323e-02 -7.06370426e-02
   9.44136605e-03  4.80807612e-02 -4.17897126e-02  3.59048172e-02
   9.81994423e-02  3.42964576e-02  1.26078843e-02  3.32417424e-02
   3.31230403e-02 -5.36695184e-02  8.71790047e-02 -4.69572527e-02
   9.38630541e-02 -3.39509084e-03  9.91435009e-03 -2.13589016e-02
  -2.11929617e-02 -4.51700398e-02  4.40018565e-02  8.49679993e-02
  -3.47510746e-02 -6.28576339e-02 -4.57015074e-02  1.09568088e-01
  -6.14002913e-02 -7.62427999e-02  9.17538825e-02  9.92588609e-02
  -2.85582155e-03  3.80668643e-02  5.90949829e-02 -2.48110805e-02
  -4.19805806e-02  2.13651303e-02  8.82207262e-02  8.03692254e-02
   1.71603161e-02 -2.40884710e-02 -2.30826981e-02 -6.25072944e-02
   6.90995345e-03 -1.60634907e-02  5.22253534e-03  9.11418219e-02
  -5.04550068e-02 -6.77302541e-02  3.69690167e-02 -5.95017052e-02
  -1.11506952e-02 -7.94744470e-02 -8.96614507e-02 -3.83968715e-02
  -7.03604566e-02  6.02948377e-02 -4.30480441e-02 -9.79654699e-02
  -1.45011048e-02 -5.97232849e-02  1.00919857e-01  1.00866602e-01
  -1.11499605e-02 -9.67082184e-02 -1.15655662e-01 -6.42879586e-02
   4.14949096e-02  3.34589543e-02  8.08438194e-02  6.00404134e-02
  -1.36880941e-02 -9.50591753e-02 -5.94999969e-02 -1.31144245e-02
  -1.07625796e-01  6.84720808e-02  6.34628641e-02 -9.16122839e-02
   6.59482655e-02  1.27492741e-01  8.29391797e-02  1.11282879e-02
   9.39093894e-02  5.99331225e-02 -7.20798662e-02 -6.15552726e-03
   1.30258238e-01 -5.90919901e-02 -3.97526458e-03 -7.43036963e-02
  -4.72215692e-02  7.35991464e-02]
 [ 3.54310716e-02  5.56957311e-02  7.24252059e-02  5.28637345e-02
   8.07018021e-02  4.03234878e-02 -3.21811365e-02  1.00765037e-01
  -3.73587342e-02  5.51770022e-02 -4.42143636e-02  3.52301985e-02
   7.27370416e-02  1.52760879e-02  7.61676954e-02 -1.04474422e-01
   3.75521831e-02 -7.45133911e-02  7.90778153e-02 -4.08759034e-02
  -5.99782472e-02  2.09460797e-03 -1.34153178e-02 -4.56818456e-02
   3.27885950e-02 -3.06689135e-02  8.18348508e-02  9.55653070e-02
   5.33213901e-02 -6.78996052e-02 -2.71703750e-02  1.35368155e-01
  -1.20910063e-01 -5.96071870e-02 -3.10668317e-02 -3.21022614e-02
   1.03714707e-01 -3.63329837e-02 -4.58127426e-02  6.32250610e-02
   8.44963124e-02  1.10042157e-01 -2.18936799e-02  8.31733736e-02
  -3.96839153e-02 -6.17943669e-02  9.76574247e-02  3.07715277e-02
  -8.65642122e-02 -7.92403064e-02  3.56461465e-02 -5.06571881e-02
  -7.95380695e-02  1.28950653e-02  1.03320975e-01  2.87324008e-02
   3.38958843e-03 -1.26526075e-02  7.20974111e-02 -2.07145123e-03
   8.29863976e-02  3.13900055e-02 -5.52138542e-02  1.02503769e-01
  -1.10204816e-01  1.50771616e-02 -8.21066837e-02 -7.55882048e-02
   3.61475607e-02  1.15229832e-01  9.67728943e-02  5.76571790e-02
   3.08666294e-03  5.81736245e-02 -6.31594878e-02  6.35032156e-02
  -1.79017016e-02  1.00373621e-03 -5.90866242e-03  6.20745668e-03
   2.43934316e-03  1.45975736e-02 -4.49329788e-02  1.86798891e-03
  -1.37503513e-02  4.39919697e-02 -2.78721760e-02 -9.68962743e-02
   4.34160662e-02 -7.89128772e-03  7.82180842e-03  5.61695831e-02
   4.52030344e-02  1.01026974e-01 -5.97628894e-02 -1.03205760e-01
   1.01251467e-02 -8.59711514e-04  4.10592112e-02 -9.92334327e-02
   1.63476640e-02 -5.33502873e-02  9.08288192e-02 -1.74409816e-02
  -6.47844215e-02 -6.03136430e-02 -4.09083657e-02 -9.66406708e-02
  -6.66081868e-02  1.51126022e-02  6.16636014e-02  7.76834284e-02
   6.71906439e-02  3.66500548e-02  1.05740051e-01  2.61381767e-02
  -3.39909757e-03  3.69935035e-02  9.59969023e-03 -2.40144734e-02
  -1.86777572e-02  2.49624518e-02 -3.56279933e-02  4.69573294e-02
  -5.96953469e-02 -7.55327653e-02 -4.66833634e-02  6.80486295e-04
  -8.53839947e-02  1.51272653e-01  5.12048928e-02 -6.18239860e-02
  -1.35888260e-02 -1.05589989e-01 -2.16039253e-02 -1.03016462e-01
   2.59778490e-02  4.84124497e-02  6.45283619e-02 -4.56531145e-02
   1.84035952e-03 -6.31569305e-02  1.82358860e-02 -2.10627218e-02
  -5.11808316e-03 -9.85052486e-03  2.06410060e-02 -7.05182364e-02
   3.72099765e-02 -1.21576208e-01  2.30993848e-02 -5.70684551e-02
   1.54680618e-02 -5.77182443e-02  2.64716518e-02 -5.53983802e-02
   4.62845634e-02 -7.08164691e-02  1.05440480e-01 -8.14285448e-02
  -4.88900987e-02 -6.68267915e-02  1.22743518e-01 -3.56043245e-02
  -9.12157882e-02  1.03686305e-01  2.32489538e-02 -9.72679479e-02
  -5.80533824e-02  8.01693172e-02  4.30851146e-02  8.34709047e-03
  -7.36801961e-02  6.79901759e-02 -6.50634953e-02  1.35166008e-02
   9.53013025e-02 -7.24766015e-02  4.78265864e-02 -1.19868929e-02
   5.56025385e-03  1.21922032e-01  1.38257029e-01 -1.81339847e-02
   1.19123871e-01 -5.70768369e-02  3.38929451e-02  5.52075461e-02
   1.88721378e-02 -2.44911846e-02 -9.34574692e-02  1.84644218e-02
   1.48315466e-01  5.12716331e-02  1.19855628e-02  8.38226895e-02
  -1.13190872e-01  2.98369160e-02  5.74002838e-02  3.11825532e-02
   8.48429948e-02 -7.04240710e-02 -3.93913311e-02 -7.22026527e-02
  -4.07383528e-02  3.16835670e-02 -1.99678139e-02  3.28701615e-02
  -5.41795135e-02  2.48131956e-02 -1.96581590e-02  9.32066854e-02
  -3.93666959e-02  5.59101794e-02 -1.16466997e-02 -2.17871833e-02
   7.05322937e-02 -5.14583159e-02  3.23375960e-02  8.58763426e-02
   5.48066116e-02 -3.79849326e-02 -7.04172938e-02  3.43436877e-02
  -2.42685178e-02  7.36616545e-02 -8.21221110e-02  5.95817410e-03
  -8.17572688e-02  7.68533489e-02 -9.76041917e-02 -9.59361619e-02
  -2.43199133e-02  4.23473519e-02  3.49090096e-02 -1.02737588e-02
  -1.10876155e-01 -2.91267454e-02  2.86213668e-02 -2.68190179e-02
   4.91062167e-02 -1.31409510e-01  9.06221719e-02 -1.82269761e-02
   6.12971553e-03 -2.59119061e-03 -1.00210651e-01  1.03508397e-01
   7.49293943e-02  3.27750426e-02]
 [-7.68512153e-02  7.20109577e-02 -4.61179804e-02 -2.08260128e-02
  -9.16720934e-02 -1.18477732e-02  3.78040032e-02 -5.88433127e-02
  -4.42043269e-02 -3.81081984e-02  1.70954258e-02 -5.49559127e-02
  -6.86106251e-02  4.09073692e-02  5.72083770e-02  4.64013172e-02
  -4.43378509e-02 -5.64454441e-02  7.57774740e-02 -1.19092271e-02
   1.18142230e-01 -3.62779487e-02  5.69011700e-02 -7.48001320e-02
  -3.60822894e-02  4.52255977e-02  1.17772252e-02 -8.32034187e-02
  -1.06334685e-01  1.13400192e-01  4.04858236e-02 -9.86177393e-03
   1.06287521e-02 -1.75838555e-02  2.59003766e-02 -2.31190728e-02
   8.71300648e-02  3.45988734e-02  9.30314478e-02 -3.70373743e-02
  -8.04564875e-02  1.98926348e-03  3.11280180e-02  1.75647948e-02
   3.37615806e-03  8.48648902e-02 -5.92510126e-02 -5.97279137e-02
  -9.56049741e-02  1.93668426e-02 -8.11259967e-02 -3.45143458e-02
   1.53716107e-02 -3.86718910e-02 -3.22934777e-02  3.26787373e-02
   2.58821998e-02  1.08441674e-01  8.11115602e-02  3.33871449e-02
   2.85862835e-02 -9.53924989e-02  9.62670721e-02 -3.63071679e-02
   9.13737632e-03  4.56797275e-03 -5.38269850e-02  6.16481871e-02
  -8.68719641e-02  5.46698193e-02 -1.04954294e-01 -4.94380471e-02
  -2.29818667e-02  1.01803064e-01  2.43990283e-02  4.74282736e-02
   5.68526843e-02 -5.65612965e-03 -8.29418261e-02 -7.18992497e-02
   2.02143887e-02  2.42005706e-02 -2.95392062e-02  1.08419447e-01
   6.70356968e-05  4.33581138e-02 -9.39025795e-02 -1.04259673e-01
  -1.05627688e-01  7.88791563e-03 -6.12043978e-02 -2.84103158e-02
  -4.39319273e-02  1.42145894e-01 -5.52441846e-02 -7.01401121e-02
  -5.86074698e-02 -1.02181300e-01  6.48985248e-02 -4.12259539e-02
   2.49005545e-02 -1.18044388e-01 -9.05092858e-03  1.19121949e-02
  -1.01229001e-01 -7.77885836e-02  9.03031789e-02  4.01370952e-02
   2.76419922e-02  2.76203472e-02  8.49921294e-02 -3.31992650e-02
   3.76362661e-02 -7.90954644e-02  5.66171550e-02 -4.12301847e-02
   2.92922565e-02  3.21699077e-02 -7.52756750e-03 -6.52628894e-02
   4.09520038e-02  7.29304458e-02 -7.93754630e-02 -8.12957455e-02
  -3.82943866e-02 -6.32155202e-02 -1.42961399e-01  9.57357639e-02
  -7.75622773e-02 -8.92896996e-03  4.28113743e-04  8.99631836e-02
  -5.58390301e-02  8.77945311e-02  5.70264036e-02  6.95392830e-02
  -1.91256716e-02 -7.31239480e-02 -6.17699895e-02 -4.62277341e-03
   4.00195652e-02 -8.39957953e-02 -8.35135211e-03 -1.86766401e-02
   1.20126122e-01  2.50331434e-02  5.70857010e-02 -1.19838783e-01
  -5.45984130e-02  5.35320382e-02 -2.69768847e-02  6.13547211e-02
  -2.33636134e-02  4.87728698e-02  9.27096915e-02  2.78736994e-02
  -8.58044941e-02  2.94099016e-02  4.76698104e-02  1.13136989e-01
   6.28161819e-02  3.45096001e-02 -6.60855972e-02 -6.78909781e-02
  -1.11359708e-01  1.23018055e-01 -5.15631627e-02  2.38729864e-02
   9.67252659e-02  7.22589901e-03  2.52391078e-02 -1.02901688e-01
   5.74903402e-03 -1.54896020e-02  1.98741229e-02 -7.42825538e-02
  -7.84383299e-02  7.11962827e-02  1.15912996e-01  9.31604309e-02
  -6.38283309e-02  3.10133067e-02  1.15839106e-01  7.16249103e-02
  -6.97355984e-03 -1.98187810e-02 -4.78259435e-02 -9.10158877e-02
  -6.13116972e-02 -1.61644779e-02 -8.46354677e-02 -1.92719363e-03
   5.08160325e-02 -3.98201436e-02 -9.85589190e-02 -8.20592180e-02
   5.97978924e-02  7.79259979e-02  7.77543773e-02  3.81045932e-02
  -2.17967724e-02 -5.22891690e-02 -2.28492971e-02 -3.41616646e-02
   2.18110226e-02 -8.71398067e-02 -4.38783333e-02  7.28305866e-02
   8.55508860e-02  4.78641025e-02  8.26321604e-02  8.89514090e-02
  -7.16269962e-02  8.43640597e-02  8.34543208e-02 -4.51779070e-02
   1.48435932e-02 -8.07416879e-02  6.22190774e-02  1.67033146e-02
   6.75739231e-02  5.16453339e-02 -1.07569007e-01  8.93627470e-02
   4.08026036e-02  4.92159694e-02  9.51489835e-03 -1.07366312e-01
  -3.44871358e-02 -1.70103963e-02  3.00979727e-02 -7.58918721e-02
   9.21055129e-02  5.26605965e-02 -2.48649609e-02  6.37926516e-02
   8.34210377e-02  7.35857535e-03 -4.50717153e-02 -2.42406008e-02
   5.48117802e-02  3.79998378e-02  4.50624782e-02  2.80122787e-02
   3.84294332e-02 -3.99015777e-02 -5.79576546e-02 -7.11033498e-02
  -1.27494658e-02 -5.28674871e-02]
 [ 2.60280878e-02  4.86695735e-02 -7.21884537e-02  9.50025644e-03
  -8.60915271e-02 -5.98583970e-02  6.24949917e-02 -5.02285936e-02
   2.66671149e-02  9.78746572e-02  3.36592589e-02  1.71286303e-02
   5.78785457e-02 -2.59755763e-02  9.48347472e-02  4.99961815e-02
  -5.93716490e-02 -5.15236050e-02 -2.80343938e-03  6.82464435e-02
   1.00468732e-01  1.05230939e-01 -6.73550318e-02 -8.10768305e-02
   8.30819946e-02  4.87302960e-03  2.96108155e-02  7.50185782e-02
  -1.18811614e-02 -7.79028034e-02 -2.23441116e-02 -5.27676001e-02
  -3.28955252e-02  6.93160425e-02  1.10256501e-01 -5.65895493e-02
   7.48246690e-02  6.60709843e-02 -5.79301939e-02 -1.36426853e-01
  -7.27722405e-02  7.59047810e-02  5.76608650e-02 -2.99183262e-02
  -9.34065249e-02 -1.22523288e-02  9.65769298e-02  5.50852106e-02
   6.67297750e-02 -3.09625331e-02  1.15946911e-02 -4.00819900e-02
  -1.08200408e-01  2.16998603e-02  3.61898832e-02  7.25186012e-02
   5.35983795e-02 -8.53061192e-02 -1.76315990e-02 -2.21782029e-02
   6.80689652e-02 -1.10160423e-01  3.42546581e-02  4.16400608e-02
   2.85580806e-02 -9.40299569e-02 -1.59268314e-02  1.09018836e-01
   8.75769940e-03 -3.93713881e-06 -1.34270339e-02 -1.54998780e-02
   2.41252369e-02 -5.66556522e-02  1.19260730e-01 -1.40298439e-02
  -2.57870414e-03  2.55151073e-02  8.32578362e-02 -2.90064026e-02
  -2.23283112e-02  6.35285635e-02  2.82525339e-02  5.50378847e-02
   8.11032850e-02  6.09875195e-03  7.32131440e-02  1.07308930e-01
  -3.95179790e-02 -2.23442474e-02 -9.32284834e-02  8.05446750e-02
   6.16640563e-02 -2.83300336e-02  4.53632521e-02  8.88846987e-02
   1.02690835e-01  7.76659565e-03 -7.47595545e-02 -5.74244703e-02
   1.07920402e-01 -1.03794902e-01  4.32121412e-02  4.44280955e-04
  -4.14861585e-02 -5.52463545e-03  4.31864410e-02 -5.15367526e-02
   1.03982921e-01 -2.91753889e-02 -7.30531980e-02  2.41708705e-02
  -2.83985379e-02 -5.08068584e-02 -6.01112797e-02  8.67633412e-02
   8.89964623e-02  3.88541283e-02  1.00152696e-01  1.44974144e-02
   3.16104123e-02  1.34145927e-01  1.13685717e-01 -1.05188192e-01
  -6.80982516e-02  1.21572139e-02 -4.50912917e-02  5.37438382e-02
  -1.28089495e-02 -8.01236164e-03  2.78084193e-03 -1.71711116e-02
   9.76521124e-02 -1.15387060e-01  4.43048230e-02  7.45987341e-03
  -1.10785250e-01 -3.38350149e-02  3.49719154e-02  2.70484355e-02
   4.46977295e-02  3.25572932e-02 -7.60148271e-02  2.70640775e-02
  -8.66687923e-02  3.96197736e-02  6.36864267e-02  7.69635640e-02
   1.28111325e-02 -1.40043432e-02  1.22883245e-01 -1.50756054e-02
  -1.27653525e-02  4.70087768e-02  4.96271262e-02 -6.21364486e-04
  -3.08372200e-02 -8.34783162e-03  4.94537363e-02 -1.16912753e-01
   1.19803572e-01 -2.31320101e-02  6.84850767e-02 -9.16479413e-02
   9.44567110e-02  6.01237491e-02  3.37318282e-02  7.19986275e-02
   4.22750620e-02  1.25437314e-02  1.80875605e-02 -5.29262831e-02
  -3.65919218e-03  2.29105870e-02 -4.77863097e-04 -7.87946788e-02
  -8.70737376e-02  5.23035042e-03 -3.21234213e-02 -8.46171400e-02
   4.67924601e-02 -1.08352096e-01 -7.16899162e-02  4.04246793e-02
   1.10829788e-01  1.06075094e-01  2.74671117e-02 -8.45284415e-02
  -7.39688343e-02 -1.65469461e-02 -3.70533313e-02 -1.25762212e-01
  -3.66788421e-02  2.66375988e-02  4.10940988e-02 -1.02351671e-01
   6.39080540e-02 -5.21586555e-02  6.22023229e-02 -7.33489168e-02
   3.59747368e-02 -7.42394195e-02 -9.19300003e-02 -3.62377192e-03
  -1.80259236e-02  4.35664516e-02 -5.36265965e-02  6.77137381e-02
   6.43280300e-02 -2.07871768e-02 -1.24946217e-01 -9.32682780e-02
   5.37944720e-03 -2.77187696e-03 -1.89015792e-02  3.77619955e-02
  -4.68177640e-02  2.60558068e-02 -1.23218257e-02  2.47492463e-02
  -1.09799804e-01  3.43332680e-02 -5.91417462e-02  9.73664943e-03
  -6.77105137e-02  9.29565801e-02 -2.67366163e-02 -9.92927229e-03
  -7.25266226e-02  9.64423787e-02  9.66506662e-02  4.46196194e-03
   3.00803295e-02  6.48035412e-02  7.83561704e-02 -1.00485032e-01
  -9.91440658e-02 -8.14149427e-02 -8.60576248e-03 -2.12729625e-02
   5.38061024e-03 -3.89188275e-02  2.13397777e-02  1.59538596e-02
   3.54603933e-02  6.63231249e-02 -9.13372517e-02 -3.83817907e-02
  -1.39208992e-02  1.02087458e-01]
 [-6.77973779e-02 -1.86391237e-02 -2.44564370e-02 -6.72383958e-02
  -3.42550315e-03 -6.63023610e-02 -3.00776124e-02  1.12934200e-01
   4.49904967e-02  9.50521239e-02  4.39946636e-02 -6.95884597e-02
   9.22275239e-02 -8.50147138e-03  1.36756867e-02  7.78028780e-02
  -6.47689073e-02  9.58898600e-02 -1.06987488e-01 -1.09343817e-01
  -7.92523333e-02 -9.75283931e-02 -2.18640190e-02 -3.27597728e-02
   8.11209670e-02  5.26306893e-02  4.64233054e-02  3.24980303e-03
  -1.08021962e-02  1.85090499e-02 -5.46029656e-02 -9.53136456e-02
  -3.90374456e-02 -5.32315732e-02 -1.52528838e-02 -2.27962273e-02
  -1.76820679e-02 -6.30268654e-02 -2.27766010e-02  3.73079414e-02
  -8.43970816e-02  8.43631960e-03 -5.88464422e-02  1.27602210e-02
   7.65285411e-02  1.06377130e-01  1.43073345e-02 -1.07755813e-02
   7.34381936e-02  4.01807065e-03 -6.86452807e-02 -1.11170089e-01
  -7.86986259e-02 -5.71833269e-03 -1.10636337e-01 -1.05213771e-02
   1.14166785e-01 -2.13255148e-02 -5.95687995e-02 -6.18399305e-02
  -4.95531479e-02  6.66091797e-02  8.88573448e-02 -1.04197605e-01
  -8.25436064e-02 -5.08315036e-02 -1.01909837e-01  1.04253311e-01
  -1.14303789e-02 -5.24368745e-03  1.02203154e-02 -1.01040574e-01
   3.04893045e-02  2.45521135e-02  3.83525411e-02  6.26254919e-02
   2.45358244e-02  8.57062115e-02  5.86461557e-02 -8.45100600e-02
  -1.12741232e-02  9.26070055e-02 -2.77164503e-02 -6.27032412e-02
  -1.47796460e-02 -4.28338040e-03  9.76556800e-02 -7.67123863e-02
   4.76355921e-02 -6.85194486e-02 -1.42184072e-02 -4.73975787e-02
  -1.34278658e-03 -8.51991055e-02  6.21675479e-02 -4.49434896e-02
   4.62808472e-02  3.28959875e-02  9.96876873e-02 -1.14937616e-01
   4.06256163e-02 -7.97055344e-02  3.00309567e-02 -9.71754681e-02
  -4.04097192e-02 -3.93127450e-02  7.98058969e-02 -3.68866249e-02
  -4.86292267e-02 -4.20002017e-02  3.61740789e-02 -9.75641679e-02
   3.22530663e-02 -7.39338305e-02 -9.66513431e-02 -2.62953189e-02
   4.47929216e-03 -5.84467025e-02 -3.31337059e-02  5.48034661e-02
  -1.48043678e-02 -2.07389407e-02  7.37133846e-02  5.32716224e-02
  -6.48953883e-02 -4.67721587e-02 -1.18024147e-01 -1.49156349e-02
   5.54499946e-02 -4.23569470e-04 -7.62570009e-02  3.31988412e-02
  -7.50955138e-02  7.26934967e-02 -4.22765812e-02 -7.62943146e-03
   8.27267679e-03 -3.54147904e-02  8.28335508e-02  3.50989176e-02
  -5.48637044e-02 -3.13249377e-02  3.75993385e-02 -2.34845506e-02
  -7.72429150e-02 -3.17565300e-02  9.37846549e-02  4.15548682e-02
   4.55220187e-02  1.16403421e-02 -2.45355418e-02 -2.75782156e-02
   8.90740359e-02 -6.71422096e-02 -5.73221653e-02 -7.34088792e-02
   4.97438104e-02  3.97597989e-02  8.51742486e-02  3.87307180e-02
  -7.03702439e-02  7.30283559e-04 -2.36603127e-03  4.42189281e-02
  -2.55402987e-02 -8.31899495e-02 -1.20430749e-01  8.28138839e-02
  -6.71293244e-02  2.75024103e-02  5.73833798e-02 -2.68845408e-02
   3.61910864e-02  6.62598566e-02 -4.66404148e-02 -4.94067837e-02
   3.55905776e-02 -3.52717393e-02  4.82393001e-02 -7.40595246e-02
   5.99746102e-02  6.48288195e-02 -4.99529666e-03 -7.17531757e-02
  -3.09431490e-02 -8.50978429e-02 -6.46240544e-02  4.22132852e-02
  -5.46328808e-02 -3.03649738e-02  4.48581989e-02  7.58234300e-02
   9.99310687e-02  5.62023962e-02  4.06219183e-02 -1.07154333e-01
  -3.66345476e-02  3.22015085e-02 -1.20618496e-02  6.05391075e-02
   6.79418364e-02 -7.46746004e-02 -1.97101364e-02 -1.25573107e-01
   5.42693424e-02 -1.32284217e-01  4.78411674e-02 -1.00174601e-01
   6.86224343e-02  5.05911898e-02 -7.10070024e-02 -5.82963182e-02
   7.68047500e-02  8.86945571e-02  7.52493849e-02 -5.02513119e-03
  -3.63252714e-02 -2.84706750e-02  4.70251784e-02 -7.80430145e-02
  -5.39814656e-02  4.86332108e-02 -8.82065630e-03 -1.07567726e-01
  -4.33547509e-02 -6.49566351e-02  3.35805820e-02  8.64224498e-02
  -4.65404846e-02  8.82151879e-02 -1.15557332e-01 -6.73113158e-02
  -6.91214929e-02  5.45015330e-02  3.91051814e-02 -8.37546904e-02
   1.15011124e-01  1.65775272e-02  7.93582968e-02 -1.87460352e-03
  -6.11866494e-02 -2.84511436e-02 -2.52787808e-02 -3.71862531e-03
   7.63561449e-03  1.30264809e-01  9.32487201e-02 -1.29521614e-01
   4.89785741e-02 -1.04866573e-01]
 [-2.91785283e-02 -8.26292220e-02 -3.33869429e-02  1.34586787e-02
   6.66900084e-02 -5.86408387e-02 -9.98456227e-02  5.25617177e-02
   5.09806878e-03 -9.24765526e-02  9.19372396e-03 -1.08044097e-01
  -4.06403370e-03  6.42059248e-02  1.96038257e-02 -2.82008085e-02
  -6.40113537e-02 -1.11543124e-01  6.18835817e-02 -3.55511009e-02
  -8.79260195e-02  3.52169146e-02 -6.77625470e-02  1.51440673e-02
  -2.85933541e-02 -5.18632516e-02  8.32024656e-02 -2.47229624e-02
   7.62961203e-03  7.83744048e-02 -4.95130479e-02  8.32979623e-02
  -5.78667805e-02  8.00138404e-02  8.90675481e-02 -1.51817312e-02
   5.14505081e-02  1.82972166e-02  4.29386682e-02  6.84702768e-02
   5.01495346e-02  5.45214806e-02 -7.37175373e-02 -8.08736026e-02
   3.70446853e-02  5.94261721e-02 -2.37828932e-02  2.33607200e-02
   2.69077196e-02 -5.06291047e-02 -4.13159325e-02  2.75214206e-04
  -1.28251407e-02  6.87486246e-02 -5.82467877e-02 -9.97590465e-02
   2.76803515e-02  6.57657238e-02  1.09734608e-01 -5.61199053e-02
  -2.31256748e-02  5.40666699e-02 -6.91828102e-02 -1.87738713e-02
  -4.00127532e-02 -2.29284769e-02  1.02577481e-01  3.79335402e-02
  -9.79305205e-02 -7.85091577e-02 -9.52449528e-02  9.97057882e-03
   7.26050404e-02 -9.42103387e-02 -1.77656303e-02 -9.07090737e-02
  -8.28957862e-02  7.88498118e-02 -4.68252705e-02 -6.59295538e-02
   4.00907302e-02 -6.55534587e-02  2.85589459e-02 -2.06634134e-02
  -3.64788363e-02  3.62026526e-03  8.88680609e-03 -7.30829402e-02
   3.09644049e-02 -6.18340493e-02 -1.68402369e-02  7.10287526e-02
  -4.68468656e-03 -4.87099422e-02 -4.69689275e-02  1.17729764e-02
  -8.65875333e-02 -4.39584455e-02  7.50160314e-03  1.15309699e-01
  -7.19234293e-02  1.23587672e-02  1.75526454e-02  4.80514452e-02
  -5.49181370e-02 -3.80632119e-02  9.97501437e-02  8.45087950e-02
   2.09510082e-02 -1.60508803e-03 -2.35527682e-02  5.55086010e-02
  -9.57104373e-02  8.47983372e-02 -1.00844987e-01 -6.50873520e-03
   4.61816573e-02  4.60927484e-02 -7.03127451e-02 -8.50818040e-02
  -1.65174011e-02 -3.70631642e-02 -5.72931641e-02 -6.89865741e-02
  -7.55534129e-02  5.86610046e-02  1.11235485e-01  1.28961570e-02
  -1.96788797e-02  4.55645141e-02 -5.81011266e-02  5.43006342e-02
   9.48703941e-02 -9.76569294e-03  1.12139583e-01 -8.79725798e-02
  -1.90274223e-02  3.82049536e-03  5.06970464e-02 -2.03527589e-02
  -2.66356168e-02 -1.17139772e-01 -6.79234249e-02  1.03544664e-01
  -9.54505044e-02  5.05237772e-02  2.89138443e-02 -7.30179041e-02
  -6.91698199e-02 -2.43696147e-02  7.13434736e-02  9.93930357e-03
  -1.21201307e-01 -1.10606456e-02  1.12690646e-01  2.35150529e-02
   9.52785741e-02 -3.37694093e-02 -4.75861882e-02 -6.70223854e-02
  -9.79329074e-02 -7.30874819e-02  7.18328546e-02  6.60704679e-02
  -1.15478037e-01 -4.66572675e-02 -3.44042655e-02  2.56823149e-02
  -3.57025432e-02  1.29461586e-01 -7.93254843e-02 -7.73164600e-02
   5.82283464e-02  1.08094282e-01 -7.74649815e-02 -1.48244637e-02
   2.26217442e-02  3.73781449e-02  2.47465109e-02 -9.14130637e-02
   9.28154444e-02 -8.37653635e-02  3.77363693e-02  6.11627872e-02
   7.11399878e-02 -8.54310994e-02  6.03492014e-02 -1.27994475e-01
   4.78322309e-02  2.41218000e-02 -1.11335282e-02  5.61474255e-02
  -5.65384806e-03  4.59586300e-02  3.73912233e-02 -4.22386748e-03
   8.57039883e-02 -2.08848289e-02  3.38411896e-03  6.28923964e-02
  -5.23337858e-02  9.47988104e-02  8.93232966e-02  7.57259739e-02
   1.12232366e-01 -3.52092217e-02 -5.99484079e-02 -8.23103878e-02
   1.49927559e-02  8.16856640e-02 -1.00639063e-01 -6.23360777e-04
  -3.26003406e-02 -3.19778824e-02  9.43795946e-02  2.22587256e-02
  -6.11320052e-02 -9.45058643e-02  9.87489244e-02  2.27912941e-02
  -1.63923440e-02  7.26205686e-02  8.77583884e-02  4.31030641e-02
   3.58394309e-02  6.34786162e-02  4.74709782e-02  8.43681866e-02
  -6.37585156e-02  5.84309136e-02  9.52991114e-02  6.34333670e-02
  -4.67032969e-02 -7.41643460e-02 -5.25452797e-02 -5.32029637e-02
  -2.01604353e-02 -5.27272010e-02 -8.26656299e-02 -1.04387484e-01
  -3.46370346e-03 -5.54586560e-02 -1.01157425e-01  3.46959072e-02
   1.54935770e-02 -1.70812114e-02 -6.48444146e-02 -2.21667721e-02
  -6.26818103e-02 -7.62759968e-02]
 [-7.89911381e-02 -2.76729025e-02  8.04289005e-03 -1.13478198e-01
  -6.86736011e-03 -5.45499334e-02 -1.06683633e-02  8.52577772e-02
  -4.71836352e-02 -3.11757932e-02 -1.05992518e-01  6.33401820e-02
   7.11809963e-02 -2.06739959e-02  5.49087984e-02 -4.32121850e-02
  -7.45693409e-02  7.53549322e-02  3.79476462e-02  2.24063058e-02
  -4.43677526e-02  2.69020100e-03  3.92400973e-02  1.49171676e-02
   2.09264715e-02 -7.31631530e-02 -9.47038647e-02 -6.06176900e-02
  -9.49032533e-03  6.47277254e-02 -9.77152541e-03  4.95800238e-02
  -7.06368559e-02 -7.83814000e-02 -5.63945123e-02 -8.72182852e-02
   3.67729032e-02 -2.45859156e-02 -1.04072898e-02 -1.82657497e-02
   3.18936247e-02  4.14037892e-02 -7.23446138e-02  9.52919908e-02
   2.73818155e-02  5.60568996e-03  2.49050987e-03  9.04408086e-02
   2.71824868e-02  4.59144473e-02 -2.28816696e-02  1.66817428e-02
   4.92749278e-02 -7.75089687e-02  1.18800485e-01 -3.45171453e-02
   8.13866043e-02 -8.62726129e-02 -2.77049205e-02  1.31747082e-02
  -7.92796831e-02 -9.90257799e-03 -6.80444952e-02 -1.71716387e-02
  -3.94739678e-02 -7.06960308e-02 -1.25768422e-02  3.96849198e-03
   5.06860157e-02  4.12819116e-02 -6.97145211e-02  5.57649136e-02
  -1.17844629e-01 -9.74746393e-02  1.51666203e-02  3.96594391e-03
  -1.71292554e-03  6.05518811e-03 -5.79420434e-02  1.08058351e-01
   8.44087144e-02 -1.90453486e-02 -1.01277775e-01  9.52966525e-02
   3.37942750e-02 -1.99905214e-02  4.95258601e-02  4.03912127e-02
   2.74824723e-02 -9.16050829e-02 -2.23033832e-02  1.20988848e-02
  -3.52082990e-02 -8.35285674e-02 -5.55247939e-02 -4.46020728e-03
   4.89065918e-02  5.42510974e-02  9.54643400e-02  1.03131903e-01
  -9.35360182e-02 -7.40663074e-02  6.42301610e-02  1.68531933e-02
   1.03079952e-01  4.49171629e-02 -8.84880947e-02  4.15791912e-02
  -7.72104873e-02  9.47446635e-02  4.18058977e-02 -9.43994861e-02
   1.20410251e-01  7.15488556e-02 -4.62709595e-02 -8.44319240e-02
   5.02682818e-03  8.56207346e-02 -6.85094410e-02  7.47031821e-02
  -7.00301556e-02 -4.42052429e-02  3.72106240e-02 -1.01048684e-01
   8.01318695e-02 -3.96430762e-02  1.87729051e-02  4.14306644e-02
  -8.56367758e-02  8.59829517e-02  1.00489973e-01  7.72843997e-02
  -7.86105482e-02  1.16474093e-01 -4.24720033e-02 -7.52015109e-02
  -3.55011374e-02 -2.66530757e-03 -1.23435316e-01  2.22618170e-04
  -1.44854581e-02 -6.64621212e-02 -7.04569469e-02  4.14281025e-02
   7.40184180e-02  6.92153829e-02  8.65486410e-02 -6.20172469e-02
  -2.05676935e-02  7.44960755e-02 -3.12794790e-02  1.84695203e-02
   6.61847182e-02 -2.76631526e-02 -7.45952303e-02  1.14506264e-01
  -7.00285859e-02  4.29750332e-02 -3.81962859e-02  5.04158702e-02
  -9.23931805e-02  9.08874218e-03 -9.25715411e-02  4.92078385e-02
   1.28431919e-01  1.25012771e-01 -2.81318917e-02 -3.73135947e-02
  -8.33602151e-02  1.27268720e-02 -8.54881113e-02 -6.32104630e-03
   9.30784158e-02  3.91424035e-02 -3.40334672e-03 -3.81841408e-02
  -9.23886062e-03  5.17569266e-02  8.73488632e-02 -5.48899238e-02
   1.60805034e-02 -4.50415400e-02 -1.13035253e-01  3.92981106e-02
   9.26226540e-02  9.62161336e-02 -1.16468954e-01 -3.98711426e-02
   8.17532448e-02 -2.29862121e-02  2.15194574e-02 -3.83450661e-02
  -5.31948791e-02  2.30048354e-02  2.55441975e-02 -4.00429119e-02
  -1.56393726e-02  7.41332849e-02 -6.78819778e-02  2.81373178e-02
  -9.13555998e-02 -1.74453204e-02 -4.66118516e-02 -3.46523915e-02
  -5.05285863e-02  4.65038673e-03  5.17796111e-02 -3.74889504e-02
   5.67427861e-02  2.79656849e-02 -2.24911197e-02 -6.49876655e-02
   2.28839435e-02  9.46215150e-02 -7.04758276e-02  8.67823427e-02
   1.03994974e-01 -6.22610417e-03 -9.47598923e-02 -3.04142775e-02
  -6.71713425e-02 -2.54707114e-02 -7.51014302e-02  5.45845606e-02
  -9.69763544e-02  1.90999603e-02 -5.27419832e-02 -6.99361881e-03
   9.38392514e-02  6.41153682e-02  8.96825046e-02  4.42998687e-02
   1.81952012e-02  7.07852976e-02  5.53208939e-02 -2.17489020e-02
  -1.27978679e-01 -7.05482652e-02  4.01278072e-02 -5.25079023e-02
  -2.63375899e-02 -8.93776511e-02  2.75579701e-02  9.77399128e-02
   1.41177625e-02 -9.15847321e-02 -1.05543899e-01 -3.98519625e-02
   1.17993342e-02 -6.37590328e-02]]