[[ 1225.41676247 -1225.41594209]
 [ -553.07610184   553.06742884]
 [ -646.27477977   646.27344273]
 [ 2605.61421003 -2605.59984527]
 [ -987.58215429   987.58883109]
 [  -21.7927536     21.80126053]
 [ 1458.5931389  -1458.59024634]
 [-1988.99171678  1988.98089247]
 [ -195.99412206   196.00957197]
 [  989.43261598  -989.43180818]
 [  400.66808215  -400.67924197]
 [  225.1243563   -225.11937631]
 [  994.31622682  -994.30803484]
 [ -355.12275097   355.11760994]
 [-1706.20431778  1706.22174486]
 [   -5.03720151     5.03591525]
 [  553.48800193  -553.4866055 ]
 [  790.09115964  -790.06927526]
 [ -222.01319705   222.01608974]
 [  496.0157052   -496.01256412]
 [  559.06868958  -559.06660144]
 [-2046.848702    2046.85970518]
 [-2227.92860998  2227.9616809 ]
 [ -551.89908383   551.9048415 ]
 [ 1038.26645649 -1038.28663717]
 [  326.63920026  -326.63205918]
 [-1630.51073969  1630.53934225]
 [ -305.84051706   305.83487931]
 [ -192.50937525   192.51813868]
 [  880.10706497  -880.10755563]
 [ -834.64236574   834.6214166 ]
 [-1314.57449839  1314.57238772]
 [-2013.48384182  2013.49483727]
 [  301.68164936  -301.68693378]
 [ -168.64216837   168.63879307]
 [-1331.30229402  1331.29908217]
 [ -786.38912993   786.39666816]
 [ -624.68818302   624.68783185]
 [-2236.22467521  2236.21662584]
 [ -815.48461703   815.48948567]
 [ 1095.01789583 -1095.00865384]
 [ 1687.76043507 -1687.75919115]
 [  739.95803045  -739.94103344]
 [ -303.70219698   303.71306546]
 [-1146.50290187  1146.49972379]
 [ 2924.9859579  -2924.97546955]
 [ -763.9107759    763.91426065]
 [  138.79723816  -138.78699978]
 [ 1391.01779482 -1391.02288042]
 [ 2972.77525303 -2972.77383003]
 [ 1757.26857264 -1757.22920117]
 [ -278.94944885   278.97569244]
 [ -177.51369433   177.5184235 ]
 [ -783.29112188   783.29707052]
 [  -28.04556006    28.05069416]
 [ -237.84473734   237.81483814]
 [  543.3080645   -543.30996387]
 [ -124.03566563   124.03934926]
 [  707.5094028   -707.53432057]
 [ -931.89390176   931.89807825]
 [  866.20712425  -866.23232642]
 [ -321.67851117   321.67472038]
 [  114.13765214  -114.14703049]
 [ -459.99959184   460.00322277]
 [ -420.92538307   420.93462695]
 [-1854.80534209  1854.81279433]
 [-1083.63100663  1083.63374861]
 [  272.81750858  -272.79862947]
 [-1713.98681906  1713.97489357]
 [  846.09063902  -846.10411301]
 [ -179.49651282   179.47776494]
 [  -28.05662408    28.06535892]
 [ -867.19183797   867.18872772]
 [-1603.23050643  1603.24672901]
 [-1391.95587594  1391.94765917]
 [  373.89803621  -373.89684781]
 [  263.41837723  -263.41526269]
 [-1107.90004149  1107.92552901]
 [ -818.06706089   818.08500358]
 [  637.75945488  -637.75352699]
 [ 1161.37872765 -1161.36857253]
 [  -89.91025098    89.90683393]
 [ 1468.81081027 -1468.77587506]
 [-2101.12777797  2101.16386471]
 [-2232.28327164  2232.25877401]
 [  -37.1167397     37.12278313]
 [  937.97455766  -937.9725905 ]
 [  -22.75014561    22.76898636]
 [ -185.98579711   185.99962836]
 [ -342.20544341   342.2067318 ]
 [ -546.92136442   546.93157268]
 [ 1681.58699338 -1681.57846122]
 [ 1246.24594938 -1246.23100244]
 [ 1196.8158253  -1196.83046365]
 [ 1467.99133154 -1467.98698302]
 [  135.59214906  -135.58398454]
 [ -412.69069484   412.68982922]
 [  118.52062283  -118.51574324]
 [ -849.50946503   849.51144466]
 [  150.26174681  -150.26910611]
 [ -380.42080799   380.42167226]
 [  112.12794972  -112.12814177]
 [  954.31942358  -954.32010228]
 [  610.75503564  -610.74749486]
 [  530.16526625  -530.16568774]
 [-2709.83263008  2709.82640621]
 [-1038.16132609  1038.16500261]
 [  474.72761862  -474.71811072]
 [  966.27500878  -966.21742237]
 [ -468.08186799   468.0601605 ]
 [ -752.83119257   752.83691887]
 [  -26.00339939    26.00159728]
 [ -349.27633711   349.28019001]
 [  166.98110688  -166.98526298]
 [  -90.27597813    90.27242677]
 [ -241.72029144   241.72215429]
 [  551.37515341  -551.32305484]
 [ -164.92610233   164.91564423]
 [ 2006.05499496 -2006.05803148]
 [ 1651.82921531 -1651.84418823]
 [   18.71206591   -18.71310044]
 [  -14.29253597    14.29551825]
 [  327.08369563  -327.0711236 ]
 [  390.49776143  -390.49922518]
 [ -855.69111784   855.72529382]
 [ -259.95109115   259.95186787]
 [ -386.86895764   386.88056109]
 [ -866.53541928   866.53522485]
 [  406.67330628  -406.6640329 ]
 [  361.09172499  -361.09841105]
 [ -137.04575625   137.0583109 ]
 [ -172.61439538   172.6182372 ]
 [-1856.63473593  1856.64251107]
 [ 1511.5440766  -1511.52256457]
 [-2264.58194009  2264.58528218]
 [ 1125.70908146 -1125.70518178]
 [ -176.7142911    176.71696914]
 [ -595.23261163   595.2490155 ]
 [ -970.26675791   970.26690037]
 [  836.53155217  -836.53215575]
 [ -639.5405522    639.53923932]
 [  275.8368845   -275.83074588]
 [ -242.85487906   242.85074108]
 [ 1956.05664086 -1956.05142513]
 [ -263.17044091   263.16655716]
 [  296.42573963  -296.4224537 ]
 [ -373.37450315   373.37024516]
 [-2150.43829373  2150.46173895]
 [  227.60403964  -227.60355299]
 [  -44.04134478    44.03958094]
 [ 1943.55554049 -1943.53828147]
 [ 1049.64857431 -1049.65837258]
 [  220.78319592  -220.7694181 ]
 [   51.65380866   -51.64330393]
 [-1093.19365285  1093.19701272]
 [ -909.59288313   909.61214853]
 [ -311.59420404   311.59443973]
 [ -529.46996034   529.46685769]
 [ -833.41224127   833.44463728]
 [ 3518.26136508 -3518.12607364]
 [ -393.03022468   393.03189605]
 [-1755.2156968   1755.22973679]
 [  -35.40708417    35.41815677]
 [  538.29861586  -538.28555989]
 [  -96.02198671    96.02062284]
 [  695.50788106  -695.50909383]
 [ -686.29366669   686.29347716]
 [ -119.40679991   119.40367193]
 [  174.19691456  -174.20039969]
 [-1298.9271403   1298.93407158]
 [ -721.24737307   721.25538865]
 [  -92.82731159    92.82775656]
 [  196.28348399  -196.26884985]
 [-1904.27722564  1904.26033308]
 [ -658.94564396   658.9310264 ]
 [  865.32091081  -865.30199644]
 [  471.79463301  -471.79417049]
 [  983.68549433  -983.68554899]
 [-1011.85967916  1011.84518939]
 [ -303.49734028   303.48919328]
 [ 1737.16691416 -1737.13261126]
 [ 1196.04295114 -1196.02421444]
 [-1384.97763224  1385.00864645]
 [  188.90652017  -188.89799224]
 [ 1218.40362271 -1218.39348614]
 [-1079.6720772   1079.66952784]
 [ -867.99709837   868.00408364]
 [ -302.12096282   302.14972623]
 [ -654.85522541   654.85223505]
 [  510.45630703  -510.44163443]
 [  204.54395616  -204.53611849]
 [  591.19434907  -591.19190973]
 [ 1158.72840402 -1158.71841758]
 [ -602.00421018   601.99955956]
 [-1490.7918057   1490.80896352]
 [  795.94265378  -795.93457943]
 [  204.39692524  -204.39385842]
 [ -177.11268556   177.11465923]
 [-2285.56613413  2285.58276527]
 [ -281.48634239   281.50029319]
 [ -519.49539928   519.50242541]
 [  352.26691228  -352.26337345]
 [-1777.44707403  1777.45318057]
 [  507.8292519   -507.80254585]
 [  -38.87942586    38.89761054]
 [ -549.80166681   549.80397116]
 [  228.71946483  -228.71259899]
 [ -182.20965581   182.20962239]
 [   47.87988019   -47.87772685]
 [ -789.99904056   790.00674402]
 [ 1045.56119872 -1045.55254258]
 [-1096.81415276  1096.81051581]
 [-1462.05493267  1462.05867849]
 [ 2663.73141714 -2663.72334642]
 [  572.88326608  -572.86642669]
 [ -606.47099229   606.45537689]
 [ -475.07131555   475.07247604]
 [  621.62060897  -621.61725071]
 [ 1033.58201733 -1033.58056361]
 [ -994.26889271   994.28317962]
 [ -473.32182107   473.31312538]
 [  175.01519657  -175.00113257]
 [  173.8223649   -173.81100937]
 [ -143.39065361   143.3927604 ]
 [ 2901.66771899 -2901.66024653]
 [  519.14809706  -519.13884293]
 [ -310.09206952   310.09245825]
 [ 1381.11009398 -1381.11799593]
 [-1815.63009429  1815.61583997]
 [  169.99627846  -169.99830339]
 [  285.56972621  -285.56124557]
 [-3158.71210176  3158.72919865]
 [ -490.6850479    490.67659038]
 [  -94.27703794    94.2775266 ]
 [  257.80298171  -257.7954909 ]
 [  506.55776052  -506.56790253]
 [ -454.73070456   454.73653876]
 [  641.12788615  -641.12193966]
 [  148.91399624  -148.91098923]
 [ -938.791694     938.7808718 ]
 [-1051.18942934  1051.17502214]
 [  564.9182365   -564.90603539]
 [ -629.80888162   629.82083549]
 [  580.40323465  -580.41026427]
 [-1688.74354607  1688.73645102]
 [ 1451.32004766 -1451.32231157]
 [ -716.27566936   716.26207326]
 [ -296.63730975   296.63204204]
 [  -14.40518328    14.40717452]
 [  256.24468778  -256.24151818]
 [-1746.37313753  1746.36421626]
 [ 1552.02038666 -1552.04598981]
 [ -570.58179165   570.58495161]
 [  764.55670349  -764.55338526]
 [ 1192.31986757 -1192.30626528]
 [-2223.57420854  2223.57305275]
 [ -465.52553632   465.53450675]
 [ -310.7640679    310.77208407]
 [  172.14991469  -172.13828487]
 [-2249.53135563  2249.56427283]
 [  186.14679035  -186.15139294]
 [ -508.51355881   508.51829328]
 [ 1087.63770644 -1087.6353802 ]
 [ -445.90091674   445.90610714]
 [  485.3944042   -485.36227492]
 [ -419.5384067    419.54410047]
 [ -239.27349812   239.28888354]
 [ 1091.66633134 -1091.66597024]
 [ -110.65018901   110.65191763]
 [-1809.1204697   1809.1084715 ]
 [ -124.95226379   124.96559278]
 [ -274.04894822   274.03937134]
 [ -228.29170482   228.3056681 ]
 [  450.28548241  -450.29734664]
 [ -276.97466231   276.97608024]
 [ -588.90329672   588.93718809]
 [  406.61930808  -406.62241413]
 [ 1885.17541881 -1885.16341558]
 [  674.11527537  -674.10355075]
 [  554.6667069   -554.66685587]
 [ 1373.63579216 -1373.63329914]
 [ 1330.63187314 -1330.61303991]
 [   76.5795591    -76.58539197]
 [  705.76980804  -705.77498556]
 [-1903.10434948  1903.15248551]
 [  909.50441143  -909.4911861 ]
 [ 1300.92143189 -1300.92599276]
 [ -575.2248375    575.22068845]
 [-1130.47944637  1130.48892529]
 [ 3114.96502899 -3114.96594804]
 [-1186.3655002   1186.36738101]
 [ 3007.6145678  -3007.62706977]
 [  -48.80453405    48.80232085]
 [ -495.04863585   495.04592594]
 [-1711.37341724  1711.38379215]
 [  123.58608096  -123.59087861]
 [  179.27550627  -179.263169  ]
 [ -111.18889988   111.18906153]
 [  834.70557907  -834.70328766]
 [ -610.91733094   610.91632911]
 [ 1975.11103581 -1975.10931378]
 [ 2174.64160675 -2174.62949774]
 [  327.75823875  -327.75221434]
 [ -801.33073008   801.32993499]
 [ -196.87374413   196.86534285]
 [  326.89444474  -326.89705956]
 [ -417.12777649   417.12596279]
 [   90.30576492   -90.29104004]
 [-1142.98644343  1142.97078659]
 [ 2498.20197779 -2498.16415576]
 [  580.13949253  -580.14023209]
 [  -93.82758416    93.85236033]
 [ 1024.61407246 -1024.60254364]
 [  375.03228569  -375.02392922]
 [  320.39452498  -320.4150676 ]
 [    5.58598856    -5.58057464]
 [ -738.99657927   738.98985939]
 [  775.63414355  -775.62170964]
 [ -834.29346102   834.28591025]
 [  511.71507137  -511.71077088]
 [  798.64488907  -798.64487299]
 [-3312.63011576  3312.65534295]
 [ -912.13466927   912.12534439]
 [ -266.8110849    266.84328557]
 [ 1493.08474845 -1493.07026227]
 [ -199.50107285   199.49789235]
 [  426.36605489  -426.36261375]
 [ 2160.11646    -2160.13086819]
 [ -909.11937384   909.11341363]
 [ 1660.07055506 -1660.08076912]
 [ -194.00800662   194.00660458]
 [  496.50961163  -496.50446219]
 [   61.19014342   -61.18320501]
 [ -511.00364283   511.01519388]
 [ 1132.19251816 -1132.18751464]
 [ -961.45275322   961.45585393]
 [ 1155.00878723 -1154.98134185]
 [ -516.82726709   516.82890202]
 [   78.706792     -78.70550004]
 [ 1685.09092708 -1685.07215744]
 [-1617.81467958  1617.81043559]
 [  853.32608535  -853.32234294]
 [ -248.77628865   248.78903085]
 [  -34.88877239    34.91137052]
 [  183.83718267  -183.83956793]
 [ 1491.4421583  -1491.4525319 ]
 [ -658.78292629   658.79131778]
 [ 1051.0956065  -1051.09234829]
 [  575.67483329  -575.66884268]
 [  844.91076091  -844.91918459]
 [ 1874.54810301 -1874.52650738]
 [ -259.98370725   259.97615175]
 [ 1427.31576682 -1427.27611698]
 [ -877.22969319   877.23635271]
 [ -208.84987948   208.85192679]
 [  677.77056828  -677.76784267]
 [   65.31036293   -65.30378405]
 [  761.46807356  -761.47946771]
 [  313.48263179  -313.47708055]
 [ -424.88152593   424.8892009 ]
 [ -430.9655887    430.96000454]
 [ 1251.55764108 -1251.55181509]
 [ 1017.18263409 -1017.16946723]
 [-1273.20139137  1273.21295542]
 [ -424.97711326   424.97404038]
 [-2268.00375225  2268.02368831]
 [ -173.62914126   173.62561445]
 [  241.88965628  -241.89062085]
 [ 1091.49503729 -1091.47178241]
 [   90.28795236   -90.29608742]
 [ -707.8483345    707.84510042]
 [  245.82540502  -245.81696892]
 [   45.2748673    -45.25490215]
 [  -67.69170144    67.68866168]
 [    5.37566955    -5.37215665]
 [ 2338.44724962 -2338.41097317]
 [ -267.17265758   267.17926335]
 [ -501.03767939   501.01726355]
 [  869.13468914  -869.10447064]
 [   -5.35837748     5.3550584 ]
 [ -523.73611435   523.7271471 ]
 [  991.43729325  -991.42142465]
 [  -17.56140646    17.57292245]
 [-1803.15149938  1803.14244858]
 [  360.38175491  -360.3810061 ]
 [ 2313.80672263 -2313.8039963 ]
 [ -585.0237735    585.02041664]
 [ -620.94877571   621.00874042]
 [-2949.90649214  2949.9008531 ]
 [ -923.8715915    923.89098376]
 [   36.84897084   -36.84863483]
 [  174.13863261  -174.14151356]
 [   87.82453683   -87.8081272 ]
 [ -256.99994332   257.00200897]
 [ -181.02917975   181.03674391]
 [-1058.84052398  1058.85455652]
 [ 1577.81283321 -1577.81241678]
 [ -406.22542805   406.22669114]
 [ -580.87035626   580.83986806]
 [  484.26510696  -484.26702304]]