[[-8.59177680e-01  7.61501145e-02  4.28827997e-01  9.56093312e-01
   8.71872747e-02  8.95313049e-01 -3.74269037e-01 -4.92569075e-01
   2.17552971e-01  4.25121248e-01  9.58745914e-01  3.55321346e-01
  -3.19233608e-01  9.27162543e-04  6.22707513e-01 -8.56709946e-01
  -9.29204724e-02 -1.58116965e-01  5.13586036e-01 -6.92857407e-02
   2.09818329e-01 -4.35475140e-01 -1.16408132e-01 -8.07046133e-01
  -7.61727699e-01 -4.66230218e-03 -8.87602439e-01 -8.55224081e-01
   2.54918652e-01  7.45157039e-01  9.02732181e-01 -1.11401847e-01
  -4.85255683e-01 -7.53584022e-01 -5.87295344e-01 -3.22484322e-01
  -2.69978389e-01 -3.84969919e-01  3.20422623e-01  2.83498419e-02
   9.13997853e-01 -4.51507904e-01  1.52655277e-01  9.16364893e-01
   3.75806594e-01  8.24822923e-01 -9.38267356e-01 -3.73538910e-01
   7.80116056e-01 -2.22232590e-01 -3.42053703e-01 -3.58445513e-01
  -5.29715928e-01  1.33537319e-01 -7.78002296e-01 -4.66460671e-01
  -3.68158730e-01 -1.34890771e-03 -3.32343440e-01  2.39512107e-01
  -1.17581526e-02  7.38715002e-01 -6.01804871e-01  3.40660692e-01
  -4.36546022e-01  6.74901061e-01 -1.92194526e-01 -3.62102260e-01
   5.32840548e-01  7.30153444e-01 -1.59222892e-01  3.63808759e-01
  -4.57688962e-01 -8.13813213e-01  4.12270456e-01 -8.39156113e-01
  -2.44485740e-01 -5.69426599e-01  6.93860877e-01 -3.08261485e-01
  -2.70717304e-02  4.10271517e-01  7.63678047e-01  2.37801244e-01
   7.11688402e-01  2.32484692e-01 -3.96479043e-01 -3.12060488e-01
  -4.38622359e-01  5.73999980e-01 -6.42788680e-01  1.52268606e-01
  -1.31423241e-01 -8.81649781e-01  2.50257224e-01 -9.77702556e-01
   9.87837080e-01 -7.37856582e-01 -8.36970424e-01 -7.67491974e-01
   4.60547420e-01 -7.49727213e-01  6.95479928e-01  6.55426985e-01
  -3.20499227e-01  3.31346690e-01  6.41522406e-01  8.58596630e-01
  -4.85285449e-01  1.26226190e-01  4.89840647e-01 -2.54790457e-01
   3.82685473e-01  4.32467239e-01  8.03976426e-01  2.60400363e-01
   4.82860543e-01  4.98578019e-01  1.22000071e-02 -2.47412722e-01
   2.17790680e-01  1.88070942e-02 -7.63625247e-01 -2.75338357e-01
  -9.70133518e-01  1.75233896e-02 -3.10499800e-01  3.16241712e-01
   6.31604090e-01 -7.08242230e-02 -1.28105840e-01 -7.73202515e-01
   5.28477435e-01 -7.14408019e-01  1.06657474e-01  3.86247302e-01
  -6.81444538e-01 -3.71904728e-01  1.56626482e-01  2.92446975e-01
   1.26322146e-01  8.01327071e-01  1.76483243e-01  4.09357596e-01
  -2.91373064e-01  8.03447057e-01 -1.68667963e-01 -4.65668903e-01
   6.62401764e-01 -5.55624497e-03  6.65207822e-01  3.21200971e-01
  -6.57118740e-01  5.76242507e-01  1.32164030e-01 -6.50887731e-01
  -5.35757100e-01  4.32104081e-01 -6.24359433e-01  6.85512276e-01
   5.82236481e-01  7.19793185e-01 -4.28976746e-01  9.24684569e-01
  -3.16046084e-01  5.32391805e-01 -5.16077284e-01  9.79119830e-01
   9.54327260e-01 -1.14915851e-01  9.68538152e-01  3.54187999e-02
  -4.80935167e-02  2.81250860e-01 -4.90221117e-01  6.64186102e-02
  -1.55676206e-01 -6.73215815e-01 -3.12396590e-01  4.34734959e-01
  -8.18447510e-01 -6.16251475e-01  8.21374495e-01  2.68561529e-01
   7.81182419e-01 -3.36646063e-01 -9.27229892e-01  1.88560462e-01
  -7.76840666e-01 -8.44132378e-03  7.68691254e-01 -6.01359775e-01
   5.95214323e-01 -2.80480916e-01  8.17556359e-01 -8.43836242e-01
   2.72687963e-01 -1.80758122e-01 -8.28741597e-01  5.11647982e-01
  -6.19072997e-01  3.18890620e-01 -3.51832156e-01 -5.68560572e-01
   2.04080713e-01 -8.56564741e-01 -3.92133272e-01 -9.45589371e-01
   4.17909004e-01 -9.50642004e-01 -1.52427405e-01  6.85861149e-01
   3.20657313e-01  3.57941830e-01  2.79296727e-01  8.70245354e-01
   1.04377770e-01 -4.28603686e-02  5.69079650e-01  7.23557483e-01
  -3.11526750e-01 -2.20119120e-01  3.31883626e-01 -9.74342716e-01
   8.35491595e-01  4.50575597e-01  4.52824348e-01 -6.87920452e-01
   6.20193025e-02  8.80362325e-01 -8.47871885e-01  3.92059091e-01
  -1.44711455e-01 -2.26902142e-01 -8.27434267e-01 -9.35628251e-02
  -5.68151293e-01 -4.53700041e-01  6.44589872e-01  1.47434248e-01
  -9.21108244e-01  1.74031910e-01 -1.98386735e-01 -3.07800966e-03
   1.54163018e-01 -9.32622310e-01 -6.41691563e-01 -8.72361162e-02
   8.35895794e-02 -8.92085870e-01]
 [-5.21766372e-01 -9.22897070e-01  8.99490488e-01 -8.42112504e-01
   4.50334552e-01  6.62021691e-02 -3.47535413e-01 -2.13198697e-01
  -9.90106936e-01 -3.45449369e-01 -2.43707561e-01 -3.10227839e-01
  -9.85949039e-01 -2.13653904e-01 -4.25708682e-01  7.54140231e-01
   3.27687241e-01  4.10011412e-01 -2.00503685e-01  9.55439788e-01
  -8.74867843e-01  4.81391012e-01  4.73564399e-01 -8.83531048e-01
  -1.14788004e-01 -6.88833733e-01 -3.97469702e-01 -7.54800511e-01
   7.12948759e-01 -7.92057356e-01  3.10219056e-01  6.74482573e-01
   8.04741714e-02  9.12409195e-02 -9.41361073e-01  9.31877194e-01
  -9.33313500e-01 -8.60802894e-01  1.30339175e-01  4.17990799e-01
   8.18640301e-01  4.77484676e-01  9.52950901e-01 -5.59142205e-01
   5.55288457e-01 -2.07649173e-01  5.27426490e-01  5.07002222e-01
  -5.92790208e-01 -6.51281962e-01 -2.80675467e-01 -7.70758542e-01
   9.03212976e-01  1.63287974e-01  6.27497153e-01 -3.79802368e-01
  -9.72252032e-01  5.48359035e-01  1.58473541e-01 -1.22592951e-01
  -9.58173468e-01 -8.33008722e-01  9.20200304e-01  2.18831432e-01
   2.85251933e-01 -1.82740143e-01  3.94749916e-01  5.55252216e-01
  -4.26517175e-01 -2.01312903e-01  8.55643561e-01 -6.42587279e-01
  -5.92366275e-02  4.31074513e-01  7.19536309e-01  9.23458788e-01
  -6.87565173e-01 -1.74418507e-01  5.33670539e-01 -4.27589579e-01
  -9.21713567e-01 -3.17951397e-01 -2.59899564e-01  8.53674742e-01
  -7.92284760e-01 -1.76049052e-01  1.41047444e-02 -9.77138861e-01
  -3.03127048e-01  5.04985076e-01 -1.79022227e-01  9.32001415e-01
  -7.34705853e-01 -2.99732326e-01  4.38675626e-01  3.30239250e-03
  -6.86617650e-01  3.61983545e-02 -4.67852831e-01  5.92957957e-01
   5.50120670e-01 -2.49823630e-01 -8.20809908e-01 -7.10437804e-01
   2.55889602e-01 -8.30006209e-01  7.67443678e-01 -8.74686324e-01
  -4.22173233e-01  1.67790339e-01  9.84964080e-01 -2.64422595e-01
  -9.08986523e-01  2.79356561e-01 -4.16040075e-01 -5.12657458e-01
  -5.00688975e-01 -8.99106054e-01  8.29262140e-01 -1.82259551e-01
   3.41604711e-01  6.45120956e-01 -6.69342975e-01 -2.60205021e-01
  -1.15055333e-01  3.82784145e-01 -6.87520800e-01  1.86957859e-02
  -9.23793289e-01 -2.56384640e-01  2.19204228e-01  3.65957633e-01
  -8.27092393e-01 -8.14524736e-01 -6.67406272e-01 -8.83896311e-01
  -4.12507656e-01  9.37019335e-02  2.18567009e-01 -8.22438252e-01
   6.64459274e-01 -9.09622313e-01  1.96853457e-01  2.49679652e-01
  -1.57875229e-01  5.64831334e-01 -3.45941422e-01 -2.97678434e-01
  -1.22763479e-01 -9.32474849e-01  6.90176058e-01  6.96007317e-01
   9.20655641e-01 -4.05621348e-01  1.15183245e-01  5.50518002e-01
   6.62940020e-01 -3.60347328e-01  5.46424592e-01  2.01458233e-02
   7.43793375e-01  8.31612115e-02  5.42930486e-01  7.92784641e-01
  -7.80568599e-02 -1.73349435e-01  1.10063741e-01 -9.48539246e-01
  -6.52989328e-01  5.10676378e-01 -9.32970165e-01  7.84493904e-01
   9.93232945e-01  6.81529859e-01 -4.36397335e-01 -8.02097090e-01
   3.55817249e-01 -9.86526443e-01  4.79049068e-01 -7.67747112e-01
   2.88876567e-01 -5.80381053e-01 -3.97813941e-01 -5.76943619e-01
  -2.01990963e-01  2.66055566e-01  5.30426666e-01 -5.68265494e-01
   4.89984069e-01 -8.43585531e-01  6.29788329e-01  7.63507948e-01
  -1.00356695e-01 -1.01865116e-01  4.47585939e-01 -9.32082879e-01
   3.95647173e-02 -7.97217840e-01  3.11753436e-01 -8.50533496e-01
  -2.55958373e-01 -7.33502791e-02 -4.02377076e-01  2.32101624e-01
  -4.48420287e-01 -6.00561317e-04 -8.67453010e-01 -2.00706126e-01
   9.31846961e-01 -7.70618458e-02 -1.59150415e-01  4.67169956e-01
  -8.27670727e-01 -5.74455776e-01  8.95934307e-01 -9.70930462e-01
   8.05952577e-01  2.18104883e-02 -5.08724177e-01  8.00685179e-01
   3.72463769e-01 -6.33435342e-01 -6.18536878e-01 -6.54560767e-01
  -3.38636361e-01  2.84703774e-01  2.64887943e-01  7.38331674e-01
  -3.23559086e-01 -1.99231831e-01 -4.60592013e-01  5.07912007e-02
  -7.32755280e-01  2.81108219e-01 -6.69272690e-01  9.04914512e-01
  -5.61768487e-01  6.07060520e-01  2.77185653e-01 -4.92433090e-01
   3.58314401e-01 -9.29274392e-01  4.99351360e-01 -5.48682104e-01
  -2.54124409e-01 -1.27912360e-01 -7.49743918e-01  7.38223347e-01
   1.68967805e-01  8.62492669e-01]
 [ 1.01650239e-01  6.37243762e-01  4.01927489e-01  7.12796136e-01
   2.56307420e-01  6.53990878e-01  8.65570302e-02 -9.08715839e-01
  -9.61370842e-01  9.09756843e-01 -7.02706988e-01  4.40985674e-01
  -9.08090557e-02 -6.54657684e-01 -2.75254453e-01  6.05031298e-01
   6.87417231e-01  3.79707278e-01  6.02851061e-01 -8.72598791e-01
   7.84146301e-01 -4.46260614e-01 -7.35597906e-01  9.66554296e-01
   7.85873449e-01  4.90963489e-01 -5.33812298e-01 -8.23965547e-01
   5.27730880e-01  1.51513566e-01  6.39311183e-01 -7.87442850e-01
  -7.00483420e-01  4.49581998e-01 -9.97476365e-01 -4.24135794e-01
   3.69398155e-01 -8.15962079e-01  5.57401315e-01 -9.41812939e-01
  -2.09274248e-01 -8.71648100e-01 -6.65571954e-01  7.67086861e-01
   1.44313783e-01  3.14244227e-02  1.44526382e-01  8.60061412e-03
  -8.65316364e-01 -6.08325267e-01 -4.90730066e-02  7.42621736e-01
   6.27292780e-01 -6.11952071e-02 -5.79351638e-01  5.86460292e-01
   1.02099445e-01  1.12584240e-02 -6.00910714e-01 -1.74846554e-01
  -2.27949251e-01  7.64973774e-01 -3.31439804e-01  1.66045682e-01
  -7.89911898e-01 -4.16167999e-01  5.71699149e-01  9.25323134e-01
  -8.20076619e-01  3.75093622e-01  7.91719395e-01 -7.47274082e-01
   5.71834146e-01  9.76008949e-01  4.72527607e-01 -3.21748414e-02
  -7.05323503e-02  7.37272381e-01  2.39301781e-01 -1.32375364e-02
  -4.17151501e-01  4.53158495e-01 -2.92550947e-03 -2.91078801e-01
   1.74667948e-01  4.63981473e-01  4.19013914e-01  8.63335060e-01
  -8.62395481e-01  8.17245332e-01 -5.28990216e-01 -4.51959951e-01
   6.17379345e-01 -3.97443870e-01  7.88969476e-01  6.69542575e-01
  -5.24989368e-01  9.79854944e-02 -8.47063103e-01 -8.02023301e-01
   3.60777771e-01  2.57838021e-02 -2.35590584e-01  3.95942552e-01
   6.64587075e-01 -1.96297545e-01 -5.93422654e-01  6.90961761e-01
   4.80804569e-01  2.79460872e-02 -7.14859465e-01  2.21025798e-02
  -2.74673307e-01  6.79428928e-01 -7.41802011e-01 -7.62365037e-01
  -1.21504947e-01 -7.55257411e-02 -3.98745409e-01  1.90729355e-01
   4.01137104e-02  8.52402634e-01 -8.80158876e-01 -6.36651801e-01
   6.98312558e-01 -1.09674578e-01  6.03486358e-01 -9.60502865e-01
  -8.67414247e-01 -9.14944826e-01  5.63154078e-01 -2.97002742e-01
   4.70406864e-01 -8.55221811e-01 -1.23246782e-01 -3.21379900e-01
  -7.71215676e-01  2.68758306e-01  4.31474932e-01  2.32054082e-01
   6.51460738e-01 -9.30080078e-01 -5.69213831e-01 -7.71499701e-01
   7.36577560e-01  4.90814360e-01  4.53427641e-01  8.27426870e-03
  -1.54825342e-01  4.38660953e-01 -5.89029257e-01 -7.32232120e-01
  -2.06559329e-01  5.16724509e-01  9.52737990e-01  4.17050861e-01
  -1.05138954e-01 -6.22821691e-01 -8.51778142e-02 -6.11980270e-01
   8.84227277e-01 -9.87776814e-01  5.96302126e-01  9.42435815e-01
  -9.45062169e-01  5.74977317e-01 -7.45012195e-02 -5.38458096e-01
  -6.91203899e-01  5.93615767e-01  4.90451263e-01  4.90024461e-01
  -7.58469894e-01 -8.84737151e-01 -3.51461541e-01  6.79347771e-01
  -9.67527273e-01 -2.67092404e-02 -2.56435088e-01  3.52267771e-01
  -7.22859704e-01  3.99175184e-01 -9.63332098e-01 -7.32303018e-01
   6.18079864e-01 -7.15157792e-01  2.20836114e-01 -8.26213343e-01
   5.15279643e-01  8.02242774e-02 -5.48827825e-01 -1.34792951e-01
  -6.62796614e-01  8.02638959e-02 -6.49259305e-01 -7.41640800e-01
  -6.82562021e-01 -2.87483190e-01 -4.42554146e-01 -2.31354827e-01
  -9.07979842e-01  5.90712530e-01  7.20195216e-01  1.05521412e-01
   1.19791113e-01 -9.18104100e-01  5.51884699e-02  5.27651481e-01
  -4.56972840e-01 -2.59315849e-03  4.80609051e-01  3.77378920e-01
   9.01108456e-01  5.63762092e-01  7.69770014e-01 -4.31028773e-01
   7.22099783e-01 -5.50672223e-01  1.82600456e-02 -1.01523710e-01
  -3.33857263e-01 -7.53209326e-01 -2.26800542e-01 -4.54349422e-01
  -5.55161712e-02  6.92342174e-01  3.69565658e-01 -6.06889254e-01
   2.49016799e-01 -8.43285984e-02  7.09357599e-01 -3.95199331e-03
  -5.62553082e-01  7.47201873e-01  5.10539774e-01 -8.00018961e-01
   8.63890904e-01 -7.65517613e-01  9.50280421e-01 -1.56780546e-01
   7.29805236e-01  5.74316205e-01  6.83626665e-02 -6.92472886e-01
  -2.40415510e-01  3.60907590e-02 -7.60222660e-01 -3.04613504e-01
  -4.74614298e-04  5.83384245e-02]
 [-1.76665155e-01  9.61991502e-01 -1.02978006e-01  8.31557014e-01
  -2.06607333e-01 -3.34846154e-01  9.21609806e-01 -7.34629069e-01
   2.19772443e-01 -5.18675478e-01 -8.40993760e-01  5.78538901e-01
   7.30511457e-01  2.00354248e-01 -2.01602354e-02  7.49060154e-01
   5.32124709e-02 -1.71650542e-01 -8.83336867e-01 -7.28080237e-01
   2.37918357e-01  3.15619308e-01 -1.01694441e-01  2.04242990e-01
  -7.25136284e-01 -2.04967477e-01  6.10178735e-01 -6.31039405e-01
  -5.79988995e-02 -5.49595184e-01 -6.08488218e-02 -5.12147478e-01
   5.59854290e-01 -4.13130478e-01 -1.10404069e-01 -3.08346526e-01
  -1.95757707e-01 -6.65575073e-03  7.18701263e-01  9.03657888e-01
  -7.64337586e-01 -9.83019091e-01 -5.16167520e-02  6.76915836e-01
   4.42644959e-01  1.47026315e-01  5.54966251e-02  8.21360037e-01
  -8.34197853e-01 -4.86792474e-01 -4.34015386e-01 -7.57965536e-01
  -6.16897718e-01 -9.84762018e-01 -3.07721555e-02 -9.74460050e-01
   9.46992108e-01  7.41647201e-01 -6.05878060e-01  7.63318119e-01
   6.60359858e-01  3.53698797e-01  3.89121219e-01  9.30304569e-02
  -5.76995060e-01  4.62100728e-01  3.71938217e-01 -1.11425753e-02
   7.77649146e-01  1.86914530e-01  1.64353018e-01  1.13630627e-02
   7.04228946e-01 -9.80035676e-01 -3.03170332e-01  7.55700430e-02
   1.63985646e-01 -3.99337002e-01  1.29165552e-02 -3.96055295e-01
  -8.39677897e-01 -9.18272213e-01  5.57131253e-01  6.20563146e-01
  -3.51146775e-01  2.82479487e-01 -9.87186971e-01 -8.67978953e-01
  -5.61632238e-01 -9.56708167e-01  1.71223661e-01 -2.00108776e-01
  -7.91888409e-01  8.34512717e-02 -8.82212198e-01  5.24461442e-02
   2.52545360e-01 -8.06526059e-01  1.83397191e-01 -2.18888630e-01
  -1.77949206e-01  7.75279707e-01 -1.74177846e-01 -1.33117247e-01
  -8.40917809e-01 -6.12220703e-01  2.55912599e-02  4.81165872e-01
  -6.66944650e-01 -9.30600769e-01 -8.37620835e-01  5.89268292e-01
   5.03798876e-01 -8.32666973e-02 -5.71200229e-01 -1.66224539e-01
   8.37903946e-01 -3.50415922e-01 -2.66654926e-01 -5.21192915e-01
  -3.74095474e-01 -2.98504916e-01  7.71599441e-01  6.75906210e-01
   3.97570853e-01  4.52147364e-01  9.92375569e-01  4.66560140e-01
   6.14243574e-01 -2.94942002e-01  6.61053599e-01  4.62426059e-01
  -1.90268977e-01  7.16803202e-01  5.87520280e-01 -3.45108675e-01
   9.33430591e-01  5.04313915e-01  8.63801786e-01 -5.83056681e-01
   7.54949345e-01  9.30480764e-01  2.85993414e-01  9.96523240e-01
  -4.34437440e-01 -7.52904173e-01  8.95534408e-01  7.15680978e-01
   8.19488631e-01  3.69229385e-01  1.01836507e-01  4.30917636e-01
  -6.59139954e-01  7.00574983e-01 -6.91075618e-01 -1.85348080e-01
  -8.06034358e-01  5.55841570e-02 -6.69030650e-01 -5.12358163e-01
  -4.94135727e-01  1.22965875e-01  8.28311161e-02 -8.54098863e-01
   5.68107951e-01  5.58041509e-01 -1.94316231e-01  1.07521190e-01
   7.58400437e-01 -8.18640074e-01 -8.63657030e-01  9.77368914e-01
  -5.64258937e-01  9.57062347e-01  7.92397763e-01 -5.37645842e-02
   5.76827960e-01 -2.00663942e-01  1.28236444e-01  8.55705656e-01
  -2.54412268e-01 -5.49092756e-01  3.95059499e-01 -6.49188341e-01
  -1.54553292e-01 -3.46925427e-01 -6.55168314e-01 -9.70650421e-01
  -2.05134758e-01 -4.82927016e-01  7.99755865e-01 -3.82835703e-02
  -5.52433634e-01  5.74185918e-01  3.62795573e-01 -9.11604643e-01
  -6.73529163e-01  7.92186900e-01  3.33193780e-01  5.71881880e-01
  -7.27072033e-01  2.97751647e-01 -4.98659760e-01 -7.40650438e-01
  -4.36433651e-01 -8.53338098e-01  5.12748872e-01 -7.62686513e-01
  -8.22484761e-01 -7.61289483e-01 -9.99117679e-01 -1.16480968e-01
  -1.27344614e-02  1.36322870e-01 -1.19012489e-01  5.89913782e-02
   8.01556094e-01  9.57813509e-01  2.39530373e-01  9.00419610e-01
  -4.59988306e-01  2.78816097e-01 -4.66302268e-01 -8.91752561e-01
   9.96938877e-03  2.86201067e-01  2.89173721e-01  3.78923480e-01
  -7.30470467e-01  9.35169440e-02 -7.39048914e-01 -3.57172325e-01
   4.62684147e-01 -7.08389685e-02 -9.40822158e-01 -1.94415016e-01
  -1.89814601e-01 -5.89063510e-01 -3.25113660e-01  8.22247251e-01
  -3.90433673e-01 -2.06925572e-01  2.54267754e-01 -7.72090396e-01
   3.98299311e-01  1.54710828e-01  3.86911333e-01 -5.54114153e-02
   4.42930594e-02  9.62747230e-01]
 [ 5.67759109e-01  2.77767055e-01 -8.02013530e-01 -8.18976707e-01
   9.83523994e-01  8.67850371e-01  4.26462040e-01 -4.02151211e-01
  -3.94473976e-03 -9.75348585e-01 -4.25985800e-01  3.23264134e-01
   9.07124750e-01 -5.53652923e-01  1.70534076e-01 -9.92170903e-01
   3.76235408e-01  8.47385757e-01  6.68100923e-01 -2.40324504e-02
   1.50653469e-01  8.02813585e-01 -6.63618939e-01 -9.16663807e-01
   2.03406888e-01  6.83982750e-01 -5.93974988e-01  8.65769968e-01
   7.11868592e-01 -1.78711157e-01  3.84588444e-01 -2.91581144e-01
   8.58203872e-01 -6.23571283e-01  9.23556900e-01 -9.38477984e-01
   6.22735456e-01 -3.47997898e-01  2.34832350e-02 -7.07522008e-01
   3.58474559e-02  8.42907675e-02  8.27459521e-01 -1.61247165e-01
   7.70411610e-01  6.89607692e-01  1.68137765e-01  7.36231934e-01
   9.56403843e-01  4.95756332e-01  9.66556690e-01 -4.98072880e-01
  -3.92137299e-01  5.26619687e-01  8.30006986e-01  9.00540759e-01
   8.99630699e-01 -6.91577618e-01 -1.06502829e-01 -6.02539957e-01
  -1.62272376e-01  5.54504744e-01  5.74898989e-01 -9.52097261e-01
  -5.56295585e-02 -5.63511245e-01  9.84768930e-01 -4.92649194e-01
  -7.96951618e-01  5.12314439e-01 -5.61322145e-01 -7.01627606e-01
   6.98559207e-01 -3.77912798e-02 -7.93278513e-01  5.89855881e-01
   8.87602748e-01  4.20092885e-01 -2.22591224e-01  7.56254867e-01
   9.16961451e-01 -5.14063329e-01 -7.57654241e-01  9.40828575e-02
   4.88657213e-01  1.70518581e-01  3.72610993e-01  4.80715626e-01
   6.41596622e-01 -2.83329654e-01 -7.52735115e-02  9.81813572e-01
   1.25744315e-01 -3.87844054e-01  8.03675397e-01 -7.74010981e-02
   9.85129850e-01 -3.31303207e-01  1.23806198e-01 -9.24496905e-01
   3.61044420e-01 -2.53156667e-01 -1.91407168e-01  9.57389001e-01
  -2.30366974e-01 -9.82751747e-01 -1.49199699e-01  2.40797461e-01
   7.86653934e-01  7.93908768e-01  2.62955188e-02 -1.45147050e-01
  -5.87925713e-01  5.31128481e-02  4.71517940e-01 -2.26965967e-01
   5.31727360e-01  9.36662330e-01  2.47033287e-01  1.08054860e-01
   4.66709483e-02 -3.71407393e-01 -2.25303374e-01 -5.87437117e-01
   4.78414334e-01  4.41142648e-01  6.81236726e-01 -8.45438000e-01
  -7.02046551e-01 -9.27945962e-02  6.83323722e-01 -6.10985687e-01
   9.76115830e-01  8.99890400e-02 -4.84893428e-01 -8.74293587e-01
  -6.70671532e-02  9.59628814e-01 -7.42004670e-02  2.82622658e-01
   8.40159232e-01 -2.61093374e-01  6.83099026e-01  3.46752178e-01
   7.91569576e-01 -2.59183924e-01  5.22543780e-01  4.53629156e-02
   2.81778447e-01 -7.00407145e-01  1.08742703e-01 -9.24283154e-01
   5.88742034e-01  2.58044327e-01  2.98425767e-01 -1.11724750e-01
  -3.15059698e-01 -4.69160442e-01 -9.75329357e-01  7.68222233e-02
  -1.80464195e-01  3.84981854e-01 -8.81817743e-01  9.22359847e-01
   9.81167523e-01 -8.14132659e-01 -6.18192938e-01 -9.34138994e-01
  -6.21989579e-01 -4.87528293e-01 -4.10638710e-01  8.44461482e-01
   8.20515581e-01 -9.24233178e-01 -5.51788044e-01  3.05275530e-01
  -3.19565231e-01 -3.70479123e-01  8.63660723e-01 -2.37211569e-01
  -8.97180554e-01  8.47598165e-01  2.68502647e-01  1.35734204e-01
  -5.39309788e-01  3.62524704e-01 -4.29672263e-01  7.38542086e-01
  -2.40466236e-01  3.50221087e-01 -2.89458528e-01 -8.26180310e-02
  -4.62335778e-01  5.52129773e-01  6.25973574e-01 -7.05453335e-01
  -6.38383737e-01 -9.36601542e-01 -4.58887508e-01 -7.40709500e-02
  -1.63378403e-01 -9.71546861e-01  7.91905444e-01 -2.36885875e-01
   7.34645772e-01 -7.55191243e-01  9.31957750e-01 -6.60585203e-01
   7.82871940e-01  6.97385994e-01  7.46418866e-01 -4.12674362e-01
   3.06992737e-01 -4.13269611e-01 -8.16784448e-01  9.27881950e-01
  -8.66876195e-01  8.30820194e-01 -5.30631384e-01 -2.61598643e-01
   1.07732480e-01 -8.75510704e-01  5.76080342e-01  2.66430556e-01
   4.02010363e-01  3.72184149e-01 -4.80591177e-01  3.82655808e-01
   1.03270987e-02  6.78286231e-01  2.92195786e-01  2.98853957e-01
   6.08050229e-01  5.31320113e-01  9.71838822e-01  5.50977483e-01
   8.26975263e-01  8.51846622e-01  1.87861022e-01  9.94974093e-01
   3.90802480e-01 -3.50057812e-01 -4.52057269e-01  7.41881686e-01
  -8.98003863e-01  4.17463709e-01  6.98949267e-01  6.06287523e-01
  -1.05632225e-01 -1.27714470e-01]
 [ 9.51606371e-01 -8.44102237e-01  1.82090577e-01  6.67885145e-01
   1.42887523e-01 -8.38249517e-01  2.58996992e-01  4.91049227e-01
  -6.58680302e-02 -5.58912556e-01 -3.56662063e-01  6.59588030e-01
   7.34762184e-01 -8.93832283e-01 -6.90574184e-01 -6.86210235e-01
   3.14289758e-02 -8.08218829e-01  1.72104421e-01  8.13303791e-01
  -3.94622216e-01 -8.82824790e-01  3.74636639e-02  8.92176373e-02
  -6.61829878e-01 -1.28110948e-01 -8.27146911e-01 -9.79811830e-01
  -7.56001685e-01  8.38466796e-01  6.09515711e-01  2.67296887e-01
  -6.32699127e-01 -3.30215734e-01  3.05379648e-01 -5.53645348e-01
   2.63165469e-01 -7.99431708e-02 -2.77952740e-01 -6.77701351e-01
  -8.44982834e-01 -5.85993900e-02  9.92488405e-01 -7.46038432e-01
   6.39036131e-01 -6.28091874e-01  7.05336650e-01  4.25548691e-01
   2.53617440e-01  2.50510370e-01  2.45862189e-01 -7.98932534e-01
  -4.35965965e-01  8.30799595e-01  8.94258582e-01  6.93219871e-01
   5.70404843e-01  7.09250913e-01  4.91643608e-01  1.82194197e-02
   6.92482357e-01 -3.19358510e-01  3.09523832e-01  1.18345284e-01
   2.05667836e-01  5.04373369e-01 -2.94613502e-02 -9.14459444e-01
   5.59715140e-01 -3.49460595e-01  4.41299088e-01  8.21557381e-01
   6.32908353e-01  7.67058674e-01 -9.56325644e-01  7.67621684e-01
   5.92512173e-02  7.80474387e-02 -7.00005623e-01 -8.00698394e-01
  -2.25980264e-01  7.51015400e-01  7.14655626e-01 -2.10574502e-01
  -3.21335999e-01  3.44646755e-01 -5.51485452e-01 -9.61869955e-01
  -5.64916621e-01  6.20181399e-01  7.56762562e-01 -4.91039643e-01
   5.22902499e-01  3.57183556e-01 -8.42618228e-01 -7.96464375e-01
  -8.86951405e-01 -5.03178990e-03 -1.38386070e-01  4.45786292e-01
  -6.99352384e-01  3.59330464e-01 -7.70200588e-01 -2.29546084e-01
  -3.39887326e-01  9.66046138e-01  1.43316742e-01 -1.46214983e-01
  -9.49795122e-01 -2.90737885e-02  8.49776602e-01  5.61447923e-01
   1.09156261e-02  1.89404558e-01 -2.91210009e-01  5.79901294e-01
   2.62572186e-01 -5.59326906e-02 -2.21357979e-01  5.36558149e-03
   1.03015982e-01 -8.84244557e-01  9.78275115e-01 -8.33781168e-03
  -2.15074505e-01  6.95167062e-01 -5.60675962e-02 -2.81577763e-01
   6.18721708e-01  9.90585885e-02  9.18630833e-01  1.80251213e-01
  -1.15852037e-01  5.60917031e-01  4.05947318e-01  6.35935227e-01
   8.79237482e-01 -3.14411603e-01  5.28535311e-01 -6.02776876e-01
   8.97422746e-01 -7.07826444e-01  8.60116117e-02  1.90657042e-01
   6.96109651e-01 -8.31437978e-04 -7.63630790e-01  2.29504242e-01
   3.46014721e-01  1.94997808e-03  7.37682235e-01 -7.53241912e-02
   7.74480405e-01  9.96027920e-01  7.41155837e-01  3.58481084e-01
  -5.63334015e-01  9.94284057e-02 -1.42748309e-01 -3.93831649e-01
   9.64419685e-01 -8.84895567e-01 -3.54335840e-01 -8.85635632e-01
  -8.56929229e-01 -6.43229669e-02  6.40633183e-01 -4.48094465e-02
   1.05974165e-01  2.43481852e-01  5.73248324e-01  5.74247017e-01
   9.64109165e-01  2.76981238e-01  8.00922859e-01  7.46356266e-01
   7.00810727e-01 -3.70482360e-01 -7.54291028e-01 -5.01181793e-01
  -8.72560681e-01 -9.90049692e-01 -1.71436016e-01  8.35732215e-01
  -1.37339631e-01 -3.85208218e-01  8.66224027e-01 -4.41952671e-01
   1.12047943e-01 -1.15476290e-01 -4.58205042e-01  1.29287172e-01
  -3.77056356e-01 -7.38942458e-01  7.43120901e-01 -8.17022548e-02
   6.12618411e-01  2.13968926e-01 -9.25780898e-01 -6.40648736e-01
   6.52170398e-01  9.84413859e-01 -6.59986091e-01 -5.96789952e-01
  -6.31754015e-01 -5.36750698e-01 -8.14518509e-01  1.92104062e-01
   3.00837496e-02  5.54822900e-01 -8.80983642e-01  2.35111528e-01
   5.64179300e-01 -5.90679204e-01 -6.09317911e-01 -4.07001093e-01
   4.16326442e-01  7.24577796e-01 -1.01578486e-01  9.88558723e-01
   7.35985747e-01 -4.97543235e-01  8.21654529e-02  5.77203329e-01
   1.95666041e-01  1.17973077e-01 -6.23723845e-01 -6.06715659e-01
  -6.54585907e-01 -6.86022512e-01  8.27939747e-02 -7.68097608e-01
   5.61296404e-01  6.86888657e-01 -2.50225804e-01 -7.20910855e-01
   3.77556619e-01 -4.59852647e-01  8.22422300e-01 -4.75294761e-01
  -7.10896831e-01  7.41338932e-01  7.68564602e-01 -2.44956357e-01
   1.83450730e-01  4.62149084e-01  6.24880985e-01 -9.63143211e-01
  -7.71029886e-01  9.84512671e-01]
 [-9.64552582e-01 -3.72289160e-01  1.76361028e-02  6.98972171e-01
   5.33457930e-01  4.13929726e-01 -6.89009812e-01 -6.53868382e-01
  -3.21559440e-01 -9.68525609e-01 -1.74402051e-01 -9.80125806e-03
  -8.68030782e-02  4.29295560e-01 -5.81194324e-02  7.07571992e-01
   8.15383370e-01 -5.36131082e-01  2.78803112e-01 -2.53309632e-01
  -5.28790412e-01 -5.44468765e-01 -3.14831883e-01  6.71403427e-01
   5.75712450e-01  1.88087924e-01  6.27852592e-01 -9.26316534e-01
  -4.77094765e-02  1.89250878e-01  6.52602166e-01 -4.66341979e-01
   8.09279708e-01 -5.78378790e-01 -1.46314809e-02  2.88817831e-01
   7.07356977e-01 -4.67986956e-01 -1.87280145e-01 -7.28379558e-01
   8.83458718e-01 -5.55183847e-01 -7.90282037e-01  9.94859403e-01
  -8.60627117e-01 -7.78166745e-01 -7.99762034e-01  2.30245658e-02
   1.00184487e-01  5.06971377e-01 -8.73452708e-01 -4.50651735e-01
   5.26949716e-01 -9.21448374e-01 -8.85320132e-01 -2.94802943e-01
   1.57265127e-01 -9.10257738e-01 -7.76518559e-02  5.24986601e-01
  -5.33551969e-01 -7.53265479e-01 -5.88438447e-02 -8.19170695e-01
  -4.85663595e-01 -8.45385599e-01  8.34159676e-01  4.02325825e-02
   3.18004551e-01  3.05596147e-01  3.07614674e-01 -2.31375143e-02
   5.53506469e-01  3.29429745e-01  2.89850213e-01 -9.38678320e-01
  -1.36844044e-01 -8.67646775e-01  7.99231962e-01  8.10237798e-01
  -6.83212997e-01 -6.83328853e-01  5.56601878e-01 -6.37605337e-01
  -2.63776345e-01 -2.23240115e-02  8.10317476e-01  2.52211898e-01
  -6.81529817e-01  8.40725215e-02 -8.51708255e-01  7.17468240e-01
  -1.03944705e-01  5.53456788e-01 -5.18289443e-01 -5.27486158e-01
   7.29243993e-01 -7.95542519e-01 -3.72174423e-01 -7.97728636e-01
  -7.35000825e-01  5.59895149e-01  4.20199361e-02  1.81519468e-01
  -1.09397714e-02  5.72374053e-01 -9.82210291e-01  8.10498145e-01
  -1.66287130e-02 -7.85803155e-01  3.46802249e-01  1.68896245e-01
  -4.21671156e-01  3.45552228e-01 -3.66286216e-01 -2.60679699e-02
   5.07492462e-01 -2.16657753e-01  7.88160102e-01  4.82061897e-01
   4.20101226e-01  6.55624848e-01 -4.96688365e-01  5.87040202e-01
  -5.78805608e-01  2.32590374e-01 -7.75331411e-01  4.46199230e-01
  -3.67839810e-01  8.49965860e-01  5.27789179e-01 -1.47103296e-01
  -4.99339563e-01  3.85209164e-01 -7.50905568e-01 -8.89638829e-01
   2.56748477e-01  1.54582655e-01 -3.89860362e-01  9.06943166e-01
  -7.76735240e-01 -8.66213760e-01  7.05185377e-01 -9.16388826e-01
   8.18105259e-01 -9.00074936e-01 -1.95544217e-01 -3.75875742e-01
   1.22422396e-01  2.76477373e-01  9.74377700e-01  2.79628356e-01
   7.19799821e-02 -9.15008295e-01  7.58328585e-01 -6.96453613e-01
  -8.86291615e-01 -9.64143125e-01 -5.70117108e-01 -9.97503093e-01
  -1.44034336e-01 -3.51143417e-03  2.91989370e-01 -9.76817935e-01
  -1.22608593e-01  9.09975504e-01 -2.34916682e-01  7.06957497e-01
  -5.16812548e-01 -5.50926224e-01  5.67896448e-01  7.62722529e-02
   2.04430362e-01  4.96865268e-01 -6.71562676e-01  3.65338603e-01
   7.23511194e-01  4.76134321e-01  4.38459048e-01 -9.14191161e-01
  -8.54297070e-01 -9.31892705e-01  8.74886191e-01 -4.94782745e-01
   4.73237874e-01  9.79693892e-01  4.56935252e-01 -7.27966498e-01
  -5.88203563e-01  6.64889005e-02 -9.54033929e-01 -2.42077425e-01
   6.80564457e-01 -7.26853615e-01 -7.45472736e-01  1.87930018e-01
  -2.37926823e-01 -9.04508366e-01 -5.73462402e-01 -5.96665504e-01
   3.34928165e-01  8.22808123e-01  2.31507136e-01  5.45528768e-02
  -7.76567328e-01 -3.39515064e-01 -8.87220787e-02  6.14727953e-01
  -7.51478780e-01  3.40787966e-01 -6.33763812e-01 -7.02883543e-01
  -4.04905323e-01 -7.35979436e-01 -1.19307735e-01 -4.36422642e-01
   7.02077777e-01 -9.39949076e-02 -2.58028065e-01 -6.73619586e-01
  -3.59111668e-01 -4.58904031e-02  6.38562912e-01 -3.41040017e-01
  -8.71124152e-02 -2.24548286e-01 -9.74195143e-01 -2.74069065e-01
  -9.22749513e-01  8.40848708e-01  2.60029282e-01  5.92896569e-01
   1.63409790e-01 -4.82989275e-01  4.32976577e-02  4.17096973e-01
  -4.32736090e-01 -1.90230934e-01  6.57769257e-01  2.46915938e-01
   6.20082187e-01  1.67649517e-01 -2.86601162e-01 -2.68569120e-01
  -7.23977111e-01 -4.33108187e-01 -9.18900834e-01 -5.87276442e-01
   3.45267001e-01 -9.19458192e-01]
 [-8.41176584e-01 -3.41274822e-01  5.34982626e-01  2.85016797e-01
  -4.14383033e-01 -9.38157257e-01  2.48791286e-01 -6.71368658e-01
   3.22745073e-02 -1.76154546e-01  7.43058338e-01 -8.39770821e-01
   2.58944380e-01  5.18480561e-02  9.73920753e-01 -7.40452758e-01
   4.11849995e-01  5.14088836e-01  3.65389031e-01  8.11013930e-01
   3.83861172e-01 -7.33087273e-01  9.22993877e-01  4.08839586e-01
  -2.81897394e-01 -9.34682166e-01  3.69516435e-01 -7.60870424e-01
  -5.14685825e-01 -7.99379696e-01  4.18828246e-01  9.38748330e-01
   4.98111407e-01  5.89948908e-01  1.45442767e-01 -3.66837634e-01
   5.55906132e-01 -9.21526622e-01 -1.66348003e-01 -1.49130840e-01
   3.07075922e-01  7.10521296e-01 -7.09586620e-01 -3.45028473e-01
  -8.20641036e-01  5.38717083e-01 -7.80195118e-01  5.51786722e-01
   1.99733790e-01 -7.59546494e-01  8.64632756e-01 -2.69959982e-01
   2.57060207e-01  9.38036728e-01 -7.22293472e-01 -6.96453219e-01
   6.80258958e-01 -5.27381175e-01 -6.36774761e-01 -8.20370266e-01
   5.11494509e-01  1.29402036e-01 -6.06104506e-01  3.27348961e-02
  -8.48985169e-01 -5.62837560e-01 -1.46146943e-01 -7.75137142e-01
   3.21527376e-01  3.00188617e-01  8.30196791e-01 -8.06276465e-01
  -7.94892186e-01  9.91234615e-01 -7.98426429e-01  7.67500390e-02
   3.81089120e-01  1.65359435e-01 -3.66883490e-01 -3.97191253e-01
  -6.81045388e-02 -3.47995808e-01 -7.40499985e-01 -2.30465258e-01
  -1.17461728e-01  8.91162215e-01  4.69918445e-01  2.45146699e-01
   7.45799375e-01 -2.34573649e-01 -3.10060324e-01  2.26331900e-01
   4.17689087e-01 -9.23380993e-01  7.56337210e-01  2.14551223e-01
   4.15029675e-01  1.56835723e-01 -8.14816463e-01  5.74823707e-01
   9.13256009e-01  5.99239505e-02 -4.84796873e-01  2.56970022e-01
   2.68385917e-01  1.01536503e-01  8.22621433e-01 -6.41525910e-01
   1.59982769e-01 -3.79999646e-01 -6.57007209e-01  9.26636105e-01
  -5.01274010e-01 -1.88998917e-01  8.14280395e-01 -9.60817923e-01
   5.93362580e-02 -1.05464385e-01 -8.75108815e-01 -9.29217528e-01
   3.80119839e-01  5.83306770e-01  6.15873126e-01 -5.77799572e-01
   1.00097161e-01 -6.61635812e-01  2.95138695e-01  8.54207886e-01
   6.66491267e-01 -9.19150530e-02 -6.89409345e-01 -1.60494881e-01
  -4.08470655e-01 -9.10258286e-02 -2.02386102e-01 -6.63160154e-01
   9.87625275e-01 -5.94907969e-01 -7.16790954e-01 -8.32528218e-02
  -2.57486907e-01 -1.64428950e-01 -7.36915760e-01  4.97608687e-01
   2.07365089e-02 -5.22713220e-01  4.91214407e-02  8.33474673e-01
   1.00542853e-01 -9.07863587e-01  9.84311841e-01 -6.74731873e-01
   5.67132177e-01  2.57842616e-02  8.04247825e-01 -3.89168188e-01
  -4.56768930e-01 -6.36585554e-01 -7.31639242e-01  1.24224603e-01
   4.16581672e-01 -1.75869718e-02 -3.35472541e-01 -8.01106585e-01
   8.73031219e-01  9.77538321e-01 -2.47979134e-01 -2.47845178e-01
  -7.34500842e-01 -1.00027754e-01  5.73955062e-01  5.99091982e-02
  -3.48182232e-01  6.08029209e-01 -5.95285670e-01  7.28818957e-01
  -2.06426415e-01 -9.39762823e-01 -6.60386456e-01  8.12326052e-01
   8.16687425e-01  8.89496620e-01 -6.11243744e-01 -5.57674961e-01
   5.69799484e-01 -2.74618375e-01  5.08949877e-01  2.67408857e-01
   2.21360689e-01  6.36933487e-01  9.85242175e-01  6.13510712e-01
   1.75401980e-01 -5.95144665e-01 -1.27408172e-01 -1.23979977e-01
  -2.96327664e-01 -3.64311524e-02  3.52101959e-01  1.06464576e-02
   4.83524381e-01  6.93928659e-01  5.82994592e-01 -5.82416843e-01
   4.43020866e-01  8.34048108e-01  7.30234413e-01 -4.28075819e-01
  -7.44859205e-01  6.16400073e-01 -9.16069466e-01 -8.64437436e-01
   5.35489736e-01  2.03194503e-01  9.16231345e-01  1.20262414e-01
   4.65316405e-01 -5.57786127e-02 -6.03572285e-01  1.18928167e-01
  -5.83263551e-01  1.17790685e-01 -6.00216032e-01 -6.31757026e-02
   4.65385416e-01  9.46951049e-01 -5.87517882e-01  6.16280454e-01
   6.09173365e-01 -2.35810602e-01 -3.82945351e-01  3.66771220e-01
  -3.69264756e-01 -7.10964895e-01  2.63163629e-01  5.88850521e-01
  -2.55269153e-01  5.69968163e-01 -2.48835715e-01 -2.45200374e-01
   3.72282778e-01 -7.05966056e-01  9.82485102e-01  2.54842099e-01
   5.92413938e-01  2.55292222e-02  3.11215266e-01 -6.26547518e-02
   5.96530757e-01 -6.14258723e-01]
 [ 5.56521947e-01 -5.82249496e-01 -5.30602107e-01 -8.07705000e-01
  -9.26006464e-01  9.86628556e-01 -2.75269343e-01  1.88175572e-01
   3.32366904e-01 -3.35530891e-01  5.41768582e-01 -2.02477892e-01
  -4.57055906e-01 -9.92546354e-01 -5.05271794e-01  7.28294140e-01
   4.03045497e-01  9.87239592e-01  2.49251235e-01  4.99625139e-01
   3.11107700e-01  2.26260550e-01 -8.72309854e-01  1.14583529e-01
   3.59468687e-01  2.65501456e-01  7.59147597e-01 -8.05656920e-01
  -7.92914758e-01 -3.60627736e-02 -9.92004697e-01 -2.86716000e-01
   4.20732683e-01  9.72334474e-01  6.93033525e-01  7.51322729e-01
   7.45167125e-01  8.43159249e-01 -8.83979751e-01 -4.71377311e-01
   7.84592755e-01 -7.89654209e-01  1.24476759e-01 -7.66295479e-01
   2.35725614e-01  2.42147932e-01 -2.20731076e-02 -8.47621627e-01
  -6.08557091e-01  5.46626879e-01 -3.35169761e-01  1.78231213e-01
   3.17984920e-02 -1.83004093e-01 -3.16189555e-01  8.05496763e-01
  -9.69250717e-01  8.67374211e-01 -9.85500393e-01  5.59615629e-01
   7.96902407e-01  3.68592891e-01  2.94835555e-03  9.60339166e-01
  -1.23717623e-02  4.02472624e-01 -6.61218981e-01  4.68807688e-01
   8.27507457e-01 -8.81732150e-01  7.86844244e-01 -4.66406120e-01
  -4.00267802e-01 -4.56066903e-01 -1.59353985e-01  7.10564097e-01
   3.32163169e-01  5.25267396e-01 -6.14355959e-01  1.87946481e-01
  -5.29304974e-01  8.24373567e-01  5.28769117e-01 -5.21377940e-01
   3.60476332e-01  8.17469867e-01  3.58550246e-01  9.33683698e-01
  -7.96526688e-01  2.03289997e-01  8.15314929e-01  2.64565751e-01
  -6.68603636e-01 -2.28636617e-01 -8.64211735e-01  6.75972728e-01
  -6.04505062e-01  2.82309648e-01  7.83162150e-01  7.19995666e-01
   9.38524424e-01 -3.77078328e-01 -2.01993462e-01 -7.37505335e-02
  -5.03952118e-01  3.72769220e-01  1.49326954e-01 -9.62546278e-01
   6.80368838e-01  2.32005718e-02  3.37712081e-02 -9.05012151e-02
  -6.27183084e-01 -9.02598691e-01 -2.72412508e-01 -8.19514129e-01
   9.27856653e-01 -7.53963898e-02 -5.05691480e-01  9.23234509e-01
  -9.46963089e-01 -8.14938102e-03  9.49376400e-01  8.52200645e-01
  -7.87762724e-01  5.26684107e-01 -2.58679157e-01 -2.35021444e-01
  -4.95733489e-01 -2.69224403e-01  1.65752636e-01  6.96337907e-02
  -4.56469985e-01 -3.55725693e-01 -2.57197105e-01 -6.79770641e-01
  -9.96736977e-01  5.49307778e-01 -4.54925455e-01  8.38136462e-01
   2.82857753e-01 -1.18387779e-01  4.91043814e-02  1.54905061e-01
  -9.31537605e-01  2.23514151e-02 -2.01310498e-01  6.92334585e-01
   5.44963671e-01 -9.52008730e-01 -7.56292471e-01  5.27128603e-01
   8.25660115e-01 -6.29726609e-01  1.91659686e-01  2.28723941e-01
   2.50379249e-01  9.68653586e-01  2.87130812e-01 -1.60279776e-01
   8.53512640e-01  6.82022078e-01  6.31788651e-01  1.72388893e-01
  -7.83420371e-01  1.13979247e-01  6.31385492e-01 -1.20859375e-01
   1.17500569e-01  2.33997113e-02  5.37734711e-01 -3.54304391e-01
   2.67772244e-01  1.11240851e-01 -9.81776107e-02  3.27856246e-01
  -6.03811723e-01 -6.96405114e-01  5.56038770e-01  3.64251409e-01
  -6.45417942e-01  1.98619714e-01  1.53133770e-01 -2.48379517e-01
   9.68698843e-01  4.63933027e-01 -5.67487855e-01  6.67182577e-01
  -5.24274185e-01  8.51724674e-01 -5.04481070e-01 -1.21201720e-01
   8.22799028e-01  5.23621132e-01 -3.01443920e-01 -6.05554074e-01
  -3.41948667e-01 -9.83347544e-01 -1.25261675e-01  5.25157708e-01
  -4.24029145e-01 -1.58109459e-01  6.12778238e-01  8.17476346e-01
   5.44218917e-01 -3.23895275e-02 -5.29738403e-01 -1.21631934e-01
   9.36065810e-01  2.48918174e-01 -4.05493206e-01  5.00915222e-01
  -9.76436254e-01 -4.83115140e-01  5.02381208e-01 -4.98336702e-01
   9.49426144e-01  2.54913801e-01 -4.64304726e-01  3.00641457e-01
  -5.49486964e-01  1.72251802e-01  9.03750716e-01  8.56307704e-01
  -3.44936927e-01 -9.85079535e-02  1.03745531e-01  5.90743441e-01
   2.44067504e-02  9.63688849e-01 -7.57398515e-01 -7.98703061e-01
   2.76235962e-01  3.75206832e-01 -5.46032688e-01 -8.02722050e-01
   6.74421217e-01 -6.69481827e-01  9.92576754e-02 -3.86295780e-01
  -5.15072685e-01  8.82657336e-01  3.69275570e-01  9.06610556e-01
  -6.04140859e-01 -5.96108345e-01 -5.22437166e-03  5.00392222e-01
  -3.95742975e-01 -8.02594583e-01]
 [ 5.56043267e-01  6.86714637e-02 -1.57644437e-02  3.38747314e-01
   2.56325065e-02 -5.22349949e-01  7.30014728e-01 -7.41792828e-01
  -1.51047354e-01  1.56667089e-02 -5.56693737e-01 -8.30592190e-01
   1.46185319e-01  1.94404870e-01  2.31532464e-01  1.15786595e-01
  -9.84961834e-01  9.83639947e-01  6.38472604e-01  6.15885979e-01
   4.27382930e-01 -1.15636625e-01  2.01910979e-02 -9.05314793e-01
   4.37148013e-01 -9.63235182e-01  9.76794348e-02  1.68041316e-01
  -5.91611855e-01 -3.78549006e-01 -1.56404537e-01 -3.96123458e-01
  -3.56871502e-02 -2.89639803e-01 -3.79062963e-01 -5.54017232e-01
  -8.77156726e-02  2.43467375e-01  6.67109770e-01 -2.34576198e-01
   1.20523852e-01 -9.97990880e-01 -8.82755838e-01  1.09334026e-01
  -7.72381052e-01 -7.34855342e-02  5.72800101e-01 -7.46719468e-01
  -1.19177947e-01 -4.58352958e-02  8.37656087e-01 -9.40696069e-02
   8.26818877e-01  9.55429957e-01 -6.42251099e-01  2.80354240e-01
   6.58753758e-01  7.08384862e-01 -2.09562514e-01 -6.37135334e-02
   6.92665884e-02 -3.10993652e-01 -9.68222593e-01 -3.30488076e-01
   6.59945040e-01 -5.09527560e-01  2.32221292e-01 -5.50719007e-01
   5.67445052e-01  9.41022211e-01 -6.27493973e-01  6.65002389e-01
  -9.19755170e-01 -6.67003281e-01 -8.18675442e-01  1.27577137e-01
  -2.42658664e-02  4.31313928e-01 -5.44119146e-01 -4.55474864e-02
   7.87558366e-02 -7.30443143e-01  7.23984030e-01  3.70759383e-01
   3.67495528e-01  8.49029834e-01  8.11970644e-01 -4.54772329e-01
  -2.50422144e-01 -9.40230912e-01 -3.83542360e-01  5.07326953e-01
   7.52944112e-01  4.34742715e-01 -8.84187946e-01 -7.04580106e-01
   7.03717159e-01  9.87774847e-01 -7.32615563e-01 -5.46617313e-01
   3.16100413e-01  7.96722347e-01  5.78415222e-01 -7.41289689e-02
   3.66919362e-01  1.14932572e-01 -7.14078346e-01  3.35353259e-01
  -3.90953703e-01  3.58600143e-01 -5.78786384e-02 -3.44357424e-01
   5.99981349e-03  4.07650193e-01  8.15226300e-01  3.80190196e-01
   9.39922709e-01  2.16914080e-02  6.79595496e-01 -1.58343744e-01
  -1.70026244e-01 -4.71610893e-01  9.69237570e-01 -9.05144681e-01
   7.75604105e-01  9.75303622e-02 -1.12746332e-01  1.28948213e-01
  -1.31659651e-01 -2.15848766e-01  2.08904178e-02 -2.43296678e-02
  -6.14095702e-01  9.35997407e-01 -3.08916714e-01 -9.61293652e-01
   4.75262581e-01 -2.92402318e-02  1.50111115e-01  1.71039241e-01
   1.45299125e-01  2.09457852e-01 -8.59484510e-01  1.40134203e-01
   6.36415851e-01 -4.78345353e-01  6.13051746e-01 -4.83538171e-01
  -9.47838012e-01 -5.92250321e-01  4.24060346e-01 -8.55900715e-01
  -1.11927093e-02 -4.59815013e-01 -1.17048841e-01  5.24211612e-01
   9.64698874e-01  5.27281505e-01 -5.35034714e-01  2.69218610e-01
  -1.27857735e-01  9.76777011e-01  3.69061955e-01  9.26971184e-01
  -2.25333380e-01  9.58807954e-01  9.70508727e-03 -1.89659371e-01
   5.10519063e-01  4.73206361e-01 -8.02083320e-01 -4.43704293e-01
  -1.11397836e-01 -4.35613198e-01 -2.36736677e-02  9.11079415e-01
  -1.17010496e-01 -9.69792780e-01 -4.41218370e-01  3.19770446e-01
   3.46517676e-01 -1.61729448e-02  9.36870005e-01  4.88153105e-01
   1.19010903e-01 -5.66013302e-01  2.78555844e-01  4.19117177e-01
  -9.91732697e-01 -5.93943971e-01 -1.42782119e-01 -1.39547822e-01
  -9.58694483e-01  1.98179437e-01  8.09034818e-01  2.52959212e-02
   4.95052309e-01  7.50526862e-01 -5.20917805e-01 -4.97780228e-02
  -1.47597290e-01  9.51160784e-02  7.88195979e-01 -9.47092172e-01
  -8.43516604e-01  1.17874761e-01  6.57019871e-01  5.31607874e-01
   9.53630894e-01  7.61824731e-01  9.11275574e-01  9.33073136e-01
  -5.27665183e-02  6.00808232e-01 -7.79124616e-03 -1.57038750e-01
   8.98019592e-01  6.29480828e-01  6.39562126e-01  5.80874451e-01
  -3.95577627e-01 -9.42097014e-01  8.68391868e-01 -7.52946622e-02
   9.13230040e-01 -4.28716506e-01  9.65391580e-01  3.58791642e-01
   3.05249091e-01  5.76635806e-01  7.08125938e-01 -1.67273691e-01
   2.47240533e-01 -6.89775546e-01  5.22277866e-01  8.52075640e-01
   4.13875710e-01  3.72488416e-01  4.29910425e-02  3.75938116e-01
   6.67267425e-01  6.79668231e-01 -3.16292695e-01  9.51269924e-02
  -5.46557847e-01 -8.35414197e-01  3.56884868e-01 -3.62360255e-01
   7.98188827e-01 -8.73966191e-01]
 [ 8.94331000e-01  3.26211772e-01  5.28406485e-01  6.12002998e-01
  -6.51254339e-01  5.10246037e-01  5.75096261e-01  9.03093944e-01
   1.74943589e-01  6.13947512e-01  9.97579856e-01 -2.76099831e-01
  -5.82949181e-02  2.45741785e-01 -2.93269854e-01 -8.68186269e-01
  -9.17373022e-01  5.98124926e-01  8.63321020e-01 -5.53307638e-01
  -5.88354488e-01  6.36546701e-02 -9.94268973e-01 -8.46761732e-01
  -3.12755340e-01 -5.61402925e-01  8.37955297e-01 -2.62032784e-02
  -4.55327986e-02 -4.61650423e-01 -6.09140576e-01  2.71880722e-01
  -3.82947250e-02  7.48892466e-02 -3.63898277e-01  9.54871162e-01
   9.37424670e-01  8.64353811e-01 -2.75354437e-01  3.80018937e-01
   1.40635409e-01 -5.72964716e-01  9.26155066e-01 -2.58131782e-01
  -5.61355030e-01  8.05658140e-02  4.80288320e-02  2.45087072e-01
   7.26956592e-01 -2.63868630e-02 -1.24966453e-01  6.78857011e-01
  -7.71804791e-01  4.97601844e-01  8.68958440e-01 -4.37653107e-01
  -6.85578060e-01  3.26132935e-01 -4.87143039e-01 -4.72742105e-01
   1.45389172e-01  7.75038467e-01 -4.70782119e-01  2.92417894e-02
   5.58618871e-01 -3.00114105e-01 -8.43014987e-01 -8.26003762e-01
   3.84088082e-01 -7.32966978e-01  4.99205238e-01  6.00058012e-01
   4.33588360e-01 -4.79672689e-01 -9.95592035e-01 -8.33190144e-02
  -4.70460006e-01  2.08367808e-01  5.18856808e-01  6.93727712e-01
   8.62113084e-01 -6.81431255e-01  1.31915173e-01 -4.80557571e-01
   1.28480335e-01 -4.75433266e-01  3.21305382e-01  7.53547780e-01
  -3.68686539e-01  4.37041050e-02  2.56392019e-01 -1.06738838e-01
  -3.31882418e-01  8.53166463e-01 -9.30981083e-01 -7.35998644e-01
  -4.53169692e-01  8.92251841e-01 -9.63366810e-01  8.89776167e-01
  -6.12648236e-01 -5.74050127e-01 -6.63617298e-01  4.03138796e-01
   1.03647132e-02  3.41166983e-01  5.08413139e-02  9.35220104e-01
  -9.33271614e-01  7.83406684e-01  7.45687586e-01 -9.58107967e-02
  -6.29172064e-01  8.69560823e-01 -6.18670296e-01  4.96669014e-01
  -2.38646022e-01  4.31324077e-01  3.05538681e-01 -2.67584906e-01
  -8.07305324e-01 -4.21830761e-01  8.74041128e-01 -9.67312585e-01
  -8.42534934e-01 -5.72311738e-01 -8.39845230e-01 -6.90990869e-01
   3.48490465e-01  5.31428113e-03  5.78902825e-01 -3.29501736e-01
  -4.16932253e-01  9.91133189e-01 -9.68380971e-01 -5.34706565e-01
  -9.62074355e-01  7.86201457e-01  8.23551430e-01 -5.15154419e-01
   6.43342792e-01 -6.54576066e-01  1.02999649e-01  5.20798511e-01
   2.37329998e-01  8.01428093e-01  2.71633359e-01  1.46392009e-01
  -2.06972546e-02 -4.31514591e-02  3.30764488e-01 -5.45146488e-01
  -3.57409826e-01 -8.68693255e-01  1.96679992e-01  1.51031092e-01
  -2.47641708e-01  5.11220146e-01 -4.73189048e-01  1.47711073e-01
  -6.15418054e-04 -7.09955793e-01  1.90411069e-01  6.92635612e-01
   9.05648994e-01  7.35090218e-01 -7.56580203e-01 -4.15051422e-01
  -4.55495168e-02  8.83544700e-01 -7.49669391e-01  4.67021014e-01
  -5.05541920e-01 -8.08956060e-01 -7.65243735e-01  9.17368117e-02
   5.78992836e-01 -3.48631614e-01 -6.43568010e-01 -8.03082195e-01
   4.95265533e-01 -9.43611988e-02 -3.15028860e-01  6.98778934e-01
  -4.48415613e-01 -6.63527138e-01 -4.69092597e-01  6.29427270e-01
  -5.72699553e-01 -7.65543349e-01  4.99770944e-01 -4.11405972e-01
  -7.00488947e-01  8.83814122e-01 -5.88057730e-01  1.29460634e-01
   5.78702508e-01  6.64810847e-01 -1.39011316e-01  6.33979752e-01
  -7.32755739e-01  3.59642928e-01  6.15228947e-01  3.26312732e-01
   5.89765659e-01  9.59019281e-02  3.97885363e-01  5.03091443e-01
  -9.20548930e-01  5.48026756e-01 -1.71178091e-01 -9.14016777e-01
  -2.73896089e-01 -6.38143173e-01  9.39315452e-01  3.66225824e-01
  -9.49949691e-01 -9.64414350e-01 -3.65403266e-01  3.71168843e-01
  -9.04693532e-01 -4.97013481e-01 -4.24414887e-01 -8.93557401e-01
  -9.64126100e-01 -7.00656347e-01  3.02590537e-01  2.52424967e-01
   8.90035756e-01  4.78067069e-01 -3.73802344e-01 -8.46764072e-01
   5.03217446e-01  9.30134140e-01 -1.28644785e-02  4.18350795e-02
  -3.13282620e-01 -7.27877480e-02 -4.24359087e-01 -1.60515903e-02
   7.09982671e-01  4.20429689e-01  4.55957037e-01  2.27296701e-01
  -2.38835877e-01  2.61744663e-01 -5.84762265e-01 -7.16953143e-01
  -3.65410816e-01  9.95188609e-01]
 [-9.05542710e-01  9.83708795e-01  8.64479321e-01  2.96840577e-01
  -9.63876096e-01  8.96257767e-01 -8.37821617e-01  2.18430928e-01
  -5.39892185e-01 -3.03797671e-02  4.58778467e-01 -2.12850584e-01
   7.03506278e-01  8.73908225e-01 -6.81717728e-01 -4.69728499e-01
  -3.35467267e-01 -6.71883122e-01  1.17725873e-01 -2.08081030e-01
  -8.79065309e-01 -5.75247449e-01 -5.06373157e-01 -7.72648910e-01
  -8.96779273e-01  9.84198196e-01  9.37504881e-01  7.58138841e-01
   6.06985414e-01  2.46380399e-01 -6.03982827e-01 -6.91595914e-01
  -6.40767645e-02  1.94151123e-02 -3.34653031e-01  2.15704286e-01
   5.03728271e-01  2.19914818e-01 -8.83707948e-01 -5.25056022e-01
   2.03857636e-01  1.99921566e-01  8.64506027e-02  6.79564122e-01
  -6.62380761e-01 -7.18913849e-01  5.25592095e-01  4.67325387e-01
  -7.50157451e-01 -4.54750241e-01  8.49522872e-01 -7.24749527e-01
   9.92724564e-01 -4.81510538e-01 -7.02431872e-01 -5.60539665e-02
   1.28307016e-03 -3.78675453e-01  8.11812032e-01  5.74286853e-01
  -7.40490868e-01 -8.95916138e-01  1.44225395e-01  1.03481276e-01
  -8.90748225e-01  8.13953189e-01 -3.12023056e-01 -8.90226299e-01
  -4.51867107e-01 -9.63615728e-01 -5.76931488e-02 -2.74014551e-01
  -5.44026774e-01  9.45517751e-01  2.55020302e-01 -9.47707291e-02
  -3.21499846e-01  9.87706330e-01  2.79245075e-01  7.33203591e-01
   1.79872136e-01  3.88074545e-01 -8.18607819e-01  4.25929063e-01
   4.87556047e-01  3.84435047e-01 -5.56104259e-01 -4.34591444e-01
  -8.05610173e-01  4.34558601e-01  6.28176636e-01  1.67103131e-01
  -5.87961817e-01 -8.42502738e-01  7.78309914e-01  5.29401431e-02
   8.08118759e-01  8.99920487e-02 -9.78409504e-01  1.77435481e-01
  -2.67707091e-01  4.81035715e-01  6.73981106e-01  3.46182679e-01
  -3.24942430e-01  9.43846159e-01 -9.40424491e-02 -2.23909338e-01
  -1.21524172e-01  2.20774638e-01 -2.09386901e-01  9.46110673e-01
  -6.34284246e-01  4.85183976e-01 -7.54413891e-02 -9.06378684e-01
   5.83716284e-01 -5.47286849e-01  7.98679195e-01 -5.68686212e-02
  -4.78354693e-01  2.32551577e-02 -8.62711739e-01 -2.72574800e-01
   4.13611233e-01 -4.06142808e-01 -1.01903980e-01 -8.37754607e-01
  -2.58785332e-01 -3.88009577e-01  7.83940964e-01  8.82873843e-01
  -2.80989731e-01  7.25654099e-01  4.51885827e-01 -3.25744082e-01
   8.21958454e-01  2.88728302e-02 -2.17400946e-01  5.35622183e-01
   4.40022907e-01 -8.76054793e-01  8.07716996e-02  5.39489896e-01
   2.02127337e-02  4.54559043e-01 -2.39435000e-01 -7.92599837e-01
   6.18209757e-01  4.00960218e-01 -6.09932595e-01  5.89685006e-01
  -3.27023138e-01  3.82400717e-01  5.90691956e-01  5.24110165e-01
   6.59390376e-01 -2.04419280e-01  2.77226705e-01  1.30765708e-01
  -1.51641402e-01 -2.95632471e-01 -4.34460897e-01  5.43784227e-01
  -1.71551201e-01 -8.50068427e-01  9.80518759e-01 -2.28050720e-01
  -1.16286278e-01  8.94184158e-01 -4.92450628e-01 -8.10631848e-01
  -4.57976072e-01  6.03527102e-01 -7.77736691e-01  4.93226679e-01
   8.36917669e-01  5.06144999e-01 -9.61516870e-01  9.11462954e-01
  -3.29308838e-01 -2.92943162e-02  6.01343687e-01 -2.15562972e-01
   8.86766572e-01 -5.91126542e-02 -6.33966227e-01  2.35182423e-01
  -2.61922014e-01 -1.49856999e-01 -5.91017084e-01 -9.94949153e-01
   4.88790273e-01  1.10777361e-01  9.72777677e-02  7.45173061e-02
  -9.72611684e-01  6.31128362e-01  5.60606261e-01 -5.42178144e-01
   3.37344528e-01 -9.09298691e-01 -9.53292858e-02  7.70095233e-01
   5.99800498e-01  6.80155632e-01 -3.73118569e-01  2.43210239e-01
  -8.52313242e-01  7.78185702e-01  5.13061224e-01 -7.25144836e-01
  -1.87054503e-01 -9.11228879e-01  9.08547889e-01 -8.64093913e-01
  -1.79439510e-01  1.77429688e-01 -1.62338087e-01 -9.28897493e-01
  -4.08059297e-01 -5.19206742e-01 -9.98063020e-01 -9.67561710e-03
   6.54721783e-01 -8.13643184e-01  5.86818934e-01  9.89695036e-02
   6.58048509e-01 -3.45573625e-01 -2.50095745e-01  6.58952937e-01
  -2.48585545e-01 -9.21865932e-01  4.34840646e-01 -4.35319010e-01
   4.27400918e-01 -1.50264329e-01 -6.31736050e-01 -2.54182400e-02
  -9.43233443e-01  3.77170898e-01  8.09684951e-01  3.74312413e-01
  -1.23004651e-01  6.60995789e-01  8.94163481e-01  8.88460633e-01
   8.11282283e-01 -8.68804441e-01]
 [-1.42860075e-01 -6.78306696e-01 -8.85358356e-01 -1.80519164e-01
   7.52671642e-01  8.41923509e-01  2.84613389e-02  1.96511713e-01
  -3.52017682e-01 -3.05587603e-01 -7.84379511e-01  2.82481307e-01
   7.40908796e-02  6.20428252e-01  5.62856570e-02 -4.64725212e-03
   2.28864447e-01  1.21712186e-01 -6.74161634e-01 -7.70670722e-01
  -6.20268498e-01 -6.90145911e-01  2.68013837e-01 -1.28437121e-01
   8.92844630e-01 -6.87574957e-01 -6.36855159e-01 -8.84440981e-01
   2.04438475e-01  3.37998801e-01 -4.71848069e-01  1.97064396e-01
  -1.79403145e-01  6.23421770e-01  8.84168926e-01  3.25428235e-01
   3.29036504e-01  4.40237440e-01  5.70654736e-01  1.68942499e-01
  -4.83848829e-01  8.03084313e-01 -7.47407067e-02 -3.46780242e-02
   5.52700247e-02  7.75285053e-02  3.09018426e-01  2.48496059e-01
  -6.15826111e-02  5.38728040e-01  7.56718242e-02 -9.71559211e-01
  -8.26107041e-01 -4.54074669e-01 -8.71923883e-01 -4.09554952e-01
   2.13962896e-01  2.35810568e-02  2.80809037e-03 -4.10432355e-01
   9.04181998e-01  2.41350851e-01 -5.98224470e-01 -4.06134802e-01
   5.87897623e-01  2.02404269e-01  5.63719900e-01  9.71727953e-01
   6.86892812e-01  9.60858808e-01  3.17572870e-01  8.94038951e-02
   7.85845614e-01 -7.46041434e-01 -6.23519523e-02 -6.45267849e-02
  -1.84319638e-01  7.86902000e-03  2.93288303e-01  3.87863341e-01
   9.47410750e-01 -8.32903813e-02  2.42933781e-01  2.54042055e-02
  -1.47917031e-01 -4.42875363e-01 -8.34037872e-01 -8.49213284e-01
   7.32748704e-01  2.41103432e-01  8.09520040e-02  3.22128950e-02
   5.03178438e-01  3.16087909e-01  9.44096500e-01  4.01452750e-01
   4.07075278e-01 -3.87291258e-01  3.17494441e-01  4.47179814e-01
  -1.20562468e-01  8.37842423e-01  1.43202173e-02 -7.96641957e-01
  -9.32319143e-01  5.82676453e-02  3.09091428e-02 -2.69225991e-01
   2.46526401e-01 -2.84516724e-01 -7.87462701e-01  9.40049544e-01
  -5.20401952e-01  4.02373686e-01  1.26895577e-01 -7.43001318e-01
  -2.77649338e-02 -7.39311214e-01  7.96382821e-01 -8.14344610e-02
   4.93059361e-01  3.15188959e-01  6.21447914e-01 -2.37137943e-01
   4.95785770e-01  9.55331041e-01 -7.67322969e-01  5.18422250e-01
   4.97801212e-01  1.44616872e-01 -5.70852835e-01  2.92974178e-01
  -2.89625582e-01 -3.32393007e-01  1.20262613e-01  3.78959781e-01
  -9.41618466e-01  2.47491559e-02 -6.92636682e-01  6.39398622e-01
  -5.92855973e-01  9.97685585e-01 -1.81658897e-01 -8.36593338e-02
   8.16547361e-02  9.74658120e-01  1.11807923e-01 -4.83640677e-01
  -9.20831427e-02 -7.12942759e-02 -4.85328147e-01 -3.78489292e-01
  -4.14618929e-01  9.66527371e-01 -4.64238275e-01 -5.29866032e-01
  -2.74457452e-01 -4.99381108e-01  1.30369901e-01  2.78156731e-01
   7.25885566e-01 -7.10326186e-02  2.02134590e-01 -5.97536018e-01
  -9.41503875e-01  5.73356537e-01  3.71029676e-01  5.53063812e-01
  -2.68915401e-01 -9.46060736e-01 -5.86231729e-01  9.44114340e-01
   6.96832430e-01  6.71792579e-01  4.95670419e-01  7.21611061e-01
  -6.87434522e-02 -1.55329531e-01 -9.13347647e-01  8.69335869e-01
  -2.56258679e-01  5.72443733e-01  2.22414151e-01  8.07137298e-01
   1.63384572e-01  9.36532970e-01 -5.04870389e-01 -7.63987775e-01
  -4.30791502e-01 -8.11277557e-01  1.63126197e-01 -6.07671518e-01
   3.40712500e-02  2.98026772e-01 -1.82281437e-01 -5.71582287e-01
  -7.50328285e-01 -1.15374894e-01 -9.94100002e-01  4.65277886e-01
  -6.48154335e-01  3.90849409e-01 -7.63486075e-01 -7.06171143e-01
   8.83299568e-01 -3.63304681e-01 -4.00665857e-01  9.99922099e-01
   5.40613495e-01 -6.72669775e-01 -3.70083274e-01 -2.58818706e-01
   6.10823598e-02  4.00784170e-02  8.37848639e-01  3.75551578e-01
  -8.79761111e-01 -2.80455661e-01  3.58842800e-01 -5.48230866e-01
  -6.15940697e-01  4.41211630e-01  4.91892039e-01  5.61763470e-01
  -6.07984962e-01 -5.57943942e-01  6.84097117e-01  1.35773755e-01
  -7.62072055e-01 -6.35385827e-01 -5.99320847e-01  4.71806901e-01
   9.78219247e-01  5.15049086e-01 -8.23092154e-01 -9.15236351e-01
  -3.31689665e-01 -4.64021339e-01 -6.96634079e-02  5.40589950e-01
  -5.36281394e-01  2.92187534e-01  6.20189908e-01 -6.30856901e-01
  -5.41085205e-01 -2.77125325e-01 -8.82949949e-01 -5.26354891e-01
  -3.33410404e-01  3.85841183e-01]
 [-2.16775252e-01 -7.73199594e-01 -2.98825028e-01 -2.94264788e-01
   9.21703366e-01 -6.52190297e-01  3.33961704e-01 -8.90497639e-01
   2.82990781e-01  5.60465622e-01  8.66890074e-01  2.66227194e-01
   8.01198261e-01 -5.49905826e-01  6.03778189e-01  2.81101496e-01
  -9.57230565e-01  3.27286376e-02 -8.72464659e-01  4.69968799e-01
   7.82894243e-01 -7.47631255e-01  4.21573525e-02 -9.27410885e-01
  -5.68302092e-01  5.61894693e-01 -5.11251981e-01  8.88670530e-01
   5.69276887e-02  8.30518545e-01 -2.97302156e-01 -5.97715352e-02
  -7.92396639e-01  2.64850252e-01 -6.26531062e-01 -3.39022795e-01
  -5.12835566e-01  5.25507229e-03  3.37907668e-01 -9.38380771e-01
   9.80515798e-01  6.19055149e-01  6.09048139e-01  4.84993934e-01
   7.24489831e-01  7.98510628e-01  2.55130833e-01 -6.74513700e-01
   3.19198863e-01 -7.92749088e-01  1.59500807e-01  9.89793060e-01
  -4.48451202e-01 -2.66866326e-01 -9.14816109e-01 -6.89121806e-01
   8.73997974e-01  9.27683176e-01  6.84035375e-01  8.93579240e-01
  -9.01379517e-01  2.80236845e-01  2.43708558e-01  1.56664355e-01
  -8.71026722e-01  8.59938959e-01 -6.52039365e-01  8.68464060e-01
  -4.66845199e-01 -8.18094930e-01 -5.17649268e-02  9.57125618e-01
   9.65571886e-01  2.27412007e-01  1.20047879e-01 -2.63527413e-01
   6.22963291e-02 -5.96145685e-01 -5.28390932e-01 -3.49161213e-01
  -6.18263751e-01 -9.63978777e-01  7.18877890e-01 -9.82212519e-01
  -3.30259170e-01  9.49394322e-01  3.56637051e-01  1.43082305e-01
  -2.81747840e-01  8.19521889e-01 -5.70944865e-01 -6.01823144e-01
   2.55734924e-01 -9.55576255e-01 -7.14030184e-01 -3.77243028e-01
   5.93180241e-01 -3.94613453e-01  6.36685951e-01 -2.35530265e-02
  -2.87761275e-01 -2.56654353e-01  8.98621871e-01  5.32894577e-01
   9.46554571e-01 -5.40340549e-01 -9.21559790e-01  1.50020748e-01
  -8.31019271e-01  9.52228874e-01  3.82030762e-01 -4.54123080e-01
  -7.99677162e-01 -1.70456142e-01  6.43412757e-01 -1.02215720e-01
  -1.48980466e-01 -4.64824156e-01 -5.91464369e-02  1.80433265e-01
   6.35715946e-01 -4.92735478e-01 -7.66061051e-01 -9.11695965e-01
  -7.06976424e-01 -5.59025118e-01 -8.86033010e-01  9.75503401e-01
  -8.16937219e-01 -8.64431406e-01  3.87821005e-01 -8.77298202e-01
  -1.48322990e-02 -2.85137983e-01  6.45995164e-01  6.70126927e-01
  -4.92321693e-02  3.29094574e-01 -2.00804650e-01 -6.37796871e-01
   6.09725153e-01 -5.81468596e-01  2.01961091e-01 -7.11628914e-02
  -8.37258792e-01 -6.64844233e-01 -8.46639179e-01  4.93305316e-01
  -5.09350767e-01 -6.19494593e-01  2.58032184e-01 -6.75837211e-01
   5.07884416e-01  1.59815680e-02 -4.20477596e-01  2.32721887e-01
  -1.20426465e-01 -5.63425749e-01 -4.48471129e-01 -1.73309591e-01
   4.66045018e-01  8.11950447e-01 -5.77261293e-01 -5.82101828e-01
  -9.25239927e-01  1.15861266e-01 -4.21525849e-01 -2.41509999e-01
  -7.12557807e-01 -7.45347739e-01  1.58980831e-01  3.52779018e-01
  -5.09412822e-01 -9.50332985e-01  5.68027110e-01 -4.45808880e-02
   8.85521130e-01  8.84767670e-01 -2.77202043e-01 -8.34013826e-01
  -3.59420109e-01  4.67140244e-02  7.75156689e-01  8.25553169e-01
   5.40087461e-01 -1.08404638e-01 -8.60622640e-01 -3.47253142e-01
  -3.63611376e-01  6.47170631e-01 -5.76984030e-01  9.85094312e-01
   1.42375696e-02 -2.48608795e-01  1.76161633e-01  1.42585838e-01
  -1.38512036e-01 -6.85167670e-01  9.91521197e-01  3.71737610e-01
   5.29939461e-01 -6.34510089e-01 -9.34831694e-01  8.00421788e-01
  -5.74605492e-02 -6.74062750e-01  8.06919286e-01  9.88748348e-01
  -7.11540211e-01  3.14635493e-01  6.15096528e-01  3.11977404e-01
   4.53319484e-01 -1.30901044e-01 -7.84833843e-01  4.66599614e-01
  -8.97428269e-01  2.50949899e-01  6.31287314e-01 -6.33175420e-01
   2.15295287e-01  8.29798091e-01  7.44157428e-01 -8.41602880e-01
   9.60500483e-01  7.49304719e-01 -2.91782049e-01 -6.23712818e-01
  -4.96643783e-01  7.51037168e-01  6.21490617e-01  7.98896834e-01
  -4.12838658e-01  7.07432723e-01 -5.92668430e-01  2.46985323e-01
   4.43349630e-01 -1.54201626e-01  3.63343506e-01  9.92827279e-01
  -1.44490086e-01  2.99126691e-01 -6.69986092e-01 -5.65128267e-02
   8.15587714e-01 -2.80246008e-01  6.12372370e-01  3.05868045e-01
   5.24696669e-01  4.18834303e-01]
 [-1.70729515e-01  8.15764151e-02  3.76070272e-01  9.24810661e-01
   2.03664706e-01  4.40319125e-02  4.01975578e-01 -9.37560078e-01
   1.27053817e-01  5.57342301e-01  6.62793670e-02 -8.31981778e-01
   4.26675429e-01  9.42200443e-02  9.48744756e-01  7.11096520e-01
   3.98593000e-01  8.37000136e-01  7.91803080e-01 -2.79260229e-01
  -9.52988822e-02  4.51737644e-01  7.32283351e-01 -1.78558784e-01
  -5.74328565e-01 -5.87863256e-01  2.03786444e-01 -5.57478719e-02
   6.07369495e-01  8.83664453e-01  6.55144756e-01  5.40168654e-01
  -9.59613758e-01  1.56804079e-01 -3.18455071e-01 -3.64638527e-02
  -2.29175935e-01  3.82594412e-01 -5.96760534e-01 -6.76677794e-01
   2.88638000e-01  9.69092703e-01 -7.91001709e-01 -8.75718305e-01
  -4.64012546e-01  4.26639361e-01 -4.84118652e-01 -3.11757592e-01
  -8.10615965e-01  5.62655913e-01 -6.78811052e-01 -2.93004197e-01
   4.81100623e-01  9.28262060e-01  2.06573749e-01 -8.88928722e-01
   7.54503596e-01  7.76396162e-01 -1.49613371e-01 -4.29008023e-01
   6.57644706e-01  7.21038176e-01  9.23280659e-01 -2.85413846e-01
  -6.10770766e-01  8.90720988e-01  2.04525538e-01 -7.90190005e-02
  -3.33258139e-01  1.56029012e-03 -5.59987039e-01  4.86395047e-01
   9.19838221e-01 -7.26472062e-01  1.86742124e-01 -4.91795424e-01
   8.83736942e-01  6.69693724e-01 -8.64748687e-03 -1.91983306e-01
  -7.05322343e-01 -8.48858171e-01  7.63552820e-01  3.68516449e-01
  -8.51561688e-01  8.05031339e-02 -6.80438569e-01  3.31411344e-01
  -4.65435247e-02 -9.79014432e-01  5.45822654e-01 -6.98963710e-01
  -4.34703582e-01 -6.48136814e-01  9.94228456e-01 -1.03747372e-01
   6.77895670e-01 -9.86596082e-01  3.91634736e-01  1.35138606e-01
   1.83477435e-01  9.85955583e-01 -5.59301528e-02  2.96374457e-02
  -2.84620845e-01 -7.95553070e-01  7.44207258e-01 -4.74973577e-01
  -7.38037774e-01 -8.14917756e-02 -7.77609853e-01  9.40642707e-01
   1.86383110e-01  1.43661222e-01  8.04636595e-01 -7.60453782e-01
   7.91597717e-01 -2.52158922e-01  5.01584303e-01 -4.35613263e-02
  -7.49321321e-01  7.82358943e-01  1.49226041e-01  8.54882879e-01
   1.39382845e-02 -2.97374156e-01 -5.69021560e-01 -8.43935687e-01
  -6.99654991e-01 -6.90299913e-01  9.46874791e-01 -3.78620493e-01
   8.21552387e-01  5.81343912e-01 -4.37928941e-01  3.87556045e-01
   5.08921718e-01  4.98194368e-01  7.26768801e-01  6.41157181e-01
   2.49475807e-01 -4.20756739e-01 -1.49488460e-01  5.47962174e-01
  -2.18343998e-03  7.00531055e-01 -9.45261826e-01  7.12589107e-01
   5.79821890e-02  3.83929640e-01  2.64507899e-01 -7.98180948e-01
   1.23571304e-01 -6.91514240e-01  6.31824999e-02 -9.26203050e-01
  -9.00083544e-02 -4.85952864e-01  3.16028435e-01  1.53546989e-01
   5.99512808e-01  9.61833409e-01 -7.81914750e-01 -9.29556961e-01
  -2.49488987e-01  4.08208993e-01  7.70890315e-01  5.41451810e-01
  -3.71417190e-02  6.60429505e-01 -8.27874331e-01 -9.24628839e-01
  -5.71115488e-01 -5.22422088e-01 -8.26245958e-01 -1.01622085e-01
   9.87798727e-01  5.34811390e-01  6.72425286e-01  6.97099374e-01
   4.94218947e-01 -8.87636611e-01  5.89584659e-01  2.06456374e-01
   3.88586062e-01  7.99633795e-01 -4.53476493e-01 -1.30344599e-01
  -7.78408410e-01 -1.85093754e-01 -5.90290249e-01 -2.12988010e-02
   8.44444485e-02 -8.15999776e-01  9.00583377e-02  4.30601939e-01
  -9.15973082e-01 -6.76137006e-01 -6.48101717e-01 -2.93238493e-01
   2.84592864e-01  9.99366166e-01 -9.33035288e-02  6.46863375e-01
  -4.25169583e-02 -5.21122854e-02  2.33275107e-01  8.10830649e-01
   8.26794230e-01 -8.21607708e-01  7.27877398e-01  4.81152457e-01
  -5.41250009e-01 -5.05039203e-01  8.76652388e-03 -4.62207639e-01
   1.51306518e-01  2.68833448e-01  8.11133773e-01  2.74017722e-01
   9.12768140e-01 -7.30074948e-01  8.81341409e-01  9.35971517e-01
   9.19544489e-01  8.61186051e-01 -3.08143603e-01  4.30633587e-01
   7.25549054e-01  7.17474917e-01 -3.95614532e-01  7.86359838e-01
   8.65081147e-01  4.53519550e-01  8.27966057e-01  7.19172014e-01
  -1.53573236e-01  4.86116122e-01  3.67322396e-01 -5.40199352e-01
   1.67045211e-01  8.45124619e-01 -3.30073321e-01  8.61644927e-01
  -2.67779425e-01 -1.92829424e-01 -1.99907798e-01  7.35427419e-01
  -7.52464365e-01 -3.15284287e-01]
 [ 4.85684962e-01 -9.35683108e-01  8.02215447e-01 -9.51184126e-01
  -1.41494188e-01  8.54192222e-01 -1.60931133e-01  9.04966351e-01
   2.71204362e-01  1.32852618e-01  7.05408992e-01 -2.24419674e-01
   9.53885107e-01 -2.52752342e-01 -6.27129996e-01 -4.35887515e-01
  -8.79212388e-01  9.23506399e-01  3.18201219e-01 -3.73455636e-01
   6.81191706e-01  7.30404280e-02 -6.89109233e-01 -3.94482120e-02
   9.08371118e-01 -6.32865383e-01 -5.58986219e-01  2.53944230e-01
   2.31470527e-02 -6.71069531e-01 -2.21186123e-01 -8.10719085e-01
   3.61727127e-01  1.43937244e-02  6.17260638e-01  6.94999498e-01
   7.13273674e-01 -2.74439206e-01  7.72341655e-01  8.12536939e-01
   9.80257825e-01 -9.95414583e-01 -5.20862909e-01 -3.44509973e-02
   1.66861121e-01  4.09981780e-01 -1.07548513e-01  9.04105818e-01
   2.66534042e-01  6.08295323e-01 -4.60977638e-01 -8.25757541e-01
   4.04187205e-01  1.82331413e-01 -2.14057324e-01 -6.25328473e-02
   3.98016031e-01  8.16495761e-01 -1.03446893e-01  2.12548003e-01
  -2.32548950e-01  5.55979991e-01 -2.57360931e-01  8.07571620e-01
  -2.64681673e-01 -4.57956564e-02 -7.44223988e-01  6.16778844e-01
  -1.41249274e-01 -4.03367092e-01  3.07823107e-01  8.62454711e-01
  -6.94232813e-01  2.88347258e-02 -2.60010129e-01  5.64242181e-01
   5.78285019e-01  5.46884257e-01  8.73719663e-01  4.00650456e-01
  -9.23764264e-01  4.55933507e-01  9.03325464e-02 -9.62080313e-01
   2.71459174e-01 -9.08409044e-01  2.04277144e-01  9.55292027e-01
   2.91120238e-01  9.51347535e-01  5.25801200e-01 -1.79134466e-01
  -7.64898702e-01  6.37097753e-01  7.18133547e-01 -2.22441527e-01
   1.91592352e-01  9.20225568e-01  8.53893289e-02  2.40244276e-01
   6.39577867e-02  1.64382814e-01  3.15465482e-02  7.43612514e-01
  -5.83809844e-01 -6.80667374e-01  4.43274159e-01  8.91681321e-01
  -2.18109770e-01  6.51929992e-01 -8.70602488e-03  1.55655620e-01
   1.87660187e-01 -8.83546026e-01  5.16718982e-01  3.57300175e-02
   3.84559872e-02 -5.33322413e-01 -2.71234686e-01  9.93732453e-01
  -2.72003793e-01 -6.59387803e-02  7.33981614e-01 -2.23022363e-01
   2.56262118e-01 -6.58652260e-01 -3.78973049e-01 -6.42742296e-01
   4.43772764e-01  2.72282162e-01  7.78018305e-01 -7.39489083e-01
   4.34054591e-01  1.88033777e-01 -4.07862109e-01 -3.24614118e-01
   7.29660487e-01  2.95324531e-01 -5.37738150e-01 -3.89710240e-02
   9.76958374e-01 -1.06559776e-01 -3.87357347e-02  3.34247991e-01
  -4.09851015e-01  9.89235265e-01 -9.01682682e-01 -8.16647878e-01
   4.48659397e-01 -6.06561695e-01 -6.21959354e-01 -7.66476817e-01
   2.38089382e-01  7.36968752e-01  9.09209663e-01 -8.29185376e-01
  -7.84736121e-02  6.05208551e-01 -7.83973631e-01 -7.67380305e-01
   9.42847397e-01  8.01165349e-01  7.49411747e-01  2.47036595e-02
   4.16038494e-01  9.88920750e-01  9.59600672e-01 -6.25805314e-01
  -5.28359183e-01 -7.47750350e-01 -1.13336520e-01  5.79076944e-01
  -7.47402537e-01 -2.55856433e-01 -7.86000426e-02  7.86923795e-01
  -5.72151913e-01  6.54597852e-01 -8.91098297e-01  3.93496773e-01
   5.65496182e-01  6.70452128e-01 -1.44508013e-01 -7.03743030e-01
   7.25818756e-01 -5.46937982e-01  8.59467322e-01  3.91474507e-01
  -8.90240861e-01 -6.36630079e-01  7.14131882e-01 -6.31730377e-01
  -1.43486954e-02 -1.85589189e-01  9.46583282e-01  3.13004309e-01
   3.06507808e-01  6.97669410e-01 -8.51376972e-01  3.11717293e-01
  -7.99536182e-01  5.73212419e-01  4.97924002e-01  5.47667887e-02
   8.91381391e-01  8.27799122e-01  1.62338774e-01 -6.57615344e-01
   5.71360111e-01 -2.85763459e-01 -9.82689068e-01  5.15836253e-01
  -1.98373179e-02 -9.13034256e-01 -5.27307098e-01  2.03172854e-03
  -4.65522122e-01 -9.76839019e-01  7.96514220e-01 -4.87221672e-01
   2.13459898e-02  7.94164069e-01 -9.56837628e-01 -9.83258836e-01
  -1.12734000e-01 -2.31378607e-01  4.98828626e-02 -7.52360180e-01
   5.61943487e-02 -6.92108523e-02 -6.05516413e-01 -7.75137662e-01
  -8.94257542e-01 -9.67625136e-01  9.49332466e-01  5.75630329e-01
   4.47604032e-01  2.78918885e-01 -2.62226796e-01  1.88811449e-01
  -4.99071890e-01  4.07819615e-01 -6.32323605e-01  3.55235410e-01
   3.39912216e-01 -8.42436699e-01  2.95602283e-01 -8.48166270e-01
  -9.24531988e-01  6.67294622e-01]
 [ 8.94199424e-01  6.74285162e-01  2.75168110e-02 -4.97293329e-01
   5.94690667e-01  8.33671911e-01  7.43727323e-01 -2.18183391e-01
  -1.18912603e-01 -2.17757824e-01 -7.44798883e-01  8.63988912e-01
   6.62775957e-01 -4.67095225e-01 -9.13865014e-01  8.65414975e-01
  -3.70808819e-01 -7.01818936e-01 -5.35435716e-01 -1.97859732e-01
  -1.58922587e-01  3.59894684e-01 -2.32112010e-01 -8.25138120e-01
   7.95180970e-01  5.05631481e-02  7.16696491e-01 -6.35639762e-01
   2.81733514e-01 -5.93376786e-01  6.36965439e-01 -9.09780224e-02
   2.38859655e-01  8.53133333e-01  4.62581582e-01 -6.35374892e-01
  -7.13368140e-01 -8.30506911e-01 -7.40141939e-01 -1.49281209e-01
  -1.52697087e-01 -6.85501018e-01  1.93343386e-01  4.73784887e-01
   9.29565239e-01  1.58602831e-01 -5.83588321e-01  1.10915733e-01
   4.14106733e-01  7.19817562e-01  7.29989442e-01  9.19089673e-01
   5.63029597e-01  3.23245191e-01  1.46555024e-02  6.67020003e-03
  -8.33181019e-01 -9.64107017e-01 -7.15993377e-01  3.29742935e-01
   6.34458811e-01  3.77629240e-01 -2.92089261e-01  2.04005274e-01
  -1.39745807e-01  5.40056499e-01 -1.69241871e-01 -9.73532420e-01
  -9.60659500e-01 -2.18853982e-01  7.73131897e-01  6.08903783e-01
  -6.05643261e-01  4.28655561e-02 -2.42898906e-02  3.45873819e-01
   7.19599729e-01  5.39094702e-01  8.60664245e-01  8.77676783e-01
   3.54322694e-01 -4.10729135e-01  4.85043225e-02 -1.91357098e-01
   4.17943455e-01 -3.20222741e-01  5.18722983e-01 -4.79636278e-01
  -2.26835882e-01  3.59549092e-01  2.11449461e-01 -5.95483518e-01
   6.59458052e-01  6.52437722e-01  8.49947719e-01 -6.92420478e-01
   6.78013469e-01  2.90516130e-01  7.76725277e-01 -5.85928032e-01
   8.96833408e-01 -5.79851214e-01 -4.51523678e-01 -5.10793352e-01
   7.57703187e-01  5.46606375e-02 -6.19612991e-01  8.59292264e-01
   3.10165627e-01  2.83910089e-01 -6.38312010e-01  1.73007742e-01
   3.31561667e-01  3.46489253e-01  2.43500819e-01  7.83452013e-01
   2.79657182e-01  5.66154474e-01 -9.99373821e-01 -7.17898974e-01
   9.97888488e-01  2.06364933e-01 -4.37774973e-01 -4.98166678e-01
  -7.10448940e-01 -6.22051484e-01  4.54039722e-02 -6.99735584e-01
  -4.31193454e-01 -5.53499658e-01  2.78630896e-01 -3.40589444e-01
   4.43667040e-01  6.21484488e-01  6.59446742e-01  6.26996297e-01
  -2.17949797e-01 -1.23670397e-01  9.55605227e-01 -5.04109678e-01
   2.07040612e-01  9.63991568e-01  4.49899017e-02  4.52400046e-01
  -1.29196489e-01 -8.79313453e-01 -8.38895009e-01 -2.24382757e-01
  -5.48721901e-01  8.21333591e-02 -1.02436243e-01  1.77631078e-01
   6.90921437e-01  1.42783583e-01 -4.83371287e-01  2.46449823e-02
   7.69424577e-01 -3.01355486e-01 -1.90168579e-01 -2.52402048e-01
   8.63378881e-01 -8.22948684e-01 -4.63223216e-01  2.25531467e-02
   9.17278228e-01  4.12075577e-01 -5.95179482e-01 -2.12080732e-01
  -4.27760619e-01  5.29224704e-01 -7.12604710e-01 -8.15906005e-01
   4.77481729e-01  2.82497388e-01 -6.18211342e-01 -4.73742875e-01
  -3.34445875e-01  2.66555534e-01  3.80088528e-01 -3.56692547e-01
  -4.47828362e-02 -1.94925621e-01  2.55884928e-01 -1.99850299e-01
  -4.69574248e-01  1.39093709e-01  9.18780583e-01  7.10504310e-01
  -2.22767725e-01  4.08544185e-01  9.84350344e-01  7.78074621e-01
   9.12567487e-01  2.63493862e-01  5.95246112e-01 -4.55853712e-01
   9.41778574e-01  6.89695836e-01 -3.13174973e-01  9.26444459e-01
   5.09157071e-01  8.03715393e-01 -7.08993754e-01 -6.75460645e-01
  -3.88082839e-01  6.00430354e-02  9.15697468e-01 -1.41534681e-01
  -4.92313103e-01  4.47055121e-01  9.75611571e-01  1.00357473e-01
  -2.68422457e-01 -5.98914756e-01 -4.34634323e-01  9.98716346e-02
   4.25815120e-01 -9.22009415e-01 -9.17572249e-02  3.31966837e-01
  -4.84940189e-01 -8.32548727e-01  1.10149962e-01 -1.02695011e-01
   6.30655327e-01 -6.22949035e-01 -1.51592417e-01  7.65138207e-01
   1.74054320e-01  3.94643452e-01 -4.03228919e-01 -3.52217424e-03
   5.85432119e-01  7.91488176e-01 -3.79289479e-01 -7.51261324e-01
   2.20235316e-01 -6.39123459e-02  4.09664178e-01 -5.13855336e-01
  -2.56431662e-01 -1.44399710e-01  8.39580421e-01 -9.21834335e-01
   6.36563264e-01 -3.53182908e-01  7.13328133e-01  6.32436213e-01
   9.48734984e-01 -2.22658178e-01]
 [ 8.86704430e-02 -5.24393917e-01 -5.81652466e-01 -4.00043928e-01
   4.54177377e-01  7.73253425e-01 -9.78210834e-01 -8.38590559e-01
  -9.23161963e-01  5.49071436e-01  9.82783075e-01 -7.46860770e-01
  -4.12098986e-01  5.39591177e-01  5.72353866e-01 -7.02500370e-01
   3.16795801e-01 -5.09660467e-01 -1.69643676e-01  9.67586317e-01
  -9.47555519e-02  3.40297351e-01 -7.31870033e-01  3.27479771e-01
   7.81590368e-01  7.89303662e-01  3.02756335e-01  9.25820483e-01
   5.10215403e-01  3.66545715e-01 -4.51640786e-01 -5.94650778e-02
  -8.98285463e-01 -9.69088510e-02  2.38032138e-01 -3.28299079e-01
   1.94984567e-01 -8.26135417e-01  8.65187836e-01 -2.26800591e-01
   5.06206353e-01 -2.24748959e-01  2.90305145e-01  2.61977660e-01
   6.28313718e-01 -7.77307873e-01  4.54719537e-01 -7.05286804e-01
   8.09204162e-01  7.56948580e-01  7.85337559e-02  5.62664709e-01
  -7.72198752e-01 -6.93441202e-01  9.84327823e-01 -7.33737846e-01
  -1.63023741e-01 -4.06162854e-01 -5.33615323e-01  4.01119260e-01
  -4.17352360e-02 -9.68213012e-01  5.43601560e-01 -6.22438381e-01
  -8.27017799e-01  9.54114606e-01  7.41658037e-01 -5.05083048e-01
   2.01566375e-01  3.73634757e-01  5.81421664e-01 -3.55861328e-02
   2.24928315e-01 -8.43676695e-02  1.65610737e-01 -3.30110765e-01
  -5.34399113e-01  5.13099985e-02 -2.96791464e-01 -6.59123651e-01
  -5.47794912e-01  6.00310275e-01 -7.65218073e-01 -9.27641014e-01
   6.12682303e-01  4.21257969e-01  9.91851692e-02  9.55106123e-01
   5.26797643e-01 -5.53072557e-01 -7.55450930e-01  6.21736997e-01
  -3.17794450e-01  7.44520786e-01  4.52632246e-01 -7.80819486e-02
  -3.55269765e-01 -1.56768539e-01 -5.42213235e-01 -8.83626341e-01
   3.18060399e-01  5.09525272e-01 -6.80686654e-01  8.40644468e-01
  -1.44787029e-02  7.46701231e-01  1.06243836e-01 -1.54527298e-02
   5.57971874e-02 -1.47467153e-01 -2.19324426e-01 -3.69754746e-02
   1.79431253e-01 -7.95499945e-01 -1.09632319e-01 -8.09802506e-01
  -7.65604958e-02  7.62331977e-01 -1.75097831e-01 -9.10924438e-01
   5.99075032e-01 -1.65275626e-01 -5.12198303e-01  7.09672818e-01
   8.01809819e-01  8.17541737e-02 -1.22196701e-01  9.37838661e-01
   8.64238325e-01  5.86257301e-01  4.18697032e-01  6.40326951e-01
  -4.12554766e-01 -9.37551543e-01  8.88849144e-01 -4.38860522e-01
   1.82113848e-01  1.11882120e-01 -2.16430763e-01  2.33552173e-01
   8.72131405e-01 -9.28631000e-01  2.25631718e-01 -5.52447710e-02
   1.62846274e-01 -8.16538622e-01  3.82915857e-01  2.37328603e-01
   7.04654364e-01  7.95555517e-01 -8.86490297e-01 -9.92373801e-01
   3.90069742e-01 -3.52212000e-01  9.03149155e-01  5.34992342e-01
   6.54096704e-01 -1.03696052e-01 -2.62816998e-01 -6.81844730e-01
   3.60219178e-01  6.03506819e-02  3.97426098e-01 -3.00011465e-01
  -7.69602231e-01 -3.06541888e-02 -6.15384331e-01  4.93775246e-01
  -8.30884442e-01  1.11791264e-01  4.89579530e-02 -8.09162337e-01
   9.70673591e-01  9.70208488e-01 -7.82159203e-01  9.94348349e-01
  -1.94795198e-01  4.55444234e-01  7.14496255e-02 -5.46266254e-01
   7.85289423e-03 -8.03829892e-02  3.02766667e-01  8.53192597e-01
  -7.14165610e-01  5.06680002e-01 -2.10325510e-01  6.70645968e-01
  -9.96325961e-01 -6.67350767e-01  6.40480760e-01 -7.82095067e-01
  -7.19195293e-01 -1.09511742e-01  1.77584055e-01 -6.61894089e-01
   6.12115009e-01 -7.95063574e-01 -5.32378657e-03  3.38634515e-01
   5.16146035e-01 -8.61292227e-01  3.88381614e-01 -9.11445472e-01
   7.32347714e-01 -1.57485444e-01  9.52640161e-01  1.77094586e-01
   8.28502923e-01  7.27869895e-01  4.89613530e-01 -6.88942761e-01
   1.39592970e-01  3.98464930e-01 -5.37264455e-01  8.76289461e-01
   6.36806434e-01 -3.89093922e-02  2.15757375e-02  8.44598162e-01
   8.52364905e-01 -7.05176817e-01 -7.58807222e-01 -7.13170589e-01
  -5.75269289e-01 -2.36293143e-01  7.43506197e-01 -6.38487615e-01
  -4.47257949e-01  9.51317466e-01  5.20630218e-01 -1.44846053e-01
   2.08014031e-01  3.70004747e-02  6.46652933e-01  1.86704173e-01
  -7.22574167e-01 -2.31680901e-01  5.22911618e-01  2.28994907e-01
   3.82422353e-02  1.14592852e-01 -1.75138672e-01 -9.01167883e-01
   4.87167737e-01  6.87491544e-01  6.74553568e-01  4.50728090e-01
   2.53364678e-01 -9.20549961e-01]
 [-2.71499622e-01 -7.95823835e-01 -4.88720861e-01 -8.92211828e-01
  -6.87477283e-01 -2.99444450e-01 -3.24621019e-01 -3.14758326e-01
  -1.30395696e-01 -8.75714542e-01 -1.57402072e-01 -3.49627419e-01
  -9.75387631e-01 -8.59729883e-01  6.56854798e-01 -8.01537834e-01
  -9.41959409e-01 -6.56352534e-01 -2.42045673e-01 -2.35985596e-01
   4.75454069e-01  2.58404708e-01  4.15301342e-01  4.93654590e-02
   3.72461027e-01  5.16553581e-01  5.75928824e-01  1.56731203e-01
   8.73150575e-01 -2.26374466e-01 -7.54780918e-01 -7.13837018e-01
  -4.71743198e-01 -6.30270343e-01 -9.64295191e-02  1.48807745e-01
  -3.34197717e-01  8.07957849e-01 -3.26951922e-01  8.30031849e-01
   2.65920146e-01 -8.67477807e-01  2.07947049e-01  9.27069162e-01
   9.33861100e-01  3.81086842e-01 -7.38175260e-01  6.08325258e-01
   7.43587750e-01  5.18822489e-01 -3.20348256e-01  2.06280981e-01
  -4.67736990e-01  7.32420101e-01 -2.21696522e-01 -4.74141034e-01
   9.41172851e-01 -4.74709523e-02 -9.12829243e-01 -4.52709713e-01
   4.89098515e-01  4.92323398e-01 -2.37621485e-01  4.18220497e-01
  -3.72059228e-01  3.59748633e-01  9.60165563e-01 -8.66080357e-01
  -8.23362759e-01 -4.00584322e-01 -6.69796308e-01 -3.28326649e-01
  -7.54662589e-01  6.24543013e-01  1.53020986e-01  7.93871723e-01
  -3.48916338e-01  5.11668757e-01  9.61426594e-01  9.20044483e-01
   8.33511508e-03  8.86526057e-01  6.44353425e-02  1.13217431e-01
   6.44359825e-01 -3.20327928e-02 -4.19344203e-01 -5.49538735e-01
   6.56324947e-02 -5.46691001e-01  4.77691889e-01  3.15394872e-02
  -3.95767146e-01 -1.98554794e-01  6.84848613e-01  4.27942408e-01
  -2.20910457e-01  9.95089441e-01  9.16827447e-01  5.18663598e-02
  -3.98663712e-01 -4.50161647e-01 -7.46129096e-01 -7.05039032e-01
   1.46035648e-01 -4.81276532e-01 -1.23086061e-01 -3.50394706e-01
  -4.69982828e-01 -1.54892395e-02  3.70789211e-01  5.64319577e-01
  -7.07480746e-01  2.25236353e-02  4.48612681e-01  2.03409704e-01
   9.63382140e-01 -5.55863895e-01  3.81352814e-01  7.71553659e-01
   2.36811898e-01 -6.30525220e-01  7.12896295e-01 -1.33367302e-01
   1.05680815e-01 -8.36898574e-01 -4.68092215e-01 -1.44391845e-01
  -1.90045651e-01  6.67155749e-01  4.50658731e-01 -4.59484500e-02
  -9.19215894e-01  4.16393961e-01 -5.48238389e-01 -4.03465620e-01
   7.84549894e-01  5.96395294e-01 -5.06278042e-01 -8.54976280e-01
   7.25065432e-01  7.01329695e-01 -7.33478242e-01  2.57827148e-01
  -9.58421221e-01 -8.12298453e-01  9.03832065e-01 -2.50511118e-02
   5.39947810e-01 -9.83913952e-01  8.80907304e-01  1.82744195e-01
   3.82027373e-01  9.24464877e-01  7.97877038e-01  1.28805332e-01
  -9.47618704e-01 -1.46268302e-01  4.75109707e-01  4.24332778e-01
   8.44753476e-02 -1.13946344e-01  4.29129341e-01 -2.69790131e-01
   3.68813396e-01 -8.53775523e-01  9.90408189e-02  2.06954697e-01
   8.40972694e-01 -2.27520359e-01 -6.68726782e-03 -2.88270144e-01
  -8.54693662e-01  4.24936538e-01 -2.39603780e-01  8.09972984e-01
   4.40762759e-01 -3.38885671e-01  4.80435239e-01  9.50476890e-03
  -5.74911752e-01  9.08366414e-02 -5.92115603e-01 -7.12736556e-01
   6.76676681e-02  1.37690934e-01 -2.61534705e-01 -5.43382422e-01
  -3.56648888e-01 -3.13999312e-01  8.21921263e-01 -3.76436759e-01
   1.79572422e-01 -6.39471697e-01  8.12410295e-01 -1.05526103e-01
   3.07974801e-01 -7.69295436e-01  7.89346266e-01 -8.62852589e-01
   4.59456035e-01  2.75786930e-02 -2.66186149e-01 -8.85815951e-01
  -8.07363742e-01  7.04077754e-01  4.78415396e-01  9.33128663e-01
   1.56317864e-02  7.20741856e-01 -4.65323686e-01  8.31062670e-01
   5.81269366e-01 -4.31827930e-01 -2.38071607e-01  9.60559343e-01
   5.78384164e-01 -6.76339670e-01  9.67628689e-01  3.46244229e-01
  -2.65965675e-02 -6.60877661e-01  9.90767732e-01  5.59977518e-01
   1.48283414e-01 -4.82135647e-01  9.42186290e-01  6.60933497e-01
  -6.10627545e-01  3.16355491e-01 -2.43114643e-01  6.98135094e-01
  -6.22807032e-01 -1.25175983e-01 -3.30378652e-01  7.64028057e-01
   8.07642762e-01 -9.77290797e-01  1.57494869e-01 -5.83144286e-01
  -5.39958862e-01  3.33365324e-01  7.90356510e-01  6.45929890e-02
   2.03720457e-01 -1.44926680e-01 -7.66030931e-01 -9.77894378e-01
  -9.31123370e-01  9.25239341e-01]
 [ 7.14441618e-01  7.60625315e-01 -4.52111063e-01 -1.80438615e-01
   1.28698740e-02 -8.63911889e-01  1.69026524e-01 -5.29183485e-01
   9.77382656e-01 -7.37129941e-01 -5.03733219e-01  6.00954624e-01
  -1.81533318e-01  2.77897579e-01 -8.25316205e-01  1.83620225e-01
  -5.88140428e-01  7.47198672e-01 -1.15567223e-01  3.38806927e-01
  -5.33725868e-01 -3.40830090e-01  6.90940520e-01 -9.55185837e-01
  -2.44726113e-02  6.73429663e-01 -9.18348862e-01  8.06583339e-01
  -9.06007886e-01  7.03437029e-01  5.82869626e-01 -1.93861249e-01
   7.90342461e-01  2.43081714e-02 -7.10402126e-01  6.89533171e-01
  -8.63813359e-01 -4.07753519e-01 -9.99567235e-01  6.07137708e-01
  -4.09965557e-01  9.70626312e-01 -7.70494836e-01 -2.81652334e-01
  -7.14839964e-01  4.10977850e-02  2.23996720e-01  9.24887666e-01
   6.63919248e-01 -7.35816154e-01 -6.18242377e-01 -4.84180183e-01
  -5.17530380e-01 -9.70479743e-01 -2.60146848e-01 -2.53905218e-01
   2.20056866e-01  9.30361220e-01  1.56885234e-01  2.76277547e-01
  -9.53784697e-01 -4.62408347e-01  9.81720645e-03  1.33615109e-01
  -2.65654550e-01  4.15481104e-01  5.72112225e-01  4.37838107e-01
  -2.66197187e-02 -9.00199318e-01 -3.24595397e-01 -3.33685328e-01
   9.94299727e-01  2.01280820e-01 -1.07606600e-01 -5.81938435e-01
   5.18163901e-01 -7.98192294e-01  7.89143690e-01 -1.31868474e-01
  -8.08446919e-01 -1.82402374e-01 -1.34582410e-01 -7.02770851e-01
   4.66767897e-01 -9.95528724e-01 -8.54245191e-01  6.00187107e-01
   1.15978258e-01  4.91210417e-01 -1.31337749e-01  6.17741293e-01
   2.11613337e-01 -9.58918275e-01  8.46962025e-02  7.03558736e-01
   9.96106501e-01 -4.48345142e-01 -5.28580871e-01  7.82235696e-01
   3.97877489e-01 -6.78503656e-01  7.55524216e-01  6.08696172e-01
   1.53413696e-01  6.02225105e-01  6.60738679e-01 -1.73515230e-01
   7.53166996e-01 -9.27908389e-01 -4.62204312e-01 -2.19737937e-01
  -9.74102160e-01 -5.08155016e-01  1.91410175e-01  6.78260701e-01
   7.12981035e-02  6.19487214e-01  7.01235541e-01  8.11038201e-02
  -6.60400438e-01  1.04172833e-01 -8.65763245e-01  9.57289657e-01
   2.96466646e-02  1.94071309e-01  1.68073298e-02  8.37128129e-01
  -1.13632685e-01  5.58850492e-01 -2.42571493e-01  6.67456935e-01
   3.71417145e-01  9.41166882e-01 -2.95029342e-01  2.55897517e-01
  -4.72690430e-01  2.41773090e-01  5.46525957e-01  7.45491329e-01
   3.14558387e-01  9.37355589e-01  4.11262411e-01  4.14370939e-01
  -3.58581710e-01  3.31845162e-01  1.60068058e-01  8.00865164e-01
   8.93431062e-01 -8.46607734e-02 -3.52586986e-01  2.24529357e-02
   2.74035879e-01 -4.39876441e-01 -6.59416688e-01 -8.75329091e-01
  -9.55951812e-01  3.24710449e-01 -4.23593763e-01 -9.81672475e-01
   3.25042105e-01 -3.12741627e-02 -5.99361344e-01 -7.56528043e-01
   5.54138833e-02  7.58295223e-01 -9.00191003e-01  8.46119637e-02
  -5.11505784e-03 -1.37786764e-01  1.69141460e-01  9.71240780e-01
  -8.40761039e-01 -9.54633855e-01  8.24227183e-01  4.02549595e-01
  -2.96666285e-01  4.19247627e-01  5.61418143e-01 -6.45521154e-01
   9.84732538e-02  6.04252505e-01  7.95879301e-01 -3.80705089e-01
  -7.69530712e-01 -4.61442842e-01  5.86758362e-01 -2.18245950e-01
   8.25761452e-01 -7.89777893e-01  1.12675304e-01  6.05037950e-03
  -4.14568084e-01 -2.23080644e-01 -2.98307932e-01  2.35964877e-01
   8.28268515e-01 -2.57849724e-02  5.77380309e-01 -6.09490501e-01
   4.48175315e-01 -9.08128611e-01 -9.92656793e-01 -6.17519820e-01
   4.94304577e-01 -4.27629255e-01 -3.20092985e-01 -5.06926103e-01
   1.64950156e-01  8.14963403e-01  4.00090883e-01  8.52745330e-01
  -8.19606346e-01 -6.12979698e-01 -3.10740173e-01  8.86814004e-02
  -2.99290083e-02  5.41275332e-02  2.87444928e-01  1.06967040e-01
  -5.15840334e-01 -9.68801815e-01 -1.18978037e-04  5.14236748e-01
   3.19457300e-01  6.87593965e-01  2.84893959e-01 -9.06950344e-01
  -8.87652296e-01 -2.08689064e-01  6.11328116e-01  8.60960157e-01
   6.68619622e-01  5.95945400e-01  1.07279094e-01  1.59660238e-01
  -4.42032370e-01 -7.32421653e-01  9.57459980e-01 -8.72669915e-01
  -9.36687722e-01  9.33638208e-01  9.82191316e-01  2.82788462e-01
   6.13128167e-01  4.39161912e-01  8.36783544e-01  9.90137581e-01
  -8.06226091e-01 -4.83567760e-01]
 [ 3.52166965e-01 -9.90247441e-01 -2.55552351e-01  9.89482535e-01
   6.36354589e-01  6.78567972e-01 -4.84739772e-01 -9.08913801e-01
   7.17482064e-01  2.32249959e-01 -5.62462209e-01 -2.05600555e-01
  -8.37916225e-01 -4.37765950e-01 -6.32749466e-01 -4.88952204e-01
  -8.36185330e-01  2.79016949e-01 -5.22538460e-01 -9.58568462e-01
   9.07443178e-01  8.47653280e-01 -4.34237392e-01  9.35209429e-01
  -3.26701536e-01 -6.63519912e-01  3.27562877e-01  8.51291118e-01
   1.80930956e-01 -2.85728226e-01 -9.87616164e-01 -3.36866024e-01
   4.53833862e-01 -9.63129752e-02  4.24732626e-01 -2.66669100e-01
   6.76433125e-01 -9.60721708e-01  5.19203780e-01 -6.57192512e-01
  -5.94460451e-01  8.20839214e-01 -8.16098552e-01  6.70061867e-02
  -6.55947363e-01  3.75664291e-01 -2.39907297e-01 -5.85953218e-01
  -4.81836566e-01  1.94909594e-01  1.78924149e-01 -2.04789135e-02
   6.42115831e-01  6.14385532e-01 -8.73149192e-02 -7.81782981e-01
   2.72416263e-01 -4.98959147e-01  3.38891862e-01  2.22309530e-01
   5.68237511e-01  1.56319255e-01 -3.81345180e-01  7.70885835e-01
   6.66287920e-01 -7.71213654e-01 -7.87613594e-01  1.66312557e-01
   5.16777443e-02  8.07758124e-01  4.78227123e-01 -2.83810216e-01
   8.96833283e-01  8.20441964e-01  6.66633664e-01  1.49293404e-01
  -4.58982600e-01 -6.33905051e-01  1.14824652e-01  6.71871708e-02
  -8.64421094e-01 -2.05195679e-01  1.31166039e-01 -5.39075048e-01
   5.52040845e-01 -6.05073745e-01  9.39585736e-01 -7.84252499e-01
   8.44354044e-01  8.71543810e-02 -1.76748475e-01  9.73093823e-01
  -8.10592846e-01 -8.79001605e-01  8.76453549e-02  7.18154934e-01
  -4.96630486e-03 -6.71667447e-01  5.23430224e-01 -7.51374752e-01
   4.82002021e-01  6.49778091e-01  7.35790671e-01  2.98298270e-01
  -8.38833099e-01 -6.68901040e-01  2.59200230e-01 -8.17724580e-01
   2.95320350e-03  3.05761905e-01  2.36523547e-01 -5.23641170e-01
  -5.30344552e-01 -5.44474447e-01 -6.83024096e-01  8.15376841e-01
  -3.29528548e-01  3.68814066e-01  7.59441392e-01 -8.45308798e-01
   4.85562365e-02 -5.08174006e-01 -3.34869350e-01  7.90905672e-01
  -6.38096152e-01 -7.19851248e-01  6.61771357e-02 -4.57668333e-01
  -6.48384671e-01 -6.02726624e-01 -6.35526018e-01  2.99465123e-01
   4.92848476e-01  3.85418343e-01  7.04860382e-01  5.52254503e-01
   5.95830341e-01 -5.90333707e-01 -2.50293149e-01  3.63218485e-01
   4.15131012e-01 -6.54544979e-01 -4.08908027e-01  5.45374922e-01
  -9.82469826e-01  6.77471863e-01 -2.72896494e-01  2.43333525e-01
   9.94829570e-01 -5.46196727e-01 -5.68224260e-01 -6.67270552e-01
   6.03026561e-01 -2.36806207e-01  2.99400882e-01 -6.56041684e-01
  -7.53867790e-01  5.40691180e-01 -1.92985272e-01  9.37882496e-01
   2.03808737e-01  8.76568637e-01 -6.48224738e-01 -9.48518240e-01
  -6.54158860e-01 -6.22888508e-01  4.23939270e-01 -9.40140548e-01
  -3.42102807e-01 -4.70216452e-02 -3.31126296e-01  4.39233187e-01
  -2.35159297e-01  4.04154835e-01  5.08055897e-01  3.71150823e-01
  -2.45329492e-01 -9.31222964e-01  8.43836484e-01 -8.71596901e-01
   7.47746224e-01  9.93583790e-01 -4.22689281e-01  9.63256188e-01
   3.77692970e-01 -7.29324275e-01 -7.29759200e-01  5.21183133e-01
   7.46758655e-01  2.58192588e-01  4.94907188e-01  7.35193642e-01
  -2.18271845e-01 -4.69525276e-01 -2.22439781e-01 -5.59887611e-01
   5.91431964e-01  3.99828827e-01  1.48579929e-02 -7.51388923e-01
   3.13943575e-01 -3.71947037e-01  4.62808507e-01  7.99437429e-01
   8.06969503e-02 -6.99366434e-01  4.00527639e-01 -7.05694709e-01
  -5.86339230e-01  6.45382344e-01  1.33248166e-01 -4.72343422e-01
   7.32825450e-01 -9.62383035e-01 -1.00468261e-01 -8.61598985e-01
   1.40152206e-01  2.24409130e-01  5.11384970e-01 -3.44114260e-01
   2.01140074e-01 -4.39712902e-01 -6.71880738e-02 -2.99065293e-01
   4.94731841e-01 -2.45668285e-01 -5.09262546e-01 -3.83835993e-01
  -1.90852678e-01  7.16524252e-01  8.01379180e-01  9.82428204e-01
  -2.21421740e-01 -9.03547630e-01 -3.92097348e-01  2.75953343e-01
   1.67475305e-01  2.99232496e-01  1.63194638e-01 -4.70431959e-01
  -5.89535135e-01 -5.72105398e-01  3.02290354e-01  8.22370141e-01
   5.22594555e-01 -6.81388759e-02 -6.88452517e-02 -5.84647029e-01
  -8.26074721e-01  9.74118730e-01]]