[[ 1.01195029e+02 -1.01221353e+02]
 [ 2.87386082e+02 -2.87393158e+02]
 [-1.30343205e+02  1.30382783e+02]
 [-1.78214546e+02  1.78225782e+02]
 [-1.27993299e+02  1.28008265e+02]
 [-2.18292422e+02  2.18288588e+02]
 [ 4.59678984e+01 -4.59959971e+01]
 [-1.34079100e+02  1.34064831e+02]
 [ 1.76352832e+02 -1.76316658e+02]
 [-1.36533738e+02  1.36502899e+02]
 [ 2.79585319e+01 -2.79492134e+01]
 [ 4.57217135e+01 -4.57471971e+01]
 [ 4.71459203e+02 -4.71381691e+02]
 [ 8.81966318e+00 -8.83045045e+00]
 [ 1.69050347e+01 -1.69070771e+01]
 [ 2.21085883e+02 -2.21100762e+02]
 [ 4.24964207e+01 -4.24979940e+01]
 [-6.59842012e+01  6.59800601e+01]
 [ 2.71571508e+00 -2.72091796e+00]
 [-5.50340082e+01  5.50402878e+01]
 [ 4.79647964e+02 -4.79603918e+02]
 [-3.22518800e+01  3.22450452e+01]
 [ 1.74369389e+01 -1.74450566e+01]
 [ 2.35317998e+01 -2.35242802e+01]
 [-1.01636315e+02  1.01622359e+02]
 [-1.19015046e+02  1.19057015e+02]
 [ 2.30333291e+02 -2.30285137e+02]
 [ 3.07160253e+01 -3.07573358e+01]
 [ 5.16727494e+01 -5.16571764e+01]
 [-4.14492734e+01  4.14522415e+01]
 [-3.93037167e+02  3.93031336e+02]
 [-1.72391332e+02  1.72394643e+02]
 [-1.90991127e+01  1.90835265e+01]
 [-3.99121822e+02  3.99048725e+02]
 [-3.03442094e+02  3.03462759e+02]
 [ 1.02441005e+01 -1.02433579e+01]
 [ 2.41633250e+02 -2.41591137e+02]
 [-7.01086372e+01  7.01272368e+01]
 [ 5.04709442e+01 -5.04760108e+01]
 [ 2.89635656e+02 -2.89541604e+02]
 [ 6.93984373e+01 -6.93997435e+01]
 [ 6.59645509e+01 -6.59696320e+01]
 [ 6.87588537e+02 -6.87594368e+02]
 [-1.57117862e+02  1.57112240e+02]
 [-8.33500339e+01  8.33410024e+01]
 [-1.04257363e+02  1.04266420e+02]
 [-1.83237269e+02  1.83243339e+02]
 [ 2.93035241e+02 -2.92998566e+02]
 [ 1.59562673e+02 -1.59539924e+02]
 [ 3.04776727e+02 -3.04773227e+02]
 [-8.93235998e+00  8.94502033e+00]
 [-2.33474654e+02  2.33477459e+02]
 [ 1.64846053e+01 -1.64738529e+01]
 [-7.56963217e+01  7.57245988e+01]
 [ 5.35892003e+01 -5.35656701e+01]
 [ 4.76501126e+02 -4.76485800e+02]
 [-4.04568962e+02  4.04588076e+02]
 [-1.99087367e+01  1.99013163e+01]
 [ 7.37601854e+01 -7.37321122e+01]
 [ 2.54220596e+01 -2.54131966e+01]
 [-4.22529615e+01  4.22550828e+01]
 [-1.74824067e+02  1.74852970e+02]
 [ 5.63001062e+01 -5.63141804e+01]
 [ 1.73151660e+02 -1.73153765e+02]
 [-2.04839835e+02  2.04931080e+02]
 [-3.81762513e+01  3.81666990e+01]
 [ 5.44933372e+01 -5.44492345e+01]
 [ 3.76299117e+02 -3.76276750e+02]
 [-1.15565785e+02  1.15552390e+02]
 [ 7.69071016e+01 -7.69059193e+01]
 [ 3.87400706e+02 -3.87337480e+02]
 [-1.14012971e+02  1.14010364e+02]
 [-6.48320863e+01  6.48101220e+01]
 [ 4.44888975e+01 -4.44792643e+01]
 [-1.99245651e+02  1.99261574e+02]
 [-1.23645789e+02  1.23647363e+02]
 [-8.47394444e+01  8.47449312e+01]
 [-2.31832507e+02  2.31874243e+02]
 [ 1.99555239e+02 -1.99559951e+02]
 [ 2.34835842e+02 -2.34810870e+02]
 [ 4.35894404e+02 -4.35847125e+02]
 [ 7.14605107e+01 -7.14732677e+01]
 [ 2.11119867e+02 -2.11086202e+02]
 [ 8.71649952e+01 -8.71112833e+01]
 [ 1.43298989e+02 -1.43318378e+02]
 [-9.42399888e+01  9.42140304e+01]
 [-1.03687645e+02  1.03698120e+02]
 [ 3.43114019e+02 -3.43137765e+02]
 [-7.36272442e+01  7.36464988e+01]
 [-1.87641174e+02  1.87680342e+02]
 [-2.94782632e+02  2.94801280e+02]
 [-8.19503211e+01  8.19433958e+01]
 [-4.64213651e+01  4.64087841e+01]
 [-3.05224078e+01  3.05329570e+01]
 [-2.52936444e+02  2.52960863e+02]
 [-2.69907577e+02  2.69909775e+02]
 [ 4.61625242e+01 -4.61309257e+01]
 [-4.88380210e+01  4.88144347e+01]
 [ 4.33540406e+01 -4.33347158e+01]
 [-4.11993090e+01  4.12095370e+01]
 [-6.44911630e+01  6.45079615e+01]
 [ 9.53070547e+01 -9.53223900e+01]
 [-1.93690763e+02  1.93684338e+02]
 [ 1.82404780e+02 -1.82407954e+02]
 [-2.71591756e+02  2.71617511e+02]
 [ 1.16066800e+02 -1.16062988e+02]
 [ 3.09263311e+01 -3.09170417e+01]
 [ 3.86501942e+01 -3.86593818e+01]
 [ 2.43959505e+00 -2.42258998e+00]
 [ 1.69559380e+02 -1.69558666e+02]
 [-7.00946474e+01  7.00787933e+01]
 [-8.41929901e+00  8.41701985e+00]
 [ 1.02198750e+02 -1.02257678e+02]
 [-1.44394945e+02  1.44407931e+02]
 [ 1.24715562e+02 -1.24729978e+02]
 [ 1.18079128e+02 -1.18091629e+02]
 [ 2.48598805e+02 -2.48566794e+02]
 [-5.78818769e+01  5.79008571e+01]
 [-1.29289972e+02  1.29279942e+02]
 [ 1.07736188e+02 -1.07722469e+02]
 [ 6.21474553e+01 -6.21686597e+01]
 [-1.14997306e+02  1.15038228e+02]
 [-1.12767927e+02  1.12811653e+02]
 [-2.21292826e+02  2.21320348e+02]
 [-1.43330076e+02  1.43357455e+02]
 [ 4.00211407e+01 -4.00232917e+01]
 [ 1.42868967e+02 -1.42835644e+02]
 [ 2.18739178e+01 -2.18695848e+01]
 [ 7.75462251e+01 -7.75344666e+01]
 [ 2.26437833e+02 -2.26413338e+02]
 [-1.49986304e+02  1.49953818e+02]
 [ 1.00495327e+02 -1.00491067e+02]
 [ 2.59865397e+01 -2.60116953e+01]
 [-4.09779421e+01  4.09689679e+01]
 [ 8.12367436e+01 -8.12347273e+01]
 [-3.09369543e+01  3.09108355e+01]
 [ 7.83168890e+00 -7.81404765e+00]
 [ 1.16066458e+02 -1.16093367e+02]
 [ 5.95968706e+01 -5.96120062e+01]
 [-6.09091107e+02  6.09154976e+02]
 [ 2.92774367e+02 -2.92731948e+02]
 [ 1.95327635e+01 -1.95377356e+01]
 [-3.66838849e+02  3.66908597e+02]
 [ 6.57076903e+01 -6.56846322e+01]
 [ 4.28747733e+01 -4.28796126e+01]
 [ 3.14513418e+02 -3.14501576e+02]
 [ 1.62778899e+02 -1.62780261e+02]
 [-1.36577727e+02  1.36600066e+02]
 [ 8.52799019e+01 -8.52806697e+01]
 [ 2.33008685e+01 -2.32749489e+01]
 [ 2.30081235e+00 -2.31493155e+00]
 [ 2.45129215e+02 -2.45132761e+02]
 [-2.05448712e+02  2.05416234e+02]
 [-1.13128779e+02  1.13120687e+02]
 [ 3.58098599e+02 -3.58025104e+02]
 [ 3.30374797e+01 -3.30406066e+01]
 [-5.76920707e+01  5.77266275e+01]
 [-4.92207814e+00  4.92716863e+00]
 [-5.83018074e+01  5.82608332e+01]
 [ 2.93687999e+02 -2.93656596e+02]
 [ 1.38767259e+02 -1.38747190e+02]
 [ 3.93454299e+01 -3.92876840e+01]
 [-4.29192138e+01  4.29208480e+01]
 [ 2.61145145e+02 -2.61118862e+02]
 [ 1.46778942e+02 -1.46774875e+02]
 [-2.07505278e+01  2.07694311e+01]
 [-4.65803395e+02  4.65846158e+02]
 [ 2.30408484e+01 -2.30367619e+01]
 [-1.14780013e+02  1.14803577e+02]
 [-2.14990676e+02  2.14994236e+02]
 [-1.43550402e+01  1.43735701e+01]
 [ 4.36194463e+01 -4.36491314e+01]
 [-8.40959470e+01  8.41066790e+01]
 [ 4.17694329e+01 -4.17247919e+01]
 [-3.21824282e+02  3.21815320e+02]
 [ 1.57828017e+02 -1.57827262e+02]
 [ 2.89778421e+02 -2.89782601e+02]
 [-1.97300395e+02  1.97290402e+02]
 [-7.56087195e+02  7.56133382e+02]
 [-2.19505974e+02  2.19479977e+02]
 [-1.98351976e+02  1.98374941e+02]
 [-2.96939262e+01  2.97033447e+01]
 [-2.77138566e+02  2.77100673e+02]
 [ 1.00808556e+00 -9.66471598e-01]
 [ 1.60016683e+02 -1.60037177e+02]
 [-2.93867775e+01  2.93800399e+01]
 [-3.40998421e+01  3.40814156e+01]
 [-7.10368657e+01  7.10446543e+01]
 [-1.17715133e+02  1.17722393e+02]
 [ 1.41076746e+02 -1.41079937e+02]
 [-1.88203885e+02  1.88218917e+02]
 [-4.75650983e+02  4.75682847e+02]
 [-3.22898134e+02  3.22891057e+02]
 [ 5.86732522e+01 -5.86810160e+01]
 [ 1.72088167e+02 -1.72110537e+02]
 [-1.32420819e+02  1.32442445e+02]
 [-1.05414470e+02  1.05430972e+02]
 [ 1.15887347e+02 -1.15851721e+02]
 [-2.50259956e+01  2.50455503e+01]
 [ 1.54977511e+01 -1.55384024e+01]
 [ 1.12648780e+02 -1.12604971e+02]
 [-1.37890619e+02  1.37901711e+02]
 [ 3.33336369e+01 -3.32875244e+01]
 [ 1.94757012e+01 -1.95001139e+01]
 [ 6.62209251e+01 -6.62315566e+01]
 [-1.06063459e+02  1.06087323e+02]
 [ 5.06568881e+01 -5.06756211e+01]
 [-3.78681190e+02  3.78636192e+02]
 [ 2.28171157e+01 -2.28227533e+01]
 [ 1.47123582e+02 -1.47151710e+02]
 [ 1.28409435e+02 -1.28325402e+02]
 [-4.60710946e+01  4.60668724e+01]
 [-2.08999550e+02  2.09076730e+02]
 [-3.48709144e+01  3.48598079e+01]
 [ 1.34057803e+02 -1.34072961e+02]
 [-1.67533952e+02  1.67542657e+02]
 [ 2.81578972e+02 -2.81566497e+02]
 [-6.72507986e+01  6.72486738e+01]
 [ 4.86769099e+01 -4.86676830e+01]
 [-5.73369860e+01  5.73535537e+01]
 [-2.70346728e+00  2.77935498e+00]
 [-9.80602908e+01  9.80560484e+01]
 [ 6.88017969e+01 -6.88656891e+01]
 [-1.24838424e+02  1.24853143e+02]
 [-7.86662740e+01  7.87089701e+01]
 [-2.07231765e+02  2.07292169e+02]
 [ 2.35505869e+00 -2.34943700e+00]
 [-2.15209250e+02  2.15197866e+02]
 [ 2.72539384e+02 -2.72546814e+02]
 [-5.80461555e+01  5.80422616e+01]
 [-3.24754258e+01  3.24527680e+01]
 [-4.30597323e+02  4.30619920e+02]
 [ 3.34315015e+02 -3.34219961e+02]
 [-4.89047507e+01  4.88893172e+01]
 [-1.26974565e+02  1.26993517e+02]
 [ 9.12783076e+01 -9.13068189e+01]
 [-7.52449573e-01  7.72046650e-01]
 [ 1.91262930e+02 -1.91228556e+02]
 [ 1.62361145e+02 -1.62357249e+02]
 [ 3.23439772e+02 -3.23438435e+02]
 [-1.22081404e+02  1.22094218e+02]
 [ 3.01602243e+02 -3.01601898e+02]
 [-9.75663271e+01  9.75637920e+01]
 [ 6.31475279e+01 -6.31582365e+01]
 [ 6.50836857e+01 -6.50788319e+01]
 [-1.75883483e+02  1.75890620e+02]
 [ 6.70404627e+01 -6.70234518e+01]
 [ 7.86650510e+01 -7.86338318e+01]
 [ 8.60262121e+01 -8.60251323e+01]
 [ 3.86820961e+02 -3.86832555e+02]]