[[-1.43078812e+06  1.43078813e+06]
 [ 3.89044492e+05 -3.89044504e+05]
 [ 5.16367954e+05 -5.16367953e+05]
 [-1.06738472e+06  1.06738473e+06]
 [-4.24319037e+05  4.24319042e+05]
 [ 1.50724668e+06 -1.50724664e+06]
 [-8.08940220e+05  8.08940207e+05]
 [ 3.56214417e+05 -3.56214416e+05]
 [ 6.81390140e+04 -6.81390126e+04]
 [-4.47077671e+05  4.47077672e+05]
 [-7.53408254e+05  7.53408256e+05]
 [ 3.48336205e+05 -3.48336233e+05]
 [-1.20045431e+04  1.20045215e+04]
 [ 2.16428174e+05 -2.16428182e+05]
 [ 3.64615838e+05 -3.64615835e+05]
 [ 8.68949735e+05 -8.68949731e+05]
 [-8.56404836e+05  8.56404857e+05]
 [-5.94197631e+05  5.94197641e+05]
 [-3.55371181e+03  3.55371604e+03]
 [-3.82831600e+05  3.82831599e+05]
 [-7.95647756e+05  7.95647757e+05]
 [ 7.28145652e+05 -7.28145651e+05]
 [ 1.84196817e+05 -1.84196811e+05]
 [ 1.10502625e+06 -1.10502625e+06]
 [-3.81165175e+04  3.81165112e+04]
 [-1.12830844e+06  1.12830844e+06]
 [ 2.30447258e+05 -2.30447247e+05]
 [ 3.86472542e+04 -3.86472437e+04]
 [ 3.47321643e+05 -3.47321638e+05]
 [-5.88369454e+05  5.88369473e+05]
 [ 2.66229809e+05 -2.66229793e+05]
 [ 1.72741113e+06 -1.72741112e+06]
 [ 3.52098908e+05 -3.52098909e+05]
 [-3.38244521e+04  3.38244667e+04]
 [-3.13269202e+05  3.13269214e+05]
 [-3.87481002e+05  3.87480999e+05]
 [-4.46129907e+05  4.46129916e+05]
 [-9.03639383e+05  9.03639395e+05]
 [-7.82065370e+05  7.82065394e+05]
 [ 1.73245031e+05 -1.73245018e+05]
 [ 8.55625852e+04 -8.55625909e+04]
 [ 4.41219919e+05 -4.41219907e+05]
 [ 7.09557819e+05 -7.09557812e+05]
 [-7.31527968e+05  7.31527997e+05]
 [ 7.16771033e+04 -7.16770948e+04]
 [-2.07870057e+05  2.07870045e+05]
 [ 1.08660070e+04 -1.08660167e+04]
 [ 6.39498703e+05 -6.39498708e+05]
 [ 4.23330882e+05 -4.23330887e+05]
 [ 3.90258932e+05 -3.90258936e+05]
 [-7.18824886e+05  7.18824884e+05]
 [ 3.06756827e+05 -3.06756828e+05]
 [-5.20711776e+04  5.20711917e+04]
 [-1.35702128e+05  1.35702126e+05]
 [ 1.69092995e+06 -1.69092994e+06]
 [-2.49981220e+05  2.49981211e+05]
 [ 1.76075391e+05 -1.76075391e+05]
 [-4.16051477e+05  4.16051496e+05]
 [-1.74135711e+04  1.74135739e+04]
 [ 4.13995241e+04 -4.13995037e+04]
 [ 1.27096301e+06 -1.27096299e+06]
 [ 8.90488659e+04 -8.90488671e+04]
 [ 7.50682880e+05 -7.50682902e+05]
 [ 1.28221858e+05 -1.28221842e+05]
 [ 1.67968216e+05 -1.67968222e+05]
 [-1.09620994e+05  1.09620987e+05]
 [ 1.93524696e+05 -1.93524715e+05]
 [-1.26249332e+05  1.26249331e+05]
 [ 1.70597013e+05 -1.70597015e+05]
 [-2.28538761e+05  2.28538765e+05]
 [-2.78466673e+05  2.78466675e+05]
 [ 7.95576099e+04 -7.95575968e+04]
 [ 6.80270535e+04 -6.80270524e+04]
 [-1.26362465e+05  1.26362466e+05]
 [-5.27713256e+05  5.27713267e+05]
 [ 5.34466087e+05 -5.34466075e+05]
 [ 3.85586546e+03 -3.85586210e+03]
 [-2.16066134e+05  2.16066136e+05]
 [ 3.26948110e+05 -3.26948113e+05]
 [ 4.94303545e+04 -4.94303428e+04]
 [ 2.88355006e+05 -2.88354988e+05]
 [ 1.86826149e+05 -1.86826142e+05]
 [-2.96249924e+05  2.96249930e+05]
 [-1.82741308e+05  1.82741312e+05]
 [-5.15946503e+05  5.15946504e+05]
 [ 4.20790145e+05 -4.20790148e+05]
 [ 1.20564080e+05 -1.20564078e+05]
 [ 7.83106980e+03 -7.83106436e+03]
 [-4.16835429e+05  4.16835445e+05]
 [ 4.73206427e+04 -4.73206442e+04]
 [ 5.80010365e+05 -5.80010353e+05]
 [-4.42518617e+05  4.42518612e+05]
 [ 4.74674257e+05 -4.74674258e+05]
 [ 2.58597985e+05 -2.58597972e+05]
 [-2.09072059e+05  2.09072053e+05]
 [ 2.85831481e+05 -2.85831468e+05]
 [-7.48992835e+04  7.48992886e+04]
 [ 8.57358325e+05 -8.57358320e+05]
 [-4.52294586e+05  4.52294592e+05]
 [-3.61898110e+05  3.61898117e+05]
 [-5.37394413e+05  5.37394409e+05]
 [ 3.23302727e+05 -3.23302731e+05]
 [ 1.84575642e+05 -1.84575642e+05]
 [ 1.43677898e+05 -1.43677911e+05]
 [-4.10251928e+03  4.10251998e+03]
 [ 4.28750572e+05 -4.28750565e+05]
 [ 1.29695421e+05 -1.29695417e+05]
 [-3.79524922e+05  3.79524911e+05]
 [ 1.02445637e+06 -1.02445637e+06]
 [ 1.30474654e+06 -1.30474655e+06]
 [ 2.14011151e+05 -2.14011144e+05]
 [-9.25943103e+05  9.25943108e+05]
 [ 6.45561082e+04 -6.45561095e+04]
 [ 2.43121109e+05 -2.43121120e+05]
 [ 1.09159682e+06 -1.09159685e+06]
 [ 3.55825425e+05 -3.55825411e+05]
 [ 3.72679941e+05 -3.72679925e+05]
 [ 5.97077378e+05 -5.97077372e+05]
 [-4.10919167e+05  4.10919167e+05]
 [ 5.28845051e+05 -5.28845035e+05]
 [ 4.25392686e+05 -4.25392675e+05]
 [-4.56996313e+05  4.56996318e+05]
 [ 2.24988469e+05 -2.24988473e+05]
 [ 2.89238246e+05 -2.89238238e+05]
 [ 1.71775889e+05 -1.71775890e+05]
 [ 4.51328410e+05 -4.51328379e+05]
 [ 7.58706842e+05 -7.58706843e+05]
 [-3.16869446e+04  3.16869335e+04]
 [ 3.58465264e+05 -3.58465244e+05]
 [-1.01525143e+05  1.01525139e+05]
 [ 5.53286993e+04 -5.53286978e+04]
 [-8.15262466e+05  8.15262465e+05]
 [-9.79914460e+05  9.79914445e+05]
 [ 8.98574166e+05 -8.98574165e+05]
 [-2.54150221e+05  2.54150209e+05]
 [ 7.33041738e+04 -7.33041740e+04]
 [ 2.61898581e+06 -2.61898582e+06]
 [-2.19156553e+05  2.19156544e+05]
 [-1.76697559e+05  1.76697559e+05]
 [-8.95059931e+05  8.95059935e+05]
 [ 4.46090831e+05 -4.46090831e+05]
 [ 3.91362516e+05 -3.91362509e+05]
 [-6.13160861e+05  6.13160868e+05]
 [ 8.78282994e+04 -8.78282907e+04]
 [ 4.66065313e+05 -4.66065324e+05]
 [ 1.32986067e+05 -1.32986058e+05]
 [-9.88309043e+04  9.88308935e+04]
 [-5.78251357e+05  5.78251383e+05]
 [-6.12240861e+05  6.12240842e+05]
 [-1.04890091e+06  1.04890091e+06]
 [-7.74739966e+05  7.74739970e+05]
 [-3.59689647e+05  3.59689663e+05]
 [ 7.06830668e+04 -7.06830641e+04]
 [-2.46702500e+05  2.46702499e+05]
 [ 1.14838990e+05 -1.14838970e+05]
 [-1.29939336e+05  1.29939334e+05]
 [-9.84775558e+04  9.84775804e+04]
 [-5.19540344e+04  5.19540449e+04]
 [ 3.62546271e+04 -3.62546142e+04]
 [-4.97708687e+05  4.97708671e+05]
 [ 1.54795203e+06 -1.54795200e+06]
 [ 1.11884506e+05 -1.11884509e+05]
 [-1.23922687e+05  1.23922781e+05]
 [-3.15973745e+05  3.15973749e+05]
 [-2.32457768e+04  2.32457758e+04]
 [ 5.69917867e+05 -5.69917882e+05]
 [ 9.87940592e+04 -9.87940525e+04]
 [ 9.97629526e+05 -9.97629533e+05]
 [-1.65198815e+06  1.65198817e+06]
 [-2.53463586e+05  2.53463613e+05]
 [ 2.36068855e+05 -2.36068864e+05]
 [-1.59994574e+05  1.59994575e+05]
 [ 4.65558178e+05 -4.65558176e+05]
 [-1.63361472e+05  1.63361477e+05]
 [ 3.43277593e+05 -3.43277585e+05]
 [ 1.46325120e+05 -1.46325111e+05]
 [-4.39824811e+04  4.39824793e+04]
 [-1.17790985e+06  1.17790985e+06]
 [-3.82205597e+05  3.82205602e+05]
 [-6.68673717e+05  6.68673734e+05]
 [ 5.28009641e+05 -5.28009639e+05]
 [ 9.56161805e+04 -9.56161696e+04]
 [ 4.16187437e+05 -4.16187431e+05]
 [-1.40395023e+06  1.40395022e+06]
 [ 2.95905814e+06 -2.95905811e+06]
 [-7.51394299e+04  7.51394391e+04]
 [-4.52791337e+05  4.52791335e+05]
 [-4.27459849e+05  4.27459868e+05]
 [ 2.22969727e+05 -2.22969725e+05]
 [ 9.83302494e+05 -9.83302481e+05]
 [-2.84180683e+05  2.84180686e+05]
 [ 3.45424919e+05 -3.45424878e+05]
 [ 1.25234399e+05 -1.25234392e+05]
 [ 1.10571558e+06 -1.10571558e+06]
 [ 6.80177042e+05 -6.80177036e+05]
 [ 2.70810506e+05 -2.70810503e+05]
 [ 1.32913124e+06 -1.32913122e+06]
 [ 8.24776771e+04 -8.24776874e+04]
 [ 8.30175246e+05 -8.30175224e+05]
 [ 2.42947513e+05 -2.42947507e+05]
 [-6.88900776e+05  6.88900776e+05]
 [-3.69046621e+05  3.69046629e+05]
 [-1.20700413e+05  1.20700428e+05]
 [ 1.37690001e+06 -1.37689997e+06]
 [-6.97662817e+03  6.97665065e+03]
 [-4.72792926e+05  4.72792925e+05]
 [-1.47108479e+06  1.47108481e+06]
 [ 5.43952952e+05 -5.43952956e+05]
 [ 6.68467430e+05 -6.68467431e+05]
 [-3.64612094e+05  3.64612100e+05]
 [-3.71336544e+04  3.71336486e+04]
 [-3.63335963e+05  3.63335974e+05]
 [ 9.60675401e+05 -9.60675396e+05]
 [-1.93524591e+05  1.93524587e+05]
 [-5.24449706e+05  5.24449704e+05]
 [ 3.08709408e+04 -3.08709513e+04]
 [-1.24855631e+06  1.24855633e+06]
 [ 3.03302206e+05 -3.03302201e+05]
 [ 4.23528627e+05 -4.23528618e+05]
 [-3.68079085e+05  3.68079098e+05]
 [ 3.75940628e+05 -3.75940631e+05]
 [-1.26117442e+05  1.26117433e+05]
 [ 6.45397826e+05 -6.45397833e+05]
 [-8.50711286e+04  8.50711504e+04]
 [ 9.49607069e+04 -9.49607042e+04]
 [ 9.23200883e+04 -9.23200808e+04]
 [-1.25976379e+05  1.25976381e+05]
 [-9.43603879e+03  9.43604010e+03]
 [-1.05423175e+04  1.05423271e+04]
 [ 2.68654015e+03 -2.68654007e+03]
 [ 8.55217804e+04 -8.55217797e+04]
 [-4.42448876e+04  4.42448865e+04]
 [ 1.33383971e+05 -1.33383968e+05]
 [-1.80613768e+05  1.80613765e+05]
 [ 2.26064663e+04 -2.26064597e+04]
 [ 1.16106237e+06 -1.16106239e+06]
 [ 6.70302828e+05 -6.70302819e+05]
 [ 1.76380975e+04 -1.76381021e+04]
 [ 5.89045616e+05 -5.89045618e+05]
 [ 1.20289769e+05 -1.20289771e+05]
 [ 7.73767293e+05 -7.73767290e+05]
 [ 6.57360267e+04 -6.57360284e+04]
 [ 3.60030805e+05 -3.60030808e+05]
 [-2.15477220e+05  2.15477238e+05]
 [-6.72845729e+05  6.72845734e+05]
 [ 2.23682699e+04 -2.23682662e+04]
 [-6.32669958e+05  6.32669969e+05]
 [ 6.59615639e+04 -6.59615891e+04]
 [ 3.77352208e+05 -3.77352198e+05]
 [ 1.95400648e+05 -1.95400651e+05]
 [-2.93800035e+05  2.93800035e+05]
 [ 1.19674412e+06 -1.19674411e+06]
 [-2.31338697e+05  2.31338695e+05]
 [-5.35515188e+05  5.35515210e+05]
 [-2.23366151e+06  2.23366150e+06]
 [-7.93688032e+05  7.93688044e+05]
 [-1.93865564e+05  1.93865571e+05]
 [-1.07641163e+06  1.07641163e+06]
 [ 2.96216303e+05 -2.96216310e+05]
 [ 3.59703764e+05 -3.59703757e+05]
 [-5.57454013e+05  5.57454001e+05]
 [-3.82021813e+05  3.82021812e+05]
 [-1.20538661e+05  1.20538680e+05]
 [-2.76431223e+04  2.76431191e+04]
 [-3.74626286e+04  3.74626167e+04]
 [-2.74808687e+06  2.74808685e+06]
 [ 5.32466090e+05 -5.32466088e+05]
 [ 3.54264748e+05 -3.54264739e+05]
 [ 1.68804685e+06 -1.68804685e+06]
 [-1.31965340e+05  1.31965335e+05]
 [ 8.88520732e+05 -8.88520734e+05]
 [-1.10820253e+06  1.10820254e+06]
 [-1.24212600e+05  1.24212600e+05]
 [-3.69079873e+06  3.69079874e+06]
 [ 1.20671799e+05 -1.20671792e+05]
 [ 6.05495371e+04 -6.05495371e+04]
 [-9.15173020e+05  9.15173017e+05]
 [ 9.19491335e+04 -9.19491307e+04]
 [ 3.70650455e+05 -3.70650444e+05]
 [-3.63132624e+05  3.63132634e+05]
 [ 5.06247241e+05 -5.06247233e+05]
 [ 5.43770184e+05 -5.43770169e+05]
 [ 5.84887166e+04 -5.84887065e+04]
 [-2.00977072e+05  2.00977083e+05]
 [ 9.35180635e+04 -9.35180602e+04]
 [ 1.08989381e+06 -1.08989379e+06]
 [ 1.16367348e+05 -1.16367361e+05]
 [-4.97150204e+05  4.97150205e+05]
 [-4.16286666e+05  4.16286660e+05]
 [-6.63475113e+05  6.63475123e+05]
 [-3.30047030e+05  3.30047047e+05]
 [-3.02787710e+03  3.02787985e+03]
 [ 2.53580895e+05 -2.53580895e+05]
 [ 2.40232398e+05 -2.40232394e+05]
 [-3.50011009e+05  3.50011010e+05]
 [-6.70620133e+04  6.70620219e+04]
 [ 6.32637086e+05 -6.32637095e+05]
 [ 8.71600632e+04 -8.71600588e+04]
 [ 3.50923142e+05 -3.50923145e+05]
 [-9.23459342e+05  9.23459347e+05]
 [-2.57468621e+05  2.57468626e+05]
 [-7.16322963e+04  7.16323012e+04]
 [-1.06534987e+05  1.06534966e+05]
 [ 5.78276533e+05 -5.78276530e+05]
 [-6.20450477e+03  6.20450500e+03]
 [ 2.48233411e+05 -2.48233407e+05]
 [-4.34166138e+05  4.34166143e+05]
 [-4.15134035e+05  4.15134032e+05]
 [-4.03940381e+05  4.03940381e+05]
 [-4.80919135e+05  4.80919138e+05]
 [ 2.37753192e+05 -2.37753193e+05]
 [-5.19794630e+05  5.19794613e+05]
 [-2.81366677e+05  2.81366690e+05]
 [ 7.21909509e+05 -7.21909494e+05]
 [ 3.87508051e+05 -3.87508038e+05]
 [ 6.24070721e+05 -6.24070722e+05]
 [ 4.24326726e+05 -4.24326722e+05]
 [-3.47815790e+05  3.47815800e+05]
 [ 3.25773445e+05 -3.25773432e+05]
 [-1.70529408e+04  1.70529394e+04]
 [-4.83945060e+05  4.83945061e+05]
 [-6.90501396e+05  6.90501405e+05]
 [ 4.34026691e+05 -4.34026693e+05]
 [ 5.21845534e+05 -5.21845554e+05]
 [-5.12181839e+04  5.12181900e+04]
 [ 4.28194669e+04 -4.28194569e+04]
 [-4.49286788e+05  4.49286807e+05]
 [ 6.53814417e+05 -6.53814408e+05]
 [ 2.41906249e+05 -2.41906244e+05]
 [-4.41595083e+05  4.41595070e+05]
 [-2.09968929e+05  2.09968935e+05]
 [-5.16939842e+05  5.16939845e+05]
 [-2.07325457e+05  2.07325452e+05]
 [ 4.07487080e+05 -4.07487067e+05]
 [ 2.39204523e+06 -2.39204522e+06]
 [ 6.09724859e+05 -6.09724862e+05]
 [-3.43314265e+05  3.43314287e+05]
 [ 1.73033846e+05 -1.73033843e+05]
 [ 4.08942596e+05 -4.08942596e+05]
 [-6.61227201e+05  6.61227208e+05]
 [-4.34503568e+05  4.34503575e+05]
 [-8.97875611e+04  8.97875553e+04]
 [-3.44434366e+05  3.44434364e+05]
 [-4.89571602e+05  4.89571595e+05]
 [-1.17793746e+06  1.17793747e+06]
 [-9.16827682e+05  9.16827670e+05]
 [-1.04759536e+05  1.04759534e+05]
 [-4.31108290e+05  4.31108324e+05]
 [ 2.79597640e+05 -2.79597639e+05]
 [-7.83836882e+03  7.83836219e+03]
 [ 4.76414713e+05 -4.76414702e+05]
 [-9.41743195e+05  9.41743200e+05]
 [ 1.52315279e+05 -1.52315268e+05]
 [-8.47079314e+05  8.47079313e+05]
 [-7.58867135e+04  7.58867102e+04]
 [-7.78000554e+05  7.78000564e+05]
 [ 2.37434769e+05 -2.37434758e+05]
 [ 2.21402914e+05 -2.21402903e+05]
 [-2.49476848e+05  2.49476836e+05]
 [ 4.96702889e+05 -4.96702888e+05]
 [-2.99534865e+05  2.99534866e+05]
 [-4.70321110e+05  4.70321111e+05]
 [ 6.19919778e+04 -6.19919756e+04]
 [ 1.81964219e+04 -1.81964141e+04]
 [-1.78481927e+05  1.78481931e+05]
 [ 9.66108326e+05 -9.66108321e+05]
 [ 1.25760035e+05 -1.25760035e+05]
 [ 4.60095813e+05 -4.60095808e+05]
 [ 7.96423062e+05 -7.96423068e+05]
 [-3.15781887e+04  3.15781937e+04]
 [-2.18973554e+05  2.18973558e+05]
 [ 3.91768963e+05 -3.91768961e+05]
 [ 3.23086390e+04 -3.23086428e+04]
 [-2.73311473e+05  2.73311477e+05]
 [ 2.50395899e+05 -2.50395899e+05]
 [ 3.29956409e+05 -3.29956391e+05]
 [-1.26251806e+05  1.26251815e+05]
 [-3.76679780e+05  3.76679793e+05]
 [ 1.02849918e+06 -1.02849918e+06]
 [-1.09040660e+05  1.09040677e+05]
 [ 3.13577198e+05 -3.13577200e+05]
 [ 5.14117992e+05 -5.14117983e+05]
 [-9.84891698e+05  9.84891705e+05]
 [ 6.47725535e+04 -6.47725554e+04]
 [-3.76228117e+03  3.76228233e+03]
 [ 4.20429519e+05 -4.20429518e+05]
 [ 5.95498394e+04 -5.95498441e+04]
 [-2.63962188e+05  2.63962206e+05]
 [ 2.28470553e+05 -2.28470553e+05]
 [-1.30420277e+06  1.30420278e+06]
 [ 1.08603822e+05 -1.08603829e+05]
 [ 8.34847027e+05 -8.34847020e+05]
 [ 2.04518622e+05 -2.04518617e+05]
 [ 1.44021935e+05 -1.44021935e+05]
 [-8.81288099e+05  8.81288084e+05]
 [ 5.19182570e+05 -5.19182580e+05]
 [-6.92751510e+04  6.92751677e+04]
 [ 9.91195819e+05 -9.91195811e+05]
 [-1.51770626e+05  1.51770634e+05]
 [-7.71722369e+05  7.71722365e+05]
 [ 5.27596027e+05 -5.27596023e+05]
 [ 4.64550747e+05 -4.64550744e+05]
 [-2.89059344e+05  2.89059338e+05]
 [ 4.69570612e+05 -4.69570604e+05]
 [-2.55624353e+04  2.55624323e+04]
 [-6.34040415e+04  6.34040435e+04]
 [-4.88031018e+04  4.88031180e+04]
 [ 3.52996985e+05 -3.52996992e+05]
 [ 6.26328743e+05 -6.26328729e+05]
 [ 2.80679039e+05 -2.80679044e+05]
 [-2.07037593e+06  2.07037594e+06]
 [-6.34650759e+05  6.34650776e+05]
 [ 3.77706114e+05 -3.77706098e+05]
 [-4.23569967e+05  4.23569963e+05]
 [-5.47217106e+05  5.47217092e+05]
 [-2.71291143e+05  2.71291176e+05]
 [ 3.03283604e+05 -3.03283600e+05]
 [ 1.77235136e+05 -1.77235131e+05]
 [-1.34626663e+05  1.34626659e+05]
 [-6.88458150e+05  6.88458215e+05]
 [ 5.26721093e+05 -5.26721069e+05]
 [-1.14246365e+06  1.14246369e+06]
 [-4.54016592e+05  4.54016582e+05]
 [ 1.35802194e+05 -1.35802172e+05]
 [-2.08569862e+05  2.08569869e+05]
 [ 3.25622492e+04 -3.25622477e+04]
 [-3.74338469e+05  3.74338462e+05]
 [-5.33225384e+05  5.33225384e+05]
 [ 4.65782715e+05 -4.65782716e+05]
 [-4.68993425e+05  4.68993424e+05]
 [-4.24831193e+05  4.24831189e+05]
 [-1.29160006e+06  1.29160003e+06]
 [ 1.05196875e+06 -1.05196874e+06]
 [-1.76510059e+05  1.76510082e+05]
 [-7.52814001e+05  7.52814008e+05]
 [-1.01804169e+05  1.01804196e+05]
 [ 3.29453179e+05 -3.29453178e+05]
 [-3.36652844e+05  3.36652833e+05]
 [-6.55135757e+05  6.55135760e+05]
 [-3.56896704e+05  3.56896705e+05]
 [-4.11909565e+04  4.11909511e+04]
 [ 4.21268527e+04 -4.21268563e+04]
 [-3.88225311e+05  3.88225310e+05]
 [-1.63372906e+05  1.63372908e+05]
 [ 7.10135792e+05 -7.10135788e+05]
 [-1.58574877e+05  1.58574881e+05]
 [-1.96452853e+05  1.96452850e+05]
 [-4.06819847e+04  4.06819953e+04]
 [ 2.84892603e+05 -2.84892601e+05]
 [-2.00256759e+05  2.00256758e+05]
 [-1.10031840e+05  1.10031849e+05]
 [-4.82109535e+05  4.82109523e+05]
 [-2.83731810e+05  2.83731807e+05]
 [-7.25433581e+04  7.25433559e+04]
 [-1.41899305e+05  1.41899317e+05]
 [-6.11322062e+04  6.11322136e+04]
 [ 2.91437272e+05 -2.91437244e+05]
 [-4.66735008e+05  4.66735010e+05]
 [-1.92238844e+05  1.92238833e+05]
 [-1.34001048e+06  1.34001048e+06]
 [ 1.77821115e+05 -1.77821123e+05]
 [ 8.80336763e+05 -8.80336744e+05]
 [-5.24240884e+05  5.24240877e+05]
 [ 1.56011352e+05 -1.56011340e+05]
 [ 2.92715870e+05 -2.92715876e+05]
 [ 1.67429553e+05 -1.67429570e+05]
 [-4.38085257e+05  4.38085261e+05]
 [ 4.46745458e+05 -4.46745446e+05]
 [-2.38144246e+05  2.38144236e+05]
 [-9.89236678e+05  9.89236695e+05]
 [-3.43524423e+05  3.43524414e+05]
 [-2.44721347e+05  2.44721357e+05]
 [-2.78000635e+05  2.78000626e+05]
 [-7.59688832e+05  7.59688830e+05]
 [-1.15549599e+05  1.15549604e+05]
 [-2.67969799e+05  2.67969799e+05]
 [ 1.42134337e+06 -1.42134336e+06]
 [ 1.80249797e+04 -1.80249681e+04]
 [ 2.85058371e+05 -2.85058371e+05]
 [-5.54392224e+05  5.54392209e+05]
 [ 8.37146183e+05 -8.37146175e+05]
 [-5.27243182e+05  5.27243180e+05]
 [ 3.19001993e+05 -3.19001992e+05]
 [ 1.42546937e+05 -1.42546932e+05]
 [ 3.21300719e+05 -3.21300724e+05]
 [ 6.48309406e+05 -6.48309407e+05]
 [-1.03796329e+05  1.03796345e+05]
 [ 1.38307549e+05 -1.38307544e+05]
 [ 5.68190854e+05 -5.68190833e+05]
 [ 7.77722933e+05 -7.77722908e+05]
 [-2.71578627e+05  2.71578622e+05]
 [ 2.01239575e+05 -2.01239572e+05]
 [-5.15118811e+05  5.15118830e+05]
 [ 1.52183689e+06 -1.52183685e+06]
 [ 2.34476644e+05 -2.34476633e+05]
 [-1.15335448e+06  1.15335448e+06]
 [ 7.39851562e+05 -7.39851561e+05]
 [ 3.09516329e+05 -3.09516337e+05]
 [ 7.20235407e+04 -7.20235245e+04]
 [ 1.91381524e+05 -1.91381512e+05]]