[[-1.53064630e+05  1.53064634e+05]
 [ 1.78821944e+04 -1.78821578e+04]
 [ 7.73099458e+04 -7.73099091e+04]
 [-3.16939837e+05  3.16939836e+05]
 [ 2.38445642e+05 -2.38445639e+05]
 [ 3.39498043e+05 -3.39498049e+05]
 [ 4.36323334e+04 -4.36323365e+04]
 [ 5.06456934e+05 -5.06456937e+05]
 [ 1.10638279e+05 -1.10638265e+05]
 [-3.75209456e+05  3.75209457e+05]
 [-1.21588048e+06  1.21588049e+06]
 [-4.39085371e+04  4.39085516e+04]
 [-1.47504454e+05  1.47504471e+05]
 [-5.79516481e+05  5.79516472e+05]
 [-4.26035729e+05  4.26035749e+05]
 [ 1.54062524e+06 -1.54062524e+06]
 [ 1.41878449e+04 -1.41878368e+04]
 [ 1.94985738e+05 -1.94985730e+05]
 [-1.33424905e+06  1.33424902e+06]
 [-9.80441237e+05  9.80441243e+05]
 [-8.46646806e+04  8.46646853e+04]
 [ 7.32402662e+05 -7.32402658e+05]
 [-1.28238586e+06  1.28238587e+06]
 [-9.76803747e+04  9.76803751e+04]
 [-4.42483178e+05  4.42483161e+05]
 [-4.82038712e+04  4.82038724e+04]
 [-2.46191440e+05  2.46191417e+05]
 [-6.07132943e+05  6.07132943e+05]
 [ 4.74257240e+05 -4.74257243e+05]
 [-2.93257408e+05  2.93257420e+05]
 [-8.66064404e+05  8.66064421e+05]
 [ 4.76492226e+05 -4.76492227e+05]
 [-2.43723823e+05  2.43723824e+05]
 [ 4.30362504e+05 -4.30362514e+05]
 [-6.60055456e+04  6.60055572e+04]
 [-5.04880396e+05  5.04880402e+05]
 [-1.43662690e+05  1.43662683e+05]
 [ 1.36166963e+05 -1.36166959e+05]
 [ 4.55042765e+05 -4.55042763e+05]
 [ 3.54018947e+05 -3.54018947e+05]
 [ 5.15172576e+05 -5.15172600e+05]
 [ 5.73308294e+04 -5.73308224e+04]
 [ 6.20203435e+05 -6.20203400e+05]
 [ 6.13683799e+05 -6.13683749e+05]
 [-1.23915789e+06  1.23915788e+06]
 [-2.81682159e+05  2.81682166e+05]
 [ 7.06933040e+05 -7.06933042e+05]
 [-8.48991878e+04  8.48991820e+04]
 [ 9.79547200e+05 -9.79547208e+05]
 [-2.78509068e+05  2.78509077e+05]
 [-5.18006958e+05  5.18006962e+05]
 [ 5.72534568e+05 -5.72534561e+05]
 [-2.65570332e+05  2.65570339e+05]
 [-3.04969861e+05  3.04969864e+05]
 [-7.71819789e+05  7.71819796e+05]
 [-3.44727385e+05  3.44727398e+05]
 [-3.31466402e+05  3.31466400e+05]
 [ 1.08733201e+05 -1.08733198e+05]
 [-6.22992361e+05  6.22992361e+05]
 [ 3.71042995e+05 -3.71042988e+05]
 [ 1.31754363e+05 -1.31754357e+05]
 [ 1.78183388e+05 -1.78183385e+05]
 [-1.30510472e+06  1.30510471e+06]
 [-1.29708656e+05  1.29708675e+05]
 [-1.83287688e+05  1.83287687e+05]
 [ 6.20790780e+05 -6.20790769e+05]
 [-3.95701470e+05  3.95701465e+05]
 [-3.42755829e+05  3.42755849e+05]
 [ 7.85014182e+05 -7.85014171e+05]
 [ 8.73948346e+04 -8.73948384e+04]
 [-3.79466277e+05  3.79466277e+05]
 [ 2.13352780e+05 -2.13352778e+05]
 [-4.83924008e+04  4.83924085e+04]
 [-9.52472511e+05  9.52472508e+05]
 [-6.38824293e+04  6.38824316e+04]
 [-2.99533238e+05  2.99533239e+05]
 [ 4.99463464e+05 -4.99463463e+05]
 [ 1.01770198e+06 -1.01770198e+06]
 [-1.32006748e+05  1.32006749e+05]
 [-6.61235632e+05  6.61235636e+05]
 [-3.14388902e+04  3.14388974e+04]
 [-8.81790619e+05  8.81790612e+05]
 [-5.86129621e+05  5.86129614e+05]
 [ 9.02874613e+04 -9.02874352e+04]
 [-5.96134983e+05  5.96134987e+05]
 [ 7.03203481e+05 -7.03203499e+05]
 [ 7.65084701e+05 -7.65084692e+05]
 [ 8.35650057e+05 -8.35650011e+05]
 [ 3.85730786e+05 -3.85730780e+05]
 [ 1.41599582e+05 -1.41599578e+05]
 [ 1.33994228e+06 -1.33994226e+06]
 [-3.09405197e+05  3.09405193e+05]
 [-2.42146873e+05  2.42146879e+05]
 [ 1.05863780e+05 -1.05863789e+05]
 [ 1.82947477e+05 -1.82947467e+05]
 [ 1.67471183e+05 -1.67471166e+05]
 [-5.38299268e+04  5.38299131e+04]
 [-4.78782259e+05  4.78782287e+05]
 [-2.91669118e+05  2.91669115e+05]
 [ 9.91254491e+05 -9.91254473e+05]
 [-2.38826040e+05  2.38826025e+05]
 [ 1.25698317e+06 -1.25698315e+06]
 [ 5.19075518e+02 -5.19068389e+02]
 [ 6.70104394e+05 -6.70104380e+05]
 [ 6.69916812e+05 -6.69916817e+05]
 [-6.89730089e+05  6.89730099e+05]
 [ 1.57215984e+05 -1.57215986e+05]
 [-4.66826816e+05  4.66826821e+05]
 [ 7.00446957e+05 -7.00446957e+05]
 [ 7.13380523e+05 -7.13380526e+05]
 [ 1.33602208e+05 -1.33602206e+05]
 [-2.69010440e+05  2.69010445e+05]
 [-2.24681919e+05  2.24681933e+05]
 [-3.86249873e+05  3.86249874e+05]
 [-8.85404385e+04  8.85404470e+04]
 [ 2.34268609e+05 -2.34268614e+05]
 [-5.10668471e+05  5.10668474e+05]
 [-5.24531930e+05  5.24531943e+05]
 [ 8.20050219e+05 -8.20050218e+05]
 [ 8.41535423e+05 -8.41535435e+05]
 [-1.77857764e+05  1.77857776e+05]
 [-4.93601774e+05  4.93601795e+05]
 [-9.84747605e+04  9.84747676e+04]
 [ 6.25292234e+04 -6.25292069e+04]
 [-2.58719458e+05  2.58719458e+05]
 [ 1.83410949e+05 -1.83410954e+05]
 [ 8.37187438e+05 -8.37187430e+05]
 [-3.35100376e+05  3.35100380e+05]
 [ 6.79005351e+05 -6.79005328e+05]
 [-3.19227071e+05  3.19227075e+05]
 [-3.07518184e+05  3.07518190e+05]
 [-1.63436936e+05  1.63436956e+05]
 [ 3.12904541e+05 -3.12904540e+05]
 [ 8.76540783e+05 -8.76540787e+05]
 [ 1.54396599e+06 -1.54396598e+06]
 [-6.65592019e+05  6.65592025e+05]
 [-1.51763782e+05  1.51763788e+05]
 [ 9.20745507e+05 -9.20745510e+05]
 [ 1.38086533e+06 -1.38086534e+06]
 [-1.86186647e+06  1.86186648e+06]
 [-4.07912423e+04  4.07912417e+04]
 [-1.47673077e+06  1.47673076e+06]
 [-5.98379933e+05  5.98379929e+05]
 [-5.78313336e+05  5.78313345e+05]
 [-3.01123332e+05  3.01123322e+05]
 [-3.07229289e+05  3.07229281e+05]
 [ 4.46504857e+05 -4.46504851e+05]
 [-4.77217472e+05  4.77217476e+05]
 [ 8.30247799e+05 -8.30247798e+05]
 [ 7.67700494e+03 -7.67700187e+03]
 [-3.67373506e+05  3.67373508e+05]
 [ 1.31251220e+06 -1.31251220e+06]
 [ 1.28582373e+06 -1.28582373e+06]
 [-5.66835227e+05  5.66835228e+05]
 [ 4.78819119e+05 -4.78819131e+05]
 [ 9.93806422e+05 -9.93806413e+05]
 [-1.07751031e+06  1.07751031e+06]
 [ 1.38636011e+05 -1.38636014e+05]
 [-3.54214448e+05  3.54214438e+05]
 [ 2.25384145e+05 -2.25384119e+05]
 [ 2.58175639e+05 -2.58175641e+05]
 [-5.04443670e+05  5.04443684e+05]
 [-7.14874609e+05  7.14874613e+05]
 [-2.95262195e+05  2.95262206e+05]
 [ 7.34784634e+05 -7.34784637e+05]
 [ 4.71290389e+04 -4.71290434e+04]
 [ 1.09138761e+06 -1.09138763e+06]
 [-1.66062958e+06  1.66062958e+06]
 [-2.04324367e+05  2.04324371e+05]
 [ 9.97968905e+04 -9.97968918e+04]
 [ 5.08187046e+05 -5.08187042e+05]
 [ 6.20637444e+05 -6.20637449e+05]
 [ 5.27167275e+05 -5.27167276e+05]
 [ 3.54161038e+04 -3.54161078e+04]
 [-6.30999772e+05  6.30999823e+05]
 [ 5.47790177e+05 -5.47790172e+05]
 [ 8.77605052e+05 -8.77605058e+05]
 [ 2.42369210e+05 -2.42369203e+05]
 [ 3.55491804e+05 -3.55491814e+05]
 [ 9.69425986e+04 -9.69426036e+04]
 [ 8.74881217e+04 -8.74880983e+04]
 [ 1.03754486e+05 -1.03754476e+05]
 [ 7.61310368e+05 -7.61310383e+05]
 [-5.63166654e+05  5.63166648e+05]
 [-1.26859540e+04  1.26859500e+04]
 [-2.67578031e+05  2.67578040e+05]
 [ 4.49710467e+05 -4.49710472e+05]
 [ 1.29177486e+05 -1.29177483e+05]
 [ 3.75169328e+04 -3.75168951e+04]
 [ 2.09167526e+05 -2.09167521e+05]
 [-2.04804185e+06  2.04804186e+06]
 [-1.62202507e+05  1.62202506e+05]
 [ 4.43880135e+05 -4.43880141e+05]
 [-4.82866069e+05  4.82866073e+05]
 [ 1.16241196e+05 -1.16241195e+05]
 [-4.56055075e+05  4.56055079e+05]
 [ 1.16289981e+05 -1.16289962e+05]
 [-1.45522328e+05  1.45522332e+05]
 [ 8.24218759e+05 -8.24218766e+05]
 [ 2.07493472e+06 -2.07493469e+06]
 [ 9.56253425e+03 -9.56252515e+03]
 [ 6.80564611e+05 -6.80564603e+05]
 [ 5.01114033e+05 -5.01114023e+05]
 [-2.38048155e+04  2.38048261e+04]
 [ 3.90144651e+05 -3.90144653e+05]
 [-8.41182265e+05  8.41182265e+05]
 [-1.15714323e+05  1.15714325e+05]
 [ 1.13289409e+05 -1.13289417e+05]
 [ 6.75552635e+05 -6.75552646e+05]
 [ 4.89487203e+05 -4.89487204e+05]
 [-1.98870365e+06  1.98870365e+06]
 [-6.36933827e+05  6.36933827e+05]
 [ 4.61735319e+05 -4.61735323e+05]
 [-7.67294072e+05  7.67294085e+05]
 [ 7.58169633e+05 -7.58169642e+05]
 [ 3.48024736e+06 -3.48024736e+06]
 [-5.87481638e+05  5.87481661e+05]
 [-4.26267365e+05  4.26267357e+05]
 [ 6.83263628e+05 -6.83263618e+05]
 [-4.50410454e+05  4.50410485e+05]
 [-1.59333764e+05  1.59333780e+05]
 [-4.74568909e+04  4.74569000e+04]
 [ 2.50197324e+05 -2.50197307e+05]
 [-3.24885920e+05  3.24885921e+05]
 [-7.07819154e+05  7.07819157e+05]
 [-8.40241559e+05  8.40241627e+05]
 [ 3.79364854e+05 -3.79364853e+05]
 [-7.54107106e+04  7.54107131e+04]
 [-1.16331835e+05  1.16331810e+05]
 [-6.37228872e+04  6.37228837e+04]
 [-4.12840157e+05  4.12840152e+05]
 [ 1.58120842e+05 -1.58120864e+05]
 [-3.38487834e+05  3.38487825e+05]
 [ 5.35980535e+05 -5.35980532e+05]
 [-4.12636098e+05  4.12636101e+05]
 [-2.21118411e+05  2.21118412e+05]
 [-3.17717405e+05  3.17717410e+05]
 [-2.53664048e+05  2.53664046e+05]
 [-3.09923797e+05  3.09923802e+05]
 [ 4.08445583e+05 -4.08445590e+05]
 [ 5.69218868e+05 -5.69218880e+05]
 [ 8.11501333e+05 -8.11501338e+05]
 [-6.81706667e+05  6.81706669e+05]
 [-1.49534116e+05  1.49534118e+05]
 [ 2.14619304e+05 -2.14619296e+05]
 [ 8.11510352e+05 -8.11510349e+05]
 [ 9.32538674e+05 -9.32538687e+05]
 [-7.72696598e+05  7.72696632e+05]
 [-1.88661291e+05  1.88661291e+05]
 [-4.99825809e+05  4.99825812e+05]
 [ 4.01461872e+05 -4.01461873e+05]
 [-3.01339548e+05  3.01339565e+05]
 [ 8.34539522e+04 -8.34539622e+04]
 [-4.00451994e+05  4.00452008e+05]
 [ 1.34295665e+06 -1.34295665e+06]
 [ 1.09007122e+06 -1.09007123e+06]
 [ 5.62421933e+05 -5.62421932e+05]
 [-4.32154935e+05  4.32154944e+05]
 [ 3.07725325e+05 -3.07725334e+05]
 [-2.78315378e+04  2.78315643e+04]
 [ 2.49204634e+05 -2.49204626e+05]
 [-2.38798565e+05  2.38798569e+05]
 [-1.22807782e+06  1.22807781e+06]
 [ 1.48783257e+05 -1.48783261e+05]
 [ 5.90870287e+05 -5.90870295e+05]
 [ 2.53818525e+05 -2.53818529e+05]
 [-7.18366481e+05  7.18366471e+05]
 [ 1.31724311e+06 -1.31724308e+06]
 [-1.17889532e+06  1.17889531e+06]
 [ 5.03991616e+05 -5.03991600e+05]
 [ 1.18032919e+06 -1.18032917e+06]
 [ 2.78691136e+05 -2.78691127e+05]
 [ 2.17580462e+05 -2.17580458e+05]
 [-5.07155387e+04  5.07155444e+04]
 [-2.35102546e+05  2.35102560e+05]
 [-9.38301771e+04  9.38301581e+04]
 [ 1.19653187e+06 -1.19653187e+06]
 [ 2.76788382e+04 -2.76788416e+04]
 [ 9.60879293e+05 -9.60879288e+05]
 [ 4.44893324e+05 -4.44893314e+05]
 [ 5.40276731e+05 -5.40276727e+05]
 [ 2.79478850e+05 -2.79478855e+05]
 [-2.93941078e+05  2.93941088e+05]
 [-1.84410038e+06  1.84410038e+06]
 [-3.68841539e+05  3.68841553e+05]
 [-1.02772191e+05  1.02772190e+05]
 [-2.22494269e+05  2.22494283e+05]
 [ 4.91651543e+05 -4.91651539e+05]
 [-1.25207747e+04  1.25207749e+04]
 [-3.49513224e+04  3.49513189e+04]
 [ 7.12710246e+05 -7.12710241e+05]
 [-9.95558694e+05  9.95558732e+05]
 [-1.21000224e+06  1.21000226e+06]
 [-2.96405726e+04  2.96405676e+04]
 [-7.93639501e+05  7.93639496e+05]
 [ 2.26088024e+05 -2.26088021e+05]
 [-9.68233913e+04  9.68233983e+04]
 [-6.40009755e+05  6.40009764e+05]
 [-2.13774279e+06  2.13774281e+06]
 [ 1.35533184e+04 -1.35533211e+04]
 [ 2.08236645e+05 -2.08236629e+05]
 [-1.57467164e+06  1.57467164e+06]
 [-6.45741921e+05  6.45741943e+05]
 [ 4.60908667e+05 -4.60908669e+05]
 [-4.86130486e+05  4.86130491e+05]
 [ 2.02409656e+05 -2.02409655e+05]
 [ 3.15201115e+05 -3.15201126e+05]
 [ 1.18718489e+06 -1.18718488e+06]
 [-2.35924943e+05  2.35924936e+05]
 [-7.17089300e+05  7.17089309e+05]
 [-6.74664729e+05  6.74664730e+05]
 [-8.15838471e+04  8.15838475e+04]
 [-1.72124076e+06  1.72124079e+06]
 [ 3.12559260e+05 -3.12559262e+05]
 [-2.11216705e+06  2.11216706e+06]
 [ 1.83661183e+05 -1.83661181e+05]
 [ 8.77240954e+04 -8.77241041e+04]
 [-1.21121914e+05  1.21121911e+05]
 [ 7.18652336e+05 -7.18652326e+05]
 [-1.68678445e+05  1.68678474e+05]
 [ 5.81171141e+04 -5.81171151e+04]
 [-2.24341792e+05  2.24341791e+05]
 [-3.71363955e+05  3.71363957e+05]
 [ 3.28870226e+05 -3.28870214e+05]
 [-1.78129407e+05  1.78129401e+05]
 [ 1.06290119e+05 -1.06290125e+05]
 [-9.50075442e+05  9.50075460e+05]
 [ 1.13546270e+05 -1.13546267e+05]
 [-1.23884641e+06  1.23884641e+06]
 [-1.51675549e+05  1.51675539e+05]
 [ 8.22265294e+05 -8.22265303e+05]
 [ 3.45685906e+05 -3.45685909e+05]
 [-4.83825464e+04  4.83825437e+04]
 [-4.62611227e+05  4.62611222e+05]
 [ 2.00677027e+05 -2.00676989e+05]
 [ 1.67578120e+05 -1.67578110e+05]
 [-4.56286336e+05  4.56286350e+05]
 [-2.35380458e+05  2.35380470e+05]
 [ 1.03226744e+06 -1.03226744e+06]
 [-1.35576785e+06  1.35576784e+06]
 [-2.07556700e+05  2.07556711e+05]
 [ 2.88565247e+05 -2.88565253e+05]
 [-4.64282293e+04  4.64282426e+04]
 [ 6.79054906e+04 -6.79054918e+04]
 [ 4.55082117e+05 -4.55082123e+05]
 [-2.68738110e+05  2.68738104e+05]
 [ 3.49782685e+05 -3.49782677e+05]
 [ 1.97178546e+05 -1.97178541e+05]
 [ 6.90717847e+05 -6.90717855e+05]
 [-1.23145574e+06  1.23145575e+06]
 [ 1.84469707e+05 -1.84469715e+05]
 [-2.88757009e+05  2.88757017e+05]
 [-9.62654076e+05  9.62654081e+05]
 [-7.77452909e+04  7.77453065e+04]
 [ 2.59464803e+05 -2.59464810e+05]
 [ 3.99128652e+05 -3.99128641e+05]
 [-1.34700458e+06  1.34700458e+06]
 [-4.65474214e+05  4.65474204e+05]
 [ 1.72858202e+05 -1.72858178e+05]
 [-1.09995291e+06  1.09995292e+06]
 [ 3.46329999e+05 -3.46329999e+05]
 [-1.14315808e+06  1.14315809e+06]
 [-1.27737848e+06  1.27737847e+06]
 [ 1.86511308e+05 -1.86511301e+05]
 [-1.05704762e+05  1.05704762e+05]
 [-8.70583400e+04  8.70583448e+04]
 [-1.21866092e+06  1.21866093e+06]
 [ 5.26155536e+05 -5.26155530e+05]
 [-6.44117379e+05  6.44117388e+05]
 [ 3.57870551e+05 -3.57870545e+05]
 [-7.39947355e+05  7.39947369e+05]
 [-2.88308561e+05  2.88308568e+05]
 [ 1.41733002e+05 -1.41733012e+05]
 [ 3.91055311e+05 -3.91055273e+05]
 [-1.34024812e+05  1.34024815e+05]
 [ 2.12516206e+05 -2.12516208e+05]
 [ 7.07760965e+05 -7.07760956e+05]
 [ 2.94428380e+05 -2.94428376e+05]
 [ 4.03562721e+05 -4.03562720e+05]
 [-5.77920588e+04  5.77920596e+04]
 [ 1.00369454e+06 -1.00369454e+06]
 [-3.62931050e+05  3.62931054e+05]
 [ 5.63066830e+05 -5.63066817e+05]
 [ 5.61290552e+05 -5.61290551e+05]
 [ 1.69346804e+05 -1.69346802e+05]
 [ 4.57014122e+05 -4.57014128e+05]
 [ 1.52537283e+05 -1.52537283e+05]
 [ 3.21693342e+05 -3.21693323e+05]
 [-2.74830377e+05  2.74830390e+05]
 [ 2.39042596e+05 -2.39042583e+05]
 [ 1.83485853e+05 -1.83485848e+05]
 [ 6.77550162e+05 -6.77550157e+05]
 [ 9.90741138e+05 -9.90741134e+05]
 [-1.51498148e+05  1.51498164e+05]
 [-9.51799851e+04  9.51799827e+04]
 [ 1.22094904e+05 -1.22094903e+05]
 [ 4.49405579e+05 -4.49405571e+05]
 [ 6.01158086e+03 -6.01157811e+03]
 [-8.54497591e+05  8.54497598e+05]
 [ 2.33224532e+05 -2.33224523e+05]
 [-1.78459213e+05  1.78459215e+05]
 [ 1.12391207e+05 -1.12391221e+05]
 [-1.14689890e+06  1.14689890e+06]
 [ 1.16757989e+06 -1.16757988e+06]
 [ 5.83770735e+05 -5.83770736e+05]
 [-1.65339165e+06  1.65339165e+06]
 [ 6.49369074e+05 -6.49369067e+05]
 [ 5.25475497e+05 -5.25475507e+05]
 [ 1.05538257e+05 -1.05538257e+05]
 [-6.28727469e+05  6.28727475e+05]
 [ 1.96239248e+05 -1.96239251e+05]
 [-1.06447246e+06  1.06447248e+06]
 [ 3.97672558e+05 -3.97672541e+05]
 [-3.34609176e+05  3.34609172e+05]
 [ 1.92809253e+04 -1.92809183e+04]
 [ 1.32382622e+06 -1.32382622e+06]
 [-4.96170001e+05  4.96169997e+05]
 [ 7.99717970e+04 -7.99717916e+04]
 [ 6.13429620e+05 -6.13429619e+05]
 [-4.88803075e+05  4.88803076e+05]
 [-3.78878908e+05  3.78878914e+05]
 [ 7.21228579e+04 -7.21228614e+04]
 [ 8.27150317e+05 -8.27150301e+05]
 [-3.64609738e+04  3.64609813e+04]
 [ 2.87175110e+05 -2.87175113e+05]
 [-2.65054572e+05  2.65054580e+05]
 [-4.57975413e+05  4.57975422e+05]
 [ 5.76926339e+05 -5.76926357e+05]
 [ 1.35839889e+05 -1.35839884e+05]
 [-1.20292276e+04  1.20292286e+04]
 [-5.58523370e+05  5.58523365e+05]
 [ 5.43875688e+05 -5.43875690e+05]
 [-4.58997489e+05  4.58997489e+05]
 [ 1.73142394e+06 -1.73142394e+06]
 [ 2.00262577e+05 -2.00262575e+05]
 [-2.43623453e+05  2.43623445e+05]
 [ 4.56062243e+05 -4.56062219e+05]
 [ 7.67163479e+05 -7.67163485e+05]
 [ 5.63350851e+05 -5.63350833e+05]
 [ 3.67082616e+05 -3.67082608e+05]
 [ 7.47403951e+05 -7.47403941e+05]
 [-5.68634399e+05  5.68634398e+05]
 [-7.16467900e+05  7.16467910e+05]
 [ 1.16476248e+05 -1.16476245e+05]
 [-1.65282550e+06  1.65282552e+06]
 [-8.69871645e+05  8.69871661e+05]
 [ 2.59951555e+05 -2.59951554e+05]
 [-1.27601185e+06  1.27601187e+06]
 [-1.02238311e+06  1.02238312e+06]
 [-2.00797032e+05  2.00797023e+05]
 [ 1.80199630e+05 -1.80199632e+05]
 [-1.01975353e+05  1.01975365e+05]
 [ 2.89533197e+05 -2.89533199e+05]
 [ 4.74853054e+05 -4.74853049e+05]
 [ 1.27295088e+06 -1.27295088e+06]
 [-2.23291228e+05  2.23291247e+05]
 [ 1.36226150e+06 -1.36226149e+06]
 [-5.31459331e+05  5.31459350e+05]
 [-9.96117278e+05  9.96117277e+05]
 [ 9.86197467e+05 -9.86197438e+05]
 [-4.62459638e+05  4.62459635e+05]
 [-9.67676353e+05  9.67676372e+05]
 [-2.31481033e+05  2.31481032e+05]
 [ 4.75132151e+05 -4.75132144e+05]
 [ 1.00571878e+06 -1.00571878e+06]
 [-2.61331186e+05  2.61331190e+05]
 [ 4.15095488e+04 -4.15095593e+04]
 [-1.21092814e+05  1.21092804e+05]
 [-9.49358503e+05  9.49358496e+05]
 [ 4.62778098e+05 -4.62778098e+05]
 [ 5.73041001e+04 -5.73041027e+04]
 [-1.33988991e+05  1.33988983e+05]
 [ 1.43294743e+06 -1.43294743e+06]
 [ 6.35437087e+05 -6.35437064e+05]
 [ 4.31368603e+05 -4.31368617e+05]
 [ 4.91506280e+05 -4.91506282e+05]
 [ 2.45379067e+05 -2.45379039e+05]
 [-7.29173799e+05  7.29173798e+05]
 [-1.35696742e+06  1.35696742e+06]
 [-3.03908628e+05  3.03908637e+05]
 [-2.70866979e+05  2.70866991e+05]
 [ 2.93362679e+05 -2.93362678e+05]
 [-1.98482369e+05  1.98482370e+05]
 [-2.83866464e+05  2.83866480e+05]
 [ 8.98252294e+04 -8.98252165e+04]
 [-2.32360447e+05  2.32360448e+05]
 [ 1.03257334e+06 -1.03257334e+06]
 [ 4.15978426e+05 -4.15978444e+05]
 [-1.62737408e+05  1.62737409e+05]
 [ 1.54534937e+06 -1.54534934e+06]
 [ 8.31468582e+05 -8.31468589e+05]
 [-5.11424409e+05  5.11424416e+05]
 [-4.02382099e+05  4.02382099e+05]
 [ 1.11770069e+05 -1.11770060e+05]
 [ 4.04423837e+05 -4.04423839e+05]
 [-4.25021150e+05  4.25021170e+05]
 [ 7.17981824e+05 -7.17981824e+05]
 [-3.85205172e+05  3.85205169e+05]
 [-2.84706573e+05  2.84706562e+05]
 [ 9.00133711e+05 -9.00133735e+05]]