[[ 3.79527923e+07 -3.79527924e+07]
 [-2.29343196e+07  2.29343196e+07]
 [ 1.61176019e+08 -1.61176019e+08]
 [-1.88073393e+08  1.88073393e+08]
 [-1.37701392e+08  1.37701392e+08]
 [-7.66245166e+08  7.66245166e+08]
 [ 3.11237833e+08 -3.11237833e+08]
 [-2.78927937e+08  2.78927937e+08]
 [-8.46302849e+07  8.46302849e+07]
 [ 1.27992641e+08 -1.27992641e+08]
 [ 1.42444716e+08 -1.42444716e+08]
 [ 7.51321177e+07 -7.51321177e+07]
 [ 1.57611612e+08 -1.57611612e+08]
 [-1.47285186e+08  1.47285186e+08]
 [-1.60201681e+08  1.60201681e+08]
 [ 1.30080292e+08 -1.30080292e+08]
 [-5.15419367e+08  5.15419368e+08]
 [ 8.29414606e+07 -8.29414606e+07]
 [ 4.97805873e+07 -4.97805872e+07]
 [ 6.17595508e+07 -6.17595508e+07]
 [ 9.90377531e+08 -9.90377531e+08]
 [-1.77840070e+07  1.77840070e+07]
 [-1.67197892e+08  1.67197892e+08]
 [-9.30309466e+07  9.30309466e+07]
 [ 3.18497080e+08 -3.18497080e+08]
 [-8.03881038e+07  8.03881038e+07]
 [ 4.65400652e+07 -4.65400652e+07]
 [-3.05842736e+08  3.05842736e+08]
 [-4.89399144e+07  4.89399144e+07]
 [-2.06075014e+08  2.06075014e+08]
 [ 4.66993519e+07 -4.66993519e+07]
 [ 1.44021663e+08 -1.44021663e+08]
 [-1.27349921e+08  1.27349921e+08]
 [-2.07639554e+08  2.07639554e+08]
 [ 1.29101492e+08 -1.29101492e+08]
 [ 1.75392057e+08 -1.75392057e+08]
 [ 1.75106571e+08 -1.75106571e+08]
 [ 1.72582773e+08 -1.72582773e+08]
 [ 2.01173905e+08 -2.01173905e+08]
 [ 6.29388785e+07 -6.29388785e+07]
 [ 3.15426378e+06 -3.15426377e+06]
 [-2.44867456e+07  2.44867456e+07]
 [-6.34081364e+07  6.34081364e+07]
 [ 1.16812351e+08 -1.16812351e+08]
 [-1.24082759e+08  1.24082759e+08]
 [-1.43629690e+08  1.43629690e+08]
 [-1.10409574e+08  1.10409574e+08]
 [-3.82021365e+07  3.82021365e+07]
 [ 1.12747508e+08 -1.12747508e+08]
 [-1.84803474e+08  1.84803475e+08]
 [-2.64537540e+06  2.64537535e+06]
 [-1.39727521e+08  1.39727521e+08]
 [ 1.64205598e+08 -1.64205598e+08]
 [-2.79558221e+07  2.79558221e+07]
 [ 6.87498641e+06 -6.87498641e+06]
 [ 1.37871395e+08 -1.37871395e+08]
 [ 2.46802758e+08 -2.46802758e+08]
 [ 4.79839764e+08 -4.79839764e+08]
 [ 2.03289143e+07 -2.03289143e+07]
 [ 1.16093836e+08 -1.16093837e+08]
 [ 8.96855532e+07 -8.96855532e+07]
 [ 1.78531768e+07 -1.78531768e+07]
 [ 2.38679471e+08 -2.38679471e+08]
 [-5.28934663e+08  5.28934662e+08]
 [ 1.31119926e+08 -1.31119926e+08]
 [ 8.60710240e+07 -8.60710240e+07]
 [ 8.60801184e+08 -8.60801184e+08]
 [-3.21354408e+08  3.21354408e+08]
 [ 2.45304792e+07 -2.45304792e+07]
 [ 3.21801455e+07 -3.21801455e+07]
 [-5.09561575e+07  5.09561575e+07]
 [ 1.42590458e+07 -1.42590458e+07]
 [-4.21303711e+06  4.21303713e+06]
 [-3.93590661e+07  3.93590661e+07]
 [ 5.25169679e+08 -5.25169679e+08]
 [ 4.01541491e+08 -4.01541491e+08]
 [-8.46956756e+08  8.46956756e+08]
 [ 2.27786164e+08 -2.27786164e+08]
 [-5.07371670e+08  5.07371671e+08]
 [ 8.73623223e+07 -8.73623223e+07]
 [-9.62814726e+07  9.62814725e+07]
 [-4.40354952e+07  4.40354952e+07]
 [ 4.56695627e+07 -4.56695628e+07]
 [-2.98891731e+08  2.98891731e+08]
 [ 5.10268914e+07 -5.10268915e+07]
 [ 1.78196892e+08 -1.78196892e+08]
 [ 1.42122121e+08 -1.42122121e+08]
 [-2.75515251e+08  2.75515251e+08]
 [-5.22244230e+07  5.22244230e+07]
 [-3.88244774e+07  3.88244774e+07]
 [-3.65487860e+08  3.65487860e+08]
 [-4.65928429e+06  4.65928430e+06]
 [ 2.17130008e+08 -2.17130008e+08]
 [ 1.44025710e+07 -1.44025710e+07]
 [ 3.46040652e+07 -3.46040652e+07]
 [ 1.55794957e+07 -1.55794957e+07]
 [ 1.47213628e+08 -1.47213628e+08]
 [-3.67686300e+07  3.67686300e+07]
 [ 1.97277298e+08 -1.97277298e+08]
 [ 1.17531197e+08 -1.17531197e+08]
 [ 8.13428328e+07 -8.13428328e+07]
 [-2.43375481e+08  2.43375481e+08]
 [ 7.24381135e+07 -7.24381135e+07]
 [-6.45409070e+07  6.45409070e+07]
 [-4.71063638e+08  4.71063638e+08]
 [-1.29429314e+07  1.29429314e+07]
 [ 1.47343297e+07 -1.47343297e+07]
 [-7.28412980e+07  7.28412980e+07]
 [ 8.73433138e+07 -8.73433139e+07]
 [-3.50836814e+07  3.50836815e+07]
 [-1.72914627e+08  1.72914627e+08]
 [-1.33364399e+08  1.33364399e+08]
 [ 1.83235253e+08 -1.83235253e+08]
 [ 2.02688658e+07 -2.02688658e+07]
 [ 3.41612307e+06 -3.41612310e+06]
 [ 4.64646969e+07 -4.64646969e+07]
 [-9.81499417e+07  9.81499418e+07]
 [-2.76319964e+08  2.76319964e+08]
 [ 1.39850810e+08 -1.39850810e+08]
 [ 2.83253735e+08 -2.83253735e+08]
 [-2.65183362e+07  2.65183362e+07]
 [-5.53711393e+08  5.53711393e+08]
 [-1.14625402e+08  1.14625402e+08]
 [-7.06848095e+07  7.06848095e+07]
 [ 6.21407892e+07 -6.21407892e+07]
 [ 5.70858693e+07 -5.70858693e+07]
 [ 1.03289065e+07 -1.03289064e+07]
 [ 7.79960396e+07 -7.79960396e+07]
 [-6.24866907e+07  6.24866908e+07]
 [-1.67923469e+08  1.67923469e+08]
 [ 3.43251205e+08 -3.43251205e+08]
 [-1.22457218e+07  1.22457218e+07]
 [ 1.55843707e+07 -1.55843707e+07]
 [-1.20092681e+08  1.20092681e+08]
 [-9.01772816e+07  9.01772816e+07]
 [ 2.62289507e+07 -2.62289507e+07]
 [-8.88454898e+06  8.88454894e+06]
 [-2.95656863e+08  2.95656863e+08]
 [ 4.12288138e+07 -4.12288139e+07]
 [-2.94777039e+07  2.94777039e+07]
 [-3.46841017e+08  3.46841017e+08]
 [-1.81186141e+08  1.81186141e+08]
 [-3.05987232e+07  3.05987231e+07]
 [-6.82903997e+07  6.82903997e+07]
 [-7.00505252e+06  7.00505251e+06]
 [-1.20969191e+08  1.20969191e+08]
 [-2.64119462e+08  2.64119462e+08]
 [-7.69352332e+06  7.69352335e+06]
 [ 3.55776167e+07 -3.55776167e+07]
 [ 2.29646396e+08 -2.29646396e+08]
 [-5.04019623e+07  5.04019622e+07]
 [-2.10956552e+08  2.10956552e+08]
 [ 1.91074156e+08 -1.91074156e+08]
 [-2.30055739e+08  2.30055739e+08]
 [-1.33422614e+08  1.33422614e+08]
 [-2.26592972e+07  2.26592972e+07]
 [-6.77877089e+06  6.77877085e+06]
 [ 1.92862806e+08 -1.92862806e+08]
 [ 7.04353300e+07 -7.04353300e+07]
 [ 8.39570008e+07 -8.39570009e+07]
 [ 5.92689046e+07 -5.92689046e+07]
 [ 1.31079810e+08 -1.31079810e+08]
 [ 3.56150047e+08 -3.56150047e+08]
 [-1.38616308e+08  1.38616308e+08]
 [ 1.19527868e+08 -1.19527868e+08]
 [-4.78621118e+08  4.78621119e+08]
 [ 8.21386630e+07 -8.21386631e+07]
 [ 6.00675462e+06 -6.00675459e+06]
 [-6.96142916e+07  6.96142915e+07]
 [ 1.11232854e+08 -1.11232854e+08]
 [ 2.50830661e+07 -2.50830661e+07]
 [ 1.96178249e+08 -1.96178249e+08]
 [ 1.84493322e+08 -1.84493322e+08]
 [ 4.50105721e+05 -4.50105768e+05]
 [ 8.93106203e+07 -8.93106203e+07]
 [ 1.22119442e+08 -1.22119442e+08]
 [-1.58625516e+08  1.58625516e+08]
 [-1.48323405e+08  1.48323405e+08]
 [-1.13906104e+08  1.13906104e+08]
 [-1.08703742e+08  1.08703742e+08]
 [-1.81943412e+08  1.81943411e+08]
 [ 1.64093362e+07 -1.64093362e+07]
 [ 1.73242831e+08 -1.73242831e+08]
 [-9.87106004e+07  9.87106004e+07]
 [ 2.05079606e+08 -2.05079606e+08]
 [ 2.13568332e+08 -2.13568332e+08]
 [ 1.93415110e+08 -1.93415110e+08]
 [-1.62049918e+08  1.62049918e+08]
 [-4.81133368e+07  4.81133368e+07]
 [ 1.98419539e+06 -1.98419540e+06]
 [ 4.18817390e+08 -4.18817390e+08]
 [-6.05033816e+08  6.05033816e+08]
 [-3.75268834e+08  3.75268834e+08]
 [ 9.63292771e+07 -9.63292771e+07]
 [ 2.52888981e+08 -2.52888981e+08]
 [-2.08538926e+07  2.08538926e+07]
 [ 6.75139397e+07 -6.75139397e+07]
 [ 3.52613550e+07 -3.52613550e+07]
 [-9.46956874e+06  9.46956875e+06]
 [ 1.99234845e+08 -1.99234845e+08]
 [-1.69589633e+08  1.69589633e+08]
 [-1.40114857e+08  1.40114857e+08]
 [ 4.51898014e+08 -4.51898014e+08]
 [ 8.22883656e+07 -8.22883656e+07]
 [ 6.90716836e+08 -6.90716835e+08]
 [-2.72158934e+07  2.72158934e+07]
 [-2.60920618e+07  2.60920618e+07]
 [-1.06119529e+07  1.06119529e+07]
 [-6.37915581e+07  6.37915581e+07]
 [ 1.25079450e+08 -1.25079450e+08]
 [ 1.10011988e+08 -1.10011988e+08]
 [ 1.23367431e+08 -1.23367431e+08]
 [-1.06732415e+08  1.06732415e+08]
 [-1.29312326e+08  1.29312326e+08]
 [ 1.84073295e+08 -1.84073295e+08]
 [ 3.49303839e+08 -3.49303839e+08]
 [ 8.04875615e+07 -8.04875615e+07]
 [ 4.06906860e+08 -4.06906860e+08]
 [-2.54664007e+08  2.54664007e+08]
 [ 4.16330920e+07 -4.16330920e+07]
 [ 6.01989350e+07 -6.01989350e+07]
 [ 5.58669951e+07 -5.58669950e+07]
 [-4.22207647e+08  4.22207647e+08]
 [ 1.28273941e+08 -1.28273941e+08]
 [-8.10488482e+07  8.10488483e+07]
 [ 1.91101923e+08 -1.91101923e+08]
 [ 8.70938397e+07 -8.70938397e+07]
 [ 3.16804619e+07 -3.16804619e+07]
 [ 2.76287708e+08 -2.76287708e+08]
 [ 3.98394247e+07 -3.98394247e+07]
 [-9.76689176e+07  9.76689176e+07]
 [ 3.28067234e+07 -3.28067234e+07]
 [ 2.71397664e+07 -2.71397663e+07]
 [-5.11013403e+07  5.11013403e+07]
 [ 5.42648335e+07 -5.42648335e+07]
 [-7.37405358e+07  7.37405358e+07]
 [ 3.21446416e+07 -3.21446417e+07]
 [ 9.49099012e+06 -9.49099005e+06]
 [-2.82045785e+08  2.82045785e+08]
 [-3.81407471e+07  3.81407471e+07]
 [-3.07735289e+08  3.07735289e+08]
 [ 6.91619953e+08 -6.91619953e+08]
 [ 1.12736407e+08 -1.12736407e+08]
 [-1.23979067e+08  1.23979067e+08]
 [ 6.83496498e+07 -6.83496499e+07]
 [ 1.04673594e+08 -1.04673594e+08]
 [-2.51841547e+08  2.51841547e+08]
 [ 4.29400624e+07 -4.29400624e+07]
 [-6.61695236e+07  6.61695235e+07]
 [ 3.35954683e+08 -3.35954683e+08]
 [-4.02633884e+07  4.02633884e+07]
 [ 1.83122218e+08 -1.83122219e+08]
 [-1.61137995e+08  1.61137995e+08]
 [-5.87987818e+07  5.87987818e+07]
 [-2.12222667e+07  2.12222667e+07]
 [ 8.42044915e+07 -8.42044915e+07]
 [ 9.71262708e+07 -9.71262708e+07]
 [-2.79220860e+08  2.79220860e+08]
 [-2.57022244e+08  2.57022244e+08]
 [ 3.07783785e+08 -3.07783785e+08]
 [ 1.55242262e+08 -1.55242262e+08]
 [ 2.53335852e+07 -2.53335852e+07]
 [-7.33922167e+07  7.33922167e+07]
 [-1.05270160e+08  1.05270160e+08]
 [ 3.00484275e+08 -3.00484275e+08]
 [ 5.56612909e+08 -5.56612909e+08]
 [ 9.39539787e+07 -9.39539787e+07]
 [ 2.18152961e+08 -2.18152961e+08]
 [ 3.19735461e+07 -3.19735461e+07]
 [ 5.20072383e+07 -5.20072384e+07]
 [-1.58128616e+07  1.58128616e+07]
 [ 1.90326151e+07 -1.90326150e+07]
 [-1.92703031e+07  1.92703031e+07]
 [ 9.55782354e+07 -9.55782354e+07]
 [-3.63968493e+07  3.63968493e+07]
 [ 3.03190185e+07 -3.03190185e+07]
 [ 6.91315570e+06 -6.91315571e+06]
 [ 9.86388724e+07 -9.86388724e+07]
 [ 1.54494911e+08 -1.54494911e+08]
 [ 2.35743600e+07 -2.35743600e+07]
 [-2.33683365e+07  2.33683365e+07]
 [ 5.38382253e+07 -5.38382253e+07]
 [ 2.17434879e+08 -2.17434879e+08]
 [ 1.76080728e+07 -1.76080728e+07]
 [-1.33489317e+08  1.33489317e+08]
 [-6.35215150e+07  6.35215150e+07]
 [ 3.29684375e+07 -3.29684375e+07]
 [ 1.71474027e+08 -1.71474027e+08]
 [-5.41530237e+08  5.41530237e+08]
 [-2.62182784e+08  2.62182784e+08]
 [-1.77547320e+07  1.77547320e+07]
 [ 2.14973960e+08 -2.14973960e+08]
 [-2.92611531e+08  2.92611531e+08]
 [-1.15959545e+08  1.15959545e+08]
 [-2.34004452e+08  2.34004452e+08]
 [-9.61866828e+08  9.61866828e+08]
 [-7.38354612e+07  7.38354612e+07]
 [-2.81433936e+08  2.81433936e+08]
 [-1.18007046e+08  1.18007046e+08]
 [-2.94014080e+07  2.94014080e+07]
 [-7.48862353e+06  7.48862355e+06]
 [ 2.83355482e+08 -2.83355482e+08]
 [-1.00988187e+08  1.00988187e+08]
 [-2.63494828e+08  2.63494828e+08]
 [-1.33808391e+08  1.33808391e+08]
 [-9.90248701e+07  9.90248701e+07]
 [-2.03386461e+08  2.03386461e+08]
 [ 3.20370185e+08 -3.20370185e+08]
 [ 4.98542692e+07 -4.98542692e+07]
 [-1.49971285e+08  1.49971285e+08]
 [-1.16200986e+08  1.16200986e+08]
 [ 1.12941704e+07 -1.12941703e+07]
 [-3.32888420e+08  3.32888420e+08]
 [-2.04770410e+08  2.04770410e+08]
 [ 8.95367791e+07 -8.95367790e+07]
 [ 1.11869828e+08 -1.11869828e+08]
 [ 6.81764759e+07 -6.81764760e+07]
 [-8.59845073e+07  8.59845073e+07]
 [ 5.93399419e+08 -5.93399419e+08]
 [-5.64105022e+07  5.64105022e+07]
 [-6.78382036e+07  6.78382036e+07]
 [-7.22563986e+07  7.22563985e+07]
 [ 2.01013268e+07 -2.01013268e+07]
 [ 6.93754645e+07 -6.93754645e+07]
 [ 3.87666578e+07 -3.87666579e+07]
 [-1.05837715e+07  1.05837715e+07]
 [ 1.54363920e+08 -1.54363920e+08]
 [ 5.52207234e+07 -5.52207234e+07]
 [ 3.75351470e+08 -3.75351470e+08]
 [-5.83974241e+08  5.83974241e+08]
 [ 9.42725610e+07 -9.42725610e+07]
 [-9.75561915e+07  9.75561915e+07]
 [ 7.56226886e+07 -7.56226886e+07]
 [ 9.71722155e+06 -9.71722157e+06]
 [ 2.87753951e+07 -2.87753951e+07]
 [-1.16671973e+08  1.16671973e+08]
 [-2.64065469e+08  2.64065469e+08]
 [-1.20600650e+08  1.20600650e+08]
 [-1.31904169e+08  1.31904169e+08]
 [-3.08523313e+07  3.08523313e+07]
 [-7.48563334e+06  7.48563332e+06]
 [ 1.25599714e+08 -1.25599714e+08]
 [ 3.89755244e+07 -3.89755244e+07]
 [ 1.54622015e+08 -1.54622014e+08]
 [ 1.23728622e+07 -1.23728621e+07]
 [-1.25807130e+08  1.25807130e+08]
 [ 1.06265305e+08 -1.06265305e+08]
 [-4.20439036e+08  4.20439036e+08]
 [ 8.61799955e+07 -8.61799955e+07]
 [-5.16194406e+07  5.16194406e+07]
 [-9.77250688e+07  9.77250688e+07]
 [ 1.31998927e+08 -1.31998927e+08]
 [ 3.09252565e+07 -3.09252564e+07]
 [ 1.24114394e+08 -1.24114394e+08]
 [-2.52848931e+08  2.52848931e+08]
 [ 1.01687393e+08 -1.01687393e+08]
 [ 6.69588408e+07 -6.69588408e+07]
 [-2.36214559e+08  2.36214559e+08]
 [-1.48270274e+08  1.48270274e+08]
 [-1.03901678e+07  1.03901677e+07]
 [ 1.22451426e+08 -1.22451426e+08]
 [ 6.76145047e+08 -6.76145047e+08]
 [-3.27883608e+07  3.27883608e+07]
 [-9.95981917e+07  9.95981917e+07]
 [-5.63175423e+07  5.63175423e+07]
 [-2.45059112e+08  2.45059112e+08]
 [-3.52431231e+07  3.52431231e+07]
 [-1.14221117e+08  1.14221117e+08]
 [ 5.55151786e+05 -5.55151764e+05]
 [ 4.58527559e+07 -4.58527559e+07]
 [ 7.81591360e+07 -7.81591360e+07]
 [ 1.25065775e+08 -1.25065775e+08]
 [-2.35621169e+08  2.35621169e+08]
 [ 4.67471438e+07 -4.67471438e+07]
 [ 1.32265700e+08 -1.32265700e+08]
 [ 3.06213855e+06 -3.06213852e+06]
 [ 1.89352029e+07 -1.89352029e+07]
 [ 2.57733156e+08 -2.57733156e+08]
 [-3.51375108e+08  3.51375108e+08]
 [ 7.30144179e+05 -7.30144180e+05]
 [ 3.67251146e+07 -3.67251146e+07]
 [ 6.17445583e+07 -6.17445583e+07]
 [-2.82250372e+08  2.82250372e+08]
 [-1.09784864e+08  1.09784864e+08]
 [ 6.12727801e+07 -6.12727801e+07]
 [-6.05707996e+07  6.05707996e+07]
 [-3.28865257e+07  3.28865257e+07]
 [-5.37703435e+07  5.37703436e+07]
 [-7.66171094e+07  7.66171094e+07]
 [-6.11124590e+07  6.11124590e+07]
 [ 1.83395757e+08 -1.83395757e+08]
 [ 8.26782570e+07 -8.26782571e+07]
 [-9.77078786e+06  9.77078784e+06]
 [-1.83113299e+08  1.83113299e+08]
 [-1.87502820e+07  1.87502820e+07]
 [ 3.36531413e+07 -3.36531413e+07]
 [ 9.49414438e+07 -9.49414438e+07]
 [-2.43617926e+08  2.43617927e+08]
 [-1.83829895e+08  1.83829895e+08]
 [ 3.04045684e+07 -3.04045685e+07]
 [-1.49451822e+08  1.49451822e+08]
 [-2.27242469e+08  2.27242469e+08]
 [ 1.13213110e+08 -1.13213110e+08]
 [-2.76974844e+08  2.76974844e+08]
 [ 1.82898023e+08 -1.82898023e+08]
 [ 1.68330226e+08 -1.68330226e+08]
 [ 1.63033051e+08 -1.63033051e+08]
 [ 3.11811436e+08 -3.11811436e+08]
 [ 3.36744858e+08 -3.36744858e+08]
 [ 6.10482589e+07 -6.10482589e+07]
 [-3.63944233e+07  3.63944233e+07]
 [-1.39696530e+08  1.39696530e+08]
 [-7.95566403e+07  7.95566403e+07]
 [-1.05742618e+08  1.05742618e+08]
 [ 1.74001099e+07 -1.74001098e+07]
 [-8.11547964e+06  8.11547972e+06]
 [-5.85140804e+07  5.85140804e+07]
 [-1.95787793e+08  1.95787793e+08]
 [ 3.96415197e+07 -3.96415197e+07]
 [-2.99322738e+08  2.99322738e+08]
 [-2.01975813e+08  2.01975813e+08]
 [-1.41717474e+08  1.41717474e+08]
 [ 1.54196995e+08 -1.54196995e+08]
 [-2.98199320e+07  2.98199320e+07]
 [ 2.21887646e+08 -2.21887646e+08]
 [ 1.89484127e+08 -1.89484127e+08]
 [ 1.08628918e+08 -1.08628918e+08]
 [-5.81681004e+07  5.81681004e+07]
 [-3.45187106e+07  3.45187107e+07]
 [-5.14608583e+08  5.14608583e+08]
 [ 6.43284900e+07 -6.43284899e+07]
 [-2.22870669e+08  2.22870669e+08]
 [ 3.69319225e+08 -3.69319225e+08]
 [ 1.03027702e+07 -1.03027702e+07]
 [-2.76013347e+08  2.76013347e+08]
 [ 1.23795221e+08 -1.23795221e+08]
 [ 4.09870059e+08 -4.09870060e+08]
 [-1.68480708e+08  1.68480708e+08]
 [-4.32289036e+07  4.32289036e+07]
 [ 2.98853229e+07 -2.98853229e+07]
 [-4.57316940e+07  4.57316940e+07]
 [-1.84419363e+08  1.84419363e+08]
 [-9.11347801e+07  9.11347800e+07]
 [-9.01786915e+07  9.01786915e+07]
 [-2.82228622e+08  2.82228622e+08]
 [ 3.86285555e+07 -3.86285556e+07]
 [-3.60833858e+07  3.60833858e+07]
 [ 7.08714240e+08 -7.08714240e+08]
 [ 1.56695342e+08 -1.56695342e+08]
 [ 2.29973000e+07 -2.29973000e+07]
 [-3.16660613e+07  3.16660613e+07]
 [ 9.55706457e+07 -9.55706456e+07]
 [ 1.50697014e+08 -1.50697014e+08]
 [-2.38289629e+08  2.38289629e+08]
 [ 8.34477455e+07 -8.34477455e+07]
 [ 2.77928826e+08 -2.77928826e+08]
 [-6.19200839e+08  6.19200840e+08]
 [ 4.27953178e+06 -4.27953181e+06]
 [-7.27461791e+07  7.27461791e+07]
 [-1.24470700e+08  1.24470700e+08]
 [-8.64695829e+07  8.64695830e+07]
 [ 6.90364473e+08 -6.90364473e+08]
 [ 7.90798148e+06 -7.90798146e+06]
 [ 2.51012718e+08 -2.51012718e+08]
 [ 1.15077705e+08 -1.15077705e+08]
 [-1.90468950e+08  1.90468950e+08]
 [-2.32513569e+07  2.32513569e+07]
 [ 1.59470372e+08 -1.59470372e+08]
 [ 9.57359098e+06 -9.57359096e+06]
 [ 2.00642013e+08 -2.00642013e+08]
 [ 1.56772108e+08 -1.56772108e+08]
 [-1.32397576e+08  1.32397576e+08]
 [-2.39905948e+08  2.39905948e+08]
 [-1.87824853e+08  1.87824853e+08]
 [-2.37509634e+08  2.37509634e+08]
 [ 2.23968941e+08 -2.23968941e+08]
 [ 7.19714455e+07 -7.19714455e+07]
 [ 1.98077327e+08 -1.98077327e+08]
 [ 1.14938078e+08 -1.14938078e+08]
 [-1.84818781e+08  1.84818781e+08]
 [-1.39687981e+08  1.39687981e+08]
 [ 1.72285936e+08 -1.72285936e+08]
 [-1.23196098e+08  1.23196098e+08]
 [ 1.26284597e+08 -1.26284597e+08]
 [ 6.27749233e+07 -6.27749233e+07]
 [-5.36656936e+07  5.36656936e+07]
 [-1.08106949e+08  1.08106949e+08]
 [ 2.37236557e+07 -2.37236558e+07]
 [ 2.99729419e+08 -2.99729419e+08]
 [-5.00042106e+06  5.00042109e+06]
 [ 6.31165607e+07 -6.31165607e+07]
 [-1.07487397e+08  1.07487397e+08]
 [ 6.30648677e+06 -6.30648677e+06]
 [ 6.58433003e+07 -6.58433003e+07]
 [-2.35221317e+07  2.35221317e+07]
 [-2.89937945e+06  2.89937946e+06]
 [-3.37286932e+07  3.37286932e+07]
 [ 1.35307517e+08 -1.35307517e+08]
 [ 2.61583795e+08 -2.61583795e+08]
 [-1.97200354e+08  1.97200354e+08]]