[[-2.04238156e+04  2.04238197e+04]
 [-5.15900923e+04  5.15901029e+04]
 [-5.94317159e+05  5.94317263e+05]
 [-3.02298903e+04  3.02298998e+04]
 [-9.20850513e+04  9.20850763e+04]
 [-1.04866915e+05  1.04866905e+05]
 [-1.25099323e+04  1.25099343e+04]
 [-1.33511629e+05  1.33511619e+05]
 [-4.37133398e+04  4.37133592e+04]
 [ 5.81928169e+04 -5.81928231e+04]
 [-5.05321501e+04  5.05321771e+04]
 [ 8.80869829e+04 -8.80869759e+04]
 [-1.96583791e+04  1.96583548e+04]
 [-7.03280340e+04  7.03280482e+04]
 [-1.12468463e+05  1.12468455e+05]
 [-6.96572813e+02  6.96624147e+02]
 [-1.48253497e+05  1.48253533e+05]
 [ 3.58380849e+04 -3.58380883e+04]
 [ 1.08975449e+05 -1.08975491e+05]
 [ 6.77360015e+04 -6.77359927e+04]
 [-2.96561472e+04  2.96561563e+04]
 [-5.25199454e+04  5.25199588e+04]
 [-7.65554818e+04  7.65555033e+04]
 [ 1.97933507e+04 -1.97933225e+04]
 [-8.20354712e+04  8.20354642e+04]
 [ 5.52194585e+04 -5.52194770e+04]
 [-1.27285971e+04  1.27286382e+04]
 [-1.17329961e+04  1.17329891e+04]
 [ 4.90231214e+04 -4.90231259e+04]
 [-7.04509288e+04  7.04509322e+04]
 [-4.25488936e+04  4.25489208e+04]
 [ 1.40240500e+05 -1.40240400e+05]
 [-1.17155815e+04  1.17156181e+04]
 [ 6.06810606e+04 -6.06810702e+04]
 [-1.75112369e+04  1.75112248e+04]
 [ 4.77414231e+04 -4.77414336e+04]
 [ 9.27060372e+03 -9.27060903e+03]
 [-6.61958221e+04  6.61958260e+04]
 [ 3.61816575e+04 -3.61816743e+04]
 [ 4.14880711e+04 -4.14880910e+04]
 [-9.02920702e+04  9.02920614e+04]
 [ 8.22992210e+04 -8.22991630e+04]
 [ 3.50975706e+05 -3.50975614e+05]
 [-6.61459634e+04  6.61459584e+04]
 [ 1.15561862e+04 -1.15561915e+04]
 [ 6.65937977e+04 -6.65938305e+04]
 [ 6.58950854e+04 -6.58950998e+04]
 [ 8.81969788e+04 -8.81969793e+04]
 [ 5.15808204e+04 -5.15808173e+04]
 [ 5.40851584e+04 -5.40851472e+04]
 [ 3.37121950e+04 -3.37121728e+04]
 [ 7.41081363e+04 -7.41081048e+04]
 [ 5.32029034e+04 -5.32029347e+04]
 [-2.24887909e+04  2.24887937e+04]
 [-8.86823411e+04  8.86823647e+04]
 [-1.32431654e+05  1.32431672e+05]
 [-4.85650423e+04  4.85650516e+04]
 [-7.07327774e+03  7.07328138e+03]
 [-6.95306628e+04  6.95306705e+04]
 [ 7.28416837e+04 -7.28415760e+04]
 [-3.96678538e+04  3.96678615e+04]
 [-2.93716092e+04  2.93716186e+04]
 [ 1.06197755e+05 -1.06197744e+05]
 [ 4.70573451e+04 -4.70573472e+04]
 [ 1.09835880e+04 -1.09835956e+04]
 [-6.59840835e+04  6.59840864e+04]
 [-5.00826075e+04  5.00826116e+04]
 [-6.00734131e+03  6.00733972e+03]
 [ 1.14519020e+05 -1.14519019e+05]
 [ 1.52601751e+05 -1.52601704e+05]
 [-2.90867255e+04  2.90867139e+04]
 [ 5.98021176e+04 -5.98021245e+04]
 [-3.88273728e+04  3.88273822e+04]
 [ 1.30427161e+04 -1.30427144e+04]
 [-3.80484996e+04  3.80484959e+04]
 [ 5.44090840e+04 -5.44090789e+04]
 [ 7.13215282e+03 -7.13215425e+03]
 [ 6.81700474e+03 -6.81699865e+03]
 [-6.76651000e+04  6.76650864e+04]
 [-2.36391282e+03  2.36391301e+03]
 [-3.77458491e+04  3.77458677e+04]
 [-9.24399659e+04  9.24399897e+04]
 [-7.47007077e+04  7.47007394e+04]
 [ 8.07804220e+04 -8.07804352e+04]
 [ 3.88542054e+04 -3.88542189e+04]
 [-1.33624775e+04  1.33625016e+04]
 [ 8.83641645e+04 -8.83641645e+04]
 [-1.17682399e+04  1.17682430e+04]
 [ 1.27440064e+05 -1.27440057e+05]
 [ 1.30561641e+05 -1.30561643e+05]
 [ 1.43669408e+05 -1.43669373e+05]
 [ 4.53039718e+04 -4.53039564e+04]
 [ 2.19803720e+04 -2.19803497e+04]
 [ 8.68849790e+03 -8.68845281e+03]
 [ 7.22249290e+04 -7.22249211e+04]
 [-1.15539508e+04  1.15539599e+04]
 [-2.35662323e+04  2.35662304e+04]
 [-4.28817532e+04  4.28817528e+04]
 [ 6.51539251e+04 -6.51539265e+04]
 [ 2.69359854e+05 -2.69359803e+05]
 [-2.23412943e+05  2.23412953e+05]
 [ 1.29945349e+05 -1.29945367e+05]
 [-2.47117383e+04  2.47117610e+04]
 [-1.98995883e+04  1.98995968e+04]
 [ 4.01261243e+04 -4.01261087e+04]
 [ 2.59728044e+04 -2.59727983e+04]
 [ 5.84893587e+02 -5.84887023e+02]
 [-1.93530461e+05  1.93530486e+05]
 [ 1.01493658e+04 -1.01493573e+04]
 [-7.69900944e+04  7.69901117e+04]
 [-2.09539228e+04  2.09539129e+04]
 [-4.99821769e+04  4.99821997e+04]
 [ 3.95620450e+04 -3.95621029e+04]
 [-5.09724358e+04  5.09724469e+04]
 [ 8.39453386e+04 -8.39453458e+04]
 [ 3.93930122e+04 -3.93930191e+04]
 [ 2.38555016e+04 -2.38554807e+04]
 [-1.27007896e+04  1.27008166e+04]
 [ 3.97812553e+04 -3.97812560e+04]
 [ 6.69187229e+04 -6.69187181e+04]
 [-6.74926574e+04  6.74926437e+04]
 [-4.32718530e+04  4.32718625e+04]
 [-1.35213571e+05  1.35213574e+05]
 [ 1.19063655e+05 -1.19063661e+05]
 [ 7.99388345e+04 -7.99388579e+04]
 [ 6.05335559e+04 -6.05335654e+04]
 [-8.41796193e+03  8.41799740e+03]
 [-2.99329459e+05  2.99329559e+05]
 [-2.20239757e+04  2.20240063e+04]
 [ 2.52853798e+04 -2.52853631e+04]
 [-1.18492690e+05  1.18492716e+05]
 [ 6.92112809e+04 -6.92112962e+04]
 [-1.00641463e+05  1.00641475e+05]
 [-1.36572547e+05  1.36572508e+05]
 [ 2.16106579e+03 -2.16102468e+03]
 [ 1.01757739e+05 -1.01757723e+05]
 [ 1.89007677e+05 -1.89007689e+05]
 [ 1.46583069e+05 -1.46583081e+05]
 [-8.86841506e+04  8.86841603e+04]
 [-2.16357153e+04  2.16357127e+04]
 [ 2.44868577e+04 -2.44868616e+04]
 [-1.89222928e+03  1.89224513e+03]
 [ 2.17265923e+03 -2.17263621e+03]
 [-2.49900062e+04  2.49900077e+04]
 [ 1.75006025e+04 -1.75006212e+04]
 [ 1.86931519e+03 -1.86929703e+03]
 [ 2.98515819e+04 -2.98515681e+04]
 [-1.38492244e+05  1.38492256e+05]
 [-5.34878698e+04  5.34878868e+04]
 [ 1.52048424e+04 -1.52048474e+04]
 [-1.08245752e+05  1.08245764e+05]
 [ 3.96822822e+04 -3.96822882e+04]
 [ 2.76799292e+04 -2.76799256e+04]
 [-8.11002024e+04  8.11002027e+04]
 [-2.96655559e+04  2.96655161e+04]
 [ 1.20970137e+05 -1.20970153e+05]
 [ 6.12730174e+04 -6.12730439e+04]
 [-9.24130390e+04  9.24130206e+04]
 [ 3.72892997e+04 -3.72892960e+04]
 [ 3.40055117e+04 -3.40055119e+04]
 [-4.89146712e+04  4.89146774e+04]
 [ 2.75497467e+04 -2.75496952e+04]
 [-7.25725631e+04  7.25725751e+04]
 [ 4.30906846e+04 -4.30906780e+04]
 [ 6.75406620e+04 -6.75406805e+04]
 [ 4.93140374e+05 -4.93140401e+05]
 [-2.00332036e+04  2.00332133e+04]
 [-1.53511896e+05  1.53511886e+05]
 [ 1.05361516e+04 -1.05361650e+04]
 [-8.15389376e+04  8.15389224e+04]
 [ 1.94298987e+05 -1.94298997e+05]
 [-6.64781168e+04  6.64781293e+04]
 [-8.61580898e+04  8.61581049e+04]
 [-1.01226444e+05  1.01226457e+05]
 [ 7.54018286e+04 -7.54018357e+04]
 [ 3.29436699e+04 -3.29436337e+04]
 [-1.72499528e+05  1.72499528e+05]
 [ 9.75952677e+03 -9.75952361e+03]
 [-1.15262260e+04  1.15262318e+04]
 [-1.19715162e+05  1.19715180e+05]
 [-7.78004390e+03  7.78000416e+03]
 [-1.11614199e+05  1.11614224e+05]
 [-7.42057002e+04  7.42057022e+04]
 [-4.21013942e+04  4.21013993e+04]
 [-1.88656160e+04  1.88656425e+04]
 [-2.74587686e+05  2.74587758e+05]
 [-7.15069967e+04  7.15069985e+04]
 [ 1.48019356e+05 -1.48019377e+05]
 [ 1.96071738e+02 -1.95938541e+02]
 [-2.41710400e+04  2.41710502e+04]
 [-6.45780900e+04  6.45781357e+04]
 [-4.09156129e+05  4.09156212e+05]
 [ 4.25465984e+04 -4.25466071e+04]
 [-2.12376861e+04  2.12377066e+04]
 [ 7.79851610e+03 -7.79851611e+03]
 [ 1.92936499e+04 -1.92936721e+04]
 [-3.56364528e+04  3.56364748e+04]
 [-2.25531592e+05  2.25531555e+05]
 [ 1.45273431e+04 -1.45273657e+04]
 [ 5.57719778e+04 -5.57719653e+04]
 [-9.35793174e+04  9.35793384e+04]
 [ 7.27894205e+04 -7.27893538e+04]
 [ 8.83604030e+04 -8.83604052e+04]
 [ 3.73958620e+04 -3.73958499e+04]
 [ 5.76045877e+03 -5.76044478e+03]
 [-2.60656949e+04  2.60657064e+04]
 [ 7.08897017e+04 -7.08896985e+04]
 [-9.40778369e+04  9.40778452e+04]
 [-6.02530595e+04  6.02530430e+04]
 [-6.59989644e+04  6.59989464e+04]
 [-1.58617771e+04  1.58617734e+04]
 [ 1.97644428e+04 -1.97644095e+04]
 [ 1.59342989e+05 -1.59342963e+05]
 [-1.88880116e+04  1.88880160e+04]
 [ 6.93085584e+04 -6.93085405e+04]
 [ 1.35433138e+05 -1.35433125e+05]
 [ 1.13626923e+05 -1.13626895e+05]
 [-1.33556541e+04  1.33556503e+04]
 [ 2.22110254e+05 -2.22110263e+05]
 [-7.56654124e+04  7.56654195e+04]
 [ 3.51526406e+04 -3.51526403e+04]
 [ 1.73740500e+05 -1.73740500e+05]
 [ 2.58973511e+04 -2.58973486e+04]
 [ 8.00776865e+04 -8.00776841e+04]
 [-1.72310344e+04  1.72310309e+04]
 [ 5.49595903e+04 -5.49595523e+04]
 [ 2.52374354e+05 -2.52374361e+05]
 [ 6.51084794e+04 -6.51085033e+04]
 [-8.27718203e+03  8.27718513e+03]
 [-3.35169721e+04  3.35169627e+04]
 [ 7.59562489e+03 -7.59565403e+03]
 [ 1.36691615e+05 -1.36691601e+05]
 [-1.71594816e+04  1.71594876e+04]
 [ 3.48124195e+04 -3.48124102e+04]
 [ 1.41492525e+05 -1.41492534e+05]
 [-8.95316759e+04  8.95316849e+04]
 [-3.59931650e+04  3.59931504e+04]
 [ 1.60894016e+04 -1.60894083e+04]
 [ 3.04805622e+04 -3.04804491e+04]
 [ 3.32468442e+04 -3.32468544e+04]
 [-2.55113434e+04  2.55112829e+04]
 [-7.98298451e+04  7.98298581e+04]
 [-2.00114554e+03  2.00117186e+03]
 [-6.31603366e+04  6.31603617e+04]
 [ 7.14882169e+03 -7.14881386e+03]
 [ 1.35173182e+04 -1.35172801e+04]
 [ 4.84663847e+03 -4.84664262e+03]
 [-8.50987731e+04  8.50987988e+04]
 [ 5.78910502e+04 -5.78910657e+04]
 [ 5.08616028e+04 -5.08616125e+04]]