[[-2.54751418e-03 -5.03674478e-03  2.65180347e-02 -4.18571746e-02
   2.75713951e-02  4.39288824e-02  3.85145741e-03  8.22955849e-02
  -2.09838023e-02 -8.26423508e-02 -6.55818236e-02  7.32184479e-02
  -5.08775951e-02  7.31967759e-02  3.07867031e-02  3.57884794e-02
  -9.17621687e-02 -3.79429542e-03  8.96271654e-03 -6.27580113e-02
   2.97732076e-02  2.48592581e-02  9.10214375e-03 -9.61774346e-02
  -7.49062457e-02  1.77544233e-03  3.77394034e-02  2.23944378e-02
  -1.04212039e-01  8.28225939e-03 -5.45363462e-02 -4.25325362e-02
   1.00115904e-01  1.93588615e-02 -2.59632513e-02  4.22437064e-02
  -6.43070061e-02 -9.02319620e-02 -1.53074000e-02  4.76614786e-02
  -3.86683223e-02 -9.40737826e-03  5.69107269e-02  9.64616379e-02
  -6.88684532e-02  1.01072178e-01 -8.73891085e-02 -9.77285186e-02
   4.54079433e-02  9.92552733e-02 -7.91102580e-02  8.67525332e-02
   5.28669116e-02 -4.71680510e-02 -7.55048206e-02 -1.23498109e-02
   1.81678448e-02  1.07262234e-01  7.04505088e-02 -4.00599250e-02
   5.41763789e-02  1.83662531e-03 -9.19324076e-02 -8.11989519e-02
   6.63338742e-02 -4.73522872e-02 -7.03778592e-02  5.04039338e-02
   7.75031054e-02  2.36187207e-03 -8.96683291e-02  1.34673392e-02
   1.00036045e-01 -1.08273622e-01 -9.44700833e-02 -9.85158743e-02
  -2.33536132e-03 -1.77382498e-02 -1.01613842e-01  3.86604051e-03
  -6.52213057e-02 -9.14595362e-02 -3.25674895e-02  7.00577869e-02
   9.54515412e-02  5.74510531e-03 -3.03628802e-02 -8.24677119e-02
   2.12706794e-02 -1.03431954e-01 -6.62861175e-02  5.77252969e-02
  -6.42016027e-02 -1.32030951e-02 -7.68094064e-02  2.25003624e-02
  -3.87928813e-02  2.35114549e-02 -1.07275673e-01 -1.02156008e-02
  -2.54083268e-03  1.98970877e-02  6.21556193e-02 -4.94970789e-02
   6.75965814e-02 -4.80699775e-02 -1.03164968e-01  6.71306920e-02
  -9.25925124e-03 -4.74685870e-02  1.07381274e-01 -8.07000318e-02
  -1.08268101e-01  3.61299811e-02 -7.86929144e-02  6.69254138e-02
  -6.75379612e-02 -6.67837578e-03 -7.82184014e-02  7.41223151e-02
  -3.38922779e-02 -3.27084905e-02  9.07962978e-02 -7.11258955e-02
  -4.83979466e-02  4.20517141e-02  8.41057189e-02  6.53067978e-02
  -1.32478109e-02 -1.40047928e-02 -1.32038182e-02  9.19136116e-02
   1.04483624e-01 -9.21778846e-02 -8.03385901e-02  2.79624325e-03
   4.67166457e-02 -3.56575302e-02 -6.66197300e-02 -2.82894648e-02
  -9.59622863e-02  1.41915065e-02 -1.89299299e-02  4.89003241e-02
   1.43030682e-02 -7.98400341e-02  1.32207281e-02  1.68142847e-02
  -6.12673071e-02 -7.39666858e-02 -1.06627402e-01 -5.96806310e-02
  -9.21376318e-02  1.29498775e-02  1.50881093e-02 -9.89806405e-02
   1.20575397e-02 -7.66255683e-02  4.81099014e-02  3.43609332e-02
   9.26108982e-02 -9.83063516e-02  5.51094847e-02 -6.65323201e-02
   7.98863982e-02 -2.28137747e-02 -1.17491377e-02  4.51208758e-02
   8.02401993e-02 -9.26236208e-02 -3.68219413e-02  3.62801492e-02
  -9.16577384e-02  1.60646756e-02 -9.13677988e-02 -1.89721683e-02
   1.01371009e-01  1.02468938e-01  5.49391730e-02  3.15235110e-02
  -1.08441354e-02 -5.46446126e-02  9.15645487e-02  2.31847650e-02
   1.04386355e-01 -3.36645642e-02  1.08222304e-02 -5.25506345e-02
  -1.04179413e-01 -8.72511007e-02 -1.52036876e-02 -5.58453935e-02
  -2.81968143e-02 -4.59918865e-02  3.07319075e-02  6.59351611e-02
  -9.88092161e-02  2.70452644e-03  3.16996927e-02 -1.77089162e-02
  -1.48397167e-02  1.00558290e-01 -9.66803179e-02 -1.02435133e-01
   1.03454398e-02  8.74024599e-02  6.15277266e-02 -1.04176747e-01
   7.36555292e-02 -2.54523275e-03  1.20532820e-02 -7.98734158e-02
  -7.27868110e-02 -5.82486342e-02  7.00152050e-02  6.49549018e-02
   7.55108881e-02 -2.35590557e-02 -7.19469917e-02  5.50805157e-02
   8.79930488e-02  1.77658039e-02 -1.60691914e-02  8.63626616e-03
  -1.02285667e-01 -5.40122141e-02 -9.07201445e-02 -8.16264520e-02
   3.97093973e-02  3.81358207e-02  6.05286894e-02 -6.05368079e-02
   5.69442278e-03  8.53889269e-02  7.91390958e-02  9.48561662e-02
  -6.32610255e-02  4.04613539e-02  7.56792197e-02  4.11341453e-02
   2.42867604e-04  2.26535695e-02 -7.97586170e-02  2.02455689e-02
  -8.23583512e-03  8.62925206e-02 -6.55823458e-02  3.35081766e-03
   1.07457004e-01  3.88984839e-02]
 [ 8.02998900e-03 -1.94683172e-02  5.25778689e-02  1.60452895e-02
   1.36199668e-02 -7.03670551e-02 -8.83301876e-02  8.96635721e-02
   4.29031111e-02 -7.44059060e-02  5.59181384e-03 -8.19010751e-02
  -9.28480663e-02 -1.95423699e-02 -3.87834057e-02 -6.18550846e-02
  -2.29664946e-02  8.64735294e-02  4.95897661e-03 -7.23944320e-02
   5.70884741e-03 -6.96402582e-02  2.06354677e-02 -2.40330826e-02
   4.29963796e-02  1.00495614e-01  1.07766004e-03  2.46514902e-02
  -7.64962908e-02  7.37186654e-02  1.38211952e-02  1.64600782e-02
  -6.49775959e-02 -5.30683621e-02  3.58480444e-02  7.68197534e-02
   4.11316030e-02  1.23150921e-02  2.17571596e-02  1.84110713e-02
  -4.41509930e-02 -1.23283443e-03 -9.80859036e-02 -1.41975717e-02
  -1.51903914e-03  3.23578973e-02  5.85081794e-02 -2.40453705e-02
   3.35145757e-02 -7.09557563e-02  6.74328993e-02  7.81495911e-03
  -5.02188894e-02 -3.29660607e-02 -6.92561402e-02  3.07831529e-02
  -6.06560583e-02  9.89852942e-02 -3.40653676e-02  6.53063600e-02
   6.61515430e-02 -8.63073952e-02 -5.66061554e-02  7.04245860e-02
   3.33610287e-02  1.15766462e-02 -2.38945980e-02  1.61013512e-02
  -5.71553967e-02 -1.14628866e-02 -1.50936195e-02  1.00871418e-01
  -3.34350255e-02 -3.67496523e-02 -8.71284430e-02  1.08902421e-02
   9.17044187e-02  5.78589882e-02  9.71636320e-02 -1.03382916e-01
   2.59510838e-02  7.08306026e-02  8.00519842e-02 -8.29908121e-02
  -7.85979549e-02 -8.15098837e-02 -3.58414188e-02 -9.32680530e-02
   6.61692064e-03  6.64704409e-02  6.04517585e-02 -2.67835156e-02
  -1.73623598e-02 -7.85424292e-02 -3.89900116e-02  2.28412209e-02
  -8.74440272e-02  1.00499903e-01  9.08777082e-02  5.58500596e-03
   6.19632593e-02 -3.84867792e-02 -3.68888269e-02  9.38414980e-02
   3.94697743e-02 -6.58648664e-02  2.14951715e-02 -9.67143985e-02
  -2.19770206e-02 -3.28324673e-02  4.91681706e-02  1.09994332e-02
  -1.15734305e-02  1.00649156e-01  9.90910982e-02  6.21186324e-02
   1.00898715e-01 -4.70470233e-02 -6.16581979e-02  1.40305131e-02
   1.04140724e-01 -8.21546638e-02 -6.80210637e-02 -7.69477787e-02
   9.87065172e-02 -1.00413617e-01  6.11966594e-02 -8.05246499e-02
   2.89734545e-02  5.96868003e-02 -8.48467687e-02 -4.81397467e-02
   1.91017730e-02 -1.80531557e-02  1.24172348e-02 -1.02667929e-01
   9.67067731e-02 -9.78153923e-02 -1.02366581e-01  7.16796483e-02
  -4.46680100e-02 -6.65495958e-02 -3.84374256e-02 -1.25023115e-02
  -6.63083041e-02  6.32713188e-02 -5.05229937e-02  6.63784298e-02
  -1.19986196e-02  6.04058120e-02 -2.29798613e-02 -6.05996912e-02
   9.75932956e-02 -9.29442898e-02 -8.15393224e-02 -5.33817028e-02
   1.29695667e-02 -3.79130321e-02 -2.06170412e-02  1.76970596e-02
  -9.60544481e-02 -9.59014380e-03 -5.87541716e-02 -7.94966919e-02
  -1.47515023e-02  1.54455654e-02 -9.08396234e-02 -5.02824355e-02
   6.00709544e-02 -4.72627578e-02  5.77540536e-02  7.44721637e-02
   6.89723435e-02  6.56051716e-03 -9.61882512e-02  5.70271145e-02
   6.18090188e-02  8.08420902e-02 -9.63797973e-02 -3.97283135e-02
   1.46840828e-02 -6.53707788e-02  4.54877901e-02 -1.86119480e-03
   4.53102772e-02  9.74412558e-02 -1.32469238e-02 -9.16477199e-03
  -2.99350897e-02  3.13773170e-02 -1.00657560e-01 -2.72357223e-02
   3.62374476e-02 -7.75928436e-02 -7.33719924e-02 -8.86531528e-02
  -3.49569040e-03 -8.97720615e-02 -8.55346327e-02  1.95820831e-02
   5.42789911e-02 -6.98381048e-02  6.55801261e-02  9.63038741e-02
  -4.41576612e-02 -9.68948591e-02  9.60872148e-02 -8.73959551e-02
  -8.32752160e-02 -8.88838842e-02 -9.28198837e-02 -5.85271897e-02
   9.67242948e-02 -2.28603955e-02  7.28492993e-02  1.02864266e-01
   1.54438115e-02  1.30101946e-02 -9.45645727e-02  8.11873604e-02
   1.01870699e-01  5.51850018e-02 -9.33067083e-02 -3.05858467e-02
  -4.72456327e-02 -2.13747629e-02  1.03795005e-01  5.62070366e-02
   8.67801899e-02 -7.79947229e-02 -5.69478336e-02 -4.83778963e-02
   8.63104364e-02  1.62509754e-02  2.17908565e-02  8.84879587e-02
   6.27964999e-02  1.00076257e-01  3.86019266e-02 -6.44839182e-02
  -9.70016663e-02  3.47942771e-02 -1.00538903e-01  3.27562076e-02
  -1.01407165e-01  8.12221257e-03  8.41333828e-02  9.32886224e-02
  -3.05186440e-02  1.06574569e-02]
 [-9.66528714e-02  4.31053875e-03 -1.07342315e-01 -1.09429624e-01
   3.79834080e-02 -2.89135876e-02  5.16079983e-03  1.08451144e-02
  -5.71099909e-02 -4.03269845e-02 -9.06293468e-02 -5.21916494e-02
   9.96689926e-02 -7.80296297e-02  8.57226446e-02  1.93083461e-02
  -1.05973228e-01 -6.97915554e-03 -1.04720324e-01 -7.72415002e-02
   1.18917274e-02 -2.56729757e-02 -3.24584536e-02  4.50732599e-02
   6.21363070e-02  3.47416683e-02 -7.30156228e-02 -5.94592830e-02
   6.14833516e-02  8.31223426e-02  8.53543653e-03  5.59173962e-02
   3.97031393e-02 -5.22177903e-02  5.65673409e-02  3.38378371e-02
  -7.49094759e-02 -5.15741735e-02 -5.41335467e-02  1.05494452e-01
   8.28477626e-02  9.84012757e-02 -8.68573235e-02 -1.98931826e-02
   9.61545816e-02  1.04151120e-01 -4.13817810e-02  4.33074133e-02
  -1.00906400e-01 -4.62927516e-02  3.72075501e-02 -1.31040020e-02
   9.27591723e-02 -1.03318957e-02  5.88136453e-02 -3.03338313e-02
  -4.88238855e-02 -5.33645539e-02 -6.86079905e-02  4.54193679e-02
   2.89230502e-02  6.72595897e-02  9.99269954e-02 -2.08786824e-02
  -6.61170519e-02 -5.63010123e-02 -8.48291698e-02  9.47924466e-02
   6.87730582e-02  5.41180712e-02  2.61631373e-02  9.39274836e-02
  -5.77180218e-02 -3.26340637e-03 -7.10729764e-02  1.72578100e-02
  -4.41419653e-02  8.23209105e-02  2.13138440e-02 -7.90432721e-04
  -3.90090429e-02  4.83508697e-02  5.03371909e-03  1.08388129e-01
   7.26300409e-02  5.39451065e-02 -5.61823425e-02 -5.17898907e-02
   1.80008420e-02  8.08769461e-03 -4.23099828e-02  1.15583354e-01
   5.91145058e-03  1.63494740e-03  1.81732240e-02 -1.06305554e-01
  -1.41038497e-02  1.55922113e-02  5.52184924e-02  9.50337323e-02
   5.48900894e-02 -1.82215165e-03  3.03480193e-02 -9.03492876e-02
  -3.47760649e-02 -9.02230575e-02 -9.24161488e-02  4.50099339e-02
  -5.04653163e-02  6.51004358e-02  7.80282471e-02 -1.06646581e-01
   8.08402264e-02  2.51778197e-02  4.58891917e-02  4.27395572e-02
  -9.34090707e-02  5.18103707e-02  7.65736369e-02  6.49244413e-02
   1.93683382e-02  7.18855369e-02 -5.07078722e-02  1.59343838e-02
   7.58571982e-02  4.66291412e-02  1.05418186e-01 -2.48949861e-02
   5.56259127e-02 -9.62567347e-02 -7.94854576e-02  9.57566596e-02
  -8.01084178e-02 -4.95841083e-02  9.24393127e-02  5.88517991e-02
  -6.22095855e-02 -3.88528728e-02  4.25093971e-02  1.66697860e-02
  -1.00338791e-01  7.16412530e-02  2.51856566e-02 -7.31421087e-02
   8.73572053e-02 -7.89170669e-02  7.60406697e-02  2.96403408e-02
  -2.41615903e-02  6.28206552e-02 -1.03293495e-01  4.33364759e-02
   7.98895067e-02 -4.86778305e-02  9.43087678e-02 -4.85245581e-02
  -5.24793980e-02 -8.48854228e-02 -4.61109725e-02 -1.10808573e-02
   1.36771428e-02 -9.49119644e-03 -1.87010883e-02  7.95741077e-03
  -5.36697200e-02  1.08337898e-01  3.33814296e-02  8.88095879e-02
  -1.94668348e-02  4.61546943e-02  1.52141975e-02  5.42457580e-02
  -3.71952493e-02  7.12414588e-02 -4.78160722e-02 -5.99734146e-02
  -4.95839221e-02  1.80364715e-03  3.23109639e-02 -3.72616447e-02
  -1.21146263e-02 -4.71987661e-02 -4.11770807e-03 -3.55805347e-02
  -2.83483393e-02 -8.89671880e-02 -1.35977017e-02  5.38335370e-02
   6.86777944e-02 -2.82622184e-02  6.38605858e-02 -1.07848172e-02
   1.00449621e-01  9.48760061e-02  1.71655806e-04  4.99311224e-02
   1.11425148e-01  5.33633745e-02 -7.94026394e-02 -6.90182057e-02
   5.18825682e-02 -8.84440760e-02  8.60277350e-03  5.66866257e-03
  -5.59404851e-02 -8.04048080e-04 -8.00886617e-02 -7.95991772e-02
  -1.17663215e-02 -7.87636380e-02  5.76686161e-02 -6.13257665e-02
   2.86373249e-02  7.30671636e-02  4.41488468e-02 -2.45074367e-02
  -8.41338152e-02  7.81729223e-02 -3.18345554e-02 -9.13097190e-02
  -8.47404702e-02  1.11281912e-02 -1.05290588e-01 -4.77087561e-02
   3.31540140e-03 -8.04161913e-02  4.26204629e-02 -2.74961615e-02
  -3.36517098e-03  4.93423656e-02  9.43039188e-02 -9.18618516e-02
  -9.16381823e-02  8.96855579e-02 -9.06026744e-02  8.27283389e-02
  -3.94643733e-02  9.31502074e-02 -7.63781702e-02 -4.73496872e-02
  -9.30946615e-02 -2.35113388e-04  7.80181473e-02  4.45234850e-02
  -5.30420039e-02  1.12394867e-02  1.02063285e-01  9.55201277e-02
  -3.97005582e-02 -8.67637454e-02]
 [ 8.01024409e-02  2.99139287e-02  7.72870480e-02 -6.60010824e-02
  -6.96089479e-02 -8.96904376e-02 -3.08669608e-02  7.11226266e-02
   7.92353881e-02 -9.53772168e-02  8.09096200e-03 -9.40354886e-02
   9.89293650e-03 -9.03333022e-02  1.42100319e-02 -5.96252045e-02
   1.90022358e-04  6.42885543e-02 -3.01314942e-02  6.73357636e-02
  -2.38519498e-02  6.28597160e-02  7.61421604e-02 -6.35647612e-02
  -2.21033441e-02 -3.88552061e-02 -2.33727767e-02 -7.47040086e-02
  -1.95697749e-02 -2.45441088e-02  1.03206059e-01 -1.03988378e-01
   1.16277936e-02  8.51441939e-02 -9.22817760e-03  1.27322743e-02
  -9.05210486e-02 -2.42409295e-02  9.48246487e-02  1.14507060e-01
  -8.47721759e-02  2.24709321e-02  7.32652714e-02 -1.59515811e-03
  -5.06335661e-02 -6.89029407e-02  7.19994100e-02 -8.45509261e-02
  -4.41458504e-02 -6.87950152e-02 -5.02097160e-02  6.21451829e-02
   2.02813093e-02  8.38564333e-02  8.14877608e-02  5.52835953e-02
  -9.25057163e-02  6.62065737e-02  8.98517514e-03  3.18618667e-02
  -9.06556926e-04  4.37156944e-02  1.04767010e-01 -7.10736001e-02
  -7.74878171e-02 -8.93129176e-02 -7.64848562e-03 -4.14667517e-02
  -2.25348020e-03  7.64575402e-02  1.29586881e-02 -3.87000467e-03
   6.46981308e-02  3.09631994e-02 -1.22268586e-01 -5.44930369e-02
  -6.33768190e-02  1.02830800e-01  7.59978106e-02  6.65916387e-02
  -2.57389045e-02  6.50578151e-02 -6.76815033e-02 -4.59762742e-02
   3.56260893e-02 -9.94703697e-02  9.87363082e-02  1.81847092e-02
   9.45550011e-02  8.76782675e-02  3.14783134e-02  6.30146711e-02
   3.92613032e-02 -7.60500935e-02 -2.61304533e-02  4.21984200e-02
   3.85632746e-03  9.05430495e-02 -6.23811114e-03 -6.42991826e-02
   2.32402742e-02  8.21556845e-02  7.41910490e-03  5.52488624e-02
  -9.88107643e-02  5.73893825e-02 -5.58396023e-02 -1.04200427e-01
  -1.09755524e-01  4.73421316e-02  5.21763382e-02 -9.68268220e-02
  -1.36675968e-02 -7.45888728e-02 -6.74769824e-02 -4.35718988e-03
  -4.46995170e-02  2.00800918e-03  1.69856841e-02 -5.71781603e-02
  -8.38857441e-02  4.80587497e-02  3.03236135e-02  9.81799447e-02
  -5.15912740e-02  4.25906995e-02 -6.90187980e-02  4.62601576e-02
  -8.33216681e-02  1.88404515e-02 -5.65674972e-02 -3.08779943e-02
  -6.19931738e-02  6.09934807e-02  6.78555404e-03 -9.67644681e-02
  -1.96743171e-02  8.16769441e-02  9.27770951e-02  2.92285709e-02
   3.19108510e-02  9.15175304e-02  2.12250522e-02 -4.06322848e-02
  -9.51148435e-02  5.20113440e-02 -3.49161650e-02 -5.55250655e-02
   4.80058401e-02  6.48624784e-02  8.47190055e-02 -8.54839681e-02
   2.67129589e-02  1.16610561e-02 -8.97060643e-02 -8.73154730e-02
  -6.81902714e-02 -3.62047952e-02  8.83948618e-02  9.60444964e-02
  -4.23005127e-02 -1.71496607e-02  5.56891808e-02 -6.33858268e-02
  -3.42188564e-02  8.08372056e-02 -3.61608821e-02 -1.11054304e-02
  -1.35376076e-02 -2.62282130e-02  7.20317205e-02  5.68366532e-02
   2.19778484e-02 -9.68373139e-02 -1.17683798e-01  5.55291073e-02
  -3.64561825e-02 -5.11040140e-02  1.01918060e-01  7.27216672e-02
   9.31379779e-02 -2.72988035e-02  8.46577349e-02  9.27501853e-02
   7.62826500e-02  5.37555458e-04  8.77537823e-02  6.74724945e-02
   6.83615549e-02 -6.15155886e-02 -6.84428915e-02 -8.97430131e-02
  -3.31890952e-02  3.49688944e-02 -3.86836339e-02  1.00959747e-01
  -8.60070577e-02 -3.46091143e-02  5.55451812e-02 -3.37146726e-02
  -7.27991335e-02  2.37168216e-02  4.20121715e-02 -4.05391908e-02
  -1.58204676e-02  6.89499536e-02  4.80852556e-02 -1.79467865e-02
  -8.68155471e-02  7.13488641e-02 -8.91692965e-03 -7.12908731e-02
   8.93486681e-02  2.98599032e-02  8.96676249e-02 -4.40537626e-02
  -6.04378595e-02  6.78785084e-02  4.78153533e-02  5.72751348e-03
  -8.89008052e-02 -6.43725486e-02  7.71405010e-02  5.96867524e-02
   6.13775904e-03 -1.01614517e-01  8.06785108e-02 -7.87748466e-02
   6.42751025e-02 -7.88299406e-02  9.34886949e-02  6.49042358e-02
  -1.28617871e-02  9.53842414e-03 -6.30123337e-02 -5.89530857e-02
   8.68848091e-02 -1.22977252e-02  2.44892136e-02  1.32072133e-02
  -1.75663280e-02 -2.26457300e-02  5.09933410e-02  1.05527662e-01
   9.64105202e-02 -6.61311905e-02 -2.15512373e-03 -2.53124738e-02
   7.97956927e-02  1.37114814e-02]
 [-3.32068896e-02  1.07433669e-01 -5.18067246e-02 -3.42739673e-02
  -1.22133100e-02  1.82976456e-02  8.40289346e-02  7.97382872e-03
  -2.38348534e-02  4.63374969e-02 -2.52449343e-02 -3.74863884e-02
   1.02984905e-04  7.51644105e-02 -8.47534467e-03 -6.29239180e-02
   7.83694105e-02 -4.05087483e-03  8.18448335e-02  5.82655802e-02
  -7.14854054e-02  4.63757729e-02  1.61433410e-02  7.07718626e-03
   7.11157512e-02  1.01706604e-01  1.16618974e-02 -9.38726437e-02
  -7.86836798e-02  6.55231409e-03  3.64386312e-02 -2.43371303e-02
   1.03578731e-02 -1.71733694e-02 -2.11672614e-02 -8.56415287e-02
   1.39342224e-02  4.13710163e-02 -4.57193721e-02 -1.00934745e-01
   1.10354071e-01  8.15947888e-02 -8.86395096e-02 -6.36011929e-02
   1.06268558e-01  4.06820298e-03  5.59190339e-02  7.08814763e-03
   2.00878956e-03 -2.80547440e-02  4.01909684e-02  8.40476405e-02
   9.10248609e-02  2.82100709e-02 -5.64558750e-02 -6.26933252e-03
   3.03858224e-02 -2.70163323e-02 -8.00833974e-02 -4.98280697e-02
  -1.03834274e-01 -2.65873443e-02 -7.17706587e-02  1.00113617e-01
   7.43225567e-02  3.86241038e-02 -6.14301866e-02  8.62918869e-02
   7.45124270e-04 -1.14405435e-02  6.33932385e-02  7.06485591e-02
   4.06753025e-02 -7.37374995e-02 -7.87707724e-02  5.85757439e-02
   8.16861954e-02 -8.28294239e-02  5.50325397e-02 -4.83697015e-02
   5.53035259e-03 -2.17908082e-02  8.35846428e-02  9.48005099e-02
   3.15970529e-02 -7.60601436e-02 -2.53642441e-02 -7.24330479e-02
   5.20037418e-02 -1.00014242e-01  2.26379049e-02 -8.76432076e-03
  -8.88113565e-02  9.81168981e-02 -2.93714375e-02  6.91452165e-02
  -2.36952705e-02  7.93376621e-02  6.24414182e-02  9.65794279e-02
  -9.96984213e-02  7.98581387e-02  1.73233938e-02  8.70139046e-02
  -9.23107411e-03  1.01983939e-01  6.33459209e-02 -9.02842216e-04
  -1.04309396e-01 -8.43952605e-02  4.27757942e-02 -7.46008307e-02
  -1.03099221e-01 -9.19854921e-02 -1.04130387e-01 -3.57780848e-02
   8.25135812e-02  3.45190344e-02  1.93514163e-02  7.79808324e-02
   6.67665949e-02  3.53715047e-02 -6.87268095e-02 -1.01049477e-01
  -2.26325739e-02 -8.10022330e-02  8.90273010e-03 -9.65377031e-02
   2.93036487e-02 -4.90390344e-02  8.16975235e-02 -6.29921011e-02
  -2.87903657e-02  2.78672520e-02  9.60031564e-02 -9.35860395e-02
  -4.77541043e-02  5.04455537e-02 -5.22599061e-02  1.58150058e-02
  -1.38259557e-02  6.85299071e-02 -6.31767936e-02 -8.58867593e-02
  -6.46665525e-02 -5.69564571e-03  2.83229474e-02  6.19405866e-02
   8.18869436e-02  1.97499337e-04  2.10354646e-02  3.92113957e-02
  -3.53590963e-02 -7.77517607e-02 -8.84272050e-02 -1.44284172e-02
  -1.68265365e-02  1.00518516e-01  5.42085661e-02  6.89009478e-02
  -2.65941488e-02  4.91734787e-02  1.00985358e-01  8.88700600e-02
   5.96129203e-02  8.67503441e-02  4.82405395e-02 -2.27969589e-02
  -2.84310086e-02 -4.78034536e-02  2.67524083e-02 -7.03423355e-02
  -2.60173817e-02  9.68702304e-02 -5.24480763e-02  8.54482408e-02
  -7.91650812e-02 -2.08185931e-02  1.04900440e-01  2.39131133e-02
  -4.75421855e-02  4.53725097e-02 -8.38660405e-02 -1.42384424e-02
   3.52821675e-02  6.07691581e-02 -3.14231243e-02 -1.09201923e-01
  -3.49761133e-02  1.71798329e-02  2.13731260e-02 -5.01542388e-02
  -1.73365567e-02  1.00376867e-01 -7.81203911e-02 -3.45727817e-02
   5.94229372e-02 -5.81231467e-02  1.57602533e-03 -2.84860105e-02
  -2.24664582e-02  7.01268703e-02 -1.15863784e-01 -1.12800586e-01
  -5.32445005e-02  6.45712746e-02  1.56081181e-02 -6.30214399e-02
  -6.94784215e-02 -7.71815560e-02  5.49426733e-02 -5.87658036e-02
   1.66643154e-02 -8.93920962e-03  3.67737589e-02  9.13134086e-02
  -5.57707906e-02 -1.26568699e-02 -3.07852529e-02 -7.71413067e-02
  -1.99634843e-02  4.28542550e-02 -1.11368340e-01  2.41595281e-02
   1.46780812e-03 -5.05071982e-02 -8.60947732e-02  5.10553830e-02
  -8.38463673e-02 -8.94589766e-02  1.05582382e-01  8.37528705e-02
  -8.99643226e-02 -9.95091869e-02  9.05783725e-02 -3.52046575e-03
  -6.78200680e-02  4.02452297e-03  8.66266887e-02 -2.16934334e-02
   7.76074834e-02 -6.93505642e-02  8.95967047e-02  4.18742652e-02
   7.25447647e-02 -3.61393886e-02 -1.03012172e-01 -9.08089613e-02
   7.01524206e-02 -4.34087738e-02]
 [ 1.09906048e-02 -4.97763201e-02  1.62599682e-02 -8.51951728e-02
   9.62489832e-02 -4.45489968e-02  7.26705704e-02 -9.42946792e-02
  -8.12896751e-02 -5.49190482e-02 -9.87201261e-02  5.84720060e-02
   1.06507647e-02  7.72434071e-02 -1.77214228e-02  7.00308798e-03
   3.60957407e-02 -5.21169005e-02 -2.01552037e-02 -6.10889279e-02
   4.35269344e-02 -1.04144009e-01  1.78963950e-02 -4.94789804e-02
  -9.64006259e-02 -2.72791409e-02 -4.73499698e-02 -1.31429242e-02
  -2.12060734e-02  1.13295317e-02 -9.29234074e-02  8.83787904e-02
  -2.82742983e-03  1.08581569e-01 -1.01603106e-01  1.99353500e-02
  -6.47544438e-02  3.99210605e-02 -5.15248036e-02  3.09391818e-02
   7.67185299e-02 -1.04906816e-01  7.92087348e-02  3.28667530e-02
  -9.24632150e-03 -3.97622423e-02  2.12761290e-02  6.39483150e-02
   9.93143660e-02  1.01975588e-01 -3.30041308e-02 -8.20297605e-02
   4.12229524e-02 -8.76770993e-02  1.13458142e-02  7.99508427e-02
   6.19945468e-02  5.79521168e-02  4.13416539e-03 -2.27275855e-02
   7.21565205e-02 -5.88557408e-02 -8.59512561e-02  9.85443607e-02
  -7.04994283e-02  9.45384994e-02  9.23820924e-02 -1.06975609e-01
  -9.20256846e-02 -2.20554877e-02  7.28038618e-03  8.84617835e-03
   1.50114624e-02 -7.18679615e-02 -9.75769038e-02  7.59362854e-02
  -5.77332780e-02  1.86363127e-02 -6.89039388e-02  3.41909697e-02
  -8.70769566e-02  4.62144853e-02  3.01007052e-02  2.68681617e-02
   6.35624422e-03  3.22905718e-02  1.06329569e-01  7.63574516e-04
   4.99663955e-02  1.68523831e-02  6.65976237e-02 -3.83824288e-02
  -4.81009626e-02 -5.75675672e-02  8.34622260e-02  9.17092247e-02
  -3.70473248e-02 -2.47753814e-03  9.46429301e-02  4.71481118e-02
   1.02157027e-01 -5.05403367e-02  6.95277768e-02  1.06125946e-01
   2.60464265e-02  4.75138424e-02  5.18472160e-02 -1.03810410e-01
  -4.88772264e-02 -8.44149723e-02  8.13628329e-02 -6.72563971e-02
   1.03407306e-02  4.05878948e-02 -7.79563515e-02  3.27912377e-04
  -1.74196806e-02  4.41501779e-02  2.50331473e-02 -8.29055679e-02
  -1.93527945e-02  3.41884836e-02 -7.37864694e-02  5.03190393e-02
   4.24076501e-02 -5.86785894e-02  6.64460858e-02  1.31621373e-02
  -8.13240441e-02  1.23587268e-02 -5.95633827e-03 -6.91491180e-02
   2.34425457e-02 -3.08697190e-02  7.43004139e-02  9.61396078e-02
  -1.85392734e-02  9.95024381e-02  9.75998519e-03  7.12979718e-02
  -8.67837050e-02  9.77565712e-02 -9.06978861e-02 -7.89782024e-02
   7.80903800e-02  2.79576367e-02  4.25580451e-02  7.41377684e-02
   1.00180329e-01  5.76431634e-02 -6.98986463e-02  7.23005984e-02
  -1.02948834e-01  5.98843584e-03 -7.21517394e-02 -5.37339298e-02
   8.17770431e-02 -8.16312567e-02 -7.84028908e-02 -1.61888815e-02
  -4.09800199e-02  1.60957271e-02 -6.78896357e-02 -7.77870782e-02
  -6.85309549e-02  1.06040352e-01 -1.39777294e-02 -9.58868394e-02
  -9.56324186e-02 -9.59885304e-02 -6.54950111e-02  1.23624913e-02
   7.32748730e-02  6.46127180e-02  9.02140410e-02  9.89448818e-03
  -7.22628834e-02 -8.10702830e-02 -8.16452418e-02 -9.59658995e-02
   9.69685779e-02 -1.35736675e-02  1.01614475e-01 -1.18733439e-02
  -2.59793393e-02  6.70046265e-02  8.38829037e-02 -5.97738099e-02
   1.04108847e-02 -8.38414513e-02 -2.81255536e-02  7.19211458e-02
  -9.73973251e-02  9.79254933e-03  2.95738466e-02  4.47678413e-02
   2.67445644e-02  8.09152767e-02 -3.72039893e-03  4.72011317e-03
  -5.43477920e-02  9.04984411e-02 -1.56070406e-02  1.00713949e-01
   6.33963176e-02  1.28163505e-02  4.40811537e-02 -5.30159319e-03
   9.00487128e-02 -6.03431518e-02 -5.91735447e-02 -8.84106094e-02
  -7.02947363e-03 -5.29284998e-02  2.76491309e-02 -3.16463738e-02
  -6.65332579e-02 -5.43112976e-03  4.94970621e-02 -4.83389108e-02
   4.46668828e-02 -5.93185369e-02  1.04603504e-01 -7.04692729e-02
   4.84269365e-02  3.02681823e-02 -1.57167139e-02  7.86977946e-02
   3.60613027e-03  9.77433717e-02  1.08633085e-01 -5.82570460e-02
  -5.65229849e-02  3.56902056e-02 -5.50980035e-02  8.75998888e-02
   7.11669538e-02  1.41204804e-02  1.70024779e-02 -3.10238693e-02
   3.96450580e-02 -4.32157360e-02  5.01042720e-02 -8.11597429e-02
   5.37139850e-02 -2.70827314e-02  6.83969185e-02 -7.66787592e-02
  -2.61812771e-02  6.68880272e-02]
 [ 9.04869319e-02  5.39408474e-02  8.13216019e-02 -1.03132948e-01
  -8.61955013e-02  5.63381578e-02 -6.54601707e-02 -8.66630876e-02
  -5.00114249e-02 -3.21530146e-02 -8.37825995e-02  4.59578449e-02
   1.23148146e-02 -5.31716067e-02  2.90376558e-02  6.36968206e-02
  -4.16075366e-02  1.98083978e-03 -3.18219106e-03 -5.33644325e-03
  -1.22850058e-02  6.85576307e-02  3.87553061e-02  1.08802462e-01
  -4.32427406e-02  1.00107308e-01  1.98199138e-02 -8.06312629e-02
   5.24710369e-02 -1.88177221e-02 -5.45414081e-02  7.08324975e-03
   9.29453430e-02 -8.35068055e-02  1.97378085e-02  9.54137536e-02
   5.75913641e-02  8.05555937e-02 -4.37572785e-02 -7.76644837e-02
  -4.52850487e-02 -4.51564502e-02  4.74359095e-02  7.02525099e-02
  -3.00785213e-03  2.77896749e-02  4.29607017e-03  9.99117752e-02
  -1.96225313e-03  6.00864015e-02  6.21218697e-02  5.31573025e-02
   6.92274856e-02  3.37387931e-02 -3.06028247e-02 -8.23154999e-02
   8.66423409e-02  3.62185498e-02  6.84611608e-03 -2.06545070e-02
  -2.12639733e-03 -2.22803316e-03  9.47398407e-02  4.47650956e-02
  -9.52597137e-02 -7.29049235e-02 -8.02738539e-02 -3.56302444e-02
  -2.87877629e-02  5.83309027e-02 -1.44606292e-02  4.90769483e-02
  -7.15318027e-02 -8.01166042e-02 -5.56710599e-02 -7.54910891e-02
   9.48514354e-02 -2.98930271e-02 -6.63152569e-02  2.36488508e-03
  -8.81959318e-03  6.81015916e-02 -1.32761434e-02 -5.87212819e-02
  -1.61674035e-03  5.23041431e-02 -3.26481827e-02 -8.55200070e-02
   9.20421178e-02  2.03202731e-02  5.73178202e-02  5.02947181e-02
  -1.75847029e-02  1.59139283e-03 -6.74429148e-02  7.25363154e-02
   8.14911091e-02 -6.30718452e-02 -1.04598827e-01 -8.87172513e-03
   1.02061723e-01 -2.75234514e-02 -1.00865260e-01  8.33672726e-02
  -8.70725174e-03  4.69565969e-02  5.87400197e-02  1.24165690e-02
   1.16979072e-01  5.32804449e-02  6.51611681e-03 -8.35189401e-02
   1.02912433e-01  2.06216808e-02  6.73692245e-02  5.79274232e-03
   6.11462815e-03  1.88831341e-02  4.44628366e-02 -1.02401337e-01
   6.51707123e-02 -1.00645829e-01  1.45566556e-02  1.10426347e-02
   6.89938405e-02  4.69381358e-02 -6.06379700e-02  9.38668686e-02
   1.11033309e-01 -9.47691215e-03 -5.33944463e-02  4.88910832e-02
  -7.19192359e-02  9.20812446e-02 -1.07340132e-01  1.73787256e-02
   7.72742352e-02  9.65493069e-02 -8.66755726e-02 -9.57959812e-02
  -4.25145363e-02 -1.95611345e-02  1.00672125e-01 -5.76762272e-02
   9.04631809e-02 -1.32504370e-03 -7.27329025e-02  8.11948005e-02
   2.46285424e-02  9.96646052e-02 -1.51281014e-02 -7.66038183e-02
   7.22399993e-03  1.83737479e-02 -7.60920656e-02  2.95461441e-02
  -7.45858328e-02 -1.60262924e-02 -5.80187641e-03  6.19125251e-02
   5.74297055e-02  8.25061852e-02  7.87047638e-02  8.85697343e-02
  -9.13968920e-02 -1.66990833e-02  7.51044156e-02  4.12303334e-02
  -4.75479407e-02 -6.30165865e-02 -4.43324030e-03  6.62274889e-02
   2.61564141e-02  8.87781389e-02 -7.58546843e-02  2.92417565e-02
   6.90212223e-02  4.89494051e-02  4.57697056e-02 -4.15610482e-02
   3.96711221e-03 -1.75954468e-02 -2.12564264e-02  8.98448705e-02
  -9.82445176e-02 -8.77174305e-02 -9.91928521e-02 -3.10672199e-02
   8.58435997e-03 -1.89782325e-02 -5.43510579e-02 -2.87309130e-02
  -3.28865449e-02 -3.18650895e-02 -2.02402225e-02 -1.61038121e-02
  -1.06301944e-01 -7.69079129e-02  2.06096428e-02  2.85898097e-02
   3.97923548e-03  5.70245577e-02 -2.19375971e-02  8.67353182e-02
   8.54634517e-02 -1.11351881e-01 -4.92668943e-02 -1.45529762e-02
  -2.38707455e-02 -4.30063076e-02 -2.70504792e-02  3.07635999e-02
  -8.98050117e-02  1.31162329e-02  9.54370227e-02 -1.01974005e-01
  -9.31977040e-02 -8.76296337e-02  7.85913151e-02 -7.25173948e-03
  -9.28746898e-02  7.69246523e-02  2.87416534e-02  7.43614703e-02
  -1.07977672e-01  1.05039496e-01  1.00044122e-01  1.06679754e-01
  -1.03656727e-01  3.49598948e-02 -2.32661199e-02  4.08279121e-02
   6.32464463e-02 -2.93952177e-02  7.79546765e-02  4.31216213e-02
  -1.07790235e-01  6.60027176e-02  9.52156380e-02 -2.35138239e-02
   5.40618687e-04 -9.60207368e-02  9.39107330e-02  7.26173463e-03
  -1.76304488e-03 -7.07296756e-02 -6.10558478e-02 -4.84577945e-02
   3.94944053e-02  7.04475331e-02]
 [ 3.73060172e-02  2.70414628e-04 -3.23459331e-02 -4.62166660e-02
   9.31972520e-02  9.31340849e-02  5.54233837e-02 -2.13456365e-02
  -6.75447528e-02 -6.36700613e-03  2.87392637e-02  8.18184602e-02
   1.99521570e-02 -9.11981207e-03  8.36660484e-02  4.34140066e-02
  -3.51986155e-02 -9.73647584e-02 -8.62760043e-02  3.24135008e-02
   2.07936226e-02  9.94929965e-02  6.62520763e-04  5.36892225e-02
  -7.17033253e-03 -1.10427632e-01  2.85142822e-02 -7.72643683e-02
  -1.09508317e-01 -1.09749900e-01 -1.13438628e-01  9.66271803e-02
  -1.05320037e-01  2.61833298e-02  8.98944804e-02 -5.50701851e-02
  -3.62186247e-02  4.52815357e-02 -7.74098875e-02 -4.59614112e-02
  -1.26491916e-01 -7.66983400e-02 -7.74869421e-02 -9.06400636e-02
  -1.40991168e-01 -4.48243981e-02  1.12802813e-01  5.89624102e-02
  -3.17663943e-02 -7.08139298e-02  7.03610092e-02  5.76106985e-02
   7.34221354e-02  5.67283227e-02  5.98216638e-02 -7.54181439e-02
   9.11871387e-03  2.43544469e-02 -4.44762208e-04  4.61722133e-02
   9.64273867e-02  5.53095138e-02 -1.66714367e-02  8.83570580e-02
  -4.36468958e-02  1.18900620e-01 -2.86341964e-02 -1.94102733e-03
   1.78538919e-02 -2.37366133e-02 -9.52412161e-02 -8.59302273e-02
   8.00218154e-03  9.08883466e-02 -7.05114323e-02  1.46115466e-02
  -2.52205326e-03  9.82222436e-02 -1.66007961e-02  4.94711351e-02
   6.82451834e-02  3.65884207e-02 -1.05977191e-02  6.65156012e-02
   7.06650685e-02 -7.76800951e-03 -1.51948544e-02 -5.35871705e-02
   4.42696381e-02  1.70072415e-02 -5.94586216e-02  6.98795310e-02
  -9.90597210e-03 -1.04919858e-01  4.50167649e-02 -8.23454373e-02
  -9.33500165e-02 -4.24936671e-02  3.47568099e-02  4.45735408e-02
  -1.13153654e-01 -7.53203072e-02  2.78320320e-02 -2.74734525e-02
  -6.51545782e-02  1.34320818e-02 -2.03455957e-02  9.78185101e-02
   2.71273920e-03  5.62033153e-02  6.23648221e-02  1.11171288e-01
   5.47759418e-02 -3.11738554e-02 -1.19558273e-01 -7.40674825e-03
   1.02750275e-01  4.74513385e-02  3.17530606e-02 -2.09222620e-02
  -6.46449752e-02  8.01878717e-03  1.12779767e-01 -4.53983632e-02
   3.42795249e-02 -6.31006480e-02  5.72428630e-02 -8.28240011e-02
   8.21665159e-02  9.04193500e-02 -8.97603660e-02  2.43916917e-02
  -1.27603481e-02 -4.84756510e-04 -6.60789548e-02 -1.07504160e-01
   2.97876644e-02 -9.20603234e-02 -3.81573775e-02 -9.29435681e-02
   8.63475997e-02  9.40455557e-03 -1.05089113e-01  1.79623572e-02
  -7.02054924e-02 -6.23112381e-02 -1.20158905e-02 -3.61026000e-02
  -1.91548343e-03 -3.92925133e-02  9.59419341e-02  3.50797267e-02
   2.42225368e-02  3.62774628e-02 -6.95310075e-02  1.04596128e-04
  -5.99903163e-02  2.26688441e-02 -5.89887598e-02  5.87886720e-03
   4.50607130e-02  9.33737612e-02  7.56450911e-02 -6.99831424e-02
  -7.13526306e-02  4.76574250e-03 -4.58425087e-02 -8.74165728e-02
  -2.02205923e-02 -3.44317521e-03  2.25104005e-02 -3.27090771e-02
   3.82143606e-02 -7.79495948e-02  4.95919140e-02  5.69592806e-03
   5.82915767e-02  6.92186338e-03  7.82470026e-02 -4.27430714e-02
  -2.36543474e-02  9.32578376e-02 -2.71246166e-02 -4.29381151e-02
  -5.36659885e-02  3.58950422e-02  4.12071243e-02 -1.16955377e-02
   5.69127921e-02 -1.10118857e-01  7.17269823e-03 -6.70588193e-02
  -1.14015176e-01 -1.02259491e-01 -2.48971326e-02 -3.98988437e-02
  -1.37311626e-01  8.97605581e-02 -2.03530467e-02  5.07356390e-03
   9.17216142e-02 -9.75616903e-03 -5.70260690e-02  4.90787457e-02
  -7.54435426e-02  5.13698364e-02 -1.43919428e-02 -3.58743171e-02
  -1.73054129e-02 -3.76150338e-02  1.02096890e-02  3.12450026e-02
  -2.85954746e-02  7.09905883e-02  8.58358805e-02  1.16988481e-01
   2.04765504e-02  8.59892889e-02 -6.52050297e-02  4.30607312e-02
  -6.85767839e-02 -2.92638540e-03 -7.51653623e-02  2.70493785e-02
   6.52795656e-02  1.01253933e-01 -2.06228558e-02  5.94956923e-02
  -4.55493793e-02  2.18302508e-02  7.67644236e-02 -4.51235295e-02
   8.01618843e-02  9.62572991e-02  8.18600899e-02  2.76542179e-02
   8.02823980e-02 -6.15887131e-02 -5.29762008e-02 -4.99391031e-02
   5.63830280e-02 -4.20146037e-02  6.90290163e-02  2.70142097e-02
   4.12187939e-02  8.88848292e-02  8.32788847e-02  7.89143329e-02
   3.87414049e-02  3.81604128e-02]
 [ 5.28287378e-02 -1.08093181e-01  9.68200064e-02 -9.32541896e-02
  -1.39701333e-03  1.93592590e-02  5.97958486e-02 -3.78146764e-02
  -1.03545419e-01  7.03239280e-02 -7.47250789e-02 -6.86620513e-02
   9.70760637e-02 -1.06278828e-01 -4.94418314e-03 -1.59742614e-03
   8.41625878e-02  3.53512320e-02 -4.23442560e-03 -7.61364382e-03
  -9.40517018e-02 -7.37146094e-02  6.97180948e-02  7.87887426e-02
   3.19229555e-02 -6.92743296e-03  6.42671183e-02 -2.52352090e-02
  -2.73222688e-02  1.39240510e-02  6.27015916e-02 -1.56583984e-02
  -6.87335096e-02 -8.70730363e-02  4.70009382e-02 -2.69869940e-02
   7.10647781e-02  5.24996227e-02  2.13221267e-02 -3.71814894e-02
   2.88077801e-02 -7.48791070e-02  9.56628642e-02  3.85159178e-02
   6.19209104e-02 -8.64122016e-02 -5.85428512e-02  7.74069446e-02
  -3.27524304e-02 -1.44870047e-02 -1.10068983e-01  4.49150990e-02
   5.78132021e-02 -2.58764852e-02 -5.56383069e-02  2.76079779e-02
   5.87235133e-02  1.21411974e-01 -6.13854380e-02  5.09153513e-02
  -1.82100543e-02  2.46742568e-02  1.24520325e-02 -4.30492593e-02
   9.80803531e-02  2.51382742e-02  8.24774917e-02  5.81780357e-02
   3.88367039e-02 -1.86404771e-02  6.39189175e-02 -5.07284199e-02
  -8.44379797e-02  1.05371063e-01  3.63704237e-02 -1.07017950e-01
  -6.51699743e-02 -7.71439412e-02 -4.25177250e-02 -2.37525926e-02
  -9.76483015e-02  3.30104539e-02 -2.81920214e-02  5.83239990e-02
  -2.53091043e-02  8.50252640e-02  6.01593583e-02 -1.41568640e-02
  -8.94731768e-02  3.14073818e-02  5.02767831e-02  7.23788458e-02
   1.04308922e-01 -5.65942133e-02 -1.70373403e-02 -8.14362269e-02
   7.32123440e-02 -7.24314789e-02  9.48317550e-03 -9.02670981e-02
   5.43266981e-02  2.68460192e-02  4.01992300e-02  4.26513473e-02
  -3.46891717e-02 -9.06964825e-02 -1.05875907e-02  6.68937025e-02
  -8.50788927e-02 -3.66360331e-02 -8.12686632e-02 -1.18629119e-02
   5.74534695e-02 -8.28076444e-02  2.76633182e-02  2.23591134e-02
   9.27278349e-02  9.89823339e-02 -1.39052717e-03 -9.22658581e-02
   5.41222266e-02  1.96461234e-02 -6.69241459e-03 -1.06932282e-01
   6.68047499e-02 -7.41272137e-03 -8.84556684e-02 -1.13558922e-02
   5.97034174e-02  2.13059374e-02  9.38099460e-03 -9.16626311e-02
  -3.30380997e-02  3.13105576e-02  8.56376033e-02  5.06324539e-03
  -8.78476772e-02 -1.12404951e-01  4.93061037e-02 -7.59414730e-02
   7.93189632e-02 -6.50671242e-02 -8.84730419e-02  4.70386901e-02
   8.32492160e-02  6.53884867e-02 -1.66060650e-03 -1.65955472e-02
   5.76388110e-02  7.26648992e-02  5.44768439e-02  8.43977454e-02
  -8.70534496e-02 -5.37898166e-02 -9.91533599e-02 -6.68390941e-02
  -6.04669569e-02 -1.05027095e-01  3.46683259e-02  4.38655771e-02
  -8.75493332e-02 -6.94558987e-02 -9.56825640e-02  4.61521259e-02
  -3.36709002e-03  5.48878449e-02 -1.00844615e-01  5.62542577e-02
  -1.24659562e-02 -5.18793668e-02  6.98715236e-02 -3.70614423e-02
   2.99141637e-02  3.54605544e-02 -9.77446884e-02  3.90835549e-02
  -3.60844448e-02  9.88347915e-02 -5.98169716e-03  5.58602459e-02
  -8.41331903e-02 -4.60488417e-02 -7.43250134e-02 -7.16432949e-02
  -1.38173174e-03  5.75729465e-02 -2.77376942e-02 -9.26720317e-02
  -9.62053354e-02 -6.89373906e-02 -4.35313251e-02  7.39996021e-03
  -3.87929283e-02  1.37470553e-02  1.09071155e-01 -7.94172866e-02
  -1.08559032e-01 -4.83081614e-02 -9.01942263e-02  4.39983198e-02
   1.23057243e-03 -7.37283885e-02 -9.99713911e-02 -3.25325630e-02
   1.74022097e-02  1.04231236e-01 -6.31129968e-02 -1.04869617e-01
   2.94284839e-02  9.69795313e-02 -8.57291831e-02 -2.15318732e-02
  -8.04078806e-02 -5.23883286e-02  3.11698302e-02 -3.29755477e-02
   7.30909166e-03 -7.85523986e-03  1.67950151e-02 -1.44734738e-03
   6.08070276e-02  5.40445073e-02  5.92831160e-02 -2.98732917e-02
   6.88076793e-02 -1.22200144e-01 -1.16028623e-02 -7.16112306e-02
   7.74357791e-02  1.00434118e-01  2.29727740e-02 -7.48351717e-02
  -1.64203590e-02  5.97648876e-02  4.30759487e-02 -2.94163569e-02
  -7.39520317e-02 -5.26307019e-02 -5.07296341e-02  3.54866857e-02
  -8.64414445e-02 -1.84650723e-02 -8.14923317e-02  6.35134186e-02
   5.89427864e-02  7.77765625e-02 -2.64870168e-02  4.71120742e-02
   5.79978007e-02 -5.40069630e-02]
 [-3.57911102e-02  6.55824634e-02  9.98726835e-02  5.67371246e-02
   9.53667822e-02  4.50577819e-02  9.17015954e-02 -4.87718671e-03
  -3.36451322e-02 -1.45904651e-02 -1.03279472e-01 -1.61264806e-03
   1.00871735e-01  8.92559418e-02 -8.04031980e-02 -1.74285102e-02
  -8.42364204e-02 -6.58473562e-02  6.13878590e-02 -3.27501464e-03
  -4.08886076e-02 -8.38438260e-02 -8.49750492e-02  8.48853316e-02
  -4.59189384e-02  4.22832823e-02  5.62532401e-02  6.03366883e-02
  -2.32936830e-02  6.45721433e-02  3.66943216e-02  1.09211237e-02
  -4.15948046e-02 -1.02305466e-02 -6.36466980e-02  1.71134532e-02
   7.62829240e-02 -6.47144401e-02 -1.07354286e-01 -5.81417770e-02
   3.36628541e-02  9.00574405e-02  5.87573177e-02  8.99770906e-02
  -8.47588820e-03  1.58561126e-02 -3.57370809e-05 -4.37811432e-02
   6.64165552e-02  1.08265379e-01  9.20735752e-02 -8.08707322e-02
   5.37095801e-03  9.76166543e-02 -2.90525292e-02 -4.98049665e-02
  -4.29472840e-02  4.60137587e-02  4.67413256e-02  8.16304676e-02
  -8.92737667e-02 -5.49084838e-02 -4.45828867e-02  8.26942308e-02
  -1.24072924e-02 -3.42403919e-02 -1.55681714e-02  1.64877673e-02
  -6.99146294e-02  2.52389472e-02  3.05912479e-02 -1.18790105e-02
   4.31917695e-02 -9.38090331e-02  8.34127100e-03  7.19284116e-02
  -7.90932533e-02  1.04158420e-01  6.84990312e-02  9.56899438e-02
   9.04253370e-02  8.61562691e-02  4.81144944e-02 -6.80542048e-02
  -9.26617635e-02 -8.08253519e-02  1.02736571e-02 -8.68240333e-02
  -1.71501566e-03  7.89409394e-02 -1.13591683e-01  1.03814651e-02
   9.14244319e-02 -9.37179444e-02  9.35635159e-02 -2.42253817e-02
  -6.51347759e-02 -3.96862709e-02  7.02634260e-02  4.43765321e-02
  -5.63869325e-02  3.11808973e-02  9.55724627e-02 -1.06419544e-01
   2.57026288e-02  8.62953742e-03 -7.07738713e-02 -5.78877516e-02
   8.40333506e-02 -9.31719394e-02  8.41013826e-02  1.96714271e-02
  -4.31396377e-02 -1.08621671e-01 -1.23121449e-03  9.85557653e-02
  -9.17685932e-02  8.65775437e-02 -5.56205414e-02 -9.54581465e-02
   3.87522328e-02 -1.13391586e-03  5.19105874e-02  9.45307602e-02
   1.25842147e-02 -1.67037237e-02 -9.00756392e-02 -2.73002838e-02
  -4.25727485e-02  8.98802544e-02 -9.08494859e-02 -3.93774060e-02
  -9.67197774e-02 -4.80739013e-02  1.37727926e-02 -9.23208187e-02
  -1.50607130e-02 -4.56317106e-02  1.65289241e-03 -1.02023962e-02
  -1.02247296e-03  8.06093701e-03 -9.80829807e-03  9.99962828e-02
   7.96709707e-02  8.03283315e-02 -8.65697304e-02 -8.23628155e-02
  -1.07210721e-01 -4.55791701e-02  6.92022931e-02 -7.94493786e-02
  -2.60483280e-02  1.05076696e-01  5.97540711e-02  1.22597623e-01
  -3.81347429e-02 -6.35393081e-02  2.69016059e-02  2.44727297e-02
   6.55186887e-02 -6.79608437e-02 -1.59212954e-03 -3.38524831e-02
   1.48073991e-02 -2.42205736e-02  4.00538459e-02  4.36726317e-02
  -7.74573927e-02  4.05818996e-02  4.42295924e-02 -8.03321737e-03
  -4.73076199e-02 -7.39990026e-02 -3.37952895e-02  8.66854966e-02
   3.47642810e-02  4.83066245e-02  9.64507485e-02 -6.19247459e-02
  -8.01101891e-02  2.11321356e-02 -5.33715226e-03  2.46452923e-02
  -7.46351165e-02 -4.60108702e-02 -3.01272171e-02 -7.16186291e-02
  -9.86731784e-02  6.44683265e-02  4.57416476e-02  7.19939396e-02
   1.58338112e-02  6.74429396e-02 -6.24105537e-02  1.04661689e-02
   1.26102668e-02 -3.43254117e-02 -5.38181243e-02  1.31327705e-02
  -1.56989850e-02 -3.83492679e-02 -2.57914989e-02 -4.52959293e-02
  -9.19545440e-02 -1.33622089e-02  5.49323055e-02  2.26567648e-02
  -9.19031211e-02  5.82578910e-02 -2.84052833e-02 -7.68276754e-02
  -6.37809953e-02  1.70205842e-02 -1.03086176e-02 -5.87237345e-02
  -4.29356560e-02  9.25623426e-02  1.07308882e-01 -9.98208762e-02
   2.59000989e-02  9.11676716e-02 -2.28402976e-02  7.25852761e-02
   9.50422060e-02  7.28007063e-02  9.12218576e-02 -1.71456552e-02
   3.10108199e-04  3.17430035e-02  4.99575221e-02 -2.07508273e-02
  -1.00610206e-01 -3.52066474e-02 -6.14135923e-02  2.15640231e-02
   4.61931880e-02  7.55878490e-02  9.56143840e-02  9.73203719e-03
  -2.09133903e-02 -7.92103622e-02 -8.53147630e-02 -8.40433635e-02
  -2.81322651e-02  9.83173075e-02 -1.68466397e-02 -7.10421715e-02
   8.61679983e-02 -3.24974117e-02]
 [ 2.78922190e-02  3.96728343e-02  4.01534719e-02  8.88310801e-02
  -1.03918869e-01 -1.16535127e-02 -1.09831820e-01 -9.91940750e-03
  -4.71830079e-02  7.42493881e-02 -4.84976308e-02  3.29251016e-02
  -9.05882473e-02  3.93829150e-02  5.72290461e-02  5.94629561e-02
  -3.98850975e-02  1.03141957e-01 -2.79793677e-02 -2.46189581e-02
   8.22537377e-02 -4.23342348e-02 -6.88636045e-03  1.16238854e-01
  -6.03834624e-02 -1.19404984e-01 -5.39057139e-02  8.00566850e-02
  -8.31933755e-02  5.26268234e-02  4.19900162e-02  7.13973834e-02
   1.03544049e-01  7.62022628e-02 -7.10355402e-02 -4.52046545e-02
  -7.64719033e-02 -2.18350942e-02 -7.19654285e-02  7.43873530e-02
   6.39117409e-02  4.63287678e-02 -9.52475575e-02 -5.03554646e-02
  -4.88089645e-02  3.57442880e-02 -8.62143367e-02  2.90434939e-02
  -4.37183796e-02 -3.94196874e-02  1.85132503e-02  3.28389832e-02
  -4.66382319e-02  1.12214556e-01 -7.75515685e-02  1.49604849e-02
   7.45057936e-02 -9.89161438e-02  4.66979286e-02 -6.81575715e-02
  -9.47544972e-02 -1.91897233e-02  1.19339606e-01  4.10188991e-02
   4.37604412e-02  4.57947168e-02 -4.53115960e-02 -1.62885653e-02
  -9.42992079e-02  5.56481279e-02  2.47327642e-02  8.55900314e-02
   2.34170820e-02 -5.39384660e-02 -4.65596144e-02 -2.37916344e-02
  -5.65127025e-02 -4.87624889e-02 -6.72673282e-02 -9.56054223e-02
  -7.61733641e-02 -5.13518138e-02 -7.11251925e-02  4.32363016e-02
  -1.04615930e-01 -1.75134103e-02  5.17303736e-02  5.46655774e-02
  -8.26355844e-02  8.18461791e-02  9.66655159e-02 -4.96186711e-02
  -2.64724567e-02  7.21544617e-02 -4.17676346e-02  1.90656901e-02
   1.96116259e-02  3.45418632e-02  4.63314154e-02  3.75596784e-02
   4.73564023e-02 -7.70174045e-02  5.19856746e-02 -8.63589276e-02
  -1.16622298e-01 -8.61868386e-03  7.97318071e-02  3.90214054e-02
  -4.72283458e-02  3.64123246e-02  3.75010807e-02  8.94754167e-02
  -1.52741993e-02  4.61762753e-02 -1.44583398e-03 -2.87201148e-02
   4.81737729e-02  6.70078668e-02 -4.90088067e-02  6.43404492e-02
   2.83102919e-03 -8.05641205e-02 -7.39367386e-02  2.35060885e-02
   3.07330905e-02 -6.13760415e-02 -8.03321857e-02  2.81442270e-02
  -3.80083497e-02  3.19067758e-02 -6.65763943e-02 -7.97603187e-02
   2.05492300e-04  4.93378056e-02  3.07361162e-02 -8.25972639e-02
   8.17157113e-02 -4.68955221e-02  1.07314294e-01  6.12952912e-02
  -5.33593361e-02  6.30675575e-02  2.91869244e-02 -1.71147321e-02
  -2.69461838e-02  3.50630714e-02  7.41468572e-02 -7.49498768e-02
  -2.55787986e-02 -7.64922000e-02  5.85673113e-03 -3.95191503e-02
   3.28853297e-03  4.33404019e-03  2.01974601e-03  7.17845910e-02
   8.69926589e-02 -9.66938943e-02 -6.28785751e-02  5.70079371e-02
   1.11257658e-01 -9.62935107e-02  4.73132503e-02  2.86833727e-02
  -7.51018120e-02 -9.18894567e-02  7.99695539e-02 -1.04966711e-01
   6.43059895e-02 -5.47267415e-02  8.85334915e-02 -1.10589508e-01
  -5.00231709e-02  6.35212985e-02 -4.25202139e-02  8.22238669e-02
   9.14385635e-03 -7.61042367e-02  5.70330754e-02  5.66090881e-02
   3.88599315e-02 -6.38610790e-02 -4.52836004e-02 -5.71858844e-02
  -3.03952060e-02  7.02802227e-02 -6.16567506e-02 -6.48553200e-02
   2.61526969e-02  2.76326183e-02 -4.15091892e-02 -8.43009854e-02
  -4.54258773e-02 -5.89692427e-02  4.56985698e-02 -3.74530959e-02
  -8.30580975e-02  6.01977735e-02  3.21507921e-02  3.07470364e-03
   5.41405366e-02  5.57854031e-02  5.76841758e-02 -4.39781819e-02
  -9.64317783e-02 -1.07205755e-01  4.34101278e-03 -6.55838395e-02
   6.48777184e-02 -8.17906598e-02 -9.30545049e-02  4.66930333e-02
   3.55960041e-02  3.24241598e-02 -6.26583866e-02 -7.01852727e-02
  -6.01834096e-02  8.54452286e-02  7.19999444e-02 -7.93372948e-02
  -7.77947191e-02  6.40008334e-02  1.73792740e-02 -6.90406858e-02
   1.70885631e-02 -5.25662943e-02 -6.84013502e-02 -1.06984643e-01
   5.77585952e-02  8.18892168e-02  8.31324944e-02  4.86419590e-02
   6.74289524e-02  9.56504441e-02  6.20181112e-03 -4.92767654e-02
  -4.28064904e-02 -1.11791330e-01 -2.44512411e-02 -1.91595914e-02
  -6.13950707e-02 -1.01538831e-01  7.32340658e-03  3.00892821e-02
  -9.87341093e-02  6.49452752e-02  7.00294520e-03  4.34611041e-02
   8.57562835e-02  9.98022057e-02]
 [-9.78730289e-02 -6.68459819e-02 -8.26102167e-02 -8.63045106e-02
  -1.18286978e-01  1.72853758e-02 -1.20973042e-04  1.58149997e-02
  -9.24761502e-02  1.13073273e-02 -6.59884830e-03 -1.06939601e-01
   1.00863303e-01  8.37629926e-02  9.74345943e-02 -1.11756937e-02
   1.83072897e-02  6.40222105e-02  4.40153852e-04  3.67080684e-02
  -9.60410771e-02  5.54599756e-02 -6.74712239e-02  9.34725163e-02
   2.72629198e-02  1.82299173e-03  7.89575480e-02  8.08538157e-02
   6.52067285e-03  2.70232454e-02  3.00142944e-02  7.60237356e-02
   3.27878211e-02 -2.36210385e-02 -3.99334940e-02 -9.60036689e-02
   2.16689935e-03 -1.02848220e-01  7.94952896e-02 -8.88164688e-03
  -8.25749450e-02 -4.34740239e-02 -2.13769782e-02  7.40585324e-02
  -6.34723130e-02  1.05502358e-01 -9.29878997e-02  3.25468661e-02
  -9.54798072e-02 -3.78260627e-02  1.36644879e-02  4.68578057e-03
   7.88556816e-02 -2.59703083e-02 -3.62568128e-02  7.75014860e-02
  -6.68048861e-02 -7.79300207e-02  5.50335326e-02 -1.47333538e-02
   7.48362387e-02  9.05766102e-02 -2.90918666e-02  4.84414331e-02
   7.56395422e-02 -9.89131320e-02  9.58436916e-02  1.33443135e-03
  -8.01562731e-02 -8.21041389e-02 -1.48446627e-02 -6.36249462e-03
   7.34568415e-02  7.54021015e-02 -1.23137955e-02 -2.39691760e-02
  -1.07443536e-01  1.60567517e-02 -6.12024444e-03  7.06877031e-03
  -7.08115396e-03 -6.47909228e-02  2.13691384e-02  2.50421232e-02
   3.33899944e-02 -5.75712391e-02 -9.70867308e-02 -6.92059889e-02
   5.39022251e-02  3.42215497e-02 -1.65909196e-03  9.77027704e-02
   7.35639225e-03 -6.46128591e-02 -6.63816873e-02  9.96879853e-03
   1.45121086e-02  9.24336258e-02  2.35963873e-02 -4.33329736e-02
  -7.28693545e-02  6.41447249e-03  5.23977440e-02  7.47680155e-02
   7.76902718e-02 -6.08285724e-02 -1.61324849e-02 -5.77303069e-02
   2.55025776e-02  2.15511532e-02  6.48296626e-02 -4.57132212e-02
   5.74364044e-02 -1.01107339e-01  2.25297198e-02 -2.13561013e-03
   8.10857623e-03 -5.03429797e-02  1.04341029e-02 -8.54192619e-03
  -9.02707703e-02 -7.65935094e-02 -1.21540091e-01  5.37632392e-02
  -6.84812141e-02 -1.06444591e-01 -5.16729605e-03 -1.33489775e-02
   4.11135893e-02  8.71047742e-03  3.55075486e-02  2.61673848e-02
  -4.20259432e-02  8.02305542e-02 -1.85491451e-02  8.67947430e-02
  -6.26829233e-02  4.26393538e-03  3.43558839e-04  4.53035896e-02
   9.08129358e-02  1.50129000e-02  6.76295593e-02  6.22397740e-02
   9.19999757e-02  2.11341891e-02  6.67674051e-02  3.75903244e-02
   1.13136977e-01  1.01683382e-01 -4.61498910e-02 -5.59803901e-02
  -5.12312476e-03 -4.49459271e-02 -6.20513976e-02  5.70237367e-02
   7.77497513e-02 -6.42714953e-02  7.84943200e-02  4.50248943e-02
  -7.31689385e-02  3.07554156e-02  8.83983074e-02 -3.45789286e-02
  -1.20141933e-01 -6.86192609e-02  2.70393742e-02 -6.79261594e-02
   1.41264645e-02 -8.58367932e-02 -2.96013986e-02 -1.86356276e-02
  -9.87084652e-02 -2.08041825e-02  8.54713023e-02  1.60989799e-02
   5.56544070e-02 -9.29978135e-02 -5.92180901e-02  4.74651932e-02
  -5.84918995e-02  9.25844384e-02  4.57251493e-02  3.42232763e-02
   5.57752198e-02 -3.47663023e-02 -9.15049538e-02 -8.86457436e-02
  -3.12087906e-02  1.77778053e-02 -4.99298520e-02 -1.11202215e-01
   9.62687238e-02  5.31355041e-02 -1.46017225e-03  2.10160005e-02
  -1.05823093e-01  1.11853466e-01 -9.59592014e-02  6.54555007e-02
  -6.64648727e-02  3.97692851e-02 -5.75640606e-02  6.09665313e-02
  -1.16026411e-01 -1.05821769e-02  8.49178132e-02  2.21582190e-02
   6.45995736e-02 -6.15551481e-02 -1.09425495e-01  1.97025607e-02
  -8.31639694e-02  3.56784755e-02 -7.88772670e-02 -9.89283218e-02
   6.14324322e-02  1.08084483e-01 -6.87873617e-02  6.93392020e-02
   1.01907793e-02 -5.66476718e-02  8.03006802e-03 -4.25111076e-02
  -2.08047889e-02  6.72080087e-02  9.95210289e-02  4.81729183e-02
  -6.78039374e-02 -7.70577712e-02 -5.49134604e-02  7.91565976e-02
  -8.90834407e-02 -8.90746897e-02  4.07374720e-02  6.04893929e-02
   6.55187017e-02  2.11963933e-02 -1.05451916e-01  6.38337336e-02
   1.03044535e-01  2.09859955e-02 -5.85805304e-02 -3.11097969e-02
  -7.47743450e-02  3.76980065e-02 -2.93423833e-02 -3.46340237e-03
  -6.58972824e-02 -3.01304133e-02]
 [-4.64626805e-02  1.42034689e-02 -9.42927512e-02  1.62237017e-02
   6.99060885e-02 -6.92048235e-02 -4.43644759e-03 -1.15762892e-02
  -9.43260098e-02 -5.14222761e-02  8.65465924e-02  4.59099011e-02
  -6.89819606e-02 -1.05438857e-01 -9.26505058e-02 -5.65389942e-02
  -5.98204002e-02 -2.78761274e-02  5.12355039e-02  1.01236724e-01
  -6.44773968e-02  1.45581761e-02 -1.22702310e-01  9.69983978e-02
  -8.29345557e-02 -9.50541082e-02  4.94282365e-02  8.78391622e-03
   5.59422352e-02 -6.93812329e-02 -3.70679915e-02 -8.25806833e-02
   4.05530189e-02  4.33337535e-02 -4.19652456e-02  2.44316337e-02
   7.25084706e-02  4.74022773e-02  2.34316135e-02  8.36451156e-02
   2.53915080e-02 -4.62360518e-02  1.76426504e-02 -6.44753236e-02
   5.03856996e-02  3.87983017e-03 -3.46606152e-02  3.11119465e-02
  -5.02481043e-02 -2.25907759e-02 -1.96274030e-02 -2.52922745e-02
   5.34900686e-03 -4.33761046e-02  9.62140509e-02  1.14089319e-01
  -3.79303248e-02 -2.25046286e-02 -5.87904228e-02  5.63847263e-02
   7.83294396e-02  9.64298136e-02  6.39588403e-02  9.94417442e-02
  -1.36038701e-03  2.45676245e-02  4.19004581e-02  1.14447971e-04
   9.06652263e-02  4.94965143e-02 -9.09745170e-02  6.70729973e-02
  -2.03046908e-02 -5.97566300e-02 -4.25657283e-02 -1.74932886e-02
  -6.98680874e-02 -6.10338118e-02  2.72905301e-02 -9.13979029e-02
   1.07225582e-01  2.03834197e-02 -6.09297156e-02 -5.38288498e-02
  -8.92791094e-02 -6.07559144e-02  5.51456184e-02  3.29894462e-02
   5.23304196e-02 -1.98980037e-02  5.62586464e-02 -2.48629038e-02
   5.91838251e-02  6.17062857e-03  2.79913048e-02  7.11098053e-02
   6.10281571e-02  5.40417554e-02 -9.15815456e-02  8.87695237e-02
   3.96374288e-02 -2.59192993e-02  1.19550311e-01 -3.35780677e-02
   4.84765683e-03 -1.12051558e-01  5.22523164e-02 -8.52270438e-02
  -4.61065582e-02 -4.41269043e-02  1.16934221e-01 -5.20003190e-02
  -7.08362340e-02  8.49643434e-02 -8.19418614e-02 -1.34082283e-02
   8.51951065e-02  2.12671570e-02  9.27978269e-02 -9.38060165e-02
   5.25908947e-02 -7.60932126e-02  1.44138910e-03 -1.01832229e-01
  -7.18948956e-02  1.05588279e-01  3.41342084e-03 -1.02368096e-01
  -2.05372000e-02 -7.33418596e-02 -9.80676729e-02 -4.66033851e-02
   2.05497155e-02 -7.13194107e-02  1.17932532e-01 -4.83010903e-02
  -5.45971579e-02 -3.04147809e-02  3.27610370e-02  6.08218466e-02
  -2.61413343e-02  5.14842118e-02  9.44052893e-03  5.11056632e-02
   4.88626882e-02 -5.64906009e-02 -9.60614698e-02  1.65392526e-02
   3.71270916e-03 -2.31798904e-02 -7.24058762e-02 -7.59239503e-02
  -4.58178093e-02 -5.46858468e-02  8.58970166e-02  8.44727127e-02
  -8.27611576e-02 -3.68198150e-02  2.92816314e-02 -4.46598046e-02
  -2.94183830e-02  3.09376356e-02  4.46405729e-02 -2.67557130e-02
   2.09608581e-02 -7.50888579e-02 -2.06671600e-02 -9.32697265e-02
   4.04795661e-02 -4.10028041e-02  1.72897310e-03 -8.21311566e-02
  -4.59708302e-02  3.08052184e-02  6.69757685e-02 -5.77308552e-02
   9.17583705e-02  7.99366981e-02  3.23019638e-02  8.26961062e-02
  -7.40968019e-02 -5.43938549e-02 -4.76232494e-02  1.25873864e-02
  -8.67588414e-02 -1.03126269e-01  3.83921063e-02  7.81914576e-02
  -4.82385968e-02  4.88544196e-03 -5.02163743e-02  4.68600059e-02
  -6.49351832e-02  2.06857203e-02 -8.96327460e-02 -1.02479125e-01
  -5.20283742e-02  3.48629843e-02  2.24674068e-02  4.39183447e-02
  -5.36235868e-02 -9.17788547e-02 -1.39439363e-02 -7.17976139e-02
   6.91731356e-02 -5.98375500e-02  4.09558455e-02 -5.01874289e-02
   3.47924062e-02 -4.84744579e-02  4.82191404e-02 -2.75342556e-02
  -8.96080591e-02 -4.65346665e-02 -3.06402418e-03  8.30176831e-02
   8.77722179e-02 -7.64189645e-02 -6.22967195e-02 -3.93661257e-02
  -4.05876812e-02 -6.08709342e-02  7.93523525e-02  6.98605615e-02
   4.76301255e-02 -1.07182939e-01  1.25818138e-01  8.62206407e-02
  -1.00876423e-01  8.28894214e-02 -3.71832119e-02  7.72024041e-02
   6.30390906e-02  1.15620708e-01  7.65211276e-02 -7.35536428e-02
   8.43008690e-02  2.05386824e-03 -6.34848552e-04  8.69227828e-02
  -4.97840240e-02 -3.40304501e-03  6.88965785e-02 -4.72309993e-03
  -1.85993049e-02 -4.18798768e-02 -6.84618672e-02 -4.95735448e-02
  -5.86213440e-03 -1.36509081e-01]
 [ 8.54028100e-03 -4.25756540e-02  9.40327858e-02 -6.18380356e-02
  -1.64042535e-02  1.79999820e-02 -2.21903192e-02 -4.48585452e-02
   7.59354790e-02  2.75189832e-02  1.27152019e-02  1.20873932e-01
   1.71987208e-02 -1.77560173e-02 -9.68966699e-03 -3.07564210e-02
   7.97973698e-02  7.81031599e-02 -5.46623700e-02  4.05577678e-03
   7.71421963e-02 -5.66536056e-02  5.63292565e-02 -7.89378494e-02
   8.15528822e-02  1.85989333e-02  8.41363389e-02  3.70574226e-02
  -7.45769584e-02  8.76558935e-02  3.84062322e-02  1.02869156e-03
   7.67760840e-02 -3.86154058e-02  1.09644084e-01 -1.59303457e-02
  -6.51068584e-02 -1.36942972e-02 -9.87916753e-02 -1.21823086e-01
   7.33514972e-02 -3.83968482e-03 -9.13828273e-02  1.03365710e-01
  -7.29055878e-03  9.40911106e-03 -1.55107200e-02 -7.72284097e-02
   7.28431592e-02 -7.00918923e-02 -3.35943697e-02  6.51075623e-03
  -6.42327705e-02  2.06957430e-03  2.95319338e-02  8.59208297e-03
  -1.96302760e-02 -1.15816683e-01  3.08220142e-02 -7.63239884e-02
  -9.65435805e-02  7.20461240e-02 -2.65834585e-02 -7.15488177e-02
  -5.13778654e-02  6.38439257e-04 -8.62214378e-02 -1.46527069e-02
   3.35271877e-02  7.83387185e-02 -1.15151317e-01  1.26746673e-02
  -9.73845034e-02 -9.31257871e-03 -6.51668762e-04  2.94442162e-02
   5.99808346e-02  1.52439773e-02  5.77476335e-02 -1.67598562e-02
  -3.68153115e-02  8.07365567e-02 -5.76606936e-02 -7.16475106e-02
   3.94292511e-02 -5.76956817e-03  3.30769354e-02 -8.04676749e-02
  -4.97325851e-02 -7.33399001e-02 -4.59947969e-02  2.20113138e-02
   2.40037140e-04  4.78541662e-02 -6.53683901e-02  7.49880893e-03
   8.20148706e-02 -4.94051974e-02  7.57546866e-02 -6.12676887e-02
  -1.04352205e-01 -1.12721088e-01  7.34629211e-02  1.52066050e-02
   3.19916386e-02  3.11690323e-03  9.53790352e-02 -1.13956401e-01
   4.75780428e-02  3.31972557e-02 -8.25511922e-02 -1.19641014e-01
  -8.82906300e-02  9.70698672e-02  5.41982577e-02  7.70432407e-02
  -8.67867249e-02  1.22435442e-01  1.09301145e-01 -4.10921379e-02
   8.46592652e-02  2.76409491e-02 -3.67424193e-02  6.04083486e-02
   1.03662425e-02 -1.05603973e-01 -7.87284108e-02  6.27097827e-03
  -2.67901450e-02  9.20263557e-02 -5.56208731e-02  5.88812972e-03
  -3.52294622e-02 -5.38239894e-02  5.47447382e-02 -3.23146417e-02
  -1.14858626e-01  2.45806510e-02  1.53726097e-02 -1.15791403e-02
   8.13028961e-02 -1.06954087e-02  4.00783765e-02 -2.24969563e-02
   3.54918020e-02  9.07271428e-03  9.55751472e-02  1.01145879e-02
  -7.78824035e-02 -1.84049849e-03 -9.83819452e-02  1.13609333e-01
   1.38099362e-02  4.96485857e-02  4.06842206e-02  9.68076080e-02
   2.46417783e-02 -4.21043580e-02 -7.64692612e-02  4.88920554e-02
  -1.12380782e-01  3.07384351e-02 -5.37939831e-02 -6.70126091e-02
   4.11898379e-02 -6.39371484e-02  5.46758402e-02 -1.12145997e-01
   8.64089523e-02 -1.80085841e-02 -1.14778586e-01 -9.48526736e-02
  -5.98145333e-02 -7.76967290e-02  3.83381417e-02  8.72243241e-02
   4.01402213e-02 -2.16979015e-02  6.07729679e-02  4.99912606e-02
  -4.12235497e-02 -6.83936867e-03 -1.77981550e-02 -5.22914857e-02
   2.99276398e-02 -3.19043160e-02  4.72369718e-02  1.06571089e-01
   4.89612659e-03 -1.32721326e-01 -5.63176215e-02 -7.67780299e-02
  -1.19613500e-01  6.86660328e-02  3.93100244e-02  3.02729906e-02
   2.09131358e-02 -8.66889971e-02 -3.32985251e-02  6.81025356e-03
   9.94639783e-02  1.01496297e-02 -9.74720972e-02  8.26664845e-02
  -5.15385589e-02  4.63412632e-02  8.84173318e-02  1.23462656e-02
  -5.35651538e-02  6.24096784e-02 -2.49684743e-02  4.75623826e-02
  -9.58285167e-02  1.05527484e-01  1.01492336e-01  4.79588226e-02
   6.98519304e-02 -6.15981887e-02 -9.05290249e-02 -6.46422013e-02
  -8.88918800e-02 -5.25774862e-02  1.01649625e-02  6.01676212e-02
  -9.61614588e-02 -8.61029705e-02  2.18721197e-02  3.49408186e-02
  -3.14461831e-02  6.87436521e-02  2.25191941e-02  1.51251370e-02
   5.00969068e-02 -5.18348131e-02 -1.66553806e-02  6.45731532e-02
   7.78220263e-02  6.97271714e-03 -4.17918291e-02  4.98832246e-02
  -9.28213768e-03  3.82868398e-02 -6.65313023e-02 -6.92319170e-02
   1.27656777e-01 -3.89324972e-02 -8.12837291e-03  3.00854516e-02
  -4.22917561e-02  4.06492090e-02]
 [ 5.09464251e-03  5.55846454e-02  3.86113668e-02 -5.08540430e-02
  -4.86173496e-02  9.91133607e-02 -7.12999839e-02 -4.42752213e-02
  -6.84883162e-02 -6.17618685e-02 -5.61914716e-02  3.21610812e-02
  -7.26438381e-04 -6.56736231e-02 -5.24118998e-02  6.33025789e-02
  -1.83784895e-02 -1.07255067e-01  6.69098671e-02 -5.24212385e-02
  -1.06944652e-01  1.14593493e-01 -3.43325189e-02 -7.46750547e-02
  -1.68127063e-02  2.13964099e-02  8.19657723e-02 -9.47116621e-02
  -4.16959725e-04  1.28974002e-02  3.70771615e-03  9.30869870e-02
   6.68280791e-02 -6.94203650e-02  8.87628081e-02  8.93488570e-02
   8.22267945e-02 -1.67722756e-02  4.02501052e-02  1.32239680e-02
  -5.04299085e-02 -1.95956435e-02 -2.90215585e-02 -4.11282465e-02
  -8.80170766e-02 -8.72194794e-02 -1.02560437e-01  2.14868757e-02
  -1.21718859e-01 -7.93740694e-02 -4.88015678e-02  2.55635133e-02
  -6.08046586e-02 -2.73533214e-02  9.04457500e-02  7.85677844e-02
   3.03102223e-02  2.69504097e-02  6.28369130e-02 -2.43894320e-02
  -7.04239604e-02  1.95262800e-02 -8.18837427e-02  6.42165779e-02
   1.17867701e-01  7.38468127e-02  6.77723897e-02  1.64489077e-02
  -2.95124165e-03  9.08302576e-02 -7.51813332e-02  5.18080081e-03
  -2.66062159e-02 -9.11896400e-02  4.44988988e-02  2.81444260e-02
   9.54644273e-02 -8.83322622e-02 -1.12187047e-01 -3.25195850e-02
  -4.02352015e-02  6.29131152e-03 -7.86758872e-02 -1.02174626e-01
   2.20462336e-02 -2.69660733e-02  4.73939485e-02 -6.31790476e-02
   7.85337950e-02  8.63785827e-02  4.59025102e-02  2.55912598e-02
   4.38788296e-02 -2.54805276e-02 -6.78258510e-02  3.35456824e-02
  -3.61861410e-02 -1.39366175e-02  2.61749217e-02  6.24734132e-02
   9.75020917e-02  1.25765305e-01  7.62137938e-02 -1.17448434e-01
   6.90596568e-02  9.53800466e-02  7.59519014e-02 -2.74884407e-02
   1.07170499e-02  7.55733279e-02  5.57061006e-02  5.84008874e-02
  -4.76397764e-02  3.88235350e-03 -3.72450866e-02  8.68755771e-02
  -6.99821382e-02 -7.21231237e-03 -7.67612386e-03  4.76405681e-03
   6.64635177e-02  2.28043534e-02 -6.56930266e-02  3.98224487e-02
  -1.34524270e-01 -1.65329615e-03 -9.98141163e-02 -4.73092721e-02
   1.09451431e-02 -4.64756378e-02  8.95865555e-02  2.08720041e-03
  -7.01587282e-02 -4.08346112e-02 -1.33881724e-01  5.90071457e-02
   6.06478168e-03 -3.40559210e-02 -9.28872505e-02  5.45021333e-03
  -4.53884362e-03  6.55518192e-03 -6.14332129e-02  1.74852867e-02
   2.58243800e-02 -1.09662072e-02 -1.16004044e-01 -1.82362872e-02
   6.65193451e-02  7.86517872e-02  1.35705634e-02 -2.18503632e-02
  -2.47752951e-02  3.91837538e-02  1.05959033e-01 -4.85124226e-02
  -1.14147143e-02  1.22921660e-01  8.02942747e-02  6.02558884e-02
  -1.28611980e-02  4.33494357e-02 -3.59087130e-02  5.70169363e-02
   1.00433396e-01  3.88963000e-02 -4.45917435e-02 -7.98801808e-02
  -1.02862710e-01  9.07948445e-02  6.98528219e-02 -2.88684179e-02
   4.49076771e-02 -1.20142848e-01  5.90029682e-02  4.20576589e-02
  -6.52405929e-02 -1.00000416e-01 -5.28312075e-02 -4.70974523e-02
   6.86061145e-02 -9.26147839e-02 -4.40624182e-02 -7.48220924e-02
   4.89917127e-02  5.12567439e-02  2.92719894e-02  5.65418263e-02
   5.48770773e-02 -2.82243017e-02  3.84463256e-02 -7.30325957e-02
  -3.93616730e-02 -2.85197704e-02 -3.21646694e-02 -1.18310090e-02
   3.47859145e-02 -7.27080079e-02 -5.44507700e-02 -6.69213646e-02
   6.93958649e-02 -1.05403784e-03  5.66994864e-02  6.63723193e-02
   1.45169639e-02  5.08051316e-02 -1.11014085e-01 -1.03840535e-01
  -8.02945005e-03 -8.95947587e-02  5.87899535e-02 -7.46948292e-02
   3.18384573e-02  4.90096548e-02 -8.58724149e-02 -7.04769025e-02
   4.27272888e-02  9.50293277e-02 -6.11019447e-02 -4.95787200e-02
  -1.47627891e-02 -8.05104696e-02  2.79489466e-03 -8.82151159e-03
  -1.11316204e-01 -1.15678606e-02 -4.69825918e-02 -6.52634737e-02
   9.31716006e-02  6.34582608e-02  8.19466970e-02  4.22847125e-02
  -3.99242891e-02 -1.17598321e-02 -1.38331804e-02  1.23830699e-02
   1.79332093e-02  2.12278216e-02 -7.17153773e-02 -2.65869553e-02
  -1.99866159e-02 -6.77748927e-02 -9.05330523e-02 -7.99605908e-02
  -1.20602434e-01  1.24414339e-01 -5.20691660e-02 -7.98446596e-03
  -6.27906657e-02 -3.80365176e-02]
 [-3.35885926e-02  8.81667588e-02 -7.51482164e-02  1.06145674e-01
  -3.37895127e-02 -9.99608662e-02  1.51666487e-02 -4.22971518e-02
  -7.55456284e-02 -7.52934087e-02 -8.10862003e-03  9.06794875e-02
  -3.32888775e-02 -6.43064923e-02  4.91356862e-02 -1.58488988e-02
  -1.07263584e-01  1.13714277e-01  6.59536814e-02  6.91741483e-03
   9.57267539e-03  1.99237643e-02 -5.37751050e-03 -1.68599928e-02
  -7.90366179e-02  4.58026417e-02  1.07506900e-02 -2.96486286e-02
  -9.32030306e-03  7.05290883e-02 -5.25084533e-02 -6.75755279e-03
  -8.14611721e-02  9.23441911e-02  7.35366307e-02  3.11873210e-02
   2.55793089e-02 -2.10153505e-02  1.03256062e-02 -7.53569599e-03
   3.49111814e-02 -7.72273124e-02 -9.04558772e-02  3.13528428e-02
   9.20087588e-02  1.21557998e-02 -7.99907001e-02  5.98743960e-02
  -9.25516291e-03  2.79765009e-02  1.00114512e-01 -5.51112784e-02
  -5.98900371e-03 -2.87910840e-02 -5.85819290e-02  4.47006251e-02
  -4.38288281e-02 -7.08136311e-02  8.14058751e-02  1.00269648e-01
   4.51884876e-02  2.43100823e-03  8.65787680e-02 -1.27056928e-01
   3.47130111e-02  4.20932466e-02  3.28337528e-02  1.04734139e-01
   1.93415902e-02 -1.44220520e-02  5.06437435e-02 -6.72470177e-02
  -8.10270651e-02  8.59847976e-02 -4.86645048e-02  3.93888544e-02
  -3.76962601e-03  4.81829288e-02 -4.87837797e-02  1.45747143e-02
  -6.64817037e-02  6.41996732e-02  5.62081707e-02 -3.08578003e-02
  -4.66201162e-02 -3.16334709e-02 -6.21776467e-02 -8.13728535e-02
  -7.99675259e-02  9.09533250e-02  5.04621639e-02  8.32989705e-02
  -2.19354717e-02 -9.24088713e-03 -4.70985141e-02 -1.79326062e-02
   1.32609968e-01 -2.73682097e-02 -5.06631485e-02 -4.83918537e-02
  -1.16897887e-02 -8.41122955e-03  1.28806087e-01 -1.23030823e-01
  -7.55598884e-02 -8.89708110e-02  1.06548453e-01 -1.11470329e-01
  -5.02872420e-02 -1.09621088e-01 -2.24006243e-02  2.76934614e-02
  -5.82751478e-02 -1.52487457e-02 -7.15246609e-02 -5.33548720e-02
   8.28150819e-02  1.97209111e-02 -7.45915088e-02 -8.24153173e-02
   5.30375812e-02 -1.06155248e-01  9.62793468e-02  2.50868768e-02
   5.65745460e-02 -3.94766803e-02 -3.09901920e-02 -1.48930945e-02
   9.37666607e-02  9.95797037e-03  1.50629947e-02  1.28103144e-01
  -5.76091174e-02  8.29691941e-02 -7.76976700e-02 -2.04059046e-02
   2.92238437e-02  9.05641370e-02 -9.80958868e-02  5.30781966e-02
  -9.20194873e-02 -2.74074441e-02  1.22476268e-01  1.93323543e-02
  -1.01941512e-01  8.74164659e-02  9.55122120e-02  3.68262455e-02
  -5.37201004e-03  7.97787690e-02  3.40155433e-02  7.55375472e-02
  -9.75534443e-02  8.80703965e-03 -4.24713213e-02 -5.22299864e-02
  -1.18227643e-02  1.98747067e-02 -5.14256277e-03 -9.79206598e-02
  -5.58362707e-02 -5.04181850e-02  1.12910991e-02  2.61837415e-02
  -1.39805635e-02  2.16537633e-02  2.72974126e-02  9.52983231e-02
   1.44278946e-02 -7.34346293e-02 -7.83713353e-02 -7.41317578e-02
  -5.61683718e-03 -4.94987063e-02 -1.82864761e-02 -4.33208942e-02
  -5.28683704e-02 -9.79351006e-02  5.59451131e-02 -4.88549322e-02
   7.11055819e-02  1.77176286e-02  5.72749723e-02  6.55647185e-02
  -5.78654369e-02  4.69839957e-02  7.92572609e-02  5.28042965e-03
   8.69081325e-02 -1.05912960e-01 -4.11619815e-02  8.44384214e-02
  -4.22603390e-02 -4.84199308e-02 -4.55338493e-02  3.92422981e-05
  -6.01069424e-02  2.44515291e-02 -1.74052670e-02 -1.01935857e-01
   2.71164587e-02 -2.32043241e-03 -9.93029328e-02 -2.92855758e-03
   1.17189482e-02  9.56271736e-02  9.76758914e-03  8.47298947e-02
  -3.08510264e-02 -3.19076693e-02  6.72556655e-02 -6.89262484e-02
   6.95107063e-02  1.05247915e-01 -9.63652208e-02  1.51964173e-02
   4.95340777e-02 -6.94714767e-02 -3.49490929e-04 -8.87194727e-02
   2.77840400e-02 -1.01246390e-01 -9.02488255e-02 -4.31019224e-02
   2.15115726e-02  7.59960840e-02 -7.01682148e-02  3.41951687e-02
   3.81310890e-02 -1.10436222e-01 -6.74709462e-02 -7.67760084e-02
   2.75071833e-02  7.50160805e-03 -1.05312655e-01 -6.49857671e-02
  -7.33435218e-02  4.05809836e-02  5.82379259e-02  1.01828665e-01
   2.37700929e-02  1.49066214e-03 -4.50525151e-02  1.71294848e-02
  -5.59227046e-03  9.96765315e-02 -9.96186925e-02 -3.40165909e-02
   7.99060060e-02 -4.94513737e-02]
 [ 1.26693172e-01 -8.35347520e-02 -2.90659120e-03  7.17254512e-03
   9.78011429e-02 -4.54907652e-02  7.84983881e-02 -1.22047456e-02
  -2.19362778e-02 -7.81424413e-02 -6.40123434e-02 -6.17088202e-02
  -9.65264571e-02  7.90169550e-02  3.52240012e-04 -7.39594799e-02
  -9.75630191e-02 -4.45391444e-02 -5.78553277e-02  1.20206054e-02
   2.15251607e-02 -4.20677030e-02  1.47456590e-02  4.40190737e-02
  -1.11875739e-01  9.32470048e-02 -7.42827232e-02 -1.91610699e-03
  -7.07249161e-02  4.67072024e-02  5.10368860e-02  7.16702781e-03
   3.66964158e-02  3.07258662e-02  6.22847132e-02 -1.33381767e-02
  -4.82296520e-02 -3.69012668e-02 -5.11108897e-02 -1.95789996e-02
   8.08324459e-02 -1.28596954e-01 -2.58044575e-03  5.74592925e-02
  -1.53056047e-02 -1.03332946e-02  9.62926380e-02 -1.02162773e-01
  -6.21113156e-02 -3.87397890e-02 -9.14927160e-02  6.92380953e-02
   3.47686941e-02  7.93199570e-02 -2.95760422e-02  2.83788013e-02
  -9.80369527e-02 -6.20277913e-02 -1.91304426e-03  6.94321986e-02
   4.13870698e-03 -9.77980700e-02 -8.98772698e-02  8.29982394e-02
  -8.63929152e-02 -5.86334304e-03 -5.51443994e-02  2.81787042e-02
   1.05430129e-02  1.08392821e-01  7.20917926e-02  3.06387600e-02
  -5.80221988e-02  8.74891364e-02 -4.58457763e-02 -9.47313458e-02
   5.76882255e-02  7.21473181e-02 -9.41737376e-02 -4.20575880e-02
  -3.38817191e-02  4.67611302e-02  7.17017996e-02 -1.09958490e-01
  -5.09609946e-02  8.53004472e-02  8.86879859e-04  5.74782508e-03
   4.51147097e-02  1.17476831e-01  1.02773835e-02 -6.19845514e-02
   6.35590225e-02  1.64637459e-02 -7.13794246e-02 -2.44194751e-02
   3.83294956e-02  1.05878749e-01  1.25510235e-02 -6.08796968e-02
   2.98787688e-02 -2.44969838e-02  8.23757477e-02  1.31051986e-02
   2.65337470e-02 -3.41145520e-02  1.03657848e-01 -6.16535881e-02
   5.44707791e-02 -7.19774834e-02 -1.23200323e-01  1.08698444e-01
   9.94213740e-02 -6.69956193e-02 -6.38681300e-02 -1.78317477e-02
  -1.15173127e-02 -7.45392918e-02 -3.25125096e-02  5.15857756e-02
   4.77580689e-02  1.36932004e-01 -2.64963334e-02  2.51714105e-02
  -1.19411128e-01 -6.64025033e-03  5.55778413e-02  3.91649083e-02
  -2.09425316e-02 -1.13581804e-01 -2.07003558e-02 -2.93462279e-02
  -6.42589420e-03  6.62035526e-02  4.22951882e-02  3.64348629e-02
  -5.30483843e-02  1.01346680e-01  4.63789833e-02 -1.06247011e-01
   3.52294781e-03  8.00533853e-02  4.97336235e-02  9.91701017e-02
   5.32618489e-02 -1.74048966e-02 -4.46784431e-02  5.55414881e-02
  -3.38244719e-02  2.72362989e-02 -1.04101239e-01  7.66097827e-02
   7.73838900e-02 -1.00371490e-01  1.09141500e-01  9.21440483e-03
  -1.98780737e-02 -3.65990488e-03  1.73765975e-02  6.69455217e-02
   6.16963280e-02 -3.01542834e-02  8.12863234e-02 -3.86824948e-03
   8.33244390e-02  4.43543791e-02 -9.22346880e-02  9.66310721e-02
  -8.24168535e-02  4.35085124e-02  4.43409455e-02  8.98488823e-04
  -3.08884018e-02 -5.81797150e-02  6.82587868e-04  3.12557187e-02
   4.11223661e-02  6.76735954e-03 -9.53334659e-02  2.87701967e-02
   2.56265015e-02  1.11038552e-01 -6.87179620e-03  4.05552250e-02
  -1.04505287e-01  1.78449422e-02 -5.90237895e-02 -5.46719248e-02
  -3.41610503e-03  4.97931411e-02  5.11186077e-02 -3.25927278e-02
  -5.45677380e-02  1.00323868e-01  5.36467384e-03  5.92898734e-02
  -3.78599342e-02  7.17983784e-02  1.02352336e-01  2.11501932e-02
   7.58200862e-03  2.29475100e-02  7.47383296e-02 -4.79194198e-02
  -6.83640437e-02  6.74513938e-02  3.45136574e-02 -8.87333864e-02
   8.06103970e-02 -7.10228926e-02 -5.64623955e-03  6.91213220e-02
   1.15974471e-02  1.06383244e-01  1.07851715e-02 -1.03718034e-02
   9.67057515e-02 -1.06389056e-01 -9.22586820e-02  9.90309246e-02
  -6.27788155e-02  5.89161799e-02 -6.73862072e-02  8.47605602e-02
   4.07547046e-02  2.98286632e-02 -9.87029689e-02  5.40441490e-02
   4.48907263e-02  9.26732480e-02 -6.99334722e-02  3.26754663e-02
   7.39519329e-02 -6.27514583e-02  6.59586237e-02 -4.78056985e-02
  -3.34518108e-02 -7.51808405e-02  1.40064925e-02 -5.17797751e-02
  -2.14483826e-03  2.09769624e-02 -3.89469456e-02 -2.67775302e-02
   5.99404483e-03  4.19015406e-02  9.20074051e-02 -3.62164359e-02
   3.81090723e-02 -9.31714694e-02]
 [ 1.03737619e-01  8.82475060e-02  3.10003029e-02 -2.88797143e-02
  -1.69955113e-02  6.82214146e-02 -4.72873872e-02  9.26740754e-02
   8.84961885e-02  6.59962611e-02 -2.27054443e-02  9.59623890e-03
  -9.67867974e-02 -4.43409143e-02 -8.99265544e-02 -9.14657688e-02
  -4.63434844e-02 -7.37341481e-02  8.81853698e-02  6.94512804e-02
  -4.76856944e-02  1.83100146e-03  9.61122981e-02  4.69832473e-02
  -1.10372947e-01  1.29858712e-01  9.18767106e-02  8.42975334e-02
   7.63333054e-03 -7.44790362e-03  8.51809480e-02 -4.53149004e-02
   5.67959582e-02 -5.29231710e-02  1.08053015e-01  7.04680198e-02
  -1.24298559e-01 -8.81874633e-02 -9.74803578e-02  6.04574825e-02
  -5.67835421e-02  2.57749884e-03 -1.82128464e-02 -5.24185805e-02
   4.35629963e-02 -9.66279560e-02  2.41310294e-02 -1.49439663e-02
  -4.05235752e-02 -4.89296447e-02 -7.50786998e-04 -2.79926163e-02
   7.66350611e-02  4.61694349e-02 -5.28826011e-02 -5.39744950e-02
   8.41423083e-02  5.74705828e-02 -3.74297063e-02  8.83214931e-02
  -7.43366976e-02  6.96780193e-02  1.38836754e-03 -8.80980661e-03
   6.87024637e-02  8.01110980e-02 -1.18973950e-01 -6.31729521e-02
  -6.32682379e-02 -6.34927849e-02  1.11420918e-02  1.08661671e-01
  -8.06131917e-02  3.19369106e-02 -8.03580231e-03  6.02001594e-02
   8.48591583e-02  5.14067986e-02  6.41672266e-02  4.32038671e-02
  -4.51866652e-02 -6.24862932e-02  2.36950385e-02  8.68472150e-02
   1.37676549e-02  7.18142150e-02  9.06612843e-02  1.15239731e-03
  -5.72352708e-02 -3.14022404e-02 -3.94976627e-02  8.05786800e-02
   6.42571192e-02  2.23649176e-02  7.87688486e-02 -1.12597402e-02
  -4.49041913e-02  2.16457541e-03 -4.54331999e-03 -3.14890027e-03
   1.02729813e-01  9.55779652e-02  1.06131897e-01 -2.89611629e-02
   2.96244773e-02  6.31408032e-02 -1.67472355e-03  1.24257127e-02
   8.16160845e-02 -1.14962716e-01  5.42673545e-02 -1.88134710e-02
   6.80162621e-02  1.07787650e-01 -4.94395350e-02 -7.87079709e-02
   3.36729047e-03 -5.74197295e-02  1.20866007e-01  4.13038257e-02
  -5.24602034e-02 -3.84557569e-02 -5.46588577e-02  1.52656593e-02
  -1.33699639e-02 -4.45026509e-02  1.05485233e-01  1.98238691e-02
  -2.89846567e-02  1.18487132e-01  5.03405011e-02  5.75532856e-02
   5.59432050e-03  2.88191950e-02 -5.51092392e-02 -8.65138186e-02
  -9.41242368e-02  1.07030189e-01  7.87117568e-02 -1.32250780e-01
   5.22549800e-02 -5.82627608e-02 -5.61588156e-02  2.74829125e-02
  -2.35470702e-02 -9.50209127e-03 -8.90648415e-02 -5.07241246e-02
   7.74691043e-02 -6.00405465e-02 -8.95382006e-02 -1.29585320e-02
   5.41095259e-02 -6.33421285e-02 -1.02090118e-01  5.28975541e-02
   5.46450666e-02 -8.54564171e-02 -6.57938983e-02  5.52226777e-02
   6.76450659e-02  4.08041925e-02  1.14929366e-02  2.15410734e-02
  -7.56984765e-02 -5.24846936e-02  4.92507772e-04  5.24369168e-02
   6.72904987e-02 -1.17997228e-01  7.32606937e-02 -4.78063108e-02
  -5.29495009e-03  3.57517881e-02  6.53706128e-02 -6.19236302e-02
  -1.13926643e-02 -6.76896942e-02  1.70956297e-02 -3.89109603e-02
   5.14428022e-02 -1.18016170e-02  4.98042186e-02  2.12209258e-02
  -3.05510394e-02 -8.05042919e-02  8.81423331e-02 -4.40826254e-02
   5.97212315e-02  1.05350029e-02  4.15243610e-02  5.31491438e-02
   6.66935995e-02  4.17154644e-02  7.48608114e-02 -5.51092240e-02
   1.52038208e-02  9.47053898e-02 -4.97342188e-02  8.38600948e-02
   8.17844069e-02 -3.64269566e-02 -2.02948642e-02 -3.97088503e-02
   5.49409348e-02 -1.54105871e-02  4.55382606e-02  6.27911207e-02
  -5.88875020e-02 -9.01772084e-02  6.00687502e-02  1.03025695e-02
  -1.11078530e-01 -2.08771178e-02 -6.20307639e-02 -1.36412722e-02
   6.28373668e-02 -1.89592123e-02  4.68858175e-02 -9.43602899e-03
   1.06614801e-01 -1.10755793e-01  6.84227252e-03 -3.14429056e-02
  -3.18478359e-02  4.00139289e-02  5.19767703e-02 -6.23172842e-04
   9.51861174e-02 -6.52032910e-02  7.28317837e-02 -8.36348350e-02
   1.81422629e-02  1.97403869e-02 -3.20449366e-02 -1.40651608e-02
   1.68419386e-02 -2.57034384e-02 -1.02677919e-01 -3.84246368e-03
  -3.72287072e-02 -9.72142530e-03 -1.23125831e-01  6.77720229e-02
   3.66687874e-03 -6.38027304e-02 -8.83538225e-02 -8.15119543e-02
  -7.17452931e-02 -7.04669322e-02]
 [ 1.83062504e-02 -2.75386561e-02  6.72826123e-02 -1.80844672e-03
  -4.30384770e-02 -7.66288413e-02  2.85704788e-02 -4.63452918e-02
  -4.32607714e-02  2.92452514e-03  9.96219786e-03  6.62504303e-02
  -7.06334787e-02 -2.70469267e-02  1.06573198e-01  5.45712857e-02
   7.13914745e-02 -8.07156462e-02 -1.77073294e-02  8.62480692e-03
  -8.39111829e-02 -2.18950590e-02  7.94972470e-02  1.51702117e-02
  -5.01467783e-02  1.11041746e-02 -4.84882198e-02 -4.14382826e-02
  -1.06327846e-01 -4.17412976e-03 -1.53329538e-02  2.68021152e-02
  -9.46587782e-02 -8.04321266e-02 -3.87570378e-02  2.66896744e-02
   8.64596625e-02 -5.15235085e-02 -2.20482818e-02  2.95812104e-03
  -1.93066484e-03  7.36389751e-02 -1.12345924e-01 -1.03653417e-01
  -5.15706298e-03  2.48100489e-02  6.70701648e-02 -3.69509544e-02
  -1.90690840e-02 -1.90826384e-03 -6.09585981e-02  5.51565896e-02
   1.01376081e-01 -1.08338644e-01  2.94992385e-02 -6.36597892e-02
  -9.75895236e-02 -7.39216088e-02 -7.86254478e-02 -1.08262406e-01
   5.32883209e-02 -3.09455200e-02 -4.71261212e-02 -4.76661786e-02
  -4.67199294e-02 -8.08804580e-02 -2.93617183e-02 -1.17813473e-01
  -1.83797717e-02  7.63710071e-02  6.15290152e-02  3.12213157e-02
  -1.29372473e-02  4.55233014e-02  9.07796918e-02  1.14414642e-01
  -1.53703950e-02 -6.40308601e-02  3.31166718e-02  1.25950626e-01
  -1.05673409e-01  7.68412008e-02 -5.23444270e-04  4.18423185e-02
  -5.74466550e-02  1.69756707e-02 -2.53391266e-02 -1.48522298e-02
  -8.75793028e-02 -5.06527686e-03  6.10112111e-02 -3.64945538e-02
  -9.14851578e-02 -7.86651621e-02 -5.32763846e-03 -2.29235751e-02
   4.29538309e-02  9.73527656e-02  1.70947179e-02 -2.67764656e-02
  -3.33890399e-02 -2.56032354e-02  1.18380947e-01 -1.46273486e-03
   5.36934152e-02 -7.92324414e-02 -5.66886119e-02  8.69114603e-02
   1.03326279e-01 -7.51017343e-02  1.04954552e-01  5.00688891e-02
   6.34440353e-02  6.51224791e-02 -2.64298443e-02 -6.45849078e-02
  -4.87655293e-02 -1.37164558e-01  1.33610070e-02  1.25363705e-02
   6.70010623e-02 -2.49069436e-02  1.21122835e-02  3.27364710e-03
   4.89960884e-02  2.80762372e-02  8.52542511e-02  5.21625379e-02
  -8.44659776e-02  1.11055416e-01 -7.02603696e-02 -5.20712306e-02
   2.45132469e-02 -8.20786273e-02 -1.41328527e-01 -7.50684526e-02
  -2.81700209e-03 -8.21869218e-02  5.49427307e-02 -1.07022307e-01
  -9.59562790e-02 -5.49670159e-02  1.20755737e-01  6.15855522e-02
  -5.91285552e-02 -6.46479391e-02 -3.90791137e-03 -2.04322236e-02
   6.64762962e-02  7.47071205e-02 -6.29718883e-02 -5.51727834e-02
  -6.76393082e-03  5.94584238e-02 -9.09076081e-02  5.07363616e-02
   5.99491596e-02  7.34939958e-02  1.06107716e-01  2.05261763e-02
  -4.18689155e-02  6.46761481e-02 -5.49534905e-02 -2.09346596e-02
   1.05710953e-01  1.12533534e-02 -1.83986382e-02 -9.12784408e-02
   2.82057436e-02 -1.97428303e-02  9.19969832e-03  1.16294417e-02
   2.26034725e-02  8.01750402e-02  1.09291369e-01  3.09237084e-02
  -1.09243016e-01 -5.60587772e-03  3.37293147e-02  8.35503769e-02
   4.59612922e-03 -7.02349421e-02  3.52455758e-02 -9.53621657e-03
  -5.55416310e-02 -8.04092755e-02 -3.93349957e-02 -8.38241899e-03
  -7.00585952e-02 -1.11262766e-01  9.02414723e-02 -2.46030538e-02
   2.49841596e-02 -6.62958044e-02 -1.47698640e-02 -5.85633543e-02
  -2.22209108e-02 -8.64273281e-02  3.05685197e-02  6.04247344e-02
  -8.35593250e-02  4.78879224e-03  1.44031741e-02 -4.20140743e-02
  -8.70062701e-02  1.25623391e-02 -2.70243404e-02 -8.23454281e-02
   9.60568409e-02  8.29264760e-02 -5.17763566e-02 -8.26703873e-02
   8.15537432e-02  6.32666287e-02 -7.23497055e-02 -8.57180441e-02
   1.53301866e-02 -6.64231533e-02  1.53064924e-02 -7.91145214e-02
  -4.91398744e-02  3.92377898e-02  2.92849161e-02  6.82996662e-02
   8.37357376e-03 -6.35596315e-02 -9.34059680e-03 -2.19096802e-02
  -6.57419963e-02  2.57928455e-02 -9.42632204e-02 -1.07956685e-02
  -4.92468342e-02 -5.71394692e-02 -1.29354391e-01 -6.32613031e-02
   5.89501090e-02  6.04160826e-02  7.80064360e-02 -1.42647190e-02
   4.27246144e-02 -7.64826481e-02  6.26735503e-02  1.04103973e-01
   5.79688906e-02  9.67279858e-02 -4.05286881e-02  3.61423318e-02
  -1.14872425e-01 -3.15090568e-02]
 [ 9.68119707e-02 -8.96055276e-02 -1.88055605e-02 -5.47498993e-02
  -2.77107146e-02  4.24913309e-02 -5.89513108e-02  6.15027078e-02
  -2.83186154e-02  9.43489155e-02  2.88857012e-02 -4.01445525e-02
  -2.16021071e-02  6.95824554e-02 -3.99683557e-02 -1.01406774e-01
  -5.73193603e-02  5.97810060e-02 -6.54034556e-02 -6.66968984e-02
   1.57123100e-02  4.37808436e-03 -6.35559680e-02  3.70619237e-02
   1.74218694e-02  2.08993358e-02  9.36981468e-02 -3.50330110e-02
   6.93824096e-02  3.93449052e-02 -1.03810739e-01 -5.95083332e-02
  -8.17820194e-02  1.10614612e-02  2.83333174e-02  9.87001497e-02
   1.17700795e-03 -6.14530945e-02  4.94789907e-02 -5.70319776e-03
   9.34272334e-02  3.70742422e-02 -7.95461485e-02  8.06358343e-02
  -3.15404901e-02 -9.70049816e-02  7.23185409e-02 -2.69306186e-02
   8.61639549e-02 -8.12013466e-02  9.06172140e-02 -1.16955526e-01
  -9.26385392e-02 -9.36105128e-02  5.89006252e-02 -5.83354601e-02
   7.37374828e-02  5.68119230e-02  7.75410411e-02  6.86669025e-02
   6.57682847e-02 -4.76129530e-03  2.36515501e-02 -1.21087446e-02
  -9.61804802e-02 -2.32618967e-03 -3.70947794e-02  1.96422578e-02
  -4.00758326e-02  1.10417098e-01  4.72117823e-02  6.75820381e-02
   1.90015483e-02  3.25458502e-02  9.22179290e-02  9.21052162e-02
  -9.96622316e-02 -3.98654180e-02 -1.21784859e-01  8.55735945e-02
  -1.72129943e-03 -4.50908473e-02  4.01887212e-02  2.46230127e-02
  -6.87055824e-02 -8.98793209e-02  7.68231748e-02  1.87038993e-02
   8.74433067e-02 -9.07090763e-02 -5.77531552e-02  9.27986978e-02
   4.72184101e-02 -2.77971856e-02  4.53308619e-02  3.35893189e-03
   8.89751161e-02  2.02734271e-02  4.82263582e-02  1.04583818e-02
  -1.16646200e-02 -6.39134225e-02 -3.98263025e-03  7.70549398e-02
   1.16741785e-01  7.07692448e-02 -2.45583665e-02 -2.25858719e-02
  -7.84501674e-02 -6.89319064e-02  6.61168859e-02  2.16360362e-02
   1.95871132e-02 -2.81431945e-02 -8.91353069e-02 -1.03220780e-01
   6.45776662e-04  7.81035695e-02 -1.04168516e-01  5.52930422e-02
  -2.53820370e-02  7.03322310e-02 -6.68184692e-02 -5.79869822e-02
   1.27871740e-02 -2.42366964e-02 -6.73372296e-02 -1.09628811e-02
  -7.58948355e-02 -1.16325346e-01  1.95534453e-03  1.14596678e-01
  -1.09442405e-01  5.73853626e-02  5.24531375e-02 -3.14908748e-02
  -1.33510507e-01 -3.97845601e-02  9.77259221e-05  2.28352119e-02
  -2.24296768e-03 -7.85046157e-02  4.19131397e-02 -8.74866395e-02
   1.13309454e-02 -6.57307750e-02  4.22342200e-02 -1.36391681e-02
  -4.97367682e-02 -8.08074728e-02 -5.83980150e-02 -6.35183686e-02
   6.17118980e-02  8.69545072e-02  9.31159639e-03  1.02933452e-01
  -9.41611737e-03  5.01499085e-02  1.32105131e-02 -9.75169354e-02
  -3.03649838e-02  9.40776796e-02  5.51370341e-02  3.56490973e-02
  -4.68352754e-02 -3.47725382e-02  2.59390158e-02  1.07208293e-01
   5.41238682e-02 -4.37146749e-03  7.55645606e-02  4.06638395e-02
   4.96316438e-02  6.41911949e-02 -3.11205139e-02  8.54887506e-02
  -6.40792542e-02  9.00719989e-02  7.77552038e-02  3.74171706e-02
   8.06992712e-02  9.34660370e-02  5.49290570e-02 -3.72466857e-02
   7.64265142e-02  4.48086205e-02  8.07618594e-02 -7.78784280e-02
  -8.03166045e-02 -4.56307514e-02 -7.13192810e-02 -1.06400355e-01
  -1.21805736e-01 -5.62371365e-02  2.94228682e-02 -6.16634569e-02
  -8.29084467e-02  7.00559802e-02  7.69584652e-02 -7.82277670e-02
   6.76936711e-02 -9.35111456e-02  8.60319619e-02  3.42507459e-02
   9.16240097e-02 -2.39815811e-02 -8.68778251e-02 -6.87997045e-02
   1.26029659e-01  1.74891047e-02  5.02432266e-02 -2.45755332e-03
   5.41943765e-02 -3.35475940e-02  7.16693571e-02 -1.05369617e-01
  -1.59900537e-02  3.02433068e-02 -6.84130134e-02 -4.84309626e-03
   4.10463403e-02  1.14767555e-02 -2.22288136e-03  7.76645016e-02
  -2.54265000e-02 -4.39578607e-02 -1.13692419e-02  1.40311367e-02
  -3.46358415e-02 -2.55485661e-02 -7.08589874e-02  2.68702870e-02
  -4.22462051e-02  1.73712198e-02 -1.70507432e-02 -1.71613609e-02
  -7.44913065e-02 -1.94712824e-02  5.05720114e-04 -2.02493110e-03
   6.41049943e-02 -3.57517314e-02 -1.15520619e-01 -2.90013599e-02
  -4.61082214e-02  4.38112835e-02 -8.27995704e-02  3.63062384e-02
  -8.36165747e-02  3.18585156e-02]
 [ 5.79890298e-03 -1.08813759e-01  5.90270292e-02  3.74115871e-02
   3.56677046e-02 -6.08262277e-02 -8.17637424e-02 -1.33682693e-01
  -5.43471197e-02  1.99741598e-02 -2.03007323e-02 -4.43490744e-02
  -7.31394076e-02 -6.54194222e-02 -7.49145642e-02  1.10376464e-01
   1.02929804e-02 -4.64341778e-02  8.43406112e-02  3.70418984e-02
  -4.97996225e-02  2.52021333e-03 -8.01884211e-02 -4.60956084e-02
  -2.57222211e-02 -6.95635638e-05  1.19100151e-01  4.16749331e-02
   6.35840191e-02 -1.00513521e-01 -2.48178876e-03  1.13836016e-01
  -6.56989378e-02  3.05071805e-03  9.30677389e-02  8.33525281e-02
  -3.60231856e-02 -4.58742996e-02  7.96628799e-02  8.58449335e-02
  -5.29575368e-02  6.48673984e-02 -4.89181374e-02 -3.66754705e-02
   7.71293630e-02  5.91846073e-02 -5.81229582e-02  4.97047477e-02
   7.89809249e-02  1.02160414e-02 -4.29059164e-04 -7.95724134e-02
   5.22479173e-02  2.67763281e-02  7.60748243e-02 -7.18300345e-02
  -7.52207893e-02  6.41475435e-02  8.87738750e-02 -1.22424745e-01
   6.19337472e-02 -5.63537588e-02 -9.99726935e-02  7.44518804e-02
   6.16077174e-03 -5.68425385e-02 -4.51697202e-03 -2.12052717e-02
  -3.23606243e-02 -1.81644771e-02  1.69701845e-02  8.90421607e-02
  -2.08839736e-02  5.56588040e-02 -4.53243562e-02 -8.28915482e-02
   9.96844700e-02 -3.84116975e-02  6.79078756e-02  7.47312576e-02
  -5.73631649e-02 -5.59211313e-02  6.45441870e-02 -2.33051993e-02
   9.66786898e-02  1.05990076e-01  8.46539199e-04 -1.00417688e-02
  -1.32811166e-02  2.88735895e-02  1.31412711e-02  8.30458685e-02
  -9.24734115e-02  5.00519705e-02  6.12818365e-02  6.76674369e-02
   1.65498613e-02 -9.16780835e-02  2.89224704e-02 -7.12129419e-03
  -1.00932949e-02 -2.31274969e-04  1.04431528e-01  1.65008794e-02
  -9.22399616e-02 -9.36211290e-03  8.42431832e-02  9.43592028e-02
   1.20820536e-01  1.55597060e-02 -5.53286381e-02  1.04317281e-01
  -7.40420257e-02 -5.89072377e-02 -9.03120765e-02  3.22960884e-02
   2.05588531e-02  1.26514393e-01  1.10926217e-01 -4.98269830e-02
  -1.10508062e-01 -4.05067496e-02  5.38589405e-02  4.69099762e-03
  -2.37986076e-02  4.06281307e-02  7.82868013e-02  1.15365245e-03
  -9.85252640e-04 -5.30203996e-02  1.09944667e-01  2.69873781e-02
   8.85785875e-02  7.91812115e-02  4.92740379e-02 -1.49925588e-02
   9.82877737e-02 -2.05089720e-02 -3.04560016e-02  1.00199132e-01
  -6.16498648e-02 -7.85167138e-02 -4.17411502e-02 -9.80114223e-02
   8.20539026e-02  8.60058048e-02  6.90865736e-02  7.48981766e-02
  -9.99984872e-02 -5.45747078e-02 -3.72435202e-02 -4.14270570e-02
   1.35906127e-02 -4.38734521e-02 -5.48572378e-02 -4.16016254e-02
  -2.21834639e-02 -1.03502059e-01  9.92419671e-02  3.90680055e-04
  -7.40892552e-03  2.04004096e-02  1.13737050e-01  4.61698858e-02
  -5.63767565e-02 -4.84605555e-02 -3.64115214e-02  7.01009831e-02
   4.96008875e-02 -5.23974206e-03  3.17962932e-02  8.41082386e-02
  -7.76110878e-02  1.08786480e-02 -7.96409689e-02 -1.65742532e-02
  -3.34095276e-02  1.92260656e-02 -1.36415768e-02  2.01662677e-02
  -2.41889034e-02 -4.34896808e-02  3.15700990e-02 -5.80059566e-02
  -8.15521190e-03  5.13695722e-02  8.51290892e-02 -3.48926411e-02
  -5.29055062e-02  8.01475643e-02 -2.28252836e-02  4.33138331e-02
  -1.28918834e-01  1.15391251e-01  5.61365802e-02  7.35467894e-02
   1.05339682e-01 -4.51832051e-02  3.71158970e-02  2.47005020e-02
   3.27427137e-02 -4.62186497e-02  4.14904645e-02 -1.65702921e-02
  -1.12849640e-01 -6.02917620e-02  6.22059244e-02 -3.15964769e-02
  -9.34165107e-02  7.95240614e-02 -8.01216754e-03 -2.16869101e-02
   7.83350485e-02  7.51909473e-02  5.76539950e-02 -2.14178184e-02
   1.22266046e-01  8.16643986e-02 -2.63327281e-02 -9.36325288e-02
  -3.73860745e-02 -4.67604021e-02  6.52940487e-02  3.53083096e-02
  -6.03933261e-03 -5.36225472e-02  5.79147526e-02 -9.17336042e-03
  -5.97569785e-02 -2.00072938e-02 -4.35269298e-02  3.90305667e-02
   3.66625956e-02 -9.90483957e-02 -2.73000755e-02 -5.09025285e-02
   2.01088082e-02 -1.13999307e-01  9.30062623e-04 -3.44872451e-02
   7.74562869e-02 -9.46010261e-02  1.04878754e-02 -3.10359951e-02
   3.87693818e-02  4.34354515e-02  7.11051941e-02  8.95317681e-02
   3.85716155e-03 -4.47486084e-02]]