[[-1317.04353849  1317.05031903]
 [  919.83535304  -919.83185579]
 [ -137.32663765   137.31146055]
 [ 1045.07733181 -1045.06662587]
 [-1277.90565901  1277.90563896]
 [ -668.66465982   668.66393635]
 [   -8.25651632     8.2731232 ]
 [ -307.56477684   307.52887738]
 [ -189.2776545    189.29101904]
 [ 1296.43730343 -1296.42103557]
 [  632.20848807  -632.1819529 ]
 [ 3044.02910797 -3044.01814386]
 [-1613.82323174  1613.79464141]
 [ -579.65636279   579.63373093]
 [  -10.57197873    10.5848064 ]
 [ 1355.81570555 -1355.74126212]
 [ 1559.36880543 -1559.40515681]
 [-1372.53304852  1372.55706674]
 [ 1781.69977817 -1781.66602959]
 [  585.31458333  -585.27686234]
 [ -135.04478934   135.05430576]
 [ 1862.24206165 -1862.21994462]
 [ -412.14183562   412.13507997]
 [  132.50374968  -132.4831492 ]
 [ 1445.749541   -1445.7387187 ]
 [ 1406.27229873 -1406.20770363]
 [ -136.2131931    136.20352178]
 [ -420.29999525   420.31900153]
 [  930.52317566  -930.51508759]
 [-1721.70548881  1721.71386685]
 [ 1353.62195342 -1353.60912226]
 [ -434.89978772   434.91227048]
 [-1042.81520861  1042.82885664]
 [ -331.13899666   331.12536642]
 [ 3072.87837691 -3072.78837944]
 [  645.067603    -645.04599357]
 [ 2134.46207477 -2134.47457745]
 [ -272.32167852   272.33188502]
 [ -317.88531948   317.87923799]
 [ -688.82816851   688.823984  ]
 [ -733.72504866   733.71167309]
 [  867.94017796  -867.93473556]
 [ -379.90038226   379.90572586]
 [  637.76322103  -637.70019629]
 [ -768.4681809    768.47119886]
 [ -697.94675736   697.95085871]
 [ -319.33804064   319.33273182]
 [ 1128.10543087 -1128.10159262]
 [  535.30298875  -535.23083094]
 [ 1788.56327476 -1788.5700196 ]
 [-1959.77428738  1959.75862462]
 [  562.20565085  -562.20685139]
 [-1316.82136298  1316.81345773]
 [-1478.694881    1478.69270755]
 [ 1311.46750952 -1311.43110733]
 [-1006.89419527  1006.92307724]
 [-2386.63072969  2386.64069304]
 [-2141.11315118  2141.1129078 ]
 [ 1254.21556204 -1254.21016082]
 [ -748.8807276    748.85232514]
 [ 1031.60387439 -1031.56414127]
 [  272.20888072  -272.18088155]
 [-1175.23525812  1175.22773213]
 [ -249.88072526   249.92224318]
 [  841.42682266  -841.42060266]
 [-1004.33079575  1004.32865091]
 [  170.84318129  -170.84378724]
 [-1210.91562228  1210.95254164]
 [ -129.39785472   129.40056912]
 [  247.03568605  -247.03782068]
 [   76.93947695   -76.92784164]
 [ 1460.14214859 -1460.13981552]
 [  823.5209894   -823.50408779]
 [ -397.49245441   397.51804226]
 [-2372.06831968  2372.04124157]
 [ -728.42670506   728.46548132]
 [ 1846.28846663 -1846.27664071]
 [ -740.32959593   740.36752192]
 [-1399.24387777  1399.25149214]
 [ -125.75805273   125.76365387]
 [   73.1420925    -73.11949592]
 [ -228.78728216   228.78235859]
 [-2495.49256361  2495.50698885]
 [-1235.14179161  1235.13919874]
 [ -681.62597714   681.60872565]
 [ -109.95583723   109.96678451]
 [  971.51662672  -971.49709426]
 [ 2475.85183298 -2475.84577311]
 [   62.8053253    -62.80684376]
 [  256.8237478   -256.79305437]
 [  448.64978093  -448.64541603]
 [  473.50342832  -473.49841408]
 [ -719.59208692   719.58576304]
 [ -355.3482558    355.32423332]
 [ 1135.72944678 -1135.72373756]
 [ -101.11200851   101.08776925]
 [ -162.46886317   162.43673094]
 [  143.70600144  -143.6961489 ]
 [ 1521.48441602 -1521.45685445]
 [  385.85480056  -385.83091563]
 [ 2857.78390218 -2857.69774443]
 [  757.97849835  -757.9879229 ]
 [ -430.64933087   430.69382165]
 [  269.91825414  -269.91084633]
 [-1700.79868767  1700.76518777]
 [  870.04069605  -870.00798234]
 [ -585.84047778   585.8712367 ]
 [  437.36494955  -437.32497632]
 [  871.30619443  -871.29618299]
 [  819.13816217  -819.12492741]
 [ -647.49740406   647.51510786]
 [ 1412.91457923 -1412.93665052]
 [  304.89874987  -304.86642708]
 [-1198.58257688  1198.56404301]
 [ 2480.80877754 -2480.78638767]
 [  186.73974264  -186.74719373]
 [  153.03071028  -153.0171356 ]
 [  664.07880477  -664.07093563]
 [-1134.28866293  1134.27854888]
 [ -393.75655202   393.75089505]
 [  481.27602964  -481.27428608]
 [  251.67918342  -251.66462684]
 [ -100.24603545   100.25159043]
 [-3307.15384527  3307.13725147]
 [  980.96968887  -980.9907373 ]
 [ 1527.12573776 -1527.11900265]
 [ -731.3852776    731.37429709]
 [  359.89916103  -359.88273016]
 [-2504.72218027  2504.75729621]
 [  764.21200865  -764.20964459]
 [ -695.90486619   695.92214218]
 [ -190.031871     190.03994754]
 [ -494.73780993   494.74458667]
 [ -154.80339184   154.79609856]
 [  777.52644277  -777.5154671 ]
 [ 4296.49105532 -4296.37022186]
 [ -266.34804514   266.30365679]
 [  108.17304815  -108.16902363]
 [ -172.30988556   172.3111204 ]
 [  -11.57050356    11.5646587 ]
 [  973.53467877  -973.52684196]
 [-1942.65095706  1942.69789215]
 [ 1223.9571657  -1223.97620199]
 [-1428.28828095  1428.33730135]
 [  232.91775179  -232.90894524]
 [  963.37371656  -963.29247722]
 [ -566.66496875   566.66803407]
 [ -744.11081616   744.10989472]
 [  721.89457763  -721.86911046]
 [ -503.99640254   504.00711503]
 [ 1722.21423817 -1722.19433972]
 [ -812.41646202   812.44829326]
 [  577.98565912  -577.96351162]
 [  691.14807514  -691.13619746]
 [ -692.23341855   692.21817453]
 [ 1018.31534107 -1018.28529871]
 [  256.96813555  -256.95640673]
 [  257.54774518  -257.55060302]
 [  699.903539    -699.92527656]
 [  140.72305453  -140.71828761]
 [-2478.85898874  2478.88622691]
 [ -658.48053229   658.46220598]
 [  830.06196851  -830.04488358]
 [ -306.67116413   306.64711508]
 [ -109.61610658   109.59456872]
 [  945.18370385  -945.17593321]
 [ -514.70985626   514.68404545]
 [  -63.83222151    63.82833765]
 [  -51.13712339    51.16333043]
 [    6.04030066    -6.05626252]
 [ -615.92634345   615.90338065]
 [  -76.82172062    76.82639521]
 [-1229.88313705  1229.92635609]
 [-2344.09976964  2344.12639177]
 [  125.27592431  -125.27150391]
 [ 1477.79120397 -1477.82188098]
 [ -504.85529688   504.85878005]
 [  -63.4732582     63.4889301 ]
 [   31.52759829   -31.53896742]
 [-1510.17487635  1510.16427113]
 [-1646.95782148  1646.97975255]
 [-1329.21513193  1329.19510821]
 [  416.39997468  -416.38830396]
 [-1140.19638939  1140.22127048]
 [ -120.51739461   120.4735692 ]
 [  600.49767617  -600.4277211 ]
 [  -78.34917183    78.33882121]
 [  650.12526078  -650.12847969]
 [ 1204.04256034 -1204.01850575]
 [-1138.62313131  1138.63964115]
 [-1239.03552526  1239.03260463]
 [  122.70968066  -122.71078482]
 [  380.37664082  -380.38018507]
 [ 1609.24140744 -1609.23185454]
 [  204.16481258  -204.17926155]
 [ 1018.49415108 -1018.48606507]
 [-2351.82406753  2351.81622949]
 [ -206.85260773   206.85141568]
 [ -998.72171932   998.71774654]
 [  332.26897433  -332.27912446]
 [  601.15905624  -601.14016853]
 [  696.97556356  -696.97874638]
 [  475.17218338  -475.18222679]
 [ -203.03616889   203.03683918]
 [-3526.75198237  3526.794807  ]
 [ 1495.48327429 -1495.47164528]
 [-1433.14588882  1433.12603692]
 [-1176.40129124  1176.40684284]
 [ 1000.91720598 -1000.86538753]
 [  168.4055752   -168.43175479]
 [  621.83194983  -621.81311043]
 [-1016.80841334  1016.83055958]
 [ -123.40738111   123.40243159]
 [ 1171.13313103 -1171.08921853]
 [ 1250.18533341 -1250.18780646]
 [-2365.05704044  2365.02604783]
 [ -138.68495019   138.6815717 ]
 [  411.34923481  -411.3419913 ]
 [ -696.80158941   696.7906918 ]
 [-1863.38100725  1863.37347693]
 [-3490.22840364  3490.23478992]
 [ -975.15605616   975.13186629]
 [ -411.11819126   411.12788115]
 [  582.97135145  -582.9451314 ]
 [  455.99953636  -455.99839128]
 [   76.78289632   -76.78302683]
 [   74.43030626   -74.4214986 ]
 [-2213.58408419  2213.51984764]
 [  554.98567138  -554.99818639]
 [  280.83074338  -280.83011473]
 [ -362.58007204   362.58930009]
 [-1840.74083037  1840.72073734]
 [  175.17233944  -175.18642875]
 [  518.38751858  -518.39673532]
 [ -529.2901414    529.30450822]
 [ -271.20130576   271.17885398]
 [  783.83559765  -783.76310875]
 [ -232.1593893    232.13736861]
 [ -518.62415924   518.59414674]
 [  278.00602601  -277.97333176]
 [  -28.52785925    28.52261074]
 [ -727.86530406   727.88610233]
 [-2527.2102911   2527.23833958]
 [ 1824.07354728 -1824.0659222 ]
 [-2410.2643315   2410.27223423]
 [  603.0772196   -603.043287  ]
 [  690.95947356  -690.95685163]
 [  639.06466126  -639.08915661]
 [  384.27239577  -384.30497274]
 [ 2387.07122345 -2387.05078431]]