[[-2.68153341e-01  2.33218008e-01  8.60941695e-01 -1.56107225e-01
   8.80916137e-01  9.70439249e-01  5.27356768e-01 -4.61235654e-01
   2.51675014e-01 -7.37136723e-01 -5.37870913e-01 -7.50718558e-01
  -5.67210490e-01 -3.95076388e-01 -5.97549219e-01 -8.68061090e-01
   8.23872898e-01 -1.32588851e-01 -3.38466144e-02 -3.34187573e-01
  -2.73125272e-02 -7.78873810e-01 -7.11209598e-01  8.94045091e-01
  -4.35555524e-01 -7.05398508e-01  9.03419769e-01  7.71703312e-01
  -5.25176575e-01 -2.28344509e-01 -7.64060238e-01  4.58216073e-01
  -1.88416799e-01 -7.93813547e-02  3.29406183e-01  6.88400374e-01
   6.63260568e-01 -6.42193264e-01  7.07466600e-01  6.54688402e-02
   4.09671876e-01  6.93965148e-01  8.02200149e-01  1.98299582e-01
   8.96798956e-01  7.68349109e-01  8.36726324e-02  8.88770877e-01
   3.65013248e-01 -5.76290415e-02  1.05979612e-01  1.59439615e-01
   4.98044566e-01  9.68923611e-01  2.23473804e-01 -1.17004144e-01
  -9.80846969e-01 -1.18107873e-01 -9.66528542e-01  2.81081726e-01
   9.20013947e-01 -4.00919672e-01  2.19021498e-01 -7.71299577e-01
   5.26688918e-02  7.35585828e-01 -6.56410680e-01  4.41832939e-01
  -8.94980581e-01  2.78273198e-01 -7.15352302e-01 -4.39443471e-01
   9.65545024e-01 -6.19966624e-01  6.19548261e-01  5.02879835e-01
   7.94315105e-01  1.41076795e-01  2.53291527e-01 -6.92396973e-01
   1.32208284e-01 -3.68394292e-01  6.81486784e-01  2.68866875e-01
   9.13503919e-01 -5.61451974e-01 -8.91476429e-01  2.06575589e-01
  -5.66360909e-01 -1.41572998e-01  5.41822293e-01  7.56157960e-01
  -6.23124353e-01 -2.00574360e-01 -8.83827511e-01  4.98805461e-01
  -7.39436444e-01 -4.35831904e-01  7.83231706e-01 -9.84582730e-01
  -8.01777034e-01 -4.48274882e-01 -8.30342137e-01 -7.56370195e-01
   2.53885713e-01  5.68497626e-01  7.30981100e-01  1.13263676e-01
   2.61076288e-01 -1.53919484e-01 -3.61989016e-01 -1.63862732e-01
   1.31807051e-01  6.51916046e-01 -1.23229037e-01 -6.96379363e-02
   2.87688902e-02 -7.96706820e-01 -2.29619358e-01 -6.92990992e-01
  -2.91778300e-02  5.11660899e-02  1.59427892e-01  4.87618296e-01
   8.09162506e-01  5.68263636e-01  4.14185364e-01  9.92533260e-01
   5.88437627e-01  7.50200770e-01 -5.30205504e-01  9.40893852e-01
  -6.91199681e-01 -4.72092491e-01 -3.46733665e-01 -1.37869109e-01
  -8.44893818e-01 -2.17288669e-02  7.02214326e-01  3.01288707e-01
   7.73127483e-01  1.39934390e-01  1.73703361e-01 -6.90490564e-01
  -9.54236821e-01 -3.33652212e-01  4.43889198e-01  1.29057885e-01
  -4.45634086e-01  5.03237299e-01 -8.20303708e-02 -1.64780040e-01
  -1.41650363e-01  1.68737543e-01  4.11949933e-01 -1.14864321e-01
   7.89951620e-01 -1.21932111e-01  1.89423572e-01  3.46086917e-01
   8.80597885e-01  9.45766512e-01 -4.49156847e-01  7.61482916e-01
  -1.32771185e-01 -9.72171081e-01 -1.55442326e-01  9.41531646e-01
  -5.94927811e-01 -3.61017491e-01 -9.34676986e-01  2.15442621e-01
   7.87309731e-01 -7.40240405e-01 -4.20684556e-01 -3.75125822e-02
  -5.15941941e-01 -2.57708393e-01 -5.53208052e-01 -9.08916843e-01
   6.90928636e-01  5.64791925e-01 -1.18995296e-01 -4.96104504e-01
   8.04939805e-01  9.44943332e-01 -6.36914753e-01 -2.62998529e-01
  -1.64089105e-01 -6.55467558e-01  5.09607288e-01 -3.61663033e-01
  -2.30511512e-02 -9.62352446e-01 -1.73087172e-01 -8.08442108e-01
   6.17022751e-01  4.46549174e-02  6.79324774e-01  2.86349346e-01
   9.01647865e-01  4.98224843e-01 -2.68353802e-01  7.08838487e-01
   9.74961903e-01  7.81519629e-03 -7.40189852e-01  6.23944462e-01
   4.98870698e-01 -7.01424201e-01 -7.94944882e-01 -4.78225446e-01
  -7.37199358e-01 -6.79507061e-01  2.50116101e-01 -4.22699644e-01
   3.31242346e-01 -3.60753645e-01 -8.89586708e-01  8.22617581e-01
   2.88351891e-01 -1.37130476e-01  5.80946794e-01  9.66558538e-02
   9.79601173e-01 -1.77670143e-01 -4.95171377e-01 -6.99714528e-01
  -4.26649801e-01  4.12342257e-01  1.24009268e-01 -4.48323551e-01
  -8.98883537e-01  9.02683384e-01 -7.01709618e-01  9.14662644e-01
  -4.86262201e-01  2.51553544e-01  7.90567111e-01  6.19686511e-01
   4.52153309e-01  5.03282775e-03 -7.47153036e-01 -6.24124660e-02
   5.68123311e-01  4.52434675e-01  3.79757990e-01 -3.67405905e-01
  -5.55405609e-01 -8.20993766e-01]
 [ 1.21015754e-01  2.65977495e-01 -9.03029060e-01 -1.78028196e-01
  -4.19764200e-01 -8.78772734e-01  6.02718187e-01 -4.21162443e-01
  -8.90897894e-02  6.93375735e-01 -1.55981709e-01 -5.52563312e-01
  -6.23442025e-01 -8.72624534e-01  2.07182725e-01  1.15019138e-01
  -7.27731246e-01  5.14795791e-01 -9.17731080e-01 -2.58528118e-01
  -3.45362830e-01 -9.72632353e-01 -5.88865945e-01 -3.48098956e-01
   3.29003461e-01 -3.61098045e-01 -5.04626636e-01  5.85487876e-01
   9.98528379e-01  1.77225279e-01  5.36512559e-03  7.26655352e-02
   8.11694094e-01 -7.92048537e-01 -2.65105822e-01  7.17565113e-01
  -8.53048725e-02  4.84238685e-01  8.53976199e-01  7.05274933e-01
  -3.63834331e-01 -5.79686213e-01  8.53775795e-01  3.82617011e-01
   4.51532284e-01 -3.75097548e-01 -1.53351690e-01  3.29938457e-01
  -1.80494424e-01 -3.01331919e-03  9.21960541e-01  5.36161676e-01
  -1.28263578e-01  5.65794901e-01 -4.22236683e-01 -1.83890129e-01
   6.16005562e-01 -4.74783968e-01  3.19466137e-01 -4.85687729e-04
  -4.62317662e-01 -2.92259452e-01  3.88446378e-01  5.85724471e-01
   2.36576673e-02  7.96811889e-02  3.26194719e-01  7.70632163e-01
   2.32210289e-01  8.99119485e-02 -2.52516303e-01 -3.13914608e-01
  -1.51337090e-01 -4.69327343e-01  5.16389853e-01 -2.69214376e-02
   7.04419130e-01  8.78904133e-01 -6.43662998e-01 -5.94876325e-01
   9.87282144e-01 -4.43644428e-01  6.03041419e-01 -8.29381506e-01
   7.26523006e-01 -8.00753132e-01  9.86135442e-01  9.42069299e-01
  -2.81654120e-01 -5.18291625e-01 -5.33949074e-01  8.78768416e-01
  -6.05053876e-01  9.87740765e-01  8.00831984e-01  5.36805674e-01
   3.12976616e-01 -3.09566753e-01 -5.59933360e-01  5.79764130e-01
  -7.63523152e-01 -7.35937176e-03  7.19573205e-01  5.39281987e-01
   9.04202598e-01 -6.51406420e-01 -5.05730521e-01  3.39701174e-01
  -2.40200709e-02  8.26064649e-01  9.62075841e-01  3.01870540e-01
   6.40197723e-01  7.30038161e-01  6.89057403e-01 -7.35566065e-01
   5.10957932e-01  6.61551807e-03 -4.29578128e-01  6.07096233e-01
   6.95472624e-01 -1.36178889e-01 -3.48709808e-01  7.20737100e-01
  -5.99772784e-01  6.35841422e-01  4.85559189e-01  7.84627494e-01
  -4.13154191e-01 -8.80965485e-01 -6.65929891e-01 -8.67610484e-01
  -1.86911160e-01 -6.54474038e-01 -8.08739776e-01  9.23896353e-01
   9.43446327e-01  8.10240597e-01 -9.88075889e-01 -2.93852872e-01
  -1.63423757e-01 -2.44985207e-01  3.45469324e-01 -2.61168810e-01
  -8.93474299e-02  1.29039390e-01  2.87851419e-01  1.87694899e-01
   2.10425829e-01 -5.86603943e-01  9.84234600e-01 -7.75675926e-01
   2.65451171e-01  8.96436336e-01 -2.70000684e-01 -4.67468018e-01
  -4.69863764e-01  1.33312308e-01  2.60820922e-01 -4.58934594e-01
   5.51602271e-02 -2.31603119e-01  5.75995136e-01 -6.37249889e-03
  -1.46401260e-01 -1.44700569e-01 -6.40604020e-01  6.86325053e-01
  -8.70377130e-02 -8.55403987e-02 -8.13056209e-01  9.33223083e-02
  -3.53557459e-01 -1.21003469e-01  6.32912044e-02 -8.91893973e-01
  -4.31275034e-01  7.01621607e-01 -7.23513797e-01  3.14989034e-01
   2.16629794e-01  5.80613384e-01  9.12235111e-01 -7.27440106e-01
  -5.59642395e-01 -4.40875687e-01  7.09658207e-01 -9.95050189e-01
   6.03477263e-01  9.92144647e-01 -2.61297592e-01  4.38923696e-01
   8.48752280e-01 -3.14789193e-01  9.88461785e-01 -5.60218445e-01
  -8.50082616e-01  2.15559259e-01 -9.26623251e-01  2.34822711e-01
   8.04214925e-01  1.80590251e-01  2.67756934e-01  7.77288746e-01
  -7.71742429e-01  7.98142681e-01 -6.95059113e-01 -9.29307185e-01
   3.90044512e-01  5.18109340e-01 -7.16073779e-01  9.73820519e-01
   2.00795751e-02 -1.58567621e-01  3.82753525e-01  6.30077378e-01
  -1.47153779e-01  7.62212319e-01 -2.45250696e-01 -3.86507008e-01
   9.85489761e-01 -3.59071905e-01  9.19880995e-01  2.26101075e-01
   7.91373668e-01  5.78222142e-02 -4.01461730e-01  6.75513998e-01
   6.54354358e-01 -1.17160916e-01  4.69969887e-01 -8.05767734e-01
   1.99439829e-01 -5.81147518e-01  9.70885753e-01  3.82976411e-01
  -8.66291417e-01 -9.90183074e-01  3.72342350e-02 -4.11703909e-01
  -1.89401829e-01  3.35627377e-01  6.75435792e-01  5.44039383e-01
   4.40530763e-01 -7.90709905e-01 -3.76093247e-01  6.12975759e-01
   7.35654526e-01 -9.56623266e-01]
 [-9.42239682e-01  4.93863325e-01 -5.64445042e-01  3.31792985e-01
   3.66373929e-01  2.52850520e-01  9.06245724e-01 -9.52672292e-01
   1.12331226e-01 -1.79425426e-01 -8.03913655e-01 -9.40825768e-02
   6.10919412e-01  1.35061083e-01  4.51097650e-01 -1.34926975e-01
   1.19394874e-01  6.84488217e-01 -3.08240084e-01 -9.51705060e-01
   1.94565351e-01  3.73188159e-01  3.61857051e-01  3.95189750e-01
   2.79730515e-01 -3.06903481e-01 -1.96938026e-01  5.21351859e-01
  -2.18819889e-01  4.20984114e-01 -5.22964638e-01  1.23334638e-01
   4.42624504e-01 -7.60579091e-01 -7.25612987e-01  6.14503203e-01
   6.25375405e-01 -8.92221425e-01  8.64904924e-02  4.08592229e-01
  -5.85877989e-01 -6.73757447e-01 -6.70003213e-01 -6.56471386e-01
   1.09227382e-01 -7.77620369e-01 -7.83854607e-02  4.36932711e-01
  -2.81040318e-01 -3.62905891e-01  8.17563979e-02 -1.18826983e-01
  -3.21254420e-01  8.15210818e-01 -7.16676543e-01 -8.89655675e-02
   8.92249110e-01  8.58096773e-01 -9.27580726e-01  6.44635752e-01
   2.51464909e-01  8.21063977e-01  5.99473062e-03  5.71246687e-01
   5.47304886e-01 -5.56608638e-01 -4.05004073e-01  7.94136913e-01
  -3.98320095e-01  6.34325205e-01 -1.35473514e-01  4.80122994e-02
  -3.07180239e-01 -1.09487197e-02  3.56267757e-01  4.16023756e-01
   1.61130909e-01 -6.00868845e-01  8.86760547e-01 -2.17483679e-01
   9.31090749e-01  2.09198420e-01 -2.02742954e-01  8.93567111e-01
   4.86745315e-01  9.16342865e-01 -1.36489638e-01  3.03389908e-01
  -2.74013017e-01 -1.47731038e-01 -8.03939672e-01 -7.47852303e-01
  -9.16045214e-01 -5.04878791e-01  4.89102518e-01  5.46862958e-01
   4.78613217e-03 -9.50123117e-01  8.23714062e-01  8.75304123e-01
  -2.48042257e-01 -7.35003831e-01  5.32021225e-01 -5.98864770e-01
   9.78394619e-01  5.63906526e-02 -5.02291647e-01 -8.59755095e-01
  -3.00365415e-01  1.60916756e-01  1.01508145e-01 -3.06943390e-01
   8.37578354e-01  7.90852626e-01 -1.50716805e-01  3.39857716e-01
   2.02530412e-01  3.82012731e-01 -1.58129638e-01  8.69179479e-01
   3.03721187e-01  1.34645932e-01  8.77793169e-01  5.45876640e-01
   6.30421453e-01  3.44525902e-02 -8.44754579e-01 -9.27536499e-01
  -8.41957228e-01 -5.29177897e-01 -7.96636171e-01  1.02747604e-01
   4.63944642e-01  7.68765410e-01  1.47407139e-01 -3.63362229e-01
   9.65690735e-01  4.92363953e-01 -5.30949486e-01 -2.39734211e-01
   5.56727996e-01  7.94012341e-01 -5.03007345e-01 -3.27899808e-01
  -1.65963886e-01  2.80566410e-01  9.70803986e-02  5.89698129e-02
  -4.19838539e-01 -4.05709682e-01 -3.83767667e-01 -4.29411636e-01
   5.32889784e-01 -5.85412267e-01  8.43371338e-01 -9.55558459e-01
  -4.37976969e-01  5.56280291e-01  9.40312220e-01  8.42375721e-01
   3.37331384e-01  6.63521855e-01 -1.78361589e-01  2.42318412e-01
  -1.50600501e-02  6.68516405e-01  6.34021945e-01 -9.58937507e-01
   1.43568468e-01  6.86357595e-01 -1.42863431e-01  2.94413002e-01
  -9.24310059e-01  8.49638372e-01 -6.40643885e-01  3.88731508e-01
   3.41822052e-02 -9.26633113e-01 -8.39396859e-01 -2.04939037e-01
  -9.45130191e-01  3.06101869e-01  7.71105244e-01  6.51961903e-01
  -3.61709534e-01  2.21284621e-01  6.23834454e-02  3.15505433e-01
  -5.64844821e-01 -3.71666564e-01  8.38992067e-01 -9.57102255e-01
  -8.84490780e-01 -7.04960989e-01 -2.80012778e-01 -5.18757279e-01
  -1.50785698e-01 -3.47794225e-01  3.66840328e-01  5.68960938e-01
  -2.31257314e-01  8.39598369e-03  5.95476231e-02  9.57988126e-01
   6.23442559e-01  4.84194211e-01 -6.35489956e-01 -4.78425737e-01
   9.77810145e-01  1.35283075e-01 -8.55934284e-01  2.65632476e-01
   8.63553636e-01 -5.73673961e-01 -5.90944291e-02  1.19608158e-01
   3.80151420e-01 -9.84344308e-01 -8.11240126e-01 -6.82416850e-02
  -9.11434527e-01 -6.56286728e-01  9.08811041e-01  8.47952039e-02
   5.21769406e-01  3.91530853e-01 -6.69545716e-02 -4.42613125e-01
   2.21537545e-01  6.26123524e-01  1.80052414e-01 -9.29920671e-01
   9.57943425e-01  3.24228022e-01  6.97475048e-01  6.72633000e-01
   8.65283768e-01 -7.05275549e-01  3.08056033e-01 -9.15296701e-01
   7.75559804e-01 -3.66722937e-02  8.45703920e-01  4.17396530e-01
   6.29416070e-01 -7.37501057e-01  1.69666320e-01 -8.40734674e-01
  -8.27470998e-01  7.41356035e-01]
 [-8.71864975e-01  1.24657656e-01  7.83290921e-02  7.37703472e-01
  -8.47432912e-01 -7.06715373e-01 -8.61926014e-01 -4.70171583e-01
   5.22466040e-01 -9.03825505e-01  8.93654027e-01  7.53727952e-01
  -8.86223885e-02 -3.96541956e-02  1.89858528e-01 -1.25274360e-01
  -6.20956757e-02 -9.98852754e-01  5.80538923e-01  5.11456199e-01
  -4.11451225e-01  7.07699372e-01  7.08664218e-01 -1.97200636e-01
   5.86280341e-01 -9.99867834e-01  7.74467452e-01 -2.25900237e-01
   5.01746761e-01 -5.53276232e-01 -5.47561373e-01 -4.89991151e-01
  -7.23285007e-01 -5.58013083e-01  3.30138224e-01  2.86923180e-01
   6.87680427e-01  9.09349749e-01 -9.53038714e-01 -6.99262212e-01
   2.39405985e-01  5.45817355e-01 -1.84454087e-01  2.36437278e-01
   1.39052054e-01 -2.54151158e-01  5.13768266e-01 -6.67906096e-01
  -2.96492636e-01 -6.97769635e-01  7.08842580e-01  8.93247990e-01
  -9.33834608e-01  5.50771022e-01 -6.72593190e-01 -8.91406441e-02
  -3.98825094e-01 -4.04982746e-01 -7.11706392e-01 -1.55022728e-01
  -3.21255306e-01 -9.97798922e-01  9.92481023e-01 -4.15886569e-01
  -6.56550378e-02 -4.18400936e-01 -5.06980705e-01  5.41736780e-01
   4.81860650e-02  9.03604005e-01 -3.78450089e-01  6.88251641e-01
  -5.71101194e-01 -2.68001175e-01 -8.35284404e-01  5.39872600e-01
  -5.16959431e-01 -8.54871069e-01  9.84909447e-02  4.16077204e-01
   2.96695059e-01  6.43187974e-01  1.13156957e-01  2.27241877e-01
   6.37265061e-03 -4.79341721e-01 -1.45683953e-01  4.00924707e-01
  -7.72730817e-01 -7.65191472e-01 -1.69589834e-01 -8.83825778e-01
   7.11529204e-02  4.85066243e-01 -8.56801542e-01  5.72556225e-01
   3.93465575e-01 -6.40416858e-01 -8.78237171e-01  5.58459608e-01
   4.44221097e-01 -9.53301103e-01 -3.58683553e-01 -6.01900231e-01
   2.98779412e-02  6.22423644e-02 -6.78103542e-01  3.53232275e-02
   3.92605623e-01  4.48297882e-01 -2.76139129e-01 -2.53928240e-01
  -5.85381679e-01  2.12954048e-01 -2.49236728e-01  5.45035438e-01
   1.13889143e-01  2.88493015e-01  9.68999952e-01  2.32656124e-01
   5.86483110e-01 -5.60723052e-01  9.83923361e-01  5.08763255e-01
   4.62172092e-01  3.36973796e-01  2.56577276e-01 -9.09851618e-01
   5.94677218e-02 -5.41557748e-01 -7.24045776e-01  1.46445261e-01
   6.63911758e-01  6.17027933e-01  6.17304788e-02 -6.24977843e-02
  -4.87121837e-01  6.00955366e-01  6.53485345e-01  9.97928648e-01
   7.75258553e-01  8.97606686e-01  5.12245965e-01 -4.48063063e-01
  -8.15973026e-01  9.88760441e-01 -2.42419651e-01 -5.97793070e-01
   7.22295003e-01 -7.43570213e-01  5.64846957e-01  3.56648544e-01
   9.25245922e-01  5.16737272e-01 -1.23450064e-01  9.87311657e-01
   8.90806823e-01  5.34938397e-03  8.10641276e-01 -9.13274123e-01
  -6.14032486e-01  3.72777922e-01 -3.03787855e-01  8.52599024e-02
   7.54245371e-01 -4.53666429e-01  5.65846152e-01  5.48973963e-02
   2.60292414e-02 -3.51082946e-01 -7.16007631e-01 -2.35774475e-03
  -5.76320972e-01 -2.39321316e-01 -9.24376044e-01  8.87336965e-01
  -7.08666437e-01 -4.33609695e-01 -8.47545351e-01 -7.70165784e-01
  -5.83521940e-01 -9.46158321e-01  9.70126189e-01  7.40429082e-03
   6.15028858e-01  6.60511005e-02 -4.52457962e-01 -8.16577815e-01
  -4.64549486e-01 -3.37435830e-01 -2.65399053e-02  1.84270510e-01
  -4.20419653e-01  4.71562230e-01  3.84834357e-01 -8.24023223e-01
  -4.63864205e-01 -3.88875602e-01 -9.25645463e-01 -4.01981780e-01
  -1.84177790e-01 -7.95700541e-01  1.24639646e-01  7.75450398e-02
  -1.62605063e-01  7.34087891e-01 -3.18244370e-01  4.36867601e-01
  -1.85052421e-01 -8.13777402e-01  6.17049529e-01  8.30503778e-01
  -9.91077566e-01 -5.18137998e-06 -1.31878320e-01  2.97504279e-01
   4.67931119e-01 -5.42813137e-01  6.45176273e-01  8.92683742e-01
  -1.81731584e-01 -4.44877250e-01 -4.30445564e-01 -6.24169969e-01
  -1.55144847e-01  4.75113628e-03 -8.02795321e-02 -3.58801913e-01
   9.90627626e-01  8.03930344e-01  1.57403071e-01  2.41641499e-01
  -5.13351412e-01  1.85381508e-01  7.99836433e-02 -1.50486868e-02
  -9.00005588e-01  7.19484465e-01  1.30356412e-01 -9.13196980e-01
   2.24068349e-01 -4.19559762e-01 -7.93041354e-01  3.67448850e-02
   6.97637501e-02  5.53567441e-01  7.47495945e-01 -4.25517565e-01
  -7.33997431e-01  3.67944625e-02]
 [ 8.16807779e-01  3.57742586e-01 -1.66339867e-01  2.23008457e-01
  -5.03525620e-01 -2.40813861e-01  5.16780227e-01  9.87439222e-01
   6.00818073e-01 -4.90371120e-01 -7.07352655e-02 -5.18123127e-01
   8.06516715e-01  4.69270299e-01  7.62488583e-02  6.73895212e-02
  -9.15691521e-01  5.84825289e-01  2.20050405e-01 -6.90215784e-01
   3.30386634e-01  4.54978291e-01  1.31785164e-01  8.68404653e-01
  -9.33479899e-01  1.15223800e-01  3.80525209e-01 -7.20267464e-01
  -5.99822082e-01 -3.73009123e-01  8.57488041e-01  4.48139728e-01
   1.66748828e-01  3.95596814e-01 -2.76657477e-01 -6.14043030e-01
  -6.42596372e-01  6.34340693e-01 -5.19522244e-01  6.32963789e-03
  -7.84945363e-01  1.95816896e-01  9.02325472e-01 -5.93528840e-01
   7.57324729e-01  7.79832196e-02 -9.84860242e-01  1.62777183e-01
   6.03387070e-03 -5.03316861e-01 -3.78028247e-01  3.92752920e-01
  -9.22880070e-01 -9.06335207e-01 -8.43773733e-01 -3.87590510e-01
  -3.50059959e-01  7.39882632e-01 -3.60460236e-02  6.19731382e-02
   6.03099287e-01 -3.90226373e-01  7.79203236e-01  1.13012948e-01
  -4.86118354e-01 -1.08844957e-01 -5.62140910e-01 -6.83882763e-01
   1.05560810e-01  7.77528512e-01 -4.84365752e-01  3.38140624e-01
  -5.44895738e-01 -2.43710807e-01  6.80437724e-01 -6.59977874e-01
   6.32183046e-01  6.53528337e-01 -3.83245235e-01 -4.56950083e-01
   8.88664389e-01 -5.92727022e-01  6.64613298e-01  3.44214932e-01
  -1.47985231e-01  4.04393343e-02  2.69593061e-01 -7.91468647e-01
   4.65390521e-01  3.99592399e-01 -9.08389987e-01  4.54658949e-01
   6.17927652e-01  3.48108163e-01  2.12773325e-01 -5.28567053e-01
  -9.18879028e-01 -3.42172165e-01 -2.83292408e-01 -4.17969872e-01
   6.90618459e-01  9.14584900e-01 -4.00605839e-01 -9.58821505e-01
   5.24008585e-01 -9.76927332e-01 -4.12496260e-01  6.50564847e-01
   1.51762229e-01 -7.85676898e-01 -4.29135290e-01  2.06691117e-01
   9.67971741e-01  1.72727764e-01  4.28823252e-01  7.56915412e-01
  -9.99592501e-01  3.07227509e-02  5.64218690e-01  4.85687583e-01
   5.29420536e-01 -2.95068680e-02  4.88561573e-01  1.86351821e-01
  -8.31597813e-01 -5.97898791e-01 -7.71812999e-01  8.25896892e-01
  -3.98480762e-01 -6.53298023e-01 -8.57340609e-01  2.58608769e-01
   3.63131649e-01  9.41946706e-01  8.42072518e-01  4.09634199e-01
   4.35836798e-01  6.54979732e-01  4.82881392e-01  7.69701018e-01
   5.76267204e-03 -7.54009973e-01 -4.38210918e-01 -6.91438080e-01
   6.54971188e-01 -4.30936282e-01  9.48083266e-02  7.16588448e-01
  -8.65838095e-01 -1.40260233e-02  4.61956407e-01  9.11531594e-01
  -9.32845191e-01 -9.30231014e-01 -6.43707590e-01  5.99861035e-01
   9.04037795e-01  9.41735182e-01 -7.76646305e-01 -9.49601506e-01
   2.52561119e-01 -8.41408739e-01  3.48936608e-01  4.86025836e-01
  -5.73091419e-01  5.44680992e-02  1.40173961e-01 -5.65085068e-01
   3.10424904e-01  1.74836584e-01  4.62310175e-01 -5.90491307e-01
   4.40154686e-02 -3.34582283e-01  3.29784158e-02 -6.12452240e-01
  -3.36849190e-01  9.45832121e-01 -5.22755266e-01 -5.34109726e-02
  -8.27076420e-01 -4.34217409e-01 -4.51974736e-01  6.32742611e-01
  -4.87277985e-02  2.44645547e-01 -5.35033612e-01 -9.72305177e-01
   7.78648253e-01 -6.24971494e-01  1.43255395e-01  1.65322763e-01
   3.80475396e-01 -9.55904667e-01  7.77998846e-01 -2.64599238e-01
  -6.78397331e-01 -3.97321964e-01 -1.00957912e-01  2.38492279e-01
  -8.60211296e-01 -5.95467643e-01 -2.91410487e-01 -6.66227729e-01
  -1.61428477e-02 -2.99938087e-01 -2.42528747e-01 -5.29248622e-01
   4.90322554e-03  2.88531771e-01  3.44599642e-01 -3.38545923e-01
   8.47896452e-01 -1.43344119e-01  5.58533003e-01  1.16754358e-01
  -4.24755522e-01 -3.01802935e-01  1.49140904e-01 -1.65056875e-01
   5.70406421e-01  7.86331340e-01 -7.16382581e-01 -7.03007540e-01
  -6.39809814e-01 -6.98186369e-01 -5.87544883e-01  6.41401601e-02
   8.14839015e-01 -7.92675134e-01  8.11135717e-02 -1.43193224e-01
  -5.79065920e-01  1.68343190e-01 -2.38594012e-01  8.26079302e-01
  -3.97767306e-01  8.98522526e-01  2.38139299e-01  6.41128919e-01
   6.82201412e-01  8.02828834e-01 -2.46900271e-01 -3.62009412e-02
  -5.85581907e-01  6.75154848e-01  9.32708641e-01  9.43639131e-01
  -3.07559086e-02 -6.60952679e-01]
 [ 5.32971962e-02  5.31201263e-01 -6.52071196e-01 -2.49313333e-01
  -1.33987902e-01  6.23589185e-01 -2.46337127e-01  4.04044579e-01
  -6.31322621e-01  6.20620094e-01  8.74086544e-01 -2.11302693e-01
  -7.17818692e-01  8.79209033e-01  4.33040419e-01  4.09254923e-01
  -4.83266452e-01  7.50358569e-01 -9.29524474e-01  5.27188008e-01
  -6.11255338e-01 -3.12802193e-01  8.39805189e-01 -9.24392959e-01
  -1.91670395e-01 -8.42387305e-01 -5.61161161e-01 -5.87326265e-01
  -6.92875439e-01  6.81035928e-01 -8.41532341e-01 -9.12384768e-01
  -6.20954711e-01  3.90844668e-01 -3.34844395e-01  9.22034166e-01
  -2.00109150e-01  8.92361428e-01 -1.47339950e-01  7.16278762e-01
   5.71984660e-01 -6.98073772e-01  8.02287767e-01 -2.28502895e-01
  -1.59812293e-01  1.51080539e-01 -3.62631720e-01 -9.97167365e-01
  -3.86782915e-01 -9.04112140e-01  3.77264233e-01 -4.08017018e-01
  -4.99039411e-02 -4.33971878e-01  8.62666606e-01 -9.95135124e-01
   4.90871308e-01 -8.71519680e-01 -1.70216582e-01 -6.05737844e-01
  -3.44229360e-02  3.71710215e-01 -8.42547212e-01 -5.12542880e-01
  -1.61350675e-01  2.07831264e-01 -1.63023244e-01 -6.39675707e-01
  -5.34737818e-01  1.19166299e-01  6.85128295e-01 -4.87674025e-01
  -3.93573993e-02  1.96054930e-01  2.37688926e-01  8.13194066e-01
   7.31776731e-01  6.20499091e-01 -9.89183636e-01 -3.14796626e-01
  -1.70952358e-01 -4.76198382e-01  8.28232899e-01 -8.81969269e-01
   7.86672894e-01  6.96634949e-01 -6.78182129e-01  9.22732329e-01
   8.06452300e-02  4.79487672e-01  3.37966633e-01  2.19404954e-01
   1.79678931e-01 -4.17449636e-01  3.46857651e-01 -1.98454321e-01
   2.78120396e-01  9.44911000e-02 -7.27694350e-01 -9.21888055e-01
   3.25605101e-01  3.84997866e-01  7.58645702e-01 -2.48885052e-01
   6.59248278e-01  9.65246962e-03  1.12253477e-01  4.08644997e-01
   6.55118018e-01  2.56818985e-01 -2.85647609e-01 -1.92940307e-01
  -1.94278211e-01  1.70889043e-01 -9.61681826e-01 -9.22150287e-01
   4.11761218e-01 -5.15324296e-01 -9.52470055e-01  8.18761290e-02
   6.24348493e-01  1.86089062e-01 -2.82311706e-01 -1.38642371e-01
   6.25095150e-01  1.32957425e-01  3.47496368e-01  8.27176972e-01
  -2.95467365e-01 -6.14148972e-01  5.55217300e-02  4.60526618e-01
   5.72417181e-01  9.58850465e-01 -5.84739864e-01  2.40011048e-02
   4.78260224e-01 -4.38519887e-01 -7.90863322e-01  8.36546792e-01
   4.01610939e-01  3.83018530e-01  2.86859806e-01  6.89599118e-01
   5.46878085e-01  7.08326519e-01  2.94556251e-01 -8.01488734e-01
   1.88091295e-01  2.29810169e-01  3.07225080e-01  7.51570312e-01
   4.27150279e-01  1.43399517e-01  8.74967099e-01 -4.36072569e-01
   3.59165466e-01  3.14926864e-01 -3.44482714e-01  7.33161305e-01
  -7.02215311e-02 -3.47840283e-01 -9.61958422e-01 -8.47048886e-01
   9.84915082e-01  8.96301275e-01 -1.61581490e-01 -1.25875499e-02
   7.80445385e-01 -9.09722905e-02 -4.17552620e-01 -1.61919039e-01
   2.85473954e-01  3.92537602e-01  1.80048031e-01  7.33702553e-01
   3.48994579e-01  9.24625974e-01 -1.51301701e-01 -3.71076975e-01
   7.75759590e-01  4.34938769e-01 -6.96763502e-01  7.91920933e-01
  -6.03827730e-01  1.84367952e-01 -1.58226853e-01 -9.22819806e-01
   3.11875052e-01  7.93646884e-03  7.29930997e-01 -4.08796397e-01
  -8.18552148e-01 -8.90612121e-01  3.53397101e-01  2.77628175e-01
   1.18900294e-01 -9.51797195e-02  3.75334294e-01 -7.70475446e-01
  -8.86996952e-01 -1.43793431e-01  5.06483277e-01 -1.04043542e-02
  -9.04442651e-01  6.21673118e-02  7.84956840e-01  2.25794456e-01
  -3.80745472e-01 -1.68511158e-01  8.81797053e-01  4.12010173e-01
   5.37502970e-01  8.21631372e-01 -6.16133810e-02  3.91063823e-01
   5.06001766e-01  9.59617842e-02  3.38628977e-01 -8.28512357e-01
  -3.01987092e-02 -7.13642910e-01 -6.33488026e-02  3.79722253e-01
   7.82042086e-01 -8.22188712e-01 -9.05659980e-01 -8.41007302e-01
  -4.51213832e-01 -7.17336680e-01  6.75443360e-01  5.02592261e-01
   8.97358355e-01 -2.77248803e-01 -8.83305527e-01  2.11404614e-02
   9.01532692e-01 -1.91994518e-01 -9.91326968e-01 -9.30567895e-01
  -8.00427474e-01 -1.62936542e-01 -4.60734810e-01  7.19462085e-01
  -6.73705635e-01 -8.98641922e-01  4.04935950e-01  7.07154988e-01
  -1.27351087e-01 -9.35525407e-01]
 [ 8.19632230e-01  6.55894521e-01  7.20964047e-01  9.11216682e-01
  -9.68992476e-01  4.33051896e-01  2.76476515e-01  6.46941030e-01
   7.33583254e-01  2.73792187e-01 -4.17254167e-03  5.69532646e-02
  -4.80528941e-01 -7.36793770e-01 -5.21876580e-01  7.73095563e-01
  -2.48059587e-01 -2.39107159e-01  2.29836594e-01  1.72166343e-01
  -5.49671516e-01 -7.59647415e-01 -5.52822123e-01  3.05514419e-01
   6.50604943e-01 -8.17414149e-01  1.11531369e-01 -7.24773126e-01
  -2.08670595e-01  4.29433862e-01 -4.60321086e-02 -3.36466715e-01
   8.45868043e-01  6.61556439e-03 -8.16951920e-01  1.79120422e-01
   1.86055638e-01 -3.22084740e-02 -9.36703321e-01  5.49377638e-02
   2.64335319e-01  3.57082192e-01 -9.55675235e-01  2.47728693e-01
  -7.36162243e-02  6.89256058e-01  2.34267218e-01  4.44521314e-01
   6.73165030e-01  4.19690573e-02 -2.61949724e-01  8.98979087e-01
   2.29320807e-01 -4.43255500e-01  9.50211773e-01 -6.18441690e-01
  -2.96688478e-01  8.42606519e-01 -7.33033838e-01  3.56923376e-01
  -6.33804676e-01  9.95318140e-01  7.49424707e-01  5.37841284e-01
   3.12800487e-01 -7.62144341e-01  7.84784087e-01  9.69357146e-01
  -4.12396897e-01  4.36178496e-01  3.26664792e-01  6.40556417e-01
  -4.93623998e-01 -5.71154412e-01 -4.42321958e-01  5.94764719e-01
   8.89948721e-01  8.50235548e-01 -2.09754575e-01  4.73772894e-02
   9.73730974e-01  5.56258967e-01  7.71296774e-01 -8.47168142e-01
  -1.51240014e-01 -7.38409072e-01 -2.83663687e-01 -6.36143386e-01
   1.78601189e-01 -6.63941083e-01  4.34798886e-01  7.74547846e-01
  -1.73441870e-01  3.84858541e-01 -7.32747657e-01  5.44565518e-01
  -6.51303758e-01 -1.80027286e-01 -2.06481629e-01  2.46111593e-01
   3.83527594e-01  6.01897656e-01 -9.62341153e-01 -5.46239413e-01
   8.55826149e-01 -9.12212959e-01 -7.22301226e-01 -5.89026903e-01
  -4.20736101e-01 -1.64986467e-01  6.20791590e-01 -9.41357775e-01
   1.89817659e-01 -1.68573406e-02 -2.67307179e-01  4.82520682e-01
   1.04290897e-01  5.14761146e-01 -1.97454290e-02 -5.91895041e-01
   8.14544288e-01 -6.75599052e-01  8.21320334e-01 -5.84565994e-01
  -1.66484050e-01  5.17483296e-01  6.93619268e-01  6.53531274e-01
  -4.07575650e-01  3.14221936e-01 -3.84838253e-01  3.75161313e-01
   7.75964258e-01  4.12956161e-01 -8.02759506e-01 -6.05872653e-01
  -9.00981950e-01 -5.33216800e-01 -4.35720256e-02 -3.38167459e-01
  -9.40740826e-01  3.40790461e-01 -8.51540254e-01 -5.31232913e-01
  -5.60984830e-01  2.69858456e-01 -2.68617954e-01 -4.47681955e-01
   7.26872383e-01  3.48989319e-01  3.05698395e-01 -9.26523450e-01
  -8.43993768e-01 -9.08472236e-01 -6.10192162e-01  9.62213588e-01
  -9.45625550e-01  4.65754601e-01  1.21567309e-01 -3.02086346e-01
   5.22222603e-01 -2.34875450e-01 -1.74748032e-02 -8.47849074e-02
   9.05060874e-01 -1.65619967e-01  9.01277597e-01  4.61539086e-01
   9.86538762e-01  5.48661554e-01 -3.47800270e-01 -2.33951835e-01
   1.61924015e-02 -1.83628172e-01  8.80102695e-01  7.37289335e-01
  -5.21429612e-01 -6.15189512e-01 -7.89522349e-01  2.85909415e-01
   5.71651720e-01  8.08477560e-01 -8.55724920e-01 -2.01173688e-02
   8.23770245e-02  3.75234121e-01 -1.62094471e-01  8.83713899e-01
  -9.47105070e-01 -4.92633540e-01  9.90792110e-01 -3.74903156e-02
   6.13584935e-01 -4.41553295e-02  8.54077548e-01 -4.85644373e-01
  -6.85645854e-01 -1.83591795e-01 -4.39889177e-01  2.28088770e-01
   2.20011544e-01 -1.83797514e-02 -4.93716178e-01 -7.21171989e-01
   6.81701663e-01 -5.31967447e-01  2.90649181e-01  8.61206937e-01
  -1.55981230e-01  1.69026167e-01 -5.58591141e-01 -4.44283322e-01
   3.81938486e-01  2.59050973e-01  2.09407730e-01 -7.88661194e-01
  -2.63930161e-01  1.38563019e-01  6.58256296e-01 -3.06910609e-01
  -6.00371462e-01  1.10526729e-01  2.47775825e-01  1.37272823e-01
   8.88856885e-01  2.76710246e-01  1.60068171e-01 -3.61681231e-01
   5.75104258e-02 -5.74349985e-01  4.61838190e-01 -8.38113326e-01
  -7.94421316e-01  1.40647912e-01  6.18967657e-01 -4.84096274e-01
  -1.13105149e-01  9.44505053e-01  9.61015806e-01  8.05205698e-01
   8.80651108e-01  3.10800406e-01 -2.71936534e-01  1.61969093e-01
  -3.92212101e-01 -7.98228297e-01  3.43424850e-01 -2.58551983e-01
   7.10601298e-01 -2.36175799e-02]
 [-3.61213498e-01  1.20611360e-01 -1.96255155e-01 -6.95620352e-01
   9.10533343e-01  6.05856585e-01 -8.96852157e-01 -1.37630989e-01
   1.95408906e-01  5.80605893e-01 -7.27840185e-01  4.69031832e-01
   1.89500691e-01 -8.02400864e-01 -9.38676130e-01  4.33092257e-01
   5.09448837e-01 -8.81933866e-02  2.89208155e-01  3.24928303e-02
   3.71676512e-01 -9.08120388e-01 -4.28560132e-01  3.65621892e-01
   3.86149806e-01 -9.46906065e-01 -9.26367997e-01  6.00078589e-01
  -2.33578927e-01 -1.91843542e-01  5.96752185e-01  4.91667853e-01
  -8.99318398e-01  5.71961805e-01  4.23734612e-02  2.21937399e-01
   7.22355148e-01  5.94159664e-01  6.35525549e-01  9.86546503e-01
  -6.44019021e-01 -5.20564701e-01  8.57100374e-01  7.83499660e-01
  -5.07562274e-01 -5.22777865e-01  1.72851291e-01  2.63750343e-01
   8.82814123e-01 -3.06376856e-01 -1.95749946e-01 -1.45357347e-01
   9.74401721e-01  9.29048278e-01  9.72204850e-01 -3.47429167e-01
   7.53900107e-01  3.04174162e-01  2.49578866e-03  4.47801125e-01
  -1.37031109e-01 -3.83131102e-01 -3.50527944e-01 -8.51397092e-01
   6.99040605e-01  7.48564095e-01  2.49419153e-01 -7.50647543e-01
  -1.21989558e-01 -7.99588816e-02 -4.30364794e-02 -1.90029042e-01
   2.82804241e-01  6.42189052e-01 -3.37112731e-01 -6.28582601e-01
  -4.83246732e-01 -4.85020399e-01 -3.70561295e-01 -9.76381065e-01
  -3.33398977e-01  7.23648480e-01 -7.80902122e-01 -2.88883938e-01
  -6.92689743e-01  4.03559975e-01 -2.64095765e-01  8.46217684e-01
   9.89984834e-01 -4.15797244e-01  5.42277062e-01 -2.05468934e-01
  -4.92695389e-02  7.97102921e-01 -4.49693415e-01 -1.46152989e-01
  -2.84295660e-01 -1.73844854e-01 -5.18797749e-02 -3.23794049e-01
   9.54250978e-02 -7.23700950e-01  4.72107616e-01 -3.55841095e-01
  -7.25039032e-01  9.41471947e-01  8.07980885e-01 -3.92397639e-01
   2.19967905e-01 -5.83205165e-01  2.05504323e-03 -9.38469574e-01
  -6.44274239e-01  3.68300892e-01  9.78626583e-01 -7.62756245e-01
   7.79697626e-01 -2.80284317e-01  9.61863689e-01  9.63064575e-01
   4.31889856e-01  9.73079680e-01  4.29482707e-01  8.78281397e-01
  -4.17724385e-01  5.20851262e-01 -4.79371644e-01  2.83879807e-01
  -5.55378409e-01 -5.22385176e-03  3.61532737e-01 -6.16331409e-01
   8.97056661e-01  6.46593709e-01  2.63382195e-01 -3.81368724e-02
  -5.30034720e-01  6.59340675e-01 -9.92413616e-01 -6.69535632e-01
  -7.16211925e-01  1.06509683e-01  6.70752460e-01 -4.20161288e-01
   9.47837738e-01  4.24345125e-03 -1.43214530e-01  4.74500235e-01
  -3.99668496e-01  3.81018623e-01  3.41100956e-01 -5.41527248e-01
  -7.27306672e-01  4.73958318e-03 -1.34182113e-01 -8.13795170e-01
   6.55331044e-01  7.44537465e-01 -1.03085689e-01 -6.17785437e-02
   4.99864255e-01  9.52040097e-01  6.92098683e-01 -2.87030376e-01
   8.99726599e-01  1.77686846e-01 -4.58885483e-01  6.55763313e-01
  -5.61997365e-01  9.67991661e-01 -9.45926647e-01  9.55775877e-01
  -9.49304937e-01  8.65436794e-01  9.85616535e-01  8.82873453e-01
  -6.19002255e-01  7.53303437e-01  8.95248503e-01  8.86676938e-01
   2.69311884e-01  7.59683096e-01 -7.80334615e-01 -6.68119788e-01
  -7.17117633e-01 -5.08305745e-01  9.33505216e-01  6.16816206e-01
  -6.21613551e-01 -7.84898737e-01  7.43469252e-01 -3.05839429e-01
  -1.80439180e-01  8.55407230e-01 -9.90379901e-01 -3.05364703e-01
   4.57980001e-01 -7.49711148e-01 -1.96192829e-01  2.86929497e-02
  -3.59064760e-02  9.41117855e-01  2.57875137e-01  7.21352394e-01
   9.71721996e-01 -6.10877867e-01  5.18498134e-01 -4.76637558e-01
  -2.56798388e-01  3.74100585e-01  6.43541072e-01  8.86738187e-01
  -1.94798686e-01 -7.22095897e-01  6.00794075e-01  9.02149544e-01
  -1.97608318e-01  4.61741568e-01  5.85320190e-01  2.28000274e-01
  -8.50836583e-01 -8.26123840e-01 -8.58276277e-02 -3.93427625e-01
  -3.82265149e-01  1.11747653e-01  4.87697817e-02 -3.55015810e-01
  -7.12711816e-01 -5.97424953e-01 -4.58825855e-01  5.46927593e-01
   3.03969857e-01  8.64618289e-02  7.29990414e-01 -6.63306507e-02
   5.40045276e-01  2.47220284e-01 -2.28748231e-01 -9.33866031e-01
  -2.42857569e-01  5.23996275e-01  7.90851929e-02 -1.32803601e-01
  -9.39822168e-01  7.68678150e-01 -6.63606461e-01  9.94685980e-01
   2.23098120e-01  5.14776668e-01]
 [ 8.58949284e-01 -3.29018158e-01  6.23270199e-02 -8.55915532e-01
   6.16046452e-01 -1.89630191e-01 -2.62799302e-01 -2.79326088e-01
   6.83939122e-02  7.75525973e-01  7.02144805e-01  7.89164073e-01
  -1.45541642e-01  8.45790272e-01  3.63833698e-01 -8.42506726e-01
  -9.72903163e-01 -9.79056645e-01  1.65201844e-01 -6.24327705e-01
   3.34542394e-01  7.52505635e-01  3.53413340e-01 -2.05746257e-01
   1.81283678e-01  4.46614228e-02  9.16608103e-01 -1.27936710e-01
   6.23380100e-01  4.47551755e-01  5.43576242e-01 -8.74810559e-01
  -6.95261287e-01 -5.02164088e-01  4.94106200e-01  5.15272345e-02
   2.62059085e-01  3.96189445e-01 -9.31524172e-01 -8.37243507e-01
  -3.65497823e-01  7.41213885e-01  6.01880389e-01 -6.64227056e-02
  -5.67885635e-01  8.15568052e-01  9.74056793e-01  3.56422769e-01
   1.99933233e-02 -9.35960152e-01  1.25399341e-01 -7.40860583e-01
   6.48414792e-01  9.10066873e-01  3.94492779e-01 -4.85133519e-01
  -4.13793408e-01  8.64797614e-01 -8.27532148e-01 -5.89450295e-01
  -5.37878216e-01  4.41960573e-01  8.38322713e-02  4.38474929e-01
  -8.02756211e-01 -3.03159510e-01 -8.85391906e-01  1.43303586e-02
   1.77841698e-01  3.01930017e-01 -2.84054564e-01  7.46909224e-01
  -5.80372726e-01  5.36460145e-01 -1.77217189e-03 -1.56362896e-01
  -5.34978915e-02 -3.23843364e-01 -4.13021208e-01 -3.35534073e-01
  -5.25271354e-01 -7.12318394e-01  2.63151037e-01 -8.25249639e-01
  -8.40536400e-01  8.54685805e-01 -7.56199799e-01  6.80429656e-01
   6.86381933e-01 -7.91470242e-02  6.87480426e-02  3.55016837e-01
  -4.74150557e-01  2.84094333e-01 -7.36390230e-01  2.45424252e-01
   7.50338034e-01 -3.97095133e-01 -9.72913209e-01  3.46819838e-01
   3.38398710e-01 -3.64320456e-01  7.20858775e-01 -5.72125594e-01
  -9.94441933e-01  8.44337862e-01  9.30714314e-01 -9.83409019e-01
   3.87531275e-01  8.30598286e-01  7.57751352e-01 -5.83056833e-01
  -5.67016243e-01 -2.24930427e-01  7.21013885e-01 -6.13695292e-01
  -2.03362676e-01 -9.10164755e-01 -4.21426167e-01 -6.02204007e-01
  -3.06810624e-01  2.92734217e-01 -4.95620101e-01 -9.23597511e-02
  -5.09183111e-01 -4.91033396e-01  5.43932410e-01 -4.58058945e-01
   3.78999366e-01  8.00783344e-02 -8.05615277e-01  1.59453027e-01
   3.17141780e-01 -9.87539352e-01  4.96074784e-02 -6.20892141e-01
   9.17515470e-01 -5.15444926e-01 -7.56784470e-01 -7.73026730e-01
   6.94107669e-01  5.19040063e-01 -7.30776305e-01  8.03404553e-02
   8.03672158e-01  3.50039494e-01  9.86328111e-01 -4.13493527e-01
   6.74984901e-01  4.29433396e-01  1.95070015e-01 -2.37860668e-01
   1.15642325e-01 -9.42499783e-01 -7.41130803e-01  9.91936029e-01
   1.31753725e-01  7.62269692e-01  5.91830861e-01  1.80892773e-01
  -6.73440266e-01  4.11782246e-01  3.94209382e-01 -7.96125266e-01
   5.46783276e-01 -9.59748194e-01 -3.70353316e-01  7.23401094e-01
   4.12515290e-01  2.00201010e-01 -3.73487755e-01  5.93239289e-01
  -2.96484515e-01 -2.43852498e-01  1.07655879e-01  4.55642941e-01
  -6.73857172e-01  2.46846659e-01 -3.39238912e-01 -8.49185670e-01
   8.00336265e-01  3.54157806e-01  5.87898868e-01  9.95855290e-01
  -1.31569861e-03 -8.24283559e-01  1.92694715e-01 -7.10476957e-01
  -9.72342219e-01  3.81206417e-01 -4.09319404e-01  5.15142462e-01
   6.03295521e-01  7.45809904e-01  9.35573852e-01 -6.85436883e-01
   6.05210669e-01 -4.48481585e-01  3.65201773e-01 -3.99048859e-01
   2.94326569e-01 -7.19098000e-01 -1.48122360e-01 -1.06102000e-01
  -7.25102713e-01  5.99915997e-01  5.75035233e-01  6.56227464e-01
   4.23571743e-01 -1.83017428e-01 -6.74499862e-01 -3.80897810e-01
   9.22490338e-01 -6.19266822e-01 -3.60930951e-01  8.73595410e-01
   5.48454024e-01 -6.75437792e-01  5.49370118e-01  5.15380321e-01
  -5.56743596e-01  9.11318066e-01 -7.56169680e-01 -6.92250410e-02
   2.69636017e-01 -2.79258228e-01  1.55022266e-01  5.55302385e-01
   7.75776406e-01  2.69849523e-01  1.01106024e-01  8.95654611e-01
   8.18035518e-01 -6.34800575e-01 -8.93738345e-01  7.95531560e-02
  -8.07414453e-01  7.96321505e-01 -6.64009969e-01 -4.94044468e-01
   5.11236452e-01 -1.60971302e-01 -3.22364034e-01 -6.72216094e-01
  -6.49125753e-01 -8.98841149e-02 -9.04764594e-01 -8.12735274e-01
   5.82405108e-02 -9.22974917e-01]
 [ 7.39786823e-01 -2.47441094e-01  2.85566942e-01 -9.10678665e-01
  -3.94340446e-01 -9.70652551e-01 -4.84902833e-01  4.14871187e-01
   6.74764595e-01  3.44724857e-01  6.66705186e-01  4.10761682e-01
  -4.38585016e-01  2.96984216e-01 -5.44963132e-01  8.06275749e-01
  -3.86769292e-01 -8.93021136e-01 -4.29006691e-01 -3.04605125e-01
   6.20537731e-01  1.30221149e-02  4.57870282e-01  5.74987826e-01
  -8.82057123e-01 -7.51141813e-01  9.78378338e-01  6.60103984e-01
   3.34179133e-01 -1.92518423e-01 -7.33099096e-01 -6.27545807e-02
  -9.53036164e-01  2.16816992e-01  1.93736269e-01  6.55504984e-01
   2.52676582e-01 -5.47164449e-01  9.03107101e-01  4.10721013e-01
   5.76311572e-01 -8.85394734e-01  1.12206890e-01  9.87542011e-01
  -2.65638679e-01  8.76081494e-01  1.80659606e-01  5.10053814e-01
   3.84979074e-01  5.60188184e-02  7.36426248e-01 -6.80325817e-01
  -5.83393060e-01 -2.53874825e-01  1.73650902e-01 -3.52777383e-01
  -1.05823861e-01  5.78286250e-01 -7.42981762e-01 -3.31493461e-01
   1.54552833e-01  2.86928685e-02 -2.97676450e-01 -3.88670612e-01
   6.47558737e-01 -3.12850667e-01 -6.01421507e-01  5.85661868e-01
   2.45078286e-01 -4.76914252e-01  3.62187636e-01 -3.67483376e-01
  -7.57683146e-01  4.96897817e-01 -1.08947329e-01 -8.49695389e-01
  -2.24302553e-01 -6.29118747e-01 -6.07285773e-01  8.52102813e-01
  -8.05569108e-01 -8.94856115e-01  5.56126221e-01 -3.65515362e-01
   8.82390022e-01 -5.01260273e-01  2.20778002e-01  1.04952536e-01
   7.08162932e-01 -2.54115527e-01 -7.77009423e-01  9.96339995e-01
   5.04718527e-01 -6.61249759e-01 -6.18048651e-01 -7.67451879e-01
  -4.71246664e-01  9.55284736e-01 -3.80031110e-01  3.64125610e-01
   3.63837996e-01  5.28372024e-02 -9.96463525e-01 -3.99449120e-01
   3.90314697e-01  3.10669856e-01 -3.53802780e-01  2.86885823e-01
  -6.07329767e-01 -2.85780935e-01  9.56681068e-01  3.16015393e-01
   3.90598173e-01 -9.25107697e-01 -2.07820271e-01 -6.23271017e-01
  -8.52078069e-02  1.45681252e-01  3.15966721e-01 -2.04874180e-01
  -2.46129289e-01 -6.70711149e-01 -7.60000206e-02 -2.90073075e-01
  -4.10347634e-01  3.86541792e-01  1.14183999e-01  3.64535143e-01
   3.95946178e-01  3.03517638e-01  9.10296202e-01 -3.68028463e-01
   5.03182312e-01 -6.25231739e-01 -7.48910237e-01 -5.05626779e-01
   8.77208657e-01 -4.00149740e-01  6.55669880e-01  5.54261433e-01
  -2.37432873e-01  4.10293597e-01 -2.34983067e-02  6.96805663e-01
   2.58912587e-01  1.56670420e-02 -6.26106401e-01 -5.42365267e-01
   2.92874065e-01  2.15175337e-01  2.96287668e-01  4.39176882e-01
  -2.75022894e-01 -5.20933766e-01  5.64492682e-01  2.57566751e-01
   9.27858296e-01  4.87661506e-01  6.15853227e-01 -3.00524415e-01
   1.26967708e-01  5.61552548e-01  7.03636419e-01  4.01537776e-01
  -8.07599728e-01 -6.32329791e-01 -3.12138036e-01 -6.42410474e-01
  -9.75443528e-01  7.04944923e-01 -4.57783993e-02  6.73397712e-01
   9.57225136e-01  9.43466049e-01  5.89810910e-01 -4.30180082e-01
  -9.25966888e-01 -4.10704420e-01 -5.63705453e-02 -3.65853558e-01
   9.77692639e-01 -6.98085739e-01  5.37150226e-02 -6.72689890e-01
   9.69764035e-01 -4.96213346e-01 -7.66665562e-01  4.25577599e-01
  -5.49300305e-01 -1.98380678e-01  2.75330821e-01  2.37351570e-01
   1.33433012e-01  1.02488488e-01 -4.15447828e-01 -4.09407897e-01
  -7.51867181e-01 -4.01507303e-01  9.13085079e-01  9.67691199e-01
   9.20086528e-01  9.22079939e-01 -7.30608536e-01  1.26581664e-01
  -8.02873762e-02 -1.14910725e-01  3.82891748e-01  9.27496017e-01
   1.03855434e-01  2.50981375e-01 -2.42523289e-01  2.16817287e-01
   8.66320357e-01  3.50846692e-01 -9.48464420e-01  8.06012919e-01
  -4.76665156e-01 -2.92490909e-02  2.10695727e-01 -9.19814852e-01
  -4.79674784e-01  1.33064348e-01 -9.06860247e-01  1.65404581e-01
   6.51508073e-02  6.44001884e-01  2.22417838e-01 -1.58178482e-01
   5.90356536e-03  1.34630849e-01 -4.55305378e-02 -2.75020185e-01
   7.15001228e-01 -5.31479530e-01  5.58185947e-01  1.01389523e-02
  -4.40914232e-01 -1.66357993e-01  6.76429912e-01 -9.31703450e-01
  -7.47052323e-01  7.49080488e-01 -5.27546210e-01  2.18100233e-01
  -9.97519000e-01  5.24412532e-02  7.78324894e-01  4.44446197e-01
  -5.28317903e-02 -8.24021666e-01]
 [-2.50958726e-01  6.21255181e-02  5.73390599e-01 -6.08685818e-01
   8.33927003e-01  2.95594266e-02 -4.78960342e-01  6.64642745e-01
   3.39578381e-01 -7.11325149e-01 -1.00759853e-01 -7.02214859e-01
   1.72626501e-01  1.02944833e-03  4.48149997e-01 -9.43658781e-01
  -6.15274472e-01  7.98314938e-01  3.24243527e-01  9.96286046e-01
  -8.58080015e-01 -6.77788020e-01 -1.94472614e-01  5.15100574e-01
   6.01659221e-01  6.54047849e-01 -2.76682799e-01  9.21261883e-01
   5.78226633e-01 -6.63008762e-01 -6.64867916e-01  8.93063999e-01
  -4.55618157e-01  4.89929747e-01  4.93831334e-01 -3.04851598e-01
   7.05257238e-01  9.57317815e-01  3.08921634e-01 -9.29332636e-01
   3.04365566e-01  5.15616833e-01  9.09253906e-01 -2.73905586e-01
   8.52708016e-01 -7.67637248e-01 -6.78076988e-01 -6.18577692e-01
  -3.23823596e-01  1.40850629e-01 -9.92458170e-01 -4.03084278e-01
   3.34299667e-02 -2.62400126e-01  6.85119481e-01 -7.09769774e-01
   5.77186225e-01 -8.18076680e-01 -3.17734594e-01  5.17307308e-01
  -7.11046440e-01 -9.38996948e-01 -2.96310499e-01  5.63834611e-01
   8.21640110e-01  4.69399153e-01 -6.96301115e-02 -5.92193980e-01
  -5.92954655e-01  3.02155353e-01  5.77591089e-01 -6.95576971e-01
  -2.67182429e-01  5.81527799e-01  6.42879914e-01  8.12554947e-01
  -2.33349011e-01  5.02828794e-01 -1.81365716e-01 -3.32298676e-01
   4.67643936e-01 -6.49118709e-01 -9.79824353e-02  3.45047804e-01
   1.84869976e-01 -3.27710331e-02  2.13408413e-01 -5.73218895e-01
  -6.17355654e-01 -9.69715168e-01  7.00316779e-01 -8.33631322e-01
  -8.85463051e-01 -2.13208973e-01 -4.91106543e-01  9.33529342e-01
   8.87819665e-01 -3.97372375e-02 -9.79535047e-01  2.04635620e-01
  -4.94732807e-01 -4.40884614e-01 -1.34081144e-01 -5.35341194e-01
   5.16248401e-01 -4.72940885e-01  3.89515170e-01  4.26843669e-01
  -9.63028105e-01  4.68721876e-01  6.56562361e-01  8.88551748e-01
  -6.11516420e-01 -4.97361251e-01 -5.19366076e-01 -6.82049656e-01
   6.46577828e-01  7.03560109e-01  5.84186531e-01 -4.25540328e-01
  -8.20726112e-01  8.76178185e-01 -3.26169333e-01  9.05796037e-01
   3.88801902e-01 -6.59100354e-01  5.62455394e-01  9.96068266e-01
  -7.78319591e-01  3.66474031e-01 -1.33795257e-01  9.14582728e-01
  -4.05315834e-01 -5.77817611e-01 -8.58982739e-01  5.41540977e-01
   5.07277673e-01  3.84571861e-01  5.71185012e-01  5.46294919e-01
  -6.43102363e-02  3.41833935e-01  1.89269597e-01 -3.65050564e-01
  -3.99849778e-01 -1.00759630e-01 -1.76482763e-01 -4.73077794e-01
  -5.43506896e-01 -2.70960882e-01  9.27737911e-01  2.71593653e-01
  -8.70848388e-01 -3.68900348e-01 -7.45413731e-01  8.92816962e-03
  -9.14843444e-01  6.82728951e-01  4.10158625e-01  1.51275431e-01
  -6.08195705e-02  5.36883071e-01 -6.26884185e-01  1.62165680e-01
   6.81612664e-01 -4.24809075e-01 -8.72767190e-01 -6.58492002e-01
  -1.29148484e-01  8.51117361e-01 -1.53184179e-01 -4.34713488e-01
  -7.37111242e-01  7.27993082e-01 -1.55864145e-01  8.36257164e-01
   4.94556222e-02 -7.54753597e-01 -8.33647117e-01 -4.74118629e-01
  -9.16432352e-01 -5.12368474e-01  4.64951209e-01  2.88540995e-02
  -6.07006941e-01  8.80430178e-01 -5.31121195e-01  3.91397175e-01
  -9.59910160e-02  9.84759567e-01 -2.42436271e-01  5.67733225e-01
  -9.86641509e-01 -8.33360785e-01  5.16580100e-01  2.19856767e-01
  -9.22692500e-01 -8.37824048e-01  3.68349051e-01 -6.13175487e-01
   7.86375072e-01 -9.62534807e-01  3.23880042e-01 -5.16542786e-01
  -7.01096204e-01  5.15520266e-01 -7.00616005e-01 -7.91561269e-01
   7.07557892e-01 -1.87217772e-01  1.48461126e-01  2.70124960e-01
  -8.30513984e-01 -8.24295524e-01 -1.35701626e-01  3.72149709e-01
   9.44565534e-01  7.08246162e-01 -3.30270169e-01  5.20245131e-01
  -5.14337241e-01  8.48110161e-01  6.95087387e-01 -9.54507779e-01
   2.88785919e-01 -1.58398242e-01  8.06410578e-01 -1.84248607e-01
  -2.49526018e-01  4.98647832e-01  1.93697707e-01 -2.81020282e-01
  -8.82066067e-02 -7.39882531e-01 -8.64204598e-01 -7.76124023e-01
   7.42688215e-01  3.29404031e-01 -5.75710985e-01  9.62699537e-01
   9.44933274e-01  5.29406071e-01  2.75509577e-01 -4.26530916e-01
  -7.71177345e-01 -6.45201361e-01 -5.58957493e-01  2.53785530e-01
  -7.76463264e-01 -6.99449524e-01]
 [ 5.33525182e-01  5.36197957e-01 -6.83330271e-01 -4.43204451e-01
  -8.87993918e-01 -8.58110605e-01 -3.53611266e-01 -6.33377297e-01
   6.20562858e-01  7.89679113e-01 -8.63781620e-02 -3.57014499e-01
  -4.32036348e-01  9.23740468e-01  9.42736872e-01 -3.10382428e-01
   5.70592285e-01 -4.67631200e-01 -5.55846660e-01 -4.44445728e-01
   6.93043337e-01 -5.07404537e-01 -7.00195477e-01  1.74314434e-01
   1.04459081e-01 -1.24664308e-01 -3.44610896e-01  7.00881841e-01
   4.29830459e-01 -9.66384872e-01 -6.79863238e-01  5.07375010e-01
   9.12123775e-01  4.28758495e-01  4.86744854e-01  4.91104476e-01
   1.26674401e-01 -5.48634628e-01  9.07269171e-01  1.53551857e-01
   5.51372692e-01  5.50018438e-02  9.95187353e-02  1.06517358e-01
  -4.09813250e-01  7.80047248e-01  3.62415313e-01  6.36737095e-03
   5.44283145e-01  5.14078351e-01 -6.67950430e-01  8.18062653e-01
   7.30846878e-01 -4.42548008e-01  2.36988252e-01  6.21526346e-01
  -1.17519738e-03  1.88633213e-01 -4.07727491e-01  2.86125015e-01
  -2.89079396e-01  3.63116128e-01 -7.91116950e-01  9.12528703e-01
  -6.89328985e-01  4.76698930e-01  7.59141180e-01 -4.21237433e-01
  -1.21109647e-01  2.72007296e-01 -2.14292732e-02 -7.76304531e-01
   3.79827912e-02 -2.22579526e-02  2.98049619e-01 -1.67426345e-01
  -7.95504345e-01  9.02109828e-01  9.82756206e-01 -8.78042784e-01
   1.29959798e-01 -8.85742574e-01  3.19897426e-01 -3.28744584e-01
  -8.20181588e-01 -7.59158142e-01 -5.04499675e-01 -5.12891919e-01
  -1.55742852e-01 -5.96925156e-01 -6.28100794e-01  5.23161229e-01
   5.52942456e-01 -4.67954938e-01 -6.95054376e-01 -3.31532294e-01
  -7.78789573e-01 -3.61153060e-01  7.63726147e-01  5.39072417e-01
  -9.80707671e-01 -6.95707444e-01 -5.61576451e-01  7.31614425e-01
  -5.44456788e-01 -2.13566954e-01  1.53629889e-01  6.58494445e-01
  -8.71269108e-02 -5.50227260e-01 -7.13242523e-01  8.22496666e-01
   2.63396580e-01  9.87111840e-01  3.01153816e-01 -4.82177705e-01
  -1.85267971e-01  9.48633236e-01 -6.80832610e-01  2.68641307e-01
  -9.31646602e-01  8.26989944e-01  1.69589985e-01  3.96460708e-01
   9.77315173e-01 -4.50070431e-01 -1.78966750e-01 -8.25923195e-01
  -4.79987183e-01  3.54989945e-01  8.18479929e-01  4.08104463e-01
  -8.65584423e-01 -8.32104142e-01  4.63997364e-01  4.44293895e-01
   5.65370874e-01 -1.15344752e-01  3.98479129e-01 -8.92626278e-02
  -4.00789780e-01  6.41220242e-01  2.11734539e-01  3.16768319e-02
   5.07983664e-01 -2.57581806e-01  7.75581012e-01  8.22750735e-01
  -9.88246682e-01 -2.92216590e-02 -8.62579086e-01 -5.91561640e-01
   8.88980015e-01  9.40229983e-01  1.13949618e-01 -1.81855969e-01
  -9.03178215e-01 -8.21103490e-01 -7.91777969e-02 -2.65134153e-01
   5.39253685e-01 -7.84170688e-01  7.01547952e-02 -2.88038014e-01
  -3.73155749e-01  3.36266401e-01  8.15227649e-01 -2.22697006e-01
  -8.36768329e-01  7.71125442e-01 -1.12452593e-01  5.34269735e-01
  -3.58823857e-01  2.12388170e-01 -1.72496709e-01  4.43323184e-01
  -8.47260386e-01  6.62566144e-01 -6.70305924e-01 -2.69290962e-01
  -3.37394865e-01 -8.56649111e-01  5.98675344e-01 -5.53407865e-01
  -8.93370507e-01  5.73072039e-01  5.17488511e-01 -6.79552501e-02
   9.59283922e-01  3.44677800e-01  2.83986402e-01  6.38232383e-02
  -1.93505202e-02 -7.87263753e-01 -6.67566098e-01 -5.32077409e-01
  -8.20852286e-01 -8.17332513e-01 -5.51568253e-01 -7.76315309e-01
  -6.50520857e-01  1.29249280e-01 -5.71686945e-01 -7.83437419e-02
   7.21143037e-01 -2.89122049e-01  5.81751519e-01  9.78310475e-01
  -2.58926482e-01  3.68617965e-01  5.23762895e-01  6.15799352e-01
   5.30220088e-01  4.61505390e-01  5.12038242e-01 -5.76891980e-02
   1.17033612e-02 -8.02711331e-01  6.97009158e-01  1.22822630e-01
   8.56000540e-01 -7.58359071e-01 -5.75135093e-01 -6.12941985e-02
   6.44310783e-01 -7.73842933e-01  6.39084225e-02 -3.86663419e-01
  -1.10739985e-01  5.57357195e-01  3.82395734e-01  6.23515925e-01
  -9.45581439e-02 -9.55896230e-01 -4.96888387e-01  4.21082682e-01
   8.90425818e-02  7.45075942e-01  3.70204287e-01  7.30530314e-01
  -1.41564996e-01  4.38411889e-03  6.22062472e-01 -9.04609763e-01
   8.17452182e-01 -9.77968776e-01  3.86119554e-02 -6.31142072e-01
   4.42417080e-02 -3.25574211e-01]
 [ 1.35497219e-01  6.47139506e-01  8.37218379e-01  2.15058503e-01
  -8.81955184e-03  5.44349090e-01 -6.86446070e-01 -5.67608384e-01
  -2.43105801e-01 -4.38521922e-01 -8.30619566e-01 -3.51891581e-01
  -3.37625904e-01  2.68765026e-01 -7.36191715e-01 -4.71966468e-01
   8.39527885e-01  8.37672377e-02  5.49702895e-02  1.81883807e-02
  -6.81998710e-01 -5.86447686e-01  1.40447169e-01 -3.38437339e-01
   4.16499638e-01  6.74944254e-01  9.47464507e-01  5.66894460e-01
   8.08286728e-01 -4.41390120e-01 -9.39287410e-01  9.92024256e-01
  -5.97874446e-01  3.18063785e-01  4.40737780e-01 -7.28571837e-01
   6.73332388e-01 -5.59805046e-01 -4.83427498e-01 -4.76253806e-01
   7.63762150e-02  3.46567076e-01 -6.92528785e-01 -8.43189257e-01
  -9.99882694e-01 -6.85990190e-01  9.31103862e-01  4.21671189e-01
   2.52777773e-01 -8.29304308e-01 -1.53101583e-01  4.00234178e-01
   1.05357318e-01 -8.38618683e-01 -6.54315408e-01  2.68141724e-01
   5.35181627e-02 -9.64159250e-01 -3.07833621e-01 -3.91467912e-02
  -1.86311737e-01  5.87273429e-01 -8.51702659e-01  7.76631252e-01
  -9.85294407e-02 -7.52369177e-01 -2.61521982e-01 -8.84938661e-01
   7.28725411e-01 -5.02382871e-02  2.27764826e-01 -5.74361309e-01
  -9.70618553e-01  9.39581228e-01  5.78176091e-01 -9.84430884e-01
   6.27326726e-01  6.34935547e-01  3.70013234e-01 -5.64532850e-01
  -2.00060949e-01 -9.36052994e-01  3.54680054e-01  3.78802178e-01
   2.31214125e-01 -7.99945363e-01  7.49296738e-01  4.82456987e-01
   9.29185595e-01  4.92479525e-01  4.90517963e-01 -1.69973038e-01
  -9.31734600e-01  2.13504030e-02 -5.81370988e-01 -4.33739797e-01
   7.30214464e-01 -1.88415547e-01  8.10803123e-01 -1.02921545e-01
   4.41469258e-02 -3.96643572e-01 -2.35292299e-01  3.48491377e-02
   5.58786839e-01 -5.25447984e-01  7.67450223e-01 -8.61589338e-02
   7.52520505e-01 -4.62371223e-01  2.54212312e-01  9.13004502e-01
  -6.67310352e-01  3.37375932e-01 -9.95328857e-01  4.56162914e-01
   2.99350096e-01  7.79764351e-01  3.15889101e-01  2.52833590e-01
  -8.30161374e-02  2.38454754e-01  4.94229405e-02  7.01745127e-01
  -6.73492906e-01 -8.00009705e-01  4.11873282e-02 -4.83983959e-01
   4.09522398e-01 -9.17984568e-01  4.19280942e-01  5.01613794e-01
  -8.34245322e-01  4.08440702e-01  5.22082544e-01 -2.57776217e-01
   4.35998214e-01  5.56373117e-01 -5.45554784e-01  3.61639671e-01
  -1.13157823e-01 -5.47009131e-01  3.20308142e-01 -6.13255690e-01
  -1.84023551e-01 -3.57492941e-01 -4.25370013e-01 -1.97604579e-01
   3.41546501e-01 -6.01807170e-01 -4.00428165e-01  9.99466469e-01
   4.59988985e-01 -7.41583618e-01 -7.87842006e-01 -3.04040208e-01
  -8.84190943e-01 -4.89081462e-01 -7.04104125e-01  9.51294518e-01
  -2.99973812e-01 -4.47962360e-01  3.50138158e-01 -5.70933341e-02
   7.79425321e-01 -5.98298155e-01  6.34066369e-01  5.85491026e-01
  -6.79293583e-01  9.38979812e-01  8.51618167e-01  1.70759551e-01
  -5.37737516e-01 -5.40581353e-02 -3.29937415e-01 -3.91129041e-01
   8.74492671e-01  3.34584707e-01 -1.15522442e-01 -4.08709876e-01
   1.28796105e-01  3.65621508e-01  5.10908764e-01 -1.86419717e-01
  -9.58889102e-01 -5.95477479e-01  4.19585507e-01  9.54341791e-01
   9.79957619e-01  2.92413187e-01 -8.07317916e-01 -4.43511491e-01
  -8.44217037e-02  6.24252400e-01  2.24387488e-01  7.98285334e-01
  -2.05607405e-01 -9.06427860e-01 -1.59786338e-02 -2.35561953e-01
  -3.37227240e-01  1.71037966e-01  5.37254954e-01  9.46243541e-01
  -2.61941533e-01 -5.75851121e-01 -2.59914003e-01 -1.27570098e-01
   4.02763440e-01  9.85894205e-01  9.71132391e-03 -2.30540881e-01
   5.23736764e-01  1.10362466e-01 -1.38116038e-01  3.06511688e-01
   5.80616312e-01  2.90569235e-01 -4.80478577e-01  1.51211259e-01
  -8.86451642e-01  5.20237960e-01  2.46292033e-01  3.73283646e-01
  -8.21830876e-01  4.53321487e-01  5.55109566e-01 -7.53560529e-01
   7.85478160e-02  8.13171422e-01  8.39811550e-01  8.71588483e-01
  -7.20191878e-01  1.55964980e-01 -8.04829588e-01 -1.09602389e-01
  -9.33133771e-01 -9.83863038e-01  1.81705667e-01  4.21923560e-01
   5.45284545e-01 -1.39991407e-01  1.46349505e-02  8.24179676e-01
  -9.32147235e-01 -1.42640924e-01  3.66140536e-01  8.79422384e-01
   7.29774561e-01  5.90189901e-01]
 [ 5.18363312e-01  1.21834773e-01  5.11649546e-01 -9.17007349e-01
   3.35215676e-02 -1.00671242e-01 -9.51883410e-03  7.42101194e-02
   4.50705376e-01 -6.89535163e-01 -7.04543142e-01  3.56824705e-01
   5.66657033e-01  8.20676660e-01 -8.87493525e-01  1.50209054e-01
   2.75488869e-01 -8.92398567e-01 -1.50973500e-01 -1.27428620e-02
  -5.07606495e-01 -5.73346072e-01 -3.63131234e-01 -8.20472623e-01
  -6.68257122e-01  1.29572271e-01  4.07860107e-01  6.49594710e-02
   8.86304962e-01 -6.43966692e-01 -6.95278740e-01  2.23979682e-01
  -9.16008097e-01  7.62076737e-01  7.57397692e-01 -6.45228048e-01
   7.24491796e-01 -6.83353242e-01  8.85350964e-01  4.63296254e-01
  -7.83711052e-02 -5.19104702e-01 -1.41471437e-01  2.10581720e-01
   2.48023624e-01  6.72005323e-01  9.38463631e-01  8.74429248e-02
   2.80675664e-01 -2.97192517e-02  8.17404535e-01 -7.69230856e-01
  -2.42518776e-01 -7.41787556e-02 -5.53473063e-01  5.20306820e-01
  -3.78502004e-01  1.75732486e-01  8.83848110e-01  4.32776384e-01
   3.09754529e-01 -5.60282542e-01 -9.36385685e-01 -6.89950063e-01
  -1.10579202e-01  7.41940116e-01 -1.64598132e-01  1.81216461e-02
  -9.77161560e-01  9.04777947e-01 -3.68562938e-01  7.48651769e-01
  -2.11365250e-01 -1.12779528e-01 -4.33736445e-01 -7.70739999e-03
   5.79618405e-01  6.65978467e-01 -3.08801182e-01  8.12584973e-01
  -1.54044313e-01 -6.40826966e-01 -9.64865102e-01  7.82073329e-01
   6.96160992e-01 -6.31749974e-01 -5.88315754e-01 -1.02821964e-01
  -9.43928035e-01  9.84627305e-01  5.44841574e-01  8.96236323e-01
  -5.84986704e-01  8.04780150e-01 -7.83062082e-02 -6.81415622e-01
   9.53266277e-01 -7.82354965e-01  5.35296098e-01  2.89535325e-01
  -6.50015839e-01  9.92164080e-01  8.71308019e-01  7.42720952e-01
   5.10836187e-01 -8.11719794e-02  8.81512958e-01 -1.76791214e-01
  -4.08905198e-01  2.26921796e-01 -4.23429360e-01 -2.55341128e-01
  -1.22961508e-01 -3.37964263e-01  6.50888331e-01  1.08499564e-02
  -5.41518737e-01  6.73900795e-01  2.88600804e-02  4.86696824e-01
  -2.28835074e-01 -5.26845685e-01  1.75164462e-01 -1.46994915e-01
  -3.93547188e-01  7.12141179e-01 -6.24201085e-01  6.49520347e-01
  -2.16020774e-01  2.75353560e-01  3.69070567e-01  2.54439654e-01
  -2.56471032e-01  7.21912154e-01  5.41227073e-01  7.65526411e-01
   1.47674760e-01  7.28558560e-01  5.69842070e-01  8.48651156e-02
  -7.73441392e-01 -8.55528766e-01 -5.94246313e-01  1.49443443e-01
   9.73785933e-01 -8.39620744e-01 -8.18019681e-01  2.09112382e-01
  -7.87216564e-01 -6.12661068e-01  3.49407516e-01 -5.10607407e-01
  -9.85829895e-01  9.77238408e-01  4.10348291e-01  7.50725414e-02
   3.92961649e-02 -4.79459600e-02  5.14077467e-01 -3.35594844e-01
   3.81922150e-01  4.76117520e-02  2.57842147e-01  9.65321433e-01
   4.15828117e-01 -2.57677278e-01 -2.02858279e-01  7.81002237e-01
  -8.62831377e-01  4.74463658e-01  8.32150350e-01  1.14826258e-01
  -8.18319254e-01 -2.89947506e-01  9.15985111e-01  8.55105177e-01
   6.04889821e-01 -3.55581915e-01  7.66984043e-01 -2.61377772e-01
  -4.41446060e-02  8.60975534e-01 -7.83722716e-01  4.94769306e-01
   8.75254226e-01  9.60517402e-01 -5.18453891e-01  5.20641689e-01
   2.25556801e-01  8.54961898e-01  9.52611605e-01 -3.84615457e-01
   3.77177708e-01  5.60374395e-01 -7.50796113e-01 -1.16475181e-01
  -5.37339953e-01  5.83953676e-01  6.62842162e-02  2.24030431e-01
  -4.32930539e-01 -4.81748780e-01 -9.80794969e-01  7.39894916e-01
   8.85417916e-01 -4.96683230e-01 -6.78749067e-01 -6.41951810e-01
  -2.32027372e-01  3.63840828e-01  1.85716952e-01 -5.36102637e-01
   9.54064797e-01 -4.89127773e-01  6.40594601e-01 -1.67297477e-01
  -7.07477328e-05  9.58175444e-01  7.93286790e-01 -3.89531178e-01
   5.60948721e-02 -1.73331758e-01 -2.66356257e-02 -8.35683998e-01
  -4.29014719e-01  2.51391334e-01  5.43750829e-01  4.82938241e-01
  -5.80276122e-01  9.15731267e-01 -6.23917729e-01  9.80879306e-02
   2.62909669e-01 -8.84223921e-01 -8.89224107e-01  2.46316389e-01
  -7.59254797e-01 -6.34031452e-01 -2.77936355e-01  5.30513878e-01
   3.28835440e-01 -9.84945537e-01  6.96989602e-01  2.17593814e-01
  -5.49146407e-01 -3.16775411e-01 -5.62408782e-01  1.49236596e-02
   1.69753723e-01  5.42346237e-02]
 [-6.99375177e-01  6.62264207e-01  9.18428722e-01  8.24773896e-01
  -2.70132423e-01 -7.48178966e-01 -3.84094082e-01 -1.65661270e-01
   3.48400646e-01  2.16301978e-01  5.40546546e-01 -1.33269922e-01
  -9.93075259e-01  9.65744745e-01 -8.54957178e-01 -7.80964820e-01
   6.49410943e-01  3.55824788e-01  5.66610081e-01  2.83323598e-01
  -4.05783034e-01  3.49463459e-01  2.29608257e-01 -8.71691989e-01
  -2.65279870e-01  1.70883050e-01 -9.92531102e-01  6.88707426e-01
  -7.74461833e-01 -6.05801158e-01  2.34869388e-01 -7.87315442e-01
  -1.85269639e-01 -5.75584782e-01 -2.31566904e-01  6.69124265e-02
  -7.26481655e-01 -7.02098748e-01 -7.86491391e-01 -6.41722804e-01
  -8.94194411e-01 -4.57547971e-02 -8.94186542e-01  8.32634976e-01
  -8.34118898e-01 -6.49587301e-01 -9.48238890e-01 -3.60852549e-01
  -8.15573887e-01  2.03344229e-01  7.17014917e-01  6.41249793e-01
   5.15265333e-01  4.82321933e-01  5.97094207e-01 -7.98996592e-01
   6.07351179e-01 -7.58739993e-01  7.69982585e-01  2.80579733e-03
  -6.43612426e-02 -8.82575668e-01  6.03447502e-03  2.35084688e-01
  -1.24374740e-01  3.25433732e-01  8.13975487e-02  1.13838358e-01
   8.57059554e-01  8.47941746e-01  5.45951839e-01  1.78855325e-01
  -6.36598353e-01  2.50436529e-01 -6.90585815e-02  5.06492334e-01
   3.18657361e-01  9.42450040e-01 -7.88520050e-01  1.04497297e-02
   3.10546158e-01 -9.99827610e-01  8.72030321e-01 -5.39698235e-01
   2.72718106e-01 -1.03732769e-01 -9.16088691e-01  8.91170904e-01
  -9.63086412e-01 -9.05455458e-01  2.12228598e-01  6.51535753e-03
   8.27377070e-02  6.33998899e-01  4.19979680e-02 -2.85293670e-01
   5.18541978e-02  9.77964023e-02 -9.00622162e-01 -4.52729869e-01
  -6.91498068e-01 -6.77963600e-01  1.01057005e-01 -2.13785798e-01
   1.72192192e-01 -1.24013230e-01 -4.34465933e-01  7.72553001e-01
  -7.67979028e-01  1.80715939e-02  5.66558513e-01  8.00517133e-01
  -1.00655758e-01 -9.30512580e-01 -5.89212010e-01  7.88487317e-01
  -3.92898241e-02  1.40387255e-01  7.39358530e-01 -8.42302941e-01
   4.15660633e-02 -8.26466849e-01 -3.10748490e-03 -5.95761529e-02
   5.36772689e-01  5.91192956e-01 -4.17546927e-02  8.30112768e-01
  -5.45725579e-01 -8.61115200e-01 -6.19255227e-01 -3.94346890e-01
  -2.04729658e-01  4.93122228e-01  3.63276387e-01 -2.89465035e-01
  -5.71494125e-01  2.61606417e-01 -5.61282102e-01  3.26622524e-01
   2.82816729e-01 -4.24331730e-01  9.40755192e-01  3.49962732e-02
  -2.76685291e-02  6.21744337e-01 -5.90522611e-01  8.38557491e-01
   3.16392867e-01 -1.29480660e-01 -5.49570035e-01  4.73424635e-01
   8.69079311e-01  8.53663362e-01  6.41009112e-01  4.63963244e-01
   1.98007288e-01 -4.88140079e-02  7.25820446e-01  3.92142295e-01
   1.51881591e-01 -3.40532316e-01  9.66373689e-01  8.52021311e-01
   1.87587987e-01  1.03822461e-01 -5.54348543e-02  9.69043768e-02
   3.99881701e-01 -7.65382506e-01 -5.35615055e-01 -2.38147177e-01
   8.83498017e-01  8.36052674e-01  2.12237514e-01 -9.96803431e-01
   8.36017403e-01  2.03557394e-02 -3.89097236e-01  7.22076653e-01
  -2.66654661e-01  9.63338792e-01  7.52528127e-01  4.63226345e-01
   3.87917846e-01  3.69753160e-01 -8.50966754e-01 -4.28479626e-02
  -8.30461542e-01 -8.45466983e-01  9.26093034e-01  5.67555546e-01
  -5.07679409e-01  1.64544061e-01  2.83474459e-01  1.17800290e-01
   6.12972365e-01 -4.61561030e-01  5.48254988e-01  6.99745763e-01
   4.03694483e-01 -1.99229725e-01 -5.94126691e-01 -7.23280771e-01
   7.87426994e-01 -7.61999612e-01 -9.09617513e-01 -9.75517647e-01
   7.52487129e-01  8.82101997e-01  7.05565669e-01 -9.85264294e-01
  -4.84884193e-01 -7.79274080e-01 -3.97032261e-01  5.14337898e-01
  -5.73123235e-01 -7.27699179e-01  3.87196641e-01  8.55373008e-01
   8.29357294e-01  6.99386361e-01  7.62094531e-01  4.75026182e-01
  -7.65669039e-01 -3.88095074e-01 -5.90875051e-01 -3.08830130e-02
   1.11681872e-01  7.99733366e-01  3.43103798e-01  4.41903240e-01
  -5.78338743e-01 -2.23301813e-02  1.20008852e-01 -3.11393836e-01
  -7.03004416e-01 -8.45769676e-01 -1.79452704e-01 -8.24496778e-01
  -2.99541284e-01 -8.15215530e-01  8.57408405e-01  7.35125926e-01
  -4.76732787e-01 -4.74865888e-01  6.66146577e-01 -8.36465366e-01
  -4.72524633e-01 -1.67812749e-01]
 [-5.55815890e-01  7.22271663e-01 -7.08989460e-01 -6.07007646e-01
   1.69776103e-01  2.17698432e-01 -2.58990877e-01 -8.63117064e-01
  -1.23628924e-01  4.15199743e-01 -7.86797335e-01 -6.46948825e-01
  -5.49554668e-01 -7.62581889e-01  6.25670195e-01  8.61131762e-02
  -7.49262572e-01 -7.08590588e-01  6.08473408e-01  3.93497976e-01
   5.14289479e-01  6.52726436e-01  7.90864354e-01  4.27043186e-01
   9.98300938e-01  5.65048547e-01  3.06577353e-02 -2.41350615e-01
  -4.55380137e-01 -9.42848538e-01  2.07757246e-01 -8.44443925e-01
  -8.47795697e-01  2.23487104e-01  3.19562897e-01  7.82901188e-01
   8.51470752e-01 -4.14655198e-01 -2.68036302e-01  1.38174299e-01
   1.44839462e-01  6.20832635e-01  5.67924897e-01 -2.29075051e-01
   9.24057484e-01  1.93846181e-01  1.69929413e-01 -1.48453723e-01
   8.72876548e-01  6.31854496e-01 -4.10911543e-01  4.44943497e-03
   7.90626442e-01 -2.30729962e-02 -5.32626743e-01 -1.05001641e-01
   2.48906487e-01 -6.25708610e-01  4.07052997e-01 -9.20633231e-01
   9.02631703e-01 -7.55636038e-01 -8.42451335e-01  6.45631246e-01
  -7.15314716e-01 -3.82311347e-01  1.94147028e-01 -5.34811956e-02
  -5.94527636e-01  9.77633847e-01  7.54063343e-01 -3.99146146e-01
   8.17628138e-01 -9.96796408e-01  8.71800344e-02 -8.41779506e-01
  -6.13462449e-01 -2.23766419e-01  5.67542958e-01  2.59572261e-01
  -2.29946502e-01  9.63044126e-01  2.74070888e-03  3.72134127e-01
  -2.44489365e-01  6.58563989e-01  6.51335314e-01 -6.49899750e-01
  -2.12750327e-01 -5.40668983e-01  2.02957497e-01 -8.90091126e-02
   8.36764221e-01  3.17179144e-01  3.59335367e-02  5.02475679e-01
   8.69214936e-01  8.26541736e-01  8.59983531e-01  8.85924577e-01
  -3.23736700e-01 -8.56796712e-01 -9.03586849e-01  8.60939787e-01
  -7.85415003e-01 -6.99019030e-01 -2.07950985e-02  5.99847782e-01
  -8.58032903e-01 -9.55864583e-01  4.29902049e-01 -5.49273528e-01
   3.39969242e-01 -7.43302198e-01  7.26078200e-01 -2.90687135e-01
  -4.23122771e-01  9.34234805e-01  3.35683033e-01 -8.48562360e-02
  -7.32039567e-01  9.97016699e-01  2.09442084e-02 -5.45304226e-01
   6.15234505e-02 -8.50539960e-01 -4.13883591e-01  1.59951394e-01
  -5.83441441e-01  3.35112908e-01  5.77160332e-01 -5.98699151e-01
   2.88298089e-01 -6.75702408e-01  2.14684172e-01  5.16363273e-01
  -8.86147425e-01  6.92641233e-01  6.46930422e-01  3.20561268e-01
   8.14605284e-01  7.31446108e-02 -6.37033199e-01  4.58888419e-01
  -9.21919262e-01  7.67078746e-01  2.54812116e-01 -1.58721590e-01
  -8.76980379e-01 -6.42702460e-01 -6.30698729e-01 -5.46335518e-01
  -5.81239731e-01 -1.34933982e-01  9.74063720e-01  7.68941264e-02
   6.11081153e-01  2.60304098e-01 -4.63819485e-01  8.54845124e-01
  -5.64244569e-01  2.79161844e-01 -3.53954046e-01  6.52583925e-01
   9.92733666e-01  3.42046407e-02 -7.61066346e-01  6.42704426e-01
  -3.29313826e-01 -6.21880132e-01  2.23427242e-01 -7.69415635e-01
  -1.20188371e-01 -6.18469541e-01 -3.80172811e-01  4.11993387e-01
  -5.49432431e-01  5.23184959e-01  4.08183320e-01 -6.93384130e-01
  -7.30451835e-01  1.89621278e-01 -1.72710775e-01  2.51734011e-01
   7.46146121e-01 -8.66571889e-01 -3.86429608e-01 -8.46237980e-01
   8.20031457e-01 -9.76798945e-01 -7.46214929e-01 -5.90275649e-01
  -7.35158224e-01 -6.61443419e-01  6.98267341e-01  9.13934320e-01
  -4.07090358e-01  7.45449965e-01 -7.22610242e-01 -8.82268774e-01
  -1.30844686e-01 -2.97032489e-01 -3.23492838e-01 -9.57764195e-01
  -7.11477166e-01  4.97837627e-02  8.61910456e-01 -3.22523011e-01
  -6.36700486e-01 -7.31295946e-01 -8.06294897e-02 -5.81710201e-01
   1.09895469e-02  6.25467081e-01 -3.60195019e-01 -5.87695986e-01
   9.44298070e-01 -6.84954161e-01  8.29273338e-01  4.10002915e-02
  -1.50580276e-01  4.01077266e-01  7.85328932e-01  6.37423297e-01
  -8.81664227e-01  7.51790836e-01 -9.10825922e-01 -9.65638325e-02
   9.44502709e-01  1.16795662e-01 -1.20164665e-01  7.29633051e-01
   4.53810543e-01  5.35403811e-01  3.68781385e-01  7.84962557e-02
  -6.52149473e-02 -3.10625645e-02 -8.80869750e-01  1.80357414e-02
   2.26640470e-01 -4.80653343e-01  7.80563715e-01  8.20165912e-01
  -8.94463411e-01  9.24424693e-01  3.55429188e-01 -2.13269775e-01
   5.50272110e-01  8.97670321e-01]
 [ 1.73118851e-01 -5.86176002e-02  8.63545765e-01  6.90756188e-01
   1.83662936e-01  6.23390621e-01  4.42417175e-01  3.12707390e-02
  -3.17551432e-01 -1.33820652e-02 -6.43796158e-01 -8.50634773e-01
  -1.88206958e-03  7.82502353e-01  4.88575771e-01  9.72045286e-01
  -1.71906280e-01 -6.75647665e-01 -4.40166995e-01 -4.93990493e-01
  -9.24195397e-01  8.16179480e-01 -9.52732624e-01 -8.79803099e-01
  -7.76080384e-01  7.50111459e-01 -5.13369539e-01 -4.19372504e-01
   5.09443292e-01 -2.04455392e-01 -8.53176897e-01  5.96613783e-01
  -6.85810361e-01 -3.31262120e-01  6.14431638e-01  5.40310329e-01
  -3.15344077e-01  8.44988455e-01  6.38656456e-01  1.38504695e-01
  -3.81581569e-01 -7.24038908e-01 -7.53685791e-01  2.34508544e-01
  -3.80115357e-02 -5.92467739e-01 -7.93559493e-01  6.68920955e-01
   3.96816960e-01  2.94894468e-01  4.13515480e-02  8.79984331e-01
  -3.77226625e-01 -4.24963898e-01  1.67984998e-02  8.52878538e-01
  -6.18813287e-01  7.80777413e-02 -6.31075494e-01 -6.73320646e-01
   5.74610545e-01  6.19384644e-01 -8.49794753e-01 -3.26281809e-02
   4.31115767e-01  8.12421123e-01 -3.87449912e-01  3.55182892e-01
  -6.20798720e-03  3.50786121e-01 -4.15273115e-01  3.25206808e-01
  -4.27715135e-01 -8.66318796e-01  4.61389270e-01  7.01879099e-01
   9.80393903e-01 -3.04532566e-01  7.91308868e-02 -8.78459788e-01
   4.47323370e-01  1.92469537e-01 -5.53420670e-02 -2.10848903e-01
   4.46262583e-01  5.92054774e-01  8.68843313e-01 -1.23040051e-01
   9.42793428e-01  3.81011310e-01 -4.71284396e-02 -6.95548422e-01
  -7.71217980e-01  1.41964999e-01  1.68399226e-01 -1.87171417e-01
   6.76859949e-01 -1.57248274e-01  9.25706042e-01 -6.06398325e-01
  -9.29464206e-01  1.49067882e-01  5.07500810e-01 -3.32685263e-01
  -2.23312535e-02  3.90669625e-01  9.98348056e-01 -2.40371766e-01
   2.58756534e-01  2.45944774e-01 -1.55379603e-01 -4.25909650e-01
   5.36782395e-01 -8.12706063e-01  7.24082515e-01  4.87859584e-01
   1.55873672e-01  9.67576143e-01 -1.57529508e-01  9.67779757e-01
  -8.29644387e-01  2.94296033e-01 -1.49536001e-01  9.34962072e-01
   9.99106162e-01 -9.94350568e-01  9.01155157e-01 -4.23566083e-01
  -7.79858942e-01  6.15344199e-01 -3.09361500e-01 -9.20146032e-01
   1.36719024e-01  1.51704698e-01 -3.82871992e-01 -5.31593982e-01
  -2.32038047e-01  5.64025951e-01  8.76573715e-01 -7.34389094e-01
  -7.87815618e-01  6.14997924e-01  8.14877423e-01  8.18146822e-01
  -5.61361152e-01  1.95550476e-01  4.31763372e-02  2.37440476e-02
  -3.40189208e-02 -4.68961409e-01 -2.41644131e-01 -5.78044551e-01
  -1.97936599e-01 -8.85500052e-01 -2.40721551e-01  2.85394991e-01
   8.74728247e-01 -5.16140951e-01 -2.26981587e-01  7.19291700e-01
   1.72125886e-01  4.69666064e-03  4.48741741e-01 -1.24390675e-01
   7.01346600e-01 -9.00658721e-01  6.73180718e-01 -5.39672911e-01
  -9.43113337e-01  1.21831849e-01 -9.81194220e-01 -1.73683926e-01
   3.33315880e-01 -9.37547928e-01  6.60833846e-01 -2.61931369e-01
   6.15413204e-01  9.60163438e-01  2.47778638e-01 -5.40834569e-01
   8.61877273e-01 -3.66342176e-01  3.66294286e-01  2.89727861e-01
  -7.84404996e-02 -4.21450843e-01 -8.30932964e-01  7.17781640e-01
   2.17850902e-01  2.19430510e-01 -8.26166910e-01 -4.58466505e-01
  -2.66511142e-01 -1.74084153e-01  6.06252103e-01  4.66434288e-01
   1.58290900e-01 -4.62920791e-01 -8.90551840e-01 -2.11276229e-01
  -3.08617394e-01 -5.77267025e-01 -4.76758285e-01  9.92875323e-01
   5.59649301e-01 -8.39410095e-01 -4.55183929e-01  4.73612169e-01
   1.31260773e-01  9.73588571e-01 -6.67233008e-02  3.15566646e-02
  -3.68468154e-01  1.65303691e-01  1.12505734e-01  3.49314615e-01
   2.79548733e-01  2.16296740e-01  2.19941510e-01 -9.46907855e-01
   4.40242308e-01  8.38015145e-01 -9.45471440e-01  4.91555924e-01
  -5.15945061e-01 -7.98885544e-02 -7.42241601e-02 -2.32012221e-01
  -1.95444256e-01  3.93332343e-01 -1.29940192e-01  1.32079932e-01
   1.17198580e-01 -7.55466394e-01 -9.16570904e-01  8.77071409e-01
  -5.54541561e-01  2.79808235e-01  5.73127874e-01  1.42046007e-01
  -2.56883597e-02  5.95718267e-01 -7.10416953e-01  7.67701357e-01
  -8.38357058e-01  7.15001411e-01 -1.24265415e-01  8.16099451e-01
  -2.62744280e-01 -8.73384037e-01]
 [ 7.03055245e-01 -8.39359795e-01 -3.45451944e-01  6.50514659e-01
  -8.89938193e-01 -4.51938938e-02 -6.17926365e-01 -5.79265220e-01
  -6.07915587e-01  4.67252984e-01  8.30576968e-01 -4.11255179e-01
   2.25990410e-01  5.38801793e-01 -4.56430113e-01  4.98645049e-01
   2.56550484e-01  7.70304226e-02 -2.71221022e-01 -3.85120624e-01
  -3.54311549e-01  1.05024409e-01 -1.88625667e-01  3.80123193e-01
   7.42171810e-01  5.32932228e-01 -7.02064408e-01  6.41461592e-02
   3.05561001e-01 -2.07646685e-01 -1.28684740e-01  2.79635301e-01
  -7.32252077e-01 -1.06228992e-01  7.78601654e-01 -8.78619668e-01
  -4.16574860e-01 -9.58266983e-01 -6.84377023e-01 -9.25810159e-01
  -8.56105831e-01 -7.58761983e-01 -3.99002449e-01  5.51980870e-01
  -6.74628641e-01  9.23483501e-01 -6.20841723e-01  5.11780185e-01
   4.74091618e-01 -1.35052409e-01 -3.75703779e-01 -8.73224642e-01
  -4.14305934e-01 -6.75897795e-01 -1.88401164e-01 -7.31394569e-01
   2.07840144e-01  1.78150328e-01 -7.49566421e-01 -8.91429027e-01
  -9.71683783e-01  5.19642430e-01 -2.20850028e-01  1.68504197e-01
  -6.17001348e-01  3.30755962e-01 -4.33883762e-01  9.77881583e-01
   4.98197363e-01 -9.54359715e-01  1.66245075e-01  7.22376211e-01
  -2.82063168e-01  8.80745697e-01 -6.44327640e-01  3.07941815e-01
  -9.87757536e-01  9.47814378e-01 -7.84095262e-02 -7.33847036e-01
  -3.67049297e-01 -9.29115449e-01  4.93478311e-01 -7.84031839e-01
   3.24462334e-01 -2.62472238e-01  2.61891027e-01 -4.24147761e-01
  -9.49753514e-01 -1.80004693e-01 -6.71132534e-01 -2.97915488e-01
   4.83706875e-01 -5.84829611e-01  2.26359459e-01 -3.01725218e-01
   6.40626407e-01  7.82568044e-01 -7.99982142e-01  1.43285056e-01
   6.70474374e-01 -6.03640661e-01 -5.57994406e-01  8.53246255e-01
   7.57224845e-01 -2.27082571e-01 -1.74044932e-01 -8.02603358e-01
  -8.51242327e-01 -8.94531105e-01  7.50408853e-01  1.93688671e-01
   9.95093993e-01 -6.72318674e-01  2.56014937e-01 -6.06190375e-01
  -8.45119367e-01 -7.18122444e-01 -2.92440071e-01 -3.95284442e-01
   1.47841008e-01  3.60508962e-01  6.02204986e-01 -1.17571611e-01
   6.04370493e-01  4.21780158e-02 -6.02342178e-01  3.94062546e-01
  -7.96050570e-01  5.58873982e-01 -8.83760483e-01  3.04032858e-02
  -9.86782036e-01  6.65229912e-01 -9.21907920e-01 -1.00438043e-01
  -8.61845604e-01  3.22055430e-01  4.79686542e-01  6.35333123e-01
  -2.12813041e-01 -7.81921298e-02 -5.28093642e-01 -5.80584520e-01
   2.67576192e-01  7.68378224e-01  6.94351175e-02 -1.81336168e-01
  -8.48102751e-01 -6.78489317e-01 -2.27473468e-01 -7.85347040e-02
   3.28028989e-01  1.93993900e-02 -4.81810939e-01 -2.19303511e-01
  -2.30810915e-02  3.30263853e-02 -6.25389227e-01  8.65153354e-01
   5.70777340e-01 -7.21731957e-01 -5.92016027e-01  5.20731088e-01
  -4.45780284e-01  4.99470393e-01 -9.79925811e-01 -3.35052198e-01
   1.41216672e-01 -7.43486483e-01 -2.56702698e-01  9.28664861e-01
  -9.58676517e-01 -3.06722213e-01  3.42128012e-01 -4.15169286e-01
   7.24402984e-01  9.98417444e-01 -6.85950909e-01  3.28184968e-01
   2.72312173e-01 -1.93513179e-02 -9.37995036e-01 -2.75848373e-01
   2.43860190e-01  6.44485871e-02 -2.43739476e-01  9.58787483e-01
   1.10169364e-01  6.36754550e-02  8.79695213e-01 -3.61119612e-01
  -6.03854888e-01 -5.64914370e-01  7.52516551e-01 -8.37519480e-01
  -7.23402367e-01 -1.03292221e-01  9.57335094e-01  2.30269242e-01
   7.37949424e-01  9.04900796e-02 -8.20531196e-01 -5.80127357e-02
  -2.63359971e-01 -4.08011416e-01 -3.34739850e-02  2.29969244e-02
   7.21575662e-01 -8.73957267e-03  4.39318965e-01 -9.38348911e-01
   1.44437413e-01 -5.18451542e-01  8.48205969e-01  8.52969611e-01
  -3.49864287e-01  2.45751410e-01 -2.72365678e-01  4.87014331e-01
  -6.86120740e-01 -8.27780421e-01  5.28404741e-01  2.03415909e-01
  -5.86820713e-01 -9.70698990e-01 -6.32127808e-01  5.17780222e-01
  -9.18612149e-01  5.85841390e-02 -7.94409583e-01  1.80069266e-01
  -9.30769569e-01  2.33709437e-01  1.18896810e-01 -6.41273040e-01
  -5.27532983e-01  9.39271922e-01 -4.21030700e-03  2.71019714e-02
  -6.13142503e-01 -9.42296182e-01  5.66743448e-01 -9.72369965e-02
  -7.77091258e-01  6.85144061e-01 -3.06363661e-01 -6.06385109e-01
   6.51369459e-01  4.18567601e-02]
 [ 1.00483201e-01 -3.04437076e-01 -5.49229244e-02  5.84759142e-01
   8.30338411e-01 -3.33653094e-01 -5.08448686e-01 -6.36384927e-01
  -1.08361650e-01 -8.51274026e-01 -3.95711569e-01 -8.86224294e-01
   6.84573738e-01 -3.14008034e-01 -1.50973886e-01  7.82525438e-01
  -3.07406625e-01  4.35877591e-01 -6.00583410e-01 -5.89841984e-01
   4.30331581e-01 -9.02760485e-02  9.96622828e-01 -3.49829575e-01
   1.73422087e-01  2.15503718e-01 -5.36410623e-02  5.61007204e-01
   1.56821017e-01  9.04450126e-01 -8.40910213e-01 -4.41977169e-01
   2.20060215e-01  6.55819438e-01 -7.62543469e-01 -2.35037867e-01
   7.99611164e-01  6.21925683e-01  7.18293072e-01  1.97269267e-01
   1.30486966e-01 -9.88219573e-01  5.42784501e-01  1.26123687e-01
  -4.02003040e-01 -8.94814543e-01  9.75650793e-02 -9.65381222e-01
  -2.20049958e-02 -8.48448379e-01 -7.53620511e-01 -6.27023266e-01
   5.92253911e-01  8.00930848e-01 -6.36882102e-01 -6.82698716e-01
  -7.13517883e-01 -1.34066498e-01  8.37465980e-01  3.73447066e-01
   9.91122564e-02 -3.04141572e-01  2.89814317e-01 -6.42104092e-01
   5.22133930e-01 -4.17620808e-01 -1.34674800e-01  8.66929218e-01
  -6.54226977e-01  7.06743141e-02  5.11849783e-01 -5.32927973e-01
   2.52650574e-01  1.05675228e-01 -6.70916622e-01  2.97247854e-01
   7.33469251e-01  7.77659316e-01 -5.11551979e-01 -2.33759808e-01
   9.35229602e-02  9.39637494e-01 -8.55687808e-01  1.46291109e-01
  -5.92677773e-01  8.43568354e-01  9.70885413e-01 -7.65836155e-01
  -8.76984447e-01 -6.28633669e-01 -1.80194375e-01 -1.63586679e-01
   8.89698635e-01 -6.10181392e-01 -9.04583458e-01 -2.59439887e-01
  -8.83734387e-01  9.42264171e-01 -1.40777803e-01 -8.82026777e-01
   9.74560718e-01 -4.81859089e-01 -4.18008464e-01 -2.58578340e-01
   8.34093810e-01  8.16825515e-01  5.37359381e-01  9.99887402e-01
  -6.02059355e-01  5.44428743e-01 -5.04793252e-01 -3.95994681e-01
  -3.33872528e-01 -1.00284218e-01 -5.74177733e-01 -9.17433358e-01
   3.28844322e-01  8.95557874e-01  6.17029118e-01 -2.29222826e-01
  -1.16467829e-01 -9.23621028e-01 -7.91391174e-01  2.64474565e-01
   5.44411088e-01  9.50790710e-01 -6.14458836e-01 -8.76971694e-01
   2.16893954e-01 -4.31535845e-01  9.54538684e-01 -5.56594453e-01
   5.45712994e-02 -1.20019787e-01 -6.37328339e-01  4.13995263e-01
  -6.84252330e-01 -9.47049255e-02 -2.67009087e-01  2.19523745e-01
  -3.32444494e-01 -9.33347994e-01  3.27210708e-01  6.73706423e-01
   1.46883935e-01  8.37914787e-01  7.85591472e-02  9.97306140e-01
  -3.17010677e-01  3.87636675e-01  3.57129273e-01  5.19363988e-01
  -2.89674002e-01  3.04960647e-01  7.42511441e-02 -9.46508370e-01
  -9.92658737e-01 -6.02541581e-01 -9.09249156e-02 -1.22722411e-01
   5.82467590e-01 -9.06511620e-01  7.42005878e-02 -6.55648950e-01
  -6.09633207e-01 -9.21035951e-01 -3.96211429e-01 -9.76432918e-01
  -1.07649454e-01 -9.54525267e-01 -2.02423427e-02 -8.68691247e-02
  -1.53763575e-02  1.90187275e-02 -8.04645832e-01 -9.90424984e-01
   8.47496901e-01  5.76123090e-01 -4.69921906e-01 -1.57501625e-01
  -5.16897348e-01 -6.65439688e-01  1.19557663e-02  7.08815759e-03
  -5.94063096e-02 -1.21984101e-01  3.81341455e-01  8.16541368e-01
   1.94500534e-02  7.99320325e-01  7.75722930e-01 -9.91428963e-01
  -3.86909055e-01 -7.47161924e-01 -2.51747146e-01  7.31571118e-01
   6.40738255e-01  7.77678757e-01  3.22874731e-01 -4.00882810e-01
   7.93610259e-02  6.46675380e-01  6.83079878e-01 -4.45661523e-01
  -3.82054553e-01  4.32989976e-01 -8.73889760e-01  1.10502998e-01
  -5.08233076e-01  6.23525723e-01  4.88863078e-02 -2.34743754e-01
   7.96016416e-01  1.35720968e-01 -5.47341649e-03 -2.31340767e-01
  -5.66884375e-01  3.55893182e-02  6.55883966e-01 -9.47694394e-01
   2.25922169e-01  6.08347404e-01 -6.31331121e-01  6.23249089e-01
   6.01109218e-01 -4.84119499e-01 -2.16932385e-01 -2.16048322e-01
   2.78618924e-01 -8.27631850e-01  4.56518117e-02 -9.96786572e-01
  -5.04074011e-01  5.70241356e-01 -8.88531842e-01  3.66708135e-01
  -4.33623831e-03  1.38062669e-01  7.89879419e-01 -2.89525663e-01
   8.10418699e-01  6.49803306e-01 -7.92902039e-01 -9.08877107e-01
  -4.90557548e-01 -8.99259469e-01 -3.64610987e-01 -3.36879434e-02
  -1.11457335e-01  1.36637715e-01]
 [ 6.38509980e-02  9.63705081e-03  5.72159504e-01 -1.31549113e-01
  -2.98077604e-01  5.36656699e-01  5.17031777e-01  6.72734956e-01
  -4.06891215e-01  9.84048906e-02 -4.16960130e-01 -9.66383220e-01
  -2.62300224e-01  4.97203812e-01 -2.91492045e-01 -3.22593062e-01
   9.40003434e-01 -4.13491269e-01  6.53397962e-01  4.89505667e-01
   5.10156584e-01  4.79243112e-01  2.75604780e-01  2.23777539e-01
   9.05079007e-01  2.33064190e-01 -9.71248332e-01 -9.13572189e-01
   4.91315953e-01 -5.67282179e-01 -2.22970524e-02  5.43671881e-01
   1.88362952e-01  8.69042663e-01  8.51215421e-01 -4.73740320e-01
   4.08611537e-01 -6.27894750e-01  3.94989159e-01 -5.98061732e-01
   1.77499405e-04 -8.35238102e-01  4.58939989e-02 -8.88559419e-01
   4.56478331e-01  4.43261765e-02 -3.52724168e-01  8.53349547e-01
   5.53532682e-03  7.80232464e-01 -7.59060259e-01 -5.08285870e-01
  -2.96611097e-01  8.25125305e-01  6.65212099e-01 -3.74959628e-01
   1.98218181e-01 -7.29697517e-01  8.46943840e-01 -9.25463894e-01
   2.98575266e-01  6.14034513e-01  9.34586774e-01 -9.19827344e-01
  -9.71421879e-01 -9.24862452e-01  8.15015039e-01 -9.81709709e-01
  -4.56943833e-01  9.80058378e-01 -1.33160390e-01  6.27257814e-01
  -9.16060310e-01  3.87630600e-01  2.14904917e-01  2.20487204e-01
  -2.27888834e-01 -1.98196430e-01 -5.00728297e-01  1.46970286e-01
   2.09802131e-01  6.01291339e-02 -6.47777363e-01  9.57042441e-01
  -3.31749820e-01  6.71167495e-02  4.49773816e-01  1.14620668e-01
   1.70630469e-01 -4.65845260e-01  1.58475724e-01  3.38812927e-01
   1.65346061e-01  2.96530967e-01  5.46475250e-01 -5.80932324e-01
   3.63501394e-01 -6.21833850e-01  4.88878683e-02 -1.49955134e-01
   6.97916952e-01 -7.22975173e-01 -3.31138186e-01 -1.28152733e-01
  -4.19415343e-01 -3.24452574e-01  2.76022460e-01 -3.16863427e-01
  -4.69162348e-02 -4.82292526e-01  5.17361628e-01  1.87611022e-01
   6.48175501e-01 -9.11326594e-01  8.19992096e-01 -1.36698674e-01
   9.68783149e-01  8.12748301e-01 -8.28437394e-01 -6.86946022e-01
   1.05290451e-01  5.88320731e-02  5.14431610e-01 -4.97383235e-01
  -8.48016040e-01 -1.90018862e-01  5.33783235e-01  1.64096362e-01
   4.34631398e-01 -7.32060432e-01 -2.34835341e-01  9.72584661e-01
   3.58065517e-01  1.71140679e-01  1.10623351e-01 -5.64747511e-01
   2.83243618e-01  2.53455781e-01  6.10815228e-01  7.41026049e-03
  -1.18774626e-01 -2.14248725e-01 -6.78750928e-01  5.05681896e-01
  -1.85898222e-01 -2.20580796e-01  9.29156994e-01 -4.04923829e-01
   3.69629460e-01 -1.51493486e-01 -4.99755967e-03 -8.46131323e-02
  -1.30546545e-02 -4.56354250e-01 -7.98636723e-01  5.13681808e-01
   2.35725582e-01 -7.73009425e-01  2.14385824e-01 -6.79914560e-01
  -1.79959480e-01 -1.17957278e-01  1.50601346e-01  8.16246371e-01
   5.91228200e-01 -9.08992300e-01 -3.59836683e-01  4.85360263e-01
   3.04926351e-01 -4.22756281e-01 -1.70580356e-01  9.50900761e-01
  -5.28324286e-01 -6.28360060e-01 -1.81891308e-01 -4.13555414e-01
  -6.40661698e-01  3.54350775e-01 -5.76399470e-01 -3.28858799e-01
   2.24740151e-01 -1.03528367e-01 -5.99379451e-02  9.75302853e-01
   2.89896849e-01  2.96440855e-01 -7.44538141e-01 -7.22789273e-02
  -3.96685775e-01 -9.02621464e-01  1.27052588e-01  3.91436045e-02
  -6.95135686e-01 -4.02848272e-01  6.30290827e-01  7.72371368e-01
  -9.04389390e-01  7.76792968e-01  1.24456335e-01  8.95896099e-01
   5.05199122e-01 -2.05415916e-01  3.47852248e-01  8.64731515e-01
  -5.59161345e-01  9.16802348e-01 -1.95538639e-01 -9.85201578e-01
  -1.84979506e-01  9.71759389e-01 -5.84657395e-01  3.21622413e-02
  -3.68293596e-01  7.58539709e-01  3.89022578e-01  5.71795070e-01
   7.56824934e-01 -5.17051037e-02  5.99900069e-02  7.60652672e-01
   8.60337482e-01  2.51490740e-01  3.34060174e-01 -5.27140539e-01
   6.07560574e-01 -2.83678950e-01  9.43958205e-01  9.40184748e-01
   3.16176830e-01 -9.68099273e-01  6.10628439e-01 -1.78905930e-01
  -3.92101748e-01  4.48250658e-01 -5.50713545e-01  6.83978276e-01
  -9.40677214e-01  3.55451396e-01  9.95129592e-01 -2.42669508e-01
   6.20100358e-01 -4.31830120e-02 -4.94429144e-01  8.58253810e-01
   2.60794577e-02 -6.18945076e-01  2.64972481e-01  8.00907017e-01
   1.78088792e-01  5.17474314e-01]
 [-5.89082960e-02 -9.73888819e-01 -4.24034383e-01  1.43598619e-01
   4.20042337e-01 -4.22370048e-01  9.66475559e-01 -1.51278978e-01
  -7.39439893e-02  6.08382688e-02 -4.08144052e-01  2.44449844e-01
  -2.15102764e-01 -5.15999209e-02 -4.62244307e-02  3.76567143e-01
   7.47705248e-01  6.32353851e-01 -3.21129351e-01  2.29951733e-01
  -2.83307369e-01  9.42649627e-01 -2.81849022e-01  2.14624503e-01
   9.96472713e-01  9.34755299e-01  3.46118318e-01  7.81338517e-01
   8.61622073e-01 -4.78355172e-01 -6.61498778e-01  8.82689271e-01
  -3.69882287e-03 -5.42049526e-01 -1.05374742e-01  4.65457650e-01
   5.70779567e-01 -5.28094755e-01 -4.64013567e-01 -8.07774348e-01
   3.23506858e-01 -3.11815463e-01 -4.10116690e-01  7.53218595e-01
   9.04501891e-01  3.81309048e-01 -7.87424951e-01 -2.50481358e-02
  -4.83035983e-01 -4.24100090e-01 -9.42946399e-01 -8.84046029e-01
   4.92455699e-01  5.51847276e-01  9.42677140e-01  9.65277779e-01
   2.08492115e-02 -1.10053105e-01  1.71817967e-01  9.44460930e-01
   9.36879838e-02 -6.21583774e-01 -7.18639386e-01 -8.03293577e-01
  -3.07595919e-01 -9.55768957e-02 -7.50340178e-01 -2.27032626e-01
  -6.77227403e-01  9.40802389e-01 -6.72125389e-01 -7.11723913e-01
   4.23260168e-01  3.70198594e-01 -6.12063427e-01  5.09157390e-01
   7.02947580e-01 -9.61830223e-01 -5.01784168e-01 -9.28991648e-01
   8.92042663e-01  4.79044994e-01  1.78735833e-01 -1.49501287e-01
   9.90356036e-01 -7.31968731e-01  1.81046720e-02 -1.13898213e-01
  -6.67449365e-01  7.67755224e-03 -3.88708366e-01 -2.60904554e-01
  -1.40971054e-01 -5.70093017e-01  3.11201893e-01  4.25654531e-01
  -9.02646911e-01  8.07281252e-01  9.95959482e-01 -8.90805499e-01
  -8.82544333e-01 -6.87473797e-01  9.24369731e-02  4.61338133e-01
   6.94099363e-01  7.77092495e-02  4.60470830e-01 -3.30209018e-01
   7.44358633e-02  9.65926845e-01 -5.79175432e-01  3.49303806e-01
  -3.96422289e-01  4.13023864e-01  6.44053801e-01 -7.39414434e-01
   6.89978383e-01  4.05503213e-01 -1.92504647e-01 -6.46968286e-01
   5.68033371e-01  8.53135917e-01 -6.29015229e-01  6.58210225e-01
   4.35325839e-01  2.38452700e-01 -5.60924785e-01 -4.68123659e-01
   4.62590491e-01 -2.62551652e-01  1.06954270e-01  3.61609342e-02
   6.15947022e-01 -9.62166651e-01 -1.48275828e-01 -8.17488528e-02
  -8.39450427e-01  6.07538852e-01 -5.27033425e-01 -5.05931269e-01
  -8.77530854e-01 -5.31456094e-01 -1.66122987e-01  3.64035340e-01
  -3.88869118e-01 -3.94195927e-01  3.66632783e-01 -2.24082048e-01
  -3.32821953e-01 -7.78143142e-01 -2.34245352e-01  5.80994416e-01
  -2.47151414e-01 -3.32607434e-01 -4.58963097e-01 -3.05588512e-01
  -1.88345215e-01  2.79522352e-02 -2.75860183e-01 -6.37424567e-01
  -8.16312400e-01  1.37559840e-01 -9.47726853e-01 -3.09485407e-01
  -3.92476988e-01 -9.62338674e-02  7.98025735e-01 -5.51260355e-02
   3.90093149e-01 -6.62154903e-01 -9.86641284e-01 -7.25074597e-01
   3.12547250e-01  3.81014880e-01  1.20125476e-01 -7.81885397e-01
   5.39057265e-01 -1.13293349e-01  9.69406778e-01 -9.86965948e-01
   6.63501812e-01 -4.17277610e-01  8.28973412e-01 -3.95417044e-01
   7.01727942e-01  6.26924247e-01 -6.38090738e-01  5.06038515e-01
   8.01326971e-01 -6.89998030e-01  2.25537244e-01  5.17423682e-01
   6.11936667e-01 -3.89454558e-01 -9.84070213e-01 -5.57164925e-01
  -3.26221853e-01 -9.85725504e-01 -5.72175424e-01  8.42971736e-01
  -4.25218928e-01 -3.03134156e-01 -7.96753464e-01 -8.17237806e-01
   4.37826177e-01  7.42844793e-01 -5.58390326e-01 -6.63089909e-02
   5.09536144e-01 -6.23911900e-01  4.72938963e-01  8.30526381e-01
  -8.16646658e-01 -5.08861059e-01  7.45561674e-01  9.55057721e-01
  -9.08370231e-01 -9.23249950e-01  2.25332983e-01 -9.84721523e-01
  -3.54540583e-01 -5.48040057e-01  5.72241931e-01 -7.84037417e-01
  -7.72690325e-01 -5.32596892e-01  6.95522642e-01  2.23079945e-02
  -5.65379397e-01 -4.87877136e-01  2.49052765e-01  2.52265385e-02
  -9.37660767e-01  2.54655679e-01  7.28655012e-01 -1.30083987e-01
   4.31301882e-01 -6.11323026e-01  1.92850606e-01 -5.86490526e-01
   8.58985182e-02  8.65174472e-01  9.52045617e-01  4.61417433e-01
   6.38614210e-01 -5.26722699e-01 -7.40976709e-01  7.91272190e-01
  -9.93579171e-02  2.89104595e-01]]