[[ 5.69945928e-01  6.59419381e-01  8.71386977e-01  1.05325819e-01
   2.28743938e-02 -7.23636834e-01 -1.84683311e-01  8.95794317e-01
  -4.58657794e-01  7.25187352e-02  7.42009856e-01 -2.21259896e-01
  -6.23756285e-01  9.02414740e-01  6.25304574e-02 -2.95102749e-01
   6.91824718e-01 -5.22939528e-01 -4.35440406e-01  6.88821194e-01
   8.30007833e-01 -4.17957696e-01 -3.96090393e-02 -1.56165600e-01
  -1.71040099e-01  8.88643330e-02 -8.46371789e-01  5.11613345e-01
   7.94873732e-02 -8.07607979e-01 -4.23088592e-01 -2.62066258e-01
  -7.90255736e-01 -3.84643342e-01 -8.77914456e-01 -6.30058735e-01
  -4.89343154e-01  9.73151240e-01 -4.34435545e-01 -2.63048788e-01
   8.21170725e-01  4.79806757e-01  5.14238079e-01  3.31823406e-01
   8.74456166e-01 -8.34801404e-01  7.65846341e-01  5.43072611e-01
   3.93005769e-01 -8.28868558e-02 -4.56048923e-01  5.64270081e-01
  -8.67831319e-01  9.31026406e-01  7.36330212e-01 -6.78475551e-01
   4.13752344e-02 -3.17802817e-01 -6.85671305e-01  2.65313132e-01
  -5.21127524e-01  2.48636173e-01  5.59171873e-01 -9.48948735e-01
   6.38677785e-01 -5.20388829e-01 -1.40448651e-01 -9.70400939e-01
   4.58110494e-01 -4.87591884e-01  6.96160501e-02 -6.54707647e-01
   3.85320303e-01  3.68226600e-01  7.90679022e-01 -9.28563234e-04
  -7.96583838e-01  2.48546780e-01  7.92477404e-02 -9.65858161e-02
  -1.21223378e-01  3.68634826e-01 -6.53752469e-01  5.04175237e-01
   5.92562094e-01 -5.72024491e-01 -5.21869332e-01  6.29513560e-01
  -6.45926371e-02 -4.36013433e-01 -5.91830748e-01 -3.81453233e-01
   7.73088368e-01  7.74747593e-01  3.47552369e-01  5.97570864e-01
  -8.38784353e-01 -9.34723300e-01 -5.97633054e-01 -6.38980781e-01
   1.15052896e-01 -5.46510868e-01  1.06195024e-01 -4.28321100e-01
  -3.40524139e-01 -3.33043257e-01  5.05158802e-01  2.53770403e-01
  -1.09920043e-01  3.02021043e-01 -8.38025312e-01 -1.44766993e-02
  -3.48466580e-01  7.08490465e-01  7.35346774e-01 -6.71499804e-01
  -7.24881493e-01 -7.39734062e-01 -3.32151372e-01 -9.34248613e-01
  -5.76434462e-01 -1.22696540e-01 -8.05175203e-01 -3.06755930e-01
   9.02820274e-01  6.56154476e-01 -5.93154737e-01  4.51427838e-01
   8.71841845e-01  9.06098672e-01  2.26076237e-01 -7.05203749e-01
   5.61040200e-01 -7.13801164e-01  3.21140438e-01 -6.76020777e-01
  -1.50498709e-01  6.63113541e-01 -8.04468898e-01 -1.92902229e-01
   5.42746380e-01 -5.59000135e-01 -7.32392828e-01  3.78418420e-01
  -3.04807829e-01  3.20900109e-01 -5.92249205e-01 -4.90838785e-01
   4.06790780e-01 -9.68406715e-01  6.74577075e-01 -7.50899503e-02
   3.25295836e-01  2.05562609e-01 -5.20336099e-01  1.73588844e-01
   9.68221987e-01  9.86490099e-02  7.66001277e-01 -3.13699246e-01
  -2.26937618e-01 -3.70655386e-01  8.77767459e-01  1.53068501e-01
  -2.58918004e-01 -4.82406048e-01 -7.78673368e-01  8.64753304e-01
   3.57604587e-01  5.25849230e-01  4.18050353e-01 -2.31123245e-01
   8.08402533e-01 -8.65429255e-01 -9.11211853e-01  8.08624559e-01
  -5.17104479e-01  6.52898963e-01 -1.55890742e-01 -6.77307123e-02
  -8.93342745e-01 -2.49560013e-02 -8.82345569e-01 -8.09093122e-01
   5.77874695e-01  7.81676110e-01  7.22498711e-01  9.67475303e-01
  -6.08149326e-01  5.71260367e-01  7.58931979e-01 -3.57013062e-01
  -5.24377218e-03 -4.13853907e-01  9.10029320e-01 -5.50812274e-01
   8.58578305e-01  5.32134984e-01 -6.76326066e-01 -2.13292854e-01
   8.46999596e-01  4.34460811e-01 -7.68010086e-01 -1.87925643e-01
   5.27857711e-01 -4.41631529e-01 -7.94232277e-01 -6.77945206e-01
   1.00059253e-01 -3.70304451e-01 -9.24158439e-03 -1.35179234e-01
   6.86531039e-01  2.50407929e-01  5.73125795e-01  2.69090295e-01
  -7.15568410e-01  2.77368863e-02  5.01428097e-01  1.13043339e-01
  -7.72359152e-01  3.43719029e-01  4.73381636e-01  3.36373917e-01
  -7.04918102e-01 -3.69626165e-02 -9.56924243e-01 -8.28321114e-01
   4.79019591e-01  3.34045176e-01 -8.98317476e-01 -5.85230157e-01
  -7.66720727e-01 -4.05976608e-01  4.14460822e-01 -8.19127935e-01
  -8.54548900e-01 -8.24233615e-01 -7.17423711e-01  1.11316330e-01
   7.11749368e-01 -8.65523186e-01 -8.29104926e-01 -5.37474928e-01
  -6.49781037e-01  6.89464491e-01 -4.14591687e-01  3.90781306e-01
   8.84609714e-01 -7.24381651e-01]
 [ 6.05901961e-01  7.86131966e-01 -5.37476324e-01 -3.49061728e-01
  -6.93555416e-01  2.85798164e-01  1.26056089e-01 -9.46938725e-01
  -1.97403214e-01  5.60576913e-02 -1.90438635e-01 -4.39616092e-01
  -2.65410506e-01  4.15076979e-01 -6.04795456e-01  8.94468458e-01
  -7.45027927e-01 -9.75905357e-01  3.73951521e-01  8.11708025e-01
  -6.62246134e-01  4.51878806e-01 -1.94379585e-01 -1.31075205e-01
  -3.62808353e-01 -1.15021440e-01 -1.31478751e-01  5.44263830e-01
   7.86189969e-01  4.17080990e-01  6.74788654e-02  8.13826416e-01
  -2.74399365e-01  3.45098429e-01 -6.55130368e-01 -5.05520927e-01
   8.35278123e-01  4.96341994e-01 -7.25194897e-01 -9.61656832e-01
  -5.78399621e-01 -2.95762043e-01  3.92884459e-01  3.86405637e-01
  -5.69925046e-01 -2.09259766e-01 -6.51561626e-01  9.65408713e-01
  -3.27437285e-01 -9.50963881e-01  4.53567146e-01  3.89777471e-02
   9.21849645e-01  2.40240893e-01  1.03454752e-01 -9.50092484e-01
   4.90624806e-02 -8.75929368e-01  6.17624259e-01 -1.23139374e-01
   2.70055789e-01 -5.86670558e-01  2.32584150e-02  2.60506044e-01
   7.51315584e-02  8.61369701e-01 -9.94491036e-01  2.54282737e-02
   4.85848262e-01  4.87157420e-01 -7.83500183e-01  6.54754646e-01
  -4.61824980e-01  4.13799199e-01 -8.49497116e-01 -3.32734118e-01
   8.36881460e-01 -3.66293618e-01 -3.77799290e-01  9.17170054e-01
  -3.22017706e-01  1.43318942e-01  8.00709285e-01  5.54274495e-01
   4.07936288e-02  7.56977979e-01  9.72722203e-01 -4.66074328e-01
  -5.45024429e-01  2.76335145e-01  1.13099542e-01  3.87539636e-01
  -3.83522168e-01  8.82176182e-01 -9.33369051e-01 -1.54587898e-01
  -6.95784594e-01 -5.88331405e-01 -4.44081128e-02  9.63406301e-01
  -5.80179745e-01  5.97559981e-01  6.41739507e-02 -9.82134325e-01
  -3.10612585e-01  4.73007702e-02 -3.87343032e-01 -4.05766223e-01
   5.61300033e-01  4.53804135e-01  8.53008915e-01  3.84710643e-01
   5.01255481e-01 -4.47411558e-01  2.69001678e-01 -6.72550866e-02
  -5.17687392e-01  2.66575583e-01 -6.47524827e-01 -9.97331859e-01
  -6.43653846e-02  7.69736440e-01 -2.24776545e-01  6.60047478e-02
  -6.38954922e-01  4.48300900e-01 -3.71966843e-01 -9.06757335e-02
  -2.47339137e-01 -9.18408247e-01 -9.81987052e-01 -7.01812364e-01
  -6.40341972e-01  7.37113979e-01 -2.80516918e-01  5.57093469e-01
   5.75957210e-01  9.59721748e-01  4.02910207e-01  1.46607837e-01
  -3.94768555e-01 -6.47446160e-01  1.75292959e-01  3.70806767e-01
   9.15639481e-01  9.84328947e-01  8.39087040e-01  9.98118396e-01
   6.44209545e-01 -2.00126000e-01 -7.35246523e-01 -9.86265633e-01
  -6.99349878e-01  3.14550197e-01 -3.62836259e-01  8.18693489e-01
   8.25374784e-02 -9.66479749e-02  4.03791182e-01  4.99165503e-01
  -1.81618086e-01 -7.49846177e-01  9.99191065e-01 -7.29085688e-01
  -4.94035826e-01 -9.47127073e-01  9.74085786e-02  5.22889692e-01
  -2.24660203e-01  2.31462246e-01  1.69964271e-01  9.07652730e-01
  -9.28437095e-02  6.98498708e-01 -7.23364581e-01  6.18108493e-01
  -8.78901171e-01 -3.82747115e-01  7.71023894e-01 -5.54162250e-02
   9.56153806e-01  5.92890247e-02  4.41503952e-01  2.40013470e-02
  -1.10557145e-01  5.68787317e-01 -5.56346739e-01 -7.81033028e-01
   5.14055966e-01 -3.12411990e-01 -8.80633552e-01 -1.02729505e-01
   5.89129253e-01  2.13516039e-01 -8.99594410e-01 -9.59488140e-01
   4.87403362e-01 -2.18879821e-01 -3.44777572e-02 -5.68120007e-01
  -6.19941240e-01  3.32671723e-01  9.99485474e-01 -7.76004389e-01
  -3.55120647e-01  3.25478302e-01 -3.60638676e-01  8.03076261e-02
   5.04372459e-01 -9.53395934e-01  3.98414837e-01 -6.30793537e-01
  -6.89261037e-01  2.74920927e-01 -6.24085107e-01 -1.62844879e-01
  -8.86001071e-01 -5.17266058e-01  5.29737490e-01  7.33847044e-01
  -7.79545683e-01 -7.95974819e-02 -6.33826067e-01 -3.82364797e-01
   2.66208659e-01 -3.15658884e-01 -2.78435397e-01  3.77928871e-01
  -1.07584979e-01 -3.32773042e-01 -7.66516307e-01 -3.67429665e-01
  -8.35446492e-01  4.65365422e-01  3.94100626e-02 -1.50462263e-01
   7.54695419e-01 -1.78006685e-01  2.38353964e-02 -5.65973466e-02
  -8.00927298e-01 -4.11905368e-01  8.74469529e-01 -6.28994252e-01
  -8.99836117e-01  3.14857379e-01 -7.81335010e-01  3.83918964e-01
  -7.06129978e-01  8.09740458e-01]
 [ 1.13612740e-01 -5.34204521e-01 -1.67438011e-01 -5.18251063e-01
   9.91459545e-01  3.46618386e-01  5.60641504e-01 -8.52506128e-01
   3.47727624e-02  3.10518356e-01 -7.40907096e-01 -2.51054558e-01
   2.66240981e-02 -3.06677865e-01  2.47676042e-01  9.79090417e-02
  -1.03304966e-01  3.98095764e-01  6.61107441e-01  5.67631520e-01
   5.27498176e-01  2.46865476e-01 -7.91012445e-01  9.61216534e-01
  -4.60643564e-01  1.35944362e-01  8.47621197e-01 -3.73871597e-01
   7.46297102e-01 -4.10193089e-01  3.17579905e-01  4.33845536e-01
   4.69356639e-01  2.88248037e-01  3.63808039e-01  4.41363880e-01
  -3.83623419e-01 -9.42493417e-01 -8.19560332e-01 -5.23043184e-01
   3.07529285e-01 -2.84574122e-01 -2.26476256e-01  5.75058959e-01
  -9.15371285e-01  3.28897533e-01 -7.18771201e-01  1.06528270e-01
  -5.83329101e-01  5.90477450e-01 -5.45016598e-01 -3.71587890e-01
   4.22385070e-01 -3.74301640e-01  9.52478577e-01 -6.55260589e-01
   7.81712865e-01  1.63141653e-01 -1.68299125e-01 -3.94161237e-01
   5.50158999e-01  3.21819567e-02 -7.32607881e-01 -7.85322326e-01
   2.14731767e-01 -7.20457986e-01 -2.08791688e-01  9.90046176e-01
   4.00476702e-01  3.29295877e-01 -6.81461385e-01 -4.73809740e-01
  -5.88008470e-01 -3.32247690e-02  6.76923325e-01  1.64430354e-02
  -3.82291673e-01  5.05280500e-01 -5.19336765e-01 -8.54940006e-01
   6.12105260e-01 -2.41473122e-01 -5.45527151e-01 -5.62315574e-01
   9.83710923e-01  4.06121771e-01 -2.06752618e-01  4.24781935e-01
   8.65146931e-01 -4.23779168e-01 -6.53709197e-01 -1.57033977e-01
  -8.50289581e-01  3.90396419e-01  8.86517185e-01 -6.14921401e-01
   4.48761678e-01  6.05988164e-01 -8.42113308e-02 -8.88431619e-01
  -7.82545045e-01 -1.93357746e-01 -9.90970059e-01 -2.08194434e-01
   8.66704540e-01  3.21035154e-01 -6.38408815e-01  9.87474923e-01
  -9.85568138e-02 -8.29636278e-01  3.56997328e-01  6.62617868e-01
   5.53845569e-01 -1.18670164e-01  1.00451294e-01  7.17582972e-01
   1.37523467e-01 -6.58045391e-01 -9.14137770e-02  1.77808400e-01
  -6.35013293e-01  1.87168069e-01 -6.72184788e-01 -4.55155237e-01
   3.38970644e-01 -8.99667602e-01 -1.58225716e-01 -7.59197778e-01
   2.50850491e-01 -1.51680047e-01  5.50794551e-01  8.70761550e-01
  -1.05894184e-01 -1.89019731e-01 -8.54655359e-01  5.42818038e-01
  -1.93265469e-01 -3.68193398e-01  6.19763350e-01  5.95087269e-01
  -6.20169009e-01  5.82911285e-01  1.99864553e-01 -8.96037684e-01
  -2.07009575e-01  8.01230566e-01 -7.81399288e-01 -2.97482463e-01
   2.64825210e-01 -7.88608156e-01  6.31381529e-01 -6.19459643e-02
  -1.40783392e-01 -7.47223319e-01 -3.95223442e-01 -1.99389220e-01
   8.55908834e-01 -6.49998669e-01 -2.16783418e-01 -5.54532498e-01
  -2.91096856e-01  4.39658210e-01  7.18011261e-01  4.14362161e-01
  -9.41978130e-01 -2.66413999e-02  9.20991622e-01 -6.32806290e-02
   2.72991457e-01 -6.72900603e-01 -2.93319425e-01 -9.12718381e-01
  -1.94570091e-01  8.39291410e-01 -9.56118764e-01  4.70572952e-01
   7.11993149e-01 -3.67904054e-01  1.99348991e-01  9.91358980e-01
   3.57522977e-01 -5.79123516e-01  4.02823536e-01  2.55840391e-02
  -7.44194743e-01 -6.45706153e-01  5.97712800e-01 -1.87630669e-01
   1.03313605e-01 -4.55447208e-01  3.29388024e-01 -3.23916662e-01
   6.21215318e-01 -5.74218273e-01 -1.10898812e-01 -6.48969646e-01
   4.44144119e-01  2.79033626e-01 -3.46998218e-01  9.20917438e-01
  -5.63880946e-01  7.32781394e-01  2.25113268e-01  3.95040388e-01
  -4.22886451e-01 -1.19913156e-02 -7.45054388e-01 -3.55503179e-01
  -4.85857125e-01  7.56909390e-01 -9.29874951e-01 -6.25822198e-01
  -3.58022095e-01  4.22269949e-01 -3.15257824e-01 -9.70901999e-02
   7.88237610e-01 -1.32497551e-01  7.46103349e-01 -6.39401527e-02
  -7.60195110e-01 -2.43504048e-01  8.26437101e-03  6.60556295e-01
  -8.76630057e-01  1.56868838e-01 -7.17366492e-01 -6.80455824e-01
  -4.00550532e-01  4.94988141e-01  1.34109076e-01 -9.83908018e-01
  -2.81093515e-01  8.78370510e-01  9.29590940e-01  1.68897731e-01
   8.73450258e-01 -9.65595563e-01  1.06920774e-01 -6.70545406e-01
  -8.26292257e-01 -8.85897596e-01  9.54420075e-01 -8.33290437e-01
  -1.11849347e-01 -7.61479790e-01  7.49089206e-01  5.22079196e-01
   5.03208966e-01 -5.07937568e-01]
 [ 9.75378635e-01 -3.71290705e-01 -9.00002160e-01 -1.42031116e-01
  -3.79398662e-01 -1.46430773e-01 -7.65614543e-01  8.86442425e-02
   7.15996978e-01  3.70534413e-01  6.67007420e-01  9.15237999e-01
   9.00214455e-01  9.43478104e-01 -2.43053509e-01  9.01737623e-01
  -1.96642519e-02 -4.37679085e-01 -4.82549020e-01 -5.39990387e-01
   2.39039682e-01  7.65536709e-01  9.79134508e-01 -2.78307943e-01
   6.99736890e-01 -2.60117359e-01  5.29388067e-01  2.77106844e-01
   7.66952028e-01  4.60571607e-01 -2.65302290e-01  6.44883878e-01
   8.44212191e-01  3.30247257e-01 -7.89200916e-01  2.69696284e-02
   9.88336447e-01 -2.16433892e-02 -3.12840514e-01 -2.93473229e-01
  -3.41268500e-01  4.99333246e-01 -8.05775138e-01  9.20749652e-02
  -3.82641040e-01 -1.35495949e-01 -8.95047702e-01  2.53819375e-01
  -9.24877161e-01  3.48576592e-01  4.97686326e-01 -1.13413454e-01
   7.86542584e-01 -5.33595096e-01 -8.68465068e-01 -4.18509409e-01
  -7.15279700e-01  6.07913873e-01 -5.22543149e-01 -5.17478191e-01
   2.11561908e-01 -5.09909353e-01 -6.25245304e-02 -2.03548775e-01
  -3.52839892e-01  4.52452640e-01  2.52834141e-01 -8.91299365e-02
   7.78786801e-01 -2.71009414e-01  7.51523985e-01  9.10422420e-01
   6.99471473e-01 -5.56610939e-01  5.76999237e-03  7.56424395e-01
   7.36843211e-01  3.35465828e-01  1.15817262e-01 -2.22554442e-01
   4.39355061e-01  6.05082884e-01 -8.31741360e-01  8.39469198e-01
  -1.64217797e-01 -9.87009496e-01  5.42489505e-01 -1.51706257e-01
  -4.63389347e-01  3.10413721e-01  7.58071511e-01 -6.14058962e-01
   8.82273689e-01 -4.97445813e-01  1.69132877e-02  2.93864712e-01
   3.11109351e-01  1.27901958e-01 -1.50472654e-01  2.62934847e-01
   6.48105725e-01 -8.24748096e-01  8.10070519e-01  2.46766519e-01
   9.71814246e-01  9.06189182e-01 -3.87876794e-01 -3.36927824e-01
  -3.29763296e-01  9.34186943e-01  8.38805980e-01  1.72081463e-01
   9.51337476e-01  7.99895643e-02 -5.74502680e-01  1.75148682e-01
  -3.31742365e-01  2.01747384e-01 -9.88823185e-01  2.20331292e-01
   2.25388728e-01 -3.34212859e-01 -8.28214980e-01 -8.14145163e-01
  -7.62134401e-01 -1.76291805e-01  2.16993128e-01 -9.77117888e-01
  -3.89969432e-03 -8.19979274e-01 -5.91008244e-01  5.22504283e-01
   6.02803169e-01  7.02685669e-01  6.17477582e-01 -5.04936821e-01
  -2.94132705e-01 -3.94223282e-01  1.95319311e-02 -4.12900940e-02
   5.80060518e-02  8.16819997e-01  2.50937927e-01  3.50089473e-01
  -4.49443127e-01  6.69040943e-02  6.07540501e-01 -7.57357905e-02
  -8.64078500e-01 -8.70003213e-01 -5.44429036e-02  3.10604235e-01
  -9.14659698e-01  1.32793262e-01  7.30579762e-01  4.37060118e-01
   8.79127574e-01  7.33388591e-01  4.55028801e-01 -1.18499143e-01
   3.58072478e-02  6.11960661e-01  9.72433019e-01  4.16390885e-01
   9.75671009e-01 -9.43770626e-01  3.11728845e-01 -1.34117146e-01
   8.60534517e-01  7.07536426e-01  4.03153556e-01 -4.84164821e-01
   5.10433090e-01 -7.32630620e-02 -1.84578652e-02 -1.37045654e-01
  -2.53138146e-01  6.77302212e-01 -2.44349528e-01 -9.99630331e-01
   7.33415595e-01  7.85201357e-01  5.82375664e-01 -1.44505842e-01
  -6.32968053e-01 -6.12849457e-01 -1.01758992e-01 -5.16067517e-01
  -1.82964550e-01  9.75421821e-01 -1.27033896e-01  3.61702647e-01
   9.47844548e-01  4.81412393e-02 -6.64822767e-01 -6.98698809e-01
   9.94763232e-01 -1.73116185e-01 -5.06493553e-01 -6.80365299e-01
   5.21829631e-01  9.03996928e-01 -9.62551795e-01 -6.82736634e-01
  -4.13076328e-01  9.35288681e-01  4.80128212e-01  1.60281145e-01
   8.60913722e-02  3.23221913e-01  2.43983860e-01 -9.59577801e-01
   9.86286042e-01 -5.28235825e-01 -1.32432081e-01  8.02601445e-01
   3.88786269e-01  4.35292080e-01 -3.63412667e-01 -9.73190471e-01
   8.76119719e-01 -7.03244607e-01 -4.09570951e-01 -8.11935563e-01
  -4.90472465e-01  8.76452086e-01  2.85447838e-01  8.71804948e-01
  -4.93202994e-01 -3.89486542e-01  5.01181742e-01  8.64391296e-01
   2.06616552e-01 -2.52410271e-01  6.96769161e-02  9.33167351e-01
  -3.91240022e-01 -9.14653185e-01  5.75348529e-01  1.30202210e-01
  -7.12704204e-01 -3.49001900e-01  7.04899339e-01  8.72136349e-01
   3.09836494e-01  4.50869469e-01 -2.14114309e-01 -4.47430322e-01
  -5.12973896e-01 -6.98199983e-01]
 [ 4.68596796e-01 -8.04647821e-01  2.61991370e-01 -2.95163237e-01
   6.88429546e-01 -9.08191751e-01  4.15166020e-01 -4.79558508e-01
   6.66144797e-01 -1.75385710e-01 -4.92997157e-01 -3.20948202e-02
   5.86013404e-01  6.20958928e-02  8.62580998e-03  4.09066879e-01
   9.97685007e-01 -5.71000935e-02  9.73651459e-02  6.97521252e-01
   3.51243745e-01  3.56466218e-01  5.65097890e-01 -5.96204900e-01
  -9.78889453e-01  2.71671065e-02 -6.32405831e-01 -4.80233883e-01
  -9.21142077e-01 -7.60904834e-01 -9.91290894e-01  2.23397431e-01
   4.31922993e-01 -5.54930034e-01 -9.55507558e-01 -5.27150660e-01
  -9.16075391e-01 -4.46201525e-01  3.68082671e-01 -2.55757967e-01
  -8.99381335e-01  2.32033703e-01  8.42774776e-01 -1.15581185e-01
   9.61567844e-01 -3.84429447e-01 -9.68044534e-01 -5.15939024e-01
  -2.83207871e-01 -5.02657080e-01 -8.44805856e-01 -7.26521811e-01
   8.58103616e-01  6.56956094e-01  1.35993931e-01  3.27150965e-01
  -1.68989465e-01 -8.69301790e-01 -9.53988845e-01  4.68931309e-01
  -5.22725732e-01  8.68125391e-01 -7.00069921e-01 -8.19389713e-01
   4.04850111e-01  5.17638341e-01  4.70143042e-01  6.92304513e-01
   2.86498979e-01 -8.48681695e-01  6.83959526e-01 -2.87642122e-01
  -6.27194321e-01  6.51808863e-02 -1.93059723e-01  1.11607975e-01
  -5.61032756e-02  1.35264905e-02 -5.78180520e-01  5.54266177e-03
   2.66903227e-01 -9.08870707e-01 -6.52094801e-01  5.62795607e-01
   8.83956107e-01 -4.31491881e-01 -7.21550394e-01  7.98670543e-01
  -6.65038149e-01  4.65189328e-01 -1.11489939e-01  1.72509563e-01
   9.26809565e-01  5.28676358e-01 -1.16159196e-02  7.03130574e-01
   2.93029441e-01 -5.34076527e-01  4.68016754e-01  6.32551072e-01
   6.59737610e-01  7.60267667e-01  2.89989117e-01 -8.70438488e-02
   2.03826816e-01  9.97200534e-01  9.39790046e-01 -3.12445660e-01
  -8.50942911e-03 -4.33061411e-01 -7.73347728e-01 -4.36787003e-02
   8.19498231e-01  2.46909560e-01  4.99062261e-01  8.45090478e-01
  -5.46483267e-01 -9.74108937e-02 -7.17362877e-01 -6.90803471e-01
   2.31078111e-01 -3.05165177e-01  7.72452267e-01  2.55662339e-01
   9.56195886e-01  9.18529442e-01  9.49369130e-01 -4.26258315e-01
  -7.63499957e-01  7.33406646e-01  7.35629717e-01 -8.92378429e-01
  -8.11532555e-01  3.59720537e-02  3.80064888e-01 -8.39750394e-01
  -5.19268015e-01  6.72429279e-01  4.90849920e-01  3.34229656e-01
  -3.64727050e-01 -2.47096101e-01 -5.32727085e-01  2.04799694e-01
   9.96795794e-01  5.79391024e-01  2.85707034e-01 -7.15115831e-01
  -2.75577642e-01 -6.73099690e-01 -8.78983429e-02  8.35036111e-01
   2.65818166e-01  3.87482554e-01 -5.65331830e-01 -4.97931647e-01
  -5.19346849e-01 -4.00567944e-01  4.95409026e-02  2.83861052e-01
  -5.04520899e-01  2.76640897e-01  4.44570660e-01 -7.62067892e-01
  -2.09558333e-01 -9.46648127e-01  1.84918010e-01 -3.31954194e-01
  -1.58274593e-01  3.09257307e-01 -8.99773434e-01  8.88699055e-01
  -8.05306571e-01  2.89650703e-01 -9.33953063e-01  4.08256182e-01
   6.66847975e-01 -2.51942285e-01  8.30855508e-01  2.50662403e-01
   2.40846682e-01 -2.43675044e-01 -7.20171638e-01 -8.45662102e-01
   8.61121407e-01  2.64789861e-01  4.14098964e-01  3.55357349e-01
   2.22166218e-01 -2.95700265e-01  6.83762718e-01 -6.07288722e-01
   2.81637262e-01  3.31231955e-01  1.94427403e-01  1.34079664e-01
   7.33681715e-01  8.15963074e-01 -1.25966120e-02  4.32046133e-01
  -7.32111666e-01  2.53351580e-01 -5.08020961e-01  8.20239539e-02
   2.43232567e-02 -3.43639251e-01 -5.88461732e-01  3.00188537e-02
  -4.20210300e-02 -8.14818730e-01 -4.18721344e-01 -6.99025281e-01
  -2.89967401e-01 -4.66444828e-01  9.40104120e-01  1.20596632e-01
   4.89610498e-01 -1.94629851e-01 -6.93292577e-01 -9.45492649e-01
  -5.83446947e-01 -7.69181369e-01 -9.09635574e-01  9.92277619e-01
   8.98625840e-01  7.23459498e-01 -5.60333053e-01  8.29114357e-01
  -7.42938916e-01 -5.54837507e-02  7.12273665e-01  7.01185975e-01
   7.97652585e-01  3.77784611e-01  6.22131789e-01 -8.64040430e-01
  -2.44813652e-01 -7.98539937e-02  6.59853188e-01 -5.24158840e-01
   5.76731793e-01 -8.56942873e-01  4.69925785e-01  3.59376239e-01
   4.42062577e-01  2.22268242e-02 -2.39684800e-01  4.85613942e-01
   9.64317442e-01 -1.75320043e-01]
 [ 1.76078983e-01 -2.26548834e-01 -7.68544159e-02 -4.12990711e-01
  -7.09450934e-01  5.34849448e-01  7.95809205e-01  7.38326596e-01
  -6.14848968e-01 -5.60137103e-01 -8.66788027e-01 -4.76891036e-01
  -1.02702726e-01  9.99250636e-01  7.82394699e-01  1.39848260e-01
   2.06490319e-01 -4.82515186e-02  6.53861380e-01 -5.57229251e-01
   7.49498648e-01  6.41154204e-01  2.16236036e-01 -6.60742773e-01
  -5.21362954e-01  3.76796185e-01 -4.04615879e-01 -1.77644477e-01
  -3.35951179e-01 -8.87482268e-01  2.45842802e-01 -5.64538271e-02
  -2.26100905e-01  1.14852607e-01 -8.05791594e-01  4.69344007e-01
   6.51374853e-01 -2.61221062e-01  8.80591372e-01  3.34157713e-01
   8.52365656e-01 -3.25870832e-01  9.97159821e-01  4.83650556e-01
   5.69192683e-02 -3.99291922e-02  6.35799824e-01 -9.62748457e-01
  -8.91732565e-01  4.16209023e-01 -7.16374452e-01 -3.02059244e-01
   2.22330770e-01  7.56490325e-01  2.54308123e-01  5.26523909e-01
  -9.99260486e-01  5.16239442e-01 -6.68145620e-01  1.19228612e-01
  -4.88069295e-01  3.69984633e-01 -4.01178747e-01  1.11787081e-01
   5.91922960e-01 -9.74672825e-01 -2.51108825e-01 -2.55326391e-01
  -2.94973217e-01 -9.59312485e-01 -3.99183465e-01 -6.91842048e-01
  -9.25145497e-02 -2.97866421e-02  9.40218392e-02 -6.64918400e-01
   2.07008969e-01 -6.91465259e-01 -1.23967441e-01  9.33611936e-02
  -5.17392952e-01 -2.76371278e-01 -5.34480890e-01  5.76390584e-01
   2.91357688e-01  1.20423302e-01  1.91847050e-01  6.48289012e-01
  -9.25086206e-01  9.72131690e-02  5.06553638e-01 -6.73564537e-01
  -6.74136529e-01  9.05922772e-01  2.29808239e-02 -9.52849073e-01
   3.85466715e-01  8.68746482e-01  2.49853335e-01  4.71205872e-01
   3.62068127e-01  3.53768877e-01  8.58890649e-01 -9.77681653e-01
   6.17832240e-01 -6.62996384e-01 -6.13008911e-01 -4.29760797e-01
  -2.31810973e-01  2.14188639e-01 -3.12544236e-01  4.43262938e-01
  -8.14599523e-01 -2.72333545e-01  1.27749159e-01  3.72418972e-01
   8.89547499e-01  1.36140326e-01  8.92263997e-01  1.32696947e-01
   9.97784364e-01 -8.59171490e-02  5.01275360e-01 -9.54714948e-01
  -6.05645208e-01  9.09448147e-01  2.42561377e-01 -9.22779196e-01
   2.43799434e-01 -4.61765048e-01  4.68993592e-01 -1.60169406e-01
  -3.20667143e-01  8.49835875e-01 -9.80903171e-01 -5.91591938e-01
   1.15095615e-01  4.51738783e-02  9.21161132e-02 -3.15179617e-01
   1.29360520e-01  7.90373476e-01  8.18290362e-01 -4.13445574e-01
   2.82939423e-02 -1.06478589e-01  8.88242270e-01  7.75771982e-01
  -4.40017054e-01  9.60012649e-01 -9.71498074e-01 -2.04401763e-01
  -7.59672021e-01  2.55476912e-01  4.83887084e-02 -6.63901885e-01
  -1.41704509e-01  2.21278272e-01 -3.33786260e-01  1.09959760e-01
  -8.63396343e-01 -8.28790848e-01 -8.26955797e-01 -4.67656927e-01
   8.69771607e-02 -7.87008252e-01 -9.88330338e-01  8.98619346e-01
  -1.92549754e-01 -9.42150538e-01 -2.34262071e-01  4.40860615e-01
  -1.93529290e-01  1.51735830e-01  2.72423302e-01 -6.69426036e-02
  -2.07050079e-01  4.15215051e-01  4.59704744e-01  3.63416564e-01
   9.83935443e-01  5.06273711e-01  7.47004381e-02 -5.10771492e-01
   9.52092310e-01 -9.61109958e-01  8.39720441e-01  1.74437605e-01
   2.01639727e-01  5.04382595e-01  1.92791006e-02 -1.81489307e-01
   8.22555884e-02 -6.13974866e-01 -4.88293160e-02 -9.45039710e-01
  -9.09357793e-01  9.72051264e-01  9.25975928e-01  1.07255527e-01
  -5.47282260e-01  1.34001191e-01  4.52217349e-01 -1.59450285e-01
  -9.99204193e-02  2.22643163e-01 -5.85697913e-01 -7.30022123e-02
  -8.07572494e-01  1.25640374e-01  1.28417405e-02  8.88387418e-01
   8.27341712e-01  7.91870091e-02  7.55776005e-01 -1.34072849e-01
   6.42382530e-01  4.36883735e-01 -1.35913012e-02  8.53442169e-01
  -3.84508610e-01  7.31585052e-01  2.60756486e-01 -8.63499694e-01
   4.70044079e-01 -4.32994447e-01 -4.77941320e-01 -5.17268249e-01
  -5.87397332e-01 -5.86711521e-01 -5.97139121e-01 -9.11670288e-01
   4.05468588e-01  2.04069399e-01 -1.31647074e-01 -8.09214359e-01
  -7.48260816e-01 -3.21082504e-02 -6.12726480e-01  6.87074075e-01
   6.17350855e-01  1.58319619e-01  4.52971685e-01  7.11239372e-01
   2.48916030e-01 -9.01029696e-01  6.02785842e-01 -2.41457485e-01
  -1.57624043e-01 -6.74729216e-01]
 [ 5.38696392e-01  8.10547393e-01 -8.98427092e-01 -3.91480628e-01
   6.17569185e-01 -3.15858691e-01  4.56222192e-01  8.72603625e-01
   6.74970440e-01  2.33104771e-01 -5.75782169e-01  7.02657936e-01
  -7.85046644e-01 -1.52366066e-01  3.45040275e-01  1.05983019e-01
   1.79857265e-01 -7.27452473e-01  4.90698864e-02 -2.59384248e-01
   6.30335395e-01 -8.25057515e-03  5.02474504e-01 -3.94070807e-01
  -8.15489406e-01  4.85263016e-01  5.26498391e-01 -1.55419488e-01
  -2.79486485e-02 -9.75917477e-01  2.71128338e-01  7.96598858e-01
  -9.14952269e-01 -3.83401084e-01 -8.27165631e-01 -3.35136156e-01
   4.41100583e-01 -4.16029192e-02 -2.07932434e-01 -2.88174412e-01
  -8.39585806e-01 -8.49031695e-02  2.81673224e-02  6.81378894e-01
  -3.05823763e-01 -7.81259819e-01 -4.43436930e-02 -5.70822726e-01
  -8.54363407e-01 -5.18684487e-01  5.03438336e-01 -3.56110945e-02
   7.62568451e-01 -3.15312757e-01  9.63385240e-01 -8.06877922e-02
  -8.84642978e-01 -3.66701755e-01  3.19969584e-02 -2.77927604e-01
   6.37068095e-01 -7.99622265e-01  7.47000789e-01  4.04622040e-01
  -8.85060116e-01 -8.12607077e-01  8.49508276e-01  9.92872836e-01
  -3.57959265e-01 -8.91460253e-01  1.81031783e-01  1.67099144e-01
   3.18405774e-02 -6.11561665e-01 -1.27559177e-01  4.35989320e-01
   2.37690290e-01 -1.92953825e-01 -8.82131114e-01 -7.28730030e-01
   5.45734776e-01  1.74825102e-01 -4.34931790e-01  8.73608992e-01
  -9.06257795e-01 -9.88060747e-01 -3.38865105e-01  7.54391052e-01
  -1.56217210e-01 -6.35078131e-01  8.05785426e-01  8.02657316e-01
  -9.77843907e-01 -9.16232979e-02 -7.92832538e-01 -7.79798980e-01
  -1.96354794e-01 -4.92706215e-01 -1.57843146e-01  5.43437734e-02
  -7.24130558e-02 -9.75826467e-01  2.89360484e-01 -8.77837300e-01
   2.32992682e-01 -4.11370497e-01 -9.34679222e-01  2.76859873e-01
  -6.27919158e-01 -6.70516676e-01 -4.69743175e-01  1.27446481e-01
   8.75254028e-01 -1.46320953e-01  5.45940591e-01 -6.45055134e-01
   2.30644782e-01  6.79423561e-01  3.22660672e-01 -8.76488308e-01
  -7.51966550e-01  5.46052204e-01 -5.94302853e-01 -3.41500947e-01
  -8.14266677e-01  9.50487968e-01  1.54805285e-01  6.11849292e-01
  -5.24157747e-01  1.16911703e-01 -8.00483893e-01 -1.42382132e-01
   1.13205844e-01 -4.86238307e-01 -4.68867383e-01  2.87172980e-02
  -2.08687257e-02 -3.37894769e-01 -9.94349567e-01 -4.82547870e-01
  -7.55769261e-01 -1.76721194e-01 -5.06423784e-01  6.57398433e-01
   4.78564762e-01 -5.94037167e-01  5.92112315e-01  8.26171215e-01
  -2.53464527e-01  4.59804016e-01  9.06255212e-01 -6.64550891e-01
   8.13299783e-01 -1.07597642e-01  7.38183103e-01  3.66618923e-01
   9.06552792e-01  6.41904051e-01  6.86450078e-01  9.48283040e-01
   7.55050773e-01 -4.81496097e-01 -6.29867215e-01  6.69679703e-02
   8.01741691e-02 -2.69679497e-01 -3.06243153e-01  2.52956236e-01
  -4.60419850e-01 -7.95572561e-01 -4.52393130e-01  7.49953439e-01
  -5.28270956e-01 -3.30012338e-01  1.41989317e-01  1.20406732e-01
  -7.41014871e-01  6.41053773e-01 -6.84426730e-02  9.95159689e-02
   6.44559492e-01 -4.25517701e-01  7.92768449e-01 -1.25329552e-02
   5.41812477e-01 -9.39164041e-01 -2.28872882e-01 -1.72783639e-01
  -7.09047953e-01 -9.60835029e-01  5.37890946e-01  7.61822783e-01
  -6.26137999e-01 -2.03429558e-01 -9.08376336e-01 -7.78229034e-02
   8.11848578e-01 -8.97033238e-02  9.30354903e-01 -6.46416955e-01
  -5.91472791e-02  7.35892044e-01 -2.59840821e-01 -5.33378790e-01
   5.39003476e-01  4.96841434e-01 -8.55528681e-02  4.99812420e-01
  -6.55067204e-01 -8.81374481e-01  6.08554389e-01 -4.31102608e-01
  -5.50314590e-02 -1.78777341e-01 -4.96472691e-01  8.96976832e-02
  -2.28001337e-01 -8.27436906e-02 -7.96982292e-01 -3.31514817e-01
   6.90970950e-01  7.46294444e-01 -3.85336751e-01 -2.79788890e-01
  -3.04889655e-01 -7.44142566e-01  4.58563498e-01 -3.52736656e-01
  -8.87689914e-01 -2.49975365e-01 -4.35301095e-01 -4.23021336e-01
   4.11713484e-01  5.72502816e-01 -3.97118356e-01  5.07695419e-01
  -5.60104655e-02  9.65923485e-01  8.34306853e-01 -4.31856235e-01
   5.63917222e-01 -8.15593879e-02  4.90256839e-01  4.86182163e-01
  -4.77424137e-01  8.93070024e-01 -9.57725272e-01  5.07496154e-01
   1.71420893e-01 -8.63174164e-01]
 [-4.17783391e-01  4.14895160e-01 -1.54543574e-01  5.31467299e-02
  -7.01858007e-01  8.83414316e-01  2.51592234e-01 -9.92858096e-01
   3.74190087e-01  8.77159578e-02  5.18230093e-01  2.85734593e-02
  -6.51527058e-01  6.67260884e-01  6.28033285e-01  2.82856393e-01
   4.49913580e-01 -9.16520431e-01  8.31643363e-01 -5.78024175e-01
   5.21926324e-01  1.50583479e-01 -4.35310020e-01 -7.88891949e-01
   3.36928850e-01 -6.72805907e-01  6.67980987e-02  3.57052567e-01
  -2.89543212e-01  1.90288265e-01  1.22616787e-01 -5.21740777e-01
  -4.70719063e-01 -5.86874052e-02  3.12504272e-01 -3.67877024e-01
   4.37013975e-01  3.51768176e-01  7.75201999e-01  2.38150713e-01
   3.97464155e-01 -8.59353416e-03 -4.99838124e-01  8.80210600e-01
   1.33700028e-01  6.25005895e-01 -8.99727902e-01 -9.80304232e-01
  -7.13125033e-01  9.19687993e-01 -8.28595404e-01 -7.70800853e-01
   7.14289453e-01  7.60634912e-01  1.44321217e-02 -3.36180877e-01
  -8.53931015e-01  8.04000627e-01 -9.30247915e-01  4.24715112e-01
   7.25996801e-01  8.60165483e-01  4.90922851e-01 -1.49866751e-01
   4.67974516e-02 -9.28910506e-01 -9.54493051e-01 -1.88057753e-01
  -8.31075035e-02  9.77543352e-01 -2.08015472e-01 -5.74756274e-01
   4.79369696e-01  3.66721508e-01 -9.88397945e-01 -6.40926657e-01
   4.55430454e-01 -2.31843516e-01  9.51393537e-01 -5.95021089e-02
   6.72710046e-01  2.77197171e-01  3.80219551e-01  9.36007909e-01
  -8.77171258e-01 -5.13422320e-02  2.00195799e-01  7.36039441e-01
   1.66748391e-01  3.31167127e-01  8.34928879e-01 -4.71684329e-01
   1.96431323e-01 -2.54004164e-01  3.88054227e-02 -5.66451992e-01
   5.15133067e-01 -1.41323718e-01 -6.14000493e-01  4.25486533e-01
  -6.06600828e-01 -8.41818759e-01 -2.29414040e-01  3.36161236e-01
   7.88414985e-01 -3.27729279e-01 -4.49666269e-01 -4.97515490e-01
   4.69948345e-01  8.25674465e-01  4.09854458e-01  1.16257843e-01
   8.91197941e-01 -7.02088544e-01 -7.62605709e-01  7.57305518e-01
  -6.26347484e-01 -3.38382995e-01 -7.10200271e-01  7.57269053e-02
   2.49367613e-01  7.65714519e-01 -1.27225177e-01  8.25193271e-02
   6.23265007e-01 -9.20981892e-01  6.50865245e-01  7.09414154e-01
   8.69306809e-01 -6.69859281e-01 -1.47020289e-01 -3.21864713e-02
  -2.97287789e-01 -2.57054776e-01 -9.20280320e-01 -7.79415320e-01
  -7.40817488e-01 -2.79830674e-01  6.67665055e-01  1.82143265e-01
  -8.60164743e-02 -7.76108446e-01 -9.30463584e-01  7.62681671e-01
   1.22865630e-01  2.89731578e-01  2.01682576e-01 -5.68860061e-01
  -3.29577657e-01  3.12653441e-01 -9.30205696e-01 -4.28863794e-01
  -2.11672036e-02 -7.57201265e-02 -5.54529432e-01 -4.70359064e-01
  -8.30978325e-01  7.39761725e-01  7.24419619e-01  1.19389170e-01
   4.17530072e-01 -3.22884385e-01 -6.52945387e-01 -2.50263337e-01
   6.87405918e-01  1.39935197e-01 -4.19789896e-01 -9.90541812e-01
   7.76109724e-01 -5.71891250e-01 -3.42964671e-01 -2.58112947e-02
  -9.70009174e-01 -5.43823323e-01 -9.80207952e-01  3.46885759e-01
   1.41906440e-01 -8.73584787e-01  4.78085412e-01  7.78934747e-02
   3.82869486e-02 -9.33022906e-01  4.84373567e-01  7.94136909e-01
   1.52021850e-01 -9.03853120e-01 -3.11183177e-02 -3.14712608e-01
  -1.35846699e-01 -5.85585765e-01  2.91159941e-01  3.93537190e-01
  -7.85482095e-01  6.76276544e-02 -7.14223613e-01  3.55791644e-01
   3.18244471e-01  9.85108021e-01  1.39045551e-01 -5.37840057e-01
  -8.72913034e-01  8.58405716e-01 -9.20718015e-01  7.45542218e-02
  -6.22124291e-01 -1.25458139e-01 -7.78808119e-01  6.53350041e-01
   5.27901809e-02  4.61946746e-01  4.11859626e-01  1.51265515e-01
   1.42338502e-01  2.94933909e-01 -6.51767108e-01 -4.06491151e-01
  -6.83227926e-01  3.28373344e-01  2.58792200e-01 -2.54524297e-02
  -7.73216044e-01  2.91197514e-01  6.82803569e-01  9.96252782e-01
   9.22933200e-01  3.96731872e-01 -5.01212367e-01  3.04457663e-01
  -1.04377450e-01  9.36344526e-01 -9.12345686e-01 -8.77826758e-01
   6.10566017e-01 -1.68839046e-01  2.68542874e-01  9.49416058e-01
  -2.92078840e-01  6.09600058e-01  6.86091432e-01 -6.31790696e-01
  -9.91111067e-03 -7.18195023e-01 -1.05551298e-01  6.40253403e-01
   7.07822647e-01  6.16978344e-01  2.97166345e-01  8.30503723e-01
   5.21475896e-01 -9.05231786e-01]
 [-1.37319190e-01 -2.63659950e-01  4.86440117e-01 -8.96908969e-01
  -8.11358015e-01 -4.44848849e-01  8.92959283e-02  9.92616656e-03
   8.24488681e-01 -3.46178849e-01 -9.02452392e-01  8.11467141e-01
  -9.13803584e-02  4.97428023e-01 -4.93021279e-01 -1.15773023e-01
  -1.55293418e-01  3.73782070e-02  9.71295887e-01 -4.87482217e-01
   6.89877320e-01  6.45338622e-01 -9.00347698e-01  3.40428930e-01
  -6.87203368e-01  4.29380842e-01  5.94569307e-01 -6.90728623e-01
  -9.10776744e-01 -7.45665245e-01  9.60039197e-01  3.75968696e-01
   9.38597219e-01 -5.93147573e-01  9.06436745e-02  6.80596606e-01
   8.26255307e-01  4.44585779e-01  3.47248458e-01  1.59370908e-01
   3.10723350e-02  1.95167656e-01 -8.15273932e-01  5.90619066e-01
   9.32536797e-01 -2.50108856e-01  2.72330246e-01  9.10512838e-01
   7.62640511e-02 -9.62261962e-01 -2.70388457e-01  2.60084269e-01
  -9.94558890e-01 -9.02600086e-01  4.44403725e-01  1.79312917e-01
  -3.11555092e-01  4.49930862e-01 -5.18071053e-01 -7.38697354e-01
  -8.03929613e-01 -3.09003771e-01  8.62468553e-01 -7.73947141e-01
   8.00382113e-01  6.79330701e-01  5.67242782e-01  3.52640911e-01
  -8.68271225e-01  3.00612823e-01  4.03228241e-01  9.62816975e-01
  -8.75720192e-01  9.42398936e-01  4.26294317e-01  3.07611471e-01
   8.16203520e-01  9.46128357e-01 -7.19009677e-01  9.36084732e-01
  -4.95772068e-01 -2.92232267e-01  4.45174547e-01 -3.03591901e-01
  -7.65950663e-01 -1.67207378e-01  9.93241958e-01 -8.56988542e-01
  -3.54299700e-01  9.88360165e-02 -9.54427457e-01  4.83030504e-01
  -4.64259738e-01  2.43743422e-01 -6.80964722e-01  7.80475078e-01
   4.12285645e-01  5.19845937e-01 -5.58060574e-01 -7.51031259e-01
  -5.58605671e-01  7.70110768e-02  1.58783005e-01  5.96776855e-01
   6.01900508e-01 -5.22559939e-01 -6.48206818e-02 -1.27170336e-01
  -2.26900634e-01 -6.43430173e-01 -9.88315033e-01  3.26278123e-01
  -7.94966383e-01  6.57458076e-01 -2.05202860e-01  3.15208091e-01
  -5.61297866e-01  3.10382754e-01  8.88415131e-01  5.83158937e-01
  -1.45781616e-01 -5.80168161e-01  8.29075059e-01  3.40560788e-01
   6.29422758e-01 -9.24593483e-01 -1.93548499e-01 -6.60930463e-01
   9.23010316e-01 -2.71844291e-01  7.05420143e-01  3.06291846e-01
   5.30484684e-01  9.01268570e-01  9.59738042e-01 -9.83054865e-01
   2.30254189e-01 -3.46404844e-01 -5.99667754e-02  5.12429105e-01
  -8.56797207e-01 -3.20374393e-01  6.44979283e-01 -6.42311522e-01
   9.49012585e-01  2.17843524e-01  4.89980868e-01  6.27444260e-01
  -2.28022289e-01 -5.36004335e-01  9.97711695e-01  2.13442570e-02
  -3.39198785e-01 -8.72418408e-02 -1.58999072e-01  7.21949302e-03
  -7.21232272e-01 -2.23246011e-01  3.29073332e-01  8.82882652e-02
  -2.00544847e-01 -3.17031736e-01 -7.24455422e-02 -1.51822335e-02
  -5.48077921e-01 -1.45515523e-01 -7.59917759e-01  9.49798798e-01
  -8.79549545e-01 -9.05052767e-01  7.25276076e-01 -6.98491915e-01
   9.84915862e-01 -6.11826597e-01  3.08504331e-01  5.99765501e-01
  -7.55639463e-01  3.00077234e-02 -1.08167615e-01  9.67189009e-01
   4.88670810e-01 -9.96408630e-01  5.85583959e-01 -8.88114605e-01
  -1.27113690e-01  5.01468107e-02 -8.16556440e-02 -2.08093387e-01
   8.51865804e-01 -7.74896132e-01  6.65960514e-01 -3.84133705e-01
  -4.55958137e-01 -4.42706968e-01  8.92238428e-01  9.31695340e-01
  -3.59576185e-01 -8.72960049e-01 -1.94782330e-01  2.77441193e-01
   3.52298742e-01  5.68111557e-01  2.44537036e-01  9.86972531e-01
   9.37378075e-01 -1.77005920e-01  9.93971730e-01  5.18962849e-01
  -3.00313853e-01  8.73132541e-01 -2.10777100e-01  2.23184065e-01
  -4.99742152e-01 -8.70350347e-01  4.58942098e-01 -3.21305461e-01
   3.54832108e-02 -9.37004782e-01  5.55189767e-01 -3.84995063e-01
   8.38899257e-01 -9.45488855e-01  3.68021948e-01  9.91565677e-01
   4.45239148e-02 -9.75820769e-02 -5.63627800e-01 -9.31484117e-01
   1.18500201e-01  6.78548253e-01  8.71511978e-01  2.09938529e-01
  -1.68751885e-01 -9.60069786e-01  2.98890466e-01 -1.91927333e-01
  -2.24159777e-01  6.74083422e-01  3.87085894e-01 -5.83900342e-01
   1.36639846e-01  8.89114433e-02  7.22340752e-01 -7.16478913e-01
   1.68211463e-04 -8.83753920e-01  5.27921915e-01 -5.21107616e-01
  -2.14540114e-01  1.95644614e-01]
 [ 6.08221528e-01  3.40561375e-01  2.77926857e-01 -1.26079912e-01
   8.08362384e-02 -2.61655017e-01  4.31747467e-01 -1.81628970e-01
  -3.19409359e-01 -7.65629590e-01  7.69382711e-01  3.26986178e-01
   7.17762250e-02 -6.84303863e-01 -2.83405384e-01  2.48239097e-01
   3.03545547e-02 -5.34465687e-01 -9.44790591e-01  3.64872391e-01
  -9.88930586e-02 -6.88865944e-01  6.30772495e-01 -4.22939695e-01
  -3.29530130e-01  2.17800253e-03  5.81631000e-01  2.46145255e-01
  -3.89439669e-01  8.03048264e-01  8.33580398e-01  6.28215703e-02
  -7.20577693e-02 -5.75360343e-01 -6.86685664e-01  2.37992579e-01
  -6.18582642e-01  6.17115572e-02  1.23023535e-01 -7.96557168e-01
   5.08812548e-01 -1.30717744e-01 -8.86649210e-01  4.39326469e-01
   5.96802391e-01 -8.55076317e-01 -1.91562877e-01 -1.95665344e-01
  -2.94032428e-01 -8.69753117e-01 -4.37477523e-01  9.91181052e-01
  -5.62809681e-01 -3.08029018e-01 -9.81363871e-01  4.49990813e-01
  -2.09795603e-01 -3.40756981e-01  3.88933612e-01 -5.85380211e-01
  -5.26711273e-01 -9.87643670e-01  5.25843474e-01 -3.65552139e-01
   9.30362267e-01 -1.00657314e-01 -1.27065823e-01  5.97097376e-01
   1.04693480e-01 -2.46181067e-02  8.39030728e-01  8.98092436e-01
   8.98056618e-01  4.55373461e-01  7.75665154e-01  7.49577809e-01
   3.35253646e-01  6.61621083e-01  1.91866050e-01 -4.41868743e-02
  -6.33082706e-01  2.74703087e-01 -8.73855454e-01 -3.23428694e-01
  -6.95194459e-01 -9.92163054e-01  3.24967353e-01 -1.54083588e-03
   4.90606924e-01  5.03763714e-01  5.15025475e-02 -5.44725463e-01
   1.67289936e-01 -6.57918323e-01  6.32345597e-01  7.49215174e-01
   3.30287070e-01  2.86520261e-01 -9.46877045e-01 -1.27857456e-01
  -5.48011799e-01  3.95103079e-01 -8.91783842e-01 -2.94538104e-01
  -4.53157334e-01  8.44985666e-01  1.34137926e-01 -2.13277450e-01
   8.62382941e-01  3.95083942e-01 -7.57820323e-01 -6.14573478e-01
  -4.71208801e-01  2.67002755e-01 -3.31259171e-01 -7.69182690e-01
  -8.58135171e-01  7.21181381e-01  1.07247071e-01  6.38989712e-01
   9.35217811e-01 -2.44824085e-01 -8.70308544e-03  8.03037911e-01
  -5.18985683e-01 -5.77735894e-01  7.53509345e-01 -2.82179221e-01
  -9.32932486e-01  3.98593156e-01 -9.66838970e-01  6.99030178e-01
  -2.16601301e-01 -7.82297024e-01 -2.98226658e-01 -4.85738879e-01
  -8.83316039e-01 -8.89417564e-02 -3.99264782e-01  6.00123733e-01
   4.11123816e-01  7.09022442e-01  2.16049754e-01 -6.65450475e-01
  -2.43057979e-01  4.32285997e-01 -7.47268521e-01  4.77020887e-03
   2.15894390e-02  3.45666058e-01  8.20417027e-01  6.55040657e-01
  -8.06321332e-01  9.74745187e-01  7.55153901e-01  3.09689731e-01
   5.11059692e-01  8.25800712e-01  3.78777474e-01 -8.51867095e-01
  -9.14912162e-01 -8.66599905e-01  6.24763531e-01 -4.56440963e-01
   1.47277631e-02 -7.48296769e-01 -7.22905488e-01 -2.78090249e-01
   8.27061522e-02 -1.83041773e-01  7.35764176e-01  5.46031648e-01
   6.06804427e-01  3.54926795e-01  6.61397345e-01  4.68102001e-01
   4.18850635e-01  3.59027740e-01 -4.29822501e-01  6.32649979e-01
   1.89715782e-01 -8.32082669e-01 -4.63200679e-01  8.21822297e-01
  -5.56476198e-02 -4.08632846e-01 -3.16155532e-01 -7.39964974e-01
   2.05826105e-01  1.51407895e-01 -9.55512934e-02  5.89893959e-01
  -7.57271951e-01  1.69855007e-01  2.28686867e-01  9.48084881e-01
   3.79375468e-02 -9.09884080e-01 -7.05635969e-01  3.45158179e-01
   1.53501612e-01  3.51453689e-01 -4.65211667e-01 -8.69522075e-01
  -1.98013664e-01 -5.10127322e-01 -2.18594547e-01 -5.97688814e-01
   5.24161914e-01 -7.77312906e-01  9.82441473e-01  3.89156121e-01
   9.02912736e-01  9.12067860e-01  5.66774891e-02 -8.13467299e-01
  -4.05710074e-01 -7.88673403e-01 -9.63396747e-01  9.15307589e-01
   5.12317521e-01 -1.00953914e-01 -6.52490272e-01  8.13159231e-01
   1.31827026e-01 -8.25199345e-01  1.52348180e-01 -7.74092515e-02
  -5.83960226e-01  5.85123538e-02  9.27235904e-01  5.82383408e-01
  -7.97608121e-02 -5.08629432e-01 -6.18391742e-01 -5.86482338e-01
  -7.97671727e-01  7.81206104e-01  4.40490659e-01  9.32938273e-02
   8.60799654e-01  7.44342979e-01 -3.51106185e-02 -6.66280829e-01
   5.68839893e-01  4.21141926e-01  2.82290335e-01 -2.74087965e-01
   4.33168423e-01  2.45477293e-01]
 [ 5.05977787e-01 -3.61500940e-02 -4.65309644e-01 -2.61625889e-01
   8.33738362e-01  4.31615932e-01 -5.39190553e-01 -3.22128542e-01
  -8.09252507e-01 -1.24477352e-01 -4.17186452e-02  7.00121105e-01
  -8.54028516e-01  3.54364929e-02  7.43719581e-01 -4.84324788e-01
   2.78701587e-01  1.56504921e-01  8.92758170e-01  9.78716334e-01
   7.82904018e-01  3.21428859e-01  6.49275740e-01 -9.71508521e-02
   7.51797556e-01 -8.71187752e-01  6.23226339e-01 -3.55869114e-02
   9.93082358e-01 -1.18594263e-01  7.92183299e-01  4.47797576e-01
   2.80701744e-01 -7.67163152e-01 -3.46338531e-01 -8.44064664e-01
  -8.45128233e-01  5.71800082e-01 -2.34720707e-01  5.39257043e-01
  -1.74348057e-01  2.77784220e-01  5.06149736e-01  2.51161345e-01
  -5.44309836e-01  4.62157647e-01 -8.43866688e-01  7.81965781e-01
   7.73852655e-01  4.46157524e-02  9.69052256e-01 -5.38577901e-01
   4.99988643e-01  8.44235145e-01 -9.82270887e-01 -3.72677899e-01
  -6.75733282e-01  4.17139564e-01 -9.23876435e-01  3.14694716e-01
  -8.06254236e-01 -3.99973456e-01 -2.09314688e-01  7.84757760e-01
   4.61630763e-01 -6.74359972e-01 -6.39468426e-01 -6.83829636e-01
  -6.40785250e-02  8.93136463e-01 -7.52333108e-01 -7.47567507e-03
  -3.33955404e-01 -9.15995568e-01  7.73215508e-01 -6.82893429e-02
  -1.75295438e-01  8.61415509e-01 -6.82801616e-01  3.92821959e-01
  -8.53579068e-01  3.88524343e-01 -8.37169034e-02  7.30486565e-01
  -5.28086255e-01 -7.71432884e-01 -7.59834309e-01 -4.36405307e-01
  -7.45272080e-01  4.99243829e-01  5.81220812e-01  9.73446904e-01
  -6.73076935e-01  4.46876879e-01 -2.10642401e-01  6.95231729e-01
   6.94801250e-01  9.09580071e-01  9.42654641e-01 -1.36867961e-01
   6.15635054e-01 -5.96035930e-01 -7.02253694e-01  1.22382431e-01
  -2.96872144e-01 -3.32794584e-01  6.87624941e-01  8.53394397e-01
  -3.02248265e-01 -5.48029443e-01  4.23860210e-01 -7.18677905e-01
   8.35600993e-01  2.39014195e-02 -9.55777381e-01 -4.14277890e-01
   4.87289294e-01  7.52871466e-01 -5.13458036e-01  5.28591268e-01
   9.54371295e-01  6.72117194e-01  1.16452380e-01 -7.60883459e-01
  -7.20726695e-01  8.06499158e-01  5.52119314e-01 -1.03689720e-01
   1.11628758e-01 -9.05924257e-01  8.11252915e-01 -7.47207650e-01
  -4.78050067e-01 -1.30072794e-01 -9.20492396e-02 -6.06994052e-02
   4.01733980e-01  6.61808505e-01  5.48040844e-01 -4.83744235e-01
   8.91587890e-01  2.12031891e-01 -4.14626781e-01  6.85419160e-01
  -9.91429097e-01 -2.40959605e-01 -1.28745878e-01  2.36181776e-01
  -2.27627290e-01  3.34196453e-01 -8.46076114e-02  6.36018749e-01
   6.12930667e-01 -1.12238645e-01 -3.21295888e-01 -8.01590460e-01
  -7.69554219e-01 -5.41988051e-01 -1.62858512e-01 -1.19882807e-01
   9.68809567e-01  9.01370569e-01  6.41039393e-01 -2.67014505e-01
   4.14380942e-01  9.99644769e-01 -3.04825155e-01 -9.58992219e-01
  -5.66715292e-01 -8.93407225e-01  6.84919037e-01  3.45751559e-01
  -3.24244477e-02  3.86391230e-01  7.34161990e-01 -4.76076604e-01
   9.79577975e-01 -1.75665392e-01  4.45208839e-01  5.01782502e-01
   6.20739893e-01 -7.63823876e-02 -8.91291661e-01 -8.59032064e-01
  -7.04245776e-01 -9.92009377e-01 -7.04129740e-01  2.60202605e-01
  -1.71342122e-01 -5.18460728e-01  3.33722269e-01  1.75281612e-01
  -2.30454858e-02 -9.90056786e-02 -7.56070396e-01  9.08439698e-01
   2.85091507e-01  1.31248297e-01  6.97036645e-01 -1.03564212e-01
   8.00633972e-01  7.29028850e-02 -2.84326349e-01  6.09625951e-02
  -7.40700285e-01  5.63857458e-01 -6.06710170e-01 -9.61912462e-01
   1.74262854e-01  1.03832384e-01 -8.37038852e-01 -3.82482904e-01
  -8.32524024e-01 -5.74359503e-01 -8.37721810e-01  9.89330448e-01
  -8.04891121e-01 -2.06663295e-02 -8.92663874e-01  6.89414229e-01
  -9.86295104e-01 -9.50919423e-01 -7.90472903e-01 -3.94460301e-01
   1.88562606e-01  6.81399251e-01  7.53801086e-01  9.76234922e-02
  -3.77615539e-01  1.70032687e-01  7.27419989e-01 -1.55915647e-01
   6.64122154e-01 -6.80903239e-01  4.17589471e-01 -3.48889524e-01
  -4.98226241e-01 -3.17892395e-01 -1.92547886e-01  7.27844484e-01
  -2.74326073e-01 -8.61721772e-03  1.41114596e-02  3.98319823e-01
  -6.48270370e-01  4.65009780e-01 -2.94411638e-01  5.09750608e-01
  -1.56232821e-01 -1.99054444e-01]
 [-7.32109228e-01  1.57826636e-02  4.83766565e-01  8.27238183e-01
  -9.71884992e-01  8.37795447e-01 -7.47297577e-02  6.90497124e-01
  -3.37848850e-01 -3.41481260e-01 -3.52584708e-01 -2.72532364e-02
   2.19781533e-01 -8.21368764e-02  7.77673406e-01  1.94761054e-01
  -1.84308434e-01 -6.61515746e-01  8.46592470e-01 -2.62228466e-01
  -7.34240714e-01 -6.71721211e-01  9.32866337e-01 -5.27636807e-01
  -1.76298665e-01 -5.88817158e-01  4.24259452e-01 -3.25047991e-02
  -5.55434821e-01 -8.93110345e-02 -1.06097752e-01 -1.73639267e-01
   6.31329800e-01 -3.80898865e-01  1.19931304e-01 -3.50642436e-01
   7.43662018e-01  1.72064955e-01 -1.00544817e-01 -8.89194043e-01
   7.97472968e-02 -5.01244189e-01 -9.18669164e-01 -8.21678031e-02
   1.14398087e-01 -5.62760737e-01  3.48415464e-01  9.79602937e-01
   2.79850309e-01 -8.40427016e-01  8.25616032e-01 -9.74285058e-01
  -5.51859537e-02 -1.92350167e-01 -9.50309624e-01  1.74922121e-01
  -8.42633744e-01 -4.78185021e-01 -9.37979181e-01  7.92515835e-01
   2.15402144e-01  3.01993863e-01  5.89030389e-01 -4.88267805e-01
   4.95532930e-01 -6.50149873e-01  9.19783261e-01  8.49205105e-01
   1.47341883e-01  6.19945740e-02 -2.16595482e-01 -6.25691009e-02
  -5.33390431e-02 -5.35429738e-01  8.83076803e-01  3.59682165e-01
  -5.44829966e-01  7.06702866e-01 -3.34888990e-02  1.47694804e-01
  -2.80067052e-01  6.67701532e-01  3.26627897e-01 -9.82455398e-02
  -4.17987620e-01  5.04526159e-01  6.68191368e-01 -7.32677919e-01
   8.17069116e-01  3.90848165e-01  9.71380713e-01 -5.42463280e-01
  -4.72285234e-01 -3.38949969e-01 -5.84041581e-01 -9.02617788e-01
  -6.13579939e-01  4.09940235e-01  5.96988785e-01  8.71589204e-01
  -9.02594309e-01 -7.44303428e-01  3.64590315e-01 -2.11165211e-01
  -4.45713138e-01 -5.15991470e-01 -1.86310739e-01 -1.79722216e-01
  -8.67895517e-01  6.47996490e-01  8.55085652e-01  6.67048887e-01
   5.82314583e-01 -8.04759108e-01  4.76750087e-01 -1.13100410e-01
  -8.03095721e-01 -1.05770549e-01 -6.21455310e-01  4.27554180e-01
  -5.33540504e-01  2.27410114e-01 -4.20208382e-01 -1.59740957e-01
  -1.88930231e-01 -7.04807735e-01  5.74146047e-01  9.39356687e-01
  -2.98904923e-01  4.70977100e-01  1.20316796e-01 -8.94387952e-01
   4.18899257e-01  7.46233038e-01  8.91781976e-01 -4.07050796e-01
  -8.95482582e-01 -1.51426961e-02 -5.92492299e-01 -6.44863287e-01
   8.71459523e-01 -1.32000428e-01  1.57776983e-01 -1.15695762e-01
  -1.40823432e-01  7.91654567e-01  9.31457221e-01 -3.76223863e-01
  -2.48497632e-01 -4.67599835e-01 -3.61638189e-01 -6.50532097e-01
  -4.15857744e-01 -9.38007933e-01  7.30781748e-01  1.42392625e-01
  -8.98821438e-01  9.39722704e-01 -9.03977321e-01 -4.32063059e-01
  -1.09164586e-01  7.75425102e-02 -6.33841886e-01 -8.80663772e-01
   7.92639755e-01  8.37671530e-01 -2.36287448e-02  1.10900237e-01
   5.48183641e-02  9.72446028e-01  6.61225910e-02 -7.35107085e-01
   3.31790944e-01 -7.93092569e-02 -4.42624848e-01 -3.07581996e-01
  -3.14566734e-01  4.37958308e-01 -3.05562072e-01 -9.92531992e-01
  -5.39370490e-01  2.96988751e-01 -3.45910605e-02  1.77180007e-01
   2.75602042e-02  2.16777775e-01 -3.59424137e-01 -7.49364129e-02
  -4.50006803e-01 -1.87086992e-01  9.18669423e-01 -8.25061154e-01
   3.30586038e-01 -7.60588281e-01  7.55803275e-02  1.13575180e-02
   6.77596519e-02 -2.56591864e-01  3.14412105e-01  5.14276024e-01
  -8.82510372e-01  5.02795974e-01 -1.45555713e-01 -2.22513772e-01
  -9.67048173e-01 -8.39181499e-01 -1.61205086e-01 -7.26597003e-01
  -3.58596116e-01  7.17072722e-01 -6.28567709e-01  4.10331825e-01
   3.14572660e-01  3.44072795e-01  4.96105498e-01 -5.63922817e-01
  -1.40878143e-01  8.48960369e-01  3.20551215e-01  8.23724335e-01
  -4.20173751e-01 -7.03251918e-01  1.68058405e-01  6.96730984e-01
  -9.12397819e-01 -6.55140556e-01 -3.67184992e-01  7.55254350e-01
  -1.27539041e-01  7.01220947e-01 -2.02999915e-01 -5.51850026e-01
  -4.49286430e-01  5.24867364e-01 -8.89666432e-01  5.27433795e-01
   7.87787527e-01 -1.76693856e-01  1.97326698e-01  2.65355278e-01
  -6.82557462e-01 -4.65479796e-01  6.23076695e-01 -8.11797514e-01
   7.12340229e-01 -5.63706287e-01  5.72115857e-01 -9.26467536e-01
  -3.67167094e-01  1.90678494e-02]
 [ 2.62753912e-01  9.75894720e-01  5.94850634e-01 -6.92048336e-01
   3.15059979e-01 -4.18417303e-01 -1.96303268e-01  7.07950637e-01
   1.21501728e-01  1.88425945e-01 -5.06377709e-01  2.90466791e-01
   8.55496019e-01  3.26344719e-01 -2.43117510e-01  6.15113410e-01
   8.67107606e-01 -1.75510517e-01 -6.99663785e-01 -9.22936805e-01
   9.06158182e-01  8.29492119e-01 -1.16049444e-01 -7.36373866e-01
   3.40292894e-01 -6.94791423e-01  6.56233650e-02 -9.07453158e-01
   8.60777266e-01 -9.11843661e-01  1.52289968e-02 -8.25808097e-01
   5.67270108e-01  3.76021959e-01 -4.06294613e-01 -1.55989665e-01
   8.43222809e-01 -9.38190858e-01  4.67056895e-01  1.11310252e-02
   9.41381026e-01  4.34297026e-01  7.10641076e-01 -9.54118373e-01
   7.10520944e-01 -8.77484368e-01  3.56582294e-01 -4.10549003e-01
  -2.75822776e-01  7.48877427e-01 -5.18373214e-01  1.18721318e-01
   9.39696669e-01  8.65282544e-01 -9.02442158e-01  3.28106616e-01
   4.91438155e-01  4.01683741e-01  4.39929040e-01 -3.30271738e-02
   9.94358708e-01 -8.58135270e-01  6.28793925e-01 -9.11969902e-01
   5.66444794e-01  2.55076891e-01 -1.67410402e-01  6.50720729e-01
   2.35751210e-01 -1.69480491e-02 -3.37974618e-01 -8.28084843e-01
  -7.40318284e-01  1.21273197e-01 -7.41848040e-01 -6.59976932e-01
  -8.49389164e-01 -8.86267945e-01  9.41110257e-01  4.45181685e-01
   1.44983798e-01  5.03731303e-01  6.85959348e-01 -8.90041748e-01
   8.96158541e-01 -9.06032517e-01  2.86473928e-01 -4.29823902e-01
  -8.93829632e-01 -9.12893147e-01  4.58953074e-01 -6.95516959e-01
  -5.05605988e-01  7.28436249e-01 -7.40153164e-01 -5.74951348e-01
   4.61805351e-01  4.97908728e-01 -2.13531089e-01  5.17074562e-01
  -6.43903340e-01 -8.72741370e-01 -7.99000580e-01  2.61649497e-01
  -2.76813802e-01 -8.82960244e-02 -2.03055981e-01  8.99680293e-01
  -5.88471615e-01 -8.95052954e-01  4.93008672e-02 -3.68646933e-01
   5.80083342e-01 -9.24012141e-01  7.68282907e-01 -4.67272875e-01
  -5.63938492e-01  1.95396892e-01  3.49619589e-01  4.50062503e-02
  -3.61693237e-01 -1.76559615e-01 -8.74252669e-01 -2.83198929e-01
   5.04246620e-02 -5.25358918e-01  3.23168898e-01  7.54175525e-01
  -1.45458414e-01  6.19156626e-03 -1.13774886e-01  1.15412396e-01
  -1.84620583e-01  6.01698790e-01 -1.24098849e-01  5.93898429e-01
  -7.46927815e-01  9.99962646e-01 -1.35691358e-01 -1.26412693e-02
  -2.93666549e-01 -7.03049354e-02  7.47425484e-01 -2.63528478e-01
  -7.30730724e-01  9.58871122e-01  8.24400275e-01 -1.16639838e-01
   3.34666475e-01 -7.29373824e-01 -1.79753852e-01  8.35661940e-01
   7.96095986e-01  9.69459310e-01 -9.72222702e-01 -1.76070200e-01
   1.69811326e-01  1.11878781e-01 -4.89144795e-01  3.43301864e-01
   2.12805602e-01  6.09600961e-01  1.66171832e-02 -8.75470324e-01
  -3.30446582e-01 -7.26536405e-01 -1.08850030e-02 -2.73612367e-01
   1.25798401e-01  1.08893966e-01  8.46999806e-02  4.62828162e-01
   6.73464254e-01  8.36554400e-01  4.40396263e-01  2.21788869e-01
  -2.75648203e-01  5.64689195e-01  5.67599958e-01 -4.77821238e-01
  -2.72954434e-01 -2.03899967e-02 -6.32206998e-01 -6.20662745e-01
   1.87653179e-01 -6.07288461e-01 -7.26094899e-01 -3.03981577e-01
   4.03851177e-01 -8.65937826e-01  3.06002200e-01 -6.17654388e-02
  -1.39735630e-01  3.85014020e-01 -4.85249286e-01 -9.59194768e-01
   8.84763315e-01  7.25161423e-02 -1.89039433e-02  2.93687557e-01
   3.54219571e-01 -1.16664776e-01 -2.09640555e-01 -7.80343634e-01
   4.92366799e-01  4.98809893e-02  1.56934358e-01 -1.65695446e-01
   5.84906136e-01  5.20297589e-01  3.18914451e-01  6.81455615e-01
  -7.89784711e-01  9.19247836e-02 -2.83464499e-01  6.79706871e-01
  -7.84583031e-01 -7.03872314e-01  3.49137344e-01  1.34679651e-01
  -5.91163026e-01 -7.07911821e-01  2.48689662e-01 -8.71911988e-01
   7.51195315e-01  7.70130974e-01  3.54503162e-01 -7.01978454e-01
  -3.44054899e-01  2.16287328e-01  4.65877394e-01  9.90198258e-01
  -7.01381783e-01 -6.68340460e-01 -1.70429917e-01  1.94007422e-01
   1.46721522e-01  2.11362501e-01  5.40325869e-01  5.56699294e-01
   1.92984603e-01  5.62033189e-01  1.08834745e-02  9.61922749e-01
   3.17553630e-01  2.41329211e-01  3.54318671e-01 -7.04032200e-01
  -9.81220047e-01 -8.07909646e-01]
 [ 4.85921918e-01 -8.38958962e-01 -6.86455349e-01  2.83233906e-01
   5.92046087e-01  4.87592178e-01 -3.27131733e-01  3.89737608e-01
   3.68476915e-01 -6.86496090e-01  5.49278117e-01 -2.63693314e-01
   3.19543396e-01 -2.79740077e-01  4.80989163e-01  8.24225022e-01
  -9.43072547e-01  1.46904200e-01  8.70736658e-01 -4.96990586e-02
  -2.49584338e-02  1.04952744e-01 -8.85155817e-01 -6.43921299e-01
   8.29051501e-01  8.07884259e-01 -6.45139299e-01  3.24629420e-01
   7.76819527e-01 -7.93972803e-02 -5.80584172e-01  5.30828227e-01
   1.68720199e-01  9.75527245e-01 -3.71231930e-01 -6.27601158e-01
   2.38585872e-01 -8.52399081e-01 -3.73084944e-01  3.99201145e-01
   5.70336893e-01 -7.64866644e-01 -2.33016503e-01  5.54143455e-01
   3.38301435e-01 -7.97278253e-01 -1.06707773e-01 -6.94507155e-01
   4.81742480e-02  1.36162579e-01 -6.61117398e-02 -7.91628478e-01
  -1.69687125e-01 -5.79765615e-01  1.08189293e-01 -8.19108386e-02
  -7.28476122e-01  3.77711008e-01  8.87588337e-01  9.98864586e-02
  -5.98043479e-01  9.47879460e-01 -4.75198106e-01 -9.93237778e-01
  -1.18869160e-02  5.95830997e-01  7.52238959e-01  7.57061712e-01
   4.92106381e-01 -3.42750926e-01 -4.80257028e-01  7.95229277e-01
   4.12918468e-01 -2.75998436e-01  5.43152226e-01  8.20308450e-02
   1.98205244e-01 -8.67671186e-01  7.30811823e-02 -9.70738780e-02
   2.32921120e-02  9.57915825e-01 -5.14603811e-01 -1.55533616e-01
   2.04798757e-01 -6.99072534e-01  4.88471888e-02  5.87675000e-03
  -6.02474057e-01  8.80800654e-02 -2.72999517e-01 -6.33487135e-01
   4.48696183e-01  3.10722464e-02 -6.11796947e-01 -9.56631761e-03
  -2.21293416e-01 -2.63612268e-01  6.54177989e-01 -8.67972730e-01
  -3.06556210e-01 -4.04023277e-01  9.77851922e-01  6.99198406e-01
   1.08578458e-01 -4.50632877e-01  1.50203719e-01  4.30567576e-01
   7.57490096e-01 -8.69802145e-01  2.82055701e-02  3.36702744e-02
  -3.80465356e-01  6.20755898e-01  6.49007510e-01 -3.65550622e-01
  -5.74757367e-01 -5.19752635e-01  1.86119640e-01 -5.39042467e-01
   1.91647087e-02  5.57639641e-01 -6.34288665e-01 -7.68023194e-02
   8.42745129e-02 -1.52156160e-01  1.94721841e-01  8.33770090e-01
   6.87167533e-01  8.05495352e-01  4.68595036e-01  7.23487859e-03
   7.34122111e-01  1.82239135e-01 -8.75533561e-01  8.53482509e-01
   2.06342317e-01  2.36574183e-01  2.60736068e-01  3.57557502e-01
   7.09172185e-01  1.13061113e-01 -4.66328985e-01  7.48256810e-01
   2.35707810e-01 -5.15921607e-01  7.83202792e-01  9.55123887e-01
   4.55816447e-02 -4.13537247e-01 -1.31357089e-01 -4.06860920e-01
   8.63924768e-01  9.52185971e-01 -6.67210731e-01 -9.62161914e-01
   3.58544305e-01  4.18704834e-01 -1.93730433e-01 -6.49677935e-01
   7.26500686e-01  7.42860160e-01  2.58807557e-01  5.52045263e-01
   6.11749805e-02  9.52512376e-01 -1.65746224e-01  6.10074598e-01
   3.37446001e-02  9.55160312e-01 -9.31635996e-01  8.91188326e-01
   2.01534183e-01 -8.06695829e-03 -5.89097949e-01  4.75764845e-01
   6.32074781e-01 -5.78837316e-01 -7.13194539e-01 -5.17759425e-01
   9.38984338e-01  9.51198690e-01 -8.27562346e-01  5.98743480e-01
   2.37281611e-01  3.18342065e-01  1.36681463e-01  2.84151180e-01
   5.19661423e-01  8.70984988e-01  6.14253912e-01 -7.80298939e-01
   3.26939365e-01 -3.69124969e-02 -3.40309784e-01  6.22345817e-01
   2.04634988e-01 -3.15210346e-01  7.44601045e-01  7.71335010e-01
   1.29075433e-01 -5.16566215e-01 -4.93320280e-01 -4.21522966e-01
   1.42805302e-01 -2.54359845e-01 -7.85544545e-01 -6.80307184e-01
  -2.98897373e-01 -7.66460995e-01  5.15379476e-02 -7.40229609e-01
   5.49369000e-01 -3.18779951e-01  5.34287703e-01  1.53479095e-01
   9.34783190e-01  4.74309860e-02  1.57857630e-01  4.49437747e-01
   4.98700006e-01 -4.10698398e-01  8.86725273e-01  2.62195837e-01
   8.75589296e-01 -9.84495741e-01 -4.77576760e-01  1.51756779e-01
  -7.69963249e-01  1.95136403e-01 -5.61376034e-01 -4.17674652e-01
   4.98307501e-01  8.13893283e-01  3.66081726e-01  6.01566136e-01
   1.11684889e-01  4.55282823e-01 -3.79449072e-01 -5.42963155e-01
  -9.52592332e-01  9.09675896e-01  9.37494668e-02 -1.34653239e-02
   9.04758656e-01  1.35131452e-01  1.01124470e-01 -2.44625544e-02
   6.92938615e-01 -1.56919312e-02]
 [-3.36086919e-01 -1.47753571e-01  5.44537465e-01  4.20479938e-01
  -5.04542366e-01  3.28529431e-01 -5.37798061e-01  9.92328716e-01
  -1.11558393e-01  5.72409675e-02 -3.44785187e-01  8.45477484e-01
   9.22062902e-01  6.06079419e-02  1.88845958e-01 -5.64618656e-01
   7.48586324e-01  3.92833617e-01  5.88296549e-01  4.59108774e-01
  -8.96493057e-01 -2.66473677e-02 -8.91662622e-01  6.73368730e-01
   7.58866339e-01  7.18402421e-01  4.90839793e-01  1.98746168e-01
   2.80880202e-01  3.56684486e-01  9.76691472e-01 -2.59267056e-01
  -5.89821912e-01 -6.06829541e-01 -2.98353857e-01 -8.35927203e-01
  -3.51593729e-01  7.98022597e-02 -4.69936615e-01 -2.41383146e-01
   7.96737946e-01 -2.37161065e-01 -2.11508668e-01  9.51766614e-01
  -2.79181328e-01 -8.21612386e-01  2.17242823e-01  2.29332896e-01
   5.63022028e-01  1.87959027e-01 -9.82490957e-03 -8.52084559e-01
   2.91094890e-01 -6.28851622e-01  4.06583868e-01  1.01947733e-01
   1.72372837e-01 -7.76249563e-01  7.53301713e-01 -1.85359006e-01
   9.48260939e-01 -1.12972249e-01  3.56940377e-02 -8.69513108e-01
  -7.09740480e-01 -4.72083531e-01 -8.28306866e-01 -4.84035470e-02
  -3.03386480e-01 -2.86777517e-01  9.27475811e-01 -6.23669278e-01
  -4.74727505e-01  1.02491551e-01  3.37362832e-01 -9.74829376e-02
  -8.90147693e-01  4.75871558e-01  3.63590385e-01  6.46634444e-01
   4.65021421e-03  9.64905642e-01 -1.97434088e-01 -8.53445674e-01
  -5.51917795e-01  1.34419705e-03  2.21409487e-02 -8.13399605e-01
  -2.79131236e-01 -1.63488347e-01  9.78775440e-01 -1.77902551e-01
   2.06747960e-01 -4.12424212e-01  6.49006318e-03  7.97841623e-01
  -7.32454850e-01 -5.00939849e-01 -6.57950833e-01  8.85340718e-01
  -1.43070935e-01 -2.06731940e-01  8.75492742e-01 -6.02528462e-01
   9.96134970e-01  2.05442876e-01 -7.78138860e-01  1.44576786e-01
   9.26046771e-01  4.40528254e-01 -4.25211582e-01 -2.83804323e-01
   3.34380238e-01  7.06628646e-01 -5.73456834e-01  2.66601466e-01
  -7.10127372e-01 -4.44702198e-01  3.44101717e-01 -5.69219719e-01
  -6.26749850e-01 -9.16763496e-01 -9.82172017e-01 -1.16846725e-01
   3.57914378e-01  4.10967769e-01 -4.98076510e-01  3.14338295e-01
   3.62635561e-01 -6.86279065e-01 -3.70183217e-01 -2.89085077e-01
   1.11666043e-01 -7.73448423e-01  9.31756483e-01  2.65001538e-01
  -8.19788138e-01 -5.44695406e-01  8.55266555e-01  2.84890878e-01
   8.57880964e-01 -1.15900708e-01  1.83164557e-01 -6.41039777e-01
   9.03963312e-01 -9.13573265e-01  1.40046441e-01 -1.02484710e-01
  -8.66072298e-01 -2.05148299e-01  8.71733135e-01 -4.25245063e-01
  -7.71245180e-01 -4.14383322e-01  7.58179322e-02  6.73451135e-01
   2.02830676e-02 -9.13331147e-01 -2.13755007e-01 -1.32132755e-01
   9.98082948e-01  2.43220618e-01 -6.72204719e-01 -9.61700887e-01
  -7.05842414e-01 -6.42702892e-01  8.47340855e-01  8.44485342e-01
  -4.89149450e-01  6.47969897e-01 -5.13185831e-01 -5.54258158e-01
   1.12399018e-01 -2.50527367e-01  5.54735365e-01  5.81572101e-01
  -3.52254598e-01 -4.73400605e-01 -4.13247627e-01 -1.71130214e-01
   5.99353802e-01 -7.65611337e-01  5.63029289e-02 -5.40859694e-01
   3.17731805e-01 -2.08870876e-01  9.00195801e-01  9.09503672e-02
   5.27331141e-01 -7.56156688e-01  9.75980267e-01  5.41199821e-01
   2.69227242e-01  4.08614535e-01  1.08464934e-01  7.06747730e-01
   9.36372401e-01  3.64486280e-01 -8.51147173e-01  2.12682418e-01
  -9.39418702e-01 -9.07557973e-01  1.75075479e-01 -9.16674035e-01
   1.01123559e-01  7.70630627e-01 -3.59161366e-01 -9.03333815e-01
  -4.43683124e-01 -3.04661994e-02  3.97232193e-01  2.77820736e-01
   5.70748305e-01  4.93929332e-01  7.30102135e-01 -7.08469183e-02
   4.57079973e-01  5.23489803e-01  6.58582248e-01 -1.62854658e-01
   3.89799035e-01  2.50775176e-01 -5.85562802e-01  9.91510480e-01
  -5.88014865e-02 -5.26443331e-01 -5.37781387e-01  1.71254636e-02
   7.44920009e-02 -3.27865475e-01  4.98875397e-01  7.75732746e-01
   9.77682791e-01 -8.25601139e-01  4.54847148e-02  5.01581429e-01
   8.02484514e-01  5.74726380e-01 -2.84432933e-01 -1.98655160e-01
  -6.72101673e-01 -5.26772106e-01  6.42365739e-01  6.79074231e-01
  -7.42346560e-02  5.47733261e-01 -9.77054795e-02 -9.24850917e-01
   7.79012447e-01  8.52774128e-01]
 [ 2.19461218e-01  9.71114979e-02 -3.64525507e-02  4.12954757e-01
  -4.96876119e-01 -8.27666470e-01 -7.96525663e-01  4.41353062e-01
   2.99004143e-01 -6.24129506e-01  9.00845498e-01 -4.15259154e-03
  -7.03140913e-01 -4.06674863e-02  2.10044315e-01  5.75293964e-02
  -2.15995816e-01 -1.34906412e-01 -4.71971865e-01 -8.25416687e-01
  -3.49993097e-01  4.49712608e-01  9.65687477e-01  7.42034671e-01
   5.10703165e-01  1.41237524e-01 -3.29712781e-01  1.70186785e-01
   8.52665982e-01  1.24575831e-01  5.92808200e-01 -5.25414146e-01
  -5.30321316e-01 -6.02740666e-01  7.26064825e-01 -3.59271787e-01
  -3.28595614e-01  6.34506133e-01  8.27489176e-01 -8.90763468e-01
  -9.39717345e-01  1.78026895e-01 -2.29917176e-02 -7.66276162e-02
   5.73163362e-01 -8.43186392e-01  4.78497739e-01 -2.96238019e-01
  -4.69537271e-01 -6.53859917e-01  4.81988381e-01 -3.61523503e-01
  -6.82194981e-02  1.98629284e-01  3.70878099e-01 -7.91413295e-01
  -1.53066975e-01  4.13862360e-01  8.00905029e-01  3.77221773e-01
   2.16476264e-01 -7.53791338e-01  3.95113713e-02 -5.13825390e-01
   1.80485646e-01 -3.78190727e-01 -1.78542219e-01  1.82610293e-01
   8.65937539e-02  7.71242279e-01  8.32009887e-01 -3.13050447e-01
   2.08551913e-01  8.10029548e-01  3.52091957e-01 -3.41040613e-04
   4.90422521e-01 -1.32157974e-01 -7.81473345e-01  5.81382217e-01
   2.41569439e-01  5.15358287e-01  7.31695489e-01 -8.95784021e-01
   1.75033821e-01 -7.27184515e-01 -6.91535545e-01 -6.29939924e-01
  -1.87515645e-01 -8.34375054e-01 -5.85595776e-03 -8.82933321e-01
  -4.02210366e-01  1.01375480e-01 -2.02990878e-01 -9.29589026e-01
  -1.17785496e-02 -4.48876661e-01  3.79011098e-01  8.39897744e-01
   9.32316251e-01  4.20239962e-01  3.95487334e-01 -9.09486492e-01
  -6.92773632e-01 -8.50351124e-01 -6.09100672e-01  5.57082205e-01
  -7.67905762e-01  9.66992903e-01  6.50672747e-01 -8.30050365e-01
   5.85507725e-01 -9.32380622e-01  6.97531156e-01 -7.50211771e-01
  -4.94629251e-01 -4.18355377e-01  1.99912063e-01 -5.16851840e-01
  -5.80096445e-01  1.67603048e-01 -3.45525487e-01  5.91977659e-01
  -2.52207990e-01  3.82740058e-01  6.20113091e-01 -5.36581369e-01
   8.67666557e-01 -9.60405801e-01 -5.82447296e-01 -2.93912748e-01
  -8.01935231e-01 -2.64626935e-01  2.24945944e-02 -9.69778129e-01
  -1.69376829e-01  3.79085731e-01 -7.69809661e-01 -4.75466846e-01
   2.25239073e-01  4.04857101e-01  4.74864069e-01  5.79413138e-01
   2.70653486e-01  7.54132287e-01 -2.93133817e-02  9.16414408e-01
  -7.48690541e-01  1.79858517e-01  5.99503675e-01 -5.20138620e-01
   6.72643844e-01 -5.69486145e-01  5.19667074e-01 -9.98624820e-01
   9.37577208e-01 -4.85081699e-01  1.66335421e-01  8.48018069e-01
  -5.08500011e-01 -9.73765052e-01 -1.15672833e-02  9.41573405e-01
  -2.88715996e-01 -5.37465331e-01  3.31662531e-01 -3.26879554e-01
  -7.24515053e-01  6.92033040e-01  9.63186665e-01  6.48925890e-01
  -4.42224321e-01  2.12470383e-01  6.12428944e-01 -6.43077774e-01
   7.29858321e-01  3.96905447e-01  5.18308963e-01  4.27023417e-02
  -4.93667591e-01  9.06952625e-01  5.77110412e-01  2.46260376e-01
  -8.27566467e-01 -4.85699588e-01 -6.58451388e-01  8.84580520e-02
  -7.12757852e-01  3.85617149e-02 -5.26041664e-01  5.63488825e-01
  -3.79211405e-01 -2.66241287e-01 -2.91656152e-01  6.03692534e-01
  -1.55919398e-01  4.10213772e-01  2.29823758e-01  6.47935302e-01
  -6.01893599e-01  3.31678241e-01 -8.86624398e-01  1.75346594e-01
   1.72038833e-01 -4.85883830e-01  6.67783388e-01 -2.02944047e-01
  -7.59751050e-01 -5.39672901e-01 -6.22386861e-02  6.75910203e-01
  -3.15667630e-01 -5.08629456e-01 -2.64351318e-01 -1.87490478e-01
  -7.98631461e-01 -6.04747242e-01  8.78813773e-01  7.00879466e-01
   7.08947567e-01 -9.17847356e-01  1.10809831e-01  1.01948754e-01
   9.79169783e-01 -3.57230086e-01 -9.72731740e-03  5.01780274e-02
  -1.66567545e-01 -5.37347606e-01 -2.92337877e-01 -6.86428131e-01
  -6.58626610e-01 -3.87300902e-01  6.30051811e-02 -7.88261399e-01
   2.72009252e-02 -2.21361869e-03  8.23918084e-01  7.05050358e-03
  -6.42958925e-01 -5.38806082e-01  3.43603213e-01 -6.98613141e-01
   5.07949605e-01 -6.00385169e-01 -2.77059623e-02  3.13724755e-01
   2.17123298e-01  2.54358477e-01]
 [-8.31240056e-02 -9.78019264e-01  4.51723256e-01 -7.71977171e-01
  -4.91994059e-01 -9.29261711e-01 -7.10776458e-01 -7.72454520e-01
  -3.70013268e-02  1.09047764e-01  2.42654783e-01 -9.40280305e-01
   8.15646625e-01  2.00347072e-02 -5.12476539e-01 -8.58725394e-01
   5.44311436e-01  1.04517680e-01  4.21504417e-01 -3.57079461e-01
  -6.15210115e-01 -2.60979635e-01 -9.35504779e-01  4.52631530e-01
   5.60647709e-01 -8.48863752e-01  2.73504449e-01  4.07917630e-01
   7.79916749e-01  2.73057745e-01  4.65688899e-01  3.22704295e-01
   5.14520516e-01 -5.87121681e-01 -1.66731902e-01  1.30444921e-01
   2.32400130e-01  2.08657131e-01 -9.55836283e-01 -4.38553866e-01
   3.61135614e-01  5.62205579e-01 -1.12639591e-01  7.90927997e-01
   5.98302129e-02 -8.65150448e-01  2.17376003e-01 -9.65319377e-01
  -9.30404129e-01 -5.45913102e-01  4.88454191e-01 -9.11717822e-02
  -7.98626310e-01 -7.96603597e-02  9.15981723e-01  2.30958885e-01
   9.34136086e-01 -6.31673166e-01  6.11306081e-01 -9.23708550e-01
  -9.06100186e-01 -9.74376517e-01 -9.24336848e-01  3.29825656e-02
   4.62481181e-01  4.35808427e-01 -8.25067049e-01 -8.52573326e-01
  -2.47051378e-01 -6.56088813e-01  9.28062621e-01  3.52048610e-02
  -7.43798349e-01  1.11160812e-01  8.13807122e-01  8.46498676e-01
   1.28483677e-01 -8.29411258e-01 -7.01888050e-01 -2.57693680e-01
  -8.70942464e-02 -2.66469829e-01  4.79484470e-01  6.19658031e-01
   7.16070863e-01 -5.21908134e-03 -9.61369969e-02 -4.08266457e-01
  -1.22636826e-01  9.00889114e-01  6.57932827e-01 -6.98564562e-01
   3.37095140e-01 -7.81792994e-01 -8.03213966e-01 -1.93576855e-01
   1.40475857e-01  1.01427083e-02 -4.62181509e-01 -9.76290854e-01
   7.40450258e-01 -3.49310854e-01  7.43521003e-01 -5.49802960e-01
   8.82112694e-01 -6.65115496e-01  4.04507628e-01 -1.08017506e-01
   1.33671821e-01 -6.84888566e-01  8.65804072e-01 -2.83327829e-01
  -5.37490786e-02 -8.39680105e-01 -9.33589962e-01 -7.82386407e-01
  -8.83497337e-01 -9.29600279e-01 -7.30574252e-01  8.01711308e-01
  -3.76257840e-01 -7.71815705e-01  9.52077409e-02 -1.59570372e-01
  -5.95179162e-01  5.56972150e-01  2.87737795e-01 -3.69539880e-01
   3.22935572e-01 -1.99508289e-02 -6.46890451e-01  3.50630161e-01
   5.60677139e-01  2.47165255e-01 -6.56082572e-01  6.70576580e-01
  -6.50188411e-01 -8.37306409e-01  4.59501143e-01 -5.83462873e-01
   2.86443813e-01 -3.00734775e-01 -2.73037902e-01 -9.67761529e-01
  -5.52522213e-01 -1.89369915e-01  2.85014977e-02 -9.25225417e-01
  -9.50530302e-01  6.53164972e-01 -4.91998503e-01 -8.03030133e-01
   7.41644488e-02  3.34754461e-01  2.35309893e-02  3.28799934e-01
  -4.74291252e-01 -4.67646277e-01 -9.98483919e-01  1.31222993e-02
  -7.82115935e-01  6.77586851e-01 -3.37745357e-01 -1.80512109e-01
   9.53215990e-01  7.20060417e-01  5.81133946e-01  1.42415561e-01
   3.23500093e-01  1.21494675e-02 -9.25537970e-01 -9.86372925e-01
  -4.45773262e-01 -7.97320100e-02 -6.91308869e-01  3.87015487e-01
   7.50853262e-01  3.90920976e-01 -9.06509797e-01  6.12645658e-01
   1.80569022e-01  8.75902369e-01  1.21411575e-01  5.77708074e-02
   1.57975445e-01 -7.23676708e-01  6.01728745e-01 -9.14479263e-01
   9.32878797e-01  2.67341833e-01 -8.67719012e-01  7.83927827e-01
   9.28322294e-01 -6.39928462e-01 -2.34236114e-01  9.85372451e-01
   6.90933105e-01  7.87082925e-01  9.71195959e-01 -2.23968245e-01
   6.45926737e-01  6.30384800e-01 -1.71030811e-01  7.51852975e-01
  -1.20511791e-01 -8.96396981e-02  7.33064644e-01  1.02927846e-01
   8.83465029e-01 -3.82984080e-01  5.57477945e-01 -6.41846808e-01
   2.35497620e-01 -2.05832918e-01  6.73488579e-01  7.49748417e-01
   2.85472970e-01 -6.64078113e-01 -4.55962200e-01 -5.67597028e-01
   4.13449464e-01 -1.13037023e-02 -8.67556698e-01  1.78677606e-01
  -6.79887909e-01  3.73571965e-01  1.21376265e-01  9.86307486e-01
   1.82572069e-01  8.59251820e-01  5.52496576e-01 -1.32486336e-01
   8.07710342e-01  5.16907617e-01  5.42781108e-01 -2.23230631e-01
   2.37820904e-01 -5.18790954e-01  7.70402330e-03 -4.95708473e-01
  -9.90420813e-01 -6.18977403e-01  9.93126364e-01 -6.33675820e-01
  -9.96336446e-02 -9.68718154e-02  2.26861204e-01  2.84102084e-01
   4.95126407e-02  8.73080982e-01]
 [ 9.49709914e-01  8.41916864e-01  7.40862092e-01 -6.61583976e-01
  -5.93182833e-02 -9.48442515e-01  9.98136740e-01 -9.59107654e-01
   1.06085943e-01 -6.43144417e-01  2.99074124e-01 -6.51524358e-01
  -9.84890494e-01 -2.37664556e-01  2.68375103e-01 -4.65376920e-01
  -8.68852745e-01 -8.32502549e-01 -8.49846885e-01 -7.03513864e-01
   7.44661086e-01 -7.93403159e-01 -8.35380794e-01  6.13810942e-02
   6.49129078e-01  6.63683090e-01  1.54585731e-01  2.20924325e-01
   5.64697045e-01  5.33821657e-01  8.10966127e-01 -8.19148981e-01
  -9.50288352e-01 -2.85355042e-01  7.56477383e-01  7.94497099e-01
   3.66430289e-01 -5.26692286e-01  6.23479127e-01  6.06800185e-02
   7.49987914e-02  8.03791813e-01  8.79890355e-01 -7.23537268e-02
  -4.58575208e-01 -7.20504396e-01 -8.44658318e-02  8.95925000e-01
   7.40872113e-01 -5.87475442e-03  6.80832092e-02  2.80226711e-01
  -7.91895972e-01 -8.60522924e-01 -3.10505660e-01  2.07143455e-02
  -7.63931421e-01 -3.47393540e-01 -8.27034139e-01  2.81106164e-01
  -5.77513704e-02  2.73095688e-01 -5.43999326e-01  9.00811457e-01
  -9.01733527e-01  5.61105963e-01  8.94862256e-01 -5.48468452e-01
  -9.90644345e-01 -7.18312049e-01  3.43712126e-01 -2.46721947e-01
   9.93415161e-01  9.45413194e-01 -6.50414203e-01 -5.55632687e-01
   9.16992366e-01  4.98173373e-01 -9.23794187e-01 -3.11367930e-01
  -2.77086538e-01  3.35729591e-02  2.52530026e-01 -5.77576207e-01
  -6.96707221e-01 -2.39386998e-01  7.16878416e-01 -7.90125938e-01
  -6.17195361e-01  9.36158915e-01 -1.17724745e-01  7.83803044e-01
   5.03713670e-02  2.38253943e-01  6.61320716e-01 -5.84776660e-01
   7.60188353e-01  4.15670577e-01 -1.61824566e-01 -8.58936321e-01
  -8.18939755e-01 -9.17545438e-01  8.31053061e-01  4.25034428e-01
   8.72766615e-01 -1.16350043e-01  9.75364694e-01 -8.50145115e-01
   1.52107997e-01  4.75977319e-03 -3.34220133e-01  9.31501943e-01
  -4.88994974e-01  4.88866725e-01  7.24173763e-01  4.40728156e-02
  -1.03843872e-01 -3.04569744e-01  8.39156282e-01  6.77963128e-01
  -8.30691943e-01 -6.37205010e-01  7.35393885e-01  3.13368312e-01
  -6.85831675e-01  7.22215756e-02 -5.99245412e-02 -8.45665679e-01
   2.52280385e-01  7.22465354e-01 -1.53296855e-01 -2.00774094e-02
   4.18624350e-01  9.04874764e-01  7.48219100e-01 -1.28077054e-01
  -8.36042114e-01 -1.51878324e-01 -8.07356278e-01  6.27784405e-01
   1.11009944e-01 -5.10350158e-01 -3.48984176e-01  7.51847880e-01
   5.58944005e-01 -2.63054006e-01 -4.38231312e-01 -1.71745160e-01
   8.39210401e-01 -9.37764631e-01  1.42794734e-01 -2.90743950e-01
   6.82822458e-02  4.90722616e-01  9.22819768e-01 -9.26462788e-01
   5.97670586e-02  1.79346081e-01  4.15673174e-01 -4.53364948e-01
  -4.93867701e-01  6.54595029e-01 -6.36481161e-01  4.35833317e-02
   9.42177988e-01  9.37916949e-01 -1.53788097e-01  4.57648938e-01
  -9.11755515e-01 -3.25135067e-01 -1.72950866e-01  7.54263049e-01
   5.59978790e-01  3.05437768e-01  5.36606311e-02 -8.30717829e-02
  -3.14728730e-01 -7.72895360e-02 -5.82153487e-02  9.83772401e-01
  -1.43789401e-01 -5.95635442e-03 -4.81816424e-01  5.76050284e-01
   6.26695430e-01 -7.87767201e-01  1.69773954e-01 -4.36276860e-01
   1.24628210e-01  5.40297809e-01 -2.25189322e-01 -4.64122970e-01
  -1.56052009e-01 -6.70599630e-01 -4.52747726e-01 -1.72334522e-01
  -2.32224011e-01  5.48657395e-01  2.70702199e-01  4.61672385e-01
   2.04861992e-01 -4.01508709e-01 -3.34513639e-01  5.65641374e-01
  -9.46048138e-01 -6.58746088e-02 -3.58362951e-01 -9.45596719e-01
   1.95838624e-01 -6.87927209e-01 -5.98040450e-01  9.35853740e-01
  -6.90409893e-01  7.01247614e-01  9.46180759e-01  4.96123250e-01
  -6.52637355e-01 -5.84687575e-01 -1.86956677e-01  8.17789919e-01
   3.71338424e-01 -6.51782432e-02 -5.94327043e-01 -5.88450213e-01
   5.06194988e-01  8.38492879e-01  3.09412323e-02 -2.12135562e-01
  -1.25809428e-01 -7.47554805e-01 -4.14375615e-01  5.11596369e-01
  -6.55672992e-01  9.82505718e-01 -1.22542130e-01 -3.37563248e-01
   1.61029918e-01 -9.80360590e-01 -1.33117018e-01  1.30492487e-02
   9.71695171e-01  7.58598251e-01  1.89911189e-01 -9.62234676e-01
  -3.88387582e-01 -9.82703996e-01  2.90939574e-01  4.35871164e-01
  -1.82349570e-02 -9.68915281e-01]
 [ 4.04591206e-03 -7.30304816e-02 -6.94406747e-01 -2.52121692e-02
  -5.03667294e-01 -2.75053798e-01 -2.37357058e-01  1.41790960e-01
  -1.65385795e-01  6.40079691e-01 -3.33439725e-01  4.44756212e-02
  -4.43532278e-01  5.96858803e-01 -2.39577747e-01  1.47166557e-02
  -2.06604308e-01  6.30705898e-01  8.66262489e-01 -7.34412143e-01
   9.39338071e-01  6.10580088e-01  5.56115871e-01  2.53753073e-01
   3.90411248e-01 -3.44319978e-01  4.17703758e-01  4.09467306e-01
   2.57719594e-01  6.42865902e-01  7.84877343e-02  6.77604021e-01
   2.72117021e-01 -9.81614656e-01  6.90495139e-02  5.28912254e-01
   6.42930336e-01  1.39014909e-01  9.71328817e-01  3.41993976e-01
   9.45956781e-02 -3.89255042e-01  6.62992064e-01 -8.96999380e-01
  -3.90568272e-01 -7.67277014e-01  2.38865387e-01  8.53187600e-01
   8.94523606e-01 -4.14774691e-01 -5.85662055e-01 -9.44027459e-01
   9.28495355e-01  5.96357364e-01 -1.64403547e-01  7.37651256e-01
  -9.07951143e-01  7.23608390e-02 -3.54399588e-01  3.88170819e-01
   2.89580903e-01  4.62852290e-01 -6.43459309e-01 -4.34757144e-01
   5.04993138e-01 -5.90927864e-01  6.95630207e-01 -6.80908825e-01
  -9.60342917e-01 -1.80823867e-01  3.59463586e-01 -3.40793387e-01
   6.67290547e-01  1.54032467e-01  5.83966388e-01  6.56822085e-01
  -3.27030113e-01  9.12126651e-01  1.90439340e-01 -2.63717770e-01
  -2.62402187e-01 -9.03703754e-01  7.69750864e-01  1.50272668e-01
   4.30094820e-01 -8.32345423e-01 -4.82236645e-01 -6.30648500e-01
  -9.08422197e-01 -9.45074866e-01  4.81578760e-01 -4.60976275e-01
   6.26332828e-01 -7.81903233e-01 -6.03740121e-01  8.73313716e-01
   8.81273069e-01 -2.36444463e-01  8.46374029e-01 -8.77240582e-01
   9.67596746e-01  7.63525341e-01  9.30572353e-02 -5.33262661e-01
  -9.23546582e-01 -5.99751669e-01 -5.20929758e-01  2.87982474e-01
  -8.43039101e-01 -5.92794207e-01  6.29979168e-01  5.77084958e-01
   1.21887681e-01 -6.28129651e-01 -7.72756544e-01  3.57365180e-01
  -2.25087573e-02  2.95174268e-01  3.68968113e-01 -8.69951318e-01
   5.97275887e-01 -5.41436309e-01 -8.73165191e-01  1.37341978e-01
   9.99221227e-01 -1.34230202e-01  7.86784613e-01  9.06456620e-01
   4.21851474e-01 -3.07201733e-01 -8.35431001e-01 -9.71649723e-01
  -8.26340439e-01  2.48953950e-01 -4.96473689e-01 -4.89997905e-01
  -4.13881456e-01 -6.33518118e-01 -1.53450545e-01 -2.39334576e-01
  -9.05962708e-01  8.73556767e-03  8.95086018e-01  5.46728547e-01
   5.47162450e-01 -6.25792832e-01 -8.84678211e-01  7.42839101e-01
  -5.78756297e-01 -2.62440523e-01 -6.89277531e-01 -5.79988984e-01
   9.94024826e-01 -3.68887731e-01 -6.49797023e-01 -6.58109778e-01
  -7.85517007e-01 -6.16587278e-01  7.99061806e-01 -4.98443325e-01
  -7.31035156e-01 -3.66534654e-01 -1.65589151e-01 -7.10809747e-01
  -2.58604883e-01  5.68462081e-01  3.00740602e-02 -9.85165510e-01
   5.04249659e-02  6.43452746e-01  6.16574285e-01  3.54022550e-01
   3.60746092e-01 -2.99321599e-01  2.34280769e-01  4.99906653e-01
  -4.99388142e-01  7.18821415e-01  5.79998031e-01  7.66125085e-01
   8.73602102e-01 -7.65007468e-01 -1.85514826e-01  4.46271129e-01
  -4.83752551e-02  7.98842101e-01  5.64277448e-02  1.44849482e-01
   8.59662006e-01 -1.70349974e-01 -6.45327207e-01 -6.10660325e-01
  -9.56976512e-01 -8.07265170e-01 -7.30245380e-01  3.25552113e-01
   7.10090262e-01 -6.45725433e-01 -1.25916982e-01  6.76123692e-01
  -6.10257771e-01 -4.92554186e-01 -4.92630366e-02 -9.80352714e-01
   8.88461748e-01 -7.90511677e-01  1.37210317e-01  6.05621886e-02
  -5.72809465e-01 -2.48420386e-01  6.53840055e-01  4.83174160e-01
   8.15783872e-01 -1.13034202e-02  7.71214053e-01  4.20730744e-01
   4.41293453e-01 -6.68763691e-01  1.20927766e-01 -4.15894370e-01
   3.08170305e-01  1.30819229e-01 -3.44941215e-01 -2.41411541e-01
   5.99490977e-01  7.75883575e-01 -7.28437955e-01 -9.83811750e-01
   9.83414571e-01 -1.78138282e-01 -5.00761698e-02 -8.31142756e-01
   8.13980538e-01  9.98813165e-01 -3.58925554e-01  9.73945235e-01
  -4.42264935e-01  9.57373533e-01 -6.32767823e-01  1.70973626e-03
   6.98269158e-01  1.00342950e-01 -6.61037776e-01 -1.40065670e-03
   6.48411574e-01  8.26433375e-01  8.58349989e-01  6.80236329e-01
   3.32108135e-01 -3.45976563e-01]
 [ 4.62944078e-01  4.92491498e-02  9.22589901e-01 -9.62835906e-01
  -2.53791675e-01  5.54409875e-01 -4.83037504e-01  5.78925290e-01
   8.14938350e-01 -6.59647960e-01  5.38674552e-01  8.94055313e-01
  -6.98971796e-01  3.13739536e-01 -2.48567289e-01  7.95953004e-01
   4.49592494e-01  7.30547396e-01 -2.20379073e-01 -9.58299544e-01
  -3.75524652e-01  2.41538122e-01  6.14368087e-01  9.91094294e-01
  -4.74367390e-01 -5.40030198e-01  6.38705767e-01  2.98224573e-01
  -2.06059154e-01 -6.18451561e-01  9.85152937e-01 -7.43959052e-01
  -2.68172960e-01  3.47064289e-01  3.13759366e-01  3.13104282e-01
  -4.08728158e-01 -1.75913371e-01  2.05645052e-01  7.23995391e-01
  -4.02433505e-01 -6.50073477e-01  3.73383413e-01 -6.55078244e-01
   8.30816332e-01 -8.88465214e-01 -1.73787868e-01  2.24180649e-01
  -9.34569089e-01  2.19755372e-01 -8.74217940e-02  3.22803722e-01
  -6.75382361e-01  1.58497189e-01 -4.50566507e-01 -5.62563718e-01
   2.26221524e-01  4.52501313e-01  8.62357034e-01  5.77703604e-01
   5.02904621e-01  5.22414167e-01 -1.30136322e-01  2.10574544e-01
  -5.71837940e-01  6.81562023e-01  9.17925460e-01 -4.32853169e-01
  -4.80616711e-02 -2.94225511e-01 -2.54356257e-01  6.79046663e-01
  -8.73946544e-01 -8.22850109e-01  3.83529781e-01 -5.82184359e-01
  -7.02418030e-01  5.96991579e-01  5.78850029e-01  1.59914026e-01
   7.37691600e-02 -3.70615157e-01  1.39257139e-01  2.66904108e-02
  -9.45965102e-01  6.30662734e-01  4.29037255e-01 -6.81797425e-02
   3.67686410e-01  5.79287549e-01 -6.92544397e-01 -8.16100895e-02
   6.48171315e-01  4.51406214e-01  4.59301287e-01 -3.21920334e-01
   4.40169515e-01 -3.30438009e-01 -7.35568604e-01  4.37969611e-01
  -9.41952077e-01 -3.70638736e-02  6.98654245e-01 -6.67834017e-01
  -7.71290602e-01 -5.68267650e-01 -8.88318872e-01  5.97137553e-01
   4.75656347e-01  9.26679683e-01  4.33326072e-01  5.15303447e-01
   3.50430033e-01  9.37656481e-01 -8.30567721e-01 -7.36585851e-01
   7.67079778e-01  4.99612473e-01  1.07333630e-01 -3.52548407e-01
   9.50179718e-01  1.66349956e-01 -1.60276061e-01 -5.79828239e-02
  -1.45504545e-01 -3.49274864e-01 -8.02054243e-01 -1.63039167e-01
   1.86620189e-02 -1.85115356e-01 -6.63171489e-01 -2.00793034e-01
   8.11689037e-01  2.36545274e-01 -1.61200701e-01 -3.09767180e-01
   9.62704415e-01 -1.35516705e-01 -7.20114446e-01  9.88343014e-01
  -3.87968250e-01 -5.67679168e-01 -3.46246648e-01  7.86008390e-01
   6.41643681e-02 -9.27439750e-01  5.65526203e-01  4.10724522e-01
  -1.72872162e-01  1.18329514e-01 -2.38507892e-01 -8.24901266e-01
   6.88421904e-01 -7.95953051e-01 -4.90509978e-01 -8.32583132e-01
  -3.48692052e-01  5.68435378e-01 -6.51157245e-01  4.71586421e-01
  -9.52427146e-01  5.74446078e-01  5.86528793e-01  4.34314784e-01
   2.44431630e-01  8.95583242e-01  3.33435915e-01 -5.37676981e-01
  -8.58913710e-01  4.86783720e-01 -3.40815565e-01  2.34934044e-01
   7.91408739e-01 -9.09670935e-01 -9.01265574e-01  2.82136378e-01
   5.12875424e-01 -6.07917433e-01  9.66244377e-01  6.41643459e-01
  -4.52082825e-01 -6.56881045e-01 -1.67692713e-01  5.96250411e-01
  -9.89326332e-01  9.03016481e-01 -4.01483015e-01  9.10915972e-01
  -3.49292898e-01 -1.18720514e-01  8.28057557e-01 -8.11195380e-01
   4.12592541e-01  3.85741058e-01 -4.60887584e-01 -5.99695288e-01
  -5.70171776e-02 -1.13092259e-01 -1.86023736e-01 -3.76060806e-01
  -5.09949647e-01 -7.34864677e-01 -6.27776752e-01 -8.27062682e-01
  -7.43606918e-01 -7.53195282e-01 -3.99208704e-01 -5.72326562e-01
  -6.05263690e-01  9.98646114e-01  2.40374895e-03 -8.89425745e-01
  -5.22856016e-01  9.02838641e-01 -6.50833436e-01  3.88653588e-01
   3.08138559e-01 -8.48813025e-01  5.98968918e-01 -8.35602014e-01
   5.99634362e-01 -4.72423607e-01  1.97471939e-01 -3.34765940e-01
  -8.49963088e-01 -4.79187105e-02 -3.29697797e-01  8.28696053e-01
  -5.69758093e-01 -6.81955823e-01 -8.26329954e-02  1.89564978e-01
   7.67207078e-01 -9.85021677e-01  1.06879351e-02 -3.96051634e-01
   3.70178857e-02 -9.41419637e-01  6.62947925e-01  4.56160266e-01
   5.65899234e-01 -6.38254906e-01 -5.24637675e-01 -5.73803604e-03
   6.84631436e-01  5.61804415e-01 -3.43661163e-01  4.87144510e-01
  -1.57099141e-01  9.05732961e-01]
 [-8.62890408e-01 -5.54386786e-01  6.61652306e-01 -4.18600501e-01
  -2.83751062e-01  3.99822295e-01  6.73838740e-01 -1.64469440e-01
  -7.43516568e-02  5.49571268e-01 -3.48551437e-01  7.32884988e-01
   7.70920417e-01  8.42043535e-01  9.79817550e-02  9.92775883e-01
  -6.93858034e-01  8.60096242e-01 -3.09838835e-02 -8.31127033e-01
   6.16899847e-01 -9.92597273e-01 -3.53544056e-01 -7.70169019e-01
  -6.99192028e-01 -8.39309329e-01  2.49787030e-01 -9.39798497e-02
  -2.88370282e-01  2.42377892e-01  7.10931061e-01 -2.71607930e-01
   4.82765834e-01  3.61021295e-01  7.22868687e-01 -9.66505213e-02
  -2.07944372e-01  1.71086083e-01  1.17747110e-01 -6.95469861e-01
   8.48085231e-01 -2.58104993e-01  1.00961304e-01 -3.14010606e-01
  -2.92726625e-01 -1.48443474e-01  5.03731129e-01 -2.06548255e-01
  -9.09794111e-01 -4.90966866e-01 -3.73357271e-01 -7.12739323e-01
  -9.22183324e-01  4.13354458e-01  5.60672473e-01 -2.04620312e-01
  -8.29200877e-01  9.17410937e-01 -5.19790850e-01 -5.31049346e-01
   8.62857331e-01 -4.43940954e-01  4.82872938e-01 -4.48334985e-01
  -4.16363345e-01 -4.22646250e-01 -8.59900826e-01  7.72967170e-01
   3.65427811e-01 -3.58924891e-01 -6.39556349e-01 -5.57919980e-01
   7.82798650e-01  5.76792338e-01 -3.98364560e-01  6.21283552e-01
   9.06968435e-01  7.33940666e-01  8.62916223e-01 -8.12274284e-01
  -7.82928294e-01 -1.55967490e-01  1.95048986e-02 -8.77104801e-01
   4.08463591e-01 -4.01786385e-01  3.12987027e-01 -9.90919838e-01
  -4.70286950e-01 -6.85367991e-01 -4.56788906e-01 -4.16549879e-02
   5.38319069e-01 -7.64471992e-01 -4.56793796e-02  6.41218350e-03
  -4.01648371e-01  1.31243551e-01  2.73393454e-01  1.64378646e-01
  -2.97845612e-01 -7.49858564e-02 -8.46925824e-01  2.77588086e-01
  -3.34458766e-01 -3.81619682e-01  2.55299393e-01 -4.33462610e-01
   1.22890546e-01 -2.32059292e-01  2.29909052e-01  6.65679199e-01
  -6.74019147e-01  4.19909812e-01 -8.63819325e-01 -9.64025367e-01
  -6.93665151e-01  4.64437400e-01  7.27928426e-01 -5.59295462e-01
  -9.49761371e-01  9.04146090e-01 -9.89344601e-02  6.24498819e-01
   4.26771671e-01 -8.61391732e-01  5.10950360e-01  5.02314711e-01
  -6.14785537e-01 -2.85850084e-01 -7.53190676e-01 -7.39645668e-02
   4.63650394e-02  7.52550194e-01 -3.04580071e-01  2.41687732e-01
   6.25260296e-01  7.53372263e-01  4.21452865e-01 -6.47081469e-01
  -9.03282318e-01  6.64280380e-01  8.31102143e-02 -5.44045106e-01
   2.11205780e-01 -3.30653207e-01  4.92051500e-02 -4.79860184e-03
   1.75949344e-01 -3.02532417e-01 -9.27043843e-01  4.53094679e-01
   3.65549423e-01 -9.25852612e-01  6.23795772e-01 -1.29109206e-02
  -1.95604758e-03  4.86151651e-01 -3.10498018e-01 -2.78987378e-01
   5.67990377e-01  5.20707519e-01  9.78287568e-01 -6.79045513e-01
  -1.12359394e-01 -1.26413226e-01  7.92204288e-01  3.73769119e-01
  -5.41984217e-01  6.88326497e-01 -2.00690046e-01  9.29396329e-01
   2.18969408e-01 -3.21527498e-01 -8.73604978e-01  8.35471755e-03
  -9.74571517e-01  5.74416315e-01  5.96191462e-01  7.09011297e-01
   1.31069299e-01  7.46256201e-01  2.04188531e-01 -1.22937261e-01
   9.82935967e-01  2.21023999e-01 -9.78134123e-03 -7.50179315e-01
   1.51276341e-02  7.96080749e-01  7.89393867e-01 -9.73588826e-01
  -3.42737825e-01  3.36461443e-01 -1.08856544e-01  4.76645853e-01
   4.23906339e-01  3.38319901e-01 -4.40050818e-01  4.35325129e-01
  -8.08166124e-01 -1.61913998e-01 -2.43079175e-01 -1.35838156e-01
   7.96995823e-01  6.49689894e-01  9.18077914e-01 -8.91119801e-01
  -5.13605398e-01  4.15742430e-01  7.20820024e-01  8.15668787e-01
   3.73181706e-01  9.92912697e-01  9.94295707e-01  8.02376357e-01
   1.90483387e-01 -4.51783693e-01 -9.64553831e-01 -3.22697689e-01
  -1.20829247e-01  4.28517671e-02 -5.75106055e-01 -5.08743665e-01
   7.29522940e-01 -4.15574832e-01  1.38232508e-01 -9.36690252e-01
  -7.12523843e-01 -9.59758579e-01  7.99945389e-01  4.50385500e-01
   8.91483863e-02  1.41038803e-01 -4.49850092e-01  2.77229373e-01
   3.72775780e-01 -4.41201047e-01  6.65236446e-01  1.91431241e-01
  -9.99733887e-01  8.32882086e-01  4.58627606e-01  1.37000629e-01
   3.40962284e-01  3.90498472e-01  2.73007882e-02  2.42462630e-01
  -2.74987788e-02 -3.60022326e-01]]