[[-1.81507700e-02 -4.60790448e-02  4.42455656e-02  9.08164445e-02
  -3.99507678e-02 -7.87513046e-02 -3.15727248e-02  3.33634078e-02
  -7.32742611e-03  5.32863686e-02  2.06610475e-02  6.37313092e-02
   5.81164190e-02 -9.97768371e-02 -5.21508307e-02  9.40552100e-02
  -3.74917140e-02  9.44701738e-02 -5.43056382e-02  4.48083968e-02
   8.68064630e-02  2.72805623e-02  7.58579206e-04 -6.87166931e-02
  -8.86002086e-02  7.50551007e-02 -5.90862949e-03 -2.27426660e-02
   9.38305923e-02 -9.09898181e-02  5.35657893e-02  7.74224717e-02
  -1.02018868e-01  6.69620520e-02  6.03770009e-02  8.13462800e-02
   3.34647489e-02 -4.75166275e-02 -4.02240177e-02  1.01006890e-01
   7.10946179e-02  1.64075400e-02 -4.88727968e-02  3.95559108e-02
  -2.41493281e-02 -7.28709428e-02  2.72271860e-02 -1.01616341e-02
  -9.78340731e-02 -2.77401271e-02  8.27556805e-02  9.68835718e-02
  -1.01930641e-01  7.21250539e-02  4.95943438e-02 -1.00475300e-01
   4.64274399e-02  2.30591953e-02 -3.59744513e-02 -4.79554293e-02
   4.06526838e-02  3.68865510e-02 -7.70927727e-02  8.13194217e-02
   7.69971020e-02  4.90807870e-02 -7.53167861e-02 -1.55152323e-02
  -5.84966639e-02 -9.47343687e-03  5.58263744e-02  9.29092922e-02
   3.65479880e-02 -6.84446048e-02  9.63865437e-02 -1.07067266e-01
  -1.07444885e-02 -7.59948049e-02  6.08207998e-02  7.93277152e-02
  -7.05965886e-02 -1.58961523e-02 -6.48364868e-02  3.45712407e-02
   4.59283655e-02 -2.76537747e-03 -5.83271764e-02 -2.23541694e-02
   1.17881446e-02 -6.33901623e-02 -1.98488339e-02 -6.58624132e-02
  -8.74897336e-02  5.83868225e-02  3.85126665e-02 -5.33776783e-02
  -3.75383636e-02  8.06778117e-02  5.12670139e-03 -3.38985647e-02
  -9.82259989e-02  1.04032916e-01 -1.49967359e-03  1.08836143e-01
   6.13877927e-02 -4.98527101e-02 -7.54621632e-02  4.72122607e-02
   7.82603744e-02 -2.53056779e-02 -3.89645687e-02 -2.91374779e-03
   1.02474293e-01  5.89012800e-02 -1.70859214e-02  9.46171653e-02
  -9.67127858e-02  2.13266882e-02 -8.66395001e-02  8.45792888e-02
   4.86466806e-02  1.40984468e-02 -7.83186831e-02  7.92382733e-02
   8.00107980e-02 -8.24804816e-02 -9.82403118e-03  9.87240852e-02
  -4.20000038e-02 -5.56554112e-02 -5.58264800e-02  6.16786638e-02
  -7.91550568e-02 -8.71204202e-02  2.84473101e-03 -2.67954540e-02
  -2.59677701e-02  2.24870559e-02 -5.51295171e-02 -2.04049474e-02
   1.01486109e-01 -2.03828962e-02 -6.02790441e-02  6.80988953e-02
  -6.91479149e-02  2.86175490e-02  2.16641879e-02  5.92042659e-02
   1.02119237e-01 -4.58482709e-02  7.05004346e-02 -7.04834556e-02
   3.00273339e-03 -2.31339384e-02 -1.06966054e-01  6.73965397e-02
  -7.92022254e-02  1.04905119e-01 -8.51604225e-03  7.52806305e-02
  -7.33178044e-02 -9.63998654e-02 -6.16351313e-03 -7.85727284e-02
   2.90569526e-02  1.07769152e-01  9.99282514e-02  1.39373264e-02
  -3.00584474e-02  1.00149972e-01  2.16559757e-03  2.33161488e-03
   3.05163236e-02 -9.11513749e-02 -2.18892695e-02 -1.05865615e-01
   2.02103738e-02  4.25813726e-02 -8.67879524e-02 -1.30780104e-03
  -1.97799951e-02  9.22308916e-02 -6.37387295e-02 -7.37049140e-02
  -3.90995090e-02 -8.93186356e-02 -9.99736507e-02  9.22593681e-02
   6.66543805e-02  1.82311003e-02 -5.89240151e-02 -9.44303669e-02
   8.06092391e-02 -1.02179515e-01 -4.26384331e-02  5.90021055e-02
   3.39609863e-02 -4.77067118e-02 -5.05632451e-02  1.38289051e-03
   4.44635588e-02  9.31774856e-02  1.75227462e-02 -6.97992447e-02
   1.19869525e-02  4.92767983e-02 -7.71422111e-02  3.64138545e-02
   1.01327470e-02 -6.00726398e-02 -7.50867637e-02  2.94531815e-02
  -1.06063353e-01  3.91011778e-02  3.02333622e-02  2.48955733e-02
  -3.01177629e-03 -3.21252761e-02  6.26827997e-02 -7.99059263e-02
   3.79024408e-02  3.28174821e-02  9.55207526e-02  8.75772357e-02
   7.86522883e-02 -7.79167207e-02  1.91631821e-03  1.09665107e-03
  -1.08035599e-01  5.37821067e-02  6.29253643e-02 -7.69776228e-02
  -1.06168452e-01 -4.60081807e-02  2.22142652e-02 -5.17586767e-02
   1.89844914e-02 -8.54736648e-02  2.60185239e-02 -5.12011152e-02
  -3.44114319e-02  1.05583742e-01 -5.88519609e-02 -3.61823602e-02
  -4.55344410e-02 -4.15656103e-02  9.38875912e-02 -7.13095833e-02
  -2.22152288e-02  4.81075756e-02]
 [-9.84581591e-03 -8.95889094e-04  1.52007243e-02  2.18730409e-02
   8.98574993e-02  3.15524189e-02 -8.27921143e-02 -3.23350556e-02
  -4.52295973e-03 -6.96613693e-02 -8.77141667e-03  2.22177078e-02
   6.75408507e-02  1.07786136e-01 -6.03732990e-02 -1.00447842e-01
   5.24567609e-02  7.59217229e-02 -4.81688275e-02 -2.08191080e-04
   5.52739869e-02  9.47298046e-02  1.86713993e-02 -9.47008876e-03
  -7.18571471e-02  6.93601283e-02  3.99614483e-02 -4.70668542e-03
   4.43067457e-02 -6.40944944e-02 -1.01645796e-01  5.93715402e-02
   1.94453278e-02  8.40306500e-04  8.67965641e-02 -2.14909135e-02
   4.25554060e-02  2.60685630e-02  6.70113346e-03  2.60165085e-02
   1.49695382e-02  9.27914932e-02  9.52423498e-02  6.23435752e-03
   3.80322324e-02 -7.98743867e-03  1.33872153e-02  7.72284933e-02
   2.18799138e-04 -8.69807220e-02  5.15200057e-03  3.90551664e-02
  -6.44985621e-02  2.42525652e-02 -5.27496893e-02  8.05405598e-02
   1.43046347e-02 -1.01606396e-01 -1.67063430e-04 -2.28588442e-02
  -7.35063494e-02 -7.00064628e-02 -6.11880736e-02 -6.48028179e-02
   6.05537193e-02 -6.15949746e-02  3.77634199e-02  9.32608157e-02
   2.97557604e-02  1.44596220e-02  1.02478120e-01 -7.47366552e-02
  -4.93282070e-02 -8.08559650e-02 -8.66962792e-02 -1.55644991e-02
  -5.65880457e-02 -6.92252296e-03 -7.01180749e-02 -1.03573284e-01
  -6.52854150e-02 -8.72296948e-02  5.59423518e-02  5.20463419e-02
   9.81117944e-02 -2.60442623e-02 -3.90216043e-02 -9.36423258e-02
   9.75764949e-02  1.08296281e-01  4.87651603e-02 -1.35251367e-02
   1.59337896e-02  7.28743232e-02  9.98955687e-02  9.77864008e-02
   3.17474142e-02 -3.03021515e-02  4.56024665e-02  6.18285100e-03
  -5.32708255e-02  7.82490913e-02  6.73267498e-02  3.64413272e-02
  -1.00707819e-01 -3.60508371e-03 -1.75590428e-02 -1.06075882e-01
   3.52316454e-03 -6.79112541e-02  1.01576771e-01 -8.28046547e-02
   6.54341056e-02 -9.69753382e-02 -9.69346862e-03 -1.17867526e-02
  -3.67797559e-02  5.04178601e-03 -3.10956399e-02 -3.45785223e-02
  -5.99334509e-02 -4.25428264e-02  8.15579189e-02 -7.39171934e-02
  -1.05709105e-02  2.62353796e-02 -1.00699032e-01 -2.48914799e-02
  -1.41419088e-02 -8.62521178e-02  2.56126013e-02 -9.71213530e-02
  -6.26849569e-02  1.68962884e-02 -9.88662534e-02 -8.67677034e-02
   5.16371345e-02 -7.01548807e-02 -4.09179137e-02  7.10504858e-02
   9.60876619e-02  5.74566477e-03  4.88374945e-02  2.77320432e-02
  -6.96282833e-02  4.26169937e-02 -8.97809180e-02  3.62607940e-02
  -4.85291236e-03  1.99228997e-02  7.94889202e-02 -4.56093269e-02
   6.86220695e-02 -8.31427154e-02  2.40661686e-02  1.38385858e-02
   5.50311213e-02 -1.01288745e-01 -9.42085498e-02  6.58183934e-03
  -4.62190948e-02  4.14629874e-02 -4.04660102e-02 -1.82575486e-02
   7.25631793e-02 -3.75815981e-02  8.99073890e-02 -9.78523834e-02
  -7.09686368e-02  8.66671108e-02 -8.15710206e-02 -8.31535705e-02
   8.82922227e-02  6.87887389e-03  1.01794799e-01  9.64810826e-02
   8.52504732e-02  7.20875795e-02 -7.96951153e-02 -6.57128146e-03
  -8.70675090e-02 -8.22470603e-02  8.40049591e-02 -6.78337787e-02
   1.05734591e-01  8.38335536e-02  6.90278838e-02  8.64649317e-02
  -3.43463507e-02 -4.83426906e-04  2.48659006e-02 -5.35337634e-02
   6.70073734e-02  3.89830821e-02  7.76277470e-02 -7.83674368e-03
  -4.81111611e-02  1.16513876e-02 -4.59324807e-02 -8.59757045e-02
  -3.40944538e-02 -4.93206019e-02  1.44158221e-02 -5.44502930e-02
  -6.41517311e-02  8.28428148e-03 -3.88729345e-02  3.19268463e-03
   7.23543153e-02  1.01137071e-01 -4.60824893e-02  5.65995708e-02
   7.71239084e-02  8.29528476e-02 -1.08945529e-02  6.67704612e-02
   8.67574356e-02  5.21817061e-02 -9.62659886e-02 -3.58072555e-02
   7.00626810e-02 -1.96623278e-02 -1.04532922e-01 -3.21483251e-02
  -7.81388773e-02 -7.79255571e-02 -8.89607821e-02 -5.29154109e-03
   1.01778822e-01 -8.91591177e-02 -5.05008187e-02 -1.03662618e-01
  -3.04214106e-02  5.69030600e-02 -4.13349540e-02 -6.48034800e-02
  -3.22010289e-02 -7.79196950e-02  8.33374082e-02 -3.73946728e-03
  -6.05787603e-02  2.59949549e-02  9.47966405e-02 -9.75078789e-02
   4.63995694e-02 -1.00125387e-01 -2.86190778e-02 -1.03935163e-01
  -3.53368778e-02  1.00826666e-01]
 [ 9.81593516e-02  2.14987706e-02 -1.02375873e-01 -3.55825969e-02
  -6.63066163e-02  4.42303836e-02 -1.05198079e-01 -9.83147996e-02
  -5.10508057e-02 -6.69489169e-02 -6.91286787e-02 -8.15997844e-02
   5.75522820e-02  3.12962431e-02 -8.07464706e-02 -9.97482945e-02
   3.32963120e-02 -3.60526976e-02  2.51234335e-03 -6.26020665e-02
   9.87830867e-02 -9.69545225e-02 -7.88534457e-02 -2.45135407e-02
  -7.23472249e-02 -4.50036122e-04 -2.31224211e-02 -9.86872730e-02
  -2.33782562e-02 -8.34342960e-02 -1.47112501e-02  3.67943397e-02
   6.37173079e-02  6.95016184e-02  6.71823789e-02 -8.99779031e-02
   8.02650331e-02  6.43817891e-02 -4.46572474e-02  9.92325134e-02
   4.73350752e-03  1.16887974e-02 -2.15858051e-02 -3.61627479e-02
  -5.03136530e-02  5.96319683e-04  2.80006235e-02  9.55821883e-03
   5.75057880e-02 -7.56406979e-02  4.17184862e-02 -4.24708671e-02
   5.62380824e-02 -8.10117578e-02  8.62693462e-02 -1.48461854e-02
  -2.60677444e-02  5.29224521e-02  3.44399904e-03 -1.55707947e-02
   7.74979210e-02 -1.34425043e-03  4.59504919e-02  6.52436189e-02
  -7.94612829e-02  8.85149774e-02 -1.00951750e-01 -1.99453504e-02
   9.53062520e-03  1.02533379e-01 -8.56712893e-02  1.10298928e-01
  -5.39009187e-03 -2.84193730e-03 -6.31501278e-02 -1.04531483e-01
   1.77589403e-02  6.74610160e-02  6.24751556e-02 -1.07124358e-01
   1.05145295e-01  6.42904887e-02  5.51875747e-02  3.72694470e-02
   7.86954198e-02  6.08882135e-02  7.35796105e-02 -3.07814815e-02
  -7.75049851e-02  4.51920070e-02 -1.02756035e-01  8.36698861e-02
   8.69534389e-02  2.74421967e-02 -1.00140525e-01 -2.06918416e-02
   4.98773810e-02 -4.12514467e-02  7.36717185e-03  2.03699263e-02
   9.30346585e-02  7.76779774e-02  7.73069180e-02 -5.83087743e-02
   1.45638150e-02  1.25448523e-03  2.63544180e-02 -1.03652681e-01
   3.68157719e-02 -6.95728303e-02  8.76505638e-02  3.72713673e-02
   6.61310663e-02 -4.54173219e-02 -7.05402762e-02 -6.05437755e-02
  -9.81430174e-02 -2.53038773e-02  6.56253824e-02  6.35120014e-02
  -5.48174751e-02  3.28379526e-02 -4.33306926e-02  1.95131144e-02
   5.88631093e-03 -4.47725379e-02  5.98621004e-02  9.45373754e-03
  -2.16793382e-02 -8.49007261e-02 -3.12205925e-02 -1.25638127e-02
  -2.16287163e-02 -5.40918464e-02  9.07862972e-02 -6.95010826e-02
  -7.15942516e-02  2.23470809e-02 -5.82600984e-02  6.60804241e-02
  -9.79774022e-02 -3.22410048e-02  9.31614862e-02 -8.94177315e-02
  -4.45153056e-03  2.61869207e-03 -6.77779996e-04 -2.56361823e-02
   7.18563478e-02 -9.33670839e-02 -8.17551566e-02 -1.32449804e-02
   1.07282495e-01 -2.46961899e-02  9.15357959e-02  8.46805630e-02
   3.95003966e-02  5.46005193e-02  7.98778954e-02 -8.93836697e-02
   6.62729819e-02  2.28666842e-02  6.82054301e-02 -8.84225403e-02
   3.43714134e-02  6.96618859e-02 -7.65455061e-02  1.08972614e-02
  -7.34187343e-02  7.16437698e-02  4.87385578e-02 -2.92557347e-02
  -1.43548290e-03 -1.24958346e-02 -4.15149427e-02 -8.76849710e-02
   8.20151094e-02 -3.17886299e-02 -1.09267886e-01  2.63955721e-02
  -1.90205988e-02  8.34511197e-02  4.60705091e-02  6.65811570e-02
   5.27624921e-02 -1.04063161e-01  8.64138737e-02 -4.42528620e-02
   1.84434128e-04  1.38063543e-02  3.81092790e-03 -4.64169602e-02
  -1.29102587e-02  4.52984722e-02 -1.09686931e-01  4.32003421e-02
   3.65606650e-02  2.60162563e-02 -8.72931496e-02 -9.20562784e-02
   7.21181577e-02 -6.00741715e-02 -7.59842420e-03  8.23354949e-02
   1.04107358e-01  1.01674735e-01 -1.07581559e-01  3.15983791e-02
  -2.58686213e-02  3.52141615e-02  7.66016086e-02  9.28351488e-02
   7.41905312e-02  9.03630206e-02 -1.80795178e-02  2.38538441e-02
  -8.66524755e-02  2.60883836e-02  8.42985032e-02 -1.04524580e-01
   3.78398707e-02  7.84674108e-02 -4.21795779e-02  6.01883245e-02
  -4.64396209e-02  2.16967978e-02 -2.35296221e-02  8.17751512e-02
   1.25822421e-02  9.88361966e-02  3.22836679e-03  7.95792870e-02
   4.10417844e-02  8.53372346e-02 -8.10279482e-04 -8.31099468e-02
  -1.48991533e-02 -1.46500262e-02  3.42532699e-02 -7.09554640e-02
  -9.23793478e-03 -5.95306793e-02 -4.09802258e-02  6.33611855e-02
  -1.59647217e-02  1.41405212e-02 -7.25503079e-02 -5.11949988e-02
  -1.02988760e-01 -1.03794661e-01]
 [-2.50854870e-02 -3.12636635e-02  7.23015129e-02 -1.07984899e-01
  -9.37073293e-02  8.17764367e-02 -1.05028127e-01 -9.05387340e-02
  -1.79305915e-02 -1.37211863e-02 -9.95590979e-03 -3.12440146e-02
   5.81504976e-02 -8.94090749e-02  9.27053060e-02  2.47223359e-02
   1.01898440e-01  5.42798236e-02 -7.34981809e-02 -1.79984460e-02
  -4.82615166e-02 -1.02126512e-01 -2.43300828e-03 -9.88754322e-02
   2.20702771e-02  1.03629855e-01  5.88238108e-03  2.69200482e-02
   7.27921071e-03 -9.29853191e-02 -4.41817362e-02  5.61504872e-03
  -1.02855081e-01 -1.77059342e-02 -2.03501934e-02  9.44198620e-02
   9.12279457e-02  3.90566251e-02  1.90362914e-02 -8.31558700e-03
  -1.04955371e-01 -7.99608092e-02 -2.54719042e-02  1.80128629e-02
  -2.27245621e-02 -2.57249683e-02  8.77574275e-02  1.03921494e-01
  -5.84496941e-02 -3.28056242e-02  1.05987104e-01 -6.60245166e-02
   9.01658402e-02 -1.06954878e-01 -1.00376184e-01  3.13809398e-02
  -9.94457336e-02  8.50359496e-02  1.09316837e-01  3.96321558e-02
   6.48079334e-02  5.81946761e-02 -3.88173672e-02 -1.00443438e-01
   5.03385095e-02 -3.68141178e-02  8.51632335e-02 -1.42087747e-02
   9.51229081e-02  2.33829490e-02 -1.40059300e-02 -5.35219212e-02
   8.31559178e-03  8.74542607e-02  6.93050568e-03 -5.14330863e-02
  -7.95639842e-02 -1.10018944e-01  7.67561875e-02 -7.80104269e-02
   5.51461211e-02 -9.88835684e-02 -8.40188351e-03 -1.48054409e-02
   7.21442879e-02 -5.12361348e-03  4.05308064e-02 -3.39958684e-02
   5.90510677e-02 -4.06670790e-02 -4.37504873e-03 -5.58571361e-03
   5.00327574e-02  4.00957380e-03  9.81528273e-02 -2.54050797e-02
  -5.57257092e-02 -6.58518944e-02 -4.62314664e-02  2.82383550e-02
  -7.81243164e-02 -1.02595728e-01  3.55618623e-02  3.54415173e-02
  -1.06938760e-02  3.38708954e-02 -7.58999782e-03  1.04044806e-01
  -1.25100453e-02  9.86466082e-02  5.36308405e-02 -2.05408611e-02
   4.43937638e-02  4.13156487e-02  1.07403073e-01  7.55785609e-02
  -1.64078471e-02  3.38501712e-02  3.81317811e-02 -4.07525882e-03
   2.61797410e-02 -1.88712912e-02  4.56256956e-02  9.84564889e-02
  -5.78701534e-02  6.29717382e-02 -2.91163969e-02 -1.08334245e-02
  -9.97119903e-02  5.96760873e-02  6.05687727e-02 -9.03005377e-02
  -3.00349208e-02 -2.00096164e-02  5.32789293e-02  4.21159475e-02
   4.51044752e-02 -3.17427595e-02 -5.34332905e-02 -1.28119163e-02
  -6.47159308e-02 -5.86308656e-02  1.28327032e-02 -8.67196765e-02
  -1.97014379e-02  6.15789731e-02 -3.67094873e-03 -6.85991278e-02
   1.03952552e-01 -4.17069154e-02 -6.33463836e-02 -5.38777560e-02
  -2.01369496e-02 -2.65516917e-02  9.71561197e-02 -4.40394972e-03
   4.22130092e-02  9.06272299e-02  2.29989051e-02  8.12037236e-03
  -1.00686640e-02  8.49636941e-02 -1.05927291e-01 -3.21937439e-02
   8.60771440e-02 -3.90896735e-02  2.11475957e-02  7.36002698e-02
  -1.54061868e-03 -6.44318580e-02 -1.36295452e-02 -5.93345545e-02
   5.63068610e-02 -1.47866407e-02  5.50740256e-02  1.25859437e-02
  -8.81288950e-03  2.68858332e-02  1.14562113e-01 -8.70127171e-02
   7.61443542e-03  1.09218510e-02 -9.53992662e-02 -6.61587553e-02
   4.66799278e-02 -7.37982365e-02  1.02224119e-01 -1.11712696e-01
  -2.68422929e-03 -7.96203947e-02  2.43829013e-02  1.10352584e-01
   9.91631859e-02 -1.09879443e-01  7.00364876e-02 -3.81616511e-02
  -9.48615134e-02 -7.57333772e-03  9.08698366e-02 -2.43115350e-02
   4.42587306e-02  8.30005134e-02  9.24296660e-02 -3.68512372e-02
  -3.42950271e-02  1.05663456e-01  2.76480080e-02 -7.36775284e-02
  -6.12979745e-04  1.49095056e-02 -2.83635830e-02 -1.07212294e-01
   2.45945645e-02  5.32680129e-02  5.13322751e-03 -2.18665513e-02
  -4.07028888e-02  6.35139148e-02  5.91041171e-02 -6.68628483e-02
   9.05230510e-02  7.69093886e-02 -9.32934666e-03 -8.49526673e-02
   6.91154794e-02 -2.49287503e-02  4.54730991e-03  8.40399151e-02
   2.00402544e-03  6.28387853e-02  2.78464740e-02 -1.08688558e-02
  -9.30679447e-02 -1.09542061e-01 -2.53704872e-02  7.88575354e-02
  -1.67268538e-02  4.55982032e-02  1.40394413e-02  9.06578983e-02
  -5.51540213e-02 -3.67547464e-02 -6.94755108e-02  8.19747348e-02
   1.02395390e-01 -7.75584673e-02  8.69616432e-02 -8.82566695e-02
   4.87088222e-02 -1.04883379e-01]
 [-6.77947735e-02  5.51683747e-02 -1.44795278e-02  7.31531644e-02
  -3.66533079e-02  3.13409173e-02 -6.27280477e-03 -2.98842625e-02
  -1.68183298e-02 -5.55049544e-02  2.05564889e-02 -8.62926092e-02
  -7.76687470e-02 -1.47650047e-02 -5.30066100e-03  7.81606521e-02
  -9.96246453e-04 -1.02737552e-01  2.15903457e-02  1.04723460e-01
   4.07808971e-02  5.32781699e-02  7.67217318e-02 -4.49455920e-02
  -1.16742956e-01  7.61207283e-02 -3.63604320e-02 -3.80542894e-03
  -7.57548171e-02 -8.52205590e-02  8.53446389e-02  1.66527931e-02
   9.87788258e-02 -9.31180410e-03 -1.08391236e-01  1.10627189e-01
   4.93089874e-03 -8.54283422e-02  2.61315836e-02  1.18779011e-02
  -5.24414358e-02 -8.89542405e-02  6.47284480e-03  8.11202365e-02
  -2.02864559e-02 -5.54467978e-02 -9.80065794e-02  2.09281215e-02
   1.54668587e-04  6.67844848e-02 -7.52321447e-03  5.66355618e-03
  -2.91513767e-02 -4.36074008e-02  5.98358568e-02  4.61881869e-02
  -3.37410126e-02 -2.36648137e-02  1.17040723e-01  4.50564506e-02
  -3.40935135e-02 -5.04575582e-02  4.86389561e-02 -6.94120163e-02
   2.13626762e-02 -7.91463876e-02  6.21891223e-02 -1.43190953e-02
  -7.47002366e-02 -3.14413159e-02  3.52492087e-02 -7.91241648e-02
  -1.83234935e-02  9.48276793e-02 -6.99058462e-02 -4.93640495e-02
   7.68686680e-02  4.57232316e-02  5.47667316e-02  3.31641752e-02
   4.94367576e-03 -4.58114461e-02  5.92314120e-02  1.10253620e-01
   4.51654151e-02  5.69938795e-02  2.18285616e-02 -2.43215510e-02
   9.87242263e-02 -8.27506072e-02  1.02952079e-01  1.08836292e-01
   5.17641737e-02 -7.54845521e-03  6.99821196e-03  5.75004048e-02
  -3.70011486e-02  9.54784439e-02  4.95395187e-02 -7.81609046e-02
   8.34409374e-03 -7.38291698e-02 -6.42271544e-02 -4.23115868e-02
  -2.45947307e-02 -1.54889313e-03 -8.34183188e-03  2.18515783e-02
  -4.51527154e-02 -6.30084699e-03  2.05358137e-02  2.11046974e-02
   1.25275354e-01 -2.41522871e-03 -1.46706579e-03 -3.41926949e-02
   1.13490875e-02 -2.53332563e-02  9.76859817e-03  1.12574267e-01
  -2.96503381e-02 -9.64866529e-02 -1.02028436e-01  4.01492224e-02
   9.09636645e-02 -1.03029470e-01 -8.55652593e-02  2.92864970e-02
   5.20739859e-02 -8.11677270e-03  5.33637156e-02 -8.23723956e-02
   6.33679507e-02  5.25052223e-03  5.80381173e-02 -3.91385395e-02
  -8.10782901e-02 -1.00363404e-01 -8.41423682e-02 -8.82373404e-02
  -9.06473173e-02 -9.44470545e-03  1.21613857e-01  1.04104075e-02
   9.75966570e-03 -5.65612493e-02 -8.48790561e-03  9.44759027e-02
   6.43988466e-02 -7.47679823e-02  8.36981400e-02  4.99416758e-03
   5.13323167e-02  4.48337701e-03 -4.34882080e-02  1.64015787e-02
   7.07564962e-02  3.44545807e-02 -7.35591713e-02  4.93497550e-02
  -5.59577249e-02 -5.35856739e-03 -7.63872132e-02  8.15628647e-02
   1.47627392e-02 -6.08878897e-02  2.45859391e-02  7.83447634e-02
   4.21314321e-02 -9.89502613e-03 -6.60821359e-02  5.22917501e-03
   6.29564997e-02  1.00514399e-01  1.15381484e-01  1.99547724e-02
  -9.04081878e-03  9.92230947e-02 -9.30525046e-02  1.00187670e-01
   3.27329678e-02  1.09637217e-01 -5.36165296e-02  4.77696175e-02
   3.02594856e-02 -9.71028381e-02 -8.52975264e-02  4.71215642e-03
   7.06518023e-02  1.38297835e-02  7.26891861e-02  4.15281451e-02
  -7.76353276e-02  4.89963231e-02 -6.65555890e-02 -6.54935989e-02
   9.91609352e-02 -1.00781199e-01 -2.18086308e-02  2.78303296e-02
  -7.73255115e-02  1.20000219e-01  4.16234225e-02  1.80806600e-02
  -9.97796199e-02 -6.55854388e-02  7.93366956e-02  8.67202622e-02
   4.21718073e-02  3.34790510e-02  1.16686867e-01  1.05771947e-01
   5.31369355e-02 -9.10473936e-02 -7.68549025e-02  1.10408046e-01
  -5.31057302e-02 -9.23259606e-02  3.12190298e-02  4.29565246e-02
  -8.27772878e-02  6.68196083e-02 -7.69896106e-02 -7.85662764e-03
   8.02798193e-02 -6.53968202e-02  9.41256471e-02 -4.21070828e-03
  -2.43796143e-02 -8.32744498e-03 -9.46581589e-02 -6.87687828e-02
   3.28696975e-02  8.85825431e-02 -4.66914518e-02 -7.95053974e-02
  -1.80585724e-02  6.98407734e-02 -1.67688143e-02 -6.70166063e-02
   4.20434327e-02  6.16506457e-02 -5.42716569e-03  7.69839535e-03
   2.85464770e-02 -9.12570622e-04 -9.64519335e-02 -3.29660353e-02
   4.03086286e-02 -1.21400584e-01]
 [ 2.64451164e-02 -9.26585584e-02 -3.83758369e-02  5.55151889e-02
  -1.28305687e-03 -9.36480492e-02 -5.40110486e-02  1.97511353e-02
   3.45341746e-02  8.19894869e-02 -2.56009093e-02 -1.23047700e-02
  -1.15438886e-03 -8.12160709e-02  2.25691846e-02  8.40326957e-02
   1.90487508e-02 -1.10139003e-01  7.51781882e-02 -1.00426856e-01
  -5.41000391e-02 -8.81198004e-03 -4.04317813e-02 -9.76348243e-02
   9.34356444e-02  3.81037150e-03  1.01112362e-01 -5.42710515e-02
  -7.39445706e-03  3.79567121e-02  4.41711638e-02 -4.08065773e-02
  -5.81973444e-02  1.95201778e-03  1.16318297e-02 -9.05074101e-03
   6.53403919e-02 -7.66096476e-02 -1.75095771e-03  8.28578160e-02
  -7.66413920e-02 -1.62016580e-02  9.81208843e-02  4.53520686e-02
   8.04124146e-02 -5.10140072e-02 -8.43552704e-02 -6.97060494e-02
  -8.74354140e-02 -3.29770011e-02  4.07320989e-02  2.53567199e-02
   9.74085068e-02 -1.41541081e-02  4.80767784e-02 -6.40675881e-02
   1.91496525e-02  9.72919633e-02 -6.72003299e-02  2.32992949e-02
  -9.85683068e-02  2.81418534e-02  4.41362411e-02  4.73378536e-02
  -5.73064179e-02 -7.61961933e-02 -7.67064450e-02 -3.25757853e-02
  -1.01604681e-01 -2.64273649e-02 -8.21933644e-02 -4.12666122e-02
   2.20607247e-02  9.61422978e-02  8.78179581e-02 -8.00321546e-02
   1.13577843e-01 -7.18358922e-02 -3.15480128e-02  1.11155794e-02
  -6.64363204e-02  3.16337384e-02  4.70576178e-02  1.78835346e-02
  -1.04432417e-01  6.38523229e-02 -4.20303503e-02 -8.79385010e-02
   7.95180353e-02  1.02406377e-01  8.32872404e-02 -6.80334520e-02
   7.24551716e-02 -9.84019276e-02 -7.82454643e-03  7.66171955e-02
   2.73703185e-02 -1.20435794e-01 -1.02656101e-01 -1.00683643e-01
   8.94276175e-02  7.00718983e-02  4.58345560e-02  2.16323998e-02
   5.43892248e-02 -5.37237297e-02  2.01718918e-02  8.58022555e-02
   5.34465981e-02 -1.55580730e-02 -9.38928705e-02  1.00049441e-02
  -6.56550700e-03  8.11446950e-02 -5.02257955e-02 -1.03288535e-01
   6.88164206e-02  7.21137389e-02  6.36277063e-03  8.29611625e-02
  -5.31343767e-02 -5.11646535e-02 -9.53789834e-02  3.92799280e-03
   3.57824170e-03  1.25339665e-02 -2.33540570e-02  3.78059429e-02
  -3.41062211e-02  5.11870882e-02 -6.71805790e-03 -1.61471653e-02
  -4.96848179e-02  7.56609769e-02 -4.02581835e-02 -9.31879988e-02
  -8.28358469e-02 -4.46870994e-02 -8.22526281e-03 -9.05064177e-02
   5.03506004e-02  3.48475975e-02 -3.87870942e-02 -1.08039970e-01
  -3.17436492e-02  5.91756534e-02 -1.00609073e-01 -1.14652904e-01
   9.08150085e-02 -1.86516420e-02 -2.29393307e-02 -2.56900571e-02
  -8.64666885e-03 -2.94381085e-02 -5.94435607e-02 -9.02879605e-02
   1.83028059e-02  3.47068097e-02 -5.20594415e-02 -1.09838174e-01
  -2.26222316e-02 -5.23175572e-03 -2.83222696e-02 -6.02898746e-02
   4.73001498e-02 -9.69697043e-02  2.08277744e-02 -7.24666430e-02
   1.02714534e-01  5.27420417e-02  1.10643946e-01 -8.82272786e-02
   4.04948512e-03 -3.88288227e-02  5.43496357e-02  9.27039589e-03
   7.25363666e-02 -1.18947694e-01  6.49933996e-02 -2.88520424e-02
  -9.60783573e-02 -4.57208156e-02 -1.99977471e-02  1.04307878e-01
  -3.83769202e-02  8.32549721e-02  2.76168803e-02  6.56783607e-02
  -4.97622207e-02  1.01741471e-01 -8.94304642e-03 -4.58391209e-02
   2.73307389e-02 -6.48343336e-03 -8.96531783e-02 -7.22628001e-02
   2.44516598e-03  3.08233951e-02 -5.27702301e-02  6.80444280e-02
  -9.23891746e-02 -4.18043727e-02 -1.13631668e-01 -4.50255882e-03
  -8.12608171e-02 -1.16446309e-02  1.01394485e-01 -1.02713705e-01
  -8.02355243e-02  1.11591770e-01 -5.47678762e-02  1.06761720e-02
   1.25351553e-01  1.01920502e-01  1.76211797e-02  2.00061029e-02
   7.35523838e-03 -6.31463586e-02 -4.84328819e-02 -8.46079208e-02
   7.06305511e-02  1.30945884e-02 -8.33269846e-02  2.40932415e-02
   7.27569694e-04 -2.22295572e-02 -7.27605822e-02  1.00141003e-01
  -2.59685967e-02  5.68646798e-03 -5.11861912e-02 -5.73272919e-02
   3.23915967e-02 -5.54914327e-02 -3.38005169e-02  5.94503890e-02
  -8.71371081e-02 -5.62062645e-02 -1.10450837e-02 -7.23668777e-02
   5.68508769e-02 -6.27858141e-02 -6.15630240e-03 -7.78735758e-02
   2.78524276e-02  4.94444365e-03  2.88432040e-02 -3.66236720e-02
   5.17662239e-02 -3.86821565e-02]
 [ 1.85331265e-02  1.95763963e-02  5.76944938e-03  4.01640824e-02
   1.05207716e-01 -7.86606960e-02 -2.58217751e-02 -9.07430462e-03
  -6.26091961e-02  3.14165815e-02 -1.06281451e-01 -7.41792191e-02
   1.33034106e-02 -5.08976687e-03  1.07158807e-01  7.40960675e-02
  -6.37323331e-03  1.09525817e-01 -9.22343106e-02 -7.18367663e-02
  -7.45386049e-02 -3.40470434e-02 -1.95795743e-02 -9.38024043e-02
   4.09816328e-02 -1.06072553e-01  1.06412828e-01 -9.00755946e-02
   8.89212923e-02  7.68902324e-02 -4.76597365e-04  8.41148231e-02
   3.41946123e-02 -9.63913394e-02  1.11220968e-02 -3.22526905e-02
   3.12748044e-03 -8.97675525e-02  8.61465528e-02 -5.41470848e-02
   7.19245274e-02 -5.05104491e-02 -7.60679576e-02  3.43768482e-02
  -8.46887177e-02  9.04935611e-02 -2.24014587e-02 -7.42588045e-02
  -7.62677644e-03  2.61548479e-02 -1.35239809e-02  4.46590656e-02
  -7.37716575e-02 -2.08236963e-02 -1.16154933e-01 -3.35930217e-02
  -4.27329463e-02 -3.91198742e-02 -1.58983143e-02 -8.27235942e-02
   4.48757765e-02 -7.75839868e-02  5.15077691e-02 -9.29479302e-02
  -1.02025555e-01 -5.98153697e-03 -3.35764124e-02 -8.17731853e-03
  -4.24660060e-02 -5.21457179e-02 -7.55897383e-02 -2.11542840e-02
  -4.06287511e-02 -1.06914775e-01 -6.95497440e-02 -7.99000465e-02
  -8.91907522e-02  7.53176380e-02  1.12885796e-01 -4.92407413e-02
   7.88593528e-02  4.81950916e-02 -1.44516473e-02  1.73904032e-02
   4.78874362e-02 -3.65560821e-02  1.17300824e-01 -1.00547691e-01
   6.56436087e-02  5.93528664e-03  8.93802041e-02 -1.00175281e-01
  -7.13321829e-02  2.31621613e-02 -1.00430425e-01  8.21355100e-02
  -3.12244323e-02  7.67212409e-02  5.58513235e-02  1.40606036e-02
   1.57547653e-02 -2.24958514e-03  9.85935211e-02  1.00412997e-02
   5.43251654e-02  5.45187762e-02 -2.48976456e-02 -4.16383913e-02
  -7.87969821e-02  1.62392432e-02  1.69498706e-02  3.49088643e-02
   9.68495160e-02  5.01200816e-02 -5.76903830e-02  4.57239638e-02
   7.30533151e-03 -4.26424513e-02 -8.66097242e-02  1.28173872e-02
  -2.97523279e-02  2.20216323e-02 -9.91252969e-02  6.19490091e-02
   5.79652133e-02 -8.91945646e-03 -8.18820547e-02  7.86150041e-02
  -7.62350596e-02  1.10697281e-01  1.03574926e-01 -1.86083032e-02
   6.11323805e-02  6.11137350e-03  6.47059179e-02  4.58400404e-02
  -9.12173596e-02  9.07645502e-02  9.79891035e-02 -6.97696523e-02
  -1.55250610e-02 -5.99277109e-04 -8.38596277e-02  4.90489885e-02
  -8.54704859e-04  1.01876605e-01 -3.21004746e-02  9.80818458e-03
  -3.08298239e-02 -6.78602514e-03 -7.99716102e-02  2.68060737e-02
  -4.81786394e-02 -2.11911708e-02 -7.79843251e-02  8.45230965e-02
   6.47349445e-02  9.59808641e-02 -6.78060183e-02 -7.06497540e-02
  -3.05063343e-02  1.02821836e-01  1.84762052e-03 -2.47374110e-02
  -5.82295910e-02 -4.78799705e-02  3.10964554e-02 -4.78899334e-02
  -2.28691081e-02 -1.15417150e-01 -1.96695885e-02 -8.21029016e-02
   8.53516943e-02  1.08187237e-01 -7.88654078e-02  8.59084639e-02
  -1.04590660e-01 -5.35354626e-02 -7.54871055e-02 -3.35949741e-02
  -4.51271543e-02 -9.22616655e-02  1.05401452e-01  5.64985035e-03
   7.91208957e-02  1.92293044e-03  1.07142637e-01 -2.85081427e-02
  -5.07258265e-02  9.84421524e-02  3.64085372e-02 -3.73540063e-02
  -9.25500137e-02 -9.87316782e-02 -8.58718716e-03  1.97501510e-02
   7.18062049e-02  4.60173007e-02  5.21902931e-02  5.46528485e-02
   5.22643164e-02 -6.55061795e-02  2.50548257e-02 -7.98249529e-02
   1.14275990e-02 -3.36299144e-02 -5.92128654e-02 -3.20810447e-02
   8.96651317e-02  1.90058984e-02  6.76435308e-02  3.02276488e-02
  -9.56246845e-02  6.35857299e-02  4.97513213e-02 -4.92639647e-02
   6.26532413e-02 -9.85673404e-02  6.17148128e-02  7.28891176e-02
   6.32724621e-02  8.67221111e-02 -1.22005873e-02 -4.74403252e-03
   3.35902668e-02  5.43561945e-03  6.36148905e-02  1.56929486e-02
   7.31913128e-02 -1.95297985e-02  6.01408737e-02  5.27676335e-02
  -8.62347783e-02  6.53759971e-02  7.81003270e-02  9.47689724e-04
   4.16117144e-02  4.57892119e-03  2.56326264e-02  7.43398850e-03
   8.12108389e-02  6.52731242e-02 -6.84244957e-02 -5.14283241e-02
   4.99606636e-02  1.53608253e-02 -6.85042702e-02 -3.95819950e-02
   2.83277954e-02  4.67900287e-02]
 [-1.07429008e-01  7.08725661e-03 -2.46373321e-02 -3.78915923e-02
  -1.39974288e-02  9.65590329e-02  2.48600210e-02 -4.51719963e-02
  -1.16382384e-01  1.14013700e-01  1.11591054e-01  3.31944092e-02
  -1.02321419e-01 -9.15662656e-02  5.08763853e-03  8.31743864e-02
   9.14113244e-02 -9.56352937e-02  8.34718542e-03 -3.25011083e-02
  -1.29571161e-01  2.79588750e-02  5.66734100e-02  7.08011933e-02
  -4.20824644e-02 -1.33542993e-02  8.91743262e-02 -1.10974891e-02
  -8.87416851e-02 -6.16526044e-02 -1.87885516e-02 -9.94633220e-02
   6.43311096e-02  1.64146046e-02  5.65632597e-02 -3.52229956e-02
   1.15311132e-01  5.23153374e-02  3.78085401e-02 -1.07150456e-01
   8.51662691e-02  2.84358911e-02 -1.08966141e-01 -8.19326403e-03
   6.15839066e-02  1.39177065e-03  1.13826258e-01 -6.10344134e-02
  -1.14962535e-01  1.31421938e-02  1.21063103e-01  5.37027580e-02
  -5.18875980e-02  3.20205674e-02 -9.08212331e-02 -9.37867604e-02
  -9.75984292e-02  1.04338786e-01 -9.23216758e-02  8.85012424e-02
  -3.69154486e-02 -4.75749933e-02 -3.38263940e-02 -5.00876368e-02
   5.32200363e-02 -7.60648054e-02 -7.65211333e-02  6.97125431e-02
   2.46040654e-02  1.75547454e-02 -5.36627766e-02  4.21586023e-02
  -7.70409302e-03  5.62216776e-02  1.17280627e-01 -1.06218597e-01
  -1.24583355e-02  6.53811240e-02 -5.40957966e-02 -1.09985754e-02
   1.11690564e-01  9.16902602e-02  4.97353952e-02  6.75464442e-02
   3.46326137e-02  3.26247843e-04 -1.04270415e-01  2.39396193e-02
   3.43215478e-02  4.67587034e-02 -2.77298344e-02 -1.04342786e-01
   9.61714934e-02 -8.42130505e-02  1.17128710e-01  2.32040576e-02
   8.45834283e-02  5.07390032e-02  8.64684265e-02  5.79836035e-02
   2.09207785e-02  8.45953108e-02 -1.04446354e-01 -1.37722472e-02
  -1.15784368e-01  4.14261858e-02  1.74152034e-02  1.10816284e-02
   1.01290805e-01  1.02368826e-01 -5.06551389e-02  4.96224345e-02
  -3.28639882e-02 -3.70441967e-02 -2.12845642e-02 -2.49628538e-02
   3.45641412e-02  7.71255345e-03 -5.19205331e-02 -2.78462602e-02
   3.22614349e-02 -3.48560252e-02  7.48379023e-04 -1.76270188e-02
   5.54216397e-02 -3.12392653e-03 -8.43749004e-02 -1.35953792e-02
   5.05810290e-02 -3.09769218e-02  1.26226994e-02  5.08195259e-02
   1.68262648e-02 -7.63548750e-02  8.20443992e-02 -7.91796167e-02
   6.62279718e-02 -7.34043703e-02 -3.16418669e-02  8.21004116e-02
  -1.03782952e-01  2.32394978e-02 -1.23676960e-01  2.01342731e-02
   1.15195948e-01  5.44245172e-02 -8.93531457e-02 -2.69843459e-02
  -2.32222363e-02  2.11132671e-02  4.17719695e-02  7.19045457e-03
   6.24094233e-02 -5.10134388e-02  9.76987793e-03  6.51033672e-02
  -7.53574750e-02  3.26986370e-02 -8.67239143e-02  4.15918686e-02
  -9.93345950e-02 -9.14609696e-02  5.09957967e-02 -2.88170612e-02
  -2.62084965e-02 -4.63753214e-02 -5.06891323e-02  3.40305665e-02
  -8.38970875e-03  5.87425104e-02 -1.89014733e-02  5.82993730e-03
  -4.95563280e-02 -4.74344499e-03  7.42338818e-02  5.72922828e-04
   6.14352540e-02 -1.11777452e-03 -1.19841433e-02  8.55176407e-02
  -3.45200773e-02 -7.30548689e-02 -1.34983519e-02  6.35766477e-02
   8.22367207e-02 -2.36935581e-02  7.00296318e-02 -1.16662060e-01
  -1.22575588e-01  1.42536019e-02  3.10426585e-02 -4.96761113e-02
  -5.24398269e-02  5.02159235e-02 -5.40974672e-02  2.84206874e-02
  -8.44496427e-02 -5.06670828e-02  9.45789979e-02  5.03847014e-03
   1.04353819e-01  1.39706713e-02  8.66930075e-02  9.85509276e-02
   8.76232009e-02  8.52275022e-03 -5.21779751e-03  3.21599116e-02
   9.70940053e-02  8.93468224e-03  4.98055644e-02  5.19072971e-02
  -5.89302956e-03  1.45668799e-02  9.22771156e-02  5.17743567e-02
   5.88930944e-02 -7.76131699e-03 -3.69745771e-02  9.96502294e-02
   3.38122909e-02  5.37461671e-02  1.04485986e-01  7.51837022e-04
   9.87589271e-04 -2.60103686e-02  2.72045725e-02 -6.15814289e-02
  -4.98396091e-02  2.56021872e-02 -1.47943189e-02  5.44994243e-02
   1.85171434e-02  3.38481041e-02 -3.60290570e-02 -2.13425526e-02
  -6.49398578e-02 -6.51832311e-02 -5.57983112e-02  4.30457065e-02
  -3.33502790e-02  7.99027183e-02  4.61645885e-02  7.56014996e-03
   7.66734701e-02  3.73287289e-02  6.51188906e-02  5.94422776e-02
  -6.32650171e-02  2.43081765e-02]
 [-1.43420319e-02  9.41521521e-02 -8.08769444e-02 -3.09630965e-02
  -1.42103378e-02 -1.63946708e-02 -2.47465176e-02  1.01877860e-01
  -8.44740007e-02  5.37756898e-02 -3.80766726e-02 -5.45323153e-02
  -5.47807064e-02  4.86761479e-02 -5.42126651e-02  1.42949290e-02
  -3.95295350e-02  4.41491699e-02 -5.90294496e-02  3.49359271e-02
   4.37342178e-02  3.29131388e-02  7.32887614e-02  2.06359910e-02
  -5.55586512e-02  2.33355981e-02  9.73568227e-02 -1.40523912e-02
   1.25024793e-01 -1.42521138e-02  8.90377170e-02  2.79854532e-02
  -5.29729557e-02 -5.59650521e-02 -8.92091019e-02 -1.89842388e-02
   6.88810517e-02 -2.13780840e-02  9.77821683e-02 -7.58661540e-02
  -1.22723654e-01 -8.26865747e-02  4.95381110e-02 -1.73945480e-02
   7.05338619e-03  1.08861343e-01 -4.35537508e-02 -2.93146073e-02
  -1.73838930e-02 -8.72461880e-02 -1.15689007e-02 -7.61158783e-02
   8.06925019e-02  4.53357334e-02  4.85932435e-02 -2.22381923e-02
  -6.54009706e-02 -2.92071439e-02 -8.21612539e-02  7.47862601e-02
  -7.61054886e-02  9.38244915e-03  3.50941334e-02 -2.77717273e-02
   7.36308449e-02 -6.82956741e-02 -3.23734495e-03  9.12512394e-02
   3.41266678e-02  5.34491404e-02 -9.12313216e-02 -3.55860282e-02
   4.29222284e-02  4.85137707e-02  4.40635591e-02  5.51071777e-02
  -9.06249546e-02  8.48948797e-02  3.65850404e-02 -1.00865494e-03
  -3.32503252e-02 -1.25899056e-02  5.39247353e-02  9.27129426e-02
  -1.40038571e-02  5.09799396e-02  1.03255037e-01  4.85603346e-02
  -4.44754629e-02  5.16593533e-02 -2.38340787e-02 -9.07771525e-02
   2.04982571e-02  1.24027782e-01 -2.57317316e-02 -9.37137638e-02
  -1.29332569e-02 -2.01536333e-02 -2.86191567e-02 -4.93632940e-02
   2.58182705e-02  5.12919264e-02  1.27207374e-01  1.00780832e-01
  -6.55352904e-02 -1.06075746e-01 -2.88604817e-02 -8.70191758e-02
  -1.87112018e-02 -6.25161828e-03  1.12751979e-01  9.03304440e-02
  -8.97728696e-02  3.64830263e-02  1.39845002e-02 -4.19693148e-02
  -4.88448653e-02 -7.08363544e-02  5.73921536e-02  1.15290693e-01
   2.96683866e-02 -5.79555167e-02  7.69911701e-02  3.01858767e-02
   5.94153868e-02 -6.13567142e-02 -6.02800118e-02 -3.24825180e-02
   6.15753852e-02  4.33945027e-03 -7.20880333e-02 -1.27884433e-01
   7.36698925e-02  8.56462689e-02 -4.87133548e-02  9.02447757e-02
  -9.46916452e-03  9.13310067e-02  1.12074623e-01 -9.62561140e-02
  -7.22463717e-02 -5.68168839e-02 -6.92542416e-02  1.93021152e-02
   6.86400226e-02  1.08515682e-01 -4.20460986e-02  7.77937840e-02
  -1.07143957e-01 -9.72945005e-02  1.13174027e-02 -1.84905938e-02
  -6.14728121e-03 -1.07920624e-01  2.80795438e-02  6.40823709e-02
  -1.23938317e-02 -1.79686222e-03 -1.10485778e-01 -8.27651688e-03
  -1.05776903e-01 -7.94149543e-02 -2.12326632e-02 -5.41198136e-03
  -2.08780050e-02  3.70749593e-03 -2.69964451e-02 -4.52003582e-02
  -8.38111722e-02 -4.49485369e-02  6.87146065e-02  8.07736610e-02
  -8.58654793e-02 -7.93781942e-02  3.55662354e-02 -4.90130563e-02
  -2.07635739e-02  9.85987808e-02  8.35016335e-02  2.74567588e-02
   7.31383206e-02 -1.51666624e-02  6.28882437e-02  9.68373203e-02
   3.20275203e-03 -9.13047672e-02 -1.07196571e-01  1.97001868e-02
   7.43999594e-02 -6.40119681e-02 -1.08669011e-01 -6.89256812e-02
   1.00982588e-01  1.30415388e-02 -1.17041847e-02  2.77867668e-02
  -6.76027636e-02 -5.96545767e-02  3.94121500e-02 -9.57445093e-03
  -3.39505341e-02  6.31049465e-02 -3.31046596e-02 -3.11652958e-02
   3.36000354e-03 -2.74566403e-02 -2.69094111e-02  1.01095134e-02
   1.53824956e-03  2.78654729e-02 -8.93234378e-02 -8.52704477e-02
  -5.75899116e-03  9.71254871e-02  2.98943164e-02 -5.60626760e-02
  -9.99816107e-03  9.61716253e-02 -3.83169394e-02 -7.23401091e-02
   1.33052307e-02  2.84743647e-02  5.39743030e-02  8.76771254e-02
   1.29588239e-02 -9.43635682e-02  6.36919003e-02 -4.06350045e-02
   1.15841570e-01 -6.02277155e-02 -2.81507327e-03  3.18203433e-02
   8.17686580e-02 -1.04723224e-01 -1.05568616e-01  5.79691221e-02
  -6.43202757e-02  7.41940637e-02  6.04060657e-02 -8.66063628e-02
   4.28730217e-03 -4.10452128e-02 -3.75780021e-02  8.53942931e-02
  -5.98305474e-02  8.34577672e-02 -5.58689046e-02 -2.12405334e-02
   5.97723127e-03  2.10408235e-02]
 [-8.25248372e-02 -3.22367455e-02  9.11203128e-02  5.65374238e-02
   9.24466246e-02 -3.90732242e-03 -9.62982526e-02 -4.70896277e-02
  -8.80223024e-02 -1.07082827e-01 -5.38992851e-02  2.11746216e-02
   6.38985740e-02  5.71517114e-02 -6.80724924e-02  4.13854924e-02
   3.23685185e-02 -9.15438206e-02  6.41132639e-02 -2.24612414e-03
   2.08812811e-02  7.43870944e-02  1.10414969e-01 -3.14126698e-03
   3.37307042e-02  1.07135659e-01  2.06243425e-02 -5.61295146e-02
  -5.93298819e-02  3.60772195e-03 -6.44628320e-03 -7.20112234e-02
   3.00936460e-02  3.96875313e-02  9.52786831e-02 -3.72576362e-02
   7.42470058e-02 -2.16674079e-02  8.55781831e-02 -9.14314480e-02
  -5.51089404e-02  6.31714658e-02 -5.23967137e-02  4.76796285e-02
  -3.72008245e-02 -1.13017061e-01 -1.54139766e-02  8.50742217e-02
  -7.96893643e-02  7.89066551e-02 -2.08295955e-02  5.35202527e-02
   2.09179395e-02  6.40151523e-02 -7.59511830e-02  8.33876318e-02
  -7.53362213e-02  8.72023676e-02  4.61307106e-02  6.57468316e-02
   1.08443982e-01  2.49621707e-02  3.34456364e-02 -7.05615623e-02
  -8.12942227e-02  4.47571253e-02 -2.90653368e-02 -7.51142731e-03
   7.55613344e-02 -4.52306679e-02 -9.66572047e-02 -3.72795408e-02
   2.72622479e-02 -9.24014644e-02  9.00163160e-02  1.29056547e-02
  -4.73025085e-03 -2.88204095e-02 -3.65821081e-02 -7.85527248e-03
  -6.90761709e-02 -5.56173277e-02 -6.01795654e-02  4.25241023e-03
   7.84134983e-03  2.61466849e-02  9.00221249e-02  5.35130321e-02
   1.34743245e-02 -5.11424668e-02 -4.66733774e-02 -1.07372150e-03
   1.30733065e-02  7.13362903e-02 -2.41944863e-02 -8.65485033e-02
  -5.81846862e-03 -3.97147238e-02  9.95067446e-02 -3.59184449e-02
   4.66545130e-02  1.08119613e-01  7.23940315e-02 -4.45240347e-02
  -3.05821763e-02  4.87742019e-02 -1.02733047e-01 -2.12721846e-02
  -8.32951244e-02  7.12086431e-02  1.07998257e-02 -9.07568219e-02
  -8.80524600e-02  5.91729130e-02  2.82073492e-02  5.53734551e-02
  -7.34275965e-03  6.47324894e-02 -7.25739796e-02  4.03383719e-02
  -1.07557512e-01 -3.31053659e-02 -4.64290300e-02 -7.29427611e-02
   4.44337527e-02 -1.37976776e-02 -3.38693533e-02 -3.01904532e-02
  -1.05084163e-01 -1.13066877e-01 -5.36441348e-02 -8.74564108e-02
   8.91237584e-02  6.42358964e-02 -2.24101083e-02 -2.14580515e-02
   7.08397982e-02 -3.72234519e-02 -9.05854478e-02 -1.09381400e-01
  -5.80293379e-02 -1.70884524e-02  5.95380417e-02  4.18078167e-03
  -7.97129242e-02  8.93897366e-02  1.03634103e-02  5.24897705e-02
   5.62598763e-02 -1.07881231e-01 -1.44132151e-02  5.57580215e-02
  -7.66734561e-02  8.93572619e-02 -1.08998121e-01 -5.90298008e-02
   5.76338304e-02  2.77617460e-02  8.80529949e-02 -3.43641150e-02
   2.67922883e-02 -8.29138099e-02  4.51238489e-02 -3.08363450e-02
   6.29238183e-02  9.24901200e-02 -3.83417636e-03 -1.33609308e-02
   4.15177741e-02  5.19208651e-02  9.87857887e-02  8.71281121e-02
  -4.19823993e-02  5.43024108e-02  5.40732964e-03  1.33440043e-02
   7.02737680e-02 -7.81972393e-02 -3.75483202e-02  7.05740883e-02
   6.99538089e-02 -2.09455258e-02  3.44271198e-02  4.25598368e-02
   1.03255396e-01  7.56637857e-02  5.65925143e-02 -1.74331344e-02
  -3.52249491e-02 -4.89676942e-02  9.75712067e-02 -5.48609572e-02
  -7.91163128e-02  1.13973984e-01  2.43330424e-02  7.74546819e-02
  -2.66887572e-02  8.60071638e-02 -7.52007630e-02  6.05257298e-02
   1.01400741e-01 -4.55509249e-02 -2.89342504e-02  1.20545043e-02
  -7.56353474e-02 -9.92770550e-02 -1.05487774e-01 -1.18432652e-02
  -9.26277179e-02 -4.98664868e-02 -3.72394991e-02 -7.79486397e-02
  -5.42531243e-02 -6.70766973e-02 -1.34382417e-02 -9.19298097e-02
  -5.28607230e-02  3.66939984e-02  6.39873175e-03  6.76700182e-02
  -7.54933821e-02 -2.89558765e-02 -3.48854394e-02 -6.02130167e-02
   4.45288534e-02 -7.71964218e-02 -1.03723962e-01 -5.04077465e-02
  -2.46171211e-02  7.02094674e-04  1.08229869e-01 -1.05759445e-01
  -4.77504986e-02 -5.53237395e-02 -2.60753917e-02  3.73648616e-02
  -3.79444826e-02  7.10376296e-02 -1.04316258e-01  9.44424528e-03
   9.27028878e-02  1.25764677e-02 -1.08574717e-01  3.28804565e-02
  -1.05038163e-01 -2.84940502e-02  6.79794714e-03  5.20876940e-02
  -2.08873696e-03  6.98810892e-02]
 [ 5.63859817e-03  3.61102642e-02  6.71557626e-02 -6.15512152e-02
  -3.57668289e-02 -9.92959319e-02 -3.25820240e-02  3.63527726e-02
  -7.61011178e-02  8.44110867e-02 -3.04764457e-02  9.73890982e-02
  -7.96116397e-02  7.93199346e-02  3.99793853e-02 -9.06728240e-02
  -1.06306030e-01  4.75731331e-02  3.59062513e-02  5.29340965e-03
  -6.54146726e-02  9.18659913e-02 -4.92990675e-02 -7.24942479e-02
   5.16298554e-02 -7.59655927e-02  6.35919401e-02  8.76548409e-02
   3.70362016e-02 -9.40708513e-02 -3.27698230e-02  1.18300178e-01
  -9.48933423e-02  1.08384919e-01 -8.89156077e-02 -5.78762355e-02
   9.95495744e-02  7.02697013e-02  5.22484368e-03  1.14094071e-01
   4.95751648e-02  3.56096424e-02 -5.75332714e-02 -2.89712249e-02
   2.41531250e-02  3.62483654e-02 -9.85974388e-02  3.81116698e-02
  -3.36941708e-03  7.05110562e-02  3.25882714e-02 -6.13229350e-02
   7.46790941e-03 -9.12519985e-02  1.41366261e-02  3.90100776e-02
  -5.31449625e-02  4.07537439e-02  9.75155399e-02  1.01969378e-02
  -1.20331679e-02 -1.04925230e-01 -3.26197325e-02  5.30744938e-02
  -1.02587270e-01 -3.29829748e-02 -9.91966790e-02  9.38037168e-02
  -2.72111650e-03 -5.14626160e-02 -6.61997029e-02  2.27854926e-02
  -3.52679037e-02  7.17917182e-02  6.38164262e-02  2.69041664e-02
  -7.30361738e-02 -1.91404285e-02  1.43423854e-02 -4.73596976e-02
  -1.87287680e-02 -3.43399495e-03  7.60104130e-02 -5.44903540e-02
   6.66105659e-02  8.00802263e-02 -9.39861147e-03  8.66299030e-02
  -2.68713763e-02 -1.18047879e-01 -7.57370947e-02 -5.72147074e-02
  -8.12863561e-02  4.09305533e-02 -1.01230941e-01  7.03576057e-03
  -5.90971867e-02  7.08362678e-02  3.11102810e-02  8.30642421e-02
  -7.00710582e-02 -8.72130540e-02 -2.82699472e-02  1.96284692e-02
  -1.15758999e-01  1.22174379e-02 -3.15433088e-02  5.15657601e-02
  -9.32930746e-02 -1.13504224e-02  5.03785007e-02  3.38958815e-02
   5.09697980e-02  8.26390053e-02 -8.15721046e-02 -5.79541312e-02
  -1.66053396e-02 -7.72300387e-02 -4.38178961e-02 -4.06396662e-02
   1.07308988e-02  2.75821847e-02  2.04535140e-02 -9.68739813e-02
   6.34180598e-02  7.75928410e-02 -6.47984232e-02 -9.58711801e-02
   1.05700863e-01 -6.38861850e-03  6.36256639e-02  3.94086391e-02
  -1.78798707e-02 -4.93375785e-02 -5.19314550e-02 -4.17096562e-02
   3.02110814e-02 -5.76131637e-02 -4.80532580e-02  4.90846372e-02
  -2.44877546e-02  4.53188448e-02  8.27730539e-03  2.75790271e-02
   2.89395922e-02  1.58647085e-02 -8.47562276e-02 -7.29902168e-02
  -5.54652601e-02  6.91121761e-02  8.99915871e-02  1.09335805e-01
   5.48061896e-03  2.93569880e-02  2.02155867e-02 -9.64238260e-02
  -8.58015458e-02 -3.33686491e-04 -5.33233898e-03 -9.07777938e-02
   3.02146018e-03  4.68536648e-02 -1.41155597e-02 -3.28855498e-02
  -3.21351649e-02  6.63771712e-02  8.46900549e-02 -5.92342490e-02
   5.89696799e-02  2.61378761e-02  7.61716060e-02 -1.05351133e-02
  -6.07554229e-02  2.20256675e-02  1.03100247e-02 -4.52785347e-02
  -2.18000622e-02  8.60850760e-02 -3.34785394e-02 -5.37861253e-02
  -5.54284131e-02  4.21493484e-02  5.24998519e-03 -1.93553407e-02
  -6.23669917e-02  8.15863652e-02  5.99563122e-02  1.10055908e-01
  -2.57148621e-02  2.80017107e-02 -1.55929242e-03  5.47221225e-02
   6.26602089e-02  1.20298292e-01  2.79521554e-02 -1.04515669e-01
  -1.88933954e-02 -3.01191271e-02  2.80342841e-02  3.37571994e-02
   5.03672486e-03 -3.02223552e-02  7.44155908e-02  7.01169105e-02
  -1.18781586e-01 -1.24175409e-01 -1.08913139e-02  1.17952685e-01
   4.00602840e-02  4.90659452e-03  2.25424748e-02 -1.02022993e-01
   9.00976679e-02  5.97942374e-02  3.44163275e-02  5.03928206e-02
   6.05973464e-02 -1.78142678e-02  7.24843527e-02 -9.12239603e-02
  -7.73848033e-02  5.55427449e-02 -9.18165011e-02  7.41041293e-02
   3.58495155e-02 -1.10681558e-03  2.94888653e-02  9.74039542e-02
  -8.39865429e-02  5.42320041e-02  5.96125015e-02  3.76550676e-03
  -5.95785800e-02  9.57299198e-02  8.92967515e-02  9.28957822e-02
  -4.07657633e-02  8.29953194e-02 -1.06468740e-01 -1.02810681e-01
  -4.23568428e-02  6.03160315e-02 -1.20415309e-01  7.13340596e-02
  -7.68287059e-02 -1.22456496e-02  6.26390846e-02 -5.44523778e-02
  -4.35266949e-02 -2.61620061e-02]
 [-3.16157262e-02 -1.09142652e-01  9.59173806e-02  2.46283637e-02
   6.17985642e-02  7.07372088e-02  2.45212034e-02  7.07741029e-02
  -1.45031593e-03  7.85046114e-02  3.53409915e-02 -9.59981375e-02
   6.72483753e-02  3.71555886e-02  1.36498868e-01 -2.09468761e-02
  -7.87161729e-02 -1.90933249e-02 -9.63992548e-02 -1.63375893e-02
   8.03853358e-02 -1.97931947e-02 -1.50427799e-02  8.35343680e-02
  -7.77464819e-03 -8.68615583e-02 -4.36077358e-02 -3.07223361e-02
   8.29569828e-02 -6.88682402e-02  5.39027801e-02 -1.00829510e-01
   3.07723792e-02 -1.04105059e-01 -4.14319325e-02 -1.19040908e-01
   1.08243143e-01  9.24728583e-02  9.24994496e-02 -8.63148020e-02
   8.70825955e-03 -2.52190648e-02  4.04705910e-03 -2.20761588e-02
  -9.20594910e-02 -8.21913766e-02 -1.89112609e-02 -7.10476380e-02
   6.40694779e-02 -2.53079756e-02  8.90154335e-02  3.85055473e-02
  -7.11341759e-02 -8.92430578e-02  7.41086748e-02 -4.55599342e-02
  -9.91245336e-02  3.10404608e-02  4.97635827e-02 -7.66514369e-02
  -9.40734894e-02 -1.26059349e-02  6.10514846e-02  7.39182892e-02
   3.07878901e-02  6.62567503e-02  6.38628203e-03  5.21883889e-03
  -9.06016948e-02 -1.60172978e-02  6.87070500e-02  7.86365506e-02
   7.72036424e-02  1.99626519e-02  9.05759005e-02  4.25256163e-02
  -1.45846380e-02  2.38869544e-03 -7.20588543e-02 -1.25201387e-01
  -8.66376544e-02 -8.25805625e-02 -1.53735911e-02 -1.34463256e-01
   6.70965603e-02 -7.96002524e-02 -4.75041466e-03  2.74620682e-02
   9.20463229e-02 -4.21445808e-02 -1.14586122e-01 -2.13068950e-02
   9.87414487e-02 -1.01818846e-01 -9.30629857e-02 -4.51896417e-02
   8.74226134e-03 -9.01718267e-02  2.31301826e-02 -3.22260112e-02
  -8.83500185e-02 -1.24083417e-01 -7.24662992e-03 -7.00262070e-02
  -3.30485644e-02  4.31709198e-02 -8.26420525e-03 -8.69444253e-02
  -2.25700020e-02 -5.05406874e-02  2.77666795e-02  4.06407474e-02
  -1.14248731e-01  7.15882439e-02 -1.94250784e-02 -4.42416687e-02
   3.38046295e-03  5.05155697e-03 -5.71591317e-02  9.28571387e-02
   2.48724720e-02 -3.01522754e-02  1.32050580e-02  6.84410241e-02
   2.18754274e-02  5.13486127e-02 -5.83349422e-02 -2.70297132e-02
   5.38202236e-02 -6.02185115e-02 -1.21710098e-02  7.15783304e-03
   1.22174068e-02  7.26720401e-02  1.00268987e-01 -9.80951070e-02
   4.10462019e-03 -5.34602285e-02 -1.07105325e-03  1.28255975e-02
   8.92513674e-02  8.50720844e-02  4.55777037e-02 -2.41084267e-02
  -6.97571238e-02 -3.32653755e-02  9.13492699e-02  5.66631613e-02
   3.18483551e-02  6.18755430e-02  8.44821094e-03  2.19979765e-02
  -9.69341310e-02 -1.01512907e-01  3.33402921e-02  3.76854402e-02
   6.54141578e-02 -4.89127224e-02  2.76563076e-02  3.41217644e-02
  -8.32005132e-02 -2.84319259e-02  5.54859419e-02  9.27698087e-02
   2.33186440e-02 -4.78228475e-02  7.29057086e-02  2.85693313e-02
   6.20033761e-02 -1.00398874e-01 -4.18774232e-02 -7.35809665e-02
  -1.13363833e-01 -1.07122426e-01  4.30923363e-02  9.16912646e-02
   4.69858545e-03 -6.02354765e-02 -1.75955307e-02  4.33670816e-02
  -1.30645528e-02 -4.58903464e-02 -4.60644002e-02  3.45310267e-02
   1.62875760e-02 -5.94482537e-02 -3.35630226e-02 -3.73724350e-02
  -6.41350632e-03  3.89205473e-02 -1.99122115e-02 -2.48439426e-02
   4.95496930e-02 -8.54000812e-02 -7.43428204e-02 -7.48249713e-02
   8.99418647e-02 -2.81633060e-02 -5.30537049e-02 -4.84968852e-02
   7.26724504e-02  9.12627793e-02 -5.73059233e-03 -6.32847784e-03
   8.44441173e-02 -7.89387853e-03 -4.20722727e-02  8.87112106e-02
  -1.13972057e-01  2.60445788e-02  4.02906100e-02  2.12759912e-02
  -5.43568909e-02 -2.73870629e-02 -8.79171947e-02 -9.26253874e-02
   6.33083352e-02  6.34241165e-02 -8.97826809e-02 -2.46667423e-02
   6.36633554e-02  1.15155669e-01 -2.49464983e-02 -4.09351017e-02
  -9.30483260e-02  2.33433970e-02  5.77034788e-02  1.25768739e-02
  -4.77903589e-02 -4.48481005e-02  6.54312028e-02 -7.55801023e-02
  -1.14653637e-01  8.64089276e-02 -3.20764850e-02  5.29516086e-02
   1.46684607e-02 -1.13994350e-02 -9.52527544e-02 -4.17287544e-02
   3.35572590e-02 -1.11879802e-01 -1.80030218e-02 -4.63456945e-02
  -2.27283072e-02 -5.15739164e-02 -1.77883345e-02 -6.34842644e-02
   3.66892410e-03  4.67993267e-02]
 [ 4.01984375e-02 -1.06549315e-01  9.33280470e-02 -4.63009060e-03
  -5.40364770e-02  5.01581389e-03 -3.36783955e-02 -1.09156177e-01
   5.28803706e-02 -2.53053675e-02 -1.00582840e-01  6.50344737e-02
  -2.43198650e-02  7.42036188e-02 -9.27970630e-02 -6.84681569e-02
  -1.24266972e-02  1.02169938e-02  1.01430123e-01 -1.22627645e-01
  -6.49318174e-02  3.24347121e-03  5.72879868e-02 -3.06867542e-02
   8.45134943e-02  3.57039424e-03  9.21996391e-02  2.38151312e-02
   3.40239190e-02 -2.07950226e-02  1.73857370e-02 -1.02393391e-02
   3.13609142e-02  8.93465481e-02 -7.07993737e-02  4.78888436e-02
  -7.61137363e-02  6.42528060e-02  1.92953767e-02  6.22301442e-02
   7.34304030e-02  5.64145091e-02  1.08439471e-02 -7.62895316e-02
  -1.00137904e-01  6.07846746e-02  2.62160136e-02  3.24289233e-02
   1.03639892e-01 -4.05490862e-02 -3.59740336e-02 -3.81173243e-02
  -4.73892407e-02  7.37095862e-02 -5.11514689e-02 -3.73996863e-02
   5.89372763e-02  9.14218621e-02  9.79947539e-02  1.22697960e-02
  -1.01073195e-01  2.00987667e-02  7.48223981e-02  5.41311737e-02
   8.73237326e-02  4.42155574e-02  4.19679729e-03  5.34267596e-02
   9.82697828e-03 -7.45615745e-02  3.03217556e-02  1.07654289e-01
   6.96890573e-02 -5.05430277e-02 -6.81275359e-02 -1.97548725e-02
  -5.11071583e-02 -3.45365799e-02 -5.08179243e-02 -5.17450307e-02
   5.58879514e-02  3.89594875e-03 -9.98573537e-02  4.90132606e-04
   7.97856803e-02 -1.84361288e-02  5.82037967e-02  4.10565925e-02
   2.90801093e-02  4.21503470e-03  1.09454901e-01 -9.34713440e-02
   3.79539098e-02 -3.16705567e-03 -9.68803069e-02  2.39855286e-02
  -2.12121885e-02  9.86371353e-02  5.24800817e-02 -2.47118830e-02
   1.28320191e-02  3.94919507e-02  3.73803802e-02 -9.85205535e-02
   4.31245838e-03  6.17170643e-03 -3.99707949e-02  5.99516293e-02
  -2.00717131e-02  5.70226888e-02 -4.92088721e-02  3.41350024e-02
  -1.07609475e-02 -7.30259262e-02 -1.08649812e-01  7.16677036e-02
   9.68056908e-02 -3.53381602e-02  1.27570302e-02 -1.98779748e-03
  -7.59355368e-03  5.96094418e-02 -3.29482644e-02  6.92693333e-02
   6.26374937e-02  2.47654823e-03 -8.01628259e-02  1.18153634e-01
   6.36231231e-02 -5.57526225e-02  3.54536949e-02 -1.78490286e-03
  -5.34923824e-02  6.22723914e-02  7.84227654e-02  7.11150596e-02
   5.56986145e-03 -4.37145683e-02  2.62037770e-02 -2.37273945e-02
   4.89954678e-02 -3.24939256e-02 -4.28007626e-02 -1.51117614e-02
   1.32212182e-02  8.97579634e-02 -8.24959716e-03 -7.98290607e-02
  -6.10053810e-02 -1.02527268e-01  5.41014157e-02 -1.74774443e-02
   1.22232088e-01  2.44248748e-03  2.95322600e-02 -5.40858040e-02
  -3.00671453e-02 -1.00545140e-01  9.11080049e-02  8.57694403e-02
  -9.86908350e-02 -7.55064044e-02 -1.59481297e-02  5.79422178e-02
   9.73211788e-02 -2.41798191e-02 -2.45482126e-02 -8.14660776e-02
  -6.33682278e-02 -3.63503812e-02 -7.18299715e-02 -4.85592784e-02
  -4.42895941e-02 -5.48556615e-02  3.78526957e-02 -4.70611026e-02
   1.82715193e-02 -7.64887545e-02  3.25914715e-02  1.14891274e-01
  -3.22879785e-02  1.33941929e-02  6.55929822e-02  6.17457327e-02
  -5.57383341e-02 -1.00278983e-01 -1.78980463e-02  5.54578396e-02
   5.91152395e-02 -3.30247143e-02 -3.87483917e-02  6.60015967e-02
  -9.05697113e-02  6.91065835e-02  2.07407683e-02 -1.03386582e-01
  -3.45913395e-02 -7.51879896e-02  3.57533629e-02  1.41856696e-02
   8.67817956e-02  8.24842561e-02 -4.49788234e-02  1.12504019e-02
  -9.30324118e-02  1.14452188e-01 -1.11818835e-02 -1.12389302e-01
   6.22915419e-02  2.61107083e-02 -7.09763069e-02 -2.39310961e-02
   1.02064787e-01  4.18753217e-02 -9.30575412e-02 -4.15676171e-02
  -4.74919025e-02  8.56652505e-02  9.65136389e-02  1.21769975e-02
   9.56926950e-02 -6.65770666e-02  5.82970317e-02 -1.61712412e-02
  -1.01756554e-01  2.73781337e-02  6.50536486e-02 -6.58066224e-02
  -9.01580617e-02  3.16496048e-02  2.96697912e-02 -8.06447699e-02
   1.04557134e-01 -9.16948835e-02  2.74076596e-02  4.77668103e-02
   8.55180604e-02  7.45155489e-02 -4.41917517e-02 -2.46278180e-02
   1.18949164e-01  9.98050342e-02 -1.34621911e-02 -1.07996161e-01
   9.68445742e-02 -8.59093967e-02 -1.03219078e-01  7.67070263e-02
   3.97374078e-02 -6.74074048e-02]
 [ 9.06853123e-02  4.59931397e-02 -1.23342179e-01 -2.36823992e-02
  -9.80143373e-02 -4.14803392e-02 -6.38224158e-02 -5.91341362e-02
   3.10140089e-02 -3.71942996e-02 -4.64289977e-02 -2.25626637e-03
  -1.89674140e-02 -4.98735050e-02 -9.70167269e-02  5.14512705e-02
  -7.46132788e-02 -8.50890063e-02  1.02830517e-01  6.31423135e-03
   2.86504459e-02 -8.29968958e-02 -8.71442040e-02 -7.88389007e-02
   6.54825604e-02 -2.62521033e-03  3.23306209e-02  8.67613040e-02
   8.13313696e-02 -4.30940769e-02 -2.13327573e-02  4.09085599e-02
  -6.22025967e-03 -7.05562038e-02  5.08168602e-02 -9.01644582e-03
  -7.33845270e-02 -5.49344924e-02  5.90805346e-02 -1.21759609e-01
  -1.69429776e-02  3.17638339e-02 -7.10663572e-03  2.71106211e-02
   3.25530467e-02 -9.43403462e-02  3.53744994e-02 -2.83319602e-02
   3.88396913e-02  1.65964131e-02  4.29897819e-02 -2.91506225e-02
  -1.00508841e-01  6.42789322e-02 -7.99171664e-02 -1.15839155e-01
  -2.87386095e-02 -2.15025056e-02 -2.83912072e-02  6.95890483e-02
  -7.91542080e-02 -1.10663041e-01  9.73744742e-02  7.96543855e-02
  -9.44369139e-02 -7.68891857e-03 -4.63238329e-02 -3.64345807e-02
   7.05843044e-03  2.16397597e-02  1.91217744e-02  9.39737701e-02
  -1.00065356e-01  1.42894335e-02 -3.44988889e-02  4.68224340e-02
  -3.00656402e-02 -8.81295171e-02 -1.09357335e-01 -6.02386015e-02
  -8.10510471e-02 -4.25017991e-02  3.35489884e-02 -9.45086940e-02
  -1.32814769e-01  8.65960152e-02  2.27103120e-02  1.16204041e-01
   3.72660909e-03  1.11337867e-02 -2.83614598e-02  2.48905974e-02
  -5.91955917e-03  2.87254077e-02  9.30648523e-02  3.61869416e-02
  -8.08157221e-02  8.73556638e-02 -1.22307002e-02 -8.07588583e-02
  -1.39555997e-02  6.52858097e-02 -3.25699785e-02  6.88439033e-02
  -4.15338281e-02 -5.47822759e-02  5.48063371e-03  5.69367081e-02
   1.47575694e-03 -2.70331460e-02  7.21226201e-02 -3.98723767e-03
   4.13259721e-02  1.06933755e-01 -3.95442181e-02  5.39561789e-03
  -8.44370652e-02  2.11559073e-02  1.26260110e-02 -7.93824818e-03
   6.60539267e-02 -8.82675009e-02  4.17351383e-02  3.87755140e-02
  -1.07953593e-01 -6.26800787e-02  3.78759045e-02  5.11844093e-02
  -2.72602413e-02 -7.54428830e-02  9.38542964e-02 -1.97686501e-02
   2.36133017e-02  1.17989701e-04  6.17139193e-02  1.17267237e-01
   8.49477911e-02 -5.02345986e-02 -3.11100442e-02  3.77680032e-02
  -5.89997978e-05 -5.72419748e-02 -9.27032402e-02  5.97310623e-02
  -6.55560706e-02 -1.10091163e-01  7.73614896e-02 -2.24775509e-02
   2.55109241e-02  1.94984413e-03  3.36337541e-02  1.24028900e-01
  -9.29108251e-02  5.10435323e-02 -3.88544112e-03 -7.81897372e-02
   9.65760567e-02  8.49011118e-02 -1.78669911e-02 -8.73946195e-02
  -8.20877166e-02  7.20051008e-03  7.48165274e-02  2.61420396e-02
   4.90671069e-02  9.74007099e-03  4.72749573e-02  8.69429048e-02
  -3.63095502e-02 -1.19275218e-01 -1.10403113e-01  5.35524261e-02
   3.93592699e-02  4.35623074e-02  3.39292757e-02 -9.44855776e-02
   4.40637481e-02  2.23377229e-02 -3.10737977e-02  8.90149797e-02
  -5.43079121e-02 -5.40099660e-02  7.84649593e-02  7.48580679e-02
   6.97342852e-02 -8.81341698e-02  8.96404676e-02  5.94098755e-02
  -7.85426922e-02  1.17876602e-01 -5.02668424e-02 -3.09537318e-02
  -7.91073055e-03 -7.91118940e-04 -1.86039731e-02 -8.47553814e-02
   4.71941957e-02  6.49559281e-02  1.19067606e-01  4.04117773e-02
   1.03745907e-01 -1.40752332e-02  5.49063933e-02  1.53626591e-02
  -6.21483850e-02  7.94868964e-02 -2.35945782e-02  6.29262055e-02
  -9.21050213e-02 -1.04319349e-01 -7.78476878e-02 -9.13100588e-02
  -2.35701751e-02 -4.35796274e-02 -7.76040528e-02  1.02944202e-01
   1.03274871e-01  5.82646096e-03 -7.23897916e-02 -5.79719735e-02
  -1.71287887e-02 -5.89356033e-02 -5.42266532e-02 -2.40053403e-02
  -4.70584400e-02  5.19782461e-03 -6.18521448e-02 -6.98566849e-02
   5.66897354e-03  3.08966536e-02 -9.83921046e-02  1.07193098e-01
  -7.67200541e-02 -2.21457052e-02 -8.49566688e-02 -3.86567196e-02
   5.94290955e-03 -9.06261006e-04  8.56551207e-02  1.25569315e-02
  -3.54409589e-02 -2.36923262e-02  5.25022812e-02  6.80964619e-02
   4.97979662e-02  1.70421199e-02 -9.64029767e-02 -3.00580429e-02
   2.65420100e-02 -3.77977490e-03]
 [ 1.17736524e-02  7.07475319e-02 -2.85568311e-02 -7.00735450e-02
  -9.98692204e-02 -2.89505481e-02  9.82986219e-02  8.63708035e-02
  -1.70580713e-02  7.47557353e-02  1.87123836e-02 -8.60860152e-02
   6.76172320e-02 -8.98412250e-02 -6.51276091e-02  7.32794417e-02
   5.56137471e-02 -3.87320774e-02 -4.35183861e-02  5.84729208e-02
  -2.11012602e-02  5.52127999e-02  3.30902010e-02 -8.67345052e-02
  -4.61979753e-02  5.14030813e-02 -1.01810643e-01  2.45775046e-02
  -3.65064925e-02  2.32915671e-02 -1.05848296e-01 -8.80375711e-02
   3.31254774e-02 -5.75094332e-02 -8.52377701e-03  4.35358611e-03
   2.77583047e-02 -5.78495903e-02  5.15231441e-03  5.31113523e-02
  -8.32005118e-02 -2.50034140e-02 -3.03667219e-02  7.86061731e-02
   5.25915656e-02  3.66009810e-02  1.00244635e-01  5.29217478e-02
   1.35408083e-01  2.19590001e-02  5.04462852e-02 -9.37224780e-02
   3.07831354e-02  8.60258969e-02  4.99083538e-02  3.59302729e-02
   6.14232700e-02 -3.17143599e-02  4.72217728e-02 -1.14411306e-01
  -7.82861377e-02  3.32688336e-02 -7.69870039e-02 -5.77741052e-02
  -6.44815161e-02 -6.61556518e-02 -8.13580009e-02  9.95390575e-02
  -5.40918297e-02  2.15374073e-02  5.64694558e-02  1.77821985e-02
   1.69418988e-02 -9.83196243e-02  7.31341511e-02 -5.77363113e-02
   7.07981131e-02 -8.91164155e-02 -1.93215010e-04 -9.20466713e-02
  -7.32134568e-02  3.65234997e-02 -1.14418712e-01 -4.51956428e-02
   4.78398545e-02 -1.10615766e-01 -6.08797540e-02  1.12267739e-01
   7.87604871e-02  9.63043921e-04  8.15651323e-02  6.05160409e-02
  -5.80336465e-02  7.88298412e-02 -2.16378612e-02  1.17161151e-01
  -1.34027806e-02  8.90296976e-03 -8.72348564e-03  8.13044923e-02
   3.75415758e-02 -6.83058990e-03  8.30648717e-02 -1.34054419e-02
   7.98781779e-02 -5.06159385e-03  5.94249775e-02 -5.04147447e-02
  -1.61913892e-02 -5.85031951e-02 -3.66576109e-02 -5.02303578e-03
  -1.15433756e-01  4.52616350e-02 -1.67228801e-02 -8.09430086e-02
  -7.71920132e-02 -5.05361487e-02  6.86257852e-03 -1.61485955e-02
  -2.19514360e-02  7.64931105e-02 -2.47685666e-02  5.19855723e-02
  -4.23661778e-02  3.16111878e-03 -2.82966847e-02 -4.73434856e-02
   5.18976149e-02 -5.65533902e-02 -5.83878172e-02  6.78487862e-02
   8.09329911e-02  7.18647390e-02  1.19731266e-01 -2.85218098e-02
   3.60960374e-02  9.26353171e-02  7.41037053e-04 -5.75774037e-02
  -3.78508565e-02  6.64846177e-02 -2.88603027e-02 -6.94747624e-02
   4.35529316e-02  9.73821522e-02 -5.95347601e-02  2.59637153e-02
   2.43093984e-02  9.09873246e-02 -4.86082558e-02  5.96335763e-02
   3.07547327e-02  9.70320826e-03  2.18089998e-02 -6.53397907e-02
   2.92180764e-02  4.54569658e-02 -1.58182369e-02  8.14211379e-03
   8.84023905e-03  5.16284673e-02 -2.94330278e-02  5.07930639e-02
  -8.03149349e-03  4.84113920e-02  5.11973537e-02 -6.07909765e-02
  -1.48569632e-02  8.55003799e-02 -8.34707132e-02  4.16524104e-02
   5.31086775e-02  1.15011165e-01 -9.87326304e-02 -3.92583796e-02
   8.10604562e-02  3.78145162e-02  9.03333363e-02 -6.39519535e-02
   6.52787208e-02  3.63119235e-02 -3.17127106e-03  7.95617829e-02
   1.04940032e-01 -1.81730920e-02  7.98577161e-03 -1.15091131e-02
  -6.35400742e-02 -8.41446566e-02 -8.47691910e-02  2.28255439e-02
  -1.25510674e-01  1.09958626e-01  1.60163334e-02 -1.23614234e-01
   2.37151104e-02  1.18198538e-01 -8.14247311e-02 -3.85144989e-02
  -3.50276718e-02  6.05433987e-02  1.12862550e-01 -8.84173702e-02
   2.69674048e-03 -8.76695107e-03  4.64159029e-02  1.00555973e-01
   6.38215426e-02 -1.00812358e-01 -9.14500412e-02 -2.27331788e-02
   3.72282570e-02  7.77305499e-02 -2.58629140e-02  9.08875804e-02
  -1.56106269e-02 -3.95167381e-02  5.58878460e-02 -1.90185996e-02
   8.61640671e-02  8.74254468e-02  5.65894421e-02  8.26196281e-02
  -1.00324724e-01  3.77284640e-02  3.60965973e-04 -1.41318457e-02
   2.81457597e-02 -6.41667769e-02  4.26205492e-02  1.38104078e-02
  -3.98170559e-02 -7.33083563e-02 -8.32166604e-02 -8.20472744e-02
  -1.58827926e-03 -4.82042578e-02 -1.23789088e-01 -4.34237198e-02
   9.62571620e-02 -1.24885712e-02 -8.04856900e-02  2.20745330e-02
   7.97632747e-02 -7.60221244e-02  6.65899644e-02  8.13573634e-02
   1.73350604e-02  5.49623394e-02]
 [ 9.18590539e-02  3.71836920e-02  5.63572364e-02  1.79135441e-04
   9.01031835e-02  1.88066688e-02  1.49583859e-02  8.74179941e-02
  -3.06412841e-02  8.13802271e-03  6.60716350e-02  4.35320177e-03
  -4.86153427e-03  6.64933784e-02  3.11504905e-02 -4.78265383e-02
   9.02143582e-03 -4.11331330e-02  6.89086788e-02 -3.61074587e-02
  -1.10655414e-01  6.47283364e-02 -2.29905311e-02 -4.41902937e-02
   2.03073179e-02  1.04812744e-01  8.07984201e-02  9.69545910e-02
   5.42703230e-02 -3.44560085e-02 -1.14050327e-02 -2.60159597e-03
  -7.89498953e-02 -2.55943205e-03  5.32818954e-02  2.80639287e-02
  -6.33045853e-02  6.19522889e-02 -5.14999997e-02  4.94480045e-02
  -8.43217144e-02  6.66648358e-02 -6.83737395e-02 -5.50285836e-02
  -8.98400668e-02 -9.10051146e-02  1.90246101e-03 -5.60790600e-02
   4.98582631e-03  6.21611344e-02  7.31110623e-02 -2.99296738e-02
   3.85928791e-02 -7.44147272e-02  9.71583108e-02 -6.10796950e-02
  -7.89241712e-02  5.08424824e-02 -8.65749226e-02  8.63366331e-02
   1.19912353e-02  3.52584151e-02 -8.24675776e-02 -2.19355958e-02
   1.04424257e-01  7.89003729e-02  6.11306455e-02  2.45349997e-03
  -9.41790942e-02  4.44142462e-02 -9.95105681e-03  2.40537110e-02
  -4.82562993e-02 -7.08944167e-02  8.08489193e-02  7.71849650e-02
  -7.02684750e-02 -7.17712658e-02  6.76468310e-02 -5.02192780e-02
   5.61944465e-02 -4.43831656e-02  7.95069695e-02 -4.32151311e-03
   6.85972371e-02  1.01797682e-01 -5.92497860e-02  3.64895805e-02
  -4.85173059e-02  5.86670256e-02 -5.41168526e-02  2.25415239e-02
  -6.60910268e-02  5.02678975e-02 -7.41924960e-02 -2.75124563e-02
   8.24244365e-02 -6.84119864e-02 -1.36563542e-02 -2.14602857e-02
  -1.66741601e-03 -6.31175147e-02 -8.57512412e-02 -6.32327293e-02
   6.27334012e-02  6.97996860e-02  4.84777558e-02 -6.35575268e-02
  -1.00070055e-01 -2.08480493e-02  5.47044167e-02  3.56218953e-02
   4.84752688e-03 -8.68897302e-02  2.99102399e-02 -7.20159939e-02
  -8.71401753e-02 -2.96665258e-05 -7.28888761e-02  1.10650934e-01
   5.55962964e-02 -7.08017522e-02 -1.11418774e-01  7.82728539e-02
  -8.71255605e-02 -9.08025135e-02 -1.21876818e-01 -7.73534810e-02
  -6.71439994e-02 -1.43584515e-02  7.04273158e-02 -1.74542317e-02
  -1.05357270e-01  4.81650213e-02 -6.32020725e-02  1.04031054e-02
  -4.71254301e-02  8.60271179e-02 -5.57959531e-02 -6.90667471e-02
  -7.06811491e-02  3.29025794e-02 -5.00984783e-02 -9.04212839e-02
  -3.89395297e-02  7.48870848e-02 -7.20434629e-02  6.25280480e-02
  -2.75340293e-02  8.50115141e-02  7.04624860e-02 -9.65442497e-02
   6.66342686e-02  1.02224777e-01 -8.99745260e-02 -2.96551598e-02
  -6.59749435e-03 -2.02109912e-02  1.04720829e-01  1.04051125e-01
   6.41377112e-02  4.98478690e-03 -1.21788826e-01 -7.84164760e-02
  -4.85043982e-02 -4.50951410e-02  5.40587052e-02  6.73293279e-02
   9.15444039e-02 -9.92150134e-02 -9.25461290e-02  9.52507836e-02
   3.06862848e-02  7.62205393e-02  7.76515178e-03  1.10618290e-02
   2.11855581e-02  8.93221913e-02 -5.17134238e-02  4.51784608e-02
  -4.54409899e-02 -5.28872874e-03  4.73662838e-02  4.13506529e-02
  -1.12547889e-01  4.84287350e-02  4.80179906e-02 -2.07110587e-02
  -2.57644882e-02  9.26064182e-02 -1.04318213e-01  6.12531463e-02
  -6.79379873e-02 -1.17769126e-02 -4.84115969e-02  5.51065975e-02
  -4.97851015e-02  9.42447128e-02  1.95669873e-02 -6.13824733e-03
  -4.63196272e-02 -9.06062918e-02  8.05457226e-02 -4.35434697e-02
   3.39280209e-02  1.01871473e-01  2.17103894e-02 -4.76996096e-03
  -3.33979437e-02 -3.48904018e-02  6.89632094e-02  5.99535204e-02
  -5.03817940e-02 -8.83398727e-02 -3.57971147e-02  2.21468056e-03
   1.00671189e-01  7.38275639e-02 -3.76612169e-02  4.77849973e-02
   1.22727669e-01 -6.84664834e-02  7.20315690e-02  8.38362388e-02
   4.92611499e-02  5.14119211e-02 -6.63213573e-02 -4.58392951e-02
   5.57095049e-02 -2.27465617e-02 -1.63285065e-02  3.90840086e-02
   9.30871553e-02 -6.11712519e-02 -5.24856700e-02  5.35171727e-03
  -6.04864830e-02  1.16066828e-02  2.30415910e-03  1.70984571e-02
   1.24208920e-01  8.16728499e-02 -4.78139956e-03 -8.08571718e-02
  -6.27856703e-02 -2.06517709e-02 -5.64950451e-02 -5.42216008e-02
  -1.13072506e-02 -5.90266881e-02]
 [-3.75494377e-02 -1.88331606e-02 -3.07156224e-02 -6.15728722e-02
  -1.80947751e-03  6.59160798e-02  1.10531045e-01 -7.52654082e-02
   2.87332387e-02  6.37110131e-02 -9.46876031e-02 -1.36778340e-02
   7.99221877e-02 -1.44868956e-02 -6.48572346e-02  9.81506966e-02
  -9.95874802e-02  9.83042922e-02 -1.87961496e-02  9.74906919e-02
   3.07352248e-02  8.03551895e-03  1.35538363e-01  2.06216509e-02
  -8.20182107e-02  8.61131189e-02  1.85433034e-02  8.59113520e-02
  -4.17126702e-02  6.36341196e-02  9.15415560e-02  6.19270058e-02
  -2.64335514e-02 -3.32554541e-02 -2.11057401e-02 -7.12042872e-02
   4.27430965e-02 -9.65950571e-02 -4.71126682e-02  3.43381476e-02
  -1.15167828e-01 -9.62733835e-03  3.46202228e-02  2.13593941e-02
   3.69590882e-02 -1.20211152e-01 -3.00809642e-02  5.95835851e-02
   1.04514872e-02  7.87582196e-02  9.72553552e-02 -5.44574918e-02
  -1.42246439e-01 -2.78195459e-02  6.11720913e-02  1.08648499e-01
   7.92343654e-02 -3.31541121e-02 -2.87744226e-02  1.40539643e-01
   9.91652622e-04 -2.62185711e-02  7.73608907e-03  5.43975897e-02
   1.05361266e-01 -8.27954346e-02 -2.56159469e-02 -5.24725931e-02
  -2.93284864e-02  6.11909048e-02 -5.48729192e-02  5.21293631e-02
  -8.61897638e-02 -4.93932482e-03 -1.09922903e-01  9.15503091e-03
  -2.54407783e-02  9.14257318e-02  4.19419086e-02 -8.55941888e-02
   4.58628692e-02  5.23050645e-03  2.29849530e-02 -5.88919897e-02
   1.19072443e-01  2.88870024e-02 -6.10226640e-02 -3.37319050e-02
  -6.43940455e-02  8.09156338e-02  1.26512854e-01 -1.60259258e-02
  -6.42882414e-02 -1.01912848e-01 -1.52129612e-02 -1.81143072e-02
  -1.99757924e-02 -1.27981632e-02  1.42565678e-02  2.33956429e-02
   2.94152996e-02 -1.27604633e-01  8.35574360e-02  1.84679388e-02
  -4.48147400e-02 -8.82243588e-02  3.00570610e-02 -9.70092708e-02
  -2.52710001e-02 -2.98830274e-02 -9.03382518e-02  5.35009076e-02
   2.20443690e-02  6.54978810e-02  3.81292448e-02  2.49200800e-02
  -1.96040952e-02  1.81157421e-02  3.10485026e-02 -9.63697263e-02
  -4.79039170e-02 -6.98234564e-02  9.14864613e-04 -1.41382471e-02
   7.24053188e-02 -5.99791926e-02 -2.40306514e-02  8.47238836e-02
   2.00233598e-02  5.71672766e-03 -2.85124608e-02  3.02805314e-02
   4.53701244e-02 -5.18872509e-02 -6.08343408e-02 -1.89299094e-02
   1.23071970e-01 -4.47208812e-02 -7.35032043e-02  1.03280156e-01
   4.94573131e-02  2.92983403e-02  4.15096610e-02  2.86588612e-02
   1.93369013e-02  8.51016510e-02 -7.92073839e-02 -8.77370900e-02
  -2.93716171e-03 -5.15895704e-02 -6.04394645e-02 -1.10087875e-01
  -9.29821073e-02  1.16115611e-01  1.42749505e-03  7.71680868e-02
   1.23251394e-01 -1.01893042e-01 -4.23034635e-02  5.41512503e-03
  -2.39483937e-02 -5.87939286e-03  8.91921622e-02  2.72498495e-02
   1.58008212e-02  4.47239421e-02 -6.30299811e-02  5.89803249e-02
   1.04427554e-01  1.14294371e-02  6.96153483e-02  2.66689965e-02
  -1.00053709e-01  7.85470997e-02 -3.15369726e-02  3.51351039e-03
   7.42504596e-02 -7.85444454e-02 -3.80406803e-02 -4.93682918e-02
  -3.46668197e-02 -1.07323873e-01  1.06029254e-01  4.81335431e-03
  -6.86490068e-02 -3.99924572e-02 -3.08797008e-02 -7.08567653e-03
  -2.81183226e-02  1.01856184e-01 -5.02994924e-02  1.76893865e-02
  -7.35808170e-02 -7.95758812e-02  6.96965410e-02 -1.29287776e-01
  -3.62647863e-02 -9.94554720e-03 -3.05380347e-02  1.13695764e-01
   4.89292823e-02  7.93641552e-03  5.42619488e-02  6.02181031e-02
   6.92659597e-02  5.12911755e-02 -6.01338288e-03 -5.56144674e-02
  -2.11268774e-02 -7.68171572e-02  5.65323887e-02 -7.49362466e-03
   7.99959787e-02 -9.39696372e-02  3.22472226e-02 -1.59624055e-03
  -1.92525539e-02  5.43129809e-02  4.24097385e-02 -6.45264810e-02
   6.00283610e-02  3.90170747e-02  5.34103551e-02 -2.96261888e-02
  -6.23348657e-03  6.57071270e-02 -3.08155980e-02  4.47390128e-02
   4.55157024e-02  2.96368749e-03  3.10683554e-02 -1.03198506e-01
  -3.79399986e-02 -3.50086100e-02  3.68509321e-02  1.30755899e-01
   5.93406427e-02 -5.72383139e-02  1.10686777e-01 -3.91375777e-02
   6.75857309e-02  6.09730575e-02  1.45595335e-02  6.84478860e-02
  -7.64140481e-02  4.03590906e-02  8.36516608e-02  4.37999421e-02
  -4.70671213e-02  2.87456322e-03]
 [ 8.90309709e-02  4.57621630e-02 -5.64199735e-02 -7.00750033e-02
   2.81209619e-03 -2.37075643e-02 -4.81932150e-02  3.47929856e-02
   1.17058494e-01  7.92626198e-02 -8.50834384e-02 -8.40580418e-02
  -1.64031174e-02  7.69087733e-02  6.69711638e-02  3.13024663e-02
  -1.15949076e-01 -2.00179082e-02 -5.40362022e-02  5.25410653e-03
   5.97118676e-02 -7.28054307e-02  2.45455901e-02 -1.02490369e-01
   1.67181827e-02  1.30130480e-02  9.63250747e-02 -8.63467546e-02
  -5.29844454e-02  7.21808056e-02  3.68658709e-02 -7.96831342e-02
   1.56892952e-02  9.65733909e-02  5.35679720e-02  4.66752009e-02
  -9.88402676e-02  1.86889988e-02 -4.02683084e-02  3.38179044e-02
  -1.64360684e-02 -5.41130519e-02 -6.92668289e-02  9.07644054e-02
   9.85886402e-02 -4.30266164e-03  5.43444063e-02 -4.49679166e-02
   5.37458211e-02  5.59205812e-02 -9.62587729e-02  9.50156754e-02
   3.75900384e-02  8.24102421e-02 -1.09167154e-02 -1.27442848e-01
  -4.49980718e-02  6.71117227e-02 -6.96312226e-02 -1.86064045e-02
   6.47937823e-02  2.40569198e-02  2.19633614e-02  1.85883283e-03
   9.73882010e-02 -5.85605802e-02 -1.34422707e-02 -4.46870456e-02
  -5.03864502e-02 -8.65412793e-02 -6.73388099e-02  8.64535910e-02
   7.81326210e-02  3.29041296e-02 -8.93031741e-05 -6.02418739e-02
  -2.61872074e-02 -5.05047053e-02  5.17276429e-02 -8.47229166e-02
   4.27383938e-02 -8.23846321e-02 -4.89529979e-02 -3.64872388e-02
  -5.67253590e-02  6.90976913e-02 -1.12708398e-01 -4.79090093e-03
   6.53090909e-03 -6.12245261e-02  3.56923622e-02 -7.21251795e-02
   8.55569752e-02  3.51472724e-02  4.19740656e-02 -6.13996749e-02
   8.94719425e-02  1.23778576e-01  6.37514859e-02  3.77150489e-02
   7.27260343e-02 -2.73816142e-02  9.48237042e-02 -8.69613460e-02
  -7.30587950e-02 -9.55180720e-02 -8.53363411e-02  4.70206612e-02
   9.31983638e-02 -9.86270548e-02  5.44424781e-02 -6.27829529e-02
   1.21133398e-01  1.55176735e-02  5.80648956e-02 -1.17829163e-02
   6.58306765e-02 -3.91095811e-02 -1.04932515e-02 -5.77854271e-02
   8.17350953e-02 -5.61062511e-02  1.84556380e-02 -8.28319108e-02
   7.23977918e-02  7.09168032e-02 -9.21741802e-02 -5.18983225e-03
   7.06632489e-02  2.77741585e-02  3.02175683e-02 -2.84970717e-02
  -2.06499866e-02  7.45210090e-02  5.14061886e-02 -9.63676436e-02
   7.02025601e-02  5.03110506e-02  4.55157537e-02  4.90322222e-02
  -1.42574526e-02  1.04791554e-01  9.03754412e-02  3.76338963e-02
   2.50151792e-02 -8.47895038e-02 -1.12162672e-02  9.83661992e-02
   6.85796191e-03 -2.01591961e-02 -6.75756869e-02  3.56773876e-03
   7.45877029e-02  9.84558932e-02 -3.58447467e-02 -2.77206512e-03
  -5.87141385e-02 -8.15844370e-02 -3.94921883e-02  5.83623069e-02
  -3.08419040e-02  4.42606099e-02  2.84126200e-02 -6.02668884e-02
  -9.61444502e-02  3.33937614e-02  1.01462017e-01  5.73016282e-02
  -7.58834046e-02  3.62624598e-02 -2.20264803e-02  9.12873505e-02
  -4.67412435e-02  4.66888441e-02  8.44045331e-02  6.51967439e-02
   5.47515819e-03  1.02130608e-01  6.59466916e-02 -3.84709959e-02
   8.50502441e-02  2.02990855e-02 -3.89830892e-02 -5.21237506e-02
   1.83287613e-02  1.00098922e-01  4.90794864e-02 -1.34388942e-02
   1.12116470e-01 -6.01635583e-02 -7.74124681e-02 -7.14349005e-02
  -2.80278904e-02  9.28389939e-02  3.81874641e-02 -3.89341409e-02
   1.37634913e-01 -4.67663487e-02 -7.33110457e-02 -7.74570825e-02
   4.72733671e-02 -8.73715324e-02  3.73167172e-02  4.35870567e-02
   3.63472048e-02  9.46821239e-02 -3.04395033e-02 -5.21191121e-02
  -7.39658880e-02  3.31120819e-02  5.95417069e-02 -5.25459551e-02
  -6.28294096e-02  3.21886122e-02 -8.71468467e-02  1.97791388e-02
  -1.84933012e-02  6.37380225e-02 -3.89072864e-03  7.81114207e-02
   9.54919165e-02 -4.64108267e-02 -7.61178202e-02 -7.35727110e-02
  -3.45820647e-02 -2.29277022e-02 -1.88444052e-02  4.34575623e-02
   1.33694756e-02 -5.26716075e-02 -4.07618415e-02  1.06886400e-02
  -8.98658392e-02 -2.74481256e-02  8.81308505e-02  3.71630528e-02
  -8.53072437e-02  3.28755303e-02  8.92875564e-02  5.66177632e-02
   5.97194798e-02 -7.22122450e-02 -6.75709135e-02  9.86664397e-03
  -1.16634304e-02  4.62774395e-02  9.51560781e-02 -2.36005175e-03
   9.24689324e-02 -3.34415910e-02]
 [ 7.67328354e-03  4.37419373e-02 -1.32131323e-02  1.57293982e-02
  -3.35847862e-02 -1.16063973e-01 -9.78643754e-03 -1.71498822e-02
  -6.60333733e-02  6.07674563e-02  6.85757300e-02  1.88383266e-02
  -1.10655832e-02 -6.80149886e-02  2.02775560e-02  1.34680167e-02
   1.08494253e-01 -2.14048816e-02 -5.10188745e-02 -2.13842935e-02
   1.15420475e-01  9.14041023e-02  5.42944246e-02  8.93852668e-02
  -2.67909507e-02 -1.22603872e-02 -1.07560973e-01  6.38382754e-02
  -5.80193857e-02  2.04652677e-02 -2.43009837e-02  2.29314161e-02
   4.33111458e-03 -2.86672242e-03 -6.69055241e-02 -8.54522425e-02
  -9.18806992e-02  3.55442979e-02  1.03171075e-01  2.65490894e-02
   2.67272433e-02  3.36010807e-02  1.08503387e-02 -7.81990369e-02
  -1.24896097e-01  5.06740072e-02  3.64921444e-02  1.24406573e-01
   7.02402414e-02  1.05158607e-01 -3.01351678e-02  1.00296017e-02
   1.50981718e-01  7.28047337e-02  1.00489276e-01 -3.25580736e-02
  -5.80437469e-02  1.15545638e-01  1.18324318e-01  2.16088971e-02
   1.05311734e-01  7.26482780e-02 -5.95300361e-02  2.11410929e-02
  -4.61196307e-03 -4.90174599e-02 -7.27351946e-02  7.18492488e-03
   8.65081829e-02 -3.04941770e-02  2.21671595e-02  5.88904482e-02
  -2.11922970e-02 -2.77391473e-02 -4.33201113e-02 -4.06121306e-02
  -2.34760018e-02  6.49631037e-03  7.14189249e-02 -1.37692291e-02
   3.82048351e-02 -7.09044001e-02 -4.96692502e-02  9.20734397e-02
   2.87539283e-02 -1.31282499e-02 -7.44901338e-02 -2.20513383e-02
   3.01130853e-02  7.79591859e-02  2.87276436e-02 -7.41434552e-02
  -3.19734556e-02  1.06972557e-01 -2.19109383e-02  5.38928744e-02
   7.02808264e-02 -5.26225817e-02  4.55278830e-02 -1.05858378e-01
  -8.24754033e-03  4.63097940e-02 -5.96869189e-02  4.78517456e-02
  -5.38793409e-02  1.19510983e-01 -6.04410214e-02  3.91370216e-02
   2.47523055e-02  6.17396714e-02 -2.22631884e-02 -1.35127172e-01
   5.60158748e-02  9.56448672e-02 -6.57800196e-02  7.90953886e-03
   3.69697316e-02  1.23025561e-01 -4.21317286e-02 -7.53515792e-02
   8.20698488e-03 -5.41122104e-02  5.65993766e-03 -3.63252476e-02
   2.30245549e-02 -3.76767086e-02  7.48387346e-02  1.15820271e-02
   7.41535553e-02  2.48740715e-02 -1.29605420e-01 -9.68918316e-02
  -3.22385461e-02 -5.72557359e-02  8.92305583e-03  3.22029730e-02
  -1.56853274e-04  1.08576467e-01  9.79826725e-02  4.39871396e-02
  -5.88659075e-02 -3.67833727e-03  2.07087932e-03  3.31532663e-02
   7.31950761e-02 -9.06414088e-02 -5.41813784e-02  5.00655091e-02
  -2.31498121e-02  9.89587344e-02 -5.00878571e-02  4.27815003e-02
  -1.28846767e-01  3.84630192e-02 -6.99204199e-02 -2.13377982e-02
   9.52336859e-02 -7.64116298e-02 -5.15447228e-02 -5.02780794e-02
   5.53580371e-03 -1.09870870e-01 -5.15808066e-03 -2.14967797e-02
  -3.99323309e-02 -7.39104981e-02  5.58908574e-02 -1.16144040e-01
  -7.36825477e-02 -6.49211789e-02 -2.12327506e-02 -4.04271253e-02
   4.08075690e-02 -5.21148794e-02  5.41562760e-02  5.61419119e-02
  -7.81547981e-02 -1.55799243e-02 -6.45330671e-02  2.78475796e-02
   2.01858216e-02  9.06391938e-02  6.79403591e-02  7.70581520e-02
  -7.84943427e-02 -5.19148165e-02  6.15982495e-02 -2.46312848e-02
  -8.26067694e-02  5.22101805e-02  9.36994099e-02  1.04777620e-01
  -1.07347938e-03 -2.94315742e-02 -4.56890455e-02 -5.98638293e-03
   9.53322626e-02 -1.36204902e-02  7.35740280e-02  6.99747717e-02
  -8.46104541e-02 -5.26025279e-02 -1.34263097e-02  7.25301229e-02
  -2.17882752e-02  9.40776270e-02  9.02923409e-03 -9.31934106e-02
   1.42614362e-02 -1.21528882e-01  7.60101942e-02  4.79813600e-02
   8.50281985e-02  4.70429855e-05 -1.03934449e-01 -3.17060068e-03
  -7.61112290e-03  5.00391346e-02 -1.02502153e-01 -7.83931949e-02
   7.27202930e-02  8.17177279e-02  3.34139019e-02  5.02196718e-02
  -4.51163067e-02  1.79259724e-02  5.10536453e-02 -2.17911633e-02
  -4.53713342e-02  3.78634404e-02 -4.88189603e-02 -8.39999874e-03
  -1.00114168e-01 -7.55532398e-02 -4.30972122e-02  4.15010895e-02
  -4.06321648e-02 -4.79269782e-02  7.82811801e-02 -7.02624586e-02
  -3.92803888e-02 -8.19102656e-02  3.21460773e-02  5.93396460e-03
  -1.51027906e-01 -9.96150398e-02  4.83556509e-02 -2.86016752e-02
   4.58583128e-02  1.33794354e-02]
 [-9.39336085e-02  5.02384699e-02 -9.78809638e-02 -5.62140830e-02
   1.15355029e-02 -1.96566202e-02  6.78771492e-02  7.27531796e-02
  -6.08887127e-03 -8.32781983e-02  8.96269288e-02  8.48620110e-02
  -1.95308161e-02  4.20750950e-02  7.72971810e-02 -3.39995062e-02
  -2.47553816e-02  1.70314538e-02 -7.64290548e-02 -2.03657647e-02
  -9.21111665e-02 -1.37289529e-02 -2.40181955e-02 -3.24073982e-02
   4.31419456e-02 -1.09652310e-01  2.92049975e-02 -9.43281525e-02
   3.66378369e-02 -1.07381951e-01 -8.38338888e-02 -5.29801217e-02
   8.04473879e-02 -3.63528061e-03 -1.11388921e-01  1.03521157e-02
  -2.95733923e-02 -7.26185645e-02  6.02239276e-02  3.59633695e-03
  -3.52295161e-02 -1.08283715e-01  9.16328314e-02  3.66910255e-03
  -1.12798571e-01 -6.81621382e-02  7.38884114e-02  6.19287485e-02
  -5.62462476e-02  7.08094799e-03  1.08753679e-01 -8.08079097e-02
   1.34946032e-02 -1.75688337e-02  2.99853142e-02  2.71445552e-02
   7.83239137e-02 -3.95170540e-02 -5.44050701e-03 -7.59279571e-02
   7.30836206e-02 -2.70986262e-02  1.08512848e-01  6.00743896e-02
   6.85003577e-02  9.99771429e-03  7.19715502e-02 -8.62115136e-03
  -1.69455081e-02 -9.44257826e-02 -1.58455466e-02  3.07915527e-02
  -3.78445711e-02 -8.51602855e-02 -2.36662027e-02 -6.79505869e-03
   4.83541727e-02 -7.55872123e-03  8.07801550e-02  3.76779474e-02
   4.36433141e-02  5.40631070e-04 -9.02925032e-02  7.73599870e-02
   6.83451462e-02  9.17465450e-02  1.69405320e-02 -8.32789861e-03
  -4.43735954e-02 -4.14355906e-02  5.13926922e-02 -2.38096060e-02
   1.87402395e-02 -1.02571812e-01 -2.05951830e-02  2.69009677e-02
   1.20255030e-01 -1.39741489e-01  5.03403471e-02  5.63903153e-03
   1.67974629e-02  7.04818479e-02 -1.87671858e-02 -2.96519672e-02
  -1.12186809e-01 -6.66868248e-02  4.94712392e-02  7.64638083e-02
  -3.15317985e-02 -9.48321910e-02  2.03520726e-02 -5.70846912e-02
  -4.90485124e-02  2.45076988e-03 -1.04136298e-01  3.55523316e-02
  -5.51826011e-02  8.80728525e-02 -3.66853405e-02  6.80832532e-02
   7.51904148e-02 -7.42319858e-02  2.61556995e-02  6.94295873e-02
  -1.31642726e-01  6.48863216e-02  6.44328709e-02 -1.25032769e-01
  -4.69905605e-02 -2.78804517e-02 -4.04044571e-02 -1.46892223e-02
   2.00224934e-02 -8.72851119e-02 -1.15932024e-02 -4.95492709e-02
   1.09603998e-01 -4.64366598e-02  5.13549659e-02  3.98821433e-02
   2.48428265e-02 -1.97632122e-02 -9.15808086e-02 -4.43274271e-02
  -7.12016313e-02 -4.57312677e-02 -3.09400761e-02 -1.00838682e-01
   7.30413089e-02 -7.09688253e-02  1.09476285e-01  5.46232388e-02
  -2.67099460e-02  8.72418253e-02 -6.85508830e-02 -3.58259878e-02
   3.22742182e-02  4.55517579e-02 -8.72248001e-02  1.17012680e-01
  -7.22477119e-02  7.94409265e-02 -1.23017248e-01 -1.05126769e-01
  -8.15629586e-02  2.01670294e-02  4.14886039e-02 -3.24638397e-02
  -6.28832126e-02  6.06786839e-02  1.11711716e-01  9.20789542e-02
   6.48373406e-02  7.57560482e-02 -8.29205290e-02 -1.64164424e-03
  -4.47879571e-02 -6.56899806e-02 -2.86575815e-02 -3.16942431e-02
   4.77783245e-02 -9.71531274e-02 -5.88066274e-02  1.22344957e-01
  -1.03034039e-02 -1.17128147e-01 -7.03242292e-02  2.31842432e-02
   5.15713839e-02  4.55774862e-02 -2.64091221e-02 -2.10884614e-02
  -8.99990994e-03  2.27408197e-02  1.21436954e-01  5.49922522e-02
   2.12554441e-02 -5.19422533e-02  5.55726639e-02 -7.47453502e-02
   5.01739079e-02 -7.92279719e-02  1.09860707e-01  7.73877391e-02
  -4.06138302e-02 -1.47618356e-02 -1.83379325e-02 -6.30812561e-02
  -1.42604160e-02 -4.66066632e-03 -5.85731835e-02  5.40679078e-03
  -5.36514910e-02  1.06389733e-02  2.83122604e-03  3.32321524e-02
  -1.80875610e-02  7.11033286e-02 -5.09971772e-02 -3.32665705e-02
  -4.72009853e-02 -3.63969689e-02 -1.07622852e-02 -2.11081049e-02
  -1.07094011e-01 -9.84804934e-02  8.18326673e-02  5.23404211e-02
   6.85763493e-02  4.37569237e-04 -5.27489210e-02 -8.16517564e-02
   5.22924804e-03  5.17803534e-02  7.90402282e-02 -2.33857671e-02
   9.36856454e-02 -7.50034159e-03 -7.38959481e-02 -6.10840212e-02
   3.70674125e-02 -5.18169863e-02 -2.91733626e-02 -8.49721648e-02
  -6.98344903e-03  1.95860834e-02  8.76384722e-03  1.00798894e-01
  -7.02121138e-02 -8.17680862e-02]
 [ 1.23601714e-01 -5.25754845e-02 -4.90522745e-02 -2.75768922e-02
   5.50006578e-02  5.80420779e-02 -5.06314008e-02 -5.01704750e-02
  -7.77480746e-02  6.99130529e-02 -8.36449837e-03 -5.16205794e-02
   2.87553529e-02  3.86721650e-02 -1.05129804e-01 -1.06429021e-01
   7.47334013e-02 -9.46085366e-02 -6.80767234e-02 -4.12482619e-02
  -5.85525292e-02  9.41279561e-02  1.10603217e-02 -9.25853675e-02
  -1.38129976e-02 -2.20478872e-02 -6.86719237e-03  4.79516135e-02
  -1.12863150e-01 -5.66020214e-02 -5.32971114e-02  5.19724169e-02
  -4.08796398e-02 -6.06504107e-02 -8.65726888e-02 -7.70062569e-02
  -5.63005091e-02 -8.62813822e-03 -4.32428549e-02 -1.46992752e-02
   4.85811300e-02  2.39429378e-02  1.99122496e-02  5.29373686e-02
   1.21695521e-01  7.65114686e-02  1.04952025e-01 -8.45329798e-02
   2.87843301e-02 -1.03659062e-01  9.41402747e-02  5.01121249e-02
  -1.08611155e-01  4.88295718e-03 -5.49349814e-04 -3.63625102e-02
   2.03522918e-02  2.30936329e-02 -1.00108273e-01  6.14708525e-02
  -6.75799113e-02 -6.60485376e-02 -6.22302451e-02 -1.16130580e-02
   7.11467392e-02  5.46673140e-02 -9.98137488e-02  6.65339262e-02
  -6.69975667e-02 -6.54636752e-02 -6.39439394e-02 -4.93296402e-02
   2.97488052e-02  2.45246084e-02  1.00149190e-03  2.47737258e-02
   8.07619831e-02  9.32543042e-02 -5.82959027e-02  9.28532368e-02
   1.14101494e-01 -1.02909419e-01  7.32637837e-02  9.13605833e-02
   3.53552687e-02  4.97023389e-02  1.01137064e-01 -7.79406371e-02
   9.78061037e-02 -5.42808332e-02 -4.25946730e-02 -8.92523202e-02
   2.38155870e-02  6.66299266e-02 -7.10900692e-02 -1.38395494e-02
   7.69320527e-03 -2.64200157e-02 -6.62762210e-02 -5.47967446e-02
   4.60094166e-02 -4.74553467e-02  1.02593741e-03 -2.98051828e-02
  -5.70449823e-02 -3.05200581e-02 -1.10174173e-01 -3.40826410e-02
  -7.90123348e-03  1.03022223e-01 -2.25692222e-02  4.09855886e-02
  -2.70961025e-02  9.05874377e-02 -7.77719527e-02 -3.57096326e-03
  -3.17056304e-02  4.19047755e-02 -4.41463601e-02 -3.96097436e-02
   6.41269550e-02 -4.78999315e-02 -9.56136035e-02 -6.02530273e-02
  -8.79030380e-02 -3.22325051e-02  8.35329713e-02  5.87604011e-02
  -6.99678314e-02  5.24851384e-02 -5.09547096e-02  1.45908278e-02
  -5.78599195e-02 -8.68380868e-02  8.54105424e-04  7.22165204e-02
  -4.17429120e-03  4.31853046e-02  2.44851718e-02 -7.93761807e-02
  -3.77943815e-02  9.43362097e-02  7.08650215e-02  3.29021508e-03
  -2.72523086e-02  2.77475947e-02 -3.54056566e-02 -5.68897310e-02
   6.50839893e-02 -7.30916460e-02  7.56322535e-02  5.76719470e-02
  -8.70299407e-03  7.60839942e-02  1.01224801e-01  9.18704283e-02
   7.60913995e-02 -2.36234889e-02  3.30235297e-02  4.50894212e-02
   9.59913104e-02  4.92846280e-02  2.15241923e-02  7.41760615e-02
  -7.24293320e-02  8.11532997e-02  6.44066992e-02 -5.00447459e-02
   2.75291218e-02 -2.90607297e-02  8.62780626e-03 -7.18135522e-02
  -2.24568974e-02  7.19925571e-02  7.03711401e-04  3.46785001e-04
  -8.42273565e-02  5.90785177e-02  7.44878187e-02 -2.74909269e-02
   8.18926992e-02  6.35367320e-02  2.67630669e-03 -4.54996636e-02
   5.76296935e-02  5.15517130e-02  3.87831904e-02  5.24954825e-02
   1.11187163e-01  2.40141892e-03 -5.86032063e-02 -2.26535860e-02
   7.60328173e-02 -6.98836758e-02 -3.29747839e-02 -1.19978859e-01
  -8.38708414e-03  4.97341562e-02 -1.09885269e-01 -6.03366722e-02
   3.60722663e-02 -1.12912065e-04  9.55066235e-02 -6.57617645e-02
  -7.93192585e-02 -7.68050757e-02  1.09828686e-01 -8.20580900e-02
  -3.33303416e-02 -6.21784508e-02  6.90626021e-03  4.14053704e-02
  -7.23293574e-02 -8.70700009e-02  9.19007758e-02 -7.63244575e-02
  -1.31222191e-03  9.79052451e-02 -6.00299259e-02 -5.48326712e-02
  -8.13919161e-02  2.69467741e-02  8.05944492e-03 -3.86827798e-02
  -9.44852237e-02 -2.26176195e-02  7.30186116e-03 -9.35263664e-02
  -1.13545096e-01  3.35253688e-02  2.33096308e-02 -4.88403683e-02
   6.71139063e-03  7.49178092e-03 -1.88721881e-02 -1.10181684e-01
   8.56822507e-02 -5.20758728e-02 -7.17880440e-03  8.63389162e-02
  -3.91990689e-02 -2.29033427e-02  6.85275135e-02  6.76106987e-02
  -3.73525762e-02 -7.39817305e-02  1.28104920e-02  9.10357947e-02
   1.07705033e-01 -4.96514893e-02]]