[[-4.75866709e-02 -1.39886361e-02  9.08004227e-02 -2.20970683e-02
  -3.95564077e-02 -6.63134673e-02 -6.56456379e-02  2.45586899e-02
  -6.35762058e-02  9.43701958e-02  7.94133338e-02  4.29772501e-02
  -1.38489144e-02 -9.17258531e-02 -1.22437163e-02  3.09249712e-02
  -6.89982181e-02  8.60603399e-03 -7.87052197e-02 -3.07008210e-02
   5.60896765e-02  1.55518302e-02 -7.87708084e-02  2.77510485e-03
  -6.61333467e-02 -8.05286783e-02  5.58544283e-04 -1.21646594e-02
   1.37227068e-02  2.96143957e-02 -2.28318597e-03  1.67515876e-02
  -9.62342051e-02 -8.06675069e-02 -2.43764697e-03  2.05010763e-03
   8.57191827e-02  1.09574345e-01 -2.64563791e-02 -1.03707221e-01
   9.64361372e-02  1.36541289e-03  1.00354601e-01 -1.33635306e-03
  -3.59526755e-02 -9.89380815e-02 -2.26336268e-02  6.16063984e-02
   5.86873153e-02 -1.08996998e-02  1.20178474e-02 -1.44343419e-02
  -7.63859113e-02 -2.00771043e-03 -4.49598544e-04 -9.91281636e-02
  -6.81166881e-02  6.84326285e-02  6.83108755e-02  2.57260548e-03
  -3.09860102e-02 -5.32028998e-02  4.27295683e-02 -8.25310476e-02
  -6.18632768e-02 -6.83951400e-02  1.04261422e-01 -7.71685767e-02
  -7.05480323e-02  4.21904605e-02 -6.62179575e-02 -6.28095401e-02
  -9.10929310e-02 -8.23649892e-02  9.45398992e-02 -1.35795915e-02
   1.02671909e-01  9.66802704e-02 -8.18573616e-02  1.10053138e-01
  -1.09782389e-01 -1.16249180e-01  8.60415375e-03 -1.60685802e-02
  -7.87749715e-02  7.64750765e-02 -9.17250746e-02 -3.17958941e-02
  -6.28997099e-02 -2.32708749e-02  1.69488131e-02 -3.53475069e-02
   3.17849466e-02  4.57659133e-02 -6.66357553e-02 -9.01815014e-02
   7.73674906e-02 -8.32618076e-02  1.61861278e-02  5.03846141e-02
  -6.79362651e-02 -8.29975420e-02  7.46453839e-02 -2.05998659e-02
  -2.24020758e-02 -6.33305637e-03 -3.46520224e-02  7.15820434e-02
  -6.22303997e-02 -5.17080637e-02 -6.96874838e-03  6.18010646e-02
   2.58273425e-02 -5.07700513e-02  7.60559826e-02  3.01621414e-02
   1.06576999e-02 -4.37101547e-02  1.04798728e-01  3.50772229e-02
  -1.73290467e-02 -1.07885810e-02  1.28030387e-02  5.03135993e-03
  -3.00175183e-02  3.90074776e-02  4.56853967e-02 -8.31108979e-02
   5.11885147e-02  2.99123165e-02 -9.28858844e-03 -2.52241059e-02
  -7.61796182e-02 -5.25163788e-02 -4.28985349e-03 -6.15249565e-02
   4.75711263e-03  1.52102689e-02  4.88298322e-02  7.09889983e-02
   4.14715289e-02  5.90518897e-02 -5.86314546e-03 -1.78367111e-02
  -6.63999880e-02  9.64924907e-02 -6.15487034e-02 -3.80709940e-02
  -1.08878834e-01 -6.70057803e-02 -3.57757167e-02 -5.25579387e-02
  -5.91806110e-02 -3.99363146e-02  2.91453685e-02  1.11637664e-01
  -6.11439986e-02  4.26844204e-02 -9.97353329e-02 -4.44844509e-02
  -1.11517560e-01  5.38879420e-02 -8.21969200e-02 -3.69636160e-03
  -2.95331983e-02  4.90352956e-02 -1.14454286e-01  5.15178531e-02
  -3.37251047e-02  9.20811616e-02 -2.88332042e-02 -4.19788697e-02
   9.61645060e-02  8.63640330e-02  3.02203141e-02 -4.53196922e-02
  -8.18290694e-02 -1.11244751e-01 -8.77743934e-03 -2.38007678e-02
  -2.91842193e-02  7.32805851e-02 -5.62626803e-02  9.56402606e-02
   6.57696207e-02 -1.72648870e-02 -5.86960986e-02 -8.46892763e-02
  -4.00768139e-02  3.88108016e-05 -9.24586248e-02 -3.83194567e-02
   1.06661314e-01 -1.13275653e-01  6.77745866e-02  6.01429482e-03
  -1.02712018e-01 -7.63669526e-02 -7.75745868e-03 -7.31469368e-02
   9.04282805e-02  8.62443613e-02  9.11254474e-02  5.39166126e-02
  -1.38708630e-02 -8.29239730e-02  1.00119586e-01 -2.16351695e-02
   1.05387753e-01  7.14489289e-02 -5.25395315e-02 -1.32362921e-02
  -4.53099038e-03  1.11610075e-01 -1.03311655e-01  1.18735263e-02
  -1.95674870e-03 -4.77212057e-03 -7.56189172e-02  2.91648134e-02
   6.78223235e-02  7.92404079e-02  6.83956048e-02  1.00098326e-02
  -8.72985871e-02 -2.41871515e-02 -7.81034727e-02 -7.82957694e-02
   1.15265188e-03  8.81575048e-02  1.09194630e-01  5.00952852e-02
  -4.63271883e-02  1.15823892e-01 -3.42194263e-02 -8.79867320e-02
  -7.01679017e-03 -1.11253308e-01 -5.29153366e-02  5.66659545e-02
   8.63711750e-02 -8.65081918e-02  5.24150992e-02 -4.12059984e-02
  -5.34920117e-02 -2.44174873e-02  2.63671534e-03 -8.25592347e-02
  -2.90079407e-02 -8.79244592e-02]
 [ 7.20234518e-02 -4.46433411e-03 -4.20637981e-03 -6.62595778e-02
   1.58394931e-02  1.13619802e-01  4.12695664e-02  5.92630463e-02
  -8.60311761e-02 -5.40606165e-03 -5.98330294e-02  3.51410641e-02
   7.81430803e-02 -1.06394266e-01  1.42385291e-03 -3.80273346e-02
   8.67403105e-04  5.30259799e-03 -1.03494544e-01 -7.70104439e-04
   1.07678261e-01  2.03667267e-02 -8.88716883e-02  1.10696799e-01
   1.41142116e-02  1.01002777e-01  5.02131449e-03  3.76908809e-02
  -3.74064641e-02  5.77497898e-02 -3.38900418e-02  1.38170103e-04
  -5.24735028e-03  1.34846456e-02  8.99283393e-02  8.69639316e-02
  -3.26205303e-02 -4.75874417e-02  9.89649188e-03 -7.70397080e-02
   1.70976029e-02 -2.66218994e-02 -1.10922048e-02 -3.22284847e-04
   3.78804790e-02 -1.22334129e-02  4.38420159e-02  1.02420700e-01
   1.09222449e-01 -7.27562728e-03 -4.99855240e-02  1.01828513e-02
  -2.67557410e-02  3.28655482e-02  6.72278955e-02  3.29216417e-03
  -4.20212601e-02  4.74074306e-02  2.54987690e-02 -6.91170767e-02
  -2.01675358e-02  1.06126193e-01  2.67162655e-02 -7.83211852e-02
  -5.27096307e-02  7.46532826e-02  6.83340744e-02  4.45246200e-02
  -5.80877850e-02  6.89453991e-02 -8.30017871e-02 -5.89943128e-02
   1.11343859e-01  9.05512202e-02  5.70817113e-02  1.59456113e-02
  -8.43017018e-02  6.10070033e-02  8.01045715e-02  3.28328892e-02
  -9.54755178e-02  1.60309954e-02  7.25793550e-02  2.99896537e-02
  -1.00593515e-01 -8.35533930e-03  2.01922155e-02 -7.18825100e-02
  -4.22048475e-02 -3.59533930e-02 -4.59176125e-02  8.69010567e-02
  -5.15070927e-02 -5.77866208e-02  4.92973178e-02  3.56857912e-02
   9.38169187e-02 -3.00010130e-02 -8.78450276e-02 -2.32858363e-02
   4.34219986e-03 -5.30147329e-02 -1.01223338e-01  7.16354969e-02
  -7.42212930e-02  5.47471549e-02  1.71977360e-03  4.57554978e-02
   1.01692259e-01 -4.08266634e-02 -5.37551606e-02 -5.91206316e-02
   9.93784811e-02  6.22056138e-02 -4.28920174e-02 -3.63601138e-02
  -9.73886307e-02 -3.87372004e-04  8.88289559e-02  8.84542901e-02
   5.09249593e-02 -1.36218789e-02  1.07698745e-02  2.26741775e-02
  -8.55333976e-02 -1.80611019e-03 -9.09161532e-02  4.48859090e-02
  -6.96442506e-02  2.03100473e-02  7.90550400e-02 -1.10795606e-01
   6.19396286e-02  7.06603456e-02  1.26946852e-02 -1.37340149e-03
   4.75823127e-02  7.80938124e-02 -5.57488063e-02 -3.75666386e-02
   1.03008096e-01 -1.02540722e-01 -9.87700786e-02 -5.18506792e-02
  -1.83913414e-02 -3.05997147e-02  4.97379254e-02 -5.07732052e-02
  -4.98352097e-02  1.11951490e-01  3.38931094e-02 -3.25734246e-02
   1.06844935e-01 -2.89770780e-02 -7.85697909e-02  7.30335750e-02
   6.65455305e-02 -1.03684343e-01 -7.05559815e-02  1.07757748e-02
  -3.90509799e-02  3.15703066e-02  6.61075096e-02  9.05253547e-02
  -5.66916846e-02  3.74129881e-03  4.38068371e-02 -2.30445253e-02
   8.25416001e-02 -2.53056808e-02  8.28596106e-02 -8.95074181e-02
  -9.69171249e-03 -8.06324368e-02 -8.60513846e-02  7.99586590e-02
  -4.70433163e-03 -1.07015126e-02 -7.90972659e-02  1.01733432e-02
  -6.21561432e-03  6.16251702e-02  7.09011956e-02  5.16518596e-03
  -9.48492662e-02  6.98435691e-03  1.04625732e-02  1.02333079e-01
   5.80093436e-02  1.10736799e-01  1.78720028e-02 -1.04581215e-01
   6.42916735e-02  1.01344029e-01  7.17615120e-02 -8.91035489e-02
  -2.18348982e-02  2.94873536e-02 -8.39191453e-02  5.06681313e-02
  -9.12899343e-02  6.33352446e-02  6.44231008e-02  6.78807287e-02
   4.46083805e-02 -2.82258752e-03  3.70025032e-02 -1.77018451e-02
   5.43756024e-02 -8.36921256e-02 -4.64198723e-02  1.11131482e-01
  -1.51626117e-02 -2.55650290e-02 -7.28259488e-02 -8.21329276e-02
  -7.01365547e-04  9.22714096e-03  6.33325250e-02  2.99716900e-02
   9.45550874e-02 -1.11111624e-01 -4.58513951e-02  3.94171974e-02
  -1.38079377e-04 -2.39198602e-02  8.10498287e-02 -1.06961793e-01
  -8.84595498e-02 -4.35116040e-02 -4.24548342e-02 -4.96938238e-02
  -1.03712336e-01  4.19548554e-02  7.21619593e-02  7.77207284e-02
   7.75605506e-02 -5.92372172e-02 -9.01597882e-02  5.26741052e-02
   8.68632310e-02 -3.28069183e-02  1.32460643e-02  9.74993129e-02
  -1.00488922e-01  9.11773408e-02 -4.22504374e-03 -4.22378043e-02
  -6.93505521e-02  1.01162615e-01]
 [ 1.13732694e-02 -9.37596263e-02 -2.23938316e-03 -1.43380170e-02
  -5.11021425e-02  7.62013129e-02  8.98831708e-02 -6.64614267e-03
  -5.54347945e-02  1.06203152e-01  1.02198198e-02  4.57879048e-02
   1.00625333e-01 -1.11179347e-01  5.56015142e-02  8.09346499e-02
   2.95752591e-02 -3.42316470e-02 -2.33581087e-02  6.00360763e-02
   9.01010432e-02  1.45261155e-02  3.60861133e-02  2.78163238e-02
  -8.54419404e-02 -9.54627207e-02  3.17097955e-02 -1.78475403e-02
  -5.69961627e-02  3.68440991e-03  7.04488885e-02  7.75568797e-02
   7.00349472e-02  9.41722877e-02 -6.95434818e-02 -2.22250755e-03
   8.66402650e-02  8.12085035e-02 -8.98403594e-02  3.93881770e-02
  -6.77690005e-02 -1.91898916e-02 -8.78742635e-02  7.63344804e-02
  -9.18537493e-02 -2.71329235e-02  3.69907467e-03  4.53594070e-02
  -8.47127520e-02 -1.05609664e-01 -8.35218303e-02 -2.59292790e-02
   9.95745006e-02 -5.30833931e-02  5.09232795e-02 -8.67211647e-02
  -5.44532072e-02 -1.62092351e-02  9.48393643e-02  7.18592039e-02
  -8.58310305e-03 -4.71063949e-02  1.32607914e-02 -4.37591884e-02
   7.77834481e-02 -3.19113393e-02 -3.51442129e-02  7.60040882e-02
   9.48043566e-02 -4.80455885e-02 -5.33856511e-02 -4.42751680e-02
  -8.56350797e-02  2.44983042e-02 -2.37064590e-02 -5.42750072e-02
  -8.14960337e-02 -8.98644122e-03  6.71714466e-02 -6.26391109e-02
   3.67596579e-02  4.56109285e-02  9.07255525e-03 -2.95729269e-02
  -4.97879061e-02 -6.11819697e-02 -2.24937340e-02  6.41383374e-02
   8.95108547e-02  1.04919448e-01  7.47405357e-02  1.08892888e-01
   2.12513349e-02  6.15391464e-02  8.09300470e-02 -7.46643271e-02
  -6.68960717e-03  2.44815695e-02 -4.78249307e-02  7.78666474e-02
  -1.43976657e-02 -2.96199848e-02 -9.11310594e-02 -6.88262983e-03
  -5.59774341e-02  1.36880485e-02  9.00846345e-02  5.60546071e-02
  -2.12439407e-02  9.04810588e-02  2.90274103e-02 -9.37277541e-02
  -2.56962043e-02  4.94353797e-02 -9.52091054e-02  7.50064321e-02
  -3.63774323e-02 -9.43855728e-03 -2.26590338e-02  3.49320802e-02
   8.60370075e-02 -8.83354946e-02  8.18044616e-03 -4.17128089e-02
   7.82184866e-02  3.74403494e-02  9.18376996e-02 -3.38456412e-02
   1.01607930e-01 -1.43795770e-02  5.11980987e-02  8.12333271e-02
   1.88187844e-02  3.74770159e-02 -7.75308129e-02 -1.03217815e-01
  -6.29858397e-02 -8.16007407e-02  4.31252683e-02 -7.56868952e-03
   3.59653832e-02  2.61301453e-02  8.88337720e-02 -5.81647678e-02
   8.16667974e-02 -1.09562137e-02 -6.74102883e-02 -1.46889065e-02
   2.62331910e-02 -1.40071350e-02 -8.77793028e-02 -5.03500885e-03
   7.12035407e-02  5.88446179e-02 -4.48586866e-03  6.27327254e-02
  -8.10819615e-02  4.81254393e-02  3.47990480e-02 -3.61800865e-02
   3.70806950e-02  7.16406543e-02 -7.49384625e-02 -2.49154101e-02
  -6.88401389e-03 -6.61849645e-02  7.32257370e-02  7.12517697e-02
   6.26851083e-02  2.41052969e-02 -1.06348475e-02  3.55849965e-02
   9.66123982e-02 -8.14122361e-02  8.11440564e-02  4.88585921e-02
   7.18698427e-02 -7.51754135e-02  8.84189508e-02 -6.45226562e-02
   1.01919800e-01 -3.24287534e-02  7.79087754e-02  3.39370212e-02
  -2.10029133e-02 -3.93678683e-02 -8.71358348e-03  9.49168421e-02
   5.33444686e-02  7.86822603e-02  2.76219530e-02 -9.80742545e-02
   8.40395437e-02  9.75267885e-02 -8.87496608e-02  8.62598525e-02
  -2.03811408e-02  1.75617134e-02  1.55906808e-02 -2.75835548e-02
  -9.17354473e-03  6.29598856e-03 -7.30098170e-02 -6.04503358e-02
   6.88358048e-02  5.33428329e-02  1.81854122e-02 -6.99264986e-02
   2.51475505e-02  5.30826126e-02 -4.81147925e-02 -3.13581981e-02
   6.78368614e-02  9.88135481e-02 -4.13065123e-02 -1.12175004e-01
  -4.84237657e-02 -3.80769486e-02  1.03711419e-01 -5.01847658e-02
   3.67481555e-02  6.71261850e-02  7.32473458e-02 -8.71493350e-02
  -9.72466889e-02  1.90941076e-02 -1.16834850e-02  2.64143781e-02
   5.01160269e-02 -1.05570594e-01 -7.93085423e-02  8.49416860e-02
  -9.42590722e-02 -7.04755761e-02 -4.60716384e-02 -7.29043744e-02
   5.68988931e-03 -7.37346808e-02 -9.93206263e-02  2.85754533e-02
   1.08579718e-01 -5.10576161e-02  8.02684949e-02 -8.61438812e-02
   5.94202805e-02 -3.20045907e-02 -2.21649410e-02  1.03953211e-01
   8.71285110e-02  1.04918240e-01]
 [ 8.40261797e-02 -1.04185729e-01  8.04856215e-02 -2.91175212e-02
   2.95629650e-03  3.25434764e-02  4.73029264e-02 -1.88078144e-02
  -4.52077264e-02  7.81496741e-02 -1.01763228e-01 -7.49544132e-02
  -5.80823124e-02  8.85860897e-02 -4.92896951e-03  9.45403520e-03
  -8.57445844e-02  1.23991984e-02 -1.34112960e-02  1.59014936e-02
  -4.81599315e-02  4.36601964e-02 -1.15965363e-02  5.88361250e-02
   6.64558682e-02  1.11423958e-01 -3.81631296e-02  9.15353540e-02
  -2.08021816e-02 -8.99110274e-02 -1.62687341e-02  8.03811553e-02
  -4.50184441e-02  6.18051892e-02 -3.55645414e-02  1.99805276e-02
  -3.71537791e-02  2.38137401e-02 -1.53339638e-02 -9.08314835e-02
   1.00127093e-01  4.89513770e-02 -1.02460710e-02  1.03557656e-01
  -6.38445466e-02  8.57028032e-02 -2.02369951e-02 -2.72520345e-02
   2.31675195e-02 -2.93731642e-02  7.32286951e-02 -2.14750451e-02
  -3.45090537e-02 -2.71162016e-02 -4.08072906e-02 -4.42083798e-02
  -6.02991733e-02  1.01037113e-01  9.07876424e-02  5.05530041e-03
  -3.60679861e-02 -4.54086322e-02 -8.61138971e-02 -7.53274258e-02
   2.78590453e-02  9.98463180e-02  5.13625612e-02 -9.33919993e-02
   8.39350601e-02 -4.68356013e-02  5.05530094e-02 -3.92129904e-02
  -9.67634133e-02 -7.92706842e-02 -9.13260433e-02 -1.10572249e-02
   6.96788399e-02  2.78429004e-02 -8.43473088e-02 -4.55742052e-02
   1.38980756e-02 -1.04587344e-01 -9.97400156e-02  1.57600097e-03
  -7.17867481e-02  2.29632873e-02  8.09120473e-02 -5.79560351e-02
   2.16129450e-02  4.10731918e-02 -6.86127084e-02  6.49966551e-02
  -1.70857393e-02  8.57016680e-03  2.50118388e-02  3.07312533e-02
  -9.66063065e-02  4.09680095e-02 -9.53610874e-02 -5.59793839e-02
  -9.49627220e-02  7.53597208e-02 -8.11307202e-02  7.47032586e-02
   7.51518442e-02  8.53358251e-04 -3.79465571e-02 -5.40026486e-02
   6.21318418e-02 -1.07464026e-01 -1.06509152e-01  2.37489536e-02
   2.77746254e-02 -9.45123866e-02  5.63373254e-02 -3.04191427e-02
  -9.90505535e-02  6.19666668e-02 -5.08797329e-02 -9.82409766e-02
   4.49733281e-02  1.05484541e-01 -8.31653586e-02  9.42554262e-02
   7.95304984e-03 -2.23026202e-02 -9.83460019e-03 -8.65161457e-02
   1.98290741e-03  4.87714989e-02  1.02067870e-01  4.49105485e-02
   2.18301154e-02 -2.69391439e-02 -7.92411901e-02  8.40538961e-02
  -9.37424137e-02  8.19022000e-02  5.66271162e-02 -3.88828027e-02
   9.61914875e-02 -1.06417875e-01  6.65644775e-02  1.93830248e-02
  -8.99542112e-02  7.65862199e-02 -1.84751952e-02  9.70145344e-02
   2.58901941e-02 -6.64673681e-02  1.03692676e-01  4.08836902e-02
  -4.73325462e-02 -7.35437084e-02  3.10539208e-02 -4.95749933e-02
   1.01816886e-01  2.19432687e-02  7.62788195e-02 -7.78944982e-02
   7.94564250e-03 -7.36658801e-02 -5.45203695e-02  9.31606227e-02
  -2.53227706e-02  5.77677130e-02  1.03671731e-01  8.56222584e-02
   6.67911421e-02 -2.45717581e-02  1.10340964e-01 -1.07270056e-01
   5.20169879e-02 -3.24899130e-02 -4.14262715e-02  8.33785673e-02
  -3.90189448e-02  3.87605961e-02 -7.87583548e-02 -9.10884873e-02
   5.85164574e-02  4.24601153e-02 -9.55061585e-02 -1.08589218e-02
  -3.61693624e-02  5.24333566e-02  8.62748172e-02  7.04199388e-02
   5.89041144e-02 -5.31663820e-02 -3.11085196e-02 -9.12220980e-04
  -6.61513076e-02 -8.00274105e-02 -7.82800180e-02  3.46410417e-02
   2.77538634e-02 -4.11473778e-02  9.40294104e-02 -9.73231420e-02
   9.61422144e-02  2.39346351e-02  1.92445728e-02 -7.26323650e-02
  -9.48656671e-02  1.06363693e-01 -2.33454371e-02 -6.78530110e-02
   9.77110883e-02  9.07695836e-02 -3.10898736e-02 -3.38703678e-02
   9.73866254e-02 -7.13589379e-03  7.30018520e-02  4.72022752e-02
   2.99634723e-02  6.11940401e-02  9.36330765e-02  1.53357113e-02
   7.84142855e-02 -6.06127883e-02  3.76590332e-02  9.65259750e-03
   5.70633814e-02 -2.91374013e-02 -6.25746674e-02  3.32282002e-02
   1.52308255e-02  8.08948583e-02 -6.16618366e-02  3.26713748e-02
  -5.79802980e-03 -2.13163813e-02 -2.33630998e-02 -5.05595221e-02
   7.55847622e-02 -7.47716730e-04 -8.09618100e-02  1.37123364e-02
  -5.58529528e-02 -2.96402801e-02  4.09319196e-02 -6.51880423e-03
  -1.00644394e-02 -1.26797012e-02 -4.73500023e-02 -1.21671889e-02
   6.00097160e-02  8.91933880e-02]
 [ 1.12991002e-01 -8.62322466e-02 -2.96958407e-03  1.08341662e-01
  -6.82973036e-02  7.03983574e-02 -9.51452032e-02  1.91981145e-02
  -6.27042379e-02  5.30702764e-02 -3.05817266e-02  1.39155192e-02
   7.48230591e-02  4.46026390e-02 -7.12790995e-02 -4.52801180e-02
  -9.02258593e-02  4.04415649e-02 -1.95709096e-02 -6.36194607e-02
  -8.77072873e-02 -1.65067541e-02  6.16262719e-02 -8.36569444e-02
  -4.65126833e-02  5.77009068e-02  2.61863111e-03 -9.33717453e-02
  -7.92877192e-02 -8.50048569e-02  6.89337697e-02  5.09529795e-02
  -6.76433386e-02 -5.57870209e-03  1.74589093e-02  1.15579647e-01
  -2.42602800e-02  5.99194956e-02  4.62471357e-02 -6.34536259e-02
  -6.45186314e-02  7.50326299e-02 -5.34140448e-02  8.15377975e-02
  -1.53745369e-02 -2.52225562e-02  7.62512983e-02  2.71830816e-02
   3.23799684e-02  4.01419235e-02 -4.79459605e-02  1.09006459e-01
   2.50192470e-02 -5.98989980e-02  5.29365622e-02 -8.99337828e-02
  -3.43914834e-02 -1.46939276e-02  2.98235687e-02  9.41229497e-03
   1.07108466e-01 -5.13641537e-02 -3.75889149e-02  3.45480683e-02
   5.82723389e-02  7.00325586e-02  6.81706607e-02 -3.93800074e-02
  -1.10766635e-01 -3.51299501e-02  1.91943645e-02  1.89701616e-02
   1.31577805e-01 -2.96307114e-02 -9.24806452e-02 -8.11657884e-02
  -7.07159095e-03  5.32916377e-02  3.56583033e-02  1.03243828e-01
   4.90009436e-02  9.51351170e-02 -5.46679457e-02  3.10133740e-02
  -1.01189981e-01  9.33747700e-03 -1.02143511e-01  1.73379327e-02
   7.82528739e-02  4.19668513e-02 -2.36840925e-02  2.52184146e-02
   9.01248553e-02  3.08799972e-02  5.21069700e-03 -8.93857247e-02
  -5.80454977e-02 -6.94194024e-02 -5.94216715e-02  8.22935297e-02
  -4.53223161e-02  7.68612551e-02  7.69121900e-02 -5.52600872e-02
  -3.69887809e-02  3.01432378e-02 -3.01261377e-02  8.13876505e-02
   8.44504203e-02  9.40181119e-02  1.05319892e-01  3.59785233e-02
   7.14174736e-02 -2.57111461e-02 -3.55645990e-02 -1.39937688e-02
  -3.55882704e-03 -7.55942680e-02 -9.62595175e-02 -7.56726682e-02
   1.16164728e-02  1.07675549e-01  7.87767514e-02 -4.25856586e-03
   5.33733460e-02 -1.10609405e-01  1.86220077e-02  3.29434183e-02
   5.68791955e-03 -6.81389140e-02 -1.12105859e-01  1.15523799e-02
  -8.74245139e-03  1.01283818e-01  9.30521210e-03 -2.18946465e-02
  -6.80434626e-03 -1.96652324e-02 -1.08925025e-01  1.20997856e-02
  -1.21234489e-01 -2.75941212e-03 -3.15570766e-02 -1.02652643e-01
  -1.10758177e-01 -8.86028085e-02  2.42220468e-02  6.61065830e-02
  -7.52315774e-02  1.13363601e-02 -9.90458742e-02 -9.50968603e-02
  -4.49970823e-02 -1.12122578e-01  9.20164975e-03 -2.81763531e-02
   1.66230899e-02 -1.20858094e-02 -3.19084545e-02 -8.51866033e-02
   9.61607007e-02  4.45751746e-02 -1.86439830e-02  1.04515236e-01
   2.73027728e-02 -8.60624599e-02 -9.03040737e-02  7.86790524e-02
   8.31261276e-02  9.94697063e-02 -9.34556732e-02  9.40248899e-02
  -8.71345227e-02  9.77760124e-03 -1.28176350e-02 -2.20571390e-02
   5.17315758e-02  5.34536374e-02 -1.11323899e-01  2.72971644e-02
   4.91631070e-03 -3.73929168e-02 -4.92958933e-02  9.56718638e-03
   3.02182405e-02 -7.89433439e-02 -9.40344179e-02  9.81257809e-02
  -2.83798614e-02 -1.60203044e-02 -6.26496228e-02 -8.60325170e-02
  -4.93878696e-02 -8.70570547e-03 -4.29194666e-02  2.60677321e-02
  -3.82498761e-02  2.43979235e-02  6.22141570e-02  5.47366098e-02
  -2.04293082e-02  1.02669752e-02  7.24202366e-02  1.16119716e-01
  -8.39626749e-02 -4.87882891e-02  4.79112122e-02  8.61085624e-02
   6.14079750e-02 -8.21435251e-02  6.54902326e-02  7.78811244e-02
   2.29244441e-02 -5.18344595e-02 -1.32096725e-02  6.48912247e-02
   4.48618850e-02  1.40975929e-02  7.32115899e-02 -5.78325426e-02
  -1.10106105e-01 -1.01029004e-02  3.07800271e-02  4.74130107e-02
   6.05485162e-02  2.41277496e-02 -3.64613569e-02  7.93420461e-02
   4.20124816e-02 -4.47026046e-03 -7.27960104e-02  3.30698441e-02
  -7.06144263e-02  6.00993243e-02  1.00782560e-01 -1.86615041e-03
   3.11496821e-02 -6.43391501e-02  6.80206508e-02 -9.55737962e-02
  -4.28563236e-02 -6.53832653e-02  1.90121018e-02  2.36682174e-02
  -1.39928867e-02  3.77453841e-02 -7.90267919e-02 -4.12412886e-02
   6.71330371e-02 -3.65857004e-02]
 [-8.48865071e-02  8.60970861e-02 -9.63178191e-02 -9.83272940e-02
   9.40921104e-02 -9.92626242e-02 -5.48352036e-02 -1.45570679e-02
  -5.52082484e-02 -1.48388549e-02 -1.55449645e-02 -4.59990627e-02
   8.52230844e-02 -3.49592083e-02 -3.35027337e-02  2.54372028e-02
   6.86987628e-02 -1.05736207e-02  9.73833222e-02  2.69464983e-02
   1.43027688e-02 -9.09450735e-02 -4.30569711e-02 -9.81156583e-02
   7.50732857e-02 -6.66361082e-02 -5.77237671e-02  5.74380152e-02
  -9.59966063e-02 -3.80926262e-02 -5.85357550e-02 -4.73038132e-02
  -6.45041878e-02 -5.62895974e-02 -8.31295092e-02  2.36060504e-02
   4.31778230e-02  4.67094650e-02  1.01201260e-01  9.86134565e-02
   8.98054639e-02 -5.52895594e-02 -1.99837550e-02  2.27990622e-02
   2.03945454e-03 -7.15484384e-02 -2.26949807e-02 -7.99488606e-02
  -4.49727500e-02 -7.38251187e-02  1.02484173e-02 -9.72284108e-02
  -1.06571763e-01 -7.00603326e-02 -9.18669814e-02 -1.01308985e-01
  -3.85559838e-02 -4.72552494e-02 -1.76564981e-02  2.28376558e-02
  -5.30307867e-02 -9.93526466e-02  2.61912252e-02  1.01097010e-01
  -5.66600669e-02  9.61814625e-02 -4.70988617e-02 -5.33386487e-02
   2.65611614e-02 -2.50199871e-02  1.20087207e-01 -1.15427179e-02
  -4.34033506e-02  6.04484539e-02  8.26908359e-02 -2.13553746e-02
   5.93271202e-02  9.86421367e-02 -1.29548697e-02  5.06533667e-02
   6.65054694e-02  8.92781017e-02  4.72345626e-02 -1.64833676e-02
   9.41483833e-02  8.86410862e-02 -6.67825893e-02 -5.37154401e-02
   3.42842489e-02 -8.20501466e-02 -1.70203386e-02  8.92128170e-02
  -5.98945832e-02  3.52329401e-03  1.03415625e-01 -3.09299113e-02
   6.33259536e-02  4.12044578e-02 -9.12611493e-02 -7.66022085e-02
   2.96377127e-02  6.25802008e-02 -1.00122680e-01  8.54370831e-02
   2.16002326e-02 -2.44960711e-02  6.22144039e-02  1.11080587e-02
   2.03494643e-02  4.77543256e-02  1.17056650e-03 -5.41577345e-02
   1.02317974e-02  7.14472834e-02  2.77696752e-02  7.42764693e-02
   9.90850925e-02 -1.32915390e-02  1.62365356e-02 -2.44185436e-02
   6.79113067e-03  9.08460987e-02  5.14408585e-02 -2.04374186e-02
  -9.61012341e-03 -5.41438528e-02  4.14114923e-02 -2.60881069e-03
   2.39121894e-02  5.24084113e-02  9.60630074e-02 -6.54578617e-02
   5.05443880e-02  6.41871034e-02 -8.75956711e-02  3.14970682e-02
   8.50625400e-02 -1.59588406e-03 -4.07409510e-02  2.75878229e-02
   3.68313631e-02  8.74255020e-02  6.11427068e-02 -1.02202192e-01
   2.16841243e-02  1.39328631e-02 -7.08001851e-03  7.09045238e-02
   2.34338103e-02 -8.55625818e-02 -2.04921958e-02  4.21596130e-02
   4.20549986e-02  1.96335495e-02  2.02966136e-02  6.97339714e-02
   1.32256791e-02 -9.99616950e-02 -8.71315356e-02 -1.99394688e-02
   8.28830704e-02 -6.72643018e-02 -6.58180477e-02 -8.44805984e-02
  -3.58588051e-03  8.18298962e-02 -1.00947977e-01 -2.76875087e-02
   8.78880358e-02  2.72406915e-02  3.74969404e-02 -1.00416392e-01
   2.99575309e-02  5.84968712e-02 -2.78842535e-02 -8.32644298e-02
   4.97818244e-02  1.84384262e-02 -6.35531051e-03  6.66254917e-02
   5.18694257e-02 -6.78064512e-05  6.81588064e-02 -7.30494840e-02
   8.25627584e-02 -7.41409686e-02 -8.12864467e-02  8.03260411e-02
   3.77329730e-02 -8.21800502e-02 -2.40012632e-02  2.70654616e-02
  -8.14050817e-02  5.45441696e-02  8.31548186e-02  9.64583426e-02
   3.25632809e-02  2.41910716e-02  4.86915632e-02  4.77872071e-02
  -2.80001582e-02 -5.93679033e-02  2.21160621e-02 -2.94301718e-02
  -4.64909416e-02 -6.48387177e-02 -5.53862006e-02  9.20824750e-02
   2.29450204e-02 -7.62722168e-02  7.81256117e-02 -9.26715841e-02
   7.38624099e-02 -8.65109060e-02 -5.20055934e-02 -5.96620439e-02
  -9.57944958e-02  7.93580922e-02 -5.89702455e-02  9.42847614e-02
   8.86999045e-02 -9.46254695e-02  1.03693256e-01  3.70451581e-04
   1.01162679e-01  8.92875005e-02  7.56437154e-03 -7.62618992e-02
  -6.48095647e-02 -2.72715307e-02 -8.97084224e-02  3.41015125e-02
   5.32288050e-03  1.01336891e-01  4.35505222e-02  4.14105986e-02
   1.15774288e-02 -4.03421629e-02 -9.36184195e-02  5.67014978e-02
   3.22137856e-02 -5.94601877e-02 -4.49271854e-02 -8.43214699e-02
   5.30656921e-02 -4.53033732e-02 -1.00753718e-01 -1.08751536e-01
   4.08309320e-02  2.44750163e-02]
 [ 7.72921024e-02 -4.05418199e-02  3.53542952e-02  4.34146368e-02
   3.27040970e-02 -4.43347430e-02 -6.80335243e-02  3.67661785e-02
  -8.24190936e-02 -3.17732201e-02 -2.93772318e-02 -9.88735296e-02
   7.01475358e-03 -1.70319475e-02  1.10351915e-02 -1.03051817e-01
   9.38048386e-02 -9.64233807e-02  4.23092572e-02 -4.44512212e-02
   8.49285847e-02 -7.37358869e-02  8.44405127e-02 -1.20532304e-01
  -1.05151404e-01 -9.68740313e-02  8.67921130e-02  8.00940698e-02
   7.59363252e-02  2.10744919e-02  1.41961606e-02  3.44574345e-02
   4.93760877e-02  3.29053345e-02  3.38374328e-02  3.05289728e-02
  -4.85562390e-02  5.51879046e-02  4.42461322e-02 -7.15101163e-02
  -7.46028341e-02 -4.57623394e-02 -8.87689485e-02 -7.07466811e-02
   3.06060604e-02  2.77057295e-02 -6.61171105e-02 -9.44126878e-02
   4.91819389e-02 -7.45503623e-02  2.00999586e-03 -1.53331115e-02
  -4.58978010e-03 -1.10343096e-01 -1.07267945e-01 -2.80528833e-02
  -6.76280391e-02 -5.24466438e-04 -9.20503023e-02  2.43056165e-02
   2.85815053e-02  4.47411808e-02 -5.58127492e-02  4.66409822e-02
   6.08718338e-02 -2.29088507e-02 -3.14018027e-02 -3.15946128e-02
  -9.44617804e-02  9.04667703e-02 -8.42836859e-02 -2.87690434e-02
  -1.82330248e-03  1.04826513e-01  1.24512606e-01 -3.99335181e-02
  -5.27278576e-03 -8.73385758e-02 -4.09387031e-02  3.98790214e-02
   9.77108064e-02  2.11035870e-02 -7.21797015e-02 -1.13443780e-01
  -2.43227580e-02 -8.17587562e-02  2.59723295e-02  1.91723872e-02
  -7.58959667e-02 -5.86731960e-02 -6.41560383e-02  2.56433214e-02
  -4.93065250e-02 -2.40927793e-02 -6.60805865e-02  5.96433715e-02
  -8.12209976e-02 -1.01038459e-01 -1.06461649e-01 -9.30301757e-02
  -1.71253282e-02  9.52896755e-02  4.45092078e-02 -5.20331061e-02
  -3.03948561e-02  4.04611113e-02  1.01048681e-01  2.94585667e-02
   7.94689074e-02 -5.73738936e-02 -9.68185705e-03  8.76436497e-02
   1.58648233e-02 -6.89692576e-02 -8.67465798e-02  1.02118606e-01
  -5.19919821e-02  3.71502846e-02  8.02816104e-02 -8.14151345e-03
  -1.07884169e-01 -1.10322216e-01  1.08727661e-01 -5.98265628e-03
   9.26988355e-02  7.43606268e-02  1.07666293e-02  1.51315419e-02
  -6.82903371e-02  7.63225589e-03 -3.58796183e-03 -7.72161817e-02
  -4.75272485e-02  1.47037974e-02  1.46064757e-02  1.02368932e-02
  -4.06064472e-03 -9.95206886e-02  6.16954351e-02 -8.62596014e-02
   8.76342625e-02 -4.41720457e-02 -7.41033842e-02  6.32274913e-02
  -2.73455184e-02  9.52931470e-02 -1.00486000e-01  5.19809657e-03
   1.03029766e-01 -2.85308188e-02  8.47077818e-02 -7.10471981e-02
  -3.76977068e-02 -1.28383973e-02  1.34764598e-02  4.57307380e-02
  -2.75476334e-02 -1.27481052e-03 -1.10438076e-02 -3.70172091e-03
   3.55639243e-02 -8.86753629e-02 -1.00112912e-01  6.81910836e-02
   8.68930008e-02  1.67691724e-02 -7.66978573e-02  6.60777263e-02
  -8.51058419e-02 -3.45577241e-02  8.48954255e-02  6.35844433e-02
  -1.06278788e-01 -4.04002446e-02 -9.73983730e-02 -4.87516573e-02
  -8.47995710e-02 -4.64045863e-02 -5.03469657e-02 -5.33315809e-02
   9.51499681e-02 -1.06176595e-01 -6.59862092e-02 -4.04495313e-03
  -5.69085723e-02 -9.17133637e-02 -1.31272996e-01 -7.60957048e-02
   6.33570807e-02 -3.05657514e-02  1.46689068e-02 -8.18964839e-02
   4.68967855e-03 -3.46080964e-02 -3.45977427e-02  8.41623777e-02
   2.64744916e-02 -6.65671810e-02 -4.96813903e-02  4.75577650e-03
   2.51058876e-02 -2.02944097e-02  4.46510472e-02 -5.01641226e-02
   1.75759089e-02  3.12812253e-02  9.14656587e-02 -8.14414146e-02
   1.50391912e-02 -5.39860686e-02  3.22318110e-03 -1.38572920e-02
  -1.01809391e-01  6.59170903e-02 -1.77444721e-02  1.73773385e-02
   7.54464488e-02  2.47767922e-02 -7.20418733e-02 -5.97013019e-02
  -1.61985657e-02 -6.80577699e-02  6.79438433e-02 -8.44373292e-02
   2.77715313e-02 -2.93123331e-02 -3.09282571e-03 -6.93645613e-02
  -1.09067557e-01  4.89990217e-02 -9.14528001e-02  4.36963497e-02
  -2.61755060e-02 -8.77296524e-02 -3.30270533e-02  5.32026287e-02
   5.88516622e-03  4.78365670e-02 -1.54861096e-02 -7.33639286e-02
   1.13662716e-01  5.46143758e-02 -5.78085327e-02 -6.76531371e-03
  -2.91668394e-02  3.08752266e-02  4.43018330e-02  5.08606251e-02
   6.83021920e-02  4.45217459e-02]
 [ 3.20123138e-02 -6.69040907e-02 -6.75327238e-02 -9.18305264e-02
  -5.91984206e-02 -8.03500725e-02 -4.24528483e-02 -2.37178341e-02
   2.48604372e-02  9.80029846e-02 -8.21621749e-03  8.43661085e-02
   2.32609251e-02 -4.87316190e-02 -7.89934338e-02 -6.10171237e-02
   9.01179148e-02  2.88875499e-02 -1.34970377e-02 -9.49565610e-02
  -3.72197421e-02  1.98481461e-02  8.37562967e-02  8.78254202e-02
   9.82083911e-02 -6.58624951e-02  1.05491295e-01  2.97762666e-02
  -5.59439117e-02  7.26145115e-02 -1.42893871e-02 -8.97059703e-02
   5.30759317e-02  5.77936778e-02 -7.73014001e-02 -5.34491177e-02
  -9.94899642e-02  6.31712833e-02 -7.28150632e-02 -5.14593585e-02
   2.35527633e-02  1.05488748e-01  4.39695391e-02  6.57710890e-02
  -6.98144726e-02  3.37637503e-02 -9.71359527e-02  9.69845275e-02
  -5.32425353e-02 -4.69151677e-02 -8.31767439e-02  1.15496545e-02
   1.90115859e-02  5.17372394e-02 -5.45354632e-02 -2.34056321e-02
  -6.21747159e-02  4.31288922e-02  7.27077779e-02  7.56426276e-02
   1.07762336e-01 -2.95944650e-02  7.06986900e-02 -9.31671333e-02
  -1.83429152e-02 -2.94858467e-02  9.49726669e-03 -1.09173999e-01
   3.58530608e-02  8.91070441e-02 -2.63848998e-02 -3.50853888e-02
   1.45897095e-02 -1.23283280e-02  3.62685058e-03  1.03672820e-01
  -7.92094317e-02 -6.95842085e-02 -1.52234046e-02  4.07343318e-02
   4.98745567e-02  6.14988586e-02 -3.08655239e-02  8.82142645e-02
  -3.32268925e-02 -6.93405078e-02  1.65459321e-02  2.14443958e-02
  -1.04448101e-01 -2.34780918e-02 -8.37239960e-02 -4.01822937e-02
   2.25981040e-02 -4.90327538e-02 -1.90996372e-02 -9.70030818e-02
   6.77990185e-02 -3.96516712e-02  7.39506456e-02  2.89667375e-02
   3.28380738e-02  3.04560057e-02  4.84578072e-02 -1.42976940e-02
  -2.50466723e-02 -1.04434664e-01  5.95409414e-02 -1.83479460e-02
   4.10147179e-02  3.45562837e-02 -6.95598356e-02  9.48847938e-02
  -6.21146760e-02 -2.52579272e-02  9.13911108e-02 -9.09502812e-02
   7.88095755e-02 -2.92401298e-02  1.14305428e-02  2.84033761e-02
   6.65330602e-02 -3.84493599e-02  8.11612064e-03  3.27123904e-02
  -8.83764479e-02  2.36142086e-02  3.08053816e-02  7.41662465e-02
  -2.05641550e-02  8.01473910e-02  5.09251835e-02  6.67315058e-02
   9.26950814e-02  1.84118622e-02  6.47215453e-02  6.06319330e-02
  -1.07322073e-01 -1.00299965e-01  2.78177827e-02  4.46400358e-02
  -5.32755595e-02 -4.29547301e-02  7.47722846e-02  7.66312673e-02
  -5.20966835e-03  1.60871042e-02  8.31439301e-02 -5.22880076e-03
   5.51663223e-02  6.11750471e-02 -5.81575773e-02  8.54616486e-02
  -2.78918922e-02 -2.91847485e-02  5.51368609e-02  7.64791038e-02
   4.43639422e-02 -6.33453161e-02 -4.24712402e-02 -7.81088763e-03
   4.53555925e-02 -6.22270164e-02  1.19784666e-01 -8.41497225e-02
  -2.09308946e-02  4.95507870e-02  4.46592731e-02  5.97780322e-02
  -3.53697765e-02  1.32580647e-02  7.38339210e-03  9.37500328e-02
   7.59757713e-02  6.23709510e-03  7.12567264e-02 -7.62979286e-02
   1.03472528e-01 -6.58924124e-02 -1.21749608e-01 -7.20070132e-02
   6.35751884e-02  8.10691432e-02 -3.62965398e-02  1.09162314e-01
   9.03550712e-02 -6.86357777e-02  1.45448698e-03 -5.29570386e-02
   8.60201768e-03 -6.06264061e-02  9.50141995e-02  5.53062305e-02
  -2.80437369e-02 -1.11220278e-01  8.17076158e-02  3.61981566e-02
   1.01390880e-01 -5.20036851e-02 -9.25612458e-02 -2.88878781e-03
  -2.20469794e-02  6.73506935e-02 -9.46358962e-02  7.01484105e-02
  -2.61533523e-02  1.40661761e-02  6.12580413e-02  1.04232327e-01
  -9.23668460e-02 -4.11774592e-02  2.05375423e-02  1.60896318e-02
   6.73204614e-02 -1.07805653e-01 -2.31615358e-02 -6.86484156e-02
   6.32760606e-02 -3.27850598e-02  3.55317013e-02 -8.44738564e-02
   9.25810745e-02 -9.63333413e-02  4.37878530e-02  1.24747705e-02
   4.19133858e-02 -1.11893751e-01  5.73438546e-02  3.67915366e-02
  -9.19619636e-02  4.30842064e-02 -1.05945317e-01  1.29150455e-03
  -8.08953336e-02  7.98843364e-02  3.52528173e-02  9.90672171e-02
  -8.68400126e-02  1.97384535e-02 -1.89159618e-02 -5.01061891e-02
  -5.94545064e-02 -8.02764533e-02 -4.44907337e-02 -1.10818398e-02
   4.05210065e-02 -1.50350070e-02  7.78983047e-03  1.18121190e-01
  -1.56190568e-02  6.00269277e-02]
 [ 1.05934908e-02  5.06490158e-02 -2.28320897e-02 -9.58412410e-02
  -3.64174977e-02  4.50230028e-02 -6.82971919e-02 -6.12464612e-02
  -7.88012090e-02 -3.22156819e-02 -2.07103656e-02  1.16977821e-01
   9.16335512e-03 -2.67810086e-02 -2.38617632e-03 -6.86349330e-02
  -1.76964544e-02  9.89981416e-02  1.09527219e-01 -1.55689090e-02
  -7.04814023e-02  5.85365488e-02  1.04336231e-01  1.01770314e-01
  -4.47333665e-02  2.42655872e-02 -1.79460496e-02  7.87048947e-02
   6.06719973e-02 -6.27618960e-02 -6.23116126e-02  1.36897104e-02
  -8.31659333e-02 -9.36709013e-02 -1.03753317e-02  1.35783028e-02
  -4.36865804e-02  1.33893209e-02  7.69418357e-03  5.82281361e-02
   1.74637859e-02 -9.86302279e-03 -1.07530299e-01 -6.96142420e-02
   5.79135968e-02  3.55104571e-02 -7.89242841e-02  4.51633444e-02
   7.70208981e-02 -9.88147237e-02  5.91840679e-02  1.01951291e-01
   4.38903960e-02 -1.62090526e-03 -4.19795612e-02  1.42333045e-02
  -6.63123828e-02 -9.31165458e-03  6.57241094e-02 -3.25474171e-02
   5.95278457e-02  3.90303527e-02  5.47257676e-02  7.40585498e-02
   4.66909317e-02  7.58720133e-02 -8.67853387e-02  1.16658017e-01
   8.21902276e-03  4.88827325e-02 -1.00077224e-01 -3.33251150e-02
  -4.45789583e-03 -9.27254637e-02 -1.00644720e-01  2.46867446e-02
  -5.74407500e-02 -1.15994503e-01  6.82492481e-02 -2.90952763e-02
   6.17146268e-02  1.10892151e-01 -4.50091630e-02  1.11599395e-01
   1.17676938e-01 -5.77771724e-02 -6.94823336e-02  8.07725501e-02
  -9.98626009e-02 -4.44845925e-02  9.35831116e-02  8.78307061e-02
  -4.54773079e-02 -2.62943433e-02  3.04379270e-02  2.46188760e-02
  -7.82114492e-02  8.58391835e-02  1.97561141e-02 -4.73507035e-03
  -8.62370439e-02  1.04885792e-02  3.24982828e-02  3.03474399e-02
   6.37617959e-02  5.79452031e-02 -6.32010584e-02  9.75702135e-02
  -6.13060244e-02 -2.62561804e-02  3.89025610e-02 -1.43826496e-02
   6.96993900e-02  7.91418603e-02  1.77775878e-02  5.33482993e-02
   3.91896379e-02  9.42683613e-02 -5.38063239e-02  6.65162485e-02
  -8.44792017e-02  5.86756708e-02  3.10791165e-02 -4.50728779e-02
  -1.31203416e-02  1.57460260e-02 -1.73953120e-02 -8.32351839e-02
   9.06903426e-02 -2.01403397e-02  1.00582868e-01 -8.10046366e-03
  -8.36024617e-02  4.31458110e-02  4.00280688e-02  8.50919454e-02
  -9.16488532e-02  6.12268686e-03 -3.61519844e-03  3.00081411e-02
  -1.01078866e-01 -6.87889016e-02  3.67860120e-02  1.06733579e-01
  -1.33312947e-02 -1.04077706e-01  4.53433878e-02  5.58861413e-02
   1.04787542e-01  6.02824013e-02 -1.23922593e-02 -1.53334285e-02
  -2.37903226e-03  7.63847242e-02  9.27553944e-02  9.09354250e-02
   5.33632369e-02  4.83772172e-02  4.99779047e-02  7.42484170e-02
  -1.02869981e-01 -3.39176038e-02 -6.63795522e-02  1.18006955e-02
   3.33630855e-02  6.76053935e-06  1.10082142e-01 -7.08343960e-02
  -7.46507684e-02  4.67898679e-02 -8.36313780e-02 -9.75685251e-02
   3.13500160e-02 -4.58669299e-02  2.01741891e-03 -1.10996662e-01
  -4.69435605e-02 -1.00889013e-01 -2.73886006e-02  8.53912037e-02
   8.38001442e-03  1.85032935e-03  4.83052410e-02  2.87168264e-03
  -1.00688390e-01 -1.05188623e-01 -5.92533240e-02  8.41193803e-02
  -1.08309142e-02 -6.42020452e-02 -4.13527814e-02 -7.54260177e-02
   8.56224284e-02 -2.43948283e-02  6.90883606e-02  2.46095489e-02
  -3.85024427e-02 -8.14918949e-02 -2.20743369e-02 -3.82504830e-02
   5.48749119e-02 -2.67149962e-02  8.48146839e-02 -9.85696977e-02
   5.86451417e-02 -8.18978630e-02 -4.06400423e-02  6.25476809e-02
   7.57685469e-02  5.05361421e-02 -2.65709558e-02  5.48140157e-02
   2.82130619e-02  1.01788447e-02 -8.55544881e-02  5.47614710e-02
   7.56340148e-02  8.78463617e-02  9.00132733e-02  7.29788062e-02
  -5.89608241e-02  4.57655461e-02  3.35301649e-02 -5.57469748e-02
   2.00811823e-02 -8.27557660e-02 -5.15536461e-02 -7.07948319e-02
   6.39271187e-02  6.30991436e-02  9.99660528e-02 -8.72719393e-02
   6.44044857e-02  6.74003697e-02  5.62268249e-02 -5.97059269e-02
  -2.78626495e-02  4.21736928e-02 -9.14186628e-02  4.59336666e-02
   3.84811525e-03 -9.75994021e-02 -1.24462873e-02  3.84420416e-02
  -2.97424574e-04  6.16530309e-02 -4.48109350e-02  1.86942583e-02
   6.39338451e-03 -3.17887179e-02]
 [-9.25681210e-02  1.05244279e-01 -5.14334288e-02 -5.84059481e-02
   6.14962199e-02 -4.32043673e-02  1.85363918e-02 -5.54456006e-02
   5.97109564e-03 -3.68530750e-03 -2.25770334e-02  9.85149764e-02
   3.43416840e-02 -3.13308575e-02 -5.51162214e-02  2.42088759e-02
  -6.22470436e-02  3.15133133e-02 -6.77418894e-02  8.18980962e-02
  -1.13853406e-01  1.08842499e-01  1.87348728e-03 -1.08741811e-01
   8.35769017e-02  5.38043362e-02  7.83125183e-02 -8.20535577e-02
  -8.99519852e-02 -8.91923751e-02 -6.74223675e-02 -9.06084905e-02
  -2.34126465e-02  1.19326522e-03 -1.08480291e-01 -1.67116360e-02
   8.71497190e-02 -8.44028558e-02  1.76668205e-02  6.74489784e-02
  -8.86905751e-02  2.21974520e-02 -1.71136603e-02  5.59924716e-03
   1.22991477e-02 -1.93951137e-02  9.45345320e-03  1.79088214e-02
  -6.50636489e-02 -2.95855432e-02 -5.72265938e-02 -7.55240402e-03
  -5.72323861e-02  1.06437897e-01  6.25008010e-03  1.11056468e-01
  -8.61393932e-02 -2.55103252e-02 -1.08136469e-01 -7.30855356e-02
   8.66454271e-02  9.15523448e-02 -6.47838106e-02 -5.43532284e-02
  -6.84704485e-02 -5.76803308e-02 -1.04399210e-01  9.64252612e-03
  -3.40354520e-02  1.08416168e-01 -5.49209984e-02 -1.95184791e-02
   9.15091630e-02  6.88943099e-02  6.14445282e-02 -7.22997162e-02
   1.13446322e-01 -9.69714176e-02  9.46798228e-02 -4.83297196e-02
   6.44363189e-02  1.64772206e-02  7.41972114e-02  4.32160997e-04
  -1.02077343e-01  2.17525010e-02  1.77602519e-02 -3.75649902e-02
  -1.58892822e-03  9.16911480e-02 -8.64881961e-02  4.22524914e-02
  -4.66919093e-03  1.13646898e-01 -8.32048837e-02 -4.78823997e-02
   6.64686334e-02  1.58270420e-02 -1.02535007e-01  5.31091692e-02
   5.84601669e-02 -3.24044674e-02 -5.26791408e-02 -8.87244682e-02
   5.55129556e-02 -6.74601169e-02 -1.80603495e-02 -6.58529705e-02
   5.79379338e-02  1.72734164e-02 -6.65130054e-03 -7.31945429e-02
  -8.93485317e-02 -8.27982545e-02 -3.90018832e-02  4.00035079e-02
  -7.62758070e-02 -6.38034685e-02  7.70028275e-02 -1.17983053e-02
   1.37996045e-02 -1.07994850e-01  4.43077669e-02 -6.28605654e-03
  -3.90779264e-02 -1.07899574e-01 -3.58790418e-02 -6.88031541e-03
  -6.49953341e-02  5.41357576e-02 -5.71264448e-02  5.53638300e-02
  -4.86966353e-02  7.97412221e-03  6.28521829e-02 -7.29653462e-03
  -1.00316474e-01 -8.41950192e-02  4.09075374e-02  4.19933234e-02
   5.69050932e-02 -5.40718114e-02 -9.86372570e-02 -8.79357626e-02
  -3.88394617e-02  3.07034637e-02 -7.59507250e-03 -8.53568416e-02
   5.03156710e-02 -1.95398853e-02 -1.02324468e-01  4.73748033e-03
   9.15424645e-02 -2.80749739e-02  7.45119171e-02 -9.25759447e-02
   5.65845794e-02 -6.74943412e-03  8.14299401e-02 -1.54085591e-02
  -1.27801265e-02 -7.59164465e-03 -1.07011428e-01  3.35597126e-02
   1.13908268e-01 -4.08930228e-02  1.08113374e-01  9.40734862e-02
  -2.87668069e-02 -2.22092318e-02  1.27043980e-02 -1.87225714e-02
   8.00049615e-02  7.72916821e-02 -2.86796298e-03  6.19405858e-02
  -5.25764389e-02  1.37603015e-03 -5.71699574e-02  3.19736130e-02
   5.61424852e-02  5.40381819e-02 -5.85068022e-02 -1.09091002e-01
   5.34038594e-02  7.32998897e-02 -6.27810684e-02  4.41861075e-02
   1.87079567e-02 -9.26030502e-03 -3.92056593e-02 -1.11554848e-01
  -2.73861204e-02 -2.06663757e-02  1.09149000e-01  1.15475509e-01
  -1.15426804e-02 -9.12582838e-02 -6.01392289e-02 -1.15846687e-01
   2.38078786e-02 -9.40794865e-03 -9.11742910e-02 -3.19547101e-03
  -4.10798635e-02 -7.47727761e-02 -8.51292976e-03 -1.91301036e-03
   6.87129875e-02  4.14747834e-02  2.42531218e-02 -2.74442485e-02
   9.94706349e-02  4.78675949e-02  2.68857321e-02  7.69875537e-02
   8.65813200e-02  9.81277336e-02  1.02666363e-02 -7.21251168e-03
   1.46410216e-02 -1.27371055e-02  5.11449725e-02 -3.76717392e-02
  -5.26249580e-03  1.74207474e-02  7.20189241e-02 -7.79080512e-02
   2.18827606e-02 -3.60039313e-02  6.53556885e-02  3.70611634e-02
   4.49152274e-02 -1.01248285e-01  4.71487289e-02 -6.53600754e-02
   1.48805263e-02 -3.15161082e-02 -6.23066185e-02 -2.13210362e-02
  -9.37951439e-02  5.84862506e-02  1.92112621e-02 -3.03896550e-03
   3.59886890e-02  8.41549903e-02 -1.21885517e-02 -7.89034104e-02
  -8.49801013e-02 -1.05375247e-01]
 [ 6.55482576e-02 -9.68770695e-03 -9.79547521e-03 -9.48253385e-02
  -6.93643040e-02  9.27420825e-03 -3.49817794e-02 -6.57304183e-02
  -7.72164263e-02 -4.12376258e-02 -6.88998424e-02  5.87881585e-02
   6.32659716e-03  7.07973040e-02 -2.03807948e-02 -1.99864781e-02
   9.31933937e-03 -3.39225255e-02  1.03383816e-02 -2.49554609e-02
   9.36853833e-02  7.92181592e-02  1.03281414e-01 -5.45481994e-02
  -1.03282435e-01 -4.78736601e-02 -1.04025630e-02 -2.27254808e-02
  -8.00842812e-02  3.50894566e-02 -7.53630535e-02 -4.65082780e-02
   9.36976452e-02  4.06561960e-02 -7.94444064e-02 -2.18374978e-02
   7.32200938e-03 -3.30705888e-02  8.64742150e-02 -1.20398345e-02
   1.58109984e-02 -4.30913193e-02  9.12997063e-02  5.79493653e-02
  -6.88092025e-02  5.27532511e-02 -3.62650200e-02 -2.62451759e-02
  -4.78883872e-02 -3.24486321e-02  6.23553297e-02 -1.17250129e-01
  -1.94851565e-02 -9.15451140e-02  5.38482222e-03  7.92503242e-02
  -7.31205792e-03 -9.95625450e-02 -3.49755917e-02  4.58878645e-02
  -1.25507643e-01  1.99404263e-02 -7.26296268e-02 -5.58663002e-02
  -6.06834980e-02 -2.07040572e-02 -3.06982586e-02 -9.42906572e-02
  -8.66850224e-02 -2.27202983e-02  2.49531861e-03  6.83481236e-02
  -1.29866820e-01  7.10117998e-02 -5.20586026e-02  2.04643752e-02
   5.00076799e-02  4.43184982e-02 -6.46264131e-02  5.06342774e-02
   5.70264447e-02 -5.47352943e-02 -6.70254621e-02  8.41566485e-02
  -9.92559096e-02  4.19242628e-03  5.37108267e-02  2.17307744e-02
  -7.74032514e-02  7.94748554e-02 -8.08940912e-02 -5.06600301e-02
   8.23746597e-02 -4.35288698e-02  1.04190689e-01  3.20822952e-02
  -9.00705110e-02  8.74469688e-02 -5.43843364e-02  6.46371794e-02
   7.40335257e-02 -1.07505269e-01 -2.82201342e-02  4.27877518e-02
  -1.25065149e-02  7.52275903e-03  6.83614922e-02 -8.91661512e-02
   9.45477096e-02 -1.66350930e-03 -6.78214101e-03  2.88806184e-02
  -6.82382403e-02 -5.48343051e-02  1.05687792e-01 -6.60901854e-02
  -6.79919720e-02 -6.41048777e-03 -1.01253960e-01  1.60762804e-02
  -8.58641510e-02  7.34611433e-02 -4.40675419e-03 -4.64690284e-02
   2.09243948e-02  3.64452044e-02  2.28270903e-02  9.75233085e-02
   9.36854636e-02 -3.28368464e-02  6.36338222e-02 -5.69580631e-02
   4.17940761e-02  4.08020155e-02  2.70186157e-02  3.16407034e-02
   8.89653266e-03  3.58280842e-02 -5.72806665e-02 -9.12469558e-02
  -1.51627695e-02 -3.59154582e-02  5.37743992e-02  1.00592954e-01
  -3.38021492e-02  2.14125253e-03 -8.41801786e-02  9.55323878e-02
  -1.15463254e-01 -2.70405323e-02 -1.98348631e-02  1.53317749e-02
   3.66998709e-02  4.07501213e-02 -2.56863789e-02 -1.51227946e-02
  -1.42800204e-02 -1.91762360e-02 -5.06167846e-03  4.18000146e-02
  -6.28022555e-02  1.10335768e-01 -1.22295904e-02 -3.82486268e-02
  -3.14843413e-02 -3.86903003e-02  7.73411923e-02  3.58315397e-02
  -1.63293202e-02 -1.85141126e-02 -1.04082598e-01  6.81775247e-02
  -6.21324505e-02  6.76424608e-02  5.04317697e-02 -1.13445255e-01
   2.29096524e-02 -5.10233632e-02 -5.50775508e-02  9.94742753e-02
   1.06164538e-01  6.56361387e-02  7.34550106e-02 -2.36939624e-02
   1.02274858e-01 -2.69539331e-02 -1.04268798e-01 -1.53096618e-02
  -7.43795977e-02  3.91936325e-02  7.78440172e-02  1.03061726e-01
  -4.89320922e-03  1.01101035e-01 -7.01421096e-03 -9.49398415e-02
   3.87138491e-02 -9.96453523e-02 -5.17401088e-02  7.17699486e-02
   5.07655686e-02 -3.38278145e-02  3.73013026e-02 -7.22135398e-02
   9.34114991e-02 -2.07877674e-02  4.46772490e-02 -7.59064638e-02
   7.30214103e-02  6.49687350e-02  9.96428738e-02  7.13026193e-02
  -6.15658040e-02  1.10032230e-01  3.17365411e-02 -1.01764877e-01
  -3.26266505e-04  4.75412632e-02  2.97395314e-02 -1.65000364e-02
  -1.07873914e-01 -6.80174129e-02 -9.10267123e-02  7.39158166e-02
  -1.13043745e-01 -6.49232027e-02  1.71197449e-02 -6.11672864e-02
  -1.89491269e-02 -6.58943646e-02 -1.22738831e-02 -6.91504334e-02
   4.90315323e-04 -6.30065802e-02  8.24426209e-02 -9.35033848e-02
   1.03493868e-01 -1.09227429e-01  2.78925774e-02  3.82984598e-02
   3.80356783e-03 -1.94203877e-02  5.25284874e-03  9.00482526e-02
   5.73480673e-03  4.33029743e-02 -7.58547051e-02 -1.07917352e-01
  -1.81277546e-02 -1.08209774e-01]
 [ 4.87470554e-02  3.50344695e-02 -4.26474532e-02 -8.11612791e-02
  -1.22812996e-01 -2.36680329e-02 -7.53047642e-02  3.65586902e-02
  -5.52847033e-02 -5.64665968e-02 -1.94304645e-02 -3.64431472e-02
   2.16283321e-02 -8.67073954e-02 -8.66042797e-02 -8.16612513e-02
  -2.90083060e-02  1.48211420e-02  6.80323199e-02 -2.20002993e-02
   7.81426922e-02 -4.80855709e-03 -1.22190047e-02  1.77513058e-02
  -5.97488040e-02  2.14264013e-02 -2.45859494e-02 -1.82726170e-02
   6.87222549e-02 -6.54143409e-02  9.89079118e-03 -9.71240604e-02
   4.46811066e-02  8.31407302e-02 -1.08480306e-01  8.37119187e-03
   8.21038317e-02 -9.80448587e-02 -1.40925149e-01  1.09131793e-01
  -7.85552918e-02  1.15597136e-02  4.13668336e-02 -5.43314082e-02
  -1.06338814e-01  1.06859795e-01 -5.63953163e-02  7.95248245e-02
  -1.37509265e-01 -8.07675137e-02 -6.45348231e-03 -2.55845894e-02
  -5.41016747e-03 -6.88568522e-03 -5.55529942e-02 -1.03374487e-01
  -1.51510618e-02  9.75647419e-02 -7.75351464e-02  4.68179961e-02
  -1.01718954e-01 -1.14098517e-01  3.63429110e-02  7.36028899e-02
   5.71224693e-02  4.07425676e-02 -5.09876793e-02 -8.74194075e-02
  -6.85411442e-02  4.01865679e-02  7.94029536e-02  1.75347949e-03
   7.24367830e-02 -5.76246780e-02 -3.75583067e-02  5.12638098e-02
   5.68410222e-02 -8.18088998e-02  2.97688180e-02 -9.13944018e-03
  -6.17800029e-02 -2.55322970e-02 -3.01604728e-03 -5.99465155e-02
   4.44878742e-02 -1.97319961e-03 -1.06996994e-01  3.71001664e-03
  -1.62295566e-02 -3.08477743e-02 -4.44177050e-02 -2.68961572e-02
   1.94895591e-02  7.15914177e-02 -9.52547876e-02  5.66202135e-02
  -3.70467461e-02 -8.47893859e-02  4.19015179e-02 -7.59017435e-02
   1.28054792e-02  1.22980386e-02 -5.12723872e-02  1.09252406e-03
   9.83915021e-02  6.95634041e-02  5.88376201e-03 -4.53490149e-03
   4.39513180e-02 -5.27867754e-02  6.07728281e-02 -9.03992992e-02
  -5.70134545e-02 -2.73350402e-02 -4.06179058e-03 -1.07974199e-01
   6.41516777e-02  7.13313496e-02  4.89409609e-02 -9.51959415e-02
   6.39836228e-02  6.01370615e-03 -1.29234013e-02  2.79036872e-02
   8.85441596e-02  6.40371004e-02 -2.27282175e-02 -3.74094901e-02
  -4.14876290e-02 -6.58347580e-02 -5.50049106e-02 -4.59187597e-02
   7.88248833e-03  3.14415496e-02  2.48292235e-02 -1.15867031e-01
   6.94310702e-02  8.46750756e-02 -5.34466480e-02  3.06186856e-02
  -5.68217448e-02  8.12812742e-03 -6.31495904e-02 -2.47729729e-02
   7.18554370e-02 -9.45515231e-02  8.22156475e-02  3.47448324e-04
   1.20164581e-01  8.32612890e-02  8.46913096e-02 -8.15587246e-03
   7.04198485e-02 -2.64240179e-02 -2.24859462e-02  8.50681863e-02
   1.39248756e-02 -8.93258309e-02  3.85008310e-03 -7.38112224e-02
  -2.73238349e-02  9.84276532e-02  8.79194886e-02  7.35960180e-02
  -9.85222349e-02  8.54218644e-02 -1.30840317e-02  7.03364311e-02
  -9.73966130e-02  1.59267115e-02  2.16071138e-02  2.78467692e-02
   5.00328540e-02  8.64785795e-02  4.06325305e-02  1.86555746e-02
  -5.41403266e-02 -9.79852684e-02  1.65914667e-02 -6.70282982e-03
   9.63393456e-02  3.02216459e-03  6.71653320e-02 -3.56516365e-02
  -9.20862570e-03  4.40636481e-02  9.94654994e-02 -5.09796078e-04
   5.81330659e-02  1.34405005e-02 -8.04205561e-03  2.85849054e-02
  -6.05404258e-02  5.22060844e-02 -1.22794978e-01 -1.05300261e-01
  -8.95105108e-02 -4.26916704e-02  5.82755426e-02 -9.69866645e-02
   1.09797052e-02 -8.73231874e-02 -9.44845271e-02  2.57914318e-02
  -1.01673842e-01 -3.06145558e-02 -8.36921743e-02 -1.25407737e-01
   4.02036044e-02  6.36187847e-02 -9.49426974e-03  5.53052541e-02
  -2.12850457e-02 -3.22483540e-02 -1.07614271e-01  6.95476976e-02
   5.09603096e-02  5.31736988e-02  1.18155955e-01 -1.02377555e-01
   3.58428777e-02 -1.23928044e-02  1.09803311e-01  8.67957143e-02
   1.26339659e-02  1.00920500e-01 -1.44841682e-02 -8.39419688e-03
   3.46660465e-03  8.90354409e-03  8.54086858e-02 -2.92577581e-02
  -6.61726682e-02 -1.13461321e-03  5.42940625e-02  4.23246265e-02
  -2.19464457e-02 -8.97371866e-02  5.41792318e-02 -6.24036991e-02
   1.10409560e-01 -1.31020551e-02 -9.23474800e-02 -3.77083584e-04
  -3.74608055e-02 -4.60903007e-02  5.27146500e-02 -3.73070874e-02
   1.91070683e-03 -5.82571023e-02]
 [-1.74244680e-02 -4.66048612e-02 -3.69093092e-02  1.55455071e-02
   6.36169727e-02  8.89957540e-02  3.30312083e-02  1.01618629e-01
   5.14076745e-02  4.77914876e-02 -4.77518890e-02 -8.47809581e-02
  -5.27778350e-02  4.50685903e-02  3.21592524e-02  4.83726976e-02
   1.15410492e-01  1.04966228e-02 -1.07976665e-01 -3.57608381e-03
  -2.57213626e-02  5.24090783e-02 -6.99757429e-02 -5.51792813e-02
  -3.17113172e-03  8.57849300e-02  2.88979155e-03 -4.81561297e-02
  -3.43366454e-02 -1.81747432e-02  5.06891856e-02 -2.76707500e-02
  -9.39732254e-03  8.61670916e-02  1.66692320e-02 -1.97627834e-02
  -4.62527964e-02  2.53139510e-02  5.90082717e-02  1.97511156e-02
  -7.51855040e-02 -2.41247084e-02 -4.87906466e-02  1.02177077e-01
   3.14772343e-02 -2.89737740e-02  4.75812870e-02  4.94348815e-02
  -1.84094092e-02 -9.55361462e-02  5.58563326e-02 -8.56710805e-02
   3.15806454e-02  9.43238535e-02  5.92144687e-02  1.00476218e-01
  -4.64758596e-02 -6.60934791e-02  7.22612691e-02  3.12824419e-02
  -3.81698939e-02  5.14991081e-02 -7.61676703e-02 -6.55560360e-02
   8.14609885e-02 -2.34932028e-04 -1.12585632e-01 -6.48171958e-02
  -1.06172915e-01 -5.38652670e-02 -1.26668985e-01 -1.25331212e-02
  -1.09380126e-01  8.76024988e-02  1.17772230e-01  1.15619305e-01
   7.93321422e-02 -2.91667488e-02  4.94654546e-02 -6.45508928e-02
   1.14241671e-01 -1.65760198e-02 -2.71690045e-02 -4.34760199e-03
   7.87649033e-02  7.79848195e-02 -3.42877271e-02  1.76150583e-02
  -3.59460646e-04 -8.28714087e-02  8.40278352e-02 -8.78576244e-03
  -8.25399911e-02 -1.19365700e-01 -9.07153373e-02 -1.93790724e-02
   1.29323069e-02 -1.11913056e-01  5.29301383e-02 -1.91246097e-02
  -9.60810944e-02 -4.01290448e-02 -7.92863382e-04 -3.02619372e-02
   5.65942094e-02 -5.19256342e-02 -7.75955185e-02  4.27046353e-02
   1.05380556e-01 -2.09151268e-05  9.45964166e-02  1.18709219e-01
  -5.94359798e-03  7.67988784e-02 -1.07406517e-01 -8.96865517e-03
   8.50975207e-02 -2.69252126e-03 -9.67970654e-02  1.16385917e-01
   5.86699276e-02  5.06004797e-02  1.18834127e-01 -6.90218197e-03
   7.51678381e-02 -1.65021620e-02 -4.01237171e-02  1.82261740e-02
  -7.06667888e-02  3.50137527e-02 -4.96930869e-02 -6.37827454e-02
  -2.40761430e-02  5.55575622e-02  4.80932516e-02  1.28510150e-02
  -5.38919599e-02 -1.58084229e-02 -5.95627272e-02 -7.94162089e-02
   5.15135474e-02 -1.24834133e-01  3.34352410e-02 -8.41210762e-02
   2.14355171e-04  8.73961325e-02  8.38732010e-02  7.60676730e-02
   5.05169724e-02  5.89957941e-02 -1.73137182e-02 -6.04831221e-02
   1.62602198e-02  4.54129241e-02 -8.25187086e-02 -7.53827904e-02
   5.62160875e-02 -6.69881822e-02 -7.38445777e-02 -7.22306608e-02
  -9.69305131e-02  7.72199020e-02  6.94252910e-02 -2.28391206e-03
  -8.97422627e-02  7.54537191e-02 -8.94419189e-02 -3.99081561e-02
   2.04930418e-02 -9.69167797e-02 -6.29986532e-02  1.34481079e-02
  -1.31693525e-02 -3.03016924e-02  4.28572313e-02 -5.99542406e-02
  -2.97993475e-02  6.69830816e-02 -3.41845242e-03 -9.92913930e-02
  -8.48422849e-02  4.78694147e-02  9.96502518e-02  3.09473370e-02
  -4.27307738e-02 -3.49600512e-03  2.57526011e-02  2.05963731e-02
  -3.58124211e-02  5.69722072e-02  3.82312902e-02  8.28012401e-02
  -3.39206478e-02 -2.20075065e-02  1.32289932e-01  2.55677304e-02
  -9.97178375e-03 -1.08020831e-01  6.40941965e-02 -2.98932462e-02
   7.33372792e-02 -6.58116051e-03 -4.75304912e-03 -8.06758931e-02
  -5.71970334e-02  5.66740231e-02 -4.76634967e-02 -7.09607825e-02
   8.24540551e-02 -3.65373892e-02  5.12026950e-02 -3.06533592e-02
   1.67580893e-02  5.74411837e-02 -4.36644197e-02  3.80629532e-02
  -9.92859206e-02  1.76945611e-02 -7.39412663e-02 -1.80048698e-02
   3.07875716e-02  5.85228332e-02  1.16485158e-01 -2.42243696e-02
  -9.49802798e-02 -4.29437502e-02 -6.84437577e-02  2.49720844e-02
   7.74358342e-02 -1.16106947e-02  7.38770259e-02 -8.96316261e-02
  -5.41940879e-02  5.67298565e-02 -7.86350150e-04  8.71837414e-03
   4.16422428e-03 -1.83768870e-02 -2.94992844e-02 -7.55136321e-02
  -9.69433130e-02 -1.01599784e-01 -1.27188258e-02 -4.50686755e-02
   1.02216430e-01 -9.33947941e-02 -1.93852075e-02  3.00257764e-02
   7.92268687e-02 -2.27218311e-02]
 [ 3.01413534e-02  5.94616646e-02  1.28689348e-01 -5.62612708e-02
   6.55561525e-02 -5.79010766e-02 -6.96211408e-02  2.62751652e-02
  -2.73770354e-02 -5.54313247e-03 -5.05479842e-04 -6.80264774e-02
  -5.30871210e-03 -7.39347345e-02  1.20768777e-01 -6.54647873e-02
  -3.50775308e-02  1.09806232e-01 -5.01549568e-03  3.42571742e-02
   9.53847401e-03 -1.08180417e-01  8.24222526e-02  3.70957015e-02
  -7.71784793e-02 -5.63465736e-02  8.35224984e-02 -1.04685207e-02
  -4.57688974e-02  8.61626861e-02 -6.80227075e-02  2.05748079e-02
  -6.31209026e-02 -1.00032218e-01  4.32354764e-02 -3.49774734e-02
  -4.97019240e-02 -4.16746563e-02  3.63940321e-02  4.02899882e-02
  -6.55856699e-02 -8.73796335e-02  4.05824594e-02  9.05968858e-02
   4.83013668e-02  5.25829412e-02 -1.62747988e-02  6.88042076e-02
   4.71661284e-02 -6.24880147e-02  6.13118950e-02 -6.19614236e-02
  -5.28864910e-02  4.74510759e-02 -1.52849810e-03 -1.03169346e-01
  -6.99934990e-02  1.12290838e-01 -6.82039014e-02 -1.50661192e-02
   1.28142343e-01 -8.20642991e-02  7.11312012e-02 -1.66306191e-02
  -2.56809978e-03 -6.40190163e-02  1.41481281e-02 -9.79593272e-02
  -8.76300224e-02  4.52120956e-02  7.13762032e-02 -1.96482820e-02
   5.34879146e-02 -7.34195080e-02  2.31129211e-02 -3.08499861e-02
   1.51947413e-02  2.43152003e-02 -9.27572587e-02  8.71103853e-02
  -6.34706012e-02 -3.12329032e-02  4.89294577e-02  1.67559321e-02
   9.68089641e-02  3.76617444e-02 -7.44035971e-02  7.81852530e-03
   7.44460908e-02  3.53391040e-02  1.07415122e-01  9.99322879e-02
  -8.12625963e-02 -8.85090586e-02  7.66653814e-02  5.85834019e-02
  -2.66102945e-02 -1.86210061e-02  7.58828353e-02  1.12127793e-01
   1.28179043e-02  9.28299652e-02 -3.61703856e-02  6.82387638e-02
  -1.13948421e-01 -1.05167533e-01 -5.62447321e-02 -4.90147844e-02
   1.03579800e-02  5.42463603e-02  8.31039462e-02 -7.42920639e-02
  -6.40412312e-02 -7.71508337e-02 -1.11462651e-01 -2.21871479e-02
  -7.71960099e-02 -9.59134415e-02  4.91097259e-02  3.27432939e-03
   1.18894266e-03  2.44548906e-02  2.67841106e-02  1.17601857e-02
  -3.39545706e-03  5.09129969e-02 -4.73353140e-02 -1.05995415e-02
   6.81116044e-02 -8.78263653e-02  7.95248364e-03  3.34072125e-02
  -2.34712142e-04 -9.38951776e-02 -5.74420135e-02 -6.17612954e-02
  -1.73720316e-02  7.82067862e-02 -2.30737107e-02 -2.53710522e-02
   1.10345625e-01 -3.15617961e-02 -1.63308483e-02 -2.55818329e-02
  -3.92534493e-02  6.16455107e-02  8.38167107e-02  8.91403479e-03
  -7.25585258e-02  5.46396081e-02 -1.14452026e-01  3.85461006e-02
  -1.96483912e-02  5.26470991e-02  2.77714616e-02 -1.78243528e-02
   9.44290731e-02  7.21463224e-02  8.00216066e-02 -4.44012200e-02
   7.67564495e-02 -6.89321325e-02 -4.73260148e-03  1.12101760e-01
   1.10537324e-02  1.20484569e-02  9.46085711e-02 -6.90191277e-02
  -8.72665329e-02 -8.97410378e-02 -5.33338547e-02 -2.64395152e-02
   4.78073813e-02  3.19880617e-02 -1.83866342e-02 -6.19417072e-02
  -3.11220929e-02  1.14776157e-01 -6.24937082e-02 -1.06414453e-01
   6.43902539e-02 -9.82335382e-02  2.39487110e-02  7.67215467e-02
  -4.92940196e-03 -6.86197580e-02 -1.24923146e-01  3.75130655e-02
  -8.59913703e-02  7.32046590e-02  4.41955871e-02  1.10742483e-02
  -7.16986200e-02 -1.49054399e-02  5.90131720e-02 -3.20874403e-02
  -1.00857082e-01 -7.79101066e-02 -9.20524535e-02  2.06277021e-02
   1.04114448e-01 -5.23609138e-02 -3.24134962e-02  2.59712295e-02
   1.52723596e-02  8.62885310e-02 -8.04574492e-02 -7.41971971e-02
  -5.73600999e-02  2.25028260e-03 -9.72279447e-02 -7.43887986e-02
  -1.19119748e-02 -6.00196590e-02  4.98354155e-03 -5.28783646e-02
  -6.59129217e-02  3.22498894e-02  7.30598470e-02  3.90616947e-02
   5.96038725e-02 -9.24304278e-03 -7.39688281e-02  3.21908607e-02
  -7.10052016e-02  6.20550619e-02  7.77836968e-02  4.19448550e-02
   5.29443960e-02 -2.25763001e-02 -5.01180119e-02 -1.74923276e-02
   7.23696252e-02 -6.03924132e-02  4.32476306e-02 -8.94704765e-03
  -5.33261249e-02 -3.36863849e-02  1.02646984e-01  2.79308194e-02
  -2.97523094e-02  4.80351671e-02 -3.66993921e-02  7.77032016e-02
   6.72860251e-02 -2.41985994e-02 -6.42333178e-02  1.36267442e-01
   4.69568937e-02 -5.45588765e-02]
 [ 7.65428384e-02  6.39205253e-02  6.76726899e-02  8.83317216e-03
   9.32214539e-02  4.74739190e-02  3.54453444e-02 -3.89627106e-02
  -8.80628588e-02 -3.73634150e-02 -1.15497747e-02  4.73355993e-02
  -8.47718004e-02 -3.27834006e-02 -9.56431038e-02  6.48767753e-02
   1.04627852e-01 -3.46608717e-02  8.57480821e-02  1.17289776e-02
  -2.00715188e-02 -3.59619957e-02  3.47844532e-02  4.15030395e-03
  -1.16848227e-01  1.02497032e-01 -1.08155525e-01 -3.46662450e-02
   1.02075704e-02 -4.50215908e-02 -4.47734988e-02  3.02165444e-02
  -2.88605833e-02 -5.21473480e-03  4.42949423e-02  4.94235292e-02
  -1.01454005e-01 -8.25921658e-02 -2.27598547e-02 -3.19728784e-02
   7.57680126e-02 -3.22759115e-02  2.15712019e-03  6.45544264e-02
  -5.01212911e-02 -6.96520473e-02 -2.12139156e-02 -6.21214151e-03
  -2.30043713e-02 -9.60285442e-02 -6.27864434e-02  1.85567992e-02
   7.23633284e-02  8.74848420e-03  6.23460838e-03  1.12760887e-02
  -2.83274754e-02 -8.75742750e-03  7.99080418e-02  1.91821847e-02
   5.82368084e-02 -2.79969343e-02 -9.54402691e-02 -1.08993547e-01
  -1.27379049e-04  9.98539325e-02  1.32088741e-02  5.74863761e-02
  -1.13805121e-02 -5.95764700e-02  1.06553425e-01 -5.07506461e-02
   1.11148703e-02  8.99226500e-02  2.32558397e-02 -1.00245669e-01
  -5.31965242e-02 -9.01217989e-02 -7.29815626e-02  7.33606310e-02
  -3.27819714e-02 -6.31962038e-02 -2.05216619e-02  6.26469367e-02
   1.01614012e-01  1.11645653e-01  4.68358132e-02 -3.71588862e-02
  -4.42140239e-02  9.79518067e-02 -1.02294423e-01  9.63046013e-05
   1.16611439e-02  3.12357031e-02  8.56872614e-02  1.38958027e-02
  -9.96742135e-02 -6.46320472e-02  3.59870384e-02  2.47089170e-02
   7.67576083e-02  2.85503895e-02  6.97859305e-02  5.45185547e-02
   3.06279304e-02 -5.50076913e-02  8.67932743e-02  7.17220909e-02
  -3.39211280e-02  6.67953504e-02  2.35051824e-02 -2.26548053e-02
  -6.89366202e-02 -1.48413184e-02 -8.73828523e-02  1.63367195e-02
   8.20138368e-03 -7.25120461e-02 -8.57275588e-03  4.09538129e-02
  -9.26000597e-02 -9.45692192e-02 -4.14798142e-02 -5.68608952e-02
   7.12451455e-02  3.77687037e-02 -1.44365062e-02 -4.22914014e-02
  -8.26855007e-03  8.17633680e-02  6.18804259e-02 -1.06491485e-01
   3.56273739e-02  8.89592134e-02  8.28285060e-02  5.92318579e-02
   9.03398276e-02 -8.11569687e-02  3.03862662e-02  8.25272160e-02
  -4.14580029e-02  6.23961840e-02  5.80783397e-02 -1.09658966e-01
   6.74031602e-02  7.30149331e-02  1.18097587e-01 -8.34587014e-02
  -3.76026441e-03  5.91432548e-02 -4.72371087e-02  1.07498925e-01
  -7.41627555e-02  8.67872491e-03  3.33163187e-02  5.87137299e-02
  -1.18770018e-01 -3.37198586e-02 -1.07572028e-02 -1.07312110e-01
  -2.04076325e-02 -4.28252190e-02  1.16060724e-01  3.41440236e-02
  -4.47314863e-03  3.89431267e-02  9.25609933e-02  1.86960189e-02
  -2.42578377e-02  2.32582958e-03  8.99761121e-02 -9.93871079e-02
  -8.23626455e-02  7.92905515e-02  5.46567455e-02  4.66342083e-03
  -8.79828204e-02 -6.63655673e-02  1.20866451e-01  1.46984083e-03
  -3.98515782e-02 -8.06103821e-03 -6.16005117e-02 -4.92030193e-02
   6.25681154e-02  1.11542402e-01  1.40618166e-02 -3.45205194e-02
   3.05860583e-02  1.06788482e-01 -3.87080661e-02 -1.32089826e-02
   4.34313148e-02 -6.64546831e-03  1.02535802e-01 -3.84684317e-02
  -1.03353611e-01  1.43116419e-02  7.22373145e-03 -7.58957527e-02
   4.81136636e-02 -8.55689431e-02  1.07067571e-01 -1.00000497e-01
   5.70792916e-02 -4.29039573e-02  2.91359362e-02  9.10891608e-02
   8.21235605e-02 -8.27600451e-02  4.63577691e-03  5.45812433e-02
  -2.91426737e-02 -5.96286249e-03  7.77199319e-02  6.69601646e-02
   7.32293033e-02 -1.08675526e-01  1.19874163e-02 -4.85890240e-02
   1.06031706e-01 -6.78431861e-02 -1.08401769e-02  1.20866287e-01
   9.97777168e-03 -1.22002654e-02 -2.03731983e-02  5.36621759e-02
   4.59420440e-03 -3.75585363e-02 -4.53941172e-02 -2.54533153e-02
  -4.57541252e-02 -6.03086638e-02 -9.36463409e-02 -4.56757826e-02
  -3.35669244e-02  5.57678748e-02  8.28541977e-02 -6.40162455e-02
  -5.07220530e-02 -4.90742616e-02  7.02388368e-02 -1.02250163e-01
  -5.31193203e-03  8.00045929e-02 -6.63836604e-02  5.16759649e-02
   4.50276235e-02 -8.96593551e-02]
 [ 5.74764560e-02  4.44107004e-02 -5.10128745e-02  1.26464811e-01
  -1.58953039e-02 -8.62314989e-02  4.85158132e-02  8.90664476e-02
  -1.00822175e-01 -9.12668055e-02  7.43547098e-02  5.42158965e-02
  -9.84467341e-02  2.53165319e-02 -1.06940157e-01 -4.14595121e-02
  -7.80146467e-02 -8.38475397e-02 -7.94968802e-02 -5.90472328e-02
  -7.88974948e-02  2.10116585e-02  8.37966390e-02  3.29479910e-02
   5.78659532e-02 -4.32827817e-02  6.22083730e-02  1.14190832e-02
   6.67469184e-02  4.84665425e-02  2.71068811e-02  9.30530454e-02
  -9.27580102e-02 -1.12706035e-02  1.47612359e-02 -1.45535649e-02
  -1.59417383e-02 -1.24709305e-01 -6.64916897e-02 -8.00017293e-02
  -6.78985086e-02 -2.92907256e-02  9.32949446e-02 -6.55734082e-02
  -8.29887736e-02 -3.80879731e-02  1.21899331e-01  7.18888538e-02
   8.03329254e-02 -5.91740909e-02  7.70840947e-02  8.18893631e-02
   1.26220737e-02  7.43560109e-02 -1.07345386e-01 -1.88889177e-02
   4.37955076e-03  4.08847415e-02 -3.16405421e-03 -5.10956913e-02
   2.47035956e-02 -4.16036805e-02  7.14151337e-02  7.64402056e-02
   1.79166402e-02 -8.37811975e-02 -1.00489940e-01 -9.71903975e-02
  -6.62769571e-02 -1.37940144e-01  5.04805147e-02  1.99488036e-02
  -9.49850498e-02  9.94264267e-02 -6.27543224e-02 -6.97146492e-02
  -2.23278816e-02  6.82526364e-02  6.96159037e-02  9.24891480e-03
   9.66689975e-02  5.88205342e-04 -6.51466617e-02  3.20861862e-02
  -3.01127374e-02  9.70615996e-02 -9.00881047e-02  1.00639994e-01
   2.19845492e-02 -9.38079114e-02 -6.94361698e-02 -7.09278718e-02
  -5.63762236e-02  4.55378566e-02  7.10016334e-03 -5.72460849e-02
  -3.17111717e-02 -9.24201711e-02  5.54185570e-02  6.21873009e-02
  -7.60369615e-02 -3.44409211e-02 -3.50038393e-02 -7.97137530e-02
   3.48568273e-02  1.20752935e-01  5.31838165e-02  4.20744796e-03
   1.46536505e-02 -6.00120676e-02 -1.66519971e-03  1.95317627e-02
  -3.61119962e-02  4.96859787e-02 -1.19639775e-01  1.90069945e-02
   1.02363314e-01  1.09738308e-01 -3.50144791e-02 -3.69436631e-02
  -2.30743017e-02  1.22380182e-02 -1.69258788e-02 -4.18721580e-02
  -6.65524611e-02 -1.09690735e-01  8.54685748e-02 -3.87346592e-03
   8.25129563e-02  7.62400700e-02  4.85912416e-02  5.67337425e-02
  -1.95403968e-02 -9.73575777e-02  3.77430507e-02  1.94203439e-02
  -4.61452735e-02  2.75520119e-02  6.94238438e-03  1.84592804e-03
   1.49250892e-02 -4.84727815e-02 -2.99393094e-02 -1.14714725e-01
  -7.97623011e-02 -2.16559146e-02 -7.85448503e-02 -4.67920704e-02
   8.71977046e-03  1.37485393e-02  1.22812755e-01  8.25825169e-02
   8.39971293e-03  1.83661856e-02  5.01746477e-02  6.90528424e-02
  -7.28060370e-02 -1.00314047e-01  1.00733400e-01 -8.88558770e-02
   1.07114381e-01  8.31359897e-02  1.05178242e-02 -8.54138072e-02
  -5.83259098e-02  1.21956720e-01 -2.50727311e-02  2.41934531e-02
  -6.89793255e-02 -2.14601637e-02  1.04062676e-01  9.80774063e-03
  -1.52504600e-02  2.83965101e-02  3.43952760e-02  4.11349717e-02
   9.98622029e-02  1.23376507e-03  8.27316214e-04 -4.44382715e-02
  -5.33380722e-02  2.27470693e-02 -1.43958713e-02  4.30840120e-02
  -2.45693378e-02  3.28196885e-02 -1.27147777e-02  6.18778546e-03
   2.36286928e-02 -2.88396396e-02  2.23773988e-02 -1.59065026e-02
  -2.92556245e-02  1.37116724e-01  8.04397446e-02 -1.68274799e-02
  -3.70101363e-02 -5.93457986e-02 -7.04155233e-02  7.11981003e-02
   1.81192854e-02  6.03842437e-02  9.67980435e-02 -4.23401600e-02
   4.41002784e-03  1.52720089e-02 -2.61147986e-02  6.86094090e-02
  -1.07754114e-01 -3.62814884e-02 -1.39302212e-02 -6.14939126e-02
  -4.60893646e-02  2.43552609e-02  4.43920540e-02 -7.67749648e-02
  -4.62170348e-02  9.89898177e-03  8.06900529e-02 -1.08796219e-03
  -1.76700130e-03 -1.10515282e-01 -5.88963968e-03 -6.13198436e-02
  -6.92300987e-02  4.67789371e-02  5.88970701e-03 -5.67355773e-02
   4.88506580e-02 -5.27760883e-02  5.61492044e-02  3.32210654e-02
   8.86110848e-02 -7.67122181e-02  4.57202230e-02 -6.02325669e-02
   5.99644011e-02 -4.71358060e-02 -6.63277192e-02  8.78814468e-02
  -7.01743814e-02  3.23472340e-02  1.30848512e-02 -6.97048446e-04
  -4.31699057e-02  1.03577831e-01 -3.54291790e-02  5.21259514e-02
  -4.30787246e-02  8.77757004e-02]
 [-6.76544025e-02  5.61056914e-03 -9.00060569e-02  7.79564952e-02
  -5.22142556e-02  7.91152340e-02 -7.81645452e-02  6.20273749e-02
   4.24255043e-02 -7.72953482e-02  3.61991029e-03 -7.98884789e-02
  -5.61379902e-02 -1.12524794e-02  8.79937206e-03 -5.16633702e-02
  -2.88337365e-02  3.46643746e-02  2.49961583e-02 -7.72908125e-02
  -4.15042605e-02 -1.03094715e-01 -1.56351460e-02 -9.96891130e-03
  -7.22590576e-02 -9.32360178e-02  4.39452786e-02  9.14061241e-03
   9.78404402e-02 -4.11743261e-02  1.29288811e-02  8.57126073e-02
  -7.76802484e-02  3.44069435e-02 -1.57862203e-02 -1.13929256e-01
   3.09278592e-02  9.19421670e-02  1.00387552e-01 -8.08499576e-02
  -3.03054377e-02  6.58423756e-03 -4.92186901e-02  5.81904811e-02
  -7.87865281e-02  1.19109090e-02 -4.42247902e-02  9.61064617e-02
  -1.17653339e-01 -7.60191465e-02 -4.46442044e-03  3.29758624e-02
   6.57636527e-02  9.10512004e-02  1.06027803e-01 -6.49885284e-02
   8.29873788e-02 -7.60885213e-02 -8.93344119e-02 -8.84170496e-02
   4.06191223e-02 -5.31421810e-02  3.13248735e-02 -9.33379393e-02
  -1.24782032e-01  4.38304060e-02 -1.90530496e-02 -1.52121971e-02
  -7.07748749e-02  1.70408429e-03  1.16989361e-01 -5.15103652e-02
  -6.81796605e-03 -4.60383923e-04 -4.90308180e-02  3.44593051e-02
  -1.47338625e-02 -1.67164173e-02 -8.70932369e-02 -1.83568960e-02
   5.87506291e-02 -6.43651856e-02  4.27443156e-02  1.02545627e-01
  -1.72758384e-02 -3.17689150e-02  6.93159221e-02 -8.65350471e-02
   3.82635753e-02  2.40432421e-02 -8.13540830e-02 -3.20937941e-02
   3.06606431e-03 -2.44277701e-03  8.73195633e-02  8.32713286e-02
   3.95161071e-02 -1.00327971e-01 -7.95684222e-02 -4.21305643e-02
  -2.93915440e-02  5.23927810e-02 -2.09788351e-02 -4.23732662e-02
   9.94558645e-02  2.60134079e-02  3.71611781e-03  4.34807554e-02
  -7.21181020e-02 -1.02704714e-01  1.14608285e-01 -1.10515123e-01
   7.86311182e-02 -3.97028272e-02 -7.76301954e-02  2.11741185e-02
   4.24367882e-02  3.21753574e-02  6.64503302e-02  9.95655905e-03
   7.49199589e-02 -3.53074651e-02  6.91720402e-02 -2.29673124e-04
  -8.42960900e-03 -3.25492673e-02  9.99435504e-02  5.41065698e-02
  -8.72803100e-02  5.48863439e-03 -4.10901739e-02  3.31228324e-02
   4.27125423e-02 -6.00335112e-02  9.83936054e-02 -2.93598383e-02
   3.42981297e-02 -8.54439442e-03  8.05067862e-02  5.41150126e-03
  -2.85181203e-02 -6.29252891e-02  6.17738932e-02  6.27123556e-02
  -3.25183025e-02 -5.63961752e-02 -4.92522895e-02  3.60694983e-02
   4.78447332e-02  7.49716417e-02  4.47140508e-02 -2.69246628e-02
  -8.14251547e-02  7.31558768e-02  6.53050020e-02 -3.85821177e-02
   7.45765576e-02 -8.18839921e-02 -7.87608650e-02  4.74272490e-02
   1.08118471e-02 -9.88195630e-02  8.43543624e-02 -2.52129792e-02
  -9.54349986e-02 -9.86676056e-02 -3.21053420e-02 -5.58710793e-02
   6.03768131e-02  5.62242083e-02 -1.14968212e-01 -5.86103241e-02
   2.75660082e-02  4.96543855e-02 -9.26119279e-02  8.14394253e-02
  -1.32844927e-01 -3.00584743e-02 -7.01235929e-02 -6.39095458e-02
  -1.69349094e-02 -5.26040388e-02 -2.19175027e-02 -8.57771300e-02
   6.88384240e-02  6.44469909e-03  2.91295503e-02  4.88290363e-02
  -1.98030475e-02 -2.94722916e-02  9.17953548e-02  5.64035994e-02
   5.05144533e-02  8.18724692e-02 -3.04590491e-02  2.15597854e-02
   6.58024342e-02  7.66555171e-02  7.19947190e-02 -1.04464035e-01
   5.06950672e-02  3.66667982e-02 -4.11898616e-02 -2.74261216e-02
   4.08050912e-02 -5.80288466e-02  9.59216033e-02  2.42833463e-02
   2.13895198e-02  5.21586602e-02 -5.97827686e-02  4.92564529e-02
  -2.82777258e-03  6.37172498e-02 -6.07946637e-02 -7.18653201e-02
  -4.63384803e-02  9.69245491e-02 -3.41035332e-02  1.02795560e-01
  -8.48308037e-05  2.92117237e-02 -1.31187436e-01 -8.08859311e-02
  -3.32910725e-04 -9.67337557e-02  1.12942384e-01  9.30327557e-02
  -1.08526151e-01 -4.75560410e-02  3.89255293e-02  4.64132049e-02
   2.97479427e-02 -1.45007136e-02 -3.11525223e-03 -1.43432964e-02
   7.41242463e-02 -5.27743301e-02 -1.44211878e-02  2.94098699e-02
   3.33237945e-02 -5.96613182e-02  7.55054547e-02 -9.02685896e-02
   7.86326481e-02  5.08825164e-02 -1.17987488e-01  6.83470923e-02
  -7.78348656e-02 -5.73532070e-02]
 [-7.67794583e-02 -1.25314987e-01  7.76928501e-02 -1.71364149e-02
  -4.91440863e-02 -4.96987017e-04  8.82793727e-02 -5.52884634e-02
   1.20896619e-01 -1.11409120e-02  8.73949426e-03 -6.36228520e-02
  -9.57188872e-02 -7.77492401e-02  9.47522448e-02  4.48044000e-02
   2.54601769e-02 -3.13769214e-02  9.87688861e-02 -5.32631753e-02
   4.44207575e-02  1.86354190e-02 -7.48369270e-02 -1.40889595e-02
  -1.13213294e-01 -3.43106954e-02 -1.42605500e-02 -7.16615959e-03
  -4.15315240e-02  3.40033022e-02  6.76065023e-02  4.25872163e-02
   1.26274503e-01 -6.40479731e-02 -7.79911815e-02 -5.34088936e-02
  -6.28080052e-02 -4.85810263e-03 -8.47065161e-02 -5.66594273e-02
   9.82428630e-02  2.52603767e-02  4.88978659e-02  4.89270132e-02
   7.23442108e-02  2.51302407e-02  1.75420594e-02  3.25157619e-02
   6.99341968e-06  7.47806298e-02  8.78549088e-02 -2.61108907e-02
  -8.08380559e-02 -2.27524359e-02  2.54655017e-02 -6.62386357e-02
  -1.00417495e-01  4.53033130e-02 -8.69899874e-03 -1.39581192e-02
  -5.96611703e-02  6.19226926e-02  8.78135335e-02  1.68286990e-02
   2.65726456e-02  5.01145316e-02  6.73089005e-02 -1.01924483e-01
   5.12098420e-03 -5.02993329e-02  1.01477071e-01  2.23310238e-02
   9.31347384e-03 -6.80271022e-02  1.43973964e-02  6.00230994e-02
   1.17888607e-01 -1.34953618e-01  5.61072304e-02  7.29926036e-03
  -1.11339802e-02 -6.26788993e-02 -1.01371858e-01 -6.72773761e-02
  -4.38407622e-02  6.32683085e-03 -6.44175946e-02  6.22459385e-02
   1.14153245e-01 -8.46520633e-03 -3.64797973e-02 -7.13965857e-02
   1.77360021e-02  2.99148319e-02  9.11509381e-02  1.03562280e-01
  -7.72939587e-02  3.40970415e-02 -2.33189681e-02  8.81046449e-02
   5.40965356e-02 -3.60619408e-04 -3.70869023e-02 -9.04640744e-02
  -9.83143103e-04  8.95142874e-02 -1.93043317e-02 -1.10937243e-02
   8.93813576e-02  4.10686406e-02 -2.37842050e-02 -1.02546430e-01
  -1.23258535e-02 -3.37662295e-02 -8.91957906e-02 -1.29090782e-02
  -6.70303546e-03 -2.92547855e-02  3.46757185e-02  1.06520793e-01
   1.06226495e-01 -7.92502521e-02  6.06477986e-02  5.98811670e-02
  -2.79695697e-02 -2.85215542e-02  5.04714499e-02 -1.02873719e-01
  -2.54683571e-02 -6.45675960e-02  1.41199085e-03 -3.37392055e-02
  -2.58980546e-02  4.70876070e-02  9.75374227e-02  3.16479695e-02
  -1.16253256e-01 -8.25183787e-02  3.55269797e-02 -1.05747628e-01
  -7.91861483e-03 -1.03120616e-02 -4.71603359e-02 -3.91192106e-02
  -8.17785629e-02 -4.89706810e-02  1.09632254e-01 -1.92807797e-02
  -3.82967545e-02 -2.08149734e-02 -1.11007432e-01  5.02783305e-03
   3.51767919e-02  4.70712224e-02  2.00178467e-02 -1.09361481e-02
  -4.56342260e-02  2.42034691e-02  3.65180685e-02  5.79921364e-02
  -3.10967471e-02  5.80428580e-03 -2.48043416e-02 -9.48431719e-02
   1.02117255e-03  1.01064820e-01 -3.42428903e-02  6.79572311e-02
  -3.86651095e-02 -2.83267180e-02  2.69904424e-02 -5.37217684e-02
  -1.14070633e-01  3.77131948e-02  4.75742891e-02  4.74428201e-02
   6.66765040e-02  2.98396266e-03 -3.26314116e-02  7.32999673e-02
   3.81690532e-02 -1.00772938e-01  8.83551032e-02 -1.15183365e-01
  -5.72217328e-02 -4.81192063e-02 -6.58159448e-02 -9.45655378e-02
   6.81948201e-02  9.46046114e-03  1.67148330e-02 -5.28898822e-02
   9.72673118e-03  3.97688951e-02  7.07171707e-02  1.95969641e-02
  -4.92716676e-02 -8.38988653e-02  6.88981702e-02  1.23861468e-02
   1.65391338e-02  3.00909024e-02 -2.73030253e-02 -9.67119288e-02
  -9.13268738e-02 -6.09039711e-02  4.44456328e-02  6.29988945e-02
  -5.84117643e-02 -7.93107334e-02 -6.02007757e-02  9.53308609e-02
   1.24673057e-01 -1.19294735e-01  3.84086929e-02  4.88610471e-02
   6.36443378e-02 -8.25275422e-03 -1.10777298e-01  6.43526541e-02
  -1.12459797e-01 -3.02805211e-02 -8.48643813e-02 -5.96248764e-02
   1.25503931e-01 -5.92413143e-02 -3.19229205e-02 -3.62905615e-02
  -1.58671684e-02 -8.07027943e-02  8.16917741e-02 -8.78797747e-02
   1.10493110e-02  4.63688771e-02 -5.14635051e-02  6.36321534e-02
  -1.44169281e-02 -3.01759897e-02  1.40788577e-02  7.18750238e-02
  -5.10203391e-03 -1.18835694e-01  7.52501802e-02  6.89152437e-03
  -7.91395035e-02 -6.57724392e-02 -4.43680435e-02  1.38523001e-02
  -8.09586306e-02  1.04823911e-01]
 [-1.01186445e-01 -8.15292926e-02  2.57184374e-02 -5.81710610e-02
   3.78336319e-02 -8.76112991e-02  6.05231883e-02 -1.45953680e-02
   3.50309749e-02 -1.84235789e-02 -1.47383443e-02 -5.79855492e-02
   7.15307206e-02 -5.63618301e-02 -1.48952129e-02  3.97942189e-02
   7.32518296e-02  2.58166763e-02 -8.02521118e-02  3.64361065e-02
   4.59522733e-02  9.42415187e-02 -4.64386836e-02 -3.31565414e-02
   3.02265458e-02  7.73916754e-02 -8.12663943e-02 -8.91645672e-02
  -7.37119434e-02 -6.66784883e-02  1.58000399e-02  8.83919934e-02
   2.46593388e-02 -1.87112452e-02 -4.00703327e-02 -2.81508677e-02
  -2.93284337e-02 -3.70837079e-02 -5.34182846e-02  6.91857793e-02
   4.99441022e-02  3.97421328e-02  5.59563409e-02 -4.97997499e-02
   8.20837447e-02  5.62841297e-02 -1.00244409e-01 -1.44761088e-03
  -1.00409396e-01  4.05790055e-02  2.12641343e-02 -1.07069522e-01
   1.05305911e-01 -3.68216292e-02 -2.95547920e-02 -9.32031043e-02
  -1.53532294e-02 -7.26384877e-03 -7.34757105e-02 -1.33879254e-02
   6.35678483e-02 -9.65059174e-03  9.13572879e-02 -5.28621585e-02
   5.91323193e-02  7.14017265e-02 -7.20218301e-02 -2.41145723e-02
   9.79625540e-03 -5.72502870e-02  4.24332160e-02 -5.04140205e-02
   6.26139674e-02 -2.29290253e-02  5.62125250e-02  4.08337861e-02
  -1.08264359e-01  9.19164426e-02  7.81521793e-02  9.04073962e-02
   6.97626930e-02 -8.33591005e-02 -8.39673586e-02  1.72902125e-02
  -5.49614765e-02  4.54617098e-02 -4.52109157e-02  1.02739221e-01
  -9.80242049e-02 -9.35477845e-02 -6.38380846e-03 -3.46506270e-02
   3.82646575e-02 -3.84066120e-02 -4.90026171e-04  3.98374051e-02
   1.13968341e-01 -7.18980223e-02 -1.13225419e-01  5.82171949e-02
   5.53073193e-02  7.33343164e-02  9.53794690e-02 -4.95646229e-02
   7.27825342e-03  4.48862463e-02  1.13270888e-01  8.73486442e-02
  -7.09067854e-02 -1.38067408e-02  1.09273756e-03 -3.56524933e-04
   3.48825919e-03  2.73320091e-02 -5.26683659e-03  6.33758492e-02
   8.96446938e-02 -3.81937316e-02  8.01471570e-02 -2.73534849e-02
  -1.58583223e-02 -1.76456245e-02 -1.01317073e-01 -1.01442093e-01
   6.43686285e-02 -8.37343300e-02 -4.60906015e-03 -2.76174477e-02
  -6.31185454e-02 -2.07418027e-02 -1.35288908e-02 -7.48889363e-02
  -4.39169876e-02 -6.71707869e-02  7.27822433e-02  8.41086753e-02
  -8.86184489e-02  9.01062820e-02 -8.62659810e-02 -9.12819176e-02
  -5.70715723e-02 -1.93866179e-02  8.23317498e-02  7.24611883e-02
  -4.20519829e-02 -1.75735533e-02 -1.31704850e-01  1.27487065e-01
  -8.00699725e-03  3.04408473e-02 -2.41485818e-02 -1.10264069e-01
   4.46232213e-02 -7.91277107e-02 -1.83801061e-02  6.93479726e-02
   8.07721865e-02 -6.77575193e-02  4.05848481e-02  8.98061102e-02
  -5.82516084e-02 -5.46237962e-02 -1.14876582e-02 -7.86834755e-02
   7.41147789e-02 -2.81836864e-02  9.08019601e-02 -5.28406157e-02
   1.06802911e-01  2.65857367e-02  7.53107581e-02 -9.80992264e-02
   4.55912651e-03 -6.31249269e-02  8.74374143e-02  5.32882102e-03
  -4.82880598e-02 -2.49730887e-02  1.02473934e-01 -8.59767486e-02
  -8.79330560e-02  5.78810552e-02 -1.05991900e-01  1.21998917e-01
  -3.63391375e-02  3.13393641e-02 -1.09876792e-01  8.86832486e-02
   7.52696308e-02 -6.20948162e-02 -2.20990838e-03  2.99385451e-02
  -9.78901150e-02 -2.32850783e-02 -4.16588204e-02  5.31394405e-02
  -5.95267497e-02 -1.46970356e-02 -1.02955590e-01 -1.56086446e-02
  -6.08481673e-02 -4.58849967e-02  3.52328927e-02  9.77548618e-02
   3.64024590e-02 -2.40113413e-02 -4.53008689e-02 -9.14946292e-02
   6.15718184e-02 -1.84901580e-02 -6.15671015e-02 -1.53928558e-02
  -9.30985415e-02  2.69853432e-03  1.05116797e-01  2.12502692e-02
   5.31480601e-02 -2.55403641e-02  4.53765567e-02  9.85062673e-03
  -4.05756105e-02  6.48845328e-02 -3.93124332e-02  7.50284884e-02
  -4.15565617e-02  5.72634525e-02 -2.06184931e-02  2.24286794e-02
  -8.97358123e-02 -4.35007061e-02  5.48791577e-02  4.17800311e-02
  -1.11694082e-04 -8.36685404e-02  2.87134164e-02  5.94153593e-02
   6.84679438e-02 -4.93435452e-02  8.96176083e-02  6.35015311e-02
  -7.29966150e-02 -4.49431988e-03  5.66700644e-02  4.28368727e-02
   3.59244984e-02 -1.02372037e-01 -2.91999051e-02  9.37226253e-02
   1.05161019e-02 -4.60012719e-02]
 [ 2.27365456e-02  5.51487748e-02 -1.03104532e-01  7.04062657e-02
   8.82780041e-02 -4.32053269e-02  3.24816184e-02 -1.53545794e-02
  -8.38886023e-02  1.03633434e-01  4.94477436e-02  8.02928501e-02
  -7.65488383e-02  2.78572201e-03 -9.37811601e-02  3.03964472e-02
   8.79798542e-02  9.38524269e-02 -7.32165911e-02 -6.99420273e-02
   4.70992121e-02 -2.27722280e-03  6.70259694e-02 -5.56398989e-02
   1.19519327e-01 -3.54549134e-02  2.52416354e-02 -5.76728615e-02
   8.57241333e-02 -3.00194493e-02  3.73744844e-02  8.47769677e-02
   7.95298436e-02 -1.46884825e-02  6.20673472e-02 -7.46450589e-02
  -8.02619369e-03 -1.67961920e-02  1.02105453e-01  3.82024588e-02
   2.04970959e-03 -6.96028398e-02  1.03886923e-01 -6.20601205e-02
   4.69386035e-02  1.82211785e-02 -4.33748380e-02  4.87575558e-02
   5.51252863e-03 -9.00533472e-02  3.28808802e-02 -9.79029135e-02
   9.65905189e-02 -4.80757430e-02  6.79798685e-02  3.42434042e-02
  -6.92582696e-02  1.03843569e-01  6.49283047e-02 -9.67706044e-02
   2.14268320e-02  7.48708713e-02  4.47042795e-03  4.05203434e-02
   8.91810135e-02 -4.62010726e-03  5.48986364e-02 -2.82960930e-02
  -4.15858301e-02 -5.15278550e-02 -4.88447472e-03 -1.70774676e-02
   8.40947178e-02 -3.47249900e-02  4.11179007e-02  1.05365431e-01
   3.03286833e-02  5.66253955e-02  1.53018872e-02  6.78887899e-02
   3.38088597e-02 -5.36613932e-02  6.74224903e-02  9.27526798e-02
  -7.71900139e-02 -8.44132058e-02  1.42612954e-02  2.24887184e-03
  -1.50628259e-02  1.34474723e-03  2.38584993e-02  2.42687085e-02
   3.74115400e-02  1.03911247e-01  6.26723978e-02  7.57287821e-02
   1.31159128e-02  9.65755807e-02 -1.00354854e-01 -7.24845914e-02
  -1.25444962e-01 -2.13857618e-03  9.98703090e-03 -6.06438921e-02
   9.26131227e-03 -4.94702040e-02  2.92935202e-02  2.27883552e-02
  -1.84274071e-02 -9.32857514e-02 -8.68823483e-02 -1.12156380e-01
  -1.42845635e-02  1.02050479e-01 -6.82400615e-02  4.23350615e-02
  -3.54143261e-02  3.03262993e-04 -2.49485877e-02 -7.66747355e-02
  -4.80912310e-02  9.59105658e-02 -3.23754132e-02 -2.84673043e-02
  -5.02860420e-02  6.48132665e-02  3.06247443e-02  1.04534853e-01
   9.03054814e-02 -9.96203808e-02  1.88052238e-02 -6.10165677e-02
  -6.45323204e-02 -1.44955024e-02 -1.01175396e-01  4.94328359e-02
   4.78007187e-02 -3.21778667e-02 -6.19081495e-02 -5.84504658e-02
  -9.81877698e-02  7.73065879e-02  2.73887533e-02 -6.17561046e-02
   7.77020985e-02 -1.17168662e-02 -7.32986586e-02 -7.92096542e-02
   6.38588550e-02  5.25278956e-02 -8.19113187e-02  1.65893852e-02
   6.59555494e-02 -9.33677644e-03  3.94529160e-02  1.31076693e-02
  -3.83559102e-02  7.62329873e-02 -8.27159096e-02  9.09636552e-02
  -2.23384539e-02  7.43890148e-02 -6.75697362e-02  1.19529289e-02
  -1.29342042e-01 -3.11868177e-02  8.13299287e-02  7.39052345e-02
  -8.48120290e-02  5.40654498e-03 -3.92134329e-02  3.44448829e-02
  -4.56809721e-02  1.28717852e-02  1.14190085e-02  1.28277769e-01
  -2.07350348e-02  1.29541894e-01 -1.59687038e-02 -9.97549778e-02
   3.16195409e-02 -9.52227988e-02 -2.26409079e-02 -9.77515042e-02
  -8.57797207e-02  1.08178946e-01 -1.67827279e-02  2.16569675e-02
  -5.94737718e-02  4.66779794e-02  4.97263603e-02  1.19797089e-01
   4.29448688e-02 -3.32251246e-02  6.69305396e-02  6.81761865e-02
   1.76384736e-02 -5.08102364e-02  1.94971690e-02 -2.90946047e-02
   7.29533057e-02  6.19241085e-03 -3.54691236e-02  5.46871522e-02
  -6.49031260e-02  7.07161790e-02  5.67577570e-02  1.00720035e-01
  -8.56791837e-02  2.94911283e-02 -5.26738521e-02  6.81560557e-02
  -6.00207724e-02 -4.15974746e-02  1.92197957e-02  5.10787122e-03
   5.24353881e-02  7.45696656e-02 -8.85630961e-02 -8.34237288e-02
   6.40251496e-02 -1.10823894e-01  8.01857039e-02  8.00955825e-02
   6.58978267e-02 -7.17007055e-02 -7.20098575e-02  8.17458245e-02
   5.04214382e-02  5.10883829e-02  3.86883882e-02  3.96233393e-02
  -3.00263573e-02  2.74188755e-02 -2.41308860e-03  6.61097586e-02
  -8.64919006e-02 -1.18070320e-02 -3.62832347e-02  3.91277166e-02
   5.42063867e-02  4.44683171e-02  5.25670439e-02  1.41267455e-02
   7.79845314e-03 -9.92660931e-02 -4.82520090e-02 -9.50726149e-02
   6.75547835e-02 -3.72068630e-02]
 [-7.81612997e-02 -6.48193320e-02 -6.85081106e-03  7.06540712e-02
  -7.11606225e-02 -7.39598157e-02 -6.79568995e-02 -4.32423157e-02
  -4.97270449e-02  7.80947721e-02  6.51385204e-02 -9.69495824e-03
  -5.52232966e-02 -6.39756122e-02  9.11786744e-03 -1.11757461e-01
   1.79331157e-02  6.69501570e-02  6.53539277e-02  6.39261350e-03
  -2.92767634e-02  9.92345877e-02  2.39813940e-02  8.87926512e-02
  -5.81143290e-02 -9.25053634e-02 -1.81468257e-03 -2.69914784e-02
   7.22136966e-02 -6.79288922e-02  2.86147246e-02 -1.10866950e-01
   6.89993811e-03 -2.55153183e-02 -7.20844621e-02  3.08536247e-02
   3.01776449e-02  5.24356162e-02 -6.57082604e-02 -7.66306778e-02
   7.59853879e-02 -9.56219458e-02 -2.00870229e-02 -1.69575944e-02
  -3.45024556e-02  6.22966359e-02 -5.85406628e-02 -1.06609086e-01
   1.03390149e-01  9.29770434e-02 -8.63102281e-02 -9.55113526e-02
   8.19341864e-02 -7.98886535e-02 -6.99744103e-02  7.92214271e-02
   7.46437636e-02 -2.90850772e-03  5.36151860e-02 -5.01197480e-02
   7.84736015e-02  6.61322480e-02 -3.38020895e-02  9.50814750e-03
   2.98177827e-02 -9.86427132e-02 -1.32812611e-01  5.94255326e-02
  -9.26885872e-02 -4.85449276e-03  6.90511371e-02 -9.84833680e-02
   5.31127292e-02  1.26620712e-01 -8.42601993e-02  3.97834469e-02
   5.98270365e-02  3.65737520e-02 -6.25974583e-02 -4.27814694e-02
  -8.15989608e-02  4.35036298e-02  1.12708875e-02  6.82904459e-02
  -7.34811909e-02  2.09920625e-02  9.69694586e-02  8.39520746e-02
   6.26785358e-02 -1.00993227e-01 -2.70317745e-02  9.55957598e-02
  -8.02448609e-02 -3.04037422e-02  1.01548269e-02  1.41164728e-02
   9.53986149e-03  7.45974570e-02 -5.69342577e-02  8.38834881e-02
  -2.78461982e-03 -5.23536349e-02 -4.48603318e-03  2.42244058e-02
   8.77389321e-02  4.67746465e-02 -5.62341725e-02 -1.50132368e-02
  -6.78401460e-02  1.12746162e-01 -5.44327492e-02 -1.09929613e-02
  -1.96707514e-02 -4.76206141e-02  2.62068318e-02 -1.05830720e-01
  -7.46010185e-02 -6.49928466e-02  3.45589111e-02 -6.29301548e-02
   6.84949556e-02  1.01622782e-01  2.83575816e-02 -9.25993507e-02
  -1.80178796e-02 -7.08140510e-03 -1.04280641e-01 -5.39783113e-02
   2.15317123e-02  9.65508341e-02 -4.44292187e-02  6.54890483e-02
  -9.24292723e-02  4.91605862e-02  7.92502278e-02 -5.12045432e-02
   9.44185600e-02  5.37585036e-02 -3.07527243e-02 -5.79807131e-02
   7.97315214e-02  1.90323980e-02  7.13103476e-02  1.35887416e-02
   5.68621601e-02  3.22228291e-03 -2.89841236e-02  3.63665061e-02
  -2.02617161e-02 -6.81500872e-02  1.34723373e-02 -4.22261004e-03
  -7.41550989e-02  8.25782856e-02 -4.49566198e-02 -8.79568827e-02
  -6.70181315e-02 -9.13231119e-02  8.91108801e-02  2.69092977e-02
  -5.02881215e-02 -3.46921012e-03  3.03493178e-02 -1.79314078e-02
  -7.30903448e-02 -8.88706739e-03 -5.85557501e-02  5.33003473e-02
   9.08936282e-02  5.52912025e-02  4.97692995e-02  8.89845657e-02
   7.54394439e-02 -2.20018032e-02  8.50510338e-02  8.79843342e-02
  -1.13459871e-02 -7.48887853e-02 -6.74969487e-02 -7.61243488e-02
   3.97219799e-02 -9.67994131e-02  4.76951249e-02  7.19869137e-02
  -1.09750761e-01  7.70653493e-02 -6.38693266e-03 -3.25021883e-02
   3.12586578e-02  1.15083468e-01 -4.21262929e-02 -4.20262632e-02
   1.58895702e-02  7.13123585e-02  9.46109086e-02  6.24973126e-02
  -6.44432734e-02  4.01102264e-04 -5.97716425e-02 -5.38725270e-02
   8.97929538e-02 -5.90625653e-02  1.00103460e-01  2.51769107e-02
   3.82475204e-02 -9.47817382e-04  3.27345364e-02  1.77592914e-02
  -1.93969009e-02 -6.83944915e-03 -6.38472651e-02 -9.11011113e-02
  -5.05183674e-02 -1.00012715e-01 -1.68925002e-02  7.69877395e-02
  -1.21997898e-01  7.22100018e-02  5.70554339e-03 -2.71369946e-02
  -1.08389143e-02  1.24645302e-02 -1.33513836e-02 -6.14461023e-02
   5.66784322e-02  4.92852752e-02 -7.97166486e-02  2.78906906e-02
  -1.07601397e-01 -2.67675228e-02 -6.12169115e-02 -6.07741914e-02
  -3.91746352e-02  3.05381445e-02  2.15095482e-02  1.05518399e-01
   4.08595974e-02  6.73251839e-02  2.60950821e-02 -1.03660874e-01
  -7.41436798e-02 -7.04832924e-02 -4.04725666e-02 -2.07519411e-02
   7.31927365e-02  6.37199452e-04 -3.17385864e-02 -5.23790450e-02
  -7.15768453e-02 -3.52303978e-02]]