[[ -12.20618143   12.2066001 ]
 [  23.32631203  -23.34553975]
 [ -14.98840694   14.98067095]
 [  -0.69378276    0.69489218]
 [ -30.73875536   30.74432854]
 [   4.54998783   -4.55828397]
 [   9.96046104   -9.95762533]
 [  60.79339467  -60.79006631]
 [  29.57994094  -29.55215499]
 [ -11.47199826   11.48180193]
 [ -55.28224727   55.27140472]
 [ -25.61958412   25.61308669]
 [  40.81284903  -40.81472757]
 [ -92.3337354    92.35302565]
 [ -78.14334906   78.13149335]
 [ -14.66180177   14.66257436]
 [  -1.02561374    1.03710126]
 [  -7.74122493    7.7617172 ]
 [  36.63214859  -36.63103492]
 [ -32.178936     32.20207788]
 [ -11.38009027   11.39430807]
 [  22.18791123  -22.20303312]
 [  15.67338528  -15.67447556]
 [ -61.33568423   61.33132756]
 [ -40.7694015    40.77377776]
 [ -10.94407917   10.91921851]
 [ -17.90432581   17.89669437]
 [ -67.14961173   67.15145461]
 [ -29.35026736   29.36502506]
 [  13.69374693  -13.69161062]
 [  19.67549015  -19.68202588]
 [ -21.5457765    21.5440627 ]
 [ -24.01698537   24.00013025]
 [  18.31085767  -18.30599708]
 [ -73.70393844   73.74121151]
 [  76.86690565  -76.85949914]
 [  -1.1605152     1.15731115]
 [ -13.81164226   13.82523799]
 [  13.55259455  -13.55623213]
 [  67.25015618  -67.26236446]
 [ 107.84753611 -107.84081684]
 [  38.26319053  -38.25492099]
 [  94.48239659  -94.49090729]
 [   4.43152542   -4.43489584]
 [  26.31565908  -26.26900561]
 [  -6.55037302    6.56263475]
 [   3.0918031    -3.08213714]
 [  73.49778446  -73.49697298]
 [ -65.03051981   65.03450148]
 [ -50.18651954   50.18130533]
 [  65.07985161  -65.07807643]
 [ -12.4400129    12.4563245 ]
 [  29.03443455  -29.0017256 ]
 [ -10.58771363   10.59158258]
 [   2.28156762   -2.28606118]
 [ -14.46951209   14.47464967]
 [  55.95293133  -55.93391931]
 [  15.75467097  -15.72991453]
 [  20.61100858  -20.60099703]
 [  41.98499217  -41.97021472]
 [  44.31610377  -44.31466882]
 [  27.67825959  -27.68049325]
 [-108.41332848  108.46869914]
 [ -25.16713399   25.16909757]
 [ -58.14947201   58.20086561]
 [  15.40158645  -15.36162911]
 [ -32.5335176    32.52448957]
 [  16.26593974  -16.26566384]
 [ -12.88838094   12.88873187]
 [ 131.43672553 -131.40737544]
 [ -65.40258259   65.41417311]
 [ -18.27152014   18.26641254]
 [  66.86960085  -66.85967504]
 [ -14.49284116   14.49459343]
 [  45.08410368  -45.1088045 ]
 [   7.26828528   -7.27273879]
 [  43.07893094  -43.05353754]
 [-115.01109656  115.07853092]
 [  28.06356102  -28.06094638]
 [ -96.1096033    96.10613933]
 [  11.9774546   -11.9625497 ]
 [ -49.74692351   49.73351682]
 [ -15.15152053   15.16472256]
 [  41.10233743  -41.07627796]
 [ -38.7223619    38.73691336]
 [ -47.23026499   47.22697511]
 [ -38.92795347   38.9487734 ]
 [   1.50882589   -1.5213361 ]
 [  67.91706223  -67.91732816]
 [  31.73924831  -31.74034113]
 [ -76.62836904   76.65086356]
 [ -84.16928571   84.18002242]
 [ -15.07830348   15.0772132 ]
 [ -54.87864733   54.86884015]
 [  13.50422654  -13.4899972 ]
 [  -6.63666932    6.64681984]
 [  -8.46650438    8.46492311]
 [  25.81122266  -25.80073529]
 [   3.12143201   -3.12112101]
 [ 115.15661715 -115.16917216]
 [   6.69395891   -6.69386022]
 [  83.20256825  -83.20980295]
 [ -49.38773916   49.3915793 ]
 [  35.39242747  -35.41718598]
 [  -8.99337085    9.00624669]
 [  83.3359114   -83.3169541 ]
 [ -59.73288933   59.73213528]
 [  53.92391409  -53.95927098]
 [  -1.27707838    1.28040191]
 [  49.50592282  -49.48052227]
 [ -51.46498298   51.46718038]
 [   5.33050185   -5.29740449]
 [  13.39065142  -13.38864975]
 [  -5.56263874    5.5519102 ]
 [  33.6387359   -33.62998652]
 [   5.89783858   -5.90521291]
 [ -11.1221882    11.11412828]
 [  22.02798133  -22.037165  ]
 [  38.83956422  -38.81090198]
 [ -10.44430425   10.44317289]
 [  19.71414698  -19.71549954]
 [ -12.97425162   12.94988919]
 [ -33.09907729   33.10176057]
 [  23.1593547   -23.15465773]
 [  48.32464686  -48.33150041]
 [  58.65513479  -58.65246545]
 [  14.72859301  -14.73529041]
 [ -52.17776591   52.23331642]
 [ -15.16445837   15.18541098]
 [   1.70888102   -1.68358505]
 [  70.69903007  -70.65805292]
 [ -47.44282864   47.445995  ]
 [  59.65298532  -59.68180409]
 [ -83.07317358   83.13357306]
 [ -36.64844581   36.66887485]
 [   2.31036867   -2.30508312]
 [  49.73209282  -49.73273438]
 [ -72.86823397   72.87704275]
 [  25.05509952  -25.05042915]
 [   3.77619787   -3.77556601]
 [  29.31640551  -29.30731407]
 [  33.42795286  -33.40175251]
 [ -44.5359806    44.55181107]
 [  67.93277963  -67.9318372 ]
 [ -32.19429831   32.19278251]
 [ -45.05727543   45.07703797]
 [  28.10642152  -28.08648637]
 [  10.21216313  -10.21419488]
 [ -69.78934955   69.80316586]
 [ -18.42064089   18.43005292]
 [ -72.75006026   72.74998431]
 [  47.81800842  -47.81624462]
 [  41.98265824  -41.99867833]
 [  74.62793602  -74.61625126]
 [ -15.37304431   15.41445503]
 [  79.28345748  -79.2661189 ]
 [   2.42500842   -2.43782852]
 [ -58.27595272   58.4220134 ]
 [ -31.99636881   32.00316655]
 [ -19.33597941   19.42022096]
 [ -18.09486986   18.12966772]
 [  39.63117314  -39.62473859]
 [  17.70809281  -17.70263433]
 [ -61.18215383   61.16981454]
 [ -48.70497873   48.71159899]
 [   0.62487438   -0.62478729]
 [  -1.17761592    1.17779334]
 [ -11.15820703   11.17385206]
 [   4.21348352   -4.20602074]
 [ -22.26792429   22.25950081]
 [  -7.73183405    7.74280512]
 [ -13.00960256   13.01803893]
 [ -41.5203331    41.50286757]
 [  15.90157814  -15.88561664]
 [  27.40527122  -27.41478656]
 [ -30.82167284   30.81711026]
 [  32.58609708  -32.52435427]
 [ -63.36629937   63.37322269]
 [ -11.82817512   11.86316525]
 [   4.82615068   -4.81713144]
 [  89.12361313  -89.11616061]
 [  16.75030616  -16.72037774]
 [ -46.6472362    46.64528882]
 [  -2.06805587    2.08734782]
 [   9.29462367   -9.27892018]
 [  22.00332132  -22.01184837]
 [ -22.27270978   22.26685134]
 [  27.98850131  -27.94037948]
 [  -0.16194632    0.17375083]
 [  50.51928283  -50.52033187]
 [ -27.10598472   27.10343567]
 [  -5.55771681    5.53156561]
 [  -1.9311521     1.93411697]
 [ -52.29974948   52.32399157]
 [  25.15353371  -25.1491912 ]
 [ -21.36067864   21.37395321]
 [ -43.57378939   43.57882663]
 [   7.06033868   -7.06801835]
 [  -5.20403494    5.21695812]
 [   9.84925208   -9.85022871]
 [ -17.69731072   17.6876348 ]
 [  62.3147092   -62.28315388]
 [  55.85528725  -55.84179632]
 [ -18.56453784   18.56258786]
 [ -12.03923843   12.04497113]
 [   9.1023055    -9.09792235]
 [  66.40777777  -66.41960926]
 [  95.98291934  -95.95995337]
 [ -53.28941962   53.32548571]
 [ -60.9450131    60.98133019]
 [  19.1339884   -19.13083616]
 [  40.78109318  -40.77960545]
 [ -22.46284971   22.45929073]
 [  38.71588679  -38.72715878]
 [ -61.07604541   61.0995889 ]
 [  77.27545868  -77.26076282]
 [  15.59888718  -15.59197344]
 [ -34.34693989   34.3409846 ]
 [ -57.3591112    57.35199857]
 [ -40.3125089    40.36905269]
 [  52.24592211  -52.24984118]
 [ -23.13399655   23.1418967 ]
 [ -13.62881012   13.6381424 ]
 [  24.64323178  -24.63143196]
 [   3.42266439   -3.44048178]
 [  32.87117422  -32.87581589]
 [ -34.96196317   35.00230365]
 [   9.98164089   -9.96861269]
 [ -21.57823564   21.58097227]
 [ -83.55483636   83.56984246]
 [  33.80914256  -33.80746172]
 [ -17.7132227    17.73030608]
 [ -22.53150998   22.53987922]
 [  -7.36264179    7.3606289 ]
 [  36.01957053  -36.02951325]
 [ -35.40605049   35.41438871]
 [  20.38218299  -20.36648367]
 [ -21.48376966   21.48859379]
 [  39.27486096  -39.25121094]
 [ -23.73144398   23.71885513]
 [  71.70354652  -71.71983324]
 [  25.88075274  -25.82218339]
 [-104.39459938  104.3951619 ]
 [  17.23460266  -17.23174455]
 [   1.53738953   -1.54088918]
 [  55.55455732  -55.56651087]
 [ 115.71486973 -115.72895275]
 [-107.51097237  107.5304023 ]
 [  -9.24560036    9.2385724 ]
 [  43.9701226   -43.96703051]]