[[-3.58527453e-02 -2.29319160e-02 -8.75273176e-02  4.74561111e-02
  -8.36888961e-02 -6.21222304e-03  1.22781646e-02  4.70582106e-02
  -2.14194164e-02  6.20225643e-02  3.55096149e-02 -1.26533875e-02
  -5.31926502e-02 -6.17780350e-02  9.53257804e-02  3.90227878e-02
  -1.03954171e-01 -5.56895395e-03  8.74192287e-02  9.55360179e-02
   1.03833412e-01  7.29582398e-02 -1.10685619e-02 -7.40753636e-04
   6.55120442e-02 -8.35981860e-02  1.04306215e-01  1.00873701e-01
   3.24800229e-03 -5.98151857e-02  9.50142087e-02  3.80607173e-02
   9.33980416e-02  8.81537173e-02  1.21367172e-02 -2.78165362e-02
  -8.38910833e-02 -1.62644970e-02  7.18126456e-02 -8.86024987e-02
  -3.88524599e-02  1.56761892e-02 -1.07565061e-01 -7.36637601e-02
   4.57550708e-02  4.11308356e-03 -5.86799587e-02 -1.72555953e-02
   1.04151615e-01  8.62057022e-02 -4.12542194e-02 -8.98953984e-02
  -7.79574274e-02 -2.89386579e-02  1.01279419e-01 -6.91120423e-03
  -1.41850706e-02  3.12319057e-02  8.13886258e-02  8.41538408e-02
   5.75457715e-02  6.43186638e-03 -5.00996927e-02  6.20234990e-02
   8.17584864e-02  9.71200728e-02  7.20865194e-02 -2.26764132e-02
   5.23294185e-02  1.09574496e-01  3.26350748e-03  7.40304455e-02
  -5.94929924e-02 -3.34337785e-02 -3.73481188e-02 -1.03642619e-01
  -2.86076969e-02  1.65352662e-02 -7.34293201e-02 -2.14260616e-02
   1.00973096e-02  7.68676583e-02  6.41625666e-02  2.89283319e-02
  -5.95555356e-03  7.16816008e-02  6.69330245e-02 -9.45368002e-02
  -2.45718903e-02 -3.71359704e-02 -4.07053895e-02  2.51065311e-02
   4.55901927e-02 -9.21519845e-02  8.66454385e-02  6.97018585e-02
  -2.45868822e-03  1.02163103e-01  2.04889126e-02 -8.96192817e-02
  -7.11821471e-02  1.06398833e-01  2.90485407e-02 -8.32145176e-02
   3.82650177e-02  1.29030404e-02 -3.58480250e-02  4.72989036e-02
  -1.09519205e-01 -2.12245954e-02  7.18519013e-02 -8.48261367e-02
   4.11162467e-02  3.47300101e-03 -7.66337854e-02  1.13330260e-02
   6.43983676e-03 -1.09084880e-01  6.79820086e-03  1.03767578e-02
   2.93617607e-02  1.75264997e-02 -6.31040714e-02  7.60943743e-02
  -6.66359956e-02 -8.41791391e-02  7.11088393e-02 -1.39550857e-02
  -1.04206724e-01  5.24046425e-02 -8.18309204e-02  6.97068892e-02
  -1.08218104e-01 -5.86027788e-02  9.76050266e-02  8.39411994e-03
   2.27538037e-02 -7.34957182e-02  7.25107631e-02 -8.89148053e-02
   3.15414362e-02  6.30845817e-02 -5.97520098e-02  1.03078934e-01
  -9.63770050e-02  6.00204922e-02  2.89821863e-02  1.49226220e-02
   3.55924891e-02 -7.12396738e-02 -6.22044346e-02 -4.28059186e-02
   5.69311614e-02 -5.90215786e-02 -5.21681881e-02  8.40628257e-02
   8.33902216e-02  7.04460979e-02 -5.59416261e-02  2.21729446e-02
   5.75987567e-03  2.69034037e-02  5.82375415e-03  7.55099368e-02
  -4.72516102e-02 -6.82583567e-02 -2.43602862e-02 -4.32494131e-02
   3.04936400e-02  6.38593421e-03 -5.88466040e-02  3.61883228e-02
  -7.96121098e-02  1.19298274e-02  6.58479928e-02 -8.57673172e-02
   3.34339585e-02  6.43565614e-02  5.71336722e-02  8.85629207e-02
  -3.71871162e-02  9.05890816e-02 -4.44900735e-02 -9.69000576e-02
  -4.72812995e-03  5.05477236e-02 -3.76626445e-02  3.37339695e-02
   1.06454636e-01  5.00259614e-02  2.84507861e-02  4.09281394e-02
  -5.23509422e-02 -9.64782559e-02  2.36645456e-02  1.08722013e-01
   1.04865918e-01  4.14408305e-03 -1.09094709e-01  7.00649986e-02
   2.96068813e-02  7.78541270e-03  4.95787674e-02  8.82045822e-02
  -7.54454187e-02  8.97113957e-02 -7.31327805e-02 -2.08726965e-02
   1.02661110e-01  2.57813275e-03 -8.12247002e-02 -5.02377872e-02
  -3.27385952e-02 -7.68504587e-02 -2.70121598e-02  8.08842572e-02
   3.18278229e-02  1.62244895e-02  7.22483933e-02  8.65110239e-03
  -8.67050833e-02 -9.03276650e-02 -3.51029337e-02 -3.17687526e-02
  -8.11976085e-02  3.05403945e-02 -2.10218972e-02 -1.55580607e-02
   1.07897514e-01  9.37123532e-03  2.71560457e-02  9.70695087e-02
   6.83801564e-02  1.06433545e-01 -2.65947456e-02  9.48753882e-02
   2.11665797e-02  6.40603647e-02  4.09783675e-02 -3.06808579e-02
  -2.73107994e-02  4.11919909e-03 -8.52741790e-03  6.84702568e-02
  -5.69079223e-02  6.20616401e-02 -1.72795315e-02 -8.87077038e-02
   1.07561947e-01  9.44394055e-02]
 [-2.85727685e-02 -3.55445921e-03  7.10545609e-02 -5.29268648e-02
   9.54891999e-02 -4.07293355e-02  6.06140582e-02  1.04945614e-02
   8.50971652e-02  1.01922468e-01  2.94494901e-02 -1.18309065e-02
  -5.28429905e-02  3.30553064e-02 -2.90383905e-02 -3.52927125e-02
   5.77938534e-02 -3.43498449e-02 -8.11897807e-02  1.05353582e-01
   7.57359859e-02 -6.76472055e-02 -9.61859130e-02  4.43019148e-02
   2.65437315e-02  2.61553305e-03  1.02144919e-01  2.40473491e-04
   1.07912310e-01  3.95651071e-02  4.04922877e-02 -8.22177517e-02
  -9.26715693e-02 -6.17714995e-02  2.16670777e-02 -1.55440661e-02
  -9.29017628e-02 -6.21241841e-02 -6.91086303e-02  1.05772313e-01
  -7.21432576e-02 -9.78771163e-02  3.73845511e-02 -3.67976008e-02
  -8.50857579e-02 -2.48859209e-02  9.39178853e-02 -5.55989115e-02
   1.02245521e-01  4.83844896e-02 -7.27173135e-02 -5.96707238e-02
   7.06480611e-02  1.08104305e-02 -8.39828828e-02 -7.24784349e-02
   2.64794567e-02 -9.50313777e-02 -3.66566885e-02 -2.36787262e-02
   2.51585908e-02 -1.08177062e-01 -9.30431816e-02  1.04654743e-01
  -1.05896822e-01  7.63188127e-02  7.12350719e-02  6.99469600e-02
   3.20002248e-02 -2.97788019e-03 -6.16267221e-02  8.22065183e-02
  -1.22829380e-02 -9.58201422e-02  7.27875900e-03 -3.26698211e-03
  -3.66767923e-02  7.39802178e-02  9.72848493e-04 -3.66239074e-02
  -1.50017629e-02  1.65357745e-02  8.26521941e-02 -5.57377490e-02
   2.45589069e-02 -5.61748680e-02  2.47062472e-02 -8.75030049e-02
   3.31447379e-02 -8.38203667e-02 -2.29747641e-02 -7.04704622e-02
   8.18020378e-02 -5.82045653e-02 -5.42062429e-02 -9.00387780e-02
  -2.00251283e-02  6.27012518e-02  1.30896164e-02  1.08290270e-01
  -1.11391667e-02 -8.60488302e-03 -7.17893695e-02  4.47167107e-02
  -2.02863352e-02 -9.99242890e-03 -5.57102834e-02  3.99556888e-02
   8.34629789e-02  8.51122767e-02  4.65395740e-03  4.20545039e-02
  -2.97041352e-02  8.09562218e-02 -4.51026520e-02 -3.91085034e-02
  -1.28585420e-02 -6.45964230e-02  9.15363598e-03 -7.95651557e-02
   9.23642359e-02 -8.72237968e-02  5.19823427e-02 -9.77471601e-02
  -1.65184722e-03 -3.40876446e-02  7.06979285e-02  8.52071658e-02
   1.02553127e-01 -6.68838113e-02  5.02382849e-03 -2.63683403e-02
   5.77740676e-02  2.06099649e-02 -5.69726687e-04 -8.56233374e-02
   1.05463379e-01 -5.83310432e-02  4.85885229e-04  6.53737965e-02
  -9.13274977e-02  4.04525783e-02 -7.92167837e-02 -3.22105966e-02
  -3.00656066e-02  1.06811587e-01 -1.08173020e-01  1.40851285e-02
   3.87294005e-02  8.68671993e-02 -9.15050550e-02  5.02978886e-02
   6.18369602e-02  4.62195010e-02 -4.98724976e-02  4.14195541e-03
   1.05030366e-02 -9.40158937e-02 -6.66587628e-02 -4.12182345e-02
   1.01819873e-01 -9.48542396e-02 -1.38985475e-02 -7.76863391e-02
   7.96407789e-02 -9.65911941e-02  5.76830009e-02 -1.46985632e-02
  -9.80947464e-02 -1.02184528e-01  7.89279399e-02 -2.75821419e-02
  -8.79421862e-02  6.36761731e-02 -5.54810593e-02  6.68717168e-02
  -1.67838066e-02  3.39089278e-02 -3.04042960e-02  7.11365782e-02
  -6.06594472e-02 -3.80195112e-02 -5.43669673e-03  6.25358904e-03
  -3.92772582e-02  1.07284615e-01  7.73432958e-02 -3.84611386e-02
   4.21396895e-02 -8.68380608e-02  2.51125935e-02  4.77272962e-02
  -1.05564456e-01  7.58364040e-02  1.77183505e-03  8.31547532e-02
  -8.94720626e-02  4.16805790e-02 -8.68482338e-02  1.66786900e-03
   7.93713771e-02  8.13610505e-03  4.13749470e-02 -3.21018372e-02
  -6.91019308e-02 -5.75766507e-02 -1.02101745e-01 -7.05952326e-02
  -5.64244748e-02 -6.41478875e-02 -7.48593615e-02  3.46853521e-02
  -1.52502839e-02 -7.60399624e-02  6.50131283e-02 -6.37770841e-02
  -4.24666604e-02 -2.25543711e-02  9.93888375e-02 -3.79453813e-02
  -2.05618503e-02 -7.45433942e-02 -7.83188633e-02 -3.57285167e-02
  -2.80817722e-02  3.50474623e-02  5.81403414e-02  8.80373072e-02
   4.84034006e-02  6.53625947e-02  2.22381468e-02  8.33713570e-02
  -4.11005435e-02 -4.97470190e-02 -4.64064470e-02 -1.17873021e-02
   8.07331825e-02 -7.11083272e-02 -2.75880785e-02 -4.29403258e-03
   9.28057907e-02 -9.66710476e-02 -5.35465429e-03 -4.86742837e-02
   9.91343287e-02  2.91584411e-02  6.90200309e-02  7.01304705e-02
  -1.58779261e-02  9.55395854e-02]
 [-7.90190757e-02  2.81669338e-02 -6.70740109e-02 -8.59621175e-02
  -4.30690449e-02  3.60886507e-02  8.20549721e-03 -2.72470876e-02
   6.40803500e-02 -4.13402305e-02  5.95669487e-02  5.89480222e-02
   8.74591582e-02 -5.41748209e-03 -4.51865438e-02  9.51324902e-02
  -3.94806968e-03 -4.73523216e-02 -7.84740378e-02  4.58219130e-03
   2.18186244e-02  3.17135927e-02 -1.03112040e-01 -1.09223717e-01
   3.90298679e-03  6.66868741e-02 -2.03208330e-02 -8.00431620e-02
  -4.17303390e-02 -7.65257805e-02 -5.62373034e-03 -2.23685523e-02
   8.54703266e-02  1.60900535e-02 -6.59217203e-02  1.05295249e-01
  -6.69221643e-03 -6.12631369e-03 -8.39778492e-02 -4.85207245e-02
   6.30035357e-02 -7.56665251e-02 -7.33147937e-02  1.72439973e-02
  -2.00432544e-02  1.00868710e-01 -5.53039155e-02  4.75141922e-02
  -9.36053764e-02  5.92723181e-02 -6.16617882e-02 -2.12817344e-02
   3.83567900e-02 -1.54314014e-02 -7.18373497e-02  6.63543897e-02
  -3.84664182e-02 -7.81442507e-02  5.39964007e-02 -9.45980702e-02
   2.59740726e-02 -2.28770910e-02 -2.09356603e-02 -6.97810609e-02
   8.14137641e-02 -2.62640319e-02 -1.02874317e-01 -9.68137022e-02
  -4.75150566e-02 -2.61988703e-02 -2.58711517e-02 -9.67789246e-02
   5.34211278e-02 -7.99393917e-02 -1.06546343e-01  2.62197375e-02
  -5.23302550e-02  1.17966831e-01  4.35035662e-02  2.68642794e-03
   7.76325565e-02  1.14381894e-01 -1.05602398e-01 -2.81783439e-02
  -1.83042477e-03  1.73435620e-02 -9.84013104e-03  1.07093732e-01
   7.64766170e-02 -1.30271588e-02  6.34166669e-02  8.29460359e-02
   1.13548720e-01  8.60463231e-02  3.13432376e-02  4.10797572e-02
  -1.13422636e-01 -6.78250539e-02  3.25979196e-02  1.14007652e-01
   1.01712510e-01 -3.45575712e-02  7.24357237e-02 -8.29807616e-02
  -8.28538436e-02  7.99554190e-02  1.07558633e-01  5.71314347e-02
  -3.38991390e-02  4.63256671e-02  2.34150801e-02  5.97306958e-02
  -6.82884141e-02 -9.97644647e-02 -4.34074853e-02 -3.96244088e-02
  -1.08693489e-01  1.94636420e-02 -1.13819584e-01 -8.21756150e-02
   8.89150072e-02 -3.50726881e-02  1.02184441e-01 -2.42312335e-02
  -6.76773609e-02  7.75632085e-03 -2.00305492e-02  3.46958332e-02
   9.08119998e-02 -1.12503168e-01 -3.35331420e-02 -1.97743875e-03
  -5.82536351e-02  6.74300862e-02  4.49834732e-02  6.82541280e-02
   6.61190575e-02 -6.38003466e-02  1.13213691e-01 -1.12732066e-02
   2.60828769e-02 -2.66092189e-02  4.88582662e-04 -4.94833255e-02
   2.60994774e-02  1.94601333e-02  4.62228027e-02  1.95874027e-02
   4.03001814e-02 -7.83142299e-02  5.40931981e-02 -7.33256246e-02
   8.55270854e-02  6.23535532e-02 -4.36440472e-02 -2.84725105e-02
  -1.07336169e-01  9.37735622e-02 -5.20009618e-02 -1.05210824e-01
   1.10290569e-01 -1.17066583e-01 -4.41970053e-02  1.76659835e-02
   1.14913103e-02 -7.14318188e-02 -1.08621421e-01 -8.36921476e-03
  -2.54481091e-02 -8.47727913e-02  6.23838642e-02  2.50212156e-02
   9.76338794e-02 -8.42683887e-05 -1.18721917e-02 -8.88069405e-02
  -4.17384055e-02  1.90059145e-02  6.96248074e-02  9.28470279e-02
  -8.99878165e-03 -9.98549145e-02  3.50204712e-02  4.52166975e-02
  -5.27181504e-03 -7.53784220e-02  3.24246398e-02  9.18190572e-02
   2.35613165e-02  3.64899029e-02 -2.05998859e-02 -2.82296325e-02
   1.97252374e-02  3.21845175e-02  1.01121332e-01  2.16466954e-02
   2.87088225e-03  7.17965967e-02  5.70954611e-03 -5.42185215e-02
  -4.42682435e-02 -8.64596769e-02  1.07396437e-01  9.89140652e-02
  -7.93327372e-02  3.35177515e-02  3.68840417e-02  3.75025007e-02
   1.55057595e-03  4.97628144e-02  2.08956238e-02  2.34220162e-04
   4.39680565e-02 -8.74286955e-03 -1.02449730e-02  1.62734679e-02
   3.00279222e-02 -5.34518083e-03  6.90419818e-02 -2.61961420e-02
  -2.36561311e-02 -4.68508550e-02 -8.00232853e-02  1.81874951e-02
  -1.13602652e-01  4.80673701e-02  1.06891519e-01  9.64582548e-02
  -2.13699471e-03 -5.04735943e-02 -1.15242357e-01 -3.48436688e-02
   5.22947650e-02  4.76616470e-02 -6.44125052e-02  8.98879455e-02
   4.78273553e-02  3.00988499e-02 -9.11151186e-02 -2.28927090e-02
  -2.30138583e-02 -2.39828152e-02  1.41944449e-02  1.00030999e-02
  -8.71106139e-02  3.79464228e-02 -9.21785998e-03 -8.99323533e-02
   7.07560205e-02 -7.76338636e-02]
 [-5.14089729e-02 -8.14981721e-02  2.57061623e-02 -8.67783996e-02
   8.58705198e-02 -1.01963759e-01  2.89303960e-02  7.43277169e-02
  -3.85832170e-02 -9.24388397e-02 -6.02864577e-02 -1.80375126e-02
  -6.29870403e-02  9.59820994e-02  8.75383778e-02  1.21913182e-01
  -8.03855455e-02  1.36613167e-02 -5.00696878e-02 -1.39564291e-02
   2.69567024e-02  3.95000959e-02 -2.46493899e-02  5.30814825e-02
   5.29745303e-02  1.13177290e-01  3.22469312e-02 -9.98297067e-02
  -3.90534694e-02 -9.79096865e-02 -8.95914063e-03 -3.35369982e-02
   1.19774818e-01  2.70828125e-02 -5.63547364e-02  4.93348600e-02
  -8.74904057e-02  2.52624634e-02 -6.66651010e-02 -8.07350632e-02
   7.86059635e-02  5.36290105e-03  6.46922479e-02 -8.63260165e-03
  -1.05161162e-01 -8.02739497e-02  1.01724524e-01  8.96358612e-02
   2.89131210e-02 -4.80077521e-02 -5.13527811e-02 -2.33177058e-02
   2.08705874e-02  1.68260805e-03  2.87614379e-02 -9.43010887e-02
  -8.49575860e-02  6.06494371e-02 -9.48307168e-02  3.78272545e-02
   6.22876806e-02  5.20123641e-02  9.18987876e-02  1.46070038e-02
  -9.03123457e-02 -1.32296223e-02  6.52320204e-02  9.63170587e-02
  -5.93341791e-02 -4.55537252e-02  6.19161588e-02  1.26395052e-02
   8.31130609e-02  5.09149724e-02  2.81416880e-02  7.83853000e-04
   5.44804174e-02  3.75544472e-02  9.65958151e-02  7.23746934e-02
  -2.76422606e-02 -1.38885353e-02  7.40007632e-02 -5.24760746e-02
  -7.62152979e-02  5.34064284e-02 -1.10566111e-01 -6.22103040e-02
  -3.69577899e-03  3.68301119e-02  3.20822071e-02 -1.05230823e-02
  -5.04367023e-02 -9.00378661e-02 -1.01301188e-02  2.03499626e-02
  -7.46128333e-04 -1.13021669e-01 -5.25604536e-02  3.45661134e-02
  -6.85091080e-02  2.68881098e-02 -4.18554053e-02 -6.45450936e-03
  -3.19064566e-02  2.79885986e-02  1.03441763e-01  1.13059949e-01
  -9.90035642e-02 -8.14110041e-03  1.49498862e-02 -9.49634055e-02
   2.24335894e-02 -5.29747744e-02  2.37812053e-02  1.27467389e-02
   4.18918320e-02  7.09010458e-02 -6.22414672e-02 -2.64057743e-02
   5.14970178e-02 -7.86916609e-02 -1.87765436e-02  1.03106757e-02
  -1.83805969e-02  1.50326325e-02 -9.53326868e-02  1.33506485e-02
  -9.64024205e-02  1.15977642e-02 -6.37339878e-02  3.65480702e-02
   2.96917623e-02  8.31073295e-02  4.27440114e-02 -5.28570516e-02
   8.89771571e-02  7.56867310e-04 -2.27904908e-02  2.95007167e-02
   7.82251835e-02 -7.07075313e-02  1.02210946e-01 -7.28664377e-02
   6.49468170e-02 -9.10542227e-02  1.01767272e-01 -1.23920013e-02
   1.09201114e-02 -2.69266772e-02 -6.06458557e-02  8.60664531e-02
   7.26626298e-02  2.54403776e-02 -4.16596337e-02  6.56139656e-03
   5.89454518e-02 -4.98896295e-02 -8.79229702e-02 -7.66520576e-02
  -9.17446985e-02  3.89325588e-02 -3.98201272e-02  9.55701165e-03
   1.04804621e-02 -3.42812870e-02  3.09639120e-02  7.14279521e-02
  -7.94364893e-02 -8.11659834e-02 -6.15760115e-02 -2.74049631e-02
  -7.27125454e-02 -1.02702531e-01 -5.43229162e-04  7.29623467e-02
   1.19314683e-02 -7.57860698e-02  9.57226120e-02 -3.43474679e-02
  -4.52408799e-02  4.12197949e-02  2.91064328e-02 -7.87344989e-02
  -8.99350952e-03 -7.42760771e-02  4.56221310e-02 -7.94239218e-02
   5.92316160e-02  2.78998139e-02  8.44028819e-02 -4.88504294e-02
  -6.38143359e-02  3.58925668e-02  7.18255064e-03 -3.65121349e-02
  -5.36420574e-02 -2.56557400e-02 -9.67000566e-02  9.27008124e-02
  -7.75220418e-02 -3.37482221e-02 -4.91795028e-02  1.19901432e-01
   1.46876074e-02 -6.81249883e-02 -2.20517291e-04  2.76278742e-02
   1.29313970e-02 -1.36238085e-02  9.89859947e-02 -2.07196290e-02
  -2.27191955e-02  8.58026067e-02 -9.76619442e-02  9.57664133e-02
  -1.05875262e-01 -1.04916569e-01  3.68533364e-02 -1.00785550e-01
  -7.63192935e-02  9.84421668e-02 -1.06009184e-01 -9.85426844e-03
  -4.42851350e-02  9.24877966e-02  9.41495176e-02 -1.05479838e-01
  -7.32801783e-03  1.29475447e-02  1.00958044e-01  3.96125593e-02
   3.06972753e-02  6.40146281e-02  4.80972567e-02  4.09935510e-05
   9.45229971e-02 -1.41770300e-02  7.11121598e-02 -4.69897054e-02
  -9.62625601e-02 -1.14614415e-02 -1.08815621e-01 -1.05164931e-01
   6.88944363e-02 -6.70802249e-02 -4.89647739e-02  8.19100247e-03
  -4.17872104e-03  1.92017655e-02]
 [ 2.85766823e-02  4.07122650e-02 -3.13654849e-02 -4.52980382e-02
  -4.90209105e-02 -7.47185698e-02 -4.21671919e-02  1.05866309e-01
  -9.28815292e-02 -1.08363941e-01  4.85686208e-03 -1.61825079e-02
  -7.12489655e-02  2.62944091e-02  6.15844349e-02 -9.20967040e-02
  -9.64776925e-02 -7.13027127e-02  9.19548714e-02  4.98391719e-02
   4.77945420e-03 -3.02353812e-02  2.35315369e-02  6.62951236e-02
   8.87595915e-02 -2.80754832e-03 -8.60996144e-02 -5.22501207e-02
   7.62776851e-02 -8.58043217e-02 -5.73215781e-02 -9.68543533e-02
   5.14481638e-02  3.38128301e-02  5.06364588e-02 -9.78128094e-02
   7.63016713e-02 -2.13782565e-02  3.97893846e-02  5.03583468e-03
   1.37717286e-02  1.29228197e-03 -8.09720604e-02 -7.28378288e-02
   8.99696242e-02  9.60817087e-03 -9.22777985e-02  4.21958285e-02
   8.13932158e-02  1.79936485e-02  8.65734435e-02  1.44420155e-02
  -1.08792274e-01  6.70183685e-03 -1.98913420e-02 -5.38034443e-02
  -7.04695369e-02 -4.60130745e-02 -9.45373352e-02 -4.89400175e-02
   2.35602516e-02  8.51815884e-02 -6.46306103e-02 -1.13335328e-01
  -9.39223940e-02  2.74635791e-02  6.35461255e-02 -6.47048710e-02
  -5.00134116e-02 -8.61298534e-02  7.57886155e-02 -2.81118000e-02
  -4.19879974e-02  6.18474402e-02  9.47214469e-02 -4.22208647e-02
  -5.66405971e-02 -2.34026191e-02  1.04773540e-02 -6.46483720e-02
  -7.50610559e-02 -2.11697022e-03 -1.03048064e-01  4.29266864e-02
   1.01155927e-01 -9.83030140e-02 -1.67061282e-02  6.19397622e-02
  -9.12998382e-02 -8.56215211e-02  9.59498922e-02 -8.94017555e-02
   4.67347174e-02 -3.10112264e-02  9.18563802e-02  4.31636006e-02
   2.21637652e-02  9.26055814e-02  9.92973197e-02 -6.38007280e-02
  -3.18935565e-02  1.29121725e-02 -2.08418204e-02 -4.26911562e-02
   7.94252552e-03  5.21879922e-02 -4.93003998e-03 -1.41666440e-02
   6.34859744e-02 -5.56211576e-02  6.58161087e-02  9.27718890e-02
   4.26794898e-02  1.00964416e-01 -3.89704572e-02  1.64239543e-02
   9.35279688e-02  1.12158930e-01  9.21842425e-02 -6.90561425e-02
  -4.19718966e-02  1.92440675e-02  1.79789222e-02  2.75414738e-02
   3.00129113e-02  9.89237565e-02  5.90762482e-02  5.27948086e-02
  -4.28938941e-02 -6.25961419e-02  1.01032105e-01 -1.26565780e-02
  -7.38158289e-02  8.53662458e-02  3.01684675e-02  6.19614601e-02
   9.34223948e-03 -7.49061631e-02  4.77074037e-02  2.30637292e-02
  -1.02784485e-01 -8.01710618e-02  8.77986900e-02  6.83960354e-02
   7.97971035e-02  7.28181402e-02  2.57694395e-02  2.33443837e-02
  -9.49281651e-02  9.32586557e-02 -7.20961705e-02 -5.51188203e-02
   2.40892497e-03  3.38709116e-02 -8.00779776e-02 -5.63675653e-02
   2.08417341e-02 -9.98289870e-02  5.44248265e-02 -9.60616559e-02
   5.77933151e-02 -1.07191461e-01  7.31512219e-02 -4.05106822e-02
  -6.68543841e-02  5.96513936e-02 -1.32109501e-02 -6.13109089e-02
  -8.16549516e-02  4.04412948e-02  6.60280178e-02 -7.16370319e-02
  -3.54141529e-02 -1.24549357e-02 -9.05165518e-02 -4.94778528e-02
  -1.30336067e-02 -3.80917321e-02  1.09588195e-01  8.69621304e-02
  -1.93948773e-02  2.11257532e-02  1.05626453e-01  4.87858649e-03
  -3.78967463e-02 -7.65616610e-02 -2.24110483e-03  2.13080497e-02
   1.02413336e-02 -7.03825968e-02  5.69538991e-02  7.63867405e-02
  -7.86945255e-02 -3.54004206e-03  5.68816545e-02  3.92138749e-03
   1.70391558e-02 -1.41977216e-02  4.22208596e-02  6.85884389e-02
  -2.04936638e-02 -6.53662039e-02  7.57105824e-02  7.21190464e-02
  -1.58142100e-03 -2.05976968e-02  1.00642495e-01  1.07203477e-01
   2.42535218e-02 -5.72009701e-02 -5.76568541e-02  7.87932568e-02
   9.73212117e-02  4.72597982e-02  1.07255798e-01  3.59480327e-02
   3.02764093e-02 -3.75231486e-02  1.86040215e-02 -1.02152760e-01
   1.21721118e-02  8.50834554e-02 -2.08121945e-03 -8.00698165e-02
  -6.10394914e-02 -7.59635774e-02 -8.78079652e-02 -1.82718841e-02
  -6.82927363e-02  5.33747871e-03 -4.03260158e-03  1.56910596e-02
  -6.38111467e-02 -1.89541491e-02  4.77209460e-02 -8.83298203e-02
   3.37411235e-02 -5.82136135e-02 -9.79326096e-02  1.67954856e-02
   1.90791061e-02  5.83357142e-02  4.41696325e-03 -7.33956102e-02
   7.34270524e-03  9.04843349e-02  1.52364145e-02 -1.12211196e-01
   5.32301033e-02  3.73424643e-02]
 [-9.43199143e-03 -9.68810903e-02  5.87744183e-02  5.38844196e-02
   9.13695882e-02 -8.29748686e-02  9.11239324e-02 -4.87852026e-02
  -2.32767756e-02 -3.09749152e-02 -3.20977719e-02 -1.67602027e-02
  -1.48009484e-02 -1.03131603e-01 -7.84584476e-02 -7.09007791e-02
   5.15459671e-02  1.76582167e-02  9.56342776e-02  3.50074516e-02
  -9.61693290e-02 -8.35489681e-02  4.19518750e-02  8.97093300e-02
  -5.58396382e-02  1.24928644e-01 -9.86971783e-02  1.40033805e-03
   8.47359951e-04  4.38956812e-02  1.60197380e-02  5.96886843e-02
   1.74259155e-02 -8.33313523e-02 -8.02387855e-02  1.24888068e-02
   4.50357367e-02 -9.37058740e-02  4.96399385e-02  8.07436156e-02
   1.19769280e-01  4.49248440e-02 -1.41141141e-02  4.31404421e-02
  -1.05220539e-03 -9.16852367e-02  4.15516604e-02  1.64644541e-02
  -6.18321024e-02  1.10497615e-01 -6.12115306e-02 -4.71739261e-02
   1.81567643e-02 -8.33331616e-02 -5.51843231e-02  1.00311010e-01
   1.76849340e-02 -5.14948320e-03  9.38776510e-02  3.35193522e-02
   7.32037121e-03 -9.27748860e-02 -6.93507583e-02  8.75736102e-03
   1.07418540e-01  8.81248996e-02  1.11785930e-01  8.49727703e-02
  -5.80324423e-02  3.72100637e-02 -7.23859482e-02  2.30284843e-02
   6.79172016e-02  6.95524352e-02  3.22637050e-02  3.46340280e-02
   2.47520253e-03  4.59740478e-02  1.00119402e-01 -7.07656678e-02
   2.41688597e-02  2.75000498e-02 -6.06451584e-02 -5.98071037e-02
   1.00200872e-02 -1.00119753e-01 -1.15587885e-01  3.59402436e-02
  -6.91406346e-02  3.86967391e-02  1.05240895e-01 -7.00102028e-03
  -8.85650582e-02  7.63064206e-02  2.14021534e-02 -8.52629573e-02
  -2.35126500e-02 -4.19167261e-02 -3.05956749e-02  6.13556177e-02
  -6.91074134e-02 -2.11617312e-03  1.07496462e-01  1.02391727e-02
  -2.92661843e-02  4.30151457e-02 -2.37580694e-02  4.63898367e-02
  -5.06007520e-02 -4.41544693e-02 -1.72756407e-02 -1.12470251e-01
   8.89600344e-02  2.70584260e-02 -9.22153709e-03  7.57279257e-02
   1.16366263e-01 -5.87016901e-02 -1.19385540e-01  8.35408285e-02
   3.05861970e-02  4.55466199e-02 -6.45536825e-02 -4.29402733e-02
   5.39401250e-02 -9.23783023e-02  5.60551182e-02  7.73120854e-04
  -7.09470842e-03 -2.27129432e-02 -2.97967729e-02 -6.66749725e-02
   5.18710426e-03 -2.21434982e-02  6.82830136e-02  5.54018244e-02
  -5.86561295e-02 -4.28150490e-02  1.36625087e-02  6.54137026e-02
  -1.86748331e-02 -3.73132300e-02  2.81233010e-02  6.27207644e-02
   1.17144777e-01 -5.59884720e-03  1.68390076e-02 -1.90850778e-02
  -7.15020276e-02  6.17485957e-02 -1.19798409e-02  9.75608735e-02
   7.28357504e-02 -9.37539911e-02 -1.30192408e-01 -7.88699057e-02
  -6.52696579e-02  7.14162377e-03 -7.88653541e-02 -8.12876685e-02
  -8.80497846e-02 -1.94411761e-02  8.24191605e-02  5.49730727e-02
  -1.01730010e-01 -5.91195518e-02 -1.17994496e-01 -5.46560836e-02
   4.69168558e-02 -6.53040236e-02 -5.84144257e-02 -1.82371622e-03
   1.07320148e-02 -5.34074400e-02  9.54481079e-02  9.46811797e-02
   1.90240171e-02  9.03651071e-02 -5.16264789e-03 -1.99696951e-02
   9.62036504e-02  2.16580689e-02 -1.94537957e-02  7.41629379e-02
  -9.21901516e-02 -1.93127236e-03 -5.77312996e-02  3.51843317e-02
  -8.59340444e-02 -6.85870396e-02 -8.48176572e-02  7.26850315e-02
   2.76717296e-02  8.22130015e-02  6.95361928e-02  9.92554419e-02
   4.56472417e-02 -1.00146800e-01 -5.48910672e-02 -5.27297746e-02
   8.51391712e-02 -3.57084660e-02  9.82467706e-02  6.58650800e-02
   3.87498076e-02  8.31017120e-02 -8.90265717e-03 -3.94401750e-02
   2.85340202e-02  4.09629602e-02  4.28804375e-02  1.04308357e-02
   5.83736366e-03  5.29847271e-02 -2.40020703e-02 -7.20763787e-02
   6.88015651e-02  1.32936094e-02 -2.69348072e-02  4.31221064e-02
  -4.17084397e-02  3.68720514e-02  8.55772350e-02 -7.00015536e-02
   4.76272643e-02  4.23340027e-02 -3.16192540e-02 -1.70957080e-02
   1.17360551e-03 -2.49182977e-02 -1.48179440e-02  1.10224593e-01
  -1.00840806e-01  4.94456047e-02 -4.03855868e-02  1.74863963e-02
   5.34586239e-02 -2.30590862e-02 -2.50432586e-02 -2.38212455e-03
   9.27970090e-02 -8.12881218e-02 -3.55792814e-02 -9.76292478e-03
  -2.99682318e-02  1.04013537e-01 -1.21392584e-01 -2.59978203e-03
   5.79272297e-02  8.08270788e-02]
 [-7.88256580e-02  5.76227056e-02  5.62732381e-02 -4.68908497e-02
  -1.09084994e-01 -8.97704088e-02 -5.94275956e-03 -1.12483834e-01
   9.31223532e-02 -4.88943017e-02  5.55667077e-02 -5.37585302e-03
   1.59362708e-02 -3.76552402e-02 -1.00278367e-01 -3.83583204e-03
   7.50272082e-02  8.33607762e-03  3.88731345e-02 -1.33581880e-02
   8.95134513e-02 -8.35433397e-02 -9.30161650e-02  6.33115094e-02
   8.10881832e-02  1.43732660e-02  5.68271163e-03  1.20870916e-02
   6.58354663e-02 -9.75993137e-02  1.04569737e-01 -8.57168337e-02
  -8.68767534e-03 -2.30584457e-02  8.87990307e-02  5.94517710e-02
   7.21774980e-02 -5.16034023e-02 -2.77899883e-02 -3.14745088e-02
  -7.18569954e-02  4.70762364e-03  7.46988224e-02  2.05115579e-02
   9.46417073e-02  9.90869462e-02 -3.54150358e-02  1.02870811e-01
  -4.81246470e-03  2.39955489e-02  1.16901480e-02  8.86456427e-02
  -7.16061797e-02  7.17748556e-02 -7.04091485e-02  4.09308063e-02
  -6.35845771e-02  8.81141642e-02  4.41913413e-02 -1.77275986e-02
  -3.48418881e-02  4.29509098e-02  9.48223250e-02  7.12158227e-02
  -4.42495105e-02  7.58365644e-02  7.41672427e-02 -8.93064430e-02
   4.89357104e-02 -1.42174650e-02 -7.67729403e-02  1.11722451e-02
   7.69648100e-02  8.38989815e-02  8.45163208e-02  8.20489335e-02
   1.14860132e-01  2.16360269e-02 -3.06312632e-02 -4.99744580e-02
   7.71654795e-02 -5.48593052e-02 -6.90004172e-02  2.75202099e-02
   4.59579867e-02 -2.66733016e-02  5.43624165e-03 -2.87494555e-02
   9.57084531e-02 -6.16810948e-02  5.83696683e-02 -6.99952602e-02
   4.09896062e-02 -7.61616494e-02  1.04088480e-01 -2.71259728e-02
   8.22769188e-02 -1.04853262e-01  2.33945862e-02 -2.31152246e-02
   3.50606471e-02  7.84177832e-02 -1.26003897e-02  1.62601085e-02
  -1.45499521e-02 -8.02719600e-02 -3.69292875e-02 -8.90287842e-04
  -4.57940985e-03 -8.66039049e-02  9.40643210e-02 -4.66025533e-02
  -1.01634882e-01  2.49093951e-02 -8.83953025e-02 -1.66998577e-02
  -3.41638262e-02 -3.64373946e-02 -9.26911083e-02  2.15797438e-02
  -6.06657911e-02 -1.86322483e-02  8.30306959e-02  2.32440463e-03
   2.49010576e-02 -9.50579934e-03 -1.05733422e-01 -6.06944079e-02
   9.02288287e-02 -5.48954257e-02 -2.17954027e-02 -5.42690049e-02
   9.97045779e-02  1.65733292e-02 -6.28905839e-02  8.35412974e-04
   5.77066644e-02  1.00557563e-01  2.45089586e-02  5.47682026e-02
   7.63705910e-02  9.16640952e-02 -4.67730928e-03  5.02865322e-02
  -5.18558072e-02 -6.41639677e-02 -5.03032449e-02 -7.52499881e-02
   5.93311695e-02  5.72294314e-02 -5.50888780e-04  9.20165363e-03
   8.75303717e-02 -5.82624760e-02  6.97484929e-02 -2.83095253e-02
   3.29948980e-02  7.69344184e-02 -1.07523109e-01  5.03289750e-02
   3.91643301e-02 -1.19051640e-02 -4.34724567e-02  1.20212643e-01
   1.75708252e-02  1.74332530e-02  6.02716401e-02  9.12445721e-02
   4.62768145e-02  1.06597052e-01  8.74650411e-02 -6.54201003e-02
  -7.62019743e-02  6.50502392e-02 -7.90162092e-02  3.08559830e-02
  -9.07527443e-03 -3.45907186e-02  2.01437472e-02 -3.75565423e-02
   1.06247236e-01 -7.29235223e-03  1.94177243e-02 -1.95586309e-03
   2.80151873e-02 -5.16034043e-02 -3.28645344e-02  9.60695339e-02
   7.63096909e-02 -8.03117476e-02 -2.53442342e-02 -8.71104610e-02
   2.25465960e-02  5.81461636e-03 -8.99070535e-02 -8.70269080e-03
  -2.61861657e-04  6.29101412e-03  3.96463384e-02 -2.44104419e-02
   2.54480229e-02  1.04532929e-01 -1.98834912e-03  1.02781190e-01
   6.92906447e-02  6.27408646e-02  1.66675638e-02  1.41088813e-02
  -4.50399328e-02 -5.25744780e-02 -1.35019424e-02  8.35529240e-02
   1.93320192e-02 -5.38074347e-03  5.30957816e-02  5.71036291e-02
   4.45361254e-02 -3.39930251e-02  2.75750367e-02  4.81309500e-02
  -1.00898377e-01  8.45717483e-02  1.15753687e-01  1.52990605e-03
  -3.47752220e-02  4.79685753e-03 -7.29845634e-02 -6.47879563e-02
   9.70933607e-02 -1.02705832e-01  5.06793831e-02  1.04482882e-01
  -3.72640599e-02 -7.86083097e-02  6.10927403e-02  8.76810566e-02
   9.66202362e-02  1.21915802e-01  1.23347597e-01  7.03783557e-02
   4.95079420e-03 -8.90145386e-02 -3.08286345e-02 -7.40189493e-02
   7.94061204e-03 -6.31342903e-02 -1.62074305e-02 -1.00453760e-01
   1.05282878e-01  1.30695568e-03]
 [ 7.69125750e-02 -4.80601876e-02  7.01554702e-02  3.75388797e-02
  -1.73434115e-02  7.88692738e-02  2.35991076e-02 -8.78997130e-04
  -9.43884928e-02 -1.13217821e-01 -4.54872923e-02  1.05560691e-01
   2.82641884e-02  9.37853631e-03  5.83443298e-02  6.52758306e-03
   5.53333988e-02  1.14904558e-01 -1.76413050e-02 -8.66647080e-03
  -1.07608614e-01 -6.22764245e-02 -2.24866481e-02  5.72351767e-02
   8.70372794e-02 -1.00512618e-01  9.69792954e-02 -7.73769141e-02
  -9.32446400e-02  5.08832344e-02  3.60579596e-02  7.49486262e-02
   5.82202668e-02  6.21268093e-03  1.07087452e-01  1.09378106e-01
   1.02574477e-01  8.26435277e-02  4.23778979e-02 -9.45338224e-02
  -1.11234384e-01  1.75919228e-02 -1.12516629e-01 -2.00416115e-02
  -5.68791790e-02  1.63210327e-02  9.47667364e-02  2.52364260e-02
   4.35704406e-03  5.18413340e-02 -7.34027495e-02 -5.27261348e-02
  -8.18079469e-02  9.93655090e-02 -5.40105706e-03 -5.37028196e-02
   2.72213158e-02 -6.03373812e-02 -1.12764982e-02  4.74873596e-02
  -4.00818186e-02 -6.50434556e-02  1.19782265e-01  6.28519209e-02
  -7.62668785e-02 -1.94275626e-02  4.35941478e-02  2.47063342e-02
  -2.33430658e-02  5.45974616e-02  6.67695476e-02 -1.40474300e-02
  -6.45431127e-02  6.63340441e-02  8.14973104e-02  7.57288190e-02
   4.11260661e-02  6.20416389e-03  7.86919524e-02  5.92331303e-02
  -5.34377047e-02 -1.03618185e-01  3.94010537e-02 -1.12046086e-02
   9.85722841e-02 -6.24853196e-02 -8.44545153e-02 -1.99089643e-02
  -2.18026054e-02 -9.74892532e-02 -1.50612898e-02  7.16572179e-04
  -1.17621804e-02  7.46057985e-02 -3.54421236e-02 -7.41810795e-02
   1.07109211e-01 -4.92309544e-02  6.87828053e-02  5.39397136e-02
   1.03093636e-01 -1.63864583e-02  3.19046827e-02 -1.07900716e-01
   1.47480275e-02  8.35458680e-02  1.28623701e-01  8.59885673e-02
   9.18675141e-02  1.15186706e-01 -1.48329463e-02  2.61194146e-03
  -8.60312031e-02  8.34463861e-02  1.51115020e-02  1.02327345e-01
   5.32141826e-02  1.07208513e-01  1.20755712e-03 -5.18351980e-02
   4.64227288e-02  8.84449822e-02  5.86203801e-02  8.60127915e-02
  -7.16084139e-02 -6.13416751e-02  8.70645143e-02 -4.57098678e-02
  -3.12448017e-02 -5.55793961e-02  8.99793477e-02 -1.17008634e-02
  -6.28256319e-02 -3.12149784e-02 -1.36763902e-02 -2.61378080e-02
   2.25798063e-02 -3.77778821e-03  2.22314234e-02 -1.17633886e-01
   5.15089554e-02  8.31749964e-02 -2.85694632e-02  5.11546919e-02
   4.69824777e-02 -7.90327528e-02 -6.48791145e-02  4.68225187e-02
  -2.94467275e-02 -3.26938731e-02  6.18617203e-02  8.54421035e-02
   1.27429869e-02 -6.62646640e-02  5.53341587e-02 -1.74026886e-02
  -9.02683166e-03  6.47064044e-02 -2.29300676e-02 -7.86402204e-02
   2.56998958e-02 -6.74799318e-02 -3.71344314e-03 -8.74761371e-02
  -4.99975407e-02 -8.65950189e-03  5.42736269e-02 -1.44595674e-02
  -8.71147956e-02  1.41679243e-02  3.07741824e-02  5.16781458e-02
   3.21118479e-02 -7.78169842e-02  3.25726368e-02 -5.67330934e-02
  -3.85924547e-02  7.23276306e-02  6.51839155e-03  3.97812049e-02
  -1.04015138e-01  7.93986909e-02 -9.47371610e-02 -9.09186218e-02
   1.55237895e-02  8.66670192e-02  9.71499134e-02 -4.64641782e-02
  -7.11533795e-02 -1.14649095e-02 -2.45864481e-02 -5.22418328e-02
  -4.27142175e-02  5.29498077e-02 -9.89021721e-02  2.40092423e-02
   1.10766289e-01  2.62149573e-02  6.29617036e-02 -9.69536897e-02
   6.56763094e-02  2.78406715e-02 -9.17266002e-03 -5.45594681e-02
  -5.14230632e-02  9.94566997e-02  2.49396155e-03  1.19386718e-01
  -4.15190362e-02  2.84844525e-02  7.78589941e-02  4.10762665e-02
  -3.05195672e-02 -9.84546267e-02  1.24123182e-02 -1.68772089e-02
  -5.27837017e-02 -5.22393018e-02  4.91441947e-02 -1.86462266e-02
   1.22363492e-01 -1.75225424e-02  9.29212541e-02 -5.28284700e-02
   3.10016617e-02  1.01974385e-01  2.98235689e-02 -4.21647871e-02
   1.98668253e-02 -7.24081480e-02  3.01214770e-02 -2.36033281e-02
   1.71876320e-02 -2.62836070e-03 -3.40288894e-02 -1.40934582e-02
   4.21635067e-02  8.38563153e-02 -8.04292336e-03 -1.72215352e-02
   3.50743242e-02 -3.78580594e-02 -7.56277026e-02  3.29010489e-02
  -1.13207735e-01  3.87714661e-02  9.44518191e-02 -5.26502201e-02
   4.98325134e-02  4.08268474e-02]
 [ 8.37966572e-02 -1.96062498e-03  1.15723947e-01  7.82195528e-02
   5.90886324e-02 -8.18803987e-02 -6.34159052e-02 -1.19589451e-01
  -4.08423413e-02 -4.14393418e-02  9.08358932e-02  9.71591172e-02
  -1.59510715e-02  8.17510638e-02 -6.67095368e-02  8.54529277e-02
   2.61971944e-02 -9.92633822e-03  1.91739793e-02 -7.42637420e-02
  -8.37397049e-03 -4.39697438e-02 -7.52422561e-02 -1.86105179e-02
  -3.79279785e-02  8.54471803e-02 -1.09634124e-02  7.29651129e-02
   6.55144115e-02 -1.42686137e-02 -8.00142217e-02  6.36764832e-02
  -2.90858992e-02 -7.68746646e-02  1.02258058e-02 -7.91288496e-02
  -8.82493657e-02 -4.15260299e-02 -6.21398625e-02 -5.01674299e-02
  -1.10809710e-01  2.99712995e-02  3.71238311e-02  6.23315423e-02
  -2.88341805e-02 -1.83925283e-02  7.17968800e-02  1.78071503e-02
   4.80340382e-02 -1.96178101e-02 -5.19461504e-02  1.80405330e-02
  -4.96973572e-02 -7.60611777e-02 -5.44928846e-02 -1.00108452e-01
   2.06798425e-02 -2.96527402e-02  9.06015072e-02 -6.79095264e-02
  -4.68228529e-02 -4.83053591e-02 -2.80278143e-02  4.43677911e-02
   1.15786591e-02  7.68793762e-02  2.85151296e-02 -6.70119241e-02
   6.61961686e-03 -4.47065749e-02  3.03295173e-02 -1.36434658e-02
   7.28884109e-02  9.62666887e-02 -9.97628019e-02  2.89094994e-02
  -3.29443691e-02 -5.12247481e-02 -1.02992322e-01  5.77387218e-02
   7.56976059e-02 -2.74758206e-02  5.28397895e-02 -2.43499048e-02
  -1.06681863e-01  5.81902952e-02  2.30743785e-02 -7.01261835e-02
  -5.37267451e-02 -7.43067406e-02 -4.69159387e-02 -5.18831634e-02
   6.14582779e-02 -5.72546577e-02 -4.45512115e-02  1.73724289e-02
  -1.13922384e-02  5.96637239e-02  8.54828060e-02 -6.30780692e-02
   1.08052675e-01 -8.34636014e-02 -3.76212430e-03  3.34667181e-02
  -6.45207159e-02  6.67423603e-02 -3.98896939e-02  9.23488538e-02
  -7.50271258e-02  6.67025704e-03 -2.46846419e-03  4.41313421e-02
  -4.71402534e-03 -3.94297467e-02 -7.74987625e-02 -1.00524657e-01
  -8.96444104e-03  7.18811916e-02  7.88211526e-02 -8.14313176e-02
  -4.16538530e-02 -5.57713268e-02  2.95225204e-02 -8.20983773e-02
  -9.11213576e-02  6.30251677e-02  1.36310458e-02 -3.58793778e-02
  -3.69082452e-02  6.28981506e-03  6.51175237e-02  9.42222829e-03
  -9.11368142e-02  2.99054651e-02  2.51145494e-02  2.04111038e-02
  -3.28844226e-02 -6.66945816e-02 -1.19484788e-01  1.23957537e-02
  -6.82510713e-02 -4.27932879e-02  8.98285896e-04  5.05307802e-02
   4.04723817e-02  6.72018473e-02  1.03737094e-01 -5.52564313e-02
  -1.05127519e-01 -6.17306912e-02 -8.08092632e-02  3.28431195e-02
   6.04894119e-02 -1.05270695e-01  7.83567820e-02 -8.42468192e-02
  -8.32237863e-02  3.89585791e-03  1.67820537e-02  1.56418877e-02
   2.53855889e-02  8.28714403e-02  8.49546467e-02  6.18659184e-03
  -1.07014875e-01 -7.02404522e-02  8.45251682e-02  1.14495054e-01
   1.20012764e-01 -6.27326763e-02 -8.68748527e-02  5.52570603e-02
  -7.61605110e-02  3.92452291e-02  9.70230101e-02 -6.76284680e-02
   6.53516830e-02 -9.57678893e-02 -1.17672808e-01  6.87487061e-02
  -8.88656237e-02 -2.85659299e-02 -2.18359027e-02  5.71258194e-02
   7.95466504e-02 -8.37676723e-02 -5.17522917e-02  5.82578605e-02
   2.75163049e-02 -1.17251101e-02  7.95402210e-02  3.38059274e-02
  -7.11499954e-02  8.84485827e-02 -7.69818209e-02 -9.25974075e-02
   6.77957793e-02 -1.05847724e-01 -4.59447643e-02 -1.12639649e-01
  -1.23942382e-03 -7.14735815e-02 -3.67640951e-02 -3.78237624e-03
   3.09580648e-02  4.79020662e-02  9.14098282e-02  5.33622059e-02
   7.46001170e-03 -9.90079081e-02  9.73859268e-02  2.63410237e-02
  -5.83803443e-02 -4.18166794e-02 -6.43384885e-02 -4.23087686e-02
   1.90678283e-02  1.95884728e-02 -3.53345970e-03  3.54558389e-02
  -9.73333035e-03  3.63329768e-02 -1.28698397e-02 -9.36195012e-02
  -6.67367846e-02  2.80660885e-02 -1.16320092e-01  1.78006786e-02
  -4.79917436e-02  7.03708144e-02 -3.61691653e-02  9.78660432e-02
   2.35258289e-02  1.63385263e-02 -9.79307078e-02  6.94626153e-03
  -7.25907094e-02  1.06075579e-01 -6.44050400e-02 -3.08973490e-02
   3.80741597e-02  8.22339907e-02 -1.98411656e-02 -2.55804310e-02
  -2.39720516e-02 -3.72945148e-02  3.06008279e-02  1.10332755e-02
   9.88989171e-02 -1.22402773e-01]
 [ 2.71034147e-02  1.00769576e-01 -8.65133911e-02  7.01866043e-02
  -8.37915971e-02 -3.50592916e-03  5.47018994e-02 -1.06305854e-01
   1.75340937e-02 -9.13960604e-02 -8.38795697e-02 -1.05211565e-01
   4.43014923e-03 -7.47789862e-02 -1.02458501e-01 -1.71578497e-02
  -7.08954839e-02 -5.61373473e-02 -5.63621961e-02 -5.28456966e-02
  -7.50515830e-02 -1.89993282e-03 -6.94044317e-02  6.68152169e-04
  -9.35267041e-03  1.34632598e-01 -1.30294163e-02 -1.01432500e-01
   4.15592775e-02 -3.14951104e-02  2.53474956e-02 -6.70197714e-04
  -1.18198917e-01 -1.22866894e-01  5.05411107e-02  1.95416766e-02
  -7.45913175e-03 -1.00367036e-01  9.56257675e-02 -2.95537113e-02
  -6.66669529e-02  2.68694936e-02  5.08574956e-02 -4.05635322e-02
   6.15628760e-02 -9.20860073e-02  6.96736950e-02 -3.39716334e-02
   1.07675881e-01  4.84980155e-02  1.11405309e-01  6.26002041e-02
  -8.81126620e-02 -1.15882449e-01  2.20138232e-02 -7.78402395e-02
  -9.91877467e-03  4.13769628e-04 -3.10404262e-02  5.21928819e-02
   5.50615115e-02 -5.22990055e-02  7.48472181e-02 -6.03289278e-02
  -5.10775265e-02  1.42462706e-03 -3.65925625e-02  7.32977734e-02
  -5.84404896e-03 -1.93729810e-02  6.87422903e-02  3.71427127e-02
  -2.93016486e-02  4.86310761e-02  1.83352705e-02  9.20546653e-02
   9.30795098e-02 -1.77777730e-03 -3.17677614e-02  3.60716899e-02
  -9.13763042e-02  1.13440762e-01  2.23182624e-02 -2.93952812e-02
  -1.08078896e-01 -3.01730442e-02  3.06365325e-04 -2.56095648e-02
   7.38626643e-02  1.04157606e-01 -8.84136113e-02 -3.07086814e-02
   1.00724744e-02  5.00161507e-02  8.75310908e-02 -4.21117464e-02
  -5.43896111e-02  2.91802089e-02  1.07079207e-01 -3.44485276e-04
   1.52605163e-03 -2.34402147e-02 -1.45695408e-02 -9.52274686e-02
   2.00786689e-02  3.17642810e-02  1.10199901e-02  2.22383231e-02
  -5.51007788e-02 -6.91884565e-03 -2.47830364e-02  4.94068354e-02
  -4.03797941e-02  5.87270197e-02 -4.27608550e-03  1.03613574e-01
  -6.85939817e-02 -9.16946262e-02 -1.05965185e-01 -7.30838297e-02
  -9.06711105e-02  6.92566535e-02  4.11140272e-02 -3.11414170e-02
   2.70191686e-02 -7.31766561e-02  3.63695875e-02  6.25187822e-02
   2.14189116e-03  2.72456681e-02 -2.76894354e-02 -9.93519959e-02
  -2.81892003e-03  1.39428054e-02 -5.74535823e-02 -1.90365943e-02
   5.29706850e-02 -4.55834730e-02  6.70420881e-02  1.16051181e-01
  -4.38367071e-03  7.01901560e-02 -9.64922246e-02  9.62972522e-02
  -1.78455133e-02  4.25458358e-02 -7.88707474e-02  1.20462681e-03
   9.40457364e-02 -4.94047960e-02 -2.46322247e-02  1.06596551e-02
  -5.98956173e-02  4.91185816e-02 -2.77033877e-02 -2.27493713e-02
  -3.58730684e-02  3.79063917e-02  1.00394213e-01 -3.37290569e-02
  -5.04019726e-02  7.44893764e-02 -8.03963907e-02 -4.80342898e-02
  -9.23625456e-02  6.02537431e-02  7.34416280e-02 -9.31661350e-02
  -9.29233081e-02 -1.02343377e-01  4.06397366e-02 -1.04986141e-01
   3.19180130e-02  8.09593170e-02  7.82424699e-02 -9.77519035e-02
   1.17369357e-02  4.68155678e-02  1.81194443e-02 -4.07785465e-02
  -7.19811167e-02  1.07369871e-02 -3.19337688e-02  7.92297241e-02
  -1.59756212e-02  6.49478813e-02  4.83629166e-02 -7.48940052e-02
   4.35902622e-02  4.12858208e-02  2.94570592e-02 -1.41561439e-02
  -6.36292788e-02 -7.55597499e-02  1.15319958e-01  3.03679193e-02
  -4.88193628e-02  9.48244484e-02 -2.91450364e-02 -9.73497857e-03
   3.95445320e-02 -1.25201797e-01 -8.05704878e-02  7.29893479e-02
   6.36054697e-02 -1.28055134e-02  5.03416298e-02 -5.64395070e-02
   8.28730278e-02  8.49522829e-02  1.02197497e-01 -3.52000689e-02
  -5.99934816e-02  7.55897030e-02  1.01512783e-02  8.60344434e-02
   6.25723175e-02  1.11548041e-01 -1.20862400e-02 -5.42799247e-03
  -8.62598389e-02  4.58547574e-02  3.35559331e-02 -1.52375097e-02
   6.22138258e-02 -2.72228400e-02  8.35032121e-02  5.63458066e-02
  -8.82120042e-02  2.41070985e-02  7.44319126e-02 -3.33484000e-03
   6.05382137e-02  5.14984040e-02  8.59080687e-02  1.86028977e-02
  -1.12509575e-01  9.48705567e-02 -2.96632590e-02  6.75822742e-02
   3.27344114e-02  1.69509474e-02 -6.76291677e-02 -6.91268713e-02
  -7.49925887e-02 -8.81912208e-02  6.36884115e-02 -3.56949297e-02
   1.39562274e-02 -3.54735940e-02]
 [-7.49450925e-02 -7.30179867e-02 -8.15819827e-02  4.75360035e-02
  -5.06138070e-02  6.50014862e-02 -3.76042692e-02  1.06774232e-01
  -3.87967861e-02  2.24285952e-02 -3.77427702e-02 -6.66059172e-02
   4.47682399e-02 -3.02234029e-02 -2.33969614e-02 -1.24387703e-01
   2.79068180e-02 -5.88048499e-02 -6.18940554e-02 -4.00216023e-02
  -1.54301373e-02  4.49058048e-02 -3.30343344e-03  1.01885647e-01
   5.04804000e-02 -4.71977887e-02 -5.43779464e-03  9.00695774e-02
  -8.91056846e-02  1.08821218e-01 -7.36772413e-02 -2.46585066e-02
   6.25213023e-02  5.42589782e-02  3.96120683e-03  5.16559542e-02
   7.12520902e-02 -1.21692591e-01 -1.72961820e-03 -2.19149287e-02
  -2.81559880e-02 -8.55091016e-02  7.19345975e-02  5.25085262e-02
  -7.85735303e-02  1.07546858e-01 -1.12297301e-01 -8.07323522e-03
  -3.64397044e-02  2.32371837e-02  5.81275588e-02  3.45802524e-02
  -1.73119676e-02 -4.69201709e-02 -1.56699811e-02 -4.39358446e-02
  -9.93245720e-02 -8.66962712e-02 -3.78545872e-02  1.02142632e-01
  -3.49961562e-02  4.17146077e-02 -1.08365706e-01  5.14654664e-02
  -8.09939331e-03 -4.68039329e-02 -4.20283218e-02  4.31479000e-02
   9.56914966e-02 -1.15416906e-02 -1.01375279e-01 -4.49691083e-02
  -1.16833940e-01  2.97265324e-02 -4.86903981e-02  4.19263693e-02
   6.49875334e-02 -1.84186765e-02 -1.10278059e-01  9.96396317e-02
  -8.06096488e-02  8.46480561e-02 -8.97182133e-03 -7.05461608e-02
  -2.39852419e-02 -5.76438288e-02 -4.12475837e-03 -6.02281496e-02
   7.16968945e-03 -3.68116264e-02  6.02627766e-02 -8.29602271e-02
  -7.74431127e-02  5.40875907e-02 -1.78631731e-02 -1.20354857e-01
  -5.23988164e-02  2.22435998e-02 -6.31938624e-02  1.79947792e-02
  -1.54900195e-02  6.80227374e-02  8.94211869e-03  3.90296598e-02
  -3.03210051e-02 -8.25588657e-02  4.69006207e-02  6.93025451e-02
  -7.79059038e-02 -8.09646371e-02  5.70087061e-02 -7.96020084e-02
  -5.64701752e-02 -7.53389806e-02 -5.51030731e-02 -1.31427361e-02
   4.15315442e-02  3.80975074e-02 -9.32118441e-02 -7.70299664e-02
   8.28874925e-02  4.78136875e-02 -3.67666611e-02  7.63714356e-02
  -7.85800036e-02  8.21912858e-02 -9.46791360e-02 -6.02586606e-02
  -3.46430924e-02 -9.11183579e-02 -1.07205396e-01  5.91195339e-02
  -8.25360517e-02  3.17578234e-02 -4.20219747e-02 -1.09110002e-01
   5.49873928e-02  8.44417388e-02 -6.01849331e-03 -8.19035677e-02
  -6.54130033e-02 -7.38159995e-02 -3.10241231e-02  1.18783132e-01
   1.27751324e-02 -1.34466278e-02 -1.02112698e-01 -6.38550446e-02
   1.15610111e-01  2.56237122e-02 -8.41843808e-02  6.34210222e-02
  -9.11609902e-02 -6.77218355e-02  2.04495038e-02 -5.52106829e-02
  -8.62148563e-02 -4.88873189e-02  1.04651624e-01  7.18334634e-02
   3.17742407e-02 -9.13954326e-03 -4.24331944e-02  8.69086181e-02
  -5.85807903e-05 -9.60909817e-02  3.86304897e-02  2.69786898e-02
  -6.76981030e-02  5.85165700e-02  8.41546387e-03 -8.77328733e-02
  -7.72195396e-02  1.02508331e-01  9.70528175e-02 -8.16647633e-03
  -6.85405620e-03  1.10192220e-01 -5.34516259e-02  2.69612812e-02
   4.61967170e-02 -7.02519246e-02  7.62487027e-02 -2.58816440e-02
  -9.81239670e-02 -6.71846481e-02  3.35600253e-02  6.63895861e-02
  -3.20420861e-02 -6.38685296e-02 -1.84893699e-02  3.47997452e-02
  -4.64144554e-02  3.51547533e-02  4.99828188e-02 -6.75253222e-02
   8.26961881e-02 -6.25350212e-02  5.14880785e-02 -6.78051225e-02
  -7.42485880e-02 -4.13625468e-03 -3.32656358e-02 -4.06679907e-02
   1.81677107e-02 -5.92656429e-02  2.94397549e-02  8.20209360e-02
   4.72116574e-02 -1.02864961e-01  7.15928645e-02 -6.99682054e-02
   4.53378066e-02 -1.85446712e-02 -5.72310713e-02  1.16687550e-02
  -4.75519181e-02  1.37563656e-02 -1.39361679e-02 -1.02676164e-01
   6.60637396e-02 -8.38806847e-02 -1.01361565e-01 -9.37824898e-02
   4.45647894e-02 -1.08373024e-02  8.08310486e-02 -4.25990189e-02
  -6.52301648e-02 -3.55029363e-03 -1.08336624e-01  4.37039045e-02
   2.33857398e-02 -7.57479514e-02  3.69180995e-02 -3.63886884e-03
  -4.31352563e-02 -2.29906683e-03  2.45508119e-02 -8.94234133e-03
   3.06595321e-02  1.83785676e-02 -5.92170925e-02  1.48645409e-02
  -2.86585931e-02  1.55786918e-02 -9.23900160e-02  9.99372707e-02
   8.04403183e-02  4.26214259e-02]
 [ 8.78497346e-03  4.58535482e-02  3.59492023e-02  7.53164200e-02
  -7.63311956e-02  3.23439946e-02  8.39909838e-02  7.27854139e-02
   9.33789227e-02 -5.37357920e-02 -3.34693857e-02 -3.15777406e-02
  -6.22499354e-03  2.22639051e-02  5.18192143e-02  7.21094861e-02
   4.51264052e-02 -9.08564766e-02  7.84568107e-02 -7.71103085e-02
   1.82401496e-02  1.01984291e-01  3.37717880e-03 -3.77238377e-02
   7.11750223e-02  2.61214214e-02 -6.94614929e-02 -4.21415763e-02
  -5.04781910e-02  8.80625325e-02  3.69787837e-02 -2.52121233e-02
  -1.10996204e-01 -1.98652122e-02  1.21439181e-01 -5.00043338e-02
   5.26312343e-02  8.78844905e-02 -1.07404943e-01 -2.38861462e-02
  -5.83888354e-02  2.75021318e-02 -6.77226514e-02 -7.10415047e-03
   3.17304591e-02 -5.10384466e-02 -5.26876948e-02  9.17962007e-02
   6.59877211e-02  1.03356613e-01  2.23264838e-02 -2.98500802e-02
   3.79896551e-02  7.35546897e-02  8.08909939e-02 -7.36450631e-05
  -3.83745921e-02 -1.47997679e-02 -9.03164837e-02  5.97370464e-03
  -4.89427389e-02  8.57272216e-02  3.58054447e-02 -3.16542589e-02
   7.29891750e-02 -4.53957839e-02  5.70053159e-02  4.39592725e-02
  -3.16979902e-02  2.88140691e-02  7.73437593e-02 -9.26373528e-02
  -8.10231580e-02  9.93876908e-02  4.51080624e-02  6.54849228e-02
   4.82524793e-03 -5.17125755e-02  3.92231184e-02 -9.23022101e-02
   9.24804724e-02  1.78997632e-02 -5.91061182e-02 -5.01431900e-02
   2.52977190e-02  7.53496934e-02 -5.06228565e-02  6.45729780e-02
  -7.58648258e-02 -3.01431364e-02  9.44163437e-03 -1.08484426e-01
   2.59350586e-02  3.05716470e-02  9.09714955e-02  1.91886924e-02
   8.39444757e-02 -4.77161903e-02 -8.61485414e-02  7.81276509e-02
  -6.30676057e-02  1.13562133e-02  7.20550851e-02 -3.60244832e-02
  -9.36962414e-02  8.33527043e-03 -5.73035789e-02 -7.12888858e-02
  -1.03608363e-01  8.80978302e-02  3.44221268e-03 -1.89568124e-02
  -3.48411095e-02  8.18135954e-02  7.15839035e-02 -5.65956875e-02
  -7.74494702e-02 -4.14980562e-02  7.16786927e-02 -8.16792149e-02
  -1.49648536e-02 -9.92394586e-03 -6.32792723e-02 -3.07825329e-02
   6.32816128e-02  8.81135984e-02 -2.54677941e-03  4.98605603e-02
   2.94346331e-02  9.16960340e-02  1.31340317e-03  9.12714092e-02
   1.24007731e-02  3.91868341e-02  4.60135316e-02 -1.70811747e-02
  -8.40511312e-02 -7.52992614e-02  5.23347523e-03 -4.10424341e-02
   3.34947931e-02  1.02608179e-01  7.38832696e-03 -7.84417114e-02
  -2.84036965e-02  1.26764137e-02 -6.22731322e-03 -1.29835781e-01
   1.05556579e-01 -7.72694929e-03 -4.36533396e-02  1.11042720e-01
  -1.01365347e-01 -2.09620249e-02  5.24048816e-02 -2.10310625e-02
  -8.26427016e-02 -3.86643574e-02 -1.03459133e-01  4.05401661e-02
  -4.87280466e-02 -8.79938878e-02 -4.05037515e-03  9.46820675e-03
  -9.35225480e-02 -5.12978768e-02  7.35540580e-02 -4.85944559e-02
  -8.72772553e-02  7.45769247e-02  1.03155064e-01  9.81848840e-02
   2.09072364e-02  8.87971546e-03  7.34980568e-02  4.75554441e-02
   9.80322700e-02  7.69300538e-02  4.56832207e-02 -6.62584176e-02
   4.86452793e-02 -8.93953521e-02 -6.65079982e-02  6.72757205e-03
   6.82943654e-03 -4.42523390e-02 -7.93801718e-03  8.63536177e-02
  -2.85517077e-03 -7.41047250e-02 -1.66532733e-02  9.77988518e-02
  -4.98400199e-02  4.25528060e-02 -3.42930608e-02 -3.81702500e-02
  -8.52366066e-02  1.68884814e-02 -2.30425195e-02  6.92502766e-02
   8.83233913e-02 -3.85590899e-02  1.30748121e-02  3.89901718e-02
  -2.56629206e-03  4.18824945e-02  4.13995864e-02 -5.33400463e-02
  -1.01335598e-01  5.48645299e-02 -6.62685780e-02 -9.88776723e-02
   4.46971226e-02  8.04693352e-02 -6.22184600e-02 -1.01643554e-01
   4.93757629e-02 -3.58292821e-02 -3.53101325e-03  5.51539884e-02
   3.65431921e-02 -3.02789323e-02 -8.57141491e-02 -2.09480952e-02
  -9.48314527e-02  7.97808313e-02  5.19971283e-02  5.06769250e-02
   9.19902337e-02  5.14763898e-02  1.09743534e-01  1.26755390e-01
   1.12773531e-01 -6.51063743e-02 -9.63960025e-02 -9.20307421e-03
  -9.41705953e-02 -1.05463631e-02 -8.24646247e-02 -2.53310937e-02
  -3.88444158e-02  3.85151131e-02 -8.58942544e-02  9.47005950e-02
   6.45271435e-02  1.93958641e-03 -2.52807717e-02  9.82083606e-02
   2.50380656e-02 -1.03303009e-01]
 [ 7.09306210e-03  4.02948562e-02 -3.25771126e-02 -4.82605301e-02
  -8.13576977e-02  6.71013279e-02 -2.67978000e-02 -7.60531491e-03
  -1.81751141e-02  2.59187182e-02  1.02339513e-01 -5.20580048e-02
  -5.56413534e-02 -1.43774312e-03  1.53676982e-02 -2.08630071e-02
   6.26894883e-02  1.10147550e-01  9.82049613e-02  9.40429667e-02
   3.02451321e-02 -1.64457521e-02  1.65254855e-02 -2.37150858e-03
  -1.06572358e-01  5.76812109e-02  7.70281865e-02 -4.92234737e-02
  -5.11251742e-02  1.05578772e-01 -1.80113176e-02  3.36697508e-02
   6.40077719e-02  1.01504339e-01 -8.96493039e-02 -3.01379103e-02
  -1.21605863e-02 -4.27859497e-02 -4.12016218e-02  8.53614511e-02
   2.93114491e-02  5.10978502e-02  9.42954406e-02 -7.29221746e-02
  -2.71255243e-02  2.41643693e-03 -5.20292724e-02  2.60336854e-02
   8.44014994e-02  1.03471573e-01 -1.16860963e-02 -4.57592022e-02
   1.00512492e-01  6.42910105e-02 -6.77148919e-02 -5.49428884e-02
  -8.62150525e-02 -8.37287655e-03  1.10947448e-01  2.02636073e-03
  -3.34676234e-02  2.27818248e-02  6.24124630e-02 -3.03345596e-02
  -6.37760006e-02 -6.31815797e-02 -4.20930579e-02  9.85116522e-02
  -3.87994733e-02  5.69963817e-02 -2.57539374e-02 -8.88564744e-02
   1.29310487e-02  6.41756308e-02  8.13788915e-02  5.26701110e-04
   1.86727158e-02  4.00429552e-02  2.98981286e-02  8.41168384e-02
  -3.90481349e-02  5.37525120e-02 -1.51281286e-02 -3.63886603e-02
   2.39002809e-02 -2.78681603e-02  6.94863795e-02  4.12798156e-02
   1.22116323e-02  6.18141328e-02  3.27241856e-02 -7.46350976e-02
  -6.05714364e-02  8.49607738e-02 -1.10254025e-02 -2.87963291e-02
   6.61062903e-02 -1.12113342e-01 -6.99032639e-02 -8.70103929e-02
   3.13566847e-02  1.21700564e-01 -4.46753610e-02 -1.28727045e-02
   6.53451748e-02 -1.98480849e-02 -2.19808687e-02  4.21943064e-03
   1.02599233e-01 -3.49558090e-02 -6.91270993e-02 -3.19604942e-03
   4.25076801e-02  5.89351124e-02 -9.54563804e-02 -7.19126832e-02
   3.28622763e-02  5.72701731e-02 -1.07353527e-01  2.39236164e-02
  -9.11310858e-02  2.37190749e-02 -5.37384981e-02 -1.02155160e-01
   7.37036435e-02  6.00887276e-02 -7.83198295e-02  5.62268024e-02
  -9.06289957e-02  6.21361266e-02  9.21441267e-02 -1.03386167e-01
  -3.12614629e-02  4.71427728e-02  1.93163596e-02  1.15108101e-01
  -5.19516964e-02  7.07571895e-02 -3.45725327e-02  1.07331217e-01
  -2.81580609e-02 -1.02826563e-02 -1.32099997e-02  1.83623391e-02
   1.72647779e-02  2.24708083e-02 -3.31631712e-02 -9.06259320e-02
   1.00093519e-02  5.80318830e-02  1.75619706e-02 -1.24833475e-01
  -2.92211080e-02  8.14285654e-02  1.12061285e-01 -8.38542456e-03
   8.47886129e-02  4.91368877e-02  2.89088388e-02 -6.40910297e-02
   6.64339543e-02  1.16968393e-01 -3.84724469e-02 -6.62568197e-02
  -9.28538865e-02  6.32924374e-02 -3.02863584e-02 -2.56865738e-02
  -3.19977631e-02 -6.23652362e-02  1.54668480e-02  4.31204998e-02
  -6.91649463e-02  1.64191999e-02 -1.15214201e-01  3.35241264e-02
   7.27944390e-02  1.02231206e-01 -1.16240876e-01 -6.85923695e-02
  -4.94391537e-02 -3.82001161e-02  7.74420428e-02 -4.06784576e-02
   4.87188740e-02  5.34730814e-02 -5.85989603e-02  4.54618989e-02
   3.04964113e-02 -7.17717832e-02 -2.26089310e-03  4.70797004e-03
  -3.58796779e-02  3.04971085e-02 -8.30181699e-02 -3.75877826e-03
  -3.46071896e-03  6.17597876e-02 -8.27136993e-02  5.41648108e-02
  -8.63560844e-02 -6.75653650e-02  7.05432612e-03 -5.57754992e-02
  -1.08387015e-01  1.10715510e-01 -9.70945528e-03 -5.69165692e-02
   9.32234523e-02  1.84222907e-02 -1.02495807e-01 -3.95879724e-02
  -8.80788932e-02 -1.30831296e-01 -9.46710055e-02 -5.95628373e-02
  -1.21672610e-02 -8.47548494e-02  8.17560292e-02 -6.07798046e-02
  -3.04850864e-02 -4.22060061e-02 -5.12789131e-02 -7.61432308e-02
  -4.84941996e-02  7.00004587e-02  5.95593756e-02 -5.02719524e-02
   3.74319968e-02  7.06832804e-02 -6.44766004e-02 -7.37001879e-02
  -1.08563236e-01  2.99113358e-02 -9.95069324e-02  7.82892896e-02
  -5.49726090e-02  8.40222037e-02 -6.93836488e-02 -2.73341075e-02
  -7.34235452e-02  3.10696670e-02 -7.44769498e-02 -7.13178711e-02
  -1.22487479e-01 -2.59970336e-02  3.43447214e-03 -5.41520958e-02
   3.60728345e-02 -8.20872267e-02]
 [ 8.52127625e-02  1.04001806e-01  6.30246504e-02  2.81991517e-02
   7.60622149e-02 -1.13767823e-02 -7.90041853e-02 -9.20186732e-02
   3.51404133e-02 -7.47784807e-02  4.15768524e-02  1.60491187e-02
  -1.45963731e-02 -1.29758459e-01  2.74643887e-02  1.43571060e-02
  -2.25569811e-02 -9.47615525e-02 -1.10664034e-01 -6.22224588e-02
   7.54862317e-02  2.49108459e-03  8.46934118e-02  2.06201088e-02
  -6.46570830e-02 -6.54015895e-02  7.26250111e-02  5.71027793e-02
   5.60601848e-02 -2.21450020e-03  6.35226124e-03 -3.05405344e-02
   7.74135989e-02 -1.05874898e-01  4.74141407e-02  1.18625236e-02
   9.53264689e-02  2.21991573e-02 -7.28285459e-03 -1.17391868e-02
   3.66963079e-02 -6.81884886e-02 -3.22447573e-02  6.76837738e-02
  -1.04377975e-01 -1.21967178e-02 -9.59197130e-02 -9.10648415e-02
   1.85046213e-05  7.10548379e-02 -9.93355517e-03  4.72073711e-02
   9.68810489e-02  2.27187837e-02 -8.12603668e-02  9.25053725e-02
  -8.44031514e-02  1.96854018e-02  9.35643973e-03  6.44542081e-02
  -1.31578113e-02 -1.09423595e-01  3.05108053e-02  8.21427557e-02
  -6.80855573e-03 -9.52095839e-02  3.90550739e-02 -1.24730047e-02
  -7.16557536e-02 -8.50227759e-02  5.05627519e-02  1.59240235e-03
   4.83152282e-02  8.18836206e-02 -1.45910402e-03  6.58435064e-02
   5.34696491e-02  4.37440156e-02 -1.38378178e-02 -2.96141997e-04
   5.62082436e-02  6.31122657e-02  1.57849807e-02  1.85024202e-02
   7.99900343e-02  4.99800621e-02 -9.00056151e-02  8.85807085e-02
   2.96015697e-02 -8.92307855e-02 -1.10085056e-01 -1.62707956e-02
  -1.19392474e-01 -9.28211282e-02 -6.88653887e-02  2.10352184e-02
   5.35307968e-02 -9.58105101e-03 -6.71529551e-02  1.10888772e-01
  -8.53512890e-02 -7.17867477e-02 -4.65412241e-02 -6.36832948e-02
   7.24340629e-02  3.84796966e-02  4.27026419e-02 -8.47525604e-02
   1.02500261e-01 -4.59924061e-02  4.89683073e-02  1.21729792e-02
  -2.88266849e-02  2.67048751e-02  1.31820943e-03  3.39216073e-03
  -4.49071369e-02 -6.11457610e-02 -4.65042637e-02 -9.01155523e-02
  -7.79553718e-03 -3.05434398e-02 -9.34402833e-02 -1.02948907e-01
   8.16058153e-02  4.89690106e-02  6.89020473e-02 -3.37313802e-02
  -9.98108684e-02  7.53479684e-02 -1.10171337e-01  1.41127885e-02
   7.78914985e-02 -8.16345213e-02 -1.98851869e-03  2.12125011e-02
  -2.78093827e-02 -2.22084799e-02  1.01238329e-02 -8.12115092e-02
  -5.79342906e-02  5.62102678e-02 -1.17139356e-01  8.29575037e-02
  -1.04904321e-01  6.01584145e-03  5.55832933e-02 -6.25598058e-02
  -9.11272731e-02 -2.54583503e-02 -2.67446615e-02 -1.52646400e-02
   2.63377215e-02  4.88055992e-03 -1.10515568e-01  1.28905017e-03
   5.28263420e-02  1.78168019e-02  1.30379599e-01 -4.94582159e-02
   7.69930827e-02  5.62567393e-02 -8.88537337e-02  6.26806533e-02
   1.16851073e-02 -8.29006118e-02 -9.90068698e-02 -2.92138556e-02
  -4.37143230e-02  6.79714744e-02 -1.57763867e-02 -1.31223454e-01
   6.56948843e-02  2.61783460e-03 -8.13658829e-02 -1.34468199e-02
   9.03184206e-02 -8.05870491e-02 -2.98945499e-02  9.15120186e-02
   2.81404277e-02  6.96260074e-02 -4.34457629e-02 -3.03733507e-02
   9.95813117e-03 -8.07070383e-02  1.08670835e-02 -1.05842551e-02
   5.85882938e-02  9.32968124e-02 -8.18503520e-03  6.35867690e-02
  -1.03024172e-01  9.28495100e-02  7.16836801e-02  1.71073329e-02
   9.26705061e-02  9.02042484e-02 -7.09717412e-02 -1.15036036e-02
  -8.18708330e-02  8.78002628e-02  4.49507340e-04  5.68484701e-02
   2.22399014e-02  4.50464239e-02  6.42092853e-02 -4.78069406e-02
  -7.64283341e-02  2.26027421e-02  2.30584101e-02 -1.50425086e-02
  -8.07206040e-02 -9.84852401e-02  3.27833133e-03  1.96570806e-02
  -5.25343072e-02 -3.47276163e-02  8.64749221e-02 -4.78019395e-02
   7.38173066e-02  6.54111352e-02  1.86510630e-02  8.91635293e-02
   8.18782004e-03  2.88397502e-02 -4.79962149e-02 -4.33799736e-02
  -7.99667170e-02 -3.49928462e-02 -2.44329575e-02  8.74629425e-02
  -6.42978866e-02  6.86611311e-04 -1.67465425e-02 -9.05421476e-02
  -5.39009372e-02 -1.14966469e-01 -3.04488985e-02  7.98461123e-02
  -8.48003275e-02  8.34798713e-02 -7.10531428e-02  5.61944749e-02
  -3.80486194e-03 -9.50582838e-03 -7.75906763e-02 -2.57766740e-02
  -2.45335310e-02 -6.20828318e-02]
 [ 1.08569603e-02  5.10979248e-02  9.22298186e-02 -1.82257108e-02
   9.60028686e-02 -6.07374360e-02 -9.35083560e-02 -6.61665513e-02
  -1.04700715e-02 -2.48528340e-02 -5.42186069e-02  1.07300493e-01
  -7.00951215e-02  3.89751268e-02 -6.10776457e-02  1.55387968e-02
  -1.49713327e-02 -2.41361820e-02 -2.95598847e-02  1.05221748e-01
  -2.84588709e-02  1.60428937e-02  1.26110705e-01 -2.53966553e-02
   3.29442184e-02  6.74809995e-02 -7.20705839e-03  1.85230704e-02
   6.01955289e-03 -1.14890308e-01  9.79264502e-02 -6.65320187e-02
   4.81510825e-02  4.25664936e-02 -4.09834368e-02 -5.07441839e-02
  -2.65864618e-02 -3.47828081e-02  9.56702466e-02 -8.26539240e-02
  -6.98751102e-02 -5.14947392e-02 -6.28367922e-02 -2.15898737e-02
   8.41586135e-02 -9.33352287e-02 -1.13882013e-02  3.83728397e-02
   5.55543874e-02 -1.19089479e-01  1.21330132e-01 -4.22192973e-02
  -4.84006987e-02 -7.20830083e-03  2.14844287e-02  3.78254734e-02
   8.25035266e-02 -9.18780177e-02  6.01537126e-02 -3.98496154e-02
   8.93867271e-02 -3.74667658e-02  7.95618129e-02  5.61260499e-02
   1.15175049e-01 -1.20747559e-02 -2.22367576e-02  7.24128003e-02
  -7.79093996e-02  1.00498567e-01 -1.12504534e-01 -6.96579742e-02
   1.34114617e-02  1.13195987e-02  2.67154614e-02  5.43030669e-02
   6.76345224e-02  7.18303311e-02 -2.70114166e-02  6.21286483e-02
  -1.85686975e-02  6.40519264e-02 -1.63054631e-02  9.01560657e-02
  -6.08906705e-02  9.49605945e-02  5.15616423e-02  3.20352067e-02
  -6.89300514e-02  8.36291196e-02  6.36178098e-02 -5.32249539e-02
   2.21682126e-02  4.90684120e-02 -5.29410306e-02  4.42770430e-02
  -6.85332317e-02  4.30924674e-02  9.56788711e-02  7.35304185e-02
  -7.45201723e-02  4.46751930e-03 -7.29995745e-02 -1.90797057e-02
   6.30827671e-02  1.59962450e-02 -5.93474291e-02  7.73982098e-02
   8.13927122e-02  9.36395970e-02 -4.57423950e-02 -1.10297795e-01
  -9.69256165e-03 -3.48130534e-02  9.55724587e-02 -3.97535748e-02
   4.87416535e-02  1.43248096e-02 -9.23177588e-02 -3.00273512e-02
  -9.71639757e-02 -6.16116617e-02  2.51662631e-02  1.32754921e-01
  -8.55909197e-02 -2.55561185e-02  1.46805541e-02  2.74360289e-02
  -7.04773110e-02  5.19143919e-02 -7.54219702e-02 -8.02822257e-02
   1.66432071e-04  4.69887425e-02 -6.08173510e-03 -8.29556163e-02
   5.56288043e-02  1.53898281e-02  2.03501997e-02  3.89060403e-02
   1.85494767e-02 -8.93060281e-02 -7.12158257e-02  1.24340091e-03
   5.52242535e-02  6.91569063e-02 -6.71781102e-02 -5.38035858e-02
   7.91001536e-03  8.72199616e-02 -8.55543739e-03  1.04911911e-01
  -8.30477064e-02 -3.35696963e-02  1.92134131e-02  1.96505286e-02
   3.87963073e-02 -1.02357837e-01  1.07648992e-02  1.20052880e-01
   6.61265048e-02 -7.00932366e-02  4.39676603e-03 -3.73297819e-02
  -2.12078112e-02  6.82895904e-02 -1.09626568e-01  2.57196857e-02
   7.25530097e-02  8.09135957e-02  6.90357407e-02 -4.81256779e-03
   1.31947846e-03 -6.91713123e-02 -9.77379292e-02 -8.30045694e-02
   7.43197698e-02  8.28159764e-02 -3.30987826e-02 -1.64931933e-02
   3.71156546e-03 -7.69325525e-03 -1.48956122e-02  8.47856194e-02
  -6.56380977e-02 -1.18770887e-01  6.97267201e-02 -8.71168569e-02
   9.34646369e-02  4.33377257e-02 -1.72329180e-02 -1.04720726e-02
   1.24345198e-01  7.82360611e-02 -2.44574171e-02 -7.22591000e-02
   4.45359642e-02  7.92024628e-02 -5.16509712e-02 -7.84705138e-03
  -4.67960598e-02  9.57527587e-02 -9.25298419e-03 -1.13813544e-01
   2.13610751e-02  9.31869316e-02 -1.75421890e-02  1.15209463e-01
   1.58652330e-02  2.92473254e-02 -5.21849371e-02  8.80488435e-02
   7.93988399e-02  4.45691937e-02 -2.17963475e-02 -2.08653995e-02
   9.02983887e-02 -3.07389838e-02  6.96812039e-02  2.31956385e-02
   5.54359319e-02 -8.32753600e-02  5.31985312e-02 -8.96274376e-02
  -8.50331967e-02 -2.06143652e-03  8.21074192e-02  8.58763604e-02
  -2.93441924e-02  5.42237194e-02  1.36787941e-02  7.13000812e-02
   3.78995235e-02 -1.10940939e-01 -9.13455072e-02 -4.10970207e-02
   4.27996055e-03 -2.15538459e-02  7.51133943e-02 -4.16121642e-02
  -8.43361146e-02 -5.58859848e-02 -4.64965409e-02  3.25717617e-02
   1.12518013e-02 -4.20533804e-02 -6.00119200e-02 -2.12433484e-02
  -4.54650621e-02 -4.19491118e-02]
 [ 3.67517776e-02 -3.09670206e-02 -1.05509508e-01 -6.60994853e-02
   9.57127089e-02 -6.20719987e-02  1.04260464e-01 -7.30283350e-02
  -8.20158341e-02  1.52586616e-02  6.15867174e-02 -7.11792570e-02
  -5.78335116e-02  9.54949802e-02 -5.00501158e-02 -3.58758360e-02
   1.09634045e-01 -9.24839594e-02  4.63671190e-02 -1.22188120e-01
   4.06627084e-02 -4.86130735e-02  2.65732304e-02 -1.25098142e-01
   9.08555516e-02  3.88637569e-02  2.73617191e-02 -1.23955486e-02
   8.92600956e-02 -5.44368915e-02  1.03353580e-01  9.02655789e-02
   4.31717144e-02 -1.85745604e-02 -3.63088792e-02 -4.50654124e-02
   9.44252185e-03 -7.17938330e-02 -1.08842236e-01  8.77965228e-02
   7.23135199e-02 -7.35673040e-02 -8.47189085e-02 -9.14421700e-02
  -7.51198585e-02  1.98478851e-02  4.54337862e-02  4.92106200e-02
  -5.49824424e-02 -4.37540908e-02  6.88953722e-02 -7.15674747e-02
  -6.81716447e-02  8.17531428e-02  2.49938148e-02 -1.31913085e-02
   1.70846994e-02  8.52904799e-02 -7.10777601e-02  4.07964859e-02
  -2.89977929e-02  2.95076443e-02 -7.45158082e-02  9.04981268e-02
  -7.61254759e-02 -6.51558406e-02  3.72313355e-02  7.36408043e-02
   2.59584765e-03  1.79114402e-02  5.66173098e-02 -4.45967001e-02
  -7.67113987e-02 -9.18858477e-02 -6.72469698e-02  1.03986612e-01
  -2.93816428e-03  1.03965971e-01 -4.06148361e-02  4.77908608e-02
   9.48538105e-03  6.82322214e-02  9.16859733e-02 -8.35024379e-02
   7.00600546e-02 -7.81239890e-02  8.00862747e-02 -2.30021553e-02
  -6.12331790e-02  6.14594833e-02 -1.14154658e-01 -5.50978833e-02
   4.82960596e-02  2.69579973e-02 -4.97868180e-02  1.07166994e-01
   9.71971384e-02  2.64724455e-02 -6.44144683e-02 -7.86780731e-02
   5.09084459e-02  2.54862216e-02 -8.03125604e-02  5.66604369e-02
   4.33559313e-02  5.25604352e-02  5.03664561e-02 -4.40414070e-02
  -1.60112342e-02  1.05729654e-01 -2.36028798e-02  4.86779036e-02
   4.91620010e-02 -3.61533634e-03  4.73023999e-02  4.83702377e-02
   7.34909427e-02 -1.16719687e-01 -7.85385450e-02 -4.74426315e-02
   5.58163940e-02  1.35595025e-02  2.56548420e-02  6.40872603e-02
   2.23080656e-02  2.75423773e-02 -1.05820936e-01  5.57262097e-02
   1.40085884e-02 -7.92326145e-02 -8.97827783e-03  7.09689182e-02
  -3.97642165e-02  4.07765425e-02  7.46232726e-03  9.59049883e-02
  -5.64962544e-03  6.81355239e-02 -6.42140869e-02 -4.94575556e-02
  -8.87314235e-02 -6.54927345e-03 -7.84624633e-02  6.45324645e-02
  -3.32986983e-04  6.29357945e-03 -5.35813114e-02 -1.49083750e-02
  -1.70245962e-02  3.01980073e-02  2.12561032e-02 -8.70666667e-02
  -2.30949886e-02 -5.02212150e-02  8.10847296e-02 -9.83134821e-02
   1.85711833e-03  1.25272102e-01  2.61822552e-02  5.27008209e-02
  -9.24938871e-02 -9.59427669e-02  2.51558685e-02 -7.63880586e-02
   8.48907378e-02 -2.38337443e-02 -4.00709732e-02 -6.08423719e-02
   7.51032547e-02  8.11664164e-02  8.80097092e-02 -5.63969769e-02
  -4.57559579e-02 -5.18582583e-02 -3.71355901e-03  9.98963064e-03
   7.61900973e-02 -4.04321100e-02  3.06466048e-02 -9.79274613e-03
  -4.61095752e-02 -7.11478881e-02  3.39180481e-02  8.50308815e-02
  -2.77451407e-02  2.02894075e-02 -8.77145716e-02 -2.87063098e-02
  -5.94515039e-02  7.93265932e-02  7.94512049e-02 -4.90976925e-02
   8.93327438e-02 -6.07815878e-02  1.00889267e-01 -2.31645360e-02
   8.37396030e-03 -3.73540659e-02  7.31532752e-02 -1.57328639e-02
   3.12957144e-02  7.88467901e-02  1.86743417e-02  5.56159402e-02
  -3.96562258e-02  9.26076114e-02  3.59560179e-02  6.88550787e-02
   2.70267086e-02  8.56819804e-02  7.09189768e-03  1.64273240e-02
  -6.69747519e-02  4.80371968e-02 -1.15385840e-01 -1.94027454e-02
   3.19589200e-02 -1.28781179e-02 -7.39710699e-03 -9.52787496e-02
  -5.64511487e-02  8.21286882e-02  9.39448883e-02  1.83592416e-02
  -2.07995615e-02  9.35215365e-02 -1.92237440e-02 -9.31502264e-02
   6.26256931e-02 -8.32423742e-02 -2.69856963e-02  1.08609792e-01
   1.01361092e-01  6.31685455e-02 -7.52785274e-02 -7.31172876e-03
   2.67264998e-04 -5.15329673e-04 -1.61160527e-02  9.07711619e-02
   1.02715145e-01  8.84725037e-02 -1.92948316e-02 -9.82517027e-03
   7.07801915e-02  4.17412287e-02  1.55871578e-02  1.92635968e-02
  -7.31329301e-02 -5.23575706e-03]
 [-1.02289586e-01  7.96595496e-02  3.04302123e-02  1.02675083e-01
   2.89352374e-02  3.74654093e-02  5.15318772e-02  3.83371239e-02
  -2.32031444e-02  5.70960553e-02 -2.84460350e-03  8.63265853e-02
   5.11539180e-02  9.92589796e-02  5.73792196e-02 -1.06891408e-01
  -5.57514035e-02 -1.12271069e-01 -4.19540802e-02 -2.19881889e-02
   9.60054975e-02 -9.35035011e-02  7.32340667e-02  5.97036610e-02
  -6.30090630e-02  8.61594304e-02  1.10522679e-02  4.10185358e-02
   6.01626197e-02 -9.43258062e-02 -2.30519042e-03  1.69060464e-02
  -5.29075922e-02  3.19773857e-02  1.19580948e-01  1.07528218e-01
   1.37773120e-02  6.74596755e-02  6.45935803e-03  9.39696684e-02
   2.10605340e-02  1.43586989e-03  1.20474555e-02  1.70758120e-02
   6.79417394e-02 -3.14870116e-02  7.15350756e-02  2.61927056e-02
   3.43112204e-02  9.52603846e-02 -4.01407603e-02 -9.26582372e-03
   4.33007210e-03  3.51339060e-02 -8.38442480e-02  7.56703743e-02
  -6.54483128e-02  6.83007886e-02 -6.23286433e-02  2.03391372e-02
  -1.93345421e-03  3.33633564e-02  1.03177257e-01 -4.73648573e-02
  -4.95364960e-02  5.21531919e-02 -1.13540870e-02  2.37574650e-02
  -1.48760778e-02  3.03210445e-02 -4.25358487e-02 -5.74460100e-02
   4.13992199e-03 -5.68151547e-02 -1.72554529e-02  3.46773533e-02
  -6.70608298e-02 -1.05560801e-01  7.92655670e-02  8.16418041e-02
  -9.70363548e-02 -1.65140305e-02  6.27144611e-02 -7.39502968e-04
   9.96307189e-02  4.78363182e-02  1.00348068e-01  2.82873968e-02
  -2.88925210e-02  1.01402090e-01  4.31919774e-02 -4.46915094e-02
   1.26508981e-01  1.14378693e-01  8.39494926e-02  1.14964278e-01
  -1.27064458e-02 -1.65167064e-02 -9.12749465e-02 -9.84962346e-03
  -8.61438827e-02  6.12318032e-02 -1.01929641e-02 -5.95124382e-03
   3.57230666e-02 -7.37424048e-02 -6.88292660e-02  2.44198734e-02
   5.22799062e-02  8.89029527e-02  6.96808471e-02 -8.35299834e-02
   1.40695747e-02 -9.09127274e-02 -5.26403059e-02  6.56761708e-02
   4.91641441e-02 -1.02859616e-01 -8.76267880e-02 -9.41946513e-02
  -3.60959491e-02 -7.39690992e-02 -1.01144037e-01 -7.59593383e-02
  -5.75211788e-02 -4.35726459e-02 -6.26015843e-02 -6.23405154e-02
  -1.34353220e-02 -9.60416302e-02  2.31235899e-02 -6.39864497e-02
   1.97472675e-02 -9.16895674e-02 -8.44832297e-02  2.36373615e-02
  -8.61443873e-02  2.37681126e-02 -2.14335130e-02  6.00438595e-02
  -4.59636719e-02  1.02459220e-01  6.88515978e-02 -6.15095310e-02
   8.57943162e-02 -4.89201931e-02  6.85773913e-02 -3.66805186e-02
  -8.34040088e-02 -9.41465145e-02 -9.44580480e-02  6.74689299e-02
   6.49664671e-02 -1.67037327e-02 -5.86638414e-02  7.79251196e-02
  -5.56481944e-03  1.16095461e-02  3.06601072e-03  8.16325319e-03
  -2.96924196e-02 -1.09140639e-01 -5.93538266e-02 -9.92842803e-03
  -5.04300778e-02 -9.53141663e-02  3.53522994e-02 -6.83575354e-02
  -1.94502177e-02 -5.81276637e-02 -2.76394259e-02  5.39837522e-02
   2.46890039e-04  5.29608374e-02 -7.55148685e-02 -2.51398088e-02
   7.42511816e-02  6.63998602e-03 -1.06156884e-01  5.95358777e-02
   1.01042113e-02  3.33922528e-02  2.48467122e-03 -2.60305345e-02
  -5.02051617e-02  6.57758546e-02  7.99780512e-03  5.43310689e-03
  -1.60306010e-02  1.12367516e-01  9.12603899e-02  5.25569425e-02
   6.61809789e-02 -2.22690528e-02 -9.04658746e-02 -4.00446365e-02
   1.12292668e-01 -6.26077136e-02 -2.47642847e-03  3.44530485e-02
  -9.74603813e-02 -2.68738161e-02 -3.03850881e-02  3.74339581e-02
   3.92093521e-02  3.82417828e-02  3.00640553e-02  6.20138187e-02
  -8.40963340e-02 -7.27864229e-02 -3.00493115e-02  7.95230544e-02
  -4.05232889e-02 -2.79603350e-02  4.08124689e-04  1.03777160e-01
   2.64479193e-02 -3.27653767e-03 -1.01283598e-01  1.09570006e-01
   1.01894517e-01  4.08271914e-03 -9.32533782e-02  2.75442171e-02
  -3.64261422e-02 -4.50988754e-02  7.35700488e-02  7.56624542e-02
  -3.55347103e-02  1.24766795e-03 -8.48692836e-02 -1.01571047e-01
   1.04356252e-01  2.08507820e-02  8.56134226e-02 -1.05915211e-01
   4.12503482e-02  1.08214041e-01 -3.99807485e-02  9.37158087e-02
   9.64940571e-02  1.85584841e-03  8.21537184e-03 -3.15152922e-03
  -5.27274717e-02  5.32774488e-02  4.43875985e-03  8.16478797e-02
   3.65959299e-02  1.12172141e-02]
 [-4.18533005e-02 -6.36134675e-02  1.02524009e-02  8.29953762e-02
  -3.36726788e-02 -6.18455959e-02 -7.43517696e-02  5.61161602e-02
  -5.78687823e-02 -5.20979623e-03 -3.40005722e-02 -8.54836531e-02
  -1.09721136e-01 -8.37357539e-02  8.31946508e-02 -5.73829415e-02
   1.02435359e-02 -4.26280090e-02  6.40430453e-02 -8.67231749e-02
   7.06348326e-02 -7.44386628e-04 -9.59894236e-02 -1.04625239e-01
   3.55982196e-02 -7.77270681e-02 -4.38202705e-02 -1.73471317e-02
   7.78493622e-02  7.56057945e-02 -3.99481360e-02 -6.42588821e-02
  -3.03380212e-03 -9.00666964e-02 -2.33146823e-02  3.00102652e-02
  -9.87360757e-02  1.04725815e-01  9.66969917e-03  6.28282013e-02
  -9.98007935e-02  1.42352301e-02  2.27556124e-02 -8.70590698e-02
   1.93513870e-02  2.26916385e-02  1.11064143e-02  3.10897623e-02
   9.50999871e-02 -1.33238297e-02  4.55535269e-02  3.11726611e-02
  -3.90491082e-03  3.46251864e-02  7.69570925e-02  4.63050469e-02
  -5.37542562e-02  8.88086161e-02 -4.96876863e-02 -4.08767949e-02
  -2.62930568e-02 -6.29647905e-02  2.81830167e-02  6.26069959e-02
   4.59893487e-02 -9.31230065e-02 -1.08724273e-01 -1.14463147e-01
  -1.43489965e-02 -1.54548444e-02 -4.22019043e-02  3.18339770e-02
  -6.53640856e-02 -5.62761629e-02 -8.86831802e-02 -1.14553216e-01
   3.78631544e-02  1.08214020e-01 -2.10245359e-02  7.54640983e-02
   1.03653405e-01 -8.65866315e-02  6.96957640e-02  8.01010851e-02
   4.88271371e-02 -5.10603080e-04 -8.16591475e-02  4.34507804e-02
   1.01667033e-01  1.28459581e-01 -1.62967819e-02 -8.67221616e-02
   4.67116846e-02  5.99658431e-02  9.35440066e-02 -3.12527545e-02
  -6.50540194e-02  4.42990231e-03  6.49864131e-04  8.86630390e-02
   1.11347922e-01 -7.38343297e-02 -3.05577219e-02  8.14114001e-02
  -3.58628635e-02 -3.55218175e-02  8.89873823e-03  7.90634927e-02
   6.47205957e-02 -2.00446845e-02 -8.29081188e-02 -8.91662730e-02
  -6.51064164e-02 -4.48078064e-02  6.76703394e-02 -9.40227584e-03
   8.48285763e-02  2.32058084e-03 -1.07779749e-01  7.00912581e-02
   5.76188459e-02 -1.32999722e-02 -4.32314929e-02  1.81085676e-02
  -9.56781401e-02  9.87745832e-03  1.20167707e-01 -3.03224426e-02
  -9.10745546e-02 -2.57269547e-02 -6.61708926e-02 -1.09315590e-01
   9.42150529e-03 -1.02558568e-01  2.10456265e-02  3.64666254e-02
   9.33163977e-03 -2.99142309e-02 -5.89758933e-02 -1.82118542e-03
  -1.80361769e-02  4.20328372e-02  3.01428418e-02  1.08918537e-02
   1.28557939e-02  1.21102810e-01  7.21383842e-02  9.52846718e-03
  -3.29999506e-02  6.80620150e-02  4.23638806e-03  4.41722920e-02
   6.43486712e-02  7.91878126e-02  1.08704003e-01 -1.72812574e-02
   2.69887400e-02 -3.59420661e-02 -6.83978780e-02 -8.55537679e-02
  -2.76066846e-02  6.53332530e-02 -1.11187954e-02  5.14062937e-02
   5.08314704e-02 -1.08917459e-01  2.80968246e-02 -1.81777060e-02
   6.08666718e-02  8.02944693e-02  6.05738926e-02 -1.30037748e-02
  -5.24594212e-02  5.81875113e-02  5.74094683e-02  3.58975286e-02
  -1.10716848e-02  8.92307886e-02  3.41839847e-02 -4.77230086e-02
   4.33683071e-02  1.59867905e-02  9.19413066e-02  9.01949606e-02
  -4.91170335e-02  1.20988069e-01 -8.57982000e-03 -9.93801103e-02
   5.78122020e-02  1.53880126e-02 -7.17256773e-02  5.59520290e-02
  -1.53192084e-02  4.40025039e-02  5.58334401e-02 -1.00383684e-01
  -1.67577431e-02 -6.32601831e-02  6.98627049e-02  6.54917450e-02
   1.52741546e-02 -1.07020007e-01  6.89904241e-02  3.48540293e-02
  -5.62110354e-02  4.83395604e-02 -1.04214681e-02  5.78424101e-02
  -4.43069381e-02 -1.72531559e-02  8.24930909e-02  5.92384924e-02
   1.37798989e-02  4.66914353e-02 -3.85315339e-02  3.66040337e-02
  -1.00549842e-01 -6.99643500e-02  4.11648610e-02  9.99406724e-02
  -8.03313531e-02  1.01530574e-02  6.41489204e-02 -5.84129351e-02
   3.45522048e-03  6.62225593e-02 -3.94397678e-02  2.54345893e-03
   8.42493061e-02 -1.64908288e-02  3.48071216e-02 -1.15374065e-01
  -8.38175662e-02 -7.20051070e-02  8.56843037e-02 -8.33601515e-02
  -4.59093220e-02 -6.13921814e-02 -1.22074362e-01 -2.59308352e-02
  -4.72686710e-02  1.07465223e-01 -5.36879536e-02  1.01844096e-01
  -6.07398571e-02 -1.97447311e-02  3.59170889e-02 -8.11590817e-02
   2.28796458e-02 -4.74271319e-02]
 [ 8.51633603e-02  5.92067797e-02 -7.87542243e-02  4.24917455e-02
  -8.05486711e-02 -1.67481443e-02  9.45780114e-02  3.77391477e-02
   6.62466939e-02  7.50873900e-02 -8.48180482e-03 -9.29886768e-02
  -3.54237958e-02 -1.26986102e-02 -6.82732868e-02 -8.48751686e-02
   1.15833245e-02 -2.82351100e-02 -1.04541961e-01  1.48428302e-02
  -2.89488346e-02  3.92058390e-02 -6.78525637e-02 -6.17199555e-02
  -6.25808705e-04 -3.57762817e-02 -8.77095250e-02  2.70106075e-02
   8.43604785e-02 -4.23535762e-02  2.64286623e-02  7.97380987e-02
   2.55111506e-02  3.71844394e-02  1.11768774e-01  3.13212140e-02
  -5.14470637e-02  1.18292644e-01 -9.05267531e-02 -1.03971148e-01
  -1.39429680e-03  1.49980717e-03 -6.26298467e-02  7.71247330e-02
  -3.90995280e-02  6.79056462e-02  5.61737774e-02  9.51428200e-03
   7.88264885e-02 -8.22751909e-02 -9.41636563e-02 -9.87375213e-02
   1.08746309e-01 -2.36436023e-02 -9.73479694e-02 -6.74104030e-02
  -1.06887330e-01 -6.55158721e-02 -1.56472432e-02  8.12678435e-02
   1.06911170e-01  1.28502489e-02 -3.82581261e-02 -1.35311570e-02
  -1.40625253e-02 -7.29513116e-02  1.39735654e-02 -5.17516635e-03
   5.42030069e-02  7.18428504e-02  1.11067358e-01  5.18767792e-02
  -1.13968752e-01 -1.71962952e-02 -8.83289532e-02 -6.01689993e-02
  -5.67293484e-02  4.79272554e-02  1.02986236e-01 -1.07690661e-01
   6.54390759e-03  7.32237944e-02 -5.44925622e-02  3.47703934e-02
  -7.46191784e-02  9.06768045e-02 -7.84754799e-02  1.06872332e-01
   7.65383392e-02 -6.63677550e-02  4.37614140e-02 -6.25233545e-03
  -3.50164388e-02  6.52556448e-02  4.57679780e-03  5.11513778e-02
   8.33666270e-02  1.07303697e-01  1.39724446e-02 -7.63777168e-02
   9.05272178e-02  1.17047690e-02 -1.37840737e-02 -1.11392645e-02
   5.25679794e-02 -3.52208007e-02  1.30351923e-02  1.57016988e-02
   1.14083370e-01 -2.57531881e-02  3.20272757e-02  3.89851332e-02
   5.46502684e-02  1.03943415e-02  1.13212828e-01  6.69284439e-02
  -7.96548129e-02  9.85997207e-02 -9.35366465e-03  1.69186170e-02
  -2.40618037e-02  8.44350023e-02 -4.03060934e-02 -3.06740135e-02
  -1.04629215e-01 -6.25198210e-02 -8.73233067e-02 -1.08976374e-01
  -3.87055925e-02  9.83439364e-02  2.94103989e-02 -5.43584060e-02
  -2.34746359e-02  7.57353800e-02 -9.59476062e-03  7.08590081e-02
  -6.83279052e-02  3.73555512e-02 -6.49191966e-02  7.40018350e-02
   4.64041512e-02  2.19062357e-02 -8.09521102e-02 -4.61302242e-02
  -3.36734172e-02  2.61631356e-03  1.10075958e-01 -3.58442378e-02
  -5.87385909e-02  6.78797986e-02 -5.30961977e-02  9.90970374e-02
  -1.91214812e-03  1.79562591e-02 -5.22945497e-02 -6.28585483e-02
  -4.47920135e-02 -1.04967549e-01 -1.05966704e-02  8.34044353e-02
  -9.26495950e-02  4.56637379e-02  9.08086395e-02 -3.90825154e-02
   1.05852020e-01  5.20118669e-02 -9.12523592e-02  2.84347133e-02
  -1.65589462e-02 -7.12884814e-02 -2.66829146e-02 -7.87682685e-02
  -1.35668379e-02  5.61283126e-02 -1.07278240e-01  5.04245086e-02
   4.96772866e-02  3.71275114e-02  4.71430399e-02 -4.91742489e-02
  -5.38253383e-02 -4.07971737e-02 -1.17326745e-01  1.82799457e-02
  -4.50448696e-02  2.89722612e-02 -1.67334568e-02  8.14448764e-03
   6.55009238e-02 -4.07802040e-02  5.74750936e-02 -8.61119035e-02
   2.79338446e-02  5.16927860e-02 -1.50789266e-02  2.59440864e-02
   3.20633585e-02  3.39867429e-04  4.45330470e-03 -2.57471854e-02
  -7.46997882e-02 -4.41746930e-02  1.78622316e-02  6.49403317e-02
   1.05000708e-01 -4.51179308e-02 -1.00876195e-01  7.81295650e-02
  -1.56675121e-02 -4.68992474e-02  5.95551313e-02 -9.23167311e-02
   1.00087231e-01 -9.71070830e-02 -4.62591915e-02 -3.33380100e-02
   5.02325036e-02 -1.44394176e-02 -8.16216511e-02  1.34096126e-02
  -3.56599089e-02 -8.77550922e-02  3.36182606e-02 -7.56887574e-02
   6.74367491e-02  9.47732495e-02 -5.86853098e-02  6.80692965e-02
   3.85941045e-02 -6.38157556e-02 -1.06487973e-02  3.69345305e-02
  -2.19784325e-02 -1.03964080e-01 -2.20524867e-02 -8.43878191e-03
   3.29952879e-02  3.01895333e-02  8.36009977e-02  1.09922254e-01
   6.55879740e-02  1.08235348e-02 -1.16629227e-02 -8.33025027e-02
  -7.49428858e-02  9.26244695e-03 -9.58690562e-02 -8.25086234e-02
   9.27275226e-03  2.34156017e-02]
 [-1.79645796e-02  7.83199572e-02 -1.99157230e-02  6.29461057e-02
  -2.23151309e-02  6.71300342e-02 -3.67807169e-02  7.08968867e-02
   6.52479695e-02 -8.46389747e-03 -1.02279342e-02  5.31975057e-02
  -9.84133825e-02 -2.58441332e-02 -5.57844082e-02 -1.29410981e-01
  -2.35598673e-02  2.85402184e-02 -7.77281169e-02 -6.00381595e-02
  -7.24164391e-02  7.40819864e-02  1.31388472e-01  5.55324069e-02
   3.04367374e-02  8.42332731e-02  2.89358675e-03 -1.04376144e-02
   1.09396947e-01  6.64631415e-02  8.53999057e-02  1.71864335e-02
  -7.91538325e-02  2.51843014e-02 -5.91842762e-02 -1.79634093e-02
   6.81381250e-02  1.17008896e-01 -1.03107170e-01  3.36338389e-02
  -5.96498975e-02 -1.98876763e-02  2.27413473e-02 -8.85137561e-02
   7.61223281e-02  9.70404991e-02  3.97654278e-02 -7.84861840e-02
  -7.68323460e-02 -1.07418181e-01  5.12069293e-02  6.60999426e-02
  -7.02920023e-02 -8.79185660e-02  2.63712131e-02  6.59960614e-02
  -1.13456582e-01  5.80985024e-02  1.01828463e-01  2.28247449e-02
  -1.84706017e-02  8.93375628e-02 -8.91692846e-02  6.41337372e-02
  -1.76713699e-02 -3.59316228e-02 -5.00410604e-02 -6.72544860e-02
   2.59836641e-02 -5.25198809e-02 -8.05208067e-02 -3.45612191e-02
  -3.17454695e-02  3.64822471e-02  1.02699827e-01  2.08137007e-02
   3.96513104e-02  7.35104552e-02 -6.08923207e-02  9.33495090e-02
  -9.47639725e-02 -1.03918270e-01 -3.93090111e-02 -4.07750847e-02
   4.55611774e-02  1.97187133e-02 -6.75421958e-02 -1.03719757e-01
  -7.60963112e-02  2.58995143e-02 -1.44851261e-03  7.37595453e-02
  -7.16371394e-02 -5.79400529e-02  6.29831956e-03 -7.97613110e-02
  -5.86486363e-02  7.42071745e-02  7.00510043e-02 -1.14060482e-01
   8.28187838e-02  6.39022414e-03 -1.06743745e-01  1.02654611e-01
   1.14377638e-01  6.91483429e-02  5.46630518e-02  5.07322385e-02
  -3.89948061e-02 -1.74373837e-02 -1.01666934e-01  8.06605364e-02
   1.38222859e-01  2.65916825e-03  3.03295034e-02 -5.95114022e-02
  -2.01551971e-02  2.13657390e-02 -4.92286811e-02 -8.88300573e-02
   5.76398082e-02 -5.90452749e-02  5.04558881e-02 -9.87079779e-02
   2.73644142e-02 -1.01597885e-02  3.88945143e-02  2.54066211e-02
   1.13874453e-02  4.79622953e-02 -1.72210753e-02  4.95883544e-02
  -1.06707907e-01  9.66743764e-02 -9.99932578e-02 -2.32367850e-02
   1.21643538e-02  6.19029866e-02  3.74505966e-02 -5.88191074e-02
   7.49810218e-02 -4.67783093e-02 -4.51870216e-02 -8.26245595e-02
  -3.05677227e-02 -6.96898490e-02  7.63454102e-02 -1.12337935e-01
   5.52744147e-02 -5.40764324e-02  1.42722338e-02 -3.32184175e-02
   6.80373502e-02  5.21044136e-02 -1.08877912e-01  7.45418053e-03
   7.46866428e-03  1.52934358e-02 -3.46867543e-02 -3.88194941e-02
  -7.84883130e-02  2.19173743e-02  8.53073563e-02 -6.88055025e-02
  -3.67972229e-02 -5.14694377e-02 -2.74900769e-02 -4.53550069e-02
  -2.96748985e-02 -7.10641780e-02 -5.56154499e-04 -1.52667839e-02
   6.76247223e-02 -3.88121221e-02 -1.23491561e-02  1.12683157e-01
  -6.10062811e-02 -1.62736433e-02  6.54288383e-02  4.53246080e-02
   8.27218747e-02  6.79536517e-02 -2.82305516e-02 -2.91559957e-02
   6.67289994e-02 -4.02379022e-03  8.52814263e-02 -8.99393681e-02
   1.01999333e-01  6.82005585e-02 -8.90171424e-02  2.34035818e-02
  -1.51965050e-02  8.96423136e-02 -1.18821213e-01 -5.15862202e-02
  -4.40610867e-02 -6.45836819e-02 -2.83999375e-02 -4.46619704e-02
   4.88952528e-02  6.36205439e-03 -8.05030858e-02  8.61540356e-02
  -4.39339113e-02  8.03753828e-02  7.03964690e-02  2.01809627e-02
  -2.02516959e-02  6.27301466e-02 -6.10586517e-02 -3.91676173e-02
  -4.14183016e-02  3.66263952e-03  1.34396966e-02 -4.45128754e-02
   9.47117039e-02 -4.00706966e-03 -8.49199129e-03  7.73784520e-02
  -4.68438254e-02 -7.69518183e-02 -2.38808991e-02  6.02406766e-02
  -8.56194902e-02 -5.40234187e-02  3.27045306e-02 -1.66898910e-02
   1.13908564e-01  9.29055855e-02 -3.96678822e-02  2.80480808e-02
   6.37558874e-03 -2.23615591e-02  1.57801425e-02 -1.25187776e-02
   8.59802823e-02 -1.04589306e-02 -4.63738867e-02  6.18732065e-02
   8.13713425e-02 -3.04902045e-02 -1.00306713e-01  6.71868148e-02
  -4.03872730e-02  9.58553660e-02  7.09418857e-03 -1.46553570e-02
   6.67871271e-02  3.05382856e-03]
 [-9.95690438e-03 -6.30654901e-03  6.86380927e-02 -8.65574102e-03
  -4.97139516e-02  4.91647519e-02  2.48447245e-02 -8.52029557e-02
   8.99782333e-02  5.08201821e-02 -8.66522588e-02 -3.35683765e-02
  -1.18857967e-01  1.30210265e-01 -7.03145887e-02  2.48699076e-02
  -1.09936129e-01  4.58458196e-02  5.43360052e-02 -2.22331802e-03
  -8.83169748e-02 -4.38379165e-02  2.69447585e-02 -7.69826031e-02
   2.29076551e-02 -1.04626121e-01 -2.46047502e-02 -8.94271150e-02
   1.00835469e-01 -2.84274251e-02 -2.44304227e-02  7.85585555e-02
   4.84513541e-02  4.82642786e-02 -7.98465769e-02  3.38580202e-02
  -5.93967201e-02  1.15660264e-01 -3.03750066e-02 -6.37815064e-02
   1.66877320e-02 -1.55725019e-02 -1.79740797e-02 -4.47240289e-02
   5.01016249e-02  1.65598666e-02  2.67740569e-02 -7.72582560e-02
  -4.66971042e-02  1.96307258e-02 -1.04724121e-01  4.23677488e-02
  -7.90725197e-02 -4.63109290e-03 -3.10593580e-02  1.39176540e-02
   7.49090747e-02 -5.37468110e-02  1.03227264e-01  1.39388367e-02
   5.11804731e-02 -5.38008722e-02 -5.32353986e-02  2.74378493e-03
   1.05730098e-01 -5.79844826e-02 -8.30281375e-03  7.02029352e-02
   7.21844293e-03 -1.13117849e-01  4.91072988e-02 -2.22282894e-02
  -8.20496248e-02  7.67149053e-02  8.07410432e-02  6.10640802e-02
   4.12871458e-02 -1.04747999e-01  1.23551501e-01 -4.80805285e-02
   1.59498868e-02  9.90124268e-02 -1.81321063e-02 -1.70070731e-02
  -1.13264597e-01 -5.72780239e-02  5.13435673e-02 -3.26225453e-02
   3.39437857e-02  4.93034940e-02  9.20932409e-03 -1.25047843e-01
  -2.44565541e-02  9.59436683e-03  2.99487529e-02  7.66571314e-02
   3.68212562e-02  5.86856807e-02 -2.25816589e-02  4.76914403e-03
   6.39194849e-02  2.23703965e-02 -5.11029792e-02 -1.22939839e-01
  -1.12759045e-02 -5.95241531e-02 -3.78857442e-02  3.59626442e-02
  -2.98911307e-02  7.00475831e-03  5.87284413e-02 -9.64548928e-02
  -1.06178156e-01 -8.22249242e-02 -3.26137400e-02 -9.96804943e-02
   8.90040290e-02  1.03351662e-02 -6.56624456e-02 -9.11523143e-02
   1.02632857e-01  6.17211952e-02 -8.54374618e-02 -1.10361437e-01
   2.33485270e-03 -1.01815571e-02 -2.93670449e-02 -2.54925931e-02
   4.23651117e-02  4.34267297e-02  8.86244440e-02  2.69357408e-02
   1.17536310e-01  1.83661036e-02 -7.87024662e-02 -1.18601978e-01
   1.14707486e-01 -8.65803984e-02 -7.32283086e-02  3.00136496e-03
   1.86927492e-02 -3.21467067e-02 -7.76991240e-02 -2.88117363e-02
   2.07246729e-02 -7.89119179e-02 -1.53705087e-02  6.07197744e-02
   1.47345010e-02 -3.10897282e-02  5.66493983e-02 -8.66581442e-02
  -1.34770871e-02  1.04677654e-01  9.29515118e-02 -8.32651707e-02
  -6.75746319e-02 -2.49584079e-02  9.67605374e-02 -6.61743912e-02
  -7.46283359e-03  1.42881213e-02 -5.25839745e-02  7.39223409e-02
   8.56972416e-02  1.00349898e-01  8.32649617e-03 -4.31764849e-02
   7.24340643e-02  8.92926930e-02  8.18737869e-02  5.51697954e-02
  -4.19343891e-02  2.22124619e-02  2.21466683e-02  1.76189450e-02
  -5.12701817e-02  1.67660380e-02 -7.92210980e-02 -3.63611274e-02
   2.99312257e-02  4.31060283e-02 -2.61273445e-02 -1.00397767e-01
  -9.98705445e-02 -3.44744066e-02 -2.01298847e-02  2.16502997e-02
  -2.22116404e-02  6.83667856e-02  3.56887133e-03  6.66911207e-02
  -6.68231427e-02 -4.17147531e-03 -7.33593307e-02 -4.51752733e-02
   7.77978481e-02 -8.19669858e-02  1.99462961e-02  3.01290104e-02
  -6.55260619e-02 -1.06086647e-01  2.99681139e-02  9.99576076e-02
   6.87316928e-02 -7.05546774e-02 -2.44566550e-02 -8.13386400e-02
  -6.60643135e-02  2.49909979e-02 -7.74821721e-02  6.42590847e-02
  -2.41016037e-03 -8.13223369e-02 -6.09998304e-02 -1.54214406e-02
   4.80883815e-02  3.28590307e-02  7.71785026e-02 -6.05033102e-02
  -3.95523856e-02 -3.84089119e-02  1.00705896e-01 -1.19325774e-03
  -9.54447750e-02 -8.78993355e-02 -5.63510766e-02 -6.47058790e-02
  -4.21164518e-02 -5.33520599e-03  1.69833521e-02  8.01608786e-02
  -1.06215601e-02  6.83055864e-02  8.72577694e-02 -7.11687650e-02
   8.31452000e-02 -2.51322939e-02 -1.03677353e-01 -9.20252929e-02
   4.78672567e-02 -3.01071005e-02  3.81855574e-03  1.11719432e-01
   2.68972933e-02  6.66931668e-02  1.93571437e-02 -2.77012099e-03
  -9.31224920e-02  5.39225652e-02]]