[[-1.20473143e+00  1.20513707e+00]
 [-1.35679945e-01  1.37233568e-01]
 [-3.32524811e-01  3.37730586e-01]
 [-1.47077690e-01  1.49681735e-01]
 [ 3.13940478e-01 -3.03927725e-01]
 [ 2.10005458e-01 -1.91966125e-01]
 [-2.03754694e-01  2.16169871e-01]
 [ 1.57807292e-01 -1.55578853e-01]
 [ 1.10917491e-01 -9.55251623e-02]
 [-2.66584062e-01  2.78985181e-01]
 [ 4.12409041e-01 -4.08761954e-01]
 [ 1.83980259e-01 -1.89491076e-01]
 [-1.25204170e-01  1.45817615e-01]
 [ 5.60690938e-01 -5.58235990e-01]
 [-3.21390955e-01  3.20739190e-01]
 [ 2.41087446e-01 -2.34167231e-01]
 [ 3.17869063e-01 -3.09906592e-01]
 [ 8.80408207e-01 -8.65652614e-01]
 [ 4.62918076e-01 -4.47044748e-01]
 [-4.42342215e-01  4.52096850e-01]
 [ 3.18139324e-01 -3.13307304e-01]
 [ 6.57562052e-01 -6.34235086e-01]
 [-3.56552299e-01  3.51720326e-01]
 [-3.13653580e-01  3.36819456e-01]
 [ 1.64903857e-01 -1.61261945e-01]
 [-1.81527308e-01  1.90245048e-01]
 [-2.84147947e-01  2.77804428e-01]
 [ 3.31971894e-01 -3.21345750e-01]
 [ 1.17265643e-01 -1.08540221e-01]
 [-1.00901826e+00  1.01309155e+00]
 [-3.57140670e-02  5.54414944e-02]
 [ 4.13735040e-01 -4.09976160e-01]
 [ 1.14230064e-01 -1.11374889e-01]
 [ 9.40877058e-02 -9.85934561e-02]
 [ 2.32443957e-01 -2.30733568e-01]
 [ 4.93372488e-01 -4.82702807e-01]
 [-7.43815222e-01  7.38135588e-01]
 [-4.54123448e-01  4.61329956e-01]
 [ 3.53432277e-01 -3.58129091e-01]
 [ 2.42801708e-01 -2.31020191e-01]
 [ 8.62623408e-01 -8.44266771e-01]
 [-3.38276374e-02  3.11215059e-02]
 [ 2.61013051e-01 -2.50197572e-01]
 [-8.60018970e-02  1.00124041e-01]
 [ 3.75228800e-01 -3.74458340e-01]
 [ 7.10793770e-01 -7.08734832e-01]
 [ 1.21744328e-01 -1.11897475e-01]
 [-1.71480107e-01  1.82470499e-01]
 [-3.19244582e-02  3.97032888e-02]
 [-1.37742013e-01  1.49269385e-01]
 [ 3.86810718e-01 -3.83423187e-01]
 [-2.13881872e-01  2.10179513e-01]
 [ 5.22732309e-02 -4.60221918e-02]
 [ 5.07783270e-01 -5.19456404e-01]
 [ 3.82085629e-01 -3.68170822e-01]
 [ 2.83314066e-01 -2.79495477e-01]
 [ 3.95852419e-01 -3.86247608e-01]
 [-5.24212489e-01  5.16563474e-01]
 [-6.51370468e-03  1.34267887e-02]
 [-3.11055111e-01  3.20779332e-01]
 [ 3.76658721e-01 -3.80605436e-01]
 [-3.92127355e-01  4.01957789e-01]
 [ 4.53901738e-01 -4.45204632e-01]
 [-5.15975236e-01  5.16610435e-01]
 [ 8.52087695e-01 -8.45623508e-01]
 [ 3.60614466e-01 -3.51001525e-01]
 [-1.07061512e-02  1.94182877e-02]
 [ 5.34857007e-01 -5.19029143e-01]
 [-9.22105574e-02  9.50025795e-02]
 [-8.57630843e-01  8.69727748e-01]
 [ 2.52531178e-03  3.03929355e-02]
 [-6.64338451e-02  7.99812511e-02]
 [-3.00207702e-01  3.22583062e-01]
 [-1.23532899e-01  1.18598916e-01]
 [ 5.50328831e-02 -5.55162054e-02]
 [ 3.81959477e-02 -2.63957725e-02]
 [ 5.26332413e-01 -5.34438776e-01]
 [-2.83720591e-01  3.05081626e-01]
 [ 6.86834914e-01 -6.90622790e-01]
 [ 2.12765418e-02 -9.06914663e-03]
 [-3.30736782e-02  4.60903393e-02]
 [-1.03934809e-03 -1.51838050e-02]
 [-3.95001895e-01  3.94772901e-01]
 [ 2.05028222e-01 -1.98316804e-01]
 [-2.65054071e-01  2.79219936e-01]
 [ 2.22775384e-01 -2.22067261e-01]
 [ 1.72384698e-01 -1.64676417e-01]
 [-1.56896821e-01  1.60227540e-01]
 [-8.87019532e-01  9.03047824e-01]
 [ 2.50257347e-01 -2.44315000e-01]
 [ 4.79683025e-01 -4.73434662e-01]
 [ 2.71583460e-01 -2.62970411e-01]
 [ 3.34373308e-01 -3.27714699e-01]
 [-6.10986328e-02  7.15387988e-02]
 [ 5.63052626e-01 -5.57258426e-01]
 [-1.34705746e-01  1.42922567e-01]
 [ 3.18702379e-01 -3.16566811e-01]
 [-5.28015948e-01  5.22486687e-01]
 [ 3.98253448e-01 -3.97313115e-01]
 [ 3.61487137e-01 -3.70404848e-01]
 [ 3.40064139e-02 -3.85677586e-02]
 [ 6.25625267e-01 -6.12255417e-01]
 [-2.44260302e-01  2.51056933e-01]
 [-2.39224564e-01  2.55138638e-01]
 [ 6.15952593e-01 -6.10177439e-01]
 [-2.18879927e-01  2.41378551e-01]
 [ 6.85809602e-01 -6.79514636e-01]
 [-1.39918268e-01  1.68581197e-01]
 [ 2.83828354e-01 -2.93124244e-01]
 [ 3.42626039e-01 -3.25228269e-01]
 [-9.58914655e-02  9.91167434e-02]
 [ 2.86178096e-01 -2.76008030e-01]
 [ 3.99237692e-01 -3.91507126e-01]
 [-2.31097445e-01  2.55551800e-01]
 [-4.95796623e-02  4.92086343e-02]
 [-2.92513344e-01  2.95922192e-01]
 [ 2.21518700e-01 -2.14781283e-01]
 [ 1.09782118e-01 -8.12937202e-02]
 [-2.76400819e-02  3.06358706e-02]
 [-2.49788769e-01  2.57285220e-01]
 [ 3.88806722e-01 -3.83964206e-01]
 [ 4.48487985e-01 -4.30355086e-01]
 [ 5.03517569e-01 -4.92514148e-01]
 [ 5.05747300e-01 -4.94791637e-01]
 [-3.00631672e-01  3.14063596e-01]
 [-4.60669846e-01  4.71376059e-01]
 [-3.43239960e-01  3.37110402e-01]
 [ 1.34669056e-03  1.76577685e-03]
 [-2.00154941e-01  2.15440182e-01]
 [-2.65261223e-01  2.76306118e-01]
 [ 7.99632575e-02 -6.55027559e-02]
 [ 1.95501415e-02 -2.88355347e-02]
 [ 4.27967660e-01 -4.10646539e-01]
 [-1.19311094e-02  2.15256061e-02]
 [ 5.02367796e-01 -5.07583275e-01]
 [ 4.09629223e-02 -4.01380609e-02]
 [-7.33845674e-01  7.31732136e-01]
 [-1.09928256e-01  1.14100320e-01]
 [-4.68211350e-01  4.69147968e-01]
 [ 8.78275767e-01 -8.63629443e-01]
 [ 3.93644713e-01 -3.84100385e-01]
 [ 4.39054450e-01 -4.43761675e-01]
 [-6.94940949e-02  6.71738961e-02]
 [-3.73266891e-02  4.99066748e-02]
 [-4.09310047e-01  4.14404237e-01]
 [-3.39357120e-01  3.39790147e-01]
 [-5.30538555e-01  5.39199862e-01]
 [ 1.51414973e-01 -1.50424307e-01]
 [ 1.30658382e+00 -1.28966213e+00]
 [-1.66138767e-01  1.71715745e-01]
 [-9.08237114e-02  8.13607602e-02]
 [-4.63649167e-01  4.88167486e-01]
 [-4.04505026e-01  4.23305596e-01]
 [ 9.61297408e-02 -8.78252279e-02]
 [-4.14172595e-02  5.26701888e-02]
 [ 3.15708934e-01 -3.08628093e-01]
 [-1.30256867e-01  1.40596950e-01]
 [-6.17977085e-01  6.24580245e-01]
 [-1.09695713e-01  1.09343307e-01]
 [-1.33209045e-01  1.41950623e-01]
 [-5.03693132e-02  6.29453745e-02]
 [ 5.75349607e-01 -5.73473740e-01]
 [ 8.86335118e-02 -8.70832013e-02]
 [ 1.16890455e-01 -1.04872803e-01]
 [-2.56933908e-02  3.16661975e-02]
 [-8.12776737e-01  8.11441663e-01]
 [ 3.47277257e-02 -2.52516907e-02]
 [-1.32566444e-01  1.37955649e-01]
 [-1.09929261e-01  1.10919240e-01]
 [ 3.57973648e-01 -3.49978360e-01]
 [ 3.34788677e-01 -3.19716775e-01]
 [-1.06184424e-01  1.07165361e-01]
 [ 1.88230059e-02 -4.41350340e-03]
 [-6.38828927e-01  6.40723238e-01]
 [ 3.00514775e-01 -2.95615400e-01]
 [-1.20931340e-01  1.36231998e-01]
 [ 4.82417915e-01 -4.79977818e-01]
 [-3.40833881e-01  3.49658192e-01]
 [-3.75255517e-02  4.99443229e-02]
 [-1.25660044e-01  1.31058563e-01]
 [-4.03412476e-01  3.99399037e-01]
 [ 3.76938371e-01 -3.57778101e-01]
 [ 6.49900223e-01 -6.48147010e-01]
 [ 7.19185787e-01 -7.16856244e-01]
 [ 2.44381434e-01 -2.49180415e-01]
 [-1.80388232e-01  1.95279557e-01]
 [ 2.77389232e-01 -2.36258939e-01]
 [ 1.81611377e-01 -1.78255805e-01]
 [-8.49511591e-01  8.55105056e-01]
 [-3.23863603e-01  3.51339089e-01]
 [-5.92980830e-02  6.63723240e-02]
 [-7.13400778e-02  6.94810386e-02]
 [-2.33652844e-01  2.34258906e-01]
 [ 3.06095337e-01 -3.04253717e-01]
 [-1.92718028e-01  2.17285703e-01]
 [ 2.41055964e-01 -2.20966366e-01]
 [ 4.04478396e-02 -3.53517537e-02]
 [ 1.25030616e-01 -1.18293579e-01]
 [ 2.72598359e-01 -2.67890025e-01]
 [-5.98254238e-03  1.26572970e-02]
 [ 3.73340802e-01 -3.74960417e-01]
 [-4.53410395e-01  4.47175477e-01]
 [-8.99288584e-02  9.63649071e-02]
 [-5.04465766e-01  5.11428884e-01]
 [-2.07362670e-01  2.09408697e-01]
 [ 4.43000216e-01 -4.47130759e-01]
 [ 9.29196080e-01 -9.09504248e-01]
 [-5.68654261e-02  6.90918627e-02]
 [-6.99960535e-01  7.05730259e-01]
 [-1.35609461e-01  1.27009169e-01]
 [ 6.43062201e-02 -6.32546136e-02]
 [-1.97460123e-01  2.03159444e-01]
 [ 7.30765000e-02 -5.71332887e-02]
 [-3.46778383e-01  3.36696674e-01]
 [ 1.19222374e-01 -1.16669491e-01]
 [-1.88575882e-02  2.89892040e-02]
 [-1.33634587e-01  1.64092289e-01]
 [ 2.37230530e-01 -2.24683056e-01]
 [-2.10411221e-01  2.13547566e-01]
 [-7.20449811e-01  7.32604037e-01]
 [-1.04211739e-01  1.11330176e-01]
 [ 3.21629261e-01 -3.03495845e-01]
 [ 3.25503916e-01 -3.31159337e-01]
 [ 1.34009906e-01 -1.23233228e-01]
 [-1.74316107e-01  1.87187375e-01]
 [-2.51583111e-02  3.20706573e-02]
 [-2.77441021e-01  2.90287531e-01]
 [-6.00837281e-01  6.15343856e-01]
 [-2.22584370e-01  2.34187946e-01]
 [-1.90069831e-01  1.89517975e-01]
 [ 3.44021318e-01 -3.26631776e-01]
 [-4.57421367e-01  4.47203976e-01]
 [-1.15485125e-01  1.15962506e-01]
 [ 4.37321384e-01 -4.13203219e-01]
 [ 6.93493187e-01 -6.92407599e-01]
 [ 5.69748640e-01 -5.74514876e-01]
 [-5.46326263e-01  5.46120077e-01]
 [ 9.84007123e-02 -8.75486590e-02]
 [-5.52233290e-02  6.41822808e-02]
 [ 3.56374661e-01 -3.43285851e-01]
 [-1.17987733e-01  1.18071862e-01]
 [-1.29055147e-01  1.41643517e-01]
 [-2.92760496e-01  3.04749366e-01]
 [ 4.41489773e-02 -4.20017975e-02]
 [-4.19346376e-01  4.22355785e-01]
 [ 3.46217088e-02 -3.14915363e-02]
 [-9.95723569e-03  9.73785787e-03]
 [ 1.11851520e-01 -1.23309257e-01]
 [-2.84801401e-01  2.87251211e-01]
 [-3.82732890e-01  4.06353191e-01]]