[[-8.84315815e-02  8.99579320e-02]
 [ 2.46963677e-02 -1.87140398e-02]
 [ 2.53796225e-01 -2.52467772e-01]
 [ 1.63395080e-01 -1.59237539e-01]
 [ 2.54130477e-01 -2.51148076e-01]
 [ 9.07845348e-02 -8.34385766e-02]
 [ 2.14875679e-01 -2.12265998e-01]
 [ 2.64251982e-02 -2.35170236e-02]
 [-1.81134252e-01  1.85471055e-01]
 [-1.66072185e-03  1.06836077e-02]
 [-4.02388884e-02  4.55615282e-02]
 [-1.24497348e-01  1.27685644e-01]
 [ 1.50859898e-01 -1.44207854e-01]
 [-4.44763086e-02  4.99021933e-02]
 [-1.97237558e-02  2.67045138e-02]
 [ 8.46491979e-02 -7.60763157e-02]
 [-6.83534659e-02  7.23348740e-02]
 [-1.12398772e-02  2.24108311e-02]
 [ 7.14590956e-02 -6.69644774e-02]
 [ 2.88024101e-02 -2.56134625e-02]
 [ 2.60247544e-01 -2.55473999e-01]
 [ 6.46401829e-02 -6.52030946e-02]
 [-1.03473782e-01  1.12223609e-01]
 [-4.91597690e-02  5.50844317e-02]
 [-9.20185620e-03  1.34488238e-02]
 [-1.74172385e-01  1.78786351e-01]
 [-2.68417940e-02  2.90368971e-02]
 [ 3.65310796e-02 -3.64011375e-02]
 [-8.21134649e-02  8.72326510e-02]
 [ 3.55555760e-02 -2.77163088e-02]
 [ 3.70566378e-02 -3.32031004e-02]
 [ 5.59072717e-02 -5.61900864e-02]
 [-2.40247833e-01  2.44477097e-01]
 [ 1.79656996e-01 -1.69269824e-01]
 [ 1.90853811e-01 -1.85527576e-01]
 [ 6.75928324e-02 -6.04837783e-02]
 [-5.94357473e-02  6.64728651e-02]
 [-1.28202962e-01  1.35624197e-01]
 [-1.90919635e-01  1.96510752e-01]
 [ 3.74649224e-02 -3.21641103e-02]
 [ 7.66871223e-02 -7.52204596e-02]
 [-1.29528632e-01  1.35066651e-01]
 [-8.96834438e-02  8.91783099e-02]
 [-4.84360231e-03  1.04023865e-02]
 [ 2.78736396e-02 -2.12531855e-02]
 [-1.81932240e-01  1.85888465e-01]
 [-5.45272746e-02  6.31060408e-02]
 [ 1.21910427e-02 -5.34102074e-03]
 [-5.74618159e-02  6.36152233e-02]
 [-6.31450517e-02  6.16580586e-02]
 [ 1.40097210e-01 -1.33654160e-01]
 [ 7.89584502e-02 -7.21213573e-02]
 [-1.88823834e-01  1.94953000e-01]
 [-9.97482855e-02  1.05300496e-01]
 [-1.01247180e-01  1.05253243e-01]
 [ 8.45403004e-02 -8.35633555e-02]
 [ 3.28973014e-02 -2.67652631e-02]
 [-1.48825588e-01  1.51404200e-01]
 [-1.36902697e-02  1.51047975e-02]
 [ 5.82061339e-02 -5.31170817e-02]
 [ 3.53975440e-02 -2.45278546e-02]
 [ 1.71597952e-01 -1.65830519e-01]
 [ 5.13463808e-02 -4.68400721e-02]
 [ 1.42155816e-01 -1.38870637e-01]
 [-1.77537899e-01  1.84271188e-01]
 [ 6.50884511e-02 -6.13150121e-02]
 [-4.26561149e-02  4.57514726e-02]
 [-6.75900357e-02  7.72989669e-02]
 [-8.10060077e-02  8.54631163e-02]
 [ 8.21889331e-02 -7.49044584e-02]
 [ 1.83191747e-01 -1.76909297e-01]
 [ 6.41100303e-02 -6.18862098e-02]
 [-1.15316563e-01  1.21791159e-01]
 [-8.91262209e-02  9.59532253e-02]
 [ 9.22334154e-02 -8.49944805e-02]
 [ 4.86026455e-02 -4.51487286e-02]
 [-5.42342297e-02  5.87783216e-02]
 [ 6.60569012e-02 -6.17525696e-02]
 [ 1.47828125e-02 -1.02190032e-02]
 [ 8.43099978e-02 -7.75126899e-02]
 [-1.87091838e-01  1.90663762e-01]
 [ 2.52086055e-01 -2.44054908e-01]
 [ 6.24231726e-02 -5.75874497e-02]
 [-1.26763946e-01  1.28021979e-01]
 [-1.39841200e-01  1.39580496e-01]
 [ 3.11415545e-02 -2.70946952e-02]
 [ 2.01177031e-01 -1.96126127e-01]
 [-1.49186449e-01  1.53579115e-01]
 [ 1.61026933e-02 -1.39146372e-02]
 [-2.45040256e-01  2.52769866e-01]
 [ 9.87836847e-02 -9.14454018e-02]
 [ 6.65957610e-02 -6.42135885e-02]
 [ 2.52765621e-01 -2.45620965e-01]
 [-1.22115962e-03  1.05813792e-02]
 [-8.23244591e-03  1.68215925e-02]
 [-7.78844721e-04  5.31583564e-03]
 [-1.25861806e-01  1.33210790e-01]
 [ 8.14597445e-02 -7.32766086e-02]
 [-2.94907160e-02  3.54544295e-02]
 [ 1.27047452e-01 -1.19383434e-01]
 [ 1.02385962e-01 -9.48541504e-02]
 [ 5.65036411e-02 -4.87816759e-02]
 [ 5.14045338e-02 -4.88653367e-02]
 [ 1.43590579e-02 -1.36521325e-02]
 [ 4.57484157e-02 -3.89950269e-02]
 [-3.65111127e-02  3.90303571e-02]
 [-2.26702614e-02  2.90160206e-02]
 [ 2.79698420e-01 -2.72204227e-01]
 [-3.37401003e-02  4.03829242e-02]
 [-4.12346275e-02  4.96166803e-02]
 [-1.40437128e-02  1.61942757e-02]
 [ 9.65112112e-02 -9.24002168e-02]
 [ 7.66366971e-02 -7.13184695e-02]
 [ 3.34357203e-02 -3.20940256e-02]
 [ 1.27045787e-01 -1.20932203e-01]
 [ 2.14663182e-01 -2.11778063e-01]
 [ 4.76799985e-02 -4.34704694e-02]
 [-9.76432977e-02  1.01994989e-01]
 [-1.60804578e-01  1.67868464e-01]
 [-3.26853753e-01  3.30514169e-01]
 [-3.10688651e-01  3.13306500e-01]
 [-5.45804460e-02  6.25843758e-02]
 [ 1.78374729e-02 -1.44748294e-02]
 [-1.74975179e-01  1.79112155e-01]
 [ 1.73966262e-01 -1.69472878e-01]
 [ 5.44631586e-02 -4.91216582e-02]
 [-5.03025182e-02  5.47377479e-02]
 [-6.39710453e-02  6.81291844e-02]
 [-1.95213585e-02  2.39080924e-02]
 [ 1.38209315e-01 -1.30403649e-01]
 [ 1.21412733e-01 -1.14388038e-01]
 [-1.03461981e-01  1.12929580e-01]
 [ 1.17682283e-01 -1.12187361e-01]
 [ 1.09546505e-01 -1.01065792e-01]
 [ 1.43977953e-01 -1.40345095e-01]
 [ 8.17810092e-02 -7.96590754e-02]
 [-4.76573004e-02  5.14292638e-02]
 [-4.76211701e-03  6.51119331e-03]
 [-1.54363262e-01  1.61611084e-01]
 [ 7.56298249e-03  9.77640148e-04]
 [ 1.92801042e-01 -1.86079565e-01]
 [-1.46581695e-02  2.09248932e-02]
 [-6.68475386e-02  7.54650637e-02]
 [-1.67046001e-02  2.14306556e-02]
 [ 2.71305375e-02 -2.19499588e-02]
 [ 8.09201801e-02 -7.82198197e-02]
 [ 1.06108605e-01 -1.00575076e-01]
 [ 6.88374590e-02 -6.49680775e-02]
 [-1.43327119e-01  1.51029373e-01]
 [-4.23599400e-02  5.00020928e-02]
 [ 3.95089156e-01 -3.92932067e-01]
 [ 5.02537965e-02 -4.78454060e-02]
 [-5.81927025e-04  3.91226050e-03]
 [ 1.83559170e-01 -1.81816711e-01]
 [-1.34370713e-01  1.37956447e-01]
 [-1.77123788e-01  1.81600631e-01]
 [ 2.61542856e-03  8.21639315e-03]
 [ 1.57292003e-01 -1.53532069e-01]
 [ 4.08599767e-01 -4.01951124e-01]
 [-1.53553344e-01  1.55250405e-01]
 [-2.00762541e-01  2.03746981e-01]
 [ 2.10743447e-01 -2.02431831e-01]
 [-5.64470892e-02  5.53081216e-02]
 [ 2.45248899e-01 -2.40119094e-01]
 [-1.24837451e-01  1.23585082e-01]
 [ 3.17404210e-01 -3.16968435e-01]
 [-3.37798547e-03  7.57009307e-03]
 [-2.72755486e-03  5.01498770e-03]
 [ 6.01958042e-03 -1.85336439e-03]
 [-6.28413094e-02  7.09505906e-02]
 [-1.77293647e-01  1.79211923e-01]
 [-8.36919723e-03  1.57286541e-02]
 [-1.77955814e-01  1.79447314e-01]
 [-5.64609612e-02  6.17290893e-02]
 [-4.95685609e-02  5.40833979e-02]
 [ 9.43559660e-02 -8.62625679e-02]
 [-2.63009053e-01  2.71276521e-01]
 [ 3.49105023e-01 -3.48403842e-01]
 [ 5.05454464e-02 -4.91375691e-02]
 [ 1.05064573e-01 -9.32873152e-02]
 [-2.37423154e-01  2.39101936e-01]
 [-1.14770865e-01  1.15193771e-01]
 [-6.11125883e-02  6.61332846e-02]
 [-1.01476971e-01  1.07370189e-01]
 [ 1.37128089e-01 -1.31272840e-01]
 [-3.99468786e-02  4.71607946e-02]
 [ 8.91032378e-02 -8.18971511e-02]
 [ 2.43911117e-02 -2.19599807e-02]
 [-2.47426088e-01  2.47818177e-01]
 [ 7.48061493e-02 -6.84060891e-02]
 [-1.32140978e-02  1.60667998e-02]
 [ 6.92335886e-02 -6.62550268e-02]
 [ 1.64066000e-01 -1.59751631e-01]
 [-1.87272223e-02  2.17828037e-02]
 [-5.34870661e-02  5.73739345e-02]
 [-1.52231020e-01  1.58590563e-01]
 [ 2.66354260e-02 -2.21132795e-02]
 [ 2.33295913e-01 -2.30286444e-01]
 [ 1.00372582e-03  3.53346273e-04]
 [-2.12707402e-01  2.20388324e-01]
 [-5.41349138e-03  6.39150072e-03]
 [-3.86014988e-02  4.26123787e-02]
 [-2.43502043e-02  2.97556383e-02]
 [-2.11820628e-01  2.12963042e-01]
 [-1.60127226e-01  1.65818415e-01]
 [-1.14722786e-01  1.19148219e-01]
 [ 2.02915128e-01 -2.00562551e-01]
 [-1.66764084e-01  1.72669083e-01]
 [-1.33525871e-01  1.39265946e-01]
 [ 3.19235315e-01 -3.21112785e-01]
 [ 5.89383701e-02 -5.28609566e-02]
 [-2.68403328e-01  2.73866371e-01]
 [ 9.46147122e-02 -9.48129583e-02]
 [-6.29149543e-02  7.10628711e-02]
 [ 3.44660840e-02 -3.21173570e-02]
 [ 9.62154271e-02 -9.56733981e-02]
 [-1.28782168e-01  1.31075544e-01]
 [ 9.78884062e-02 -9.54059874e-02]
 [-4.27607915e-02  4.34241622e-02]
 [ 1.62343010e-01 -1.55272058e-01]
 [ 1.13418360e-01 -1.11067875e-01]
 [-3.22671440e-02  3.70022870e-02]
 [ 2.38059850e-01 -2.30788307e-01]
 [ 1.60625973e-01 -1.57883689e-01]
 [ 5.25861575e-02 -4.78691340e-02]
 [-1.39962460e-01  1.45507213e-01]
 [ 2.03893513e-01 -2.01329138e-01]
 [ 2.30409591e-02 -1.24356306e-02]
 [-5.85619727e-02  6.06734864e-02]
 [-2.46737709e-01  2.50187368e-01]
 [ 6.16638433e-02 -5.15470268e-02]
 [ 4.25522248e-02 -4.34839497e-02]
 [ 1.30179990e-01 -1.25590024e-01]
 [ 5.27939884e-02 -4.82921185e-02]
 [-8.91651844e-02  9.00632821e-02]
 [ 8.89474275e-02 -8.32814534e-02]
 [ 2.47119386e-01 -2.42947205e-01]
 [-2.10455254e-01  2.12894879e-01]
 [-2.39711046e-01  2.44381008e-01]
 [-1.13459870e-01  1.21526830e-01]
 [ 1.67974027e-01 -1.68052097e-01]
 [ 1.66017001e-02 -1.15671778e-02]
 [ 9.13713893e-02 -9.02964182e-02]
 [-5.99976426e-02  6.54732082e-02]
 [-8.79123334e-02  9.07985238e-02]
 [ 5.06200701e-02 -4.46267511e-02]
 [-9.51279308e-02  1.02365502e-01]
 [ 4.28387895e-03 -2.19682925e-03]
 [-7.44239829e-02  8.35814374e-02]
 [-9.24542906e-02  9.70428743e-02]
 [ 1.53213226e-02 -7.02641458e-03]
 [-2.91488232e-01  2.93852641e-01]
 [-2.21802570e-02  2.80656165e-02]
 [ 1.79760302e-01 -1.74293530e-01]
 [ 3.58768132e-01 -3.56026435e-01]
 [ 2.09580247e-01 -2.05529144e-01]
 [ 4.34078535e-03 -1.63215938e-03]
 [ 3.47707020e-02 -2.92624737e-02]
 [ 5.29960401e-02 -5.08148167e-02]
 [-1.91732524e-03  1.10978297e-02]
 [-3.14495219e-04  4.24505395e-03]
 [-2.52712161e-01  2.60229281e-01]
 [-4.57363169e-02  5.06606662e-02]
 [-1.19413031e-01  1.24769798e-01]
 [ 5.57027238e-02 -4.71707799e-02]
 [-5.19453989e-02  5.24097250e-02]
 [ 8.65702933e-03 -4.34126672e-03]
 [-8.18281147e-03  1.13646436e-02]
 [ 3.43348443e-02 -3.04338278e-02]
 [-6.92787412e-02  7.61866452e-02]
 [ 6.91747600e-02 -6.50638917e-02]
 [ 1.35643608e-01 -1.28314660e-01]
 [ 9.71657598e-02 -9.14003902e-02]
 [ 8.53790480e-02 -8.51946543e-02]
 [ 6.23243520e-02 -5.65639414e-02]
 [-1.66632456e-01  1.71522520e-01]
 [ 1.36153977e-01 -1.30923035e-01]
 [-5.70073726e-02  6.63406344e-02]
 [ 3.64892538e-02 -3.08067982e-02]
 [ 1.19743988e-01 -1.15702875e-01]
 [-2.21592036e-01  2.26747370e-01]
 [ 2.14063288e-01 -2.06713809e-01]
 [ 1.11820400e-01 -1.12244773e-01]
 [ 1.60768453e-01 -1.57834058e-01]
 [-5.46143075e-02  5.70892623e-02]
 [-7.40067543e-02  7.36734589e-02]
 [-9.49691450e-02  1.02820072e-01]
 [ 3.53552356e-01 -3.48100757e-01]
 [ 6.15908270e-02 -5.59900880e-02]
 [-8.86174560e-02  9.32533364e-02]
 [ 1.21836533e-02 -7.86437960e-03]
 [ 2.23439970e-01 -2.25055462e-01]
 [-5.88762851e-02  6.01066068e-02]
 [-1.30139244e-01  1.32366057e-01]
 [ 2.68774742e-01 -2.65027838e-01]
 [-1.84114977e-01  1.83801319e-01]
 [ 1.22127889e-01 -1.17264654e-01]
 [ 1.56860085e-01 -1.53479607e-01]
 [-6.20701750e-02  6.62287296e-02]
 [-3.77016845e-02  4.36642258e-02]
 [ 9.27471191e-02 -8.52030570e-02]
 [-1.89387457e-01  1.95370943e-01]
 [ 6.92587662e-02 -6.46837899e-02]
 [ 7.86541784e-02 -7.36613536e-02]
 [ 8.83157648e-02 -8.28241690e-02]
 [-1.04255337e-01  1.09018641e-01]
 [-2.89595804e-02  3.24066495e-02]
 [ 6.74317223e-02 -6.14951337e-02]
 [-1.59287120e-01  1.64842290e-01]
 [-1.50914402e-01  1.57611694e-01]
 [-2.08009358e-01  2.13349768e-01]
 [ 1.08625620e-01 -1.03363214e-01]
 [ 3.22610392e-01 -3.19805849e-01]
 [ 4.35574756e-03 -1.79680899e-04]
 [ 1.24224541e-01 -1.16753547e-01]
 [ 1.35939459e-01 -1.29312823e-01]
 [ 2.12475252e-01 -2.04172274e-01]
 [-3.25777182e-01  3.30147128e-01]
 [ 2.12379717e-02 -1.85030043e-02]
 [ 4.33540620e-03 -2.43294634e-04]
 [ 2.92232946e-03  2.60007788e-03]
 [ 1.27434345e-01 -1.20299222e-01]
 [-1.82727254e-01  1.84874565e-01]
 [ 1.81408848e-01 -1.72391935e-01]
 [-1.46883809e-02  1.69633266e-02]
 [-7.44572913e-02  8.09862734e-02]
 [-3.46528958e-02  3.88520097e-02]
 [-2.79776764e-02  3.40472402e-02]
 [ 2.36026062e-01 -2.30101106e-01]
 [-7.73189033e-02  7.87645270e-02]
 [ 1.42188742e-01 -1.35353355e-01]
 [-2.91316039e-02  3.23199766e-02]
 [-2.25209383e-01  2.27358686e-01]
 [ 5.13527910e-02 -4.74168663e-02]
 [-1.05593468e-01  1.09291528e-01]
 [ 1.78791376e-01 -1.72157311e-01]
 [ 1.42670369e-01 -1.39911348e-01]
 [-1.81699561e-01  1.85144482e-01]
 [ 1.83149624e-02 -9.83366692e-03]
 [ 9.22677293e-03 -6.51694134e-03]
 [-2.80187419e-02  3.36200562e-02]
 [ 3.01696426e-02 -2.79118487e-02]
 [ 3.22416273e-02 -2.47277683e-02]
 [ 9.10529667e-02 -8.71175476e-02]
 [ 5.84017383e-02 -5.41128877e-02]
 [-9.77998285e-02  1.01862270e-01]
 [-2.02363546e-01  2.05720422e-01]
 [ 2.06389408e-01 -1.96596312e-01]
 [-1.37897296e-01  1.44873029e-01]
 [ 5.45173203e-02 -5.26291998e-02]
 [-1.95422199e-01  1.99808279e-01]
 [-1.14622284e-01  1.20419539e-01]
 [-3.59691967e-02  4.44206050e-02]
 [-5.37478114e-02  6.25589618e-02]
 [-1.96869093e-02  2.55569795e-02]
 [-2.96597064e-02  3.45866065e-02]
 [-2.38196743e-02  3.10957044e-02]
 [ 2.21009526e-01 -2.11994915e-01]
 [ 3.60128822e-02 -3.43000492e-02]
 [ 1.31815089e-02 -1.42644171e-02]
 [ 1.27599424e-01 -1.24089267e-01]
 [-1.45374071e-01  1.55204470e-01]
 [ 2.19143190e-02 -1.35939010e-02]
 [ 1.09724024e-01 -1.05286875e-01]
 [-9.34017867e-02  9.72124686e-02]
 [-2.44112002e-02  3.18222745e-02]
 [-2.80303707e-01  2.79751046e-01]
 [ 5.28229117e-02 -5.16805117e-02]
 [ 9.38980858e-02 -8.68872490e-02]
 [ 7.37354761e-02 -6.93246801e-02]
 [ 2.57905955e-01 -2.59325973e-01]
 [ 9.30740194e-03 -4.29841822e-03]
 [ 1.30752785e-02 -1.26553927e-03]
 [ 1.78220421e-01 -1.71441010e-01]
 [-4.94699621e-02  5.45050879e-02]
 [-6.79360263e-02  7.11197989e-02]
 [-1.96769101e-01  2.00231063e-01]
 [ 5.88477004e-02 -5.11324817e-02]
 [ 1.81957899e-01 -1.74207723e-01]
 [-2.04623811e-01  2.13501175e-01]
 [ 1.62037788e-01 -1.57167244e-01]
 [ 4.55646939e-02 -4.46198365e-02]
 [ 1.34050844e-01 -1.28557019e-01]
 [ 8.60560445e-02 -8.28413478e-02]
 [ 1.04349432e-01 -1.00123393e-01]
 [ 7.02516904e-03 -2.40388112e-04]
 [ 1.73051432e-01 -1.68866196e-01]
 [-3.95161235e-02  3.98867934e-02]
 [ 1.20440422e-02 -1.46824194e-03]
 [-6.85454291e-02  7.63119836e-02]
 [ 2.51425652e-01 -2.46709432e-01]
 [ 1.50819518e-01 -1.44388454e-01]
 [ 6.33649912e-02 -6.36670194e-02]
 [-3.34781881e-02  3.67754538e-02]
 [-5.90131533e-02  6.57595528e-02]
 [-3.72333125e-02  3.65135049e-02]
 [-1.69085639e-01  1.69369534e-01]
 [-2.44826334e-01  2.50966280e-01]
 [ 6.50317494e-02 -6.01685887e-02]
 [-6.80928061e-02  6.97778652e-02]]