[[ 3.64802413e+00 -3.64206931e+00]
 [-3.02810690e+00  3.01034807e+00]
 [ 1.42830625e+00 -1.45593729e+00]
 [ 2.29660719e+00 -2.25017166e+00]
 [ 2.13183543e-01 -1.81444088e-01]
 [ 1.03991317e+00 -9.72209083e-01]
 [-1.05943181e+00  1.07554197e+00]
 [-3.17550099e+00  3.11806155e+00]
 [-2.18626032e-01  2.43735121e-01]
 [ 1.19121337e-01 -1.31046460e-01]
 [-3.56711093e-01  3.95369386e-01]
 [ 4.23399811e+00 -4.23221729e+00]
 [ 2.99716424e+00 -2.94310117e+00]
 [ 3.10917718e+00 -3.04538755e+00]
 [-2.50079910e+00  2.43698889e+00]
 [ 9.43581724e-01 -9.65317755e-01]
 [-6.67204380e-01  6.17389412e-01]
 [-2.06202403e-01  2.04033916e-01]
 [ 1.12312569e+00 -1.09597598e+00]
 [-1.44021162e+00  1.45181546e+00]
 [-2.47039139e+00  2.48813794e+00]
 [-1.80331943e+00  1.79061196e+00]
 [ 1.27901650e+00 -1.24457288e+00]
 [ 3.29000384e+00 -3.17310535e+00]
 [-1.76292315e+00  1.76959374e+00]
 [-3.63370178e+00  3.64543503e+00]
 [-4.51243519e-01  4.15371323e-01]
 [-8.67681355e-01  9.28141629e-01]
 [ 1.03510509e+00 -1.05934235e+00]
 [-1.29323761e+00  1.31239415e+00]
 [ 2.21246979e+00 -2.13828541e+00]
 [-2.99750374e+00  3.06153727e+00]
 [ 2.42610230e+00 -2.43613337e+00]
 [ 3.83268095e-02 -5.05557803e-02]
 [ 1.32844343e-01 -1.04657312e-01]
 [ 1.81044242e+00 -1.80390142e+00]
 [-1.05374422e+00  1.06263748e+00]
 [-2.07652081e-01  2.37372825e-01]
 [ 1.65347255e+00 -1.67527400e+00]
 [-4.98165373e-01  5.93593378e-01]
 [-7.25645848e-01  6.81256410e-01]
 [ 3.23241519e+00 -3.33140200e+00]
 [ 6.88698217e+00 -6.69492569e+00]
 [-2.02899802e+00  1.99112814e+00]
 [-3.26794105e+00  3.23561609e+00]
 [-3.03529682e+00  2.99903779e+00]
 [ 7.26250954e-01 -7.28626534e-01]
 [ 1.40238044e+00 -1.33761073e+00]
 [-3.55745433e+00  3.58416059e+00]
 [ 1.51619317e+00 -1.49973690e+00]
 [ 2.20597124e+00 -2.21701218e+00]
 [ 2.76946443e+00 -2.78087341e+00]
 [-4.42532790e-02  2.13521026e-02]
 [ 1.44090847e-01 -1.48628449e-01]
 [-6.60429529e+00  6.60715871e+00]
 [-2.14481917e+00  2.08803481e+00]
 [-2.81682608e-01  2.34924062e-01]
 [ 2.59537509e+00 -2.56306773e+00]
 [-1.52574328e+00  1.50585465e+00]
 [-3.53074750e+00  3.54507262e+00]
 [-3.17734130e+00  3.14847771e+00]
 [ 5.18242899e-01 -4.95643244e-01]
 [-3.85302230e+00  3.82948351e+00]
 [ 5.98595669e-01 -6.63471391e-01]
 [ 2.60028851e+00 -2.50591012e+00]
 [-7.87864468e-01  7.86695431e-01]
 [ 2.02571801e-01 -2.01520234e-01]
 [ 2.44789774e+00 -2.49659724e+00]
 [-9.70318295e-01  1.03984091e+00]
 [-2.22048171e+00  2.25227259e+00]
 [ 4.92526457e-01 -4.76290635e-01]
 [-1.50270389e+00  1.52929979e+00]
 [-1.15120862e+00  1.19637730e+00]
 [ 1.87578395e+00 -1.83231285e+00]
 [ 8.60044353e+00 -8.53490361e+00]
 [ 3.83094910e+00 -3.72776608e+00]
 [ 2.33630285e+00 -2.25482377e+00]
 [-6.90490379e+00  6.81873519e+00]
 [ 1.02270334e+00 -1.01629321e+00]
 [ 7.24991920e-01 -7.62213868e-01]
 [-7.45164800e+00  7.43399152e+00]
 [ 3.02976429e+00 -2.98781058e+00]
 [ 1.43336032e+00 -1.42305941e+00]
 [ 7.04641657e-01 -7.17439982e-01]
 [-7.90090077e-01  7.86407544e-01]
 [ 1.67621563e-01 -8.08164574e-02]
 [-2.28212275e-01  2.06209471e-01]
 [-5.31105055e-01  4.80850280e-01]
 [ 4.77188915e-01 -4.32804210e-01]
 [ 8.78985008e-01 -8.69210312e-01]
 [-9.17150799e-01  1.01169272e+00]
 [-2.06148740e-01  1.95079764e-01]
 [-7.43189718e-01  7.75257116e-01]
 [-2.88327157e+00  2.89922543e+00]
 [-1.67897323e+00  1.67978538e+00]
 [-1.64175397e+00  1.67957168e+00]
 [ 4.66405649e+00 -4.55816777e+00]
 [ 3.06057394e-01 -3.37441552e-01]
 [-1.34620675e-01  1.60658504e-01]
 [-6.67273962e+00  6.56395171e+00]
 [-2.48104633e+00  2.50749291e+00]
 [ 4.02959580e+00 -3.96121532e+00]
 [ 6.15520785e-01 -5.97099881e-01]
 [-5.19108691e-01  4.90663251e-01]
 [ 1.18856665e+00 -1.21695248e+00]
 [-1.35028602e+00  1.40325373e+00]
 [-3.35941927e+00  3.34509641e+00]
 [ 4.86657082e+00 -4.83778361e+00]
 [-8.36212577e-02  6.34594074e-02]
 [-7.36235117e-01  7.28388432e-01]
 [ 2.74478023e+00 -2.72710752e+00]
 [ 4.90358203e-01 -4.19372747e-01]
 [ 1.89033338e+00 -1.81324636e+00]
 [ 3.53277474e-01 -3.60977985e-01]
 [-7.90094547e+00  7.96619012e+00]
 [-1.54211473e+00  1.54825132e+00]
 [ 3.32102883e-02  2.96409199e-02]
 [-8.19996350e+00  8.19954939e+00]
 [-1.30560729e+00  1.28033450e+00]
 [-3.06561674e+00  3.04125622e+00]
 [-2.29493405e+00  2.29060524e+00]
 [ 1.33925948e+00 -1.26806331e+00]
 [-3.03485438e+00  3.08389413e+00]
 [ 3.13265283e+00 -3.12425016e+00]
 [-2.43841772e+00  2.47443859e+00]
 [-9.13346899e-01  9.53667922e-01]
 [-3.18471450e+00  3.10621740e+00]
 [ 5.45686279e-01 -5.76640444e-01]
 [-1.31640285e+00  1.32007724e+00]
 [ 4.71443918e-01 -4.48465932e-01]
 [ 2.92506723e+00 -2.88623083e+00]
 [ 1.89065216e+00 -1.83261960e+00]
 [ 1.00543171e+00 -1.03392958e+00]
 [ 2.58959086e-01 -2.65007137e-01]
 [ 1.32129935e+00 -1.28666453e+00]
 [ 1.83990378e-01 -2.06927748e-01]
 [-1.47537064e+00  1.44378458e+00]
 [-5.70328730e-01  6.00343298e-01]
 [ 1.39536084e+00 -1.42471980e+00]
 [-7.72426975e-01  7.80942446e-01]
 [-4.99891013e-01  4.75912788e-01]
 [ 2.35700241e+00 -2.35095089e+00]
 [-5.67255049e+00  5.62963833e+00]
 [-1.14667004e+00  1.17708624e+00]
 [ 2.64587346e+00 -2.62370494e+00]
 [-2.06046299e+00  2.02193765e+00]
 [ 3.92735475e-01 -4.26126841e-01]
 [-1.52592811e+00  1.52650142e+00]
 [ 6.99030269e-01 -6.52864540e-01]
 [-2.14078492e-01  2.27163796e-01]
 [ 2.79384721e-01 -2.89166438e-01]
 [-4.17598349e-01  3.77853513e-01]
 [-5.99473236e+00  5.97428183e+00]
 [ 2.51617210e-01 -2.63409432e-01]
 [ 8.79558262e-03  2.82107710e-02]
 [ 4.06766553e+00 -4.08302587e+00]
 [-8.78520837e-01  8.99362241e-01]
 [ 4.15744166e-02 -4.91944606e-02]
 [-2.96249368e+00  2.93741505e+00]
 [ 3.04895524e+00 -2.98332816e+00]
 [-7.55486809e+00  7.43794207e+00]
 [-9.20028662e-01  9.11536608e-01]
 [-1.06245035e-01  8.44585978e-02]
 [-3.95267680e+00  3.92566752e+00]
 [ 2.67175260e-01 -2.90243778e-01]
 [ 5.56299690e-01 -5.46018569e-01]
 [ 1.22711859e+00 -1.23512725e+00]
 [ 2.82599790e+00 -2.81978688e+00]
 [-1.89470923e+00  1.87829870e+00]
 [ 3.70250142e+00 -3.75364431e+00]
 [-1.05241085e+00  1.00986531e+00]
 [-1.91648436e+00  1.91265876e+00]
 [ 2.37085605e-01 -2.17698469e-01]
 [ 3.15886215e+00 -3.05419163e+00]
 [-4.41762044e+00  4.37842712e+00]
 [ 2.64252127e+00 -2.58111138e+00]
 [-9.60070569e-01  9.96536359e-01]
 [-2.46792451e-01  2.51248659e-01]
 [-2.99552692e+00  2.98212118e+00]
 [-1.82119176e+00  1.85017854e+00]
 [ 5.37925669e-01 -6.04886879e-01]
 [ 2.22561490e+00 -2.12348466e+00]
 [ 4.33930537e+00 -4.30140216e+00]
 [ 1.92907905e+00 -1.97671401e+00]
 [ 5.31399378e+00 -5.26565759e+00]
 [-2.04168877e+00  2.01225493e+00]
 [-5.47559611e-01  5.96531564e-01]
 [ 2.96716304e+00 -2.94665608e+00]
 [-1.93811804e+00  1.94318578e+00]
 [ 2.42069635e-01 -3.03418705e-01]
 [ 2.37552730e+00 -2.35834286e+00]
 [ 1.02856337e+01 -1.00032991e+01]
 [ 5.34404632e-01 -5.28491138e-01]
 [ 1.72675514e+00 -1.69801179e+00]
 [ 2.12502702e+00 -2.10450915e+00]
 [ 3.63850770e+00 -3.57492688e+00]
 [ 6.78030901e-01 -6.86246796e-01]
 [ 1.31103838e+00 -1.27446617e+00]
 [ 1.11510012e+00 -1.06497000e+00]
 [ 3.72050021e+00 -3.70314802e+00]]