[[ 1.12030583e+00 -1.10722824e+00]
 [ 5.37172760e+00 -5.30793552e+00]
 [ 3.40429178e+00 -3.42007094e+00]
 [ 1.64717006e+00 -1.62872874e+00]
 [-1.49587821e+00  1.60160469e+00]
 [-7.06312555e+00  7.07130152e+00]
 [-1.62229711e+00  1.61090928e+00]
 [-1.64178397e+00  1.58705605e+00]
 [ 3.37636210e+00 -3.36584806e+00]
 [ 1.85669202e+00 -1.80358359e+00]
 [-5.54945417e-01  5.81629455e-01]
 [-1.34936010e+00  1.30244266e+00]
 [-3.93459091e+00  3.98201471e+00]
 [-1.46245617e-02  5.28411976e-03]
 [-2.33124890e+00  2.36626804e+00]
 [ 8.57244370e-01 -8.16073505e-01]
 [ 2.50840742e+00 -2.46734122e+00]
 [-1.00160285e+01  9.97202055e+00]
 [-1.15899214e+00  1.14650121e+00]
 [ 3.51750982e+00 -3.51045333e+00]
 [ 1.68662952e+00 -1.69670606e+00]
 [ 5.84429659e+00 -5.75347491e+00]
 [ 1.08085506e-01 -1.41731511e-01]
 [ 7.20030131e+00 -7.19349408e+00]
 [ 4.40594079e+00 -4.33215546e+00]
 [-4.62354594e+00  4.59037817e+00]
 [-5.06397993e-01  5.06031009e-01]
 [ 3.54787546e+00 -3.62762411e+00]
 [-1.83944741e+00  1.86853344e+00]
 [-1.87812609e+00  1.84907144e+00]
 [-3.14524253e+00  3.22356242e+00]
 [ 2.71622982e+00 -2.69626967e+00]
 [-2.91893771e+00  2.93795003e+00]
 [-6.42537846e-01  6.89844595e-01]
 [-4.54843475e-01  4.84314743e-01]
 [-1.11468423e+00  1.15850990e+00]
 [ 3.37423512e+00 -3.32930043e+00]
 [ 1.83831146e+00 -1.84204974e+00]
 [ 2.08916663e+00 -2.03100345e+00]
 [ 1.76330059e+00 -1.72692432e+00]
 [ 1.34329104e+00 -1.29715365e+00]
 [-1.80372007e+00  1.84376976e+00]
 [ 7.14812764e-01 -6.51272594e-01]
 [-3.24414591e+00  3.23288284e+00]
 [ 1.00676533e+00 -9.99023162e-01]
 [-1.18334920e+00  1.21791069e+00]
 [-4.69012230e+00  4.64799441e+00]
 [ 3.60704819e+00 -3.64406870e+00]
 [ 2.14149699e+00 -2.13337650e+00]
 [-1.35171922e+00  1.39297472e+00]
 [ 3.73603116e+00 -3.73004735e+00]
 [ 1.56051882e+00 -1.48348101e+00]
 [ 1.50222181e+00 -1.43012735e+00]
 [-1.69646030e+00  1.68776700e+00]
 [-5.37814189e+00  5.39469074e+00]
 [-2.36423624e+00  2.35816191e+00]
 [-2.53065752e+00  2.52181994e+00]
 [ 1.77940355e+00 -1.72005044e+00]
 [ 3.25649273e+00 -3.22101658e+00]
 [ 4.62017235e+00 -4.67047284e+00]
 [-3.31972288e+00  3.25470416e+00]
 [ 1.00859553e+00 -9.73301457e-01]
 [ 2.03719032e+00 -1.98368641e+00]
 [ 6.10064307e+00 -5.99208088e+00]
 [-2.23464393e+00  2.20331258e+00]
 [ 1.90040612e+00 -1.87945278e+00]
 [-4.94449336e+00  4.90145345e+00]
 [-7.08963574e+00  7.09578049e+00]
 [-5.69727190e-01  5.83237195e-01]
 [ 5.72113569e+00 -5.66787864e+00]
 [-1.58996460e+00  1.56727771e+00]
 [-4.86603922e+00  4.87526329e+00]
 [ 1.11426236e+00 -1.06356668e+00]
 [ 1.12522615e-01 -1.48671931e-01]
 [-3.69310350e+00  3.70956285e+00]
 [-2.68259134e+00  2.68168553e+00]
 [ 5.44388337e-01 -5.20708046e-01]
 [-7.45598554e-01  7.72626590e-01]
 [ 2.12036898e+00 -2.08498448e+00]
 [ 1.92256271e-01 -2.30075451e-01]
 [ 1.40315989e+00 -1.40459959e+00]
 [-1.24729432e+00  1.28880429e+00]
 [-1.41338859e+00  1.38672007e+00]
 [-5.87318013e-02  3.39603118e-02]
 [ 3.95960449e-01 -4.48429802e-01]
 [ 4.85651589e+00 -4.84231731e+00]
 [-3.85505914e+00  3.86765768e+00]
 [-4.19997022e+00  4.15436113e+00]
 [-7.20149360e-01  7.34977587e-01]
 [-2.72501229e+00  2.69367883e+00]
 [-4.27100739e+00  4.29568357e+00]
 [ 2.36990865e+00 -2.38105998e+00]
 [-2.26985923e+00  2.25318148e+00]
 [-6.36544629e+00  6.41724533e+00]
 [ 1.66306500e-01 -1.68506996e-01]
 [ 1.77238221e-01 -1.70200344e-01]
 [ 7.84191110e-01 -7.55149512e-01]
 [-8.22066339e-01  7.55102300e-01]
 [ 7.74422752e+00 -7.75951599e+00]
 [ 5.94367725e+00 -5.87518579e+00]
 [ 3.47480281e+00 -3.47804711e+00]
 [-5.81534819e+00  5.85030435e+00]
 [-1.39391416e+00  1.35622370e+00]
 [-2.90547029e+00  2.88259013e+00]
 [ 8.42939262e-01 -8.54395808e-01]
 [ 3.09058671e+00 -3.10028384e+00]
 [ 2.21802901e+00 -2.15929709e+00]
 [-3.23208695e+00  3.23681985e+00]
 [-9.15000612e+00  9.15749166e+00]
 [-3.33880368e+00  3.22348934e+00]
 [-1.11693011e+00  1.16619631e+00]
 [ 2.88479522e+00 -2.92382680e+00]
 [ 1.12823044e+00 -1.13062195e+00]
 [ 5.35544105e-01 -4.70989784e-01]
 [ 2.39391201e+00 -2.38210174e+00]
 [ 5.32625144e+00 -5.20959136e+00]
 [-9.24939975e-02  1.02568901e-01]
 [-2.39426142e+00  2.37516091e+00]
 [ 3.36981505e+00 -3.40437980e+00]
 [ 1.27306792e+00 -1.20671927e+00]
 [ 6.59608072e+00 -6.54950538e+00]
 [ 3.59310467e-01 -3.56558839e-01]
 [-2.31057801e+00  2.29956724e+00]
 [ 5.04391149e+00 -5.02106299e+00]
 [-3.22831896e+00  3.24757863e+00]
 [-6.48827214e-01  6.37564616e-01]
 [ 7.45616111e-01 -7.55535030e-01]
 [ 1.83342813e+00 -1.89661654e+00]
 [ 3.00991642e+00 -2.98227360e+00]
 [-4.75605199e-01  4.62882780e-01]
 [ 6.60709014e-02 -1.02405235e-01]
 [ 4.30547382e+00 -4.34915081e+00]
 [-5.88202155e-01  6.48258044e-01]
 [-1.23963977e+00  1.26294903e+00]
 [ 1.07197580e+00 -1.11302517e+00]
 [ 1.40135622e+00 -1.36849114e+00]
 [-9.43575661e-01  9.67350233e-01]
 [ 3.01783246e+00 -2.98098399e+00]
 [ 9.15795745e-01 -9.63180543e-01]
 [ 1.74955098e-01 -1.37302334e-01]
 [ 4.98701058e-01 -4.63860975e-01]
 [ 1.39386974e+00 -1.42890383e+00]
 [ 4.60317629e-01 -4.68729154e-01]
 [ 6.17266018e+00 -6.19041200e+00]
 [-6.29809550e-01  6.56400249e-01]
 [ 1.30894967e+00 -1.26622412e+00]
 [ 2.01955505e+00 -2.02890600e+00]
 [-2.78608417e+00  2.80290334e+00]
 [-2.76801623e+00  2.84485968e+00]
 [ 1.40700523e-03  2.29112993e-02]
 [ 2.60979538e+00 -2.58000593e+00]
 [-1.47969924e+00  1.45338097e+00]
 [-2.34665091e+00  2.37895902e+00]
 [-5.99884917e+00  6.03948747e+00]
 [ 2.89275409e+00 -2.91531586e+00]
 [ 3.66506720e+00 -3.68573751e+00]
 [-8.49862044e-01  8.26992921e-01]
 [ 2.51013498e+00 -2.47955739e+00]
 [ 2.55622395e-01 -1.98594330e-01]
 [ 6.54950886e+00 -6.58835523e+00]
 [ 5.59826100e+00 -5.58971952e+00]
 [ 5.84748404e+00 -5.85629682e+00]
 [ 2.71643628e+00 -2.70568177e+00]
 [-3.98078787e+00  3.96366023e+00]
 [ 2.70604862e+00 -2.71195824e+00]
 [-3.91354032e+00  3.86509674e+00]
 [-8.77086021e+00  8.78938780e+00]
 [-5.53057076e+00  5.55375617e+00]
 [ 4.39093852e+00 -4.37818838e+00]
 [ 4.91463179e+00 -4.86836921e+00]
 [-1.44059193e+00  1.44722021e+00]
 [-4.58247111e+00  4.62257853e+00]
 [-2.76807407e+00  2.70704238e+00]
 [-9.52141755e-01  9.43964610e-01]
 [ 3.13012889e-01 -2.72808413e-01]
 [-5.56698896e+00  5.59900761e+00]
 [-2.87177163e+00  2.83110736e+00]
 [ 5.82220404e-01 -5.41742013e-01]
 [-5.65814910e+00  5.67146566e+00]
 [-9.70886634e-01  9.87395869e-01]
 [-3.99277130e+00  3.98331409e+00]
 [ 1.81116295e+00 -1.77786891e+00]
 [ 6.65219526e+00 -6.60298531e+00]
 [-3.02516022e+00  3.03908848e+00]
 [-5.10261399e-01  5.11447180e-01]
 [ 6.65803847e-01 -6.21545875e-01]
 [-1.93341682e+00  1.92225536e+00]
 [ 4.49005077e+00 -4.49786936e+00]
 [ 7.16781832e-01 -6.87207213e-01]
 [ 4.34892587e+00 -4.31545687e+00]
 [-2.14791192e+00  2.12910746e+00]
 [-4.63979883e+00  4.63057579e+00]
 [ 4.06993456e+00 -4.08888804e+00]
 [-5.42165765e+00  5.37601320e+00]
 [-2.03795879e+00  2.05262506e+00]
 [-3.90837277e-01  4.44089154e-01]
 [-2.83744931e+00  2.88801750e+00]
 [ 1.41899698e+00 -1.38504765e+00]
 [ 2.88278781e+00 -2.87061421e+00]
 [-3.45127774e+00  3.47738515e+00]]