[[-2.77915410e-01  2.75831782e-01]
 [ 1.54398314e-01 -1.45292147e-01]
 [-1.76307990e-01  1.92209770e-01]
 [-8.78353150e-02  9.75687283e-02]
 [ 2.54312441e-01 -2.47718642e-01]
 [ 3.23406167e-01 -3.15714719e-01]
 [ 4.35334895e-02 -4.05015833e-02]
 [-1.50647521e-01  1.52026773e-01]
 [-3.97410080e-01  4.05447010e-01]
 [-2.56759659e-01  2.74740305e-01]
 [-1.54959993e-02  2.73739182e-02]
 [-1.67989026e-01  1.76292855e-01]
 [-8.49081897e-02  8.71800905e-02]
 [-2.82320049e-02  3.20099403e-02]
 [-1.50777339e-01  1.59666726e-01]
 [ 1.24156332e-01 -1.18449131e-01]
 [-8.62163002e-02  8.36485955e-02]
 [-4.92434124e-02  5.80469301e-02]
 [-1.78019972e-01  1.86170308e-01]
 [ 2.77043652e-01 -2.73246428e-01]
 [ 2.06803256e-01 -1.93808228e-01]
 [-3.35830614e-01  3.52470334e-01]
 [ 6.55401152e-02 -5.52696579e-02]
 [-1.22446521e-01  1.24035854e-01]
 [-2.53950262e-01  2.70449214e-01]
 [ 8.80214166e-02 -7.66701164e-02]
 [ 5.08708462e-01 -5.18175718e-01]
 [ 2.37342335e-01 -2.23184351e-01]
 [-1.99339593e-01  2.04385062e-01]
 [ 1.50754928e-01 -1.44092852e-01]
 [-8.40958874e-02  8.90622957e-02]
 [-2.18529344e-01  2.18823752e-01]
 [ 7.93564771e-02 -7.03063558e-02]
 [-1.80176493e-01  1.88099825e-01]
 [ 2.56853917e-02 -2.65547198e-02]
 [-1.29769527e-01  1.31785416e-01]
 [-2.95446558e-01  2.99643276e-01]
 [ 7.45160888e-01 -7.37854578e-01]
 [ 1.07115232e-01 -1.07365477e-01]
 [-1.18095790e-03  9.26264314e-03]
 [-2.00270111e-01  2.10100614e-01]
 [ 1.22771006e-01 -1.05616864e-01]
 [ 2.03880925e-01 -1.97643725e-01]
 [ 7.02688256e-02 -5.99049951e-02]
 [ 1.21614024e-02 -7.49891766e-04]
 [ 6.64932398e-02 -7.01246051e-02]
 [ 3.61350960e-01 -3.61522378e-01]
 [-3.00213928e-01  2.98299323e-01]
 [ 7.21047612e-02 -6.75782516e-02]
 [-4.20200853e-02  6.05381129e-02]
 [-2.87508937e-01  2.93491485e-01]
 [-7.50850278e-03  1.75230574e-02]
 [ 4.77055918e-02 -4.69421246e-02]
 [-2.86974484e-02  4.66391958e-02]
 [ 3.22044542e-02 -1.31579966e-02]
 [ 1.81729569e-02 -1.17663161e-02]
 [-4.58455545e-01  4.72926302e-01]
 [-2.45708142e-02  2.18847801e-02]
 [-2.12319451e-01  2.23743523e-01]
 [ 1.19252898e-01 -1.20607784e-01]
 [ 5.85863432e-01 -5.76151263e-01]
 [-1.79971816e-01  1.97320558e-01]
 [-1.15046691e-02  1.51636486e-02]
 [-2.70553668e-01  2.68786194e-01]
 [-7.34060404e-02  8.62327614e-02]
 [-1.56851467e-01  1.68684716e-01]
 [-1.88388095e-01  1.95858906e-01]
 [ 2.48867727e-01 -2.45649496e-01]
 [ 2.56153271e-01 -2.52562139e-01]
 [-1.12920406e-01  1.27853164e-01]
 [-3.09323196e-01  3.21540189e-01]
 [ 3.28014640e-01 -3.20850984e-01]
 [ 1.41722943e-01 -1.29156235e-01]
 [-4.07098053e-01  4.13116175e-01]
 [-4.10257355e-01  4.24897627e-01]
 [ 2.58735390e-02 -2.37095606e-02]
 [-4.86928645e-01  5.05101170e-01]
 [-3.34058176e-01  3.41744615e-01]
 [ 7.20162109e-02 -6.51757532e-02]
 [ 9.20752237e-02 -8.34902359e-02]
 [ 1.90202493e-01 -1.82085808e-01]
 [-2.34339348e-01  2.47270053e-01]
 [ 3.13598896e-01 -3.10823290e-01]
 [-1.81753678e-02  2.99699927e-02]
 [ 1.56060135e-01 -1.38202082e-01]
 [-1.56074536e-01  1.68967485e-01]
 [ 4.53045996e-02 -3.03382194e-02]
 [-1.92919390e-01  1.98415951e-01]
 [-1.51833766e-01  1.58415632e-01]
 [ 3.09127719e-01 -3.04510330e-01]
 [-1.87251858e-01  1.98172365e-01]
 [-1.56108087e-01  1.60780681e-01]
 [-3.01393185e-01  3.13200158e-01]
 [ 1.96622500e-02 -9.60152270e-03]
 [-1.57374004e-04  7.01671497e-03]
 [ 3.01149905e-01 -2.98440211e-01]
 [-2.69933827e-01  2.85627285e-01]
 [-4.53594748e-02  6.01311415e-02]
 [ 2.76449396e-01 -2.62169643e-01]
 [ 1.36074142e-01 -1.31843467e-01]
 [-6.03156568e-02  7.22704931e-02]
 [ 2.37564265e-01 -2.33729825e-01]
 [-7.04558537e-02  7.64187661e-02]
 [-1.83404418e-01  1.88150810e-01]
 [-4.01551125e-01  4.10373843e-01]
 [-1.47829754e-01  1.46808417e-01]
 [ 3.79083474e-01 -3.73409456e-01]
 [-1.87938286e-01  1.94769062e-01]
 [ 7.47741151e-02 -7.00604990e-02]
 [ 2.40584024e-01 -2.36220739e-01]
 [-7.29929428e-02  8.99614586e-02]
 [ 1.49062272e-01 -1.38772698e-01]
 [ 1.79880944e-01 -1.73864483e-01]
 [ 5.39832016e-01 -5.33097189e-01]
 [ 1.09509420e-01 -9.67232491e-02]
 [-1.86645955e-02  2.13412059e-02]
 [-2.32857376e-01  2.37319254e-01]
 [ 5.32709142e-01 -5.32892286e-01]
 [ 5.87462196e-02 -6.28659354e-02]
 [-2.02987990e-01  2.04708692e-01]
 [-4.85914869e-02  4.94067431e-02]
 [-3.13210515e-01  3.26180264e-01]
 [ 2.20576849e-01 -2.22702659e-01]
 [ 2.08342565e-01 -2.01644550e-01]
 [ 2.62385336e-01 -2.56516013e-01]
 [ 3.75727018e-01 -3.65453944e-01]
 [ 3.55205225e-02 -3.44951179e-02]
 [-2.00145450e-01  2.00801533e-01]
 [-4.12352217e-01  4.20545792e-01]
 [ 5.39839771e-01 -5.34451644e-01]
 [-1.35145296e-02  3.29796919e-02]
 [-4.46331059e-02  5.01207987e-02]
 [ 4.59487069e-01 -4.51638635e-01]
 [-8.00479400e-02  8.92905865e-02]
 [-1.88832912e-01  1.91522564e-01]
 [ 1.12592021e-01 -1.02906025e-01]
 [ 6.38056193e-02 -6.84948466e-02]
 [ 1.23790473e-01 -1.23150856e-01]
 [-3.30738756e-01  3.27500417e-01]
 [-9.88300730e-02  1.02559297e-01]
 [ 2.02373223e-01 -1.92941833e-01]
 [-4.80671242e-02  5.82211422e-02]
 [ 2.92948724e-01 -2.84478996e-01]
 [-3.18259318e-01  3.25678397e-01]
 [-4.17921322e-01  4.26170593e-01]
 [ 1.63795202e-01 -1.54849423e-01]
 [-6.94765977e-02  9.08839155e-02]
 [-6.96741054e-02  7.56927897e-02]
 [-1.08824158e-01  1.09528620e-01]
 [ 2.51814973e-01 -2.42947940e-01]
 [ 1.29387612e-02 -1.20956188e-02]
 [-1.17337635e-01  1.36553540e-01]
 [ 5.26256164e-02 -3.53290552e-02]
 [ 1.23875713e-02 -1.42882134e-02]
 [ 4.14436732e-02 -3.70072265e-02]
 [ 1.40400778e-01 -1.37008238e-01]
 [ 6.42898669e-02 -5.42140384e-02]
 [ 1.18048578e-01 -1.08987383e-01]
 [-7.60786342e-02  8.27846285e-02]
 [-4.08166682e-02  5.05459215e-02]
 [-1.43344016e-01  1.60883152e-01]
 [-1.19789057e-02  1.02190464e-02]
 [ 2.85483923e-01 -2.79420631e-01]
 [ 2.38387369e-01 -2.31499425e-01]
 [-7.79583858e-02  8.50892580e-02]
 [ 1.26321360e-01 -1.17655350e-01]
 [ 5.27516358e-01 -5.25593995e-01]
 [ 3.64295132e-01 -3.52072311e-01]
 [ 1.95162504e-01 -1.85888947e-01]
 [-1.63168122e-02  2.33704818e-02]
 [ 2.00157967e-02 -1.23888995e-02]
 [ 6.65061817e-02 -5.57695993e-02]
 [-1.86871671e-01  1.96845069e-01]
 [ 3.14059429e-01 -3.13347954e-01]
 [-2.05392307e-01  2.17811106e-01]
 [ 3.88914048e-01 -3.88101667e-01]
 [ 2.78222827e-01 -2.70795283e-01]
 [ 2.74174567e-01 -2.67433334e-01]
 [-4.58185869e-01  4.65835729e-01]
 [ 1.76648362e-01 -1.61346832e-01]
 [-8.61469219e-02  1.00118337e-01]
 [ 1.59139393e-01 -1.52134779e-01]
 [-1.94036842e-01  1.99404778e-01]
 [ 4.39320482e-02 -3.90414869e-02]
 [ 2.32705089e-01 -2.25337843e-01]
 [-6.21358693e-02  6.96898269e-02]
 [-3.51733713e-01  3.63288494e-01]
 [ 2.73876264e-02 -3.04439820e-02]
 [ 3.49110403e-01 -3.42857404e-01]
 [-7.37924384e-01  7.50216246e-01]
 [ 4.30831096e-02 -3.75899076e-02]
 [ 1.54092813e-01 -1.42561528e-01]
 [-1.27798915e-02  1.11301682e-02]
 [ 2.66460622e-01 -2.58950647e-01]
 [-3.18120345e-01  3.18054719e-01]
 [-8.77686565e-02  8.95536131e-02]
 [-3.90938401e-01  3.98505040e-01]
 [ 1.87383471e-01 -1.82276281e-01]
 [-1.11407868e-01  1.09578357e-01]
 [-1.83062369e-02  2.94183824e-02]
 [ 1.62984664e-01 -1.52355080e-01]
 [-2.18414266e-01  2.24764877e-01]
 [ 2.53273819e-01 -2.50262470e-01]
 [ 7.96274453e-02 -7.61299768e-02]
 [-2.13648158e-01  2.23971949e-01]
 [ 2.04567860e-02 -1.26567958e-02]
 [-4.09081449e-02  4.81597883e-02]
 [ 1.12961670e-01 -1.09315661e-01]
 [-4.62820381e-02  5.01956497e-02]
 [-2.48425822e-01  2.60179614e-01]
 [ 2.40453960e-01 -2.42346473e-01]
 [-7.88886320e-02  8.18657932e-02]
 [ 5.88788530e-01 -5.91853359e-01]
 [-7.54127282e-02  8.40678717e-02]
 [-1.46658958e-01  1.49993048e-01]
 [-2.83671396e-03  1.19829638e-02]
 [-7.19398865e-02  9.01156799e-02]
 [-5.87647061e-02  6.05491940e-02]
 [-3.89065096e-01  4.04810460e-01]
 [ 1.97285446e-01 -1.89441361e-01]
 [-8.14398471e-03  1.42845848e-02]
 [-3.62478496e-01  3.68163158e-01]
 [-3.70624283e-02  4.34487427e-02]
 [ 5.91393396e-01 -5.89678340e-01]
 [ 4.51861151e-02 -3.47124527e-02]
 [-9.40060088e-02  1.11979184e-01]
 [ 3.07973426e-01 -3.02742861e-01]
 [-1.18453262e-01  1.22391510e-01]
 [-1.95534439e-01  1.98295642e-01]
 [ 2.96845713e-01 -2.84345721e-01]
 [-2.90090808e-01  3.04271711e-01]
 [ 1.33161688e-01 -1.36250170e-01]
 [ 3.20966153e-01 -3.11241831e-01]
 [ 3.34431253e-02 -2.34390741e-02]
 [ 1.82462556e-01 -1.81280666e-01]
 [ 3.99626762e-02 -3.62326794e-02]
 [-1.24253084e-01  1.33982311e-01]
 [ 1.74298522e-01 -1.68445588e-01]
 [ 2.75057665e-01 -2.75120932e-01]
 [ 5.98288286e-01 -5.95985524e-01]
 [ 2.80828248e-01 -2.69274932e-01]
 [ 7.75324633e-02 -7.54962803e-02]
 [-2.79381727e-01  2.89219370e-01]
 [-3.82023447e-02  4.42706295e-02]
 [ 1.71322647e-01 -1.74111933e-01]
 [-2.15100580e-01  2.20698585e-01]
 [-7.95269939e-02  8.32942447e-02]
 [-1.80071481e-01  1.81375157e-01]
 [ 1.51268848e-02 -9.08100080e-03]
 [ 1.33529080e-02  2.66110110e-03]]