[[-5.36427572e+02  5.36438568e+02]
 [-2.92704937e+02  2.92709408e+02]
 [ 9.39411024e+01 -9.39327151e+01]
 [ 1.43623153e+02 -1.43635800e+02]
 [ 4.67477989e+02 -4.67453436e+02]
 [ 9.16902321e+01 -9.16907573e+01]
 [ 1.10006173e+02 -1.09996900e+02]
 [-1.95687270e+01  1.95555636e+01]
 [-4.95404769e+02  4.95408641e+02]
 [-3.52349871e+02  3.52367934e+02]
 [ 1.89542366e+02 -1.89540505e+02]
 [-2.73192017e+02  2.73190971e+02]
 [ 1.65030070e+02 -1.65025176e+02]
 [ 5.67911960e+01 -5.67571108e+01]
 [-2.61805427e+02  2.61830480e+02]
 [ 1.65592950e+02 -1.65595092e+02]
 [-8.12437438e+02  8.12456201e+02]
 [-1.08648795e+02  1.08647786e+02]
 [ 4.58451209e+02 -4.58436704e+02]
 [-4.70291006e+02  4.70299685e+02]
 [-2.66863293e+01  2.66942422e+01]
 [ 1.47578027e+02 -1.47578024e+02]
 [-2.10677886e+01  2.10702491e+01]
 [ 1.21230244e+02 -1.21207486e+02]
 [-6.49869296e+01  6.49842069e+01]
 [-3.71286698e+00  3.73707423e+00]
 [-5.15027911e+02  5.15041432e+02]
 [ 3.31538440e+02 -3.31528221e+02]
 [ 4.59182516e+01 -4.59084212e+01]
 [-2.75844320e+02  2.75857473e+02]
 [-3.13708527e+02  3.13710557e+02]
 [-5.35347984e+01  5.35489661e+01]
 [ 5.06123245e+02 -5.06129141e+02]
 [-1.75112854e+02  1.75131354e+02]
 [ 3.41440521e+02 -3.41426993e+02]
 [ 1.05307653e+02 -1.05309069e+02]
 [ 1.54527216e+02 -1.54508071e+02]
 [ 1.54373193e+02 -1.54370040e+02]
 [ 3.17333018e+02 -3.17333319e+02]
 [ 2.08584833e+02 -2.08568743e+02]
 [-4.88863484e+02  4.88862320e+02]
 [ 2.70563228e+02 -2.70581999e+02]
 [ 4.85598267e+01 -4.85741281e+01]
 [-4.48175449e+02  4.48182447e+02]
 [ 1.57803880e+02 -1.57795734e+02]
 [-1.34252126e+02  1.34262614e+02]
 [-1.15389748e+02  1.15408562e+02]
 [ 4.27904007e+02 -4.27902528e+02]
 [ 1.62056616e+02 -1.62035243e+02]
 [ 1.96900388e+02 -1.96876428e+02]
 [-1.86614176e+02  1.86626583e+02]
 [ 1.51617383e+02 -1.51611398e+02]
 [ 5.76707691e+02 -5.76706020e+02]
 [ 1.30805928e+02 -1.30776020e+02]
 [ 4.04912392e+01 -4.04833721e+01]
 [ 5.39275556e+02 -5.39282962e+02]
 [-1.36463316e+02  1.36468414e+02]
 [ 2.24664546e+01 -2.24601830e+01]
 [ 8.22927135e+01 -8.22789755e+01]
 [ 1.61995443e+02 -1.61985153e+02]
 [ 8.33173235e+01 -8.33166426e+01]
 [-1.02252684e+02  1.02259502e+02]
 [ 5.38756532e+02 -5.38766168e+02]
 [ 7.19200552e+01 -7.19197330e+01]
 [ 5.08802405e+02 -5.08784670e+02]
 [ 1.43906631e+02 -1.43910977e+02]
 [ 2.30232076e+02 -2.30229451e+02]
 [-4.62255439e+01  4.62537921e+01]
 [ 3.60833293e+02 -3.60801616e+02]
 [-5.27491587e+01  5.27393256e+01]
 [ 2.37842270e+02 -2.37855661e+02]
 [-3.10623831e+02  3.10627922e+02]
 [-1.14382793e+02  1.14404221e+02]
 [-2.12981881e+01  2.12892646e+01]
 [ 2.26617672e+02 -2.26595631e+02]
 [-1.72641464e+02  1.72659047e+02]
 [-1.67075276e+02  1.67065460e+02]
 [ 6.59619568e+02 -6.59608059e+02]
 [ 5.20103374e+02 -5.20091317e+02]
 [ 1.54222530e+02 -1.54216477e+02]
 [-3.09050762e+02  3.09071885e+02]
 [-4.18130531e+02  4.18131678e+02]
 [-2.85284807e+01  2.85283514e+01]
 [-2.73458633e+02  2.73455660e+02]
 [-2.47777624e+01  2.48024815e+01]
 [-2.92881611e+02  2.92890598e+02]
 [ 1.80746317e+02 -1.80743187e+02]
 [-1.65749584e+02  1.65760630e+02]
 [-2.29316301e+02  2.29318228e+02]
 [-2.66531094e+02  2.66525462e+02]
 [-2.61932112e-01  2.52941516e-01]
 [-3.48504911e+02  3.48497075e+02]
 [-2.11611055e+02  2.11609209e+02]
 [-1.21685991e+02  1.21689328e+02]
 [ 1.15171306e+02 -1.15140124e+02]
 [-2.34532754e+01  2.34378519e+01]
 [-5.47383135e+01  5.47462079e+01]
 [-3.25125972e+02  3.25126099e+02]
 [-3.41422277e+02  3.41422827e+02]
 [-1.10749191e+02  1.10765297e+02]
 [-2.51746697e+02  2.51757962e+02]
 [ 5.69657845e+01 -5.69565716e+01]
 [ 1.14695087e+02 -1.14687975e+02]
 [ 3.74027960e+01 -3.74012812e+01]
 [ 8.33267827e+01 -8.33181971e+01]
 [-3.06320638e+02  3.06320480e+02]
 [ 5.90486406e+02 -5.90481519e+02]
 [ 3.45072998e+01 -3.45015601e+01]
 [ 1.59314166e+02 -1.59308542e+02]
 [-1.46356146e+02  1.46356960e+02]
 [-3.51104392e+02  3.51127066e+02]
 [ 3.31203174e+02 -3.31189363e+02]
 [ 4.83701699e+02 -4.83706643e+02]
 [-6.66931074e+01  6.66840572e+01]
 [ 3.03960233e+01 -3.03965259e+01]
 [-9.39913362e+01  9.39812134e+01]
 [-3.28667673e+02  3.28663862e+02]
 [-9.73769515e+01  9.73947789e+01]
 [ 2.25430578e+02 -2.25415327e+02]
 [ 4.01353298e+01 -4.01340788e+01]
 [ 4.62249707e+02 -4.62248766e+02]
 [-1.64356397e+02  1.64348740e+02]
 [-1.06786612e+02  1.06785482e+02]
 [-4.30720163e+02  4.30726781e+02]
 [-1.67685239e+02  1.67704396e+02]
 [-7.22148147e+00  7.23532152e+00]
 [-8.91955338e+01  8.91944236e+01]
 [ 1.10487357e+02 -1.10481116e+02]
 [-7.98315008e+01  7.98317612e+01]
 [-4.70818172e+00  4.71035631e+00]
 [-3.94801895e+02  3.94809697e+02]
 [ 7.47710736e+01 -7.47732686e+01]
 [-2.93587013e+02  2.93594018e+02]
 [ 2.71222616e+02 -2.71213377e+02]
 [ 3.25822723e+02 -3.25834029e+02]
 [-1.59529639e+02  1.59532331e+02]
 [ 1.34029977e+02 -1.34033286e+02]
 [ 1.10672643e+02 -1.10659679e+02]
 [-2.46163287e+02  2.46165826e+02]
 [-1.44545451e+02  1.44552501e+02]
 [ 4.14374139e+02 -4.14370654e+02]
 [-1.34715917e+02  1.34724394e+02]
 [ 1.93651078e+02 -1.93637046e+02]
 [-7.33551897e+01  7.33613028e+01]
 [ 5.22239628e+02 -5.22239750e+02]
 [-1.44817387e+02  1.44835770e+02]
 [-4.57555634e+00  4.59344988e+00]
 [ 7.81538653e+01 -7.81516166e+01]
 [-4.98811500e+02  4.98819537e+02]
 [ 1.66100245e+01 -1.66019493e+01]
 [-2.27489121e+02  2.27507799e+02]
 [-3.11942860e+02  3.11951707e+02]
 [ 6.42006351e+02 -6.41996880e+02]
 [ 1.06542345e+02 -1.06545809e+02]
 [-3.22490650e+02  3.22487548e+02]
 [ 2.09782600e+01 -2.09760557e+01]
 [ 5.08683996e+02 -5.08689004e+02]
 [-5.74575864e+02  5.74581088e+02]
 [-7.25626987e+02  7.25638025e+02]
 [-9.67468978e+02  9.67473427e+02]
 [-4.95206176e+02  4.95208830e+02]
 [ 1.66178391e+02 -1.66165069e+02]
 [ 4.28119733e+01 -4.27961822e+01]
 [-5.62412267e+02  5.62421457e+02]
 [-1.15990676e+02  1.16000723e+02]
 [ 2.65999272e+02 -2.66000091e+02]
 [-4.10341483e+02  4.10365783e+02]
 [ 5.02446114e+01 -5.02256556e+01]
 [ 1.78731907e+02 -1.78707546e+02]
 [ 5.84371125e+02 -5.84376364e+02]
 [ 1.99274178e+02 -1.99257027e+02]
 [ 2.27249780e+01 -2.27151759e+01]
 [ 5.30586880e+02 -5.30576182e+02]
 [ 3.18070430e+02 -3.18062664e+02]
 [-2.18055273e+02  2.18060529e+02]
 [-3.20840524e+01  3.20849128e+01]
 [ 1.58438795e+02 -1.58405897e+02]
 [ 4.41062480e+02 -4.41048769e+02]
 [-1.04040872e+02  1.04035036e+02]
 [-9.59248089e+01  9.59193911e+01]
 [-2.21255359e+01  2.21293771e+01]
 [ 8.68461653e+01 -8.68454029e+01]
 [-9.04850011e+01  9.04788428e+01]
 [ 4.65284213e+02 -4.65285439e+02]
 [-1.80723550e+02  1.80724086e+02]
 [-1.26881225e+01  1.26968847e+01]
 [ 1.49980134e+02 -1.49970932e+02]
 [ 4.98472659e+01 -4.98605079e+01]
 [ 1.65644183e+02 -1.65636021e+02]
 [ 1.42399811e+02 -1.42408800e+02]
 [ 1.58669222e+02 -1.58654601e+02]
 [ 8.85974094e+01 -8.85786297e+01]
 [ 3.15449344e+02 -3.15436841e+02]
 [-2.55942341e+02  2.55934350e+02]
 [-6.60396374e+02  6.60393018e+02]
 [-6.76427179e+01  6.76367778e+01]
 [-2.37331708e+02  2.37343417e+02]
 [ 3.25247627e+02 -3.25232407e+02]
 [ 3.42596024e+02 -3.42586152e+02]
 [-1.78745082e+02  1.78777281e+02]
 [ 9.51996685e+01 -9.51962819e+01]
 [ 1.22460552e+02 -1.22452382e+02]
 [-4.20428547e+01  4.20514011e+01]
 [-1.29283312e+02  1.29291110e+02]
 [ 2.42163770e+02 -2.42168031e+02]
 [-7.64697118e+01  7.64788556e+01]
 [-6.59629977e+01  6.59663419e+01]
 [ 1.03849677e+02 -1.03845538e+02]
 [ 2.97489840e+02 -2.97485890e+02]
 [-2.57712107e+02  2.57718203e+02]
 [-2.67585660e+02  2.67583061e+02]
 [ 2.70453559e+02 -2.70439326e+02]
 [-7.64596287e+01  7.64591576e+01]
 [ 5.43884697e+01 -5.43661826e+01]
 [-3.55657224e+02  3.55662186e+02]
 [ 8.92721761e+01 -8.92586978e+01]
 [-2.20053601e+02  2.20055895e+02]
 [ 1.75982992e+02 -1.75985926e+02]
 [-3.43824938e+01  3.43901878e+01]
 [ 1.53915191e+02 -1.53895548e+02]
 [ 6.30381571e+02 -6.30366639e+02]
 [-3.44531488e+02  3.44541665e+02]
 [ 3.34890735e+02 -3.34895350e+02]
 [-2.31331058e+02  2.31334197e+02]
 [ 6.20923594e+00 -6.20279276e+00]
 [ 2.49163805e+01 -2.49121713e+01]
 [ 9.50613339e+01 -9.50543208e+01]
 [ 9.58051077e+01 -9.57996926e+01]
 [ 1.44544884e+02 -1.44539562e+02]
 [ 4.44563576e+02 -4.44554590e+02]
 [ 4.31496415e+02 -4.31496681e+02]
 [-4.33939155e+02  4.33947139e+02]
 [-3.38602773e+02  3.38620229e+02]
 [ 2.70757375e+02 -2.70744509e+02]
 [ 2.11382486e+02 -2.11377034e+02]
 [-6.22132568e+01  6.22143718e+01]
 [-9.67729698e+01  9.67722191e+01]
 [-6.69852696e+01  6.69927440e+01]
 [-2.72517162e+02  2.72516522e+02]
 [ 7.48037434e+01 -7.48041219e+01]
 [-3.71877383e+02  3.71885819e+02]
 [-1.20335881e+02  1.20351015e+02]
 [ 4.80391131e+01 -4.80084668e+01]
 [ 4.25610330e+02 -4.25610320e+02]
 [ 1.46648165e+02 -1.46647736e+02]
 [ 5.20916687e+02 -5.20906276e+02]
 [-2.80251699e+02  2.80267223e+02]
 [-6.89066317e+01  6.89084308e+01]
 [-1.70672651e+02  1.70693233e+02]
 [ 2.47216468e+02 -2.47218117e+02]
 [ 1.59889372e+02 -1.59884129e+02]
 [-2.78564051e+02  2.78575447e+02]
 [ 9.99635720e+01 -9.99594297e+01]
 [ 1.47916472e+02 -1.47912461e+02]
 [-1.62365029e+02  1.62386522e+02]
 [-2.98335194e+02  2.98357240e+02]
 [-1.49166422e+02  1.49165202e+02]
 [-3.77586122e+02  3.77592277e+02]
 [-8.59932102e+02  8.59938296e+02]
 [ 2.13954431e+02 -2.13940767e+02]
 [-1.41147062e+02  1.41156965e+02]
 [ 3.96901176e+02 -3.96897964e+02]
 [ 1.16102902e+02 -1.16094682e+02]
 [ 3.31173336e+02 -3.31176428e+02]
 [-1.28763278e+02  1.28777456e+02]
 [ 4.19805807e+02 -4.19792762e+02]
 [ 7.97429713e+01 -7.97429713e+01]
 [-3.36263115e+02  3.36269136e+02]
 [-8.70857106e+00  8.71062128e+00]
 [-3.37128117e+02  3.37149527e+02]
 [-3.28886400e+02  3.28888330e+02]
 [-2.05124155e+02  2.05131764e+02]
 [ 1.25390672e+02 -1.25372282e+02]
 [-1.43038309e+02  1.43023331e+02]
 [-1.45240189e+01  1.45523788e+01]
 [ 2.68839052e+01 -2.68810375e+01]
 [ 2.69482675e+02 -2.69470906e+02]
 [ 9.41577817e+01 -9.41434889e+01]
 [-1.47412579e+02  1.47400139e+02]
 [ 1.37094137e+02 -1.37093169e+02]
 [ 4.92324165e+02 -4.92315048e+02]
 [-8.46873391e+01  8.46876200e+01]
 [ 2.26200788e+02 -2.26181777e+02]
 [-6.80027940e+01  6.80286626e+01]
 [-3.41518531e+02  3.41522252e+02]
 [-1.52007872e+02  1.52006880e+02]
 [-2.76505352e+02  2.76509927e+02]
 [-4.41924672e+01  4.41908941e+01]
 [ 9.69431268e+01 -9.69321577e+01]
 [-5.26379150e+02  5.26379237e+02]
 [ 4.02238371e+01 -4.02164849e+01]
 [-1.76290591e+02  1.76292768e+02]
 [-1.74238965e+02  1.74258011e+02]
 [ 4.65179038e+02 -4.65176929e+02]
 [ 1.84528499e+02 -1.84527989e+02]
 [ 2.49238870e+02 -2.49242403e+02]
 [ 2.02515177e+02 -2.02504148e+02]
 [-3.15104553e+02  3.15122085e+02]
 [ 4.67447612e+01 -4.67361348e+01]
 [ 1.27479474e+02 -1.27478105e+02]]