[[ -53.59042191   53.60241617]
 [ -37.3292673    37.33533602]
 [  59.76935937  -59.76024534]
 [  72.98424346  -72.97834881]
 [ -29.80860839   29.8202513 ]
 [-100.15102529  100.15504044]
 [   6.41185142   -6.39244056]
 [ -13.82713548   13.83497176]
 [ -85.92151937   85.92841347]
 [  76.61014118  -76.59446895]
 [  42.90489653  -42.88934823]
 [  23.94428546  -23.93635849]
 [  43.10163451  -43.09414337]
 [  68.21888093  -68.20664562]
 [  63.93647382  -63.92092396]
 [ 127.93113287 -127.93235501]
 [ -20.56950463   20.58254574]
 [  -7.67078279    7.68013698]
 [  52.01327626  -52.00682326]
 [ -11.59098103   11.60345591]
 [ -90.04768568   90.05236134]
 [ 171.86869345 -171.85519094]
 [-148.3504973   148.35486933]
 [   8.67812096   -8.66438315]
 [ -73.62762466   73.62889961]
 [ 145.57166151 -145.56184944]
 [ -20.38513145   20.39245853]
 [ -64.33792261   64.35314577]
 [ -83.67368774   83.67647887]
 [  18.30403913  -18.29745745]
 [ -11.14286255   11.15928968]
 [ -42.20862669   42.2173659 ]
 [  96.31608253  -96.2971829 ]
 [-142.41617758  142.4276299 ]
 [  -1.67855667    1.68639668]
 [ -81.25739449   81.27561425]
 [ -31.70394635   31.69857402]
 [  61.77012165  -61.75325333]
 [ 121.90239982 -121.89130484]
 [-127.12199507  127.1226965 ]
 [  64.59590298  -64.58098303]
 [  17.28109048  -17.28167137]
 [-120.24661232  120.24142282]
 [ 116.97522979 -116.97899709]
 [  44.1606913   -44.15453919]
 [ -32.70239968   32.70345802]
 [  16.58748497  -16.57221118]
 [ -89.28623139   89.28455256]
 [  -4.91535027    4.92352977]
 [  89.17990928  -89.17161658]
 [  66.96812403  -66.94990717]
 [  61.47087128  -61.46162107]
 [  -1.52827482    1.53748422]
 [  38.92893289  -38.93585305]
 [   2.88825041   -2.88685385]
 [   4.41595675   -4.41297179]
 [ -40.7447124    40.75613231]
 [ 163.72142217 -163.71309072]
 [ -67.68665151   67.70220093]
 [  32.32491115  -32.30609062]
 [ -21.98130124   21.98161959]
 [ -55.21405556   55.21385703]
 [ -33.27326863   33.28574881]
 [ -52.37290229   52.3844278 ]
 [ -18.26403609   18.27017258]
 [  53.27978772  -53.28003838]
 [  -0.50740276    0.51175407]
 [ -36.42806256   36.43467224]
 [ 149.19081689 -149.17966312]
 [ -19.08754131   19.0889738 ]
 [ -46.2210821    46.23351464]
 [  92.14629826  -92.13284755]
 [  -2.8417984     2.84495511]
 [  14.07585237  -14.07382336]
 [ -90.86988878   90.87663341]
 [ -84.77841652   84.78228433]
 [ -21.58965472   21.60958151]
 [ -73.48586339   73.49039686]
 [ -99.29021122   99.29816334]
 [  26.00450793  -25.99139831]
 [  17.19832299  -17.18692545]
 [  22.73198921  -22.72256101]
 [ -17.83992125   17.85364066]
 [  10.54303482  -10.53080683]
 [   6.31577161   -6.30085379]
 [ -26.48113613   26.49576154]
 [  35.4473223   -35.43908655]
 [ -11.89001862   11.89755324]
 [  -1.12416959    1.14264265]
 [  61.77399381  -61.77091942]
 [ -75.72208534   75.74277709]
 [  17.02206917  -17.02066724]
 [-178.35608642  178.36159913]
 [  40.35154586  -40.34968673]
 [ -17.82934115   17.83586564]
 [ 116.94949348 -116.9506938 ]
 [ 108.90893878 -108.88642883]
 [ -55.00889767   55.00083705]
 [ -40.47950481   40.47271027]
 [ -29.84265147   29.84805519]
 [ -46.94662981   46.95708503]
 [ -34.03798481   34.05818492]
 [ -51.2693168    51.2896086 ]
 [  -1.74722732    1.74999314]
 [  54.54515562  -54.53596377]
 [  68.93251306  -68.93301065]
 [  62.760185    -62.74837971]
 [ -52.72078369   52.73246641]
 [ -43.77246774   43.78074358]
 [ -59.13126573   59.13589955]
 [  89.91147244  -89.90717803]
 [ -65.9084156    65.91967484]
 [   3.09492062   -3.10237319]
 [-114.56411291  114.57234809]
 [  28.31738649  -28.31841934]
 [ 107.42741039 -107.42153402]
 [ -54.2277279    54.23477444]
 [  -5.20951554    5.20768178]
 [  -2.06980239    2.08079239]
 [  34.63990782  -34.63285421]
 [ -39.44512752   39.45470014]
 [  66.84363864  -66.83628177]
 [  59.99068726  -59.98690437]
 [   6.11395179   -6.10097487]
 [ -31.70691324   31.71414963]
 [ -18.61543752   18.62131868]
 [ -62.77564879   62.7726963 ]
 [  19.7256424   -19.71176968]
 [   5.81342852   -5.80570231]
 [  64.16582406  -64.16444543]
 [  33.19618971  -33.17399991]
 [  -6.54534724    6.56183306]
 [  75.4533446   -75.4556796 ]
 [ -81.19020711   81.19712465]
 [ 122.41359663 -122.39907129]
 [ -38.35408002   38.35735267]
 [ -20.70582457   20.72026575]
 [ -43.94798411   43.96092715]
 [-227.25883894  227.2728982 ]
 [  63.15811628  -63.1447401 ]
 [  89.29887337  -89.29332776]
 [  40.03181652  -40.021849  ]
 [ -53.97697369   53.98672796]
 [ -23.2688829    23.28237315]
 [  31.53715864  -31.53175241]
 [ -40.71150489   40.71576535]
 [  51.10887874  -51.10468308]
 [ -83.08865543   83.09652903]
 [  51.27278763  -51.25433597]
 [ -10.28797494   10.2919373 ]
 [  -4.42383118    4.43249298]
 [ -37.17135492   37.18910413]
 [  50.35479765  -50.36047614]
 [  32.85017149  -32.83728067]
 [  11.49420761  -11.49394208]
 [  59.3469166   -59.33299999]
 [  58.55977029  -58.54723533]
 [  -8.06900015    8.07366845]
 [  92.14952914  -92.15074671]
 [ -56.48616935   56.48964282]
 [ -23.61788839   23.62929541]
 [ -10.75163204   10.76312695]
 [ -28.2011329    28.20463916]
 [ -48.3205675    48.3346201 ]
 [ -76.15547891   76.16437341]
 [  48.32443701  -48.32847568]
 [  -2.62341807    2.62772052]
 [ -38.83289599   38.84422697]
 [ -52.98061673   52.99420828]
 [  94.18022407  -94.1772245 ]
 [  53.72108161  -53.71603085]
 [   9.789245     -9.78005869]
 [ -69.55246815   69.57047162]
 [ -56.48878738   56.4956947 ]
 [  39.66650108  -39.6583092 ]
 [  65.42579654  -65.42276092]
 [   7.61857095   -7.61537887]
 [ 146.0219115  -146.0219208 ]
 [ -42.39112221   42.38590703]
 [  13.6766675   -13.67266693]
 [  18.46047678  -18.45877564]
 [ 182.82135813 -182.82419276]
 [  57.97000079  -57.95326567]
 [  56.64930314  -56.63422964]
 [  93.81595001  -93.8138205 ]
 [ 135.68619752 -135.68629723]
 [  44.3097159   -44.30460266]
 [  39.20167365  -39.17087654]
 [ -67.90664499   67.91048608]
 [-118.50540283  118.50678266]
 [ -55.53857847   55.55440162]
 [-147.16845234  147.16034168]
 [-104.70495415  104.70996587]
 [  -0.37986684    0.37490349]
 [  46.55875867  -46.54201176]
 [  72.04041515  -72.02316014]
 [ -29.29995562   29.30633358]
 [-126.56225884  126.56444368]
 [  89.09662847  -89.08271473]
 [  36.5866106   -36.58445876]
 [ 154.33498382 -154.32893275]
 [-129.48819222  129.48237671]
 [  57.80316505  -57.78738502]
 [ -58.41542269   58.42002589]
 [  11.73055827  -11.72276657]
 [ -45.69109117   45.70103948]
 [ -56.13841755   56.14306959]
 [ -43.73576075   43.74585519]
 [  76.87830207  -76.87778713]
 [  -9.89431211    9.90789649]
 [ 159.63221285 -159.62794353]
 [-162.81604267  162.82463268]
 [  37.8433825   -37.83534096]
 [ -82.24313711   82.23853811]
 [  53.24700861  -53.23745434]
 [ -60.03533477   60.04971158]
 [  10.80947161  -10.80836828]
 [  31.42749703  -31.42671503]
 [   8.30178767   -8.28240935]
 [   4.86512808   -4.8605547 ]
 [ -18.98616074   19.00128645]
 [  62.6488167   -62.6527234 ]
 [ -40.04759675   40.04469845]
 [   7.08583516   -7.06145739]
 [  51.68500872  -51.65725665]
 [  35.16130506  -35.15393899]
 [-131.2213091   131.23629433]
 [ -15.12026116   15.13394902]
 [   6.90589075   -6.89496083]
 [ -29.33196129   29.35199822]
 [  34.19336327  -34.18347643]
 [ 103.05937907 -103.0570103 ]
 [ -61.43788963   61.43804466]
 [ -17.67501951   17.68333445]
 [ -71.15011995   71.15593378]
 [ -34.30159395   34.30462668]
 [ -25.53156424   25.53523068]
 [  10.81567391  -10.81473586]
 [  58.49904442  -58.48661364]
 [  16.39279529  -16.3823258 ]
 [-130.5649718   130.57508548]
 [ -61.26202667   61.27659419]
 [  36.37591451  -36.35647793]
 [ -58.14773145   58.16369221]
 [ -28.20633379   28.21332254]
 [ -19.08120636   19.09746204]
 [ -48.48386365   48.48821748]
 [  -7.03663692    7.04936362]
 [  15.70447884  -15.69474248]
 [  88.80144875  -88.79393359]]