[[-0.2637358   0.26731486]
 [ 0.03170466 -0.02369948]
 [-0.37673666  0.38241314]
 [ 0.19942266 -0.18850221]
 [ 0.27502936 -0.27818714]
 [ 0.34840494 -0.34731972]
 [ 0.18989492 -0.18847501]
 [-0.09808742  0.11045296]
 [ 0.05887891 -0.04087532]
 [ 0.10426776 -0.10296407]
 [ 0.39084916 -0.37639687]
 [ 0.13098602 -0.12701644]
 [-0.03683388  0.04924307]
 [ 0.36273952 -0.35768284]
 [-0.04453374  0.04699266]
 [ 0.39518719 -0.39019482]
 [-0.35979821  0.37287571]
 [ 0.17021202 -0.17362447]
 [-0.1683073   0.17545154]
 [-0.20872021  0.21804549]
 [ 0.06799189 -0.0606226 ]
 [-0.0620835   0.05977379]
 [ 0.00286976  0.00258728]
 [-0.26613219  0.27375652]
 [-0.37702238  0.38321956]
 [ 0.1242283  -0.12266945]
 [ 0.08014009 -0.07617734]
 [-0.34373272  0.35111573]
 [-0.03291334  0.0534112 ]
 [ 0.0881705  -0.08396501]
 [ 0.17916743 -0.17617716]
 [ 0.20160417 -0.20622661]
 [ 0.40153446 -0.39560129]
 [-0.09108301  0.09113209]
 [-0.37724511  0.38486165]
 [-0.08889908  0.09450027]
 [ 0.3133268  -0.30061944]
 [-0.08906696  0.09627953]
 [-0.15368233  0.1590022 ]
 [-0.16702969  0.17278973]
 [-0.26998448  0.27082027]
 [ 0.07159999 -0.06842812]
 [ 0.23990147 -0.22954305]
 [ 0.16713639 -0.16588171]
 [ 0.31850898 -0.30473308]
 [-0.18056517  0.19312782]
 [-0.266327    0.27462906]
 [ 0.02029903 -0.00566349]
 [ 0.31047485 -0.30794545]
 [ 0.17877571 -0.17002973]
 [-0.24389454  0.24621933]
 [-0.15747219  0.16880503]
 [ 0.32863899 -0.31951135]
 [ 0.26540925 -0.26244727]
 [ 0.0115114  -0.0086104 ]
 [ 0.02116213 -0.01151529]
 [-0.08996833  0.10118662]
 [ 0.37621049 -0.38026271]
 [ 0.26440637 -0.26143492]
 [ 0.32071624 -0.31252753]
 [ 0.25601658 -0.25043492]
 [ 0.11417343 -0.11694628]
 [ 0.17925813 -0.17071495]
 [ 0.05813905 -0.05462966]
 [ 0.04575681 -0.04286633]
 [ 0.12136245 -0.11446206]
 [-0.02570129  0.03044955]
 [ 0.03615808 -0.03352611]
 [ 0.34540913 -0.34356231]
 [ 0.13706529 -0.12952134]
 [ 0.02890265 -0.01323846]
 [-0.23820146  0.24258257]
 [-0.0354145   0.04432261]
 [-0.0050968   0.00691922]
 [-0.20397469  0.21053762]
 [ 0.1807287  -0.17248476]
 [ 0.30522284 -0.29923719]
 [-0.48381061  0.48148264]
 [-0.19060884  0.20617194]
 [ 0.01918511 -0.01718248]
 [-0.62936947  0.63883594]
 [-0.13083766  0.13570784]
 [-0.12478258  0.12505112]
 [-0.06853358  0.07848814]
 [-0.02811275  0.042677  ]
 [ 0.26443506 -0.24644379]
 [ 0.06226966 -0.04387646]
 [ 0.02684389 -0.01837093]
 [ 0.02946331 -0.0129471 ]
 [-0.28513135  0.30264436]
 [ 0.17841022 -0.17516582]
 [-0.23728827  0.24530052]
 [-0.04479385  0.04812055]
 [-0.15519447  0.16175572]
 [ 0.11381611 -0.09921998]
 [ 0.14353912 -0.13647323]
 [-0.21943116  0.23446478]
 [ 0.36749518 -0.36355245]
 [ 0.26552585 -0.2619783 ]
 [-0.32887234  0.33100033]
 [-0.26194073  0.25151572]
 [ 0.25856231 -0.251276  ]
 [-0.22466827  0.23094628]
 [-0.05720408  0.05911627]
 [ 0.20160589 -0.19151813]
 [ 0.07529858 -0.05823084]
 [ 0.34789128 -0.34082061]
 [ 0.46637069 -0.45509466]
 [-0.0064458   0.01778301]
 [ 0.31987543 -0.31664412]
 [ 0.19418753 -0.18936842]
 [ 0.43186762 -0.43088646]
 [-0.35965407  0.36558373]
 [ 0.14380712 -0.13914864]
 [-0.01460995  0.0206881 ]
 [-0.02431625  0.03473773]
 [ 0.20366568 -0.19499599]
 [ 0.09194156 -0.08381495]
 [-0.09163338  0.1049076 ]
 [-0.04891295  0.05306504]
 [-0.21388026  0.21848669]
 [-0.16597068  0.16787883]
 [ 0.03966891 -0.03458816]
 [-0.01466086  0.03434181]
 [-0.42712382  0.4389892 ]
 [ 0.03855303 -0.03583549]
 [ 0.27152478 -0.25925038]
 [-0.02324686  0.02382767]
 [-0.28430772  0.29067746]
 [ 0.02426767 -0.01466451]
 [ 0.15545299 -0.14459615]
 [-0.00723408  0.01701194]
 [ 0.20937974 -0.19654268]
 [ 0.08682197 -0.07934775]
 [ 0.06405794 -0.05335192]
 [ 0.14665555 -0.14284922]
 [-0.54352243  0.55686241]
 [ 0.01922288  0.00274808]
 [ 0.11256935 -0.12104842]
 [ 0.14202401 -0.13109536]
 [-0.01536641  0.02617817]
 [-0.15223854  0.16403042]
 [ 0.02268868 -0.01045337]
 [-0.37978214  0.39198748]
 [-0.08842499  0.09736709]
 [ 0.29676566 -0.29121773]
 [ 0.20474531 -0.19212858]
 [ 0.06965281 -0.05687954]
 [ 0.7055884  -0.69706176]
 [-0.69588521  0.70209718]
 [ 0.43920249 -0.43333576]
 [-0.43335639  0.45172399]
 [ 0.3515458  -0.35065975]
 [ 0.17237694 -0.16881211]
 [ 0.055153   -0.05215359]
 [ 0.26157292 -0.25421742]
 [-0.10861305  0.11512481]
 [-0.22330195  0.23433828]
 [-0.33142699  0.34554869]
 [ 0.0453899  -0.04351338]
 [-0.03061452  0.0395803 ]
 [ 0.02347998 -0.01659614]
 [-0.06479782  0.07505412]
 [-0.29734899  0.30818905]
 [ 0.04974422 -0.03678086]
 [ 0.10521508 -0.09945335]
 [-0.08224059  0.09121153]
 [ 0.60532385 -0.59614057]
 [-0.38808511  0.39641174]
 [-0.34865605  0.350259  ]
 [-0.25274459  0.24892441]
 [-0.12013275  0.12794991]
 [-0.33652944  0.33289071]
 [ 0.15576896 -0.15222843]
 [-0.03851914  0.04306134]
 [ 0.16722257 -0.15815263]
 [-0.12965959  0.14225508]
 [ 0.00588324 -0.00540867]
 [-0.03991869  0.05661998]
 [-0.16519057  0.18222657]
 [-0.30485937  0.31099674]
 [ 0.3669784  -0.35658623]
 [ 0.0229683  -0.00683101]
 [ 0.09314595 -0.08901813]
 [-0.07880244  0.08367826]
 [ 0.00502562  0.0043445 ]
 [ 0.3412419  -0.33360952]
 [ 0.47586823 -0.46697686]
 [ 0.46402468 -0.45400765]
 [-0.33950365  0.34552407]
 [ 0.0184257  -0.00516475]
 [ 0.29282306 -0.27980696]
 [-0.07484942  0.07508117]
 [-0.47857741  0.48680815]
 [-0.10321536  0.12473138]
 [ 0.18595778 -0.17993974]
 [ 0.11111623 -0.10649818]
 [-0.25217912  0.2467698 ]
 [-0.46172659  0.46490662]
 [-0.09663137  0.10806035]
 [-0.055447    0.05299493]
 [ 0.1032964  -0.10209981]
 [ 0.264457   -0.26485807]
 [-0.12110924  0.12576516]
 [ 0.17700424 -0.1676859 ]
 [-0.04386012  0.0576839 ]
 [-0.1744405   0.19892544]
 [ 0.20407202 -0.20433025]
 [-0.03350679  0.04172783]
 [-0.36469399  0.3707077 ]
 [-0.09412669  0.09528016]
 [ 0.27735604 -0.26850101]
 [-0.20107644  0.20848457]
 [ 0.29594688 -0.29000481]
 [-0.24757263  0.25981881]
 [ 0.24364938 -0.24773506]
 [-0.15653296  0.15858576]
 [-0.16976918  0.17461552]
 [-0.17821577  0.18547013]
 [ 0.03597141 -0.02108482]
 [-0.01997031  0.03622253]
 [-0.16469556  0.17730722]
 [-0.11431656  0.1346948 ]
 [ 0.05206164 -0.05178421]
 [-0.01667899  0.0336812 ]
 [-0.24274672  0.25294368]
 [-0.14124594  0.15198999]
 [-0.01385673  0.02359542]
 [ 0.03254225 -0.02553639]
 [ 0.28122403 -0.26353847]
 [-0.08902722  0.0986145 ]
 [ 0.01298311 -0.00924626]
 [-0.08374774  0.08864576]
 [-0.44704393  0.44842974]
 [ 0.14227034 -0.13725649]
 [ 0.267527   -0.26135191]
 [ 0.1094653  -0.10511615]
 [-0.20208601  0.20502652]
 [-0.39888812  0.40487314]
 [-0.16314735  0.17535534]
 [ 0.1427803  -0.14360069]
 [-0.08703517  0.09319737]
 [ 0.15234248 -0.14260471]
 [ 0.38710792 -0.38288679]
 [ 0.30020196 -0.30012482]
 [ 0.02890345 -0.02044302]
 [-0.04895073  0.06141645]
 [ 0.2379285  -0.2348803 ]
 [ 0.43483956 -0.42481371]
 [ 0.52124274 -0.50662884]]