[[ 0.35693745 -0.35204733]
 [-0.57506465  0.57482645]
 [-0.18222466  0.19633645]
 [-0.06200783  0.06742702]
 [ 0.04586512 -0.03899077]
 [-0.41204842  0.42763746]
 [ 0.69501514 -0.68193911]
 [ 0.53805305 -0.54858276]
 [ 0.27727252 -0.26656332]
 [ 0.04988456 -0.03994919]
 [ 0.34529195 -0.32538798]
 [-0.51893544  0.51724289]
 [-0.62633486  0.64468856]
 [-0.15197879  0.15470207]
 [-0.0425476   0.05815499]
 [-0.33697564  0.3435549 ]
 [ 0.3944981  -0.39484422]
 [ 0.43519942 -0.4304878 ]
 [ 0.22383956 -0.21772191]
 [-0.33884734  0.3506165 ]
 [-0.70003954  0.70975784]
 [-0.1886463   0.18614655]
 [ 0.06926544 -0.05716433]
 [ 0.36772668 -0.36157472]
 [-0.74759947  0.76067848]
 [-0.05584522  0.06588223]
 [ 0.13001425 -0.1406574 ]
 [-0.45300504  0.45535033]
 [-0.03810185  0.04581695]
 [-0.27389424  0.28215976]
 [ 0.31580392 -0.30318751]
 [ 0.1490266  -0.15485613]
 [-1.10422644  1.12648814]
 [-0.22220222  0.2318897 ]
 [ 0.32989925 -0.31768829]
 [ 0.16133065 -0.15244961]
 [-0.04120595  0.05127359]
 [ 0.16966933 -0.16412731]
 [-0.36442602  0.36755291]
 [ 0.2382561  -0.21676195]
 [-0.74277431  0.75137872]
 [-0.51448384  0.51947367]
 [ 0.12192394 -0.11044896]
 [-0.1433223   0.15423055]
 [ 0.3018122  -0.28719618]
 [-0.61200918  0.62441093]
 [ 0.30324741 -0.30095222]
 [-0.10999453  0.1292322 ]
 [-0.33314362  0.34803702]
 [-0.13031459  0.14441272]
 [-0.02645086  0.02926243]
 [ 0.1342501  -0.13216517]
 [ 0.1412433  -0.13574473]
 [ 0.68650449 -0.68015786]
 [-0.09905425  0.11826067]
 [-0.10603469  0.11827436]
 [ 0.52681071 -0.51852966]
 [-0.48354175  0.50150622]
 [ 0.15088241 -0.14963496]
 [-0.05333593  0.05448388]
 [ 0.05793326 -0.04950772]
 [-0.01276339  0.01969276]
 [ 0.63638694 -0.6324547 ]
 [ 0.17205569 -0.15625745]
 [-0.16490243  0.16985556]
 [-0.41288871  0.40409091]
 [-0.06323347  0.06456025]
 [ 0.14617429 -0.15091949]
 [ 0.61023631 -0.59449541]
 [-0.51097509  0.52911165]
 [-0.07904021  0.08494285]
 [ 0.42650562 -0.41900852]
 [-0.27018756  0.27399566]
 [-0.12479697  0.12901933]
 [ 0.21206805 -0.19967787]
 [-0.2522683   0.28442572]
 [-0.13090259  0.13460801]
 [ 0.12806867 -0.12526727]
 [-0.26490074  0.27782933]
 [ 0.83606888 -0.82990131]
 [ 0.58872761 -0.57720929]
 [ 0.47497465 -0.46718105]
 [ 0.15300708 -0.1426817 ]
 [-0.474621    0.48823056]
 [ 0.19029252 -0.18291083]
 [-0.43731484  0.43430928]
 [ 0.22908198 -0.22085343]
 [-0.37815479  0.3880329 ]
 [ 0.18097364 -0.18025687]
 [ 0.47853113 -0.46518671]
 [-0.01736543  0.03158236]
 [-0.28813126  0.30011437]
 [ 0.57831359 -0.5648307 ]
 [ 0.08974031 -0.08234072]
 [ 0.35366439 -0.34252971]
 [-0.1574217   0.16136901]
 [ 0.01672217 -0.00245309]
 [ 0.03975058 -0.02942036]
 [-0.2431811   0.25826537]
 [-0.14243027  0.1608077 ]
 [-0.17090893  0.17223345]
 [ 0.07431517 -0.0496641 ]
 [ 0.57952032 -0.57868974]
 [ 0.32063026 -0.30296791]
 [-0.01625278  0.02964746]
 [ 0.10689144 -0.10315901]
 [-0.50786379  0.51381909]
 [ 0.1639529  -0.16320961]
 [ 0.22211914 -0.2117933 ]
 [ 0.05422322 -0.05134841]
 [-0.12751704  0.12008982]
 [ 0.44797919 -0.44953255]
 [-0.20530512  0.20409783]
 [-0.09492196  0.11070637]
 [ 0.16128784 -0.15185663]
 [ 0.03735044 -0.03434557]
 [ 0.5574089  -0.55354485]
 [ 0.36552145 -0.35985118]
 [-0.16829827  0.17893058]
 [ 0.07937197 -0.07560268]
 [-0.44674817  0.44590657]
 [ 0.17074324 -0.15406863]
 [ 0.04310302 -0.03951661]
 [ 0.29125611 -0.2895758 ]
 [ 0.05451884 -0.03669411]
 [ 0.58179816 -0.5866214 ]
 [ 0.59768623 -0.58530814]
 [ 0.90970518 -0.9082537 ]
 [-0.0107293   0.01325913]
 [-0.04517105  0.0553789 ]
 [ 0.38185041 -0.37898434]
 [ 0.46661967 -0.45955944]
 [ 0.13456034 -0.14191676]
 [ 0.393278   -0.38782213]
 [-0.18588595  0.19144154]
 [-0.28754776  0.29948106]
 [ 0.02826334 -0.03252599]
 [ 0.21558865 -0.21476228]
 [-0.66621432  0.66957868]
 [ 0.43633244 -0.44191561]
 [-0.37530748  0.38217607]
 [ 0.22544328 -0.22707539]
 [-0.37100074  0.37600782]
 [-0.08741219  0.0856259 ]
 [-0.06533946  0.07419036]
 [-0.14231411  0.15593426]
 [ 0.58464183 -0.56980928]
 [ 0.20675354 -0.20056953]
 [ 0.12189402 -0.10862974]
 [ 0.57327613 -0.56934172]
 [-0.25137884  0.25753106]
 [-0.38280094  0.39508234]
 [-0.48828389  0.50143947]
 [-0.14512032  0.1578827 ]
 [ 0.42766473 -0.42637936]
 [-0.50066897  0.51287089]
 [-0.20401072  0.21150327]
 [-0.14580871  0.14704612]
 [-0.55780912  0.56912499]
 [-0.74657781  0.75638902]
 [ 0.14697041 -0.14561799]
 [-0.06980936  0.09336306]
 [ 0.71162766 -0.70689546]
 [-0.46001394  0.47314101]
 [-0.25683909  0.26343553]
 [-0.05910897  0.06212405]
 [ 0.13823718 -0.13021699]
 [-0.31703732  0.31794441]
 [ 0.38401141 -0.38389216]
 [-0.18712797  0.19483889]
 [-0.58528271  0.5930736 ]
 [ 0.25159968 -0.24056717]
 [ 0.174258   -0.18006018]
 [ 0.84544838 -0.83425604]
 [-0.14170541  0.14979455]
 [-0.06940397  0.07143901]
 [-0.41519671  0.41401304]
 [-0.44208578  0.45866931]
 [ 0.07813926 -0.07091671]
 [ 0.64700332 -0.65343012]
 [ 0.69852685 -0.68931961]
 [ 0.19014732 -0.17672041]
 [-0.19393663  0.19128166]
 [ 0.00254765 -0.00303419]
 [-0.36537364  0.38049952]
 [-0.03561734  0.05125361]
 [ 0.18138555 -0.16444761]
 [-0.11105985  0.11160389]
 [-0.03242392  0.03551676]
 [ 0.10142364 -0.09879068]
 [-0.11803604  0.12406411]
 [ 0.39085589 -0.37781401]
 [-0.1724946   0.17737687]
 [-0.21734132  0.22505031]
 [-0.32764188  0.344006  ]
 [ 0.50904505 -0.5086809 ]
 [ 0.18489135 -0.1748515 ]
 [-0.18883675  0.18607893]
 [ 0.07502599 -0.07232128]
 [-0.47399925  0.47158715]
 [ 0.70775999 -0.69782629]
 [ 0.28424915 -0.27459958]
 [-0.04031379  0.03893966]
 [-0.09629042  0.10646385]
 [-0.09236817  0.1014556 ]
 [ 0.14822952 -0.13331799]
 [ 0.52423438 -0.52746549]
 [-0.04789036  0.05356274]
 [ 0.37258098 -0.3650493 ]
 [-0.16046949  0.18114348]
 [ 0.19104549 -0.1971068 ]
 [-0.35051077  0.35000059]
 [ 0.24113141 -0.23017247]
 [ 0.42501801 -0.41023729]
 [-0.58979269  0.59887002]
 [-0.68016815  0.69013326]
 [-0.48451662  0.49671563]
 [-0.35638128  0.36928695]
 [ 0.11109891 -0.0973718 ]
 [-0.23357112  0.23669378]
 [ 0.30313934 -0.29569257]
 [ 0.66383374 -0.65055303]
 [ 0.35932559 -0.34910283]
 [-0.11586071  0.11441459]
 [ 0.04929709 -0.03472549]
 [ 0.21314967 -0.20105794]
 [-0.00816415  0.01292388]
 [ 0.12431766 -0.11244861]
 [ 0.16032386 -0.15803026]
 [-0.11578336  0.1241039 ]
 [ 0.25855548 -0.24999976]
 [-0.57551124  0.59063672]
 [ 0.9194048  -0.91319665]
 [-0.72775907  0.73726572]
 [ 0.42990254 -0.42856913]
 [ 0.59259999 -0.57983847]
 [-0.48438562  0.49527636]
 [-0.2673562   0.27826882]
 [ 0.40544905 -0.38556241]
 [-0.21855237  0.22405364]
 [-0.29131698  0.30009402]
 [ 0.38381058 -0.38139475]
 [-0.08144226  0.08542485]
 [ 0.68097678 -0.67745889]
 [ 0.4859113  -0.47402941]
 [ 0.1119044  -0.10987262]
 [-0.03906713  0.04229352]
 [ 0.2527342  -0.24881962]
 [ 0.54204904 -0.52977594]
 [ 0.90217225 -0.89312763]]