[[ 8.59465904e-02  7.20880137e-02 -1.64154350e-02 -3.01862309e-02
  -3.34954503e-02 -5.17435325e-03 -3.92436207e-02  1.17847593e-01
   4.25293053e-02 -9.22115366e-02 -7.77734879e-02  3.18748764e-03
   5.60259989e-03 -1.01500461e-02 -3.89105552e-04 -4.78361238e-02
   1.33705034e-01  9.41168033e-04 -3.55360728e-03 -2.62071878e-02
   7.25984949e-02 -1.84901092e-02 -9.66900354e-03 -2.68993104e-02
  -8.37681312e-02 -1.29835474e-02]
 [-9.89654477e+08 -1.05055040e+10 -2.69841356e+09  7.57825291e+08
   3.01519306e+09  2.92855438e+09  1.08483259e+09  9.39354303e+08
   9.51443922e+08  4.30357343e+07 -3.44982385e+08  8.11950905e+08
   1.33691932e+09  3.23555392e+08 -4.57519086e+09  3.64074854e+09
  -2.01243595e+09  1.80269951e+09  8.59461752e+08  3.30059508e+09
  -1.00066848e+09  1.26382730e+07  9.80225544e+08 -2.94240617e+09
  -1.08477827e+09  3.36500058e+09]
 [-2.01252680e+00 -7.75603401e-01  1.00589569e+00  1.28169696e+00
  -2.95757541e+00  5.45843952e+00  2.50113186e-01  1.93187769e+00
  -5.68552186e+00  8.75522031e-01 -5.24616201e-02  1.60613761e-01
   5.41348086e+00  3.36345453e+00 -1.43644947e+01 -7.18426230e-01
   4.92294843e-01 -6.95387609e+00 -1.02042146e-01  4.61351312e-01
  -4.74103923e-01 -9.89776229e-01  2.52563961e+01 -4.41820132e-01
  -1.13868374e+01  9.63929488e-01]
 [-1.17713375e+07 -2.72884543e+08 -4.00404777e+07  1.45714011e+06
   6.31396839e+07  4.69115080e+07  2.79439183e+07 -4.80084540e+06
   1.25204440e+07  3.59798027e+06  2.22416775e+07 -4.82449237e+07
   8.53168911e+05 -2.86231988e+07  1.00466127e+08  7.99461780e+07
   2.26337824e+07 -8.27927224e+07 -2.32768511e+07  9.01907888e+07
  -1.22523176e+07 -1.23410873e+07 -5.74117675e+07  6.95100872e+07
  -1.69508151e+07  6.99784026e+07]
 [-9.70722703e+08 -1.04026983e+10 -2.65174222e+09  7.37258514e+08
   2.98126939e+09  2.87999793e+09  1.07282814e+09  9.09074581e+08
   9.37394027e+08  4.43394082e+07 -3.22032084e+08  7.35425942e+08
   1.33410638e+09  2.90538135e+08 -4.40117549e+09  3.59292990e+09
  -1.94490487e+09  1.70317316e+09  8.28073545e+08  3.26914508e+09
  -9.81320691e+08  1.55385280e+06  9.10287713e+08 -2.81476184e+09
  -1.05587442e+09  3.31783691e+09]
 [-1.87190103e-02  4.22704447e-02  2.87969366e-02  2.38615681e-02
   1.32128443e-01  2.40233934e-02 -1.42872899e-02 -9.15635495e-03
  -2.32951525e-02  3.28084618e-02  1.41717142e-02 -5.37464484e-02
  -2.44153982e-02 -2.66190126e-02  1.17277287e-01 -2.75680197e-01
  -1.49957883e-02 -1.38980976e-02 -6.23341909e-03 -2.53648335e-01
  -3.14945777e-02  7.85623111e-03  2.46559333e-02  1.65755589e-02
  -5.05717344e-03  3.06820283e-01]
 [ 1.69592511e-02 -5.68500691e-03  1.40196171e-02 -1.01240481e-04
   1.41979957e-02  8.43089266e-02 -1.50648562e-03 -4.35408036e-02
  -1.02132568e-01  4.49579330e-02  5.36969296e-02  2.40934321e-02
  -8.14002387e-02 -4.93848003e-02 -1.93610068e-02  1.09392406e-03
  -1.01418748e-02  1.93358727e-02  5.77447331e-02 -2.32619109e-03
  -2.08195475e-03 -6.93599219e-03 -2.98824896e-02  1.00770440e-01
  -8.02831343e-02  3.58473198e-03]
 [ 2.29099224e-02 -2.39365654e-02  6.90586263e-02  1.01611224e-02
  -1.37316666e-01  6.45963746e-03 -1.63190612e-02  2.96269942e-02
   2.49310564e-02 -4.76678400e-02 -2.55643933e-02  5.66811738e-02
   4.13585391e-02  4.34025309e-02 -1.42485391e-01 -3.82534087e-02
  -1.58202584e-02 -1.24807257e-02  3.80777408e-02  4.07031395e-03
   5.99678891e-02  7.80091499e-04  6.40413877e-02  2.29104962e-02
  -8.61409048e-02  5.15476921e-02]
 [ 4.18243725e-02 -4.41911813e-02  3.39915860e-02  2.50393099e-02
  -2.00010844e-01  1.51371220e-02  3.69179453e-02 -1.43913400e-01
  -8.98061611e-03  3.50759354e-02  7.91810404e-03  4.65229017e-03
   9.46910264e-04  2.27999680e-03 -5.37017844e-03 -4.15471419e-02
   1.60480131e-02 -5.53550523e-03  2.56936261e-03  5.37064958e-02
   3.00429894e-02  6.94164896e-02  3.50263900e-03  5.11676258e-03
   3.44869309e-03  6.19138490e-02]
 [ 2.30671751e-03  4.60933816e-02 -8.84752157e-02  6.43318731e-02
   2.60064210e-02  3.21525044e-02  5.66076289e-02  2.45181400e-02
  -3.77959967e-02 -3.19807337e-02 -1.03072628e-01  1.43497462e-02
   2.72313233e-02  2.64259145e-02 -2.42357204e-02  5.17434868e-02
  -1.90446792e-02 -5.59785224e-03  6.21638067e-04  3.51146686e-02
   2.09217046e-02 -1.16412533e-02 -6.65668179e-02  1.32115338e-02
  -1.22366404e-03 -5.20021212e-02]
 [-2.42061664e-02 -2.33451669e-02  1.06288965e-02 -1.14412137e-02
  -1.20835799e-03 -3.61608096e-02 -6.16198835e-03 -2.22048077e-02
   9.87342607e-03  1.49897045e-02  3.06270468e-02 -2.10203979e-02
   8.84151841e-03  5.22957246e-03 -4.97064050e-02 -3.61030731e-03
  -1.73167987e-02  2.63570132e-01 -5.60968728e-02 -3.12616357e-03
   6.24434942e-02 -1.41758460e-03 -1.77478607e-02 -1.06397035e-02
  -1.07839166e-01  7.04598047e-03]
 [-2.98649600e+06 -2.58817090e+07 -7.84002655e+06  2.66163421e+06
   7.59604820e+06  8.40418181e+06  2.77640388e+06  3.59309007e+06
   2.57080582e+06  1.31427656e+03 -1.99366633e+06  6.43743811e+06
   2.14567535e+06  2.65413581e+06 -1.86672371e+07  9.73059023e+06
  -7.76503655e+06  9.22849888e+06  3.36048355e+06  8.11506852e+06
  -3.03808666e+06  7.19538613e+05  6.07907286e+06 -1.31426923e+07
  -3.93538043e+06  9.17635077e+06]
 [ 2.54449921e-02  9.62524162e-03 -1.44112341e-02  1.48925039e-02
   2.73989072e-04 -8.07502629e-02  9.63014580e-03 -8.18049289e-03
   2.94090596e-02 -1.85605769e-02 -2.27270767e-02  6.98516610e-02
   4.89021066e-02  1.98642825e-02 -3.83466572e-03  4.99003184e-03
   2.10419630e-02 -2.74939447e-01 -9.66729905e-02  4.85609961e-03
  -2.35148972e-03 -4.93038506e-03  3.35403516e-02  6.94401440e-03
   2.39612252e-01 -1.15200728e-02]
 [ 1.46095666e-02  3.06818737e-03 -1.52237605e-02  1.17433354e-02
   1.05411680e-02 -4.36857537e-02  1.02103292e-02 -1.49006723e-02
  -6.80814926e-02  1.34146355e-03 -7.33144219e-04 -1.18069048e-01
  -3.44550636e-02  3.42220452e-02 -5.62735273e-03  1.17582929e-02
   1.54718999e-02  5.27376448e-02  3.41371119e-02  6.19237909e-03
  -1.77545688e-02 -4.25414719e-03  5.54365956e-03  5.02776849e-02
   7.10747895e-02 -1.01445545e-02]
 [-6.47162471e-02 -3.61924459e-02  1.99319344e-02 -1.70646287e-02
  -2.01765631e-02  3.38742052e-02 -1.19977587e-02  1.28088573e-01
   1.27745362e-02  2.85611983e-03 -9.93649369e-04  2.32315942e-02
  -2.53473593e-02 -2.85127694e-02  4.35696213e-02 -1.72573278e-02
   9.48688259e-03 -4.17144465e-02  9.28553599e-03 -5.51813482e-03
  -2.25097544e-02  5.18688898e-03  1.17422487e-03 -3.99579776e-02
   2.98397316e-02  1.26592146e-02]
 [-9.81071844e+08 -1.04543229e+10 -2.67755261e+09  7.49735511e+08
   2.99385885e+09  2.90666043e+09  1.08002372e+09  9.27668216e+08
   9.41980972e+08  4.34784859e+07 -3.34339689e+08  7.99538925e+08
   1.30640708e+09  3.14381414e+08 -4.48632796e+09  3.62023797e+09
  -1.98154664e+09  1.75706971e+09  8.39656277e+08  3.28668635e+09
  -9.92300454e+08  1.03759506e+07  9.55550737e+08 -2.88961157e+09
  -1.08138023e+09  3.34514335e+09]
 [-8.73556935e+06 -5.88591491e+07 -2.22354893e+07  9.04970100e+06
   1.70372329e+07  2.34071111e+07  6.85501619e+06  1.29569669e+07
   6.14309106e+06 -3.69966854e+05 -8.40561551e+06  3.37375659e+07
  -4.06400569e+06  1.34050280e+07 -6.62481305e+07  2.52210899e+07
  -2.73213202e+07  3.73478691e+07  1.09614401e+07  1.87170137e+07
  -9.01378614e+06  4.48855596e+06  2.76315243e+07 -5.10896202e+07
  -1.50395527e+07  2.44229996e+07]
 [ 6.12451963e-02 -8.40696873e-03  1.23283220e-02 -1.23216954e-03
  -2.21753229e-02 -8.54373376e-04  3.78231824e-03  2.08647836e-02
  -1.97351306e-02 -1.04036696e-01 -6.60951650e-02  2.50008199e-02
  -1.25012057e-01 -1.90328945e-02  1.08131031e-01  6.80774016e-03
  -3.88729811e-02  2.55649333e-04 -1.31363152e-02  3.54241553e-05
   9.45480401e-02  1.81476450e-02  1.22421867e-01  1.89742098e-04
  -5.89199312e-02  3.75142624e-03]
 [ 1.69426622e+00  1.03682360e+00  1.77485684e+00 -2.79357721e+00
  -9.70325471e-01  2.61073996e+00 -1.47654673e+00  3.33328660e+00
   1.35841820e+01 -8.19790904e-01 -3.58688753e+00  3.37664342e+00
   1.20258461e+01 -1.36500384e+00 -2.06298526e+01 -1.29084023e+00
  -1.41117540e+01 -4.96510033e+01  1.10154636e+00 -1.74231945e+00
   1.60617129e+01  5.01054171e-01  1.31423129e+00  4.75665115e+00
   3.06413035e+01  4.62475712e+00]
 [ 1.73728635e-02  2.67033644e-02  1.58937993e-01 -5.67581317e-02
  -3.95352337e-02  2.24940077e-02  4.10757170e-02  8.42269273e-02
   5.59021699e-03 -1.51232090e-01 -1.42463187e-01 -2.30029381e-02
   2.33477448e-02  4.39034002e-02 -4.54110281e-03  3.30500901e-03
  -5.69215565e-02  3.02259048e-04  1.76288568e-02  6.89176061e-03
   2.04871017e-01 -6.41701234e-02 -4.11474722e-01 -9.97937390e-03
  -4.72681490e-02  3.50695471e-01]
 [ 3.94494110e-03 -1.60986322e-02 -7.22234828e-03 -1.25316349e-02
  -7.02789632e-03  2.54139933e-02  9.92126430e-04  2.47189440e-02
   2.74096081e-02 -4.61778738e-02 -6.48036496e-02 -9.57353675e-02
  -1.68726235e-02 -2.73601814e-02  8.95397055e-03 -1.91201003e-02
  -2.31134086e-02  3.32189155e-02  1.59240633e-02 -7.68680225e-04
   1.06871446e-01  9.96554368e-03  8.53650904e-02  6.89424802e-03
  -5.01060215e-04 -1.23394331e-02]
 [ 1.50747170e+09  2.45036665e+10  4.59033438e+09 -7.94573380e+08
  -5.76166391e+09 -5.19366739e+09 -2.60364887e+09 -6.33395093e+08
  -1.28208199e+09 -2.37386242e+08 -1.06835271e+09  4.99751036e+08
   1.13693771e+09  1.00104919e+09 -3.08006784e+09 -7.82690707e+09
   2.57199135e+08  3.53525367e+09  1.12944521e+09 -8.10325474e+09
   1.57525291e+09  5.18444510e+08  2.09892828e+09 -1.38247688e+09
   2.64906245e+09 -7.03532063e+09]
 [-9.83619433e+08 -1.04803764e+10 -2.68450333e+09  7.51887734e+08
   3.00064165e+09  2.91419545e+09  1.08288845e+09  9.30434114e+08
   9.43948853e+08  4.35583767e+07 -3.35243338e+08  8.05198934e+08
   1.30533320e+09  3.16175994e+08 -4.49684697e+09  3.62971755e+09
  -1.98677437e+09  1.76182667e+09  8.41066070e+08  3.29513966e+09
  -9.94936556e+08  1.08549471e+07  9.59292774e+08 -2.89816939e+09
  -1.08567339e+09  3.35398276e+09]
 [-1.42143929e+06 -1.51542393e+07 -3.81502529e+06  9.92238661e+05
   4.80280587e+06  4.16750450e+06  1.46684633e+06  1.20281096e+06
   1.64381577e+06  6.67877341e+04 -5.80552199e+05 -7.09229394e+05
   4.59362104e+06  1.81561235e+04 -7.83479145e+06  5.03497423e+06
  -3.02581016e+06  2.87958092e+06  1.81664741e+06  4.58874755e+06
  -1.39901006e+06 -2.05451969e+05  9.33306424e+05 -4.01287232e+06
  -6.72842847e+05  4.62342077e+06]
 [ 5.29755693e+05  5.50614606e+06  1.53783104e+06 -6.03558270e+05
  -6.07099063e+05 -1.65303476e+06 -7.80792981e+05 -8.13683348e+05
   8.02244605e+04 -1.00363222e+04  3.21898002e+03 -4.42815436e+06
   4.99546368e+06 -1.12189984e+06 -2.72792734e+05 -2.36223771e+06
   7.84215115e+05 -3.28158409e+05  7.87172643e+05 -2.09685501e+06
   6.14809832e+05 -4.73384163e+05 -1.52193108e+06  2.01223273e+06
   2.47161547e+06 -2.24906765e+06]
 [ 3.86002557e-03 -1.48926529e-02 -4.16665162e-03 -1.38183631e-03
  -3.48888859e-03 -2.74147505e-02  4.46329964e-04  2.47842325e-02
  -3.06834458e-02  4.90354361e-03  1.40338000e-02 -3.70736789e-02
  -1.96358412e-02  1.42857618e-01 -6.19882329e-02  9.24516083e-04
  -3.57758258e-02  3.93427728e-02  4.24774989e-02  2.64871677e-03
   5.46955464e-02 -8.18420020e-03  2.73824768e-02 -3.93186853e-02
  -7.01176051e-02 -4.23478210e-03]
 [ 1.27095475e-02 -2.84725347e-02 -2.11698923e-03 -2.61397858e-03
   2.77435866e-03  1.02959940e-01  4.67077314e-03 -9.99202574e-03
  -7.47395918e-02  4.16421202e-03  1.35198648e-02  1.05159630e-01
   9.95446776e-02  4.76789747e-03 -6.89972157e-02 -1.10733712e-03
  -2.79936234e-02 -1.79352055e-02  2.98682530e-02  1.12004177e-03
   4.70004205e-02 -6.10009437e-03  7.60308590e-02  6.88695250e-02
  -3.34068737e-01  9.77332824e-04]
 [ 1.59728262e-01  1.83767884e-02 -4.69495380e-02  2.66263219e-03
   2.65111326e-02 -1.26769887e-02  6.71020896e-03  7.68693878e-03
  -1.94796049e-02  1.47536993e-02  7.95599956e-04 -2.70508246e-02
  -1.12148034e-01 -1.66794009e-01 -5.20195998e-02  4.82409168e-04
   5.64399283e-02 -6.94864810e-04 -3.92417177e-02 -6.60844187e-04
   3.45713571e-03 -2.23840567e-02  1.67398930e-01 -3.96693302e-02
   1.07320506e-01 -3.25547592e-02]
 [ 3.35438203e+06  2.52481979e+07  8.26765191e+06 -2.58052305e+06
  -1.09091023e+07 -8.83058733e+06 -2.06789480e+06 -3.51552524e+06
  -4.69975727e+06  4.68100859e+04  3.55544879e+06  3.62993013e+06
  -2.07101532e+07 -9.31412917e+05  3.38708721e+07 -8.59408939e+06
   1.09590567e+07 -1.53093234e+07 -8.62710166e+06 -6.63837162e+06
   3.15324044e+06  3.03504695e+05 -5.65951819e+06  1.63513001e+07
  -1.61253988e+06 -8.05449466e+06]
 [ 5.87252867e-02 -3.85014180e-03 -9.61584094e-05  1.62727308e-02
   6.81897388e-03 -2.95378180e-02  2.15045123e-02 -5.85024210e-02
  -7.23626657e-03 -2.19145231e-02  5.72432956e-02  1.87610312e-02
  -8.12831496e-03  7.23838689e-03  2.23611849e-02 -6.16725903e-04
  -8.21624317e-02  1.07302644e-02 -1.52572823e-02  1.63137136e-02
   5.04283448e-02 -1.19590967e-02 -1.30988374e-02 -1.38387437e-02
  -2.52954246e-02  5.09646109e-03]
 [-1.13108660e-02  1.91522430e-02  2.49980673e-01  2.97380089e-02
   9.50545173e-03  1.02875759e+00  9.01426745e-02 -3.69920200e-01
   1.83327544e-01 -4.91187825e-02 -3.29662386e-02  1.21378978e-01
  -5.48556854e-02 -1.40376243e-02 -2.49759603e-01  2.86155247e-02
   5.36111030e-02 -5.68907454e-02 -3.78705895e-02  1.82301732e-01
  -3.23618736e-01  2.58000231e-02  1.21209235e-02  6.96661756e-03
  -5.54920160e-01 -2.86129858e-01]
 [ 1.49819582e-01  5.13938325e-02  5.01592839e-02  2.11070673e-03
   3.83626425e-02 -4.89166233e-02 -1.19383883e-03  6.82045933e-02
  -7.80341229e-04 -7.76468811e-02 -5.43541609e-03  1.88511830e-02
   1.85245486e-02 -1.05511057e-02  1.40103136e-02  4.26202022e-03
  -1.90538698e-01  1.92814213e-02 -4.00532521e-03  1.46087092e-03
  -2.57676742e-02  4.34924901e-02 -1.28589390e-01 -1.07443219e-02
  -3.15734293e-02  5.58095554e-02]
 [-1.63307805e-03  3.32417912e-02 -4.69871881e-02  5.09429846e-02
   4.84971088e-02 -8.47334254e-03  2.80077103e-03 -5.79244166e-03
  -1.54504991e-02  4.08216829e-02  2.88239824e-02  4.47597288e-03
  -1.22956552e-03 -1.22316937e-03  4.33636037e-02  4.72583666e-02
  -1.89564722e-01  1.04246557e-02 -3.75504480e-03  2.72598929e-02
  -3.55629784e-02  7.09673928e-02  4.06171949e-02 -1.25353230e-02
  -3.16058829e-02 -9.56821655e-02]
 [-1.88194417e+06 -9.42528960e+06  1.55682474e+08 -2.55458412e+07
  -9.14761215e+06  8.34297890e+06  1.36474872e+07  5.87047059e+06
   1.13031963e+07 -1.22849815e+07 -1.98603459e+07 -2.76154359e+06
  -1.29614722e+06  3.29168574e+06 -1.34013074e+07 -2.44404469e+07
  -1.92969467e+07  4.43293583e+06  7.16651758e+06 -4.79965913e+06
   8.97854739e+06 -3.73726500e+07 -1.81278986e+07 -1.22474613e+06
  -3.37359326e+06 -1.44753400e+07]
 [ 6.13068926e-02 -5.36488193e-02 -2.07085592e-02 -3.76902369e-02
  -6.57493983e-02 -3.30177922e-02 -1.76500529e-02  2.50082573e-01
  -3.28837534e-02  3.93412006e-03  1.12686427e-01  3.72474449e-02
   2.86370197e-02 -2.73768100e-02  4.64352865e-02 -3.03024527e-02
  -8.99861734e-02  1.54748254e-02 -1.01497657e-02 -1.20646395e-02
  -8.59371593e-02 -3.37706856e-02  3.19277641e-02 -1.55642169e-02
  -1.32586717e-02 -7.97316590e-03]
 [-1.95128528e-02  3.17048779e-02 -1.13621664e-02 -5.01845880e-02
   1.83938192e-01 -1.04565074e-02 -6.63508123e-02 -2.10765857e-02
   1.00084795e-02 -5.39717392e-02 -2.78496851e-02  2.27949859e-02
   9.30033863e-04 -1.82272822e-02  8.02857338e-03 -1.34222885e-02
   4.70260107e-02  1.83581001e-04  1.48528886e-03 -5.22244011e-02
   9.12905631e-02 -2.48369992e-02  1.87419501e-03  4.23943065e-03
  -1.63475324e-02 -1.76807719e-02]
 [ 1.37384320e+06  1.00917436e+07  3.64299586e+06 -1.56466682e+06
  -1.89420558e+06 -3.83986295e+06 -1.36471676e+06 -2.23185129e+06
  -4.11209261e+05  5.03668710e+04  9.79600630e+05 -8.74435893e+06
   6.18218447e+06 -2.80515291e+06  6.83170350e+06 -4.59641203e+06
   3.71878588e+06 -4.59936484e+06 -3.19815617e+05 -3.58473331e+06
   1.49575162e+06 -1.07244482e+06 -4.85551517e+06  7.78330185e+06
   4.19458031e+06 -4.46054749e+06]
 [ 9.51538180e-03 -2.42477144e-02  1.36483805e-02 -1.61542633e-02
  -2.46238873e-02 -1.63565431e-02  2.56153877e-02  2.74010773e-03
   2.97128864e-03 -4.01561917e-02 -2.18900170e-02  3.35932296e-02
   4.81835117e-03  2.37059141e-02 -9.14152609e-02  5.31321523e-03
   9.44159815e-02  2.34098767e-02 -1.09136157e-02  4.43104419e-02
  -5.06170981e-03 -7.89970166e-03 -4.95527326e-02 -2.56434840e-02
   6.54580974e-02 -1.56005326e-02]
 [ 3.80260212e+06  4.10074517e+07  1.06157217e+07 -3.33403040e+06
  -9.34310591e+06 -1.15328688e+07 -4.74311352e+06 -4.25429876e+06
  -2.25361179e+06 -1.51542410e+05  7.29647794e+05 -1.23170656e+07
   8.62906931e+06 -3.31176508e+06  1.00968243e+07 -1.52024906e+07
   6.74251564e+06 -4.75107201e+06 -1.08260002e+05 -1.37886339e+07
   4.03484344e+06 -1.08152754e+06 -5.71875625e+06  1.16985831e+07
   8.72017786e+06 -1.41852944e+07]
 [ 4.85807875e-03 -7.46038243e-02  1.78825411e-01 -5.84916141e-03
  -3.53550902e-02  3.24145306e-02 -3.65014761e-03 -2.21763107e-02
   5.84157896e-02 -5.36409416e-02 -4.60257462e-02 -2.73527712e-02
  -1.34393066e-02  7.06307251e-03 -6.80050567e-02 -1.05578410e-01
  -1.72930893e-02  5.56123729e-03  1.08458004e-02  5.78861561e-02
   7.74291375e-03 -1.12553697e-01 -4.87087868e-02  1.16189452e-02
   1.01480092e-02  2.48852395e-01]
 [ 9.56490400e-03 -1.50515911e-02  8.49903448e-03 -2.13660365e-02
  -1.18616381e-02 -4.78552037e-03 -2.18459247e-02  2.46936061e-02
  -5.35807802e-02  5.33419306e-03  1.82426358e-02 -2.84061372e-03
  -6.36965821e-02 -1.18183047e-02  6.63013644e-02 -1.40444982e-02
   1.10238052e-01  1.37892443e-01 -8.24681665e-03 -1.06871195e-02
  -2.52544103e-02  7.40937169e-03 -7.32402764e-02 -1.69122058e-03
  -2.50247249e-02 -2.31395462e-02]
 [-1.70250982e+06 -8.50767367e+06 -4.16404860e+06  1.90019754e+06
   2.84789867e+06  4.31284685e+06  1.01895096e+06  2.82287840e+06
   1.21758934e+06 -1.33354139e+05 -2.18153672e+06  7.43814144e+06
  -6.00894739e+04  3.19367428e+06 -1.62282661e+07  4.14755264e+06
  -6.28280376e+06  9.42115188e+06  2.90334427e+06  2.59944160e+06
  -1.74355000e+06  1.09000696e+06  6.69765324e+06 -1.20239331e+07
  -2.70754637e+06  4.12398367e+06]
 [-1.41919805e+06 -1.39991887e+07 -3.89855546e+06  1.32514562e+06
   3.17302859e+06  4.20474933e+06  1.65328604e+06  1.75092226e+06
   7.86776465e+05  2.84844118e+04 -4.89862938e+05  5.40122864e+06
  -3.51296462e+06  1.59115965e+06 -4.92382697e+06  5.38320810e+06
  -2.90296120e+06  2.63959966e+06  2.41416826e+05  4.72416129e+06
  -1.50863948e+06  5.47649628e+05  2.81382638e+06 -5.31470553e+06
  -3.35954455e+06  5.06480462e+06]
 [-8.49933217e-03 -3.47319092e-05 -8.14952304e-03  5.50884517e-03
  -6.13284010e-03  7.93009445e-02  6.75449203e-03  4.34558149e-03
  -1.33962840e-02  1.68545459e-02  1.40133764e-02 -1.38999502e-02
  -2.86908423e-02 -5.55758231e-03 -8.79942491e-02  3.08677253e-04
  -4.06863492e-02  3.23274859e-01 -4.45609921e-02  6.07931021e-03
   4.58490650e-02 -7.60677248e-03 -4.35590380e-02 -3.21713034e-02
  -1.63248215e-01  1.89830878e-03]
 [ 1.63461746e-02  3.29911219e-02 -2.11930954e-02 -4.49228928e-02
   3.16821534e-03  2.40108611e-03 -3.94363681e-02  8.51614588e-03
   2.00928919e-02  1.74342248e-03 -3.96745633e-03  1.84711187e-02
   6.34180574e-03  1.47200956e-02 -6.80181753e-02  7.76049300e-03
   4.99776295e-02  1.27438349e-02 -3.12974772e-03 -1.22112054e-02
  -3.44922857e-02  3.96788470e-04 -7.96581635e-03 -7.64180335e-03
   2.13524308e-02  2.59555915e-02]
 [-1.44606161e-02 -2.99865753e-02 -1.21486855e-01 -4.76624532e-02
  -3.38607901e-02  1.93914107e-04  1.26667222e-01 -1.37562297e-02
  -7.77696575e-03  7.05368255e-02  3.85740125e-03 -1.49853238e-04
  -3.77444755e-03 -1.88604858e-02  2.35114093e-02 -2.78561011e-02
   4.05107518e-02 -5.83339742e-03  1.99804200e-02  2.66505912e-02
   1.03271028e-02 -6.37188950e-02  2.55465681e-02  7.68225159e-03
  -5.51893076e-03  3.92381377e-02]
 [ 5.91322008e-03 -1.04360179e-02 -1.45360834e-03 -2.91602456e-04
   2.53552829e-03 -1.50556128e-01  3.64172188e-03 -9.49631584e-02
  -1.69476712e-02  3.36698695e-02  5.15831917e-02  1.03285502e-01
   6.87454060e-02  6.39315236e-02  6.18178841e-02  5.77356421e-03
  -2.95125415e-02  8.96302530e-02 -5.03001268e-02  4.58972311e-03
   5.28327954e-02  3.52600301e-03  7.70754510e-03 -9.54751521e-02
  -1.07267226e-01 -1.98049821e-03]
 [ 2.12761588e-02 -2.08315382e-02  1.51838825e-02 -1.37291718e-02
  -9.40676029e-03 -6.77136568e-02 -8.12784309e-03 -1.88964093e-02
   5.38508392e-02  1.79213639e-03  3.18351567e-02 -1.64002497e-01
  -8.96488687e-03  1.07998594e-01 -5.64928663e-02 -8.33957612e-03
   2.60233038e-04 -2.24079677e-03 -4.13620971e-02 -7.57640236e-03
   1.39509014e-02 -2.50858562e-03  8.17551545e-02  1.48442117e-01
  -5.28601049e-02  6.70801913e-03]
 [ 1.65700473e-01 -7.24112469e-02  1.21740334e-02 -1.35941080e-02
  -2.07014258e-02  1.17815037e-02 -2.41078571e-04  7.67822682e-02
  -2.46418325e-02 -2.95780436e-02 -4.93372736e-02  2.68719808e-03
   2.05232908e-02  6.38650074e-02 -2.78674627e-02 -2.48595962e-02
  -9.56279963e-02  7.02286929e-04  1.58717173e-02 -1.32709993e-03
  -1.56359781e-01 -4.85186167e-02  1.03136913e-01  2.53474635e-02
   6.09821761e-02  5.51123047e-03]
 [-7.26855917e-04 -1.38580721e-03 -1.27162820e-03 -2.29611265e-03
  -5.66178967e-03  4.75925675e-02 -1.71994020e-03  3.63793560e-03
   1.49591025e-02 -1.52142955e-03  3.88838877e-03 -8.26014926e-02
   6.19223364e-02  2.35730141e-02 -4.01716392e-02 -4.34178220e-03
  -1.77080706e-02  1.79310008e-01 -1.01421833e-02 -5.46616786e-05
   2.22431130e-02 -7.11301089e-04  3.99266051e-02 -1.57006983e-01
  -7.41621206e-02  4.43072719e-03]
 [ 3.72821460e+05 -1.10524230e+06  8.09496662e+05 -6.76310384e+05
   4.80384858e+05 -7.55744179e+05 -4.10932484e+04 -1.10717852e+06
   9.01638275e+04  9.70356146e+04  8.91925785e+05 -5.02150146e+06
   2.94527062e+06 -1.87247986e+06  5.05405742e+06 -4.23156925e+05
   2.12377303e+06 -3.74804595e+06 -5.88129317e+05  2.43363999e+05
   4.19724313e+05 -7.47598816e+05 -3.38530404e+06  4.93031747e+06
   1.58205978e+06 -5.68609865e+05]
 [ 2.24370334e-02 -1.06631822e-02  2.44922853e-02 -3.64374628e-02
  -2.87226402e-02  4.48574867e-02 -2.45403124e-02  3.68402399e-02
  -7.17912776e-02  1.77170602e-02  7.09537471e-03  1.26333189e-01
   3.74655786e-02 -3.20059774e-02  2.69848622e-01 -2.77735098e-02
  -7.48597139e-02 -2.66798071e-01 -4.07644531e-02 -1.29299430e-02
   1.07751120e-01  8.39767905e-03 -4.04917594e-02  1.08298256e-01
  -1.68631129e-01  2.48755060e-02]
 [-2.63495441e-03 -2.80592444e-02 -9.91957485e-02  9.64008350e-03
  -5.94515866e-02 -1.76178531e-03 -7.01876078e-02  4.21428626e-02
   2.97782928e-02 -9.86581450e-02 -4.43741663e-02 -1.61804318e-02
   5.32202693e-03  2.61861217e-02 -2.80668200e-02  7.76950369e-02
  -9.24397455e-02 -2.14970830e-04  7.48184329e-03  9.99414306e-02
   8.06349056e-02  4.89800858e-03 -1.72565451e-01 -4.59404473e-03
  -3.93195258e-02  3.73983615e-01]
 [-9.67519316e-03 -3.73076734e-03 -6.15083415e-03  7.69114544e-03
   1.03098032e-03 -1.00326732e-01  6.74516276e-03  2.81187182e-02
   9.72884987e-02 -9.67305387e-03 -1.49434895e-02 -3.84010060e-02
   3.00970271e-02 -1.43789522e-02 -6.42388893e-02  1.77422388e-03
   4.66559833e-03  2.28624190e-01 -3.25922421e-01  1.33905129e-03
  -1.60183186e-02 -3.68878203e-03  1.64058698e-02  1.78764894e-01
   4.19674976e-03  4.06330535e-04]
 [ 1.16642865e-03  5.18774776e-02 -2.48874032e-01 -7.02359900e-03
   3.94000109e-03  1.04100346e-03 -3.38452629e-02  1.54436403e-02
  -1.12761203e-02  1.24437791e-02 -3.56517210e-03  4.56585904e-03
   3.14578396e-03  5.30429832e-03  5.18705466e-03  3.55371649e-02
  -4.66726673e-02  3.88093716e-03 -1.61709787e-03 -1.39745488e-01
   1.16116153e-03  4.22143012e-02 -3.59233334e-02 -1.13825033e-03
  -7.89468842e-03  3.50666820e-01]
 [ 1.04818788e-01 -6.97403427e-02 -8.13357246e-04 -6.69868512e-03
  -4.93666554e-02 -1.14984868e-02  1.15036960e-02 -7.88756796e-02
   3.74184734e-03  5.61977894e-02  7.86085555e-04 -1.69620001e-02
  -3.12941854e-02  3.00885322e-02  3.22056803e-02 -2.80954425e-03
   3.65070902e-02 -1.14768902e-03 -5.20129866e-03  7.77353419e-03
   6.75149638e-02 -1.05861325e-02 -9.83284656e-02  3.43108425e-03
   2.44026098e-02  4.35082157e-03]
 [ 2.79334219e-02 -1.00286777e-03  3.04524338e-02 -5.99229198e-02
  -1.51245904e-02 -3.19351183e-03 -4.58144596e-02  2.45230012e-02
   3.58321350e-02  3.55459124e-02  2.87837677e-02  2.71827596e-02
   1.66155947e-02  3.48712688e-03 -8.23484432e-02 -2.44688733e-02
   2.64218121e-02  8.96138247e-03 -4.06954936e-03 -3.18773010e-02
   2.53162632e-02  3.21579928e-02 -8.70730419e-02 -2.25369358e-03
   2.30864996e-02  1.08491485e-02]
 [-9.80834461e+08 -1.04594997e+10 -2.67720746e+09  7.48942114e+08
   2.99567869e+09  2.90647801e+09  1.08030405e+09  9.26271657e+08
   9.42486508e+08  4.36409529e+07 -3.33116736e+08  7.91829338e+08
   1.31183076e+09  3.11561675e+08 -4.48041651e+09  3.62076697e+09
  -1.97901704e+09  1.75203473e+09  8.39159917e+08  3.28812222e+09
  -9.91988208e+08  9.20269687e+06  9.50647407e+08 -2.88306440e+09
  -1.07917030e+09  3.34535714e+09]
 [ 2.38085297e-02  2.88313614e-03  4.41627553e-03 -2.18543729e-03
   8.27674376e-04  4.16338914e-02 -3.67483630e-03 -7.61728367e-03
  -2.09755395e-01 -2.89591272e-03  4.32436786e-03  5.05949675e-02
   1.09784795e-01  4.66740612e-02 -1.15258838e-01 -3.45110929e-03
   2.31211637e-02 -1.16390608e-02  4.02352850e-02 -2.53412989e-03
  -3.01777940e-02  6.88081053e-04  4.34047032e-02 -8.77589429e-02
   8.28890148e-02  1.66279339e-03]
 [-4.11125569e-03  7.58719982e-02 -3.55321890e-02  8.54835097e-03
   3.42919267e-03 -2.20479591e-03 -3.39734863e-02  2.14646775e-02
  -2.65770414e-02  7.14907901e-02  5.25592304e-02 -1.17488366e-02
  -1.60673630e-02 -4.70953249e-03  5.81263051e-02 -5.07927925e-03
   5.83617805e-03 -4.70865417e-03 -9.40081952e-04 -1.27374999e-01
   3.64857618e-02 -1.61311769e-02  2.58966908e-02  2.35057318e-03
  -1.62758319e-02 -5.66252255e-02]
 [-9.80878627e+08 -1.04576287e+10 -2.67720328e+09  7.49101395e+08
   2.99534921e+09  2.90642083e+09  1.08012171e+09  9.26576098e+08
   9.42490691e+08  4.35935437e+07 -3.33542420e+08  7.92911255e+08
   1.31194001e+09  3.12120113e+08 -4.48297683e+09  3.62036404e+09
  -1.97983278e+09  1.75374012e+09  8.39686261e+08  3.28747599e+09
  -9.92029792e+08  9.41534254e+06  9.51814342e+08 -2.88486025e+09
  -1.07921705e+09  3.34504878e+09]
 [ 4.48398242e-03  4.00922461e-02  3.27042432e-01  4.54035335e-03
   2.80403737e-02 -2.34159790e-02  1.06302612e-01 -1.13935383e-02
  -6.49675208e-02  8.63974423e-02  3.07250857e-02  2.34098643e-02
   1.18734167e-02 -1.51652939e-02  7.36542453e-02  7.47007298e-02
   8.06764250e-02 -9.09952457e-03 -3.05417195e-03  1.25787456e-02
   3.62215622e-03  1.13324901e-02  5.11539876e-02 -3.37508496e-03
  -2.69914180e-03 -8.37456333e-01]
 [-9.80806119e+08 -1.04577833e+10 -2.67704201e+09  7.48971945e+08
   2.99543658e+09  2.90626843e+09  1.08010649e+09  9.26365754e+08
   9.42510781e+08  4.36112036e+07 -3.33380769e+08  7.91937903e+08
   1.31254853e+09  3.11764440e+08 -4.48207186e+09  3.62026448e+09
  -1.97944047e+09  1.75305748e+09  8.39592145e+08  3.28750060e+09
  -9.91947604e+08  9.27266995e+06  9.51179285e+08 -2.88394223e+09
  -1.07889792e+09  3.34492352e+09]
 [-9.81079738e+08 -1.04602607e+10 -2.67777770e+09  7.49231643e+08
   2.99604359e+09  2.90705754e+09  1.08039497e+09  9.26716323e+08
   9.42682279e+08  4.36124314e+07 -3.33522133e+08  7.92921156e+08
   1.31210368e+09  3.12085993e+08 -4.48335746e+09  3.62123117e+09
  -1.98008204e+09  1.75374887e+09  8.39735591e+08  3.28832153e+09
  -9.92235003e+08  9.38012071e+06  9.51790604e+08 -2.88511039e+09
  -1.07947010e+09  3.34583780e+09]
 [ 5.95167209e+02  3.79820018e+03  1.54964258e+03 -7.12076411e+02
  -6.89149215e+02 -1.61911913e+03 -5.38429430e+02 -1.03658186e+03
  -1.58176914e+02  3.40878703e+01  5.21314713e+02 -4.11543810e+03
   2.76879178e+03 -1.36517692e+03  3.48619773e+03 -1.86058099e+03
   1.78307003e+03 -2.37799925e+03 -2.35319452e+02 -1.36506045e+03
   6.48666569e+02 -5.24845064e+02 -2.39581003e+03  3.78631622e+03
   1.85074646e+03 -1.82843812e+03]
 [ 1.93154884e-03 -2.53131041e-04  5.79296591e-03 -2.52616890e-03
  -7.87530456e-03  4.98937228e-02 -5.57470756e-03  2.56858605e-03
   1.20327528e-02 -1.63286737e-02 -5.69718695e-03  2.81736845e-02
  -1.94042986e-02 -5.08725558e-03 -2.92790039e-02 -6.56601069e-03
   2.85099614e-02 -9.08264399e-02  1.15985890e-01 -4.83030142e-03
   2.08802832e-02 -1.97456226e-03 -4.53350435e-02 -2.16387255e-02
  -1.83629679e-03 -7.36284287e-04]
 [ 3.02516445e+09 -7.37457877e+09  5.85922095e+09 -3.95745125e+09
  -3.79020287e+09 -5.55025148e+09  1.09289201e+09 -6.57375998e+09
  -3.70351540e+09  6.78401908e+08  8.47787662e+09 -1.04784160e+10
  -1.89102582e+10 -7.91401424e+09  6.06997625e+10 -4.97867925e+08
   1.92123274e+10 -3.46904577e+10 -1.39768957e+10  4.21000250e+09
   2.80989557e+09 -2.49131300e+09 -1.96415835e+10  3.62164978e+10
  -1.34124519e+09 -1.39023047e+09]
 [-1.68903630e-01 -2.35705086e+00 -5.56430575e-02  7.14013646e-02
   6.84902703e-01  5.33934191e-01  3.18467352e-01  5.91675144e-02
   7.42424448e-02  1.08461574e-01  1.04827404e-01 -4.50107683e-02
  -1.09824518e-01 -1.22587298e-01  1.85219087e-01  7.26818437e-01
   2.04903756e-02 -4.14849176e-02 -6.14416015e-02  8.75923355e-01
  -2.57990215e-01 -8.53157014e-02 -9.02306498e-02 -3.63584523e-02
  -2.27675370e-01 -1.04338761e-01]
 [ 3.02549506e+09 -7.37538473e+09  5.85986130e+09 -3.95788375e+09
  -3.79061710e+09 -5.55085806e+09  1.09301145e+09 -6.57447842e+09
  -3.70392016e+09  6.78476049e+08  8.47880316e+09 -1.04795612e+10
  -1.89123249e+10 -7.91487915e+09  6.07063963e+10 -4.97922336e+08
   1.92144271e+10 -3.46942490e+10 -1.39784232e+10  4.21046261e+09
   2.81020266e+09 -2.49158528e+09 -1.96437301e+10  3.62204559e+10
  -1.34139177e+09 -1.39038240e+09]
 [-4.56379477e+08 -3.70701719e+09  4.31033580e+08 -2.53839363e+09
   1.62172092e+10 -1.90598971e+08 -2.84548566e+09 -3.99512521e+09
   9.42184835e+09  1.50242249e+08 -3.46132009e+09 -5.94602142e+10
   8.81138805e+10 -1.36930884e+10 -4.67335081e+10 -5.37501378e+09
  -6.33158178e+09  1.26155443e+10  2.01054931e+10 -4.53074255e+09
   7.60427378e+08 -6.89352724e+09 -1.34207886e+10  3.25536824e+09
   2.84514920e+10 -5.88975402e+09]
 [-9.80856423e+08 -1.04583435e+10 -2.67718314e+09  7.49014654e+08
   2.99556596e+09  2.90642221e+09  1.08017050e+09  9.26419355e+08
   9.42542235e+08  4.36136061e+07 -3.33387769e+08  7.92083844e+08
   1.31244712e+09  3.11802000e+08 -4.48219404e+09  3.62046887e+09
  -1.97952491e+09  1.75310963e+09  8.39592789e+08  3.28768819e+09
  -9.92000820e+08  9.28431436e+06  9.51244238e+08 -2.88408353e+09
  -1.07900895e+09  3.34511357e+09]
 [-1.39953969e-02 -4.22299281e-02  2.40001272e-02  7.98437042e-03
  -2.27126033e-02  4.55390549e-03  1.12787287e-01 -3.52862629e-02
  -3.24114410e-03 -9.89149665e-02 -8.36427235e-02 -7.78744406e-03
   5.23187636e-03 -1.24815073e-03  1.85539828e-02  3.27529309e-03
   3.96809973e-02 -9.15623804e-04  1.91324295e-03  6.96488471e-02
  -2.41733584e-02  7.06234852e-03  1.14567840e-02  2.62849926e-03
  -5.93664185e-03  3.13066833e-02]
 [-9.80856423e+08 -1.04583435e+10 -2.67718314e+09  7.49014654e+08
   2.99556596e+09  2.90642221e+09  1.08017050e+09  9.26419355e+08
   9.42542235e+08  4.36136061e+07 -3.33387769e+08  7.92083844e+08
   1.31244712e+09  3.11802000e+08 -4.48219404e+09  3.62046887e+09
  -1.97952491e+09  1.75310963e+09  8.39592789e+08  3.28768819e+09
  -9.92000820e+08  9.28431436e+06  9.51244238e+08 -2.88408353e+09
  -1.07900895e+09  3.34511357e+09]
 [-7.09821679e-03  1.36633754e-02 -2.25972774e-02  7.89054710e-03
   1.00935364e-02  7.48462167e-02  1.27496404e-02  5.85772932e-02
   6.64731816e-02  2.80640061e-04 -3.08368674e-02  2.57492882e-02
   3.96475764e-02 -7.97673900e-04  1.10864142e-01  6.05121503e-03
  -1.25212237e-02 -1.31842644e-01 -1.95752733e-01  6.21743998e-03
   5.07537128e-03 -3.01033424e-03 -1.03972220e-02 -7.42204912e-02
   6.22789537e-02 -1.13837339e-02]
 [-9.80856423e+08 -1.04583435e+10 -2.67718314e+09  7.49014654e+08
   2.99556596e+09  2.90642221e+09  1.08017050e+09  9.26419355e+08
   9.42542235e+08  4.36136061e+07 -3.33387769e+08  7.92083844e+08
   1.31244712e+09  3.11802000e+08 -4.48219404e+09  3.62046887e+09
  -1.97952491e+09  1.75310963e+09  8.39592789e+08  3.28768819e+09
  -9.92000820e+08  9.28431436e+06  9.51244238e+08 -2.88408353e+09
  -1.07900895e+09  3.34511357e+09]
 [ 5.52967963e-03 -2.76131738e-02  1.59727296e-02 -1.75814908e-02
   1.12531827e-01 -1.01335360e-02 -1.68255547e-02 -2.17211814e-02
  -8.81507393e-05  1.54503487e-02  3.71988558e-02 -8.28302350e-03
  -8.48666043e-03 -4.06002547e-03  2.13584137e-02 -6.58117440e-02
  -1.53994733e-02  1.57815330e-03 -4.48201194e-03 -3.89846770e-02
  -1.02033190e-02  4.97294670e-02  9.86517892e-03 -5.19213665e-03
  -1.03712426e-04 -1.42447828e-02]
 [-9.20690742e-09 -2.87338860e-08 -2.34638752e-08  1.46103749e-08
  -5.42282685e-09  2.36119244e-08  7.54431624e-09  2.24696734e-08
  -4.10234288e-09 -1.26387141e-09 -1.12403518e-08  1.17689994e-07
  -1.01062344e-07  3.75920058e-08 -5.49017197e-08  2.60902092e-08
  -3.34982349e-08  5.02372457e-08 -3.20248002e-09  1.47490283e-08
  -1.08166401e-08  1.55536457e-08  6.11775644e-08 -8.35786076e-08
  -4.80918413e-08  2.72599471e-08]
 [-1.13505333e-02 -9.94423246e-03  2.54721742e-02 -2.07970597e-02
  -1.05200546e-02 -1.49123501e-03 -2.04454198e-02 -4.76970828e-03
  -1.16359266e-01  2.04956117e-02  2.95964322e-02 -9.76126309e-02
   1.26512336e-02 -9.68715696e-03  1.03677319e-01 -1.62998780e-02
   1.45823978e-02 -8.34325674e-02  9.85931788e-02 -9.67443578e-03
   4.94783253e-03  2.64974845e-03  4.38194838e-02  2.33510299e-02
   2.03257789e-02  1.22219572e-02]
 [ 1.57135068e-30  4.55343471e-30  3.60950099e-30 -1.82331201e-30
  -2.52314615e-30 -3.66284754e-30 -4.97173905e-31 -2.80939722e-30
  -1.39797877e-30  1.86939467e-31  2.70496172e-30 -6.13929864e-30
  -3.20376715e-30 -3.20025965e-30  1.98851406e-29 -2.78386068e-30
   7.00632388e-30 -1.13871772e-29 -4.07760343e-30 -1.07385025e-30
   1.56045530e-30 -1.04991776e-30 -7.23962000e-30  1.32467692e-29
   1.44105517e-30 -2.89672135e-30]
 [-1.53935082e-03  2.98887228e-02  2.63101439e-01 -3.75103120e-02
   1.51704576e-02  8.34857023e-03 -1.15354912e-01  2.55949802e-02
  -2.38050832e-02  3.63567027e-02 -2.26692937e-03  5.15458308e-03
   4.76127281e-03  4.10188725e-03  1.45531394e-02 -1.53044682e-02
  -7.33440303e-02 -5.65039357e-03 -6.34323413e-04 -7.27904426e-02
   2.59339193e-02 -5.45381446e-02  3.97803976e-03  5.07489524e-03
  -3.99729639e-03 -3.52829228e-02]
 [ 3.74585933e-32  1.88176796e-31  9.73460583e-32 -5.21479791e-32
  -9.78899965e-33 -1.00082137e-31 -3.39176489e-32 -7.80595587e-32
   4.92798055e-33  3.45869674e-33  3.68877264e-32 -3.75943410e-31
   3.09721824e-31 -1.19768829e-31  2.02777552e-31 -1.15389697e-31
   1.20122523e-31 -1.67836108e-31  4.97327184e-33 -7.75066849e-32
   4.26640715e-32 -4.85749275e-32 -1.97715652e-31  2.82957143e-31
   1.61635885e-31 -1.16376489e-31]
 [-9.80856423e+08 -1.04583435e+10 -2.67718314e+09  7.49014654e+08
   2.99556596e+09  2.90642221e+09  1.08017050e+09  9.26419355e+08
   9.42542235e+08  4.36136061e+07 -3.33387769e+08  7.92083844e+08
   1.31244712e+09  3.11802000e+08 -4.48219404e+09  3.62046887e+09
  -1.97952491e+09  1.75310963e+09  8.39592789e+08  3.28768819e+09
  -9.92000820e+08  9.28431436e+06  9.51244238e+08 -2.88408353e+09
  -1.07900895e+09  3.34511357e+09]
 [-1.04299465e-02  1.85903002e-02 -1.65458275e-02  1.61621762e-02
   1.31216374e-02  3.18563329e-02  1.34883378e-02 -5.61419335e-03
  -2.23253504e-03 -3.21352397e-02 -3.04668344e-02  3.78729933e-02
  -8.88345016e-02 -9.10001115e-02  2.67521145e-02  2.17869804e-02
  -6.62444480e-03 -1.81522925e-02  3.73498485e-02  9.37894644e-03
  -1.16364646e-04  9.49060182e-03  6.50527899e-02  2.10536671e-02
  -1.04168144e-02 -9.38762043e-03]
 [-1.49554186e+05 -1.61496649e+06 -4.35349288e+05  1.17740110e+05
   4.62035873e+05  4.44276710e+05  1.64832496e+05  1.38747695e+05
   1.41989765e+05  9.03938202e+03 -4.42824783e+04  1.16412635e+05
   1.95594889e+05  4.35390694e+04 -6.61523209e+05  5.61980669e+05
  -2.93259265e+05  2.53597678e+05  1.22174633e+05  5.09708490e+05
  -1.53108211e+05  6.16859675e+03  1.40114584e+05 -4.27487386e+05
  -1.65891011e+05  5.17468244e+05]
 [-9.17030455e-03 -1.51625816e-02 -2.33586967e-03 -3.16469350e-04
  -4.91852949e-02 -7.60164858e-03  1.47957551e-02  6.50810311e-03
  -4.16338063e-02 -3.55663138e-02 -3.57178695e-02  3.46918946e-02
   4.10184273e-02  6.38473820e-02  2.58878560e-02  9.03945096e-04
  -8.80633698e-02 -1.45138036e-02 -1.92925539e-02  9.65605946e-03
   1.01503804e-01 -9.77564889e-03  2.83548091e-02 -9.69141961e-03
   6.81293952e-03  4.04597865e-03]
 [-7.02011598e-03 -1.63868982e-03 -1.97793572e-01 -2.40589873e-02
  -4.47064446e-02 -1.38400974e-02  8.59684302e-03  3.35269675e-02
  -1.59611520e-02 -5.56589749e-02 -5.57832461e-02  1.55046616e-02
   1.33687810e-02  2.06240192e-02 -1.73122600e-02  2.72244814e-01
  -5.14909496e-03  4.19155694e-03 -2.10651305e-03  2.40207734e-01
   4.08515040e-02  3.45417961e-02 -1.28298154e-01 -1.83057643e-02
   1.04866497e-02 -1.06512260e-01]
 [-7.88931783e-02  4.66095394e-02  1.63453830e-02  2.52802960e-02
  -4.72764223e-03 -1.56215815e-03  1.71263884e-02 -2.29016790e-01
   1.34003768e-02 -6.94085685e-02 -8.03594185e-02  1.73884492e-02
   9.13821628e-02  1.44855930e-01 -3.80834018e-02  2.91961784e-02
  -7.61839429e-02 -9.94779566e-03 -3.25334042e-03  1.13221809e-02
  -9.60379531e-02  4.25471920e-02  1.32045080e-01  1.67035271e-02
   5.55600185e-02  2.77114877e-02]
 [ 1.33907591e-02  5.12681038e-02  5.87469100e-03 -1.08373669e-03
   4.40108207e-02  4.57883793e-02 -1.48538551e-03  1.44418585e-02
   6.64708076e-02  2.87011207e-03 -2.94530986e-02 -1.90077970e-02
   6.31964187e-03  1.32506614e-02  7.93862723e-02  9.76086472e-03
   1.16574459e-01  3.62779495e-03  1.50100043e-02 -1.20361319e-02
  -3.59806967e-01  3.12076499e-02  5.40622284e-02 -1.98242388e-03
  -1.62868761e-01  1.44091930e-02]
 [-9.80856423e+08 -1.04583435e+10 -2.67718314e+09  7.49014654e+08
   2.99556596e+09  2.90642221e+09  1.08017050e+09  9.26419355e+08
   9.42542235e+08  4.36136061e+07 -3.33387769e+08  7.92083844e+08
   1.31244712e+09  3.11802000e+08 -4.48219404e+09  3.62046887e+09
  -1.97952491e+09  1.75310963e+09  8.39592789e+08  3.28768819e+09
  -9.92000820e+08  9.28431436e+06  9.51244238e+08 -2.88408353e+09
  -1.07900895e+09  3.34511357e+09]
 [ 8.22188566e+09  1.18850951e+11  2.42014781e+10 -4.96002194e+09
  -2.93898549e+10 -2.70515494e+10 -1.25453609e+10 -4.84257784e+09
  -7.28300882e+09 -9.95739998e+08 -3.05349584e+09 -2.99544043e+08
   6.83263986e+08  2.85934496e+09  6.86435398e+08 -3.87193291e+10
   6.28935942e+09  8.35152022e+09  1.91744652e+09 -3.88438382e+10
   8.50292174e+09  1.89140296e+09  5.19593319e+09  2.66559925e+09
   1.27153010e+10 -3.50485224e+10]
 [-2.21618714e-02  1.07746826e-02  6.03396517e-02 -5.99885557e-02
   5.46378503e-02  5.31690887e-03 -6.99304929e-02  4.51147258e-02
  -4.79965401e-03 -1.19027983e-02 -2.44297367e-02  2.38818933e-04
   4.46329027e-03  4.38577670e-03 -5.25559848e-03  2.00494099e-02
   3.77875710e-02 -3.04351489e-03  2.09278770e-03 -6.76400745e-02
  -1.38664436e-02 -1.07576971e-02  6.81340895e-03  2.91303864e-03
   3.12792105e-03  3.57205952e-02]
 [-2.09621036e+04 -1.56791696e+04  1.61099705e+03 -2.49675276e+03
  -1.73855752e+04 -1.21871248e+04 -1.81901721e+03  2.30604780e+04
   5.85681225e+04 -2.99570436e+03  4.12929651e+03 -1.78308898e+04
  -5.25253380e+03  1.64094215e+02 -2.84592553e+04 -6.05511998e+03
  -2.99846620e+04  1.43813525e+05 -3.05651740e+04  2.55155594e+03
   7.50310827e+04 -4.96354940e+03 -1.30526433e+04 -9.61327048e+03
  -9.16987743e+04  2.07216813e+03]
 [ 3.81884982e-05 -6.84612867e-03  1.16667677e-01 -3.71702392e-02
  -3.46830014e-02  5.45889299e-03  6.77819112e-02  2.10058980e-02
  -1.13385878e-03 -6.91389230e-02 -3.66490660e-02 -7.12778402e-03
  -3.07639222e-03  6.13726094e-03  1.92640911e-02 -5.39497227e-02
   6.10047830e-03  3.52763968e-03  1.33152331e-02 -4.21544448e-02
   6.99584331e-02 -7.96424693e-02 -5.06437503e-02 -1.21985979e-02
  -1.30478050e-02  1.18206479e-01]
 [ 6.23565688e-12 -4.50432958e-11  1.06794000e-11 -1.01919768e-11
   3.74085392e-13 -9.26325174e-12  4.70534697e-12 -1.75844532e-11
  -5.79523948e-12  2.05462512e-12  2.22465440e-11 -4.40073907e-11
  -2.64537625e-11 -2.53724413e-11  1.48625634e-10  5.17493377e-12
   4.81039447e-11 -9.05749642e-11 -3.21057421e-11  1.79486098e-11
   5.93215045e-12 -8.88089204e-12 -5.69714141e-11  9.66915625e-11
   1.56932828e-12  1.90300228e-12]
 [-1.20600814e-02  1.26362215e-02 -2.24194586e-03  1.38890367e-02
  -4.86596811e-03  5.53792175e-02  1.19907464e-02 -4.54869981e-02
   1.14224713e-01  4.59329608e-02  5.33986829e-02 -8.72525781e-02
  -7.58097740e-02 -2.92248245e-03 -4.98723670e-02  5.67123499e-03
  -1.07393090e-01  1.40854092e-02  1.48849023e-02  1.39916896e-02
   9.69106823e-03 -4.21238758e-03 -3.21668820e-02  1.44027914e-02
   2.80469117e-02  1.60589681e-02]
 [-1.22937446e-02 -8.11990978e-03 -2.29990462e-01 -3.14715011e-02
  -1.62636468e-02 -1.26989624e-02 -6.28074189e-02  3.60229793e-02
   8.31260224e-03 -1.33824626e-03  3.74256873e-02  5.35925744e-03
  -5.23607245e-03 -9.00298344e-03 -3.12083972e-03 -1.94111823e-03
   1.15065483e-02  1.38053980e-03 -4.98000468e-03  1.70490364e-03
  -4.21632731e-03  4.98980697e-02 -2.46588492e-03 -1.02713219e-02
   2.14590725e-02  2.43148784e-01]
 [ 2.07066596e-02 -1.85890325e-03 -3.87161456e-01  9.55941112e-03
  -2.88561116e-02 -1.13640578e-02  1.25469819e-01 -5.32819252e-02
   2.46135243e-02  4.64115847e-02  5.78185026e-02  2.11113765e-03
  -8.74310852e-03 -1.06146071e-02 -2.28744035e-02  2.96105762e-02
   9.30848680e-02 -5.84572515e-04  3.02237843e-03  6.96081683e-02
  -7.11037261e-03  6.21796758e-02  9.75201496e-03 -2.29353736e-03
   2.72776189e-02 -4.64828834e-02]
 [ 1.16249578e-02  1.30286307e-02 -1.80209297e-03  1.52417578e-03
   7.42394925e-03 -1.97241726e-01 -1.54616057e-03 -6.12379126e-02
  -7.53456167e-02 -3.92532079e-03  1.39486816e-03 -4.04865567e-02
   9.48701210e-03 -8.19592192e-04  4.18795926e-02  4.13103127e-03
   1.30715525e-02 -2.07050685e-01  3.39810830e-01 -1.28010801e-03
   5.02660260e-03  1.94836397e-03 -7.70914689e-03  1.47878728e-01
   4.63001931e-03 -4.41539557e-03]
 [-1.98976878e-02 -1.81898566e-02  9.50980189e-03 -1.94801060e-03
  -5.17994502e-04  6.62247572e-02 -7.15819073e-04 -2.26853706e-02
  -8.61163749e-02  8.78516937e-03  2.42968336e-02  4.71020652e-02
   1.54550161e-04  9.19431559e-03  4.50646127e-02 -1.65018247e-03
  -1.41898325e-02  8.01851335e-02 -3.71011846e-02  2.68728397e-03
   1.09428866e-02 -1.52985805e-03  4.10028476e-02 -5.99922032e-02
  -8.67199390e-02  6.10405647e-03]
 [ 3.04526585e-03  1.39990988e-02  6.02261087e-04 -9.10851276e-03
   2.24627255e-03  4.43766182e-02 -4.12337894e-03  4.31355172e-02
  -5.72100718e-02  1.51583741e-02 -4.36463209e-03 -2.17009570e-02
   3.25089602e-04 -1.65239908e-02 -7.99006478e-02 -2.52016867e-04
  -3.13614168e-02  2.63907999e-01 -3.07886880e-03 -4.65546732e-03
  -5.25228982e-02  1.30089914e-02 -3.73192141e-03  2.01635845e-03
  -1.20618003e-01  7.33093763e-03]]