[[ -1.04493049]
 [  2.74228025]
 [ -4.97289246]
 [ -4.20595235]
 [-27.00058896]
 [ -6.97248874]
 [ -4.54149606]
 [-10.33587288]
 [  6.01599349]
 [ -8.33284106]
 [ -4.91802966]
 [ -7.86199243]
 [ -9.74880978]
 [-12.68150116]
 [-24.10765067]
 [ -4.41412277]
 [  5.30440981]
 [-10.18075462]
 [ -4.08331589]
 [  3.44143683]
 [  2.56738786]
 [ 22.32825278]
 [ 30.24497581]
 [ -9.77327041]
 [  6.52557336]
 [ 13.05482166]
 [-23.18577461]
 [ -1.34592121]
 [ 11.38810439]
 [ -2.53915622]
 [ 11.3539948 ]
 [ 14.47132804]
 [ 10.75062205]
 [-14.63404487]
 [  0.25522778]
 [ 10.17898774]
 [-48.98130768]
 [  0.48276336]
 [ 11.42416347]
 [  7.63944   ]
 [-47.50906657]
 [ -0.43796704]
 [ -1.93063301]
 [-17.63898687]
 [ -1.64340463]
 [ 10.05595456]
 [-10.17397556]
 [ 39.6604194 ]
 [ 16.34340782]
 [ -4.04957091]
 [  1.63485781]
 [-16.54566357]
 [  2.58308436]
 [-13.69181321]
 [-11.43180684]
 [ -0.40639847]
 [ -7.09328131]
 [ 34.51228575]
 [ 12.02743886]
 [ -4.09614964]
 [-16.80055816]
 [ 16.91363442]
 [-35.8314107 ]
 [ 33.20140807]
 [  4.81293864]
 [  9.88576198]
 [  4.53600007]
 [-14.23393463]
 [-14.53971278]
 [  5.07097392]
 [ -6.70962262]
 [ -8.30294985]
 [-23.47581056]
 [ 11.11171301]
 [  3.84770666]
 [ -7.66667905]
 [ 15.09843668]
 [-42.33259156]
 [ -4.98940295]
 [ 12.72071773]
 [  1.57358607]
 [ 26.17670714]
 [ 12.40337439]
 [ 36.10756334]
 [ -0.91729534]
 [  6.63198497]
 [ 34.88399889]
 [ 11.57490266]
 [ -5.73589025]
 [  9.12669214]
 [-16.01196176]
 [ 19.37991181]
 [-23.06993212]
 [  6.19830178]
 [ -3.27391864]
 [ -0.64847524]
 [ 36.16650518]
 [-20.46166615]
 [ 11.37845532]
 [  9.89155502]]