[[  4.18428414  -4.18240512]
 [ -3.85373728   3.88380626]
 [  2.94504344  -2.93040826]
 [ 10.23628689 -10.24872987]
 [ -0.71593808   0.69930019]
 [ -8.02705656   8.04204142]
 [ -0.2859544    0.30130636]
 [ 16.60702392 -16.58504256]
 [  4.21020685  -4.20707177]
 [  5.88766699  -5.87906324]
 [ -3.2830783    3.30257338]
 [  4.90084835  -4.88341272]
 [  0.08946192  -0.09741457]
 [ -1.15114539   1.15411157]
 [ -2.89339421   2.89055029]
 [ 11.32456999 -11.31262993]
 [  9.24551879  -9.22817231]
 [-13.40470702  13.43607459]
 [  5.21228539  -5.22675172]
 [ 14.91274079 -14.85458889]
 [  5.96409838  -5.96369126]
 [ 13.94591488 -13.90254389]
 [ -8.99730959   8.99551362]
 [ -3.80995905   3.83066343]
 [-15.51719398  15.54522673]
 [-20.27012687  20.29070012]
 [  3.39268302  -3.38529307]
 [  6.50712008  -6.49649411]
 [  4.36066982  -4.34997616]
 [ 11.1700012  -11.18229062]
 [-13.56121839  13.55976289]
 [  9.7639577   -9.72372457]
 [ -0.65450041   0.66255614]
 [ -8.26441727   8.27198606]
 [ -9.66186343   9.6517356 ]
 [ -3.7047623    3.7401441 ]
 [ -4.37487199   4.38674976]
 [  0.45535442  -0.46623798]
 [ -0.16167873   0.17904002]
 [  9.77791737  -9.77990462]
 [ 13.10707903 -13.07579137]
 [  2.99958048  -3.01760536]
 [ 11.58656033 -11.59784662]
 [ 12.62802638 -12.62219622]
 [  4.81501695  -4.78291537]
 [  2.04219405  -2.05109339]
 [ -1.08224002   1.07592231]
 [ -0.1030749    0.14226962]
 [-10.51390478  10.5109562 ]
 [ -5.89443059   5.94403812]
 [ 11.86845845 -11.86813482]
 [ -0.52183073   0.52792118]
 [ -7.95446533   7.96083222]
 [ -5.50857874   5.52855692]
 [ -4.81219051   4.81458126]
 [ -5.14452813   5.15216641]
 [  2.64843475  -2.64681826]
 [ 15.8727111  -15.84743717]
 [ -4.65669991   4.65896361]
 [ -1.68342048   1.6851978 ]
 [  0.57436339  -0.57152148]
 [  9.39645445  -9.38313809]
 [ -0.18294126   0.1985493 ]
 [-11.65092261  11.65799143]
 [ -7.45434608   7.45511008]
 [ -5.01683579   5.01570893]
 [ 11.73727636 -11.73237833]
 [ -8.00292945   8.02063423]
 [ -8.93922164   8.94819852]
 [ -6.46070866   6.53033814]
 [  0.61620508  -0.61081257]
 [ -9.86488327   9.85878023]
 [  1.67784214  -1.67832505]
 [  7.10320505  -7.05329971]
 [ -7.41253576   7.431944  ]
 [ -3.72405619   3.70744859]
 [ -2.81748398   2.81367201]
 [  1.96497238  -1.97904927]
 [-12.39841495  12.42126809]
 [ -2.2432989    2.2383389 ]
 [  1.3467262   -1.34477996]
 [  4.91626033  -4.91800063]
 [ -5.15505138   5.16342549]
 [ -5.70523153   5.72749966]
 [ -7.57779542   7.64047199]
 [ -2.91364437   2.91978033]
 [ -1.59619499   1.60410235]
 [ -5.9998664    6.01242325]
 [-11.68076552  11.69123934]
 [ -7.31860442   7.3058335 ]
 [  4.3822996   -4.36954915]
 [  8.61828777  -8.59887141]
 [ -8.90043625   8.90339217]
 [  6.69418388  -6.69192725]
 [ -9.7005287    9.71853784]
 [-19.71402431  19.69611081]
 [  5.27792936  -5.27508488]
 [ -3.75015363   3.74841244]
 [  1.63735453  -1.6609689 ]
 [-20.92991905  20.94756553]
 [  2.87501245  -2.87351414]
 [-15.76251644  15.76366107]
 [  3.76871079  -3.77060575]
 [ -3.20605545   3.22590831]
 [ -0.67682721   0.69042448]
 [  0.43218537  -0.421026  ]
 [  0.09867224  -0.10812842]
 [ -0.27521874   0.26346635]
 [  4.02390728  -4.01708819]
 [  1.0620402   -1.05657584]
 [  1.42721408  -1.42473093]
 [ 28.22614009 -28.22380848]
 [  9.05232428  -9.05158103]
 [ -4.26743343   4.289604  ]
 [ -2.59500999   2.60306609]
 [ -8.07767646   8.07652891]
 [  5.42084144  -5.40682209]
 [ -4.54421924   4.5325712 ]
 [ 16.91350642 -16.88416841]
 [  9.22787871  -9.16304188]
 [ -0.21970708   0.21094371]
 [-10.83718058  10.85834743]
 [ -1.07956346   1.0833639 ]
 [  3.48148236  -3.48890139]
 [ -6.21143405   6.21854272]
 [  7.91190559  -7.90568138]
 [ 12.92532086 -12.91486374]
 [ -3.25765494   3.26551824]
 [ 14.8232132  -14.82132618]
 [-15.74003446  15.7444631 ]
 [ -6.09409306   6.10221563]
 [ -6.15909773   6.14332134]
 [  2.8174674   -2.82676853]
 [  2.9384274   -2.93295136]
 [ -4.59369742   4.60176   ]
 [  4.93620666  -4.94295272]
 [-18.51208884  18.56418526]
 [  5.57197679  -5.54539097]
 [  5.27161882  -5.27411864]
 [  8.62061307  -8.60106004]
 [  6.24409169  -6.263595  ]
 [ -3.59216271   3.60112246]
 [  4.78175687  -4.79557497]
 [  9.81837815  -9.82837285]
 [  1.11802613  -1.11878038]
 [ -6.24239816   6.23847563]
 [ -7.51445054   7.51985489]
 [ -8.7283456    8.70418864]
 [  4.57831173  -4.56613699]
 [  5.5311529   -5.51930013]
 [ 26.15694836 -26.14221909]
 [ 19.64712123 -19.60085007]
 [ -8.88091074   8.85794441]
 [  9.22881611  -9.2003183 ]
 [ -0.62476852   0.61956488]
 [ -3.16614135   3.1698947 ]
 [  4.76677592  -4.73496521]
 [  0.70941916  -0.73396755]
 [  7.69926504  -7.67552568]
 [  1.96613145  -1.95688493]
 [ -6.57556035   6.58440806]
 [ -7.49549142   7.49060722]
 [  8.01797087  -8.00022682]
 [  2.85066113  -2.86512017]
 [  1.06122703  -1.07720205]
 [  5.2579853   -5.22317416]
 [  9.84681318  -9.83582959]
 [ -5.09775663   5.09683988]
 [ 10.97776188 -10.97376165]
 [  3.30980772  -3.30012695]
 [ -7.45039815   7.46069445]
 [  5.80850691  -5.79336184]
 [-10.56501969  10.57663363]
 [-15.57699647  15.57615663]
 [-13.52651778  13.55508732]
 [ 20.17820469 -20.12274254]
 [ -0.30285334   0.31822258]
 [ -3.06641708   3.06504623]
 [  5.24463614  -5.22777591]
 [  1.31924375  -1.28897503]
 [ -6.68924623   6.7092026 ]
 [ -1.77507549   1.77935279]
 [ -8.90525198   8.8908598 ]
 [  1.67271604  -1.66323359]
 [ -9.95252145   9.94593073]
 [ -5.07413182   5.05923083]
 [ -3.01227363   3.01583088]
 [ -2.11208857   2.097369  ]
 [  8.72112902  -8.7044822 ]
 [ -5.63424159   5.63460368]
 [  5.62587023  -5.62292841]
 [  2.80297321  -2.77028292]
 [  1.1155204   -1.12470178]
 [-15.07387799  15.04646488]
 [ -6.91237514   6.91288223]
 [-13.60796806  13.61862496]
 [ -4.96475303   4.98535697]
 [ -5.33077161   5.40035467]
 [  0.46941207  -0.46565136]
 [  6.78367276  -6.79285245]
 [ -3.43955722   3.43952317]
 [  0.29626165  -0.30204353]
 [ -5.36725024   5.36974903]
 [ -1.39101252   1.4079536 ]
 [  4.98996136  -4.98583275]
 [  1.78865731  -1.79299075]
 [ -1.92567201   1.9360831 ]
 [-24.0138135   24.03163824]
 [  3.66651479  -3.66624473]
 [-16.42293982  16.44804956]
 [  4.61333202  -4.60881546]
 [ 12.30101468 -12.30586564]
 [-27.13996112  27.17776067]
 [ -4.53185008   4.52392581]
 [ 14.16942899 -14.15770935]
 [  2.53889879  -2.52563425]
 [ -6.86608886   6.87967726]
 [  1.99384618  -2.00033151]
 [  2.90863924  -2.90450276]
 [  3.87594727  -3.84059418]
 [  9.83532893  -9.82287342]
 [  8.28075402  -8.27794692]
 [  6.40568135  -6.40982182]
 [ -5.93774719   5.94603662]
 [  3.02649058  -3.02194321]
 [ -1.24725585   1.24769402]
 [  4.04997429  -4.03782615]
 [ -0.23401982   0.26004392]
 [ 26.33351526 -26.29229314]
 [ -6.80067976   6.79246409]
 [  6.89080286  -6.88346393]
 [  7.66908435  -7.66422312]
 [ 10.40722255 -10.41228121]
 [-13.54575515  13.55003767]
 [ -9.96902033   9.96820421]
 [  0.075834    -0.07850557]
 [ -3.58454718   3.5815738 ]
 [-20.52169217  20.52798096]
 [ -9.42200565   9.41527795]
 [  3.39996465  -3.39305302]
 [ -2.26961182   2.26535657]
 [ 28.24567632 -28.22964193]
 [  3.67226635  -3.66190953]
 [  7.03668912  -7.0547569 ]
 [ -0.9950741    0.99658801]
 [ -3.40604276   3.4042053 ]
 [ 23.54231329 -23.52496021]
 [  4.09659787  -4.07290875]
 [  3.32167819  -3.32320787]
 [-10.40131887  10.40972654]]