[[ 9.34982300e-01]
 [ 5.71491241e-01]
 [ 4.69596863e-01]
 [ 6.81591034e-01]
 [ 7.98152924e-01]
 [ 7.81906128e-01]
 [ 6.38874054e-01]
 [ 8.95637512e-01]
 [ 3.02486420e-01]
 [ 5.71445465e-01]
 [ 4.37267303e-01]
 [ 8.95633698e-01]
 [ 5.76164246e-01]
 [ 8.87817383e-01]
 [ 2.76344299e-01]
 [ 3.80640030e-01]
 [ 6.86651230e-01]
 [ 3.41842651e-01]
 [ 6.44588470e-01]
 [ 6.13636017e-01]
 [ 8.10707092e-01]
 [ 7.39486694e-01]
 [ 7.44419098e-01]
 [ 7.39486694e-01]
 [ 5.36914825e-01]
 [ 6.08274460e-01]
 [ 4.97852325e-01]
 [ 3.77693176e-01]
 [ 6.38607025e-01]
 [ 5.16262054e-01]
 [ 8.95660400e-01]
 [ 1.24537659e+00]
 [ 8.95660400e-01]
 [ 8.90411377e-01]
 [ 8.95660400e-01]
 [ 1.06987762e+00]
 [ 7.40367889e-01]
 [ 8.95629883e-01]
 [ 8.95660400e-01]
 [ 7.82054901e-01]
 [ 7.65659332e-01]
 [ 3.93875122e-01]
 [ 3.38920593e-01]
 [ 1.48935509e+00]
 [ 8.63357544e-01]
 [ 8.95660400e-01]
 [ 3.12480927e-01]
 [ 7.45513916e-01]
 [ 5.70194244e-01]
 [ 8.95660400e-01]
 [ 8.76365662e-01]
 [ 8.34365845e-01]
 [ 6.64745331e-01]
 [ 8.94489288e-01]
 [ 5.01972198e-01]
 [ 9.32163239e-01]
 [ 8.95240784e-01]
 [ 6.29756927e-01]
 [ 6.71436310e-01]
 [ 8.95660400e-01]
 [ 8.95606995e-01]
 [ 3.77145767e-01]
 [ 8.32988739e-01]
 [ 3.79364014e-01]
 [ 5.39348602e-01]
 [ 4.79919434e-01]
 [ 7.77606964e-01]
 [ 7.71093369e-01]
 [ 1.03059006e+00]
 [ 8.95629883e-01]
 [ 7.66445160e-01]
 [ 6.71070099e-01]
 [ 7.96504974e-01]
 [ 6.26152039e-01]
 [ 7.96504974e-01]
 [ 8.94989014e-01]
 [ 6.00414276e-01]
 [ 7.84030914e-01]
 [ 7.92034149e-01]
 [ 7.18645096e-01]
 [ 9.45566177e-01]
 [ 3.62102509e-01]
 [ 3.81793976e-01]
 [ 6.43440247e-01]
 [ 7.52056122e-01]
 [ 7.98534393e-01]
 [ 8.95660400e-01]
 [ 7.94834137e-01]
 [ 6.20140076e-01]
 [ 5.95794678e-01]
 [ 9.35474396e-01]
 [ 6.28669739e-01]
 [ 6.26152039e-01]
 [ 5.74211121e-01]
 [ 5.45936584e-01]
 [ 3.83394241e-01]
 [ 4.22904968e-01]
 [ 8.87115479e-01]
 [ 9.74544525e-01]
 [ 8.16040039e-01]
 [ 8.95660400e-01]
 [ 5.51155090e-01]
 [ 8.17153931e-01]
 [ 6.23367310e-01]
 [ 8.95503998e-01]
 [ 7.06840515e-01]
 [ 8.94935608e-01]
 [ 7.44384766e-01]
 [ 8.12828064e-01]
 [ 7.81738281e-01]
 [ 6.05464935e-01]
 [ 6.05316162e-01]
 [ 3.20047379e-01]
 [ 8.36372375e-01]
 [ 8.95599365e-01]
 [ 8.95572662e-01]
 [ 5.13713837e-01]
 [ 6.96033478e-01]
 [ 5.24566650e-01]
 [ 6.67140961e-01]
 [ 4.95647430e-01]
 [ 8.15742493e-01]
 [ 8.15753937e-01]
 [ 8.15742493e-01]
 [ 8.36372375e-01]
 [ 6.21524811e-01]
 [ 8.95648956e-01]
 [ 8.95660400e-01]
 [ 7.66399384e-01]
 [ 8.95648956e-01]
 [ 8.15753937e-01]
 [ 8.95660400e-01]
 [ 2.67354965e-01]
 [ 6.78215027e-01]
 [ 3.13591003e-01]
 [ 5.20771027e-01]
 [ 6.40037537e-01]
 [ 8.77601624e-01]
 [ 5.86956024e-01]
 [ 4.53716278e-01]
 [ 8.91590118e-01]
 [ 8.95618439e-01]
 [ 8.30726624e-01]
 [ 7.46868134e-01]
 [ 8.36196899e-01]
 [ 7.54386902e-01]
 [ 8.95584106e-01]
 [ 1.16926956e+00]
 [ 6.03729248e-01]
 [ 7.09060669e-01]
 [ 6.28387451e-01]
 [ 8.05839539e-01]
 [ 5.82180023e-01]
 [ 4.90062714e-01]
 [ 4.98485565e-01]
 [ 7.66334534e-01]
 [ 8.95465851e-01]
 [ 1.31475067e+00]
 [ 8.95660400e-01]
 [ 8.95465851e-01]
 [ 8.95580292e-01]
 [ 8.38325500e-01]
 [ 8.11073303e-01]
 [ 8.30726624e-01]
 [ 7.79256821e-01]
 [ 7.00199127e-01]
 [ 4.94247437e-01]
 [ 2.64242172e-01]
 [ 5.14408112e-01]
 [ 5.36846161e-01]
 [ 5.97429276e-01]
 [ 5.01407623e-01]
 [ 7.64274597e-01]
 [ 5.57277679e-01]
 [ 8.49243164e-01]
 [ 1.15113449e+00]
 [ 6.13800049e-01]
 [ 7.15599060e-02]
 [ 8.95591736e-01]
 [ 5.12359619e-01]
 [ 8.95557404e-01]
 [ 6.80789948e-01]
 [ 5.51155090e-01]
 [ 8.94245148e-01]
 [ 8.95107269e-01]
 [ 6.65294647e-01]
 [ 1.31637573e+00]
 [ 5.18215179e-01]
 [ 8.95626068e-01]
 [ 8.92856598e-01]
 [ 1.06295395e+00]
 [ 7.69367218e-01]
 [ 8.95641327e-01]
 [ 6.54159546e-01]
 [ 8.95545959e-01]
 [ 1.01244736e+00]
 [ 4.42050934e-01]
 [ 8.47351074e-01]
 [ 8.94229889e-01]
 [ 5.55942535e-01]
 [ 5.15060425e-01]
 [ 7.37808228e-01]
 [ 8.95656586e-01]
 [ 8.30650330e-01]
 [ 8.95500183e-01]
 [ 5.13120651e-01]
 [ 6.52378082e-01]
 [ 6.77719116e-02]
 [ 8.95137787e-01]
 [ 8.95668030e-01]
 [ 6.65699005e-01]
 [ 6.78306580e-01]
 [ 2.50295639e-01]
 [ 8.94229889e-01]
 [ 8.33202362e-01]
 [ 8.90136719e-01]
 [ 7.27783203e-01]
 [ 7.75226593e-01]
 [ 8.95660400e-01]
 [ 6.80892944e-01]
 [ 8.13295364e-01]
 [ 8.95587921e-01]
 [ 4.70142365e-01]
 [ 6.62815094e-01]
 [ 6.13323212e-01]
 [ 8.95565033e-01]
 [ 8.93558502e-01]
 [ 2.18294144e-01]
 [ 5.74394226e-01]
 [ 8.95660400e-01]
 [ 8.86959076e-01]
 [ 8.23509216e-01]
 [ 8.95606995e-01]
 [ 8.95614624e-01]
 [ 9.90955353e-01]
 [ 8.85841370e-01]
 [ 4.81428146e-01]
 [ 5.68138123e-01]
 [ 7.27783203e-01]
 [ 7.77027130e-01]
 [ 5.55274963e-01]
 [ 8.95660400e-01]
 [ 8.95660400e-01]
 [ 8.95660400e-01]
 [ 8.95660400e-01]
 [ 8.93390656e-01]
 [ 6.14826202e-01]
 [ 4.62108612e-01]
 [ 6.10288620e-01]
 [ 8.92559052e-01]
 [ 6.13018036e-01]
 [ 1.19939041e+00]
 [ 8.95660400e-01]
 [ 7.14141846e-01]
 [ 1.06572723e+00]
 [ 8.92875671e-01]
 [ 8.95618439e-01]
 [ 8.95610809e-01]
 [ 8.18534851e-01]
 [ 5.77186584e-01]
 [ 8.92559052e-01]
 [ 5.78811646e-01]
 [ 8.52092743e-01]
 [ 8.91979218e-01]
 [ 8.15088272e-01]
 [ 8.95660400e-01]
 [ 8.95660400e-01]
 [ 6.18999481e-01]
 [ 8.95660400e-01]
 [ 8.95660400e-01]
 [ 8.95660400e-01]
 [ 7.94151306e-01]
 [ 8.37211609e-01]
 [ 8.14620972e-01]
 [ 1.21101379e-01]
 [ 5.02662659e-01]
 [ 5.19390106e-01]
 [ 5.63743591e-01]
 [ 8.95156860e-01]
 [ 8.93539429e-01]
 [ 6.27441406e-01]
 [ 8.89148712e-01]
 [ 8.14289093e-01]
 [ 5.19882202e-01]
 [ 9.45957184e-01]
 [ 5.64006805e-01]
 [ 9.00949478e-01]
 [ 4.36286926e-01]
 [ 5.42724609e-01]
 [ 8.66920471e-01]
 [ 3.84397507e-01]
 [ 5.83740234e-01]
 [ 8.95660400e-01]
 [ 2.76870728e-01]
 [ 4.36935425e-01]
 [ 4.85603333e-01]
 [ 6.15097046e-01]
 [ 1.77654076e+00]
 [ 9.71073151e-01]
 [ 8.95317078e-01]
 [ 6.31305695e-01]
 [ 6.27979279e-01]
 [ 6.35353088e-01]
 [ 8.51100922e-01]
 [ 8.95614624e-01]
 [ 5.85079193e-01]
 [ 6.31542206e-01]
 [ 8.19929123e-01]
 [ 7.97233582e-01]
 [ 8.82148743e-01]
 [ 7.26116180e-01]
 [ 8.02711487e-01]
 [ 2.64242172e-01]
 [ 1.09463882e+00]
 [ 5.79914093e-01]
 [ 8.70738983e-01]
 [ 5.27236938e-01]
 [ 8.14472198e-01]
 [ 6.67232513e-01]
 [ 1.90229416e-01]
 [ 7.85442352e-01]
 [ 1.82436562e+00]
 [ 7.08618164e-01]
 [ 7.56652832e-01]
 [ 8.95660400e-01]
 [ 8.85032654e-01]
 [ 8.63283157e-01]
 [ 1.23149872e-01]
 [ 7.66326904e-01]
 [ 4.54216003e-01]
 [ 8.91618729e-01]
 [ 5.26767731e-01]
 [ 4.53636169e-01]
 [ 7.66384125e-01]
 [ 7.66384125e-01]
 [ 6.41948700e-01]
 [ 7.22198486e-01]
 [ 8.15765381e-01]
 [ 6.10710144e-01]
 [ 8.95568848e-01]
 [ 5.64605713e-01]
 [ 8.27091217e-01]
 [ 7.66426086e-01]
 [ 8.94588470e-01]
 [ 9.72143173e-01]
 [ 7.45716095e-01]
 [ 8.95660400e-01]
 [ 8.03737640e-01]
 [ 8.95660400e-01]
 [ 6.28189087e-01]
 [ 8.95660400e-01]
 [ 9.36378479e-01]
 [ 8.95660400e-01]
 [ 3.67164612e-01]
 [ 8.95065308e-01]
 [ 8.95660400e-01]
 [ 8.95660400e-01]
 [ 7.66426086e-01]
 [ 8.95660400e-01]
 [ 5.55141449e-01]
 [ 6.62406921e-01]
 [ 6.80088043e-01]
 [ 8.95603180e-01]
 [ 8.02734375e-01]
 [ 8.95404816e-01]
 [ 8.95660400e-01]
 [ 8.95660400e-01]
 [ 7.66414642e-01]
 [ 6.42238617e-01]
 [ 7.54482269e-01]
 [ 6.42982483e-01]
 [ 8.95503998e-01]
 [ 1.17238998e+00]
 [ 5.25962830e-01]
 [ 8.95294189e-01]
 [ 5.15422821e-01]
 [ 8.95542145e-01]
 [ 5.41393280e-01]
 [ 6.71504974e-01]
 [ 6.71375275e-01]
 [ 6.70005798e-01]
 [ 8.95645142e-01]
 [ 1.10299873e+00]
 [ 8.82194519e-01]
 [ 9.05920029e-01]
 [ 8.82194519e-01]
 [ 8.10214996e-01]
 [ 1.00758743e+00]
 [ 8.95660400e-01]
 [ 8.95286560e-01]
 [ 7.45941162e-01]
 [ 5.13603210e-01]
 [ 1.26928711e+00]
 [ 8.93547058e-01]
 [ 3.29860687e-01]
 [ 8.95660400e-01]
 [ 8.95660400e-01]
 [ 8.95660400e-01]
 [ 6.73290253e-01]
 [ 3.94649506e-01]
 [ 8.95381927e-01]
 [ 4.79171753e-01]
 [ 4.60453033e-01]
 [ 5.01552582e-01]
 [ 3.20550919e-01]
 [ 8.95660400e-01]
 [ 6.33449554e-01]
 [ 3.97628784e-01]
 [ 8.94889832e-01]
 [ 1.09919167e+00]
 [ 4.84985352e-01]
 [ 6.42597198e-01]
 [ 6.42597198e-01]
 [ 8.87002945e-01]
 [ 2.70097733e-01]
 [ 5.63655853e-01]
 [ 5.23403168e-01]
 [ 7.17300415e-01]
 [ 8.87119293e-01]
 [ 5.54779053e-01]
 [ 4.93263245e-01]
 [ 8.77328873e-01]
 [ 6.77719116e-02]
 [ 8.72917175e-01]
 [ 8.95660400e-01]
 [ 8.95660400e-01]
 [ 5.83553314e-01]
 [ 8.03726196e-01]
 [ 8.82160187e-01]
 [ 8.95629883e-01]
 [ 8.95660400e-01]
 [ 8.95660400e-01]
 [ 9.34982300e-01]
 [ 9.31547165e-01]
 [ 8.95660400e-01]
 [ 5.64311981e-01]
 [ 6.31988525e-01]
 [ 7.31203079e-01]
 [ 6.26628876e-01]
 [ 3.04290771e-01]
 [ 8.95111084e-01]
 [ 5.54306030e-01]
 [ 8.95645142e-01]
 [ 2.73939133e-01]
 [ 6.43886566e-01]
 [ 8.30406189e-01]
 [ 8.30406189e-01]
 [ 8.15589905e-01]
 [ 5.86772919e-01]
 [ 7.04826355e-01]
 [ 8.95660400e-01]
 [ 9.85507965e-01]
 [ 5.90049744e-01]
 [ 8.12400818e-01]
 [ 8.95660400e-01]
 [ 9.80052948e-01]
 [ 8.95660400e-01]
 [ 8.95660400e-01]
 [ 5.82351685e-01]
 [ 8.30406189e-01]
 [ 6.92863464e-01]
 [ 8.30230713e-01]
 [ 1.21404648e+00]
 [ 7.67389297e-01]
 [ 8.94741058e-01]
 [ 5.03013611e-01]
 [ 7.97750473e-01]
 [ 7.97750473e-01]
 [ 8.12671661e-01]
 [ 8.90655518e-01]
 [ 8.18141937e-01]
 [ 9.97213364e-01]
 [ 4.59907532e-01]
 [ 7.82756805e-01]
 [ 8.18141937e-01]
 [ 5.17356873e-01]
 [ 8.94390106e-01]
 [ 6.58088684e-01]
 [ 5.52715302e-01]
 [ 8.36486816e-01]
 [ 6.54384613e-01]
 [ 8.94725800e-01]
 [ 6.52168274e-01]
 [ 6.31851196e-01]
 [ 8.79493713e-01]
 [ 8.79467010e-01]
 [ 8.74456406e-01]
 [ 9.09372330e-01]
 [ 8.95660400e-01]
 [ 8.95660400e-01]
 [ 8.95660400e-01]
 [ 3.26545715e-01]
 [ 2.86903381e-01]
 [ 7.95419693e-01]
 [ 3.26545715e-01]
 [ 2.86903381e-01]
 [ 8.95416260e-01]
 [ 7.61159897e-01]
 [ 8.95660400e-01]
 [ 8.95660400e-01]
 [ 7.19867706e-01]
 [ 7.19802856e-01]
 [ 7.19867706e-01]
 [ 4.37568665e-01]
 [ 6.99665070e-01]
 [ 9.59369659e-01]
 [ 7.53665924e-01]
 [ 9.74922180e-01]
 [ 8.34175110e-01]
 [ 8.95660400e-01]
 [ 4.60153580e-01]
 [ 4.63369370e-01]
 [ 6.51973724e-01]
 [ 1.28994179e+00]
 [ 6.51973724e-01]
 [ 8.53713989e-01]
 [ 8.82083893e-01]
 [ 5.13191223e-01]
 [ 8.82083893e-01]
 [ 8.95660400e-01]
 [ 1.16529846e+00]
 [ 9.80379105e-01]
 [ 6.20315552e-01]
 [ 7.17967987e-01]
 [ 6.27452850e-01]
 [ 7.98057556e-01]
 [ 6.92863464e-01]
 [ 5.89229584e-01]
 [ 5.26683807e-01]
 [ 7.40905762e-01]
 [ 8.37776184e-01]
 [ 4.77260590e-01]
 [ 4.58457947e-01]
 [ 8.95660400e-01]
 [ 8.95378113e-01]
 [ 6.89224243e-01]
 [ 6.79405212e-01]
 [ 8.95660400e-01]
 [ 8.60557556e-01]
 [ 8.95561218e-01]
 [ 5.58288574e-01]
 [ 8.95610809e-01]
 [ 8.95610809e-01]
 [ 8.95610809e-01]
 [ 5.44075012e-01]
 [ 8.95660400e-01]
 [ 8.95660400e-01]
 [ 8.95660400e-01]
 [ 8.15601349e-01]
 [ 5.97572327e-01]
 [ 8.37776184e-01]
 [ 8.37776184e-01]
 [ 5.91362000e-01]
 [ 8.72634888e-01]
 [ 8.95660400e-01]
 [ 6.94835663e-01]
 [ 6.94786072e-01]
 [ 7.23220825e-01]
 [ 7.15129852e-01]
 [ 8.95660400e-01]
 [ 5.97591400e-01]
 [ 8.95660400e-01]
 [ 5.28781891e-01]
 [ 3.80104065e-01]
 [ 8.03646088e-01]
 [ 3.92101288e-01]
 [ 8.79516602e-01]
 [ 5.13824463e-01]
 [ 8.29265594e-01]
 [ 6.13372803e-01]
 [ 8.28834534e-01]
 [ 8.95660400e-01]
 [ 5.87711334e-01]
 [ 6.26964569e-01]
 [ 6.17485046e-01]
 [ 5.54504395e-01]
 [ 7.64900208e-01]
 [ 7.64900208e-01]
 [ 8.95660400e-01]
 [ 8.86016846e-01]
 [ 6.78569794e-01]
 [ 8.94466400e-01]
 [ 6.29161835e-01]
 [ 1.28356171e+00]
 [ 4.93568420e-01]
 [ 6.31988525e-01]
 [ 9.81014252e-01]
 [ 1.33816338e+00]
 [ 8.95660400e-01]
 [ 5.57334900e-01]
 [ 7.48729706e-01]
 [ 7.51466751e-01]
 [ 8.95542145e-01]
 [ 6.13960266e-01]
 [ 8.52622986e-01]
 [ 8.37776184e-01]
 [ 8.95439148e-01]
 [ 8.79505157e-01]
 [ 6.27887726e-01]
 [ 6.78833008e-01]
 [ 9.17207718e-01]
 [ 3.80500793e-01]
 [ 5.31051636e-01]
 [ 8.95660400e-01]
 [ 6.13948822e-01]
 [ 8.92753601e-01]
 [ 8.37776184e-01]
 [ 5.81291199e-01]
 [ 8.32057953e-01]
 [ 3.52760315e-01]
 [ 8.88477325e-01]
 [ 8.94943237e-01]
 [ 9.70809937e-01]
 [ 4.50702667e-01]
 [ 7.08271027e-01]
 [ 5.93418121e-01]
 [ 6.37264252e-01]
 [ 8.69054794e-01]
 [ 6.40552521e-01]
 [ 5.06084442e-01]
 [ 8.95523071e-01]
 [ 8.95538330e-01]
 [ 7.59107590e-01]
 [ 9.69892502e-01]
 [ 8.95427704e-01]
 [ 8.95549774e-01]
 [ 6.01280212e-01]
 [ 8.10688019e-01]
 [ 5.31147003e-01]
 [ 5.06374359e-01]
 [ 7.59107590e-01]
 [ 7.59107590e-01]
 [ 8.85772705e-01]
 [ 6.47689819e-01]
 [ 5.31051636e-01]
 [ 6.89659119e-01]
 [ 8.52275848e-01]
 [ 1.15729523e+00]
 [ 5.40435791e-01]
 [ 5.40435791e-01]
 [ 7.00754166e-01]
 [ 8.95408630e-01]
 [ 4.34764862e-01]
 [ 6.78997040e-01]
 [ 8.95618439e-01]
 [ 8.95660400e-01]
 [ 4.95639801e-01]
 [ 7.10468292e-01]
 [ 8.95378113e-01]
 [ 8.27957153e-01]
 [ 1.24547768e+00]
 [ 5.05878448e-01]
 [ 7.57125854e-01]
 [ 1.21151161e+00]
 [ 8.29509735e-01]
 [ 6.30924225e-01]
 [ 8.03050995e-02]
 [ 8.95576477e-01]
 [ 5.91182709e-01]
 [ 7.31203079e-01]
 [ 8.95599365e-01]
 [ 5.91346741e-01]
 [ 8.94565582e-01]
 [ 6.11572266e-01]
 [ 7.31000900e-01]
 [ 7.27376938e-01]
 [ 8.16595078e-01]
 [ 8.95660400e-01]
 [ 8.94565582e-01]
 [ 7.31000900e-01]
 [ 7.31000900e-01]
 [ 5.68046570e-01]
 [ 3.44587326e-01]
 [ 7.61327744e-01]
 [ 7.35549927e-01]
 [ 7.35549927e-01]
 [ 6.89979553e-01]
 [ 8.90224457e-01]
 [ 8.90209198e-01]
 [ 8.95408630e-01]
 [ 6.83998108e-01]
 [ 7.89007187e-01]
 [ 8.95633698e-01]
 [ 5.40290833e-01]
 [ 7.84290314e-01]
 [ 8.95599365e-01]
 [ 6.53919220e-01]
 [ 5.40290833e-01]
 [ 1.24654579e+00]
 [ 8.95259857e-01]
 [ 8.95660400e-01]
 [ 1.64691925e-01]
 [ 6.02458954e-01]
 [ 5.97507477e-01]
 [ 8.21437836e-01]
 [ 1.32028961e+00]
 [ 8.95587921e-01]
 [ 8.21437836e-01]
 [ 5.44044495e-01]
 [ 6.13391876e-01]
 [ 9.58984375e-01]
 [ 8.75659943e-01]
 [ 8.63147736e-01]
 [ 8.75659943e-01]
 [ 6.28498077e-01]
 [ 8.95660400e-01]
 [ 5.60064316e-01]
 [ 8.95606995e-01]
 [ 8.79180908e-01]
 [ 8.17333221e-01]
 [ 5.31051636e-01]
 [ 8.95442963e-01]
 [ 8.95442963e-01]
 [ 8.95660400e-01]
 [ 8.29330444e-01]
 [ 8.54064941e-01]
 [ 1.10527229e+00]
 [ 8.95618439e-01]
 [ 5.26271820e-01]
 [ 6.54880524e-01]
 [ 6.56078339e-01]
 [ 6.56078339e-01]
 [ 5.64113617e-01]
 [ 9.57809448e-01]
 [ 5.58910370e-01]
 [ 5.11444092e-01]
 [ 8.54038239e-01]
 [ 8.95645142e-01]
 [ 5.46970367e-01]
 [ 6.47991180e-01]
 [ 7.35935211e-01]
 [ 6.82201385e-01]
 [ 8.95629883e-01]
 [ 4.88170624e-01]
 [ 6.52950287e-01]
 [ 6.63745880e-01]
 [ 8.95420074e-01]
 [ 8.95614624e-01]
 [ 3.68276596e-01]
 [ 8.38558197e-01]
 [ 3.68276596e-01]
 [ 7.35546112e-01]
 [ 6.61075592e-01]
 [ 5.30208588e-01]
 [ 8.95622253e-01]
 [ 8.95622253e-01]
 [ 8.95488739e-01]
 [ 7.25755692e-01]
 [ 8.95660400e-01]
 [ 8.95629883e-01]
 [ 8.95423889e-01]
 [ 6.27317429e-01]
 [ 3.66971970e-01]
 [ 6.62488937e-01]
 [ 8.95565033e-01]
 [ 6.07898712e-01]
 [ 7.91374207e-01]
 [ 8.90243530e-01]
 [ 2.08868027e-01]
 [ 7.21874237e-01]
 [ 8.38657379e-01]
 [ 8.38550568e-01]
 [ 8.38520050e-01]
 [ 7.53173828e-01]
 [ 8.95484924e-01]
 [ 4.28136826e-01]
 [ 7.35637665e-01]
 [ 7.35637665e-01]
 [ 7.35637665e-01]
 [ 1.47514343e-01]
 [ 6.08715057e-01]
 [ 7.64831543e-01]
 [ 8.95576477e-01]
 [ 3.68953705e-01]
 [ 8.71925354e-01]
 [ 8.95412445e-01]
 [ 3.68953705e-01]
 [ 6.45721436e-01]
 [ 6.21528625e-01]
 [ 3.11672211e-01]
 [ 4.55125809e-01]
 [ 4.13984299e-01]
 [ 5.36975861e-01]
 [ 8.93959045e-01]
 [ 8.95648956e-01]
 [ 1.07886505e+00]
 [ 6.54426575e-01]
 [ 8.47145081e-01]
 [ 8.47145081e-01]
 [ 5.78655243e-01]
 [ 6.86408997e-01]
 [ 6.29505157e-01]
 [ 5.34263611e-01]
 [ 5.14495850e-01]
 [ 8.95412445e-01]
 [ 6.97486877e-01]
 [ 8.95645142e-01]
 [ 6.97486877e-01]
 [ 8.95626068e-01]
 [ 8.95153046e-01]
 [ 1.43299866e+00]
 [ 9.46086884e-01]
 [ 6.51195526e-01]
 [ 5.78533173e-01]
 [ 7.15410233e-01]
 [ 6.64627075e-01]
 [ 1.21982956e+00]
 [ 6.66992188e-01]
 [ 1.21982956e+00]
 [ 1.21982956e+00]
 [ 1.22221375e+00]
 [ 2.56919861e-01]
 [ 8.95660400e-01]
 [ 6.54399872e-01]
 [ 8.95660400e-01]
 [ 5.65353394e-01]
 [ 5.57117462e-01]
 [ 1.26446915e+00]
 [ 8.70738983e-01]
 [ 5.71418762e-01]
 [ 3.31430435e-01]
 [ 8.95660400e-01]
 [ 6.81472778e-01]
 [ 8.53996277e-01]
 [ 8.53992462e-01]
 [ 8.95660400e-01]
 [ 8.95660400e-01]
 [ 4.03110504e-01]
 [ 8.05419922e-01]
 [ 8.70738983e-01]
 [ 8.91563416e-01]
 [ 8.95660400e-01]
 [ 8.82102966e-01]
 [ 6.00677490e-01]
 [ 5.97774506e-01]
 [ 7.12280273e-01]
 [ 7.46295929e-01]
 [ 7.24922180e-01]
 [ 3.52901459e-01]
 [ 7.26184845e-01]
 [ 7.69062042e-01]
 [ 8.57681274e-01]
 [ 6.68045044e-01]
 [ 5.26691437e-01]
 [ 5.45940399e-01]
 [ 1.13945007e+00]
 [ 6.78916931e-01]
 [ 6.80183411e-01]
 [ 5.66783905e-01]
 [ 8.95660400e-01]
 [ 6.13243103e-01]
 [ 3.90129089e-02]
 [ 8.95660400e-01]
 [ 5.02655029e-01]
 [ 6.30786896e-01]
 [ 8.07670593e-01]
 [ 7.54951477e-01]
 [ 7.49782562e-01]
 [ 5.26836395e-01]
 [ 8.95599365e-01]
 [ 8.95618439e-01]
 [ 7.10624695e-01]
 [ 6.21925354e-01]
 [ 5.07366180e-01]
 [ 8.95637512e-01]
 [ 6.50054932e-01]
 [ 8.15765381e-01]
 [ 9.07394409e-01]
 [ 7.89077759e-01]
 [ 6.96468353e-01]
 [ 7.06840515e-01]
 [ 6.23271942e-01]
 [ 7.08572388e-01]
 [ 8.94947052e-01]
 [ 7.10739136e-01]
 [ 7.10468292e-01]
 [ 8.41676712e-01]
 [ 1.16763496e+00]
 [ 8.41676712e-01]
 [ 1.16763496e+00]
 [ 8.41676712e-01]
 [ 1.16763496e+00]
 [ 6.43440247e-01]
 [ 6.53007507e-01]
 [ 6.63051605e-01]
 [ 7.83493042e-01]
 [ 8.95599365e-01]
 [ 1.04049492e+00]
 [ 5.31551361e-01]
 [ 8.48468781e-01]
 [ 7.66414642e-01]
 [ 5.66200256e-01]
 [ 5.66200256e-01]
 [ 6.03416443e-01]
 [ 7.23766327e-01]
 [ 5.41393280e-01]
 [ 6.30847931e-01]
 [ 3.17554474e-01]
 [ 6.71504974e-01]
 [ 8.95629883e-01]
 [ 8.34823608e-01]
 [ 8.95633698e-01]
 [ 8.95660400e-01]
 [ 8.95660400e-01]
 [ 7.12837219e-01]
 [ 8.95660400e-01]
 [ 8.95660400e-01]
 [ 5.97610474e-01]
 [ 2.47142792e-01]
 [ 8.95660400e-01]
 [ 6.20788574e-01]
 [ 7.08127975e-01]
 [ 8.95645142e-01]
 [ 8.95645142e-01]
 [ 7.46374130e-01]
 [ 7.01450348e-01]
 [ 8.95660400e-01]
 [ 7.08663940e-01]
 [ 9.58778381e-01]
 [ 8.95626068e-01]
 [ 5.16170502e-01]
 [ 8.95023346e-01]
 [ 2.89072037e-01]
 [ 1.04132462e+00]
 [ 7.71144867e-01]
 [ 5.89618683e-01]
 [ 8.22429657e-01]
 [ 5.45169830e-01]
 [ 5.29479980e-02]
 [ 9.88876343e-01]
 [ 6.13433838e-01]
 [ 8.95252228e-01]
 [ 8.33126068e-01]
 [ 8.95595551e-01]
 [ 7.56427765e-01]
 [ 8.28708649e-01]
 [ 6.67026520e-01]
 [ 5.70114136e-01]
 [ 5.62210083e-01]
 [ 6.24122620e-01]
 [ 6.52088165e-01]
 [ 7.63076782e-01]
 [ 5.71220398e-01]
 [ 7.62439728e-01]
 [ 9.57443237e-01]
 [ 2.08890915e-01]
 [ 1.07579422e+00]
 [ 8.88038635e-01]
 [ 1.08876801e+00]
 [ 4.25243378e-01]
 [ 5.63411713e-01]
 [ 7.85388947e-01]
 [ 5.78159332e-01]
 [ 9.94441986e-01]
 [ 7.30831146e-01]
 [ 5.89839935e-01]
 [ 8.95641327e-01]
 [ 8.21502686e-01]
 [ 1.55281067e-01]
 [ 5.82351685e-01]
 [ 4.47883606e-01]
 [ 1.70761108e-01]
 [ 8.56922150e-01]
 [ 8.95660400e-01]
 [ 8.12961578e-01]
 [ 7.43808746e-01]
 [ 9.40860748e-01]
 [ 1.08523560e+00]
 [ 4.60638046e-01]
 [ 8.95660400e-01]
 [ 6.12438202e-01]
 [ 1.09314156e+00]
 [ 8.95587921e-01]
 [ 7.12810516e-01]
 [ 5.97610474e-01]
 [ 5.47843933e-01]
 [ 7.43347168e-01]
 [ 9.05321121e-01]
 [ 5.78536987e-01]
 [ 5.71788788e-01]
 [ 5.95481873e-01]
 [ 4.97455597e-01]
 [ 8.91544342e-01]
 [ 4.94472504e-01]
 [ 8.95542145e-01]
 [ 6.08379364e-01]
 [ 4.95986938e-01]
 [ 8.95660400e-01]
 [ 7.53181458e-01]
 [ 8.23034286e-01]
 [ 5.69889069e-01]
 [ 8.53881836e-01]
 [ 3.64524841e-01]
 [ 8.93394470e-01]
 [ 8.87741089e-01]
 [ 5.30546188e-01]
 [ 5.36922455e-01]
 [ 4.97138977e-01]
 [ 8.95587921e-01]
 [ 5.61862946e-01]
 [ 6.44561768e-01]
 [ 7.52845764e-01]
 [ 7.32128143e-01]
 [ 1.04630089e+00]
 [ 5.57716370e-01]
 [ 1.04502869e+00]
 [ 6.41075134e-01]
 [ 7.91343689e-01]
 [ 4.99141693e-01]
 [ 9.86862183e-01]
 [ 8.95641327e-01]
 [ 6.30493164e-01]
 [ 8.95397186e-01]
 [ 8.95542145e-01]
 [ 5.17053604e-01]
 [ 8.95660400e-01]
 [ 8.78734589e-01]
 [ 7.17420578e-01]
 [ 7.77156830e-01]
 [ 8.95545959e-01]
 [ 8.94813538e-01]
 [ 8.95660400e-01]
 [ 5.24616241e-01]
 [ 7.57072449e-01]
 [ 1.30743027e-01]
 [ 5.97080231e-01]
 [ 8.44993591e-01]
 [ 8.82015228e-01]
 [ 8.82080078e-01]
 [-8.25691223e-03]
 [ 5.92338562e-01]
 [ 7.17937469e-01]
 [ 8.50061417e-01]
 [ 8.20560455e-01]
 [ 4.76440430e-01]
 [ 5.09483337e-01]
 [ 8.31779480e-01]
 [ 5.58288574e-01]
 [ 8.95591736e-01]
 [ 6.91905975e-01]
 [ 8.95660400e-01]
 [ 6.88861847e-01]
 [ 8.41297150e-01]
 [ 6.46266937e-01]
 [ 8.72631073e-01]
 [ 8.28781128e-01]
 [ 7.65625000e-01]
 [ 7.49549866e-01]
 [ 6.26964569e-01]
 [ 6.13227844e-01]
 [ 5.19195557e-01]
 [ 8.95606995e-01]
 [ 5.88596344e-01]
 [ 4.96570587e-01]
 [ 5.05870819e-01]
 [ 8.95542145e-01]
 [ 8.52092743e-01]
 [ 5.53428650e-01]
 [ 4.20551300e-01]
 [ 1.02423859e+00]
 [ 6.97116852e-01]
 [ 5.52585602e-01]
 [ 8.92856598e-01]
 [ 4.99298096e-01]
 [ 8.95637512e-01]
 [ 5.85571289e-01]
 [ 5.26565552e-01]
 [ 2.57778168e-02]
 [ 4.27921295e-01]
 [ 8.77830505e-01]
 [ 5.26565552e-01]
 [ 8.13262939e-01]
 [ 5.90057373e-01]
 [ 8.95278931e-01]
 [ 8.95660400e-01]
 [ 8.95530701e-01]
 [ 5.77129364e-01]
 [ 5.21465302e-01]
 [ 1.61159515e+00]
 [ 3.74187469e-01]
 [ 7.06634521e-01]
 [ 7.91112900e-01]
 [ 9.83165741e-01]
 [ 7.91112900e-01]
 [ 1.00404167e+00]
 [ 8.93558502e-01]
 [ 6.47689819e-01]
 [ 7.56271362e-01]
 [ 1.31914139e-01]
 [ 7.57148743e-01]
 [ 7.47924805e-01]
 [ 4.91912842e-01]
 [ 9.71284866e-01]
 [ 8.95660400e-01]
 [ 5.40225983e-01]
 [ 8.87916565e-01]
 [ 6.78981781e-01]
 [ 8.95656586e-01]
 [ 5.60718536e-01]
 [ 8.90186310e-01]
 [ 6.22097015e-01]
 [ 1.32598686e+00]
 [ 3.68301392e-01]
 [ 7.76039124e-01]
 [ 7.84290314e-01]
 [ 5.28545380e-01]
 [ 5.67760468e-01]
 [ 7.96966553e-01]
 [ 2.63080597e-01]
 [ 1.34043312e+00]
 [ 8.00594330e-01]
 [ 6.42063141e-01]
 [ 4.05300140e-01]
 [ 9.97959137e-01]
 [ 7.98019409e-01]
 [ 6.44561768e-01]
 [ 8.95645142e-01]
 [ 8.49739075e-01]
 [ 5.78643799e-01]
 [ 8.95469666e-01]
 [ 8.49739075e-01]
 [ 7.61150360e-01]
 [ 8.95660400e-01]
 [ 8.92829895e-01]
 [ 8.95660400e-01]
 [ 5.81932068e-01]
 [ 7.99432755e-01]
 [ 6.07084274e-01]
 [ 8.86257172e-01]
 [ 7.96966553e-01]
 [ 4.15840149e-01]
 [ 7.08127975e-01]
 [ 7.80410767e-01]
 [ 7.06493378e-01]
 [ 1.21735001e+00]
 [ 3.70117188e-01]
 [ 1.07701683e+00]
 [ 1.33006668e+00]
 [ 8.95660400e-01]
 [ 1.04102707e+00]
 [ 7.78560638e-01]
 [ 8.95641327e-01]
 [ 8.88488770e-01]
 [ 5.21385193e-01]
 [ 6.44561768e-01]
 [ 8.95660400e-01]
 [ 8.94866943e-01]
 [ 6.77200317e-01]
 [ 6.67316437e-01]
 [ 5.30727386e-01]
 [ 8.95660400e-01]
 [ 8.95629883e-01]
 [ 5.21385193e-01]
 [ 8.95660400e-01]
 [ 6.78459167e-01]
 [ 5.84911346e-01]
 [ 6.47968292e-01]
 [ 8.95660400e-01]
 [ 8.95599365e-01]
 [ 8.95599365e-01]
 [ 3.63294601e-01]
 [ 3.15284729e-01]
 [ 5.19783020e-01]
 [ 4.53182220e-01]
 [ 1.15398407e+00]
 [ 8.95660400e-01]
 [ 8.94748688e-01]
 [ 5.38951874e-01]
 [ 8.91578674e-01]
 [ 5.34732819e-01]
 [ 8.78353119e-01]
 [ 5.58433533e-01]
 [ 8.90037537e-01]
 [ 8.93558502e-01]
 [ 8.76441956e-01]
 [ 1.10144234e+00]
 [ 1.02136993e+00]
 [ 5.66001892e-01]
 [ 5.08762360e-01]
 [ 5.00053406e-01]
 [ 5.73478699e-01]
 [ 4.61605072e-01]
 [ 4.61738586e-01]
 [ 4.62245941e-01]
 [ 5.34843445e-01]
 [ 8.93558502e-01]
 [ 6.90971375e-01]
 [-3.41110229e-02]
 [ 5.90988159e-01]
 [ 5.09632111e-01]
 [ 7.18910217e-01]
 [ 3.78440857e-01]
 [-3.30162048e-02]
 [ 7.18910217e-01]
 [ 8.94779205e-01]
 [ 4.67903137e-01]
 [ 5.59989929e-01]
 [ 8.94748688e-01]
 [ 1.05471802e+00]
 [ 8.95645142e-01]
 [ 4.97192383e-01]
 [ 5.29590607e-01]
 [ 8.94813538e-01]
 [ 7.78369904e-01]
 [ 4.05071259e-01]
 [ 1.22016716e+00]
 [ 4.82719421e-01]
 [ 5.07366180e-01]
 [ 8.93329620e-01]
 [ 4.65648651e-01]
 [ 7.45624542e-01]
 [ 7.17420578e-01]
 [ 6.10366821e-01]
 [ 5.18394470e-01]
 [ 8.95534515e-01]
 [ 5.34225464e-01]
 [ 7.43671417e-01]
 [ 5.81359863e-01]
 [ 9.22533035e-01]
 [ 8.93394470e-01]
 [ 5.38074493e-01]
 [ 5.06031036e-01]
 [ 7.49137878e-01]
 [ 1.55456543e-01]
 [ 8.53763580e-01]
 [ 8.95347595e-01]
 [ 1.25148773e-01]
 [ 8.95629883e-01]
 [ 5.97057343e-01]
 [ 6.34067535e-01]
 [ 5.97080231e-01]
 [ 8.90090942e-01]
 [ 6.02169037e-01]
 [ 4.33212280e-01]
 [ 3.72745514e-01]
 [ 1.63318253e+00]
 [ 4.75097656e-01]
 [ 5.96843719e-01]
 [ 5.25897980e-01]
 [ 8.95660400e-01]
 [ 5.20622253e-01]
 [ 2.73754120e-01]
 [ 5.44654846e-01]
 [ 6.17614746e-01]
 [ 5.66383362e-01]
 [ 7.21817017e-01]
 [ 2.30598450e-02]
 [ 8.53748322e-01]
 [ 5.97053528e-01]
 [ 8.53778839e-01]
 [ 8.95660400e-01]
 [ 6.31275177e-01]
 [ 5.78411102e-01]
 [ 1.92488289e+00]
 [ 5.97049713e-01]
 [ 4.81281281e-01]
 [ 4.94380951e-01]
 [ 3.24476242e-01]
 [ 5.97667694e-01]
 [ 8.95523071e-01]
 [ 4.57717896e-01]
 [ 7.36179352e-01]
 [ 8.93367767e-01]
 [ 5.66978455e-01]
 [ 6.00219727e-01]
 [ 9.25039291e-01]
 [ 6.97608948e-01]
 [ 5.62355042e-01]
 [ 4.57645416e-01]
 [ 4.90158081e-01]
 [ 7.46292114e-01]
 [ 7.45990753e-01]
 [ 1.17980957e-01]
 [ 8.93333435e-01]
 [ 9.69261169e-01]
 [ 8.92894745e-01]
 [ 6.55452728e-01]
 [ 8.92856598e-01]
 [ 8.95435333e-01]
 [ 6.04227066e-01]
 [ 6.44008636e-01]
 [ 6.81974411e-01]
 [ 6.85173035e-01]
 [ 6.13945007e-01]
 [ 9.22533035e-01]
 [ 9.42644119e-01]
 [ 7.20928192e-01]
 [ 8.95606995e-01]
 [ 5.36991119e-01]
 [ 9.69261169e-01]
 [ 6.64009094e-01]
 [ 2.28334427e-01]
 [ 1.01505280e+00]
 [ 8.95450592e-01]
 [ 8.28388214e-01]
 [ 5.87463379e-01]
 [ 9.50149536e-01]
 [ 2.63574600e-01]
 [ 4.94125366e-01]
 [ 8.95660400e-01]
 [ 6.13925934e-01]
 [ 8.95660400e-01]
 [ 7.64408112e-01]
 [ 6.93901062e-01]
 [ 8.54137421e-01]
 [ 8.92852783e-01]
 [ 8.95153046e-01]
 [ 1.06572723e+00]
 [ 7.68749237e-01]
 [ 8.95660400e-01]
 [ 8.95610809e-01]
 [ 1.14849854e+00]
 [ 5.97946167e-01]
 [ 1.15877151e+00]
 [ 4.56275940e-01]
 [ 8.95660400e-01]
 [ 5.38970947e-01]
 [ 8.95660400e-01]
 [ 8.95660400e-01]
 [ 8.28401566e-01]
 [ 1.48386002e-01]
 [ 3.99230957e-01]
 [ 7.71514893e-01]
 [ 8.31766129e-01]
 [ 7.43881226e-01]
 [ 7.10750580e-01]
 [ 8.93558502e-01]
 [ 7.28755951e-01]
 [ 8.95568848e-01]
 [ 8.95660400e-01]
 [ 8.95660400e-01]
 [ 9.88426208e-01]
 [ 1.02059364e+00]
 [ 8.68259430e-01]
 [ 7.10742950e-01]
 [ 6.79939270e-01]
 [ 1.73049927e+00]
 [ 8.95660400e-01]
 [ 6.46480560e-01]
 [ 8.51791382e-01]
 [ 8.95629883e-01]
 [ 6.24614716e-01]
 [ 5.85426331e-01]
 [ 8.95610809e-01]
 [ 6.32019043e-01]
 [ 6.97944641e-01]
 [ 7.83359528e-01]
 [ 6.97944641e-01]
 [ 9.51656342e-01]
 [ 1.21077919e+00]
 [ 5.82370758e-01]
 [ 7.45716095e-01]
 [ 8.95660400e-01]
 [ 8.46141815e-01]
 [ 5.04550934e-01]
 [ 1.19866180e+00]
 [ 6.90734863e-01]
 [ 7.33909607e-01]
 [ 8.95660400e-01]
 [ 2.51502991e-02]
 [ 7.53326416e-02]
 [ 1.44119263e-02]
 [-4.70809937e-02]
 [ 3.81927490e-02]
 [-1.14124298e-01]
 [ 4.98485565e-01]
 [ 3.63464355e-01]
 [ 5.34671783e-01]
 [-2.08843231e-01]
 [ 5.35820007e-01]
 [ 2.61173248e-02]
 [ 1.04604721e-01]
 [ 1.19813919e-01]
 [ 2.06371307e-01]
 [ 1.42559052e-01]
 [ 3.11342239e-01]
 [-9.34600830e-04]
 [ 3.11851501e-02]
 [ 1.97696686e-01]
 [ 2.51579285e-01]
 [ 8.84490967e-01]
 [-1.86748505e-02]
 [ 7.79273987e-01]
 [ 4.78332520e-01]
 [ 4.26254272e-02]
 [ 8.95660400e-01]
 [ 3.40652466e-03]
 [ 5.31700134e-01]
 [ 4.72843170e-01]
 [ 3.90933990e-01]
 [ 2.64778137e-02]
 [ 9.98516083e-02]
 [-1.64903641e-01]
 [ 1.49032593e-01]
 [ 1.86721802e-01]
 [ 3.38630676e-01]
 [ 2.53845215e-01]
 [ 5.16929626e-02]
 [ 2.05497742e-01]
 [ 1.68621063e-01]
 [-2.59387970e-01]
 [ 3.82453918e-01]
 [ 5.80738068e-01]
 [ 1.44876480e-01]
 [ 6.26220703e-02]
 [-8.68225098e-03]
 [-1.39274597e-02]
 [ 1.06182098e-01]
 [ 1.78468704e-01]
 [-3.25202942e-02]
 [ 3.50610733e-01]
 [-2.07061768e-02]
 [-1.92575455e-01]
 [ 1.37443542e-02]
 [ 1.02005005e-02]
 [ 4.70298767e-01]
 [-1.32764816e-01]
 [-9.34600830e-04]
 [-5.55610657e-02]
 [ 1.48353577e-02]
 [-8.72459412e-02]
 [ 4.36927795e-01]
 [ 3.25916290e-01]
 [-8.97312164e-02]
 [ 4.28833008e-01]
 [ 5.25226593e-02]
 [ 4.98924255e-01]
 [ 1.29856110e-01]
 [ 5.81607819e-02]
 [ 5.60401917e-01]
 [-3.73020172e-02]
 [-6.23435974e-02]
 [ 3.23646545e-01]
 [ 5.44624329e-02]
 [ 4.97367859e-01]
 [ 3.62863541e-01]
 [ 1.63976669e-01]
 [-1.60200119e-01]
 [ 2.36019135e-01]
 [-3.41110229e-02]
 [ 1.15966797e-03]
 [-9.34600830e-04]
 [ 2.48115540e-01]
 [ 6.35070801e-02]
 [ 8.46023560e-02]
 [ 1.53503418e-02]
 [-2.96497345e-02]
 [ 3.24611664e-02]
 [ 8.28762054e-02]
 [ 1.08001709e-01]
 [-7.87525177e-02]
 [ 7.48367310e-02]
 [ 3.42784882e-01]
 [ 5.06219864e-01]
 [-7.99732208e-02]
 [ 6.09718323e-01]
 [ 1.14633560e-01]
 [ 3.05252075e-02]
 [ 2.50862122e-01]
 [ 5.05859375e-01]
 [ 6.50405884e-04]
 [ 2.19543457e-01]
 [ 5.65280914e-01]
 [-1.36463165e-01]
 [ 7.81162262e-01]
 [ 2.97710419e-01]
 [ 4.89196777e-01]
 [ 2.37129211e-01]
 [ 1.16771698e-01]
 [-3.73020172e-02]
 [-2.83527374e-02]
 [-3.79180908e-03]
 [-1.22413635e-01]
 [-1.54113770e-03]
 [ 5.61161041e-02]
 [ 3.07579041e-02]
 [ 4.07218933e-03]
 [ 9.42115784e-02]
 [ 3.76586914e-01]
 [-8.97312164e-02]
 [ 4.74094391e-01]
 [ 1.68371201e-01]
 [ 2.05303192e-01]
 [ 4.18716431e-01]
 [ 3.24565887e-01]
 [-3.03630829e-02]
 [ 1.20721817e-01]
 [ 3.94088745e-01]
 [ 3.78688812e-01]
 [-1.02886200e-01]
 [-1.02886200e-01]
 [-1.02886200e-01]
 [ 6.10111237e-01]
 [ 1.02970123e-01]
 [ 7.49607086e-02]
 [-1.68190002e-02]
 [ 8.50543976e-02]
 [-8.49037170e-02]
 [ 1.11095428e-01]
 [ 4.87361908e-01]
 [ 1.20391846e-02]
 [ 9.87815857e-02]
 [ 1.02352142e-01]
 [ 2.17323303e-02]
 [-2.02842712e-01]
 [ 6.33277893e-02]
 [ 6.11724854e-02]
 [-6.72035217e-02]
 [-2.40306854e-02]
 [-2.12038040e-01]
 [ 4.89738464e-01]
 [ 5.07911682e-01]
 [ 3.80783081e-02]
 [-1.05915070e-01]
 [-1.40140533e-01]
 [ 7.33043671e-01]
 [ 4.74315643e-01]
 [ 7.25490570e-01]
 [-4.07218933e-02]
 [ 6.19239807e-02]
 [ 1.50299072e-03]
 [ 8.20350647e-03]
 [-1.72813416e-01]
 [-1.56263351e-01]
 [ 1.50264740e-01]
 [ 4.22821045e-01]
 [ 1.65843964e-02]
 [ 8.32870483e-01]
 [ 1.60045624e-02]
 [ 3.19290161e-02]
 [ 4.22821045e-01]
 [ 4.43859100e-02]
 [-2.80189514e-03]
 [ 1.13231659e-01]
 [ 1.37781143e-01]
 [ 3.93627167e-01]
 [-1.89903259e-01]
 [ 1.89968109e-01]
 [ 4.09492493e-01]
 [-8.46710205e-02]
 [ 1.25331879e-01]
 [ 1.97097778e-01]
 [ 8.75663757e-02]
 [ 1.24233246e-01]
 [-1.09951019e-01]
 [-8.97312164e-02]
 [ 8.58058929e-02]
 [ 1.93214417e-02]
 [ 1.53614044e-01]
 [-1.01696014e-01]
 [ 1.42024994e-01]
 [ 5.78517914e-02]
 [ 6.66675568e-02]
 [-3.10935974e-02]
 [ 5.01539230e-01]
 [ 4.54730988e-02]
 [ 3.82137299e-02]
 [ 7.79865265e-01]
 [ 8.07300568e-01]
 [ 1.49429321e-01]
 [ 4.84424591e-01]
 [ 6.60610199e-02]
 [ 4.77191925e-01]
 [ 5.23281097e-01]
 [ 5.32493591e-01]
 [ 4.73957062e-01]
 [ 2.75554657e-02]
 [ 2.27741241e-01]
 [ 5.79128265e-02]
 [ 3.64494324e-02]
 [ 3.34087372e-01]
 [ 3.31287384e-02]
 [ 7.48977661e-02]
 [ 1.59339905e-01]
 [ 2.57055283e-01]
 [ 5.81790924e-01]
 [ 7.94601440e-02]
 [ 7.94601440e-02]
 [ 7.94601440e-02]
 [ 7.94601440e-02]
 [ 1.52025223e-01]
 [ 1.10565186e-01]
 [ 8.94847870e-01]
 [ 4.74945068e-01]
 [-4.24804688e-02]
 [ 8.95603180e-01]
 [ 6.40201569e-02]
 [ 1.06512070e-01]
 [ 1.17136002e-01]
 [ 4.66934204e-01]
 [-1.71279907e-03]
 [ 1.03265762e-01]
 [ 4.80548859e-01]
 [ 1.75895691e-01]
 [ 4.84493256e-01]
 [ 1.30807877e-01]
 [-2.23423004e-01]
 [-1.49124146e-01]
 [-8.16383362e-02]
 [ 9.03701782e-02]
 [ 2.30598450e-02]
 [ 9.48657990e-02]
 [ 8.95629883e-01]
 [ 8.49723816e-02]
 [ 8.69941711e-01]
 [ 5.62561035e-01]
 [-2.26249695e-02]
 [ 1.94355011e-01]
 [ 9.27314758e-02]
 [ 2.56042480e-02]
 [ 2.28424072e-01]
 [-2.94475555e-02]
 [ 4.75616455e-02]
 [ 4.67552185e-01]
 [-4.83646393e-02]
 [ 3.07445526e-02]
 [ 4.93721008e-01]
 [ 1.91116333e-03]
 [-1.39286041e-01]
 [ 1.76959991e-01]
 [ 2.36587524e-02]
 [ 6.76219940e-01]
 [ 1.66383743e-01]
 [ 3.24367523e-01]
 [ 3.45487595e-01]
 [-1.82151794e-01]
 [ 5.11127472e-01]
 [-8.74519348e-03]
 [-5.40542603e-03]
 [ 1.37092590e-01]
 [ 4.38213348e-02]
 [ 8.22067261e-04]
 [ 3.36620331e-01]
 [ 3.31573486e-02]
 [ 5.42869568e-02]
 [-2.82268524e-02]
 [-6.85939789e-02]
 [-7.16896057e-02]
 [-6.70413971e-02]
 [-3.28483582e-02]
 [ 4.28777695e-01]
 [-1.46179199e-02]
 [ 4.76150513e-02]
 [ 2.45227814e-02]
 [ 1.11961365e-02]
 [ 1.55483246e-01]
 [-1.40609741e-02]
 [ 1.17259979e-01]
 [ 8.52165222e-02]
 [ 1.28919601e-01]
 [ 3.70567322e-01]
 [ 5.60401917e-01]
 [ 5.44475555e-01]
 [-1.39274597e-02]
 [ 1.01369858e-01]
 [-1.90929413e-01]
 [ 5.17520905e-02]
 [ 5.54779053e-01]
 [ 4.68200684e-01]
 [ 1.78445816e-01]
 [-1.78949356e-01]
 [-3.03630829e-02]
 [-3.03630829e-02]
 [-3.03630829e-02]
 [ 1.56021118e-03]
 [ 2.28107452e-01]
 [ 4.36798096e-01]
 [ 7.61146545e-02]
 [ 8.45699310e-02]
 [ 4.94972229e-01]
 [ 2.97225952e-01]
 [-8.45832825e-02]
 [ 2.73979187e-01]
 [ 2.24550247e-01]
 [-2.92005539e-01]
 [ 2.33268738e-01]
 [ 3.61785889e-02]
 [ 5.28793335e-01]
 [ 3.96175385e-02]
 [ 4.31064606e-01]
 [-1.78329468e-01]
 [-9.40265656e-02]
 [ 2.61573792e-02]
 [ 8.95641327e-01]
 [-5.36708832e-02]
 [-1.46484375e-02]
 [ 5.30357361e-01]
 [ 6.56993866e-01]
 [ 1.36354446e-01]
 [ 2.25282669e-01]
 [ 2.70780563e-01]
 [ 3.91109467e-01]
 [-5.97038269e-02]
 [ 5.37551880e-01]
 [-1.26831055e-01]
 [ 3.99349213e-01]
 [-1.30290985e-01]
 [-5.56373596e-02]
 [-1.79328918e-02]
 [-7.45964050e-03]
 [ 2.52059937e-01]
 [ 1.48941040e-01]
 [ 1.31034851e-02]
 [-1.16958618e-02]
 [ 4.38632965e-01]
 [ 5.17362595e-01]
 [ 5.97133636e-01]
 [ 5.42682648e-01]
 [-2.18261719e-01]
 [ 1.18286133e-01]
 [ 8.07334900e-01]
 [ 1.00059509e-01]
 [-9.64794159e-02]
 [-2.91530609e-01]
 [-9.48696136e-02]
 [ 6.59770966e-01]
 [-3.78856659e-02]
 [-9.43565369e-03]
 [ 4.75326538e-01]
 [ 5.56850433e-01]
 [ 6.54731750e-01]
 [ 4.27089691e-01]
 [ 4.44812775e-01]
 [-1.64615631e-01]
 [-5.72032928e-02]
 [ 5.08480072e-02]
 [ 8.87035370e-01]
 [-3.05534363e-01]
 [ 4.52913284e-01]
 [-1.88064575e-02]
 [-2.09419250e-01]
 [ 1.50310516e-01]
 [ 4.61311340e-02]
 [ 2.50837326e-01]
 [-1.49513245e-01]
 [-3.33023071e-03]
 [-3.33023071e-03]
 [-2.01721191e-02]
 [ 1.98928833e-01]
 [ 7.81707764e-02]
 [-7.66716003e-02]
 [-1.35335922e-01]
 [ 2.90374756e-02]
 [-1.24267578e-01]
 [ 8.57830048e-02]
 [-3.49121094e-02]
 [ 4.01592255e-02]
 [-1.75857544e-03]
 [-1.47676468e-01]
 [ 2.66368866e-01]
 [ 3.27281952e-01]
 [ 5.90267181e-02]
 [-7.36064911e-02]
 [ 1.25877380e-01]
 [ 2.13174820e-01]
 [ 4.24766541e-01]
 [-2.11601257e-01]
 [ 9.43050385e-02]
 [ 1.86986923e-01]
 [ 7.74879456e-02]
 [ 4.76455688e-01]
 [ 4.20665741e-02]
 [-3.99974823e-01]
 [ 2.30598450e-02]
 [ 1.19714737e-01]
 [ 8.83090973e-01]
 [ 7.75463104e-01]
 [ 5.97126007e-01]
 [ 1.68460846e-01]
 [ 4.72946167e-02]
 [-1.34258270e-02]
 [-2.19190598e-01]
 [-8.06331635e-02]
 [-1.40781403e-01]
 [-2.71911621e-02]
 [-1.19342804e-02]
 [ 1.03626251e-01]
 [ 2.06508636e-02]
 [ 3.59836578e-01]
 [ 1.68798447e-01]
 [ 1.97113037e-01]
 [ 3.56014252e-01]
 [ 2.90489197e-03]
 [ 2.30598450e-02]
 [ 1.55220032e-02]
 [ 8.82568359e-02]
 [ 8.62899780e-01]
 [ 8.41968536e-01]
 [ 4.69642639e-01]
 [ 4.85736847e-01]
 [-8.38680267e-02]
 [ 5.16454697e-01]
 [ 5.29342651e-01]
 [ 7.45239258e-02]
 [ 1.75506592e-01]
 [ 3.56472015e-01]
 [-1.86958313e-02]
 [ 8.63330841e-01]
 [-4.53300476e-02]
 [-2.65159607e-02]
 [-1.82247162e-02]
 [ 5.21671295e-01]
 [-1.82247162e-02]
 [ 4.61841583e-01]
 [ 1.24149323e-02]
 [ 5.69137573e-01]
 [ 2.96073914e-01]
 [ 6.54556274e-01]
 [ 2.70931244e-01]
 [ 3.47557068e-02]
 [-6.25572205e-02]
 [ 4.28028107e-02]
 [ 5.94459534e-01]
 [ 1.08819962e-01]
 [-1.77122116e-01]
 [ 1.92798615e-01]
 [-2.45546341e-01]
 [ 8.63330841e-01]
 [ 1.81715012e-01]
 [-1.92783356e-01]
 [ 4.21249390e-01]
 [-1.85825348e-01]
 [ 2.01107025e-01]
 [ 4.33380127e-01]
 [ 1.33171082e-02]
 [-2.85539627e-01]
 [ 8.70418549e-01]
 [ 9.99069214e-02]
 [ 1.69229507e-01]
 [ 6.79718018e-01]
 [-9.85336304e-02]
 [-8.93268585e-02]
 [ 3.06247711e-01]
 [-5.19638062e-02]
 [ 6.03656769e-02]
 [ 4.40376282e-01]
 [ 1.85009003e-01]
 [-3.07083130e-03]
 [ 8.95610809e-01]
 [ 4.57363129e-02]
 [ 4.64618683e-01]
 [ 2.45399475e-02]
 [ 1.11948013e-01]
 [ 1.91627502e-01]
 [-5.82561493e-02]
 [-7.03125000e-02]
 [ 1.33329391e-01]
 [ 2.36701965e-02]
 [ 2.60650635e-01]
 [ 3.50704193e-02]
 [ 2.25057602e-01]
 [-1.77898407e-02]
 [ 2.60129929e-01]
 [ 4.37313080e-01]
 [ 5.60401917e-01]
 [-1.43276215e-01]
 [ 4.95151520e-01]
 [ 1.59641266e-01]
 [ 6.66587830e-01]
 [ 4.94388580e-01]
 [ 7.33661652e-01]
 [ 8.49914551e-02]
 [ 5.71060181e-03]
 [-6.28604889e-02]
 [-4.27436829e-02]
 [-1.14454269e-01]
 [-1.67617798e-01]
 [ 6.61403656e-01]
 [ 2.60810852e-02]
 [ 2.60810852e-02]
 [ 6.07051849e-02]
 [ 1.80887222e-01]
 [ 3.74759674e-01]
 [ 3.22477341e-01]
 [ 2.96758652e-01]
 [-7.17506409e-02]
 [ 3.48834991e-02]
 [ 1.75437927e-01]
 [ 2.30598450e-02]
 [ 1.65580750e-01]
 [-1.04434967e-01]
 [-3.35979462e-02]
 [ 7.16094971e-02]
 [-2.11601257e-01]
 [ 6.27040863e-02]
 [ 1.43705368e-01]
 [ 3.05175781e-03]
 [-4.97035980e-02]
 [-5.04112244e-02]
 [ 3.66096497e-02]
 [ 5.00122070e-01]
 [ 5.99868774e-01]
 [-1.44065857e-01]
 [ 8.95473480e-01]
 [ 1.63688660e-02]
 [-5.77526093e-02]
 [-2.00576782e-02]
 [ 1.11656189e-01]
 [ 2.30598450e-02]
 [ 5.14408112e-01]
 [ 1.07093811e-01]
 [-5.75561523e-02]
 [ 3.18603516e-02]
 [ 5.63911438e-01]
 [ 2.54171371e-01]
 [ 5.46905518e-01]
 [ 7.73735046e-02]
 [-9.88388062e-02]
 [ 3.22360992e-02]
 [ 3.49884033e-02]
 [-5.13725281e-02]
 [ 8.37680817e-01]
 [ 1.72203064e-01]
 [ 8.95641327e-01]
 [ 2.88009644e-01]
 [-9.21974182e-02]
 [ 4.37477112e-01]
 [ 1.36928558e-02]
 [ 5.24185181e-01]
 [ 2.26829529e-01]
 [-1.25465393e-02]
 [ 5.23433685e-02]
 [ 9.61685181e-03]
 [ 7.32440948e-02]
 [ 4.84340668e-01]
 [-3.09944153e-02]
 [ 2.13752747e-01]
 [ 1.91116333e-03]
 [ 1.91116333e-03]
 [ 1.91116333e-03]
 [ 2.07767487e-01]
 [ 1.91116333e-03]
 [ 1.91116333e-03]
 [ 1.12125397e-01]
 [ 9.54265594e-02]
 [-1.25621796e-01]
 [ 1.83029175e-02]
 [ 1.70326233e-01]
 [ 3.18084717e-01]
 [ 4.87342834e-01]
 [ 2.02768326e-01]
 [ 2.16358185e-01]
 [ 1.91116333e-03]
 [ 1.36676788e-01]
 [ 6.53419495e-02]
 [ 7.70301819e-02]
 [ 2.77530670e-01]
 [ 8.93783569e-03]
 [-3.64532471e-02]
 [ 1.91116333e-03]
 [ 1.91116333e-03]
 [ 3.07975769e-01]
 [ 1.91116333e-03]
 [ 1.15583420e-01]
 [ 3.09059143e-01]
 [ 1.15583420e-01]
 [ 1.91116333e-03]
 [ 7.79579163e-01]
 [ 2.08034515e-02]
 [ 8.34445953e-02]
 [ 9.44519043e-02]
 [ 9.09729004e-02]
 [ 5.46195984e-01]
 [ 3.56082916e-01]
 [ 5.28987885e-01]
 [ 5.18985748e-01]
 [ 1.91116333e-03]
 [-2.33024597e-01]
 [ 1.91116333e-03]
 [ 1.91116333e-03]
 [ 1.91116333e-03]
 [ 1.91116333e-03]
 [ 1.91116333e-03]
 [ 1.15583420e-01]
 [ 1.15583420e-01]
 [ 1.91116333e-03]
 [ 1.91116333e-03]
 [ 1.91116333e-03]
 [ 1.91116333e-03]
 [ 1.91116333e-03]
 [ 1.91116333e-03]
 [ 1.91116333e-03]
 [ 1.91116333e-03]
 [ 1.91116333e-03]
 [ 1.91116333e-03]
 [-3.03630829e-02]
 [ 1.91116333e-03]
 [ 1.91116333e-03]
 [ 1.91116333e-03]
 [ 1.91116333e-03]
 [ 1.91116333e-03]
 [ 1.91116333e-03]
 [ 1.91116333e-03]
 [ 1.91116333e-03]
 [ 2.30598450e-02]
 [ 4.38213348e-02]
 [ 3.90110016e-02]
 [-5.74169159e-02]
 [-2.65502930e-03]
 [ 8.95629883e-01]
 [ 1.05361938e-02]
 [ 5.69999695e-01]
 [-1.67465210e-02]
 [ 8.37516785e-01]
 [ 2.97691345e-01]
 [ 6.03664398e-01]
 [ 2.95526505e-01]
 [ 6.08825684e-03]
 [ 1.36289597e-01]
 [-8.70113373e-02]
 [-1.96075439e-03]
 [-9.07135010e-02]
 [ 2.28668213e-01]
 [ 6.21021271e-01]
 [-7.86590576e-02]
 [-3.67931366e-01]
 [ 1.15966797e-03]
 [-3.46412659e-02]
 [-4.89234924e-01]
 [ 4.89387512e-01]
 [-1.48134232e-01]
 [-7.88307190e-02]
 [ 1.65756226e-01]
 [-3.25317383e-02]
 [-3.46412659e-02]
 [ 4.64492798e-01]
 [-4.53720093e-02]
 [ 1.72473907e-01]
 [ 4.81567383e-01]
 [ 1.76048279e-01]
 [ 4.04701233e-02]
 [-2.84881592e-02]
 [ 2.03628540e-02]
 [ 5.51132202e-01]
 [ 8.46355438e-01]
 [ 8.94622803e-02]
 [ 5.25360107e-02]
 [ 8.35418701e-03]
 [-1.11581802e-01]
 [ 1.44102097e-01]
 [ 2.30598450e-02]
 [-7.03315735e-02]
 [ 4.92237091e-01]
 [ 1.18898392e-01]
 [-3.83758545e-03]
 [ 5.08880615e-01]
 [-3.94058228e-03]
 [ 5.90896606e-03]
 [ 2.30598450e-02]
 [ 8.22395325e-01]
 [ 8.22395325e-01]
 [-6.43596649e-02]
 [ 4.25758362e-02]
 [ 2.29187012e-02]
 [ 1.66978836e-01]
 [ 8.95614624e-01]
 [ 3.87306213e-01]
 [ 3.61351013e-01]
 [ 4.65625763e-01]
 [ 4.72385406e-01]
 [ 4.53628540e-01]
 [ 4.96746063e-01]
 [ 5.36914825e-01]
 [ 6.29184723e-01]
 [ 7.46536255e-02]
 [-7.25936890e-03]
 [ 3.46984863e-02]
 [ 3.48295212e-01]
 [ 1.13296509e-02]
 [ 5.16914368e-01]
 [ 1.25543594e-01]
 [-7.47909546e-02]
 [-6.93607330e-02]
 [ 1.24912262e-02]
 [ 5.60401917e-01]
 [ 5.84499359e-01]
 [-5.18856049e-02]
 [-9.34600830e-04]
 [-1.92111969e-01]
 [-1.39274597e-02]
 [-8.54682922e-03]
 [ 2.19121933e-01]
 [ 1.64537430e-01]
 [-9.34600830e-04]
 [ 1.94786072e-01]
 [ 5.15384674e-02]
 [ 7.60478973e-02]
 [-3.95965576e-03]
 [ 9.04598236e-02]
 [ 2.46829987e-01]
 [ 2.58712769e-01]
 [ 2.21960068e-01]
 [ 9.98687744e-03]
 [ 5.34191132e-01]
 [-8.97312164e-02]
 [ 1.51290894e-02]
 [ 5.71498871e-02]
 [ 4.33055878e-01]
 [ 1.29854202e-01]
 [-2.59778976e-01]
 [-2.05951691e-01]
 [ 3.09846878e-01]
 [ 2.98290253e-02]
 [-2.18345642e-01]
 [ 4.48406219e-01]
 [ 4.22786713e-01]
 [ 6.07223511e-02]
 [ 8.95641327e-01]
 [ 1.57672882e-01]
 [ 2.77423859e-02]
 [-6.93740845e-02]
 [ 3.45466614e-01]
 [ 1.08802795e-01]
 [ 1.54468536e-01]
 [ 1.92096710e-01]
 [-6.44226074e-02]
 [ 2.60620117e-02]
 [ 1.21248245e-01]
 [ 7.61375427e-02]
 [ 2.16457367e-01]
 [-2.15530396e-04]
 [-8.97312164e-02]
 [ 6.73534393e-01]
 [-5.29499054e-02]
 [ 7.70530701e-01]
 [ 7.70530701e-01]
 [ 5.96630096e-01]
 [-1.28198624e-01]
 [ 4.47624207e-01]
 [ 4.31949615e-01]
 [ 1.50547028e-01]
 [ 5.56903839e-01]
 [ 2.14595795e-02]
 [ 6.97441101e-02]
 [ 3.10153961e-02]
 [-1.66801453e-01]
 [ 4.87583160e-01]
 [-1.29985809e-01]
 [ 8.95484924e-01]
 [ 1.87301636e-03]
 [ 5.10848999e-01]
 [ 5.12615204e-01]
 [ 4.35119629e-01]
 [ 5.59097290e-01]
 [ 5.20362854e-02]
 [-3.89308929e-02]
 [-4.21009064e-02]
 [ 2.30598450e-02]
 [ 8.90289307e-01]
 [ 3.56521606e-02]
 [-2.52151489e-03]
 [ 7.94853210e-01]
 [-8.76045227e-03]
 [ 1.61548615e-01]
 [ 8.04538727e-02]
 [ 1.06647491e-01]
 [ 1.32423401e-01]
 [ 3.81425858e-01]
 [ 6.40068054e-01]
 [ 3.93329620e-01]
 [ 6.64367676e-02]
 [ 6.24509811e-01]
 [ 5.96200943e-01]
 [-4.29248810e-02]
 [ 1.17053986e-01]
 [ 6.05628967e-01]
 [ 2.77851105e-01]
 [ 9.73110199e-02]
 [-1.79077148e-01]
 [-5.33676147e-02]
 [ 3.97262573e-02]
 [ 1.40844345e-01]
 [ 2.04492569e-01]
 [ 5.93948364e-03]
 [ 7.83634186e-02]
 [ 5.27938843e-01]
 [ 1.42246246e-01]
 [ 1.37357712e-01]
 [ 4.72286224e-01]
 [-9.84573364e-02]
 [ 2.25788116e-01]
 [ 2.54379272e-01]
 [ 6.27189636e-01]
 [ 7.51647949e-02]
 [-1.60503387e-02]
 [ 9.70973969e-02]
 [ 2.98748016e-02]
 [ 1.87387466e-01]
 [ 8.45958710e-01]
 [ 8.93112183e-01]
 [ 4.42920685e-01]
 [-2.08292007e-01]
 [ 3.27396393e-02]
 [-1.60797119e-01]
 [-7.37304688e-02]
 [ 2.30598450e-02]
 [ 3.27396393e-02]
 [-7.44247437e-02]
 [ 3.06072235e-02]
 [ 3.06072235e-02]
 [-2.64720917e-02]
 [ 1.81404114e-01]
 [ 1.08570099e-01]
 [-6.92310333e-02]
 [ 7.49607086e-02]
 [ 7.26276398e-01]
 [ 1.50917053e-01]
 [ 2.93140411e-02]
 [ 1.51117325e-01]
 [ 3.27396393e-02]
 [-3.78150940e-02]
 [ 1.75884247e-01]
 [-8.97312164e-02]
 [ 4.83131409e-03]
 [-1.02888107e-01]
 [ 3.59344482e-03]
 [-5.34400940e-02]
 [ 1.95140839e-01]
 [-2.93088913e-01]
 [ 1.36196136e-01]
 [ 1.73641205e-01]
 [ 6.59286499e-01]
 [ 1.58233643e-02]
 [ 5.00308990e-01]
 [ 5.14244080e-01]
 [-9.34600830e-04]
 [-3.75747681e-03]
 [-7.37266541e-02]
 [ 6.89411163e-02]
 [ 4.70233917e-01]
 [ 8.56857300e-01]
 [ 4.89177704e-01]
 [ 1.32127762e-01]
 [ 3.96324158e-01]
 [ 8.80279541e-02]
 [ 2.84219742e-01]
 [ 1.95693970e-03]
 [ 7.62348175e-02]
 [-1.44577026e-03]
 [-3.47862244e-01]
 [ 6.04282379e-01]
 [ 9.60159302e-02]
 [ 1.26461029e-01]
 [ 1.50512695e-01]
 [ 4.01775360e-01]
 [ 2.53486633e-03]
 [ 5.11150360e-02]
 [ 3.62434387e-01]
 [-2.43206024e-02]
 [ 8.95591736e-01]
 [ 4.33433533e-01]
 [ 9.93003845e-02]
 [ 1.71432495e-02]
 [ 2.74124146e-02]
 [ 3.35971832e-01]
 [ 2.74124146e-02]
 [-1.97284698e-01]
 [-1.19300842e-01]
 [ 1.67343140e-01]
 [ 2.30598450e-02]
 [ 1.40155792e-01]
 [ 1.26604080e-01]
 [ 8.95557404e-01]
 [ 2.74124146e-02]
 [ 2.74124146e-02]
 [ 2.54217148e-01]
 [ 1.51193619e-01]
 [ 5.26962280e-02]
 [ 9.08775330e-02]
 [ 5.71250916e-03]
 [-1.81386948e-01]
 [ 4.75612640e-01]
 [-9.66453552e-03]
 [ 4.51759338e-01]
 [ 3.88343811e-01]
 [ 2.75657654e-01]
 [-5.34362793e-02]
 [-2.38054276e-01]
 [ 1.99096680e-01]
 [-5.34362793e-02]
 [-1.37344360e-01]
 [ 2.53524780e-02]
 [ 2.31674194e-01]
 [-1.31971359e-01]
 [ 3.89587402e-01]
 [ 4.50576782e-01]
 [ 5.60401917e-01]
 [-8.69483948e-02]
 [-1.11465454e-01]
 [ 4.04272079e-01]
 [ 5.61141968e-02]
 [-3.52935791e-02]
 [ 8.17157745e-01]
 [ 3.10153961e-02]
 [ 1.42318726e-01]
 [ 4.11052704e-02]
 [-1.75247192e-02]
 [ 7.34634399e-02]
 [-1.62599564e-01]
 [-1.78070068e-02]
 [ 6.94969177e-01]
 [ 3.38787079e-01]
 [ 4.86137390e-01]
 [ 8.17127228e-01]
 [ 7.23773956e-01]
 [-3.55529785e-02]
 [ 2.75455475e-01]
 [ 4.03953552e-01]
 [ 2.71835327e-01]
 [-9.18598175e-02]
 [ 5.16040802e-01]
 [-5.50342560e-01]
 [ 3.42144012e-01]
 [ 2.58270264e-01]
 [ 3.03798676e-01]
 [ 1.97238922e-01]
 [ 4.89494324e-01]
 [-1.02138519e-02]
 [-4.85420227e-02]
 [ 1.42822266e-02]
 [-6.01005554e-03]
 [ 5.34858704e-02]
 [ 1.52645111e-02]
 [-4.55684662e-02]
 [-5.54924011e-02]
 [-1.71890259e-02]
 [-2.03590393e-02]
 [ 4.52041626e-02]
 [-1.56166077e-01]
 [ 1.95739746e-01]
 [ 7.38296509e-02]
 [-1.40432358e-01]
 [-1.78285599e-01]
 [ 8.41869354e-01]
 [ 3.92274857e-01]
 [ 4.72618103e-01]
 [-1.33535385e-01]
 [ 2.98473358e-01]
 [-1.95446014e-02]
 [-6.17675781e-02]
 [-8.13102722e-03]
 [ 4.78363037e-03]
 [ 4.60487366e-01]
 [-3.02829742e-02]
 [ 8.17131042e-01]
 [ 8.39996338e-03]
 [ 4.34982300e-01]
 [ 1.29856110e-01]
 [ 1.54272079e-01]
 [ 1.54272079e-01]
 [ 1.06410980e-01]
 [-7.43408203e-02]
 [ 9.34333801e-02]
 [ 4.77787018e-01]
 [ 4.81056213e-01]
 [ 1.72765732e-01]
 [ 4.58713531e-01]
 [ 1.00233078e-01]
 [ 1.43468857e-01]
 [ 8.95641327e-01]
 [ 4.57977295e-01]
 [ 7.49244690e-02]
 [ 4.19616699e-01]
 [ 2.50518799e-01]
 [ 2.26573944e-02]
 [ 2.26573944e-02]
 [ 2.49359131e-01]
 [ 8.95591736e-01]
 [ 3.14270020e-01]
 [-3.07865143e-02]
 [-3.33061218e-02]
 [-9.34600830e-04]
 [-2.65502930e-03]
 [-1.06647491e-01]
 [ 2.65663147e-01]
 [ 3.69651794e-01]
 [ 3.38211060e-01]
 [ 1.31797791e-01]
 [ 7.69081116e-02]
 [ 5.07507324e-02]
 [ 2.08145142e-01]
 [ 1.20517731e-01]
 [-7.98969269e-02]
 [-2.67883301e-01]
 [-1.10336304e-01]
 [-2.25067139e-04]
 [-6.06899261e-02]
 [ 2.30598450e-02]
 [ 1.13433838e-01]
 [ 3.16677094e-01]
 [ 4.19609070e-01]
 [ 2.99816132e-01]
 [ 5.10841370e-01]
 [ 8.42006683e-01]
 [ 2.08473206e-02]
 [ 4.19990540e-01]
 [ 8.80603790e-02]
 [ 1.06864929e-01]
 [ 1.47523880e-01]
 [ 2.08885193e-01]
 [ 7.10151672e-01]
 [ 8.14609528e-02]
 [ 4.64679718e-01]
 [-3.00559998e-02]
 [ 4.97367859e-01]
 [-5.24826050e-02]
 [ 1.90984726e-01]
 [ 2.97733307e-01]
 [ 7.36465454e-02]
 [ 2.21786499e-02]
 [-3.49617004e-02]
 [-4.51259613e-02]
 [-2.14569092e-01]
 [-3.71170044e-03]
 [ 1.20712280e-01]
 [ 7.14111328e-03]
 [ 5.60401917e-01]
 [-4.26502228e-02]
 [ 7.83882141e-02]
 [ 3.07552338e-01]
 [ 4.53186035e-01]
 [ 5.37261963e-02]
 [ 2.95333862e-01]
 [ 3.26221466e-01]
 [ 5.34744263e-02]
 [ 2.88486481e-02]
 [ 2.30598450e-02]
 [-9.34600830e-04]
 [ 3.96270752e-02]
 [ 3.13949585e-03]
 [ 5.63030243e-02]
 [-9.34600830e-04]
 [-9.34600830e-04]
 [-9.34600830e-04]
 [ 2.30598450e-02]
 [-9.34600830e-04]
 [ 9.65881348e-03]
 [-9.34600830e-04]
 [-9.34600830e-04]
 [ 3.13949585e-03]
 [-9.34600830e-04]
 [-9.34600830e-04]
 [ 2.30598450e-02]
 [ 2.30598450e-02]
 [-9.34600830e-04]
 [-9.34600830e-04]
 [-9.34600830e-04]
 [-9.34600830e-04]
 [-9.34600830e-04]
 [ 2.30598450e-02]
 [-2.80227661e-02]
 [-9.34600830e-04]
 [-9.34600830e-04]
 [ 2.30598450e-02]
 [ 5.45978546e-02]
 [ 2.30598450e-02]
 [ 2.30598450e-02]
 [-9.34600830e-04]
 [-9.34600830e-04]
 [ 2.30598450e-02]
 [ 5.40428162e-02]
 [-9.34600830e-04]
 [-1.34809494e-01]
 [ 5.08747101e-02]
 [-9.34600830e-04]
 [-1.08793259e-01]
 [ 8.52165222e-02]
 [-9.34600830e-04]
 [ 2.30598450e-02]
 [-9.34600830e-04]
 [-9.34600830e-04]
 [-9.34600830e-04]
 [-9.34600830e-04]
 [ 2.30598450e-02]
 [-9.34600830e-04]
 [-9.34600830e-04]
 [-9.34600830e-04]
 [-9.34600830e-04]
 [-9.34600830e-04]
 [-9.34600830e-04]
 [-9.34600830e-04]
 [ 5.08747101e-02]
 [-9.34600830e-04]
 [ 2.30464935e-02]
 [ 2.30598450e-02]
 [-7.68089294e-02]
 [ 1.15966797e-03]
 [ 1.15966797e-03]
 [ 2.30598450e-02]
 [-9.34600830e-04]
 [-9.34600830e-04]
 [-9.34600830e-04]
 [-9.34600830e-04]
 [-9.34600830e-04]
 [-9.34600830e-04]
 [-9.34600830e-04]
 [-9.34600830e-04]
 [-9.34600830e-04]
 [-9.34600830e-04]
 [-9.34600830e-04]
 [-9.34600830e-04]
 [-9.34600830e-04]
 [-9.34600830e-04]
 [-9.34600830e-04]
 [-9.34600830e-04]
 [-9.34600830e-04]
 [-9.34600830e-04]
 [-9.34600830e-04]
 [-1.26129150e-01]
 [-9.34600830e-04]
 [-9.34600830e-04]
 [-9.34600830e-04]
 [-9.34600830e-04]
 [-9.34600830e-04]
 [ 2.30598450e-02]
 [ 2.30598450e-02]
 [ 3.07445526e-02]
 [-9.34600830e-04]
 [-9.34600830e-04]
 [-9.34600830e-04]
 [-9.34600830e-04]
 [ 1.32680893e-01]
 [-1.20824814e-01]
 [ 7.93075562e-03]
 [-9.34600830e-04]
 [ 4.35600281e-02]
 [ 5.10116577e-01]
 [ 2.30598450e-02]
 [-4.38423157e-02]
 [ 2.30598450e-02]
 [ 2.30598450e-02]
 [ 2.30598450e-02]
 [ 2.30598450e-02]
 [ 2.30598450e-02]
 [ 2.30598450e-02]
 [ 2.30598450e-02]
 [ 2.30598450e-02]
 [ 2.30598450e-02]
 [ 3.65352631e-02]
 [-6.64196014e-02]
 [ 2.37899780e-01]
 [ 3.39736938e-01]
 [ 6.01840973e-01]
 [-4.29649353e-02]
 [ 4.67288971e-01]
 [ 3.30715179e-01]
 [ 1.57672882e-01]
 [-8.28304291e-02]
 [ 8.30268860e-02]
 [ 1.44683838e-01]
 [ 5.90351105e-01]
 [-2.89268494e-02]
 [-1.89952850e-01]
 [ 5.75675964e-02]
 [-2.17113495e-02]
 [ 5.06530762e-01]
 [ 8.41701508e-01]
 [ 4.85500336e-01]
 [-4.14369583e-01]
 [-9.34219360e-02]
 [ 3.70193481e-01]
 [ 1.71504974e-01]
 [-8.39996338e-03]
 [ 5.02887726e-01]
 [ 1.97822571e-01]
 [ 1.04362488e-01]
 [ 2.43122101e-01]
 [ 3.44200134e-02]
 [ 4.77336884e-01]
 [ 2.30598450e-02]
 [-4.75807190e-02]
 [ 1.46678925e-01]
 [ 7.14035034e-02]
 [ 1.97029114e-02]
 [ 1.67942047e-01]
 [-2.94761658e-01]
 [-2.67868042e-02]
 [-1.21364594e-02]
 [ 8.46031189e-01]
 [ 2.67391205e-02]
 [ 2.98593521e-01]
 [-3.40843201e-03]
 [ 4.12445068e-02]
 [ 3.38630676e-01]
 [ 3.38630676e-01]
 [ 3.17304611e-01]
 [ 9.13753510e-02]
 [ 8.03840637e-01]
 [-2.41653442e-01]
 [ 4.83009338e-01]
 [-4.54845428e-02]
 [ 1.58489227e-01]
 [ 9.39064026e-02]
 [ 6.79664612e-02]
 [-1.06925964e-01]
 [-6.21948242e-02]
 [ 9.93232727e-02]
 [-1.39274597e-02]
 [ 4.43607330e-01]
 [ 3.78948212e-01]
 [ 1.00624084e-01]
 [ 2.36469269e-01]
 [ 4.56321716e-01]
 [-5.45940399e-02]
 [ 2.74124146e-02]
 [ 8.32630157e-01]
 [ 1.26075745e-01]
 [-3.24249268e-03]
 [ 9.34982300e-03]
 [ 2.10329056e-01]
 [ 1.51214600e-02]
 [-1.12205505e-01]
 [-1.23264313e-01]
 [ 1.50852203e-02]
 [ 5.60401917e-01]
 [ 2.30598450e-02]
 [-1.26188278e-01]
 [ 4.25151825e-01]
 [-1.43032074e-02]
 [-5.42907715e-02]
 [ 4.21848297e-01]
 [ 1.70188904e-01]
 [ 9.15679932e-02]
 [ 3.60624313e-01]
 [ 4.32090759e-01]
 [ 6.99710846e-01]
 [ 4.63510513e-01]
 [ 3.98197174e-02]
 [ 4.18003082e-01]
 [-7.85446167e-02]
 [-5.43956757e-01]
 [ 9.06372070e-02]
 [ 7.71579742e-02]
 [ 3.13873291e-02]
 [-4.41207886e-02]
 [ 7.28492737e-02]
 [ 1.21341705e-01]
 [ 4.59976196e-02]
 [ 8.80641937e-02]
 [ 3.45537186e-01]
 [ 2.34388351e-01]
 [ 3.56025696e-02]
 [ 4.76646423e-02]
 [ 5.89179993e-01]
 [-2.56614685e-02]
 [ 1.53171539e-01]
 [ 5.15003204e-01]
 [ 5.17177582e-01]
 [ 5.87451935e-01]
 [ 1.71424866e-01]
 [ 4.35409546e-02]
 [ 4.62070465e-01]
 [ 5.97656250e-01]
 [ 3.82053375e-01]
 [ 3.04233551e-01]
 [ 7.31544495e-02]
 [ 2.92606354e-02]
 [ 1.64897919e-01]
 [ 2.11311340e-01]
 [ 1.90315247e-01]
 [ 4.67174530e-01]
 [-5.23376465e-02]
 [-9.25064087e-03]
 [ 1.53617859e-02]
 [ 5.08747101e-02]
 [ 1.16243362e-01]
 [-1.25566483e-01]
 [ 9.52568054e-02]
 [ 3.20892334e-02]
 [-4.57786560e-01]
 [ 2.54344940e-01]
 [-4.30335999e-02]
 [ 4.46224213e-01]
 [-4.62360382e-02]
 [-2.24941254e-01]
 [ 5.08590698e-01]
 [ 3.50320816e-01]
 [ 6.90822601e-02]
 [-3.90625000e-02]
 [ 1.39389038e-02]
 [ 4.81590271e-01]
 [ 8.52680206e-02]
 [ 5.27801514e-02]
 [-1.43775940e-02]
 [ 6.22066498e-01]
 [ 1.31343842e-01]
 [ 4.01798248e-01]
 [-4.79068756e-02]
 [ 9.71260071e-02]
 [ 9.54933167e-02]
 [ 5.86643219e-01]
 [ 1.49532318e-01]
 [ 2.91099548e-02]
 [ 5.93360901e-01]
 [-2.64739990e-02]
 [ 4.59819794e-01]
 [ 8.95641327e-01]
 [ 7.24773407e-02]
 [ 1.23050690e-01]
 [ 5.00354767e-02]
 [-7.23876953e-02]
 [ 7.89241791e-02]
 [ 4.66110229e-01]
 [ 6.71386719e-03]
 [-1.60026550e-03]
 [-1.88503265e-02]
 [-1.05270386e-01]
 [ 1.46541595e-01]
 [ 2.05909729e-01]
 [-4.18567657e-02]
 [ 1.19707108e-01]
 [-4.44087982e-02]
 [ 5.25756836e-01]
 [ 3.14525604e-01]
 [-6.37817383e-03]
 [ 1.64991379e-01]
 [ 4.81582642e-01]
 [ 1.05361938e-02]
 [ 1.93862915e-01]
 [-1.13080978e-01]
 [ 1.11791611e-01]
 [ 6.55517578e-02]
 [-3.50952148e-03]
 [ 7.57350922e-02]
 [ 1.85266495e-01]
 [ 1.06952667e-01]
 [ 6.32171631e-02]
 [ 3.89602661e-01]
 [ 2.22110748e-02]
 [ 8.03661346e-02]
 [-1.42402649e-01]
 [-2.52799988e-02]
 [ 7.32421875e-03]
 [ 5.27584076e-01]
 [ 7.33032227e-02]
 [-4.25395966e-02]
 [ 4.54921722e-02]
 [ 2.65811920e-01]
 [ 4.95155334e-01]
 [ 1.78142548e-01]
 [-8.97331238e-02]
 [ 5.07297516e-01]
 [ 3.34930420e-01]
 [ 5.20366669e-01]
 [ 2.40341187e-01]
 [ 6.20254517e-01]
 [ 7.36160278e-01]
 [ 1.39001846e-01]
 [ 4.38213348e-02]
 [ 2.54997253e-01]
 [ 8.57448578e-02]
 [ 1.96830750e-01]
 [ 2.73380280e-01]
 [ 3.23616028e-01]
 [ 2.46849060e-01]
 [ 5.60401917e-01]
 [ 4.33273315e-01]
 [ 1.82172775e-01]
 [ 6.97460175e-02]
 [ 1.71009064e-01]
 [ 2.62908936e-02]
 [ 1.51290894e-02]
 [-1.71279907e-03]
 [ 5.32497406e-01]
 [ 3.13949585e-03]
 [ 1.58283234e-01]
 [ 1.53867722e-01]
 [ 5.45688629e-01]
 [ 2.77767181e-02]
 [ 4.01153564e-02]
 [-1.96178436e-01]
 [ 7.78656006e-02]
 [ 4.86511230e-01]
 [ 5.05798340e-01]
 [ 4.69490051e-01]
 [ 4.66362000e-01]
 [ 7.34161377e-01]
 [-1.85527802e-01]
 [ 9.42745209e-02]
 [-1.09878540e-01]
 [ 7.75318146e-02]
 [ 4.75488663e-01]
 [ 4.36573029e-01]
 [-1.56469345e-01]
 [ 8.56170654e-02]
 [ 5.83480835e-01]
 [ 4.46319580e-04]
 [ 5.51357269e-01]
 [-1.45137787e-01]
 [-5.91201782e-02]
 [ 4.85858917e-01]
 [ 7.15473175e-01]
 [-9.88006592e-04]
 [ 2.97389984e-01]
 [ 8.27674866e-02]
 [ 1.80604935e-01]
 [-1.63421631e-02]
 [-1.42755508e-01]
 [-1.17141724e-01]
 [ 5.16929626e-02]
 [ 8.37135315e-02]
 [ 5.21751404e-01]
 [ 4.18239594e-01]
 [ 5.21278381e-01]
 [ 5.11116028e-01]
 [-2.12783813e-01]
 [ 1.65224075e-01]
 [ 1.21200562e-01]
 [-4.28352356e-02]
 [ 7.43942261e-02]
 [ 3.43088150e-01]
 [-4.26731110e-02]
 [-2.00794220e-01]
 [ 5.89172363e-01]
 [ 1.13468170e-01]
 [ 5.06439209e-02]
 [ 1.70759201e-01]
 [ 4.10652161e-02]
 [ 8.95622253e-01]
 [-2.00538635e-02]
 [ 3.30043793e-01]
 [ 4.69936371e-01]
 [ 3.13350677e-01]
 [ 8.95214081e-02]
 [ 1.00660324e-01]
 [ 9.80167389e-02]
 [-1.08356476e-01]
 [-8.31985474e-03]
 [-4.72412109e-02]
 [ 7.64484406e-02]
 [ 3.26648712e-01]
 [-7.27081299e-03]
 [ 5.64506531e-01]
 [ 8.31298828e-02]
 [ 2.35137939e-01]
 [ 1.66740417e-01]
 [ 2.74124146e-02]
 [ 2.74124146e-02]
 [ 8.95565033e-01]
 [ 1.04310989e-01]
 [ 9.13619995e-03]
 [-1.06307983e-01]
 [ 1.03704453e-01]
 [-4.61826324e-02]
 [ 5.18207550e-02]
 [ 3.56285095e-01]
 [ 3.14273834e-01]
 [-2.62451172e-02]
 [ 4.35688019e-01]
 [-1.99539185e-01]
 [-9.34600830e-04]
 [-7.09838867e-02]
 [-2.28805542e-02]
 [-1.82781219e-02]
 [ 9.29431915e-02]
 [ 2.64328003e-01]
 [ 1.39343262e-01]
 [ 1.28412247e-01]
 [ 6.71386719e-03]
 [ 5.95119476e-01]
 [ 2.52067566e-01]
 [ 4.84439850e-01]
 [ 7.20977783e-02]
 [ 1.50592804e-01]
 [ 3.86600494e-01]
 [ 1.87278748e-01]
 [-8.14628601e-03]
 [ 6.00452423e-02]
 [-4.29344177e-02]
 [-6.14509583e-02]
 [ 1.93334579e-01]
 [-4.01306152e-02]
 [-3.55815887e-02]
 [-1.89579010e-01]
 [ 1.76338196e-01]
 [-9.30175781e-02]
 [ 4.34818268e-01]
 [ 3.63449097e-01]
 [ 9.50050354e-02]
 [ 5.67235947e-01]
 [ 7.48195648e-02]
 [-3.25431824e-02]
 [ 3.89705658e-01]
 [ 2.92530060e-01]
 [ 1.73585892e-01]
 [-4.33578491e-02]
 [ 1.12041473e-01]
 [ 9.11483765e-02]
 [-6.67934418e-02]
 [ 4.73770142e-01]
 [ 1.07730865e-01]
 [ 1.34759903e-01]
 [ 1.55250549e-01]
 [-3.55949402e-02]
 [ 1.39144897e-01]
 [ 4.06646729e-01]
 [ 1.16617203e-01]
 [ 1.26052856e-01]
 [ 1.16992950e-01]
 [ 6.89697266e-03]
 [-9.53445435e-02]
 [ 2.11816788e-01]
 [-3.69071960e-03]
 [ 1.53690338e-01]
 [ 5.25646210e-02]
 [ 3.59191895e-02]
 [ 9.98191833e-02]
 [ 3.70731354e-02]
 [ 2.56404877e-02]
 [ 1.90816879e-01]
 [ 7.05802917e-01]
 [ 8.08715820e-04]
 [ 1.55200958e-01]
 [ 1.34557724e-01]
 [-3.63082886e-02]
 [ 1.40552521e-01]
 [ 8.26778412e-02]
 [-1.91001892e-02]
 [ 1.04574203e-01]
 [ 7.47432709e-02]
 [ 8.52966309e-03]
 [ 7.67879486e-02]
 [ 5.79872131e-02]
 [ 1.00402832e-01]
 [ 2.02884674e-02]
 [ 4.24842834e-02]
 [ 7.33070374e-02]
 [ 8.72268677e-02]
 [ 8.44402313e-02]
 [-1.91612244e-02]
 [ 1.87950134e-02]
 [ 7.85846710e-02]
 [-2.74850845e-01]
 [ 4.62265015e-02]
 [ 1.49978638e-01]
 [ 6.66332245e-02]
 [ 2.72178650e-02]
 [ 6.50405884e-04]
 [ 1.46631241e-01]
 [ 1.29898071e-01]
 [ 1.32911682e-01]
 [ 8.80928040e-02]
 [ 1.78955078e-01]
 [ 5.70373535e-02]
 [ 1.55244827e-01]
 [ 7.10716248e-02]
 [-1.33972168e-02]
 [ 4.49218750e-02]
 [ 1.56040192e-02]
 [ 7.07092285e-02]
 [ 1.13235474e-01]
 [ 9.57603455e-02]
 [ 1.62086487e-02]
 [ 1.73297882e-01]
 [ 1.03229523e-01]
 [ 1.68313980e-01]
 [ 1.21669769e-01]
 [ 2.15110779e-02]
 [-1.37826920e-01]
 [ 1.01947784e-02]
 [ 9.38568115e-02]
 [-8.56781006e-02]
 [ 2.85739899e-01]
 [ 6.60476685e-02]
 [ 3.94439697e-02]
 [ 1.16527557e-01]
 [ 1.49114609e-01]
 [ 5.15125275e-01]
 [ 7.31506348e-02]
 [-3.00979614e-02]
 [ 1.81076050e-01]
 [-2.22587585e-02]
 [ 7.02743530e-01]
 [ 8.09211731e-02]
 [-4.88090515e-02]
 [ 5.52654266e-02]
 [ 4.43401337e-02]
 [ 1.44422531e-01]
 [ 4.72499847e-01]
 [ 6.62841797e-02]
 [ 2.89764404e-02]
 [ 4.62581635e-01]
 [ 6.07067108e-01]
 [ 5.99273682e-01]
 [-1.24015808e-02]
 [ 6.07872009e-02]
 [ 7.18250275e-02]
 [-1.24530792e-02]
 [ 4.02011871e-01]
 [ 1.02422714e-01]
 [-1.86729431e-02]
 [ 9.63821411e-02]
 [ 6.41956329e-02]
 [ 1.87782288e-01]
 [ 1.88983917e-01]
 [ 2.30598450e-02]
 [-1.49621964e-01]
 [ 5.03063202e-02]
 [ 5.63831329e-02]
 [ 5.18207550e-01]
 [ 9.10148621e-02]
 [ 4.03326035e-01]
 [ 5.34202576e-01]
 [ 5.24700165e-01]
 [ 5.34709930e-01]
 [ 5.24978638e-01]
 [ 5.28961182e-01]
 [ 5.42121887e-01]
 [ 5.43609619e-01]
 [ 5.24848938e-01]
 [ 5.21980286e-01]
 [ 5.27034760e-01]
 [ 7.84416199e-02]
 [ 5.37292480e-01]
 [ 5.26199341e-01]
 [ 5.01892090e-01]
 [ 5.43170929e-01]
 [ 5.28007507e-01]
 [ 5.24936676e-01]
 [ 1.56143188e-01]
 [ 5.22869110e-01]
 [ 5.27812958e-01]
 [ 5.15636444e-01]
 [ 3.40995789e-02]
 [ 3.55625153e-01]
 [-5.69152832e-03]
 [ 5.57949066e-01]
 [ 5.46012878e-01]
 [ 5.46440125e-01]
 [ 5.57312012e-01]
 [ 5.51300049e-01]
 [ 5.51792145e-01]
 [ 5.58055878e-01]
 [ 5.61096191e-01]
 [ 8.77799988e-02]
 [ 5.55587769e-01]
 [ 5.58551788e-01]
 [ 5.50846100e-01]
 [ 1.59305573e-01]
 [ 4.57748413e-01]
 [-4.21791077e-02]
 [ 5.48324585e-01]
 [ 5.47790527e-01]
 [ 5.17250061e-01]
 [ 5.41336060e-01]
 [ 4.55139160e-01]
 [ 5.11531830e-01]
 [ 5.45562744e-01]
 [ 5.13504028e-01]
 [ 5.16784668e-01]
 [ 5.16967773e-01]
 [ 6.90097809e-02]
 [ 5.35022736e-01]
 [ 5.12939453e-01]
 [ 1.08978271e-01]
 [ 1.14252090e-01]
 [-6.55593872e-02]
 [ 1.67497635e-01]
 [ 1.70938492e-01]
 [ 3.05341721e-01]
 [ 5.48820496e-02]
 [ 4.89044189e-02]
 [ 1.19451523e-01]
 [ 6.08943939e-01]
 [ 6.11755371e-01]
 [ 6.02333069e-01]
 [ 1.63974762e-02]
 [ 9.12284851e-02]
 [ 7.75035858e-01]
 [ 4.50233459e-01]
 [ 9.40265656e-02]
 [ 9.94930267e-02]
 [ 1.93796158e-01]
 [ 4.10041809e-02]
 [ 1.04396820e-01]
 [ 2.23403931e-01]
 [ 6.05201721e-02]
 [ 7.56511688e-02]
 [ 7.68737793e-02]
 [ 9.76257324e-02]
 [ 7.26318359e-02]
 [ 4.83547211e-01]
 [ 3.92238617e-01]
 [-1.11276627e-01]
 [ 6.35662079e-02]
 [-1.17162704e-01]
 [ 1.63375854e-01]
 [ 2.97813416e-02]
 [ 6.93359375e-02]
 [ 6.99424744e-02]
 [ 3.42063904e-02]
 [ 4.17442322e-01]
 [ 1.04619980e-01]
 [ 9.87796783e-01]
 [ 6.06372833e-01]
 [ 4.40048218e-01]
 [ 1.05993271e-01]
 [ 5.30052185e-02]
 [ 3.22595596e-01]
 [ 1.49944305e-01]
 [ 1.12569809e-01]
 [ 3.46387863e-01]
 [ 2.29324341e-01]
 [ 4.72543716e-01]
 [ 1.61251068e-01]
 [-2.27127075e-02]
 [ 2.04288483e-01]
 [ 4.85828400e-01]
 [ 7.57331848e-02]
 [ 1.79676056e-01]
 [ 3.52081299e-01]
 [ 2.48477936e-01]
 [ 7.53002167e-02]
 [ 3.01548004e-01]
 [ 3.61286163e-01]
 [ 3.53179932e-01]
 [ 3.53782654e-01]
 [ 3.30287933e-01]
 [ 3.44249725e-01]
 [ 4.15058136e-01]
 [ 6.02840424e-01]
 [ 2.21401215e-01]
 [ 3.21285248e-01]
 [ 1.83961868e-01]
 [ 3.39218140e-01]
 [ 3.83190155e-01]
 [ 1.43375397e-01]
 [ 2.53021240e-01]
 [ 1.10479355e-01]
 [ 1.52111053e-01]
 [ 4.74819183e-01]
 [ 5.07141113e-01]
 [ 2.20405579e-01]
 [ 4.14798737e-01]
 [ 3.35540771e-02]
 [ 7.24220276e-03]
 [ 2.14750290e-01]
 [ 5.03627777e-01]
 [ 5.43891907e-01]
 [-9.73129272e-03]
 [ 2.58350372e-02]
 [ 2.09066391e-01]
 [ 1.76498413e-01]
 [ 2.82955170e-02]
 [ 6.47659302e-02]
 [ 3.22723389e-02]
 [ 9.98916626e-02]
 [ 6.07570648e-01]
 [ 5.62480927e-01]
 [ 1.58685684e-01]
 [ 1.70766830e-01]
 [ 3.23101044e-01]
 [ 1.31086349e-01]
 [-1.93023682e-02]
 [ 3.68850708e-01]
 [ 7.82356262e-02]
 [ 5.47370911e-02]
 [ 3.47087860e-01]
 [ 3.64143372e-01]
 [ 4.26132202e-01]
 [ 3.87954712e-01]
 [ 3.62052917e-01]
 [ 1.10797882e-02]
 [ 8.75072479e-02]
 [ 1.85796738e-01]
 [ 2.78892517e-02]
 [ 5.54199219e-02]
 [ 4.35714722e-02]
 [ 4.71412659e-01]
 [-3.96633148e-02]
 [ 5.48744202e-01]
 [ 2.53200531e-01]
 [ 2.15820312e-01]
 [ 8.40911865e-02]
 [-1.28463745e-01]
 [ 4.86663818e-01]
 [ 5.86051941e-02]
 [ 1.61640167e-01]
 [ 7.66677856e-02]
 [ 6.86607361e-02]
 [ 6.76269531e-02]
 [ 3.10258865e-01]
 [ 1.87862396e-01]
 [ 3.74763489e-01]
 [ 2.29614258e-01]
 [ 6.09695435e-01]
 [ 3.89240265e-01]
 [ 8.24310303e-01]
 [ 2.71476746e-01]
 [ 1.39228821e-01]
 [ 7.02709198e-01]
 [ 7.04132080e-01]
 [ 7.78907776e-01]
 [ 7.78907776e-01]
 [ 1.78743362e-01]
 [ 3.66096497e-02]
 [ 3.03237915e-01]
 [ 3.05406570e-01]
 [ 2.95944214e-02]
 [ 4.48513031e-01]
 [ 2.30598450e-02]
 [ 7.75630951e-01]
 [ 7.75775909e-01]
 [-9.18426514e-02]
 [ 1.63631439e-01]
 [-1.51248932e-01]
 [ 3.57975006e-01]
 [-2.12139130e-01]
 [-6.18362427e-02]
 [ 4.54677582e-01]
 [ 6.15692139e-02]
 [ 2.30598450e-02]
 [ 2.38443375e-01]
 [ 1.20403290e-01]
 [ 1.04843140e-01]
 [ 1.87950134e-02]
 [ 2.30598450e-02]
 [ 5.20420074e-02]
 [ 6.22100830e-02]
 [ 1.63501740e-01]
 [ 1.45641327e-01]
 [ 8.81576538e-02]
 [ 3.65615845e-01]
 [-4.37870026e-02]
 [ 1.33579254e-01]
 [ 1.13676071e-01]
 [ 1.12133026e-01]
 [-7.71198273e-02]
 [ 3.74565125e-02]
 [ 2.78898239e-01]
 [ 3.83739471e-02]
 [ 4.68444824e-02]
 [ 4.41841125e-01]
 [ 8.42941284e-01]
 [ 6.30569458e-03]
 [ 6.41117096e-01]
 [ 7.55512238e-01]
 [ 3.41419220e-01]
 [-2.42004395e-02]
 [ 3.17192078e-03]
 [ 2.49052048e-01]
 [ 4.64076996e-01]
 [ 3.14086914e-01]
 [ 2.92308807e-01]
 [ 2.86369324e-01]
 [ 4.32723999e-01]
 [ 4.33341980e-01]
 [ 1.53434753e-01]
 [ 2.08961487e-01]
 [ 1.93387985e-01]
 [ 2.12478638e-01]
 [ 3.02639008e-01]
 [ 8.90281677e-01]
 [ 8.90193939e-01]
 [-9.43965912e-02]
 [-1.05403900e-01]
 [ 2.44312286e-01]
 [ 6.11152649e-01]
 [ 1.99569702e-01]
 [ 1.59282684e-01]
 [ 2.34088898e-01]
 [ 6.06307983e-02]
 [-1.51504517e-01]
 [ 3.64974976e-01]
 [ 1.55540466e-01]
 [ 3.76991272e-01]
 [-1.05056763e-02]
 [ 1.46060944e-01]
 [ 6.84280396e-02]
 [ 1.44023895e-01]
 [ 9.13467407e-02]
 [-9.04884338e-02]
 [ 1.45486832e-01]
 [ 7.75012970e-01]
 [ 7.74265289e-01]
 [ 7.73773193e-01]
 [ 6.10683441e-01]
 [ 6.13456726e-01]
 [ 6.46362305e-02]
 [ 8.82205963e-01]
 [ 7.74051666e-01]
 [ 8.94397736e-01]
 [ 7.74036407e-01]
 [ 6.56352997e-01]
 [ 7.73860931e-01]
 [ 7.74745941e-01]
 [ 7.76302338e-01]
 [ 6.10301971e-01]
 [ 6.10301971e-01]
 [ 6.60362244e-02]
 [ 6.10301971e-01]
 [ 7.73948669e-01]
 [ 7.73998260e-01]
 [ 7.73647308e-01]
 [ 7.73658752e-01]
 [ 3.22193146e-01]
 [ 7.53036499e-01]
 [-4.77409363e-02]
 [-2.99472809e-02]
 [ 1.05352402e-01]
 [ 5.58872223e-02]
 [-7.06157684e-02]
 [ 2.88494110e-01]
 [ 7.98023224e-01]
 [ 1.86996460e-02]
 [ 5.57098389e-02]
 [-2.62546539e-02]
 [ 2.66521454e-01]
 [ 5.36010742e-01]
 [ 3.75381470e-01]
 [ 7.30327606e-01]
 [-5.08556366e-02]
 [ 5.75351715e-02]
 [ 8.33461761e-01]
 [-4.26025391e-02]
 [ 4.39876556e-01]
 [-1.00364685e-02]
 [-1.71989441e-01]
 [-1.53774261e-01]
 [-5.26981354e-01]
 [-2.06184387e-03]
 [ 2.49706268e-01]
 [ 4.73060608e-02]
 [ 1.60263062e-01]
 [-2.26856232e-01]
 [ 5.03768921e-02]
 [ 1.07192993e-01]
 [ 7.15637207e-02]
 [ 4.48760986e-02]
 [ 1.78909302e-03]
 [ 2.85526276e-01]
 [ 5.17642975e-01]
 [ 8.94607544e-01]
 [ 1.19106293e-01]
 [ 3.33595276e-02]
 [ 8.93318176e-01]
 [ 2.09930420e-01]
 [ 9.39445496e-02]
 [ 9.05838013e-02]
 [ 1.24055862e-01]
 [ 1.49425507e-01]
 [ 2.19722748e-01]
 [ 9.00497437e-02]
 [ 1.31282806e-01]
 [ 1.58405304e-01]
 [ 8.51192474e-02]
 [ 2.18620300e-02]
 [ 1.08455658e-01]
 [-1.94683075e-02]
 [ 7.36141205e-02]
 [ 5.21858215e-01]
 [ 5.12929916e-01]
 [-1.17450714e-01]
 [ 2.09308624e-01]
 [ 4.07562256e-02]
 [ 4.59518433e-02]
 [ 7.86209106e-02]
 [ 8.60404968e-02]
 [ 1.58210754e-01]
 [ 1.95541382e-01]
 [-8.40492249e-02]
 [ 5.91239929e-02]
 [-1.00872040e-01]
 [-5.35678864e-02]
 [ 2.72907257e-01]
 [-1.54018402e-01]
 [-2.20554352e-01]
 [ 1.12304688e-02]
 [ 3.37802887e-01]
 [ 3.03344727e-01]
 [-4.11407471e-01]
 [ 1.54710770e-01]
 [-5.26981354e-02]
 [ 2.07614899e-02]
 [ 5.74474335e-02]
 [ 4.58850861e-02]
 [ 2.80061722e-01]
 [ 4.03213501e-03]
 [ 7.07416534e-02]
 [ 3.24466705e-01]
 [ 1.28673553e-01]
 [ 3.17537308e-01]
 [ 2.30598450e-02]
 [-7.66086578e-02]
 [ 4.35802460e-01]
 [ 4.94537354e-02]
 [ 2.30598450e-02]
 [-2.66286850e-01]
 [ 1.08894348e-01]
 [ 5.21011353e-02]
 [ 9.76257324e-02]
 [ 4.04567719e-02]
 [ 1.72214508e-02]
 [ 1.13956451e-01]
 [ 8.90426636e-02]
 [-1.56021118e-02]
 [ 1.42423630e-01]
 [-7.40051270e-04]
 [-2.00576782e-02]
 [-2.71911621e-02]
 [ 3.16734314e-02]
 [ 1.12209320e-01]
 [-5.50651550e-02]
 [ 2.09770203e-02]
 [ 1.83807373e-01]
 [ 1.16233826e-02]
 [ 1.38065338e-01]
 [ 2.53631592e-01]
 [ 1.52423859e-01]
 [-2.16331482e-02]
 [ 1.52206421e-02]
 [ 8.65097046e-02]
 [ 3.41701508e-01]
 [ 1.14019394e-01]
 [ 2.06680298e-01]
 [ 1.12430573e-01]
 [ 7.51953125e-02]
 [ 1.39778137e-01]
 [ 3.01933289e-02]
 [ 1.28290176e-01]
 [ 1.17277145e-01]
 [-2.92587280e-03]
 [ 2.60431290e-01]
 [ 7.28282928e-02]
 [ 1.55313492e-01]
 [ 6.53629303e-02]
 [ 7.06157684e-02]
 [ 1.86786652e-02]
 [ 4.40547943e-01]
 [-1.07728958e-01]
 [ 8.05282593e-02]
 [ 1.25808716e-01]
 [ 2.64150620e-01]
 [-1.08299255e-02]
 [ 7.84873962e-03]
 [ 1.23195648e-01]
 [ 7.35416412e-02]
 [ 2.77214050e-02]
 [ 2.26249695e-02]
 [ 3.85272980e-01]
 [ 4.14352417e-02]
 [ 6.52313232e-03]
 [-3.86810303e-03]
 [ 3.68404388e-02]
 [ 7.79724121e-03]
 [ 5.65643311e-02]
 [ 6.85157776e-02]
 [-1.70822144e-02]
 [ 5.55782318e-02]
 [ 8.04519653e-02]]