[[ 5.12111785e+00 -5.11423328e+00]
 [ 2.32892426e-01 -2.12627071e-01]
 [ 2.11749457e+00 -2.10901691e+00]
 [-1.30714619e+00  1.30809360e+00]
 [-2.80726412e+00  2.82389623e+00]
 [ 2.35529981e+00 -2.33889765e+00]
 [ 1.31864451e+01 -1.31775786e+01]
 [ 1.20214309e+00 -1.20102792e+00]
 [ 5.16860219e+00 -5.12585316e+00]
 [ 8.14571759e+00 -8.15358329e+00]
 [-1.87674886e+01  1.87688246e+01]
 [ 5.84043869e+00 -5.81838393e+00]
 [-9.06889834e+00  9.09667017e+00]
 [ 1.36240238e+00 -1.35706267e+00]
 [-1.97723831e+00  1.97394679e+00]
 [ 1.29807716e+00 -1.29080362e+00]
 [ 8.76216366e-01 -8.75931826e-01]
 [-2.54608424e+00  2.55043884e+00]
 [-3.04937870e+00  3.04780249e+00]
 [ 4.76158766e+00 -4.75406498e+00]
 [ 2.10304861e-02 -2.11898235e-03]
 [-6.19130945e-01  6.06970203e-01]
 [ 5.07147036e+00 -5.07060797e+00]
 [ 2.99645555e+00 -3.00221126e+00]
 [ 8.97554510e+00 -8.94445184e+00]
 [-4.72145860e+00  4.71221166e+00]
 [-4.53975046e+00  4.56474803e+00]
 [-1.24995794e-01  1.21504510e-01]
 [ 9.03288842e-01 -8.84407023e-01]
 [-3.17906459e+00  3.18738943e+00]
 [-1.59236212e+01  1.59308558e+01]
 [ 8.13455709e-01 -8.14538829e-01]
 [-5.89297253e+00  5.88918363e+00]
 [-2.08553150e+00  2.09172459e+00]
 [ 5.31740308e+00 -5.30142050e+00]
 [-2.71682910e+00  2.71550275e+00]
 [ 4.70677337e+00 -4.71176834e+00]
 [-2.42215247e+00  2.44099976e+00]
 [ 3.39529491e+00 -3.37933769e+00]
 [ 1.43565659e-03  8.09258894e-03]
 [-1.16373817e+00  1.15946399e+00]
 [-4.55111912e+00  4.55738384e+00]
 [-3.12900161e+00  3.13333156e+00]
 [-9.10365263e-01  9.22361068e-01]
 [-3.24735183e+00  3.26024727e+00]
 [ 2.40407414e+00 -2.39744626e+00]
 [-3.76974574e-01  3.72593542e-01]
 [ 1.87109626e+00 -1.86221708e+00]
 [-1.54250753e+00  1.54712542e+00]
 [-2.69828884e+00  2.69735214e+00]
 [ 1.03793605e+00 -1.03049142e+00]
 [-4.46423308e+00  4.45633255e+00]
 [-6.33571413e+00  6.34240494e+00]
 [-4.32058044e+00  4.31706976e+00]
 [ 3.52190732e+00 -3.50412331e+00]
 [-1.92689274e+00  1.93454503e+00]
 [ 1.12929588e+01 -1.12748760e+01]
 [ 3.33131608e+00 -3.33089725e+00]
 [-5.98914820e+00  5.99744875e+00]
 [ 2.60901212e+00 -2.60167181e+00]
 [ 3.94495021e+00 -3.94471681e+00]
 [-8.91087543e-01  8.92229684e-01]
 [-1.17251541e+00  1.20746073e+00]
 [-1.56277863e+00  1.58460618e+00]
 [-4.95852573e+00  4.97135398e+00]
 [ 2.50037988e+00 -2.49825942e+00]
 [-5.23434620e+00  5.24216662e+00]
 [ 4.39109275e+00 -4.38018623e+00]
 [-1.68832362e+00  1.69190012e+00]
 [ 3.12485884e+00 -3.12766017e+00]
 [-1.06891283e-01  1.14180339e-01]
 [ 3.82755370e+00 -3.81674666e+00]
 [ 1.21146781e+01 -1.21138467e+01]
 [-3.57279377e+00  3.56267764e+00]
 [ 7.81085578e-01 -7.78590978e-01]
 [-2.88804595e+00  2.88456496e+00]
 [ 7.94894909e-01 -7.91553438e-01]
 [-8.95890252e-01  8.90489231e-01]
 [-2.65131357e+00  2.65204670e+00]
 [ 3.42298198e+00 -3.42507224e+00]
 [-9.23731714e+00  9.23992490e+00]
 [ 5.24520018e+00 -5.23062646e+00]
 [-7.71129329e-02  8.38645046e-02]
 [-3.27000311e+00  3.27242877e+00]
 [ 3.31272951e+00 -3.30321397e+00]
 [ 1.11361534e+01 -1.11139842e+01]
 [ 9.06328808e-01 -9.05840363e-01]
 [ 1.65732334e+00 -1.66375843e+00]
 [ 4.15781374e-02 -4.19330779e-02]
 [ 1.59776357e+00 -1.60719568e+00]
 [-5.01966605e+00  5.02072408e+00]
 [-9.38198320e+00  9.42169957e+00]
 [-5.90520747e+00  5.90572374e+00]
 [-4.67954973e-01  4.68966014e-01]
 [ 6.00820253e+00 -5.99163231e+00]
 [-5.04784947e+00  5.06872721e+00]
 [-1.10111805e+00  1.09964210e+00]
 [ 3.78428998e+00 -3.78590591e+00]
 [ 7.05534635e+00 -7.04026147e+00]
 [-6.51364565e-01  6.52060386e-01]
 [ 2.02479490e+00 -2.03759337e+00]
 [ 9.90055594e+00 -9.89459631e+00]
 [-7.67702037e-01  7.68095257e-01]
 [-2.85506004e+00  2.86679381e+00]
 [ 2.18284124e-01 -2.06397299e-01]
 [ 1.14855040e+00 -1.14394685e+00]
 [ 2.18314115e+00 -2.16495274e+00]
 [-3.15493202e+00  3.16614358e+00]
 [ 9.69626075e+00 -9.70569111e+00]
 [-9.55612820e-01  9.91736986e-01]
 [ 7.13046064e-01 -7.06556992e-01]
 [-4.48148090e+00  4.47490341e+00]
 [ 1.01124870e-01 -1.01072738e-01]
 [ 1.65264497e+00 -1.64877910e+00]
 [-3.48969619e+00  3.48848957e+00]
 [-3.37683107e+00  3.40650464e+00]
 [ 1.15512505e+00 -1.14670462e+00]
 [-1.15765416e-01  1.12423801e-01]
 [ 8.70844437e-01 -8.60451738e-01]
 [ 3.18157875e+00 -3.16525863e+00]
 [ 4.64843789e+00 -4.63604466e+00]
 [ 2.57308595e+00 -2.55664584e+00]
 [-3.72734457e+00  3.74661230e+00]
 [ 2.99632800e+00 -3.00642825e+00]
 [ 3.86551312e+00 -3.85794233e+00]
 [-2.69741285e+00  2.69802869e+00]
 [ 1.26402509e+00 -1.26897784e+00]
 [-5.64475047e-01  5.70869976e-01]
 [ 2.87946803e+00 -2.87514973e+00]
 [-2.01478794e+00  2.02291495e+00]
 [ 3.57898238e+00 -3.58051847e+00]
 [ 5.03567979e-01 -4.86530131e-01]
 [-2.04732526e+00  2.04612913e+00]
 [-2.59698804e+00  2.60157748e+00]
 [-2.12163080e+00  2.12403685e+00]
 [ 4.26841105e-01 -4.23298974e-01]
 [ 7.55376288e+00 -7.55385871e+00]
 [ 2.35587089e+00 -2.33641878e+00]
 [ 2.22488793e+00 -2.22298461e+00]
 [-5.86070189e-01  6.00728669e-01]
 [-1.30048401e+00  1.30699491e+00]
 [-1.20658799e+00  1.22451186e+00]
 [-1.14429225e+00  1.15896019e+00]
 [-2.84652531e+00  2.85762438e+00]
 [ 6.37290465e-01 -6.40777177e-01]
 [ 4.05280435e-01 -4.03852004e-01]
 [-6.06353659e-01  6.06742206e-01]
 [ 4.22393804e-01 -3.99302560e-01]
 [-5.32319672e-01  5.38582608e-01]
 [ 4.70646145e+00 -4.70646037e+00]
 [-2.34282250e+00  2.35629983e+00]
 [-3.13012874e+00  3.12704356e+00]
 [-1.77256488e+00  1.77468229e+00]
 [-2.31136627e+00  2.32070429e+00]
 [-3.71999212e+00  3.72723162e+00]
 [ 9.14422932e+00 -9.13934016e+00]
 [ 4.74408617e+00 -4.73815302e+00]
 [ 6.18602754e-01 -6.10793815e-01]
 [ 4.37626756e+00 -4.37960330e+00]
 [-3.84487893e+00  3.84538007e+00]
 [-2.42646823e+00  2.41694912e+00]
 [-2.19526668e+00  2.19677145e+00]
 [-6.39148427e+00  6.39425746e+00]
 [ 7.72896394e-01 -7.69141747e-01]
 [-6.74199818e+00  6.75364512e+00]
 [ 1.60351711e-01 -1.60576556e-01]
 [ 3.83463396e+00 -3.79303975e+00]
 [-2.80988567e+00  2.81291416e+00]
 [-8.80283874e-01  8.82182395e-01]
 [ 3.45703611e+00 -3.44102337e+00]
 [-8.29489879e-01  8.29302178e-01]
 [ 4.36995972e+00 -4.36621916e+00]
 [ 9.47224228e-01 -9.43253869e-01]
 [ 4.14246936e+00 -4.13919996e+00]
 [-3.74572052e+00  3.73073189e+00]
 [ 1.65416612e+00 -1.64851989e+00]
 [-2.32441617e+00  2.33461119e+00]
 [-4.49555812e+00  4.49527140e+00]
 [ 5.54178860e+00 -5.53262101e+00]
 [-2.86013055e+00  2.86143062e+00]
 [ 2.11053415e-01 -2.09373036e-01]
 [ 1.59676498e+01 -1.59673578e+01]
 [ 6.23248227e+00 -6.24902982e+00]
 [ 7.31480665e-01 -7.39554903e-01]
 [-2.14119672e+00  2.15185597e+00]
 [-1.50665729e+01  1.50591256e+01]
 [-2.22726434e+00  2.25505429e+00]
 [-3.37973423e+00  3.38128480e+00]
 [-2.43520117e+00  2.45764305e+00]
 [ 3.09459012e+00 -3.08591062e+00]
 [-2.41198370e+00  2.41577112e+00]
 [ 4.81192892e+00 -4.81363167e+00]
 [ 1.69583669e+00 -1.68521646e+00]
 [ 8.07881172e+00 -8.06894987e+00]
 [-5.18573741e-03  2.87458947e-03]
 [-1.10315411e+00  1.11729703e+00]
 [ 4.37094377e+00 -4.37058483e+00]
 [-2.20190733e+00  2.20402074e+00]
 [-1.22457261e+01  1.22904542e+01]
 [-3.24015279e-01  3.29392202e-01]
 [-5.38618200e+00  5.38551540e+00]
 [ 7.12285145e+00 -7.13215134e+00]
 [ 6.36876573e+00 -6.34304317e+00]
 [ 5.35851227e-01 -5.27886617e-01]
 [ 8.48364659e+00 -8.47720757e+00]
 [-6.03513911e+00  6.05301036e+00]
 [ 3.40198562e+00 -3.39000609e+00]
 [ 7.16241855e+00 -7.14505706e+00]
 [ 1.21123476e+01 -1.20940564e+01]
 [ 7.00594494e-01 -6.97770231e-01]
 [-3.10990416e+00  3.11503697e+00]
 [ 8.97534551e+00 -8.95941783e+00]
 [ 1.52007388e+00 -1.50927547e+00]
 [-1.37344199e+00  1.37282393e+00]
 [-3.75320655e+00  3.75929765e+00]
 [ 5.69136408e-01 -5.45660748e-01]
 [ 9.39428304e+00 -9.37537973e+00]
 [ 1.82588033e+00 -1.81785244e+00]
 [-1.56251870e+01  1.56315176e+01]
 [-5.26574121e+00  5.27234818e+00]
 [ 1.87400527e+00 -1.85918402e+00]
 [-3.89384489e+00  3.89239206e+00]
 [ 1.76437057e+00 -1.75690842e+00]
 [ 5.55290057e+00 -5.55163983e+00]
 [ 1.11933215e+00 -1.09536548e+00]
 [-2.35687320e-02  4.19389598e-02]
 [ 3.05522648e+00 -3.06063691e+00]
 [ 5.36910928e+00 -5.36856627e+00]
 [ 2.96343255e-01 -3.08528520e-01]
 [ 3.24919819e+00 -3.24196909e+00]
 [-2.76998451e+00  2.76189501e+00]
 [ 4.87575337e+00 -4.86898778e+00]
 [ 4.31457865e+00 -4.30975263e+00]
 [-3.91336305e+00  3.92771346e+00]
 [ 6.44581959e-01 -6.63771034e-01]
 [-5.06695343e-01  5.31657610e-01]
 [-2.70496574e-01  2.70663192e-01]
 [-5.08286651e+00  5.09106345e+00]
 [ 7.97066702e+00 -7.96335936e+00]
 [-3.54900868e+00  3.56677903e+00]
 [-2.49038620e+00  2.49533688e+00]
 [-6.86358522e+00  6.88742226e+00]
 [-1.55821300e+00  1.58763201e+00]
 [ 2.60507383e-01 -2.49354964e-01]
 [ 1.41724774e-01 -1.46519513e-01]
 [-2.70067577e+00  2.70057053e+00]
 [-3.61405312e+00  3.61154912e+00]
 [-2.10179571e+00  2.10840293e+00]
 [-9.04915401e+00  9.05733599e+00]
 [ 8.62602155e+00 -8.62883981e+00]
 [ 4.45662645e+00 -4.45583041e+00]
 [ 2.65410615e+00 -2.65010606e+00]
 [ 1.51381464e+00 -1.51599079e+00]
 [ 2.84078755e+00 -2.83046948e+00]
 [-5.17286702e+00  5.18054040e+00]
 [-4.60786626e+00  4.61204812e+00]
 [ 1.42613343e-01 -1.36338644e-01]
 [-3.22966456e-02  3.35459940e-02]
 [-1.33539024e+00  1.33382105e+00]
 [ 4.90901797e+00 -4.89710241e+00]
 [-2.16961531e+00  2.17662455e+00]
 [-4.31615202e+00  4.31044193e+00]
 [-5.59763797e-02  4.37362583e-02]
 [ 5.79106694e+00 -5.80269591e+00]
 [-6.03438524e-01  5.91637011e-01]
 [-6.21822765e+00  6.22552684e+00]
 [ 1.23173399e+00 -1.22431974e+00]
 [-2.06603018e+00  2.08124136e+00]
 [-4.17961944e+00  4.18033200e+00]
 [-8.83070415e-01  9.01499541e-01]
 [ 1.14150605e+00 -1.13797340e+00]
 [ 4.73255937e+00 -4.72919167e+00]
 [-1.84626164e+00  1.84765301e+00]
 [-1.85268427e+01  1.85601708e+01]
 [ 1.34817754e+01 -1.34559277e+01]
 [-3.65717965e+00  3.66630669e+00]
 [ 7.67011887e-01 -7.57894251e-01]
 [-9.98079940e-01  9.99826252e-01]
 [-7.68847823e-01  7.74456614e-01]
 [ 7.34323718e+00 -7.34173066e+00]
 [-3.44513464e+00  3.47493418e+00]
 [-4.70269993e+00  4.74905390e+00]
 [-4.24476225e+00  4.25111327e+00]
 [ 5.10167460e-01 -5.10539616e-01]
 [-6.15911230e-01  6.21565739e-01]
 [-7.73507283e+00  7.75242404e+00]
 [ 2.99952853e+00 -3.00637295e+00]
 [-1.12522272e+00  1.13588006e+00]
 [-1.69623632e+00  1.69622117e+00]
 [-9.34790013e+00  9.35019624e+00]
 [-3.02112241e+00  3.02186488e+00]
 [ 4.70453881e+00 -4.69586724e+00]
 [ 1.01851450e+01 -1.01822928e+01]
 [-3.88582760e+00  3.91425773e+00]
 [-1.99642062e+00  2.00103815e+00]
 [-3.80505883e+00  3.81689517e+00]
 [ 5.20384474e+00 -5.20961627e+00]
 [-1.81722402e+00  1.81861802e+00]
 [-1.90509782e+00  1.91888374e+00]
 [-7.87686537e+00  7.88307539e+00]]