[[  7.71803687  -7.69381878]
 [  0.60194393  -0.5906004 ]
 [ -2.34927676   2.35202039]
 [  3.35433888  -3.34499364]
 [ -3.82693439   3.84043468]
 [ -1.01898062   1.02734112]
 [ -0.21178549   0.2081305 ]
 [ -2.66410677   2.67920694]
 [ -2.84882261   2.85276404]
 [ 13.61557164 -13.61446671]
 [ -7.70509465   7.69313931]
 [ -9.99578832  10.01439549]
 [ -2.27859674   2.27139662]
 [ -7.71228915   7.74535177]
 [ 10.94129074 -10.92453907]
 [-11.58095752  11.60386893]
 [  5.24673883  -5.22611705]
 [ -7.01342609   7.0105553 ]
 [  5.55995556  -5.57508834]
 [  5.10374526  -5.08988672]
 [ -0.45893546   0.45756655]
 [  1.13938429  -1.14790808]
 [ -5.27550778   5.29239801]
 [ 11.79571851 -11.77723534]
 [ -3.50955524   3.49510375]
 [ -2.44336894   2.43835133]
 [  0.35521248  -0.34633661]
 [ -7.74299734   7.72003651]
 [  4.99887299  -4.98550653]
 [  7.75777382  -7.75100555]
 [ -9.96588264   9.96481851]
 [  1.03161121  -1.02768836]
 [  4.42419877  -4.41039215]
 [ -6.93381364   6.94604645]
 [ 11.1407029  -11.15704836]
 [ -4.65743576   4.66947966]
 [-11.59852412  11.61039795]
 [ -3.39633824   3.39587112]
 [ -4.62620199   4.64281962]
 [ -2.24346915   2.24979074]
 [  1.21511853  -1.20969523]
 [  2.18340564  -2.16959384]
 [ -1.92394553   1.92915291]
 [  1.63157123  -1.62460224]
 [ -4.09358966   4.08986701]
 [  7.68481524  -7.68116372]
 [  6.44497883  -6.42885098]
 [  5.43822514  -5.41298889]
 [ -3.67564597   3.66921466]
 [  1.54775602  -1.53550151]
 [ -3.48645405   3.49268881]
 [  2.20692322  -2.21390984]
 [ -3.50845241   3.52186787]
 [  0.82410466  -0.80228783]
 [  7.86097917  -7.85767612]
 [ -2.41841334   2.41532088]
 [  4.76556037  -4.75467204]
 [  7.19484807  -7.16142219]
 [ -2.73839067   2.73414401]
 [-17.15543971  17.16321524]
 [ -8.47775035   8.48366512]
 [  3.8869506   -3.86685992]
 [  1.99184412  -1.9901139 ]
 [  1.40187197  -1.39226767]
 [ -6.65181007   6.6597691 ]
 [ -5.46783099   5.47938042]
 [  3.11733494  -3.12106168]
 [  3.69419504  -3.67896478]
 [ -4.78893908   4.80337368]
 [ -3.0490487    3.06415609]
 [ -7.38041313   7.38003969]
 [ -0.63236597   0.66412271]
 [  1.76107529  -1.75898676]
 [  3.59639841  -3.59694245]
 [  8.46027325  -8.4727452 ]
 [  2.42296745  -2.42542405]
 [ -3.45096323   3.46738512]
 [  0.59158273  -0.57549794]
 [  1.8344235   -1.82122032]
 [  3.51351658  -3.50236642]
 [  3.65347211  -3.65109654]
 [ 18.3354875  -18.32997822]
 [ -3.2103368    3.23101139]
 [ -0.47072172   0.50240551]
 [  1.5190291   -1.50443448]
 [ -0.68720234   0.69384526]
 [ -3.14917805   3.16282266]
 [ -2.89997484   2.90678605]
 [-18.72475997  18.76686125]
 [ -5.8455212    5.86911959]
 [  0.16262258  -0.1507982 ]
 [ -5.0291892    5.03548725]
 [ -2.78020643   2.79535042]
 [  9.6518557   -9.63124051]
 [ -0.40391124   0.41447067]
 [ 11.00859148 -10.98572469]
 [ 10.28694168 -10.26935006]
 [ -4.73650108   4.73495803]
 [  0.38343295  -0.36566942]
 [  6.04854812  -6.05081171]
 [ 13.98681946 -13.99569186]
 [  3.6300739   -3.63319518]
 [  3.5484053   -3.54790542]
 [ -0.30698912   0.3077496 ]
 [  0.17833859  -0.17581328]
 [ -8.22152521   8.22811548]
 [  0.89055467  -0.88189634]
 [  1.11884083  -1.11488098]
 [  1.26405323  -1.25861798]
 [  1.04257932  -1.05222676]
 [ -3.82125298   3.83419324]
 [ -3.16557618   3.18736937]
 [ -7.97671647   7.99889625]
 [ -0.93701456   0.96003754]
 [ -1.60461958   1.61272633]
 [  3.63975988  -3.63630127]
 [ -1.17689636   1.1765498 ]
 [  4.61525858  -4.60823878]
 [  6.450782    -6.44745192]
 [ -0.4303271    0.42774887]
 [  3.4892763   -3.4801636 ]
 [  2.64376756  -2.62901517]
 [  0.15284424  -0.15237582]
 [ -1.65861882   1.6725372 ]
 [-14.73027205  14.74345429]
 [  0.2498604   -0.24249048]
 [ -1.54121206   1.57628402]
 [ -1.90274294   1.90812568]
 [ -1.79861922   1.79810925]
 [ -5.04562442   5.04228984]
 [-11.34673878  11.36868985]
 [ -0.25625005   0.27250194]
 [  2.57234874  -2.56309149]
 [  3.09896079  -3.10082676]
 [  2.55013009  -2.53029734]
 [  6.74608358  -6.74439203]
 [  8.9985134   -8.98570228]
 [  9.82241832  -9.80675401]
 [  8.50888414  -8.50565035]
 [  3.51230042  -3.51198935]
 [ -5.9165462    5.92793637]
 [  4.80132743  -4.76948287]
 [  2.07308779  -2.05502431]
 [ -4.94936261   4.95473361]
 [  1.33579336  -1.31001871]
 [ -6.32899669   6.3349978 ]
 [ -9.1611595    9.16967829]
 [-15.31332152  15.36725471]
 [  1.66911705  -1.65909272]
 [  3.63716226  -3.63678269]
 [  0.36283906  -0.33125531]
 [  4.96687214  -4.96067734]
 [  2.48120686  -2.48314207]
 [ -8.17811166   8.1726717 ]
 [ -4.6390965    4.64519667]
 [ -3.16546276   3.1767124 ]
 [  2.24850081  -2.24157143]
 [ -4.12190949   4.11609879]
 [  7.18942437  -7.17026141]
 [  2.29890436  -2.2974909 ]
 [  5.2016561   -5.19222125]
 [  5.63501841  -5.64215721]
 [ -1.46798099   1.47022854]
 [  5.37191628  -5.38645514]
 [ -9.19502718   9.19795213]
 [ -2.06561333   2.08465254]
 [  2.02190045  -2.0162721 ]
 [ -1.12828979   1.15176088]
 [  1.85238058  -1.85024668]
 [  0.24865115  -0.25364448]
 [  0.3729331   -0.37366348]
 [  0.04613795  -0.05230863]
 [  2.28099134  -2.27726292]
 [  9.52989464  -9.52410401]
 [ -2.20565511   2.21908453]
 [  7.36295853  -7.37784051]
 [ -0.5183686    0.52441141]
 [ -3.08803668   3.09359934]
 [ -8.30047401   8.29817369]
 [  5.53762763  -5.52093256]
 [-14.05908377  14.05358846]
 [ -5.82572934   5.83741197]
 [  0.6687632   -0.67231331]
 [ -9.46517466   9.49263075]
 [  4.11826673  -4.10101022]
 [ 11.54511096 -11.54905106]
 [  1.14225104  -1.12495041]
 [  7.47080966  -7.47930498]
 [-11.18053234  11.17972017]
 [ -4.63198156   4.64216688]
 [  7.30726756  -7.28833064]
 [ -3.77338367   3.76747324]
 [ -9.68375216   9.79250921]
 [-10.62998093  10.63981016]
 [ -4.85540386   4.85261062]
 [  7.69051664  -7.67181525]
 [  0.06534672  -0.07527553]
 [ -5.42581406   5.45772553]
 [  6.53904576  -6.52154383]
 [ -4.07830961   4.07931151]
 [ -4.16553489   4.16225633]
 [ -5.68332425   5.67375302]
 [ -3.40020692   3.40143794]
 [  3.3675416   -3.36267034]
 [-13.05373616  13.0439115 ]
 [ -4.54427035   4.54827129]
 [ -1.51915595   1.5211622 ]
 [  4.26445874  -4.25031674]
 [ -0.80171491   0.80268697]
 [  6.66738487  -6.66322438]
 [  6.11678107  -6.1101395 ]
 [  2.53732214  -2.528194  ]
 [  0.28145399  -0.27147736]
 [  4.85629796  -4.84856184]
 [  3.11962292  -3.09419609]
 [ -0.44195825   0.48248551]
 [ -2.21110228   2.19874267]
 [ 15.45586898 -15.43734561]
 [  0.67757115  -0.67201245]
 [  3.37766548  -3.3677843 ]
 [ -3.79942383   3.79856904]
 [  1.98091686  -1.97416875]
 [  4.32259882  -4.32779029]
 [ -5.40519325   5.39458295]
 [ -3.25632873   3.26468496]
 [  7.46235157  -7.4627519 ]
 [  8.55984299  -8.55005367]
 [ -2.90698234   2.90077862]
 [ -1.32331511   1.34754671]
 [ -3.44097161   3.4361404 ]
 [  0.13563358  -0.09814173]
 [  7.96201015  -7.96684615]
 [ -2.94160132   2.9442967 ]
 [  7.21243573  -7.19726137]
 [  4.55178191  -4.54667873]
 [  1.92391373  -1.90790777]
 [ 12.53917606 -12.53951703]
 [ -6.21587925   6.22021625]
 [  1.74126555  -1.72815303]
 [ -1.69042085   1.71154171]
 [ -4.00056073   3.99442151]
 [ -4.01827472   4.018356  ]
 [ -3.011501     3.00344424]
 [  9.70862981  -9.70033176]
 [  4.59342671  -4.59804549]
 [ -8.02991051   8.0292602 ]
 [ -0.6499297    0.65992058]
 [  2.11547652  -2.11279762]
 [ -2.10252101   2.10359404]
 [ -6.11732045   6.12451372]]