[[ 3.98892911e+00 -3.98582033e+00]
 [-2.88147388e+00  2.88263153e+00]
 [-2.64534867e+01  2.64344393e+01]
 [ 6.51086665e-01 -6.34924263e-01]
 [ 7.43774259e+00 -7.41706435e+00]
 [-1.45265330e+00  1.46135738e+00]
 [-6.38613907e+00  6.41490685e+00]
 [ 8.58353502e+00 -8.58041277e+00]
 [-3.56995320e+00  3.57763839e+00]
 [-2.00191819e+00  2.00072739e+00]
 [-3.92540071e+00  3.91504599e+00]
 [-1.18536549e+01  1.18586446e+01]
 [ 1.34483269e+00 -1.35106935e+00]
 [-6.92396607e+00  6.93151270e+00]
 [ 1.20203973e+00 -1.19627806e+00]
 [-4.59849422e-01  4.55060011e-01]
 [ 5.28599727e+00 -5.29683371e+00]
 [-4.00951945e-01  3.98539725e-01]
 [ 5.82032613e-01 -5.82758045e-01]
 [ 1.76810086e+00 -1.76787430e+00]
 [-6.41778439e+00  6.41423499e+00]
 [ 8.67705087e+00 -8.66345611e+00]
 [-1.12494040e-01  1.45451824e-01]
 [ 1.80661707e+00 -1.80533461e+00]
 [-7.41581203e+00  7.40456091e+00]
 [ 7.53679928e+00 -7.52732887e+00]
 [ 5.48410762e+00 -5.47164803e+00]
 [-4.06228226e+00  4.06882045e+00]
 [-2.15042738e+00  2.15064563e+00]
 [-1.35360425e+00  1.37959870e+00]
 [ 2.91731155e+00 -2.88768496e+00]
 [ 4.79725000e+00 -4.80727484e+00]
 [ 5.76208292e+00 -5.73500036e+00]
 [-3.34999470e+00  3.36299764e+00]
 [ 4.27241440e+00 -4.27907121e+00]
 [-4.40739397e+00  4.40600224e+00]
 [-1.13495359e+01  1.13540091e+01]
 [-3.32976602e+00  3.31512638e+00]
 [ 3.22500249e+00 -3.22503877e+00]
 [-1.35849811e+00  1.35969223e+00]
 [ 2.98303019e-01 -2.92291354e-01]
 [-9.69454284e-01  9.82968835e-01]
 [ 4.25485759e+00 -4.23993783e+00]
 [ 1.86702063e+00 -1.85980774e+00]
 [-3.42345375e+00  3.42533907e+00]
 [ 4.31038348e+00 -4.30056419e+00]
 [ 6.63827917e+00 -6.61958608e+00]
 [ 6.26906580e+00 -6.24342394e+00]
 [-1.05965397e+01  1.06169406e+01]
 [-7.00546351e+00  7.00883590e+00]
 [ 1.51473666e+00 -1.50380997e+00]
 [-2.05732148e+00  2.06050965e+00]
 [-3.87082057e+00  3.89070885e+00]
 [ 5.87079241e+00 -5.86838250e+00]
 [-7.99219538e-01  7.99273473e-01]
 [ 4.48786089e+00 -4.48797751e+00]
 [ 7.06595937e+00 -7.05749639e+00]
 [ 3.97214368e+00 -3.96295876e+00]
 [-1.91182364e+00  1.91702948e+00]
 [ 1.80856900e+00 -1.80989115e+00]
 [ 3.84372390e+00 -3.84416297e+00]
 [ 7.15305863e+00 -7.14584346e+00]
 [-1.06652721e+01  1.06843118e+01]
 [ 6.91046609e+00 -6.89686785e+00]
 [ 3.55534098e+00 -3.53556722e+00]
 [-3.98552998e+00  3.97290532e+00]
 [ 4.14355518e+00 -4.14127360e+00]
 [ 2.39297647e+00 -2.39630386e+00]
 [-7.66426562e+00  7.68169446e+00]
 [-8.61083133e+00  8.62697002e+00]
 [-5.94454974e+00  5.95174918e+00]
 [ 5.52325574e+00 -5.53091694e+00]
 [-6.27349633e+00  6.29309561e+00]
 [-3.29743377e+00  3.29498742e+00]
 [-5.76374357e+00  5.75668597e+00]
 [-1.12185963e+01  1.12133679e+01]
 [-2.94209285e-01  3.28600636e-01]
 [-5.30597467e+00  5.32479914e+00]
 [ 3.10895745e+00 -3.10658924e+00]
 [ 5.48894233e+00 -5.48178987e+00]
 [-2.38547485e+00  2.40109007e+00]
 [ 5.23908121e-02 -5.16342615e-02]
 [-4.71970916e+00  4.72465075e+00]
 [ 9.70592460e-01 -9.61977849e-01]
 [ 5.92192331e+00 -5.89793839e+00]
 [-8.92667193e+00  8.91733224e+00]
 [ 1.42710529e+01 -1.42603099e+01]
 [-8.08478749e+00  8.06712578e+00]
 [-1.86781420e+00  1.87914512e+00]
 [ 1.15576346e+01 -1.15396001e+01]
 [ 1.19348100e+00 -1.18370123e+00]
 [-4.66148924e+00  4.65640150e+00]
 [ 6.93308144e+00 -6.92939413e+00]
 [-1.71042440e+01  1.71130839e+01]
 [-3.85067301e+00  3.85711598e+00]
 [ 7.56600880e+00 -7.55373097e+00]
 [-9.66886372e-01  9.83155335e-01]
 [-4.00547673e+00  4.01551194e+00]
 [-1.17195545e+01  1.17504085e+01]
 [-3.89331750e+00  3.90212304e+00]
 [-1.54845985e+01  1.54689370e+01]
 [ 6.28865661e+00 -6.29177508e+00]
 [-2.28002727e+00  2.28667385e+00]
 [ 3.72545133e+00 -3.70771063e+00]
 [-1.62490662e-01  1.65098485e-01]
 [ 1.72358741e+00 -1.71409321e+00]
 [-3.82140342e+00  3.81946794e+00]
 [-5.45638381e+00  5.45483733e+00]
 [ 4.96425436e+00 -4.94297642e+00]
 [ 1.80242341e+01 -1.80322233e+01]
 [ 8.10254494e+00 -8.05856900e+00]
 [ 3.46790852e+00 -3.47953826e+00]
 [ 8.65553809e+00 -8.65488961e+00]
 [ 3.50607001e+00 -3.46697085e+00]
 [ 4.52016848e+00 -4.44682721e+00]
 [-4.56670270e+00  4.56479794e+00]
 [-1.85788986e+00  1.87753743e+00]
 [ 1.76120619e+00 -1.75958834e+00]
 [ 1.52720136e+00 -1.51845522e+00]
 [ 6.35744351e-01 -6.38306504e-01]
 [-2.53334462e+00  2.52707217e+00]
 [ 3.80622379e-01 -3.71237691e-01]
 [-2.88101934e+00  2.91509025e+00]
 [ 4.02193840e-01 -3.70186331e-01]
 [ 8.29550134e+00 -8.27759893e+00]
 [-2.54322277e+00  2.54775664e+00]
 [ 7.24206345e-01 -7.36726013e-01]
 [-2.38218484e+00  2.38473439e+00]
 [ 6.05841569e+00 -6.05414374e+00]
 [ 1.12094953e+00 -1.10577773e+00]
 [ 7.52937392e+00 -7.51058485e+00]
 [ 4.48414434e-01 -4.46410761e-01]
 [-2.73613939e+00  2.73417136e+00]
 [ 8.96979143e-01 -8.73323897e-01]
 [-2.48991372e+00  2.50106042e+00]
 [ 2.37667470e+00 -2.36926076e+00]
 [-9.85516168e+00  9.85534488e+00]
 [-3.85519912e+00  3.85285480e+00]
 [-1.14982863e+01  1.15189672e+01]
 [-5.09558268e+00  5.09873219e+00]
 [ 3.00341670e+00 -2.99131993e+00]
 [-1.48506860e+00  1.48296301e+00]
 [ 2.42468428e+00 -2.42072006e+00]
 [-1.00260510e+01  1.00425881e+01]
 [-2.10164502e+00  2.09985980e+00]
 [-2.13979455e+01  2.14060963e+01]
 [ 1.60331847e+01 -1.60088712e+01]
 [ 5.56943729e+00 -5.54714113e+00]
 [ 2.22509890e+00 -2.22955169e+00]
 [-7.93613132e+00  7.95961877e+00]
 [ 7.42317581e+00 -7.41723840e+00]
 [-6.08601346e+00  6.09521265e+00]
 [-3.76881665e+00  3.78049980e+00]
 [ 6.81418914e+00 -6.81355819e+00]
 [ 1.46689277e+00 -1.46324459e+00]
 [ 5.81866522e+00 -5.80354443e+00]
 [-8.33674623e-02  7.93129430e-02]
 [-9.70575413e+00  9.71611546e+00]
 [ 6.27824425e-02 -4.45734867e-02]
 [-4.35235748e+00  4.36703716e+00]
 [-8.22345808e+00  8.22989762e+00]
 [ 1.68711112e+00 -1.68100777e+00]
 [ 1.33625725e+01 -1.33430025e+01]
 [ 1.39953936e+00 -1.38309465e+00]
 [-3.18058632e-01  3.17768309e-01]
 [ 3.76994681e+00 -3.76808927e+00]
 [-5.43700515e+00  5.45758078e+00]
 [-1.38041671e+00  1.37446149e+00]
 [ 3.39534928e+00 -3.39575567e+00]
 [-6.62427330e+00  6.62291853e+00]
 [ 1.04063025e+00 -1.03392509e+00]
 [ 8.61412935e+00 -8.60181503e+00]
 [ 5.07309074e+00 -5.09022717e+00]
 [ 8.93787082e+00 -8.94141224e+00]
 [-4.69287679e+00  4.70851508e+00]
 [ 2.77638983e+00 -2.75967795e+00]
 [ 8.27075341e+00 -8.27415879e+00]
 [-8.05359766e+00  8.07312447e+00]
 [-4.03313656e+00  4.04744711e+00]
 [ 3.06161597e+00 -3.06117173e+00]
 [-4.79219377e+00  4.80531108e+00]
 [ 3.12850539e+00 -3.10627234e+00]
 [ 9.45764557e+00 -9.44733634e+00]
 [ 3.81738413e+00 -3.82649469e+00]
 [ 1.93366000e+01 -1.93382355e+01]
 [ 2.71456952e+00 -2.71201463e+00]
 [ 4.65870005e+00 -4.63943134e+00]
 [-9.82063702e+00  9.83502474e+00]
 [ 1.01584344e+01 -1.01408020e+01]
 [-2.80310189e+00  2.80663940e+00]
 [-7.99283676e+00  7.99168849e+00]
 [-8.98613546e+00  8.98251597e+00]
 [-7.39892059e+00  7.39611600e+00]
 [-2.32517408e+00  2.32460561e+00]
 [ 9.07191323e-01 -9.15328575e-01]
 [ 1.51872422e+01 -1.51620225e+01]
 [ 5.72296899e+00 -5.70486243e+00]
 [-3.04803356e-01  3.19375673e-01]
 [ 3.32487970e-02 -2.42493142e-02]
 [ 1.41216872e+00 -1.39180719e+00]
 [-4.88847851e+00  4.89104630e+00]
 [ 9.64816288e+00 -9.64675331e+00]
 [-4.58555582e-02  4.53500408e-02]
 [ 2.90353527e+00 -2.91215174e+00]
 [-5.33113204e-01  5.32118140e-01]
 [-1.96444191e+00  1.96183372e+00]
 [-8.20733536e+00  8.19730711e+00]
 [-1.01769494e+01  1.02275520e+01]
 [ 3.41133226e-03  8.76133141e-03]
 [ 2.63315431e+00 -2.62990284e+00]
 [-4.91639170e-01  4.97472250e-01]
 [ 1.41162530e+00 -1.39292010e+00]
 [ 5.79846176e+00 -5.79833257e+00]
 [ 3.46493343e+00 -3.46398821e+00]
 [-4.59891069e+00  4.60671860e+00]
 [ 2.87126538e+00 -2.86100078e+00]
 [ 3.55607426e+00 -3.54981413e+00]
 [ 3.90367596e+00 -3.88782150e+00]
 [ 5.51663310e+00 -5.51621379e+00]
 [ 2.18990936e+00 -2.16404845e+00]
 [ 5.26980763e+00 -5.26517447e+00]
 [-3.79939310e+00  3.81811777e+00]
 [-7.72721295e+00  7.74284455e+00]
 [-2.05601154e+00  2.05195201e+00]
 [ 2.00662756e+00 -1.97937963e+00]
 [ 1.17008859e+01 -1.16818449e+01]
 [-3.44404465e+00  3.45257539e+00]
 [-4.65035479e+00  4.64914756e+00]
 [-1.97107519e+00  1.97566473e+00]
 [-4.39332990e+00  4.42368796e+00]
 [ 1.20336122e+01 -1.20436766e+01]
 [-7.02436865e+00  7.02712754e+00]
 [-1.88509618e+00  1.88065447e+00]
 [-7.92595505e+00  7.94345460e+00]
 [ 7.10558577e+00 -7.09429896e+00]
 [ 5.28551972e+00 -5.27736765e+00]
 [-7.75225930e-01  8.00238005e-01]
 [-6.03213407e-01  6.33645423e-01]
 [ 5.83718623e+00 -5.83143838e+00]
 [-2.87759688e+00  2.87447995e+00]
 [-3.67651686e+00  3.67609277e+00]
 [ 7.81583292e-01 -7.76160712e-01]
 [-4.36884413e+00  4.40733189e+00]
 [-4.02334333e+00  4.03935163e+00]
 [-6.40224622e-01  6.44152041e-01]
 [ 6.88411164e+00 -6.87332104e+00]
 [-2.40737272e+00  2.42418452e+00]
 [ 1.84721256e-01 -1.81086731e-01]
 [ 1.57928922e+01 -1.57870394e+01]
 [ 2.99561605e-01 -2.98520120e-01]]