[[ 4.81126640e+02 -4.81118301e+02]
 [-1.26814669e+03  1.26815452e+03]
 [-3.62373248e+02  3.62386423e+02]
 [-2.59526271e+03  2.59527548e+03]
 [ 1.78583898e+03 -1.78583052e+03]
 [ 3.05654825e+03 -3.05652375e+03]
 [ 7.70060244e+02 -7.70066545e+02]
 [-5.17808066e+03  5.17809392e+03]
 [ 1.01271179e+03 -1.01271008e+03]
 [-2.01169260e+03  2.01170258e+03]
 [-3.69829478e+03  3.69829304e+03]
 [-1.14407376e+03  1.14407332e+03]
 [ 5.77327537e+03 -5.77325897e+03]
 [ 3.50232971e+03 -3.50229692e+03]
 [-6.05863590e+03  6.05864262e+03]
 [-7.58252040e+02  7.58288186e+02]
 [-3.32835861e+03  3.32837805e+03]
 [-5.97213854e+03  5.97213582e+03]
 [-7.18093802e+01  7.18082870e+01]
 [ 1.05423662e+03 -1.05424045e+03]
 [-9.64518274e+02  9.64523798e+02]
 [-5.81539738e+02  5.81552069e+02]
 [-1.18426693e+03  1.18426007e+03]
 [-4.70385998e+03  4.70386103e+03]
 [ 1.18381627e+03 -1.18379061e+03]
 [-4.47541797e+03  4.47543066e+03]
 [-7.11873938e+02  7.11885114e+02]
 [ 7.55000314e+02 -7.55003707e+02]
 [ 2.42760621e+03 -2.42760501e+03]
 [-5.94190751e+03  5.94191630e+03]
 [-7.04955365e+03  7.04955971e+03]
 [-1.31424459e+03  1.31424603e+03]
 [ 1.96984444e+03 -1.96984285e+03]
 [-9.75413788e+03  9.75415756e+03]
 [ 2.17179638e+03 -2.17179153e+03]
 [-4.17150924e+02  4.17181235e+02]
 [-2.25106768e+01  2.25058031e+01]
 [-1.68348881e+03  1.68349074e+03]
 [ 1.87183121e+02 -1.87180245e+02]
 [ 3.73448727e+03 -3.73447443e+03]
 [-1.10906755e+04  1.10907071e+04]
 [ 5.27369427e+03 -5.27372255e+03]
 [ 2.23950857e+02 -2.23936871e+02]
 [ 2.18318529e+03 -2.18319242e+03]
 [-3.70039485e+03  3.70039534e+03]
 [ 2.96902223e+03 -2.96901498e+03]
 [ 1.42902991e+02 -1.42908215e+02]
 [-2.24324438e+03  2.24324394e+03]
 [-1.92253804e+02  1.92254260e+02]
 [-5.58918992e+02  5.58930196e+02]
 [ 4.88066761e+03 -4.88065922e+03]
 [ 2.29416613e+03 -2.29415964e+03]
 [-4.92509723e+02  4.92513975e+02]
 [-8.71007991e+02  8.71018544e+02]
 [ 8.10235715e+02 -8.10227946e+02]
 [-7.82978720e+01  7.82900029e+01]
 [ 2.64025630e+03 -2.64025405e+03]
 [ 1.25399876e+03 -1.25399218e+03]
 [ 1.81063150e+03 -1.81062573e+03]
 [ 8.96047743e+02 -8.96050956e+02]
 [-1.30090302e+03  1.30090839e+03]
 [ 1.72023800e+03 -1.72023935e+03]
 [ 1.33140231e+03 -1.33140364e+03]
 [-9.69756309e+03  9.69759006e+03]
 [ 3.48910540e+02 -3.48920278e+02]
 [-2.32537050e+03  2.32541085e+03]
 [ 6.47502869e+02 -6.47500763e+02]
 [ 1.15856627e+02 -1.15862647e+02]
 [ 2.01059447e+03 -2.01058004e+03]
 [ 5.72080433e+02 -5.72030800e+02]
 [ 1.03258298e+03 -1.03258133e+03]
 [ 1.04940292e+03 -1.04940053e+03]
 [-2.19470163e+03  2.19473906e+03]
 [ 3.84799664e+03 -3.84795455e+03]
 [-6.32974716e+02  6.32977596e+02]
 [-4.44526677e+03  4.44526323e+03]
 [ 7.88180540e+02 -7.88185055e+02]
 [-3.01015800e+02  3.01022697e+02]
 [-1.69275626e+03  1.69275756e+03]
 [ 3.62250140e+03 -3.62250667e+03]
 [ 2.33722988e+03 -2.33722138e+03]
 [ 3.73213330e+03 -3.73212658e+03]
 [-1.63468831e+03  1.63468674e+03]
 [ 4.69554409e+02 -4.69512817e+02]
 [-1.05195413e+04  1.05196181e+04]
 [-5.02413348e+02  5.02417093e+02]
 [ 4.31643711e+01 -4.31696319e+01]
 [-1.03516077e+03  1.03518659e+03]
 [-1.05470178e+04  1.05470382e+04]
 [ 6.00532785e+03 -6.00533385e+03]
 [ 1.64183884e+02 -1.64180171e+02]
 [-4.87040828e+03  4.87040764e+03]
 [ 2.03560990e+02 -2.03562507e+02]
 [-9.34992165e+02  9.35001132e+02]
 [-5.23818232e+01  5.23828708e+01]
 [-4.73461169e+03  4.73462448e+03]
 [-2.57954232e+03  2.57955894e+03]
 [ 5.04848328e+03 -5.04842822e+03]
 [-1.81765019e+03  1.81765291e+03]
 [-3.05413387e+03  3.05413734e+03]
 [ 6.31296697e+03 -6.31297479e+03]
 [-1.18489194e+03  1.18490710e+03]
 [-3.09736282e+03  3.09736544e+03]
 [-7.92567242e+02  7.92579770e+02]
 [-1.05152974e+03  1.05152896e+03]
 [ 1.34665069e+03 -1.34664692e+03]
 [ 1.02283240e+01 -1.02240311e+01]
 [-9.31658453e+02  9.31676678e+02]
 [ 6.82948845e+03 -6.82948211e+03]
 [ 3.31271656e+03 -3.31270872e+03]
 [ 4.76440005e+03 -4.76439780e+03]
 [-3.59240621e+03  3.59240905e+03]
 [-3.65664970e+03  3.65664859e+03]
 [ 3.25957590e+03 -3.25956193e+03]
 [-3.36202746e+03  3.36204547e+03]
 [ 7.61412379e+03 -7.61412268e+03]
 [-6.39108684e+03  6.39112388e+03]
 [-7.25063860e+03  7.25068251e+03]
 [-2.94277502e+03  2.94278543e+03]
 [-5.98267111e+03  5.98268039e+03]
 [ 1.01368172e+03 -1.01367891e+03]
 [-4.01042556e+03  4.01043380e+03]
 [-1.03511386e+04  1.03511295e+04]
 [ 1.43274007e+04 -1.43273710e+04]
 [-3.90499971e+03  3.90500545e+03]
 [ 9.23214352e+03 -9.23214098e+03]
 [ 1.52423160e+03 -1.52420490e+03]
 [ 9.74436015e+03 -9.74433354e+03]
 [-9.12302084e+02  9.12305926e+02]
 [ 5.65482486e+03 -5.65481530e+03]
 [ 1.62565012e+03 -1.62564773e+03]
 [ 6.60107961e+03 -6.60107100e+03]
 [-1.31666777e+03  1.31667686e+03]
 [-7.42696390e+01  7.42685721e+01]
 [ 3.99404809e+03 -3.99405372e+03]
 [-2.22451934e+03  2.22454270e+03]
 [-5.05226785e+03  5.05228489e+03]
 [ 9.87048554e+03 -9.87047291e+03]
 [-1.20968818e+03  1.20969479e+03]
 [-2.57039892e+03  2.57045417e+03]
 [ 7.23461959e+03 -7.23462981e+03]
 [ 1.32727915e+03 -1.32726376e+03]
 [-3.94395541e+03  3.94397153e+03]
 [ 3.00504152e+03 -3.00502965e+03]
 [-1.60100800e+03  1.60101633e+03]
 [ 4.75608125e+03 -4.75608039e+03]
 [ 9.19026817e+03 -9.19027565e+03]
 [ 3.25915600e+02 -3.25901594e+02]
 [ 1.81073146e+03 -1.81073355e+03]
 [-4.70728539e+03  4.70729230e+03]
 [-1.62668523e+03  1.62669618e+03]
 [ 3.06304166e+03 -3.06303946e+03]
 [ 5.49173060e+02 -5.49175383e+02]
 [-3.35385798e+02  3.35388881e+02]
 [ 6.97895110e+03 -6.97895391e+03]
 [ 3.79818172e+03 -3.79817783e+03]
 [-4.01332576e+02  4.01326953e+02]
 [-1.47738261e+03  1.47738400e+03]
 [-1.92204180e+03  1.92204271e+03]
 [ 1.69090287e+03 -1.69090266e+03]
 [ 1.51165984e+03 -1.51165157e+03]
 [ 7.34842356e+03 -7.34839606e+03]
 [-1.55329730e+03  1.55330556e+03]
 [-1.77479095e+03  1.77483904e+03]
 [ 2.05264904e+03 -2.05261841e+03]
 [-4.72005510e+02  4.71995786e+02]
 [-4.41378192e+03  4.41378204e+03]
 [-8.74234731e+03  8.74234176e+03]
 [ 6.17469029e+03 -6.17467122e+03]
 [-6.77116069e+02  6.77128989e+02]
 [-3.77623856e+03  3.77623093e+03]
 [ 2.53473979e+03 -2.53472796e+03]
 [ 1.97443721e+03 -1.97445141e+03]
 [ 3.20073267e+02 -3.20073019e+02]
 [ 1.75199294e+03 -1.75197453e+03]
 [-1.34884541e+03  1.34884918e+03]
 [-1.74405893e+03  1.74407804e+03]
 [ 4.95810192e+03 -4.95809631e+03]
 [-7.94995121e+03  7.94997340e+03]
 [-1.85335060e+01  1.85294265e+01]
 [ 1.11099680e+02 -1.11100715e+02]
 [-2.70892623e+03  2.70892480e+03]
 [ 5.13436352e+03 -5.13434131e+03]
 [-1.31042798e+03  1.31042544e+03]
 [ 2.54802228e+03 -2.54802653e+03]
 [-4.06751490e+03  4.06752888e+03]
 [-3.30586330e+03  3.30584797e+03]
 [-1.32158690e+03  1.32160633e+03]
 [ 4.93466216e+03 -4.93466061e+03]
 [-5.97313401e+03  5.97314769e+03]
 [ 3.89838663e+02 -3.89844579e+02]
 [ 3.28658791e+03 -3.28658981e+03]
 [ 7.36637718e+02 -7.36636409e+02]
 [-2.84171005e+03  2.84170698e+03]
 [-7.63541089e+02  7.63536923e+02]
 [-3.50316809e+03  3.50317758e+03]
 [-4.07816797e+03  4.07816661e+03]
 [ 4.03354394e+02 -4.03361531e+02]
 [ 3.80527446e+02 -3.80512957e+02]
 [ 5.73226664e+03 -5.73227019e+03]
 [-5.20341175e+03  5.20343584e+03]
 [ 3.30973547e+03 -3.30972733e+03]
 [ 1.11758415e+03 -1.11758481e+03]
 [-1.00032368e+04  1.00032417e+04]
 [-3.93262720e+03  3.93264219e+03]
 [ 1.31192253e+04 -1.31192311e+04]
 [ 1.32945577e+04 -1.32945403e+04]
 [-3.06265779e+02  3.06277410e+02]
 [-7.84841825e+02  7.84843701e+02]
 [ 5.99914945e+03 -5.99912344e+03]
 [ 1.38000528e+02 -1.37990522e+02]
 [-2.21372392e+03  2.21370134e+03]
 [-1.75886706e+02  1.75873440e+02]
 [-6.50094718e+03  6.50095939e+03]
 [ 5.01551504e+03 -5.01550004e+03]
 [-1.23484158e+03  1.23483647e+03]
 [ 2.16963343e+03 -2.16963627e+03]
 [ 2.28380689e+03 -2.28379227e+03]
 [-3.53602458e+02  3.53602902e+02]
 [-1.55151253e+03  1.55149949e+03]
 [-1.52102782e+03  1.52106658e+03]
 [-3.50410256e+03  3.50414624e+03]
 [-1.77177462e+03  1.77177538e+03]
 [-9.56740800e+02  9.56756476e+02]
 [-4.72323922e+03  4.72322494e+03]
 [-3.89921390e+03  3.89920763e+03]
 [ 3.54240795e+02 -3.54242285e+02]
 [ 1.83927930e+03 -1.83925519e+03]
 [ 3.29862306e+03 -3.29861284e+03]
 [ 2.53166593e+03 -2.53166379e+03]
 [-1.84823624e+03  1.84823579e+03]
 [-1.51836600e+03  1.51837143e+03]
 [ 3.22580252e+03 -3.22578607e+03]
 [-1.21352080e+03  1.21351849e+03]
 [-8.57188135e+02  8.57233009e+02]
 [-4.70631495e+03  4.70634770e+03]
 [ 4.99686650e+02 -4.99703960e+02]
 [ 2.05954475e+03 -2.05954854e+03]
 [-1.50717907e+02  1.50731468e+02]
 [-1.96735562e+02  1.96738417e+02]
 [ 1.32195348e+03 -1.32192211e+03]
 [ 8.99534782e+02 -8.99532750e+02]
 [ 4.62373586e+03 -4.62373642e+03]
 [ 5.99413978e+03 -5.99413668e+03]
 [-5.57218101e+02  5.57229989e+02]
 [ 6.14540355e+03 -6.14539369e+03]
 [-4.06472154e+03  4.06472212e+03]
 [ 2.74220017e+03 -2.74218221e+03]
 [ 7.71542161e+02 -7.71538339e+02]
 [ 2.94715813e+03 -2.94716083e+03]]