[[-3.25166872e+02  3.25172571e+02]
 [ 1.36997415e+03 -1.36997425e+03]
 [ 1.50471352e+04 -1.50471244e+04]
 [-4.84821196e+02  4.84828312e+02]
 [-1.55671722e+04  1.55671814e+04]
 [-1.24614021e+04  1.24614060e+04]
 [ 1.92619974e+04 -1.92620019e+04]
 [ 8.53498008e+03 -8.53498006e+03]
 [ 3.87454323e+03 -3.87453563e+03]
 [-2.99415008e+03  2.99414957e+03]
 [-1.19352165e+03  1.19351957e+03]
 [ 9.56750275e+03 -9.56749700e+03]
 [ 1.17031525e+04 -1.17031545e+04]
 [-3.27883116e+04  3.27882947e+04]
 [ 6.74393913e+03 -6.74393366e+03]
 [-1.14040079e+04  1.14040087e+04]
 [ 2.11251241e+04 -2.11251104e+04]
 [-1.02479919e+02  1.02484950e+02]
 [ 6.81643355e+02 -6.81636467e+02]
 [-5.22684764e+03  5.22685869e+03]
 [ 1.68008777e+04 -1.68008734e+04]
 [-9.51396265e+03  9.51397334e+03]
 [-8.95356057e+03  8.95356208e+03]
 [ 1.29161057e+04 -1.29161098e+04]
 [-1.34883705e+04  1.34883731e+04]
 [-1.77179629e+03  1.77180339e+03]
 [-9.59405435e+02  9.59405939e+02]
 [-3.16920066e+03  3.16920142e+03]
 [-9.04466132e+03  9.04466684e+03]
 [-2.41883975e+02  2.41882174e+02]
 [ 2.61429651e+04 -2.61429497e+04]
 [ 3.92323389e+03 -3.92323354e+03]
 [ 4.79421150e+03 -4.79421332e+03]
 [ 9.44967201e+03 -9.44965949e+03]
 [-3.66732335e+03  3.66733102e+03]
 [ 1.67966957e+04 -1.67966957e+04]
 [ 1.45876422e+04 -1.45876265e+04]
 [-3.54203267e+03  3.54203616e+03]
 [-1.12123310e+03  1.12123654e+03]
 [-1.99623537e+04  1.99623656e+04]
 [ 7.73958197e+03 -7.73957877e+03]
 [-2.85625294e+03  2.85625193e+03]
 [ 1.64209329e+04 -1.64209234e+04]
 [ 1.63442838e+03 -1.63442490e+03]
 [-1.83346289e+04  1.83346330e+04]
 [-4.73615641e+02  4.73615573e+02]
 [-7.95724154e+03  7.95724204e+03]
 [ 1.71629779e+04 -1.71629671e+04]
 [-1.44632501e+03  1.44632372e+03]
 [-3.51904215e+03  3.51904413e+03]
 [-5.14869717e+03  5.14869693e+03]
 [-3.88909651e+03  3.88909466e+03]
 [-1.52724891e+03  1.52725974e+03]
 [ 1.89911983e+04 -1.89911911e+04]
 [ 6.14224525e+03 -6.14224671e+03]
 [-2.07827504e+03  2.07827511e+03]
 [ 1.27107772e+03 -1.27107670e+03]
 [-1.94963132e+04  1.94963212e+04]
 [ 3.47676496e+04 -3.47676527e+04]
 [ 4.86343889e+03 -4.86344380e+03]
 [ 2.56448897e+03 -2.56448609e+03]
 [ 1.96923682e+02 -1.96928416e+02]
 [ 1.71686749e+04 -1.71686784e+04]
 [-4.79626564e+03  4.79626760e+03]
 [-5.68927267e+03  5.68928297e+03]
 [-4.25281851e+03  4.25282218e+03]
 [-3.53612168e+03  3.53612431e+03]
 [ 6.41919765e+03 -6.41919411e+03]
 [ 7.67174979e+03 -7.67173472e+03]
 [-7.68424267e+03  7.68424811e+03]
 [-3.45633733e+04  3.45633901e+04]
 [-8.71992186e+03  8.71991805e+03]
 [-1.72435374e+02  1.72436424e+02]
 [-1.47731843e+04  1.47731983e+04]
 [-9.08030706e+03  9.08032842e+03]
 [-5.65202697e+03  5.65202434e+03]
 [ 1.30190446e+04 -1.30190411e+04]
 [-8.10919117e+03  8.10919614e+03]
 [-2.61694306e+02  2.61701586e+02]
 [-1.11491633e+04  1.11491666e+04]
 [ 7.94724919e+03 -7.94724254e+03]
 [-1.02406408e+03  1.02406704e+03]
 [-3.13245830e+01  3.13270110e+01]
 [ 3.66609694e+03 -3.66609691e+03]
 [ 2.22682025e+04 -2.22682095e+04]
 [-6.93140156e+03  6.93140173e+03]
 [ 3.70211567e+03 -3.70211408e+03]
 [-1.63318387e+04  1.63318454e+04]
 [ 1.28293773e+03 -1.28293100e+03]
 [ 6.66148297e+03 -6.66148344e+03]
 [-4.77846971e+03  4.77846980e+03]
 [ 4.29769503e+03 -4.29769988e+03]
 [-5.13196786e+03  5.13196972e+03]
 [ 5.90506278e+03 -5.90505826e+03]
 [-1.28711832e+03  1.28712237e+03]
 [ 2.90652355e+03 -2.90652434e+03]
 [-2.06343989e+03  2.06343814e+03]
 [-7.66158384e+03  7.66158884e+03]
 [-1.08740755e+04  1.08740826e+04]
 [-1.15459043e+04  1.15459176e+04]
 [-7.08017676e+03  7.08018681e+03]
 [ 2.55792196e+03 -2.55791966e+03]
 [-2.29147313e+03  2.29146928e+03]
 [ 5.16384983e+03 -5.16385167e+03]
 [ 2.49126363e+04 -2.49126292e+04]
 [ 2.72453735e+03 -2.72453490e+03]
 [ 3.35689216e+03 -3.35689531e+03]
 [-3.85202557e+04  3.85202653e+04]
 [ 1.67995263e+03 -1.67995229e+03]
 [ 6.33045594e+03 -6.33045513e+03]
 [ 8.64047115e+03 -8.64047119e+03]
 [-2.13628285e+04  2.13628595e+04]
 [-7.15601266e+02  7.15596335e+02]
 [ 8.65663112e+03 -8.65662978e+03]
 [ 1.40937746e+03 -1.40937448e+03]
 [ 1.21242071e+03 -1.21241506e+03]
 [ 4.99232228e+03 -4.99231521e+03]
 [-3.67107045e+03  3.67107318e+03]
 [ 1.83730504e+04 -1.83730383e+04]
 [ 2.87546946e+04 -2.87546867e+04]
 [ 6.76584374e+02 -6.76580846e+02]
 [-2.52347257e+03  2.52347543e+03]
 [-4.35906334e+03  4.35906403e+03]
 [-7.96874970e+03  7.96875298e+03]
 [-6.58110945e+02  6.58110672e+02]
 [ 4.29597929e+03 -4.29597826e+03]
 [-1.64159037e+04  1.64159026e+04]
 [-6.74108976e+03  6.74108944e+03]
 [-3.13721234e+03  3.13721026e+03]
 [ 2.31186485e+04 -2.31186481e+04]
 [-1.43539491e+02  1.43541929e+02]
 [ 1.81684960e+04 -1.81684905e+04]
 [ 4.87351854e+03 -4.87351419e+03]
 [ 2.05574002e+03 -2.05574160e+03]
 [-1.47630909e+04  1.47630934e+04]
 [ 6.82269183e+03 -6.82268932e+03]
 [-3.47754040e+03  3.47755903e+03]
 [ 1.24171004e+04 -1.24170914e+04]
 [-4.04367567e+03  4.04367521e+03]
 [-2.10570359e+03  2.10570016e+03]
 [ 1.48854955e+04 -1.48854808e+04]
 [ 7.91233091e+03 -7.91231212e+03]
 [-2.79970823e+04  2.79970850e+04]
 [ 6.10154456e+03 -6.10154800e+03]
 [-5.60749103e+03  5.60749632e+03]
 [ 2.82085540e+03 -2.82085025e+03]
 [-3.82359320e+04  3.82359383e+04]
 [-5.45082466e+03  5.45082189e+03]
 [-1.51349762e+02  1.51351990e+02]
 [-4.65974379e+03  4.65974856e+03]
 [-4.59713097e+03  4.59714279e+03]
 [-4.01387463e+03  4.01389091e+03]
 [-6.38883310e+03  6.38883347e+03]
 [-9.59530562e+03  9.59531456e+03]
 [-2.93107547e+03  2.93107485e+03]
 [-1.89528765e+04  1.89529004e+04]
 [-3.15375174e+04  3.15375294e+04]
 [-9.85374269e+02  9.85369427e+02]
 [-3.95887365e+03  3.95887933e+03]
 [ 2.52784738e+03 -2.52784408e+03]
 [ 2.00151863e+03 -2.00151501e+03]
 [-1.60851807e+03  1.60851696e+03]
 [-5.55761528e+03  5.55761236e+03]
 [ 3.83906679e+04 -3.83906464e+04]
 [ 4.74236398e+03 -4.74236338e+03]
 [ 7.65530143e+03 -7.65528901e+03]
 [ 4.68344102e+02 -4.68342605e+02]
 [ 1.19314177e+04 -1.19314138e+04]
 [ 6.77514577e+03 -6.77512265e+03]
 [ 9.36565362e+03 -9.36564915e+03]
 [-6.28438580e+03  6.28438927e+03]
 [ 5.32112984e+02 -5.32102138e+02]
 [ 3.19643286e+03 -3.19642894e+03]
 [-3.83019283e+03  3.83019443e+03]
 [ 2.06201952e+04 -2.06201926e+04]
 [-3.04276548e+03  3.04276647e+03]
 [-3.77436285e+03  3.77435703e+03]
 [ 2.86984847e+04 -2.86984732e+04]
 [-3.89740404e+03  3.89740144e+03]
 [-4.74642978e+03  4.74642866e+03]
 [ 3.30677641e+02 -3.30664108e+02]
 [-4.79744288e+03  4.79744311e+03]
 [ 2.37646937e+04 -2.37646822e+04]
 [-8.10567506e+03  8.10567973e+03]
 [ 1.12395463e+04 -1.12395363e+04]
 [-1.93036323e+04  1.93036445e+04]
 [-1.93580917e+04  1.93581176e+04]
 [-1.18219633e+04  1.18219603e+04]
 [ 1.34656451e+04 -1.34656372e+04]
 [ 2.92809878e+03 -2.92809041e+03]
 [-9.69181728e+03  9.69181857e+03]
 [ 6.07487593e+03 -6.07487330e+03]
 [-2.98073529e+04  2.98073554e+04]
 [ 9.72615421e+03 -9.72615200e+03]
 [ 3.13216402e+04 -3.13216448e+04]
 [-5.12224678e+03  5.12224530e+03]
 [ 6.54675719e+03 -6.54674424e+03]
 [-1.34483201e+04  1.34483151e+04]
 [-2.89422609e+04  2.89422634e+04]
 [ 3.78551195e+03 -3.78551065e+03]
 [ 4.20205328e+03 -4.20205651e+03]
 [-2.79500720e+03  2.79500866e+03]
 [ 7.88011226e+03 -7.88012028e+03]
 [ 3.93913607e+03 -3.93913544e+03]
 [ 1.61872429e+04 -1.61872356e+04]
 [-8.85695448e+03  8.85695573e+03]
 [ 1.82945632e+04 -1.82945505e+04]
 [-6.72863410e+03  6.72863814e+03]
 [ 5.03064007e+03 -5.03064086e+03]
 [ 1.95896869e+04 -1.95896714e+04]
 [ 1.02036160e+04 -1.02036133e+04]
 [ 1.30775074e+03 -1.30773900e+03]
 [-6.43847256e+03  6.43847773e+03]
 [ 7.30656089e+02 -7.30655089e+02]
 [-2.29197804e+04  2.29197866e+04]
 [-9.85868490e+03  9.85868482e+03]
 [-4.90921017e+03  4.90921140e+03]
 [-2.44300829e+03  2.44301665e+03]
 [-1.79581115e+04  1.79581236e+04]
 [-1.24750007e+03  1.24750610e+03]
 [-3.45724300e+01  3.45697005e+01]
 [ 8.18600967e+03 -8.18601045e+03]
 [ 2.07814456e+04 -2.07814369e+04]
 [ 1.65389613e+04 -1.65389594e+04]
 [ 2.86841356e+03 -2.86840381e+03]
 [ 8.48775537e+03 -8.48774936e+03]
 [ 1.11790716e+04 -1.11790692e+04]
 [ 1.07632753e+04 -1.07632907e+04]
 [-4.67537049e+03  4.67537075e+03]
 [ 4.18048802e+03 -4.18048561e+03]
 [-7.38245071e+03  7.38245338e+03]
 [-1.85025779e+03  1.85026071e+03]
 [-1.31869379e+04  1.31869364e+04]
 [-6.02148654e+03  6.02148947e+03]
 [-6.19431740e+03  6.19431461e+03]
 [-2.53275993e+04  2.53276171e+04]
 [ 4.82992095e+03 -4.82991654e+03]
 [-1.04043645e+04  1.04043684e+04]
 [ 3.54203788e+03 -3.54203488e+03]
 [ 4.41463231e+02 -4.41464547e+02]
 [-7.83672133e+03  7.83672270e+03]
 [-1.08093765e+02  1.08097290e+02]
 [-2.65388148e+03  2.65388200e+03]
 [ 9.57549615e+02 -9.57549135e+02]
 [ 3.56997092e+03 -3.56997648e+03]
 [-8.27138099e+00  8.27295060e+00]
 [ 1.62442197e+03 -1.62442453e+03]
 [-2.28765714e+04  2.28765822e+04]
 [ 4.96440316e+02 -4.96436620e+02]
 [-1.86501197e+03  1.86501358e+03]
 [-1.70267075e+03  1.70266978e+03]
 [ 1.42396247e+04 -1.42396290e+04]
 [-7.20363973e+03  7.20364307e+03]
 [-3.11076623e+03  3.11076253e+03]
 [ 3.16362255e+03 -3.16361929e+03]
 [ 4.93394371e+03 -4.93394503e+03]
 [ 2.06408391e+04 -2.06408281e+04]
 [ 1.92517996e+04 -1.92517887e+04]
 [ 3.60191390e+03 -3.60191110e+03]
 [ 2.23526178e+04 -2.23526029e+04]
 [ 5.11870944e+03 -5.11870936e+03]
 [-3.81111379e+03  3.81111374e+03]
 [ 7.47676159e+03 -7.47675688e+03]
 [-6.86985063e+02  6.86982458e+02]
 [ 9.10692901e+03 -9.10691678e+03]
 [-8.49154616e+03  8.49155363e+03]
 [-9.44456895e+03  9.44457399e+03]
 [-8.09408652e+03  8.09409660e+03]
 [-1.92147116e+04  1.92147182e+04]
 [ 2.53023318e+03 -2.53022831e+03]
 [-6.64436675e+03  6.64436735e+03]
 [ 1.34394993e+04 -1.34394901e+04]
 [ 1.41316138e+04 -1.41316143e+04]
 [-8.69005577e+03  8.69005914e+03]
 [-1.92604805e+03  1.92604661e+03]
 [-2.56490560e+04  2.56490702e+04]
 [-2.41345540e+04  2.41345612e+04]
 [ 1.14412564e+04 -1.14412510e+04]
 [-2.62568664e+03  2.62568767e+03]
 [-1.44236522e+04  1.44236519e+04]
 [-5.84687100e+02  5.84692383e+02]
 [-3.40967746e+03  3.40968053e+03]
 [-5.83786265e+03  5.83787190e+03]
 [ 6.92879618e+03 -6.92879441e+03]
 [ 1.39042493e+04 -1.39042396e+04]
 [ 8.42709682e+02 -8.42705384e+02]
 [ 2.37341660e+03 -2.37342025e+03]
 [-2.89915386e+04  2.89915349e+04]
 [-2.12009006e+03  2.12009902e+03]
 [-1.04055403e+04  1.04055487e+04]
 [ 9.94945969e+03 -9.94945330e+03]
 [-1.49060548e+04  1.49060676e+04]
 [ 5.45790258e+03 -5.45790326e+03]
 [ 1.18658071e+03 -1.18656049e+03]
 [ 5.93792835e+03 -5.93792006e+03]
 [ 7.59189545e+02 -7.59185539e+02]
 [-1.02471069e+04  1.02471137e+04]
 [-1.60493323e+04  1.60493327e+04]
 [-7.48347653e+03  7.48347366e+03]
 [-7.86542141e+03  7.86541926e+03]
 [-7.18803301e+03  7.18802722e+03]
 [-9.32852077e+03  9.32851836e+03]
 [-3.33558293e+03  3.33558326e+03]
 [-1.48200937e+04  1.48200985e+04]
 [ 4.33430392e+03 -4.33430435e+03]
 [ 7.30082018e+03 -7.30082220e+03]
 [-1.70425171e+03  1.70425333e+03]
 [-4.68361195e+03  4.68361263e+03]
 [ 7.63372588e+03 -7.63372971e+03]
 [-1.26071253e+03  1.26071718e+03]
 [-1.12815067e+04  1.12815236e+04]
 [-5.36314426e+03  5.36314399e+03]
 [-2.99619865e+03  2.99620406e+03]
 [-3.44587197e+03  3.44587326e+03]
 [-4.71953227e+03  4.71953561e+03]
 [ 2.17132422e+04 -2.17132359e+04]
 [ 3.12158612e+02 -3.12154835e+02]
 [ 2.26435793e+03 -2.26435600e+03]
 [-7.19061768e+00  7.19302910e+00]
 [-3.22759593e+04  3.22759785e+04]
 [-1.23429304e+04  1.23429461e+04]
 [-1.56631650e+04  1.56631788e+04]
 [ 5.63031686e+03 -5.63031605e+03]
 [ 2.75018709e+03 -2.75018889e+03]
 [-3.98916413e+02  3.98915520e+02]
 [-1.21737558e+04  1.21737546e+04]
 [ 1.22560618e+04 -1.22560631e+04]
 [ 7.80206749e+03 -7.80206784e+03]
 [ 9.14726574e+01 -9.14675583e+01]
 [ 3.23017760e+03 -3.23017757e+03]
 [ 3.46793517e+03 -3.46793784e+03]
 [ 7.70713967e+03 -7.70713206e+03]
 [ 2.50832200e+03 -2.50832094e+03]
 [ 5.18801244e+02 -5.18800527e+02]
 [ 9.67838586e+03 -9.67838269e+03]
 [ 2.01632077e+04 -2.01632016e+04]
 [ 1.06475695e+04 -1.06475606e+04]
 [ 3.99715003e+04 -3.99714964e+04]
 [-1.09132225e+04  1.09132169e+04]
 [ 2.75469467e+03 -2.75469221e+03]
 [ 1.87062908e+04 -1.87062786e+04]
 [-5.17739136e+02  5.17739202e+02]
 [-1.22386570e+04  1.22386619e+04]
 [ 4.90469411e+03 -4.90469441e+03]
 [-1.66746664e+04  1.66746611e+04]
 [-5.86255618e+03  5.86255457e+03]
 [-9.21254274e+03  9.21255215e+03]
 [ 3.28884097e+03 -3.28884042e+03]
 [-5.79533437e+02  5.79539721e+02]
 [ 5.47638590e+03 -5.47638092e+03]
 [-3.86032645e+04  3.86032769e+04]
 [ 9.94392105e+03 -9.94392301e+03]
 [-2.66370755e+03  2.66370916e+03]
 [-2.96549515e+03  2.96549257e+03]
 [-9.76925440e+03  9.76926487e+03]
 [-6.43622463e+03  6.43623408e+03]
 [-1.17503144e+03  1.17503313e+03]
 [ 2.53578184e+03 -2.53578025e+03]
 [ 1.72947959e+04 -1.72947785e+04]
 [-5.62060043e+03  5.62059251e+03]
 [-1.77681534e+03  1.77682900e+03]
 [ 2.38665501e+04 -2.38665283e+04]
 [ 2.21672630e+04 -2.21672587e+04]
 [-1.73381239e+04  1.73381224e+04]
 [-2.38226899e+04  2.38226874e+04]
 [ 5.14649394e+03 -5.14649217e+03]
 [ 1.03075446e+03 -1.03073966e+03]
 [ 1.36383110e+03 -1.36383085e+03]
 [ 2.95762857e+04 -2.95762560e+04]
 [-1.99411013e+03  1.99411016e+03]
 [-8.68924270e+03  8.68924745e+03]
 [ 1.96985835e+04 -1.96985810e+04]
 [ 1.65419022e+04 -1.65418900e+04]
 [ 4.85557122e+03 -4.85557388e+03]
 [ 1.72054452e+03 -1.72054562e+03]
 [ 7.13363042e+03 -7.13362405e+03]
 [-1.03185966e+04  1.03185951e+04]
 [-3.22784780e+03  3.22785166e+03]
 [ 1.64232583e+04 -1.64232489e+04]
 [ 1.28923155e+03 -1.28923178e+03]
 [ 5.51790571e+03 -5.51790429e+03]
 [-1.26491072e+04  1.26491123e+04]
 [-2.28371523e+04  2.28371693e+04]
 [-1.78111378e+02  1.78114955e+02]
 [-1.93235547e+03  1.93236710e+03]
 [ 5.79891590e+03 -5.79892049e+03]
 [ 1.92403020e+04 -1.92403022e+04]
 [-9.94877872e+03  9.94877709e+03]
 [ 1.09704992e+03 -1.09705193e+03]
 [-5.41336218e+03  5.41336219e+03]
 [ 1.06460897e+04 -1.06460877e+04]
 [-1.84582528e+03  1.84584326e+03]
 [ 1.91379802e+04 -1.91379855e+04]
 [ 1.07235899e+03 -1.07235517e+03]
 [ 9.77475855e+03 -9.77474601e+03]
 [-1.06521664e+04  1.06521690e+04]
 [-9.79639293e+03  9.79638852e+03]
 [ 2.64992918e+04 -2.64992756e+04]
 [-3.37520569e+03  3.37520419e+03]
 [ 6.78190512e+03 -6.78190176e+03]
 [ 1.51959204e+04 -1.51959114e+04]
 [-3.42130361e+03  3.42130464e+03]
 [ 6.89115600e+03 -6.89115530e+03]
 [ 2.32638871e+03 -2.32638933e+03]
 [-1.06570253e+04  1.06570264e+04]
 [-8.25865805e+03  8.25865822e+03]
 [ 5.72262410e+03 -5.72262501e+03]
 [-3.67063391e+04  3.67063652e+04]
 [ 2.78057706e+03 -2.78057431e+03]
 [-3.60625733e+03  3.60625764e+03]
 [-8.58694903e+03  8.58694855e+03]
 [ 1.10185693e+03 -1.10186020e+03]
 [ 4.66814797e+03 -4.66814292e+03]
 [-9.04882540e+03  9.04882816e+03]
 [-1.43904086e+03  1.43904150e+03]
 [-3.23563780e+03  3.23563318e+03]
 [-7.72449692e+03  7.72449067e+03]
 [ 1.17497348e+04 -1.17497367e+04]
 [ 6.90788379e+03 -6.90786398e+03]
 [ 2.42355689e+04 -2.42355483e+04]
 [ 9.08632782e+03 -9.08631432e+03]
 [ 3.17693210e+04 -3.17693225e+04]
 [ 3.01536215e+04 -3.01536091e+04]
 [ 2.10788404e+03 -2.10788784e+03]
 [-2.94118045e+03  2.94117962e+03]
 [ 1.38800200e+04 -1.38800191e+04]
 [-6.34730855e+03  6.34731586e+03]
 [ 1.05616018e+04 -1.05615973e+04]
 [ 2.54141385e+04 -2.54141273e+04]
 [-1.52197088e+04  1.52197175e+04]
 [-7.20978924e+03  7.20979004e+03]
 [ 1.33875575e+04 -1.33875470e+04]
 [ 6.39399317e+03 -6.39399309e+03]
 [-6.62423324e+01  6.62454830e+01]
 [-8.81115312e+03  8.81115000e+03]
 [ 5.41458585e+03 -5.41459173e+03]
 [ 2.71178156e+03 -2.71177738e+03]
 [-5.01748550e+03  5.01748382e+03]
 [ 8.57435763e+03 -8.57434599e+03]
 [-4.00241188e+03  4.00240921e+03]
 [-1.08001239e+04  1.08001353e+04]
 [-8.33179965e+03  8.33179809e+03]
 [ 2.53519822e+02 -2.53529602e+02]
 [-1.29320180e+04  1.29320238e+04]
 [-1.15539038e+04  1.15539044e+04]
 [-4.50560077e+03  4.50560053e+03]
 [ 3.65997960e+03 -3.65997179e+03]
 [ 2.10703622e+03 -2.10703787e+03]
 [-1.33669091e+04  1.33669114e+04]
 [ 1.64054696e+04 -1.64054554e+04]
 [-1.78225763e+04  1.78225769e+04]
 [-1.77372211e+04  1.77372314e+04]
 [-5.64483989e+03  5.64484260e+03]
 [ 1.73225728e+04 -1.73225701e+04]
 [ 1.34115158e+04 -1.34115177e+04]
 [ 9.88436916e+02 -9.88439094e+02]
 [ 8.36053082e+03 -8.36052420e+03]
 [-1.31830015e+04  1.31830276e+04]
 [ 1.51429644e+04 -1.51429673e+04]
 [ 6.84270099e+02 -6.84272924e+02]
 [ 1.48755205e+04 -1.48755234e+04]
 [ 3.19273099e+04 -3.19272937e+04]
 [ 2.20462398e+04 -2.20462299e+04]
 [ 1.45943804e+04 -1.45943752e+04]
 [-2.47520068e+04  2.47520169e+04]
 [ 1.74343569e+04 -1.74343472e+04]
 [ 2.30111807e+03 -2.30110518e+03]
 [-9.18200381e+03  9.18200601e+03]
 [-2.26034376e+04  2.26034471e+04]
 [-1.60313968e+03  1.60313907e+03]
 [-2.99833364e+04  2.99833410e+04]
 [ 3.78516558e+03 -3.78516380e+03]
 [ 6.46005010e+03 -6.46003761e+03]
 [ 6.18433887e+03 -6.18432571e+03]
 [-9.09127177e+03  9.09128975e+03]
 [-1.86451371e+04  1.86451416e+04]
 [-8.07039040e+03  8.07039238e+03]
 [ 1.66308753e+03 -1.66308535e+03]
 [ 1.32631585e+04 -1.32631527e+04]
 [ 1.57763372e+03 -1.57762760e+03]
 [-8.70393323e+03  8.70393472e+03]
 [-1.34235739e+04  1.34235774e+04]
 [-2.53601094e+03  2.53602013e+03]
 [ 6.97216074e+02 -6.97218341e+02]
 [ 2.06510686e+03 -2.06511169e+03]
 [-7.29919247e+03  7.29919764e+03]
 [-2.55269833e+03  2.55270336e+03]
 [-2.38515577e+04  2.38515592e+04]
 [-1.82282475e+03  1.82282972e+03]
 [ 1.25295204e+04 -1.25295101e+04]
 [-1.06920428e+04  1.06920392e+04]
 [-1.69288227e+04  1.69288289e+04]
 [-6.41940559e+03  6.41941852e+03]
 [-8.32021622e+03  8.32022037e+03]
 [ 5.02421936e+03 -5.02421270e+03]
 [-8.62137459e+03  8.62137853e+03]
 [ 4.41696452e+03 -4.41696542e+03]
 [ 8.07275330e+03 -8.07275378e+03]
 [ 2.61110468e+03 -2.61109303e+03]
 [-5.96655774e+02  5.96657530e+02]]