[[-2.54747248e+03  2.54746542e+03]
 [ 2.89017665e+03 -2.89015096e+03]
 [ 3.71154174e+02 -3.71146835e+02]
 [-6.10013948e+03  6.10017072e+03]
 [-1.81949055e+03  1.81949145e+03]
 [-5.32085368e+03  5.32087112e+03]
 [ 1.82675914e+02 -1.82670638e+02]
 [ 8.86405030e+03 -8.86405926e+03]
 [ 1.69238886e+03 -1.69240256e+03]
 [ 3.63987341e+03 -3.63987673e+03]
 [ 7.27138317e+02 -7.27142286e+02]
 [ 4.74418669e+03 -4.74412563e+03]
 [-6.15615034e+02  6.15660800e+02]
 [-5.05434424e+02  5.05448434e+02]
 [-2.80652795e+03  2.80653346e+03]
 [ 8.42409822e+01 -8.41982491e+01]
 [ 8.72464820e+03 -8.72459832e+03]
 [-1.05243452e+03  1.05243543e+03]
 [-1.00343199e+04  1.00343541e+04]
 [ 9.74861397e+02 -9.74857863e+02]
 [ 2.91930820e+03 -2.91930683e+03]
 [ 1.03311769e+02 -1.03314389e+02]
 [ 6.28551167e+02 -6.28501881e+02]
 [-3.77772016e+03  3.77771782e+03]
 [-1.29548665e+03  1.29549816e+03]
 [ 4.66576405e+03 -4.66576238e+03]
 [ 4.67610736e+03 -4.67610187e+03]
 [ 7.69362002e+02 -7.69358794e+02]
 [ 1.54584246e+03 -1.54583318e+03]
 [-4.75737157e+02  4.75736232e+02]
 [ 6.78039713e+02 -6.78033158e+02]
 [-1.01113717e+04  1.01113746e+04]
 [-9.57086098e+02  9.57084911e+02]
 [ 7.52544680e+03 -7.52543488e+03]
 [ 1.82386203e+03 -1.82386290e+03]
 [-1.05370086e+04  1.05370015e+04]
 [ 1.36160910e+03 -1.36161479e+03]
 [-1.75765981e+03  1.75765801e+03]
 [-8.41426436e+02  8.41418288e+02]
 [ 8.46831498e+02 -8.46834087e+02]
 [-5.99341196e+03  5.99341792e+03]
 [ 7.15168102e+03 -7.15166584e+03]
 [-1.26459075e+04  1.26459241e+04]
 [ 4.02350943e+03 -4.02350066e+03]
 [ 8.16392831e+03 -8.16392916e+03]
 [ 2.07013079e+03 -2.07012694e+03]
 [-9.24377954e+03  9.24378621e+03]
 [ 4.87936813e+02 -4.87935021e+02]
 [ 4.78949001e+03 -4.78948044e+03]
 [ 6.29594823e+02 -6.29591053e+02]
 [ 5.81432119e+03 -5.81433137e+03]
 [ 1.06588176e+03 -1.06588112e+03]
 [ 6.70508940e+03 -6.70506161e+03]
 [ 4.31388669e+02 -4.31385497e+02]
 [-5.95406468e+03  5.95407173e+03]
 [-5.12187253e+03  5.12187927e+03]
 [ 5.34842599e+03 -5.34841354e+03]
 [ 9.08193936e+02 -9.08186086e+02]
 [ 1.32107794e+03 -1.32108564e+03]
 [-5.82136753e+03  5.82141006e+03]
 [-1.02492327e+02  1.02499498e+02]
 [-3.90477524e+02  3.90488778e+02]
 [ 4.88929498e+02 -4.88926150e+02]
 [ 2.22456105e+03 -2.22457295e+03]
 [ 1.96220119e+03 -1.96220408e+03]
 [ 8.96881451e+01 -8.96700230e+01]
 [-9.86852658e+03  9.86853685e+03]
 [ 5.39920807e+02 -5.39924183e+02]
 [-8.88084549e+01  8.88113802e+01]
 [ 1.26776308e+04 -1.26776258e+04]
 [ 3.12906657e+03 -3.12901242e+03]
 [ 6.24371272e+03 -6.24368236e+03]
 [-1.64653869e+03  1.64654148e+03]
 [-8.64202712e+03  8.64204393e+03]
 [-4.11560398e+03  4.11561414e+03]
 [-2.57579455e+03  2.57579616e+03]
 [-4.61051365e+03  4.61052763e+03]
 [ 9.04109988e+02 -9.04081940e+02]
 [-5.42497777e+03  5.42499203e+03]
 [-2.39195743e+03  2.39195253e+03]
 [ 5.54568206e+03 -5.54568435e+03]
 [-3.95315405e+01  3.95312949e+01]
 [ 5.12650475e+02 -5.12637067e+02]
 [-7.45903032e+03  7.45901335e+03]
 [ 9.31955059e+03 -9.31951206e+03]
 [ 6.37305828e+03 -6.37306286e+03]
 [ 4.35132781e+03 -4.35131285e+03]
 [ 2.43428763e+03 -2.43426762e+03]
 [-1.39574312e+03  1.39573891e+03]
 [ 1.07872413e+03 -1.07870903e+03]
 [-7.37061551e+03  7.37062822e+03]
 [ 2.33163392e+03 -2.33163307e+03]
 [ 1.82596117e+03 -1.82596543e+03]
 [-6.30196212e+03  6.30197168e+03]
 [ 6.30946571e+03 -6.30943013e+03]
 [-2.08015247e+03  2.08016115e+03]
 [ 6.35319821e+01 -6.35150996e+01]
 [-2.90759953e+02  2.90754478e+02]
 [-2.07229221e+02  2.07214768e+02]
 [ 3.04007978e+03 -3.04009273e+03]
 [-3.64882682e+03  3.64884367e+03]
 [ 7.45530731e+03 -7.45529515e+03]
 [-7.19252396e+03  7.19251212e+03]
 [ 5.89898871e+03 -5.89899554e+03]
 [-5.03031909e+02  5.03040026e+02]
 [ 7.77423432e+03 -7.77420931e+03]
 [-1.52952882e+04  1.52953230e+04]
 [ 2.37089480e+03 -2.37087588e+03]
 [-1.35267155e+02  1.35256561e+02]
 [-2.32401128e+03  2.32402738e+03]
 [-2.38731538e+03  2.38731399e+03]
 [-3.13024597e+03  3.13027145e+03]
 [-5.07407879e+03  5.07411452e+03]
 [-8.48412903e+03  8.48413033e+03]
 [ 2.82563223e+03 -2.82561405e+03]
 [-3.55048202e+03  3.55048531e+03]
 [-1.50675442e+04  1.50675939e+04]
 [-2.91363421e+03  2.91363689e+03]
 [-3.46614879e+03  3.46615543e+03]
 [-6.30249642e+02  6.30242102e+02]
 [-6.58999512e+03  6.58999916e+03]
 [ 8.05705746e+03 -8.05704775e+03]
 [-3.44602615e+03  3.44602687e+03]
 [ 2.49795583e+03 -2.49796176e+03]
 [ 8.46330441e+02 -8.46332876e+02]
 [-4.19935292e+03  4.19934903e+03]
 [-2.18953924e+03  2.18954946e+03]
 [ 6.36950138e+03 -6.36952160e+03]
 [ 5.60792486e+03 -5.60795869e+03]
 [-1.99193455e+03  1.99193635e+03]
 [-5.59097517e+03  5.59096549e+03]
 [-5.35073435e+03  5.35075315e+03]
 [-5.00605800e+03  5.00605210e+03]
 [-3.18082892e+03  3.18085561e+03]
 [-3.40214195e+03  3.40216488e+03]
 [-3.53033605e+03  3.53032047e+03]
 [-5.39536593e+03  5.39536335e+03]
 [ 4.36869266e+03 -4.36869404e+03]
 [-1.61897116e+04  1.61897416e+04]
 [ 2.60852868e+03 -2.60852874e+03]
 [ 2.60641738e+03 -2.60637707e+03]
 [ 1.76633480e+03 -1.76633535e+03]
 [-2.60030243e+03  2.60030624e+03]
 [ 1.55442532e+03 -1.55442327e+03]
 [ 9.41340187e+03 -9.41339277e+03]
 [ 5.45027872e+03 -5.45027788e+03]
 [ 1.03038456e+02 -1.03021167e+02]
 [-8.24730889e+02  8.24715367e+02]
 [-2.14465859e+02  2.14457580e+02]
 [-4.14709462e+02  4.14716399e+02]
 [-3.99400506e+03  3.99401067e+03]
 [-2.14782263e+03  2.14782275e+03]
 [ 1.73970962e+04 -1.73970876e+04]
 [-1.84056640e+03  1.84055776e+03]
 [ 4.90241450e+03 -4.90241569e+03]
 [ 2.49652097e+03 -2.49646182e+03]
 [-9.63495821e+02  9.63485931e+02]
 [-6.73021561e+02  6.73046612e+02]
 [-6.84482133e+03  6.84484918e+03]
 [ 4.77267194e+02 -4.77275263e+02]
 [-3.86646882e+03  3.86647636e+03]
 [ 7.85143228e+03 -7.85141483e+03]
 [-8.31800464e+03  8.31804014e+03]
 [-1.12785664e+03  1.12784949e+03]
 [ 6.07000489e+03 -6.07000310e+03]
 [ 2.28616713e+03 -2.28614063e+03]
 [-3.17004972e+03  3.17004976e+03]
 [-4.41571189e+03  4.41573291e+03]
 [-4.41974702e+03  4.41978413e+03]
 [ 1.59355973e+03 -1.59355588e+03]
 [ 1.45620291e+01 -1.45570174e+01]
 [ 2.88097358e+02 -2.88086673e+02]
 [ 1.34842593e+04 -1.34841919e+04]
 [ 2.09286285e+03 -2.09285318e+03]
 [ 2.91679405e+02 -2.91676092e+02]
 [ 1.55626318e+03 -1.55626630e+03]
 [ 3.14798536e+02 -3.14784027e+02]
 [ 1.35888183e+03 -1.35888366e+03]
 [-1.83644922e+03  1.83647131e+03]
 [-2.29615205e+03  2.29615012e+03]
 [-2.06173042e+02  2.06176432e+02]
 [ 2.41999810e+03 -2.41998808e+03]
 [ 1.20574206e+04 -1.20573831e+04]
 [ 5.52070095e+03 -5.52071359e+03]
 [ 1.90688833e+02 -1.90677935e+02]
 [-8.71352678e+03  8.71354806e+03]
 [-1.29418565e+03  1.29419156e+03]
 [-2.76948139e+03  2.76949782e+03]
 [ 1.17030955e+04 -1.17030821e+04]
 [ 3.28468352e+03 -3.28468524e+03]
 [-8.00586889e+02  8.00589613e+02]
 [-1.71142542e+02  1.71144648e+02]
 [ 1.17906629e+03 -1.17905481e+03]
 [ 2.32104466e+03 -2.32103875e+03]
 [ 4.67001996e+03 -4.66998121e+03]
 [-8.23794471e+02  8.23798038e+02]
 [ 1.33136296e+02 -1.33134545e+02]
 [ 2.62495432e+03 -2.62495228e+03]
 [-8.82620531e+03  8.82620025e+03]
 [ 2.78575723e+02 -2.78576011e+02]
 [-1.92743356e+01  1.92783705e+01]
 [ 3.87039919e+03 -3.87038337e+03]
 [ 2.70481257e+03 -2.70480598e+03]
 [ 2.52007082e+03 -2.52007600e+03]
 [-2.15610125e+03  2.15610454e+03]
 [-9.50224681e+02  9.50224391e+02]
 [ 4.95915483e+03 -4.95916130e+03]
 [-1.32124804e+03  1.32125936e+03]
 [-9.44458735e+02  9.44446402e+02]
 [-5.87102049e+03  5.87102262e+03]
 [-1.33498791e+03  1.33498416e+03]
 [-9.25509515e+02  9.25519119e+02]
 [ 1.13362545e+04 -1.13362240e+04]
 [-6.48778535e+00  6.48689234e+00]
 [-6.08582672e+02  6.08585034e+02]
 [ 2.59736922e+03 -2.59732196e+03]
 [ 5.69159521e+03 -5.69157711e+03]
 [-3.68526928e+02  3.68529564e+02]
 [-9.91845955e+02  9.91841039e+02]
 [ 9.66505378e+02 -9.66501452e+02]
 [-1.00117962e+04  1.00118249e+04]
 [ 2.15656059e+03 -2.15654726e+03]
 [ 2.47410745e+03 -2.47411031e+03]
 [-9.67625744e+02  9.67639101e+02]
 [-6.44097278e+03  6.44095239e+03]
 [ 7.97442877e+03 -7.97442588e+03]
 [ 2.61226678e+03 -2.61226179e+03]
 [-6.95597473e+03  6.95599723e+03]
 [-9.73791281e+02  9.73778673e+02]
 [-2.48823716e+01  2.48826072e+01]
 [ 9.70963813e+02 -9.70927024e+02]
 [ 2.05844732e+03 -2.05843980e+03]
 [ 4.76320240e+03 -4.76320427e+03]
 [-1.63619181e+03  1.63618639e+03]
 [-8.14043730e+03  8.14044409e+03]
 [ 2.52507964e+03 -2.52508539e+03]
 [ 9.60019435e+02 -9.60007234e+02]
 [ 2.51928875e+03 -2.51928602e+03]
 [ 3.45723999e+02 -3.45718200e+02]
 [-2.12893346e+03  2.12893828e+03]
 [ 3.19064533e+03 -3.19064435e+03]
 [-1.35119902e+03  1.35120156e+03]
 [-3.90353079e+03  3.90353623e+03]
 [-3.96316120e+03  3.96314019e+03]
 [-2.53755075e+03  2.53755822e+03]
 [ 1.62373308e+03 -1.62371266e+03]
 [ 6.84915672e+03 -6.84914776e+03]
 [-1.94810908e+03  1.94811899e+03]
 [ 2.22770042e+03 -2.22770122e+03]
 [ 5.76043615e+03 -5.76042672e+03]]