[[-1.29863079e+01  1.29963900e+01]
 [-7.22357153e+00  7.21323964e+00]
 [ 3.11391031e+00 -3.11650968e+00]
 [ 5.94300393e-02 -6.74766096e-02]
 [-8.46526217e+00  8.47335152e+00]
 [-1.05887623e+01  1.05827032e+01]
 [ 8.86984314e+00 -8.87026946e+00]
 [ 2.72504163e+00 -2.70162578e+00]
 [ 1.31113894e-01 -9.77542030e-02]
 [-4.84824861e+00  4.85190368e+00]
 [ 5.30699797e+00 -5.28406607e+00]
 [ 2.01355723e+00 -2.00829055e+00]
 [ 2.07203119e+00 -2.04885660e+00]
 [ 1.79568830e+00 -1.79503443e+00]
 [ 5.96717326e+00 -5.96481845e+00]
 [-5.55356696e+00  5.55318745e+00]
 [-9.44332497e+00  9.50845185e+00]
 [ 1.29086896e+01 -1.28789358e+01]
 [-5.28187965e+00  5.29322311e+00]
 [ 2.61712366e+00 -2.62002100e+00]
 [ 1.65239616e-01 -1.43233775e-01]
 [-5.80891051e-01  5.94587095e-01]
 [ 1.87184232e+01 -1.87113145e+01]
 [ 7.09656519e+00 -7.07299080e+00]
 [ 5.33403509e+00 -5.33745619e+00]
 [-7.83528462e+00  7.84080547e+00]
 [ 7.01912291e+00 -7.00538187e+00]
 [-4.55591049e+00  4.58464524e+00]
 [-4.31245934e+00  4.31743500e+00]
 [-1.04872531e+00  1.04218277e+00]
 [-8.75317282e+00  8.76102872e+00]
 [-1.22081041e+01  1.22393785e+01]
 [ 9.78257427e-01 -9.88766411e-01]
 [-2.08672966e+00  2.09256845e+00]
 [-1.06844539e+00  1.08696994e+00]
 [-2.30316016e+00  2.29962262e+00]
 [ 8.49115050e+00 -8.47713986e+00]
 [-3.34383393e+00  3.35426662e+00]
 [ 1.23367158e+00 -1.18776304e+00]
 [-1.22889423e+00  1.23807246e+00]
 [ 7.82414707e+00 -7.82100591e+00]
 [ 1.12770789e+01 -1.12759677e+01]
 [ 2.66280297e-02 -2.74843011e-02]
 [-8.36269380e+00  8.37375511e+00]
 [-1.05967672e+00  1.05122817e+00]
 [ 4.16305542e+00 -4.17085018e+00]
 [ 2.83649541e+00 -2.79480196e+00]
 [-4.44860905e+00  4.45715525e+00]
 [ 1.13102704e+00 -1.12744586e+00]
 [-4.01208902e+00  4.02917175e+00]
 [ 1.41302677e+01 -1.41525880e+01]
 [ 3.68446283e+00 -3.63298338e+00]
 [ 7.85484117e-01 -7.65927011e-01]
 [-4.89012983e+00  4.90350914e+00]
 [ 4.86419103e-02 -4.06576512e-02]
 [-4.34785590e+00  4.34784974e+00]
 [ 1.07521626e+01 -1.07821065e+01]
 [-1.46705816e+00  1.47691515e+00]
 [-1.09081534e+01  1.08971218e+01]
 [-5.97133699e+00  5.96082269e+00]
 [ 7.88580553e+00 -7.84898235e+00]
 [-5.00939798e+00  4.98792171e+00]
 [ 3.30976639e+00 -3.29253765e+00]
 [ 2.69471738e+01 -2.69302890e+01]
 [ 8.69561986e+00 -8.69919587e+00]
 [ 4.40523456e-01 -4.69582077e-01]
 [ 1.43737704e+01 -1.43361661e+01]
 [-5.90633513e+00  5.90565541e+00]
 [ 2.82715289e+00 -2.82747409e+00]
 [-5.44417616e+00  5.41938467e+00]
 [-7.50936543e+00  7.52449538e+00]
 [ 2.15117815e+00 -2.14329922e+00]
 [-4.11852552e+00  4.12382060e+00]
 [ 5.51488453e+00 -5.49907409e+00]
 [ 7.04339745e-01 -7.03583206e-01]
 [-2.00374423e+00  2.00657323e+00]
 [ 5.95812972e+00 -5.96175473e+00]
 [-4.66595345e-01  4.86653457e-01]
 [-1.86248810e+00  1.86419482e+00]
 [ 7.77413520e+00 -7.76555489e+00]
 [-5.49153036e+00  5.51083702e+00]
 [ 1.46259227e+01 -1.46350414e+01]
 [ 4.63310540e+00 -4.62742094e+00]
 [ 1.55958454e+00 -1.55005789e+00]
 [-3.67961213e+00  3.68481582e+00]
 [ 1.45492037e+00 -1.44182675e+00]
 [ 3.53463469e+00 -3.53467098e+00]
 [ 3.80553375e+00 -3.77197095e+00]
 [ 2.71450645e+00 -2.70551774e+00]
 [ 1.66653634e+01 -1.66740151e+01]
 [-2.62879124e+00  2.63907383e+00]
 [-4.81755207e+00  4.82045399e+00]
 [-4.95383268e+00  4.96394134e+00]
 [-5.37276401e+00  5.37866233e+00]
 [ 8.17900772e+00 -8.17881788e+00]
 [-8.07980841e+00  8.08721390e+00]
 [ 1.35654730e+01 -1.35589428e+01]
 [ 2.77403466e+00 -2.73844522e+00]
 [ 2.55930026e+00 -2.56411799e+00]
 [-8.38203047e+00  8.39135754e+00]
 [ 3.46918244e+00 -3.47205300e+00]
 [-1.29291686e+01  1.29377178e+01]
 [ 1.09592679e+01 -1.09427879e+01]
 [-7.03790971e+00  7.06006208e+00]
 [ 2.14450768e+00 -2.14063354e+00]
 [ 3.86300482e-01 -3.85898421e-01]
 [ 9.70712263e+00 -9.70691483e+00]
 [ 6.48260295e+00 -6.46321157e+00]
 [-9.83235965e+00  9.84871221e+00]
 [-2.07661615e+00  2.08144814e+00]
 [-6.84072635e-01  7.00289453e-01]
 [-1.20696691e+01  1.21050693e+01]
 [-2.44378547e+00  2.46354038e+00]
 [ 1.18894213e+01 -1.18762388e+01]
 [-4.10549118e+00  4.10374341e+00]
 [ 1.38586669e+00 -1.37887167e+00]
 [ 5.49506897e+00 -5.46339774e+00]
 [-1.56458656e+00  1.56176058e+00]
 [-2.97873993e+00  2.95972602e+00]
 [-2.28812483e+00  2.30443153e+00]
 [-1.89273391e+00  1.89105342e+00]
 [ 1.19998436e+01 -1.19996138e+01]
 [ 5.03465767e+00 -5.03943516e+00]
 [ 4.45336240e+00 -4.42871435e+00]
 [-7.98139880e+00  8.00011340e+00]
 [ 3.40408063e-01 -3.43041924e-01]
 [ 2.97319755e+00 -2.96628632e+00]
 [ 3.05284558e+00 -3.03704300e+00]
 [ 3.61889953e+00 -3.61194933e+00]
 [ 6.55855034e+00 -6.55436953e+00]
 [-4.52808289e-01  4.59080139e-01]
 [-7.16504575e+00  7.18131528e+00]
 [ 1.97937440e-01 -1.89521427e-01]
 [-1.21322984e+01  1.21403788e+01]
 [ 1.82255187e+01 -1.81802665e+01]
 [-5.42194382e+00  5.41256316e+00]
 [-5.04724415e+00  5.05080723e+00]
 [ 4.21773544e+00 -4.21096963e+00]
 [-2.94704160e+00  2.95881822e+00]
 [ 4.68613668e+00 -4.67087182e+00]
 [-3.35894821e+00  3.38503883e+00]
 [-3.33878672e+00  3.34000717e+00]
 [-1.40202524e+01  1.40058329e+01]
 [-2.38262639e+00  2.38449075e+00]
 [ 5.59014223e+00 -5.58227037e+00]
 [ 2.24487441e+00 -2.24598881e+00]
 [-7.76423372e+00  7.79520085e+00]
 [ 4.61770334e+00 -4.62937985e+00]
 [-5.42052473e+00  5.43271620e+00]
 [-1.20546287e+01  1.20699454e+01]
 [ 1.11477889e+00 -1.09064371e+00]
 [-1.22431462e+00  1.21873024e+00]
 [-4.40704072e+00  4.42868193e+00]
 [-4.11426710e+00  4.15469804e+00]
 [-2.56898686e+00  2.56758398e+00]
 [-1.63201652e+01  1.63143528e+01]
 [ 4.56384837e+00 -4.53401979e+00]
 [ 1.21128547e-01 -1.00481748e-01]
 [ 7.36821802e+00 -7.35675867e+00]
 [ 3.21632379e-02 -3.55309504e-02]
 [-8.11490224e-01  8.23594421e-01]
 [-6.26722733e+00  6.25549926e+00]
 [-9.98937080e+00  1.00162245e+01]
 [-5.63490762e-01  5.46019452e-01]
 [-3.23215170e+00  3.22333002e+00]
 [-4.35695723e+00  4.36414154e+00]
 [ 4.22296881e+00 -4.21590636e+00]
 [ 5.00009626e+00 -4.98777352e+00]
 [ 8.70516641e-01 -8.40508106e-01]
 [ 2.03566952e+00 -2.00682276e+00]
 [ 7.42068358e+00 -7.41850832e+00]
 [ 3.23519371e+00 -3.23799164e+00]
 [ 3.18131550e-01 -2.78064275e-01]
 [ 5.21683702e+00 -5.21765656e+00]
 [-8.61711533e+00  8.60590347e+00]
 [ 2.47165139e+00 -2.45270576e+00]
 [-1.66999183e+01  1.66929220e+01]
 [-7.49668847e+00  7.50638840e+00]
 [-1.14270056e+01  1.14483521e+01]
 [ 3.65440924e+00 -3.68716145e+00]
 [-6.33519759e+00  6.34868453e+00]
 [ 4.09491832e+00 -4.09393122e+00]
 [ 1.18913144e+01 -1.18901848e+01]
 [-5.61743410e+00  5.61574719e+00]
 [ 8.68736192e+00 -8.70564424e+00]
 [-5.59989255e+00  5.60818755e+00]
 [-1.71914077e+01  1.72096706e+01]
 [ 1.25784793e-01 -1.18752266e-01]
 [ 2.52125416e+00 -2.51115547e+00]
 [-5.11980256e+00  5.14639753e+00]
 [ 3.17513365e+00 -3.17467362e+00]
 [-1.10436086e+01  1.10619330e+01]
 [ 4.21377333e-01 -4.21524731e-01]
 [ 2.03930364e+00 -2.03698619e+00]
 [-5.16493445e+00  5.16024263e+00]
 [ 7.52311217e+00 -7.52926445e+00]
 [ 8.12556469e-01 -8.03530797e-01]
 [-8.01185741e+00  8.02445822e+00]
 [ 3.14377058e-01 -2.89157070e-01]
 [ 3.12967649e-01 -3.00060162e-01]
 [-1.26239223e+01  1.26336345e+01]
 [ 9.60565835e+00 -9.60167098e+00]
 [ 1.78158381e+00 -1.77760087e+00]
 [-1.04734976e+01  1.04991889e+01]
 [ 3.61143827e-01 -3.65404044e-01]
 [-1.05948339e+00  1.06656283e+00]
 [ 3.90484059e+00 -3.90958653e+00]
 [-1.19165386e+01  1.19218827e+01]
 [-8.78232894e-01  8.89688670e-01]
 [-5.18864073e+00  5.19829959e+00]
 [ 1.04685523e+00 -1.04618250e+00]
 [-1.65632052e+01  1.65946800e+01]
 [ 3.64930924e+00 -3.65007208e+00]
 [ 2.15669956e+00 -2.15046433e+00]
 [ 7.34479330e-01 -7.26635821e-01]
 [ 2.66392377e+01 -2.66732965e+01]
 [-7.54886089e+00  7.53685327e+00]
 [-7.06073316e+00  7.08454745e+00]
 [ 4.10308015e+00 -4.11116074e+00]
 [ 9.56725333e-01 -9.44688124e-01]
 [-2.44506628e+00  2.44992807e+00]
 [ 1.48549414e+01 -1.48496039e+01]
 [-2.12918555e+00  2.14402741e+00]
 [ 9.37465962e+00 -9.36464357e+00]
 [ 2.80507052e+00 -2.77968572e+00]
 [-9.95535989e-01  9.84729802e-01]
 [-2.89412605e+00  2.91264759e+00]
 [ 4.49047244e+00 -4.48099198e+00]
 [-6.60108525e+00  6.63124363e+00]
 [-3.68604135e+00  3.69037174e+00]
 [ 5.66827131e-02 -2.98019333e-02]
 [-2.94090092e+01  2.94172815e+01]
 [ 6.46886708e+00 -6.46560976e+00]
 [-2.19136462e+00  2.18644575e+00]
 [ 8.93481343e+00 -8.92405500e+00]
 [-6.91478014e-01  6.85475518e-01]
 [ 2.92970963e+00 -2.92138369e+00]
 [ 1.71501660e+01 -1.71252701e+01]
 [ 9.90496168e+00 -9.89323617e+00]
 [-5.35239068e-01  5.34221932e-01]
 [ 1.59864182e+01 -1.59793185e+01]
 [-5.66389977e+00  5.67163645e+00]
 [-3.19122905e+00  3.19870067e+00]
 [-2.55019289e-01  2.60127995e-01]
 [ 3.17097567e+00 -3.16795673e+00]
 [ 5.41458543e+00 -5.40996775e+00]
 [-1.23877434e+00  1.24290669e+00]
 [-6.88237103e+00  6.88179188e+00]
 [ 2.60272363e+00 -2.59173754e+00]
 [-7.10090861e-01  7.10994397e-01]]