[[ 1.60770858e+10 -1.60770858e+10]
 [-1.91647725e+10  1.91647725e+10]
 [ 1.99374631e+10 -1.99374631e+10]
 [ 1.63778142e+10 -1.63778143e+10]
 [-1.24021250e+11  1.24021250e+11]
 [-3.69056282e+10  3.69056282e+10]
 [-3.31670652e+10  3.31670652e+10]
 [-4.16711255e+10  4.16711255e+10]
 [ 2.22583707e+10 -2.22583706e+10]
 [-5.76189141e+09  5.76189140e+09]
 [-3.62913514e+10  3.62913513e+10]
 [-1.50900618e+10  1.50900618e+10]
 [ 2.74916370e+10 -2.74916370e+10]
 [-7.73123650e+09  7.73123651e+09]
 [ 3.24744687e+10 -3.24744687e+10]
 [-3.03868637e+10  3.03868637e+10]
 [ 2.37047075e+09 -2.37047075e+09]
 [ 1.36764129e+10 -1.36764129e+10]
 [-7.64176366e+10  7.64176366e+10]
 [-4.39490817e+10  4.39490817e+10]
 [ 7.68739603e+10 -7.68739603e+10]
 [ 3.77232195e+10 -3.77232195e+10]
 [-1.29718014e+10  1.29718014e+10]
 [-3.76310339e+09  3.76310338e+09]
 [-1.92052095e+10  1.92052095e+10]
 [-2.93117256e+10  2.93117256e+10]
 [-2.85963586e+10  2.85963586e+10]
 [-6.59315282e+09  6.59315282e+09]
 [ 4.52730665e+10 -4.52730665e+10]
 [ 3.39961915e+10 -3.39961915e+10]
 [-5.90083194e+10  5.90083194e+10]
 [ 7.05850427e+09 -7.05850427e+09]
 [ 4.49996575e+10 -4.49996575e+10]
 [ 5.31608254e+10 -5.31608254e+10]
 [-1.61683295e+10  1.61683295e+10]
 [ 4.01984341e+10 -4.01984341e+10]
 [-7.50357543e+09  7.50357543e+09]
 [-4.19323705e+10  4.19323705e+10]
 [-4.55597337e+10  4.55597337e+10]
 [-7.08348239e+09  7.08348240e+09]
 [-6.59862333e+10  6.59862333e+10]
 [-2.27492379e+10  2.27492379e+10]
 [ 3.31429709e+10 -3.31429709e+10]
 [-2.91049152e+10  2.91049151e+10]
 [ 4.27226245e+10 -4.27226245e+10]
 [ 1.80783569e+10 -1.80783569e+10]
 [ 6.79684362e+08 -6.79684358e+08]
 [-2.41290196e+10  2.41290196e+10]
 [ 8.86244041e+09 -8.86244041e+09]
 [-1.17768782e+10  1.17768782e+10]
 [ 9.76880737e+10 -9.76880737e+10]
 [-5.69600921e+09  5.69600921e+09]
 [-3.30236915e+10  3.30236915e+10]
 [ 3.83714607e+10 -3.83714607e+10]
 [ 9.59958183e+10 -9.59958183e+10]
 [-1.55029614e+10  1.55029614e+10]
 [ 6.72188801e+10 -6.72188801e+10]
 [ 7.03245967e+10 -7.03245967e+10]
 [-8.30853199e+10  8.30853199e+10]
 [ 2.82682966e+10 -2.82682966e+10]
 [ 1.55872439e+10 -1.55872439e+10]
 [-1.34891686e+09  1.34891687e+09]
 [ 7.34481376e+10 -7.34481376e+10]
 [-2.02838739e+10  2.02838739e+10]
 [-2.53155361e+10  2.53155361e+10]
 [ 1.92055733e+09 -1.92055733e+09]
 [ 4.13126162e+10 -4.13126161e+10]
 [ 6.72122207e+10 -6.72122207e+10]
 [ 5.75785861e+10 -5.75785862e+10]
 [ 4.27159845e+09 -4.27159845e+09]
 [-4.18960303e+10  4.18960303e+10]
 [ 3.98656709e+10 -3.98656709e+10]
 [ 3.78013699e+10 -3.78013699e+10]
 [ 5.44878311e+09 -5.44878311e+09]
 [ 3.95205487e+10 -3.95205487e+10]
 [-3.08781347e+09  3.08781346e+09]
 [ 2.80045210e+09 -2.80045210e+09]
 [-6.93286100e+10  6.93286100e+10]
 [-3.15240888e+10  3.15240888e+10]
 [ 9.85118739e+09 -9.85118739e+09]
 [ 1.26292860e+11 -1.26292860e+11]
 [-1.82763435e+10  1.82763435e+10]
 [-6.00397311e+10  6.00397311e+10]
 [-8.94833069e+10  8.94833068e+10]
 [ 8.28700256e+10 -8.28700256e+10]
 [ 3.22522167e+10 -3.22522167e+10]
 [ 8.68225777e+09 -8.68225777e+09]
 [-2.40023976e+10  2.40023976e+10]
 [-4.83012137e+09  4.83012137e+09]
 [ 5.54795365e+10 -5.54795365e+10]
 [ 2.84926289e+10 -2.84926289e+10]
 [ 6.06216795e+10 -6.06216794e+10]
 [-3.93689341e+10  3.93689341e+10]
 [-2.09307142e+10  2.09307142e+10]
 [-2.51092671e+09  2.51092671e+09]
 [-7.93316677e+10  7.93316677e+10]
 [ 3.73381258e+10 -3.73381258e+10]
 [-1.31401243e+10  1.31401243e+10]
 [-4.85766762e+09  4.85766763e+09]
 [-2.97109211e+10  2.97109211e+10]
 [ 8.92761184e+10 -8.92761184e+10]
 [ 3.03892526e+10 -3.03892526e+10]
 [ 2.13438736e+09 -2.13438736e+09]
 [-1.23140666e+10  1.23140666e+10]
 [-3.29773668e+10  3.29773668e+10]
 [-2.59210002e+09  2.59210001e+09]
 [ 1.78764704e+09 -1.78764704e+09]
 [ 2.25224266e+09 -2.25224265e+09]
 [-3.47213437e+10  3.47213437e+10]
 [ 3.89908839e+10 -3.89908839e+10]
 [ 3.85613484e+08 -3.85613494e+08]
 [ 2.56689368e+10 -2.56689368e+10]
 [-6.22707371e+10  6.22707371e+10]
 [-6.59211504e+09  6.59211503e+09]
 [ 1.52385191e+11 -1.52385191e+11]
 [ 6.80941392e+10 -6.80941392e+10]
 [ 3.28552264e+10 -3.28552264e+10]
 [-1.01821904e+10  1.01821904e+10]
 [ 9.79300208e+10 -9.79300208e+10]
 [ 4.20847222e+10 -4.20847222e+10]
 [-6.10818208e+10  6.10818208e+10]
 [ 4.97431448e+10 -4.97431448e+10]
 [ 1.90745987e+10 -1.90745987e+10]
 [-5.85099987e+10  5.85099987e+10]
 [-1.41718759e+11  1.41718759e+11]
 [ 8.39963388e+09 -8.39963388e+09]
 [-2.06270860e+10  2.06270860e+10]
 [-8.37486444e+10  8.37486444e+10]
 [-1.34975514e+10  1.34975514e+10]
 [-2.60173946e+10  2.60173946e+10]
 [ 6.43882164e+09 -6.43882164e+09]
 [-1.20377269e+10  1.20377269e+10]
 [-7.02716254e+10  7.02716254e+10]
 [ 5.58630188e+10 -5.58630188e+10]
 [ 1.10358874e+10 -1.10358874e+10]
 [ 5.63137009e+10 -5.63137009e+10]
 [ 1.32039223e+10 -1.32039223e+10]
 [ 5.22182103e+10 -5.22182103e+10]
 [-9.28199040e+09  9.28199039e+09]
 [-2.12643278e+10  2.12643278e+10]
 [-1.18992423e+09  1.18992424e+09]
 [-1.22729199e+10  1.22729199e+10]
 [ 3.81828948e+09 -3.81828949e+09]
 [-2.60993230e+10  2.60993230e+10]
 [ 1.02593160e+11 -1.02593160e+11]
 [ 1.27095406e+09 -1.27095407e+09]
 [-7.92011095e+09  7.92011095e+09]
 [-2.01861554e+10  2.01861554e+10]
 [-1.41389002e+10  1.41389002e+10]
 [ 6.00357744e+10 -6.00357744e+10]
 [-6.37598407e+10  6.37598407e+10]
 [-2.90490602e+09  2.90490602e+09]
 [ 2.65562793e+10 -2.65562793e+10]
 [-2.47412510e+10  2.47412510e+10]
 [ 1.01045627e+09 -1.01045626e+09]
 [-4.13926460e+07  4.13926522e+07]
 [ 1.62619099e+10 -1.62619099e+10]
 [ 6.80784581e+09 -6.80784582e+09]
 [-4.76854632e+10  4.76854632e+10]
 [ 7.77131964e+10 -7.77131964e+10]
 [-1.20938437e+11  1.20938437e+11]
 [-1.13968053e+10  1.13968053e+10]
 [ 4.70688578e+10 -4.70688578e+10]
 [-2.07644933e+10  2.07644933e+10]
 [ 1.20119608e+11 -1.20119608e+11]
 [ 1.41415295e+11 -1.41415295e+11]
 [ 1.16853558e+11 -1.16853558e+11]
 [-3.77103346e+09  3.77103346e+09]
 [ 1.94780552e+10 -1.94780552e+10]
 [ 4.30355080e+10 -4.30355080e+10]
 [ 5.27765320e+09 -5.27765320e+09]
 [-2.29608060e+10  2.29608060e+10]
 [-5.12604554e+10  5.12604554e+10]
 [-5.56651662e+09  5.56651662e+09]
 [ 3.21467758e+09 -3.21467759e+09]
 [ 3.88405739e+08 -3.88405744e+08]
 [-2.23154740e+10  2.23154740e+10]
 [-1.05718784e+11  1.05718784e+11]
 [ 3.80813651e+10 -3.80813651e+10]
 [ 3.93769109e+10 -3.93769109e+10]
 [-1.22166863e+10  1.22166863e+10]
 [-1.68330573e+10  1.68330573e+10]
 [-5.05160912e+10  5.05160912e+10]
 [-5.97278704e+09  5.97278704e+09]
 [ 6.30856470e+09 -6.30856469e+09]
 [-2.91764798e+09  2.91764798e+09]
 [-1.96583843e+10  1.96583843e+10]
 [-5.81661424e+10  5.81661424e+10]
 [ 2.82371287e+10 -2.82371287e+10]
 [ 3.21411724e+10 -3.21411724e+10]
 [ 2.15250842e+10 -2.15250842e+10]
 [ 2.02835319e+10 -2.02835319e+10]
 [ 4.28395776e+10 -4.28395776e+10]
 [ 3.77962196e+10 -3.77962196e+10]
 [ 1.48800023e+10 -1.48800023e+10]
 [-1.86099283e+10  1.86099284e+10]
 [-3.07076380e+10  3.07076380e+10]
 [ 1.63604350e+10 -1.63604350e+10]
 [ 1.19547752e+10 -1.19547752e+10]
 [ 3.14586880e+10 -3.14586880e+10]
 [ 1.31329697e+09 -1.31329696e+09]
 [ 4.57039242e+09 -4.57039242e+09]
 [ 5.76130671e+10 -5.76130671e+10]
 [-4.13898501e+10  4.13898501e+10]
 [-7.38635263e+10  7.38635263e+10]
 [-1.70012939e+10  1.70012939e+10]
 [ 1.06242070e+11 -1.06242070e+11]
 [-2.18403158e+10  2.18403158e+10]
 [-9.87565555e+10  9.87565555e+10]
 [-2.61012176e+10  2.61012176e+10]
 [-6.25348532e+10  6.25348532e+10]
 [-1.51095434e+10  1.51095434e+10]
 [-3.49081097e+10  3.49081097e+10]
 [-3.52803813e+09  3.52803813e+09]
 [ 9.47287061e+09 -9.47287060e+09]
 [-4.68444168e+10  4.68444167e+10]
 [ 4.79476954e+10 -4.79476954e+10]
 [-3.84820023e+10  3.84820023e+10]
 [ 1.07689040e+11 -1.07689040e+11]
 [ 4.60372405e+09 -4.60372404e+09]
 [-8.83976808e+09  8.83976808e+09]
 [ 1.02635066e+10 -1.02635066e+10]
 [-8.45473665e+10  8.45473665e+10]
 [ 8.52534276e+07 -8.52534258e+07]
 [ 2.11668128e+10 -2.11668128e+10]
 [ 1.16547009e+10 -1.16547009e+10]
 [ 9.63832932e+09 -9.63832932e+09]
 [ 4.48538741e+09 -4.48538741e+09]
 [-7.94525720e+10  7.94525720e+10]
 [ 9.28146517e+09 -9.28146516e+09]
 [ 1.63258330e+10 -1.63258330e+10]
 [-1.42310112e+10  1.42310112e+10]
 [-2.77462787e+10  2.77462787e+10]
 [ 9.58914015e+09 -9.58914015e+09]
 [-1.97128504e+10  1.97128504e+10]
 [-6.45045397e+09  6.45045397e+09]
 [ 1.49130953e+10 -1.49130953e+10]
 [ 5.02971423e+10 -5.02971423e+10]
 [-1.09259465e+10  1.09259465e+10]
 [-5.03850710e+10  5.03850710e+10]
 [-1.40854711e+10  1.40854711e+10]
 [-2.38445463e+10  2.38445463e+10]
 [ 1.54205092e+10 -1.54205092e+10]
 [ 3.17013659e+10 -3.17013659e+10]
 [-1.74686941e+10  1.74686941e+10]
 [ 5.90477536e+10 -5.90477536e+10]
 [-6.50277072e+09  6.50277072e+09]
 [-3.31177219e+10  3.31177219e+10]
 [ 6.53789557e+10 -6.53789558e+10]
 [ 1.12987461e+10 -1.12987461e+10]
 [ 8.01191152e+10 -8.01191152e+10]
 [ 2.24627734e+10 -2.24627734e+10]
 [-5.68580028e+10  5.68580028e+10]
 [-2.62499967e+10  2.62499967e+10]
 [ 1.60641401e+10 -1.60641401e+10]
 [-7.17218790e+09  7.17218790e+09]
 [ 4.41480699e+09 -4.41480700e+09]
 [ 1.10829253e+10 -1.10829253e+10]
 [-1.79484745e+10  1.79484745e+10]
 [ 2.55901664e+10 -2.55901664e+10]
 [-5.86695305e+10  5.86695305e+10]
 [ 7.02847260e+10 -7.02847260e+10]
 [ 1.12813022e+11 -1.12813022e+11]
 [-7.22896455e+10  7.22896455e+10]
 [-4.01677929e+09  4.01677928e+09]
 [-3.11201009e+10  3.11201009e+10]
 [-6.13929380e+10  6.13929380e+10]
 [ 9.20797275e+10 -9.20797275e+10]
 [-3.66601220e+10  3.66601220e+10]
 [-6.38116720e+10  6.38116721e+10]
 [ 1.81851867e+10 -1.81851867e+10]
 [-2.14542648e+10  2.14542648e+10]
 [-8.38861784e+08  8.38861788e+08]
 [-3.93248030e+09  3.93248030e+09]
 [-2.46828159e+10  2.46828159e+10]
 [ 5.89216975e+10 -5.89216975e+10]
 [ 8.23515019e+10 -8.23515019e+10]
 [ 4.32242365e+10 -4.32242365e+10]
 [-4.22364323e+10  4.22364323e+10]
 [ 2.20467789e+10 -2.20467789e+10]
 [-1.57237910e+11  1.57237910e+11]
 [-4.13857463e+09  4.13857463e+09]
 [ 3.67565729e+09 -3.67565729e+09]
 [-2.00799095e+10  2.00799095e+10]
 [-8.80645924e+09  8.80645924e+09]
 [ 9.39173031e+10 -9.39173031e+10]
 [-3.30807675e+10  3.30807675e+10]
 [ 1.52967539e+10 -1.52967540e+10]
 [-9.18718522e+10  9.18718522e+10]
 [-2.51002127e+10  2.51002127e+10]
 [-6.43721282e+10  6.43721282e+10]
 [ 7.70783110e+09 -7.70783111e+09]
 [ 2.71072476e+10 -2.71072476e+10]
 [ 2.32692781e+10 -2.32692781e+10]
 [-1.30663561e+11  1.30663561e+11]
 [ 3.81241823e+10 -3.81241823e+10]
 [-4.36156844e+10  4.36156844e+10]
 [-2.57792816e+09  2.57792816e+09]
 [-1.91177285e+10  1.91177285e+10]
 [-8.59378666e+10  8.59378666e+10]
 [ 2.79333365e+10 -2.79333365e+10]
 [-4.03619160e+10  4.03619160e+10]
 [ 1.66925756e+09 -1.66925757e+09]
 [-1.05618001e+10  1.05618001e+10]
 [-2.42759312e+10  2.42759312e+10]
 [-9.41500305e+09  9.41500304e+09]
 [-3.92130247e+10  3.92130247e+10]
 [ 2.82470856e+09 -2.82470856e+09]
 [ 2.42306841e+09 -2.42306841e+09]
 [ 7.02849732e+09 -7.02849730e+09]
 [ 4.14969634e+08 -4.14969631e+08]
 [ 1.45168399e+10 -1.45168399e+10]
 [ 7.28877776e+10 -7.28877776e+10]
 [-3.38662549e+10  3.38662550e+10]
 [ 2.39297973e+08 -2.39297971e+08]
 [-1.89650993e+10  1.89650994e+10]
 [-1.64040237e+10  1.64040237e+10]
 [-6.23412754e+10  6.23412754e+10]
 [ 9.76793135e+09 -9.76793135e+09]
 [-9.01703075e+10  9.01703075e+10]
 [ 1.22033400e+11 -1.22033400e+11]
 [-1.09883906e+10  1.09883906e+10]
 [ 1.40807503e+10 -1.40807503e+10]
 [-3.36444279e+10  3.36444279e+10]
 [-3.44421906e+10  3.44421906e+10]
 [-2.21727183e+10  2.21727183e+10]
 [-2.94229467e+10  2.94229467e+10]
 [ 1.19911667e+10 -1.19911667e+10]
 [ 7.42952863e+09 -7.42952863e+09]
 [-1.91523191e+10  1.91523191e+10]
 [ 4.98295835e+10 -4.98295835e+10]
 [ 1.55525679e+10 -1.55525679e+10]
 [-1.18656017e+11  1.18656017e+11]
 [ 1.83024115e+10 -1.83024115e+10]
 [-3.03963459e+09  3.03963459e+09]
 [-2.32330628e+10  2.32330628e+10]
 [-2.36359089e+10  2.36359089e+10]
 [-2.84979568e+10  2.84979568e+10]
 [-3.23085464e+10  3.23085464e+10]
 [ 6.21001176e+10 -6.21001176e+10]
 [ 5.04222532e+10 -5.04222532e+10]
 [-6.35143744e+10  6.35143744e+10]
 [-1.11032564e+10  1.11032564e+10]
 [-1.14832629e+11  1.14832629e+11]
 [ 1.47285373e+10 -1.47285373e+10]
 [-1.36660247e+10  1.36660247e+10]
 [-8.56405597e+10  8.56405597e+10]
 [ 7.51854402e+10 -7.51854402e+10]
 [ 1.51901485e+10 -1.51901485e+10]
 [-3.70695721e+10  3.70695721e+10]
 [-5.49769283e+09  5.49769283e+09]
 [-5.33269182e+10  5.33269182e+10]
 [ 1.65612270e+10 -1.65612270e+10]
 [ 3.79355843e+10 -3.79355843e+10]
 [ 8.57007084e+09 -8.57007084e+09]
 [ 1.34959516e+10 -1.34959516e+10]
 [-2.68841693e+09  2.68841694e+09]
 [-8.43339580e+09  8.43339580e+09]
 [ 5.51902530e+10 -5.51902530e+10]
 [ 4.01335132e+10 -4.01335132e+10]
 [ 9.81447117e+10 -9.81447117e+10]
 [ 3.37962672e+10 -3.37962672e+10]
 [-1.55445583e+10  1.55445583e+10]
 [-1.77626013e+10  1.77626013e+10]
 [-2.66751264e+10  2.66751264e+10]
 [ 9.04750763e+10 -9.04750763e+10]
 [ 2.53813703e+08 -2.53813705e+08]
 [ 4.29296990e+10 -4.29296990e+10]
 [-7.48319792e+10  7.48319792e+10]
 [-3.11452553e+10  3.11452553e+10]
 [-1.22255844e+11  1.22255844e+11]
 [ 2.97096287e+10 -2.97096287e+10]
 [ 4.13819146e+10 -4.13819146e+10]
 [ 1.93014534e+11 -1.93014534e+11]
 [ 4.35269375e+10 -4.35269375e+10]
 [-2.21275466e+10  2.21275466e+10]
 [ 2.16348245e+10 -2.16348245e+10]
 [ 3.82728044e+10 -3.82728044e+10]
 [-3.56313363e+10  3.56313363e+10]
 [-4.73579121e+10  4.73579121e+10]
 [-1.61742507e+10  1.61742507e+10]
 [-8.83200234e+09  8.83200234e+09]
 [ 4.66855262e+09 -4.66855263e+09]
 [-3.73860373e+10  3.73860373e+10]
 [-4.69363987e+10  4.69363987e+10]
 [ 2.18427341e+10 -2.18427341e+10]
 [-6.92937549e+10  6.92937549e+10]
 [ 1.48798678e+10 -1.48798678e+10]
 [-2.87044496e+10  2.87044496e+10]
 [ 4.57382125e+10 -4.57382125e+10]
 [ 4.11706685e+09 -4.11706685e+09]
 [ 4.03581415e+10 -4.03581415e+10]
 [-1.71472687e+10  1.71472687e+10]
 [ 1.61974964e+10 -1.61974965e+10]
 [-1.18626583e+10  1.18626583e+10]
 [ 2.92258191e+10 -2.92258191e+10]
 [ 4.90523071e+10 -4.90523071e+10]
 [ 4.63109518e+10 -4.63109518e+10]
 [-8.26093296e+10  8.26093296e+10]
 [-1.00475174e+10  1.00475174e+10]]