[[ 0.00233925  0.0023596   0.00235389  0.00235241  0.00234342  0.00238143
   0.00239301  0.00238011  0.00235782  0.00235002  0.00234078  0.00236565
   0.00235865  0.00238318  0.00237306  0.00237585  0.00234274  0.00237618
   0.00236908  0.00239916  0.00235447  0.00238942  0.00235232  0.00234288
   0.00233212  0.00237185  0.00234912  0.00233031  0.00236467  0.00233741
   0.00234209  0.00233298  0.00238164  0.00233433  0.00238498  0.00232814
   0.00237183  0.00235283  0.002353    0.00236091  0.00236215  0.00238149
   0.0023679   0.0023557   0.00237     0.00236824  0.00234165  0.00234426
   0.00233689  0.00233773  0.0023345   0.00234288  0.00236902  0.00237389
   0.00235206  0.0023527   0.00238541  0.00233696  0.00233603  0.00235667
   0.00233715  0.00237077  0.00238386  0.00233352  0.00237992  0.00232922
   0.00236705  0.00235054  0.00235661  0.00238809  0.00235885  0.0023689
   0.00236395  0.00234302  0.00235132  0.00234304  0.00234329  0.00234505
   0.00237178  0.00233284  0.00235231  0.00235953  0.00233365  0.00235166
   0.00234431  0.00233741  0.00237595  0.00238473  0.00236131  0.00237493
   0.00238486  0.00233954  0.00234253  0.00237063  0.00235393  0.00233268
   0.00234965  0.00232901  0.00234016  0.002334  ]
 [ 0.00364869  0.00369257  0.0036636   0.00368069  0.00364855  0.00372929
   0.00372242  0.00371778  0.00366422  0.00365808  0.00363583  0.0036972
   0.00369492  0.00373409  0.00369786  0.00370929  0.00362775  0.00370108
   0.00368071  0.0037262   0.00364906  0.00372809  0.00366899  0.00363887
   0.00362664  0.00369263  0.00363292  0.00364643  0.00367932  0.00364554
   0.00363703  0.00363168  0.00369762  0.00363191  0.00371449  0.00362567
   0.0036834   0.00365257  0.00365881  0.00369383  0.00369028  0.00370594
   0.00371109  0.00368031  0.00370462  0.00368957  0.00363145  0.00366599
   0.00362586  0.00363011  0.00363471  0.00363868  0.00367996  0.00368602
   0.00368588  0.00366105  0.00370631  0.0036423   0.0036504   0.00365893
   0.00364381  0.003711    0.00371539  0.00362478  0.0037061   0.00363443
   0.00370086  0.00367592  0.00367248  0.0037166   0.0036701   0.00370616
   0.00368452  0.00364113  0.0036709   0.00363368  0.00365638  0.00366052
   0.00372091  0.00362012  0.00365331  0.00367369  0.0036245   0.00365212
   0.00365862  0.00364727  0.00370235  0.00371339  0.00367591  0.00370259
   0.00371716  0.00361554  0.00364302  0.00367981  0.00367181  0.00363123
   0.00367713  0.00362036  0.00364539  0.0036393 ]
 [ 0.03025188  0.03057775  0.0304432   0.03050873  0.03023617  0.03089277
   0.03098927  0.03092649  0.03045564  0.0304285   0.03022663  0.03062337
   0.0306495   0.03090677  0.03064398  0.03082431  0.03018601  0.0306927
   0.0306052   0.03097132  0.03032401  0.03101238  0.03037348  0.0302589
   0.03006103  0.03062096  0.03021681  0.03019275  0.03057692  0.03023009
   0.03018656  0.03015221  0.03078091  0.03010546  0.03090002  0.03005465
   0.03062347  0.03038572  0.03031426  0.03066719  0.0306509   0.03081755
   0.0307403   0.03049206  0.03067532  0.03063155  0.03008048  0.03038093
   0.03007653  0.03017688  0.03023009  0.0302782   0.03056234  0.0306804
   0.03051469  0.03044764  0.03083692  0.03023163  0.03022785  0.030366
   0.03020922  0.03074402  0.03077827  0.03011526  0.03077647  0.03009042
   0.03077198  0.03045583  0.0304655   0.03084134  0.03050198  0.03076851
   0.03062241  0.03024367  0.03043637  0.03017699  0.03031907  0.0303823
   0.03082892  0.030074    0.03037638  0.03057487  0.03011463  0.03024754
   0.03029949  0.03024533  0.03070027  0.03077873  0.03048287  0.03069695
   0.03090901  0.03008803  0.03032655  0.03060166  0.0305204   0.03019843
   0.03045116  0.03010245  0.03029371  0.03020344]
 [-0.02228832  0.00122425 -0.00937164 -0.00387157 -0.02196261  0.02280056
   0.02922435  0.02506612 -0.00791386 -0.00914842 -0.02278509  0.00313535
   0.00582257  0.02376774  0.00572501  0.01717551 -0.02687696  0.00788053
   0.00170213  0.02794106 -0.01696826  0.02970235 -0.01338454 -0.02088554
  -0.03423868  0.00285568 -0.02467457 -0.02613782  0.00027797 -0.0226519
  -0.02598689 -0.02790625  0.01480469 -0.03124686  0.02198221 -0.0344095
   0.00414236 -0.01327319 -0.01805037  0.00713928  0.00566088  0.01635035
   0.01227814 -0.00584494  0.00789835  0.00485132 -0.0341855  -0.01239934
  -0.03446784 -0.02632498 -0.02388521 -0.02062608 -0.00099258  0.00795219
  -0.00349908 -0.00818908  0.01869674 -0.02228677 -0.0225472  -0.01414365
  -0.02410467  0.01165116  0.0148903  -0.03033601  0.01362404 -0.03188428
   0.01414344 -0.00708131 -0.00778606  0.01914773 -0.00471344  0.01420824
   0.00419212 -0.02297788 -0.00837055 -0.02755045 -0.0163301  -0.01234886
   0.01832746 -0.03464088 -0.0126315   0.00079201 -0.03045378 -0.02232576
  -0.01764733 -0.02156857  0.00843755  0.0148981  -0.00525274  0.00805982
   0.02266382 -0.03358718 -0.01730751  0.00153648 -0.00308036 -0.02604902
  -0.00855551 -0.03264453 -0.01827905 -0.02430012]]