[[ 9.77980768e+00  2.14374280e+02 -2.24150432e+02]
 [-1.50061705e+02 -2.71099790e+02  4.21164483e+02]
 [ 1.51363693e+01 -4.30675628e+01  2.79333154e+01]
 [ 3.30043594e+01  2.15389049e+01 -5.45387971e+01]
 [ 2.25411579e+01  1.76847020e+01 -4.02193744e+01]
 [-1.95520007e+01  1.63261020e+02 -1.43702138e+02]
 [ 7.19127381e-01  8.16280672e+00 -8.87560047e+00]
 [ 5.73771183e+01  1.28213179e+02 -1.85586391e+02]
 [ 2.23711400e+01  2.59602252e+02 -2.81968225e+02]
 [-1.24676043e+02  3.97712344e-01  1.24286345e+02]
 [ 8.69596567e+01  4.47390400e+02 -5.34346964e+02]
 [-1.46551552e+02 -1.73181199e+02  3.19742699e+02]
 [-3.41655459e+01 -9.31899771e+01  1.27361196e+02]
 [ 1.62085605e+01  2.83246410e+02 -2.99449826e+02]
 [-2.76043876e+02 -2.58441001e+02  5.34489930e+02]
 [-2.98055237e+02 -2.19932414e+00  3.00256025e+02]
 [ 3.65464084e+01 -1.25046156e+02  8.85030644e+01]
 [-9.66220495e+01  3.13550366e+02 -2.16924180e+02]
 [-1.04239876e+02  4.56626948e+01  5.85794601e+01]
 [-8.63764263e+01 -1.49128380e+02  2.35508258e+02]
 [ 3.08895136e+01  3.05953242e+02 -3.36837850e+02]
 [-8.84442265e+00 -6.68163476e+00  1.55316296e+01]
 [-2.11706524e+02 -2.09622672e+02  4.21333317e+02]
 [ 3.66863385e+01 -3.80649537e+01  1.38627922e+00]
 [ 1.15451925e+01  2.97895504e+01 -4.13282282e+01]
 [-2.91473246e+01  7.65416908e+01 -4.73910329e+01]
 [-2.25921735e+02  7.52717543e+02 -5.26786470e+02]
 [-1.63013557e+01 -1.71304596e+01  3.34372821e+01]
 [-8.66485378e+01 -1.53191037e+02  2.39845018e+02]
 [-9.48716969e+01  1.37737348e+02 -4.28649049e+01]
 [-3.73209087e+01 -2.45305168e+01  6.18595492e+01]
 [ 6.64128283e+01  2.44219801e+02 -3.10630613e+02]
 [-1.29565141e+02 -1.21900976e+02  2.51472332e+02]
 [ 1.52406718e+02 -1.78737994e+01 -1.34527846e+02]
 [ 1.68128516e+01 -3.42780976e+01  1.74699759e+01]
 [ 6.03963247e+01  9.35881458e+01 -1.53977696e+02]
 [ 1.59375014e+02  2.45204616e+02 -4.04570984e+02]
 [ 2.02668800e+01  1.85687601e+02 -2.05955492e+02]
 [ 2.38796061e+02 -1.16442139e+02 -1.22351330e+02]
 [-1.11284088e+02 -3.60393569e+02  4.71684715e+02]
 [-3.44972934e+02 -3.41413545e+02  6.86388126e+02]
 [ 1.95827251e+02  4.38937973e+01 -2.39716704e+02]
 [ 5.86965079e+01 -2.72647733e+02  2.13956528e+02]
 [ 6.27502919e+01  1.22868691e+02 -1.85612897e+02]
 [ 4.97475000e+01  6.21101111e+01 -1.11852758e+02]
 [-5.75476849e+01  1.51186930e+02 -9.36354112e+01]
 [ 1.92941824e+02 -1.12764376e+02 -8.01714616e+01]
 [-1.42080603e+02 -1.47850947e+01  1.56872780e+02]
 [-2.88125957e+01 -2.36409840e+01  5.24566141e+01]
 [-1.41114784e+02 -8.17552228e+01  2.22874093e+02]
 [ 8.98471606e+01  2.44090720e+01 -1.14255767e+02]
 [-1.00258532e+02  5.38817597e+01  4.63820703e+01]
 [-1.13991328e+02  1.33143550e+02 -1.91463536e+01]
 [ 1.17813410e+01  6.96715007e+01 -8.14471440e+01]
 [-3.09869417e+01 -7.33804714e+01  1.04369210e+02]
 [ 2.84263574e+02  2.81993875e+02 -5.66250762e+02]
 [-1.60498226e+01  1.02643479e+02 -8.65906038e+01]
 [ 3.85216061e+01  7.02296332e+01 -1.08746221e+02]
 [-4.03308052e+00  2.29905154e+02 -2.25866809e+02]
 [-3.99150311e+02 -4.43522568e+01  4.43501512e+02]
 [ 5.96375342e+01 -3.31698566e+02  2.72064610e+02]
 [-1.20226327e+02 -1.98020481e+02  3.18249665e+02]
 [ 6.43714607e+01 -8.85962467e+01  2.42328785e+01]
 [ 2.66384583e+00 -1.94499764e+02  1.91842079e+02]
 [-7.46407778e+01 -3.14955242e+01  1.06140662e+02]
 [ 4.41273137e+01  2.37900595e+02 -2.82023538e+02]
 [-5.23706776e+01  4.28027396e+01  9.57575127e+00]
 [ 1.93476579e+02  1.57104191e+02 -3.50574144e+02]
 [ 8.05599118e+01  4.62476589e+01 -1.26802253e+02]
 [-2.00620330e+01  2.47125543e+01 -4.64382681e+00]
 [ 4.96715492e+01  2.16339581e+02 -2.66004071e+02]
 [-2.38747893e+02 -2.73907574e+01  2.66143672e+02]
 [-1.93548079e+02 -2.00157463e+02  3.93710158e+02]
 [ 4.04225071e+01 -3.01579377e+02  2.61160345e+02]
 [ 1.01676851e+02  1.08265115e+02 -2.09934558e+02]
 [-5.52144886e+01 -4.60751624e+01  1.01293392e+02]
 [-4.49500903e+01 -2.96887286e+02  3.41843773e+02]
 [ 1.90513257e+02  9.27840471e+00 -1.99786165e+02]
 [ 7.44508991e+01  1.47377004e+02 -2.21823833e+02]
 [ 1.05870176e+02  1.74286625e+02 -2.80151223e+02]
 [-9.76973514e+00  1.01483814e+02 -9.17118028e+01]
 [-5.05079792e+00 -1.14426194e+01  1.64965221e+01]
 [ 8.39047882e+01  2.32334125e+02 -3.16233786e+02]
 [ 5.63259938e+01 -2.70287181e+02  2.13967566e+02]
 [ 4.60152142e+01 -8.13414784e+01  3.53322809e+01]
 [ 2.84499118e+01  1.02250709e+02 -1.30695947e+02]
 [ 5.88162809e+01 -9.04853172e+01  3.16739982e+01]
 [ 1.84810945e+02  1.44462616e+02 -3.29268723e+02]
 [-5.85990147e+01 -4.84796315e+01  1.07082544e+02]
 [ 8.53400214e+01 -2.26706531e+01 -6.26684035e+01]
 [-2.24946944e+02  3.34889067e+02 -1.09936837e+02]
 [-1.00562204e+02  8.74684776e+01  1.30966495e+01]
 [ 7.16422526e+01  2.10249655e+02 -2.81883371e+02]
 [ 2.72466261e+00  8.45922067e+01 -8.73110731e+01]
 [ 1.21772405e+02  5.46618692e+01 -1.76426832e+02]
 [ 6.86423456e+00  3.07431247e+01 -3.75989788e+01]
 [-1.09104698e+02 -9.36966139e+01  2.02803753e+02]
 [ 9.37899183e+01 -2.17558157e+02  1.23771220e+02]
 [ 3.54301981e+01  1.67681731e+02 -2.03105788e+02]
 [ 9.35041020e+01 -2.13379939e+01 -7.21588294e+01]
 [-8.92618865e+00 -9.98109669e+01  1.08739456e+02]
 [ 3.33156521e+02 -2.44380603e+02 -8.87734394e+01]
 [-5.31994973e+01 -1.30066244e+02  1.83270600e+02]
 [-1.85378445e+02 -2.35490118e+02  4.20876261e+02]
 [-1.33543622e+02 -6.42307323e+01  1.97781634e+02]
 [-5.24457129e+01 -3.44863069e+01  8.69352680e+01]
 [ 3.34678262e+02 -7.48829524e+02  4.14150508e+02]
 [ 9.19850276e+01  2.67272898e+02 -3.59250875e+02]
 [ 2.77565294e+02  1.55194415e+00 -2.79112531e+02]
 [ 4.24099128e+01  1.14419939e+02 -1.56823965e+02]
 [-3.41164517e+01  1.18730199e+02 -8.46072253e+01]
 [-7.60571637e+01  6.12184388e+01  1.48450758e+01]
 [ 3.39105670e+01  1.30106026e+02 -1.64013455e+02]
 [-1.92840884e+02 -1.34610880e+02  3.27453750e+02]
 [ 1.99777755e+01 -8.07200814e+01  6.07449448e+01]
 [-1.39696373e+02  6.42261334e+01  7.54766892e+01]
 [ 7.31428205e+01 -2.03857932e+02  1.30717642e+02]
 [-1.17220583e+02  7.66076575e+01  4.06204118e+01]
 [-4.23369276e+01  8.30645181e+01 -4.07222993e+01]
 [-1.61824071e+02  1.50750616e+02  1.10793775e+01]
 [ 9.59919445e+01  8.12920511e+01 -1.77277282e+02]
 [-2.18064603e+02 -2.00427469e+02  4.18496150e+02]
 [-8.62326016e+01  2.66779731e+02 -1.80540694e+02]
 [ 1.28914763e+02 -6.63956753e+01 -6.25182926e+01]
 [-5.31484866e+00 -1.83678331e+01  2.36875465e+01]
 [ 2.07133039e+01 -2.81279599e+01  7.41995725e+00]
 [-2.38875662e+01  1.64542679e+02 -1.40649369e+02]
 [ 8.89541183e+01  3.52786228e+01 -1.24226490e+02]
 [ 9.45425518e+01  1.21017799e+02 -2.15556194e+02]
 [-2.82341243e+02  2.68395337e+02  1.39511214e+01]
 [-1.40053911e+02  1.73215716e+00  1.38327480e+02]
 [ 2.03101641e+01  1.77826436e+02 -1.98132233e+02]
 [ 2.01407309e+02  2.82044260e+02 -4.83443988e+02]
 [-2.10112300e+01  9.01244671e+01 -6.91067435e+01]
 [ 3.45257494e+01  1.22923223e+01 -4.68119656e+01]
 [-1.64501629e+01  4.29378741e+01 -2.64820947e+01]
 [-2.23928578e+01  1.40196881e+02 -1.17803853e+02]
 [-9.04746678e+01  6.32660348e+02 -5.42177507e+02]
 [-2.55873893e+01 -5.98572054e+01  8.54496426e+01]
 [ 1.20674992e+01 -1.26494600e+02  1.14431204e+02]
 [ 1.78382778e+02  3.56115795e+02 -5.34492523e+02]
 [-5.14489769e+01 -1.84957441e+02  2.36410778e+02]
 [-1.87739235e+02 -2.40135759e+02  4.27883385e+02]
 [-8.73368535e+01 -5.72919160e+01  1.44633332e+02]
 [ 4.57201428e+01 -2.39193199e+01 -2.17957058e+01]
 [ 9.21794331e+01 -8.77383649e+01 -4.43736072e+00]
 [-3.84043366e+01 -8.62504056e+01  1.24660172e+02]
 [ 1.33272459e+02  2.39214059e+01 -1.57187832e+02]
 [-8.90722689e+01  6.78645565e+01  2.12133700e+01]
 [ 1.48113708e+02  7.09002415e+01 -2.19007161e+02]
 [ 1.29220603e+02  2.14068177e+02 -3.43278768e+02]
 [-1.18879299e+02  1.11703290e+02  7.18141864e+00]
 [ 1.91455702e+02  2.38013428e+02 -4.29465382e+02]
 [ 1.03016282e+02  5.62438017e+01 -1.59249484e+02]
 [-7.71475234e+01 -4.81923332e+02  5.59075317e+02]
 [ 8.77804379e+01  1.48951436e+02 -2.36727941e+02]
 [-2.02450198e+01  2.00747792e+00  1.82463983e+01]
 [-8.40801041e+01 -2.16469811e+02  3.00552661e+02]
 [-1.30820745e+02 -1.29128780e+02  2.59954970e+02]
 [-5.77527306e+00 -1.02980173e+02  1.08764061e+02]
 [-4.36569942e+01 -8.05785808e+01  1.24240890e+02]
 [-1.00026459e+01  1.82818327e+02 -1.72808634e+02]
 [-8.73305549e+01 -7.54905454e+00  9.48843202e+01]
 [ 9.70772641e+01 -2.30933414e+02  1.33862108e+02]
 [ 1.29834493e+01 -8.59508614e+01  7.29718641e+01]
 [-1.53456432e+02 -2.50196816e+02  4.03661779e+02]
 [ 1.47081301e+01 -2.14663063e+02  1.99960189e+02]
 [ 1.22108583e+02  2.42273039e+02 -3.64376284e+02]
 [-1.32722780e+02 -1.74857919e+02  3.07583955e+02]
 [-3.66158759e+02  9.73648771e+02 -6.07480867e+02]
 [ 3.96320329e+02 -4.12652437e+02  1.63380293e+01]
 [-2.66366418e+02 -2.35821088e+01  2.89951930e+02]
 [ 4.29560685e+01  1.16579150e+02 -1.59528527e+02]
 [-1.99905705e+01 -1.64602478e+02  1.84599369e+02]
 [ 2.98418269e+01  2.91596132e+01 -5.89981722e+01]
 [-4.79177269e+00  9.56992256e+01 -9.09001518e+01]
 [ 5.28149614e+01  2.10529402e+02 -2.63342634e+02]
 [ 1.88141299e+01  5.74547467e+01 -7.62628332e+01]
 [ 5.19279410e+01  8.15330068e+01 -1.33456937e+02]
 [-2.45116382e+02 -7.31508411e+01  3.18271873e+02]
 [ 3.00612701e+00  4.18425661e+01 -4.48440409e+01]
 [ 5.59023549e+01  2.24554652e+02 -2.80450497e+02]
 [ 1.07147332e+02 -7.32608569e+01 -3.38824504e+01]
 [-5.46170748e+00 -1.73798656e+02  1.79266404e+02]
 [-1.19336913e+02 -1.24441838e+02  2.43784872e+02]
 [-9.61875768e+01 -6.79773409e+00  1.02987648e+02]
 [-3.87510032e+01  5.55560644e+01 -1.67994223e+01]
 [-6.46372256e+01  2.90216225e+02 -2.25574999e+02]
 [ 1.07641745e+01  3.71205921e+01 -4.78771537e+01]
 [ 1.56221072e+01 -6.31407361e+01  4.75225231e+01]
 [-2.41563013e+02  8.60186460e+01  1.55546643e+02]
 [ 1.62923131e+02  3.97993105e+01 -2.02719355e+02]
 [-1.33260185e+02 -2.21612398e+02  3.54881296e+02]
 [-7.96584329e+01  3.05031060e+01  4.91571632e+01]
 [-5.85268889e+01  7.12509803e+01 -1.27177478e+01]
 [ 1.40676811e+01 -7.90334386e+01  6.49702509e+01]
 [-1.03881140e+02 -1.47009849e+02  2.50895360e+02]
 [-2.01208076e+01  2.03493212e+02 -1.83365916e+02]
 [ 5.42373845e+01  4.90732888e+01 -1.03306457e+02]
 [ 4.88649532e+01  3.34273650e+01 -8.22873663e+01]
 [-1.02204752e+02  7.28847026e+01  2.93240597e+01]
 [-3.72131634e+00  3.09449561e+02 -3.05723675e+02]
 [ 5.90539000e+02 -4.79446785e+02 -1.11088445e+02]
 [-1.45277514e+02  9.06246466e+01  5.46567129e+01]
 [ 1.20504778e+02 -1.21246852e+02  7.45029387e-01]
 [-7.86206262e+00  5.61930916e+01 -4.83241265e+01]
 [-2.88224150e+01 -3.03737750e+00  3.18667012e+01]
 [-3.51653585e+02 -3.66930536e+02  7.18583708e+02]
 [ 8.10289833e+01 -2.30973485e+02  1.49953160e+02]
 [ 2.24519753e+01 -5.96844438e+01  3.72381030e+01]
 [ 4.17290040e+02  1.47011954e+02 -5.64296377e+02]
 [ 9.53752085e+01 -1.56779025e+01 -7.96905073e+01]
 [ 5.33166056e+01  1.06321437e+02 -1.59631105e+02]
 [ 1.49392943e+01  4.23250265e+02 -4.38183084e+02]
 [ 6.58978597e+01  1.70435878e+02 -2.36325813e+02]
 [-9.94419786e+01  3.63886250e+01  6.30588556e+01]
 [ 1.54187450e+01  2.98790230e+01 -4.52917786e+01]
 [-3.17358658e+01  2.76449783e+02 -2.44708636e+02]
 [-9.83507822e+01 -2.44100625e+02  3.42454595e+02]
 [-7.43098228e+01  5.79734730e+01  1.63435325e+01]
 [-2.59154151e+02  3.73514373e+02 -1.14352959e+02]
 [-7.61361340e+01 -5.16080156e+01  1.27746181e+02]
 [ 9.82427709e+01 -2.78712066e+02  1.80475773e+02]
 [-2.34383981e+01  3.24894433e+02 -3.01447961e+02]
 [-1.39242464e+01  1.46552528e+02 -1.32622589e+02]
 [-2.23029136e+02  4.82979600e+01  1.74736898e+02]
 [-2.67016125e+02 -2.61053287e+02  5.28072550e+02]
 [ 3.25949547e+01 -3.31035993e+02  2.98448133e+02]
 [ 2.36397893e+02  1.47073494e+02 -3.83468701e+02]
 [-1.49428758e+02 -5.40649101e+02  6.90086355e+02]
 [-5.78026678e+01 -9.32231441e+01  1.51031760e+02]
 [ 3.19910410e+01  8.64355130e+01 -1.18420290e+02]
 [-4.12507883e+01 -1.01777390e+02  1.43032838e+02]
 [-1.73162074e+01 -1.63412513e+02  1.80733434e+02]
 [ 1.34203658e+02 -3.36252313e+02  2.02057011e+02]
 [-9.01273018e+01 -2.95718774e+02  3.85850469e+02]
 [-9.35378136e+01 -1.04288116e+02  1.97827162e+02]
 [-3.29260946e+02 -1.42624321e+02  4.71891096e+02]
 [ 4.62171229e+02 -8.08672594e+01 -3.81303030e+02]
 [-6.85697534e+00  2.40594498e+02 -2.33727953e+02]
 [ 3.46793419e+02  3.29183778e+02 -6.75969532e+02]
 [-2.21522230e+02  1.96918296e+02  2.46107465e+01]
 [ 9.32691782e+01 -1.19480565e+02  2.62160189e+01]
 [-6.13440113e-01 -2.47197885e+02  2.47812406e+02]
 [ 2.66457807e+01  7.73683209e+01 -1.04009310e+02]
 [ 3.98359698e+01 -1.65192905e+01 -2.33113361e+01]
 [ 3.60940535e+02  2.81438665e+02 -6.42373523e+02]
 [-2.60616869e+01 -8.00531799e+01  1.06122865e+02]
 [ 2.48113995e+01 -1.26157927e+00 -2.35449619e+01]
 [ 2.66065945e+02 -2.26070925e+02 -3.99889474e+01]
 [ 5.96529456e+01  2.49585759e+02 -3.09229918e+02]
 [-1.34712471e+02 -1.08133812e+02  2.42850627e+02]
 [ 7.97346852e+00  6.99590608e+01 -7.79264404e+01]
 [ 2.44036874e+02 -9.96424825e+01 -1.44391108e+02]
 [-5.39091560e+01  3.40265080e+01  1.98884027e+01]
 [ 2.51914516e+01 -3.06446979e+00 -2.21208999e+01]
 [-1.73453273e+02 -1.80563839e+02  3.54021322e+02]
 [-2.71191733e+01 -1.55609686e+01  4.26828500e+01]
 [-7.69665156e+01  8.39590891e+01 -6.98516190e+00]
 [ 3.69689639e+01  1.53077165e+02 -1.90040770e+02]
 [-2.83176226e+01 -1.26485521e+02  1.54808790e+02]
 [-1.94764931e+01 -1.25534164e+02  1.45015217e+02]
 [ 2.15530587e+01  1.92407739e+01 -4.07882519e+01]
 [ 1.66760753e+01  7.29366618e+01 -8.96060780e+01]
 [-4.73998132e+01  2.61553792e+01  2.12510952e+01]
 [-2.23065065e+01 -3.11701625e+01  5.34819960e+01]
 [ 1.64963578e+01  8.94028099e+00 -2.54309542e+01]
 [ 1.23531129e+02  1.19280204e+02 -2.42805400e+02]
 [-1.53631015e+02 -1.24015640e+02  2.77651675e+02]
 [ 2.42139098e+01  8.92492661e+01 -1.13457283e+02]
 [ 5.38099213e+02  8.64775338e+02 -1.40286888e+03]
 [-7.27370906e+01 -4.70534867e+00  7.74506300e+01]
 [ 1.76293435e+02 -6.83226070e+01 -1.07965865e+02]
 [ 8.18539355e+01  3.82895469e+01 -1.20137910e+02]
 [ 1.26551094e+02 -4.73014830e+01 -7.92432546e+01]
 [ 4.61982369e+01 -1.79237929e+02  1.33045174e+02]
 [-7.44428184e+01  2.73952062e+02 -1.99508770e+02]
 [ 4.50388184e+01  1.35288230e+02 -1.80322159e+02]
 [ 4.38310699e+01 -2.91635712e+02  2.47804999e+02]
 [-4.49300125e+01 -4.93198166e+01  9.42539886e+01]
 [-1.98904973e+01 -6.65241018e+01  8.64197715e+01]
 [ 2.02629539e+02 -1.67252940e+02 -3.53687774e+01]
 [ 1.47799609e+01 -6.53698958e+02  6.38925804e+02]
 [ 7.18543513e+01  1.99799666e+02 -2.71647002e+02]
 [-7.13969211e+02 -4.44592607e+02  1.15856374e+03]
 [-1.37305782e+02  1.19482161e+02  1.78282783e+01]
 [-1.43240137e+02 -3.47544396e+01  1.78000139e+02]
 [-2.48259534e+02 -2.02999302e+02  4.51260574e+02]
 [ 1.46433533e+02 -1.58917888e+02  1.24856896e+01]
 [-3.47485088e+01 -3.80836385e+01  7.28357774e+01]
 [-2.76437853e+00  1.43276248e+02 -1.40503591e+02]
 [-2.38782824e+02  2.61956788e+02 -2.31697158e+01]
 [-3.46784144e+02 -2.38463613e+02  5.85249246e+02]
 [ 7.76594719e+01 -1.27044520e+01 -6.49476264e+01]
 [ 7.75121342e+00 -6.26587000e+01  5.49128810e+01]
 [-1.45176065e+01  1.24460396e+02 -1.09939100e+02]
 [-8.61541355e+01  4.76973432e+01  3.84641891e+01]
 [-7.21733603e+00  1.52795095e+02 -1.45571390e+02]
 [ 9.13322618e+01  1.21589547e+02 -2.12914531e+02]
 [-1.59723018e+02 -2.56311619e+02  4.16042271e+02]
 [ 1.12862980e+00 -2.22085981e+02  2.20960414e+02]
 [-4.55224676e+01  4.19617638e+01  3.56378004e+00]
 [-5.58850507e+01 -9.84130943e+01  1.54300717e+02]
 [ 1.13116978e+02  1.63219125e+01 -1.29436402e+02]
 [-7.22687673e+01  1.97547439e+02 -1.25272344e+02]
 [-7.31199713e+01  6.03950245e+01  1.27293467e+01]
 [ 4.18933115e+01 -2.06023577e+02  1.64133185e+02]
 [ 2.66677050e+01  1.09022194e+02 -1.35682544e+02]
 [ 6.12656433e+00  3.67677819e+01 -4.28876157e+01]
 [ 1.19023446e+02 -3.59219259e+01 -8.30954269e+01]
 [ 1.15059723e+02  1.30221156e+01 -1.28078240e+02]
 [ 8.33571037e+01 -7.45442169e+01 -8.80842353e+00]
 [-4.63962514e+01 -1.24637202e+02  1.71034888e+02]
 [-4.70412698e+01 -1.56649580e+02  2.03694742e+02]
 [ 6.68736609e+01  5.10134402e+01 -1.17880527e+02]
 [-1.40673401e+02  3.46564557e+02 -2.05884844e+02]
 [ 2.36695722e+01 -8.02333671e+01  5.65684184e+01]
 [-5.01612720e+01 -3.22438885e+01  8.24116952e+01]
 [ 4.06579565e+01 -1.07884536e+02  6.72323148e+01]
 [ 3.39206592e+02 -1.79643282e+02 -1.59555318e+02]
 [ 3.39559295e+02  7.85466130e-01 -3.40350691e+02]
 [-3.67485130e+01 -8.45286423e+01  1.21282092e+02]
 [ 1.16875748e+02 -1.54809368e+02  3.79394848e+01]
 [-2.43766337e+01  8.89137954e+01 -6.45330471e+01]
 [ 2.13318065e+02 -8.16896864e+01 -1.31624332e+02]
 [-6.74186437e+01 -2.89013046e+02  3.56434077e+02]
 [-8.37103998e+01 -1.64709881e+01  1.00184384e+02]
 [-3.74963818e+01  1.30531610e+02 -9.30317074e+01]
 [-5.47373485e+01 -8.61295512e+01  1.40872499e+02]
 [ 2.88041530e+01 -1.97410124e+01 -9.06823131e+00]
 [-1.52991070e+02  1.18214704e+01  1.41173306e+02]
 [ 7.30917325e+00 -1.09684444e+02  1.02377396e+02]
 [-5.38267758e+01 -2.83707812e+02  3.37539390e+02]
 [ 2.42825774e+02  1.64398620e+02 -4.07217594e+02]
 [-5.14024791e+01 -6.12323809e+01  1.12639172e+02]
 [ 1.54672638e+02 -2.43994005e+02  8.93274787e+01]
 [-7.11839850e+01 -5.77977833e+01  1.28984790e+02]
 [ 1.80977937e+02 -4.07075051e+00 -1.76903093e+02]
 [-6.60481386e+01  1.80036436e+02 -1.13984537e+02]
 [-3.40265698e+01  4.68908340e+01 -1.28615680e+01]
 [ 4.89046164e+02 -7.38487749e+01 -4.15193009e+02]
 [ 2.50226520e+02  1.48267350e+02 -3.98490359e+02]
 [ 6.61077805e+01 -4.11218394e+01 -2.49810998e+01]
 [-5.90956084e+00 -1.01406614e+02  1.07321152e+02]
 [-1.67976596e+02 -1.70589477e+02  3.38570723e+02]
 [-2.44210305e+02 -1.42692438e+02  3.86907604e+02]
 [-1.51445714e+01 -5.25947706e+01  6.77436533e+01]
 [ 1.24108462e+02 -6.94144391e+01 -5.46873909e+01]
 [-1.55877330e+02 -1.74063396e+02  3.29943953e+02]
 [ 2.79308607e+01  2.27784239e+02 -2.55709560e+02]
 [-4.78355154e+01 -5.00619146e+01  9.79046890e+01]
 [-7.56248418e+01  1.03874182e+02 -2.82427760e+01]
 [-6.35916723e+00  3.22542155e-02  6.33210740e+00]
 [-1.23739966e+02 -2.54143162e+02  3.77887779e+02]
 [ 1.74770219e+02  1.18850443e+02 -2.93613511e+02]
 [-1.06948828e+02 -2.40568400e+02  3.47521062e+02]
 [-3.90343370e+01 -1.99263455e+02  2.38304660e+02]
 [-2.87056504e+02 -2.93808018e+02  5.80870372e+02]
 [ 8.03508518e+01  7.65900844e+01 -1.56937619e+02]
 [-3.39400540e+00  6.67374333e+01 -6.33366105e+01]
 [ 6.80144996e+01  5.28179001e+01 -1.20828621e+02]
 [ 7.07920437e+01 -6.33694090e+01 -7.41752550e+00]
 [ 1.18069962e+02  7.66419820e+01 -1.94704575e+02]
 [ 1.06457564e+02  1.30226941e+02 -2.36680107e+02]
 [-7.96838599e-01 -5.59482207e+01  5.67508417e+01]
 [ 1.26594474e+02  5.99122382e+01 -1.86507700e+02]
 [ 1.63144964e+02  2.08109905e+02 -3.71251167e+02]
 [-2.19750527e+02 -1.93177611e+02  4.12928866e+02]
 [ 4.27613218e+01 -1.42830212e+02  1.00077756e+02]
 [ 9.94672772e+01 -2.52372860e+02  1.52911242e+02]
 [ 1.17618078e+02 -1.46786988e+02  2.91730195e+01]
 [-2.07790470e+02 -1.53986972e+01  2.23196958e+02]
 [-9.47514188e+01  1.01180814e+02 -6.42447539e+00]
 [-1.02979149e+02 -4.01563714e+02  5.04548337e+02]
 [ 2.57974215e+02  1.38928738e+02 -3.96899123e+02]
 [ 1.34281989e+02  3.50466382e+02 -4.84741334e+02]
 [-8.63844859e+01  5.67073339e+02 -4.80686251e+02]
 [-9.28262496e+01 -2.55225541e+02  3.48057807e+02]
 [ 3.29067186e+01 -2.50376896e+01 -7.86346628e+00]
 [ 1.26277250e+02  5.76223633e+01 -1.83895160e+02]
 [ 1.35775137e+01  1.24512684e+02 -1.38082716e+02]
 [-1.71071188e+02 -1.96621196e+02  3.67697929e+02]
 [-3.75303246e+02 -1.66299668e+02  5.41603183e+02]
 [-1.89333567e+01 -1.00570341e+01  2.89956410e+01]
 [-6.37760144e+01  4.31023303e+02 -3.67242507e+02]
 [ 2.20575314e+02  1.69650204e+02 -3.90221783e+02]
 [ 5.00830386e+02 -5.22708631e+02  2.18808560e+01]
 [ 1.99470556e+02 -1.71329374e+02 -2.81373212e+01]
 [ 9.34967467e-01  1.78840305e+02 -1.79771340e+02]
 [-3.03682310e+02 -1.79195270e+02  4.82883415e+02]
 [ 1.25897718e+02  2.84981457e+02 -4.10876379e+02]
 [ 2.21568655e+02  7.16785380e+01 -2.93242681e+02]
 [-1.74394690e+02 -2.76875743e+02  4.51277278e+02]
 [-1.34019919e+01 -9.43335654e+01  1.07740584e+02]
 [ 2.84110500e+01  3.48658187e+01 -6.32713566e+01]
 [ 2.21866931e+02  1.42251409e+02 -3.64112771e+02]
 [ 3.39961729e+01  2.42675055e+01 -5.82577680e+01]
 [-6.82945426e+01  8.23856783e+01 -1.40843609e+01]
 [ 6.33618066e+01  1.15263969e+02 -1.78622132e+02]
 [-7.61336374e+01  1.34368554e+02 -5.82300243e+01]]