[[-7.85341880e-01  4.37124602e-01 -4.90048054e-01 -4.31213911e-01
  -3.86920523e-01 -6.41183879e-01 -4.24016762e-01  4.16640713e-01
  -5.99859086e-01 -1.17067063e-01 -7.30927649e-01 -1.83271506e-01
   3.74969934e-01  6.39946843e-02 -1.04543561e-01  8.39696465e-01
   3.40385959e-01 -1.71002404e-01 -9.21597438e-02  9.57708419e-01
   9.69544079e-01 -3.80659061e-01  4.89701959e-01  2.43970086e-01
  -7.88306383e-01 -9.05929055e-01  8.95647111e-02 -3.40728636e-02
  -9.77976118e-01 -3.65932988e-01  7.50257606e-01 -4.93104718e-01
  -5.73035399e-02 -5.50807768e-01 -7.20107819e-01 -8.58083141e-01
  -7.22952223e-01 -6.48612346e-02 -6.96820778e-01 -6.83114365e-01
  -2.86276906e-01 -2.37301427e-01  3.35431795e-01 -5.24199476e-01
  -9.64436310e-01  9.11635601e-01  2.26458293e-01 -1.68758656e-01
  -1.58240691e-01 -9.12574667e-02 -7.50926781e-01 -4.63956171e-01
  -4.92400370e-01 -8.24795778e-01 -8.72140830e-01 -4.39816558e-02
  -1.30714973e-01  4.18014711e-01  3.77876045e-01  6.02408963e-01
   8.42619553e-01 -7.01255659e-01 -5.00955404e-01  9.82080246e-01
  -3.08734746e-02 -6.06994493e-01 -4.74969287e-01  2.16015451e-01
  -2.64480687e-01 -6.65226957e-01  2.47489777e-02  1.99684395e-01
   1.39675442e-01  4.71342336e-01 -3.25687822e-01 -8.72288224e-01
   7.31242380e-01 -8.03518270e-01 -3.02795016e-01 -3.13261159e-01
  -7.06548748e-01  3.49396001e-02 -7.50266812e-01 -3.30593126e-01
   3.27032800e-01  2.16501227e-01  7.30592671e-02 -4.93193715e-01
  -1.45191570e-01 -9.98744481e-01  1.70248969e-01  2.92733724e-02
   3.22793053e-01 -3.44934457e-01  1.28504405e-01 -2.13487064e-01
  -3.90818949e-01  8.51716507e-01 -1.80092925e-01 -5.84724559e-01
  -5.29285611e-01  4.09920483e-01  8.64221332e-01  5.72446176e-01
   7.48247354e-01 -4.95764116e-01  1.56663569e-01 -5.20412518e-01
   4.09391190e-02 -4.54282354e-01  9.57675112e-01 -9.07788037e-01
  -4.81762538e-01 -6.64850886e-01 -3.18710564e-01 -2.17934183e-01
   7.09253790e-01  8.03527189e-03 -9.17333341e-01  3.27388393e-01
   2.02396304e-01  1.66549602e-01  2.90338400e-01  3.62288463e-01
   7.38669985e-01  1.96779207e-01 -1.00078111e-02  2.51570419e-01
  -6.04139833e-02  5.36691041e-02  1.65374531e-01  4.62752520e-01
  -1.58974075e-01  3.81338078e-01 -5.55260766e-01  9.62595782e-01
   6.90581074e-01 -1.67539997e-01  4.75012734e-01 -1.54254701e-01
   4.45491820e-01 -1.98484758e-01 -9.69459792e-01 -4.18985641e-01
   7.71724986e-01 -2.35475722e-01  3.38268661e-01  8.00355587e-01
   2.53508639e-01  8.98549481e-01 -2.95342720e-01 -3.19641708e-01
   3.67075990e-01 -3.35479383e-01 -7.34871426e-01 -7.10732043e-01
  -7.62551513e-01 -5.15791882e-02  1.21018078e-01 -9.94645824e-01
   6.10345716e-01 -8.69499609e-01 -4.30885792e-01 -2.79674557e-01
  -4.45894864e-01  5.35936892e-01  8.51203647e-01  1.59205449e-01
  -7.12786877e-01  7.61631122e-01  2.43268015e-01 -5.30368673e-01
  -7.45552492e-01  4.53433828e-01  2.56600016e-01 -8.13547778e-01
  -5.97370316e-01 -1.90841465e-01 -3.56276738e-01  2.60277360e-01
  -9.71108133e-01  4.62512462e-01  4.26023479e-02  4.64024118e-01
  -4.34519108e-01  8.78371770e-01  2.00636457e-01  3.08438771e-01
   5.72830207e-01  4.62693221e-01  1.24252914e-01 -1.74636713e-01
   4.35286934e-01 -3.60545703e-01  8.88756966e-01  1.69187778e-01
   7.75420312e-01 -4.95328438e-01 -4.48581621e-01  9.15542620e-01
   7.97768030e-01  6.40923112e-01  9.74536344e-01  1.08620991e-01
  -8.70395367e-01  6.13140014e-01  3.84118733e-01 -7.24332150e-01
   9.80741415e-01  1.43589461e-01  5.01870107e-01 -4.34547190e-01
  -8.28350193e-01 -2.70739519e-02 -1.47331877e-01  4.98499683e-01
  -5.08750497e-01 -6.18520712e-01  3.04006243e-01 -9.45595121e-01
   7.32199408e-01  4.66622647e-01 -7.57512848e-01  5.13793963e-01
   8.03107400e-01 -9.30152282e-01  8.64558930e-01 -6.72096497e-01
  -4.50887633e-01  6.30654494e-01  8.50440915e-01 -8.90258694e-01
  -2.32183980e-02  3.70135430e-01  2.15636415e-01 -3.34032034e-01
   3.24621676e-01  5.82493480e-02  5.37794757e-01  8.04466188e-01
   6.46262432e-01  4.46195530e-01  9.98660307e-01  6.47728840e-01
   7.01853886e-01 -9.37774626e-01  4.79855341e-01 -9.34635402e-01
  -9.51638760e-01  9.23808209e-01  5.31604677e-01  6.90705304e-01
   6.52955613e-01 -3.64102883e-01 -6.52164909e-01 -6.67877844e-01
  -3.11622545e-01  3.44045100e-01  4.01687900e-01  5.93147503e-01
   6.59824870e-01  2.63623319e-01  5.08067825e-01 -7.71096043e-01
  -4.24787147e-01  5.13229263e-01 -9.20931122e-01  4.28465569e-01
  -9.27105035e-01  8.42821058e-01 -3.47276493e-01  6.10805416e-02
   6.48639098e-01 -9.93321987e-01 -3.65199239e-01  9.93473540e-01
  -3.95415931e-01 -2.60972839e-01  8.72460754e-01 -8.58744222e-01
  -8.36362572e-01 -7.04305292e-01 -4.36064618e-01  8.93540088e-01
   7.04627820e-01  8.86898978e-01  6.84170233e-01 -2.25323102e-01
  -2.17329040e-01 -7.79698432e-02 -7.86396278e-01 -8.91712992e-01
  -3.94259707e-02  5.72332247e-01  6.77994971e-01 -6.72509447e-01
  -9.88786330e-01 -3.12335778e-01 -5.63168725e-01  8.10689056e-01
   3.94051023e-01 -5.08363200e-01 -1.94144908e-01 -4.24696025e-02
   3.55854768e-02 -1.96983930e-01 -2.22523089e-01  3.91916999e-02
   4.48010045e-01 -8.97260065e-01 -6.76236497e-01 -4.42717809e-01
  -7.46555382e-01 -1.20897401e-01 -3.98718671e-01  1.14236913e-01
  -4.56986639e-01 -6.39930966e-01 -9.82283362e-01 -9.50543121e-01
   3.93818792e-01  4.23447102e-01  5.52456889e-01 -2.06337244e-01
   6.62726526e-02 -8.63479984e-01 -5.30421429e-01 -2.96665960e-01
  -2.97923939e-03  4.84739395e-01 -8.40690859e-01 -5.46501410e-01
  -1.01247571e-01 -2.14541420e-01 -2.29855611e-01 -7.79611263e-01
   5.84232003e-01  4.09865698e-02 -7.03194051e-01 -4.00530921e-01
   1.84746944e-01 -7.10666075e-01 -7.93964189e-01  1.70959054e-01
  -7.83589774e-01 -8.34373055e-01 -2.37829156e-01 -1.44479949e-01
  -8.14843476e-01  8.05267704e-01 -3.37417417e-02 -2.21583774e-01
   8.81473429e-01  6.77664769e-01 -7.90057479e-01 -9.70133119e-01
   8.44875773e-01  1.78517822e-02 -7.00825737e-03  2.84860978e-01
  -2.95289149e-01 -4.21914561e-01  3.64621057e-02 -5.44016774e-02
  -1.17313251e-01  4.70045957e-01 -9.41772988e-01 -1.47916983e-02
   5.03413400e-01 -9.22263107e-01  7.13293352e-01  6.13120681e-02
   1.68298291e-01 -3.25763125e-01  8.30224911e-01  9.79707772e-01
  -2.29110899e-01 -9.71449362e-01  7.04889627e-01  6.02392902e-01
   6.00137108e-02 -8.47497159e-01  7.62541663e-01  1.00254994e-01
   6.37447145e-01  5.93205953e-01 -7.08738600e-01 -2.19730995e-02
  -5.95909266e-01 -5.31832475e-01 -2.79361248e-01 -4.67471533e-01
  -3.14770756e-01 -4.32096956e-01 -4.06684854e-02 -2.26183277e-01
  -1.47634491e-01  3.06959811e-01  2.49176258e-01  9.69703042e-01]
 [ 5.23352468e-01  9.52805179e-04 -1.21776498e-01  3.97115961e-01
   2.58476978e-01 -6.13190589e-01  6.84839105e-01 -2.72624059e-01
  -3.55398172e-02 -2.02287140e-01  5.40602595e-01  2.60865429e-02
  -5.84826310e-02 -9.08569509e-01 -9.06774472e-02  1.93467101e-01
   8.28871029e-02 -4.16610684e-01 -6.31199247e-01  6.82274329e-01
   1.21097822e-01 -1.30781181e-01  1.85275618e-01  7.03993020e-01
  -2.91782069e-01 -7.17509122e-01 -7.11514103e-01  3.66598587e-01
  -8.60615530e-01 -4.99722546e-02 -7.13096397e-01  1.31405142e-01
   8.88871613e-01 -7.10306912e-01  4.04688199e-01  8.66199873e-01
  -4.96358818e-02 -8.47150658e-01 -8.45523054e-01  1.38207549e-01
  -6.72973914e-01  9.99974164e-01 -6.60259925e-01  7.40224066e-01
   1.18501093e-01  4.67902361e-01 -2.64017052e-01  1.10124722e-01
  -5.12226540e-01  8.89506292e-02 -2.62548449e-01 -4.00483793e-01
  -3.83631458e-01 -8.94778984e-01 -8.47760841e-01 -2.90154274e-01
   1.69334707e-01 -8.83902717e-01  9.16937700e-01  1.68883508e-01
  -6.09035677e-01  2.76234141e-01 -5.50275118e-01  1.47149372e-03
  -5.76346893e-01  5.40804256e-01 -6.06916686e-01 -1.35980983e-01
   1.69262618e-01  8.97634025e-01  8.22520143e-01 -2.34910817e-01
  -9.42588565e-01  9.70879266e-01 -9.79853898e-01  7.10888144e-01
  -1.18800182e-01  9.38056004e-01 -7.31762828e-01  2.93939774e-01
   9.45770248e-01 -8.62261834e-01 -9.88014427e-01  3.69082767e-01
  -7.97302672e-01  9.02961900e-01 -4.35955671e-01  7.23509921e-01
  -8.53930193e-01  8.63003169e-01 -8.96809038e-01 -1.22341948e-01
  -2.28887457e-01 -2.56228754e-01  8.02456274e-01  4.29381636e-01
   7.18622606e-01 -8.84611924e-01  1.29158197e-01  9.56465578e-02
   3.50415145e-01 -7.65651155e-01 -4.22485585e-01  5.76031186e-01
  -9.17226664e-01 -3.36164667e-01  5.73199112e-01 -3.46267406e-01
  -6.98112384e-01 -4.45795087e-02 -8.70075755e-01  7.00402680e-01
   2.80426121e-01  9.43596680e-01 -7.36435074e-01  9.42364680e-01
  -7.80100011e-02  3.76137311e-02  7.31476175e-01 -7.26224795e-01
   5.44926951e-01  7.06554017e-01 -2.66090661e-01  3.22953417e-01
  -4.91916301e-01 -1.59089129e-01 -1.22572469e-02  4.19773671e-01
   7.11279914e-01  1.29020775e-01 -2.69827116e-01 -3.16665710e-01
  -1.89774085e-01  4.81414466e-01 -3.51472294e-01 -7.72437522e-01
   9.46828835e-01  8.85023728e-01 -1.42792522e-02 -8.57049801e-01
  -7.78487668e-01 -9.95957684e-01  7.44655111e-01 -1.04863934e-01
  -1.57431409e-01  9.23034502e-01  1.82178494e-01  7.41975540e-01
  -3.28632729e-01  8.39072703e-01  6.68567392e-01  1.50425841e-01
  -9.77789365e-01  2.59097204e-01  3.25220188e-01 -4.57870210e-01
   8.83668937e-01  8.51378088e-01 -7.24887684e-01  6.96238838e-01
  -7.18955185e-01 -7.92203585e-01  3.61379172e-01 -4.66933142e-01
  -2.27772272e-01 -4.67276427e-01  5.16882089e-02  1.29397742e-01
   3.16691086e-01  3.31164576e-01 -9.50115268e-01  4.77417757e-01
   5.23969053e-02  6.08064689e-01 -2.52119309e-01  7.46723969e-01
  -1.48093319e-01  8.62411793e-01  7.04057725e-01  2.89423890e-01
   5.19659776e-01  5.54122399e-01  7.44909849e-02  4.89492887e-01
  -5.16866215e-01  7.23744907e-01 -8.99790671e-01  1.97655864e-01
   2.36091577e-01 -9.64344331e-01  2.75407675e-01 -2.95796340e-01
   8.21714502e-01 -1.51536737e-01  1.31973943e-01 -1.52735061e-01
  -8.63371547e-01 -8.66105876e-02  7.49148272e-01 -7.53176266e-01
   2.63760420e-01  9.19126120e-01 -7.37644254e-01  8.72463840e-01
   9.15103150e-01  1.74261885e-01 -6.20071599e-01  7.31477458e-01
   7.55694461e-01 -1.83330061e-01  7.56675516e-01  7.03167265e-01
  -2.72298826e-01  8.57464906e-01  1.30591844e-01  9.07615416e-02
   8.24291342e-02 -9.59094090e-01  7.90819883e-01 -1.12060751e-01
  -2.60351548e-01 -9.58474756e-01 -5.23375086e-01 -1.62406937e-01
   6.39391439e-01 -5.84076333e-01  4.88953657e-01 -6.80454426e-01
   7.88747135e-02 -2.78523038e-01 -7.67834948e-01 -2.31426788e-01
   5.49383194e-01 -8.22621551e-01 -9.36085675e-01 -8.37243789e-01
   6.02932822e-01  1.02225626e-01  7.42730096e-01 -1.93044885e-01
   8.55535651e-01 -3.68139880e-02  1.12153546e-01 -8.95251189e-01
   2.32561635e-01  9.61306351e-01  9.95307986e-01 -5.36918749e-01
  -9.35274341e-01 -3.20738748e-01  4.05929946e-01  9.97380985e-01
   6.50587220e-02 -6.26815271e-01 -8.30484993e-01 -6.37847525e-01
   7.89831125e-01 -8.54249149e-01 -6.38510005e-01 -8.31224508e-01
   6.69119485e-01 -5.73690685e-01  4.12643855e-01  6.99590289e-01
   5.82768161e-01 -6.57983067e-01 -6.51689286e-01  3.64246140e-01
  -5.23944931e-01 -6.10896225e-01 -7.79225252e-01  8.15031300e-01
   5.00177758e-01  3.85009146e-01 -4.87282376e-01 -1.17300585e-01
  -9.82848421e-01 -7.86034101e-01  3.71533578e-01  7.61762766e-01
   4.05813469e-01  8.61015212e-01 -7.23240273e-01  2.92016857e-02
   3.50685030e-01  9.88922398e-01 -3.05695704e-01 -1.66723554e-01
  -2.14733270e-01 -3.77194169e-01 -4.30188066e-01 -8.47919923e-01
  -8.06254979e-02  2.49178267e-01 -4.75328430e-01  9.16291871e-01
   9.00330073e-01 -3.61791530e-01  2.89069487e-01  9.13731786e-01
  -2.87639378e-01 -4.81928776e-01  4.75377317e-01 -4.17890716e-01
   5.42429320e-01 -5.06360251e-01 -6.76729828e-01 -3.43618242e-01
  -3.70644618e-01  1.37888282e-01  3.85795720e-01 -1.81460665e-01
   6.80644225e-01  9.02573320e-01  1.35898978e-01  9.04610710e-01
  -6.01346533e-01  4.82590139e-02 -2.59128707e-01  2.81659275e-03
   5.69452795e-01  7.66984037e-01  6.52369320e-01 -3.13745207e-01
   5.59767436e-01  6.03819164e-01 -6.59554289e-01 -1.04477586e-01
   2.66088784e-01 -8.12248076e-01  8.37187475e-01  5.18239050e-02
   7.61533645e-01  5.36197505e-02 -1.31042596e-01  1.76074392e-01
  -6.30899773e-02  7.95254884e-01  9.60820656e-01 -3.76263834e-01
  -6.24245713e-01 -6.79343117e-01 -8.56654896e-01  4.70470637e-01
   1.29855486e-01 -2.46755978e-01  5.33971138e-02  7.80307193e-01
   4.81280374e-01  8.26432407e-01 -2.84839235e-01 -7.36376826e-01
  -6.67763702e-02  2.90583551e-01 -7.39095195e-01  4.68471231e-01
  -3.95406221e-01 -5.06576411e-01 -6.19814517e-01 -6.10386027e-01
  -5.99021570e-01  3.21742049e-01  4.51003701e-01  4.47428718e-01
   3.92505879e-01  4.82529742e-01 -5.87872166e-01  9.93332481e-01
  -3.14742230e-01  7.89600347e-01  8.56223392e-01 -3.71569453e-01
  -1.90638914e-01  8.51708084e-01  3.83833458e-01 -6.58903971e-01
  -2.21846182e-02  3.98487578e-01 -2.24840622e-01 -8.38751883e-03
  -1.82473165e-02  5.26159997e-01  8.64219034e-01  7.52560901e-01
   1.79753165e-01 -2.74146589e-01  3.32547299e-01  7.95844145e-02
   2.19604564e-01 -4.70260139e-02  5.77424537e-01  6.96056619e-01
  -3.74570814e-02  7.24975396e-01 -4.22277598e-01 -9.40024341e-01
  -2.04719784e-01  2.62893986e-02  2.26164051e-01 -2.48755408e-01]
 [ 1.79371074e-01 -2.62835116e-01  7.90956001e-01  3.84683108e-01
   4.42175753e-01 -8.88091467e-01 -3.33422952e-01 -3.68052880e-01
  -5.70431743e-01 -4.27726318e-01 -7.02518578e-02 -1.15213696e-01
   3.19969190e-01  3.51562321e-01 -3.19930408e-01  9.49914135e-02
   8.78527755e-01  1.19391618e-01  1.81537412e-01 -8.33954014e-01
  -4.25981602e-01 -3.45433962e-01 -3.15580612e-01 -7.74787545e-01
   6.20702364e-01 -5.51977980e-01 -7.20598066e-01 -2.99012537e-01
  -4.65690368e-01  1.43718289e-01  1.02296236e-02 -3.68291655e-01
  -1.67456580e-01 -1.17891932e-02 -4.19719732e-01  3.23249035e-01
   6.72268479e-01  2.73834014e-01 -5.37158007e-01  3.68809159e-01
   3.81989473e-02  1.88324335e-01  9.36934202e-01  6.01995978e-01
  -6.28975786e-01 -1.05625460e-01 -5.77943065e-02  3.98680644e-01
   9.81732119e-01 -8.06923995e-01  6.79610998e-01  8.71303152e-01
  -1.88767638e-01 -4.58034267e-01  1.06010900e-02  4.47678629e-01
  -1.87633398e-01  2.13816594e-01 -7.17543551e-01  5.36238612e-01
   4.74917667e-01  7.31710550e-01  1.63288701e-01 -8.22329335e-01
  -4.90586056e-01 -5.31960817e-01  2.27757016e-02 -8.89240677e-01
  -2.78831887e-01 -6.41309939e-01 -1.47983705e-01 -9.43778335e-01
   1.31037425e-01  1.25164766e-02 -7.64307077e-01 -1.65576766e-01
  -1.74627281e-01  9.32835743e-01 -1.11841997e-01 -7.84618598e-01
   1.29160212e-01 -4.22345223e-01  8.72768420e-01 -3.75614679e-01
  -5.33188480e-01 -8.00297991e-01  9.69893222e-01 -4.03801239e-01
   2.08385598e-01  6.25586581e-01  2.08597506e-01 -3.03530944e-02
  -4.12412193e-02  5.40100646e-02  9.84880791e-01  4.93403891e-01
  -3.36593008e-01 -9.27343968e-01 -8.62509834e-01  9.48771065e-01
  -9.74365084e-01  8.92309433e-01  2.12234681e-01  1.05758078e-01
  -6.59181388e-01  1.18589682e-01  3.27453848e-01 -7.66377539e-01
   6.14627013e-01 -7.87230438e-02 -1.71252994e-01 -3.92673137e-01
   5.24942283e-01  2.12833301e-01  1.54120976e-01 -9.84610732e-01
   4.44866323e-01 -4.35221095e-01  9.75522406e-01  1.44996036e-01
  -9.14019735e-01 -8.38953195e-01 -8.76769808e-01  1.39011643e-02
  -1.63242012e-01  7.46108683e-01 -9.61547186e-01  1.75693165e-01
   6.37765125e-01 -1.74763774e-01 -4.51314709e-01  9.33383074e-01
   9.23784953e-01  9.69284482e-01  4.11475427e-01 -2.95844817e-01
  -5.62821897e-01  5.96249678e-01 -3.17558866e-01 -2.71989284e-01
  -4.15671460e-01  9.42073044e-01 -3.34876317e-01  4.93631776e-01
  -2.24928909e-01  8.66730947e-01 -3.98802974e-01  5.13190657e-01
   2.87560322e-01  8.12295293e-01 -7.12027607e-01  7.62318932e-02
  -5.15740632e-01  8.38631236e-01  1.06821506e-01  6.09676615e-01
   4.14316120e-01  9.39443785e-01  1.69115984e-01  3.55681688e-01
  -8.76915167e-01 -8.61661062e-01  1.00207193e-01 -1.76246615e-01
   4.85719876e-01  7.02657419e-01  6.51432300e-02 -3.99631536e-02
  -4.86293039e-02  6.14819288e-01  6.45380537e-01  1.09857965e-01
   5.65686106e-01 -5.96817631e-02  3.61651986e-01  8.39897757e-01
   2.98468720e-01 -9.01032309e-01  2.12093658e-01  3.80935685e-01
  -3.25423120e-01 -7.93875785e-01  6.97372613e-01  8.14984991e-02
  -4.42391559e-01  5.04355411e-01  5.63328625e-01 -3.61888389e-01
   2.01744495e-01 -5.58037893e-01 -5.61685909e-01  7.79252631e-01
  -3.38623223e-02 -2.02771366e-01 -3.38097212e-01 -2.20849554e-01
   8.18725683e-01  5.62713853e-01 -8.52113496e-01 -2.76358284e-02
  -9.59006696e-01 -8.29959358e-01  4.26442880e-01 -3.89483906e-01
  -1.89068119e-01  3.50287312e-01  8.50932916e-02  3.41980526e-01
   4.63207358e-01  7.74153940e-01 -4.59377539e-02 -5.95754753e-01
   4.08563370e-01  7.55914797e-01 -8.19707663e-01 -8.31998087e-01
  -4.40305552e-01  9.44932052e-01 -9.81482618e-01  8.55552103e-01
  -9.43220643e-01  6.89920940e-02  4.37619504e-01  6.15954114e-01
   9.39308836e-02  6.28443405e-01 -5.78523026e-01  8.93884627e-01
   9.88720753e-01  9.57252413e-01  1.82388436e-02  4.93323868e-01
  -8.26558203e-01  9.69873884e-01  7.07012719e-01 -1.06056512e-01
   9.31240044e-01  1.99619947e-01 -5.20809704e-01 -7.45744618e-01
   3.55227118e-01 -4.95491909e-01 -4.80747158e-01 -4.29113120e-02
  -3.99515543e-01  3.74269713e-01 -2.69630863e-01  7.18397041e-01
   9.30962738e-02 -7.26224006e-01 -2.42304169e-01  4.00732132e-01
  -8.70794009e-03 -6.39360838e-01  5.66191615e-01 -1.52214398e-01
   2.43488721e-01 -9.94341648e-01  3.50121941e-01  3.72118369e-01
   7.08539148e-01 -5.19365708e-01 -5.17266960e-01 -8.02718511e-02
  -3.67544975e-01  4.73861164e-01 -2.60147969e-01  8.63819164e-01
  -1.55779037e-01 -8.36512382e-02 -1.34387438e-01  8.61429277e-01
   9.38560656e-01  1.00438880e-01 -6.55571413e-01 -6.65988993e-01
   3.46462303e-01  1.02784994e-01 -8.96095795e-01  6.55025542e-01
  -6.72837787e-01  3.38438509e-01  8.58601096e-01 -9.79052544e-01
  -9.41639093e-01 -3.36122073e-01  9.63592374e-01  1.73327565e-01
  -1.44505059e-01 -8.23382723e-01  9.10585680e-01  5.49525790e-01
   7.94339640e-01  3.99868301e-02 -7.63801245e-01 -4.15773894e-01
   7.72578568e-01  6.34474330e-01  2.49258797e-01 -1.04585849e-01
  -7.72490929e-01  5.12700022e-01  8.20034508e-01 -5.40261418e-01
  -3.23971396e-01  8.58449557e-02  4.79680728e-01 -2.65716018e-01
  -5.14264117e-01  2.74582808e-02 -7.48362696e-01  9.94441730e-01
   8.84990205e-01 -4.58157731e-01 -8.75657210e-01  9.60826692e-01
   7.27738175e-01  3.20782779e-01  4.52528372e-01 -7.62794990e-01
  -6.71030595e-01 -4.96920384e-01  7.58735938e-01  9.65268341e-01
   6.64361388e-02 -6.26817278e-01  4.68387238e-01  1.60473606e-01
   7.72311984e-01 -2.64370453e-01 -6.40613530e-01  7.69082125e-01
   8.95879885e-01 -5.46687407e-01 -3.17546587e-01  2.91100313e-01
   8.76813773e-01  9.42591900e-01  1.93665006e-01 -2.52369360e-01
   8.20867726e-01 -1.78593951e-01  7.59346988e-02  9.29923129e-01
   4.20892143e-01  8.53073716e-01  9.56269411e-01  5.04573212e-02
   2.40049330e-01 -6.30919958e-02 -5.56247371e-01 -6.28357187e-01
   9.34091370e-01 -8.95643154e-01  2.81868939e-01  7.40479728e-01
  -2.51076650e-01  7.25703612e-01  3.59425832e-01 -5.47781603e-02
  -5.49579181e-01 -2.06371920e-01  6.11668667e-01 -7.34379609e-01
   3.14039866e-01 -3.59933412e-02 -5.69182665e-01 -2.51257360e-01
   3.51082492e-02  1.14967870e-01  9.24433647e-01  4.26525322e-01
   1.74862003e-02 -3.15210964e-01  1.31758352e-01 -5.49994729e-01
   5.15635186e-01 -2.23604706e-01 -5.78598201e-01 -7.26899037e-01
  -2.10288654e-01  9.13138512e-01  6.96454248e-02 -5.15475847e-02
  -9.83046093e-02  2.53469393e-01  6.79606818e-01 -7.65924122e-01
  -5.61405408e-01  8.56281810e-01 -5.97462634e-01 -4.18289324e-01
  -5.53308091e-03  9.38244525e-01  2.76606574e-01  6.65520546e-02
   8.44251985e-01 -4.50544830e-01 -7.81778846e-02  6.81875953e-01]
 [-7.22771493e-01 -9.83753298e-01  2.90336409e-01 -4.09690621e-01
  -9.67257072e-01  2.10419632e-01 -7.41376020e-01 -1.33268958e-01
  -9.45597598e-01  8.45847982e-01 -6.74331304e-01  7.69218579e-01
   8.25912343e-01  7.55478483e-01 -3.78175604e-01  7.65349810e-01
   5.16131917e-01  9.00745624e-01  9.00788109e-01  7.29647242e-01
   4.42545310e-03 -1.53054879e-01  7.20068353e-01  7.84391573e-01
   6.00560934e-01  7.46344672e-01 -8.76624285e-01 -8.82908526e-01
  -6.42725261e-01  1.18064853e-01  5.38857846e-01 -8.29202537e-01
  -8.81449374e-01  5.27723781e-01  2.25810930e-01 -2.44293067e-01
  -5.24535873e-01 -6.19632431e-01  7.26720453e-01 -4.02399507e-01
   3.79159352e-01  3.60133322e-01 -4.30659992e-01 -7.85510206e-01
  -9.54656664e-01  1.09328037e-02 -9.58753402e-01 -5.18900361e-01
   5.92073314e-01  6.65332818e-01 -2.37783343e-01 -9.58184122e-01
   1.47952116e-01 -2.97446180e-01  6.17535006e-01  6.12016197e-02
   4.16953138e-01 -7.35577127e-01  3.78682551e-01  6.68816806e-01
   9.09872727e-01 -2.37129690e-01 -7.35819797e-01 -6.15464723e-02
   6.63408796e-01  1.47887011e-01  4.28834676e-01  3.20203524e-01
   1.05073730e-01  3.53637824e-02 -2.93199327e-01 -6.82014093e-01
  -2.25672474e-01 -8.03496095e-01 -6.48241960e-02  6.43157939e-01
  -2.29814468e-01  5.37639646e-01 -7.06105113e-01  3.98538017e-01
  -6.13616870e-01 -6.16491659e-01  4.55453013e-01 -3.88254293e-01
  -1.19797618e-03 -8.04539675e-01  4.63196508e-01 -3.36849901e-01
  -2.40932459e-01  9.16168766e-01 -7.05878558e-01 -6.07223415e-02
  -4.79397982e-02  8.90917185e-01 -1.14566451e-01  2.01649671e-01
  -3.95467611e-01 -1.11403602e-01 -2.28395094e-01 -1.70532656e-01
  -1.17162694e-01 -4.22794122e-01  6.02179811e-01  3.12358711e-01
   5.68150366e-01 -4.50911155e-01 -3.92541135e-01  2.13775737e-01
  -9.89376953e-01 -1.63686390e-02  5.59088458e-03 -8.03888456e-01
   1.16570595e-01 -6.74035995e-01  9.08526349e-01  9.14291139e-01
   7.80937254e-01 -4.23182721e-01  5.69931591e-01  1.77474279e-01
   5.01907325e-01 -8.33394943e-01 -9.93136438e-01 -8.20006707e-01
   9.44561761e-01 -2.33389672e-01 -5.07413201e-01  2.72885103e-01
  -4.72054043e-01  3.57620589e-01  8.77205168e-01  7.93023189e-01
  -5.74878954e-01  7.65985314e-01  5.69505858e-01 -3.27407654e-01
  -6.61999076e-01  5.26124957e-01 -1.38354642e-02  3.98951751e-01
  -4.88577568e-01  5.57195339e-01 -7.46966023e-01 -6.24893638e-02
  -6.76951660e-01  9.85613582e-01 -8.16177623e-01 -1.15845442e-01
  -7.47717105e-01  4.44831242e-01  5.34352483e-01  2.62930556e-01
   3.00451285e-02  4.57236303e-01 -9.74568674e-01  5.79069733e-01
   1.44080049e-01  1.18772564e-01  8.20586915e-02  6.80474810e-01
   1.36129273e-01  9.69256739e-01  2.85389835e-01  9.57916537e-01
  -2.94200803e-01  2.62544532e-02  7.07503253e-01 -3.54399441e-01
   4.18180420e-01 -6.30197804e-01 -3.42808934e-01 -3.13245539e-01
  -2.80034776e-01 -1.79355761e-03  6.42734746e-01  6.25528177e-01
  -9.98485222e-02  5.30536331e-01  9.55168521e-01  9.41615640e-01
   9.46654055e-04 -7.64998042e-01 -8.84769583e-01  2.98634160e-02
   2.94226353e-01 -7.24193579e-01 -4.61049046e-01  8.47263808e-01
  -2.58056893e-01 -1.06163794e-01 -9.95652745e-01  1.63315885e-01
   9.41284358e-01  7.46231676e-01 -5.59980385e-01  7.82675350e-01
  -7.46579711e-01  2.59974851e-01  1.86886780e-01 -8.28872043e-01
  -5.62186566e-01 -6.95273421e-01  3.04601541e-01  2.26921304e-01
  -5.65355807e-01 -5.24711092e-01 -7.90211906e-01 -1.22554809e-01
   7.76636256e-01 -5.40354075e-01 -5.72032475e-02  5.80860940e-01
   4.06675163e-01 -5.27031906e-01  9.01765008e-01  8.44636361e-01
   6.93094160e-01  2.19552321e-01 -7.75460412e-01  4.81369010e-01
   3.32874995e-01  5.30294330e-01  2.50487347e-01 -7.32089594e-01
  -9.22688876e-01  7.66675500e-01 -2.34829582e-01  1.20096713e-01
  -5.39029890e-01  9.30945026e-01  7.63543469e-01  3.47466657e-01
  -4.69195072e-01 -7.67990646e-01  4.54476765e-01  9.39075693e-01
  -4.46152720e-01  9.93301987e-01  7.73115853e-01 -4.38789812e-01
   7.68267777e-01 -7.13492848e-01 -2.44507217e-01 -9.14896731e-01
   2.83342606e-01  1.12031266e-01 -8.36117866e-01  4.31519125e-01
  -8.15947195e-01 -8.65920432e-01  2.57960670e-01 -7.52003412e-01
  -2.47557816e-01  5.61505366e-01 -3.25770327e-01 -2.66330958e-01
  -7.68115207e-01 -3.40388492e-02 -6.98029177e-01 -2.47541380e-01
  -3.22731739e-01  2.96959638e-01  2.57864405e-01 -4.48900425e-01
  -6.94390456e-03 -9.37995168e-01 -8.30011525e-01 -9.12932787e-01
   8.35408724e-01 -7.95038078e-01  9.90261577e-02 -9.50283985e-01
  -9.00789900e-01  8.99795268e-01 -1.49412469e-01  3.65725666e-01
  -7.04670145e-01 -3.31481933e-01  2.47931371e-01 -3.32714290e-01
   9.62118358e-01  4.75564347e-01 -1.61983749e-01  1.44752250e-01
   1.18333278e-01 -7.45286238e-01 -7.26698488e-02  2.06304253e-01
  -4.96580706e-01  6.68741436e-01 -1.33852174e-01 -3.13202101e-01
   4.53377985e-01  9.98397188e-01 -3.81946930e-01 -5.09616205e-02
  -3.35573310e-01 -6.96047383e-01 -1.49143968e-01  9.40040168e-01
   7.93424863e-01 -1.58683225e-01 -9.87747752e-01 -6.52108777e-01
  -6.78523906e-01 -4.64791377e-01 -1.00554502e-01  7.20356995e-01
   6.22200886e-01 -3.68678678e-01  5.14193038e-01  4.16316726e-01
  -2.32428555e-01  8.83640193e-01  9.87789297e-01  8.43825432e-01
   3.63156075e-01 -1.92416076e-01  9.51523918e-01  2.46979940e-01
  -2.94208604e-01  3.49870185e-01  2.88345311e-01  7.79828868e-01
   4.45896516e-01 -7.43886636e-01  5.44822483e-02 -1.45457152e-01
   5.13303972e-02  5.52388252e-01  1.95529883e-01 -5.24649817e-01
   4.42542718e-01 -3.52266694e-02 -3.98581747e-01 -5.91964156e-01
   7.86095948e-01  2.92570530e-01 -8.34826445e-01  6.24773184e-01
   8.17857058e-02  5.14432689e-01  4.92828080e-01 -7.88896203e-01
   1.88303474e-01 -1.45912976e-01 -3.62359367e-01  4.26789297e-01
  -3.59304687e-03 -8.68034045e-02  6.20092833e-01  4.06233480e-02
   7.79935582e-01  1.73613852e-01 -5.38726246e-01 -8.52461664e-01
   6.07153871e-01 -8.05381936e-01 -1.00234859e-01  7.14933948e-01
   6.49800997e-01 -4.90404515e-01  2.76311915e-01  4.81733033e-01
  -3.82154093e-01 -1.07343744e-01 -5.89645523e-01 -7.82321588e-01
  -2.85178517e-01  2.19325476e-01 -4.14602318e-01 -3.72390697e-01
   5.76737044e-01 -6.72549744e-01 -8.17078394e-02  7.90791578e-01
  -6.77311568e-01  2.95770468e-03 -7.45653416e-01  9.74374535e-01
   3.39516320e-01 -1.36127053e-01  9.06778000e-01  8.40578327e-02
  -3.58198591e-01 -7.05254931e-01 -1.75186149e-01 -7.83184796e-01
  -3.01945764e-01  3.58369964e-01 -6.23965795e-02  7.91471108e-02
  -3.03360694e-01 -2.44194837e-01  7.10450399e-02 -6.97799010e-01
  -9.10920467e-01 -6.73258645e-01 -1.23505093e-01  2.42130831e-01]
 [ 3.11423983e-01  5.03100068e-01 -8.85997940e-01 -8.33174021e-01
   9.12285327e-01 -7.82845905e-01 -4.73144141e-01 -7.49043973e-01
   6.48791772e-01 -6.35756215e-01  6.81234541e-01 -5.88845604e-02
  -5.77444164e-01  4.33787598e-01 -6.77691351e-01  3.08130518e-01
  -6.67576845e-01  2.84120807e-02 -3.89505694e-01 -7.14286122e-02
   6.25695369e-01  2.93131091e-01  7.72971987e-01 -2.61710255e-01
  -2.19306396e-01 -5.11292428e-01 -5.44104251e-01  6.78033871e-01
   8.75667697e-01 -3.33067272e-01 -9.11233067e-01  1.39344343e-01
   3.97238559e-01 -2.92604776e-01  8.86176131e-01 -3.67797399e-02
   4.79903223e-01 -6.35309911e-01 -4.07528540e-01 -1.78798512e-02
  -7.13683414e-01  6.60185240e-01  5.67762988e-01  2.44680620e-01
  -3.22165019e-01 -5.62366965e-01  5.36356072e-01 -2.71891281e-01
   2.66838295e-01  5.20172636e-01 -1.00972984e-01 -1.72155675e-01
  -1.61010656e-01  2.44507401e-01  3.61428971e-01 -8.63691733e-01
   1.58861025e-01 -1.93475450e-01 -6.59162573e-01 -3.94971456e-01
   1.10722764e-02 -3.19834138e-01 -5.97075992e-01 -4.50481081e-01
  -5.14426132e-01 -5.73686552e-01 -1.85721123e-01  9.72122068e-01
   6.50075735e-01  2.73947202e-01 -9.88443958e-01 -4.73288849e-01
  -2.50888559e-01  4.69314244e-01 -6.83533204e-02  3.31215592e-01
   1.09585067e-01  6.32116900e-01 -3.42152403e-01 -2.86936728e-01
   3.54771817e-01 -2.61641420e-01  4.96851152e-01 -2.53701625e-01
  -4.48126854e-01 -5.05607678e-01  5.56672883e-01 -9.27394441e-01
  -1.57083628e-01 -1.34824850e-01  9.68869402e-01  7.20932466e-01
   7.48323417e-01  1.69651025e-01  3.56145387e-01  5.93599849e-01
  -4.27209507e-01  3.87020243e-01  5.30748801e-01  6.79683861e-01
  -6.64532924e-01 -5.14245392e-01  4.21346668e-01  4.16608960e-01
  -3.65846791e-01  4.41665753e-01 -6.12110274e-01  4.94571718e-01
  -3.73027903e-01  3.76063067e-01 -8.17209940e-01 -5.96458155e-02
   2.92724730e-01  6.10038542e-01  6.26699034e-02  6.13253064e-01
  -7.03255599e-01  6.15003238e-01 -9.80293032e-01  3.60944669e-01
   3.56823908e-01 -5.16746523e-01  6.17203584e-01  2.15440170e-01
  -2.03989972e-01 -2.70755605e-01 -1.93751943e-01  1.11180145e-01
  -8.23046020e-01  1.12223750e-01 -6.28510161e-01 -3.17885931e-01
  -2.06779002e-01  2.95863240e-01  7.54594054e-01 -5.22569821e-01
  -2.48935661e-01  9.18474781e-01  4.75731558e-01  3.61459610e-01
   6.84800032e-01  7.73727264e-01  3.73300964e-01 -8.89460954e-01
   9.57760679e-02 -7.74788783e-01 -1.30537326e-01  3.29043494e-01
   7.35917506e-01 -3.76522189e-01  6.91570865e-01  9.00150406e-01
   3.55465712e-01  1.36055103e-01 -1.72257370e-01  3.90989406e-01
  -7.99017020e-01 -9.11095507e-02  3.00729327e-01  3.96543859e-01
   2.99322165e-01  8.63224644e-01  6.50351858e-01 -2.08596874e-01
  -4.86925490e-01 -7.15355685e-01  1.43470603e-01 -6.86320420e-01
  -1.17875545e-01  8.28504860e-01 -4.47560592e-02 -9.81435995e-01
   9.83627110e-01  5.05095989e-01 -7.65151455e-01  6.05237117e-01
  -5.80038402e-01 -1.10431840e-01 -8.51720821e-01  2.21976441e-02
   1.77615032e-01  3.06894858e-01  3.04526791e-01  3.78867778e-01
   4.52935094e-02  3.06065264e-01 -8.18039002e-01  9.13787526e-01
   9.55031937e-02  1.28034113e-01 -7.81130433e-01 -3.91690848e-02
   7.37202577e-01  9.66070951e-01  7.85960074e-01 -3.52244591e-01
   3.25877425e-01  2.17284422e-01 -9.90886107e-01  5.13103335e-01
  -2.39237892e-02  4.59319099e-01  8.11860770e-01 -9.12120880e-01
   3.37297998e-01  5.20518137e-03 -9.51550585e-01  4.00999671e-01
   1.45375394e-01  9.30613453e-01 -3.90500142e-01 -1.02549896e-01
   4.28768590e-01 -5.59241836e-01  5.25899550e-01 -9.35425061e-01
   9.02957653e-01 -9.55611847e-01  2.68066499e-01  5.60954159e-01
   3.52863374e-01  5.40451182e-03 -1.79146384e-01  3.89871402e-01
  -4.23890641e-01 -2.27507346e-01 -1.08100080e-01  4.69116324e-01
   3.82860926e-01 -9.58255618e-01  2.04833909e-01  7.27530434e-01
  -2.78762180e-01  6.97154818e-01 -5.39254833e-01 -8.57906185e-01
   2.21169570e-01  9.14567834e-01 -9.35330159e-01  5.47502184e-01
  -7.31709220e-01 -9.21115855e-01  4.68102771e-01 -6.39486854e-02
   3.11398540e-02  9.38929816e-01 -8.56129084e-01 -8.47689274e-01
  -1.48752576e-01  8.12251514e-01 -8.79486481e-01  6.81171791e-01
   8.81598923e-01  5.88416594e-01  4.98625189e-01 -3.24252859e-01
  -1.06858488e-02  1.61532189e-01 -4.20014079e-01  5.95333687e-01
   3.23142676e-01  2.77562281e-01 -1.08448814e-01  3.40710748e-01
   2.50090900e-01  7.08744634e-01  6.13036924e-01 -6.01455757e-01
   9.35621702e-01 -8.08177111e-01 -7.31499877e-01  6.93099934e-01
  -6.00825293e-01  5.54385621e-01  1.48477171e-01 -3.88871035e-01
   4.67158779e-01 -1.47079263e-01  8.37521018e-01  7.12088645e-02
  -2.55362973e-01 -6.40081176e-02  4.28592151e-01 -7.86138644e-01
  -7.29291770e-01 -3.15095286e-01  4.44640744e-01  8.25847825e-01
  -7.57652345e-02  2.34351091e-01  3.69058929e-01 -2.20837832e-01
  -9.16889207e-01 -9.97870364e-01 -7.90508215e-01  5.08099503e-01
   5.39861774e-01  4.33645230e-01  3.05694847e-01  8.72665560e-01
  -4.72250168e-01  8.72461105e-01 -9.91330185e-03 -2.88364889e-01
  -9.99217300e-01  6.03483345e-01 -2.55430060e-01 -8.49292664e-01
   8.93402264e-01  1.75324370e-01 -9.81616838e-01  9.63307050e-01
  -9.04573390e-01 -1.10587208e-01 -9.12583206e-01 -9.29011867e-01
   3.37929590e-02  5.74908016e-01  8.95108577e-01 -4.97234307e-01
   5.18798286e-02 -9.91542314e-01  4.01916300e-01  9.59021864e-01
   6.76850107e-01  5.48863408e-02  8.28900090e-01 -5.02763300e-02
  -2.15169462e-01  8.34722363e-01 -6.93495608e-01 -5.96246592e-01
  -1.96873328e-01 -2.05703422e-01 -9.34294677e-01  6.00130654e-01
   3.58730256e-01  7.04623099e-02  4.00281932e-01  2.42086880e-01
   4.76177591e-01 -9.80542661e-01  2.36832526e-01  6.65858646e-01
   3.04037599e-01  5.72022390e-01  8.08051588e-01  8.77232558e-01
  -8.36238507e-01 -5.38270498e-01  3.54857512e-01 -9.43893011e-01
   4.51496772e-01  5.69064147e-01  8.84369933e-01 -1.51865752e-01
  -3.03710215e-01 -7.41560790e-01 -9.21142897e-01 -5.89259756e-01
   8.55929350e-01 -8.22987851e-01 -9.04180394e-01 -5.04184356e-01
  -5.47777356e-01 -8.63893924e-01 -9.60550531e-01  5.43606504e-01
  -8.23639253e-01 -9.64120525e-01  7.56154393e-01 -4.52683861e-01
   3.66625381e-02  6.59975184e-01  4.26746428e-01  3.87699423e-01
  -5.71817906e-01 -9.32476357e-01  7.34284766e-02  2.52332657e-01
  -4.83219782e-02  5.21495901e-01  7.69195900e-02 -1.57550156e-01
  -9.55827522e-01  6.18986788e-01 -5.94214517e-01 -3.89567506e-01
  -4.03753409e-01  1.86269759e-01 -9.24271612e-01  5.45822083e-01
   4.21529475e-01 -5.33716039e-01  6.57973547e-01  9.38145833e-01
   7.27254636e-01 -9.01973433e-01  5.27602163e-01  9.05423186e-01]
 [ 0.00000000e+00  0.00000000e+00  0.00000000e+00  0.00000000e+00
   0.00000000e+00  0.00000000e+00  0.00000000e+00  0.00000000e+00
   0.00000000e+00  0.00000000e+00  0.00000000e+00  0.00000000e+00
   0.00000000e+00  0.00000000e+00  0.00000000e+00  0.00000000e+00
   0.00000000e+00  0.00000000e+00  0.00000000e+00  0.00000000e+00
   0.00000000e+00  0.00000000e+00  0.00000000e+00  0.00000000e+00
   0.00000000e+00  0.00000000e+00  0.00000000e+00  0.00000000e+00
   0.00000000e+00  0.00000000e+00  0.00000000e+00  0.00000000e+00
   0.00000000e+00  0.00000000e+00  0.00000000e+00  0.00000000e+00
   0.00000000e+00  0.00000000e+00  0.00000000e+00  0.00000000e+00
   0.00000000e+00  0.00000000e+00  0.00000000e+00  0.00000000e+00
   0.00000000e+00  0.00000000e+00  0.00000000e+00  0.00000000e+00
   0.00000000e+00  0.00000000e+00  0.00000000e+00  0.00000000e+00
   0.00000000e+00  0.00000000e+00  0.00000000e+00  0.00000000e+00
   0.00000000e+00  0.00000000e+00  0.00000000e+00  0.00000000e+00
   0.00000000e+00  0.00000000e+00  0.00000000e+00  0.00000000e+00
   0.00000000e+00  0.00000000e+00  0.00000000e+00  0.00000000e+00
   0.00000000e+00  0.00000000e+00  0.00000000e+00  0.00000000e+00
   0.00000000e+00  0.00000000e+00  0.00000000e+00  0.00000000e+00
   0.00000000e+00  0.00000000e+00  0.00000000e+00  0.00000000e+00
   0.00000000e+00  0.00000000e+00  0.00000000e+00  0.00000000e+00
   0.00000000e+00  0.00000000e+00  0.00000000e+00  0.00000000e+00
   0.00000000e+00  0.00000000e+00  0.00000000e+00  0.00000000e+00
   0.00000000e+00  0.00000000e+00  0.00000000e+00  0.00000000e+00
   0.00000000e+00  0.00000000e+00  0.00000000e+00  0.00000000e+00
   0.00000000e+00  0.00000000e+00  0.00000000e+00  0.00000000e+00
   0.00000000e+00  0.00000000e+00  0.00000000e+00  0.00000000e+00
   0.00000000e+00  0.00000000e+00  0.00000000e+00  0.00000000e+00
   0.00000000e+00  0.00000000e+00  0.00000000e+00  0.00000000e+00
   0.00000000e+00  0.00000000e+00  0.00000000e+00  0.00000000e+00
   0.00000000e+00  0.00000000e+00  0.00000000e+00  0.00000000e+00
   0.00000000e+00  0.00000000e+00  0.00000000e+00  0.00000000e+00
   0.00000000e+00  0.00000000e+00  0.00000000e+00  0.00000000e+00
   0.00000000e+00  0.00000000e+00  0.00000000e+00  0.00000000e+00
   0.00000000e+00  0.00000000e+00  0.00000000e+00  0.00000000e+00
   0.00000000e+00  0.00000000e+00  0.00000000e+00  0.00000000e+00
   0.00000000e+00  0.00000000e+00  0.00000000e+00  0.00000000e+00
   0.00000000e+00  0.00000000e+00  0.00000000e+00  0.00000000e+00
   0.00000000e+00  0.00000000e+00  0.00000000e+00  0.00000000e+00
   0.00000000e+00  0.00000000e+00  0.00000000e+00  0.00000000e+00
   0.00000000e+00  0.00000000e+00  0.00000000e+00  0.00000000e+00
   0.00000000e+00  0.00000000e+00  0.00000000e+00  0.00000000e+00
   0.00000000e+00  0.00000000e+00  0.00000000e+00  0.00000000e+00
   0.00000000e+00  0.00000000e+00  0.00000000e+00  0.00000000e+00
   0.00000000e+00  0.00000000e+00  0.00000000e+00  0.00000000e+00
   0.00000000e+00  0.00000000e+00  0.00000000e+00  0.00000000e+00
   0.00000000e+00  0.00000000e+00  0.00000000e+00  0.00000000e+00
   0.00000000e+00  0.00000000e+00  0.00000000e+00  0.00000000e+00
   0.00000000e+00  0.00000000e+00  0.00000000e+00  0.00000000e+00
   0.00000000e+00  0.00000000e+00  0.00000000e+00  0.00000000e+00
   0.00000000e+00  0.00000000e+00  0.00000000e+00  0.00000000e+00
   0.00000000e+00  0.00000000e+00  0.00000000e+00  0.00000000e+00
   0.00000000e+00  0.00000000e+00  0.00000000e+00  0.00000000e+00
   0.00000000e+00  0.00000000e+00  0.00000000e+00  0.00000000e+00
   0.00000000e+00  0.00000000e+00  0.00000000e+00  0.00000000e+00
   0.00000000e+00  0.00000000e+00  0.00000000e+00  0.00000000e+00
   0.00000000e+00  0.00000000e+00  0.00000000e+00  0.00000000e+00
   0.00000000e+00  0.00000000e+00  0.00000000e+00  0.00000000e+00
   0.00000000e+00  0.00000000e+00  0.00000000e+00  0.00000000e+00
   0.00000000e+00  0.00000000e+00  0.00000000e+00  0.00000000e+00
   0.00000000e+00  0.00000000e+00  0.00000000e+00  0.00000000e+00
   0.00000000e+00  0.00000000e+00  0.00000000e+00  0.00000000e+00
   0.00000000e+00  0.00000000e+00  0.00000000e+00  0.00000000e+00
   0.00000000e+00  0.00000000e+00  0.00000000e+00  0.00000000e+00
   0.00000000e+00  0.00000000e+00  0.00000000e+00  0.00000000e+00
   0.00000000e+00  0.00000000e+00  0.00000000e+00  0.00000000e+00
   0.00000000e+00  0.00000000e+00  0.00000000e+00  0.00000000e+00
   0.00000000e+00  0.00000000e+00  0.00000000e+00  0.00000000e+00
   0.00000000e+00  0.00000000e+00  0.00000000e+00  0.00000000e+00
   0.00000000e+00  0.00000000e+00  0.00000000e+00  0.00000000e+00
   0.00000000e+00  0.00000000e+00  0.00000000e+00  0.00000000e+00
   0.00000000e+00  0.00000000e+00  0.00000000e+00  0.00000000e+00
   0.00000000e+00  0.00000000e+00  0.00000000e+00  0.00000000e+00
   0.00000000e+00  0.00000000e+00  0.00000000e+00  0.00000000e+00
   0.00000000e+00  0.00000000e+00  0.00000000e+00  0.00000000e+00
   0.00000000e+00  0.00000000e+00  0.00000000e+00  0.00000000e+00
   0.00000000e+00  0.00000000e+00  0.00000000e+00  0.00000000e+00
   0.00000000e+00  0.00000000e+00  0.00000000e+00  0.00000000e+00
   0.00000000e+00  0.00000000e+00  0.00000000e+00  0.00000000e+00
   0.00000000e+00  0.00000000e+00  0.00000000e+00  0.00000000e+00
   0.00000000e+00  0.00000000e+00  0.00000000e+00  0.00000000e+00
   0.00000000e+00  0.00000000e+00  0.00000000e+00  0.00000000e+00
   0.00000000e+00  0.00000000e+00  0.00000000e+00  0.00000000e+00
   0.00000000e+00  0.00000000e+00  0.00000000e+00  0.00000000e+00
   0.00000000e+00  0.00000000e+00  0.00000000e+00  0.00000000e+00
   0.00000000e+00  0.00000000e+00  0.00000000e+00  0.00000000e+00
   0.00000000e+00  0.00000000e+00  0.00000000e+00  0.00000000e+00
   0.00000000e+00  0.00000000e+00  0.00000000e+00  0.00000000e+00
   0.00000000e+00  0.00000000e+00  0.00000000e+00  0.00000000e+00
   0.00000000e+00  0.00000000e+00  0.00000000e+00  0.00000000e+00
   0.00000000e+00  0.00000000e+00  0.00000000e+00  0.00000000e+00
   0.00000000e+00  0.00000000e+00  0.00000000e+00  0.00000000e+00
   0.00000000e+00  0.00000000e+00  0.00000000e+00  0.00000000e+00
   0.00000000e+00  0.00000000e+00  0.00000000e+00  0.00000000e+00
   0.00000000e+00  0.00000000e+00  0.00000000e+00  0.00000000e+00
   0.00000000e+00  0.00000000e+00  0.00000000e+00  0.00000000e+00
   0.00000000e+00  0.00000000e+00  0.00000000e+00  0.00000000e+00
   0.00000000e+00  0.00000000e+00  0.00000000e+00  0.00000000e+00
   0.00000000e+00  0.00000000e+00  0.00000000e+00  0.00000000e+00
   0.00000000e+00  0.00000000e+00  0.00000000e+00  0.00000000e+00]]