[[ 8.07569902e-02  4.34601210e-02  1.10695060e-01 -3.07757986e-01
   8.00487319e-01  6.90938586e-01 -5.37464166e-01  8.16459089e-01
  -1.30560001e-01  3.33008896e-01 -6.76692514e-01 -7.73532340e-01
   8.61105612e-02  1.88984321e-01  5.51163409e-01 -9.01100600e-01
  -5.03778631e-01  6.21240234e-01 -1.58385326e-01  8.76087439e-01
   6.59958068e-01 -7.75772065e-01 -8.97122209e-01  9.68889325e-01
   7.61486975e-01 -4.86959181e-01  2.78007998e-01  7.66178003e-01
   3.24155938e-01  6.47734043e-01 -4.64938600e-01 -9.92651720e-01
  -8.10160115e-01 -9.61464636e-01  8.74226127e-01 -3.01860410e-01
   7.05126608e-01 -7.44094133e-01  7.06213252e-01 -1.74086792e-01
  -5.73656298e-01  3.48926408e-01  5.19746597e-01  4.59274086e-01
   5.23819725e-01  4.91510926e-01  3.87536660e-01  1.72813183e-01
  -1.34083084e-01  1.66956092e-01  7.39930031e-01  5.43868643e-01
   2.73398323e-01 -5.90055357e-01 -2.20357816e-01  9.44295274e-01
   7.38512084e-01 -1.36328750e-01  6.69304990e-01 -4.37639141e-01
   2.03371142e-01  6.26016658e-01  3.19429351e-01  6.89980721e-01
   9.33536728e-01 -1.80310879e-01  1.44685721e-01  8.53227980e-01
  -5.58288708e-01  2.65916320e-01  1.74475900e-01  2.58908687e-01
  -3.51154080e-02  7.28901315e-01  4.24497688e-02 -2.46254879e-02
  -8.31506512e-01 -6.35014378e-01  4.05913818e-01  8.71509412e-01
  -7.67429817e-01  7.82447152e-01  1.95312620e-01  5.53649597e-01
  -7.50650091e-01  1.83552480e-01  7.95526658e-01  9.06949886e-01
  -3.85904053e-01  2.42440768e-01 -5.59705467e-01  1.60944852e-01
   1.89899899e-01 -4.25876080e-01 -1.58124936e-01  2.00882033e-01
   2.26704093e-01  5.95377955e-01  6.27681308e-01  4.45064813e-01
  -1.36382090e-01 -7.12387547e-01  2.21432935e-01  9.93212248e-01
   2.77356873e-01 -3.89297805e-01  7.87330312e-01 -6.80562865e-01
   3.77935991e-01 -7.81967628e-01  3.58912481e-01 -8.00773498e-03
  -8.69142810e-01 -3.01223329e-01 -4.92303306e-01  6.67395517e-01
  -3.64757483e-02  1.09680319e-01  4.76752901e-01 -3.83630306e-01
  -9.81221681e-01 -8.91724442e-01  7.73559116e-01 -5.93316343e-01
  -8.84126511e-01 -1.95765876e-01 -4.10275271e-01  2.28594607e-01
   3.88027961e-01 -5.00023933e-01  6.69194947e-02  8.04719541e-01
   8.07673547e-01 -5.35843819e-01 -4.48780754e-01  9.20229086e-01
  -2.12016552e-01 -2.83756049e-01  3.29757362e-01  4.01957049e-01
  -8.27999457e-01  8.32077504e-01 -3.84809554e-01 -4.03545166e-01
   5.05988826e-02 -2.14790021e-01 -4.32625055e-02 -1.50912701e-01
  -6.63621137e-01  8.61566144e-01  7.95294932e-01 -9.81800299e-01
  -6.82623773e-01 -8.04859270e-01 -2.00600805e-02  8.18215815e-02
  -5.70531484e-02 -5.59953484e-01 -1.11426389e-01  8.85558123e-01
   6.59140838e-01  6.81583963e-01  2.72796353e-02  1.24156620e-01
  -1.97163773e-01 -8.66948677e-01  8.90910430e-03 -5.17989615e-01
   7.92300503e-01 -3.56369691e-01 -6.66083200e-01 -9.28192386e-01
   3.49205799e-01  2.41792220e-01 -2.23428964e-01 -6.19469906e-01
  -4.90445841e-01  2.36669781e-01  8.61404737e-01  3.83177552e-01
   5.92811507e-01  9.84884181e-01  9.04722073e-01 -5.93828769e-01
   6.31920858e-01  9.64918936e-01  2.77128407e-01  9.94374102e-01
   6.85484225e-01 -8.43258734e-01 -7.79068922e-01  7.25239832e-01
   9.06021955e-01 -1.53271295e-01 -1.34329785e-03 -2.63861028e-01
   5.50179141e-01  5.04247723e-01  5.12946311e-01  4.05744845e-02
   9.13469523e-01  6.10269216e-01  6.73984442e-01 -2.78156511e-01
   6.82025264e-01 -4.76167755e-01 -1.31144297e-02 -2.99948274e-01
  -5.96925150e-01  4.28835753e-01  3.63153045e-01 -8.41796238e-01
  -6.99803699e-01  6.58487190e-01  6.15800651e-01 -6.42399679e-01
  -6.24191358e-01  1.52465558e-01  7.35252113e-01 -5.51205105e-01
   1.27796846e-01 -1.03747329e-01 -2.10803987e-02 -5.93535448e-01
   7.73069409e-01  4.23416038e-01 -6.11074895e-01  4.29738509e-01
  -2.32985264e-01 -7.32033075e-01  3.38593110e-01  2.66774949e-01
  -7.90003353e-01 -6.06880464e-01  3.14091001e-01 -5.96376940e-01
   4.82337663e-01 -4.56769377e-01 -7.43920548e-01  1.84339638e-01
   2.41179164e-01  6.27340907e-01 -7.51319146e-01  7.22184560e-01
   7.31052959e-01 -1.34025230e-01 -7.41089865e-01  1.57165372e-01
   4.86318065e-01  9.60399681e-01]
 [-6.30000722e-02  5.04009036e-01  3.16307554e-02  8.60666636e-02
   2.00570290e-01  5.49365421e-01  6.74968155e-01  1.00314579e-01
  -7.11719547e-01  9.65617517e-01  5.81486960e-01  1.24495167e-01
  -7.11155595e-01  5.53194261e-01  6.75159606e-01 -2.88850815e-01
  -7.05181399e-01  1.22606268e-01 -8.82006727e-02 -9.50054291e-01
   2.28469586e-01  6.95015943e-01  7.85002515e-01  8.03018984e-01
   9.63839603e-01  7.61729454e-01  3.37485398e-01  2.12089375e-01
   5.06322450e-01  5.49121334e-01 -7.90053627e-01 -3.60232678e-02
  -5.17932124e-03  1.22165360e-01  8.59989795e-01  8.89748217e-01
  -5.43241312e-01  6.40581231e-01  3.98874058e-01  5.75537838e-01
  -1.51608452e-01  7.97307546e-01  4.24694965e-01  5.77656372e-01
  -8.59861728e-01 -9.89613805e-01 -4.86050083e-01 -6.41287690e-01
   6.17650550e-01  3.42979342e-01 -9.55545596e-01  3.57866193e-01
  -5.59976461e-01  7.53163233e-01  5.38673685e-01  5.21737329e-01
   3.75542307e-01 -7.44342637e-01  1.91530310e-01  2.60175943e-01
   9.88868692e-01 -5.83832628e-01  1.04937671e-01 -5.67934852e-04
   4.57625819e-01 -7.84936262e-01  9.99180622e-01 -4.03467372e-01
   4.68473921e-01 -8.54167292e-01  3.24085112e-01 -1.49221092e-01
  -8.95883104e-01  2.64846623e-01 -6.90073013e-01  2.83887569e-02
   9.84551824e-01 -9.50817107e-01 -8.92830861e-01 -3.76824464e-02
   5.96168759e-01 -4.37066991e-01 -8.58104763e-01  6.23303437e-01
   9.45112369e-01  2.93776381e-01  5.79848107e-01 -3.38582416e-01
  -9.09110475e-01  2.47703423e-01 -5.60728121e-01  9.88577770e-01
  -1.58306231e-01 -7.99665861e-01 -4.81002221e-01 -8.33484099e-01
   5.38027166e-01 -8.31925439e-01 -1.93278932e-01 -3.06252988e-01
  -1.92242395e-01  8.28818285e-01  2.68582101e-01 -8.08883968e-02
   5.18885371e-01 -2.67747128e-01 -2.79203095e-01  6.11847092e-01
   1.03898524e-01  3.54847954e-03  4.57334256e-01 -2.60117936e-01
  -2.24573542e-01 -8.93684540e-01  9.75485555e-01  7.52143581e-01
  -5.73900062e-01 -8.39946604e-02  7.76985032e-01 -8.01843551e-01
  -9.01958067e-01 -3.50625699e-01  6.43493753e-02 -6.74169804e-01
  -8.81672711e-01  7.91708774e-01 -4.19435152e-01 -1.32296656e-01
  -4.24130825e-01 -2.54395048e-02 -6.85774885e-01 -4.98380711e-01
   6.90920463e-01 -8.28335289e-01 -2.68684221e-01  2.21886475e-01
  -2.99765496e-01  3.04634568e-01  8.48067999e-01 -5.20766663e-01
  -4.36222404e-01 -5.63836864e-01 -4.53623494e-01 -6.66729975e-01
   9.69139934e-01 -9.63165768e-01  4.28957803e-02 -6.52091044e-01
   1.78640740e-01 -6.13396174e-01  7.88302881e-01 -2.84753964e-01
  -6.61277915e-01 -5.33259158e-01 -9.79405632e-01  9.41766571e-01
  -6.97924918e-01 -3.06980643e-01 -2.13380950e-02 -7.70612012e-02
  -4.46519703e-01  1.76063822e-01  1.54817867e-01 -3.53770829e-01
  -7.14303715e-01  2.51400908e-01 -9.17812194e-01 -7.11675124e-02
  -1.78518076e-01 -4.42468246e-01  7.03056536e-01  9.55180461e-02
  -8.94663174e-01 -8.51917149e-01 -7.91756108e-01  6.72689956e-02
  -7.77100150e-01  1.44863445e-01  1.75209161e-01 -7.25319280e-01
  -4.19473012e-01  3.04764600e-01  5.15018621e-01  3.60875501e-01
  -3.66743961e-01 -3.12029792e-01  2.05692423e-01 -1.14841357e-01
  -2.01652280e-01  8.93433362e-02 -2.88048035e-02 -3.88994277e-01
   1.76273877e-01  8.20144808e-01 -1.72210902e-01 -2.11227724e-01
  -8.40346398e-01 -5.85850120e-01 -6.00237470e-01  3.15942466e-01
   1.96709799e-01 -6.00477978e-01  4.34188206e-01  2.48492908e-01
   7.90167057e-01  2.67418131e-01 -6.09700251e-01 -1.26629793e-01
  -9.93517365e-01  7.74345381e-01 -2.37838096e-01 -7.59217799e-01
   9.37206536e-01  8.06295134e-01  1.72981609e-01  1.18107894e-01
   7.60706913e-02  2.20694790e-01  5.89335199e-01 -2.47504418e-01
  -2.58750323e-01 -7.43188412e-01 -2.48078224e-01  5.63553965e-01
  -4.38586402e-01 -9.11544722e-02 -7.87530910e-01 -7.71240265e-01
  -8.20650508e-01  7.38155402e-01  7.93420197e-02 -8.35984958e-02
   3.81019055e-03 -5.30842285e-01  4.09720749e-01  8.61757342e-01
  -7.52354465e-01  7.49251949e-01 -5.74511320e-01  2.83732764e-01
  -4.65086398e-01 -3.07282955e-01 -8.85009380e-01  3.76073288e-01
  -4.39015751e-01 -4.52742319e-01 -6.70497396e-01  8.92423598e-01
   5.44331749e-03  9.84608426e-01]
 [-1.71783718e-01 -3.62900498e-01  4.78472117e-01 -3.73161242e-01
  -7.85701828e-01 -3.13947767e-01 -7.90016719e-01  9.62894756e-01
   7.98996078e-01  3.65942610e-01 -6.69110229e-01 -4.43652975e-01
  -3.26907204e-01 -6.80106148e-01 -7.87801248e-01 -8.46736263e-01
  -6.85748191e-01 -3.70488296e-01  5.85177459e-01  1.00813979e-01
  -4.69957474e-01 -2.20946376e-02 -7.55233625e-01 -6.00337871e-01
   2.21581227e-01  6.08348340e-03  7.81677197e-01 -7.21108190e-01
   3.04663414e-01 -8.65973654e-01  3.70581892e-01 -7.60700214e-01
   5.07424202e-01  8.24189779e-01  1.83726191e-01  7.43156145e-01
  -2.59233889e-01 -6.04655760e-01  4.15342464e-01 -5.20565212e-01
   8.81152979e-01 -6.04170738e-01 -4.30812213e-02 -5.23069807e-01
  -6.33205496e-01  2.41861140e-01 -5.75785256e-01  3.44908732e-01
  -5.28679088e-01  1.08800887e-01 -7.84093796e-01  7.42601569e-01
  -8.81380693e-01  5.05213253e-01  2.25623801e-01 -6.22665026e-01
   4.46442038e-02 -5.61647890e-01 -3.06616799e-01  1.18106860e-01
  -9.71557400e-01  4.96353282e-02  1.23795359e-01 -8.32124823e-01
  -6.47065325e-01 -6.34858796e-01 -1.42519238e-01  3.32069719e-01
  -9.94434799e-01  5.23228194e-01  6.62253718e-01 -4.93776047e-01
   7.26355835e-01  5.57948006e-01  2.90520393e-01  5.68529778e-01
   9.44648404e-01 -8.57457934e-01  2.69921255e-01  6.21542910e-01
   6.78472700e-01  8.63513265e-01  4.12844774e-01  7.41221208e-01
  -9.56139725e-01 -8.06514789e-01  9.94389766e-01  1.46050328e-01
  -2.77478463e-01 -5.24219394e-01  4.90640702e-01  8.82531358e-01
  -3.22156814e-01 -2.85214225e-01  8.03590929e-01 -8.23236876e-01
  -7.95860210e-01  9.92275981e-02  3.69500094e-01 -6.76914669e-04
  -7.26091715e-01 -4.59465029e-01 -7.64047769e-01 -7.53363197e-01
   3.74473665e-01 -8.75704516e-01 -4.59836372e-01 -3.92973699e-01
  -9.44821672e-01 -1.95695810e-01  3.23654644e-01  6.95123295e-01
   1.11612048e-01  1.20666758e-01  7.50131280e-01 -4.55691017e-01
  -5.75237612e-01  1.44835826e-01  3.47487916e-01 -3.84489781e-01
   8.93365966e-01  8.29950373e-01 -8.75415099e-01 -8.91174462e-01
  -3.21623246e-01 -2.33593811e-01 -9.44384700e-01  3.29484267e-01
   9.84600361e-01  8.46955789e-01  4.09727170e-01 -3.92099148e-01
   4.57903839e-01  2.68458761e-01  7.07734618e-01  9.92295381e-01
  -6.72191155e-01 -3.44787391e-01 -2.18351101e-01  2.09220574e-02
   9.21476854e-01 -7.29195553e-01  6.52932611e-01 -3.49057365e-01
   2.09117793e-02  8.42108341e-01  3.61006575e-01  6.49286809e-02
  -6.04415295e-01 -6.58878345e-01 -6.48699770e-01  2.57001927e-01
   3.65170518e-01 -9.38771118e-01  2.37872993e-01 -6.85981039e-01
  -4.61620506e-01  5.34581637e-01 -2.39095869e-01  9.19343111e-01
  -3.87605599e-01 -7.30116041e-01  2.15588676e-01  2.76363706e-01
   5.29217005e-01  8.36103935e-01 -8.85253037e-02 -8.82302067e-01
  -9.21460165e-01 -6.51192696e-02  7.29985162e-01 -9.39207558e-02
   9.89475822e-01 -2.56848647e-01 -3.42391540e-01 -8.21623556e-01
   4.25584760e-01  1.98227364e-01 -3.83746002e-01 -3.07276520e-01
   5.05917280e-01  9.35290342e-02 -2.69465648e-01 -5.68424737e-01
   5.41912972e-01  8.34534454e-01  4.44457105e-01  9.25315663e-01
   9.88311503e-01  1.80318949e-01  8.31810554e-01  8.51188431e-02
   5.05247801e-02  1.75832320e-02  4.12615797e-01 -4.93934754e-01
  -3.86660108e-01  3.16882239e-01 -3.61199685e-01  2.50695646e-01
   1.84002837e-01 -3.74967035e-01  2.61208247e-01  4.49567233e-02
  -8.76421377e-01 -9.63349342e-01  8.55365577e-01  9.16711259e-01
  -1.16758037e-01 -8.92941712e-01 -5.71229842e-01  2.80192731e-01
  -9.42680752e-01 -1.69857004e-01 -3.11138087e-01 -6.21419841e-01
   4.99433418e-01  7.24139645e-01  6.68860845e-01 -6.09949355e-01
   3.84999280e-01 -6.80963647e-01 -5.19365247e-01 -7.22481868e-01
   9.10573202e-01 -3.58647748e-01  9.35740810e-01 -5.04886181e-01
  -3.71911231e-01  5.28198602e-01 -6.35793518e-01  3.51406562e-01
   2.84948268e-01 -6.39783813e-01  9.25087163e-01 -7.28270621e-01
  -7.03697533e-01  3.21202594e-01  5.37453590e-03 -3.81582706e-01
   5.18935207e-01 -3.43479797e-01  5.15324186e-02 -3.81164873e-01
  -5.23210273e-01  1.15123811e-01 -6.52828460e-01  9.49476517e-01
   5.91529085e-01  6.74237661e-01]
 [-8.63887808e-01 -3.42907013e-01 -5.17495199e-01  1.31297995e-01
  -6.62163804e-01 -6.09338352e-01 -2.44521124e-01  9.30500517e-01
   7.46730247e-01  6.96975095e-01  3.78400087e-01 -6.94414258e-01
   5.78183206e-01 -9.28728699e-01  5.38396023e-01  6.92550244e-02
  -4.46968859e-01  5.85959036e-02  3.45964260e-01  9.58426603e-01
  -4.93737018e-01  9.34111670e-01  3.45061899e-01 -6.43418231e-01
   6.66778500e-01 -1.84702366e-02  2.82162789e-01  6.34164347e-01
  -8.40387865e-02  9.97514613e-03  6.04033066e-02 -5.09094932e-01
  -4.13950308e-01 -2.34475619e-01 -7.16396113e-01  8.70333865e-01
  -2.21303602e-01 -4.85585477e-01 -5.28033551e-01  6.60061416e-02
   3.21036477e-01  4.26928072e-01  7.96289026e-01  5.08929947e-02
   5.29983138e-01 -3.76358817e-01 -4.43577964e-01 -1.95405080e-01
   8.10343733e-01 -8.71036817e-01  5.88481891e-01 -6.04536284e-01
  -9.25963013e-02  6.16483115e-01  1.72349725e-01 -9.24359396e-01
  -7.05922400e-01 -8.72468512e-01 -5.33327765e-01 -5.65244974e-01
   8.51371759e-01 -4.17860458e-01 -2.12912535e-01 -9.56190643e-01
   3.23386494e-01  9.26285777e-01  1.38480817e-03 -1.26140965e-01
   2.24014154e-01  7.96947931e-01  4.95609360e-01  2.55479722e-01
  -5.03140422e-01 -9.38386429e-01  5.85700727e-01  4.66023792e-02
  -6.26919696e-01 -5.30109492e-03 -4.52595760e-01 -6.54185789e-01
   2.02885838e-01  9.54963431e-01 -4.27112165e-01 -2.59394828e-01
  -4.99929174e-01  2.36125561e-01 -4.71893455e-01 -9.00005803e-01
  -2.67187459e-01  9.11577087e-01  7.64075717e-01  2.12455480e-01
   7.89989351e-01  4.10869232e-01 -1.22458628e-01 -5.33578309e-02
   1.58598357e-01  1.08245742e-01  8.93144174e-01 -7.16265629e-01
  -1.38754587e-01  6.63139924e-01  8.31644946e-01  3.00922245e-01
   7.39127033e-01  9.15989989e-01  6.16003164e-01 -2.03016794e-01
   3.76333873e-01  6.28479894e-01 -1.35694042e-01  1.16388204e-01
   7.76315438e-01  5.77138456e-01  9.28498602e-01 -1.34874407e-01
  -6.19864560e-01  1.56155437e-01 -6.49966822e-01  6.45528778e-01
  -2.99324981e-01  4.89419043e-01  5.13180830e-01  1.84227131e-01
   9.31354361e-01 -5.56994412e-02 -7.73221478e-01  2.31067641e-01
   9.78393566e-01 -3.42779742e-02  4.27517237e-01 -9.42453782e-01
  -2.37576811e-01  4.26823267e-01 -6.77991818e-01 -5.95857960e-01
  -3.07817072e-01 -4.11748180e-01 -8.68693769e-01 -2.70187457e-01
  -9.48650286e-01 -3.06349292e-02 -1.91804416e-01 -1.86845328e-02
  -5.68412589e-02  6.90125882e-01 -9.89581673e-01 -5.66647422e-01
   9.82010842e-01  4.41216193e-01 -1.77043197e-01  8.42770334e-01
  -2.49192872e-01 -3.83772775e-01 -2.91669456e-01 -9.19351584e-01
   9.78783009e-01  8.23564329e-02  2.15022111e-01  6.08943626e-01
   9.84759162e-01 -7.16506404e-01 -9.51761843e-01 -5.14988957e-01
  -9.01494507e-01 -9.51961648e-01 -2.68312131e-01  7.09488664e-01
   4.38642212e-01 -6.60699512e-01 -6.50212929e-01  7.85049968e-01
   7.58396824e-01 -6.67768554e-01 -9.08688420e-01 -5.95846178e-01
  -8.83924164e-01 -9.02378476e-01 -8.14207381e-01  1.22130074e-01
   9.09177399e-01  1.13154190e-01  7.98141922e-01 -5.46694775e-01
   1.57897830e-02  6.04388812e-01  8.85710925e-01  2.85730872e-01
  -6.83305961e-01 -6.11924492e-01 -2.67304436e-01  9.13235293e-01
  -6.64369649e-02  5.17597017e-01  6.97556047e-01 -2.94777854e-01
  -3.48779005e-01 -5.14421359e-01  6.11321061e-01 -7.05570600e-01
  -7.31952806e-01 -1.90279256e-01 -6.77825812e-01  5.22881329e-01
   6.53430535e-01 -5.88598998e-01 -8.41144538e-01 -4.68175343e-01
   8.75806532e-01 -2.02201560e-01  9.63028868e-02 -3.24891628e-02
  -5.94246171e-01 -1.62715635e-01 -4.99095012e-01  7.88090417e-01
   9.60435512e-01  1.37184897e-01  2.55335291e-02  3.84727549e-01
   9.24852325e-01 -7.21812662e-02 -1.53353505e-01  5.66570185e-01
   2.61071091e-01  1.69908744e-01  5.48567604e-01 -9.56217855e-02
  -9.55374292e-01  9.61037213e-01  9.97600229e-01  2.26415827e-01
  -5.81561073e-01 -7.48988479e-01 -2.77007770e-01  4.20440730e-01
   5.12102198e-01  1.00902385e-01  8.33530194e-01 -3.74877174e-02
   6.58782586e-01  3.50842451e-01  6.51407877e-01 -9.62803583e-01
   6.84028003e-01  7.45305408e-01  4.20961063e-01 -5.93696866e-01
  -6.76888699e-01  4.72062782e-01]
 [ 8.14139245e-01 -4.76965391e-01 -8.07049471e-01 -6.83771912e-01
  -5.31503642e-01 -2.52574823e-01 -5.77759763e-01 -8.22514247e-01
   2.85865385e-02 -9.59161663e-01 -9.00573882e-01 -2.47164005e-01
  -8.05784925e-01 -8.65146011e-01  6.09174555e-01 -9.17516503e-01
   1.43451040e-01  4.38875061e-01 -1.90152724e-01 -1.49876962e-01
   4.07767052e-01 -7.35583914e-01  9.15927316e-01  8.28855087e-01
  -6.76233873e-03  2.21605588e-01 -1.92440041e-01  3.10765327e-01
   2.16311437e-01 -7.53651566e-01 -9.79844748e-01 -9.19913027e-01
  -4.95729875e-01 -7.69957037e-01 -2.39578077e-02 -7.20069362e-02
   9.84155054e-01 -7.66242163e-02 -8.72042938e-01 -1.37547067e-01
   6.13084471e-01  1.37791965e-01  7.64369723e-01  7.87392296e-01
   7.88485678e-01 -7.38696710e-01  7.19670854e-01 -8.33519422e-01
   2.86768910e-01 -8.08877202e-01  7.65815614e-01  6.42798586e-01
  -5.27593557e-01  5.14933234e-02 -9.34191661e-01  2.47497471e-01
   3.58264264e-01 -5.85594524e-01  3.93562070e-01  2.24360222e-01
   4.25284807e-01 -2.74014751e-01 -9.34865196e-01 -4.88840010e-01
  -1.24320053e-01  1.74468942e-01  6.33512934e-01 -3.77472242e-01
   1.94911183e-02  9.37725165e-01 -3.83064220e-01 -5.10929977e-01
   2.29158745e-01 -8.57050763e-01  2.63230991e-01  4.50951982e-01
  -4.20643046e-01 -7.13064445e-01 -4.89675791e-01  5.36928512e-01
   1.53065464e-01 -7.09882729e-01  8.67006034e-01  3.00684526e-01
  -3.64235897e-01  3.69170848e-01  4.55890923e-01  7.12956344e-01
   7.55442737e-01 -3.13552541e-01  1.76072199e-01  9.75023351e-01
  -8.91239649e-01  3.89686466e-01 -4.70389336e-01  9.25161003e-01
   5.02144400e-01 -7.19117113e-01  5.81035579e-01 -8.73960849e-01
  -2.39392251e-01 -1.52073405e-01  6.40826958e-01  3.55487430e-01
  -7.92728688e-01  4.49111435e-01 -3.58088130e-02  9.51730418e-01
  -2.55058411e-01  8.21434359e-01 -6.79777788e-01 -9.12727015e-01
   4.04620919e-01 -7.38906956e-01 -5.00786175e-01 -6.71871658e-02
   9.64683934e-01 -2.06085624e-01  7.17411646e-01  4.58572471e-01
   5.65706063e-02  6.80758893e-01  8.84381741e-01 -7.15377267e-01
  -3.80416352e-01 -5.63704632e-03  8.01911129e-01  7.93100226e-01
   6.98800784e-01 -1.07787884e-01  5.27714068e-01  9.05630138e-02
  -8.23480931e-01 -3.18142710e-01 -6.29413699e-01 -2.10141589e-01
   6.91499073e-01 -6.26763110e-01  3.31648793e-01  5.43466561e-01
  -3.52485374e-02 -4.19394399e-01 -5.39274988e-01 -4.27475412e-01
   7.19043110e-01 -8.21330064e-01  7.97128724e-01  2.40670428e-01
   2.58576736e-01 -7.94116089e-01 -1.47700082e-01  2.71114483e-01
  -4.76493323e-02  4.06943616e-01 -2.20432447e-01 -8.34601321e-01
   4.25917228e-01 -8.76751581e-01 -3.78371602e-01  3.42344507e-02
  -2.35160706e-01  7.38757671e-01 -9.80774023e-01  6.77050406e-01
   5.74109582e-01 -1.99786712e-01  3.84654426e-01 -2.51063676e-01
   3.35911707e-01 -3.70793873e-01 -3.53016632e-01  7.59696224e-02
   6.50034543e-01  1.66707208e-01 -3.38353145e-01 -9.33004689e-01
  -6.79176333e-01  3.29779370e-01 -2.78143125e-01  8.18331256e-01
   7.89997134e-01 -4.10503921e-01  3.17083050e-01  6.19362104e-01
  -9.50528662e-01  6.54236045e-01  1.89880998e-01  3.73047878e-01
   9.18088380e-02 -3.20692367e-01  8.78131597e-01 -3.91574313e-01
   9.38298474e-01  4.55280804e-01  6.00400404e-01 -5.11787079e-01
  -8.73258544e-01 -5.84640174e-02  9.73489885e-01  7.34619852e-01
   9.19493009e-01  7.76279554e-01 -2.27911458e-01  9.33234153e-01
  -4.16790836e-01 -1.23853824e-01 -1.75491973e-01  1.70235643e-01
  -4.56207940e-04 -4.49541958e-01  1.95823316e-01  7.70378442e-01
   7.19247464e-01  9.82904287e-01  5.67774476e-02 -7.65737742e-01
  -8.19877161e-01  2.08500797e-01  1.41332342e-01 -8.68005756e-01
  -1.19031599e-01  6.05487532e-01  6.85831638e-01  5.14360643e-01
   3.42645753e-01 -8.56167056e-01  3.62699185e-01 -9.60236081e-01
  -1.56954640e-01  9.20093567e-01  4.90845320e-01  1.28930003e-01
  -9.04511496e-01 -3.00650906e-01 -4.74855121e-01 -1.86963058e-01
  -1.59776053e-01  5.39606400e-01  1.04657616e-01  9.69943127e-01
   3.63111933e-01 -2.62426966e-01 -3.99620913e-02 -8.88707664e-01
   2.64649633e-02  3.34442049e-02 -7.65077846e-01  1.34535599e-01
   1.43812847e-01 -2.73033178e-01]
 [-9.74809569e-01 -9.70392386e-01 -5.44808861e-01 -1.54359378e-01
   8.84875131e-01 -5.25165684e-01  6.36164575e-01  8.86606134e-01
   6.14886444e-01  3.00056229e-02 -2.29227791e-02 -1.58420541e-01
   6.43711858e-01 -2.88068523e-01  3.18885247e-01 -5.53881733e-01
   6.20296973e-01 -2.50246524e-01  1.43071615e-01 -4.40926986e-01
  -3.85235314e-01 -6.70521168e-01  4.91780716e-01 -4.87699293e-01
   7.64536675e-01  5.79015108e-01  3.63078049e-01 -6.77048752e-01
   4.29238717e-01 -7.30105964e-01  5.99702693e-01  6.98969175e-01
  -5.91329845e-01 -5.98586187e-01  7.70439046e-01 -5.79365810e-02
   1.66914381e-01  2.25437283e-02  8.25866013e-02  8.95025743e-01
   1.32864075e-01 -3.13479246e-01  1.01236458e-02 -9.57773074e-02
   2.64593329e-02  8.08987210e-01  6.15555101e-01  7.97891236e-01
  -8.06737671e-01 -8.28436107e-01  3.47515403e-01 -2.21985659e-01
  -6.92131521e-01  8.76481066e-01  4.55399302e-01  5.96692942e-01
   9.60523853e-01 -1.83591295e-01 -3.97075921e-01  3.46966955e-01
   6.95844012e-01 -8.38116200e-01  1.07888663e-01 -3.28388505e-02
   4.72834661e-03 -9.22692074e-02 -7.65317879e-01  2.93812871e-01
  -4.22498176e-01 -4.56399748e-02  6.01898222e-01  9.66773032e-01
   9.10746288e-01 -9.17306785e-01  7.34505184e-01  9.61686600e-02
  -8.09866383e-01 -6.41286532e-01  4.89732134e-01 -6.13422890e-01
  -1.61298307e-01 -5.79802991e-01  7.68905169e-01  3.79204280e-01
   1.24231887e-01  4.64458453e-01 -1.77165888e-01  5.19676723e-01
  -5.01672952e-03 -6.75686590e-02  2.80577925e-01  4.49287996e-01
   5.07576244e-01  4.21531357e-01  7.33124083e-01  6.91418160e-01
   1.00874876e-01  3.14149644e-01  1.22762777e-01  7.42712876e-01
   3.60445440e-01  1.76456486e-01  5.34176828e-01  1.83153754e-01
  -3.26514562e-01 -4.55287238e-01 -1.05431005e-01 -6.56134242e-01
  -4.43459428e-01 -7.27318917e-01 -8.45724862e-01  1.69796762e-01
   3.34447058e-01  8.13760440e-01  9.28562828e-01 -2.85403215e-01
  -6.41500788e-01  4.55096653e-01 -9.08307834e-01 -1.79379904e-01
   7.72538017e-01 -3.25303301e-01 -5.55621700e-01  3.94702346e-01
   4.68894147e-01  1.34854238e-01  3.23817598e-01 -5.65118556e-02
  -5.64168754e-01  6.94838816e-01  8.07085046e-01  2.05879456e-01
  -9.01610465e-01 -8.75738108e-01  3.98838472e-01 -2.82532243e-01
  -8.36602660e-01  8.19309865e-01  6.54281976e-01  1.49266451e-01
   2.07834657e-01  9.45629010e-01  9.97197589e-01 -7.89567342e-01
  -8.62876866e-02 -8.30200442e-01 -8.97160928e-01  2.79040646e-01
  -9.42838558e-01 -9.33851732e-01 -2.49373431e-01  9.51078137e-01
   9.31033434e-01  9.86275710e-01  3.12885213e-01  5.57590202e-01
   6.92608659e-01 -1.52831067e-01 -2.19915474e-01  2.39544749e-01
   4.71857969e-01 -1.47505503e-01 -1.41538167e-01 -6.24533230e-01
   4.30694594e-03  6.16135652e-01 -2.59705590e-01  2.17470926e-01
  -8.43971393e-01  4.50012950e-01  9.63844704e-01  2.98727209e-01
   6.93107795e-01 -2.30242380e-02 -5.33372516e-01 -3.11491103e-01
   8.52546482e-01 -4.44481410e-01 -5.84101450e-01  1.83647121e-01
  -1.33372969e-01  6.09988319e-01 -2.83858095e-01 -6.19024536e-01
   1.24891515e-01 -7.82811396e-01  9.68926647e-02  4.40647003e-01
   7.49898477e-01  6.27182941e-01 -4.70311166e-01  9.25262027e-01
  -2.09182174e-01  4.68823246e-01  4.68140766e-01  1.41012492e-01
  -9.27644603e-03 -6.45850629e-01 -6.96263195e-02 -1.90827997e-01
   2.01096560e-01  3.02149699e-01  1.74339699e-01  6.64588907e-01
   5.73122134e-01  9.44629455e-01  5.24848254e-01 -3.61237291e-01
  -9.66575793e-01  7.83642214e-01 -2.24930903e-01 -7.01238530e-01
  -3.46032319e-01  8.52419923e-01  9.89645613e-01  6.27393890e-01
   9.96735229e-01 -1.70796193e-01 -1.20883643e-01 -4.42729034e-01
   7.72667555e-01  9.24462775e-01  6.74672203e-01  2.86807143e-01
   9.15902239e-01  7.61311214e-01 -2.91416404e-01 -6.90632364e-01
   4.59078073e-01  5.37700326e-01 -7.48325474e-01  2.20098547e-01
   6.28723676e-02  8.86517799e-01 -3.92133121e-01 -8.45741523e-01
   7.94671410e-01  8.63560983e-02  5.85336407e-01  7.54675465e-01
  -5.91846023e-01 -3.71431122e-01 -2.73757566e-01 -2.01615857e-01
  -3.04558933e-01  7.84334633e-02  6.85765244e-01 -1.67520828e-01
   4.11311673e-01 -3.52119181e-01]]