[[-1.03615615e+02 -3.18639123e+03  3.29001266e+03]
 [ 5.04655866e+02 -2.26742748e+01 -4.81977510e+02]
 [ 1.86197189e+02  1.40589179e+03 -1.59208320e+03]
 [ 7.60251794e+01 -1.36655190e+03  1.29053240e+03]
 [ 2.22268755e+02  1.06870748e+03 -1.29097297e+03]
 [-2.80597088e+02 -9.03232952e+02  1.18383195e+03]
 [ 4.81543734e+02 -1.02187031e+03  5.40330594e+02]
 [ 5.65032882e-01 -2.77113935e+03  2.77057903e+03]
 [-3.63671969e+02 -1.55423340e+03  1.91791164e+03]
 [ 1.09975277e+02 -2.26332034e+03  2.15334806e+03]
 [-2.74858996e+02  1.51032869e+03 -1.23546700e+03]
 [ 1.18887637e+03  2.27464910e+03 -3.46352399e+03]
 [ 2.69624686e+02  1.14621295e+03 -1.41583068e+03]
 [ 1.33456283e+02 -1.21134338e+02 -1.23136170e+01]
 [ 2.57712191e+02  2.40534651e+03 -2.66305419e+03]
 [-1.63370363e+01 -9.57999796e+02  9.74345293e+02]
 [ 1.55100234e+03 -1.62920414e+03  7.82021160e+01]
 [-2.43235753e+02  9.83727010e+02 -7.40484561e+02]
 [ 2.13767698e+02 -2.12558614e+03  1.91182267e+03]
 [ 3.42372153e+02 -1.12440180e+03  7.82035240e+02]
 [ 3.30450490e+01 -1.72806328e+03  1.69502719e+03]
 [ 7.30236800e+02 -5.95609034e+02 -1.34627434e+02]
 [-3.18847642e+02  4.01588615e+02 -8.27373505e+01]
 [-2.00320692e+02  7.61769469e+02 -5.61440630e+02]
 [-4.15857107e+02  2.83269907e+03 -2.41683603e+03]
 [-7.76023763e+01  1.03780817e+03 -9.60201795e+02]
 [ 4.46400082e+02 -1.08444333e+03  6.38049780e+02]
 [-8.54716503e+02  2.65764393e+02  5.88963726e+02]
 [-4.64294363e+02  3.77910006e+01  4.26506675e+02]
 [ 3.92754059e+01 -3.95726142e+03  3.91798847e+03]
 [-1.77960508e+02  7.39421375e+02 -5.61453929e+02]
 [-5.78060359e+02  1.01632430e+03 -4.38256799e+02]
 [ 3.09704540e+01  8.68495925e+02 -8.99458619e+02]
 [ 5.40458951e+01  7.98163637e+02 -8.52202268e+02]
 [-1.53090384e+02 -1.01569023e+03  1.16878810e+03]
 [ 5.52588599e+02  3.36809934e+03 -3.92068003e+03]
 [ 1.48837603e+02 -1.08662458e+03  9.37791591e+02]
 [-1.12243277e+02 -1.95911290e+03  2.07135943e+03]
 [-1.63622646e+03  1.36960058e+01  1.62253115e+03]
 [-1.37813731e+02 -1.04760252e+02  2.42578153e+02]
 [ 6.00163227e+02  6.46349316e+02 -1.24650846e+03]
 [-7.51148178e+02 -2.13743387e+03  2.88859049e+03]
 [-2.86949846e+02  6.93016693e+02 -4.06066917e+02]
 [ 3.37702427e+02 -1.44748718e+03  1.10978901e+03]
 [-2.85160509e+02  2.13923836e+03 -1.85407171e+03]
 [ 6.11478808e+02  2.30124531e+03 -2.91271959e+03]
 [-7.83971748e+02  9.18900649e+02 -1.34921832e+02]
 [-1.41171835e+02  2.83293343e+03 -2.69176090e+03]
 [-3.65372228e+02  1.10795117e+02  2.54575462e+02]
 [ 4.02529226e+02  3.50497571e+02 -7.53025719e+02]
 [-6.16253293e+00 -8.46924189e+02  8.53094774e+02]
 [ 3.87795202e+02  3.26049648e+02 -7.13838137e+02]
 [-9.01785860e+01  1.60140668e+03 -1.51122133e+03]
 [ 5.98202375e+02  1.28221298e+03 -1.88041337e+03]
 [ 4.40810231e+02  2.03261118e+03 -2.47341344e+03]
 [ 2.17086343e+02  1.67906272e+03 -1.89614638e+03]
 [ 1.45727894e+03 -2.08797086e+03  6.30692583e+02]
 [-3.55102494e+02  1.38119503e+03 -1.02608747e+03]
 [ 5.14434645e+02  5.41449992e+02 -1.05588204e+03]
 [ 2.11070848e+02  1.04166978e+03 -1.25273598e+03]
 [-1.44382691e+03 -4.41171049e+02  1.88500318e+03]
 [ 1.95938049e+01  1.52327735e+03 -1.54286843e+03]
 [-7.30420771e+02  1.67793893e+03 -9.47517463e+02]
 [-2.67191753e+02  1.11937447e+02  1.55263447e+02]
 [ 7.47814036e+02  8.18294832e+02 -1.56610020e+03]
 [-4.76343146e+01  9.33995210e+01 -4.57582983e+01]
 [-2.06807951e+02 -1.39251211e+03  1.59932466e+03]
 [-5.00024816e+02  1.50037168e+03 -1.00034218e+03]
 [-4.40234686e+02  4.98782506e+02 -5.85408725e+01]
 [-2.68222987e+02 -1.27875208e+03  1.54697975e+03]
 [ 4.28742907e+02 -1.25097246e+03  8.22234047e+02]
 [-1.54738359e+03  1.08247210e+03  4.64921156e+02]
 [-7.17604233e+01  5.94818323e+02 -5.23052979e+02]
 [ 4.19689254e+02  5.76078477e+02 -9.95764125e+02]
 [ 2.83303883e+01  3.20548221e+02 -3.48872989e+02]
 [-6.95956660e+02 -2.23297648e+02  9.19259473e+02]
 [-3.63940061e+02 -1.45081872e+03  1.81476175e+03]
 [-7.96669474e+02  1.42790997e+03 -6.31232039e+02]
 [-2.38323004e+02  2.14593450e+03 -1.90760808e+03]
 [ 3.78143613e+02 -7.97268539e+02  4.19133097e+02]
 [ 4.27476236e+02 -8.40804991e+02  4.13333998e+02]
 [-5.14897829e+02 -5.36942267e+02  1.05184457e+03]
 [-2.31509025e+02 -1.51742606e+03  1.74893809e+03]
 [ 7.09301379e+02  1.56840086e+03 -2.27769666e+03]
 [ 3.62135650e+02 -3.10053931e+01 -3.31126862e+02]
 [ 4.60164185e+02 -1.09058476e+03  6.30426360e+02]
 [-8.76696850e+01 -1.02976770e+02  1.90653597e+02]
 [-8.24507986e+02 -8.04474625e+02  1.62898622e+03]
 [-6.10456533e+02  4.94584767e+02  1.15876300e+02]
 [-3.60444305e+02 -6.11780081e+02  9.72226535e+02]
 [-8.69089438e+02 -6.32696520e+02  1.50179398e+03]
 [-6.45456581e+02 -1.24106391e+03  1.88653061e+03]
 [-2.13963962e+02  1.98907958e+03 -1.77511144e+03]
 [ 2.58018029e+01  8.31442132e+02 -8.57236874e+02]
 [-9.67643751e+02 -8.43383322e+02  1.81103573e+03]
 [-2.96277605e+02  1.53912367e+03 -1.24284116e+03]
 [ 3.88843942e+02  5.94822354e+02 -9.83659586e+02]
 [ 2.92608847e+02 -8.92450539e+02  5.99845804e+02]
 [ 7.68309147e+02  1.05735977e+02 -8.74047032e+02]
 [-4.99136824e+02  1.13014339e+03 -6.31002801e+02]
 [-5.89950433e+02  9.25095846e+02 -3.35139625e+02]
 [ 4.24765618e+02 -1.64820573e+03  1.22344381e+03]
 [-1.64545036e+02  1.08544511e+03 -9.20893855e+02]
 [-1.74132635e+02  2.83823561e+03 -2.66409471e+03]
 [-3.80929992e+02 -5.75042240e+02  9.55977041e+02]
 [-2.39468258e+02  1.30004609e+03 -1.06057108e+03]
 [-1.62029144e+02 -6.93692702e+02  8.55719734e+02]
 [-5.24669136e+02  1.01109890e+03 -4.86421586e+02]
 [-1.21792865e+03  8.59726386e+01  1.13196499e+03]
 [ 5.77417189e+02 -4.35975585e+02 -1.41433516e+02]
 [ 9.34920083e+02 -1.83385144e+02 -7.51527421e+02]
 [ 5.43143827e+02  2.11313598e+02 -7.54448068e+02]
 [ 4.01048779e+02 -9.73219931e+02  5.72176967e+02]
 [-9.16976152e+01  1.16012424e+03 -1.06841882e+03]
 [ 3.74479877e+02 -3.11669105e+03  2.74221202e+03]
 [ 2.58335411e+02 -1.03085619e+03  7.72526608e+02]
 [ 4.54145096e+02 -3.21049297e+02 -1.33091398e+02]
 [ 1.45664006e+02 -1.32629131e+03  1.18063457e+03]
 [ 2.45583803e+02  7.42699293e+02 -9.88273530e+02]
 [-4.64383255e+02  1.77094577e+03 -1.30655621e+03]
 [ 1.06423925e+03  5.18646363e+02 -1.58288050e+03]
 [ 8.29071385e+02 -2.93878104e+03  2.10971047e+03]
 [ 3.65782056e+02  1.01446121e+03 -1.38023906e+03]
 [-3.00395654e+01  3.45550133e+03 -3.42546474e+03]
 [ 9.61496948e+01 -9.75606196e+02  8.79463422e+02]
 [-3.28567216e+02 -1.61315868e+03  1.94173277e+03]
 [-1.39154147e+02 -8.74882641e+01  2.26648985e+02]
 [ 3.10807866e+02  2.22786700e+03 -2.53867216e+03]
 [-7.83967742e+02 -7.23704676e+02  1.50767644e+03]
 [-4.21828641e+02  2.48729886e+03 -2.06546879e+03]
 [-1.18155583e+03 -1.78783803e+03  2.96939424e+03]
 [ 5.26946139e+02 -3.71243966e+02 -1.55692024e+02]
 [ 6.92544732e+01  1.80967339e+03 -1.87892167e+03]
 [-1.26735866e+02 -6.82724980e+02  8.09468548e+02]
 [ 5.26322711e+02 -1.35513844e+03  8.28813726e+02]
 [ 3.75953566e+02  1.37812088e+03 -1.75406730e+03]
 [-1.58775431e+02 -3.99843822e+02  5.58620848e+02]
 [ 2.07842214e+02 -1.45519596e+03  1.24735946e+03]
 [-7.63881303e+02  4.47238609e+02  3.16648758e+02]
 [ 5.92164150e+02 -2.05626013e+03  1.46409643e+03]
 [ 1.22961957e+02  6.48498591e+02 -7.71453635e+02]
 [ 5.11096387e+02  1.18322487e+03 -1.69431555e+03]
 [ 1.18124225e+02  5.08373044e+02 -6.26490174e+02]
 [ 7.08374560e+02  2.33225600e+03 -3.04062454e+03]
 [ 1.03148913e+03  2.39501256e+03 -3.42649517e+03]
 [-2.81926997e+02  5.28870148e+01  2.29044469e+02]
 [ 6.38358001e+02  1.87072798e+03 -2.50907805e+03]
 [ 6.03762357e+02  4.81060834e+02 -1.08481955e+03]
 [ 7.67353688e+02  2.06502404e+03 -2.83237215e+03]
 [ 1.46095701e+03  5.52684717e+02 -2.01363836e+03]
 [-1.51416900e+02 -3.61968794e+02  5.13390722e+02]
 [ 3.40359322e+02 -6.63424679e+02  3.23070924e+02]
 [-2.72461794e+02  2.15721057e+03 -1.88474801e+03]
 [-4.20374507e+02 -9.52121218e+02  1.37250449e+03]
 [-1.17940557e+03 -4.30352489e+02  1.60976193e+03]
 [ 3.93316548e+02 -8.32838894e+02  4.39529350e+02]
 [-8.85079788e+02 -1.11145317e+03  1.99654141e+03]
 [-7.34110040e+02 -1.65976517e+03  2.39388125e+03]
 [ 3.47599102e+02  1.23848244e+03 -1.58607652e+03]
 [ 7.97901911e+02  2.93783461e+03 -3.73573006e+03]
 [ 4.67656623e+02  8.10968730e+02 -1.27862439e+03]
 [-2.24210503e+02 -1.04348774e+03  1.26770409e+03]
 [ 5.65354847e+01  2.14229029e+01 -7.79529925e+01]
 [ 3.50361840e+02  7.62287835e+02 -1.11264391e+03]
 [-8.61973607e+02 -8.09422526e+02  1.67140170e+03]
 [ 2.33342386e+02 -1.76005735e+03  1.52671960e+03]
 [-3.44036597e+02 -1.98710850e+02  5.42755638e+02]
 [-5.38973561e+02 -4.35870587e+02  9.74848401e+02]
 [-3.19130166e+02  1.97326676e+03 -1.65413093e+03]
 [ 4.61467975e+02  3.04493666e+02 -7.65959476e+02]
 [ 2.85880941e+02  1.84453744e+03 -2.13041283e+03]
 [-1.19649162e+03  1.41657847e+03 -2.20079801e+02]
 [ 1.00485369e+03 -5.13593345e+03  4.13108681e+03]
 [-2.52890120e+02 -1.23004182e+03  1.48293566e+03]
 [-2.62893816e+02 -1.04396416e+03  1.30686366e+03]
 [ 1.93279751e+02 -1.99089864e+03  1.79762399e+03]
 [-2.14366900e+02  2.98401957e+02 -8.40287304e+01]
 [-5.20132998e+02 -5.44517772e+02  1.06465936e+03]
 [ 4.82123357e+02 -2.35344222e+03  1.87132409e+03]
 [-8.81169590e+02 -2.10624684e+03  2.98742098e+03]
 [ 4.95043069e+02  2.71495611e+03 -3.20999220e+03]
 [ 1.69634359e+02  6.87303271e+02 -8.56930139e+02]
 [ 3.78799529e+02  1.72361627e+03 -2.10241640e+03]
 [ 1.11151084e+03  3.16634549e+02 -1.42813927e+03]
 [ 2.50293031e+02  1.95414336e+03 -2.20442908e+03]
 [-2.02361429e+02  1.17698011e+03 -9.74611876e+02]
 [-1.68029703e+03  3.61821952e+03 -1.93792437e+03]
 [-5.12400406e+02 -5.15446189e+02  1.02785025e+03]
 [ 8.66667685e+02 -1.33421825e+03  4.67556533e+02]
 [ 3.23540301e+02  1.12010815e+03 -1.44364453e+03]
 [-9.16733025e+02 -1.34884723e+03  2.26557704e+03]
 [ 2.11090259e+02  3.92737111e+02 -6.03819489e+02]
 [-7.37461632e+02 -1.78319917e+03  2.52067290e+03]
 [-1.56083440e+03 -2.53101217e+03  4.09184882e+03]
 [-7.97113766e+02 -1.02782697e+03  1.82494860e+03]
 [-2.81585554e+02 -3.52572159e+03  3.80731166e+03]
 [ 3.01263091e+02 -7.52174960e+02  4.50912710e+02]
 [ 4.59489612e+02 -3.89473725e+03  3.43525218e+03]
 [-6.24441306e+01  1.17635808e+03 -1.11390630e+03]
 [-4.99178192e+02  1.70073319e+03 -1.20154841e+03]
 [-4.73607829e+02  8.20203689e+02 -3.46587016e+02]
 [-3.15567319e+02  7.35980019e+02 -4.20404823e+02]
 [ 6.70747809e+02 -1.83694286e+03  1.16620189e+03]
 [-9.59756165e+01  1.09386019e+03 -9.97879075e+02]
 [-6.60650867e+01  3.62408412e+02 -2.96336149e+02]
 [-2.49267270e+02 -4.13291986e+03  4.38218673e+03]
 [-2.92299994e+02 -1.86337801e+03  2.15568045e+03]
 [-9.96520781e+02 -2.84394456e+03  3.84046606e+03]
 [ 2.39049738e+02 -1.11555574e+03  8.76508431e+02]
 [-2.60876645e+02 -2.59585959e+02  5.20470566e+02]
 [ 1.80319187e+03  5.46333291e+02 -2.34951940e+03]
 [ 1.84001940e+02  4.50408650e+02 -6.34406138e+02]
 [-2.75793724e+02 -1.02771297e+03  1.30350901e+03]
 [ 4.26822079e+01 -2.02004785e+03  1.97736996e+03]
 [-3.91875629e+02  4.71187142e+02 -7.93065287e+01]
 [-6.95547808e+02  2.16924409e+03 -1.47369060e+03]
 [ 2.00730405e+02 -2.12982563e+03  1.92909757e+03]
 [-1.79175629e+02 -8.03547049e+02  9.82728949e+02]
 [-1.33510772e+02 -2.56447649e+03  2.69799223e+03]
 [-3.93762274e+02 -2.04953949e+02  5.98726331e+02]
 [ 8.34197541e+02 -1.68560322e+02 -6.65632613e+02]
 [ 9.54596962e+01 -1.16356576e+03  1.06810542e+03]
 [-5.15183560e+02 -1.76406639e+03  2.27925399e+03]
 [-1.47721573e+03 -5.15838285e+01  1.52879972e+03]
 [-4.40159723e+02 -6.33031587e+02  1.07319898e+03]
 [-3.99154527e+02  1.61762998e+03 -1.21847396e+03]
 [ 7.40552114e+02  3.48191585e+03 -4.22246752e+03]
 [-2.70394332e+02 -1.94148674e+03  2.21188912e+03]
 [ 2.50530295e+02  1.45861045e+03 -1.70913563e+03]
 [ 7.85143716e+02  7.83349498e+02 -1.56848777e+03]
 [-8.97971185e+02 -8.73825798e+02  1.77180430e+03]
 [ 1.84765688e+02  7.87109680e+02 -9.71867934e+02]
 [-2.14007228e+02  3.94595181e+02 -1.80583798e+02]
 [ 4.00564978e+02 -3.62218909e+02 -3.83432287e+01]
 [ 7.93604457e+02 -4.39129854e+02 -3.54467634e+02]
 [ 4.40625247e+02  9.12848159e+02 -1.35346777e+03]
 [-4.72313684e+02 -3.84465159e+02  8.56787558e+02]
 [-2.01283264e+02 -1.77644332e+01  2.19053373e+02]
 [-1.08259143e+03  3.43325736e+02  7.39270713e+02]
 [-8.14757875e+02 -7.53249148e+02  1.56801313e+03]
 [ 6.37624905e+02 -1.87012281e+03  1.23250176e+03]
 [ 5.85314112e+02  3.99839085e+01 -6.25294647e+02]
 [ 5.56293178e+02  1.16787878e+03 -1.72417240e+03]
 [ 2.23615572e+02  5.89912071e+02 -8.13516252e+02]
 [-1.16233719e+03 -8.22280476e+02  1.98462460e+03]
 [-3.81569024e+02 -6.60603991e+02  1.04217301e+03]
 [-2.96391335e+01 -2.52936432e+01  5.49410285e+01]
 [ 4.96448311e+02  1.89671758e+03 -2.39316543e+03]
 [ 2.52860925e+02  8.52574828e+02 -1.10543055e+03]
 [ 1.56083336e+02  2.63836230e+03 -2.79444027e+03]
 [ 1.35646894e+02  3.01808946e+03 -3.15372792e+03]
 [ 2.29025341e+02 -2.26355464e+03  2.03453631e+03]
 [ 3.55599405e+02 -1.09799121e+02 -2.45794656e+02]
 [-3.91094098e+02 -2.10713385e+03  2.49823363e+03]
 [-4.86419994e+01  8.19288956e+02 -7.70640090e+02]
 [ 5.75201154e+01  5.23306729e+02 -5.80816637e+02]
 [ 1.79179587e+01 -2.43853122e+02  2.25942763e+02]
 [ 1.87265259e+02 -1.11081323e+03  9.23553163e+02]
 [ 5.27294741e+01  6.63436917e+02 -7.16161894e+02]
 [-5.07244006e+02 -4.69329098e+02  9.76576078e+02]
 [-1.57496676e+02  6.14303393e+02 -4.56801566e+02]
 [ 1.01571715e+03 -1.75923317e+03  7.43515939e+02]
 [ 5.83352901e+01 -2.25711682e+03  2.19878566e+03]
 [ 3.58819919e+02  1.71579526e+03 -2.07460906e+03]
 [ 1.00986728e+03  2.27883908e+03 -3.28870695e+03]
 [-1.39596673e+01 -1.22562995e+03  1.23959498e+03]
 [ 8.02781719e+01  2.95660075e+02 -3.75931697e+02]
 [-1.50427390e+02  2.45722680e+03 -2.30679291e+03]
 [ 1.72795666e+02  2.60629616e+03 -2.77909299e+03]
 [-2.24009247e+01 -1.80873014e+03  1.83113726e+03]
 [-3.76327282e+02 -2.21503257e+02  5.97835419e+02]
 [ 7.76985625e+01  1.34696476e+03 -1.42465654e+03]
 [ 1.63597208e+03 -6.00183572e+02 -1.03578068e+03]
 [ 3.06757126e+02  5.25681226e+00 -3.12012821e+02]
 [-2.01580480e+02 -6.02783700e+02  8.04368229e+02]
 [ 1.14484582e+03 -8.20564770e+02 -3.24273121e+02]
 [ 2.39238783e+02  1.45720391e+03 -1.69643851e+03]
 [ 8.71451004e+02 -1.30584130e+03  4.34397270e+02]
 [ 3.54596664e+02  1.51696683e+03 -1.87155966e+03]
 [-3.73583299e+02 -5.36652638e+02  9.10243215e+02]
 [ 1.81356900e+03 -1.32861039e+03 -4.84954970e+02]
 [-3.65224083e+02 -3.18544586e+03  3.55067425e+03]
 [ 3.17154851e+01  1.57026376e+03 -1.60197362e+03]
 [ 3.81449711e+02 -1.69635648e+03  1.31491386e+03]
 [ 3.63834495e+02  3.12931902e+03 -3.49314624e+03]
 [ 1.09886170e+02  1.06002289e+03 -1.16991197e+03]
 [ 7.11206153e+01  1.22353306e+03 -1.29464765e+03]
 [ 1.34424871e+03  1.04095195e+02 -1.44834246e+03]
 [ 2.47471355e+02  7.02693782e+02 -9.50155787e+02]
 [ 8.39334951e+02  2.95765646e+02 -1.13509665e+03]
 [ 4.17785655e+02  4.94377589e+02 -9.12160416e+02]
 [ 8.77099682e+02 -2.25129416e+03  1.37419900e+03]
 [ 3.91557223e+01  5.91861394e+01 -9.83360978e+01]
 [-7.65644238e+02  1.64382270e+03 -8.78171651e+02]
 [-1.82763529e+02 -4.75519360e+02  6.58288961e+02]
 [ 4.70610284e+02 -1.47926276e+03  1.00866005e+03]
 [-5.92099217e+01 -1.94188685e+03  2.00110052e+03]
 [-2.28251811e+02 -1.17398551e+03  1.40224571e+03]
 [-4.47378896e+01 -1.06129529e+03  1.10603612e+03]
 [ 7.13213825e+02 -3.72296492e+01 -6.75980875e+02]
 [ 1.88264897e+02 -7.82796969e+02  5.94537190e+02]
 [ 3.76239254e+02  2.87243896e+03 -3.24867261e+03]
 [-4.20973096e+02  7.27282732e+02 -3.06304594e+02]
 [ 1.36764718e+02  5.97753464e+02 -7.34519632e+02]
 [-4.58787740e+02  2.13953255e+02  2.44840488e+02]
 [-6.47024144e+02  4.67278684e+02  1.79751837e+02]
 [-4.38857704e+02 -1.25545883e+03  1.69432206e+03]
 [ 9.31773446e+01  1.93697046e+03 -2.03014630e+03]
 [-3.49052137e+02  5.17231714e+02 -1.68175459e+02]
 [ 5.09966737e+02 -1.97869901e+03  1.46873446e+03]
 [ 3.15818961e+02  3.35404510e+02 -6.51217798e+02]
 [-1.68972027e+03 -2.35429931e+03  4.04401929e+03]
 [-7.64847231e+02  5.46743227e+02  2.18109044e+02]
 [-9.00175655e+02 -2.62480820e+03  3.52499082e+03]
 [ 5.25182890e+02 -1.99884282e+03  1.47366729e+03]
 [-1.68449320e+03  2.32852733e+03 -6.44031763e+02]
 [ 2.10904554e+02 -5.93041820e+02  3.82138696e+02]
 [ 2.82853386e+02  8.43887662e+02 -1.12673543e+03]
 [ 2.06932498e+02 -1.13579671e+03  9.28863727e+02]
 [-4.45411088e+02 -5.38174746e+02  9.83592395e+02]
 [-3.93422462e+02 -2.79422111e+03  3.18764977e+03]
 [ 8.50100773e+02  4.62636069e+02 -1.31273328e+03]
 [-5.09343715e+02 -1.07845454e+03  1.58780068e+03]
 [-7.65761563e+02  4.70651675e+02  2.95111995e+02]
 [-1.70700562e+03  8.62443509e+02  8.44563227e+02]
 [-5.22231398e+02 -1.62478453e+03  2.14701979e+03]
 [-2.21260794e+02  6.93581476e+02 -4.72317322e+02]
 [ 5.46113421e+02 -1.35960131e+03  8.13493485e+02]
 [ 3.49891314e+02  2.00200713e+03 -2.35189389e+03]
 [-8.80129509e+02  5.22640052e+02  3.57493004e+02]
 [-3.45093644e+02 -3.41429941e+02  6.86529470e+02]
 [-8.93974912e+02 -3.47133620e+02  1.24111623e+03]
 [ 7.18210609e+02 -1.48181136e+03  7.63604431e+02]
 [ 6.59854811e+01 -1.60736762e+03  1.54138788e+03]
 [ 5.16854444e+02 -1.58824254e+03  1.07139282e+03]
 [-1.37027078e+01  9.33078743e+02 -9.19366820e+02]
 [-3.38121039e+02  7.12820782e+02 -3.74694582e+02]
 [ 1.18044258e+03 -1.44708141e+03  2.66646144e+02]
 [-3.81263425e+02 -2.94749030e+02  6.76017528e+02]
 [-5.45444130e+02  1.06585437e+03 -5.20408234e+02]
 [ 4.01139219e+02 -1.43056992e+03  1.02943944e+03]
 [ 2.27520226e+02  5.30830031e+03 -5.53582243e+03]
 [-8.20367361e+02  2.11725828e+03 -1.29689322e+03]
 [ 3.73170442e+02 -1.04946858e+03  6.76301399e+02]
 [ 4.51531317e+02  3.35255352e+02 -7.86782845e+02]
 [ 2.89398743e+02  2.17132838e+01 -3.11106153e+02]
 [ 2.94303383e+02 -8.51521135e+02  5.57224668e+02]
 [ 4.48896228e+02  9.63361277e+02 -1.41225106e+03]
 [ 1.42053541e+02  6.86344883e+02 -8.28393835e+02]
 [-5.74005998e+02 -1.77160222e+03  2.34561437e+03]
 [ 4.79368260e+02 -1.01338520e+02 -3.78023961e+02]
 [ 9.81094957e+02  2.19223315e+03 -3.17332190e+03]
 [ 4.51506379e+01 -8.02882371e+02  7.57739534e+02]
 [ 2.34531526e+02  1.04870196e+03 -1.28323117e+03]
 [ 4.95985282e+02 -6.99057053e+02  2.03077088e+02]
 [ 9.06996429e+01 -4.30583886e+03  4.21514332e+03]
 [-1.26172769e+02 -1.74470051e+03  1.87087880e+03]
 [ 3.27221120e+02  2.19197862e+03 -2.51919612e+03]
 [-4.31250205e+02 -2.87972278e+02  7.19230028e+02]
 [ 1.21449158e+03 -5.95208393e+02 -6.19272979e+02]
 [-1.96416459e+02 -2.02722050e+03  2.22364210e+03]
 [ 1.98054610e+02  1.51657607e+03 -1.71462652e+03]
 [ 1.74903504e+01 -2.25745138e+02  2.08258426e+02]
 [-4.57561665e+02 -7.75155133e+02  1.23272505e+03]
 [-3.76695250e+02  1.22055403e+03 -8.43850763e+02]
 [-6.85635946e+02  2.71925070e+02  4.13715613e+02]
 [-6.49076909e+01 -1.23275349e+03  1.29766682e+03]
 [ 8.08351274e+01  2.47262253e+03 -2.55345341e+03]
 [-1.30096139e+02 -1.44615949e+03  1.57626005e+03]
 [-1.29293487e+03  1.62324718e+02  1.13061482e+03]
 [-5.04490652e+02  5.14655694e+01  4.53030813e+02]
 [ 4.21470170e+02  2.40958551e+03 -2.83105116e+03]
 [-5.44923715e+02 -7.88000659e+02  1.33292946e+03]
 [-5.25972728e+02  1.38398335e+03 -8.58002578e+02]
 [-2.01138862e+02 -1.29422654e+03  1.49536750e+03]
 [-4.31027054e+02  1.11633063e+01  4.19865329e+02]
 [ 8.53545588e+01  7.28200885e+02 -8.13550930e+02]
 [ 2.11960496e+02  6.12076548e+02 -8.24030597e+02]
 [ 9.49630412e+02  1.66160135e+02 -1.11578346e+03]
 [-2.45777548e+02 -2.37417256e+02  4.83198636e+02]
 [-3.88539562e+01  8.50051041e+02 -8.11193434e+02]
 [ 7.37461888e+02  6.07544847e+02 -1.34500081e+03]
 [ 4.78953525e+02  4.90185333e+02 -9.69131913e+02]
 [-3.04386828e+01  1.47287524e+03 -1.44243013e+03]
 [-2.47867675e+02 -5.71260981e+02  8.19134759e+02]
 [ 5.76818913e+02  2.14971322e+03 -2.72652554e+03]
 [ 5.77693188e+02  2.69239187e+03 -3.27008598e+03]
 [ 5.45080427e+02  1.88787395e+02 -7.33860742e+02]
 [-3.37970732e+02  2.24564292e+03 -1.90766659e+03]
 [-4.77042029e+02  1.26890617e+02  3.50161201e+02]
 [-2.46620548e+02 -1.06637611e+03  1.31300391e+03]
 [-8.57327038e+02 -3.33397523e+03  4.19130803e+03]
 [-4.83736313e+02 -9.51667781e+02  1.43540939e+03]
 [ 2.76115053e+02  5.33546156e+02 -8.09660857e+02]
 [ 5.08561911e+02 -2.65465164e+02 -2.43091410e+02]
 [ 1.01657211e+02  3.02999003e+02 -4.04647503e+02]
 [-5.67205543e+02 -9.65449251e+02  1.53266143e+03]
 [ 6.54789505e+02  5.95916758e+02 -1.25070335e+03]
 [-1.60383964e+02 -6.26269540e+02  7.86660851e+02]
 [ 6.65292145e+02 -1.14544528e+02 -5.50745291e+02]]