[[ 4.51177037e-01  8.00991114e-01  2.61085046e-02 -9.44975934e-01
   7.92154643e-01  7.23247897e-01 -9.51948362e-02 -5.45983868e-01
  -1.29405896e-01  5.94687894e-01  3.49973708e-01  9.90467081e-01
   6.05428660e-01  5.62950713e-01  4.13438735e-01 -7.89317929e-01
   4.75518295e-01 -4.18538085e-01 -1.30374223e-01 -6.27399990e-01
   9.95948870e-01  1.78754159e-01  5.87169268e-01  2.99780296e-01
   2.86146281e-02  5.11622339e-01 -2.49528159e-01 -5.64759558e-01
  -3.79065680e-01 -6.82370661e-01 -2.11493754e-01 -4.46111233e-01
  -3.09531756e-01 -2.35543919e-01 -6.39914943e-01  8.47524790e-01
   1.24451312e-01  6.12073651e-02 -2.56285277e-01 -7.15139871e-01
  -6.13024452e-01  7.04830284e-01 -3.05017022e-01 -6.11340540e-01
  -5.83466150e-01  4.94672802e-01  2.98683064e-01 -7.16528215e-01
  -2.75074365e-01 -3.74577768e-01 -7.98903882e-01 -4.48754703e-01
   1.08463992e-01 -5.25617773e-02 -4.95965712e-01  5.94272726e-01
  -1.54210684e-01  8.33311691e-01  9.96113320e-01  8.93824527e-01
  -5.78560247e-01  7.70362068e-01  3.26993784e-01  1.11524065e-02
  -7.96002735e-01 -3.57249104e-02 -5.14830705e-01 -2.81263136e-01
   9.57803377e-02  9.91202057e-01  3.86679313e-01  3.96932127e-01
  -5.20976112e-01  9.62560820e-01 -4.22730341e-01  7.68665518e-01
   7.64649311e-01 -2.10419328e-01 -1.34529672e-01 -2.97872854e-01
  -8.75812495e-01  2.78228634e-01  7.51241822e-01 -1.49965209e-01
  -6.77348840e-02  3.22155753e-01  7.83637727e-01  9.40360462e-01
   9.52114975e-01  1.35509207e-01  8.17814359e-01 -8.43122104e-01
  -6.20975988e-01  3.45399078e-01 -7.68685426e-01 -6.21421403e-01
  -5.03236688e-01 -7.05832321e-01 -3.23358357e-01  7.93400313e-01
  -8.72561986e-01 -4.60139246e-01  6.25101514e-02 -6.38615495e-01
   6.60235397e-01  4.53145874e-01 -4.71452845e-01  5.70924155e-01
  -4.63212696e-01 -3.85663630e-01  9.56984170e-01  9.24962061e-01
   3.32559518e-01 -1.87631469e-01  4.99203253e-01  3.45408394e-01
  -1.05716762e-01 -5.36388238e-01 -5.16136019e-01 -6.63123583e-01
   4.32776080e-01  9.66702246e-01 -5.23038687e-01 -3.87067055e-01
   5.63341549e-01 -3.46566364e-01 -8.88673097e-01  2.37467894e-01
  -5.72089713e-01  7.87728054e-01 -8.26239696e-01  5.59521227e-01
  -1.19634470e-01 -9.61435810e-02  8.73953457e-01  1.94985867e-01
  -9.38273093e-01 -2.31142108e-01 -1.86491176e-01  3.82684614e-01
   2.78767522e-01  7.68135797e-01 -9.24329064e-01 -1.07799123e-01
  -9.87963339e-01 -1.38246343e-01  2.69741632e-01  3.86737252e-01
  -6.61725958e-01 -9.34687556e-01 -9.31040692e-01  1.87741207e-01
  -1.71879553e-01 -9.18420122e-01  8.06073597e-01 -2.27898240e-01
   4.19346736e-01  1.66661712e-01  3.65432282e-01  6.12171228e-01
   9.32103646e-01  8.10860170e-01 -2.18391467e-02  4.52129211e-01
   6.43052874e-03 -9.82048290e-01  6.56235794e-01  8.90780586e-02
   5.41673215e-02  4.64013413e-01  7.95850025e-01  1.61201458e-01
   1.43920470e-02 -2.52838520e-01 -4.49717679e-01 -1.78759821e-02
   9.51159951e-01 -4.88419059e-01 -4.25893589e-01  7.78031684e-01
  -8.28366959e-01  4.79930908e-01  3.50752410e-02  7.72920000e-01
  -1.48782532e-02  4.93974294e-01 -3.92707965e-01 -8.94188926e-01
  -6.11076254e-01 -2.56883866e-01  4.82326201e-01  1.31349617e-01
  -1.42462688e-01  5.04368108e-01  8.92939894e-01  1.45407948e-01
   9.05518711e-01  3.70330859e-01 -5.97465956e-01 -2.09476417e-01
   4.10656516e-01  6.71639957e-01 -4.54535713e-01  1.48691650e-01
   2.37992493e-01 -9.73881816e-02 -3.98282862e-01 -7.05045598e-02
  -1.25373895e-01 -3.02298597e-01 -8.31586522e-01 -4.98830375e-01
   4.25387458e-01  5.38041431e-01 -5.23294552e-01  4.06048190e-01
   9.25706948e-02 -2.96928238e-01  8.76167961e-01 -2.16228624e-01
   8.22864262e-01  5.53149908e-01  1.92175756e-01 -2.50241005e-01
  -7.26104472e-03  1.56008749e-01  5.11870438e-01  6.65543472e-01
  -7.34386642e-01  4.09855074e-01  9.86620495e-02 -9.27652977e-01
   3.36867240e-01  1.88709989e-02 -2.87950719e-01 -1.88609035e-01
  -2.23332577e-01 -3.96845180e-02  3.95059293e-01 -1.75778097e-01
  -1.46070548e-01 -8.84148440e-01  7.87803966e-01  8.42238972e-01
  -4.60546591e-02 -9.21009823e-01 -2.37700076e-01 -4.24255665e-01
  -8.34614060e-01  1.45243800e-01  9.62264957e-01 -8.44477922e-01
  -8.88394757e-01 -4.53440287e-01  3.43695809e-01 -6.66204201e-01
  -4.93429877e-01  5.08132111e-02  8.87530358e-01 -4.90389639e-01
  -6.52540620e-01  4.10496507e-01  6.84849343e-01 -5.45445319e-01
  -4.06764142e-01  2.79345857e-01  5.03271986e-01 -3.66809779e-01
  -7.84465911e-01  9.98043313e-01 -6.55017158e-01  2.75655969e-01
  -4.78250235e-02  5.51022073e-01  7.68370161e-01  2.79274130e-01
  -1.81664020e-01  9.32176007e-01  5.74376940e-01 -7.99254424e-01
   2.44022183e-01  6.57789888e-01  4.67392522e-01 -3.82091070e-01
  -9.73492275e-01  5.61451115e-01  6.39267992e-01 -8.05145515e-01
   6.32980902e-01 -7.88566586e-01  8.76308332e-01 -2.14836071e-01
  -4.21645167e-01 -4.01600662e-02  7.23549348e-01  4.66222300e-01
   3.97865855e-01  9.84698537e-01  8.68681629e-01 -2.38444977e-01
   9.30773379e-01  5.60156192e-01  5.41919346e-01 -9.35221766e-01
  -2.22018173e-01  6.87056676e-01  4.88902272e-01  4.98921373e-01
  -7.67768561e-01 -6.70405499e-02  7.35643599e-01 -1.85434619e-01
   1.90995860e-01  2.71792593e-02  8.77881240e-01  1.16751094e-01
   4.74660815e-01  6.22511534e-01 -3.46814254e-01  9.75044452e-01
   9.93858930e-01  7.91880211e-01  4.22264517e-01  4.91126400e-01
  -8.78706912e-01 -3.99363462e-01 -6.75983531e-01 -7.57904650e-01
  -7.22808425e-01  4.67601102e-01  7.73916226e-01  9.58393303e-01
  -1.64027836e-01  1.33914334e-01  3.22872559e-01 -3.16167282e-01
   9.46144620e-01 -8.25234929e-01  2.36238889e-01 -8.60350516e-01
  -4.17329315e-01  9.07703482e-02  5.72011712e-01  4.68238902e-01
   1.18862198e-01  8.62658159e-01 -5.76066194e-01 -9.52754962e-01
  -1.12958805e-01 -7.86907130e-02 -1.56833923e-01  2.16617670e-01
  -5.02518179e-01  9.56573589e-01 -2.94449440e-01  2.22784430e-01
   5.53253089e-01  9.21659965e-01 -1.13029306e-01  6.40757487e-01
   4.21442970e-01 -7.08603963e-01  6.15508406e-01 -9.79854487e-01
   2.62643106e-01 -4.94913208e-01 -9.28808628e-01  3.00728520e-01
  -4.91048575e-01 -1.31691322e-01 -3.70971886e-01 -5.75841579e-01
  -2.20870790e-01 -2.71209642e-02  9.61176476e-01  7.43326233e-02
  -6.53009112e-01  7.32326772e-02 -1.27985541e-01 -8.46780474e-01
  -7.42499623e-01 -7.34748189e-01  4.03462665e-01 -7.30672858e-01
   1.76481432e-01  6.67901203e-01 -8.99484917e-01  6.99313256e-02
   3.65196203e-01 -1.96649769e-01  5.83428919e-01 -7.27580785e-01
  -4.51219191e-01  7.26739623e-01  1.75596888e-01 -2.50139481e-01
  -3.86699510e-01 -4.59176421e-01  1.02486838e-01 -9.75546028e-01]
 [-1.58128658e-01 -9.22658029e-01 -3.58384183e-01 -9.75075893e-01
  -4.47929353e-01 -5.11344466e-01 -4.82954771e-01 -5.70702446e-01
  -3.18966850e-01 -9.62113113e-01  3.83476453e-01 -8.31662947e-01
  -8.67639056e-02  6.31185357e-01  1.58089552e-01  9.77590572e-01
  -5.81369015e-01 -8.28023754e-02  9.83010212e-01  7.17849058e-01
   8.06853350e-01 -7.01657887e-01 -6.63308329e-01  9.44329453e-01
   1.73610651e-03 -8.15846604e-01 -6.44147543e-01 -8.19724192e-01
  -8.59480556e-01 -8.99834556e-01  9.05652742e-01 -3.23904466e-01
   6.33512386e-01 -5.28005028e-01  5.59666848e-01 -9.61685553e-01
   7.98897041e-01  2.57293532e-01  5.87970646e-01 -7.99871542e-01
  -2.96519511e-01 -3.20620632e-01 -5.05990901e-01  8.78203279e-01
  -1.90698355e-01 -9.70463994e-01  1.90429075e-01 -3.62125565e-01
   7.40003979e-01 -5.35746994e-01  6.55103645e-01 -7.13858299e-01
   6.62427790e-01 -8.47043596e-01  8.64369515e-01  1.47526912e-01
  -5.55314056e-01  1.70266062e-01  3.68275301e-01 -1.70847712e-01
   7.40984851e-01 -6.07313611e-01 -4.64918442e-01  9.02980592e-02
  -7.12498279e-01  7.69914199e-01 -8.89737899e-01 -3.73678173e-01
   3.72589583e-01  2.89071734e-01  2.12508000e-01  6.80124307e-01
  -2.05576546e-01  7.42436860e-01  7.69102262e-01 -7.27430086e-01
  -7.34923751e-01  5.11312609e-01  2.25457031e-01  9.95945601e-02
  -7.53062964e-01  8.19573952e-01 -3.04124363e-01  1.50777457e-02
   3.45501075e-01  3.32296197e-01 -4.58220324e-02  2.86978133e-01
  -8.02273253e-01  3.46834934e-01 -7.83069364e-01  3.83886055e-01
  -9.52158549e-01  8.14881921e-01  8.32472764e-01 -3.15642149e-02
   1.12613557e-01 -4.08204212e-01  3.74588303e-01  9.36930493e-01
   9.75580406e-01 -9.02075772e-01 -6.81377873e-01 -7.39553617e-01
  -6.87817939e-01 -3.80656735e-01  3.63940641e-02  1.68139966e-01
   4.13629143e-01  9.32412594e-01 -3.52509198e-01 -5.10165240e-01
   4.61074531e-01  1.46282988e-01 -7.63580278e-01  7.90284704e-01
   8.65713580e-01  7.61620903e-01  2.54303168e-01 -8.23908581e-01
  -9.97670757e-01 -8.05223660e-01 -8.32873833e-01  6.80958135e-02
   3.36854776e-01 -1.12502792e-01  2.78055177e-01  4.62253382e-01
   8.06805111e-02 -4.31176944e-01 -5.66268752e-01 -8.59450539e-02
  -3.28266009e-02 -4.21538428e-01 -3.74790760e-01 -6.31511872e-01
  -4.03421401e-01  3.95878337e-01  9.63010914e-01 -9.30739555e-01
  -9.37329598e-01 -8.54087026e-01 -3.34465127e-01 -8.14425617e-01
  -5.44030296e-01 -4.20346976e-01  9.46832038e-01 -5.41095138e-02
  -6.17715318e-03  5.38449571e-01 -4.05551801e-01  2.74705886e-01
   6.23410737e-01  6.19218561e-01  3.79111478e-01  3.80119156e-01
  -1.96805682e-01  2.49552984e-01  3.50702096e-01 -6.34160602e-01
  -8.69405085e-02  8.04983026e-01 -8.68858509e-02 -1.63422539e-02
  -5.97806227e-02  4.38973905e-01 -9.96932320e-01  7.64067884e-01
  -8.02594921e-02  3.76159598e-01  1.40384945e-01 -9.76395545e-01
   4.75444363e-01 -1.25102645e-02 -6.39008421e-01  7.30199307e-01
   9.12728123e-01 -1.56582117e-01  6.45234841e-01 -6.09649606e-01
   3.05983007e-01 -1.52001895e-01 -1.33842263e-01  3.58743198e-01
   3.86834187e-01 -4.98747077e-01 -8.48125002e-01  6.64887923e-01
  -5.58772872e-01  6.58905179e-01  4.78168294e-01 -1.54507232e-01
   6.63115261e-01 -1.56541026e-01 -9.50321932e-01  6.90818715e-01
  -1.82197248e-01 -5.52932393e-02  7.85198369e-01 -7.40824148e-01
  -5.97122816e-02  4.28541350e-01 -4.64118668e-02  3.69862477e-01
   2.89049188e-01 -7.60919555e-01  6.50755969e-01  2.43135110e-01
  -6.83083437e-01  1.13516482e-01  1.04416500e-01  6.44599762e-01
  -3.34766597e-01  8.83235299e-01 -3.47026639e-01  6.43665217e-01
  -9.12768475e-01  6.28101090e-01  1.42985347e-01  8.40543216e-01
   3.12247662e-02 -4.49661134e-01 -7.91995435e-01  6.80551877e-02
  -2.93187857e-01 -4.95024986e-01 -1.25082052e-01  2.34779531e-02
  -6.54202954e-01 -6.19453195e-01 -8.51512283e-01 -5.85962126e-01
   6.87897529e-02  8.28216929e-01  2.01735247e-01  3.22961717e-01
   3.64287017e-01  9.14115197e-01 -4.65646970e-01 -3.20515943e-01
  -4.48943943e-01 -3.14269049e-01 -8.48204513e-01  8.82065461e-01
  -2.97984870e-01  8.79082794e-01  1.37808385e-01 -4.41140979e-01
   9.79706760e-01 -1.46463176e-01  2.09180374e-01 -4.70736085e-01
   1.46896341e-01  6.30325715e-01 -1.66803238e-01 -2.05113571e-01
  -5.38016668e-01 -2.21543543e-02 -9.03009531e-01 -2.32725685e-01
  -2.04342034e-02 -4.56634411e-01  8.98692939e-02  7.09397848e-01
  -1.37346752e-02  7.13304034e-01  1.33446626e-01  5.74086032e-01
   8.17267613e-02 -2.22131221e-01  3.57590863e-01  8.37205569e-01
  -9.91152577e-01  4.10394722e-01  5.40181303e-01 -6.41311475e-02
  -9.99736882e-01  8.95254697e-01  3.57068544e-01 -5.64583287e-01
  -4.18300555e-01  4.23838407e-01  1.94423404e-01 -2.68925493e-01
  -8.12098083e-01  7.79564648e-01  5.97949124e-01 -6.78166380e-01
  -8.71366914e-01 -2.81612759e-01 -3.10326391e-01  1.42871463e-01
   8.51752434e-01 -1.07498585e-01 -8.03543927e-01  8.51973511e-01
  -5.15274153e-01  8.44498973e-01  5.59187205e-01 -9.17642423e-01
   1.40626644e-01  5.15735610e-01  4.33115260e-02 -6.90360176e-01
   8.95479626e-02  4.64134891e-02  4.38605648e-01 -7.33589909e-01
   7.87148163e-01  5.46770001e-01 -1.22494863e-01 -6.43403513e-01
  -2.78181497e-01 -8.63951883e-01  6.77392020e-01 -4.27028157e-01
  -9.67621947e-01  7.05192500e-01 -5.19452830e-01 -9.90890469e-01
   6.24705362e-01 -4.91422948e-01  3.06481297e-01  5.87987608e-01
   8.99836562e-01  2.79664152e-01 -9.10719497e-01  5.42448807e-01
   3.40685449e-01 -1.45377033e-01  7.66194126e-01  3.82658025e-01
   9.79675638e-02 -5.63853412e-01 -3.05253662e-01 -6.18013837e-01
  -3.94597296e-01 -1.48047489e-01  2.16203887e-01  3.22899831e-01
   7.07779842e-01 -7.00190284e-02  6.66913503e-01  9.94970549e-01
  -5.80077143e-01 -8.83508724e-01  1.98829553e-01  8.64961195e-01
  -4.34484134e-01  7.62991966e-01  3.87779273e-01 -8.43207396e-01
   4.88050433e-01 -2.33558356e-01  3.68200359e-02  7.73150141e-01
  -6.24005235e-01 -5.96886464e-01 -3.21430301e-01  4.72045925e-01
  -6.08017391e-01  8.04426502e-01  2.19445261e-01  8.06616747e-01
   5.67448161e-01  3.73173196e-03  9.65921317e-01  8.22720492e-02
   8.69303598e-01  7.20373691e-01 -4.21459271e-01  2.95523224e-01
  -4.77063142e-01  4.75133419e-01 -7.48860122e-01  6.74646245e-01
  -6.99980329e-01 -5.29841009e-01  9.53400417e-01 -1.05293079e-01
   9.32214722e-01  2.14863736e-01  7.43746496e-01  1.61132572e-01
  -1.84351579e-02  4.72384612e-01 -1.86361043e-01  6.71558389e-01
   9.95739850e-01 -8.86776325e-01 -3.10362427e-01 -3.92670390e-01
   3.90247477e-01 -4.10969414e-01 -1.59957005e-02  8.85492878e-01
   6.01380930e-01  1.07546146e-01  9.22557013e-02 -7.23965136e-01]
 [-9.81778137e-01  1.66177838e-01 -2.66466785e-01 -2.15967070e-01
  -9.42687793e-01 -6.58057455e-02 -4.06325449e-01 -9.77943039e-01
   1.12037743e-02 -4.83264569e-01 -1.48162875e-01  6.77517743e-02
  -3.35737531e-01  3.97288676e-03 -8.43509096e-02  9.85481242e-01
  -3.83424760e-01 -8.10209556e-01  7.29317645e-01  7.10264007e-01
   3.75498218e-01  4.26235222e-01  4.65365101e-01 -8.37692223e-01
  -2.75161925e-01 -8.77390094e-01 -1.71143903e-01 -2.17317663e-01
  -3.60247267e-01 -9.33237559e-01  3.58850447e-01  9.14366344e-01
  -9.52875268e-01  9.14245928e-01 -6.47560481e-01  7.43189040e-01
  -6.79605067e-01 -6.48244468e-01  4.76979891e-01  1.24625600e-01
   1.46637072e-01 -9.01537927e-01  6.85087578e-01  8.92774041e-01
  -5.66116014e-01 -6.53633314e-01  4.97815016e-01 -8.98642805e-03
   6.36327874e-01  8.87816719e-01 -3.86983110e-01 -5.45073307e-02
  -6.26594010e-01 -3.17116433e-01 -6.33979147e-01  2.76502633e-01
  -7.89738566e-01 -6.51688695e-01 -3.53247694e-01  6.84598127e-01
  -3.60242112e-01  4.05918852e-01  3.00538888e-01  5.94369224e-01
  -4.65573097e-01  3.69505388e-01  6.27959811e-01 -5.04550604e-01
   7.34364631e-01  4.00113299e-01  6.97859749e-01  8.89038834e-01
   4.90013731e-01  5.14594592e-01  8.29957200e-01 -9.80583575e-01
  -1.04504383e-01 -6.00308240e-01 -9.40046593e-01  5.54128867e-01
   7.19597948e-01  8.67902535e-01  5.32800465e-01  1.44808565e-01
  -1.59466294e-01 -8.04582702e-01 -7.08712051e-01 -1.33667573e-01
  -3.20835923e-02  6.94482437e-01 -7.68182858e-01  2.12774821e-01
  -2.52391851e-01 -3.47635344e-01  9.28668185e-01 -8.60784518e-01
  -4.09026139e-01  4.83320483e-01  9.91541264e-02 -9.11713719e-01
   4.87548516e-01  3.68719649e-01 -7.60960937e-01 -7.31100255e-01
  -1.51074302e-01  3.46771829e-01 -8.22601257e-01 -9.27121126e-01
  -8.93902742e-03 -1.21189380e-01  8.48588216e-01  3.78675168e-01
   3.84095980e-01 -6.59573752e-01 -5.90993762e-01 -4.83653356e-01
   5.42845183e-01 -9.08714658e-01 -8.45592563e-03 -2.79446856e-01
   9.88112493e-01  6.34215629e-01 -8.07817056e-01 -4.60539878e-01
  -7.13594622e-01 -6.70641074e-01 -7.89648980e-01  5.65678389e-01
  -7.61019032e-01 -7.27630181e-01  7.78863763e-01  9.02500479e-01
  -1.58673752e-02  4.56553092e-02 -3.03113799e-01 -3.22240982e-01
  -6.05922727e-01  5.07907884e-01 -9.26746944e-01  1.53537591e-01
  -7.87405072e-01 -2.98428847e-02 -2.81205721e-01 -5.65541943e-02
  -8.83823439e-01 -7.06911147e-01  4.96131517e-01 -3.84840063e-01
   8.24977687e-02 -6.53434836e-01  4.03253427e-01  6.47220254e-01
  -5.13521976e-01 -5.75943530e-01  8.67645722e-01  8.72188425e-01
   9.96145070e-01 -9.79302815e-01 -1.29647007e-01 -1.22984632e-01
   9.22689352e-01 -8.61581180e-01 -5.14026632e-01  3.57926888e-01
   2.67333579e-01 -5.50667363e-03 -9.94500346e-01  5.98357731e-01
  -1.92818067e-01  4.89757814e-01  2.67026896e-01  5.02526844e-01
   2.10740529e-01  5.51210514e-03 -9.91165926e-01 -8.53240666e-01
   8.40252022e-01 -8.99727485e-01  4.41815264e-01 -9.36014766e-01
   5.05195943e-01  7.69951790e-01 -3.31391428e-01 -7.81961702e-01
   6.55304579e-01  5.54375646e-01 -1.71539699e-01  1.50177381e-01
   9.39478669e-01  4.12215793e-02  9.91744830e-01  4.57249336e-01
  -7.80440329e-01  5.79200094e-01  1.65467211e-01 -2.43025626e-01
  -5.88323011e-01  5.31322308e-01  3.44150423e-01 -7.01309009e-01
  -4.57956047e-01 -5.33985305e-01  9.19911568e-01 -4.39752718e-01
  -3.89899642e-01  5.00218125e-01  2.53768584e-01 -8.39889163e-01
   1.60652487e-01 -7.93401831e-01  1.99396671e-01 -9.16042460e-01
  -7.68481192e-01  6.47029225e-01  7.63986930e-01  2.51301899e-01
  -9.64504002e-01  1.10703697e-01 -4.61771982e-01  5.81345877e-01
   6.85137988e-01  9.09489099e-01 -3.87207077e-01 -8.30118329e-01
   3.10396702e-01  9.16679635e-01  1.21263349e-01  7.62432216e-01
   1.17580388e-01  4.35103762e-01  6.88965537e-01  8.39171747e-01
  -5.59467155e-01  8.53707919e-01 -5.44484750e-01 -1.88851910e-01
  -8.91776937e-01  1.11431121e-01  6.50771483e-01 -4.15895016e-02
   9.90594688e-01 -8.67955531e-02 -2.71133819e-02 -8.47609305e-01
  -2.37968301e-01  8.45906213e-01 -4.34894281e-01  5.37045954e-01
   8.36516364e-01  6.03887284e-01 -3.93972012e-02 -5.07679011e-01
  -8.28897427e-01  4.63975670e-01  7.77376805e-01 -2.76564472e-01
  -8.57021178e-01  9.87168365e-02 -6.40096573e-01 -6.20492686e-01
   2.74282342e-01  9.54054908e-01 -1.65846167e-01 -2.77159030e-01
   2.65533838e-01  1.71038068e-01 -7.53778747e-01  5.00946688e-01
   8.43650383e-01  1.92656031e-02  8.69080217e-01  2.03670622e-01
  -1.08863560e-01 -2.91370417e-01  1.12433220e-02  2.69125798e-01
  -7.93196754e-01 -4.50599852e-01 -5.16229994e-01  5.39927504e-02
  -3.71796644e-01  9.49578740e-01 -8.08443801e-01  8.74102243e-01
   8.86402572e-01 -2.31960041e-01  8.51275063e-01  1.33333413e-01
  -5.60900896e-01 -5.20305608e-01  2.80497525e-01  2.23980884e-01
  -4.69290347e-01 -1.99094621e-01  1.80437399e-01  9.50335390e-01
   8.55934358e-03 -4.76609167e-01 -5.16630160e-02 -4.52408653e-01
  -7.17172374e-01  2.42742150e-01  1.25717143e-01  1.53077298e-01
  -4.32144978e-01 -8.47925207e-02  6.29164425e-01  3.61710635e-01
   9.89734305e-01  8.66917043e-01  4.83852730e-01 -7.07020873e-01
   1.10138608e-01  7.30155423e-02 -2.54205217e-01 -3.89152122e-02
   7.83633640e-01 -1.99932017e-01  4.47741759e-01 -4.57998570e-01
   9.75293507e-01 -4.20241366e-01  4.94985458e-01  1.50478297e-01
  -5.67986077e-01  8.70146096e-01  4.53769295e-01 -1.81886155e-01
   7.91444889e-01  4.03368484e-01 -9.28050074e-01  6.06296134e-01
  -7.47919436e-01 -4.17742119e-01  2.53731869e-01  6.42112460e-01
  -7.31460438e-01  7.06834712e-03  6.69974414e-01  9.43495199e-01
  -9.38875647e-01  6.33078580e-01 -5.64668198e-01 -3.03646878e-01
  -9.20565600e-01  2.88018489e-01  5.16043899e-01 -9.22634735e-01
   5.87039406e-01 -1.44486259e-01  9.41632696e-01  5.05026068e-01
  -2.78809120e-01  4.90222057e-01  7.67044098e-01 -3.08365955e-01
   1.05680253e-01 -8.96092915e-01 -3.60467236e-01  7.56202867e-01
   6.12017533e-01 -9.77640179e-01  1.80786751e-01  6.34361370e-01
   4.21286141e-01  7.10293343e-01  6.12095948e-01 -4.81764165e-01
  -7.79121113e-01 -9.70379947e-01 -4.20091795e-01 -5.13413934e-01
   6.85757955e-01  5.60489189e-01  4.42704977e-01  1.02691572e-01
  -1.76533194e-02 -2.48853993e-02  3.53276362e-01 -7.74652885e-01
  -6.03309775e-01 -9.45081814e-01 -3.10042301e-01  8.27133063e-01
  -4.38506919e-01  5.54097785e-01 -1.00821123e-01 -9.59705657e-01
  -2.68931463e-01  2.13490741e-01  5.45635961e-01  5.88727903e-01
   5.66348100e-01 -2.35573546e-01  1.41081864e-01 -7.20377468e-01
   6.27768534e-01  4.14955576e-01  3.29407618e-01 -8.45047626e-01]
 [ 8.46423762e-01  8.85140375e-01 -5.43875795e-01  8.09934586e-01
  -8.31401479e-01 -7.99061675e-01 -6.20302727e-01 -6.46896126e-02
  -8.96936812e-01  4.97479121e-01 -2.77224108e-01  2.03505342e-02
   8.00637767e-01 -7.73800605e-01 -4.19381450e-01  3.27329999e-01
   4.61952029e-01 -7.09933317e-01 -9.64006254e-01 -1.11589931e-01
  -5.03354007e-03 -9.80548835e-01  9.02429928e-02  1.30116951e-01
  -4.62176538e-01  1.18022202e-01  4.88063633e-01  9.22468263e-01
   5.65810676e-01  1.71748282e-02  8.40135143e-01  9.17972955e-02
   9.21020593e-01  9.42477282e-01  8.37003824e-01 -1.11491078e-01
   2.84868787e-01  7.87634110e-01  2.04721456e-01 -5.56581518e-01
  -1.97600831e-01 -4.88826043e-01  1.02541577e-01 -4.30030995e-01
  -5.77390120e-01 -4.86873979e-01  7.51519095e-01  8.84412747e-01
   2.86305692e-01 -6.66238592e-01 -6.43387146e-01 -4.35991122e-01
  -2.79371562e-01  5.22246204e-01 -6.47627403e-01 -4.15773609e-01
  -4.14143023e-01  7.00983328e-01 -8.75992354e-01 -7.75633598e-01
  -8.72968252e-01 -9.79501698e-01  7.46363899e-01  9.67588193e-01
  -9.95302514e-01 -7.41163989e-01  2.05776997e-01  4.79714632e-03
   4.56160763e-01 -8.81591237e-02 -5.79829352e-01  5.40632401e-01
  -7.71927240e-01 -4.98827990e-01 -9.71186658e-01 -3.04782029e-02
  -3.99277354e-01  3.56718599e-01  2.29378543e-01 -5.62393225e-01
   1.55726243e-01 -6.01204257e-01 -7.36777563e-01  7.82074385e-01
  -8.80479668e-01 -5.39192595e-01  2.21862098e-01  2.33027054e-01
  -4.32210577e-02 -3.99951330e-01 -7.31453468e-01 -2.72440400e-01
  -1.76454178e-01  3.89692952e-01  3.19999580e-01  5.30549546e-01
   7.63126436e-01 -3.83085952e-01  9.93286722e-01  1.80474191e-01
  -2.90918182e-01 -9.02714576e-01  6.22865252e-01 -7.22250993e-01
   2.13640119e-01 -9.13619128e-01 -6.40794615e-01  5.84953627e-01
  -7.14443943e-01  9.89132454e-02  3.55102258e-01 -8.55842270e-01
   3.86958572e-01  1.26992778e-01  3.92444629e-01  4.81516241e-01
   2.73563225e-01 -5.71915218e-01  8.68069779e-01 -7.59351117e-01
   3.97051309e-01 -1.55902352e-01  1.96364372e-01 -6.70759316e-01
  -3.25338410e-01  6.74323543e-01  7.40828615e-02  4.26681536e-01
   8.93030616e-01  9.33074089e-01 -2.65814015e-01  5.66155078e-01
  -3.42416942e-01  8.20734067e-02  3.33968270e-01  9.65123983e-01
  -4.39344160e-01  6.52122999e-01  4.52796660e-01  4.50011397e-01
   7.81333520e-01 -4.70867859e-01  8.67380931e-01  1.68399553e-01
   1.45936925e-01 -4.08423564e-01  8.29279977e-02 -4.73771619e-01
  -7.43522498e-01  2.28229155e-01  8.68833959e-01 -3.29122664e-02
  -3.08981431e-01 -4.51552329e-01  9.14656097e-01 -5.68950363e-01
   2.90905084e-01 -1.21857812e-01  3.13758706e-01 -4.59807644e-01
  -4.27113077e-01 -4.30388151e-01 -2.73672514e-02  2.27007603e-01
  -8.22499448e-01 -4.38193114e-01 -3.26727270e-01 -3.09633258e-01
  -3.81208626e-01  1.09687952e-01  7.57822386e-02  8.44145821e-01
  -8.80979740e-01 -1.68734459e-01  5.72412148e-01  3.32589495e-01
   9.81315435e-01  5.85181594e-02 -1.22231090e-01 -3.49272369e-01
  -9.46649702e-01  7.56081787e-01  8.87013806e-02  9.24854677e-01
   7.86397835e-01  8.31175553e-01  2.05124824e-01 -9.33940502e-01
   9.98485421e-02 -7.87736062e-01 -9.48432031e-01 -8.62638354e-01
   1.48253041e-01 -6.65171746e-01 -3.87973007e-01 -6.00799933e-01
   2.63631964e-01 -8.45444769e-03  9.63285543e-01 -9.96115248e-01
   9.05496395e-01 -8.36527914e-01 -2.57158998e-01  2.85669249e-01
   1.22057163e-01  2.29108736e-01 -3.99510274e-01 -5.79586559e-01
  -2.28947283e-01 -9.78727670e-01  2.33224021e-01  2.06595648e-01
   4.39948405e-01  9.44516860e-01  5.89355818e-03  6.69882114e-01
  -2.10796422e-01  2.18424619e-01  7.50946587e-01  7.78321310e-01
   5.91838494e-01  8.26741941e-01  3.58399916e-01  9.06096077e-01
  -4.92630554e-01  4.84015232e-02 -1.95023229e-01 -5.49121148e-01
   8.12163088e-01  4.62351897e-01 -6.34196817e-01 -2.76078875e-01
  -6.80707594e-01  8.20233716e-01  6.33368975e-01  1.46938559e-01
   3.09459799e-01 -7.57899548e-02  1.78163977e-02  5.26305037e-01
   4.06318482e-01  7.37275869e-01  5.43512648e-01 -9.99020991e-01
  -1.22464020e-01  4.62776928e-01  7.45372029e-02 -7.56130741e-01
   2.09318095e-01  4.69358071e-01 -5.51651612e-01 -1.44124509e-02
  -9.21360331e-01 -9.29689688e-02 -2.28419668e-01  5.49465748e-01
   5.58061553e-01 -9.06590017e-01 -8.58687381e-01 -7.18122731e-01
   3.14218180e-01 -8.38635043e-02 -9.16732238e-01  2.99692353e-01
  -5.94390713e-02  5.31614910e-01 -1.57550755e-01 -5.12933272e-01
  -5.39718243e-01 -5.18801561e-01 -4.86541512e-01  9.50309374e-01
  -8.05405519e-01  9.87786142e-01  8.65048106e-02 -2.52822881e-01
  -4.02609290e-01  7.08668527e-01  7.86668334e-01  3.93592893e-01
  -5.66843705e-02  7.10466032e-01  9.23735163e-01 -8.46217097e-01
   3.09092465e-01 -9.69764724e-01 -6.88039188e-01  7.54346698e-01
  -8.67432706e-02  4.63079462e-01 -2.75050597e-01  5.22199168e-01
  -3.35206884e-01 -4.65498333e-01 -2.87403311e-01  9.86849005e-01
  -2.87692835e-01  2.69458021e-01 -6.57719109e-01  7.06078897e-02
   8.80395766e-01  2.62497401e-02 -5.41482414e-01 -1.46482940e-01
  -4.22276110e-01  3.89068241e-01  9.67203804e-01 -4.07077439e-02
   3.61652883e-02 -7.55107365e-01  2.13589382e-01  2.57322011e-01
   3.52360341e-01 -4.20726979e-01 -7.70799607e-01  1.62191083e-01
   2.59381692e-01  4.77155417e-01  4.37313412e-01  8.03567599e-01
  -8.77456407e-01 -4.49164555e-01  2.08790971e-01  5.02602579e-01
   6.78008664e-02  8.02600012e-02  1.51804752e-01  5.55007254e-01
   3.49050276e-01  6.98476015e-02  3.77165164e-01  7.68090714e-01
   4.10362497e-01  7.28649441e-01 -6.10482236e-01  3.86772771e-02
  -8.08058438e-01  3.43955860e-01  5.02853834e-01  2.14741081e-01
   1.77238610e-02 -6.29182904e-01 -5.46755933e-01  8.51675429e-02
  -6.04452869e-01 -6.26064698e-01  3.71426254e-01  1.70972624e-01
  -7.75698072e-01 -7.60360947e-01  3.80666444e-01 -4.33128704e-01
  -3.41575466e-01 -3.49654426e-01  1.99490346e-03 -8.02160685e-02
  -9.40182458e-01 -5.99213529e-01  5.37320519e-01 -1.99450493e-01
  -9.89477897e-01 -8.81254998e-01 -8.15326301e-02 -1.75284447e-01
   5.01259075e-01  8.74913573e-01  2.43640245e-01  6.81001902e-01
   5.90464867e-01  7.52045795e-01 -5.11669552e-03 -3.07090867e-01
  -1.09441384e-01 -4.87375831e-01 -8.13383545e-02  4.93160184e-01
  -3.73209625e-01 -8.80857113e-01 -3.35878520e-01 -4.04826617e-01
   6.07877871e-01  8.34910977e-01 -5.54499415e-01  9.47787957e-01
   4.73579018e-01  9.52694964e-01  1.24100916e-01 -7.35479646e-02
   4.58498169e-01 -6.16807663e-01 -3.07500889e-01 -2.04066967e-01
  -9.50254036e-01  2.07415365e-01 -7.85557282e-01 -3.56430935e-01
   2.12310503e-01 -6.19917717e-01  6.23440679e-01  2.04442371e-01]
 [-7.39738454e-01 -9.44200887e-01  6.70141317e-01  3.82002276e-01
  -5.89553751e-01  2.31694923e-01  8.55341741e-01 -5.94065119e-01
   7.08736457e-01  2.15232008e-01  6.75878425e-01  6.14955626e-02
   4.56085727e-01 -1.31037281e-01  6.69818065e-01 -6.77709742e-02
   6.51163524e-01 -3.81736117e-01 -6.70235986e-01 -7.02894900e-03
   7.01905769e-01  1.96320505e-01  9.34729783e-01 -2.72235165e-01
   2.14716443e-01 -1.55641554e-01  8.54871079e-01  7.28215031e-01
  -4.70238661e-01  3.45993324e-01 -2.61541080e-01 -4.61566509e-01
   5.12101150e-02 -9.84223514e-01  7.13346874e-01  6.29083469e-02
   7.18821618e-01  3.32147622e-01  6.53077220e-01  7.80508254e-01
  -6.61965860e-01  1.23626387e-01 -7.86088224e-01  6.67055851e-01
  -9.70986712e-01 -6.58781357e-01 -9.38024761e-01  4.23950274e-01
  -9.85451039e-01  4.94587140e-01 -3.40605724e-01  8.48898888e-01
   3.27888788e-01  7.88982845e-02 -3.47361233e-02  4.10617949e-01
   8.27829703e-01 -6.80429716e-01 -2.26938862e-02  3.25153643e-01
   3.09997441e-01 -8.19479545e-01 -3.46875566e-01 -5.03175250e-01
  -1.78529789e-01 -6.53121527e-01 -1.73555028e-01  3.92124660e-01
  -3.37149515e-01 -4.42813575e-01  4.57987577e-01 -1.41816306e-01
   9.83758571e-02  6.12396152e-03  6.23068354e-01  7.68138792e-01
   2.77873136e-01  9.36838119e-01 -3.74264696e-01  2.91096774e-01
  -1.24161689e-01  2.95649352e-01 -8.22785878e-01 -9.87654909e-01
   8.94408022e-01 -9.21137885e-01 -3.71322617e-01 -6.16562855e-01
   5.58814333e-01  2.98665347e-01  4.84659038e-01 -2.15676961e-01
   2.05641903e-01  7.93475515e-01  1.03435556e-01  4.46023904e-01
  -3.19970424e-01 -1.02955108e-01  8.48118366e-02 -4.85453741e-02
   5.68691590e-01  4.97455321e-01  1.25074847e-02  6.99854253e-01
   7.26817341e-01  2.95765925e-01 -9.05966824e-01 -7.02416217e-01
  -9.47527365e-01 -4.90840138e-01  1.02137845e-01  3.38426539e-01
  -7.94943914e-01  5.06811837e-02  9.55863360e-01  9.85080882e-01
  -7.36065492e-01  2.59693473e-01 -6.06377739e-01  2.42312014e-01
   3.79302919e-01 -7.69231045e-01  8.99762908e-03 -4.10534234e-01
   3.18681686e-01 -3.77689563e-01 -4.71852755e-01 -2.23624840e-02
  -4.02580388e-01  5.53782835e-01  8.65106188e-02  3.78432725e-02
   9.75942782e-01  3.43820946e-02 -5.41747269e-02  2.83503038e-01
   9.18438855e-01 -7.41147434e-01 -5.06541940e-01 -9.71960006e-01
  -7.38022009e-01  6.19382896e-01  2.09890326e-01  2.31061432e-01
   6.05454942e-01  6.46736527e-01 -9.38665172e-01  5.26458588e-01
  -6.65607295e-01  4.29358342e-01 -2.45936368e-02 -5.45025526e-01
   1.16821705e-01 -5.02438786e-01 -2.47876415e-01 -5.24894646e-01
  -1.06171052e-01  1.88864299e-01  8.91767157e-02 -7.81881181e-01
   6.85527109e-01  4.10970215e-01 -3.98755360e-01  5.88646549e-01
   6.45342727e-01  6.62314262e-01  4.72851061e-02 -4.70242259e-01
  -5.47774216e-01  3.65581696e-01  9.81532687e-01 -7.70590511e-01
  -2.64325517e-01 -6.95807884e-01 -5.16746789e-01 -9.68321967e-01
   4.74386915e-01 -8.88817746e-01 -5.59525764e-01 -9.43240291e-01
   9.96546690e-01 -3.15026142e-01 -7.34896627e-01 -1.90416841e-01
  -7.70935305e-02 -6.01225544e-01 -6.83126257e-01  6.67122040e-01
  -3.05849784e-01 -4.52345745e-01 -7.56030515e-01  8.36526425e-02
   9.89023393e-01  1.37460173e-01  1.66916762e-01  8.03931962e-01
  -2.86417260e-01  7.25802169e-01 -6.37082272e-01 -1.71929997e-01
  -5.34201672e-01  7.88538093e-01 -3.85543468e-02 -6.39883432e-01
   6.00962394e-01  8.79139327e-01 -4.38408716e-01  1.15604979e-01
   2.41065518e-01  5.10790741e-01 -8.04697722e-01 -9.35923665e-01
  -1.75828160e-01  1.57730367e-01  4.67281102e-01  4.77221079e-01
  -6.44487649e-03 -7.41333351e-01  4.11933615e-01 -3.95348379e-01
   9.51059982e-01  3.46092017e-01 -3.99445358e-01  6.11967715e-03
   2.69515959e-01 -1.22021581e-01 -4.71445904e-01 -9.57475738e-01
  -7.06660426e-01  7.71416517e-01 -7.30758356e-01 -6.73262115e-01
  -1.59558286e-01  1.50594471e-01  8.82803999e-01  1.66792763e-01
   3.56696802e-01  2.32074095e-01  8.83845990e-02 -7.80505072e-01
  -7.40315679e-01 -4.96682527e-02  9.63759011e-01 -8.06650036e-01
  -8.48964789e-01  7.36138507e-01 -5.06847530e-01  1.87461804e-02
   6.13566047e-02  9.56287313e-01 -1.04477231e-01  5.53783373e-01
   9.98731230e-01 -2.61973380e-01  4.24176936e-01 -1.23099348e-02
   4.88816803e-02 -3.63124834e-01 -5.90025984e-01  1.74473819e-01
  -9.28590799e-01  1.00622729e-01 -8.25938303e-01 -6.24521947e-01
  -6.23178635e-01 -6.40337060e-01 -4.28752276e-01  1.37176631e-01
  -9.85945476e-01  4.95627009e-01  5.62670206e-01  7.81630695e-01
   8.54251827e-01 -4.52444486e-01 -9.26064472e-01  2.15055729e-01
   2.92902897e-01 -2.94887062e-01 -9.62969738e-01  2.56937067e-01
  -7.90403973e-01  6.88896075e-01  5.72872772e-01 -8.45501189e-01
  -7.29641495e-01  9.24263631e-01 -1.31632519e-01  6.22018117e-01
  -3.97547510e-01  3.36929686e-01 -5.51783427e-01  9.60612835e-01
  -1.39884546e-01 -4.98751329e-01  1.55143929e-02 -3.97459909e-01
   6.61981225e-01 -2.79731763e-01  2.48299733e-01  7.82473855e-01
   2.45369348e-01 -7.40714944e-01 -8.84226199e-01  2.31918176e-01
   1.46224225e-01  9.01409342e-01 -5.02502006e-01  8.95226279e-01
   7.07005770e-01 -7.30162853e-01 -1.71518722e-01  1.24962126e-01
   9.94668265e-01  8.18232368e-01 -6.13671406e-02 -3.78464887e-01
   4.45143685e-01 -3.33728966e-01  2.60081064e-01 -9.53336740e-01
   6.35316331e-01 -4.81563995e-01 -2.66853140e-01  7.81617455e-01
   6.18309625e-01  3.48504599e-01 -8.67720454e-01  1.80643190e-01
   6.28470989e-01  3.84247993e-01  5.35367313e-01 -1.07143126e-01
   7.27864009e-01 -6.25154561e-01  5.22193511e-01  4.28905996e-01
   4.86321945e-01 -2.86794166e-01 -7.34497500e-02  3.57503047e-01
   2.83245469e-01 -7.38534236e-01  3.00987911e-01  1.56028812e-01
   6.63206741e-01  1.07333145e-01 -2.29191301e-01 -9.06507518e-02
   6.97286930e-01 -9.84084056e-01 -2.79894439e-01  4.81771962e-02
   9.84993377e-01 -5.84040575e-01 -5.14388735e-01 -3.62042620e-01
   5.00443745e-01  3.91376303e-01  6.39864407e-01 -5.16220925e-01
  -5.17932177e-01 -6.69454241e-01 -3.05417036e-01  2.12243340e-01
   4.64669264e-01 -5.80951661e-01 -4.57478490e-01 -4.98026105e-01
  -5.41748739e-01 -4.47027959e-01  4.34955772e-01 -6.21110028e-01
  -4.66765532e-01  1.14883503e-01 -7.88925681e-01  1.26680881e-01
   7.13150783e-01  1.98314918e-01  9.86687122e-01 -2.00645866e-01
  -1.78346689e-01  9.81716255e-01 -5.31400669e-01 -9.01393413e-01
   5.44500664e-01 -5.29691172e-01 -7.37421916e-01 -1.59891195e-01
   2.00513074e-01 -2.56837473e-01  2.05980686e-04  1.71492192e-01
   4.91019208e-01  2.70866204e-01 -2.76163449e-01 -5.35114712e-01
   1.03479156e-01  5.35507142e-02 -2.59352058e-01  2.36954518e-01]
 [ 0.00000000e+00  0.00000000e+00  0.00000000e+00  0.00000000e+00
   0.00000000e+00  0.00000000e+00  0.00000000e+00  0.00000000e+00
   0.00000000e+00  0.00000000e+00  0.00000000e+00  0.00000000e+00
   0.00000000e+00  0.00000000e+00  0.00000000e+00  0.00000000e+00
   0.00000000e+00  0.00000000e+00  0.00000000e+00  0.00000000e+00
   0.00000000e+00  0.00000000e+00  0.00000000e+00  0.00000000e+00
   0.00000000e+00  0.00000000e+00  0.00000000e+00  0.00000000e+00
   0.00000000e+00  0.00000000e+00  0.00000000e+00  0.00000000e+00
   0.00000000e+00  0.00000000e+00  0.00000000e+00  0.00000000e+00
   0.00000000e+00  0.00000000e+00  0.00000000e+00  0.00000000e+00
   0.00000000e+00  0.00000000e+00  0.00000000e+00  0.00000000e+00
   0.00000000e+00  0.00000000e+00  0.00000000e+00  0.00000000e+00
   0.00000000e+00  0.00000000e+00  0.00000000e+00  0.00000000e+00
   0.00000000e+00  0.00000000e+00  0.00000000e+00  0.00000000e+00
   0.00000000e+00  0.00000000e+00  0.00000000e+00  0.00000000e+00
   0.00000000e+00  0.00000000e+00  0.00000000e+00  0.00000000e+00
   0.00000000e+00  0.00000000e+00  0.00000000e+00  0.00000000e+00
   0.00000000e+00  0.00000000e+00  0.00000000e+00  0.00000000e+00
   0.00000000e+00  0.00000000e+00  0.00000000e+00  0.00000000e+00
   0.00000000e+00  0.00000000e+00  0.00000000e+00  0.00000000e+00
   0.00000000e+00  0.00000000e+00  0.00000000e+00  0.00000000e+00
   0.00000000e+00  0.00000000e+00  0.00000000e+00  0.00000000e+00
   0.00000000e+00  0.00000000e+00  0.00000000e+00  0.00000000e+00
   0.00000000e+00  0.00000000e+00  0.00000000e+00  0.00000000e+00
   0.00000000e+00  0.00000000e+00  0.00000000e+00  0.00000000e+00
   0.00000000e+00  0.00000000e+00  0.00000000e+00  0.00000000e+00
   0.00000000e+00  0.00000000e+00  0.00000000e+00  0.00000000e+00
   0.00000000e+00  0.00000000e+00  0.00000000e+00  0.00000000e+00
   0.00000000e+00  0.00000000e+00  0.00000000e+00  0.00000000e+00
   0.00000000e+00  0.00000000e+00  0.00000000e+00  0.00000000e+00
   0.00000000e+00  0.00000000e+00  0.00000000e+00  0.00000000e+00
   0.00000000e+00  0.00000000e+00  0.00000000e+00  0.00000000e+00
   0.00000000e+00  0.00000000e+00  0.00000000e+00  0.00000000e+00
   0.00000000e+00  0.00000000e+00  0.00000000e+00  0.00000000e+00
   0.00000000e+00  0.00000000e+00  0.00000000e+00  0.00000000e+00
   0.00000000e+00  0.00000000e+00  0.00000000e+00  0.00000000e+00
   0.00000000e+00  0.00000000e+00  0.00000000e+00  0.00000000e+00
   0.00000000e+00  0.00000000e+00  0.00000000e+00  0.00000000e+00
   0.00000000e+00  0.00000000e+00  0.00000000e+00  0.00000000e+00
   0.00000000e+00  0.00000000e+00  0.00000000e+00  0.00000000e+00
   0.00000000e+00  0.00000000e+00  0.00000000e+00  0.00000000e+00
   0.00000000e+00  0.00000000e+00  0.00000000e+00  0.00000000e+00
   0.00000000e+00  0.00000000e+00  0.00000000e+00  0.00000000e+00
   0.00000000e+00  0.00000000e+00  0.00000000e+00  0.00000000e+00
   0.00000000e+00  0.00000000e+00  0.00000000e+00  0.00000000e+00
   0.00000000e+00  0.00000000e+00  0.00000000e+00  0.00000000e+00
   0.00000000e+00  0.00000000e+00  0.00000000e+00  0.00000000e+00
   0.00000000e+00  0.00000000e+00  0.00000000e+00  0.00000000e+00
   0.00000000e+00  0.00000000e+00  0.00000000e+00  0.00000000e+00
   0.00000000e+00  0.00000000e+00  0.00000000e+00  0.00000000e+00
   0.00000000e+00  0.00000000e+00  0.00000000e+00  0.00000000e+00
   0.00000000e+00  0.00000000e+00  0.00000000e+00  0.00000000e+00
   0.00000000e+00  0.00000000e+00  0.00000000e+00  0.00000000e+00
   0.00000000e+00  0.00000000e+00  0.00000000e+00  0.00000000e+00
   0.00000000e+00  0.00000000e+00  0.00000000e+00  0.00000000e+00
   0.00000000e+00  0.00000000e+00  0.00000000e+00  0.00000000e+00
   0.00000000e+00  0.00000000e+00  0.00000000e+00  0.00000000e+00
   0.00000000e+00  0.00000000e+00  0.00000000e+00  0.00000000e+00
   0.00000000e+00  0.00000000e+00  0.00000000e+00  0.00000000e+00
   0.00000000e+00  0.00000000e+00  0.00000000e+00  0.00000000e+00
   0.00000000e+00  0.00000000e+00  0.00000000e+00  0.00000000e+00
   0.00000000e+00  0.00000000e+00  0.00000000e+00  0.00000000e+00
   0.00000000e+00  0.00000000e+00  0.00000000e+00  0.00000000e+00
   0.00000000e+00  0.00000000e+00  0.00000000e+00  0.00000000e+00
   0.00000000e+00  0.00000000e+00  0.00000000e+00  0.00000000e+00
   0.00000000e+00  0.00000000e+00  0.00000000e+00  0.00000000e+00
   0.00000000e+00  0.00000000e+00  0.00000000e+00  0.00000000e+00
   0.00000000e+00  0.00000000e+00  0.00000000e+00  0.00000000e+00
   0.00000000e+00  0.00000000e+00  0.00000000e+00  0.00000000e+00
   0.00000000e+00  0.00000000e+00  0.00000000e+00  0.00000000e+00
   0.00000000e+00  0.00000000e+00  0.00000000e+00  0.00000000e+00
   0.00000000e+00  0.00000000e+00  0.00000000e+00  0.00000000e+00
   0.00000000e+00  0.00000000e+00  0.00000000e+00  0.00000000e+00
   0.00000000e+00  0.00000000e+00  0.00000000e+00  0.00000000e+00
   0.00000000e+00  0.00000000e+00  0.00000000e+00  0.00000000e+00
   0.00000000e+00  0.00000000e+00  0.00000000e+00  0.00000000e+00
   0.00000000e+00  0.00000000e+00  0.00000000e+00  0.00000000e+00
   0.00000000e+00  0.00000000e+00  0.00000000e+00  0.00000000e+00
   0.00000000e+00  0.00000000e+00  0.00000000e+00  0.00000000e+00
   0.00000000e+00  0.00000000e+00  0.00000000e+00  0.00000000e+00
   0.00000000e+00  0.00000000e+00  0.00000000e+00  0.00000000e+00
   0.00000000e+00  0.00000000e+00  0.00000000e+00  0.00000000e+00
   0.00000000e+00  0.00000000e+00  0.00000000e+00  0.00000000e+00
   0.00000000e+00  0.00000000e+00  0.00000000e+00  0.00000000e+00
   0.00000000e+00  0.00000000e+00  0.00000000e+00  0.00000000e+00
   0.00000000e+00  0.00000000e+00  0.00000000e+00  0.00000000e+00
   0.00000000e+00  0.00000000e+00  0.00000000e+00  0.00000000e+00
   0.00000000e+00  0.00000000e+00  0.00000000e+00  0.00000000e+00
   0.00000000e+00  0.00000000e+00  0.00000000e+00  0.00000000e+00
   0.00000000e+00  0.00000000e+00  0.00000000e+00  0.00000000e+00
   0.00000000e+00  0.00000000e+00  0.00000000e+00  0.00000000e+00
   0.00000000e+00  0.00000000e+00  0.00000000e+00  0.00000000e+00
   0.00000000e+00  0.00000000e+00  0.00000000e+00  0.00000000e+00
   0.00000000e+00  0.00000000e+00  0.00000000e+00  0.00000000e+00
   0.00000000e+00  0.00000000e+00  0.00000000e+00  0.00000000e+00
   0.00000000e+00  0.00000000e+00  0.00000000e+00  0.00000000e+00
   0.00000000e+00  0.00000000e+00  0.00000000e+00  0.00000000e+00
   0.00000000e+00  0.00000000e+00  0.00000000e+00  0.00000000e+00
   0.00000000e+00  0.00000000e+00  0.00000000e+00  0.00000000e+00
   0.00000000e+00  0.00000000e+00  0.00000000e+00  0.00000000e+00]]