[[ 2.28951448e-01  8.96545909e-01  5.53244414e-01 -6.74963499e-01
   8.43353453e-01  9.27769173e-01  8.36334805e-01  7.78347728e-01
  -6.11588999e-01  4.31355886e-01  9.89895628e-01 -1.14958482e-03
   7.02854466e-01  5.61006785e-01 -6.62735116e-01  9.47404939e-01
  -5.53398141e-01 -8.71958993e-01 -7.79159166e-02 -7.83679479e-01
   2.07142638e-01 -5.82997026e-01  6.17402396e-02  9.81388720e-01
  -4.93007830e-01 -1.53885239e-01  5.89215096e-02  6.10003604e-01
   1.38793372e-01 -4.25612102e-01 -3.60599374e-02  2.64861078e-01
  -4.11832117e-01 -7.60943222e-02  5.40073538e-02 -9.27184960e-02
  -8.86800361e-01 -7.63635516e-01 -6.76293491e-01  5.33121406e-01
  -3.99085784e-01  2.98964436e-01  8.95841440e-01  4.23784648e-01
  -4.53564401e-01  4.06524614e-01 -5.08682049e-01 -8.15167037e-03
   1.32322344e-01 -7.03444890e-01  9.75505338e-01  4.72732524e-01
  -7.08389828e-01 -1.61757582e-01 -6.64744840e-01 -2.62712681e-01
  -9.89253459e-01 -2.01346088e-01 -8.81745769e-01 -6.05632464e-01
  -6.84807602e-01  2.29322014e-01 -4.07894199e-01 -5.06742943e-01
   4.40425235e-01 -9.15845664e-02 -8.06589247e-01 -2.20708056e-01
  -8.61597375e-01  4.00715717e-01  3.12250757e-01  2.45722351e-02
  -1.36120774e-01  5.56537910e-01 -7.76813279e-01 -7.39542008e-01
  -1.39400951e-02  8.17220274e-02  8.08342086e-02  3.06053142e-03
   3.94826574e-01  1.98843659e-01 -7.09717775e-01 -5.46212111e-01
  -7.36598623e-01 -9.55333146e-01 -8.34739488e-01  6.41464474e-01
   5.43905053e-01 -4.28072629e-01 -1.04208531e-01  5.29722831e-01
  -4.54737931e-01  1.01889970e-01 -3.98962831e-01 -1.90363841e-01
   5.78764328e-01  9.75700044e-01  8.81573668e-01 -7.71705973e-01
  -9.77774080e-01 -5.85536898e-01 -5.00700281e-01  9.77753803e-01
   9.09072732e-01  3.76153983e-01 -2.88201145e-02  1.93451412e-01
   7.76135120e-01 -2.89530379e-01 -9.01607892e-01  6.90255890e-01
  -8.95102115e-01  1.13723724e-01 -3.03841595e-01  7.30677902e-01
   5.14046774e-01 -7.18056687e-01  1.45962533e-01  3.42795432e-01
   9.81464999e-01 -6.14143767e-01  4.52260924e-01  4.21951367e-01
   2.25570884e-01 -7.74749760e-01  6.00533296e-01 -1.00741997e-01
  -5.78457496e-01  1.21214936e-01  9.72842849e-01 -1.39204167e-01
   9.93544539e-01  7.79645218e-01 -4.79894424e-01 -2.15684552e-01
  -8.39910902e-01  2.72937004e-01  2.95368331e-01 -1.99909134e-02
   3.93216283e-01 -7.08389615e-01 -1.83950362e-01 -7.20422125e-01
  -3.43142730e-02 -2.05135838e-01  8.83620762e-01 -7.78217662e-01
  -5.44468904e-01 -2.05499994e-01 -6.65830301e-01 -5.86160994e-01
  -7.78056455e-01  5.08750399e-01  2.50766705e-01  1.82292603e-01
   2.94607707e-02 -4.60682533e-01 -7.71855417e-01  8.06201693e-01
   7.23521309e-01 -9.81200034e-01 -7.84211368e-01  2.84808287e-02
  -1.69164372e-01 -8.05870699e-02 -6.96075429e-01  3.05091566e-01
   3.59129831e-01  1.38120299e-01 -2.95502245e-01 -4.89842305e-01
   8.92571502e-01 -9.07200521e-01  2.92917366e-01 -1.89434377e-01
   4.21611414e-01 -4.36534534e-01 -3.07093103e-02  9.92019161e-02
  -2.64784523e-01 -7.56125381e-01  3.15094733e-01 -7.45444945e-01
   9.64619739e-01 -9.88578156e-01 -4.68731784e-01 -6.86003759e-01
  -9.38636860e-02 -6.96634275e-01  3.01689405e-01  8.30724346e-01
   5.74348246e-01 -5.72358203e-01  9.70201119e-01 -2.03990579e-01
  -4.21891712e-01  1.59246729e-01 -8.99076904e-01 -1.07781245e-01
  -6.79116710e-01  4.62585806e-01 -3.60989507e-01  6.46467044e-01
   3.97768695e-02  6.09528120e-01  9.76909154e-01  5.87335283e-01
  -7.94696359e-01  6.61061088e-01  2.03184896e-01 -7.44222627e-01
  -2.84537667e-02 -7.76962854e-01 -3.43462644e-01 -2.95152332e-01
   5.43943459e-01 -2.08298560e-01  5.69022901e-01  2.21676540e-01
   6.10298819e-01  6.37927957e-01 -2.44252108e-01 -4.43260298e-01
  -4.06326789e-01  7.13333208e-01  5.56851097e-01  2.91143696e-01
   7.99231115e-01  3.72678808e-01 -2.76121465e-01 -3.94484268e-01
   3.31824779e-01 -1.94308270e-01  1.31674248e-01  7.81719372e-01
   7.24889895e-01 -1.35239122e-01 -4.80455900e-01  5.65843070e-01
  -6.14510440e-01 -5.33983573e-01  3.15268575e-01 -7.03270230e-01
   5.00144692e-01  3.14358538e-01  2.09443370e-01  7.81674960e-01
  -4.04326636e-01 -5.61152054e-01]
 [-7.72064079e-01 -6.07512603e-02 -7.06951174e-01  7.31174260e-01
   1.82043370e-01  3.04961647e-01  2.40962612e-01 -3.99687742e-02
  -3.39015920e-02  4.44322784e-01  3.32252024e-01 -9.94297889e-01
  -4.49953150e-01 -4.55557078e-02  2.94875195e-01  8.49122326e-01
   2.58286038e-01  7.34777400e-01 -8.01838950e-01 -4.11117123e-01
  -3.35655709e-01  1.77949933e-01 -7.66130353e-01  1.38434904e-01
   7.67597932e-01  3.90608404e-01  3.74601170e-01 -1.30576733e-01
   9.25237365e-01 -8.24184503e-01 -9.36407092e-01 -6.52738661e-02
   5.89242277e-01 -3.70212889e-01 -8.73853446e-01 -2.66900079e-01
   9.15066728e-02  7.20186152e-01 -2.04304226e-01 -1.44531550e-01
   5.58801456e-01 -6.95202350e-01  6.23314229e-01  8.26169003e-02
   9.10717571e-02 -9.77498460e-01  2.58285312e-01 -6.13159024e-01
   3.48589789e-01  7.88549022e-01 -2.73766115e-01  5.38459060e-01
   3.38590476e-01 -7.96396794e-02  8.20050012e-01  1.28780273e-01
   3.31815447e-01 -7.52368116e-01  8.80132594e-02 -5.86965197e-01
  -4.49350198e-01 -1.12772295e-01 -7.29966756e-01 -3.85591812e-01
   5.87532063e-01  4.35564271e-01 -8.38382664e-01 -6.54907151e-02
   1.86612815e-01 -6.27877623e-01  2.48446696e-01  4.97252599e-01
  -1.13215990e-01  6.76494494e-01  1.75744077e-01 -1.49540863e-01
   2.15386132e-01 -3.73483431e-01  1.54925729e-01  2.51738241e-01
   1.52633992e-01  7.80897414e-01 -4.78268026e-01 -1.24961298e-01
  -9.85122989e-01 -6.24076657e-01 -5.22014799e-02  9.02600778e-01
  -3.81423594e-01  4.50160315e-01  3.22224936e-01 -7.53840758e-01
  -5.21028244e-01  4.66280978e-01 -8.48662895e-03  2.03099413e-01
   7.58611494e-01  2.03473975e-01  3.60186463e-01  7.66347304e-01
   8.13340843e-01  7.10283890e-01 -5.15098270e-02  3.91465813e-02
  -3.27470153e-01 -9.38724436e-01 -1.20371059e-01  7.12422364e-01
   7.67751101e-01  3.76243991e-01  6.81071708e-01 -5.79671061e-01
   7.13427865e-01 -6.81411303e-01 -6.36847598e-01  2.19552491e-01
   7.07898143e-01  8.44947248e-01  3.78317239e-01 -8.54305283e-02
  -6.39940079e-01  7.67327868e-02 -2.44770872e-01 -6.35597700e-01
  -9.58486290e-02  1.94206156e-01  5.53268996e-01  4.01282682e-01
   1.01306423e-01  3.65988143e-01  4.45530305e-01  7.32786531e-01
  -7.80469030e-01  9.68659123e-01  5.18957645e-01  8.00327600e-01
   3.51772067e-01  1.12299969e-01 -5.07074519e-01  1.30532041e-01
  -4.66576793e-01 -8.71021862e-01  2.29073939e-01  6.77670511e-01
   6.06923783e-01  7.57990640e-01 -2.43166020e-01 -7.49341288e-01
   8.37903710e-01 -4.99426443e-01  2.84110595e-01 -2.48771515e-01
   3.04641049e-01  8.95735042e-01  3.42603414e-01  6.90608163e-02
   5.24762846e-01 -3.37300866e-02  1.31328323e-01  9.07753727e-01
  -6.47403736e-01  5.76418227e-01 -9.44348456e-01 -6.14775689e-01
   8.61522771e-01 -5.84328499e-02  8.55726164e-01 -1.67999190e-01
   6.01740394e-01  1.67067203e-01 -7.04050498e-01  1.86996718e-01
   9.20737603e-01 -9.18342252e-01 -1.84767576e-01 -7.19933775e-01
  -9.98450127e-02  5.15408129e-01 -6.33218876e-01 -4.34852848e-01
   4.64451857e-01  7.02748949e-01  2.41270791e-01  5.44670857e-03
   2.14399517e-02 -2.25363162e-01 -7.24769079e-01  7.53207934e-01
  -7.57480293e-01  8.23616957e-01  4.05229306e-01 -4.98989402e-01
  -5.22804681e-01 -6.47924335e-01  4.53917631e-01  5.25561640e-01
   7.47409466e-01 -2.01268904e-01  3.34480388e-01 -4.08870238e-01
  -5.89106841e-01  5.88049543e-01 -8.83800798e-01  8.85097411e-01
   2.89034931e-01 -9.91885577e-01 -5.36666123e-01  7.62206962e-01
   8.06897533e-01 -9.44436827e-01  9.24712984e-01  5.23258167e-01
   2.38228762e-01 -2.23291089e-01 -9.95677840e-01  8.21229770e-01
  -1.33266052e-01  3.92809996e-01 -6.21328086e-01 -6.37395178e-01
  -4.41536615e-01 -7.79858237e-01 -7.80362390e-01 -9.31623849e-01
   7.11807759e-01  1.94902048e-01 -4.90480133e-01 -2.29826542e-01
  -7.36630801e-01  6.62921811e-02 -1.02372298e-01 -8.71904144e-01
   1.73769563e-01  1.44196262e-01 -7.62382312e-01  7.78531476e-01
  -6.52790276e-01  5.60044113e-02  2.58628989e-01 -8.00369000e-01
  -1.18536311e-01 -3.55538843e-01  3.42636091e-02 -1.77076989e-01
   3.62958960e-01  6.61328889e-02 -6.94538644e-01 -3.35214736e-01
   3.60739266e-01 -5.75557873e-01]
 [-3.79249982e-01 -7.83282343e-01  5.27713842e-01 -5.65358175e-01
  -4.86413452e-01  9.44383245e-02  4.46033376e-01 -5.05391569e-01
  -9.31154081e-01 -8.75716982e-01 -4.61731007e-01 -2.31227141e-01
  -3.93376102e-01  6.25305384e-01  5.39764127e-01  1.54272188e-01
  -4.54939244e-01  2.73602137e-02 -3.47841028e-01  8.72718682e-01
   4.32217091e-01 -7.19794908e-01 -1.90112415e-01  2.01675184e-01
  -4.20429813e-01 -3.00225392e-01  3.32581569e-01  9.28469155e-01
   2.41835233e-01 -8.68868562e-01 -5.27023848e-01 -3.05248842e-01
  -8.55908790e-01  9.33056543e-01  5.69305978e-01 -6.60028167e-01
   1.25520461e-01  4.97200679e-01 -9.65405927e-02  7.30962991e-01
  -4.90909255e-01 -1.97959404e-01  9.37383115e-01 -6.30584384e-01
  -9.93777308e-01  3.62054978e-01 -9.15016426e-01  9.35943577e-01
  -2.83565544e-01 -8.29889621e-01 -8.93036720e-01 -1.77146032e-01
   7.51576653e-01  4.18427665e-01 -1.83040430e-01 -8.77238377e-02
  -5.27078513e-02 -8.43476218e-01  8.56918576e-01 -8.02145041e-01
   7.96345705e-01  4.36507388e-01  2.18876564e-01  7.55893540e-01
  -8.67684744e-02 -4.85806911e-01  8.45207233e-01  6.23252570e-01
  -4.32477190e-01  6.01151369e-01  1.18025654e-01 -6.97538318e-01
   7.97458309e-01  4.47958186e-01 -7.35552043e-01  7.34659537e-01
  -6.55417330e-01 -2.72376710e-01 -2.74902005e-01 -5.09017423e-01
  -5.66557693e-01 -2.54679486e-01  7.81874165e-01  5.71552000e-01
  -1.35772990e-01  9.78095903e-01 -2.33617924e-01  2.83108331e-01
   4.21872836e-01  1.51267602e-01 -5.06361268e-02  5.98883995e-01
   7.86294763e-01 -4.53442282e-01 -6.14311720e-01 -2.04032717e-01
  -1.56623808e-01 -6.49442244e-02 -4.61807986e-01  4.95906535e-01
  -5.44385932e-01 -7.92171741e-01 -7.90467494e-01  4.16283614e-01
   5.93995126e-01  2.92977143e-01  6.62040719e-01  2.56762257e-01
   2.19543622e-01  4.03875422e-01 -8.69677290e-01 -3.27975479e-02
   9.72838705e-01  9.44317984e-01  1.81720701e-01 -4.61686644e-01
  -7.98572435e-01  8.36914412e-01 -3.14909462e-01  7.35676623e-01
   9.82915165e-01  6.88862262e-01  1.22872427e-02  7.67389033e-01
  -1.07131522e-01 -2.09054294e-01  6.13816964e-01  1.70239105e-01
  -5.42484297e-01 -1.94006675e-01 -5.45510352e-01  5.99065013e-01
   4.35194521e-02  6.90499330e-01  1.65146437e-01  1.19013024e-01
  -2.56731920e-01  4.74476960e-01 -7.02964555e-01 -6.33055742e-01
   1.68297766e-01  7.19239486e-01 -5.09384126e-01 -5.19174807e-01
  -7.44421793e-01 -5.09485733e-01  9.44395103e-01  2.37864307e-01
   2.12930670e-01 -9.49647273e-01  9.70535606e-01  3.82952150e-01
   9.40826393e-01  8.09736333e-01 -4.80209784e-01  5.33204744e-01
   4.76722421e-01  8.11622813e-01 -5.73679044e-01  4.90651269e-01
  -9.46301769e-01  8.69126347e-01  2.41744784e-01  3.73100826e-01
   4.03908867e-01  4.47179142e-01  4.91093198e-01 -6.99627021e-01
   4.13714316e-01  7.93739266e-01 -9.31636021e-01 -1.41603637e-01
   2.73100492e-01  9.23135681e-01  9.09247555e-01  6.57911096e-02
  -3.63921856e-01  4.66383843e-01 -8.87443207e-01  5.81733387e-01
   9.62938749e-01 -8.40232040e-01 -1.43360910e-01 -1.65420052e-01
   7.99842014e-01  1.58598846e-01 -8.35473186e-01 -6.28160566e-01
  -7.45114931e-01 -4.69396876e-01  4.76934244e-01 -2.99928273e-01
   7.04474425e-01  2.60733415e-01 -5.96260923e-01  1.60365321e-01
  -8.59614459e-01 -7.05362789e-01 -3.50334759e-01 -5.18392799e-01
  -9.83498034e-01 -6.36868133e-01  4.32833177e-01  8.67932904e-01
  -3.11273818e-01 -6.62318291e-01  5.79168620e-01 -7.95564279e-01
  -4.21194524e-01  4.97454531e-01 -2.02015069e-02  8.00302281e-01
  -4.13409281e-01 -9.77796032e-01 -3.05938850e-02 -2.34751830e-01
  -8.35145903e-01 -1.56738634e-01  4.41934287e-01  3.08045620e-01
   2.43508874e-01 -5.81275550e-01 -9.50865711e-01  5.58331230e-01
   8.26059400e-01 -2.74571946e-01  1.84774177e-01  4.28930788e-02
  -2.69352255e-01  2.91885823e-01  8.51163341e-01  8.64007432e-01
  -6.02180065e-01 -8.05758069e-02  2.78073789e-01  5.18189788e-01
   1.99316043e-01  4.39358947e-01 -7.17367311e-01 -9.28701640e-01
  -2.19006275e-01  7.75487499e-02  1.27962045e-01  5.01590673e-01
  -7.64548981e-01  6.50448538e-01  7.23130707e-01  3.95272546e-01
   5.91218941e-02  7.38001757e-01]
 [-3.98265737e-01 -5.44232767e-01  6.65144600e-01  9.63206304e-01
  -1.41966758e-01  3.47483645e-02 -6.96360790e-01 -9.55519309e-01
  -8.61028249e-01 -8.50402127e-02 -2.31737172e-01  7.25381435e-02
  -4.65376961e-01  5.33550860e-01  2.58027156e-02  8.33342560e-01
  -3.31275417e-01  2.13230496e-01 -5.02620764e-01  9.93165661e-02
  -9.88758353e-01  6.97728162e-01 -9.65165521e-01  9.79454529e-01
  -6.69756408e-01  4.97820870e-01  3.43715689e-01 -5.35137113e-01
  -6.17764081e-01  7.74982685e-01 -2.72461455e-01  3.01824603e-01
   2.17246653e-01 -9.87751884e-01 -1.52644402e-01 -2.49385902e-01
  -7.11666009e-02 -6.02594529e-01 -6.95867672e-01  1.57627930e-01
   6.49379129e-01 -8.80809764e-01  1.16371598e-01  5.07560486e-01
   3.70210597e-01 -8.90022894e-01  3.86977330e-01  1.60910441e-01
  -4.39714929e-02  6.00443027e-01 -6.32921310e-01  1.00544549e-02
   3.49857507e-01 -8.84019674e-01 -6.42552545e-01 -9.37910876e-01
  -6.82554888e-01 -1.51612606e-01  7.60470312e-01 -5.62034935e-01
   6.37782334e-01  1.24218542e-02 -9.70010134e-01  9.15558402e-02
  -3.29616661e-01 -9.27281788e-01 -6.68114521e-01  3.68736604e-01
   5.36553870e-01  3.70904280e-01  3.04662086e-01 -3.50055179e-02
  -5.31088721e-01  3.21442844e-01  7.54540465e-01 -7.44049775e-01
   7.69892196e-01 -9.58577826e-01 -6.15116727e-01  8.19429589e-01
  -6.15925505e-01  3.46871107e-01 -2.27307860e-01 -8.37950634e-01
   4.68433236e-01  5.05497378e-01 -5.13516237e-01 -7.26411150e-01
  -1.10457790e-01 -7.12923705e-01 -8.41213558e-01 -6.59391102e-01
  -8.40475325e-01 -4.27630023e-01 -8.07522478e-01  8.81071111e-01
   6.09502122e-01  2.63976996e-01 -9.37470633e-01  3.48885355e-01
  -5.67263652e-01 -3.19762141e-01  1.11136170e-01 -1.08300781e-01
   4.00529875e-01 -3.77974765e-01  1.49140395e-01  8.95360495e-01
   3.66772729e-01  3.39905220e-01  8.51383073e-01  7.55992518e-01
   3.07727997e-01  4.30204975e-02  4.90475852e-01 -3.99163788e-01
  -6.16658498e-01 -6.50610824e-01  8.51935314e-01  3.20508573e-01
   8.99884041e-01 -4.84525149e-01  5.07205628e-01 -2.91012373e-01
  -4.36450546e-01  2.12445304e-01 -8.48717400e-01  1.04027249e-01
   6.95400640e-02 -7.44257342e-01  8.70588566e-01 -3.57842750e-01
   2.23684954e-01  6.01385589e-01  4.01845707e-01 -6.08412503e-01
   7.72590159e-01 -4.32714383e-01 -7.52186883e-02  3.12431403e-01
  -5.05926616e-02  1.12459317e-01 -6.97946215e-01  7.33921455e-01
  -6.04149558e-02  1.50940209e-01 -6.94115357e-02  7.07836255e-01
  -9.31214382e-01 -5.34302339e-01 -1.15601325e-01  4.66119078e-02
  -9.17518818e-01  4.20780324e-02 -2.53636671e-01  5.48392724e-01
  -8.52419338e-01 -7.52306423e-02 -8.68170166e-01  1.80305157e-01
  -9.46926277e-01  3.98977452e-01 -8.76864879e-01  2.20297281e-01
   1.62771452e-01  3.76102078e-01 -3.19265818e-01 -6.58079199e-02
  -5.43092597e-01 -8.91647229e-01 -3.54247168e-01 -5.06574865e-01
  -3.58447606e-01  7.75307614e-01  5.13391116e-01 -9.42870153e-01
  -6.38997282e-01  5.80464641e-02 -2.34879878e-01 -8.25308629e-01
  -8.43471629e-01 -9.60182357e-02 -2.75057306e-01 -7.66073250e-02
  -8.39683048e-01 -4.22560468e-01 -7.95523128e-01  4.88522828e-01
  -3.09020983e-01  2.52943080e-01 -6.65502755e-01  9.06424189e-01
   9.93062573e-01 -6.33494286e-01  6.03115461e-01  4.85506022e-01
  -8.18239000e-01  7.32601827e-01  5.91563521e-01  4.33907405e-01
   4.74085027e-01 -2.13408026e-01  4.35153501e-01  6.47814498e-01
   4.18245292e-01  1.79493249e-01  8.69973537e-01 -2.16641440e-01
   2.81177267e-01 -9.50520831e-01  8.71533238e-02  8.73452674e-01
  -6.68287752e-01 -1.04426696e-01 -8.05045272e-01  2.77857004e-01
  -9.55655204e-01 -2.43815654e-01  7.44456910e-01 -3.34230667e-01
   4.58406846e-01 -6.23536861e-01 -3.58534316e-02 -9.64787504e-01
   3.36202941e-01 -5.82597071e-01 -1.23708401e-01 -5.96840297e-01
  -7.43737975e-01 -3.82739239e-01  6.61101367e-01  8.87536337e-01
   1.08241188e-01  6.50375431e-01 -5.74111305e-01 -1.91126636e-01
  -6.19857484e-01 -2.94066384e-01 -2.37417695e-01 -9.24000728e-01
  -5.15541035e-01 -9.74822156e-01 -8.06002763e-01 -5.55816581e-01
  -8.25444849e-01 -2.65736324e-01  4.86377368e-01 -9.03472893e-01
  -2.54669716e-01 -1.20145469e-01]
 [-7.19872672e-01 -9.13893420e-01  1.50923611e-01  9.16852501e-01
  -7.20992838e-01  3.85448480e-02 -8.22126350e-01 -1.54732964e-01
  -7.14041142e-01 -1.85824795e-01 -4.87420388e-01  5.85030981e-01
   7.24234533e-02 -4.97595594e-01  3.92288413e-01  8.15884870e-02
   5.32311800e-01  1.42360747e-01 -2.27469934e-01 -2.87131592e-01
   5.17776836e-01 -9.01628427e-01  9.71318415e-01 -3.94166338e-01
   5.88736201e-02  1.29479434e-01 -5.75503291e-01 -4.17869685e-01
   6.08896651e-01  8.53756480e-01 -5.11268441e-01  1.74786651e-01
  -5.67190547e-01  5.42351782e-01  6.65123506e-01 -1.64763666e-02
  -2.37644314e-03  1.54880124e-01  9.28825763e-01  9.64692839e-02
   2.92483656e-01  4.40095060e-01 -7.09264703e-01 -2.62578179e-01
  -9.54915064e-01  1.59917660e-01 -4.27060306e-01 -4.00783426e-01
   9.38385498e-01  7.36861987e-01  7.49099055e-01  9.22063259e-01
  -1.35908145e-01 -5.85641402e-02  9.30690335e-01 -8.02773973e-01
   2.08450614e-01  1.14848790e-01  3.82013125e-01  8.29165236e-01
   7.93281482e-01 -2.97232891e-01  4.07453254e-01 -3.95883784e-01
   8.72707016e-01 -4.79394825e-01 -4.68375289e-01  1.34766895e-01
  -9.80387615e-01  7.54972009e-01 -9.92057189e-01 -3.91980320e-01
   3.04113529e-01  2.29238208e-01 -4.74242359e-01  4.68191458e-02
   7.01732852e-01  5.21167043e-01 -3.71134977e-01  8.33186471e-01
   4.74298188e-03 -4.07153928e-01 -9.46825171e-01 -2.62908045e-01
  -3.55766023e-01 -5.57084598e-02 -5.11736119e-01 -5.37465514e-01
  -9.09007474e-01  1.35358403e-01 -3.21297051e-01  4.72303957e-02
   7.88410241e-01 -3.10182535e-01  5.59893303e-01  5.00896629e-01
   6.64600118e-01  4.13088723e-02 -7.83923400e-01 -1.94211182e-01
   8.19891216e-01  7.46818869e-01  5.24604780e-01 -1.00444772e-01
  -2.72661847e-01 -5.06674750e-01  4.57217554e-01  7.34379205e-01
  -6.79006351e-01 -3.18218418e-01  7.52280625e-01  5.24173281e-01
  -3.64534160e-01  5.46580980e-01  1.14221791e-01 -7.76883900e-01
   1.39919840e-01 -1.19486660e-02  8.91496816e-02 -8.46718041e-01
   8.09669623e-01 -2.82336672e-01 -4.93738665e-01  3.84545418e-01
  -8.98716895e-01  4.29619941e-01 -1.94751589e-01 -1.86138056e-01
   7.41380835e-01 -2.26309365e-01  7.34795673e-01  4.89663069e-01
   1.81229106e-01 -9.83335386e-01 -8.58203896e-02  9.34383233e-01
  -4.98334465e-01 -3.58002882e-01  7.90808822e-01  3.15612786e-01
   1.17699937e-01  8.81058535e-02  3.98004832e-01 -7.11139279e-01
  -1.62479042e-01  4.97278999e-01 -3.78019820e-01  7.70810640e-01
  -9.00295528e-01  3.00158382e-01 -7.53146493e-01  6.84206391e-01
  -9.17575146e-01 -1.99360990e-01  6.44880351e-01  7.61845311e-01
   5.17697511e-01 -8.29969170e-01 -7.94328846e-01  9.41882511e-01
   8.16925542e-01 -1.75425874e-01  2.48227558e-01 -3.93213784e-01
  -6.39747378e-01 -5.63610274e-01  5.69679068e-01  4.58811248e-01
   8.20513264e-01  2.06018145e-01  5.43311108e-01  5.31153954e-02
  -2.30555367e-01  3.47555869e-01 -4.44854590e-01  9.82816038e-01
  -7.29929514e-01  3.94693556e-01 -7.49317783e-01  8.75080968e-01
  -2.93096252e-01 -2.11250111e-01  4.79970631e-01  6.35262713e-02
   7.54728991e-01  6.52193801e-01 -5.81839646e-01  9.62574821e-01
   7.81983951e-01  8.78594220e-01  4.91935193e-01 -3.73833490e-01
  -5.43842883e-01 -8.66156884e-01 -5.24372073e-01 -6.90487164e-02
   9.73453918e-01  3.21801794e-01 -5.96262930e-01  8.78158790e-01
   7.91384515e-01  2.57689674e-01 -8.52887733e-01  8.54979554e-01
  -3.12308091e-01 -9.34359587e-01 -6.15239746e-01  8.22137684e-01
  -3.47451608e-01  4.38810301e-01  1.22685708e-01  4.68912703e-01
   2.45202990e-02  4.62069098e-01  7.28452146e-01  8.77225571e-01
   7.99293534e-01 -7.92342179e-01  3.86015180e-01 -4.68092979e-01
   9.76816818e-01  9.79606270e-02 -5.97117152e-01  7.95081830e-01
   1.47664642e-01  7.58480637e-01  5.89563374e-01 -2.09177722e-01
   2.21500415e-01 -6.40246327e-01 -4.19144703e-01  7.73024605e-01
   2.04164595e-01 -9.42998260e-01 -5.13550140e-02 -3.04978838e-02
   6.97673684e-01  4.45797901e-01  5.89951842e-01  7.10102760e-01
   9.55388088e-01 -5.83099476e-01  5.17848586e-01 -6.29756811e-01
  -7.35468609e-01  6.08239428e-01 -5.09294741e-01  6.54977775e-02
  -7.75908237e-01  9.25874964e-01]
 [-8.53212110e-02 -6.99458865e-01  2.46878105e-01 -5.79662664e-01
   9.90519897e-01  3.48314988e-01 -1.49190296e-01  8.44048829e-01
   2.28526411e-01  6.12982775e-01 -6.74733896e-01 -5.16533907e-01
  -8.92742168e-01  3.45561995e-01 -1.07851662e-01 -1.06657226e-01
  -8.27291714e-01  2.48908591e-01  8.79738534e-01  9.64820620e-02
   5.83166600e-01 -3.80061301e-04 -5.51331945e-01  5.29810567e-01
  -2.08365632e-01 -8.00552067e-01  2.25621556e-01  4.24727568e-01
   7.73594079e-01 -7.63976416e-02  5.57716855e-01 -8.75584066e-01
   3.48859227e-01  9.76681641e-01  2.47130028e-01  6.17693383e-01
  -4.75393864e-01 -4.96496667e-02  6.97354077e-01 -4.81495330e-01
   6.87437883e-01 -3.15725822e-01 -2.47424689e-01 -8.16253630e-01
   9.42693316e-01  7.56751988e-01 -5.92266277e-01  6.12502379e-01
   3.75076766e-01  9.64385176e-01  5.47766993e-01 -4.78130906e-01
  -2.87085139e-01 -8.22930134e-02  8.67257726e-01 -4.24004038e-01
   8.46281184e-01  2.78593865e-01  2.60334234e-01 -7.85499854e-01
   1.28608071e-01  1.96944435e-01 -8.68026963e-01 -4.89297646e-01
   7.49909975e-01  4.35212067e-01 -7.66894737e-01 -2.86313936e-01
   8.71063252e-01 -4.17999010e-01 -7.99102069e-01 -3.87095543e-01
   3.64804451e-01  2.68262404e-01  5.92987495e-01  5.08118939e-01
   6.66861602e-01  2.66875101e-01 -8.70371187e-01  3.89006938e-01
   8.03067963e-01 -4.59590464e-01 -4.53111998e-01 -6.44733155e-01
  -9.11467623e-01  3.13322056e-01  1.28320732e-01 -1.31352804e-01
   7.77479023e-01  8.25475244e-01  4.11459766e-01 -3.03370039e-01
  -7.31979333e-01 -9.12365564e-01  3.60771115e-01 -9.89503126e-01
  -1.75714582e-01 -3.34030679e-01  8.33647864e-01 -4.52823762e-01
   1.11379402e-01 -6.08279422e-01 -6.81716170e-01  7.06755894e-01
   6.68332383e-01 -8.04114663e-01  2.36644629e-01 -5.58850220e-01
   7.18965756e-01 -5.43694087e-01 -2.28938839e-01  7.34564930e-01
   3.44767651e-01 -2.46942705e-01  8.94588183e-01  2.00536464e-01
  -6.99407775e-01 -8.61857468e-01  8.92402365e-01  3.85337536e-01
  -9.45904552e-02  9.99826712e-01 -3.89475510e-02  1.37110076e-01
   4.03030912e-01  2.33639948e-01  4.75476012e-02 -5.62920413e-02
  -4.72686570e-01  1.38715757e-01 -7.48095516e-01 -9.47946477e-01
  -6.87612414e-01  7.45457245e-01 -9.03944874e-02 -5.70236166e-01
   7.04172364e-01  3.78371492e-01 -2.87487840e-01 -7.99571314e-01
   1.61933697e-03 -2.70214586e-01 -8.01151296e-02  7.11034627e-01
  -4.63540738e-01  9.59107963e-01 -8.62751269e-01  6.63067409e-01
   8.16463142e-01 -1.26042068e-01 -9.39523762e-01  5.93695793e-02
   2.73735332e-01 -8.39299878e-01  5.98079581e-01 -9.00065967e-01
   1.24960438e-01  5.20275243e-01 -1.66073539e-01  6.24739859e-01
   2.95004540e-01  8.32772293e-01  6.11397801e-01 -1.50416828e-01
  -2.09668377e-02 -5.59387454e-03 -6.07626393e-01  7.23661435e-01
   3.75441287e-01  3.19839420e-01 -1.16106036e-01  4.91958932e-01
   5.12902635e-01 -2.49411747e-01  6.77827841e-01 -2.82992505e-01
   2.22044288e-03 -5.37863088e-01  5.26980700e-01  5.04348572e-01
  -9.21265636e-01 -9.64569037e-01 -3.46542530e-01 -1.99511288e-01
  -2.12885676e-01 -5.44400457e-01 -5.09305446e-01 -3.02939155e-01
  -3.35195849e-01  4.64018914e-01  3.90676222e-01  7.34132531e-01
  -4.19687658e-01  9.58193033e-01 -8.51588611e-01 -5.29135096e-01
  -8.84230969e-01 -4.46273254e-01  3.25060773e-01  2.86411543e-01
  -1.98826108e-01 -5.83999871e-01 -7.95392666e-01  7.73050925e-01
   5.79821867e-01  4.08784892e-01 -5.45635054e-01  5.82160403e-01
   6.10599849e-01  1.98991467e-01  1.58950855e-01  9.77291302e-01
   1.39608838e-01 -1.53118133e-01  2.43147699e-03 -8.28530133e-01
  -8.70244903e-01 -5.69426295e-01 -5.40374589e-01 -1.72029463e-01
  -6.02248103e-01  3.24466883e-01  9.81615408e-01 -6.10320794e-01
  -3.75859680e-01  4.31443582e-01 -4.35230000e-01  8.99458385e-01
   1.84544582e-01 -8.41316019e-01  4.27311319e-01 -2.49832850e-01
   2.77054750e-01 -3.43611652e-01 -9.60733118e-01  1.43011957e-01
  -2.46872797e-01  8.86798023e-01  5.63577447e-01 -7.57802261e-01
   5.53658123e-01 -5.67163873e-01 -6.34780362e-01  7.65769651e-01
  -8.60996468e-01  9.35356229e-01  4.56903473e-01 -5.74520591e-01
   1.50768675e-01 -9.54288418e-01]]