[[ 4.78199096e-01  5.01822066e-01 -4.65913290e-01 -3.37922652e-01
  -3.30440208e-01  1.89050187e-01  3.31816765e-01  4.11077779e-01
  -4.12884975e-01 -5.96929737e-01 -9.61186537e-01 -3.45986196e-01
  -5.72868439e-01 -7.44363575e-01 -9.01317309e-01  6.13416152e-01
  -7.45134099e-01  1.72570094e-01 -8.26237823e-02  6.96236821e-01
  -2.77134584e-01  5.03612227e-01 -8.80321167e-01  3.60331821e-01
  -1.69942779e-01  9.33618722e-01 -7.70076320e-01 -9.35928624e-02
  -4.95779329e-01 -9.56637830e-01  8.28687769e-01  5.57485964e-01
   7.24226291e-01 -3.32075169e-02 -3.44617377e-01  4.75787792e-01
   4.40819062e-01 -6.47780666e-01  3.42256200e-01  8.03382373e-01
   1.07242800e-01 -6.80516486e-01 -2.47801497e-01  9.62948836e-01
  -7.29396107e-01 -8.53024172e-02 -8.13989996e-01  6.88064586e-01
  -5.96885523e-01  1.77941319e-01 -2.35419327e-01 -5.00784662e-01
   7.53665667e-01 -1.72482247e-01 -1.27431544e-01 -5.74845261e-01
  -5.48955096e-01 -8.37794314e-01 -6.76587780e-01  8.29945091e-01
   7.51671512e-01 -4.87458611e-01 -8.94843513e-02  7.90656712e-02
   4.64449174e-01 -4.16952656e-01 -3.28985578e-01 -7.59015160e-01
   7.32843116e-01 -6.56837778e-01 -8.60030749e-01  4.95663507e-02
  -5.52310137e-01  2.30567792e-01  1.14098014e-01  8.08827077e-01
   3.36625143e-02 -2.47754650e-01 -4.86267150e-01  1.50187189e-01
   8.66090859e-01  5.28728652e-01 -5.10284400e-01  3.91575934e-01
   4.10492988e-01 -3.22826413e-01 -6.69588824e-01  7.10871422e-01
   2.82420805e-01  1.29281513e-01 -6.41629568e-01  3.98412592e-01
  -8.13026205e-01 -5.68081948e-01 -9.86161338e-01 -8.87986500e-01
   7.12829444e-01  2.51794345e-01  3.64261951e-01 -1.90568765e-03
   9.39928366e-01  3.88920898e-01  1.02116207e-01  6.61623812e-01
   1.83189973e-01 -6.47102679e-01  2.39459640e-02 -7.46253067e-01
   8.53243266e-01 -8.75731221e-01  9.96588954e-01 -5.88250873e-01
   2.38842042e-01 -6.68860416e-01  5.69526000e-01  9.89291142e-01
   4.75777507e-01 -1.28558301e-01  1.84569292e-02 -3.19895189e-01
   1.39428247e-01 -3.13196050e-01 -6.82793565e-01 -6.86149153e-01
  -5.16032405e-01  9.28885748e-01 -1.22268230e-01  7.71575453e-01
   9.32180637e-01 -9.10659618e-01  5.51246005e-01 -6.21676742e-01
   7.17246655e-03 -2.04809476e-01  7.83017373e-01 -4.96610887e-01
  -3.97026134e-01  6.31656429e-01  1.11710070e-01  9.30327997e-01
   5.38531771e-01  3.11496247e-01  6.68563446e-01  5.05282207e-01
   6.92919167e-01  5.79914035e-01  5.12721116e-01  4.61279335e-01
  -1.07568783e-01 -5.54779273e-01  2.36310653e-01  1.97595547e-01
   5.96081122e-01  8.99201508e-01  9.23739472e-01 -8.70838008e-01
  -2.38932555e-01  5.83874232e-01 -7.80168693e-01 -8.63583581e-01
   4.63423121e-01 -8.46516179e-01 -9.77685798e-01  8.63516834e-01
  -9.89538344e-01 -8.82744669e-02 -5.80704412e-01 -7.89071290e-02
   4.07406804e-01  3.14940157e-01 -8.12253067e-01  6.23585218e-01
  -1.12674606e-01  5.55282689e-02  7.03469922e-01 -1.51151942e-01
   7.53649463e-01  2.80222979e-02 -8.77859506e-01  7.34095664e-03
  -6.57994525e-01 -8.57687510e-01 -3.28933446e-01  4.84761690e-01
   6.88490951e-01  8.45106206e-02 -7.29563326e-01 -4.26495982e-01
  -2.39887565e-01 -6.29022227e-01  4.52864788e-01  6.21620503e-01
  -6.59246003e-01 -3.72038889e-01  6.85890445e-01  5.67141120e-01
  -9.60733195e-01  6.26229703e-01  1.90342371e-01 -3.93165414e-01
   7.81822455e-02  6.43139196e-01 -7.31123770e-02  6.57727620e-01
  -2.85733566e-01  4.90023727e-01  5.70366599e-01 -8.91533550e-01
   5.59314908e-01  3.53602740e-01 -8.14960507e-02 -6.88978074e-01
   6.27121049e-01 -2.31579607e-01  4.09874329e-01  3.21417938e-01
   8.33410194e-01 -3.03584709e-01  6.42917523e-01 -4.45812706e-01
  -6.38853286e-01  8.30773437e-01  2.72526267e-02 -3.48759292e-01
  -7.85123563e-01  8.64202895e-01 -1.06052467e-01  6.12007617e-01
  -1.75235708e-01 -7.78626134e-01  6.58283383e-01 -9.85209744e-01
   2.54402907e-01  9.91555468e-01 -6.10230132e-01 -4.94303703e-01
  -6.16843635e-01  3.93818804e-01 -8.52505236e-02  8.46087730e-01
  -6.50662399e-01 -1.19138243e-01 -1.92739895e-01  5.83427872e-01
  -7.80017017e-01  3.81505123e-03 -7.32694512e-01  9.79658699e-01
  -9.55963580e-01 -8.71414095e-01  5.71518296e-01 -4.53515475e-01
  -6.50564118e-01  2.72335673e-01 -2.57567787e-01 -5.59277791e-01
   2.08476637e-01 -3.77850024e-01 -1.25756634e-01 -2.45285697e-02
   1.41026627e-01 -4.06538117e-01  5.14860322e-01  9.83820532e-01
  -4.20914198e-01 -5.38974185e-01 -4.64419943e-01 -8.12470451e-01
   6.21995559e-01 -2.15151965e-01 -1.64691174e-01  2.38746835e-01
  -6.93586990e-02 -7.48839027e-01  7.69204155e-01  6.73126616e-01
   7.29055444e-01 -7.51376885e-01  7.60648511e-01  4.53422118e-01
  -3.13774037e-01 -8.41758343e-01  8.15691518e-01 -3.50000692e-01
   6.94707395e-01 -8.90570868e-02  9.97289015e-01  1.40829132e-01
  -3.64263368e-01  4.04796549e-01 -1.55089237e-01 -6.43024073e-01
   3.63631137e-01 -7.70191032e-01  2.63079835e-01 -3.17492700e-01
  -6.75134694e-01 -6.20294424e-01 -9.17437705e-01  3.22375169e-01
  -2.18022042e-01  6.16865552e-01 -4.21310913e-01  7.10427498e-01
  -4.58840949e-01 -5.72033943e-01 -9.40367025e-01 -1.91873312e-02
   1.95292607e-01  2.77835459e-01 -5.08184877e-01  4.90068006e-01
   9.81818460e-01  9.54929881e-01 -1.41529134e-01  4.37511082e-01
   8.95077910e-01 -4.09261998e-01  1.86782301e-01  2.51041226e-01
   3.31268928e-01  3.69171013e-02 -9.35965319e-01 -7.31710642e-01
  -2.40234092e-01 -4.84694883e-01  4.09459801e-01 -9.22974052e-02
  -9.76151967e-01 -2.75133327e-01  8.65982073e-01  9.12669795e-01
   6.29353961e-01  6.37423877e-03 -6.13407043e-01  9.55052963e-01
   8.39899210e-01  9.71620333e-02  2.85500154e-01 -2.85736372e-01
  -8.74307304e-02  7.19656009e-03  8.67506126e-02 -7.03611824e-01
   9.59372083e-01 -3.74710958e-01 -5.93058952e-01  1.39179262e-01
  -6.51742261e-01  2.10737202e-01 -7.23754665e-01 -6.17309159e-01
   4.72424652e-01 -2.23171994e-01  1.07695258e-01  1.58085258e-01
  -2.61228302e-01 -6.86755130e-02  3.13103525e-01 -4.26749794e-01
   8.23353116e-01 -3.91614883e-01  7.84231525e-01  8.28019479e-01
   5.50876418e-01 -9.81680834e-01 -6.29558272e-01  5.44543679e-01
  -6.91228698e-01  8.69672293e-01  7.30881990e-01  6.37084141e-01
  -6.24985316e-01 -2.37909813e-01 -3.59385067e-01  5.78007302e-01
   1.67414715e-01  1.74834641e-02 -9.68212152e-02  4.51785174e-02
   7.85372855e-01  3.45594581e-01  7.32620646e-01  8.50896364e-01
  -8.66716010e-01  8.17071366e-01 -1.60156820e-01  1.78708318e-01
   3.73051198e-01 -5.40544683e-01 -4.94658359e-01 -4.57624270e-01
  -1.53403517e-01 -1.04729552e-01  9.56626039e-01  9.68885805e-01
  -7.35444454e-01  2.20276563e-01 -8.21645317e-01 -4.43169084e-01]
 [ 4.18829721e-01 -3.89660277e-02  2.60005928e-01  3.58731417e-01
   6.13353751e-01  9.98786553e-01 -6.74303480e-02 -8.85568781e-01
  -2.19911149e-01 -2.48296471e-01  3.21084311e-01 -7.44752064e-01
   7.22076521e-01 -5.71220690e-02 -6.25475002e-01 -2.89354310e-01
  -4.84526433e-01  3.30191591e-01  3.75773185e-01  1.19194828e-01
   2.25962586e-01 -6.24849388e-01  6.12920055e-01 -1.93395257e-02
  -6.44356277e-02 -7.60156788e-01 -4.03450328e-01 -9.99560438e-01
   4.73616352e-02 -4.01139503e-01  5.33251352e-01  5.11573192e-01
  -3.37524983e-01  5.90584781e-01 -6.08468427e-01  3.52278622e-01
   5.71951885e-01 -3.47270607e-01  4.26722502e-01  8.96016085e-01
   1.53353093e-01  5.87514125e-01  3.17498345e-01 -4.15032177e-01
  -5.84860330e-01  6.96422593e-01  2.19958796e-01  8.10231446e-01
   1.44459479e-01 -1.72251092e-02  6.40225984e-01 -5.80712687e-01
   1.55773412e-02  8.23533055e-01 -3.39422012e-01 -3.34468957e-01
  -2.66876182e-01 -6.77110992e-01  6.17869316e-01  7.89903381e-01
   9.43107318e-01  8.40384843e-01 -1.45167568e-01 -3.87383629e-01
   1.35007838e-04  2.30586082e-01 -7.57409898e-01  5.20019164e-01
  -8.86383049e-01 -6.26733434e-01 -7.94324817e-01 -5.27238291e-01
   4.54661756e-01 -2.36302029e-01 -7.81008460e-01 -5.11629995e-01
  -2.09828487e-01 -5.85757905e-01 -3.88226372e-01  2.37260312e-01
   6.06919987e-01 -7.26159092e-01  5.78851422e-02  2.43918450e-01
  -1.88642368e-01  8.84358138e-01 -7.40114965e-01 -2.59992558e-01
   5.75268059e-01  7.74759433e-01  4.90559199e-01 -8.35795213e-01
  -9.23595682e-01 -6.22835528e-01 -4.07061979e-01  4.35612969e-01
  -3.06771525e-02  1.31630901e-01 -5.09725617e-01  2.28314083e-01
   5.68814885e-01 -4.24372854e-01  4.09745945e-01 -5.04129051e-01
   2.89391470e-01 -5.79109293e-01  1.62486249e-01  6.47890111e-01
   9.49552024e-01 -9.82186173e-01  4.00238280e-01 -4.18260594e-01
   8.73803125e-01 -5.67291372e-01  4.65955909e-01  1.30018069e-01
   9.38705272e-01  5.92857212e-01  8.09081815e-02 -2.55776932e-01
  -5.47013698e-01  8.58472593e-01  2.77932763e-01  3.53733818e-01
  -6.81082055e-01 -5.34129384e-01  6.02856189e-01  2.16235758e-02
  -2.27526498e-01  6.77799217e-01 -3.36752558e-04 -1.61666704e-01
   5.05865858e-01 -6.75368943e-01  2.29525584e-02  1.60348339e-01
   4.99670020e-01 -4.72910919e-01 -9.22613636e-01  6.74513372e-01
  -9.91500256e-01 -9.27425466e-01 -8.64054112e-01  1.73507809e-01
   4.40878231e-01  5.82453477e-02  1.16741067e-01 -3.36667871e-01
   8.06934536e-01 -7.74804470e-01  3.27310736e-01 -8.15523066e-01
  -2.80040973e-01 -7.93969293e-01  7.98378567e-01 -6.09999261e-02
   8.24487324e-01  2.28198468e-01 -7.23931267e-01 -5.80229329e-01
   4.65497348e-01  7.99920986e-01  9.29078655e-01 -2.33522510e-01
   8.46491997e-01  7.26361188e-01 -5.78019014e-01 -7.44690251e-01
   7.42102079e-01  4.05189930e-01  8.18352617e-01  7.48348005e-01
   5.06673326e-01  4.34367303e-01 -3.49250435e-01  2.66092856e-01
  -7.34851345e-01  7.73011040e-01 -9.50712886e-01  3.91658162e-01
  -9.49352597e-01 -4.08777571e-01  5.62644172e-01  5.21655810e-01
  -3.97296458e-01 -3.23224833e-01  6.93812700e-01 -8.84251647e-01
  -2.88303248e-01 -9.15265477e-01  1.50362172e-01 -3.80316135e-01
  -6.98015181e-01 -3.67136354e-01 -9.30602766e-01  8.90478789e-01
   6.40671126e-01 -8.59697621e-01 -7.50063746e-02 -7.73950846e-01
  -3.93614647e-01  6.94164410e-01 -5.63610157e-01  7.73618505e-01
  -1.08723969e-01  5.81120578e-03  7.37176518e-01 -9.39538318e-02
  -5.69405962e-01 -3.47009623e-01 -1.54481542e-01 -8.98905183e-01
  -5.04938068e-01 -9.58233888e-01  1.90343734e-01 -6.24668587e-01
   6.85078776e-01 -7.80249516e-01  5.43630728e-01 -2.29774975e-01
  -9.11964261e-01  6.60137409e-01  3.64265559e-01 -5.03172999e-01
  -6.76998171e-01 -1.78628441e-01 -1.63230737e-01 -3.72479473e-01
  -4.00113906e-01  3.72494374e-01 -7.19396679e-01 -4.83606425e-01
  -5.59085073e-01  7.04200252e-01  7.53478812e-01 -3.20002329e-01
   6.03149567e-01  5.37428592e-01  3.06793355e-01 -7.00031183e-01
  -2.87435456e-01  8.59410028e-01 -6.75804434e-01 -6.21133340e-01
   8.55725255e-01 -7.66317468e-01  2.61089323e-01  2.41083254e-01
   5.12373205e-01  8.56390358e-01 -6.32930759e-01  1.31078020e-01
   6.62129749e-01 -3.35969910e-01  2.31214172e-01  8.28031277e-01
   4.03479337e-01  3.96717710e-01 -8.07824446e-01  6.95341599e-01
   8.52104595e-03 -5.20640836e-01  3.38247944e-01 -6.71155424e-01
   8.46966026e-01 -5.19030573e-01 -8.08626005e-01 -7.06302487e-01
  -4.19344784e-02 -2.20920001e-01  8.21148888e-02  5.96791310e-01
   3.64495383e-01  8.44715545e-01 -3.89754476e-01  7.30971871e-01
   5.06071296e-01 -6.69020104e-02  5.75503063e-01 -2.08773615e-01
   6.93744174e-01  4.48436256e-01 -9.08206636e-01  6.40183494e-01
   6.00506264e-01 -1.20284685e-01  9.21521684e-01  9.09996993e-02
   4.77192054e-01  5.75420807e-01 -6.67517482e-01  6.48453563e-01
   1.98920373e-01  5.24167027e-01  2.64888658e-02  6.34829428e-01
  -7.07093577e-01 -1.41541444e-02  3.26017155e-01  5.00201331e-01
   1.38408421e-01 -9.09859970e-02 -7.45439258e-01  8.79467186e-01
   1.00426133e-01 -1.55295308e-01 -4.37240790e-01 -6.40833937e-01
  -8.53093294e-01 -7.61388892e-01 -9.34854241e-01  1.66203472e-01
   7.99337918e-01 -1.17671660e-01 -1.11617841e-01  4.88467642e-01
  -4.21699883e-01  3.46098067e-01  1.71174987e-01  1.05730791e-01
  -8.29550287e-01 -2.35863860e-01 -3.28013262e-02  5.68468066e-01
  -9.01513102e-01 -6.93838925e-01 -1.89314614e-01  7.74921370e-01
   3.48523011e-01 -7.64560922e-01  4.08741001e-01  2.71628411e-02
   8.47069566e-01  4.26871188e-02  2.71433538e-01  3.37169799e-01
  -7.31862454e-01  1.64063074e-02  7.90674118e-01 -5.15144757e-01
   3.92404284e-01 -8.71254619e-01  2.46622055e-01  2.15935674e-01
   6.38401771e-01 -8.92377744e-01 -1.83068415e-01 -6.87300890e-02
  -7.50152829e-01  7.26102739e-01  8.39434104e-01  1.69886189e-01
  -4.37650760e-01  1.87536538e-01 -9.09112989e-02 -8.78008238e-02
  -5.83027046e-01 -6.13677269e-02  9.08554507e-02 -3.19061226e-01
  -4.51612380e-01  6.98643059e-01 -1.38332552e-01  8.75987297e-01
   7.86540278e-02  6.87147830e-01 -6.45025658e-01  7.35719420e-01
  -8.12166841e-01  7.54048536e-01 -1.01137118e-01 -3.92080715e-01
   9.52948864e-01  6.95893772e-01  9.04464798e-01 -4.95075570e-01
  -5.07526569e-02 -8.89933582e-01 -1.41518250e-01  4.38272825e-01
  -6.40215957e-02 -9.78647135e-01  1.15097770e-01 -4.24180634e-01
   3.05010707e-01 -4.37635131e-02  1.55451775e-01  6.78826990e-01
  -9.72735522e-01  1.22252682e-02 -1.88293466e-01 -7.24798597e-01
   4.31603602e-01 -2.14471676e-01  2.02115997e-01  6.27213986e-02
  -3.40064024e-01 -2.83526060e-02 -9.51785872e-01 -5.25899536e-03]
 [-8.96197161e-01 -3.41459253e-01 -3.98696301e-01  1.04071292e-01
  -3.36136589e-01  9.11247771e-01 -5.95074874e-01  5.58110306e-01
  -2.58615921e-01 -2.39176191e-01  3.97573253e-01  7.41963064e-02
   2.55423224e-01 -6.92118704e-01 -9.98707033e-01 -9.75796499e-01
   6.21593847e-01 -8.10463518e-01  5.30293309e-01  4.96845706e-01
   3.85080721e-01 -2.20036732e-01  9.83583147e-01  3.52446496e-01
  -6.34638188e-01  8.72215504e-01 -3.80517218e-01  1.37029138e-01
   6.21250815e-01  8.55638989e-01  5.12792860e-01 -7.03361867e-01
   1.62254904e-01  3.55551267e-01  2.90514927e-01  8.45722308e-01
  -9.26220018e-01  2.88846494e-01 -8.44193926e-01 -6.08818898e-01
   7.44306089e-01 -4.79488488e-01 -1.76111207e-01  9.52932012e-01
   1.92063923e-01  2.91762056e-01 -9.07093434e-01 -1.63901196e-01
   1.61549587e-01 -5.68120429e-01  7.72856387e-01  5.82422101e-01
  -9.30509311e-01 -7.69852821e-01 -5.00765364e-01  1.44863684e-01
  -1.29103712e-01  8.42903242e-01  9.34355822e-01  9.80419025e-01
   4.76216784e-04  3.25814175e-01 -9.32986452e-03  5.15285065e-01
   5.22030328e-01 -7.14159310e-01 -7.17605023e-01 -2.78692164e-01
   4.04829562e-01  1.93840210e-01 -7.39114616e-01  2.74173282e-01
   8.61726986e-01 -5.85555717e-01  7.13638842e-01 -2.84527801e-01
   9.27551934e-01 -5.96563233e-01 -2.86949503e-01  5.24426757e-01
  -7.14909363e-01 -1.67922513e-01 -5.70392646e-01  3.78032710e-01
   1.09207547e-01 -8.42350132e-01  6.30673232e-02 -9.96258812e-01
  -1.96402275e-01  7.05157010e-01 -9.61536076e-01 -1.79430208e-01
   4.75836513e-01  3.24388221e-01 -5.69679453e-01 -4.27935826e-01
   6.88423669e-01  3.88807980e-01 -6.64578926e-01 -6.52236210e-01
  -4.61138263e-02 -5.98778394e-01 -6.32377922e-01  2.58825450e-01
  -7.54163596e-01 -3.43297010e-01  6.19098161e-01 -8.55470796e-01
   9.78436716e-01  8.90427066e-01 -9.05087457e-01  8.20848099e-01
  -3.28061140e-01 -6.68323723e-01 -4.33673938e-01 -3.32069078e-01
   7.01231210e-01  2.36840481e-01  5.81788198e-01  1.94608084e-01
   8.46569185e-01  1.78760868e-01  3.28414589e-01  8.19312338e-01
  -3.54421025e-02  4.25793288e-01 -2.08690529e-01 -7.74411436e-01
  -9.76440885e-01  1.64566739e-01 -9.49048787e-01  7.10643466e-01
  -8.54499341e-01  3.70884185e-01  7.79867472e-01  8.50599747e-01
   7.86730484e-02  4.49440465e-01 -6.83372090e-01 -3.44292392e-01
   1.42147802e-02 -8.18679801e-01  6.83595460e-01  8.84768834e-01
   3.37228490e-01 -6.08231268e-01  5.54018772e-01  4.56707974e-01
  -4.23985942e-01 -3.22045299e-01  7.41775162e-01  9.47160425e-01
  -8.09094346e-01  3.61628217e-01  5.37507932e-01 -2.35879867e-01
  -9.70820386e-01 -4.20207438e-01  4.90947188e-01  3.63828282e-01
   8.84367649e-01  9.50059460e-01 -8.64526269e-01  6.65348960e-01
  -2.55827553e-01 -4.13832469e-01  5.54980268e-01  6.04429715e-01
   5.66714118e-01 -7.76275024e-01  1.58779917e-01 -6.28986192e-01
  -2.15153354e-01 -2.65148054e-01 -1.29888245e-01  9.58078981e-01
  -1.93814290e-01  4.92802293e-01 -1.02990484e-01  5.33118571e-01
   9.09508880e-01 -9.97447713e-03 -7.96336379e-01 -2.03751348e-01
   5.85261453e-01 -9.32902186e-01  1.24489152e-01 -7.06418086e-01
   2.91920100e-01 -7.17486651e-01 -8.09768064e-01  8.61579175e-01
   5.38841948e-02  1.90788653e-01  7.52560305e-01  9.98027064e-01
   8.33058632e-01  5.92658655e-01 -9.36820671e-01 -8.60145910e-01
   2.42903247e-01  1.96588963e-01  1.28401520e-02 -6.62521611e-01
  -7.19072685e-01 -3.27488880e-01 -9.16988208e-01  2.29074692e-01
   1.27441097e-01 -1.79358480e-01  4.53230664e-02 -3.97141837e-01
   6.46920515e-01  7.36895505e-01  2.08526210e-01 -5.29322171e-01
   8.86065665e-01 -9.49470018e-01  1.97919233e-01 -5.25655948e-01
  -1.80878559e-01 -9.79297919e-01 -6.78256605e-01 -2.92180104e-01
  -7.16194199e-01  3.42282907e-01  2.32734513e-01 -6.49231864e-01
   6.64232714e-03  6.85149404e-01  6.97434324e-03  1.06251017e-01
  -9.58477275e-01 -2.84284834e-01  1.96879019e-01 -9.51549411e-01
   4.71887618e-01  3.41993371e-01 -6.83985648e-01  5.99929372e-01
  -7.16038372e-01 -6.49954802e-01  9.60161704e-02  4.71526518e-01
   3.81985757e-01  2.77755253e-01  2.56765580e-01 -6.22533597e-01
   7.20181446e-01  8.90235686e-01  9.78270854e-01 -9.46645643e-01
   4.45405109e-02 -7.83910667e-01 -8.09607769e-01 -6.00787856e-01
   2.84134277e-01 -7.34553226e-01  6.90538154e-02  4.11466412e-01
   7.42548113e-01  9.09757822e-01  7.67906737e-01  3.04067545e-01
   1.10697272e-01  1.82819533e-01  1.77485290e-01  7.37914777e-01
   8.87806447e-01  5.89766085e-01  5.53569568e-01 -7.58029007e-02
   5.98475594e-01  9.72123849e-01  8.39672731e-01  4.16294476e-01
   4.00088276e-01 -5.44344823e-01  7.74987569e-01 -8.73247570e-02
   5.65506109e-01 -1.94038558e-02 -6.20590821e-01  3.87505252e-01
  -8.64003707e-01  9.08201531e-02  6.54361497e-01 -1.07250080e-01
   2.13568591e-01  4.20864217e-01  4.09940736e-01  7.52087658e-02
   9.46109030e-01 -9.17015243e-01 -2.95583992e-01 -5.25509200e-01
   7.64074886e-01  8.00132217e-01  5.29363110e-01 -8.14308509e-01
  -4.19603020e-01 -9.75528902e-01  3.10046316e-01 -1.44139628e-01
   8.44077739e-01 -9.37689744e-01 -7.90500996e-02  9.62519230e-01
  -9.82011426e-01 -2.65071248e-01  7.75653085e-01 -1.59395359e-01
  -8.30260410e-01 -4.86662605e-01 -9.76068348e-01 -8.40891603e-01
  -2.58015821e-02  9.18054309e-01  2.85541154e-01  8.94427224e-02
   9.34471251e-01 -2.13542522e-01  3.27883298e-01  6.74832553e-01
  -6.50824345e-01  5.67919775e-01  8.76709712e-02 -1.63969185e-01
   3.87007448e-01 -5.98976341e-01 -4.97756561e-01  5.51341606e-01
  -5.92537710e-01 -1.04800061e-01 -2.06124052e-01 -6.75334670e-01
  -1.82899273e-01  6.11973727e-01 -4.15078135e-01 -9.84594196e-01
   6.39941267e-01  7.75543141e-01 -5.04472489e-01 -2.50098795e-01
  -5.77503101e-01 -1.60852522e-01 -3.89907025e-01  9.62287271e-01
  -3.91261549e-01 -1.03689963e-01 -4.21099041e-01 -4.83667978e-01
  -2.88298035e-01 -1.93533276e-01 -2.25327862e-01 -8.32834689e-01
   1.82823020e-01  3.74805909e-01  8.85119613e-01 -9.76248772e-01
  -1.18930364e-01 -8.78533562e-01 -4.14968378e-01  8.17910871e-01
  -7.73395417e-01 -2.79107408e-01 -4.07322433e-01 -4.34330562e-02
   3.70906593e-03 -2.83374876e-02  2.75711158e-01 -8.60121408e-01
  -8.70828534e-01 -7.17981201e-01 -1.06157278e-01 -7.11640195e-01
  -7.89210548e-01 -6.12533400e-01 -1.99464503e-01  9.32725668e-02
   1.03755194e-02  1.32418989e-01  8.48023274e-01 -2.18652820e-01
   6.65632536e-01 -3.31498089e-01  9.73964374e-01 -2.67952347e-01
  -3.35847799e-01 -1.66163966e-01 -1.53017124e-01  7.39347743e-01
   7.59792346e-01 -4.17821744e-01  6.11252831e-01 -8.31899172e-02
   1.23661531e-01  7.47133132e-01 -7.68272468e-01  1.54762166e-01]
 [-6.90234272e-01  7.29832151e-03  4.82237796e-01 -3.59843427e-01
  -2.12698991e-01  7.90792601e-01  5.89954055e-01 -5.92737796e-01
   3.64143143e-01  8.16074587e-01 -6.03254744e-01 -1.74804283e-01
   5.44250091e-01 -1.23155350e-01 -2.18027867e-01  9.98569967e-01
   3.75082855e-01  2.71505773e-01 -6.95204921e-01  2.29288139e-01
  -7.95658083e-01 -2.14627651e-01  4.25234367e-01 -4.07973680e-01
   4.01471881e-01 -1.97673051e-01 -5.87028158e-01  9.44447077e-01
  -6.03976155e-01 -2.25938292e-02 -5.37765601e-01 -3.49203019e-01
   5.25115367e-01 -9.88821425e-01  3.24079129e-01  4.25687363e-01
  -7.45554616e-01 -7.34945488e-01  6.63265909e-01 -6.78862271e-01
   3.76319643e-01 -9.30123065e-01  6.52221183e-01 -8.53238642e-01
   1.18614056e-01 -1.73557961e-01 -8.81764820e-01  8.74474806e-01
   3.99355521e-01 -8.93824913e-01 -6.53489811e-01  6.09414059e-01
   1.48896094e-01  7.59103000e-01 -8.01508346e-01  8.22038753e-01
  -6.10401638e-01  4.78026543e-01 -2.54123672e-02  4.08912313e-01
  -7.17312992e-01  8.77808294e-01  3.98759752e-01 -7.73269610e-02
   8.76026273e-01 -1.26854655e-01  7.26395107e-01 -7.96910312e-01
  -1.52288001e-01  1.36935655e-01  9.85946793e-01 -4.06521128e-01
  -3.87572803e-01  1.65419760e-01  9.22690380e-01  1.90775289e-01
   2.63252868e-01  1.01438125e-01  1.27321933e-01  9.32100111e-01
  -2.09656947e-02  7.69584077e-01  8.42130876e-01 -2.87913935e-01
   2.04795072e-01 -9.49306870e-01 -2.15866339e-01  4.62525472e-01
  -2.46663415e-01  1.20108842e-01  8.14883730e-01  4.81086442e-01
  -3.55869110e-01  2.05100993e-01  2.34886717e-01 -3.59505403e-01
   3.84430327e-01  2.46397712e-01 -1.88450637e-01  6.40526678e-02
  -6.31194745e-01  3.70984313e-01 -7.74271242e-01 -8.70504515e-01
  -7.85089109e-01 -7.98545621e-01 -6.37438334e-01  6.81206548e-01
   8.83259382e-01  1.95770405e-02  9.33555280e-01  8.25288429e-01
   5.86844244e-01  7.43095025e-02 -9.04651797e-01 -5.47994035e-01
   9.82439333e-01  9.29553284e-01 -7.13110848e-01  1.61108165e-01
  -9.13079557e-01 -3.56249924e-01 -1.65399613e-01 -8.35796895e-01
   8.41928291e-01 -8.06274177e-01 -5.76456469e-01  3.07990950e-02
  -7.78241012e-01  9.19146377e-01 -4.82108996e-01 -9.59383789e-01
   6.42174072e-01 -9.28066526e-01  2.06872522e-01 -7.27818503e-01
   3.73110810e-01  3.36958182e-02 -3.33275831e-01  1.53108334e-01
   3.45415417e-01 -5.64737764e-01  1.96385671e-01  1.59193784e-01
   9.76906421e-01  5.27025684e-01 -8.92003527e-01  3.77556885e-01
  -5.29885880e-01 -1.94340989e-01  7.64872977e-02  4.34370231e-01
  -6.99758725e-01 -1.08425392e-01  1.55270583e-01 -1.16670114e-01
  -2.95431051e-01  8.76487344e-01  8.65922090e-01 -9.26697919e-01
  -5.74378659e-01 -3.38668050e-01  9.52841332e-01  3.27262757e-01
  -3.08046757e-01 -4.53714696e-01  5.77502195e-01  1.01405856e-01
  -3.67127768e-01  2.59783176e-01 -9.05792265e-01  3.76583872e-02
   5.66563198e-01  5.14289974e-01 -7.37703974e-01 -3.35177178e-01
   7.30778366e-01 -1.45976652e-02  4.26245458e-01 -2.45373750e-01
  -4.50155740e-01  6.21591966e-01  5.01967209e-02  2.92413876e-01
  -2.55572840e-02  7.34567973e-01  7.94606575e-01 -7.34994814e-01
  -4.17425179e-02 -7.39848706e-01  3.08411410e-03 -2.90503235e-02
   1.77596584e-02  8.73140474e-01 -3.29025214e-01 -3.73695441e-02
  -5.72158877e-01 -4.05974950e-01 -7.38844252e-01  6.04895290e-01
  -8.20525984e-01  7.68232798e-01 -7.63534843e-01 -5.05741014e-01
   1.72501396e-01 -2.94530012e-01 -7.68808027e-01  8.06202984e-02
  -6.14139791e-01  1.85338206e-01 -9.83890540e-01 -5.54592598e-01
  -2.94889510e-01 -4.22156247e-01  3.09641999e-02 -5.48362242e-01
  -6.91508988e-01  2.26683928e-01 -5.77450271e-01  2.05797241e-01
  -3.41675481e-01 -3.91982452e-01 -8.55021336e-01  4.91734333e-01
   3.23700596e-01 -2.44376466e-01 -7.15504180e-01 -4.53738354e-01
   6.74556051e-01 -5.93905209e-01  5.46838207e-01 -4.99531499e-02
   9.00705824e-01 -4.77530789e-01 -4.87801881e-01  1.21517018e-01
  -7.78024166e-01  1.77220706e-01  4.94603322e-01 -1.52416825e-01
   9.99104070e-01 -7.80996941e-01  1.55014866e-01  7.08332913e-01
  -4.47717024e-01 -5.34858298e-01  2.17115583e-01  9.57528106e-01
   9.63167700e-01  4.17232130e-01  6.20171516e-02  8.88820743e-01
   4.02669507e-01  1.31680902e-01 -8.74625668e-01  2.10569767e-02
   6.99515901e-01 -5.90557243e-01 -3.22292064e-01  3.40091629e-01
  -6.01823791e-01 -2.63792255e-01  3.03907525e-01 -4.40722873e-01
  -9.48996213e-01 -9.84519757e-01  4.25594322e-01  9.53026550e-01
  -9.74924229e-01  5.63505215e-01 -6.38424381e-01 -7.54565907e-01
  -5.04250749e-01  2.30981698e-01  6.93664034e-01  9.01346749e-01
  -8.37448235e-01 -6.36556568e-01  3.85693426e-01 -8.14559606e-01
  -7.79986528e-01  8.47204922e-01 -7.87727865e-01  8.55792471e-01
  -8.64142275e-01  4.34148343e-01 -3.64641094e-01  8.69898239e-01
   1.57389159e-01 -3.22279217e-01  2.01277874e-01 -2.70109762e-01
  -9.73943199e-01 -2.20884588e-01 -4.86477666e-01 -7.93364694e-01
  -8.65337931e-01 -4.20735578e-02  4.21358954e-01  2.06877481e-01
  -9.68818750e-01  3.31333964e-01 -7.48438513e-01 -5.05223561e-01
  -5.50424472e-01  3.12174475e-01 -1.56236151e-01  3.68910540e-01
   8.60246405e-01  8.61687566e-01  8.79720549e-01 -9.86639555e-01
  -7.32652459e-01 -2.56793223e-01  8.56049286e-03  2.82972015e-01
   1.95703078e-01 -1.62160727e-01 -6.54677392e-01 -8.08330160e-01
   9.24992955e-01 -5.27078183e-01  3.70849136e-01  4.91705518e-01
   4.80398277e-01 -6.47960960e-01  5.86180868e-01 -2.44927228e-01
  -1.88281022e-01  6.97583739e-01  8.33763856e-02  5.74183974e-01
  -8.16904458e-01  5.73906054e-02  6.73322762e-01 -4.39582306e-02
   1.66947190e-01 -7.52774567e-01  5.01937635e-01  6.48919598e-01
  -6.59775123e-01 -3.18892450e-01  4.62222825e-02 -3.59131534e-01
  -5.87391356e-01 -6.41685247e-02  6.26204600e-01  7.67017816e-01
   7.63345452e-01  6.01951303e-01 -4.64496831e-01  9.01304087e-01
   6.94468315e-01 -6.02742876e-01  6.87018318e-01 -8.59576698e-01
   6.41588283e-01 -6.69854581e-01  6.16953048e-01 -2.11218040e-01
   6.25889640e-01 -3.87316872e-01  6.90459073e-01 -7.40650925e-01
   8.42212638e-01  7.45940658e-02  8.62915252e-01  4.22525023e-01
  -8.18912479e-01  8.20446650e-01 -6.94508016e-01  3.26544936e-01
   5.76577712e-01 -3.58283373e-01 -2.46755543e-01 -1.13326032e-01
  -5.27974752e-02  7.42350648e-01 -1.67345297e-02 -3.08967210e-01
  -5.96858736e-01  7.73808839e-01 -5.94276057e-01 -6.76994791e-01
  -5.71069138e-01  7.40092825e-01  4.14902468e-01  7.72094659e-01
   7.74782106e-01 -9.83392890e-01  8.56705192e-01 -6.75133910e-01
   9.00439588e-01 -7.73421642e-01  5.02444060e-01  5.82454934e-01
  -6.50709144e-01  6.17856029e-01 -9.36742672e-01 -3.16296548e-01]
 [-7.58937742e-01  2.15540711e-01  7.38458044e-01 -8.11724661e-01
  -4.07610738e-01 -9.07686769e-01 -1.44566981e-01 -2.01738819e-01
   2.64052201e-01  1.75004296e-01  8.12845453e-01 -9.11073893e-01
  -4.99767076e-01  6.86150894e-01 -3.99040434e-01  7.49317793e-01
  -3.73755269e-01 -4.25376312e-01  5.89543924e-01 -6.31562828e-01
   5.03451183e-01 -2.70918543e-01  7.23524175e-01 -6.12915132e-01
   2.24060849e-01 -3.67974553e-01 -6.39019137e-01  5.50833829e-01
   5.24913515e-01 -6.09423949e-01  7.08270663e-01 -1.12443053e-02
   3.72842830e-01  7.64971638e-01  7.83488941e-01 -9.49040159e-01
  -1.32482034e-02 -2.84430652e-02  2.30071784e-01 -4.47174801e-01
   1.67269795e-01 -5.26915539e-01 -1.22768529e-01  7.50213273e-01
   4.51214413e-01  5.24484330e-01 -7.50373449e-01  8.89471294e-01
   8.18407411e-01 -6.67176340e-01 -4.25448451e-01 -7.17862892e-01
   8.25327928e-01  9.75498116e-01  8.59938763e-01  7.14071701e-01
   3.15757315e-01 -3.97219041e-01 -7.49884500e-01  1.33450575e-01
   5.58112747e-01 -9.33297628e-01  1.64910420e-01 -3.45555990e-01
  -9.66924411e-02  2.42590726e-01 -8.00402222e-01  6.55693962e-01
  -3.73044282e-01  6.86619508e-01 -3.43423514e-01 -4.32304266e-01
   7.76435076e-01  3.39686181e-01  9.08556239e-01 -4.37307288e-02
  -3.49172378e-01  2.22749463e-01 -3.12741762e-01 -2.51810622e-01
  -5.89415574e-01  7.29857371e-02  5.45953268e-01 -1.50970793e-01
   5.13573406e-01 -3.95688495e-01  5.18767986e-01 -6.82589480e-01
  -4.11431960e-01  5.81047143e-01  6.66854526e-01 -7.13129767e-01
  -3.60732428e-01  7.50955904e-01  5.01595833e-01  6.78447737e-01
   3.05804134e-02 -5.39988684e-02  2.44797229e-01  4.60352680e-01
   8.57640549e-01 -6.49446548e-01  2.02764637e-01  3.35586129e-01
  -2.27115959e-02  6.91938351e-01 -7.07682031e-01  8.57728523e-01
  -1.72000686e-01 -1.25748325e-02 -3.72921735e-01 -2.41834603e-01
   8.46474753e-01 -5.69012159e-01  8.78364811e-01  8.82754787e-01
  -2.32618347e-01 -1.14196766e-02 -7.11577268e-01 -8.41567416e-01
  -9.74405466e-01 -5.20324653e-01  4.98955008e-01 -3.65325193e-01
   2.25214940e-01 -8.51343886e-02  4.64945864e-01 -3.21868174e-01
  -4.76997089e-02 -3.02800137e-01 -7.14370536e-02 -6.81475237e-01
   9.96302261e-01 -7.99117669e-01  8.99280428e-01 -9.94959324e-01
  -8.99280319e-01 -1.19336155e-01 -4.02239851e-01  1.94067516e-01
   6.15791223e-01  4.18232190e-01 -3.50701152e-01  4.15525318e-01
   7.14045257e-02 -6.12100745e-02  6.15683426e-01 -9.27347956e-01
   5.99120708e-01 -5.19716272e-01  5.05842990e-01 -3.12246122e-02
   8.24075306e-01  8.13823010e-01  6.70421738e-02  7.04313635e-01
  -2.81274619e-01  2.58992335e-01  2.67302453e-01 -8.50921323e-01
   2.48521281e-01  6.92002996e-01 -7.05721498e-01 -8.48037535e-01
  -2.93517519e-02 -3.55817607e-02  9.49790506e-01 -6.63424278e-01
   2.70407642e-01  3.40728383e-01  6.78224342e-01 -6.23358758e-01
   6.81194727e-01 -1.90044798e-01 -9.17144409e-01  1.09627589e-01
   2.86399773e-01 -4.52504876e-01 -5.02474183e-01  8.68253803e-01
  -6.81832274e-01 -7.33058894e-01 -4.89330062e-01  9.57966377e-01
   2.47424272e-01  4.93898630e-01  9.04844948e-02 -1.05618742e-01
   8.33261534e-01 -3.70460613e-01 -1.92155681e-01 -6.48284286e-01
   8.39427909e-01  7.58755511e-01 -9.04928649e-01 -7.60839896e-01
  -8.06983669e-01 -9.23028292e-03 -7.77132310e-02 -5.17319641e-01
   1.51855501e-01  7.63248270e-01 -1.65897440e-01 -8.11863944e-01
   3.58751714e-01 -6.62654337e-01 -9.45087540e-03  3.29318186e-01
  -6.29102081e-01  3.26320540e-01 -5.45963323e-01  5.48910454e-01
   1.98670938e-01  5.98157165e-01 -6.55960128e-01 -7.74022842e-01
   6.76872158e-01 -8.90499167e-01 -5.78136148e-01  8.98493803e-01
   6.65610303e-01  5.99862584e-01 -8.63486709e-01  2.77012557e-01
  -9.66780038e-01 -6.87090300e-01  2.13632017e-01  8.44913086e-01
  -3.84366309e-01 -4.18691448e-01 -6.79460822e-01  4.08768614e-01
  -6.89743095e-01  5.06679184e-01 -6.98449260e-01  8.56363039e-01
  -6.49109075e-01  8.67985472e-01 -6.71561607e-02  8.52620873e-01
   3.72594231e-01  3.25878808e-01  4.70914441e-01 -8.78001462e-01
  -9.73441804e-01  6.73522616e-01  6.10556810e-01 -8.22222730e-01
  -7.48383685e-01 -9.30592313e-01 -6.97608037e-01 -3.50270316e-01
  -9.69868232e-01  9.80841192e-01 -2.52043070e-01 -5.38047278e-01
  -4.11700686e-01 -8.99897034e-01 -3.41425540e-01  3.92293087e-01
  -8.35177966e-01 -8.80347351e-01 -8.03625758e-01  6.18073466e-01
   3.75012319e-01  2.21458796e-01  1.25443010e-01  9.36645118e-01
  -3.61002336e-01 -4.72431415e-01 -3.62313112e-01 -6.05467415e-01
   8.21993845e-01 -9.15015994e-01  9.42793859e-01  3.19489890e-01
  -6.58831458e-01 -3.77465555e-01  4.03071259e-02 -6.99099833e-01
   8.12276369e-01  8.73197300e-01 -5.22726517e-01 -6.60337549e-01
  -4.80972830e-01 -5.31763007e-01  3.26026688e-01  5.07698300e-03
   6.83901237e-01  2.35823091e-01 -9.46855380e-01  7.62108046e-01
   9.96383562e-02 -7.22274286e-01  5.87642161e-01 -4.14083888e-01
  -5.06224165e-01 -7.64622672e-01  1.80578317e-01 -6.07620228e-01
   7.91179676e-01 -1.31777117e-02 -1.44917908e-01  8.53952437e-01
  -6.97972423e-01 -8.80264936e-01  7.81035919e-01 -4.18024562e-01
   6.08248782e-01  7.39511977e-01  5.09135933e-01  9.57827556e-01
  -6.71023415e-01  9.12677954e-01 -2.19628844e-01  1.29238471e-01
  -7.52417821e-01 -8.38877160e-01  4.54487420e-01  6.63448357e-01
   2.23791897e-01 -6.95898436e-01  8.28143924e-01  7.86728139e-01
  -9.38627958e-01  4.91704628e-01  3.41439111e-02 -4.80473617e-01
  -1.18999001e-01 -4.39431947e-02  2.69586111e-01 -6.03127204e-02
   6.39061789e-01 -9.12879416e-01  1.06950497e-01  7.15438059e-01
   6.84551316e-01 -8.95866357e-01 -4.97636515e-02  5.84096088e-01
   4.72864995e-01 -2.73094236e-02 -2.00427804e-01  9.13688457e-01
   2.16244988e-01  2.01643200e-01  5.44389708e-01 -3.12631266e-01
   7.41530716e-01 -8.41221500e-01 -5.42889525e-01  1.90037510e-01
  -8.35796343e-01 -1.97376112e-01 -4.61642807e-01  1.55406161e-03
  -2.05686376e-01  2.72435202e-01 -7.18588370e-01 -6.29321780e-01
   9.27085134e-01  4.55190148e-02 -1.99824535e-01  3.27957042e-01
   9.78173334e-01 -8.65680144e-01  2.49624877e-01 -8.69344229e-01
  -8.71667863e-01  9.07049409e-01 -3.87223815e-01  8.44526708e-01
   3.99776168e-01 -4.28289396e-01  3.53099004e-01  9.19120280e-01
   7.62423327e-02  2.31514639e-01 -9.30038514e-01 -5.32404714e-01
  -3.35636745e-01  3.48653036e-01  7.59402606e-01  8.12305834e-01
  -9.96905599e-01 -8.25837023e-01 -5.77089382e-02  4.49605103e-01
  -9.63398962e-01 -5.55722880e-01 -9.24439641e-01  6.45796433e-01
  -7.54642422e-01 -2.79376162e-01 -7.07610302e-01  5.93770101e-01
  -4.34055921e-01  4.15319117e-01  9.46618028e-01 -3.67611153e-01]
 [ 0.00000000e+00  0.00000000e+00  0.00000000e+00  0.00000000e+00
   0.00000000e+00  0.00000000e+00  0.00000000e+00  0.00000000e+00
   0.00000000e+00  0.00000000e+00  0.00000000e+00  0.00000000e+00
   0.00000000e+00  0.00000000e+00  0.00000000e+00  0.00000000e+00
   0.00000000e+00  0.00000000e+00  0.00000000e+00  0.00000000e+00
   0.00000000e+00  0.00000000e+00  0.00000000e+00  0.00000000e+00
   0.00000000e+00  0.00000000e+00  0.00000000e+00  0.00000000e+00
   0.00000000e+00  0.00000000e+00  0.00000000e+00  0.00000000e+00
   0.00000000e+00  0.00000000e+00  0.00000000e+00  0.00000000e+00
   0.00000000e+00  0.00000000e+00  0.00000000e+00  0.00000000e+00
   0.00000000e+00  0.00000000e+00  0.00000000e+00  0.00000000e+00
   0.00000000e+00  0.00000000e+00  0.00000000e+00  0.00000000e+00
   0.00000000e+00  0.00000000e+00  0.00000000e+00  0.00000000e+00
   0.00000000e+00  0.00000000e+00  0.00000000e+00  0.00000000e+00
   0.00000000e+00  0.00000000e+00  0.00000000e+00  0.00000000e+00
   0.00000000e+00  0.00000000e+00  0.00000000e+00  0.00000000e+00
   0.00000000e+00  0.00000000e+00  0.00000000e+00  0.00000000e+00
   0.00000000e+00  0.00000000e+00  0.00000000e+00  0.00000000e+00
   0.00000000e+00  0.00000000e+00  0.00000000e+00  0.00000000e+00
   0.00000000e+00  0.00000000e+00  0.00000000e+00  0.00000000e+00
   0.00000000e+00  0.00000000e+00  0.00000000e+00  0.00000000e+00
   0.00000000e+00  0.00000000e+00  0.00000000e+00  0.00000000e+00
   0.00000000e+00  0.00000000e+00  0.00000000e+00  0.00000000e+00
   0.00000000e+00  0.00000000e+00  0.00000000e+00  0.00000000e+00
   0.00000000e+00  0.00000000e+00  0.00000000e+00  0.00000000e+00
   0.00000000e+00  0.00000000e+00  0.00000000e+00  0.00000000e+00
   0.00000000e+00  0.00000000e+00  0.00000000e+00  0.00000000e+00
   0.00000000e+00  0.00000000e+00  0.00000000e+00  0.00000000e+00
   0.00000000e+00  0.00000000e+00  0.00000000e+00  0.00000000e+00
   0.00000000e+00  0.00000000e+00  0.00000000e+00  0.00000000e+00
   0.00000000e+00  0.00000000e+00  0.00000000e+00  0.00000000e+00
   0.00000000e+00  0.00000000e+00  0.00000000e+00  0.00000000e+00
   0.00000000e+00  0.00000000e+00  0.00000000e+00  0.00000000e+00
   0.00000000e+00  0.00000000e+00  0.00000000e+00  0.00000000e+00
   0.00000000e+00  0.00000000e+00  0.00000000e+00  0.00000000e+00
   0.00000000e+00  0.00000000e+00  0.00000000e+00  0.00000000e+00
   0.00000000e+00  0.00000000e+00  0.00000000e+00  0.00000000e+00
   0.00000000e+00  0.00000000e+00  0.00000000e+00  0.00000000e+00
   0.00000000e+00  0.00000000e+00  0.00000000e+00  0.00000000e+00
   0.00000000e+00  0.00000000e+00  0.00000000e+00  0.00000000e+00
   0.00000000e+00  0.00000000e+00  0.00000000e+00  0.00000000e+00
   0.00000000e+00  0.00000000e+00  0.00000000e+00  0.00000000e+00
   0.00000000e+00  0.00000000e+00  0.00000000e+00  0.00000000e+00
   0.00000000e+00  0.00000000e+00  0.00000000e+00  0.00000000e+00
   0.00000000e+00  0.00000000e+00  0.00000000e+00  0.00000000e+00
   0.00000000e+00  0.00000000e+00  0.00000000e+00  0.00000000e+00
   0.00000000e+00  0.00000000e+00  0.00000000e+00  0.00000000e+00
   0.00000000e+00  0.00000000e+00  0.00000000e+00  0.00000000e+00
   0.00000000e+00  0.00000000e+00  0.00000000e+00  0.00000000e+00
   0.00000000e+00  0.00000000e+00  0.00000000e+00  0.00000000e+00
   0.00000000e+00  0.00000000e+00  0.00000000e+00  0.00000000e+00
   0.00000000e+00  0.00000000e+00  0.00000000e+00  0.00000000e+00
   0.00000000e+00  0.00000000e+00  0.00000000e+00  0.00000000e+00
   0.00000000e+00  0.00000000e+00  0.00000000e+00  0.00000000e+00
   0.00000000e+00  0.00000000e+00  0.00000000e+00  0.00000000e+00
   0.00000000e+00  0.00000000e+00  0.00000000e+00  0.00000000e+00
   0.00000000e+00  0.00000000e+00  0.00000000e+00  0.00000000e+00
   0.00000000e+00  0.00000000e+00  0.00000000e+00  0.00000000e+00
   0.00000000e+00  0.00000000e+00  0.00000000e+00  0.00000000e+00
   0.00000000e+00  0.00000000e+00  0.00000000e+00  0.00000000e+00
   0.00000000e+00  0.00000000e+00  0.00000000e+00  0.00000000e+00
   0.00000000e+00  0.00000000e+00  0.00000000e+00  0.00000000e+00
   0.00000000e+00  0.00000000e+00  0.00000000e+00  0.00000000e+00
   0.00000000e+00  0.00000000e+00  0.00000000e+00  0.00000000e+00
   0.00000000e+00  0.00000000e+00  0.00000000e+00  0.00000000e+00
   0.00000000e+00  0.00000000e+00  0.00000000e+00  0.00000000e+00
   0.00000000e+00  0.00000000e+00  0.00000000e+00  0.00000000e+00
   0.00000000e+00  0.00000000e+00  0.00000000e+00  0.00000000e+00
   0.00000000e+00  0.00000000e+00  0.00000000e+00  0.00000000e+00
   0.00000000e+00  0.00000000e+00  0.00000000e+00  0.00000000e+00
   0.00000000e+00  0.00000000e+00  0.00000000e+00  0.00000000e+00
   0.00000000e+00  0.00000000e+00  0.00000000e+00  0.00000000e+00
   0.00000000e+00  0.00000000e+00  0.00000000e+00  0.00000000e+00
   0.00000000e+00  0.00000000e+00  0.00000000e+00  0.00000000e+00
   0.00000000e+00  0.00000000e+00  0.00000000e+00  0.00000000e+00
   0.00000000e+00  0.00000000e+00  0.00000000e+00  0.00000000e+00
   0.00000000e+00  0.00000000e+00  0.00000000e+00  0.00000000e+00
   0.00000000e+00  0.00000000e+00  0.00000000e+00  0.00000000e+00
   0.00000000e+00  0.00000000e+00  0.00000000e+00  0.00000000e+00
   0.00000000e+00  0.00000000e+00  0.00000000e+00  0.00000000e+00
   0.00000000e+00  0.00000000e+00  0.00000000e+00  0.00000000e+00
   0.00000000e+00  0.00000000e+00  0.00000000e+00  0.00000000e+00
   0.00000000e+00  0.00000000e+00  0.00000000e+00  0.00000000e+00
   0.00000000e+00  0.00000000e+00  0.00000000e+00  0.00000000e+00
   0.00000000e+00  0.00000000e+00  0.00000000e+00  0.00000000e+00
   0.00000000e+00  0.00000000e+00  0.00000000e+00  0.00000000e+00
   0.00000000e+00  0.00000000e+00  0.00000000e+00  0.00000000e+00
   0.00000000e+00  0.00000000e+00  0.00000000e+00  0.00000000e+00
   0.00000000e+00  0.00000000e+00  0.00000000e+00  0.00000000e+00
   0.00000000e+00  0.00000000e+00  0.00000000e+00  0.00000000e+00
   0.00000000e+00  0.00000000e+00  0.00000000e+00  0.00000000e+00
   0.00000000e+00  0.00000000e+00  0.00000000e+00  0.00000000e+00
   0.00000000e+00  0.00000000e+00  0.00000000e+00  0.00000000e+00
   0.00000000e+00  0.00000000e+00  0.00000000e+00  0.00000000e+00
   0.00000000e+00  0.00000000e+00  0.00000000e+00  0.00000000e+00
   0.00000000e+00  0.00000000e+00  0.00000000e+00  0.00000000e+00
   0.00000000e+00  0.00000000e+00  0.00000000e+00  0.00000000e+00
   0.00000000e+00  0.00000000e+00  0.00000000e+00  0.00000000e+00
   0.00000000e+00  0.00000000e+00  0.00000000e+00  0.00000000e+00
   0.00000000e+00  0.00000000e+00  0.00000000e+00  0.00000000e+00]]