[[ 4.78361883e-02 -2.09255127e-01  1.71654586e-01 -8.18317083e-01
  -3.01578471e-01  1.39263401e-01  1.18234269e-01 -5.26851548e-01
   3.81130222e-01 -6.66691114e-01  5.64806773e-01  5.09311005e-01
  -5.80437417e-02 -3.67468221e-01  7.10667637e-01  4.80759288e-02
  -4.67000196e-01  4.85557206e-01 -1.21480172e-01 -9.50570298e-01
  -8.62623043e-01 -1.01885235e-01 -4.71675329e-02  8.47272169e-02
  -9.58180546e-02  5.17340890e-01 -9.90314951e-01 -3.42030342e-02
  -8.88146379e-01  9.55458060e-01 -4.28874223e-01 -1.28184087e-01
   7.73901756e-01  5.46925099e-01 -7.56608028e-01  4.56775565e-01
  -6.30549497e-01 -6.07674366e-01 -9.56977189e-01 -7.32846984e-01
   3.99794278e-01  7.31601717e-01  8.80454963e-01  1.80451614e-01
  -6.65729983e-01  5.75649717e-01 -7.83665673e-01 -4.98851695e-01
  -9.48738118e-02  9.17048264e-01  5.39918516e-01 -2.72901627e-01
  -2.66817731e-01 -1.82969766e-01 -4.69586441e-01 -1.44755592e-01
   3.89831099e-01  2.42193054e-01 -8.30241719e-02 -5.05694095e-01
  -1.77997044e-01 -3.08470259e-01  6.72627639e-01  4.68719980e-01
   8.82085497e-01 -6.54173184e-01  8.98000681e-01 -2.46198739e-01
   6.32731215e-02 -4.62129207e-01  2.10922157e-01  6.65673599e-01
   1.29509045e-01 -5.57485991e-01  6.76187674e-01  4.10833397e-01
  -8.03778701e-01 -5.84116343e-01  2.18903160e-01  2.72148079e-01
   8.96309586e-01 -7.88306627e-01  6.63709744e-01  3.24743337e-01
  -3.14095634e-01 -6.10677414e-01  5.36431262e-01  7.44914955e-01
  -6.49253640e-01 -4.43695786e-01 -7.25407937e-01 -7.81343790e-01
   5.88424500e-01  4.16535541e-01 -6.83511305e-01  2.53741294e-01
  -4.56365720e-01  3.18007573e-01  3.11544168e-01 -7.10776728e-01
   8.51464111e-01 -2.17574412e-01 -8.43411374e-01 -6.62295851e-01
  -9.59990939e-01 -3.31444648e-02 -1.08447145e-02  5.39054756e-01
  -3.97808294e-01  1.11683670e-01 -1.04409241e-01  1.01310446e-01
  -1.63398867e-02  5.11863598e-01  2.07633684e-02 -4.16162454e-01
  -2.26844494e-01 -2.01813772e-01  1.06859396e-02 -7.23316291e-01
   4.99490321e-01  5.83456802e-01  9.26771001e-01 -8.15578706e-01
   1.40694345e-01 -7.30261888e-01  1.29944342e-01 -6.62816016e-01
  -5.09632170e-01  5.46580113e-02 -2.10033581e-01  5.67669580e-01
  -2.38695186e-01  8.16972802e-01  6.07902974e-01 -7.50385416e-01
  -6.95877507e-02  3.44211107e-01  7.87772596e-01  6.59003867e-01
   1.75787215e-02  3.76801397e-02 -3.11881291e-01 -7.67330399e-01
  -3.97107357e-01 -3.85437601e-01  3.30884026e-02 -9.23868596e-01
  -6.66333348e-01  8.53746767e-01 -7.20315990e-01 -5.29142479e-01
  -1.55194335e-01  8.63496196e-01 -4.32192160e-01 -7.37088582e-01
  -5.48478395e-01  4.31391717e-02 -8.29062751e-02 -7.86715608e-01
   3.13505222e-01 -8.12584854e-01 -9.23682204e-01  6.52678331e-01
  -3.64958101e-01  4.73898748e-01  3.07435744e-02 -1.51806342e-01
   3.85846885e-01 -1.06926218e-01 -5.15265029e-01  4.27518222e-01
   3.59057721e-01 -3.24880043e-01  7.76817238e-01  1.18988946e-01
   4.19359890e-01  3.06022212e-01 -6.94770130e-01  5.34138081e-01
   8.31942703e-01  6.00171739e-01 -7.24656588e-02 -7.66353157e-01
   4.23182256e-01  4.18032972e-01 -1.43148293e-01  6.12157232e-01
  -1.79825196e-01 -4.13961734e-03  3.89196917e-01 -2.51682157e-01
  -6.33132545e-02 -9.96991560e-01  2.96079874e-01 -2.69769356e-01
   8.31735408e-02  3.29468612e-01 -5.75127590e-01 -2.93186820e-01
  -3.31611013e-01 -8.31010573e-01 -1.71941475e-01 -3.51550654e-01
  -6.03260727e-01 -9.22497577e-01  6.89183743e-01 -6.07302244e-01
   6.12369498e-01  8.43897772e-02 -6.77411429e-01  5.70717312e-01
   5.78767000e-01 -6.26353114e-01 -7.35928947e-01 -9.05092090e-01
  -1.20674733e-01 -2.47456499e-01  4.28843967e-01  6.93016570e-01
  -6.83098779e-01 -7.90187990e-01  5.78049957e-01  9.78348645e-01
  -7.09962400e-01  6.66417103e-01  4.06559350e-01 -6.18508593e-01
   5.15837191e-02  1.46302293e-02 -6.57589151e-01 -2.39469427e-01
  -9.86411676e-01 -4.13515241e-01  9.13414891e-01 -6.37530950e-01
   5.10811006e-01  2.68474325e-01  7.91027346e-01 -6.18880829e-01
  -6.02479462e-01 -7.31669047e-01 -2.26916836e-01  4.89233143e-01
   1.65600608e-01 -4.55955960e-02  5.84143449e-01  1.52849290e-01
   9.87863000e-02 -8.12426057e-01  3.50117318e-01  1.03765063e-01
   6.74525611e-01 -1.21547468e-01 -1.89934461e-01 -6.30696203e-01
   1.53337119e-01  5.17949178e-01 -1.08652721e-01 -5.86477658e-01
  -1.44201321e-01  1.93075979e-01  6.69665104e-01  9.17193473e-01
   9.54470573e-01  6.69938332e-01  2.01963669e-01 -7.52209743e-01
  -8.43470420e-01  9.21770533e-01  5.83649720e-03 -5.14427784e-01
   1.17198911e-01 -9.57690274e-01  9.83487737e-01 -6.46654350e-01
  -8.28053471e-01  6.39908559e-01 -8.14356913e-01 -2.20405810e-01
   8.57078824e-01  2.26102900e-01 -5.39941146e-01  3.12837464e-01
  -9.52744223e-01 -3.24148838e-01  9.93464313e-02  2.50453997e-01
   6.74937963e-01 -2.39603845e-01 -4.90872398e-01 -9.37149592e-01
  -3.13422071e-01  3.03389953e-01  6.40418664e-02 -9.17996462e-01
   2.69699444e-01  8.79419214e-01  8.12909961e-01 -9.56843947e-01
   4.76226291e-01  1.63427641e-01 -6.98277144e-01  4.01388235e-01
   5.06009677e-01  5.25975752e-01  4.75681443e-01 -6.62082912e-01
   1.37764355e-01 -4.76441057e-01  5.32313188e-01  9.88720988e-01
  -9.76981609e-01 -3.26663704e-01  8.64749715e-01 -6.42974581e-01
  -7.93813745e-01  2.37845019e-01 -2.01550564e-01  3.47175210e-01
   8.59549765e-01 -1.41168689e-01 -6.02867416e-01 -1.82937546e-01
   5.55466339e-01  6.63905999e-01  9.55133420e-01 -8.06361627e-01
   7.55858175e-01 -7.29077146e-01 -7.20535770e-01 -7.89132735e-01
   3.41983239e-01  8.97764909e-01  6.27162902e-01 -1.10077390e-01
  -4.68429749e-01 -2.82683592e-01 -1.43176735e-03 -5.77724816e-01
  -7.25482777e-01 -6.18092096e-01  7.16870241e-01 -1.40628301e-01
   2.31218387e-01  2.26010739e-01 -1.36805370e-01 -7.06720649e-01
  -7.03940931e-01 -2.63401045e-01 -5.71179567e-01  5.33866567e-02
   5.65795870e-02  9.65863317e-01 -4.97928822e-01  8.57988710e-01
   5.78148984e-01 -8.40236389e-01 -2.57896739e-02  1.97750018e-01
  -7.65509631e-01 -6.07296509e-01  1.25913150e-01  4.66945381e-01
  -1.76576787e-01  3.68830014e-02  6.47563993e-01  6.30411617e-01
   9.13633563e-01  6.52186801e-01  6.11383422e-01 -3.62722289e-01
  -4.29262554e-01 -5.38558100e-03 -6.52006305e-01  8.57160355e-01
  -1.40636565e-01 -9.57526911e-01  4.76644916e-01  1.09518553e-01
  -3.14874674e-01  5.87592313e-01 -1.18821011e-01  9.34696227e-01
  -3.05296900e-01 -2.99844080e-01 -9.66906964e-01  9.50831007e-02
  -4.60157032e-01  7.21315633e-01 -8.81289922e-02 -4.02434031e-01
  -8.58188686e-01  9.99378335e-01  7.86511046e-01  5.39770485e-03
   5.00190669e-01  7.73938616e-01 -4.83978849e-01 -4.82409456e-01]
 [-6.10614763e-01  1.03023749e-03  9.57128121e-01  3.73231032e-01
   7.59814493e-01  2.88513336e-01 -2.32005181e-01 -1.61692812e-01
  -7.66462325e-02 -9.22227024e-01 -5.59185766e-01  1.22160194e-01
   9.56114909e-01 -5.51898691e-01 -6.84385005e-01  6.40347038e-02
   1.94120413e-01  2.69606508e-01 -4.13046994e-01  8.11173405e-01
   1.18773164e-01 -8.02978673e-01  3.17012802e-01  1.35529862e-01
   9.07571546e-02  4.22101493e-01  7.04263558e-01  5.00257079e-01
   4.25197290e-01  2.79854596e-01 -2.94653983e-01  3.82847655e-01
  -2.85861691e-01 -2.72869957e-01 -3.07576521e-01 -9.79901079e-01
   7.53077852e-01 -2.61416249e-01 -8.71962234e-01 -5.97799690e-01
  -5.29356068e-01 -3.63434432e-02  8.68217887e-01 -7.52762609e-02
   1.98075093e-01 -9.28425419e-01  2.50026358e-01  3.88049154e-01
   6.82473694e-01  2.04174434e-01 -7.09999667e-01 -2.35088083e-01
   9.55177895e-01  1.54445580e-01  2.99399763e-01  5.49771847e-01
   6.35489676e-01  2.51601544e-01  8.52817200e-01 -5.59814103e-01
  -2.13929903e-01  3.56376211e-02 -9.55226970e-01 -6.67850895e-01
   4.52768219e-02 -1.63877542e-02 -2.28780099e-01  6.68049662e-01
  -6.37983125e-02  4.84879354e-01 -6.06741407e-01 -1.23867563e-01
  -9.47036742e-01 -9.38440200e-02  6.03811536e-01 -2.06829890e-01
   4.16227134e-01  6.24696244e-01 -1.85324221e-01  1.68650274e-01
   3.76530497e-01 -7.95334872e-01 -3.08754191e-01  2.37086111e-01
   6.06720577e-02  7.05849377e-01  2.84588412e-01  2.20588924e-01
   7.05341914e-01  9.76912396e-01 -3.14421374e-01 -9.35484266e-01
  -1.17017290e-01  1.18958190e-01  4.20797533e-01  4.27330356e-01
   7.80992893e-01  9.17453102e-01  2.45893579e-01  1.12343586e-01
   5.37046581e-01  7.95576475e-01  6.26123386e-01  1.31663281e-01
   3.09207640e-01  3.54148320e-01 -2.63082511e-01  1.73345363e-01
   3.29198355e-01  6.66672670e-01  9.94599511e-01 -7.38276773e-01
   2.91223038e-01 -7.12905817e-01 -8.67020157e-02  7.46805549e-02
   8.38598455e-01  1.31603673e-01  9.04030400e-01 -8.45185081e-01
   4.50862744e-01 -8.39129375e-01  2.18798399e-01 -5.73951845e-01
  -7.52482476e-01  6.02833125e-02 -8.55865973e-01  8.74636538e-01
   5.31655233e-01  2.67183263e-01  8.64887541e-01 -3.77168295e-02
   7.18138427e-01 -7.42943265e-01 -2.16293177e-01  8.62242229e-01
  -6.10252179e-01 -5.24391589e-01  3.51143212e-01  7.73410142e-01
  -2.21076606e-01  8.23941732e-01 -3.28160041e-01 -3.43634525e-01
   3.05480666e-01  4.07579271e-01 -5.44027475e-01  1.69300894e-01
  -2.57368767e-01  6.20127902e-01  9.67592854e-01 -4.27776764e-01
  -2.39542569e-01 -1.33583384e-01 -4.70459503e-01 -2.07118806e-01
  -9.63239155e-02  5.72811507e-01  6.08109988e-02 -3.61372951e-01
   5.65754649e-01  6.05804877e-01  1.06632353e-01  5.91591870e-01
   7.56915577e-01 -1.58169727e-01 -9.83506518e-01 -6.20957819e-02
   3.59901670e-01 -7.52105630e-01 -9.35229297e-01  4.03803534e-01
  -7.88861824e-01 -6.27261134e-01  2.49259191e-02  3.83171056e-01
   9.53401753e-01 -2.21724548e-02 -9.42169884e-01 -4.84129654e-01
  -6.82171961e-01  5.46332674e-01 -3.49533983e-01 -3.76205133e-01
   6.91518741e-01  7.66761575e-01 -4.58579718e-01 -6.35054526e-01
   1.67604694e-01 -5.56515481e-01  3.53734936e-02 -6.10317776e-01
  -9.33953905e-01  6.54375766e-01 -7.78614664e-01  9.46735666e-01
   8.47708900e-02  4.41620972e-01 -6.07850855e-01  3.71734974e-01
  -3.55833625e-01 -5.55657410e-01  9.31257214e-01  9.16949029e-01
  -6.89495969e-01 -7.25128915e-01  3.41845218e-01 -6.12705057e-01
  -5.31584173e-01  4.70993606e-01  9.94785099e-02  7.25740726e-01
   4.87411633e-01  7.95772823e-01 -1.83105962e-01  3.91083161e-01
   6.20470467e-01 -5.58803416e-01 -5.36500180e-01  5.74319894e-01
  -2.02725002e-01 -9.84932380e-01 -4.91686897e-02 -3.74641137e-01
  -7.86176974e-01  9.29897698e-01 -5.05944455e-01 -9.57114482e-01
   5.44390411e-01  6.83194198e-01  1.20607586e-01 -4.87393140e-01
  -9.65857391e-01 -4.87174304e-01 -7.33758803e-01  7.77528466e-01
  -1.97972226e-01  2.67148681e-01 -5.99776966e-01  9.73698895e-01
   1.38309846e-01  7.44137637e-01  1.34809159e-01 -6.61494804e-01
  -2.43382110e-01 -6.12204351e-01 -1.98380282e-01  6.69812559e-01
  -7.04684294e-01 -8.85028999e-01  3.66160848e-01  9.99981786e-01
  -5.16805196e-02 -7.53706899e-01 -1.71146995e-02  4.69942194e-01
  -5.09495831e-04  6.91577946e-01 -2.26915135e-01  4.20380735e-01
   8.97136253e-01 -5.17524150e-02  2.85082606e-02  8.35220774e-01
  -8.92192687e-01  6.73625459e-01  8.59738066e-01 -4.37720522e-01
   8.33855598e-01 -2.46459572e-01 -4.92311950e-01 -2.52780666e-01
  -5.29337332e-01 -1.65169473e-01  3.61974321e-01  1.53967976e-01
  -3.22096433e-01 -2.57421357e-01 -6.24127375e-01  4.65488875e-01
   4.90051639e-01  8.57946645e-01  2.73879275e-01  3.36733969e-02
  -9.63088791e-01  8.14784471e-02 -9.62081032e-01 -3.62071620e-01
  -6.21219145e-01  5.79074524e-02  9.53012410e-01 -1.67310504e-01
   3.00661932e-01 -2.32674407e-02 -8.88696831e-01 -2.32848403e-01
  -4.30353769e-01  9.53152206e-01  9.67190595e-01  7.87909580e-02
  -5.92473510e-01 -6.44360785e-01 -1.01792083e-01  9.14633449e-01
  -9.85065736e-01  2.82719393e-01 -5.05106418e-01  7.22078276e-01
   9.84621596e-01 -7.64744095e-01 -1.98781528e-02  4.50275036e-01
   6.91189509e-01 -2.51666696e-01 -3.49501896e-01 -6.10610640e-01
   4.31650535e-02 -9.54210195e-01 -2.42798837e-01  2.95906825e-01
  -7.64490278e-01  8.66204617e-01  6.97968348e-01  8.79208222e-01
   3.72329321e-01 -3.10842260e-01 -4.82129101e-01  6.49030364e-01
   5.31664097e-01  8.57671727e-01  6.15482526e-01 -1.43246403e-01
  -9.43307448e-01 -9.26330765e-01  8.20765924e-01  3.03818387e-01
  -4.14961195e-01 -4.56346931e-01 -7.51886988e-02  3.85784277e-02
   2.12776246e-01  2.08939949e-01  3.89777547e-01 -2.59459294e-01
  -1.34326240e-01  8.61117250e-01 -2.50591026e-01  4.03687544e-01
   7.08706432e-01  8.92427662e-01 -2.94860233e-01 -8.18003754e-01
   8.47665374e-01  4.13024568e-02 -8.85178909e-01  1.20461758e-01
  -3.51254066e-01  9.48809900e-01 -5.64894800e-01  6.16197270e-01
  -2.52725818e-01  3.27701333e-01 -6.12937822e-01 -1.47917991e-02
  -7.11966462e-01  8.02972061e-01 -3.48770602e-01  1.12733423e-01
   5.63257559e-01 -2.95619986e-01  4.71298310e-01 -6.60213304e-01
  -3.79833912e-01 -1.71838500e-01  9.31263521e-01  6.90278136e-01
   3.50496871e-01  9.71357583e-01 -4.76705678e-01  8.55727791e-02
  -1.95402112e-01 -7.16247885e-01 -2.31815905e-01 -5.94955051e-01
  -1.38180090e-01  4.33725922e-01  7.04371699e-01  8.15526453e-01
  -9.96723870e-01  4.90315842e-01 -2.25700297e-01  4.56571471e-02
  -6.09091562e-01 -9.81038682e-01  2.77540547e-02  7.40399428e-01
  -7.37824963e-02  8.85824764e-01 -5.67210387e-01 -2.15440866e-01]
 [-3.63433291e-01  2.97661502e-02 -7.77385209e-01  8.92878822e-01
  -6.29692138e-01 -8.13807174e-01 -1.65236526e-01 -6.75211733e-01
   7.10392593e-01  9.49623519e-01 -2.11842168e-01 -6.34159117e-01
   8.50046619e-02  3.48928497e-01 -1.94978343e-01 -8.57503509e-02
   3.48716754e-01 -8.12751645e-01 -1.09936492e-01 -5.76974940e-01
   4.64304066e-01  4.19131698e-02  3.66686203e-01 -2.41840555e-01
  -2.21154397e-01  5.57685059e-02 -8.11912856e-01 -8.31654405e-01
  -2.75885873e-01  6.96401487e-01  6.29897912e-01 -2.72100543e-01
   5.19968588e-01  1.52776934e-01  4.98279412e-01  1.82652607e-01
  -1.14803512e-01  3.40262350e-01 -8.69558041e-01 -6.13105067e-01
   8.47294730e-01 -1.96115174e-01  4.84113146e-01  4.32726953e-01
   2.37045554e-01 -7.28504510e-01  9.20756588e-03 -5.79523806e-01
  -8.76343560e-02  8.60107774e-02  1.35491612e-01  6.55622882e-01
  -2.70759359e-01  2.21789022e-01 -7.89379724e-01  1.97762430e-01
  -6.84115626e-01 -1.53251853e-02 -1.84833710e-01 -8.21537409e-01
   9.31311296e-01  9.50076778e-01  9.06126448e-01 -6.47971804e-02
   4.04467506e-01  7.16314615e-01 -4.28092894e-01 -9.08979584e-01
  -6.95505672e-01 -8.44594304e-01  1.49901053e-01 -4.98448696e-01
  -1.51770134e-01 -4.59789493e-01 -1.33381106e-01  7.05771724e-01
   7.50715561e-01 -2.68265840e-01 -9.88732011e-02  1.98547674e-01
  -2.21693004e-01 -6.72916960e-01  3.63230039e-01 -9.35959082e-01
   9.12073052e-01 -9.96319373e-01 -5.68371814e-01  6.15182450e-01
  -1.67639385e-01 -1.28387512e-01 -2.26737174e-01  5.73267981e-01
  -3.51531338e-01  9.42615623e-01  4.73157584e-01 -8.26936498e-01
   7.14176235e-01 -9.28214277e-01  7.31218044e-01  9.55592772e-01
  -8.56322107e-01 -7.17322341e-01 -6.33110390e-01  2.89989060e-01
   1.09636379e-01  7.47861769e-01 -8.06225572e-01  5.22944475e-01
  -8.62258894e-01  5.59889265e-01  7.02158858e-01 -8.05286444e-01
  -6.98077069e-01 -9.05224268e-01  5.50865576e-01  2.10165018e-01
   7.77323725e-01  1.76039082e-01  6.74808785e-01  8.37888466e-01
  -5.67218172e-01 -7.35659264e-01 -3.95216847e-01 -2.48579115e-01
  -9.03181784e-01 -5.05029032e-01  2.44566347e-01  7.37054137e-01
  -4.59026748e-01  4.96926232e-01 -1.85914931e-01 -7.91211498e-01
  -9.85672964e-01  2.32167538e-01 -4.48211793e-01 -4.01293622e-01
   7.78801797e-01 -4.06090241e-01 -3.86774092e-01  7.78576223e-01
  -8.99204482e-01 -9.21821963e-01  4.04400862e-01  9.50166086e-02
  -7.29333361e-01 -2.68189180e-01  4.12727292e-01  4.15983401e-01
   5.83524604e-01 -3.77509258e-01  6.59443874e-01 -5.68911865e-01
  -8.31767288e-03  2.78890782e-01 -7.64422184e-01  5.81345389e-01
   6.83597531e-01  4.96478670e-01 -4.03761376e-03 -9.69492640e-01
  -5.97881116e-01  5.07814409e-01 -4.48710611e-03 -2.94218701e-01
   8.17331417e-01  9.91831470e-01  7.13542723e-01  3.42635596e-01
   6.20970771e-01  3.57672178e-01  1.60491672e-01 -4.85223640e-01
   2.52431431e-01 -6.13013253e-01 -4.36815246e-01  6.83400048e-02
  -1.96909309e-01  9.35321688e-01  7.52468694e-01  1.51975587e-01
  -2.93052449e-01 -6.31370463e-01 -5.32895373e-01 -5.13138231e-01
  -6.52186304e-01 -3.28994276e-02  2.04229323e-02  6.64190381e-01
   8.42350196e-01  3.39454521e-01  9.97039119e-01 -9.93716699e-01
  -1.65111837e-01 -1.88827332e-01 -9.61306688e-01 -2.21648630e-01
   6.02209227e-03  4.61337281e-01 -6.03869136e-01  7.76368572e-01
   5.04191028e-02  5.72833052e-01  1.77738790e-01 -6.23033185e-01
  -2.68707190e-01  9.22942601e-01 -9.96147169e-01 -3.64646548e-01
   1.73658910e-01  7.74251899e-01  4.39529871e-01  5.70246615e-01
  -7.65008989e-01  2.13670332e-01  3.25461938e-01 -7.92251798e-01
   5.40208316e-01  9.32027910e-01  3.15763224e-01  8.57381216e-01
   4.25610336e-01  7.49904276e-01  3.37003727e-01 -7.14095581e-01
   7.45728751e-01  9.79761291e-01  4.81735924e-01  1.40924889e-01
  -1.84546809e-01  2.42611616e-01 -9.41814492e-01  7.93390959e-01
  -9.98360079e-01 -7.46278546e-01  8.41779516e-01  9.66340309e-01
  -2.02844487e-01 -3.04218651e-01  8.97815569e-02 -5.50685646e-01
  -1.74084918e-01  1.56402589e-01 -4.80918559e-01  2.74250269e-01
   1.22421377e-01 -9.75040131e-01  1.16191809e-01 -1.85505665e-01
   1.03087628e-01 -6.92528630e-01  8.10958588e-01 -4.53763416e-01
  -1.33643827e-01  8.48908747e-02  8.40001286e-01 -2.63438955e-01
   7.45361676e-01  9.74331969e-01  3.40960142e-01 -8.88645389e-01
  -9.87849000e-01 -9.15693797e-01  8.34142685e-01 -9.72906432e-01
   7.24209526e-01  7.93030296e-01  5.67478934e-01  6.60372913e-01
   6.27115450e-01  3.38333947e-01  2.82818706e-01  5.16693821e-01
   9.74425662e-01  2.84737491e-01 -3.11751591e-03 -7.24015582e-01
  -5.15259965e-01 -8.68727839e-02  6.42755529e-01 -6.28082380e-01
  -2.93245291e-01  4.88324667e-01 -4.15008781e-01 -2.35870006e-01
   6.15451359e-01  5.00210467e-01  5.47227068e-01 -3.16795438e-01
  -3.50595049e-01 -4.67366357e-01  7.89671800e-01  5.03572699e-01
   1.47119001e-01 -1.91173498e-02 -8.34827696e-01  3.92096162e-01
  -7.26023534e-01 -5.65165140e-01 -2.24769102e-02  4.25479275e-01
   1.01188130e-01  7.36996994e-01  8.20913712e-01  2.05440829e-02
  -8.53799100e-01  2.36611860e-01 -9.81817552e-01 -7.73320270e-01
   7.84353164e-01 -4.31527368e-01  9.78058327e-01  5.35055579e-01
   2.25057709e-03  2.23906404e-01  4.08464438e-01 -7.86561195e-01
   9.14330249e-01  1.45899078e-01  3.50386531e-01  7.33804240e-01
   4.83977354e-01  9.66526723e-01  1.31394195e-02 -7.64332422e-02
  -1.63975765e-01 -2.52979462e-01 -5.57085794e-01 -5.76339360e-01
   9.19863862e-01  8.14310698e-01  2.44401235e-01 -6.64521642e-01
   2.23513046e-01  4.79391209e-01 -4.40592546e-01 -8.17406699e-01
   9.10279072e-02  1.13210206e-01 -6.41132633e-01 -5.29003034e-01
   3.65493530e-01 -9.68657289e-02  2.62413577e-01  2.03039162e-01
  -5.01084709e-02 -3.75191064e-01  8.13486660e-01  9.76399206e-01
   5.04702674e-01 -9.72656683e-01 -3.50841792e-01  3.09163110e-01
  -7.38643170e-01  6.47754665e-01 -4.04253225e-01 -3.59485047e-01
  -6.23232957e-01  6.63633214e-01  4.46452559e-01  1.50849884e-01
   9.45627347e-01 -6.65736631e-01  6.13029603e-01 -7.11002933e-01
  -3.90767677e-01 -2.87206993e-01  4.53616555e-01  4.29886565e-01
   4.09597894e-01 -3.93216772e-01  6.24099458e-01  9.81098883e-01
  -7.78247271e-01 -8.27704274e-01  8.31235205e-02 -9.52365196e-01
  -3.37550079e-01  9.39254896e-01 -9.05841156e-01  6.31969638e-01
  -9.68028727e-01  6.02979661e-01  2.96492900e-01 -7.50362871e-01
  -7.93876118e-02  1.49536863e-01  8.75367109e-01 -5.50741041e-02
   6.14701333e-01 -2.86058461e-01  9.06181276e-01  4.42390966e-01
   5.34617128e-01 -6.31097294e-01  4.24800092e-01  7.45042375e-01
  -7.74635324e-01 -8.22902029e-01  2.03183852e-01  6.33351890e-01]
 [-1.92417589e-01 -9.74104983e-02  3.63037924e-01 -9.93238978e-01
   9.37677780e-01  8.62333412e-01 -5.45871651e-01  3.31812624e-01
  -7.94019764e-01 -2.05090353e-01  5.34801960e-02  6.55833598e-01
   9.13537786e-01  4.80590145e-01  9.10817145e-01  1.31283425e-01
  -5.47652038e-02  6.26081899e-01 -8.31075667e-01  3.20259288e-01
  -6.06444070e-01 -5.60775386e-01  3.42117305e-01 -3.06585408e-02
  -6.25259588e-01 -9.53374972e-02 -3.21563670e-01  5.16078212e-01
  -9.95437375e-01  2.92961613e-01  6.60855031e-01  8.48990267e-01
   3.04651501e-01  6.11419618e-01 -1.13561129e-01 -3.21801017e-01
   9.64509150e-01  2.15581142e-01  7.76095613e-01  3.78210040e-01
   5.87037401e-01  3.71844084e-01  2.99098582e-01  5.85045481e-01
   2.61002519e-01 -9.60794556e-01  9.28064332e-01 -5.12512406e-01
  -1.34779156e-02  4.96707998e-01  3.12132587e-01  4.78453185e-01
  -3.32313221e-01  6.25710948e-01  6.29272550e-01 -6.30473288e-01
   7.69430697e-01 -5.80687947e-01 -7.78107012e-01  6.84919040e-01
   3.67987822e-01  9.45764622e-01  7.42211449e-01 -2.56158704e-01
   8.24662034e-01 -5.76765861e-01  5.07265923e-01 -1.78393149e-01
   4.15645016e-01  5.75008572e-01  7.27552609e-01 -2.44422024e-02
   4.42545720e-01  5.12309657e-01  7.42880726e-01 -3.83577355e-01
  -5.54256481e-01  7.85902181e-01  5.66626271e-01  6.25426718e-01
   5.19014298e-01  9.82312988e-01  1.33974874e-01 -3.80342215e-01
   3.96019479e-02 -4.95483952e-01  6.82870000e-01 -8.62944265e-01
  -7.77097781e-01  5.13704985e-01  3.87984939e-02  6.67518974e-01
   5.60311571e-01 -5.71388351e-01 -2.36899730e-01  3.80787167e-01
  -3.26872419e-01 -3.75174521e-01 -1.16129279e-01 -1.41956091e-01
  -3.90248418e-01  2.39510856e-01  8.74748866e-01 -3.66166640e-01
  -5.00723916e-01 -3.33254439e-01  2.82387155e-01 -3.35936280e-01
   4.93371273e-01  2.63198455e-01 -2.07529185e-01 -4.79184933e-01
   8.13019322e-01  7.37450955e-01 -7.13461063e-01  7.68695455e-01
  -8.50777424e-01  1.60884885e-01 -8.54037891e-01  6.21272728e-01
   9.98688602e-01 -2.51875496e-02 -8.60672993e-01 -1.44817905e-01
  -9.13702346e-01  5.94192677e-01 -7.74451189e-01 -6.55402423e-01
  -9.55013749e-03  4.91427661e-01  8.34638848e-01 -5.19731663e-01
  -6.22534950e-01  4.21287964e-01 -9.98537660e-01  6.27253397e-01
   5.63815720e-01  2.12773723e-01 -4.13249016e-01 -8.55335336e-01
   7.15252334e-01 -7.01603524e-01  7.55771616e-01  9.39990335e-01
   3.51660482e-01 -4.50154719e-01  6.32152910e-01 -6.55262271e-01
   9.18059684e-01  4.79193977e-01 -1.94665455e-01  4.41529261e-01
  -8.89485071e-01 -6.40918164e-01 -8.14169916e-01 -5.96029880e-01
  -6.83269629e-02 -9.32844483e-01  4.50467936e-01 -2.55316928e-01
  -6.70935360e-01 -9.92152606e-01 -1.47226856e-01  1.65035104e-01
  -6.40709662e-01  6.47894125e-01 -3.96142042e-01  6.00132007e-01
   7.71944157e-01 -9.43623103e-01  7.17258833e-01 -9.99771772e-01
   2.71206157e-03 -1.27802553e-01  3.50375368e-01  5.73160410e-01
   5.37049416e-01  3.87549285e-01  4.18593158e-01 -6.56124080e-01
   9.03930249e-01  1.46816332e-01  7.51675508e-01  4.44851251e-02
  -5.35496867e-01  4.28215714e-01 -7.00311953e-01  1.37949204e-02
   7.40226691e-01  8.02135076e-01 -1.87077805e-01  5.15053764e-01
   9.52984786e-01  4.36300613e-01  3.30377896e-01 -1.92164933e-01
   4.93781795e-01 -8.77174788e-01  9.22192341e-01 -1.19875601e-01
  -1.10700643e-01  9.55224577e-01 -6.45455882e-01  4.12056649e-01
   1.25951801e-01 -6.79692516e-02  4.09159539e-01  9.38320141e-01
   9.61827930e-01  5.84198063e-01 -3.60830048e-01 -1.91706770e-01
   7.29734236e-01 -4.19456696e-01 -1.61289613e-01  6.82620719e-01
  -8.66694772e-01  6.00880932e-01  5.53088567e-02  5.72639734e-01
   2.98636244e-01 -9.85120320e-01  4.16629434e-01  6.65202970e-01
  -6.58509130e-01  8.15576497e-01 -8.08886965e-01  8.91974525e-01
  -9.49865410e-01 -3.68239105e-01 -7.20405845e-01  3.13937026e-01
   1.70995201e-01 -3.63120708e-02 -6.65570166e-01  2.17717445e-01
   9.88848841e-01  5.54911933e-01  3.02186072e-01  9.06821517e-01
   2.46307487e-01 -2.67999789e-01  5.38997136e-01  9.95591206e-01
   3.42935546e-02 -2.67667085e-02  1.23475994e-01  8.13668455e-02
  -7.90066797e-01 -2.36593481e-01  6.54566029e-01 -4.12566600e-01
   9.89140562e-01 -2.61633751e-01  4.85282834e-01  9.90651144e-01
  -2.94862730e-01 -9.73206005e-01 -3.97025558e-01 -8.50250619e-01
  -7.67083258e-01 -7.98490669e-01  2.73428691e-01  8.35389527e-01
  -2.83716155e-01  3.98563266e-01 -3.64543652e-01 -9.07171014e-01
  -1.92552442e-01  2.35960881e-01  6.66360254e-01  8.17751343e-01
  -4.81027001e-01 -8.54237413e-01 -8.79153523e-02  2.16874972e-01
  -9.63611270e-01  5.87197516e-01 -7.16498364e-01 -5.16687507e-01
  -3.19180471e-01  5.13461086e-01 -6.32328224e-01 -6.33824929e-01
  -2.53872435e-01  4.55047583e-01  3.98187824e-01  3.21564139e-01
  -2.28855001e-01 -6.97380920e-01 -4.71371583e-01  8.80912448e-01
  -1.74933757e-01  6.33975618e-02 -4.66124828e-01 -2.07855126e-01
  -5.57884431e-01  9.69390609e-01 -1.91089457e-01 -6.58585173e-01
   5.04853457e-02  5.93022195e-01 -3.56447526e-01 -1.38025838e-01
  -3.84044388e-01 -1.39959592e-01  8.39382886e-01  2.24949761e-01
   8.56318485e-01 -3.77476159e-01 -5.96239883e-01  7.87401062e-01
   6.21008629e-01  8.50152795e-02  2.21656979e-04  8.33228356e-01
  -3.58868844e-01  2.67492148e-02  7.16191765e-01  4.20869342e-01
  -1.49942782e-01  5.26597694e-01  6.54383319e-01  1.38952196e-01
   4.80745624e-01 -3.14723186e-01 -6.11042254e-04 -1.45448214e-01
   1.94730086e-01 -9.71387384e-01  2.04069833e-01 -2.82196122e-01
   6.40292239e-01  4.11945122e-02  1.50663126e-01 -9.08333173e-01
   4.37708096e-01  9.70220218e-01 -7.99029477e-01  8.96205293e-01
  -7.88842354e-01 -4.31114343e-02  9.98091416e-01  5.41992356e-01
   5.13077063e-01  4.60913708e-01 -1.75971477e-01  1.13874987e-01
  -8.41570739e-01 -5.48606156e-01 -5.00418065e-02 -3.69492334e-01
  -2.29126045e-01 -3.07513812e-01 -8.54205694e-01  9.70998078e-01
  -3.82750973e-01 -1.30122118e-01 -7.14618293e-01  6.85686866e-01
   3.52523893e-01  9.72300754e-01  2.30797861e-01  8.99146721e-01
  -6.55451507e-01 -3.17573651e-01 -5.39232742e-01 -3.35453544e-01
   1.65774298e-03  3.55133601e-01 -1.68782948e-01 -4.87664021e-01
  -2.65016491e-01  4.05511964e-01 -7.21239811e-01  9.06873278e-01
  -6.36246334e-01 -4.67827745e-01  5.62835147e-01  9.11017442e-01
  -6.55959371e-01 -3.73506479e-01 -8.24427233e-01 -3.77716213e-01
   6.98972222e-01 -8.44604791e-01  2.07276410e-02 -6.17377865e-01
  -1.02930148e-01  1.98626085e-01 -8.66990630e-01  2.75395302e-01
  -6.44438742e-01 -7.11201317e-01  6.71042176e-01  5.69425466e-01
  -5.85893344e-01 -4.20668955e-01  6.45836415e-01  2.91431728e-01]
 [ 9.90903189e-01  3.11467921e-01 -6.93302828e-01  3.52875296e-01
  -8.85908703e-01 -8.48418792e-01 -2.29289943e-01 -1.17910701e-01
  -3.85361466e-01 -2.29743680e-01 -6.38928612e-02  4.17569011e-01
  -9.22638843e-01 -2.27177830e-01 -1.83713716e-01 -4.59282985e-01
  -5.81251215e-01 -9.74733464e-01 -5.65803760e-01 -8.27962932e-01
   3.56345240e-01 -3.79290915e-01  2.73308503e-01 -8.48385737e-01
   2.64784330e-01 -7.03032389e-01  5.28200901e-01  3.57495156e-01
  -1.77930194e-01  2.46286601e-01 -4.54204137e-01  5.58187583e-01
  -1.48080453e-01 -9.94719765e-01 -8.86793198e-01  6.05419677e-01
  -6.25679092e-02  7.67913055e-02  5.00652123e-01  5.83077637e-01
  -9.65695174e-01  2.16118361e-01 -5.96981758e-01  4.14140710e-01
   7.69091145e-01  3.73648229e-01 -4.33843981e-01 -4.73861521e-01
  -6.04940995e-02 -8.56398619e-01  8.61289347e-01 -3.05235646e-01
   7.64279501e-01  8.71678350e-01 -5.34528358e-02 -3.00126470e-01
   5.01208856e-01 -2.97363901e-01  6.01539919e-01 -2.84751256e-01
   2.44629672e-01  7.53716829e-01 -5.61148374e-01  2.65387921e-01
   7.10094127e-02 -5.66573792e-02  2.97854049e-01 -1.03934497e-01
   1.24739887e-01  9.73756043e-01  6.15847868e-01  3.05710952e-02
   3.29110458e-01  8.55950148e-02  5.06812824e-01 -9.10838012e-01
   7.55512184e-03  4.34394910e-01  7.08763223e-01 -4.09629246e-01
  -2.16525409e-01  8.88214246e-01  7.25091578e-01  4.04078829e-01
  -9.82328322e-01  3.07914403e-01  3.80881873e-01  4.89209044e-01
   7.88418673e-01  1.53114503e-02 -1.81214890e-02  2.43205213e-01
   2.40559675e-01 -9.54760292e-01  9.18661085e-01 -5.28729074e-01
  -9.71945857e-01 -3.41285261e-01  1.06029030e-01 -7.03412698e-01
   5.57365019e-01 -3.71434049e-01 -9.23686512e-03 -9.89936611e-01
   6.79825936e-01 -1.85731250e-01  6.70702405e-01 -4.96052977e-01
  -2.79250269e-01 -8.11365987e-01  1.99080028e-01  3.26639045e-01
  -6.86606751e-01  7.01796642e-01 -8.59697272e-01 -2.21890921e-01
   4.00632273e-01  1.27005433e-01  2.31827206e-02 -3.29392510e-01
  -9.27536923e-01  4.31982556e-01  7.74757290e-02  7.31022056e-01
   2.64648935e-01 -2.37507961e-01 -8.50122327e-01 -1.80572137e-01
  -2.01324061e-01 -1.31420148e-01  8.07713672e-01  3.31107816e-01
   3.39709549e-01  7.16155546e-01 -7.84892303e-01 -7.37286924e-01
   9.00185806e-01 -8.49851026e-01 -1.11257861e-01 -7.62867309e-02
  -4.75760204e-01  6.10367827e-01 -6.19154741e-01  7.65695345e-01
  -2.03164282e-01  6.15360023e-01 -9.71382860e-01 -6.09143996e-01
  -7.51359576e-01 -9.36403592e-01 -5.58435061e-01 -5.76137344e-01
   7.51206374e-01  9.39519945e-01 -5.04117440e-01  1.73787413e-01
   1.30664183e-01 -3.56186074e-01  3.77541672e-01 -8.33271055e-01
   2.84505817e-01  8.53026878e-01  4.98503253e-01  3.36543092e-01
  -2.83763663e-01  7.10188726e-01  3.56468317e-01 -6.24864641e-01
  -4.15193624e-01  6.72216801e-01  4.65833637e-01  3.37479838e-01
   6.00184908e-01 -2.06988272e-01 -4.44543499e-01  9.02823279e-02
  -1.25498294e-01 -6.77948111e-01  6.02967786e-01 -5.98827429e-01
  -7.84176231e-01 -7.43578514e-01  1.37386388e-01 -2.87443321e-01
  -1.60989928e-01  2.50439300e-01 -8.38887910e-01 -7.44867881e-01
   7.50401621e-01  4.22065840e-01  3.28628566e-01  3.21295372e-01
  -8.25381906e-01  4.17473121e-01  7.06155124e-01  1.75379351e-01
   8.61959719e-01  6.82305568e-01 -1.72690850e-01  3.28997740e-01
  -1.58812399e-01 -6.32578200e-02 -9.96280930e-01  1.46017398e-01
  -2.75127409e-01 -2.75829568e-01  4.09979464e-01  8.66398198e-02
  -7.32827921e-01  3.14423557e-01 -5.17779758e-01 -3.35941620e-02
   9.74296829e-01 -1.56174205e-02 -6.35975102e-01  9.82620475e-01
   4.04412181e-01  3.40064436e-01  8.15339859e-01  1.06568816e-01
   9.52282503e-01  6.07073358e-01 -9.41890710e-01  4.20857991e-01
   6.00560834e-01  2.28997288e-01  3.17285262e-01 -2.45194611e-01
  -8.96930029e-02 -2.71998439e-01 -1.61215961e-01  8.61039232e-01
   6.50889978e-01  5.33448042e-01 -4.66695829e-01  3.30032279e-01
  -2.07929326e-02  2.88332033e-01 -6.51902712e-01  1.73273361e-01
   4.10644521e-01 -3.61080186e-01  6.45687036e-01  9.77538694e-01
   8.62866988e-01 -1.13780610e-01 -2.70260972e-01  4.59355920e-01
  -4.69852457e-01 -3.82600815e-01 -7.21589204e-01 -4.43048235e-01
  -2.96654344e-01 -2.23876361e-01  3.76353260e-01  5.77257859e-01
  -2.29773420e-01  1.99147490e-01 -4.45782222e-01  4.68384608e-01
  -4.01053263e-02 -9.37198847e-01 -9.20646292e-01  2.42294287e-01
   4.40916883e-01 -4.84939172e-01  6.75475406e-02 -5.63524978e-01
   9.09244541e-02  4.47107588e-01 -8.38382652e-03 -8.09703673e-01
  -2.97530606e-01  6.26618702e-01 -8.05906372e-02  5.91956545e-01
   2.71864996e-01 -3.06006204e-02 -1.47656020e-02  5.84740159e-01
   1.88551538e-01  8.08370366e-01  3.64778976e-01 -8.20572379e-01
   2.56094068e-01  9.97906850e-01  1.91876574e-01 -6.58607580e-02
  -1.59652061e-01 -8.02321240e-01 -7.30968743e-01  5.96998058e-01
  -8.66863397e-01 -4.45933083e-01  2.88342346e-01  7.19999771e-01
   6.78438869e-02  2.23227695e-01  3.10985760e-01 -9.80462824e-01
  -4.62039382e-01  5.10496283e-01 -7.73582911e-02  5.40018740e-01
   7.30125536e-01 -6.81765963e-01  5.34654022e-01 -1.83728773e-01
   1.42493479e-01 -8.61392965e-01 -8.32446369e-01  3.76250791e-01
  -1.50504092e-01  5.93289095e-01 -2.93408728e-01  1.10994491e-02
  -1.36757936e-01  2.29966106e-03 -8.74541926e-01 -4.72045780e-01
  -8.34865208e-01  3.45553229e-01 -9.17685668e-01  2.41253428e-01
  -5.94006421e-01  6.19472815e-01 -8.23668478e-01 -5.26770405e-01
  -7.86127354e-01  1.54165561e-01 -9.93125047e-01  5.86264804e-01
  -9.61411484e-01 -3.32546591e-01  4.49026579e-01  3.74116580e-02
   7.27864545e-01 -2.73954850e-01 -1.47748120e-01 -9.18106768e-01
   8.80106889e-01 -6.14433144e-01  2.23893254e-01 -5.00515224e-01
  -6.10519866e-01 -2.39524627e-01 -8.16310118e-02 -9.71090221e-01
  -3.87727408e-01  5.43324792e-02  9.59127436e-02 -5.15174282e-02
   1.32307375e-01  4.95255598e-01  1.57299931e-01  8.33664856e-01
  -5.30276665e-01 -1.39791505e-02  4.19519006e-01  6.82099024e-02
  -2.29642619e-01 -6.08665357e-01  6.92581468e-02 -1.04731247e-01
  -9.87167469e-01 -2.70367285e-01 -4.00822694e-01  5.39114923e-01
   9.68913443e-01  8.75936162e-01 -7.46194749e-01  4.94061271e-01
  -7.57073420e-01  2.78092865e-01  8.62850753e-02 -3.52874040e-02
   7.97427320e-03  2.40687999e-01  6.47159259e-01  6.11644711e-01
  -8.13758875e-01  3.07162064e-01  4.39677603e-01 -2.81622049e-01
   4.21845821e-02 -5.99461074e-01  2.38342620e-01 -2.21684939e-02
  -4.16556975e-01  6.80524094e-01 -6.42068409e-01  5.35217598e-01
  -2.29893538e-01  3.56703437e-02  8.11013544e-01  5.90626587e-01
  -2.73601764e-03 -2.00085983e-01  6.43060500e-01 -8.29645389e-01]
 [ 0.00000000e+00  0.00000000e+00  0.00000000e+00  0.00000000e+00
   0.00000000e+00  0.00000000e+00  0.00000000e+00  0.00000000e+00
   0.00000000e+00  0.00000000e+00  0.00000000e+00  0.00000000e+00
   0.00000000e+00  0.00000000e+00  0.00000000e+00  0.00000000e+00
   0.00000000e+00  0.00000000e+00  0.00000000e+00  0.00000000e+00
   0.00000000e+00  0.00000000e+00  0.00000000e+00  0.00000000e+00
   0.00000000e+00  0.00000000e+00  0.00000000e+00  0.00000000e+00
   0.00000000e+00  0.00000000e+00  0.00000000e+00  0.00000000e+00
   0.00000000e+00  0.00000000e+00  0.00000000e+00  0.00000000e+00
   0.00000000e+00  0.00000000e+00  0.00000000e+00  0.00000000e+00
   0.00000000e+00  0.00000000e+00  0.00000000e+00  0.00000000e+00
   0.00000000e+00  0.00000000e+00  0.00000000e+00  0.00000000e+00
   0.00000000e+00  0.00000000e+00  0.00000000e+00  0.00000000e+00
   0.00000000e+00  0.00000000e+00  0.00000000e+00  0.00000000e+00
   0.00000000e+00  0.00000000e+00  0.00000000e+00  0.00000000e+00
   0.00000000e+00  0.00000000e+00  0.00000000e+00  0.00000000e+00
   0.00000000e+00  0.00000000e+00  0.00000000e+00  0.00000000e+00
   0.00000000e+00  0.00000000e+00  0.00000000e+00  0.00000000e+00
   0.00000000e+00  0.00000000e+00  0.00000000e+00  0.00000000e+00
   0.00000000e+00  0.00000000e+00  0.00000000e+00  0.00000000e+00
   0.00000000e+00  0.00000000e+00  0.00000000e+00  0.00000000e+00
   0.00000000e+00  0.00000000e+00  0.00000000e+00  0.00000000e+00
   0.00000000e+00  0.00000000e+00  0.00000000e+00  0.00000000e+00
   0.00000000e+00  0.00000000e+00  0.00000000e+00  0.00000000e+00
   0.00000000e+00  0.00000000e+00  0.00000000e+00  0.00000000e+00
   0.00000000e+00  0.00000000e+00  0.00000000e+00  0.00000000e+00
   0.00000000e+00  0.00000000e+00  0.00000000e+00  0.00000000e+00
   0.00000000e+00  0.00000000e+00  0.00000000e+00  0.00000000e+00
   0.00000000e+00  0.00000000e+00  0.00000000e+00  0.00000000e+00
   0.00000000e+00  0.00000000e+00  0.00000000e+00  0.00000000e+00
   0.00000000e+00  0.00000000e+00  0.00000000e+00  0.00000000e+00
   0.00000000e+00  0.00000000e+00  0.00000000e+00  0.00000000e+00
   0.00000000e+00  0.00000000e+00  0.00000000e+00  0.00000000e+00
   0.00000000e+00  0.00000000e+00  0.00000000e+00  0.00000000e+00
   0.00000000e+00  0.00000000e+00  0.00000000e+00  0.00000000e+00
   0.00000000e+00  0.00000000e+00  0.00000000e+00  0.00000000e+00
   0.00000000e+00  0.00000000e+00  0.00000000e+00  0.00000000e+00
   0.00000000e+00  0.00000000e+00  0.00000000e+00  0.00000000e+00
   0.00000000e+00  0.00000000e+00  0.00000000e+00  0.00000000e+00
   0.00000000e+00  0.00000000e+00  0.00000000e+00  0.00000000e+00
   0.00000000e+00  0.00000000e+00  0.00000000e+00  0.00000000e+00
   0.00000000e+00  0.00000000e+00  0.00000000e+00  0.00000000e+00
   0.00000000e+00  0.00000000e+00  0.00000000e+00  0.00000000e+00
   0.00000000e+00  0.00000000e+00  0.00000000e+00  0.00000000e+00
   0.00000000e+00  0.00000000e+00  0.00000000e+00  0.00000000e+00
   0.00000000e+00  0.00000000e+00  0.00000000e+00  0.00000000e+00
   0.00000000e+00  0.00000000e+00  0.00000000e+00  0.00000000e+00
   0.00000000e+00  0.00000000e+00  0.00000000e+00  0.00000000e+00
   0.00000000e+00  0.00000000e+00  0.00000000e+00  0.00000000e+00
   0.00000000e+00  0.00000000e+00  0.00000000e+00  0.00000000e+00
   0.00000000e+00  0.00000000e+00  0.00000000e+00  0.00000000e+00
   0.00000000e+00  0.00000000e+00  0.00000000e+00  0.00000000e+00
   0.00000000e+00  0.00000000e+00  0.00000000e+00  0.00000000e+00
   0.00000000e+00  0.00000000e+00  0.00000000e+00  0.00000000e+00
   0.00000000e+00  0.00000000e+00  0.00000000e+00  0.00000000e+00
   0.00000000e+00  0.00000000e+00  0.00000000e+00  0.00000000e+00
   0.00000000e+00  0.00000000e+00  0.00000000e+00  0.00000000e+00
   0.00000000e+00  0.00000000e+00  0.00000000e+00  0.00000000e+00
   0.00000000e+00  0.00000000e+00  0.00000000e+00  0.00000000e+00
   0.00000000e+00  0.00000000e+00  0.00000000e+00  0.00000000e+00
   0.00000000e+00  0.00000000e+00  0.00000000e+00  0.00000000e+00
   0.00000000e+00  0.00000000e+00  0.00000000e+00  0.00000000e+00
   0.00000000e+00  0.00000000e+00  0.00000000e+00  0.00000000e+00
   0.00000000e+00  0.00000000e+00  0.00000000e+00  0.00000000e+00
   0.00000000e+00  0.00000000e+00  0.00000000e+00  0.00000000e+00
   0.00000000e+00  0.00000000e+00  0.00000000e+00  0.00000000e+00
   0.00000000e+00  0.00000000e+00  0.00000000e+00  0.00000000e+00
   0.00000000e+00  0.00000000e+00  0.00000000e+00  0.00000000e+00
   0.00000000e+00  0.00000000e+00  0.00000000e+00  0.00000000e+00
   0.00000000e+00  0.00000000e+00  0.00000000e+00  0.00000000e+00
   0.00000000e+00  0.00000000e+00  0.00000000e+00  0.00000000e+00
   0.00000000e+00  0.00000000e+00  0.00000000e+00  0.00000000e+00
   0.00000000e+00  0.00000000e+00  0.00000000e+00  0.00000000e+00
   0.00000000e+00  0.00000000e+00  0.00000000e+00  0.00000000e+00
   0.00000000e+00  0.00000000e+00  0.00000000e+00  0.00000000e+00
   0.00000000e+00  0.00000000e+00  0.00000000e+00  0.00000000e+00
   0.00000000e+00  0.00000000e+00  0.00000000e+00  0.00000000e+00
   0.00000000e+00  0.00000000e+00  0.00000000e+00  0.00000000e+00
   0.00000000e+00  0.00000000e+00  0.00000000e+00  0.00000000e+00
   0.00000000e+00  0.00000000e+00  0.00000000e+00  0.00000000e+00
   0.00000000e+00  0.00000000e+00  0.00000000e+00  0.00000000e+00
   0.00000000e+00  0.00000000e+00  0.00000000e+00  0.00000000e+00
   0.00000000e+00  0.00000000e+00  0.00000000e+00  0.00000000e+00
   0.00000000e+00  0.00000000e+00  0.00000000e+00  0.00000000e+00
   0.00000000e+00  0.00000000e+00  0.00000000e+00  0.00000000e+00
   0.00000000e+00  0.00000000e+00  0.00000000e+00  0.00000000e+00
   0.00000000e+00  0.00000000e+00  0.00000000e+00  0.00000000e+00
   0.00000000e+00  0.00000000e+00  0.00000000e+00  0.00000000e+00
   0.00000000e+00  0.00000000e+00  0.00000000e+00  0.00000000e+00
   0.00000000e+00  0.00000000e+00  0.00000000e+00  0.00000000e+00
   0.00000000e+00  0.00000000e+00  0.00000000e+00  0.00000000e+00
   0.00000000e+00  0.00000000e+00  0.00000000e+00  0.00000000e+00
   0.00000000e+00  0.00000000e+00  0.00000000e+00  0.00000000e+00
   0.00000000e+00  0.00000000e+00  0.00000000e+00  0.00000000e+00
   0.00000000e+00  0.00000000e+00  0.00000000e+00  0.00000000e+00
   0.00000000e+00  0.00000000e+00  0.00000000e+00  0.00000000e+00
   0.00000000e+00  0.00000000e+00  0.00000000e+00  0.00000000e+00
   0.00000000e+00  0.00000000e+00  0.00000000e+00  0.00000000e+00
   0.00000000e+00  0.00000000e+00  0.00000000e+00  0.00000000e+00
   0.00000000e+00  0.00000000e+00  0.00000000e+00  0.00000000e+00]]