[[ -12.3994655  -147.69644292  160.10328946]
 [  19.35920506 -136.87579808  117.5248911 ]
 [ -25.49056145  123.47903349  -97.98719373]
 [  52.6114692    49.69680663 -102.29857739]
 [  16.95268242  210.9818246  -227.91647825]
 [  -4.01190252  -22.84728052   26.87003821]
 [  18.3749916    -3.57006356  -14.79759963]
 [ -39.18699252   36.47451035    2.72239208]
 [   2.62500174  -12.13580256    9.52657103]
 [ -79.96566439  -62.57286173  142.54940394]
 [ -29.09160124  -44.08388073   73.17773803]
 [-115.76521931  -64.3769712   180.15529238]
 [ -39.096527     44.23179542   -5.12379658]
 [  32.37550117  134.98533708 -167.35530179]
 [   0.80391692   37.89592127  -38.6911272 ]
 [ -61.81754492   89.82892217  -28.00205905]
 [ -35.58119262 -316.65796189  352.25235624]
 [   5.98050023  -18.70352175   12.73305852]
 [ -12.55623579   48.01564377  -35.45353634]
 [ -23.99324275    4.51421178   19.49054952]
 [  28.41763922 -100.97658911   72.5733248 ]
 [  -3.30650398 -143.79267178  147.11085453]
 [  -8.49928859  -98.92968325  107.44259472]
 [  21.73182387 -109.41486564   87.69561214]
 [  -6.79045716  -31.81035139   38.60831003]
 [   9.92365261  125.48385244 -135.39552477]
 [  11.36914046  177.17997297 -188.54168083]
 [  -1.1359014   -30.93005618   32.07371304]
 [   7.15838206   29.62974201  -36.77547532]
 [  23.54453461  105.61385132 -129.16150627]
 [  57.45899659   -2.38479928  -55.07950503]
 [  43.18962879   22.78980434  -65.96740767]
 [ -22.97570242  -63.04231017   86.02423527]
 [ -59.95061815   -0.83163784   60.79353925]
 [ -24.96667194   40.47737728  -15.50053043]
 [  27.85820399  -94.31182133   66.45933956]
 [  35.35760492  335.22730924 -370.59163095]
 [  46.83625843  171.84846182 -218.6836047 ]
 [ -33.84277985   34.99867813   -1.14937282]
 [ -65.56556818  135.53987668  -69.96108811]
 [ 120.11538534  376.76466939 -496.88090455]
 [  -7.61488119  158.48513827 -150.87340546]
 [ -33.26111525 -145.49498126  178.76708773]
 [  63.06000445  211.06391323 -274.11691769]
 [   4.99398519  -12.24273222    7.25451592]
 [  -0.88952786  -27.59023191   28.49031954]
 [ -29.35753718  -29.49305437   58.85087638]
 [ -31.39537248  -13.34546881   44.75231979]
 [  97.31230224  176.38676124 -273.69445465]
 [ -32.61743714  -92.54132311  125.17193673]
 [  87.6473412     6.75060619  -94.38871876]
 [  48.9549346   -25.7706874   -23.17463068]
 [  82.43981475   60.79457208 -143.23076265]
 [   5.42396084  -10.9850171     5.57323149]
 [ -12.27408248   22.56584868  -10.28494047]
 [  52.85732673   22.78642056  -75.63582965]
 [  10.86453073 -157.96015097  147.09298452]
 [ -21.89184386 -180.23822963  202.14040404]
 [  26.38847941 -152.13697961  125.76706386]
 [  -8.3052033   -69.34862453   77.66210801]
 [-108.33001269 -200.65801466  308.9902789 ]
 [  19.17895294   -5.75019971  -13.41435375]
 [-127.61369757  106.00020504   21.62339498]
 [  33.75563132  -38.29037943    4.54754682]
 [ -67.17653676   16.13378915   51.05026437]
 [  61.4599208    27.48625797  -88.93551956]
 [   0.66658587  236.58413667 -237.24276292]
 [ -44.41148262   69.05953684  -24.63288502]
 [ -37.40947889 -157.4835118   194.90591714]
 [   1.70863668  118.17707572 -119.87612516]
 [  22.87502847  422.20154779 -445.07798124]
 [ -31.13906069  -43.04262527   74.19471303]
 [ -99.10915455   48.38363449   50.73330248]
 [  45.27926301   28.04402166  -73.31494522]
 [  94.60179537  175.79582468 -270.39154553]
 [ -66.54961079  113.04933926  -46.49694475]
 [ -50.5883775   118.41319793  -67.81516777]
 [  -7.79641375 -227.47787348  235.27593965]
 [  60.94644132  135.01722508 -195.95494193]
 [  -1.84960294  -20.72763735   22.58435073]
 [  44.73314315 -106.49339037   61.76102833]
 [ -72.28012827 -177.20051957  249.49047413]
 [   4.39113907  -72.05774958   67.67835035]
 [  -8.14392728 -124.13726005  132.28840177]
 [ 105.80066791  -32.15390579  -73.63982615]
 [ -58.49377237  -42.05590961  100.56290119]
 [  37.82569351  133.59600261 -171.41348988]
 [ -42.67946      14.5738779    28.11314233]
 [  24.73033344  100.71805221 -125.43502505]
 [  25.13961146  -41.29791828   16.15998973]
 [ -16.74475279 -138.10155901  154.85697506]
 [ -34.63750059   -1.34732432   35.99314584]
 [ -50.41092203 -175.87435435  226.30052388]
 [-187.77506015  121.20885408   66.57367098]
 [ 104.4513119   -61.13929996  -43.30899657]
 [ -10.13136335  -86.17195358   96.30642951]
 [ -14.48428558  -26.72367863   41.21476337]
 [ -47.84937817  102.41922816  -54.55493639]
 [  18.1117962   271.64839851 -289.74862874]
 [  13.78035439   27.86660495  -41.63343042]
 [ -60.68111062 -234.07328297  294.76926422]
 [-100.74419793 -130.03683063  230.78532712]
 [  16.53450001   22.07294536  -38.60124615]
 [ -20.89967789  332.59458399 -311.69364339]
 [  40.60106888  153.69193176 -194.29138193]
 [   1.3896272   -86.70122694   85.3187904 ]
 [  72.3931416  -296.45476042  224.06763398]
 [  35.65540959   91.73409285 -127.37768708]
 [  57.45527383   59.47047463 -116.9180539 ]
 [ -51.20673432 -195.49235285  246.70750964]
 [ 102.79236668  -28.94061644  -73.84607472]
 [  25.62229215 -221.45735224  195.8459598 ]
 [  23.30770573  -59.84608437   36.54130623]
 [ -45.42324319  133.74106334  -88.31197688]
 [  -3.4298203  -143.31611155  146.75649341]
 [  13.8069169   -94.97815607   81.17998917]
 [ 141.31085548  165.63672172 -306.94581875]
 [   9.98225576 -111.12774709  101.14889643]
 [   1.37435106   41.54262656  -42.90646507]
 [  -5.86417508   16.85347916  -10.98147341]
 [  34.58865013 -103.35239461   68.77187737]
 [ -38.12022795  -99.52205758  137.64746523]
 [ -18.3799615    23.66663293   -5.27730834]
 [   9.11114187   19.27996664  -28.38120794]
 [  97.03957023  102.79443486 -199.82760464]
 [  45.42428511  156.51088693 -201.92936765]
 [  44.26883573  -18.80716531  -25.44926241]
 [ -14.99643365  146.04104987 -131.03495223]
 [ -27.14804987  437.23723666 -410.08049843]
 [   4.52331585  -73.24431822   68.73684732]
 [ -16.11441925  -82.26400479   98.38642811]
 [ -33.99904778  -11.20436977   45.20895588]
 [ -19.57853318 -176.1354107   195.7133697 ]
 [ -11.16890919 -167.03409045  178.21185224]
 [   7.04650184  -43.15938996   36.12343723]
 [  -2.4422246  -107.91568831  110.36636039]
 [  89.49156223  152.04570665 -241.52762578]
 [  20.25407012   71.81090042  -92.05440772]
 [   2.67487805   55.29274327  -57.95794226]
 [  63.52943648 -183.26445998  119.74899631]
 [ -30.55199477 -402.01195528  432.5617695 ]
 [  10.66244217   61.50264323  -72.1551625 ]
 [ -10.39356086 -172.78817415  183.19693594]
 [ -29.85199383   49.37967641  -19.5186029 ]
 [  -8.69570895   70.42028705  -61.71892269]
 [  23.64252558  -40.05638126   16.42384699]
 [  38.88081863   86.89843835 -125.76256177]
 [ -59.09606397  -26.76639449   85.86979991]
 [  23.77187828   46.51362428  -70.27837904]
 [  14.50418998  -81.21038541   66.71896084]
 [ -60.01227902 -236.22110468  296.23527804]
 [ -67.06273367  -17.15593075   84.22441234]
 [ -49.74247574  307.5504906  -257.80392236]
 [  34.12692643  -31.75533857   -2.37092004]
 [ -20.14965154 -170.23357208  190.39434781]
 [   2.79336884  -31.95063753   29.16520524]
 [ -43.6921579   -79.3146659   123.01553103]
 [ -25.37079474   28.39077211   -3.00706812]
 [  44.62423395  -72.60068169   27.98831013]
 [  14.49514079 -170.28798266  155.80619919]
 [  78.10949942  -25.84751312  -52.25629522]
 [ -20.94154855 -110.18832816  131.13952792]
 [   4.22834545   15.96618957  -20.18826362]
 [ -64.40756702 -138.47188101  202.88797327]
 [ -52.29317903   95.86583998  -43.56831735]
 [  57.69100977  147.64508726 -205.32648366]
 [   6.63358777   64.97670639  -71.59699434]
 [  14.234534   -120.23119946  106.00654829]
 [ -37.39824862  195.6585079  -158.25614645]
 [ -16.34695275  128.58276427 -112.2260198 ]
 [   6.67865103   52.98384011  -59.65555392]
 [   6.63874471   43.85744489  -50.4859613 ]
 [  21.70873532    3.71890647  -25.4201642 ]
 [  13.00916387  116.51463224 -129.51411406]
 [  -1.98336246  -23.87092842   25.86282326]
 [  27.61504046  -75.66993118   48.0656437 ]
 [  26.03104447  128.07663075 -154.10493114]
 [  58.33226846  -10.42530163  -47.89347058]
 [ -21.75270123    9.89477302   11.86999346]
 [  49.38851202  -16.54306267  -32.83600144]
 [  82.74855237  100.48791534 -183.23339247]
 [ -71.50925734  -63.6264461   135.15104438]
 [ -24.44566995  -22.64771513   47.10154969]
 [-113.78105544   65.95821698   47.82421231]
 [ -84.65977293 -267.27938658  351.93613698]
 [  36.95214958  -78.01775373   41.08074589]
 [  14.88916017   19.09540273  -33.99002316]
 [  25.47882202 -139.12973115  113.65491912]
 [  -0.56088465   54.33572492  -53.76519589]
 [  23.27739669  234.17520792 -257.45070623]
 [ 106.90478363  150.94495307 -257.84582854]
 [ -18.22501936  -23.21802765   41.44921147]
 [ -13.42192385   86.51479492  -73.08283013]
 [ -17.19287924   -6.73797677   23.9358626 ]
 [ -97.32779134 -160.00433965  257.33564796]
 [  15.01594037  -19.70264714    4.69512799]
 [  29.58875458  -86.10204177   56.51936297]
 [   6.15281044   -6.82994219    0.6829185 ]
 [ -31.00988319  -35.95245147   66.96930651]
 [  31.66303497    5.05791888  -36.7084144 ]
 [  -4.23558978   80.60216273  -76.36769611]
 [   2.27351386   26.39263257  -28.66431677]
 [ -51.21065334   97.79775309  -46.57791673]
 [ -11.25788783  133.99095844 -122.72281827]
 [ -25.52144331   58.03018856  -32.50211669]
 [ -88.0588794     2.96417111   85.10204207]
 [ -12.32149966   96.15185009  -83.81665026]
 [ -22.64744689  -84.17726445  106.82625329]
 [ -43.27470649  147.99131264 -104.70069107]
 [ -10.39539687  -31.25293683   41.65796636]
 [  28.55529206 -167.88952101  139.34816703]
 [   8.14234695   15.06190933  -23.18902816]
 [ -62.79801279   68.73652723   -5.93024022]
 [ -23.82367792  -50.57456497   74.41076984]
 [  17.46605935 -299.58121632  282.12590205]
 [ -30.32255566   38.47421178   -8.14464443]
 [  10.90836028 -117.38854913  106.47735188]
 [  59.45946078  236.80381538 -296.26003316]
 [ -11.62670356  -47.35043921   58.98872458]
 [   7.04112764 -125.93929173  118.90934778]
 [ -39.45275551 -315.23545061  354.69208586]
 [ -48.80762372   83.18924226  -34.37924631]
 [   7.61043739   48.99131368  -56.59236952]
 [  42.41834153  143.16914287 -185.5858709 ]
 [  32.93186843  -64.00564095   31.07710978]
 [  -2.76887167 -172.62735031  175.40204573]
 [ -38.39245444  -35.2494513    73.64544581]
 [  -9.28667425  -15.69555457   24.99104948]
 [ -30.63212703   -6.80105727   37.441213  ]
 [ 128.51784481 -153.20002203   24.67762679]
 [  41.34232772   22.19319527  -63.52577361]
 [  -6.67765674   87.79211122  -81.10533062]
 [  60.21587197  -84.86563186   24.65982557]
 [  10.7011493   -96.38478054   85.68912491]
 [  55.70495846   -4.27742422  -51.41417854]
 [  75.1432582    70.55857071 -145.70516291]
 [  17.01293844   93.73016442 -110.73576897]
 [ -25.37470609  -47.25422023   72.63403626]
 [ -38.71522366   78.05239436  -39.33073423]
 [  10.83703328  127.05415109 -137.88290997]
 [ -10.56629694   29.45015043  -18.8778284 ]
 [ -10.62733388  173.32850589 -162.70441021]
 [ -10.75480809  -21.71916166   32.48235268]
 [  60.60537574    2.84885907  -63.43999198]
 [ -23.64999303  -31.58400183   55.23648282]
 [ -17.30319567  -70.18634258   87.49747168]
 [ -12.51083809  -72.76675374   85.28758281]
 [  10.18933233  -11.47385148    1.29272999]
 [ -49.11136908    9.64452687   39.47374845]
 [-145.46015352  136.81041204    8.6490313 ]]