[[ 3.99304507e-01 -5.08358964e-01 -7.65272914e-01 -7.23440995e-01
   5.19439248e-01  8.52699187e-02 -2.54478103e-01 -2.31122386e-01
  -6.31491027e-01  5.54853984e-01 -8.86631049e-01  2.05047516e-01
   5.04442187e-01 -7.65259004e-01  2.16215641e-01 -5.58497234e-01
   5.87867847e-01  4.25736213e-01 -1.94667247e-01  4.92007927e-01
   3.09642909e-01 -8.90819043e-02  8.11302374e-01  5.95132645e-01
   2.72011032e-01 -4.61662965e-01 -5.44843411e-01  5.82214595e-01
   9.83218172e-01  4.00337626e-01  1.61738584e-01 -3.76559587e-01
  -9.30681853e-02 -1.29935566e-01  8.19151978e-02  5.94175517e-01
   1.29269600e-01 -9.71168599e-01  1.83663470e-01  5.91548268e-01
  -7.78097858e-01  5.44428517e-01 -9.33352320e-01  3.11208128e-01
  -9.09536295e-01  2.69094826e-01  7.57744301e-01 -5.85587007e-01
   5.50046403e-01  2.55250972e-01  4.70087915e-01 -5.43540342e-01
  -5.80555826e-01 -1.22668275e-01  4.19450451e-01 -6.25592757e-02
  -6.75340030e-01 -4.59479524e-01 -8.18562921e-01 -9.11488566e-01
  -9.61091695e-01 -3.07603865e-01  7.96341553e-01  2.98709575e-01
  -4.90027766e-01 -9.41362612e-01  1.25624018e-01 -9.47015610e-01
  -6.55658940e-01  7.32839694e-01  8.11315026e-01 -7.84080229e-01
   8.51417380e-01 -9.38739898e-01  3.35471350e-01  8.27099339e-01
   1.86108888e-01  3.81418393e-01  5.10991737e-02  6.95217984e-01
  -3.91164790e-01 -3.28672800e-02 -8.77754405e-01  5.96088556e-01
   4.92141430e-01 -2.54481033e-01  3.11526968e-01 -6.49595635e-01
   7.87966030e-01 -7.46806902e-01  2.01941912e-01 -9.67822033e-02
  -7.85646343e-01  5.40852034e-01 -6.32047323e-01  6.45032239e-01
   8.46042104e-01 -9.35213404e-01 -6.61495576e-01 -1.86891363e-01
   8.80757089e-01 -2.13150734e-01 -7.25162985e-01  8.14543168e-01
   6.70508341e-02 -2.27594163e-01 -1.03658677e-01 -4.05723475e-01
  -2.42742205e-01  7.00115875e-01 -1.11850095e-01  2.77967201e-01
  -7.50455457e-01  8.29683912e-01 -2.90405635e-01 -8.56365643e-02
  -7.94044748e-01  6.04711544e-01 -1.72044224e-01 -8.09884500e-01
  -5.36244363e-01  3.96189856e-01 -5.75139653e-01  4.69120945e-01
  -2.42148143e-01 -5.30371916e-01  1.36031645e-01 -8.30252386e-01
   6.64711459e-01 -4.58652645e-01  9.98187697e-01  5.92146970e-01
  -1.64351197e-01 -5.54994158e-01 -2.88219450e-01  4.61037692e-01
   2.60417872e-01 -9.22988017e-01  1.94974560e-01 -6.71364017e-01
  -8.71320621e-01 -9.05576635e-01 -7.49253806e-01  5.47701218e-01
   1.62705330e-01 -1.32563338e-01  2.30203279e-01 -8.85441460e-01
   3.94731166e-01  9.88737840e-01  9.32804286e-02  4.51932503e-01
  -8.81842831e-01  2.67677634e-01  7.58861741e-01 -5.36802060e-01
  -5.26376552e-01  6.95484712e-01 -4.69244781e-01 -7.35954456e-01
  -3.91692607e-01  9.88402978e-02  7.22832821e-01 -4.09548318e-01
   6.44159699e-01 -8.74676240e-01 -9.95278771e-01 -1.95594634e-01
   5.93991921e-01 -8.56172190e-01  6.28199795e-01 -9.07492003e-01
   4.08966826e-01  4.80003731e-01 -4.72437281e-01 -5.31726052e-01
   9.26802085e-02 -6.43918211e-01  6.14040884e-01  1.19592890e-01
   7.28050855e-01  8.56979459e-02  3.83167228e-01  7.01385098e-02
  -8.72537974e-02  1.92248660e-01 -8.51824607e-01 -6.29549869e-02
  -2.43499016e-01  1.91325138e-01 -3.29519796e-01  2.86423723e-01
   1.13714502e-01 -6.37925979e-01 -5.18522761e-01  1.21133416e-01
   8.91262657e-01  8.03192862e-01 -6.66435581e-01 -1.91430337e-01
  -6.82932686e-01 -3.72221262e-01 -6.61622489e-01  2.29431999e-01
  -4.25065148e-01  5.58381109e-01  5.55015184e-01 -1.34337870e-01
   8.58540146e-02 -2.68963784e-01 -4.61327008e-01  3.81792219e-01
   4.36450030e-01  4.57687079e-01  2.25422833e-01 -2.47210435e-01
  -6.13135659e-01 -4.93999632e-01  1.78914581e-01 -4.30048953e-01
   5.81991462e-01 -6.65324621e-01  1.70642418e-01  7.95451501e-01
   6.90620144e-01  3.10848375e-01 -6.84259432e-01  5.06953161e-01
   7.90099219e-01  3.86826092e-01  2.94471223e-01 -9.11673924e-01
  -2.44526109e-01  9.24065932e-01 -5.90040917e-01  5.05057746e-01
   7.71131135e-01  3.01015900e-01 -5.09688090e-01  7.88516810e-02
  -8.09624976e-01  6.70184736e-01  2.69084382e-01 -9.81634934e-01
   7.13655833e-01 -6.09361620e-01 -2.83123174e-01 -3.56243401e-01
  -7.31294372e-01  1.50799487e-01  7.34073934e-01  6.49877144e-01
  -7.44993181e-01  5.86208728e-01 -2.80671219e-01 -7.87192102e-01
   7.00273033e-01  1.31899024e-01  8.52775562e-02 -3.51536772e-01
   7.89765057e-01  2.00963241e-01 -2.21378321e-01 -3.95216241e-01
   7.86899376e-01 -7.96202588e-01  7.75855491e-01  1.12184226e-01
   1.93054997e-01 -8.54581377e-01  4.86394919e-01  3.17666160e-01
  -4.32696510e-01 -6.15043544e-01 -7.48170440e-01  4.21111333e-01
  -3.61417445e-01 -3.52485204e-01 -4.28625420e-01  8.28243443e-01
   5.82716980e-01  1.50161265e-01  5.09114752e-01  4.46857054e-01
   7.91225012e-02  6.13936985e-01 -8.78139964e-02  7.52157781e-01
  -7.31553775e-01 -5.75101634e-01  3.61542980e-01 -3.32938354e-02
   8.48161324e-01 -9.17590799e-01 -9.01000887e-01  2.48796673e-01
  -8.32015553e-01 -1.02713328e-01 -1.99257360e-01 -4.40018544e-01
   7.07649514e-01 -1.66964656e-01  6.41352737e-01  5.48832099e-01
   7.68671137e-02  6.61080555e-01 -8.51248438e-01 -1.74524691e-01
   8.77641886e-01  5.21144103e-02  6.50504207e-01  1.70119723e-01
  -9.20045884e-01  8.04253077e-01 -5.17743564e-02  8.58215386e-01
   1.45631460e-01 -8.13151873e-01 -6.24331583e-01  3.37967708e-01
   4.73826774e-01 -2.02962326e-01 -2.66032175e-01  2.99599598e-01
  -1.88968023e-01  8.09492782e-01  5.47164889e-01 -1.08525807e-01
   1.73549558e-01  7.24266111e-01 -4.56217677e-01 -9.66172057e-01
  -5.24784410e-01 -2.04763886e-01  1.54435202e-01 -2.17760512e-01
  -8.59887454e-01 -1.30398635e-01  8.54676577e-01 -1.74370018e-01
   9.22361028e-01 -2.95589844e-01 -1.49672732e-01 -8.88649858e-02
  -1.09776591e-01  3.19881522e-01  2.39584244e-01  2.07935712e-01
   8.36806830e-01 -1.96653243e-02 -5.85179983e-01  8.50446728e-01
  -6.64626169e-01 -6.44726139e-01 -1.45496845e-01  2.70040643e-01
  -5.85278521e-01 -8.48563468e-01  3.13484738e-01  2.16607701e-01
   6.10060956e-01 -8.86665026e-01  7.39742852e-01  8.85635484e-02
   2.84060409e-01 -9.82108433e-01 -8.81188139e-01 -5.60545966e-01
  -3.86441880e-01 -3.32383049e-01  9.29795613e-02  5.90079169e-01
  -2.38406846e-01  9.81401398e-01 -5.07938579e-01  1.86788304e-01
  -2.00923944e-01 -8.34096569e-01 -3.38337852e-01 -1.67401909e-01
   2.56841216e-01 -5.42375353e-01  8.31350433e-01 -5.42188472e-01
  -4.39042475e-01  9.65474358e-01  3.64648928e-01 -8.79976537e-01
  -3.31432116e-01  2.96857310e-01  8.75666113e-01 -6.23975016e-01
  -7.08468937e-01 -6.42466464e-01 -7.43886827e-01 -6.20485211e-01
   9.59050384e-01 -4.89855982e-01 -6.66955833e-01  7.18855619e-01]
 [ 4.50911129e-01 -4.74627986e-01 -7.96347076e-01  8.17730436e-01
   4.78915155e-01  7.81758097e-01  3.82500603e-01 -1.18780752e-01
  -9.78020288e-01  2.29121960e-01  3.56941485e-01  1.40698901e-01
   4.71691057e-01  2.03777559e-01  4.13755988e-01 -4.62219689e-01
  -1.77771810e-01  2.18552348e-01  3.74262719e-01 -1.38381425e-01
  -4.08893907e-01 -2.05350374e-02  6.68715170e-01 -6.61717178e-01
   7.94285369e-02 -3.62523301e-01  8.52081659e-01 -4.15024392e-01
   1.56488523e-02  3.49333168e-01  3.91593858e-01  9.46146027e-01
  -4.97734298e-01  1.39931199e-01 -7.33303935e-01 -5.22280564e-01
   2.98109061e-01 -4.02474439e-01  9.59363473e-01 -4.07432193e-01
   7.27332229e-01  8.53174987e-01 -5.56809619e-01  6.37624557e-01
  -4.71922910e-01  1.10682354e-01 -4.05019826e-01 -2.41724683e-01
   5.69787999e-01 -3.81390624e-01  4.62173993e-02 -8.76907029e-01
   4.30454352e-01  5.63632830e-01  8.57284085e-01  9.01718434e-01
   4.13898348e-01 -3.03144072e-01 -7.81468937e-01  5.38826868e-01
   9.40791149e-01  9.91304289e-01 -6.80442099e-01  4.46238255e-01
   1.95011604e-01 -9.53209207e-01  4.90742516e-01  2.23584744e-01
  -6.40990036e-01  9.60380992e-01  2.09782817e-01  4.47026822e-01
   2.58032616e-01  4.47374698e-01  4.71492818e-01  2.64045474e-01
  -3.76485210e-01  5.27116272e-01 -7.68788184e-02 -5.01406457e-01
  -8.51278511e-01  4.57246243e-01 -1.60819573e-02 -4.98380046e-02
   2.48128090e-02  1.32411621e-01 -1.33254929e-01  6.25843054e-01
   4.98215783e-01 -7.13611214e-01  9.43211006e-01  7.24175812e-01
  -1.00881415e-03 -2.80412939e-01  9.83273186e-01  6.35375411e-01
   8.14701224e-01 -1.25499241e-01  1.15537759e-01  5.33855661e-01
  -7.04874415e-01  2.93283051e-01  7.16195018e-01 -4.76160801e-01
   6.27883777e-01 -3.27974436e-02  2.02301590e-01 -8.86018604e-01
  -3.43571999e-01 -2.02690926e-01 -6.72092696e-01 -2.37399457e-01
   4.98916742e-01  5.98586262e-01 -3.01048695e-01 -9.92039788e-01
   3.60664127e-01 -2.10137419e-01 -8.54481348e-02 -7.64786998e-01
   2.12298121e-01 -3.94282614e-01  2.85590097e-01 -6.27966621e-01
   2.80903151e-01 -5.76651458e-01 -6.09177869e-01 -6.06898592e-01
  -4.28270603e-01 -1.50592695e-01  8.18556143e-01 -1.52510580e-01
   9.91302906e-01  6.12886481e-01  5.07297597e-01 -3.61826332e-01
   8.54749581e-01  3.78238339e-01 -6.52427797e-01  8.72847793e-01
  -9.56988187e-01 -1.23529997e-01 -7.85187145e-01 -9.16933226e-01
   4.09970766e-01 -5.13768399e-01 -7.34160857e-02  2.50310115e-01
  -4.20890334e-01 -9.85068905e-01  6.68862991e-01 -2.41000250e-01
   1.24418981e-01  4.54704798e-01  4.08480604e-01  3.57098993e-01
   3.50934230e-01 -1.85258032e-01 -6.33004846e-01  9.96627245e-01
   2.54598714e-01 -2.32823801e-01  5.80456192e-01 -3.70097159e-01
  -5.22563510e-01 -6.56010848e-01 -7.87533474e-01 -1.82084403e-01
   6.89925741e-02 -7.15072195e-01  7.26362030e-01  7.57693077e-01
  -6.32508207e-02 -7.96947994e-01  2.54816150e-01 -8.97970308e-01
  -1.41889711e-01 -3.07960955e-01 -2.83020947e-01  7.74772498e-01
   6.27407510e-01  6.81039477e-01 -5.73719266e-01 -6.29570556e-01
  -5.98397321e-02  9.51043103e-01  3.76352779e-01  5.58700369e-01
   6.15117329e-01  7.54689707e-01 -1.43937956e-01  5.51558385e-01
   9.19809666e-01 -5.11055890e-01 -5.43846917e-01 -6.73543522e-01
  -4.04390426e-01  5.86290301e-01 -3.78857003e-01  9.24211780e-01
   1.30964759e-01 -6.91797354e-01  2.19758245e-01 -3.91065676e-01
  -3.70280864e-01 -5.10712158e-01  9.48893898e-01 -8.36756247e-01
   5.35653606e-01  6.20371174e-01 -1.17168762e-01 -7.56596165e-01
  -9.61082744e-01  5.52288802e-01 -5.08178369e-01  4.17530560e-01
  -8.13341262e-01 -2.05717895e-01  5.77901405e-01  7.27977984e-01
  -6.87693483e-01  6.72917717e-01 -7.47557950e-01  3.41388991e-01
  -3.91328176e-01 -2.32702376e-01 -2.12453555e-01 -2.93037740e-01
   6.27828483e-02  3.40702270e-01 -6.42785395e-01 -4.92096952e-01
  -7.56392812e-01  9.32453305e-01  1.95206606e-01 -1.02797835e-01
  -6.85928114e-01  4.41154035e-01 -1.28675010e-01  5.98854806e-01
   8.99583386e-02  9.60461998e-01  3.38723050e-01  5.43858461e-01
   5.57537877e-01  7.19633795e-01  1.03878479e-01  6.83836609e-01
  -9.61575520e-01 -4.08434243e-01  9.67259918e-01  8.11729361e-01
   4.71327923e-01  4.51100297e-01 -3.10188281e-01  5.27988381e-01
   1.38463359e-01  3.17693748e-01 -9.15985920e-03  5.56667391e-01
  -8.77409632e-01 -2.30261784e-01 -6.25889551e-02  4.46911398e-01
   1.78511901e-02 -1.52978623e-01  7.77886322e-01  3.44601981e-01
  -4.70115401e-01 -9.97008576e-02  6.73642678e-02 -5.85422153e-01
   6.51560337e-01  8.57325285e-01 -7.74405563e-03 -3.31773798e-01
   9.45119166e-01 -1.26811602e-01  5.55004379e-01 -4.50871808e-01
  -1.94456425e-01 -7.15765204e-01  6.32851929e-01 -2.78158260e-01
  -5.22549416e-01 -3.87475750e-01  6.27372861e-01  9.65072033e-01
  -8.22404361e-01 -2.02526678e-01  9.28905292e-01 -4.61181195e-01
  -8.11352785e-01  6.91763956e-01  7.33944303e-01  3.84329483e-01
  -9.11934342e-01 -1.24072576e-01 -5.23411472e-01 -6.37165230e-01
  -7.38940460e-01  9.44846199e-01 -9.54616960e-02  5.65883977e-01
   4.90353188e-02  7.08394122e-02 -3.88737017e-01  5.29065713e-01
   7.21710960e-01 -1.83347738e-01 -8.34606539e-02  1.32404310e-01
   5.22748767e-01  9.24144639e-02 -4.45245598e-01 -2.49432396e-01
  -4.14295396e-01  4.58111148e-01  9.94944376e-01 -7.44379210e-01
  -5.65206529e-01  4.42563464e-01 -3.36332841e-02  8.65754127e-01
  -6.69933182e-01  7.99996348e-01 -6.43494569e-02 -5.11210090e-01
  -4.27607335e-01 -9.54898224e-01 -1.62187964e-01 -1.46576765e-01
  -5.53356857e-01 -9.16457141e-01 -4.56537044e-01 -4.33324451e-02
   5.17151283e-01 -3.74660145e-01 -6.18493403e-02  4.36948436e-01
  -1.93174059e-01 -7.28707385e-01 -4.82028280e-02  2.96393619e-02
   2.47816560e-02  5.90386289e-01 -5.21247938e-01  7.73692993e-01
   1.76832363e-02  6.49793144e-01 -5.74102903e-01  8.06339304e-01
   4.74931577e-01 -3.95263218e-01  2.75203441e-01  8.28886805e-01
  -9.20820885e-01 -7.05164033e-01 -6.29414199e-01  8.91039041e-01
   3.54469247e-01 -1.95993459e-01  7.47084544e-01 -3.98124458e-02
  -6.47888338e-01  7.89058528e-01  1.51587519e-01 -8.36168551e-02
   4.04543866e-01  8.27134812e-01 -4.39604857e-01 -9.91045701e-01
  -9.75052100e-01  4.26569115e-02  7.14284801e-02  9.48686021e-01
   7.52567757e-01 -8.88756434e-01  8.95355970e-01 -4.43987776e-01
   8.77226147e-01  1.27340343e-01 -8.72404732e-01 -3.62783065e-01
  -6.44278379e-01  5.58776150e-01 -7.96237046e-01  6.05866097e-01
   6.64948472e-01 -7.46514690e-01  8.88289787e-01 -5.05453801e-03
  -5.73696027e-01 -3.85179688e-01  4.36603526e-01 -7.53499901e-01
  -5.93569815e-01 -5.37390968e-02 -6.38986344e-01  1.11960049e-01]
 [ 4.37894389e-01  3.21655120e-01  1.02028484e-01  6.84763345e-01
   3.93572279e-01 -3.96667959e-03 -1.40731572e-02  9.87790693e-02
  -5.41432092e-01  1.31590841e-01  7.14601957e-01 -2.09430140e-01
   3.22970311e-01 -1.47723260e-01 -4.53151594e-01 -7.50295706e-01
  -3.56061730e-01  2.37436981e-01  7.47543335e-01 -4.72311932e-01
  -2.61783027e-02 -4.60925341e-01 -7.46847351e-01 -5.80489719e-01
  -8.58507887e-01  9.06596149e-01  4.33547509e-03  3.62673125e-02
  -9.62373696e-01 -3.55717692e-01 -3.99158770e-01  9.73657670e-01
   7.96607322e-01 -3.82960736e-01  7.98545018e-01  7.58038225e-01
  -4.18205526e-01  3.37405891e-01  3.73576392e-02  1.57054510e-02
  -1.80438534e-01  8.29852064e-01  2.82728081e-01  4.31930451e-01
  -5.37013852e-01  4.33795871e-01 -3.06043963e-01 -2.03128398e-01
  -7.56815465e-01 -4.93718070e-01 -5.68732240e-02 -7.99902462e-01
  -6.71159857e-01  4.33165883e-01  6.34202618e-01 -9.50684700e-01
   2.96693944e-01 -1.57050226e-01  9.53688160e-01 -1.15758484e-01
   7.30143891e-01 -5.13292582e-02 -8.14934047e-01  5.92701275e-01
   2.61949677e-01 -1.71162597e-01  9.11606132e-02 -5.92104892e-01
  -2.82032092e-01  8.41579497e-01 -9.72797295e-01  5.32358935e-01
   2.55222711e-01  1.38305108e-01  4.76508971e-01 -2.71663842e-02
  -6.66410489e-01 -9.90718312e-01  6.59444710e-01 -3.24838035e-01
   3.37653520e-01  8.91462893e-01 -3.13962635e-01 -3.64967045e-01
   4.91507968e-01 -1.58692333e-01 -2.61217369e-01  9.14558282e-01
  -7.29984937e-01 -6.01497912e-01  2.15583439e-02  7.55331917e-01
   8.73895389e-02 -3.04712362e-01 -2.56360360e-01  8.05414126e-02
   4.85350967e-01  5.57366667e-01  4.41397358e-01 -4.48100091e-01
   7.44841662e-01  8.53804181e-01  9.06979494e-01  6.36166708e-01
  -7.19087300e-01 -4.38278447e-01 -5.75526506e-01  2.54799373e-01
  -8.97508171e-02 -8.12244497e-01 -4.16313579e-01 -7.27216655e-02
   1.33889856e-01  3.82701772e-01  5.79832426e-01  1.77784222e-01
  -1.96569601e-01  4.43888521e-01  1.78445552e-01 -8.61559303e-01
   1.49467218e-01  9.51273459e-01  5.32171658e-01  7.29530523e-01
   6.68395283e-01  2.35406246e-01 -9.95998546e-01  5.74871970e-01
   1.86909349e-01  6.29904663e-02 -8.73960842e-01 -1.89527699e-01
   7.52257935e-01  1.89072554e-01  8.20660431e-01 -3.01418376e-01
  -5.41183544e-01  3.36656601e-01  2.06741925e-01 -3.88869383e-01
  -7.74612866e-01 -8.13688917e-01  8.55297058e-01  6.36245428e-01
   1.74244083e-01 -7.01492319e-02 -4.42995435e-01 -8.38304832e-01
   3.26910084e-01 -6.60507694e-01  6.32542056e-01  6.18788185e-01
   7.26223457e-01  2.80592114e-01  1.37902134e-01  8.55169277e-01
   6.34548141e-01 -6.20871654e-01  2.53549481e-01  1.65836881e-01
   4.26320212e-01  3.74672571e-01 -6.20473898e-01  7.71911306e-01
   5.66967246e-02 -8.06611113e-01 -3.76623742e-01 -4.90251538e-01
  -1.65525655e-01  5.28493436e-01  4.20699508e-02  9.25362152e-01
  -9.18736518e-01  5.02219497e-01 -1.74592012e-01  6.34667055e-01
   2.75048447e-01  4.20894999e-01  1.30282620e-01  5.85707656e-01
  -6.39533296e-01 -7.35064533e-01 -6.09241204e-01  3.12390606e-01
  -8.15603185e-01  8.24306062e-01  2.09579538e-01 -9.19636505e-01
   3.45382915e-01 -2.68748686e-02 -5.31526395e-01 -7.47835011e-01
   6.89479532e-01 -3.71112905e-02  9.77199158e-01  6.12621470e-01
   5.50659062e-01 -2.96227917e-01  6.55546568e-01  8.53235639e-01
  -2.80837470e-03 -4.99171621e-01  2.21394868e-01 -5.91604464e-01
   1.89921083e-01 -1.20025006e-01 -1.42324259e-01 -3.48309672e-01
  -2.32531791e-01 -8.88325023e-02 -9.31175248e-01 -4.31254250e-01
  -3.03616552e-01 -7.35146869e-02 -9.13210823e-02 -3.89135658e-01
   2.82682720e-01 -3.29807727e-01  7.00403348e-01 -7.04806940e-01
   1.04142824e-01 -8.48040094e-01  7.52888561e-01 -5.07335025e-01
  -7.06716956e-01  6.28412688e-01 -4.88722413e-01 -4.31959984e-01
  -6.08924919e-01  9.24915659e-01  6.34763957e-01  3.84036852e-01
   8.20130818e-01 -3.23598469e-01  9.81830543e-01  3.00581715e-01
   6.93845299e-01  4.56144358e-01  1.21525569e-01 -2.71512268e-02
   4.19364172e-01 -3.29945876e-01 -9.98239602e-01  1.72070280e-01
  -5.18348852e-02  4.83617389e-01  7.38566094e-01  1.15598820e-01
   8.44434819e-01  4.73861403e-01 -3.06494145e-01  3.77759720e-01
   2.67208374e-01 -5.23207023e-01 -8.03266723e-01 -5.51614948e-01
  -5.64741382e-01  3.61923398e-02  7.77379842e-01 -4.12161728e-01
   3.74982386e-01  9.03729378e-01 -3.67946676e-01  4.47260694e-01
   9.22218925e-04  2.79906906e-02  8.71933979e-01  4.45187227e-02
   6.54447645e-01  1.50998609e-01  3.61348896e-01 -5.13531781e-01
  -8.54782838e-02  6.79189244e-01  5.11715611e-01  9.94701188e-01
  -7.65011196e-01 -3.29316115e-02 -5.88982850e-01  3.62767871e-01
   5.59281190e-01 -5.36558346e-01  9.27737442e-01  7.79616478e-01
  -7.11766029e-01  8.32204741e-01  4.87623426e-01 -4.44993905e-01
   3.75701208e-01 -2.02778536e-01 -2.70866068e-01  9.79607312e-01
  -9.34234756e-01 -1.96364762e-01  3.31584391e-01 -6.07368283e-01
   8.89580858e-01 -8.06724461e-01 -4.03154250e-01 -8.02038068e-01
  -4.08092251e-01  8.73064580e-01  2.24131196e-01 -1.76612997e-02
   7.32165281e-01  6.07793583e-01 -3.02105539e-02  1.37854124e-01
   3.26290067e-01 -5.70015951e-01 -3.51425314e-01  6.48753812e-01
   3.59340257e-01 -2.29698618e-01 -5.37781028e-01  4.92351498e-01
   1.66111633e-01 -4.03923262e-01 -9.97789362e-01  6.47630058e-01
  -1.72790469e-01 -5.46495721e-01  3.10406243e-01 -2.24724175e-01
   2.31995942e-01  5.58927183e-01 -5.28671900e-01 -6.09046082e-01
  -1.08123165e-01  2.22835625e-01  7.67016162e-01 -3.00033167e-02
  -1.44517668e-01 -6.57697185e-01 -1.14788975e-01  4.63985225e-01
   6.22426665e-01  4.53667122e-02 -6.43123279e-01  1.23829525e-02
  -4.83385659e-01  8.61616299e-01 -8.98618771e-01 -7.88781813e-01
   8.46443291e-01 -1.28237017e-01 -7.42856781e-01 -5.82533469e-02
   2.27205729e-01  3.07842553e-01  4.18407011e-01  2.84307345e-01
  -3.73018080e-01 -1.36442318e-01 -8.77513324e-01  8.05663333e-01
  -3.25943653e-01 -6.19689928e-01  5.37995234e-01 -4.25534374e-01
   9.04930867e-01  3.32761576e-01  6.33009813e-01 -8.32855711e-01
   2.08008613e-01 -2.28206928e-01 -8.20208923e-01  9.61149783e-01
  -1.09322018e-01 -1.28878466e-01 -3.15206520e-01  6.40004036e-01
   7.16328055e-01 -7.87256913e-01 -3.50492723e-01  7.85301683e-01
  -2.04108410e-01 -5.19613449e-01  9.32600772e-01  9.49492398e-01
   2.14669133e-02  6.87224349e-01 -6.06475163e-01 -6.47512087e-01
   1.83304552e-01  9.41813618e-01 -4.95353965e-01  4.38189376e-01
  -5.46688582e-01 -9.74813947e-01  2.53452694e-01 -5.64243680e-01
  -9.73364453e-01 -7.34545241e-02  5.59578292e-01  9.09122683e-01
   8.13258019e-01 -4.78912285e-01 -8.66319807e-01  4.43185080e-01]
 [-9.09433753e-01 -1.13109882e-02 -1.91265430e-01 -3.13781699e-01
   1.05558405e-01 -6.09484547e-01  4.53328179e-01  5.16072546e-01
   7.46237087e-01  7.24054733e-01 -2.55378056e-01  1.69798958e-01
  -3.20982291e-01 -1.67579921e-01 -4.57397065e-01  9.59124259e-01
   1.48766385e-01 -5.36120309e-01  6.23871719e-02  9.75881739e-01
  -8.15404898e-01 -7.72619203e-01 -9.65351807e-02  2.51522887e-01
  -4.08891959e-01 -5.16609072e-01  8.65729354e-01 -7.37311871e-01
  -6.56684510e-01 -2.37591950e-01  7.82681745e-01 -1.22233542e-01
  -5.35481690e-01 -8.88679694e-01  1.86794177e-01  6.31618089e-01
   3.28827205e-01  5.66386153e-01  1.25188124e-01  4.16631325e-01
   7.96073828e-01 -3.15149420e-01 -8.08687337e-02  6.87341123e-02
  -8.37506864e-01  6.66222109e-01 -4.58343372e-01  6.46773800e-01
  -1.92090777e-01  1.24007628e-01 -9.15672184e-01 -6.59238849e-01
   7.99585373e-01 -7.69765624e-01  8.63222835e-01 -1.72002777e-01
  -4.38823208e-01  2.82184230e-01 -9.56458838e-01 -6.82446350e-01
  -7.98235461e-01  5.54189974e-01  8.41223312e-01 -1.84809042e-02
  -5.57784025e-01 -3.76271537e-01  7.58315167e-01 -2.85626661e-01
   3.03759181e-01 -3.49637700e-01  5.78811887e-01 -4.30041254e-01
  -7.45329049e-01 -6.25011076e-01  6.81835080e-01 -4.32484758e-01
  -3.46575303e-01  6.83215322e-01  9.41863357e-01 -5.65319637e-02
  -4.71509292e-01  1.42931185e-01 -9.94543346e-01 -6.87138064e-01
  -8.85340536e-01 -5.03775057e-01  3.39298535e-01 -6.08154547e-01
   8.72520026e-01 -8.13722288e-01  6.93676752e-01 -8.06560647e-01
   7.72727353e-01 -9.65769088e-01 -7.83284645e-01  6.92031554e-01
  -9.82386343e-01  3.57022114e-01 -6.43124563e-01  7.48057235e-01
  -6.06882425e-01  1.55934615e-01  2.60984387e-01 -9.00173265e-01
  -7.41887388e-01  1.78392338e-01 -3.69480365e-01  7.71601158e-01
   7.89334741e-01 -9.34065048e-01 -6.86720931e-02  3.28678623e-01
  -5.70084903e-01 -7.66607727e-01 -7.37024478e-01 -9.63310259e-01
  -2.21627470e-01  5.08241960e-01  9.28936262e-01  2.80452113e-03
   4.34331977e-02  5.42600177e-01 -2.71046348e-01  6.14014994e-01
   8.46695540e-01 -7.87419416e-01 -4.00031350e-04 -3.39926307e-01
   1.68643727e-01 -5.41269216e-02 -7.89273919e-01 -1.75998496e-01
   9.57607812e-01 -3.87143375e-01 -9.76275610e-01  3.52731713e-01
  -1.34852850e-01  4.06527793e-01  9.28511955e-01 -6.82733794e-01
   3.00180895e-01  6.40971756e-01 -5.97573088e-01 -9.88966011e-02
  -6.49693013e-01 -6.74590333e-01 -8.94233835e-01  6.75005339e-01
  -8.42286216e-01  5.55988370e-01  7.16620626e-01 -9.93691822e-01
   1.59608396e-01 -7.51613576e-01  9.81707737e-01  6.83457250e-01
  -6.40617970e-01  6.00542698e-01  6.23554412e-01 -7.31477128e-01
   3.57083853e-01 -1.79555339e-01 -8.93919440e-01 -1.66317218e-01
  -9.30228178e-01 -2.27119496e-01  2.68435838e-01 -6.32181769e-02
   5.49518462e-01 -2.96685462e-01 -2.82680190e-01  9.13453517e-01
  -9.20983233e-01  4.29247255e-01 -2.35994915e-01 -7.22784053e-01
   8.48428425e-02  2.34647014e-01 -9.57329907e-01 -7.29214810e-01
   5.81958872e-01 -4.33921281e-02  1.04144727e-01  2.48286007e-01
  -5.32189104e-01  3.41814533e-01 -1.71226426e-01  3.20968031e-01
  -2.50892806e-01 -6.61140183e-01  7.68359135e-01  7.38200337e-01
  -5.90196544e-01 -2.17093101e-02 -7.86046209e-01  9.38021849e-01
   5.39779066e-01 -9.79480027e-01  4.73644170e-01 -9.14653974e-01
  -8.34573639e-01  1.40280243e-01 -5.37486088e-01  9.89029595e-01
   9.58719009e-01  8.78889814e-01  6.67515036e-01  7.70673100e-01
  -4.88748612e-01 -6.77499111e-01  6.15917985e-01  1.18594318e-01
   6.75784795e-01 -1.96555082e-02 -9.61404542e-01 -6.17003126e-01
   3.48104826e-01 -5.07891671e-01 -8.46601042e-02 -7.90650499e-01
   6.72934688e-01 -3.04610641e-01  2.01386281e-01 -9.04066625e-01
   8.81259094e-01  6.40397294e-01  1.31897056e-01 -8.69474064e-01
  -5.61725868e-01 -1.59677879e-01  4.33457919e-01 -9.83388817e-01
   9.76569595e-01  1.77441853e-01  7.07241576e-01  8.89049879e-01
  -7.96358751e-01 -1.86439012e-01  4.85410406e-01  4.17102263e-01
   4.56530896e-01 -5.52513007e-01  4.05763130e-01 -4.01012162e-01
  -1.88721646e-01  4.88928976e-02 -9.34578836e-01 -7.86597740e-01
  -6.51890000e-01  3.62926189e-01  4.56053291e-02 -1.22534759e-01
  -5.59802201e-01 -8.15330311e-01 -2.67939465e-01 -3.35399710e-01
   9.74059811e-01  5.55201804e-01  8.45825869e-02  6.77024534e-01
   8.95051540e-01  3.98652577e-01 -5.09305626e-01  1.13421608e-01
   1.39538819e-01  4.58287702e-01 -4.45082367e-01  8.49535846e-03
  -4.58811292e-02  2.79764281e-01  4.43944638e-02 -2.26084958e-01
   4.85129655e-01  2.14622189e-01 -1.27098535e-01 -6.45040595e-01
  -6.82487535e-01  2.37566397e-01 -7.19637564e-01 -3.66159021e-01
  -9.22716365e-01 -5.08630343e-01  1.70505139e-01  3.12388968e-01
   7.51328153e-01 -3.27232040e-01  8.84339486e-01 -9.85539184e-01
  -7.43838418e-02 -7.78890166e-01  8.49361856e-01 -8.33739389e-01
  -5.96184116e-01  6.12713846e-01  4.92957019e-01  1.30694190e-01
  -4.66774048e-02 -9.45543346e-01 -2.37568417e-01  4.36530711e-01
   8.48625315e-01  2.36974237e-01 -6.05890277e-01 -5.26827551e-02
   5.72923326e-01  2.97681591e-01 -2.26877070e-01  7.06413565e-01
  -2.63189381e-01  2.16132320e-01 -1.21784598e-01  6.92318533e-01
   2.64329801e-02 -2.49318491e-01  2.36554721e-01  5.59106666e-01
   4.21539329e-01 -6.41351838e-01 -7.39376544e-01  8.21769789e-01
   9.71954112e-02  5.01673138e-01 -1.84886095e-01  4.88813071e-01
   8.02281326e-01  4.80438733e-01  3.12098765e-02 -8.89944048e-01
   2.42551854e-01 -2.52906592e-02 -9.33691764e-01 -2.44603073e-01
   5.45862915e-01 -6.23456438e-01  1.28533583e-01  1.77381441e-02
  -1.58873385e-01  6.80537427e-01  2.81724072e-01  6.15552299e-01
  -4.92527155e-01 -7.83440459e-01  4.85427843e-03  9.75264690e-01
  -5.49797695e-01 -7.46663561e-01  8.15733897e-01  1.49241611e-02
   1.93788246e-01 -2.11973109e-01  9.52868151e-02 -5.77262269e-01
   5.07854487e-01 -5.78698011e-01 -3.52082629e-01 -4.84136066e-01
   9.20031074e-01 -3.26367030e-01  5.22767321e-01 -7.05108451e-01
   2.42654328e-01  9.85151580e-01  4.96243465e-01 -5.17082918e-01
  -9.68277561e-01 -1.33917821e-01  2.25391277e-01  5.96649071e-01
  -1.15442236e-01 -3.89007513e-01 -7.83964579e-01  3.82735544e-01
   5.58813641e-01 -5.74242714e-01  4.76304984e-01 -7.59099026e-01
   4.07124100e-01 -3.16043611e-01  7.73239957e-01  4.10481906e-01
  -5.94315331e-01 -3.87811750e-01  6.42434411e-01  3.17936129e-01
  -8.34201635e-01  1.04880470e-01  6.63373657e-01  5.01160971e-01
   4.45517814e-02  4.90907453e-01  4.78474759e-01 -5.32544278e-01
  -9.92711374e-01  3.42191090e-01  2.02523283e-01 -9.72650240e-03
  -3.25208142e-01  9.56516872e-01  7.24538881e-01  1.36375508e-02]
 [ 1.58583059e-01 -9.52704722e-02  5.04811520e-01  8.75544500e-01
   1.81127830e-01 -7.54097129e-01  7.63306861e-02  6.70698873e-02
   7.18002201e-01 -5.01097198e-01 -5.08441213e-01 -3.71688017e-01
  -9.57803022e-01 -9.25676129e-01 -1.53199203e-01  3.94239624e-01
   9.00910542e-01  8.17120008e-01 -3.55312195e-01 -7.34308083e-02
   7.52084478e-01  3.56464295e-02  8.76708316e-01  7.84317939e-01
   5.60861115e-01 -6.99544407e-01 -7.45679568e-01  2.76519961e-01
  -9.83274288e-02  1.36368301e-01 -1.50640828e-01  3.69180885e-01
  -4.56616695e-01 -5.71530659e-01 -1.72981579e-01  1.70527283e-01
   7.18743415e-01 -5.82460446e-01  6.38235031e-01 -8.24345530e-01
   8.76311856e-01  3.08656970e-02 -4.01154537e-01 -1.63879661e-01
   7.00051198e-01  1.71997969e-02  8.45325944e-01 -2.11026678e-01
   1.80453610e-01  1.87682089e-01  9.22420326e-01  5.59370826e-01
   4.31635149e-02 -6.76871285e-01  3.69030817e-01  7.48420619e-01
  -7.51901766e-01  7.58077983e-01 -5.49460225e-01 -3.11129119e-01
   6.03066604e-01  3.70154129e-01  7.08068399e-01  4.65949916e-01
  -4.90378438e-01  4.75678425e-01 -3.26007108e-01  4.66720609e-01
   8.25064983e-01  7.74239655e-01 -6.67828821e-01  5.19816691e-01
   9.09699979e-01 -2.90450762e-01  6.13748114e-02  9.90783778e-01
   1.62992555e-01 -3.19665584e-01 -7.79496040e-01  9.25505434e-01
   3.97693202e-01 -5.92072823e-01  2.85994480e-01  8.80285961e-01
   5.95515387e-01 -4.68668954e-01  4.73039333e-01  3.82439126e-01
  -5.35289020e-01 -5.45924553e-01 -7.24109928e-01 -1.49994274e-01
  -9.86635878e-02  9.23654797e-01  5.45234833e-01  6.73886019e-01
   9.52658586e-01  3.59355564e-01  8.71132547e-01  1.71352717e-01
   1.72751838e-02 -4.52547409e-01 -9.46094774e-01  3.28419828e-01
   3.59154928e-01  4.69742986e-01 -6.83367935e-01 -7.13690670e-01
  -5.49817446e-01 -1.53415503e-01  3.07152615e-01 -9.58289384e-01
   5.65250715e-01 -8.30543535e-01 -6.71326793e-01 -6.71434354e-03
   1.22126112e-03 -3.29588492e-01 -1.58961486e-01  1.57499729e-01
   8.44860677e-01  7.34946529e-01  5.34499148e-02 -6.80233856e-01
  -7.96278372e-01  4.23667673e-01  3.69313993e-01 -4.08613529e-01
  -9.96778379e-01  5.43268055e-01 -8.50700876e-01  9.68093621e-01
   7.10551940e-01  6.48075031e-02  8.95342132e-01  5.15833802e-01
   6.88117435e-01 -4.29311917e-02 -3.51574737e-01  1.10854776e-01
  -5.86139934e-01  1.05602665e-01 -2.60448732e-01 -1.82650610e-01
  -1.84579707e-01  2.34045753e-01 -5.95255996e-01 -8.05173527e-01
  -9.41708430e-01  9.03260770e-02 -2.52459929e-01 -2.00963018e-01
   4.40940051e-01  3.84238374e-02  7.16049328e-02 -1.99821380e-01
  -6.32961183e-01  6.01023770e-01  7.46674578e-01 -2.61578746e-01
  -4.08128343e-01 -4.27753253e-01  2.24273706e-01 -5.54638934e-01
  -1.03128454e-01  2.19318160e-01  5.94070263e-01 -3.99734376e-01
  -6.88711015e-01 -9.29154453e-01 -1.26952139e-01 -8.81646561e-01
   8.67270655e-01 -2.05045694e-01 -7.30593033e-01 -9.34232476e-01
   2.36104167e-01  7.51103389e-01  4.80234964e-01  4.04186416e-02
   5.66513939e-01 -7.02119458e-01 -8.22195418e-01  9.11083737e-01
   9.33924717e-01 -5.86403838e-02  1.20560163e-01  3.97064326e-01
   3.66508354e-01 -6.70646306e-01 -8.47137184e-01 -9.59043468e-01
   3.05573051e-01 -9.91007662e-01  4.68861203e-02  2.19937953e-01
   7.26215654e-01 -4.38212806e-02  4.54042572e-01  7.36794359e-02
  -7.70869999e-01 -4.34266280e-01  6.97359962e-01 -9.22834617e-01
  -6.86818533e-01 -3.83164062e-01 -4.62951221e-01 -1.61367271e-01
  -8.64578897e-01  1.83296932e-01 -7.66338233e-01  6.10002756e-01
  -5.36739517e-01  5.12964810e-02 -8.59457626e-01  4.95244814e-01
   2.14197973e-01  9.94941695e-02 -7.59306330e-01 -2.81763220e-01
  -4.25625866e-01 -6.42259327e-01 -2.08908048e-01 -9.27520836e-01
   4.34239167e-02  1.56160222e-01 -5.62727466e-01 -9.43962716e-01
  -8.89567636e-01 -4.01809912e-01 -7.69049601e-01  7.01073018e-01
   5.98309990e-01 -7.97685174e-01  6.72333349e-01 -2.96788051e-01
   3.64564788e-01 -7.18155235e-01  7.46286881e-01  5.86462312e-01
  -9.07343633e-01 -8.93265598e-01  5.35425824e-01  6.02589024e-01
   9.53536730e-02 -1.82774312e-02  5.43969728e-01  6.83929928e-01
   9.99723345e-01  7.38036372e-02  8.14480071e-01  5.06483202e-01
   2.71614538e-01  4.71164140e-01  4.06188779e-01  2.11347182e-01
   7.68348109e-01 -8.92602546e-01  8.05487172e-01 -1.75512738e-01
  -5.35939510e-01 -8.19185525e-01 -8.41622109e-01 -3.36338165e-01
   4.47428801e-01  8.57914138e-02  3.30089989e-01  9.48822327e-01
  -7.36428821e-01  1.47446446e-01  4.33260929e-01 -4.69801300e-01
  -9.05190405e-01  5.66007509e-01  1.77891103e-01  8.97466414e-01
   9.48482901e-01 -7.79529440e-01 -4.24181700e-01 -1.60221795e-02
  -3.59407878e-01 -7.16546532e-01  5.41995560e-01 -7.35627233e-01
  -2.50246757e-01 -3.13161765e-01 -5.90622442e-01 -5.15395836e-01
  -9.47560318e-01  9.29890849e-01 -4.80827997e-01  3.28850657e-01
  -2.22872438e-01  9.85225813e-01 -1.52385015e-01 -9.59104955e-01
   8.47922015e-02 -8.49144601e-03 -3.22200303e-01 -2.53824252e-01
  -8.31821154e-01 -5.22769168e-01  8.43108149e-01 -5.30098461e-01
  -5.38756625e-01 -8.02237874e-01  8.17299544e-01 -8.22198708e-01
   2.10557502e-01 -9.20902475e-01  1.94513621e-01 -1.34748995e-01
   7.55062738e-01 -5.62981438e-01 -9.24781306e-01 -5.88270785e-01
   1.21619504e-01  7.96484590e-01  4.83604630e-01 -1.74502653e-01
  -1.66455453e-02  8.23772281e-02 -1.43987279e-01  3.16879968e-01
  -5.79892410e-01 -2.26445349e-01  5.92427433e-01  4.70382460e-01
  -7.11417575e-01 -3.70697628e-01  1.61194811e-01  1.48213266e-01
  -5.36750254e-01  8.97475893e-01  5.33765188e-01 -8.01467785e-01
  -3.33983873e-01  7.18471276e-02 -4.87591971e-01 -9.38562792e-01
   5.96939346e-01 -9.05075105e-01  3.37964870e-02  7.15362726e-01
   1.38595884e-01  9.61006913e-01 -2.32213078e-01 -6.85022651e-01
  -8.14270208e-01 -8.43666280e-01 -3.18800879e-01 -9.82076371e-01
   6.24754361e-01  7.40477214e-01  8.13799619e-01  2.52008457e-02
   6.98151866e-01 -4.34085386e-01  2.91129075e-01 -1.64009317e-01
  -4.20290182e-01 -2.86349751e-01  5.51349460e-01 -3.10317171e-01
  -4.09143628e-01 -8.26440269e-02  9.57442763e-01  7.79564914e-01
   3.98488860e-01  9.88671841e-01  3.93003341e-01 -2.02926433e-01
   1.09194155e-02 -5.52194134e-01  9.41226863e-01  9.64056933e-01
   6.00787072e-01 -7.10912625e-01 -5.23491669e-01 -7.74045489e-01
   4.51971588e-01 -8.85488337e-01 -9.90622499e-02 -3.20783967e-01
   7.63925517e-01  7.96380371e-01 -4.59868447e-01 -1.10589196e-01
   6.84470613e-01  2.89022640e-02  8.84070983e-01 -8.15260881e-01
   3.65987718e-02  1.14586647e-02  5.97166003e-01  2.81234737e-01
   7.60350796e-01  8.29812890e-01 -1.80164509e-01  1.25555263e-01]
 [ 0.00000000e+00  0.00000000e+00  0.00000000e+00  0.00000000e+00
   0.00000000e+00  0.00000000e+00  0.00000000e+00  0.00000000e+00
   0.00000000e+00  0.00000000e+00  0.00000000e+00  0.00000000e+00
   0.00000000e+00  0.00000000e+00  0.00000000e+00  0.00000000e+00
   0.00000000e+00  0.00000000e+00  0.00000000e+00  0.00000000e+00
   0.00000000e+00  0.00000000e+00  0.00000000e+00  0.00000000e+00
   0.00000000e+00  0.00000000e+00  0.00000000e+00  0.00000000e+00
   0.00000000e+00  0.00000000e+00  0.00000000e+00  0.00000000e+00
   0.00000000e+00  0.00000000e+00  0.00000000e+00  0.00000000e+00
   0.00000000e+00  0.00000000e+00  0.00000000e+00  0.00000000e+00
   0.00000000e+00  0.00000000e+00  0.00000000e+00  0.00000000e+00
   0.00000000e+00  0.00000000e+00  0.00000000e+00  0.00000000e+00
   0.00000000e+00  0.00000000e+00  0.00000000e+00  0.00000000e+00
   0.00000000e+00  0.00000000e+00  0.00000000e+00  0.00000000e+00
   0.00000000e+00  0.00000000e+00  0.00000000e+00  0.00000000e+00
   0.00000000e+00  0.00000000e+00  0.00000000e+00  0.00000000e+00
   0.00000000e+00  0.00000000e+00  0.00000000e+00  0.00000000e+00
   0.00000000e+00  0.00000000e+00  0.00000000e+00  0.00000000e+00
   0.00000000e+00  0.00000000e+00  0.00000000e+00  0.00000000e+00
   0.00000000e+00  0.00000000e+00  0.00000000e+00  0.00000000e+00
   0.00000000e+00  0.00000000e+00  0.00000000e+00  0.00000000e+00
   0.00000000e+00  0.00000000e+00  0.00000000e+00  0.00000000e+00
   0.00000000e+00  0.00000000e+00  0.00000000e+00  0.00000000e+00
   0.00000000e+00  0.00000000e+00  0.00000000e+00  0.00000000e+00
   0.00000000e+00  0.00000000e+00  0.00000000e+00  0.00000000e+00
   0.00000000e+00  0.00000000e+00  0.00000000e+00  0.00000000e+00
   0.00000000e+00  0.00000000e+00  0.00000000e+00  0.00000000e+00
   0.00000000e+00  0.00000000e+00  0.00000000e+00  0.00000000e+00
   0.00000000e+00  0.00000000e+00  0.00000000e+00  0.00000000e+00
   0.00000000e+00  0.00000000e+00  0.00000000e+00  0.00000000e+00
   0.00000000e+00  0.00000000e+00  0.00000000e+00  0.00000000e+00
   0.00000000e+00  0.00000000e+00  0.00000000e+00  0.00000000e+00
   0.00000000e+00  0.00000000e+00  0.00000000e+00  0.00000000e+00
   0.00000000e+00  0.00000000e+00  0.00000000e+00  0.00000000e+00
   0.00000000e+00  0.00000000e+00  0.00000000e+00  0.00000000e+00
   0.00000000e+00  0.00000000e+00  0.00000000e+00  0.00000000e+00
   0.00000000e+00  0.00000000e+00  0.00000000e+00  0.00000000e+00
   0.00000000e+00  0.00000000e+00  0.00000000e+00  0.00000000e+00
   0.00000000e+00  0.00000000e+00  0.00000000e+00  0.00000000e+00
   0.00000000e+00  0.00000000e+00  0.00000000e+00  0.00000000e+00
   0.00000000e+00  0.00000000e+00  0.00000000e+00  0.00000000e+00
   0.00000000e+00  0.00000000e+00  0.00000000e+00  0.00000000e+00
   0.00000000e+00  0.00000000e+00  0.00000000e+00  0.00000000e+00
   0.00000000e+00  0.00000000e+00  0.00000000e+00  0.00000000e+00
   0.00000000e+00  0.00000000e+00  0.00000000e+00  0.00000000e+00
   0.00000000e+00  0.00000000e+00  0.00000000e+00  0.00000000e+00
   0.00000000e+00  0.00000000e+00  0.00000000e+00  0.00000000e+00
   0.00000000e+00  0.00000000e+00  0.00000000e+00  0.00000000e+00
   0.00000000e+00  0.00000000e+00  0.00000000e+00  0.00000000e+00
   0.00000000e+00  0.00000000e+00  0.00000000e+00  0.00000000e+00
   0.00000000e+00  0.00000000e+00  0.00000000e+00  0.00000000e+00
   0.00000000e+00  0.00000000e+00  0.00000000e+00  0.00000000e+00
   0.00000000e+00  0.00000000e+00  0.00000000e+00  0.00000000e+00
   0.00000000e+00  0.00000000e+00  0.00000000e+00  0.00000000e+00
   0.00000000e+00  0.00000000e+00  0.00000000e+00  0.00000000e+00
   0.00000000e+00  0.00000000e+00  0.00000000e+00  0.00000000e+00
   0.00000000e+00  0.00000000e+00  0.00000000e+00  0.00000000e+00
   0.00000000e+00  0.00000000e+00  0.00000000e+00  0.00000000e+00
   0.00000000e+00  0.00000000e+00  0.00000000e+00  0.00000000e+00
   0.00000000e+00  0.00000000e+00  0.00000000e+00  0.00000000e+00
   0.00000000e+00  0.00000000e+00  0.00000000e+00  0.00000000e+00
   0.00000000e+00  0.00000000e+00  0.00000000e+00  0.00000000e+00
   0.00000000e+00  0.00000000e+00  0.00000000e+00  0.00000000e+00
   0.00000000e+00  0.00000000e+00  0.00000000e+00  0.00000000e+00
   0.00000000e+00  0.00000000e+00  0.00000000e+00  0.00000000e+00
   0.00000000e+00  0.00000000e+00  0.00000000e+00  0.00000000e+00
   0.00000000e+00  0.00000000e+00  0.00000000e+00  0.00000000e+00
   0.00000000e+00  0.00000000e+00  0.00000000e+00  0.00000000e+00
   0.00000000e+00  0.00000000e+00  0.00000000e+00  0.00000000e+00
   0.00000000e+00  0.00000000e+00  0.00000000e+00  0.00000000e+00
   0.00000000e+00  0.00000000e+00  0.00000000e+00  0.00000000e+00
   0.00000000e+00  0.00000000e+00  0.00000000e+00  0.00000000e+00
   0.00000000e+00  0.00000000e+00  0.00000000e+00  0.00000000e+00
   0.00000000e+00  0.00000000e+00  0.00000000e+00  0.00000000e+00
   0.00000000e+00  0.00000000e+00  0.00000000e+00  0.00000000e+00
   0.00000000e+00  0.00000000e+00  0.00000000e+00  0.00000000e+00
   0.00000000e+00  0.00000000e+00  0.00000000e+00  0.00000000e+00
   0.00000000e+00  0.00000000e+00  0.00000000e+00  0.00000000e+00
   0.00000000e+00  0.00000000e+00  0.00000000e+00  0.00000000e+00
   0.00000000e+00  0.00000000e+00  0.00000000e+00  0.00000000e+00
   0.00000000e+00  0.00000000e+00  0.00000000e+00  0.00000000e+00
   0.00000000e+00  0.00000000e+00  0.00000000e+00  0.00000000e+00
   0.00000000e+00  0.00000000e+00  0.00000000e+00  0.00000000e+00
   0.00000000e+00  0.00000000e+00  0.00000000e+00  0.00000000e+00
   0.00000000e+00  0.00000000e+00  0.00000000e+00  0.00000000e+00
   0.00000000e+00  0.00000000e+00  0.00000000e+00  0.00000000e+00
   0.00000000e+00  0.00000000e+00  0.00000000e+00  0.00000000e+00
   0.00000000e+00  0.00000000e+00  0.00000000e+00  0.00000000e+00
   0.00000000e+00  0.00000000e+00  0.00000000e+00  0.00000000e+00
   0.00000000e+00  0.00000000e+00  0.00000000e+00  0.00000000e+00
   0.00000000e+00  0.00000000e+00  0.00000000e+00  0.00000000e+00
   0.00000000e+00  0.00000000e+00  0.00000000e+00  0.00000000e+00
   0.00000000e+00  0.00000000e+00  0.00000000e+00  0.00000000e+00
   0.00000000e+00  0.00000000e+00  0.00000000e+00  0.00000000e+00
   0.00000000e+00  0.00000000e+00  0.00000000e+00  0.00000000e+00
   0.00000000e+00  0.00000000e+00  0.00000000e+00  0.00000000e+00
   0.00000000e+00  0.00000000e+00  0.00000000e+00  0.00000000e+00
   0.00000000e+00  0.00000000e+00  0.00000000e+00  0.00000000e+00
   0.00000000e+00  0.00000000e+00  0.00000000e+00  0.00000000e+00
   0.00000000e+00  0.00000000e+00  0.00000000e+00  0.00000000e+00]]