[[-1.39588935e+02  4.96828287e+02 -3.57236224e+02]
 [ 5.31503528e+01  1.24202572e+02 -1.77349991e+02]
 [ 1.70358973e+01 -5.49101296e+02  5.32072593e+02]
 [-8.89914254e+01 -1.56397192e+02  2.45394405e+02]
 [-5.29357898e+01 -9.46132636e+01  1.47554664e+02]
 [-6.26142299e+01  3.44303793e+02 -2.81685355e+02]
 [ 4.13014734e+01 -1.06123536e+01 -3.06859315e+01]
 [-1.15010217e+02 -6.72200269e+02  7.87212524e+02]
 [-8.81908468e+01  2.83316991e+02 -1.95118685e+02]
 [ 5.10657348e+01 -6.91404444e+01  1.80779949e+01]
 [-4.19128402e+00  3.80181238e+02 -3.75982044e+02]
 [ 7.24916048e+01  4.84235867e+02 -5.56723339e+02]
 [ 1.77559983e+02 -9.32432491e+02  7.54873144e+02]
 [ 2.31830809e+00 -2.50203701e+02  2.47890638e+02]
 [-3.79425335e+01  3.13616150e+02 -2.75669064e+02]
 [-4.98935234e+01  3.82487963e+02 -3.32587420e+02]
 [ 1.74910073e+02  5.74611923e+02 -7.49514359e+02]
 [-2.30106497e+02 -1.49095852e+02  3.79204841e+02]
 [-6.26800174e+01  5.36096664e+01  9.07598463e+00]
 [-5.78888023e+01 -1.68397904e+02  2.26295560e+02]
 [ 9.86524837e+01 -2.19792731e+02  1.21144986e+02]
 [-9.74862380e+00  2.91508282e+02 -2.81753343e+02]
 [ 2.12218208e+01  3.47400562e+02 -3.68615260e+02]
 [-1.49592863e+02  3.23882096e+02 -1.74280333e+02]
 [ 1.10597854e+01  1.57770968e+02 -1.68822844e+02]
 [ 7.31866572e+00  1.18159391e+02 -1.25473616e+02]
 [ 2.26852194e+01 -2.28547806e+02  2.05870543e+02]
 [ 3.38207599e+01  3.95774841e+02 -4.29587410e+02]
 [ 2.14242063e+01 -9.22654732e+02  9.01235328e+02]
 [-1.14189500e+02  1.12256788e+02  1.94018524e+00]
 [-1.42026025e+02  4.45500347e+01  9.74814571e+01]
 [ 1.54320723e+00  6.68805239e+02 -6.70343885e+02]
 [ 1.75329171e+02 -1.54614502e+02 -2.07084587e+01]
 [ 1.07029151e+02  1.24802683e+02 -2.31826266e+02]
 [ 1.45355141e+02  2.48063943e+02 -3.93416188e+02]
 [-2.70889990e+02 -7.23233165e+02  9.94126374e+02]
 [ 1.03187733e+02 -7.47170394e+01 -2.84653233e+01]
 [-1.26458655e+02  5.08252213e+01  7.56394973e+01]
 [-8.40690225e+01  3.56504479e+00  8.05095953e+01]
 [-4.07052624e+01 -5.67001089e+02  6.07709757e+02]
 [-3.58760221e+01 -2.31316325e+02  2.67197452e+02]
 [-1.12696776e+02 -7.25363646e+02  8.38063273e+02]
 [ 6.76297947e+01  2.10790261e+02 -2.78414547e+02]
 [-1.07827217e+02 -3.89645050e+01  1.46797121e+02]
 [ 3.16167901e+00 -1.06558148e+03  1.06242218e+03]
 [ 9.71642004e-01 -2.76047769e+02  2.75082434e+02]
 [-7.74194375e+01  1.55191771e+02 -7.77658672e+01]
 [-2.39083865e+01 -2.54994061e+01  4.94127743e+01]
 [-1.62964615e+01 -2.35160811e+02  2.51462818e+02]
 [ 5.74358343e+01 -7.97686671e+02  7.40258585e+02]
 [-7.67318581e+01 -3.55350530e+02  4.32085278e+02]
 [ 2.53080349e+01 -4.12795473e+01  1.59779420e+01]
 [-2.70266370e+01  5.31481663e+02 -5.04446886e+02]
 [-1.40303833e+01  7.81422864e+01 -6.41099428e+01]
 [-1.06383278e+02  9.12651783e+01  1.51240407e+01]
 [ 1.09088203e+02 -1.34682280e+02  2.55941580e+01]
 [-1.79397875e+02  3.28042660e+02 -1.48641718e+02]
 [-6.68511428e+01 -4.39167951e+02  5.06024088e+02]
 [ 2.52254820e+02  1.52965771e+02 -4.05216543e+02]
 [ 4.95054848e+01 -2.05358215e+02  1.55859404e+02]
 [-1.38814551e+02 -5.01592108e+02  6.40411384e+02]
 [ 9.97762240e+01 -1.74993100e+02  7.52226688e+01]
 [-1.51240871e+02 -1.08472884e+03  1.23596997e+03]
 [-2.58700245e+01  1.34376129e+03 -1.31788564e+03]
 [ 2.04498511e+02 -7.92788423e+02  5.88295546e+02]
 [ 9.47956631e+01  3.88501689e+01 -1.33638774e+02]
 [ 2.49440229e+01 -3.87790538e+02  3.62853032e+02]
 [ 3.98329873e+01  2.90727766e+02 -3.30554102e+02]
 [-3.77186455e+01  2.92677919e+02 -2.54953714e+02]
 [ 3.21579417e+01 -2.60891153e+02  2.28741379e+02]
 [-4.70786812e+01  2.96226551e+01  1.74638154e+01]
 [-4.21727417e+01  2.23533922e+02 -1.81355999e+02]
 [-2.54051855e+01 -5.50579547e+02  5.75990822e+02]
 [ 7.33642274e+01 -9.07944319e+02  8.34581239e+02]
 [ 2.26575963e+01 -4.99265814e+02  4.76611379e+02]
 [-7.86416201e+01  1.35080636e+02 -5.64341296e+01]
 [ 3.87403276e+01  1.23041464e+02 -1.61776990e+02]
 [-5.18823166e+01 -9.81459867e+01  1.50031904e+02]
 [-5.91445089e+01  2.18806406e+02 -1.59655226e+02]
 [-1.10410972e+02 -2.89433553e+01  1.39359314e+02]
 [-1.01671106e+02 -1.06810568e+03  1.16977977e+03]
 [-4.20019258e+01  2.70791694e+02 -2.28783302e+02]
 [ 8.18919979e+01  7.30291850e+02 -8.12181201e+02]
 [ 1.53621937e+01 -5.55641623e+02  5.40281647e+02]
 [-3.86499761e+01 -8.55850243e+00  4.72111878e+01]
 [ 4.85472390e+01 -7.89907516e+02  7.41356802e+02]
 [ 1.01627926e+02 -7.73129886e-01 -1.00849545e+02]
 [ 4.05677747e+01 -8.03237827e+00 -3.25304376e+01]
 [-1.83676693e+02  2.79406424e+02 -9.57189160e+01]
 [ 3.24580803e+02  8.13466243e+02 -1.13804014e+03]
 [-3.47820781e+01  5.82093692e+02 -5.47304776e+02]
 [-7.47720417e+01 -1.40703974e+02  2.15484753e+02]
 [-1.52172655e+02  1.78754360e+02 -2.65799492e+01]
 [ 2.05403306e+01 -9.90633656e+01  7.85253642e+01]
 [ 6.59467678e+01  5.27247681e+02 -5.93189652e+02]
 [ 9.58996243e+01 -2.06080161e+01 -7.52852652e+01]
 [ 1.28152497e+02  1.89926596e+02 -3.18072941e+02]
 [-1.87611007e+01  6.59169046e+02 -6.40399427e+02]
 [-1.74403214e+01 -7.70192967e+02  7.87638183e+02]
 [ 5.70750677e+00  8.82863886e+01 -9.39864771e+01]
 [-2.05018756e+02 -1.14741102e+02  3.19764205e+02]
 [-1.82270929e+01 -3.07072910e+02  3.25306755e+02]
 [ 5.28139568e+01  5.30471820e+02 -5.83280126e+02]
 [-1.73808356e+00 -7.67066242e+02  7.68809819e+02]
 [ 9.38595698e+00  2.10973481e+02 -2.20354811e+02]
 [-4.98742304e+01 -3.52787786e+02  4.02665641e+02]
 [ 1.07444229e+01 -1.34839021e+02  1.24100521e+02]
 [-1.26489444e+02 -1.18565736e+02  2.45061224e+02]
 [-1.05217576e+02  3.85344635e+02 -2.80119026e+02]
 [-3.57828228e+01 -4.08032063e+02  4.43817719e+02]
 [ 2.45748285e+01 -3.48779779e+02  3.24209803e+02]
 [ 1.28232945e+01  5.33029842e+02 -5.45847385e+02]
 [-4.51564431e+01  1.03461843e+02 -5.83045769e+01]
 [-9.20320060e+01 -3.12052667e+02  4.04090333e+02]
 [-5.29606724e+01  2.05391012e+03 -2.00094126e+03]
 [-6.93935545e+01  3.31247314e+02 -2.61852874e+02]
 [-2.17886581e+02 -1.10203390e+03  1.31992618e+03]
 [-5.31388439e+01 -4.48395005e+02  5.01539428e+02]
 [-1.14616520e+02 -2.59230943e+02  3.73852949e+02]
 [-7.21480010e+01  3.75926627e+00  6.83946990e+01]
 [-1.70264121e+02 -7.92598935e+02  9.62863334e+02]
 [-7.24776509e+01  9.02100893e+01 -1.77307978e+01]
 [ 1.52656026e+02  9.02036247e+02 -1.05468322e+03]
 [ 2.78930776e+00  2.77353968e+01 -3.05172240e+01]
 [ 1.05379595e+02  4.28750571e+02 -5.34124628e+02]
 [ 5.20540302e+01 -1.15050523e+02  6.30021859e+01]
 [-1.57695706e+01  6.34612705e+02 -6.18838247e+02]
 [ 3.28386383e+01  3.68483197e+02 -4.01316015e+02]
 [-6.38634712e+00 -2.11079678e+02  2.17469073e+02]
 [-3.92649978e+01 -4.98600995e+01  8.91325649e+01]
 [-1.07387806e+02  7.23975253e+02 -6.16579767e+02]
 [ 1.70644592e+01 -1.41691936e+02  1.24632702e+02]
 [ 2.21245674e+02 -1.49266740e+02 -7.19706346e+01]
 [ 8.22871153e+01  4.22774149e+02 -5.05053769e+02]
 [-1.50568189e+02 -1.56992269e+02  3.07566752e+02]
 [ 4.90503162e+00 -2.50860604e+02  2.45960038e+02]
 [-2.00845936e+01  1.77472788e+01  2.34191466e+00]
 [ 4.69390311e+01 -9.71612137e+01  5.02265531e+01]
 [ 8.40226309e+01  4.96638963e+02 -5.80655819e+02]
 [-7.48745170e+01  1.71055620e+02 -9.61752237e+01]
 [ 9.67829186e+01  6.33861686e+02 -7.30638082e+02]
 [-1.76319249e+01 -3.70728808e+02  3.88359937e+02]
 [-1.72993967e+01 -3.48657088e+02  3.65964814e+02]
 [-1.49988614e+01 -3.93348079e+01  5.43357803e+01]
 [-1.84908244e+01 -4.63753231e+02  4.82247874e+02]
 [ 3.55761069e+01  2.12742053e+02 -2.48315243e+02]
 [-2.68708902e+01  6.73214276e+02 -6.46335219e+02]
 [ 1.46577464e+01  1.18189204e+02 -1.32839479e+02]
 [ 1.85459041e+02  2.98963862e+02 -4.84412157e+02]
 [ 1.34917895e+02 -2.63916243e+02  1.29003035e+02]
 [-8.04540216e+00 -1.41150290e+02  1.49198613e+02]
 [-8.27578421e+01 -1.30135981e+02  2.12898525e+02]
 [-5.88783300e+01  2.42392337e+02 -1.83512443e+02]
 [-1.94512353e+02  3.20446037e+02 -1.25926602e+02]
 [-1.80046350e+02  9.79704010e+01  8.20765283e+01]
 [-6.84316512e+00  2.15104900e+02 -2.08255915e+02]
 [-9.55743265e+01 -1.15625993e+03  1.25183379e+03]
 [ 2.35548770e+01 -1.83152362e+02  1.59601185e+02]
 [ 2.39750104e+01  2.95409001e+02 -3.19377031e+02]
 [ 2.96987307e+01 -3.69918808e+02  3.40225982e+02]
 [-9.32870484e+01 -4.61880250e+02  5.55170541e+02]
 [ 1.63982903e+01 -3.62643855e+02  3.46251775e+02]
 [ 3.48408527e+01 -1.49699792e+02  1.14865330e+02]
 [ 1.24318297e+02  9.22653408e+01 -2.16578026e+02]
 [-2.63599742e+01 -8.48515632e+02  8.74878835e+02]
 [-1.71586396e+02  3.20787300e+02 -1.49195015e+02]
 [ 4.06792547e+01  2.11034024e+02 -2.51711184e+02]
 [-1.58100512e+01 -1.21359510e+03  1.22941014e+03]
 [-2.03474786e+01  4.09935106e+02 -3.89584719e+02]
 [ 3.39801302e+02  6.47090058e+02 -9.86891451e+02]
 [-6.15551678e+01  3.25328376e+01  2.90217982e+01]
 [ 1.25831385e+02  2.02165084e+02 -3.27994708e+02]
 [-2.07210382e+02 -6.12834630e+02  8.20046814e+02]
 [-3.88124003e+01 -2.12072758e+02  2.50891063e+02]
 [ 2.35774735e+01 -6.71527782e+02  6.47952016e+02]
 [-3.01875022e+02 -5.00628136e+02  8.02507499e+02]
 [ 1.90008983e+02  1.91143769e+02 -3.81146332e+02]
 [ 1.49535811e+02  4.09105344e+02 -5.58632885e+02]
 [ 1.21246082e+02  3.52585547e+02 -4.73825082e+02]
 [-7.53292041e+01  6.62970610e+02 -5.87641053e+02]
 [ 4.33610623e+01 -6.11409462e+02  5.68053291e+02]
 [-5.84106164e+01  3.87588044e+02 -3.29175243e+02]
 [-4.76646636e+01  6.36796674e+02 -5.89129322e+02]
 [ 1.53563380e+00 -1.16518142e+02  1.14985421e+02]
 [ 1.32188040e+02  4.02084948e+02 -5.34269828e+02]
 [ 2.45198027e+02 -9.88773158e+01 -1.46318708e+02]
 [-7.08744995e+01 -1.85163968e+01  8.93972862e+01]
 [-1.40251455e+02 -3.80413153e+02  5.20669247e+02]
 [ 1.26175633e+01  6.08626011e+02 -6.21239358e+02]
 [ 4.87161737e+01  6.58105188e+00 -5.52918234e+01]
 [-1.97722938e+02  1.15010972e+02  8.27116395e+01]
 [-5.38011689e+01 -3.31991759e+02  3.85793395e+02]
 [ 3.22601940e+01 -7.30777740e+02  6.98524564e+02]
 [ 2.28457313e+01 -1.23951291e+02  1.01107624e+02]
 [ 7.77797206e+01 -5.72177770e+02  4.94395112e+02]
 [-2.51972810e+01 -1.22602625e+02  1.47805822e+02]
 [-6.08883856e+01  1.10993190e+02 -5.00962986e+01]
 [ 1.78970589e+02 -3.78165846e+02  1.99202131e+02]
 [-1.00677242e+02 -9.14494500e+01  1.92135924e+02]
 [ 6.23486611e+01  8.99133530e+01 -1.52255036e+02]
 [ 3.95754202e+01 -1.61496391e+02  1.21927566e+02]
 [ 1.15786259e+01 -4.57094477e+01  3.41361303e+01]
 [-1.10587327e+02  1.63771788e+02 -5.31786009e+01]
 [-5.98985270e+01  2.63221091e+02 -2.03321114e+02]
 [-9.22612798e+01  5.33100621e+02 -4.40833154e+02]
 [-1.77878166e+02 -4.30242253e+02  6.08124888e+02]
 [-3.48671024e+01 -5.25587938e+02  5.60459954e+02]
 [ 4.86428112e+01  3.76080583e+02 -4.24715755e+02]
 [-3.56888243e+01  6.72535930e+02 -6.36845772e+02]
 [-2.01097245e+02  1.87344561e+02  1.37570326e+01]
 [-7.00578035e+01  3.23526484e+02 -2.53460976e+02]
 [ 7.07180483e+01 -2.95077824e+02  2.24360263e+02]
 [-1.40836966e+02 -1.18740521e+02  2.59585135e+02]
 [ 8.07201293e+02 -3.68456714e+02 -4.38741482e+02]
 [-1.12534026e+02 -3.68718546e+02  4.81255642e+02]
 [ 1.17741510e+02 -1.01650339e+03  8.98764989e+02]
 [ 2.21983217e+01 -4.11519840e+02  3.89326123e+02]
 [ 3.89345191e-01 -7.89558764e+01  7.85731953e+01]
 [ 1.83178477e+02 -1.64423852e+02 -1.87489393e+01]
 [-8.03447853e+01  7.88341697e+02 -7.07994195e+02]
 [-9.02793827e+01  2.58616109e+02 -1.68333598e+02]
 [ 1.61043067e+01  1.61603635e+02 -1.77701222e+02]
 [-7.65809097e+00  2.99159181e+02 -2.91491569e+02]
 [ 1.01653545e+01 -5.49651561e+01  4.48035560e+01]
 [-1.31472746e+02 -1.27506993e+03  1.40655160e+03]
 [ 1.04750443e+02 -9.80182234e+02  8.75435740e+02]
 [-4.93772632e+01  3.02916556e+02 -2.53536084e+02]
 [ 6.82943663e+01 -6.76306090e+01 -6.58953493e-01]
 [-8.88993862e+01  1.49645808e+02 -6.07397500e+01]
 [ 1.54461055e+02 -1.79397960e+02  2.49404534e+01]
 [-4.13325008e+01 -4.93759979e+02  5.35090412e+02]
 [-8.90926023e+01 -3.59673522e+02  4.48765600e+02]
 [-1.86799472e+01  1.15042131e+03 -1.13174087e+03]
 [ 1.81258787e+02  3.36285050e+00 -1.84622773e+02]
 [ 4.44333285e+00 -4.30755803e+02  4.26322714e+02]
 [ 3.36749221e+02  3.16622323e+02 -6.53364768e+02]
 [-2.76570592e+01 -7.14637769e+02  7.42295477e+02]
 [ 1.82450208e+02 -1.31239497e+03  1.12994938e+03]
 [ 2.82110173e+01  5.70298190e+01 -8.52328737e+01]
 [-7.17104853e+01 -2.86548917e+02  3.58260855e+02]
 [ 1.06698651e+01 -2.35712036e+02  2.25048499e+02]
 [ 1.80642358e+02  3.36825237e+02 -5.17461600e+02]
 [ 6.17997079e+01  1.75907505e+02 -2.37703159e+02]
 [ 1.54973148e+01  3.93496604e+02 -4.08987585e+02]
 [-1.49532093e+01 -7.90870115e+02  8.05825478e+02]
 [ 1.21809624e+02 -5.21908307e+01 -6.96139324e+01]
 [-1.70733963e+02  3.51089434e+01  1.35631960e+02]
 [-5.39248192e+01  8.77491215e+02 -8.23563925e+02]
 [-8.16400192e+01 -3.37276351e+02  4.18921467e+02]
 [ 1.80792873e+01  2.16132131e+02 -2.34203814e+02]
 [-2.33711603e+01  1.76354850e+02 -1.52980504e+02]
 [ 7.93111848e+01 -4.57830575e+01 -3.35222656e+01]
 [-1.28266802e+02  2.27147472e+02 -9.88775071e+01]
 [-3.43253104e+02 -1.55276633e+03  1.89601679e+03]
 [-6.42303600e+01 -7.40608994e+02  8.04845530e+02]
 [ 5.93753063e+01  3.96628559e+02 -4.55992485e+02]
 [ 2.48550632e+01  7.60910743e+02 -7.85759885e+02]
 [-1.28157387e+02 -2.28318638e+02  3.56481956e+02]
 [-3.00317518e+02 -6.92273652e+02  9.92593267e+02]
 [ 3.19205115e-01  3.95551326e+02 -3.95865226e+02]
 [-6.97288610e+01 -1.37801535e+02  2.07535411e+02]
 [-6.90196240e+00  2.88231789e+01 -2.19165694e+01]
 [-4.17012011e+01 -1.04867243e+01  5.21928776e+01]
 [ 1.08804141e+02  5.08704706e+02 -6.17504408e+02]
 [-4.91022512e+00 -4.93686929e+02  4.98601022e+02]
 [ 5.85823282e+01 -4.18028360e+01 -1.67744346e+01]
 [-1.56254058e+02 -1.35945856e+02  2.92206685e+02]
 [-7.59982959e+01  8.34794022e+02 -7.58789946e+02]
 [ 5.71018061e+01  1.27107387e+02 -1.84202707e+02]
 [ 2.01960501e+02 -3.35858811e+02  1.33908012e+02]
 [ 5.28852733e+01  7.05861269e+02 -7.58740643e+02]
 [ 2.24455304e+02 -6.90280154e+02  4.65823231e+02]
 [-8.35204914e+01 -2.05610984e+02  2.89138054e+02]
 [-6.23520581e+01  9.49189494e+01 -3.25594505e+01]
 [ 5.30905291e+01 -1.03646205e+02  5.05651561e+01]
 [-1.31732057e+00 -1.14318225e+02  1.15640128e+02]
 [ 2.73066583e+01  4.51686352e+02 -4.78984884e+02]
 [-4.40989823e+00 -1.83237385e+02  1.87650830e+02]
 [ 8.32327743e+01  6.32888793e+02 -7.16116217e+02]
 [-1.89102144e+02 -2.81825476e+01  2.17287586e+02]
 [-1.06835085e+02  9.53253687e+01  1.15138134e+01]
 [-2.72423479e+01  4.41723013e+02 -4.14473019e+02]
 [ 2.64124986e+02 -1.70623787e+02 -9.34986237e+01]
 [ 6.73848444e+01 -4.21416213e+02  3.54038730e+02]
 [-2.90220005e+01 -6.81355643e+01  9.71644645e+01]
 [ 1.98828059e+00  4.68648741e+02 -4.70634195e+02]
 [-9.95620111e+01  5.31069580e+02 -4.31508175e+02]
 [ 9.46379734e+01  6.96292543e+01 -1.64261188e+02]
 [ 2.35720779e+02 -3.08188541e+02  7.24670764e+01]
 [ 5.33133498e+01 -2.42586491e+02  1.89278589e+02]
 [ 1.01516540e+02  1.45350407e+02 -2.46861828e+02]
 [-2.22314821e+02  1.21726546e+03 -9.94945253e+02]
 [ 4.37348684e+01  4.84420296e+02 -5.28147975e+02]
 [-1.08930726e+02 -1.62740722e+02  2.71678279e+02]
 [-2.90863502e+01 -5.20313663e+02  5.49406357e+02]
 [ 2.66265072e+01 -6.91735358e+02  6.65113119e+02]
 [ 7.77564229e+01 -5.05042683e+02  4.27293357e+02]
 [ 2.97508291e+01  1.69065932e+02 -1.98811090e+02]
 [-1.28320562e+02 -2.38806365e+02  3.67133329e+02]
 [ 6.87425707e+01  3.07490022e+02 -3.76230993e+02]
 [ 1.88263072e+01  2.53426627e+02 -2.72246139e+02]
 [ 2.09995310e+01  5.68170924e+02 -5.89159644e+02]
 [ 1.29100605e+02 -9.55558486e+02  8.26459656e+02]
 [-6.58849863e+01  5.47569526e+02 -4.81679019e+02]
 [ 9.67454754e+01 -3.69692830e+02  2.72953405e+02]
 [ 4.29635689e+01 -7.64390344e+01  3.34827023e+01]
 [ 1.90741444e+02  1.37525158e+02 -3.28265665e+02]
 [-6.13303596e+01  7.27517523e+02 -6.66184189e+02]
 [ 2.11999432e+01 -2.93025613e+02  2.71831768e+02]
 [-9.66884157e+01 -1.30160853e+02  2.26854476e+02]
 [-1.35086385e+02 -1.50458347e+02  2.85547516e+02]
 [-5.26823817e+01 -1.87265732e+01  7.14147711e+01]
 [ 5.25781017e+01 -3.92404136e+02  3.39836865e+02]
 [-8.17733516e+01  3.52939919e+02 -2.71159788e+02]
 [-6.35640562e+01 -4.00550052e+02  4.64122678e+02]
 [ 5.22851727e+01 -1.43765938e+02  9.14857879e+01]
 [-3.43951247e+01  3.43211770e+02 -3.08813608e+02]
 [-1.92444367e+02  5.88979141e+02 -3.96529018e+02]
 [ 1.38231220e+02  3.25084974e+02 -4.63309529e+02]
 [-1.55906947e+00  6.59540434e+02 -6.57975981e+02]
 [ 6.82751096e+01  3.29141736e+02 -3.97412378e+02]
 [-5.35075433e+01  4.79490848e+02 -4.25980260e+02]
 [-2.99753453e+01 -1.66408167e+02  1.96387060e+02]
 [ 4.86374471e+01  3.62181742e+01 -8.48487363e+01]
 [ 1.76071609e+02  3.81071063e+02 -5.57136894e+02]
 [ 1.43706195e+01 -7.67731588e+01  6.24094784e+01]
 [-3.84761504e+01 -4.06327578e+02  4.44810328e+02]
 [ 5.23450357e+01  1.99747938e+02 -2.52089586e+02]
 [ 4.48467963e+02  1.13304215e+03 -1.58151020e+03]
 [-1.12333207e+02 -5.94343670e+02  7.06681160e+02]
 [ 3.75467958e+01 -1.99059926e+01 -1.76365292e+01]
 [ 1.74458779e+01  2.62557307e+02 -2.79996060e+02]
 [-3.82558519e+01  1.32336226e+02 -9.40726128e+01]
 [-1.52487060e+02 -3.70398007e+02  5.22892245e+02]
 [-4.95432549e+01  2.17826611e+02 -1.68278563e+02]
 [ 2.48273579e+02 -1.72993600e+02 -7.52743530e+01]
 [ 2.26479428e+01  3.51123278e+02 -3.73763286e+02]
 [ 2.08584798e+02 -2.06791121e+02 -1.78569329e+00]
 [-1.60939899e+02  3.33827094e+02 -1.72879030e+02]
 [ 4.63008627e+02  4.36570952e+02 -8.99573962e+02]
 [ 6.24188515e+00  1.21100626e+02 -1.27340776e+02]
 [ 1.29995055e+01  3.62738805e+02 -3.75728988e+02]
 [-3.80248784e+01 -2.55397312e+02  2.93426053e+02]
 [-3.05006015e-01 -1.10164869e+01  1.13258910e+01]
 [-2.30240669e+01  5.58209371e+02 -5.35179027e+02]
 [-9.77034789e+01 -1.23979529e+02  2.21687320e+02]
 [ 8.32536442e+01 -1.53781187e+02  7.05329458e+01]
 [ 9.56302642e+01  9.81292027e+01 -1.93752559e+02]
 [-7.12874055e+00  3.98952282e+02 -3.91817878e+02]
 [-1.42035232e+02  2.57431572e+02 -1.15391044e+02]
 [ 1.98203658e+02  4.27811848e+02 -6.26015876e+02]
 [-2.52115074e+01  9.23886489e+02 -8.98664677e+02]
 [ 5.57758958e+01  3.02250416e+02 -3.58019046e+02]
 [ 6.37660811e+01  6.54175691e+00 -7.03003881e+01]
 [-3.37903444e+00  3.12352620e+02 -3.08965488e+02]
 [-1.17873687e+01  9.13325144e+01 -7.95382531e+01]
 [ 2.58528895e+02 -5.00544079e+02  2.42020652e+02]
 [ 1.27163329e+02 -2.02156807e+02  7.49982584e+01]
 [-4.88827025e+01 -3.16760387e+02  3.65648414e+02]
 [-1.45040074e+02 -8.66328683e+02  1.01136940e+03]
 [-9.43844043e+01 -1.26399158e+02  2.20786606e+02]
 [-1.15401619e+02  6.09611928e+02 -4.94207358e+02]
 [ 1.01820663e+02  4.59728005e+02 -5.61540248e+02]
 [ 6.67110472e+01  1.09794366e+02 -1.76498672e+02]
 [-4.58639418e+01 -4.97970435e+02  5.43839217e+02]
 [ 1.14006957e+02  3.01048652e+02 -4.15051219e+02]
 [ 9.29283573e+01 -6.52802203e+02  5.59879890e+02]
 [ 7.96675409e+01  1.49812885e+02 -2.29470218e+02]
 [ 8.76466774e+01  4.43303341e+02 -5.30942602e+02]
 [ 6.67804219e+01 -1.09157495e+02  4.23833101e+01]
 [ 5.62948926e+01  2.44496819e+02 -3.00786389e+02]
 [ 2.60506546e+01 -4.62888414e+01  2.02428021e+01]
 [-7.01352792e+01 -5.78513290e+02  6.48650176e+02]
 [-3.32502757e+02 -7.07699088e+00  3.39580644e+02]
 [ 4.37752955e+01  4.30149961e+02 -4.73917048e+02]
 [ 9.55697792e+01  2.94798935e+02 -3.90366824e+02]
 [-1.00759437e+02  6.03813353e+01  4.03848141e+01]
 [-6.99222421e+01  1.51102900e+03 -1.44110289e+03]
 [ 1.00974360e+00 -4.58957590e+02  4.57953512e+02]
 [-3.23837903e+01 -6.17835418e+01  9.41700599e+01]
 [-3.68998906e+01  9.14998638e+01 -5.45911754e+01]
 [-9.06807424e+01 -2.13666103e+01  1.12051640e+02]
 [ 4.92893408e+00 -3.60207613e+02  3.55283623e+02]
 [ 1.13660147e+02  7.71143169e+02 -8.84792241e+02]
 [ 5.77391439e+01  3.93195716e+02 -4.50926842e+02]
 [-4.24096002e+01 -6.36488679e+02  6.78903222e+02]
 [-9.45903385e+01  4.73057124e+02 -3.78458492e+02]
 [-1.49533752e+02  6.54189859e+02 -5.04654074e+02]
 [ 3.35756727e+01  2.31088753e+01 -5.66780047e+01]
 [ 7.66853889e+01  2.44637455e+00 -7.91252442e+01]
 [ 2.32866820e+02 -7.77671584e+02  5.44805225e+02]
 [ 8.37670581e+01  6.87522687e+02 -7.71288016e+02]
 [ 5.25552614e+01  5.04575311e+02 -5.57124845e+02]
 [-1.74797319e+02 -8.19249355e+02  9.94049513e+02]
 [-5.16064666e+01  2.37763971e+02 -1.86155130e+02]
 [-1.34949150e+02  1.21064519e+02  1.38899484e+01]
 [ 1.26876209e+02  2.08268463e+02 -3.35141519e+02]
 [-1.53270151e+02  1.23827584e+02  2.94496377e+01]
 [-4.26425034e+01  2.63289721e+02 -2.20642451e+02]
 [-2.59649120e+01 -3.27164693e+02  3.53133648e+02]]