[[ 2.36996795e-01  8.71221315e-02  4.36840378e-02  1.61272156e-01
   3.65368816e-01 -6.49621539e-01  3.53968098e-01  5.63712706e-01
   2.89655575e-01 -1.46501845e-01 -8.04309934e-02  2.08629763e-01
   5.65238802e-01  6.01593442e-01  1.37023474e-01 -5.30601503e-01
  -3.86285444e-01 -1.62956506e-01  4.14678899e-01  3.69039244e-01
  -3.36630699e-02 -1.38170475e-01 -6.93472655e-02  1.33297169e-01
   4.24584095e-01 -4.06497684e-01 -6.30008856e-01 -3.45113783e-01
  -6.90804081e-01  2.69145282e-01 -6.17875953e-01 -2.84076760e-01
   5.97249517e-01  8.98734511e-02 -7.22869245e-03 -2.20507535e-01
   3.55637598e-01 -6.12314202e-01  6.06940410e-01 -3.29445958e-02
   2.45754961e-01  4.64951059e-02  5.95938821e-01  4.19083715e-01
  -3.10225903e-01 -4.84641908e-01  3.21871087e-02  4.24260410e-01
  -3.35000374e-01  5.30013896e-01  7.62490418e-02 -1.29854480e-01
  -3.64919227e-01 -5.92044968e-01 -6.88543196e-01 -8.85201930e-02
   3.32271100e-01 -5.69934339e-01 -5.77212641e-01 -3.08683472e-01
  -2.04755814e-01 -8.51396072e-02 -1.47174899e-01  6.32326802e-02
  -2.75584558e-01 -6.72041583e-02 -5.70685885e-01  3.89511648e-01
   1.78250556e-01  1.28217594e-01 -4.68420675e-01 -5.37279534e-02
  -5.64927976e-01 -7.59688110e-01  1.14255830e-01 -1.64499021e-02
   5.90421709e-01  3.62476718e-01 -5.14068721e-01  2.12639294e-01
  -3.27573365e-01  1.74860370e-01  8.32748357e-02  5.95185428e-01
  -3.00938394e-01  1.52155582e-01  2.28084004e-01 -6.81740688e-01
  -6.09275969e-01 -5.58391987e-01 -3.97019198e-01  5.43276999e-01
  -1.15419595e-01  5.50472577e-01 -2.28856988e-01  1.72305381e-01
   4.95885823e-01 -3.77269048e-01  1.43781122e-01 -3.63744475e-02
  -3.02138064e-01 -2.83843077e-01  4.71411653e-01  3.23688293e-02
  -2.05212715e-01  3.86211093e-03 -4.24478609e-01 -2.31520609e-01
   2.35319260e-01 -4.47038432e-01 -5.29532693e-01  5.53253857e-02
   5.60316664e-01  5.27233719e-01  3.94572311e-01 -4.62315995e-01
   5.45879927e-01  1.32739344e-01  4.84029818e-01 -5.46712253e-02
   1.23183358e-01  3.36415794e-01  2.19417567e-01 -3.91846138e-01
   6.05865145e-01 -5.77753309e-01  1.89424391e-01  4.91914667e-02
  -6.63551854e-01  1.50442652e-01  1.95822997e-01 -6.31936934e-01
   4.82630507e-01 -6.68715200e-01 -2.47899576e-01 -3.07432504e-01
   5.52924815e-01 -4.91827047e-01  5.38620541e-01 -1.46272795e-01
  -1.06976100e-02 -1.89043095e-01 -5.01210879e-02  3.56802590e-01
   4.04768178e-01  5.53564833e-01  2.93692480e-01  5.43748533e-02
  -1.10293305e-01 -3.38371488e-01 -6.35332234e-01  5.28345921e-01
  -5.36781190e-01  5.81477665e-01  5.32512841e-01  4.99732347e-01
   1.68327989e-02 -3.53659640e-01  2.90482932e-01 -6.17102794e-01
   3.58516733e-01 -4.62924394e-01 -4.90919540e-01 -2.70631991e-01
  -6.48886718e-01 -7.40331827e-01 -1.06574180e-02  1.09064660e-01
  -8.71074795e-02  1.77956122e-01 -8.09339488e-02  4.08814446e-01
  -3.20502943e-01 -6.74270732e-01 -6.04510043e-01 -6.25580026e-01
   3.11991219e-01 -2.14976242e-01 -4.99157631e-01 -2.05971424e-01
  -6.90219351e-01  2.25973147e-01 -5.98997163e-01 -3.31848137e-01
  -2.12814332e-01 -3.04684077e-01  6.72862754e-02  6.70972260e-02
   1.36804860e-01 -3.05189105e-01  4.77373363e-01 -1.64348572e-01
   4.45605310e-01  1.49569774e-01 -2.89466720e-01  6.05249946e-02
  -1.17675363e-01  1.99479481e-01 -6.56830293e-01 -3.22920651e-01]
 [ 9.60744714e-02 -7.70363535e-02  6.02319931e-01 -2.01326373e-01
  -2.74745412e-01  2.74705832e-01 -2.56332798e-01 -3.87444259e-01
  -1.91159607e-01 -6.19482112e-01  2.63196256e-01 -2.38127401e-01
  -3.59081642e-02  7.06054296e-01  4.09031312e-01 -5.83387920e-01
  -5.88126886e-01 -5.76259999e-01 -2.89037051e-01  7.09668648e-02
   6.98120241e-01  5.18664371e-01  2.92586342e-01  5.69318338e-01
  -1.13170072e-02 -5.58308120e-01  6.47526336e-01  4.19896444e-01
   6.89510418e-01  5.99850842e-02 -5.45769442e-01  6.46419338e-01
   1.97442577e-01 -6.34156433e-01 -1.78412507e-01 -1.10173297e-01
  -6.82830238e-01 -3.91474473e-01  2.85268182e-01  2.88682678e-02
  -6.46013065e-01 -2.01165562e-01 -5.31423922e-01  3.87390123e-01
  -2.19906858e-01 -2.18096407e-01 -3.76488171e-02 -4.33132503e-01
  -2.62976721e-01 -3.71790921e-01 -6.19006452e-01  3.99293811e-01
  -2.96269174e-01 -5.81439514e-01 -1.16049913e-01 -1.34602545e-01
   7.01550109e-01 -5.34786427e-01  6.31428388e-01 -4.30188899e-01
   6.04977390e-01  2.09727828e-01 -7.16983797e-02 -7.92608379e-02
   7.17621124e-01 -5.51214221e-01  2.24230165e-01  1.96389994e-01
  -3.94489434e-01 -5.09952326e-01 -6.01559560e-01  6.33078644e-01
   6.08655822e-01  6.44944892e-01 -1.60085447e-01 -6.12108293e-01
   4.36349410e-01  6.89265064e-01 -3.20220536e-01 -2.65515597e-01
   1.95550078e-01  8.84574872e-02 -6.11544505e-01  1.04518659e-01
  -1.93922586e-01  6.65223906e-02  2.73201488e-01 -5.46434092e-01
  -6.83371410e-02  2.81646674e-01 -1.25182943e-01  5.24560511e-01
  -3.22854139e-01  5.97510421e-01 -6.53674977e-01 -5.12479573e-01
  -5.21430484e-01  6.98298115e-01  2.77430289e-01 -1.92903517e-01
  -5.74160691e-01 -2.67871065e-01 -3.49491110e-01  5.13443069e-01
   3.62381098e-01  2.35187745e-02 -4.65767533e-01 -4.50919534e-01
  -1.75264703e-01  2.27897535e-01 -1.41880281e-01 -5.35569215e-01
  -5.74761054e-01  7.11017846e-01 -1.17439858e-01 -2.92792221e-01
   2.76065475e-01 -2.75400377e-01 -5.40359655e-01 -4.39328723e-01
   4.62263653e-01  1.21303499e-01  6.30698670e-01 -2.72144455e-01
  -3.25685541e-01 -3.06424585e-01  5.01314917e-01 -4.83426379e-01
  -6.37617089e-01  7.65102244e-02  1.22079748e-01  4.54673738e-01
   5.08963770e-01  5.04478180e-03 -5.33048490e-01 -2.80043159e-02
  -1.24526179e-01 -2.64600768e-01  9.26249588e-02  6.70604624e-01
  -2.09855939e-01  3.09520138e-01  5.56900651e-03 -5.22120926e-01
   4.37190300e-01  1.77882084e-01 -1.41732598e-01 -5.13635152e-01
   5.22937266e-01  1.49417775e-02 -1.50053439e-01  4.89621282e-01
   1.47325813e-01 -6.05782012e-01 -2.79814889e-01 -1.51750377e-01
  -3.20641221e-01  7.04550063e-01 -5.92490976e-01  3.17171565e-01
   3.23456156e-01 -4.97369317e-02 -2.86205250e-01 -2.25863518e-01
  -1.07895617e-01 -4.64570588e-01  4.43500350e-01  5.70264903e-01
  -4.15785813e-01 -2.78896502e-01 -2.12766618e-01 -6.66007339e-01
   6.03392432e-01  5.40861065e-01  5.01516511e-01  5.09007421e-01
   4.82884908e-01 -5.91962982e-01 -3.94644559e-01  3.66152621e-01
   4.31040394e-01 -4.46515779e-01  1.02711268e-02  1.40307681e-01
  -6.49671218e-01 -5.23661211e-01  2.93483599e-01 -4.90252240e-02
  -3.11074894e-01  6.79864772e-01 -1.29194772e-01 -9.02525803e-02
  -6.24131940e-01 -6.29918156e-01  4.17282332e-01 -6.59986511e-02
  -6.43693501e-01 -3.06368433e-01 -5.47885500e-01  7.17508121e-01]
 [-4.67230950e-01 -8.09826695e-02  4.09751677e-01 -4.42734641e-01
   2.59459564e-01  4.52475987e-01  1.36339245e-02 -1.46128551e-02
   3.09786724e-01  4.73573954e-01  2.23901083e-01  2.51733221e-01
   2.64732989e-01 -6.71161282e-01 -6.93602013e-01 -5.34923015e-01
  -7.03250589e-01  2.89084365e-01 -3.76112184e-01 -4.21258745e-01
   1.23051345e-01  3.00618646e-02  5.04155406e-01  7.62512625e-02
   1.77200759e-01 -3.30187892e-02  4.46751184e-01  1.52889857e-01
   1.40803160e-01 -7.04566080e-01  5.65381569e-01  7.68000892e-02
  -5.57570999e-01 -5.88654109e-01 -7.12059373e-01  4.72214636e-01
   1.98276836e-01 -3.18768267e-01  5.58134402e-01 -3.26843770e-02
  -3.88555961e-01 -6.52906072e-01 -2.17316287e-02  3.03412643e-01
   2.37883677e-02  8.68152915e-02 -1.67060011e-01 -9.51125141e-02
   2.03676554e-01 -3.63398002e-01  3.93772768e-01 -5.01926566e-01
   2.21509394e-02 -5.83754208e-01 -3.29853154e-01 -6.14619117e-01
   2.96445891e-01 -7.19548387e-01 -3.43198431e-01 -5.91865802e-01
   5.47905966e-01 -2.24760384e-02  4.92638154e-01 -3.59062982e-01
  -4.13699534e-01 -3.02923707e-01  5.44059772e-01 -3.73174731e-01
   8.13918217e-02  4.64732662e-01  4.84233028e-01  2.37195676e-02
   5.67681421e-01  4.74838992e-01 -2.98236977e-01  2.54913850e-02
   5.05706444e-01 -7.32067656e-01 -3.80105101e-01 -1.90467874e-01
  -4.66431424e-01 -6.00554127e-01 -2.81727737e-01 -4.61676305e-01
  -8.53246291e-02 -1.99794766e-01 -7.02784984e-01  5.69718919e-01
   4.80530294e-01  1.68289880e-01  3.84055254e-01  2.41818528e-02
  -6.29012918e-01 -8.16408220e-02  3.84994153e-01 -7.78535190e-02
   5.90767010e-02  4.21144752e-01  1.23162066e-01  3.92866560e-01
  -4.30103606e-01  1.35600097e-01  4.25313247e-01 -1.71265983e-01
  -1.11510291e-01  1.84611166e-01 -4.67966897e-01 -6.55153804e-02
  -1.02704565e-01 -3.25811576e-01  9.24133494e-02 -4.85472903e-02
   1.58076084e-01 -3.16232719e-01  4.66738399e-01 -7.88725137e-02
  -2.37360532e-01 -4.28843801e-01  1.87119517e-02 -4.77861731e-01
   1.93762678e-01 -1.19089795e-01  1.61592622e-01 -1.28699338e-01
   2.48716242e-02 -3.83819136e-01  1.69282955e-01 -7.20296969e-01
  -3.32714110e-01  4.15481773e-01  4.64250287e-01  5.48682601e-01
   4.50543113e-01 -5.12659936e-01  3.47430485e-01  4.92145714e-01
  -3.11937239e-01 -4.63775367e-01 -5.14824937e-01 -2.71656799e-01
   7.81395716e-02  1.98611609e-01 -3.39602958e-01 -5.73793735e-01
  -4.06605008e-01 -3.29020790e-01 -4.69547042e-01  4.53694930e-01
   3.20389672e-02  1.00504719e-01  1.16236014e-01  4.25050831e-01
   2.58883472e-01  2.04859454e-01  1.60800203e-01 -2.29074541e-01
  -7.09122695e-01  9.53264827e-02 -6.60307945e-01  3.96765490e-01
   5.45085462e-01 -6.10568377e-01  3.62445963e-01 -3.18161056e-01
  -6.69710267e-01  4.30292491e-01  4.98931465e-01 -6.87085075e-01
  -9.55673284e-02 -9.54604982e-02  1.23310328e-01 -5.58720719e-01
   5.52438627e-01  5.89155969e-01 -1.87548289e-01  7.57309092e-02
   1.18297610e-01  4.22466672e-01 -1.80613231e-01  5.19943811e-01
   3.13313665e-01 -6.50532262e-01 -2.31549286e-01 -1.80338870e-01
  -1.99883998e-01 -2.03517574e-01  3.02049991e-01  1.68833180e-02
  -5.19707232e-01  4.16230968e-01 -4.01671206e-01  3.38277916e-01
  -4.44939877e-01 -1.87313396e-01  1.58030367e-01  1.09553559e-02
  -2.65994972e-01 -6.13217753e-01  4.97276969e-01 -5.35731743e-01]
 [ 2.64450789e-02  5.79053069e-01 -2.86611040e-01  1.03934787e-01
   3.62689540e-01  1.78313775e-01  6.58453971e-02  2.32885186e-01
   4.45118030e-01 -4.97206541e-01  1.75720050e-01 -3.69316081e-01
  -1.80660493e-01  3.00445402e-01  4.07634753e-01  1.39192465e-01
   1.80604848e-02 -1.38033289e-01  1.24912407e-01 -6.99998384e-01
   2.75068429e-01 -2.67715123e-01  1.79881668e-01  7.26902488e-02
  -7.68451124e-01 -3.17488055e-01 -1.85796077e-01 -6.13830887e-01
   1.97665114e-01  5.70499519e-01  5.62550526e-01  6.10184524e-01
  -2.62766796e-01 -1.54572830e-01  1.06290908e-01 -5.58039926e-01
  -9.92994006e-02 -3.08082573e-01  3.11521376e-01  2.13067850e-01
   4.84765105e-01 -2.28446733e-01 -7.06578779e-01 -1.69799385e-01
   3.13006202e-02 -3.78836568e-01 -3.86110042e-02 -4.93857534e-01
  -2.41690215e-01 -3.03167124e-01  3.28758786e-01  2.11818358e-01
  -2.30381822e-01 -6.23384486e-01  6.41933514e-01 -1.12963252e-01
  -4.21320261e-01  6.43651510e-01  2.02874665e-01 -4.18303867e-01
   4.84443504e-01 -2.26059438e-01 -6.80403912e-01  2.90030389e-01
  -4.04484134e-01  4.30183873e-01 -5.24668991e-01  1.46498172e-01
   2.35243755e-01  2.07865893e-01 -5.16741927e-01 -2.94426451e-01
  -1.07777249e-01  8.23041477e-02  1.67924224e-01 -9.19894219e-02
  -1.41105932e-02  5.49639119e-01 -3.06051275e-01 -6.87718982e-01
  -7.02812881e-01 -2.28900427e-02  3.41171327e-01 -6.23995444e-01
   1.22337505e-01 -2.35647425e-01 -4.85911366e-01 -4.30041565e-01
  -7.07160033e-01  3.71647661e-01  1.13235041e-01 -6.15890278e-01
  -4.15993858e-01  4.27313129e-01 -8.99634205e-02 -4.80862790e-01
  -5.32941524e-01  5.29808746e-02 -3.08768028e-02  4.93733516e-01
  -6.28987141e-01  6.24118327e-01 -2.33220432e-01 -5.51224048e-01
   3.95322743e-01 -1.16462348e-01 -1.03898943e-01 -4.98662395e-01
   1.89636228e-01 -6.51951119e-01 -5.58718724e-01 -2.90175255e-01
  -1.76769535e-01 -4.85111301e-01 -4.94582400e-01  5.65620131e-01
   4.08396692e-02 -5.80163113e-01 -1.13279279e-01  2.08354664e-01
  -1.16900315e-01 -4.40439968e-01 -7.34920566e-01 -3.24999751e-01
  -2.91633188e-01  9.82116953e-02  2.74102770e-01  2.12041508e-01
   3.70934245e-01 -4.25881447e-01  3.65405536e-01 -3.33157461e-01
   4.55604997e-01 -4.23942756e-01  1.74720792e-01 -3.60939290e-01
  -1.02993359e-01  6.06201886e-01 -4.28630427e-01  1.94228825e-01
  -2.53651457e-01  3.52256609e-01  4.07626580e-01 -7.63265398e-02
   3.59862514e-01 -5.67906523e-01 -1.74981328e-01 -5.42584041e-01
   3.17643688e-02  5.19106479e-01  6.30345083e-01  2.81420699e-01
   8.72593992e-02  6.58239035e-02  5.31983174e-01 -6.86736353e-01
   6.05296066e-01  5.28962192e-02  5.39728841e-01  5.49678234e-01
   1.83100382e-01 -4.17537966e-01 -1.04921295e-01  2.51035854e-01
   2.05676506e-01  4.85523836e-01 -6.58676738e-01  6.38683710e-01
  -1.65495828e-01 -6.11532231e-01  3.26291376e-02  6.54376405e-01
   4.54406879e-01 -5.64100240e-01 -3.27374984e-01  5.91069607e-01
  -7.23817524e-01  5.96272322e-01 -6.67674525e-02  4.85044253e-01
  -4.44706046e-01 -2.41327012e-01  1.69454462e-01  4.26053214e-01
  -3.67153181e-02  5.84082083e-01 -5.77067781e-01 -2.63476181e-02
  -4.07152808e-01  5.52539117e-01 -2.92584870e-01  5.50186984e-02
   4.75215644e-01 -4.16307759e-01  3.21578377e-01 -4.79570930e-01
  -3.15831640e-02 -3.18590511e-02 -2.24214730e-01 -4.48005760e-01]
 [-6.02482558e-02 -2.35092289e-01 -6.73846219e-01 -4.44168201e-01
   6.29021197e-01  2.94002304e-01 -4.08037013e-01 -2.80609314e-01
   1.17547263e-02 -5.81464716e-01  3.96156422e-01 -6.02154148e-01
   9.59225142e-02 -7.43350492e-01  3.27064739e-01  4.46937778e-01
   6.81905492e-01  6.64584220e-01 -4.47438397e-02  2.30872984e-01
   5.48209414e-01  5.57921877e-01 -5.43245508e-01 -1.33268665e-01
   4.63832619e-01  4.27533488e-01  4.83936473e-01  3.12784536e-01
  -7.52324885e-02 -1.69330150e-01  3.69253318e-01 -5.11914231e-01
   3.77835631e-01  6.29606177e-01 -9.25630479e-02  3.23640146e-01
  -6.69862619e-01  5.65358206e-01  4.73999860e-01 -2.45279867e-01
   5.69110425e-01  3.67276508e-01 -2.79093688e-01 -7.03635388e-01
  -5.24898370e-02 -3.22745907e-01  6.38858570e-01 -3.07969602e-01
   1.58552595e-01  3.71860029e-01  8.44997614e-02  3.30907177e-01
   8.40318237e-02 -6.54404137e-02 -1.68789120e-01 -7.94105201e-02
   6.08329471e-01  2.25779653e-02 -5.25372350e-01  3.45270838e-01
  -6.07138901e-01  4.12385940e-01 -6.82053435e-01  1.00712919e-01
  -5.54337614e-01 -3.77895668e-01  5.26671783e-01  1.77712991e-01
   2.67960517e-01 -3.27776434e-01 -6.87473753e-01 -5.77753919e-01
  -1.02940086e-01  3.60412215e-01 -3.20025604e-01 -3.27932128e-01
   5.00184730e-01  1.16723775e-01  3.25524776e-02 -1.66088785e-01
  -4.65487988e-02  2.58705018e-01 -3.06749524e-01  1.76884733e-02
   2.24564663e-01  3.60197441e-01  1.82598568e-01 -5.06979600e-02
   6.33403988e-01 -6.88686099e-01 -4.30168643e-01  1.41100633e-02
  -5.40654838e-01 -5.96877992e-01 -5.14150142e-01 -4.61302282e-01
  -2.31194363e-01  1.55973018e-01 -6.20239462e-01  1.64146321e-01
   5.62544660e-01 -2.64728970e-01 -2.78506891e-01 -5.67096669e-01
  -1.34464843e-01 -5.38404344e-01 -6.53975591e-02 -6.04505358e-01
  -1.31485142e-01  5.31748953e-01 -4.55470705e-01  5.46057361e-03
   1.70302882e-01  6.62460081e-01 -6.42841351e-01  2.71221083e-01
   4.83707969e-01 -4.70231851e-01 -3.44125304e-01  2.60270725e-01
  -3.20368796e-02 -9.22058705e-02  5.09419654e-01  1.45807463e-01
  -6.45475496e-01 -8.68010692e-02 -4.97652173e-02  4.80852928e-01
   1.80814871e-01  6.03318978e-01  1.11707912e-01  4.31881560e-02
   2.23227532e-01 -1.87754111e-02  6.14794768e-01  2.06546282e-01
   1.58452424e-01 -3.74337846e-01  3.35525305e-01 -6.82534421e-01
   4.20274890e-01 -5.38617261e-01 -4.50543962e-01 -6.98253492e-01
   6.45737796e-01 -3.88472495e-01 -5.88509558e-01  8.61868872e-02
  -5.62883900e-01 -7.03804553e-01 -3.20472986e-01  2.74253594e-02
  -6.43975366e-01 -3.12307985e-01  3.43193094e-01  2.03088619e-01
   4.55306862e-01 -3.26220437e-01 -2.65860104e-01  3.76311955e-01
  -7.55762271e-01  5.27400248e-01 -9.04754789e-02  3.47840117e-01
  -7.02322197e-01 -6.53163711e-01  4.23855065e-01 -3.90571091e-01
  -5.12967100e-01 -2.31393184e-01 -7.08005055e-01 -6.42488607e-01
  -3.93430297e-02  4.13208519e-01  6.57018005e-01 -5.48570248e-02
   3.11996001e-01  3.77587206e-01 -3.94182932e-01  2.87625406e-01
   4.95659671e-01 -5.29737398e-01 -4.64358900e-01 -5.06148291e-01
   1.74393896e-01  2.99393202e-01 -1.88481443e-02  5.91631782e-01
  -2.72949231e-01 -4.44093775e-01 -1.32008029e-01 -1.70911353e-01
   1.23481676e-01  6.39451104e-01 -2.97567924e-01  3.66893271e-01
  -2.82757235e-01 -2.48852350e-01  3.51278944e-02 -2.80171993e-01]
 [ 5.10195606e-03 -4.37128405e-03 -1.80955099e-03  3.95810691e-03
  -6.43990042e-03 -1.90227731e-03 -5.41441952e-03 -6.07575379e-03
  -8.57647534e-03 -3.33297458e-03 -5.37382943e-03 -3.55807995e-03
  -6.71692873e-03  3.13895253e-03  1.72591858e-03  4.31166642e-03
   4.84877128e-03 -5.36087329e-03 -3.18504653e-03  2.26939214e-03
  -2.27674859e-04  1.56103811e-03 -5.65916831e-03 -2.79899518e-03
  -4.34008806e-03  2.18186025e-03  1.19955997e-03  2.93402522e-03
   6.46330900e-03  2.18065256e-03 -5.70971371e-03 -1.73235033e-03
   1.27490949e-03  3.26549795e-03  6.71584970e-03 -4.44699091e-03
  -6.63035685e-03  3.85859553e-03 -4.32443057e-03 -5.01345282e-03
  -2.83476395e-03  5.79364730e-03 -6.05562144e-03 -4.70596550e-03
  -7.46021471e-04  1.51882511e-03 -2.06677353e-03 -4.12336107e-03
  -1.81357451e-03 -2.91806855e-03 -1.01144032e-02  5.10315171e-03
   1.80736023e-03  1.26828787e-03  5.18826130e-03  6.62374096e-03
  -1.41335078e-03  2.87750513e-03  7.28700809e-03  3.79608097e-03
  -3.11516486e-03  5.10103180e-04  3.79473382e-04 -1.23591951e-03
   8.50804996e-03 -1.96446283e-03 -2.18357304e-03  1.00506158e-05
  -8.59261481e-03 -9.42326120e-03 -2.76332855e-03  3.88186271e-03
   5.94180266e-05  2.33943740e-03  1.95173936e-03 -4.12647842e-03
  -4.24066469e-03  3.57188811e-03  3.73612577e-03  9.68121776e-04
   7.18308942e-03  5.51829954e-03 -3.78057647e-03  2.81881733e-03
  -1.21446072e-04 -1.43565348e-04  6.25015351e-03 -3.82107189e-03
  -1.87656480e-04  1.60796738e-03 -3.56219480e-03  2.38973454e-03
   4.47086332e-03 -2.17317363e-03 -4.94981465e-03 -9.61324878e-04
  -7.41373156e-03  3.83812174e-04 -5.02015723e-03 -8.38812967e-03
   2.89727349e-03 -2.79722192e-03 -7.73584176e-03  6.05449511e-03
   4.17045504e-04 -2.69959863e-03  3.76579015e-03  4.30371548e-04
  -6.12846677e-03  5.92090695e-03  1.51232695e-03 -3.10333658e-03
  -7.95551279e-03  2.70522545e-03 -5.75039878e-03 -4.09103765e-03
  -1.35439224e-03  3.34260892e-03 -7.43379906e-03  1.84740668e-03
  -4.18044511e-03  2.62912149e-03  1.64419594e-03  3.88385533e-03
  -4.67641278e-03  4.28051070e-03 -2.93441611e-03  2.43654336e-03
   9.10400593e-04 -6.17940962e-03 -6.06209827e-03  7.53919852e-06
  -2.57539732e-03  5.39831114e-03 -6.31085207e-03 -5.73143098e-03
  -3.68784453e-03  4.85667716e-03  1.89894246e-03  5.52291643e-03
  -4.35979238e-03 -4.54894583e-03  2.31554805e-03  3.20448507e-04
   1.03515471e-03  4.07796053e-03  3.82363620e-03 -7.13917897e-03
   1.64768774e-03 -2.94333510e-03 -2.06126412e-03 -2.61226732e-03
   8.04715129e-04 -8.11079233e-03 -6.34564220e-03 -4.37648785e-04
  -1.07133461e-04  4.74999358e-03 -1.30348405e-03 -1.66481191e-03
  -5.38073472e-03  5.66976986e-03 -3.89152838e-03  1.97129354e-03
   5.18622443e-03 -4.21387750e-03 -2.83594387e-03  4.19818795e-03
   1.12252492e-03  4.69889101e-04 -1.34159484e-03 -1.38719786e-03
  -1.61846170e-03 -6.90734130e-04  5.09567386e-03  3.60744971e-03
   1.74668043e-03 -6.52452669e-03  3.03258458e-03 -3.56603159e-03
   8.91206781e-04  3.65097207e-03  5.59549655e-03  4.20117425e-03
   1.12861849e-03 -4.97083942e-03 -3.83118484e-04 -4.21190719e-03
   4.20448220e-03 -1.88557225e-03  1.62931807e-04 -7.29700872e-03
  -3.63830394e-03 -6.22634463e-04 -2.55166299e-03  3.11055734e-04
   3.93832207e-04  4.80610202e-03 -4.80565538e-03  9.66536523e-03]]