[[ 1.64663627e-01  7.95476873e-02  2.28251787e-01 -1.09711620e-01
  -1.77323858e-01 -2.47542010e-01 -8.88862473e-02  3.44669554e-01
   6.89078401e-01 -4.11750834e-01 -6.80303698e-01  1.28573856e-01
  -3.37270857e-01 -2.28132414e-01  3.28378520e-01 -4.47950492e-01
   1.89235072e-01  1.47736535e-01  1.83086546e-01 -5.32842599e-02
  -5.93997248e-01 -5.43671051e-01  1.26015052e-01  2.77612405e-01
  -6.46342862e-01  2.23514837e-01 -6.86968380e-01 -4.38830405e-02
  -2.42092734e-01  3.66517867e-01  5.50147024e-01  4.70235894e-01
  -2.58960326e-01  3.37272854e-02  3.86592262e-01  2.60331683e-01
  -1.47682741e-01  1.64007497e-01 -1.24561170e-01  5.95011596e-01
  -5.92857749e-01 -9.72511782e-02 -2.34737241e-01  4.73178904e-01
   3.59930139e-01 -3.82757857e-01  2.92774540e-01  7.47619028e-02
  -2.65971005e-01 -4.61219952e-01  1.22835564e-02  3.38789952e-01
  -7.07531687e-01 -4.53954181e-01  5.35459669e-01  6.09691963e-01
  -4.50165741e-01 -6.28653675e-01 -1.93227249e-02 -2.85788888e-01
   5.25185446e-02 -4.64723815e-03  2.71834929e-01 -5.42782011e-01
  -2.58387751e-01 -4.17628112e-01 -4.05206576e-01  5.20321442e-01
  -3.90230016e-01 -6.12042303e-01  5.11504848e-01 -5.82024291e-01
   4.96139945e-01  3.59465389e-01 -2.90513875e-01 -5.18646783e-02
  -6.35672088e-01  6.33641145e-01 -4.20525252e-01  4.47336033e-01
   2.52030990e-01  3.31830820e-01  5.92860371e-01 -5.96102460e-01
  -2.54399546e-02 -6.63260430e-01  4.96552474e-01  3.88480391e-01
  -3.60487227e-01 -6.96959123e-01  1.05249777e-01 -4.37018633e-01
   7.09910438e-02 -3.27238915e-01  6.31059028e-01  1.10485541e-01
   2.83113479e-01  3.38466607e-01  2.94786355e-01 -6.41818020e-01
   1.47792924e-01 -3.28025705e-01 -2.67039731e-01 -5.20569704e-01
  -1.57287914e-01  3.92337332e-01  5.11510239e-01  5.75420821e-01
  -2.06070580e-01  3.93118951e-02  5.93750583e-01  6.18578689e-01
   4.99966992e-01 -6.54746931e-01  2.86272642e-01  3.17848649e-01
  -5.73489597e-01  1.65263827e-01  2.53238079e-01 -6.86505611e-01
   2.00843931e-01 -6.82763840e-01 -6.28418928e-01 -6.28361211e-01
  -6.18801685e-02 -1.70577260e-01  6.33075690e-01 -4.63401556e-01
   2.83629774e-01 -3.89815731e-01 -4.50148152e-01  8.99345256e-02
   2.05806546e-01 -5.51345592e-01 -7.44044987e-01  4.84016836e-01
   4.76951072e-01 -3.00432901e-01 -3.56745876e-01  6.17830021e-01
  -4.77595108e-01 -6.10969074e-01  2.28990960e-01 -5.83059684e-02
  -3.54545127e-01 -6.68890367e-01  6.61576912e-01  5.82948386e-01
   2.97547997e-01  4.32582057e-01  2.98499671e-01 -3.86382360e-01
  -7.75483297e-02  6.56796256e-01 -2.70091349e-01  3.44160535e-01
  -6.28747970e-01 -6.91438355e-01 -2.75481912e-01 -1.70794983e-01
  -6.90793580e-01 -5.25854349e-01 -6.24055838e-01 -7.06914877e-01
  -2.32889499e-01  4.02113111e-01 -5.30988704e-01 -2.72996157e-01
   3.60876329e-01 -2.19833696e-01  6.24557616e-01 -5.80891424e-01
   4.33836637e-01  3.64107281e-01 -4.82521832e-01  3.78352229e-01
  -1.07242639e-02  3.20892509e-01 -1.87663698e-01 -2.98371280e-01
   6.90748448e-01  5.38338767e-01  3.96260607e-01  2.91209480e-01
  -2.96105847e-01 -4.93085174e-02 -4.02805950e-01  2.73924753e-02
   7.83643523e-02  6.51611748e-01 -6.26814999e-01  4.83362466e-01
  -5.97178367e-01  2.54948104e-01  2.46478925e-01 -3.37131184e-01
   1.63513656e-01  4.36345254e-01  4.20987054e-01  4.90174749e-01]
 [-1.00437217e-01  4.90933368e-01  6.62312138e-01 -3.94725463e-01
  -6.51358801e-01 -5.96490105e-01  2.94645148e-02  4.31823958e-02
  -6.48840520e-01 -4.06312708e-01 -4.00383741e-01 -3.57165561e-01
  -3.19849675e-01 -4.97914637e-01 -4.02477183e-01 -5.45812873e-01
   2.48689859e-01 -6.96589900e-01 -6.04771025e-01 -6.53692026e-01
  -2.53275433e-01 -6.72515296e-01  3.94209136e-01  6.75000285e-01
  -5.98393859e-01  3.02378610e-01  2.48990369e-01 -4.20004157e-01
   6.22061043e-01  5.82349979e-02 -4.50610316e-01 -1.89230418e-01
   6.07753833e-01 -4.49278203e-01 -9.29617353e-02 -2.89774209e-01
  -1.63912674e-01  2.95743674e-01  5.69093995e-02 -3.54420025e-01
   4.88917587e-01 -4.93422054e-01  1.37343197e-01 -3.67077215e-01
   2.65984954e-01  5.54669757e-01 -9.36377329e-02  6.16384600e-01
   4.64487983e-01  4.15554667e-01 -3.52309777e-01  8.52930252e-02
  -5.94845377e-01  1.06934757e-01  5.64773225e-01  1.68078964e-01
  -5.17033793e-01 -5.81097848e-01 -6.78422291e-02 -4.93480152e-01
   5.32120759e-01 -1.13803182e-01 -3.11592926e-01  5.29749279e-01
   3.61092077e-01  2.94079493e-01 -6.95439802e-01  1.75624297e-01
   4.00934674e-01 -5.39462702e-01 -7.61553604e-02 -4.44626823e-01
   2.29456516e-01  6.98764019e-01 -1.16119504e-01 -3.23237338e-01
  -2.18781851e-01 -6.87515641e-01  3.61442072e-01  1.97254923e-01
  -3.63070229e-01 -6.13719414e-01 -2.11529253e-01  2.75331473e-01
  -3.07259928e-02  7.00118620e-01 -5.36520100e-01 -4.78660724e-01
   6.85841024e-01  5.28827569e-01  4.15848327e-01 -4.92282839e-01
   4.30690963e-01  2.70640713e-01 -3.77665295e-01  4.95016429e-01
  -5.83048034e-01  4.82792954e-01  6.14916696e-01  3.97273171e-01
  -4.81117139e-01  3.55361068e-01 -4.67382817e-01 -5.84057297e-01
  -4.13848202e-01 -5.72507048e-01 -6.14774783e-01 -5.45809431e-01
  -5.15865548e-01 -2.72461148e-01 -1.10876027e-01 -2.67226917e-01
   6.88450970e-01 -1.62464280e-01  2.58967917e-01  3.68531392e-01
  -3.43764264e-01  5.05872841e-01  3.26049038e-01 -6.35053816e-01
  -1.84509070e-01  4.01898278e-01 -3.79204350e-01  2.03044236e-01
   3.24134651e-01  7.44016096e-03  6.84339359e-01  2.43767591e-01
   3.46499377e-01  2.63773013e-02  3.04504820e-02 -7.18206918e-02
  -2.48246949e-02 -1.75898892e-01 -1.18040263e-01  6.71056197e-01
   1.98514512e-02 -3.74887370e-01  6.91956501e-01  1.29498171e-01
   5.18795311e-01  7.81959752e-02 -5.94226953e-01 -6.95724089e-01
   9.64896681e-02 -3.09799592e-01 -1.16117796e-01  5.20816384e-01
   1.49108038e-03 -1.77391234e-01 -1.46246626e-01 -1.46433780e-01
   4.62696348e-01 -1.75787633e-01  4.26735862e-01  4.32811035e-01
  -6.89126109e-01  5.83314521e-01  6.68484694e-01 -6.14557516e-01
  -3.60767704e-01  1.50629787e-01 -2.69250732e-01  4.38384167e-01
   5.20745472e-01  5.20898503e-01 -6.59580754e-01 -4.91215713e-01
  -1.97389169e-02 -6.34646652e-01  1.53280898e-01 -1.22438643e-01
  -5.43678162e-01  5.82447143e-01  4.20800460e-01  6.71567569e-01
  -3.46466254e-01  2.00811480e-01 -3.48749717e-02 -1.02515788e-01
  -6.49549653e-01 -6.63278614e-01  4.73384863e-01 -6.49146573e-01
  -1.58999583e-01 -3.82944431e-02  2.79431289e-01 -7.10149073e-01
  -4.48298744e-01 -5.78786051e-01 -2.13864583e-01 -1.99418869e-01
  -3.11242267e-01 -6.16355701e-01  1.59920288e-01  1.60123319e-01
  -3.97229945e-01  4.04267389e-01  1.89769353e-02  9.43241899e-02]
 [-6.62443384e-01 -1.36089330e-02  3.01443108e-01  7.10932883e-02
   2.78241661e-01  1.42773654e-02 -5.81813917e-02 -4.27742502e-01
  -2.60146957e-01 -2.03811827e-01  3.50458240e-01 -6.86748514e-02
   3.10660707e-01 -7.03819106e-01 -2.13122697e-01 -3.02001701e-01
  -2.69184819e-01  2.38165243e-01 -5.19443982e-01 -5.43798676e-01
  -4.69341893e-01 -3.72003982e-01  2.38594856e-01  3.40097920e-01
  -3.68612121e-01 -4.76312983e-01 -2.45043572e-01  5.91335019e-01
  -4.73482947e-01 -1.12979292e-01 -1.39160126e-01 -1.69057909e-01
  -4.94762090e-02 -8.09194136e-02  1.08263879e-01  2.96745177e-01
  -6.37290682e-01  2.99606128e-01 -7.58062145e-02  1.18227797e-01
   4.30978466e-01  2.29381379e-01 -1.86618088e-01  4.30888189e-01
   3.19409109e-01 -1.63518056e-01 -1.71355733e-01 -3.47023029e-01
  -1.91030837e-01  5.92177315e-01 -3.05503768e-01  9.94598011e-02
   3.55359552e-01 -2.28952683e-01  9.78082622e-02  1.40064870e-01
   3.27767628e-01  2.30178384e-01 -5.46183209e-01  2.36466169e-02
   5.66888781e-01  1.49936676e-01 -6.95281636e-02  5.34172021e-01
   2.37315389e-01  1.11183518e-01  7.11599819e-02 -5.56597887e-01
  -6.22685123e-01 -4.28565703e-01 -1.52238741e-01 -5.35290683e-01
  -1.68418616e-01 -1.45687934e-02  4.35898853e-01  3.00908526e-01
   2.73544552e-01  5.01081015e-01  5.64101390e-01  8.60236839e-02
  -3.54654631e-01 -3.67949996e-01 -3.53626151e-01  5.90562374e-01
  -3.26351302e-01 -6.71185010e-01 -1.09328748e-01 -6.76643295e-01
   2.92526078e-01 -6.05569603e-01  3.92187976e-01 -4.47484081e-01
  -3.10853581e-01  1.56799991e-01 -5.94676587e-01 -5.06759657e-01
   4.98404610e-01 -6.69401038e-01  2.14247953e-01 -1.54387742e-01
   3.32537558e-01  1.83494143e-02  5.16118466e-01  4.26405163e-01
  -3.48530129e-01 -4.77469106e-01  5.93272985e-01  3.64698186e-01
  -4.36949223e-02 -1.93138745e-02 -6.23031445e-01 -4.27638145e-02
   5.21558188e-01  4.56591723e-01 -5.05165223e-01  3.26221629e-01
  -1.99346679e-01  1.67500453e-01  4.68189597e-01 -4.28290374e-01
   2.58067396e-01  4.42185552e-01 -4.92540986e-01  4.52158232e-02
   2.05681413e-01 -7.18291336e-01  3.86795482e-01 -5.91131991e-02
  -5.76441041e-02  5.47567851e-01 -6.29573487e-01  4.48108381e-01
   4.54647799e-01  1.33161823e-01  5.86195213e-01 -6.22976310e-01
  -5.32258660e-02 -4.70562126e-02 -5.56413027e-01  1.64591605e-01
   2.01469701e-01  2.75248013e-01 -1.23100732e-01  5.31861546e-01
  -4.90152612e-01 -5.04584953e-01  4.47680351e-01  1.04303856e-01
  -1.73257513e-01  2.53693357e-01  2.81560725e-01  1.74829395e-02
  -7.18535228e-01 -2.88119229e-01  9.38168021e-02 -7.12712753e-01
  -7.26405940e-01  4.91753267e-01  4.94321009e-01 -5.97759739e-01
   2.97712363e-01 -7.00131055e-01  5.43506634e-02  1.45982891e-01
  -5.71239942e-02 -3.54648325e-01  1.11825189e-01  5.34958190e-01
   5.82743219e-01  8.54567755e-02 -6.37381154e-01 -9.29870279e-02
   3.13812403e-02 -2.31986985e-01  1.34953323e-01  5.88327768e-01
  -9.52024524e-04 -5.90055471e-01 -5.07808958e-01 -4.65496029e-01
   4.99233259e-01 -3.62417046e-01  5.59991749e-01 -2.85958617e-01
  -4.52768254e-01 -2.13897244e-02 -4.47792212e-01 -4.05089218e-01
   1.48110021e-01 -3.95933500e-01  2.40667801e-01  4.52492956e-01
  -5.17165904e-01  4.64864792e-02  1.77945390e-01  2.73158729e-01
  -4.59778085e-01 -2.18509352e-01 -3.85397406e-01  5.22399048e-01]
 [-6.13199021e-01  1.73565483e-02  6.61931737e-01  5.96713109e-01
  -3.94625183e-01  1.35583884e-01  4.01760818e-01  3.28175470e-01
  -1.84074340e-01  8.92215373e-02 -3.41950906e-01  2.19778608e-01
  -3.80730335e-01 -1.50975681e-01 -3.73634626e-02 -4.77022133e-01
   1.77060217e-01 -5.82697542e-01  2.68984996e-01  5.50193685e-01
   5.82871937e-02  2.99305464e-01 -6.31588831e-01 -5.80602936e-01
   2.14550662e-01 -2.07223606e-01  4.52643046e-01 -6.10464049e-01
  -6.83808790e-01  3.15027056e-01  5.40853391e-01 -2.94882890e-02
   2.48072018e-01  3.87011126e-01 -4.26061326e-01 -3.83170705e-02
  -7.80436532e-02 -2.72240183e-01 -6.29914806e-01  1.43601992e-01
   9.26111768e-02 -4.13451307e-01 -4.29424122e-01 -7.04493553e-01
   1.45385874e-02 -5.23547771e-01  1.51673043e-01  6.26138380e-01
  -6.83673305e-01 -4.67332352e-01  1.58538615e-01 -6.19090401e-01
   1.92851490e-01  4.79003894e-01 -2.77175068e-01  4.60837714e-02
   6.54659936e-01  8.13917206e-03 -9.76225048e-02 -7.81464467e-02
  -9.38836161e-02 -4.52932953e-01  1.40725776e-01 -3.99364698e-01
   5.11145452e-01  6.80948088e-01  2.98663856e-01  5.70215342e-01
  -1.12124087e-01  5.47197643e-01 -4.72512659e-01 -3.13802179e-01
   5.73849611e-01 -7.75604363e-02 -5.00670022e-01  3.86521270e-01
  -2.84403081e-01  2.96075354e-03  2.16610083e-01 -4.11414598e-01
  -2.83086734e-01  3.87048038e-01  2.90745053e-01  7.00121728e-01
   3.48519348e-01 -2.68727603e-01 -5.86574404e-01  5.82765702e-01
  -2.26586620e-01  6.62676041e-01 -5.25449456e-01  2.20814157e-01
  -3.33088120e-01 -3.15141254e-01  4.80236678e-01 -1.59079454e-01
  -1.90509987e-01  2.24051667e-01 -6.81826205e-01 -3.21300330e-01
  -5.46929579e-01 -4.89030240e-01 -2.47636311e-01 -4.12626373e-01
   1.15365064e-01  2.76159539e-01 -4.28879592e-01  5.07782980e-01
  -1.98257548e-01 -1.10364043e-01 -3.53045838e-01 -5.92112935e-01
  -3.73350516e-01  2.92632326e-01  2.78312441e-01  3.91648817e-01
   5.21366220e-01  5.33238889e-01 -4.43365944e-01 -5.99427972e-01
  -1.34003393e-01 -1.39615947e-01  3.39408294e-01  4.51762118e-01
  -4.93802908e-01 -6.00003003e-01 -1.25569610e-01  2.23279423e-01
   1.59336926e-01 -4.56298155e-01 -5.17602592e-01 -3.44842983e-01
   4.65475571e-01  4.04853332e-01 -2.99300146e-01  5.54176253e-01
  -6.88915264e-01 -6.03139361e-02 -3.22291602e-01  2.78257832e-01
   6.80060566e-01 -3.26233057e-01 -3.03319875e-01  6.84205834e-01
   5.17575222e-01 -5.83961727e-01 -5.62312252e-01 -4.88998305e-01
   3.50299826e-01  5.17537178e-01 -3.75383536e-01 -5.83125350e-01
   1.27682544e-01 -1.30852275e-01  6.13791859e-01 -2.06846294e-01
   6.80412662e-01  5.79323014e-01 -4.18662999e-01 -1.19561879e-02
  -2.96486774e-01 -5.66648388e-01 -8.51640338e-02  1.52174596e-01
  -4.46009799e-01  1.73465966e-01  3.83863694e-01 -2.57250130e-01
  -2.75734300e-01 -6.45026806e-01  1.16184649e-01  1.00346940e-01
   1.29965513e-01 -4.31205104e-01 -6.51619510e-01  4.29136074e-01
  -3.18052888e-01  4.62093257e-01 -4.15774226e-01 -2.33523408e-03
  -5.44762775e-01 -1.50144040e-01  6.18689707e-01  7.53235137e-02
   3.78885541e-01 -2.72460559e-01  1.52618504e-02 -2.11439258e-02
   2.24378358e-01  6.44422674e-01  6.21405570e-01 -6.63179633e-01
   4.88341227e-01 -6.83416694e-02 -1.92022603e-01  9.94715328e-03
  -5.98358793e-01  1.13222183e-01  4.41822363e-01 -2.29428863e-01]
 [ 3.92655403e-01 -7.10350783e-01  5.04776419e-01  2.20997135e-02
   4.11295792e-01  2.76932728e-01  5.99126978e-01 -6.01978891e-01
  -6.96067827e-01  5.00162584e-01  1.80773921e-01 -3.14161818e-01
  -3.08671264e-01 -2.26210656e-01 -4.27376756e-02 -1.29201068e-01
  -5.38714329e-01 -5.96119342e-01  2.72896985e-01 -4.22935408e-01
  -1.70895101e-01  4.78612254e-01  2.43341165e-01 -7.17271031e-01
   5.69150352e-01 -1.26335648e-01  4.62321636e-01  3.34675238e-01
  -5.56873848e-01 -4.38481884e-01 -2.25190161e-01  3.40364324e-01
  -8.57379767e-02  4.88351867e-01 -3.69045786e-01  2.40115743e-01
   3.22339052e-01 -6.96305833e-01 -2.48753533e-01  4.31150409e-01
   6.09051460e-01 -4.44764139e-01 -6.85037680e-01  5.53149108e-03
   5.88235537e-01 -7.84892926e-02 -2.15564065e-01 -5.11520173e-01
  -1.44577223e-01 -2.48080020e-01  6.17127297e-01  3.41596535e-01
  -1.84586823e-01  1.04821688e-01 -4.54457236e-01  6.08712192e-01
   8.34639930e-02 -1.26754244e-01 -9.26169432e-02 -1.28592614e-01
  -7.24946099e-01  4.68510760e-01  8.14033942e-03 -1.82691219e-02
  -4.05739985e-01 -3.26724272e-01 -4.71325856e-01 -1.83390296e-02
   2.92516096e-01 -3.71967588e-01 -2.04294294e-01  3.12883573e-02
  -4.30223226e-01 -2.69154644e-01 -6.39625985e-01 -2.02215562e-01
   4.00220402e-01 -1.18629364e-01 -5.15983114e-01  2.85180537e-01
  -3.19150741e-01 -3.49782244e-01  2.25173455e-01 -2.71273727e-02
  -2.72607656e-01 -2.56311006e-01  3.65376378e-01  1.84759562e-01
  -3.33455000e-01 -1.73410325e-01 -4.74731326e-01 -5.13595395e-01
  -1.00428299e-01  5.91279680e-01 -6.28244532e-01 -4.19057197e-01
  -6.81516394e-01 -6.53319801e-01 -1.67535410e-01 -4.18394485e-01
  -2.34071015e-02  3.59203808e-01 -4.40822150e-01 -2.69729113e-01
   2.06572121e-01  3.40344154e-01 -1.95911372e-01 -6.99981151e-01
   3.14699920e-01 -3.08915839e-01  2.46241036e-01 -3.52671460e-01
   3.50494798e-02  5.47949598e-01 -4.56332992e-01 -3.74630390e-01
   3.99118919e-01  3.02514623e-01  4.46611172e-01 -4.71901758e-01
  -1.25918887e-01 -5.60521188e-01 -2.95997989e-01  2.88224893e-01
  -1.02388945e-01  6.54345686e-01 -1.87989523e-01  2.03028147e-01
  -3.28523604e-01  5.20766405e-01 -7.05334100e-01 -5.56591776e-01
   3.96452451e-01  7.15989202e-02  6.22839501e-01 -1.65764418e-01
   3.42200776e-01  1.77991961e-01  8.98743429e-02  5.31297993e-01
   4.78312052e-01  2.71935896e-01  4.36026928e-01 -3.18160729e-01
   6.28467533e-01  5.48406341e-01 -2.92191657e-01 -5.42544364e-02
  -3.83263993e-01  4.81081019e-01 -1.26818105e-01  5.07342809e-01
   3.75812400e-02  4.45204099e-01  7.97733920e-02 -4.63316264e-01
   3.59737280e-01  5.82266903e-01 -1.51712231e-01 -1.81690905e-01
  -4.82242246e-02 -1.74753231e-01  4.93054087e-01 -2.27172381e-01
   3.86369355e-01 -3.00213297e-01 -5.09728831e-01 -1.69801820e-01
  -3.90559524e-01 -1.55447190e-02  2.71893245e-01  1.43032187e-01
  -6.67103936e-01 -1.97082303e-01  1.12381200e-01 -4.14224692e-01
   3.73596120e-01  1.50737927e-01 -6.42396280e-01  4.41801965e-02
   4.81326884e-01 -7.26939396e-01 -6.04657123e-01 -4.49812576e-01
   3.27401705e-01  1.78616280e-01 -4.45998118e-01  6.82359337e-01
   1.59680737e-01 -1.96988762e-01  1.24111961e-01 -5.39648002e-01
   4.66413571e-01  1.28744678e-01  6.34610482e-01  1.83127027e-01
  -6.91047635e-01  7.90156901e-02 -5.92288500e-01  1.27426902e-01]
 [ 4.65699050e-03  1.09896828e-03  2.78798148e-03 -3.28332862e-03
  -6.19118857e-03 -2.85289795e-03  1.37725469e-03  7.00438232e-03
  -8.87962322e-04  6.26831535e-04 -5.13522320e-03 -6.05250367e-05
  -4.41930560e-03  2.48089183e-03  1.49951457e-03 -1.36983906e-03
   6.18221581e-03 -6.52243950e-03  4.53168755e-03  5.92253592e-03
   2.78077300e-03  1.28354540e-03 -6.51105723e-03 -2.48106864e-03
   7.25267986e-04  8.08771044e-03  3.00894575e-03 -7.34536675e-03
   2.14703231e-03  1.38704274e-03 -7.09942295e-04 -5.33458411e-04
   1.53863150e-03 -1.19986804e-03 -3.45147957e-03 -6.68956532e-03
   5.95332874e-03 -2.93530232e-03 -1.60765975e-04 -1.73544496e-03
  -3.24604249e-03 -5.07088068e-03 -2.69622176e-04 -5.51346785e-03
  -1.90297519e-03  2.57603059e-03  1.51299534e-03  5.94333446e-03
   2.01134714e-03 -5.33718577e-03  1.32462983e-03 -5.42005038e-03
  -4.31068025e-03  3.46989127e-03 -4.48392831e-04  2.02079429e-04
  -6.86349522e-03 -3.69507720e-03  6.21858411e-03 -2.24863597e-03
  -4.42055454e-03 -6.40020739e-03 -2.14029867e-03 -4.96166679e-03
  -1.21617474e-03  1.43579456e-03 -2.75246043e-03  5.11328908e-03
   5.48007688e-03  4.02803333e-03 -8.69019914e-05  7.11627789e-04
   2.39971663e-03  1.16106946e-03 -4.34524777e-03 -6.02542719e-03
  -4.56122648e-03 -4.37846360e-03 -5.60170473e-03 -4.40856516e-03
   1.85504471e-03  4.04246762e-03  1.73422823e-03 -3.07834551e-03
   7.58357526e-03  2.67448175e-03 -2.21524454e-03  4.96205528e-03
  -2.69896925e-03  5.43585488e-03 -4.05649549e-03  2.76618587e-03
   6.73262520e-03 -5.08581532e-03  5.11168354e-03  8.23278603e-03
  -5.35395877e-03  7.41172663e-03 -2.97343604e-03  9.98704177e-04
  -5.39513529e-03  1.37688680e-04 -5.85627437e-03 -5.71877612e-03
   3.64005746e-03  2.78761822e-03 -5.56736772e-03 -3.09260132e-03
  -2.31045543e-03 -1.72540686e-03  5.57837498e-03 -2.05248141e-03
  -3.03667986e-03 -7.12423367e-03  7.05517149e-03 -1.21988285e-03
   1.39327501e-03  1.60769684e-03 -6.06772927e-03 -2.95452508e-03
  -6.06307416e-03 -2.51484149e-03  3.58171575e-03  1.73884259e-04
  -3.43525062e-03  4.14354715e-03 -1.13648179e-03  6.13478250e-04
   1.48565119e-03 -7.48598623e-03  1.19725974e-04 -4.66008111e-03
  -2.03913409e-03 -2.95247984e-03 -6.53112456e-03  7.07099658e-03
  -3.52956556e-03 -8.24095217e-04  4.47943773e-03  4.28001131e-04
   2.57183878e-03 -3.08371582e-03 -1.29918397e-03 -5.45565129e-03
   4.24168698e-03 -3.62037665e-04 -4.63810783e-03 -2.84953967e-03
   2.57365658e-03 -7.87811683e-04 -5.35544103e-03 -3.00478696e-03
   7.45493899e-03  7.35318270e-04  2.21591921e-03  7.99159414e-03
   3.91509758e-03  5.28726439e-04 -5.12046907e-03  2.91247455e-03
  -3.89216347e-03  8.93795904e-04 -2.47689352e-03 -2.97269642e-04
   1.19404845e-03  5.47033779e-03 -2.63430672e-03 -6.55339735e-03
  -6.22211913e-03 -4.59150316e-03  4.75468492e-03  1.91295606e-03
  -2.35706784e-03  4.86794318e-03 -6.93628272e-04  1.24166459e-04
  -3.56389128e-03  5.42426317e-03  1.42667059e-03  4.96884211e-03
  -6.11146909e-03 -5.98091570e-04 -1.99656346e-04  1.04065909e-03
   5.26264276e-03 -2.61764349e-03  4.72314633e-03  2.10548072e-03
  -5.91451894e-03  1.38932086e-03 -4.29191789e-03 -4.83809114e-03
   4.53844031e-03 -2.57451104e-03 -3.04954347e-03 -6.95382356e-03
  -8.61547439e-04  2.47951711e-03  5.88353272e-03 -4.69863636e-03]]