[[ 1.45589524e-01 -5.03084894e-01 -2.22138796e-01 -4.31082390e-01
   4.32754745e-01  1.46582954e-02 -5.27327302e-01 -5.89513137e-01
  -6.40053253e-01  2.51136723e-01 -4.14036543e-02  2.56182703e-01
  -5.08470501e-01 -6.23923288e-02 -6.88531449e-01  3.63376156e-01
  -4.09981877e-01 -1.48775286e-01 -1.88225373e-01 -1.30463712e-01
  -1.90524879e-01 -4.48241532e-01  2.79911634e-01 -6.17608587e-01
   6.62565651e-01 -3.16256370e-02  3.31014991e-01 -2.50239588e-01
   6.24606109e-01 -4.75889185e-01  2.00417628e-01 -6.63281239e-01
   5.07662142e-01  1.71102241e-01  2.66863141e-01 -2.38297565e-01
  -2.05999483e-01  5.48908565e-01 -3.09407258e-01  4.75624328e-01
   1.52167743e-01 -2.81278442e-01 -2.81078112e-01  6.27538395e-01
  -2.29315176e-01 -6.89949278e-01 -6.77135253e-01  3.83398134e-01
   5.11462983e-01  1.48319119e-01  1.63022540e-01 -3.04005323e-01
  -2.77242150e-01 -2.77221664e-01  5.56889279e-01  2.72388403e-01
   6.84500327e-01 -2.17435662e-01 -1.44967879e-01  6.90064153e-01
  -2.82171857e-01 -5.94712516e-01  2.60021236e-01 -2.45770456e-01
  -5.45591919e-01  1.88037705e-01  7.67475689e-04  5.94921718e-01
  -5.08036957e-01 -6.68211491e-01 -3.94769683e-01  4.39625250e-01
  -2.84036660e-02 -6.64847014e-01 -5.44140872e-01  1.85947622e-01
  -2.56564086e-01  5.56365889e-01 -6.00490264e-01  6.83345083e-02
   6.29753575e-01  3.89178448e-01 -1.39536695e-01 -2.44754025e-01
   1.61449091e-01 -3.12878099e-01  6.17202553e-01  5.91360030e-01
   6.29914372e-01  1.96535512e-01 -4.97688515e-01 -3.48508066e-01
  -6.93937216e-01 -1.82966499e-01  5.92503365e-01 -6.05906752e-01
  -1.19023037e-02 -3.50328155e-01  6.54414003e-01 -7.30649717e-02
   5.29161016e-02 -1.33196241e-01  1.31016971e-02 -3.26860377e-01
  -1.47726799e-01 -9.38449526e-02  1.17424352e-01 -1.76594024e-01
  -3.35430652e-01  5.42841709e-01  1.95023437e-01 -6.99435834e-01
   3.28928629e-01 -6.93727590e-01 -2.85447194e-01 -4.19256501e-01
   1.02118300e-01  5.57720145e-02  1.25783063e-01  3.87336377e-01
   2.46979507e-01  1.96358873e-01  2.51858781e-01 -2.13812901e-01
  -3.41043528e-01 -4.05386544e-01  5.88928468e-01  1.81569085e-01
   1.72562802e-01 -6.36681273e-01  6.69293283e-01 -7.43918226e-02
   4.19267194e-01 -6.66508768e-01  6.89543998e-01  6.83398500e-02
   5.43519798e-01 -5.17366717e-01 -9.44176436e-02 -2.75073932e-01
   8.55479805e-02  4.45724581e-03 -6.58459334e-01 -6.89273755e-01
  -5.68998040e-01  4.55621274e-01 -4.30884870e-02 -2.47849662e-01
  -4.57480614e-01 -4.59857771e-01  5.79351002e-01 -3.00743275e-01
  -2.09351648e-01 -4.00845884e-01 -4.91674651e-01 -6.20598936e-01
  -3.56209857e-01 -1.41093070e-01 -4.47303471e-02 -4.17244879e-01
  -5.73658193e-01  2.38093707e-01  5.33831782e-01  3.27703454e-01
   2.35412784e-01  6.34334864e-01  4.09333699e-03  5.99146925e-01
   1.90587551e-01 -7.54594802e-03 -1.02890268e-01 -6.50311740e-01
  -6.22930604e-01  2.76200088e-01 -2.80564252e-01  3.70725046e-01
  -1.37356742e-01 -5.96270083e-01 -6.61655358e-01  4.84736654e-01
  -5.20096676e-01  4.60449083e-01 -1.53116120e-01 -3.81099476e-01
   1.12618196e-01  4.93438803e-01 -1.55451580e-01 -1.73197826e-02
  -1.21163659e-01  2.47363240e-01 -6.11220001e-01  4.25999512e-01
  -5.11226227e-02  4.28562657e-01  1.04536514e-01  6.41726101e-01
  -2.10045792e-01 -4.57680989e-02  2.55839951e-01  5.72018603e-01]
 [ 2.79519238e-01 -5.56932150e-01  1.93557038e-01  5.85584064e-01
  -3.95767235e-01  4.07725490e-02 -5.97685720e-01 -6.66436669e-01
   5.57520813e-01 -6.68913198e-02 -5.11739609e-01 -2.30425549e-01
  -2.31994794e-01  5.72861946e-01  3.59794178e-01 -1.56239209e-01
   4.03378163e-01  1.19953569e-01 -1.21326901e-01  2.91154591e-01
  -6.79476081e-01  6.01840199e-01 -5.67651529e-01  5.05731301e-01
  -4.01842508e-01 -5.98738157e-02  9.75500598e-02 -3.24009754e-01
  -5.91387397e-01 -1.41793371e-01 -5.55591864e-01 -2.68649442e-01
  -1.04480884e-01  2.65479194e-01  3.90701570e-01  3.39700093e-01
  -2.55994783e-01  5.80595970e-01  6.45536931e-01 -6.26170268e-01
   3.56394530e-01  1.75838017e-01 -4.31939335e-01  5.46488358e-01
   5.75500332e-01  4.24420658e-01 -5.84097804e-01 -5.61308429e-01
  -5.31874527e-02 -3.48125508e-01  1.49769778e-01  1.49307177e-01
   2.02204992e-01 -1.71628654e-01 -1.24185754e-01  3.90054094e-01
   3.40559780e-01 -2.38149657e-01  2.06846848e-01 -4.94486900e-01
   1.72221399e-01  6.02445517e-01 -4.76296146e-02 -2.15654779e-04
  -3.18308334e-01  5.44946183e-01  5.52582567e-01  3.54425319e-01
   5.27867664e-01 -5.15228276e-01 -3.71172329e-01 -5.00869888e-02
   7.40664447e-02 -1.36288429e-02  1.05877126e-01  5.53326503e-01
   5.48073771e-01  2.43483080e-01  7.92481759e-02 -6.44041742e-01
  -3.56204829e-01 -2.37817040e-01 -5.05000289e-02  2.48895555e-01
   2.52513129e-01 -1.91986500e-02  1.23527502e-01  1.69567568e-01
  -1.72011590e-01 -6.22087346e-01 -1.79616879e-01 -5.97017456e-01
   5.49149187e-02 -3.71160671e-01  6.07659741e-01  5.82286269e-01
  -1.59779269e-01 -2.65888458e-01 -2.38294138e-01  6.11741671e-02
  -5.20291260e-01 -6.37259088e-01 -2.64716172e-01 -6.96138882e-01
   5.66176516e-01 -4.17842126e-01  4.57578135e-01 -5.59997096e-01
  -1.75663824e-01  5.14514861e-02  3.22530682e-01  2.36893425e-01
  -3.04129315e-01  1.85937019e-01 -5.14572337e-01 -2.49207541e-01
   2.04835412e-01  6.45565979e-02 -5.75562609e-01 -4.11553221e-01
  -2.28115826e-01  3.76383161e-02  5.21013740e-01 -4.46456921e-01
   2.63565049e-01  4.39834352e-01  2.49720041e-02 -1.93588386e-01
  -4.32222985e-01  2.80655432e-01 -5.79375017e-01  6.77441656e-01
  -4.16047290e-01 -6.32641990e-01  4.26824736e-01 -6.78135355e-01
   3.46625371e-01  1.10234163e-01 -1.30375074e-01  2.75195171e-01
  -1.12531079e-01  6.12839467e-02  5.31443405e-01 -6.63520769e-01
  -2.53956343e-01 -1.68856084e-01 -2.55818747e-01 -3.62757500e-01
  -1.08411379e-01 -5.63538866e-01 -5.02630861e-01 -1.35203146e-01
  -2.78124616e-01  5.29674483e-01  3.89914520e-01  1.43490794e-01
  -6.68745187e-01 -6.07755020e-01  6.28205636e-01  2.56068765e-01
   5.14319435e-01  3.87995750e-01 -4.94048541e-02 -5.03381835e-01
  -6.06734035e-01 -1.84341742e-01  1.25195254e-01 -1.56915243e-02
   4.07287858e-01  3.33991710e-01  4.65384644e-01  5.56696661e-01
   3.52006490e-01 -4.94924224e-01  1.68993638e-01 -3.40430752e-01
   2.33657259e-01 -6.24007735e-01 -1.59729857e-01 -5.12846743e-01
   4.64439006e-01  5.45479711e-01  9.28602333e-02 -6.12153406e-01
  -5.36148686e-01  1.72807916e-01 -6.33865881e-01 -3.93939310e-01
   1.68658681e-01  2.30993715e-01 -6.95182948e-01  7.77246623e-02
   1.47488640e-01 -3.89474850e-01  2.38085126e-01 -4.88399979e-01
   3.78349063e-01  1.96229168e-01 -4.28413225e-01 -6.98283677e-01]
 [ 3.02853813e-01  3.56067945e-01 -5.00541749e-02 -6.63514825e-01
  -6.74019039e-01 -2.87232995e-01 -3.36928871e-01 -1.60031412e-01
   1.76597256e-01  1.79892484e-01  3.27525419e-01  3.49338042e-01
  -4.94110879e-01 -3.89127829e-01 -4.90702917e-01  4.13523658e-02
  -6.32347213e-01 -2.86377486e-01 -1.52180603e-01  7.17116852e-01
   6.99378641e-01 -1.49087177e-01 -5.23772495e-01  1.55239373e-01
  -3.61742243e-01  3.41216339e-01 -4.70794905e-01 -1.30257181e-01
   6.34394997e-01 -1.87930581e-01  1.45447721e-01 -2.65152861e-01
  -1.66506331e-02 -3.66224888e-03 -3.35744766e-01 -4.47014593e-01
   5.84312841e-01 -2.65303276e-01 -4.44887498e-01 -2.56256766e-01
   6.51181235e-01 -5.80543086e-02  6.64675935e-01  3.87086475e-01
   2.54373915e-01 -7.26524641e-01 -2.66704975e-01  5.56926086e-01
  -5.77211245e-01  4.63687586e-01  7.90406055e-02 -4.92857359e-01
  -6.83860583e-01 -5.99537203e-01  6.11037412e-01 -6.88104978e-01
   2.55266642e-01 -5.10465994e-01 -2.67007672e-01  1.95837993e-01
   2.44977890e-01 -6.79475778e-01 -6.72620788e-02 -4.41317490e-01
  -6.26682734e-01 -1.31672299e-01 -4.70572233e-01  3.26711018e-01
  -3.38157672e-01  6.57251479e-01  1.29179550e-01  4.15541186e-01
  -2.66559643e-01 -3.63733780e-01 -5.89187781e-01  1.72616334e-01
   1.18338293e-01 -1.98200109e-01 -6.43460488e-01 -2.87018675e-01
  -1.46077388e-01 -5.86519157e-01 -3.68397673e-01 -5.88149059e-01
   5.07339651e-01 -6.46796688e-01  6.58159948e-01  7.07774406e-01
   4.89358065e-01 -5.40607505e-01 -5.05149001e-01  1.09689306e-03
  -4.88413107e-01  1.07704077e-01 -6.01635621e-01 -1.34794939e-01
   4.46488687e-01 -1.10226597e-01  9.87081270e-02  3.09795286e-01
   3.54437681e-01 -8.91289610e-03  3.19379150e-02  3.77223510e-01
   5.65272300e-01 -7.12720538e-01  2.88461127e-01 -3.59930633e-01
  -3.70644506e-01  1.65541750e-01 -6.66878907e-01  3.61603918e-01
   6.67224392e-01  2.00339020e-01  2.20229962e-01 -6.93117400e-01
   1.40392208e-01  4.78202152e-01 -6.26707745e-02 -6.65830583e-01
   4.62773055e-02  3.56932010e-01  5.25765779e-02 -1.42700828e-01
   9.35606467e-02  7.05938694e-01  7.17454377e-02  6.46057263e-01
   5.67444092e-02  1.84513712e-01 -1.60576548e-01  1.57200217e-01
  -5.52227923e-01 -6.83205213e-01 -5.86961917e-01 -4.76090327e-02
  -6.09438339e-01  1.65721929e-01 -6.26711562e-01  4.49309484e-01
  -6.26974924e-01  1.36144844e-01  1.18584411e-01 -1.01770614e-01
   3.12383767e-01  3.92360670e-01  1.83717980e-01 -4.77764986e-01
  -3.94547770e-01 -6.29030247e-01 -1.34505734e-02  4.12781098e-01
  -5.00288366e-01  5.55186880e-01  1.48814201e-01  3.79361074e-01
  -6.66167049e-01  4.40566967e-01 -6.60669074e-01  1.97931003e-01
   5.15704211e-01  3.50630480e-01  3.10236562e-01 -2.00351037e-01
   6.75695520e-01 -4.41727205e-01  2.88776438e-01  7.01251371e-01
  -6.37471934e-01 -5.56992070e-01  6.61362342e-01 -4.96777137e-01
  -6.77773502e-01  2.78295679e-01 -2.19871813e-01 -4.80333160e-01
  -5.90785015e-01 -4.12130742e-01 -4.91664756e-01 -7.06386926e-02
   5.71347611e-01 -6.31083333e-01  6.65817181e-01 -5.76096063e-01
   4.29966567e-01  1.09035051e-01 -5.63831153e-01 -2.87685260e-02
  -4.60145683e-01 -4.76382434e-01  3.05545864e-01 -3.18106410e-01
   3.57547869e-02  7.10088777e-02  1.68526553e-01  4.88490874e-01
   1.40001870e-01  6.65452574e-01 -1.78125175e-01 -5.97916047e-01]
 [-7.09413623e-02 -9.44074754e-02  3.37940032e-01 -3.42038026e-01
  -2.87964189e-01 -4.15677952e-01  4.25331719e-01 -4.72570686e-01
   5.73535577e-01  1.23870557e-01  5.13314879e-01 -2.53339456e-01
  -1.74297435e-01 -1.19771487e-01  4.39081352e-01 -4.55194969e-01
  -6.45883868e-01 -2.63415724e-02 -4.23875685e-01  4.30727176e-01
  -3.19609967e-01  2.34063250e-02  5.27095404e-01  5.52643554e-01
   3.35437823e-01 -1.01515849e-01 -6.52965569e-02  4.36709853e-01
   6.51187377e-01  2.47633337e-01 -5.92848813e-01  3.47499175e-01
  -4.50871634e-01  2.78324019e-01 -3.19081130e-01  2.32136416e-01
  -3.40026833e-03  5.64819718e-01 -7.30666363e-02 -3.23303934e-01
   4.61695604e-01  1.44730672e-01 -1.16612895e-01 -1.54443767e-01
  -6.41114074e-01  1.01978711e-01 -6.97784699e-01  1.47256647e-01
  -6.67281868e-01 -3.73289391e-01  5.59715211e-01  5.87831073e-01
  -1.02224975e-01  5.79602236e-01  1.82047318e-01 -7.89380540e-01
   1.16208275e-02 -1.43767375e-01  3.33361344e-01  6.81469780e-01
  -5.02455322e-01 -1.50109464e-01  5.64908049e-01 -4.39109927e-01
  -3.19485526e-01 -6.79378346e-01 -1.83848387e-01  2.62064854e-01
  -4.34734967e-01  3.89775975e-01  3.93672134e-01 -1.20248931e-01
   3.20410807e-01  1.82157598e-01  3.75795599e-01 -1.41109708e-01
  -2.17455352e-01 -3.32760568e-01  4.58203713e-01  4.86250717e-01
  -3.75748441e-01 -6.85004179e-01 -1.78488840e-01 -3.48287672e-01
  -2.79732915e-01  2.80280049e-01  2.24193032e-01  2.40297727e-03
  -5.15248836e-01  2.09610427e-01 -2.63887593e-01 -6.24864898e-01
   1.35951331e-01 -1.30259353e-01 -4.15471642e-01 -5.06363041e-01
   4.25409873e-01  4.23348834e-01 -4.15506530e-01  2.87640372e-01
  -6.45971600e-01  4.78032607e-01 -4.48222229e-01  4.16296381e-01
   1.99966483e-01  9.98498557e-02 -7.05817099e-01  3.45569683e-01
   8.82985881e-03  3.81783426e-02 -2.33884258e-01 -6.93018144e-01
  -5.00111573e-01 -7.09686238e-01  4.53583917e-01  5.55573127e-01
  -3.37349119e-02  4.03449969e-01 -3.71218820e-01 -1.14575543e-01
  -5.75555867e-01 -1.52139776e-01 -1.34008105e-01 -4.07196931e-01
   1.81796775e-01  2.86696397e-01 -2.72610868e-02  1.34529540e-01
   4.46724653e-02  1.86532795e-01  5.11476303e-01 -6.04576362e-01
   4.96209097e-01 -8.79097942e-02 -4.63077694e-01  3.35301829e-01
  -2.59166451e-01 -6.66891026e-01 -1.19623055e-01 -6.71615382e-01
   2.62748565e-01  2.41356362e-01  3.01097920e-01 -4.60462503e-01
  -1.28984359e-02 -2.66821906e-01 -2.83444861e-02 -3.51660210e-01
   3.16033527e-01  5.00471179e-01 -4.75466877e-01 -5.45084240e-01
  -2.62523263e-01  2.08965611e-01  6.48723248e-02 -5.95854779e-01
   2.83295183e-01  6.53621290e-01  1.24000222e-01 -3.74209364e-01
   5.18098143e-02 -2.27533269e-01 -4.85129061e-03 -1.49174472e-01
  -7.27369979e-01  2.20854517e-01 -1.26916795e-01 -6.77050852e-03
   2.40802289e-02 -3.40826392e-01 -1.34481368e-01  1.99262691e-01
  -5.59086435e-01  3.60156231e-01 -7.41041299e-01  5.95844137e-01
  -9.22972404e-04 -1.41287857e-01  2.44672035e-01 -4.47955153e-01
   3.78172882e-01 -1.63933965e-01 -5.80030105e-01  1.97096227e-01
  -4.69542936e-01 -3.03156509e-01 -6.68735413e-01 -2.22847400e-01
  -4.95628841e-01  6.67187720e-02  3.38930457e-01 -4.44088951e-01
   3.68942035e-01 -6.30298897e-01 -4.68587222e-01  3.41345823e-01
  -5.07587226e-01  1.12298792e-01 -6.77386033e-01  1.12501621e-01]
 [-5.23311599e-01  3.94754449e-01 -3.38933522e-01  1.87595148e-01
  -4.48647010e-01  3.48440815e-02  2.30844471e-01  5.33358976e-01
  -4.44319186e-01 -4.65003599e-01 -2.39237610e-01 -1.90684804e-01
   1.47005127e-02  6.88489196e-02 -3.45424130e-01 -2.83685718e-01
  -2.55226431e-02  2.40817841e-01 -2.19487904e-01  4.99130176e-01
  -5.87862893e-01 -1.85604451e-01  2.28596143e-01  1.04707615e-01
   1.90042492e-01 -1.13535598e-01 -4.82909637e-02  2.11045483e-01
  -6.63597178e-01  6.51978983e-02  2.76159646e-01  4.44813367e-02
  -6.80487885e-01  2.25418083e-01 -1.71121081e-01  1.57763020e-01
  -4.08741398e-01  6.40313577e-03 -6.69248638e-01  3.26184701e-01
  -6.53504773e-01 -1.18534448e-01  5.57796033e-01  2.69707291e-01
  -2.77404342e-02  4.83853873e-01  3.05184775e-01  2.51369380e-01
  -4.67970022e-01 -2.56554439e-01 -4.07635874e-01 -7.04893559e-01
  -5.28861785e-01 -1.14853626e-01 -2.34809368e-01  1.06720953e-01
  -6.80406249e-01  5.33757436e-01 -2.00989259e-01 -7.12928263e-01
   4.09678003e-01 -2.18889478e-02 -7.30166975e-01  5.30523980e-01
   1.19376618e-02  1.82653033e-02 -2.78077395e-02  2.89272351e-02
   1.83453043e-01  5.39265451e-01  2.31347317e-01 -9.53749891e-02
   4.64654138e-01 -7.90815635e-02  5.45912345e-01  3.68363091e-02
  -6.97346432e-01 -1.95774038e-01 -4.67178888e-02  2.57569081e-01
  -1.98866100e-02 -4.83894549e-01  6.07279516e-02  3.36277769e-01
  -4.88919424e-01  1.80063682e-02  2.03295964e-01  6.20648332e-02
   5.34520143e-01  4.79402569e-01 -1.33420954e-01 -1.78009087e-01
   1.43867490e-01  3.96702683e-01 -2.01341225e-01 -5.34291543e-01
   4.05759070e-01  3.08615334e-01 -3.70638057e-01  5.28355015e-01
  -7.01370172e-01 -4.99435803e-01  6.73849858e-02 -4.92005261e-01
  -1.16545579e-01 -4.74895439e-01 -7.24615188e-01  1.35148511e-01
   4.79200386e-01 -3.25616270e-01 -4.84153542e-01  4.64132274e-01
   4.31720600e-01 -7.13545931e-02  2.05194243e-01 -1.40400562e-01
  -6.89848751e-01  6.69496447e-02  5.26168789e-01  4.62735385e-01
   5.04919614e-01  2.31835513e-01 -3.27027541e-01 -7.20415525e-01
  -5.47309033e-01 -2.15408932e-01  3.04624500e-01  3.01124512e-01
   6.22111856e-02 -6.67423727e-01  2.71210067e-01 -4.55697451e-01
  -3.09965061e-01  5.06062643e-01 -4.54709366e-01 -3.34606586e-01
  -2.29048997e-01 -6.87746830e-01  3.12719127e-01 -4.48981253e-02
   2.59554262e-01 -1.51160572e-01  5.34400287e-01  1.56912914e-01
  -5.36567707e-01 -6.90781211e-01 -5.45379394e-01  9.55718348e-02
  -1.40629646e-02  3.17004930e-01 -7.81732885e-03  3.19383946e-01
   2.36417203e-01  2.38464066e-01 -5.93590033e-03  5.27031414e-01
   1.02981479e-01 -2.05854189e-01 -6.95549300e-01 -4.60765563e-01
   3.68363070e-01 -2.72190752e-01  5.38622313e-01  1.41272410e-01
   2.28354036e-01  3.58258317e-01 -1.22569566e-01 -5.69984802e-01
   5.56539867e-01 -6.96656715e-01 -6.75170173e-01 -4.37288953e-03
   1.24662311e-01  6.24448318e-02  3.31457688e-01 -2.87255116e-01
   3.03284580e-01 -1.49928915e-02  2.32833317e-01 -7.15716959e-01
  -4.12155320e-01  4.98661998e-01 -2.80354735e-01 -2.28332950e-01
  -2.20423433e-01 -6.66016166e-01 -3.74643008e-01  2.53633874e-01
   3.62228337e-01  2.20655331e-01  1.57025115e-01 -5.25013377e-02
  -1.75072920e-02  5.76897277e-01 -2.99557153e-01 -1.37519149e-01
   2.57496831e-02 -5.93073790e-01 -1.11312158e-01  2.22998674e-02]
 [ 5.70044185e-03  9.84515296e-04 -1.60460021e-03 -5.81372701e-03
   5.01316203e-03  4.11329435e-03  5.91721062e-06  1.22079955e-03
  -3.69711343e-03  7.60728504e-03  4.46745576e-03  6.34010288e-03
   2.84214117e-03 -5.56750891e-03 -2.06033654e-03  6.38071776e-03
  -6.36559838e-04 -6.86296612e-03  4.16208250e-03 -2.26894094e-03
   2.91785284e-03 -5.37509729e-03 -3.80187832e-03 -5.50837786e-03
  -2.22206875e-03  4.88601985e-03 -4.39083442e-03 -6.21387648e-03
   7.12176852e-03 -4.43268795e-03  4.13931260e-03  2.46810910e-04
   5.84156073e-03 -4.01785589e-03 -3.07259333e-03 -5.91384411e-03
   5.46616207e-03 -1.07536280e-03  1.95326653e-03  1.21544249e-03
   1.15420940e-04 -6.40651555e-03 -5.17021153e-03 -2.70154645e-03
  -1.67773933e-03 -7.28142866e-03  1.17110187e-03 -1.00051609e-03
   4.27424941e-03  5.37478850e-03 -3.88095446e-03  3.14523048e-03
   2.88182610e-03 -3.32893885e-03  2.46290010e-05 -3.75877712e-03
   3.94122003e-03 -6.71004770e-03 -5.00111480e-03  7.13603246e-03
  -7.34924187e-03 -5.01485469e-03  6.11580568e-03 -6.73614298e-03
   1.96629531e-03 -3.44296923e-03 -4.63544320e-03 -2.39073730e-03
  -6.33113456e-03 -5.67743065e-03 -6.81089349e-03 -1.56159109e-03
  -4.17193474e-03  1.50689175e-04 -6.36067304e-03 -5.64050063e-03
   4.07402569e-03 -1.66412696e-03 -3.78430594e-03 -4.72223351e-03
   6.19209643e-03  3.31067566e-03  1.33002887e-03 -6.28501016e-03
   6.01642199e-03 -4.51725740e-03 -1.63918250e-03 -2.43654827e-03
  -2.82967346e-03 -5.04196379e-03  2.66717761e-03  2.03586971e-03
  -4.54967407e-03 -6.63986182e-03 -2.63003345e-03  2.12338009e-03
  -3.91873717e-03 -6.40607517e-03  7.49485257e-03 -3.92576934e-03
   2.50070897e-03  6.54484251e-03  5.08172331e-03  5.16167959e-03
  -5.05708992e-03  3.90876751e-03  4.19608146e-03  9.93050329e-04
  -7.29840874e-03 -1.90121022e-04  4.03661075e-03 -5.24208731e-03
  -1.68120690e-03  1.10871888e-03 -5.46067776e-03 -3.32725573e-04
   6.41027182e-03 -4.10147200e-03 -3.18827133e-03 -5.22931900e-03
  -4.90198712e-03 -5.90256321e-03 -4.03680928e-03  2.27298455e-03
   4.40648721e-03 -5.12516885e-03 -3.54882528e-03 -3.94931421e-03
   2.20850110e-03  4.01036128e-03 -1.82553591e-03  4.11905437e-03
   2.39057618e-03 -1.02250736e-03  2.58989334e-03  7.28641532e-03
  -2.22280275e-03  9.87689249e-04 -5.88665778e-03  3.26698449e-03
  -5.24470506e-03 -6.30395928e-03 -5.57427461e-03  1.75279780e-03
   3.39922486e-03  6.59164308e-03  5.41751578e-03  3.63730913e-03
  -2.24272506e-03 -5.12497915e-03  6.54054425e-03  1.50325607e-03
   2.09302741e-03 -5.12848597e-03 -8.32133445e-03 -6.74084114e-03
   2.93529166e-03  3.45583568e-03  1.22717158e-03  3.01206552e-03
  -6.57433015e-03 -3.17881788e-03 -3.07925809e-03  3.84549905e-03
   3.73754141e-03 -2.51903415e-03 -3.27225346e-03  6.52813300e-03
  -3.89809663e-03  3.83954419e-03  5.70800122e-03 -6.02738625e-03
  -2.63623912e-03 -2.55869625e-03 -2.98870527e-03 -2.06280401e-03
  -6.36826298e-03  2.53628972e-03 -5.21782700e-03  4.59014171e-03
  -2.98313339e-03 -3.44075786e-03  4.19043674e-03  3.80326420e-03
   4.49459442e-03  7.12874491e-03  1.23361402e-03  2.31310279e-03
  -6.10813737e-03 -4.64409031e-03  2.01016512e-03  6.70825967e-04
  -5.43234880e-03 -3.72453422e-03  5.34514299e-03  1.45740650e-03
  -2.25824439e-03  6.00846338e-03  4.40846845e-03  3.48426402e-03]]