[[ 0.00215681  0.00215225  0.00215935  0.00220247  0.00214279  0.00215249
   0.00216253  0.00217153  0.00219018  0.00216645  0.0021588   0.00216485
   0.00219921  0.00212702  0.00213919  0.00217882  0.00215509  0.00215223
   0.00211446  0.00214131  0.00216402  0.00213238  0.00215096  0.00215269
   0.0021636   0.00220243  0.0021548   0.00220303  0.00216182  0.00219531
   0.00215046  0.00216204  0.00212794  0.00214695  0.00221471  0.00218817
   0.00214975  0.00219379  0.00215226  0.00213349  0.00216764  0.00211422
   0.00218737  0.00212636  0.00216371  0.00214623  0.0022263   0.00217082
   0.00216671  0.00216836  0.00213572  0.00215856  0.00214046  0.00214736
   0.00216937  0.00215119  0.00215566  0.00213088  0.00215787  0.00219056
   0.00215861  0.00217158  0.00214133  0.00212771  0.00218646  0.00216294
   0.00213909  0.0021322   0.00212528  0.00218808  0.00215309  0.00221003
   0.00216149  0.00219238  0.00217475  0.00216169  0.00213334  0.00215809
   0.00214462  0.00215472  0.00214716  0.0021585   0.0021343   0.0021371
   0.0021716   0.00219908  0.00216564  0.00220882  0.00218583  0.00216146
   0.0021063   0.00210939  0.00213153  0.00216419  0.00216313  0.00213424
   0.00214561  0.00215677  0.00217546  0.00213901  0.00214552  0.00213034
   0.00213951  0.00216927  0.00216656  0.0021735   0.00218304  0.00211972
   0.00215966  0.00218129  0.0021371   0.00219008  0.00215561  0.00214935
   0.00218629  0.00214081  0.00215041  0.00216016  0.00213781  0.00222522
   0.00216142  0.00220019  0.00211185  0.00222795  0.00216311  0.00212189
   0.00218934  0.00216073  0.00210866  0.00215011  0.00215385  0.0021494
   0.00210397  0.0021592   0.00221209  0.00210383  0.00215241  0.0021886
   0.00219718  0.00216648  0.00210967  0.00215888  0.0021643   0.00214902
   0.00215717  0.00217434  0.00216208  0.00219358  0.00211001  0.00211819
   0.00216271  0.0022134   0.00221843  0.00218072  0.00213592  0.00215795
   0.00219592  0.00213217  0.0021409   0.00217018  0.00217053  0.00215633
   0.00214293  0.00215482  0.00220147  0.00212255  0.00218233  0.00215071
   0.00216188  0.0021668   0.00214164  0.00216639  0.0021566   0.00216215
   0.00214959  0.00218504  0.00214259  0.0021551   0.00214491  0.00216632
   0.00216784  0.00220412  0.00218933  0.00216213  0.00216595  0.00214646
   0.00215694  0.00214781  0.00215833  0.00216665  0.0021575   0.00221531
   0.00215846  0.00221027  0.0021292   0.00218761  0.00212116  0.00218254
   0.00213288  0.00217445]
 [ 0.00307627  0.0030697   0.00309464  0.0031467   0.00306918  0.00308288
   0.00309228  0.00310046  0.00314934  0.00310074  0.00309156  0.00309884
   0.00315535  0.00303675  0.0030656   0.00311434  0.00307503  0.00308533
   0.00303173  0.00305224  0.00308821  0.00304948  0.00307921  0.00307619
   0.00310143  0.0031432   0.00308482  0.00315765  0.00308844  0.00312586
   0.00308346  0.00309937  0.00305722  0.00307953  0.00315594  0.00313105
   0.00306602  0.00313018  0.00308089  0.00305091  0.00310017  0.00303273
   0.00313493  0.0030333   0.00309686  0.00306614  0.00317536  0.00309831
   0.00309158  0.00309389  0.00307358  0.00308196  0.00303927  0.00307615
   0.00310361  0.00306165  0.00307431  0.00303607  0.00308047  0.00313324
   0.00309053  0.00310349  0.0030569   0.00304573  0.00313759  0.0030794
   0.00303821  0.00304873  0.00305155  0.00312631  0.00307404  0.00316896
   0.00307927  0.00313928  0.00311099  0.00307208  0.00303451  0.00308447
   0.00305855  0.00308128  0.0030729   0.00309477  0.00304317  0.00304907
   0.00311187  0.0031613   0.00308676  0.00315182  0.00314214  0.00309804
   0.00303011  0.00303224  0.00304034  0.00308797  0.00308847  0.00303706
   0.00306945  0.0030921   0.00310109  0.00306465  0.00307027  0.00305585
   0.00306738  0.00310015  0.00309598  0.00311346  0.0031188   0.00303109
   0.00308485  0.00313351  0.00304206  0.00313338  0.00308958  0.00307985
   0.00313286  0.00306574  0.00307261  0.00309156  0.00304871  0.0031828
   0.00309013  0.0031555   0.00303746  0.00316964  0.00308408  0.00303116
   0.00313985  0.00310911  0.00303048  0.00307515  0.00308423  0.00307054
   0.0030269   0.00308637  0.00317278  0.00302823  0.00307608  0.0031316
   0.0031384   0.00309461  0.00303121  0.00309182  0.00309381  0.00307123
   0.00308163  0.0030955   0.00309834  0.00315247  0.0030323   0.00303553
   0.00308317  0.0031696   0.00317683  0.00310303  0.00305937  0.00309644
   0.00313883  0.00304513  0.00306787  0.00308657  0.00310287  0.00308229
   0.00305663  0.0030689   0.00314851  0.00304346  0.00312287  0.00308541
   0.0030797   0.00310232  0.00305302  0.00309468  0.00307798  0.00309215
   0.0030734   0.00314036  0.00307676  0.00307784  0.00307006  0.00309324
   0.00310304  0.00313844  0.00314652  0.00308508  0.00309331  0.00307044
   0.00308845  0.00306481  0.0030885   0.003096    0.00307491  0.00317594
   0.00308812  0.00315874  0.00304676  0.00311197  0.00303992  0.00310637
   0.00305575  0.00310438]
 [ 0.02141284  0.02143042  0.02151904  0.02192308  0.02142258  0.02148254
   0.02155073  0.02155404  0.0218495   0.02162342  0.0215583   0.02153783
   0.02193414  0.02118409  0.02131754  0.02167135  0.02143342  0.02150167
   0.02107289  0.0212827   0.02154295  0.02126927  0.02142836  0.02139636
   0.0216428   0.02186827  0.02149905  0.02194838  0.02148729  0.02178074
   0.02147755  0.0215976   0.02124082  0.02141884  0.02198155  0.02183146
   0.02136679  0.0217737   0.02146135  0.02125167  0.02159208  0.02111064
   0.02184472  0.02108607  0.0215182   0.02140596  0.022122    0.02156437
   0.02152797  0.02154621  0.02134965  0.02147063  0.02124401  0.02139028
   0.02157958  0.0213459   0.02141665  0.02117409  0.02143195  0.02176135
   0.02148816  0.02159352  0.02134054  0.02121933  0.02184616  0.02147975
   0.02124397  0.02130029  0.02123887  0.02174302  0.0213623   0.0220966
   0.02146657  0.02181194  0.02164624  0.0214508   0.02116798  0.02144035
   0.02125503  0.02146162  0.0213893   0.02151922  0.02124801  0.02121485
   0.02163234  0.02193789  0.02149545  0.02192077  0.02181567  0.02159101
   0.02106234  0.0211156   0.02122667  0.02147354  0.02154993  0.02120295
   0.02136518  0.02154817  0.02158975  0.02134316  0.02139349  0.02126294
   0.02136649  0.02158012  0.02150397  0.02167712  0.02170666  0.02106579
   0.02145262  0.02175822  0.02122822  0.02178888  0.02151532  0.02142377
   0.02183777  0.02129926  0.02138153  0.02150936  0.02121137  0.0221891
   0.02150004  0.02197013  0.02110741  0.02208959  0.02149666  0.02109504
   0.02188839  0.02158832  0.0211145   0.02137453  0.02146019  0.021346
   0.021046    0.02143434  0.02207323  0.02106671  0.02144367  0.0217658
   0.02177552  0.02155693  0.02107538  0.02153756  0.02153769  0.02138072
   0.02142596  0.02156878  0.02159516  0.0219108   0.02112047  0.02112802
   0.02147393  0.02208631  0.0221338   0.02164523  0.02130583  0.02154979
   0.02179887  0.02125953  0.02134559  0.02153945  0.02160686  0.0214242
   0.02131169  0.02137147  0.02189222  0.02115891  0.02175919  0.02148243
   0.02147646  0.02162149  0.02129986  0.02157148  0.02138443  0.02151332
   0.02134516  0.02181261  0.02138389  0.02137109  0.02137921  0.02152942
   0.021631    0.02185962  0.02182985  0.02143705  0.02149312  0.0213663
   0.02149996  0.02140714  0.02153104  0.02156504  0.02141718  0.02214046
   0.02152769  0.02198687  0.02124416  0.02170044  0.02116878  0.02164799
   0.02128831  0.02158914]
 [-0.03733183 -0.03588337 -0.02660144  0.00982219 -0.03674197 -0.03083398
  -0.02399441 -0.02482388  0.00361644 -0.01866658 -0.02466452 -0.0245733
   0.01114067 -0.06030515 -0.04596103 -0.01403612 -0.03569101 -0.02932941
  -0.07019741 -0.05016785 -0.02488772 -0.05161777 -0.03682849 -0.03846017
  -0.01674235  0.00479521 -0.02907943  0.01251885 -0.02955859 -0.00349613
  -0.03194451 -0.02105144 -0.0531601  -0.03650312  0.01552678  0.00103074
  -0.04173042 -0.004044   -0.03378809 -0.05300208 -0.0198412  -0.06686862
   0.00222945 -0.06951894 -0.02639829 -0.03831387  0.02900644 -0.02386666
  -0.02584075 -0.02411672 -0.04255849 -0.03160816 -0.05480133 -0.03995603
  -0.02066352 -0.0437701  -0.03673403 -0.0613278  -0.03504071 -0.0050466
  -0.03108532 -0.01941735 -0.04477793 -0.05626713  0.00239517 -0.03095876
  -0.05497287 -0.04889617 -0.05382493 -0.00706405 -0.04149544  0.02657726
  -0.03206161 -0.00046347 -0.01448403 -0.0339713  -0.06212508 -0.0340145
  -0.05199702 -0.03233156 -0.03985814 -0.02653402 -0.05409545 -0.05635011
  -0.01764388  0.01205551 -0.03018095  0.0099153   0.00016698 -0.02167215
  -0.07098736 -0.06627185 -0.05625023 -0.03075827 -0.02425376 -0.0587084
  -0.04272573 -0.02561232 -0.02140128 -0.04393306 -0.03920307 -0.05143875
  -0.04161704 -0.02094999 -0.02951822 -0.01367626 -0.01066414 -0.07145865
  -0.03281305 -0.00536159 -0.0558866  -0.00285185 -0.0287067  -0.0360542
   0.00158825 -0.04749763 -0.04007149 -0.02937765 -0.05667735  0.03563057
  -0.02842008  0.01429186 -0.06633293  0.02593265 -0.03006013 -0.06880213
   0.00641958 -0.02141905 -0.06663893 -0.04066877 -0.0338502  -0.04417873
  -0.0727979  -0.03604125  0.0245092  -0.07082412 -0.034412   -0.00489652
  -0.00344045 -0.02322289 -0.06980515 -0.02673607 -0.02507103 -0.04022447
  -0.03537364 -0.02326907 -0.02129423  0.0089903  -0.06589594 -0.06510894
  -0.031092    0.0255277   0.03020437 -0.01629136 -0.04758741 -0.02378993
  -0.00142299 -0.05288648 -0.04341485 -0.02529946 -0.01836316 -0.03559376
  -0.04729449 -0.04098992  0.00704582 -0.06144187 -0.00582286 -0.03034762
  -0.0315403  -0.01725167 -0.04861651 -0.02195929 -0.03925276 -0.02719172
  -0.04367076 -0.00024433 -0.04039412 -0.04165736 -0.04045364 -0.02719357
  -0.0163702   0.00403498  0.00170803 -0.03414732 -0.02875223 -0.04217509
  -0.03029307 -0.03827392 -0.02597979 -0.0224959  -0.03658491  0.03089854
  -0.02627575  0.01596582 -0.05404065 -0.01108386 -0.06113481 -0.01590626
  -0.04939732 -0.02151905]]