[[-4.87522354e+06  1.19748166e+07 -7.09959306e+06]
 [-3.75563643e+06  1.15502955e+07 -7.79465911e+06]
 [ 4.06157572e+06 -6.57291529e+06  2.51133959e+06]
 [-5.49772451e+06  1.57293560e+07 -1.02316315e+07]
 [ 6.09718510e+06 -1.88814889e+07  1.27843038e+07]
 [-3.48269417e+06  2.37307963e+07 -2.02481022e+07]
 [-2.10801356e+05  4.09642442e+06 -3.88562306e+06]
 [ 2.08809308e+05 -1.06481983e+07  1.04393890e+07]
 [ 7.23789744e+06  2.34369478e+07 -3.06748453e+07]
 [-9.41612444e+05 -5.17051362e+06  6.11212606e+06]
 [-3.40669021e+05 -2.00950546e+06  2.35017449e+06]
 [-7.06318329e+05  6.31388722e+06 -5.60756887e+06]
 [ 4.48853522e+05  3.37916215e+06 -3.82801567e+06]
 [-2.37067111e+06 -6.28802852e+06  8.65869964e+06]
 [-1.10256688e+06 -5.90231523e+06  7.00488210e+06]
 [ 2.22649747e+06 -8.55032562e+06  6.32382816e+06]
 [-2.44396713e+06 -2.67146614e+06  5.11543326e+06]
 [-1.47319808e+04  2.96878601e+06 -2.95405402e+06]
 [ 4.16970073e+06 -2.08006502e+07  1.66309495e+07]
 [ 7.39645510e+05 -8.01847354e+06  7.27882804e+06]
 [-1.61601027e+04 -5.67038283e+04  7.28639419e+04]
 [-3.20312075e+05  2.31634013e+06 -1.99602805e+06]
 [ 1.55506939e+06  3.95184593e+06 -5.50691532e+06]
 [-1.51055964e+06  1.55503140e+05  1.35505650e+06]
 [ 4.97059021e+05  1.61158731e+06 -2.10864632e+06]
 [-1.36826873e+05 -7.06774773e+06  7.20457461e+06]
 [ 5.36713714e+05 -7.52038205e+06  6.98366834e+06]
 [ 1.19484847e+06 -7.39643495e+06  6.20158650e+06]
 [-5.21166277e+06  4.94194156e+06  2.69721210e+05]
 [-2.46082713e+06  9.50434505e+06 -7.04351792e+06]
 [-2.56890398e+06 -3.99113069e+06  6.56003468e+06]
 [-4.02038251e+06  7.63123327e+06 -3.61085075e+06]
 [-4.00546666e+06  3.97493786e+06  3.05287992e+04]
 [ 5.01167770e+06 -3.37683269e+06 -1.63484500e+06]
 [ 7.21856928e+06 -2.24175671e+07  1.51989978e+07]
 [ 8.74485313e+05  5.09502799e+06 -5.96951329e+06]
 [-1.74738924e+06  3.36646716e+06 -1.61907791e+06]
 [ 4.93811225e+06 -6.71258294e+06  1.77447070e+06]
 [ 1.01121169e+06 -8.98966566e+06  7.97845398e+06]
 [-7.60291886e+06  2.30459643e+06  5.29832245e+06]
 [-2.00394712e+06  1.05513135e+07 -8.54736640e+06]
 [ 2.90950021e+06  7.60050169e+06 -1.05100019e+07]
 [ 5.40671477e+05  6.69519752e+06 -7.23586898e+06]
 [-2.38910548e+06  1.69152815e+06  6.97577330e+05]
 [ 1.97046536e+06 -3.31441711e+06  1.34395176e+06]
 [ 1.40125308e+06  1.01788569e+06 -2.41913876e+06]
 [ 1.19599504e+06 -5.14648850e+06  3.95049346e+06]
 [ 6.19537883e+06  1.21069387e+07 -1.83023175e+07]
 [-4.29575622e+04 -8.01910229e+06  8.06205986e+06]
 [ 7.51817316e+04  6.45651031e+06 -6.53169203e+06]
 [ 2.91701935e+06 -3.85992289e+04 -2.87842011e+06]
 [ 5.59878034e+05  1.81331254e+06 -2.37319056e+06]
 [-2.89712747e+06  1.84286422e+06  1.05426326e+06]
 [ 3.64673145e+06 -5.65590713e+06  2.00917569e+06]
 [ 9.58687692e+05 -5.66498105e+04 -9.02037874e+05]
 [-1.37651242e+06 -4.99735776e+06  6.37387019e+06]
 [ 4.67786777e+05  7.51142284e+06 -7.97920961e+06]
 [ 2.06678708e+05  3.52221129e+06 -3.72888999e+06]
 [-6.22434893e+05  1.14333289e+06 -5.20897991e+05]
 [-5.32756200e+05  6.89533021e+06 -6.36257400e+06]
 [ 1.01709575e+06 -6.18272700e+05 -3.98823048e+05]
 [ 1.95174093e+06 -6.23106707e+06  4.27932615e+06]
 [ 1.42337172e+06 -5.43687764e+06  4.01350594e+06]
 [-1.20659775e+06  2.21750479e+06 -1.01090703e+06]
 [-4.54620213e+06  1.42450565e+07 -9.69885431e+06]
 [-1.15567523e+06  6.61864292e+06 -5.46296768e+06]
 [ 3.85040106e+06 -1.72740696e+07  1.34236685e+07]
 [ 1.30695793e+06 -1.46527280e+06  1.58314878e+05]
 [-4.54944826e+06  5.48159247e+06 -9.32144213e+05]
 [ 1.30222511e+06 -9.07853622e+06  7.77631112e+06]
 [ 8.92088569e+05 -1.03384072e+07  9.44631858e+06]
 [ 2.96758072e+06  7.47906387e+06 -1.04466446e+07]
 [ 5.13383144e+06 -2.89071525e+06 -2.24311619e+06]
 [ 5.54173059e+05  4.41557003e+06 -4.96974308e+06]
 [-4.14002028e+06  1.05817021e+07 -6.44168182e+06]
 [-1.50380166e+06 -9.06205466e+05  2.41000714e+06]
 [ 1.27736651e+06 -8.75153114e+05 -4.02213394e+05]
 [ 3.93557812e+06  2.82951352e+06 -6.76509164e+06]
 [ 6.96085123e+05 -4.97252356e+06  4.27643844e+06]
 [ 4.14529551e+06 -2.59429735e+06 -1.55099816e+06]
 [ 7.32405016e+05 -5.76781937e+06  5.03541437e+06]
 [-8.24199040e+05 -7.06886048e+06  7.89305953e+06]
 [-3.42308580e+06 -3.30659408e+06  6.72967988e+06]
 [-2.69094419e+06  1.35114376e+07 -1.08204934e+07]
 [-4.42240549e+06  1.08297926e+06  3.33942623e+06]
 [-5.94208129e+06  2.75077981e+07 -2.15657168e+07]
 [ 7.60555240e+05 -6.10402266e+06  5.34346744e+06]
 [ 3.27773818e+05 -1.53431213e+07  1.50153475e+07]
 [-7.08765247e+06 -3.82875461e+06  1.09164071e+07]
 [-6.52711682e+05 -4.65186416e+05  1.11789811e+06]
 [ 8.56160028e+06 -9.74233009e+06  1.18072981e+06]
 [-4.86974848e+05 -9.23015021e+06  9.71712506e+06]
 [-3.04174976e+06  3.87245284e+06 -8.30703067e+05]
 [-1.71647579e+06  2.82904526e+06 -1.11256946e+06]
 [-1.83090767e+06  9.07984941e+04  1.74010918e+06]
 [ 4.49662767e+06 -1.45720966e+07  1.00754690e+07]
 [-3.35734505e+05 -1.36501865e+06  1.70075316e+06]
 [-5.08960576e+05  1.84497668e+07 -1.79408062e+07]
 [-2.90803698e+06  1.44654772e+06  1.46148927e+06]
 [ 9.16639741e+05  2.50846440e+06 -3.42510413e+06]
 [-2.39941299e+05  3.74219035e+06 -3.50224904e+06]
 [ 3.17466580e+06 -1.17619971e+07  8.58733134e+06]
 [ 1.45269283e+06 -3.36103450e+06  1.90834167e+06]
 [-9.20043961e+05 -6.37528142e+06  7.29532539e+06]
 [-1.12938482e+06 -1.25453480e+06  2.38391962e+06]
 [-1.22432362e+06  1.50618287e+07 -1.38375051e+07]
 [ 3.39368637e+06  4.52703047e+05 -3.84638941e+06]
 [-6.14295379e+05  1.01666837e+07 -9.55238830e+06]
 [ 6.29432734e+04 -3.43157309e+06  3.36862983e+06]
 [-6.53810844e+05 -2.91129636e+06  3.56510721e+06]
 [-8.97543123e+05  4.44597709e+06 -3.54843396e+06]
 [-4.70716806e+05 -3.52630820e+06  3.99702501e+06]
 [-3.24486921e+06 -1.49894365e+06  4.74381287e+06]
 [-3.54573619e+06  1.19528675e+07 -8.40713127e+06]
 [ 3.09883428e+05  3.44040110e+06 -3.75028452e+06]
 [ 1.65779052e+06 -1.02307484e+07  8.57295785e+06]
 [-7.65967037e+04 -1.00687042e+07  1.01453009e+07]
 [-1.27321492e+06  1.31995381e+07 -1.19263232e+07]
 [ 3.69803478e+04  4.54935895e+06 -4.58633929e+06]
 [-3.39244985e+06 -4.14121910e+06  7.53366895e+06]
 [-8.24236174e+05  6.52092930e+06 -5.69669311e+06]
 [ 1.79277655e+06  8.70015070e+06 -1.04929273e+07]
 [ 2.62089107e+05  4.46364296e+06 -4.72573206e+06]
 [ 1.51169510e+06 -8.95076587e+06  7.43907078e+06]
 [ 2.09771374e+06 -1.17048309e+07  9.60711717e+06]
 [-1.44548258e+06 -4.46567586e+06  5.91115845e+06]
 [-2.89466125e+06  4.85539654e+06 -1.96073528e+06]
 [ 2.90820435e+06 -1.52361876e+07  1.23279832e+07]
 [-1.73062220e+06  4.94241700e+06 -3.21179479e+06]
 [ 7.70099310e+06 -2.46658016e+07  1.69648085e+07]
 [-4.45196088e+06  1.67655816e+07 -1.23136207e+07]
 [-2.65271006e+06  8.41273769e+06 -5.76002763e+06]
 [-6.21920869e+05 -2.96040280e+06  3.58232368e+06]
 [-3.43823948e+06 -4.29858185e+06  7.73682132e+06]
 [ 1.08487764e+06 -1.08681559e+06  1.93795033e+03]
 [ 3.94612626e+06  6.32133345e+06 -1.02674597e+07]
 [ 2.31980837e+06 -8.09560651e+06  5.77579814e+06]
 [ 8.64428527e+04 -5.74475118e+05  4.88032275e+05]
 [-4.09369629e+06  2.05230480e+07 -1.64293517e+07]
 [-4.58604503e+06  1.25916412e+07 -8.00559612e+06]
 [-2.36980947e+06 -4.66196219e+06  7.03177166e+06]
 [ 7.94363288e+05  1.63722734e+07 -1.71666367e+07]
 [-1.67259917e+06  5.02808597e+05  1.16979059e+06]
 [-1.94806605e+05  6.99690631e+06 -6.80209970e+06]
 [-2.91579447e+06  4.63290276e+06 -1.71710827e+06]
 [-1.41212226e+06  1.25435965e+07 -1.11314742e+07]
 [ 1.94302321e+06  1.19940148e+06 -3.14242469e+06]
 [ 6.87862931e+05 -1.85734438e+06  1.16948146e+06]
 [ 5.85334483e+05 -5.09100387e+06  4.50566939e+06]
 [ 7.45362661e+05 -1.57060041e+05 -5.88302610e+05]
 [ 3.50976154e+06 -5.21881350e+06  1.70905196e+06]
 [-8.05585702e+05  1.84854960e+07 -1.76799103e+07]
 [-1.27030186e+06 -2.80157726e+06  4.07187914e+06]
 [ 3.81754041e+06 -9.94847835e+06  6.13093795e+06]
 [-8.02594408e+05 -3.32331289e+06  4.12590731e+06]
 [ 1.44177619e+06 -6.11372231e+06  4.67194613e+06]
 [ 4.96387981e+05  1.99427468e+05 -6.95815444e+05]
 [-4.05941423e+05  1.66976213e+06 -1.26382070e+06]
 [ 1.94522854e+06  7.99581025e+05 -2.74480955e+06]
 [ 8.16409232e+05  5.38619495e+06 -6.20260417e+06]
 [ 2.06451717e+06 -2.37546743e+06  3.10950263e+05]
 [-1.19511300e+06  9.46433508e+06 -8.26922208e+06]
 [ 4.79231752e+04  4.93681077e+05 -5.41604243e+05]
 [ 3.33898941e+05 -1.46804032e+06  1.13414139e+06]
 [-2.19056770e+05 -9.74660605e+04  3.16522844e+05]
 [ 2.97562609e+06  1.16169199e+06 -4.13731807e+06]
 [-8.71164263e+05  5.48667379e+06 -4.61550953e+06]
 [-3.33170811e+06  7.06214168e+06 -3.73043357e+06]
 [-1.46146420e+06  2.01346188e+06 -5.51997665e+05]
 [-2.22929612e+06 -5.72079292e+06  7.95008905e+06]
 [-1.18046527e+06 -2.31229245e+06  3.49275773e+06]
 [ 7.11059885e+05  2.12867897e+06 -2.83973886e+06]
 [ 1.39592085e+06 -8.29774305e+06  6.90182220e+06]
 [ 7.10780099e+05 -7.82378712e+06  7.11300702e+06]
 [-5.72632175e+06 -3.99103820e+06  9.71735996e+06]
 [-2.79170652e+06  2.47107865e+06  3.20627889e+05]
 [-2.06157057e+05  2.57265116e+06 -2.36649409e+06]
 [-1.02042436e+06 -4.46279270e+06  5.48321707e+06]
 [ 9.44668572e+05 -2.33692151e+06  1.39225295e+06]
 [-2.01935823e+06  3.64280568e+06 -1.62344744e+06]
 [ 8.64241813e+04 -1.30473179e+07  1.29608937e+07]
 [-7.05234038e+06  1.41858377e+06  5.63375662e+06]
 [-4.80449305e+06  1.32374000e+07 -8.43290696e+06]
 [ 1.64675769e+06  4.84468700e+06 -6.49144468e+06]
 [-1.34695441e+06  1.49678735e+06 -1.49832922e+05]
 [ 7.07257695e+05 -9.86089040e+06  9.15363271e+06]
 [ 4.74764250e+06 -9.62217347e+06  4.87453099e+06]
 [ 2.64404867e+05 -3.40465198e+06  3.14024712e+06]
 [ 1.14875424e+06 -1.03837956e+06 -1.10374659e+05]
 [-1.10331228e+06  5.59655670e+06 -4.49324442e+06]
 [-8.87526846e+05 -1.22164683e+07  1.31039952e+07]
 [ 1.01296028e+05 -2.08299512e+06  1.98169910e+06]
 [-2.43336186e+05  8.04777462e+06 -7.80443842e+06]
 [ 6.72029504e+04  6.07319818e+06 -6.14040112e+06]
 [ 2.47470815e+06  4.22857176e+06 -6.70327991e+06]
 [ 2.14436396e+06  2.07626558e+07 -2.29070198e+07]
 [ 1.25216731e+05 -7.95756144e+06  7.83234472e+06]
 [ 1.07975428e+06  7.94009490e+06 -9.01984917e+06]
 [ 3.56885916e+06  3.61449729e+06 -7.18335644e+06]
 [ 1.18455874e+06  1.67707690e+06 -2.86163563e+06]
 [ 1.02872458e+06 -2.17686584e+07  2.07399339e+07]
 [ 5.37779509e+05 -1.07080143e+06  5.33021930e+05]
 [-3.84597027e+06 -8.93951036e+06  1.27854806e+07]
 [ 1.25683713e+06 -4.66862581e+06  3.41178868e+06]
 [ 2.42383174e+06  2.20760126e+06 -4.63143299e+06]
 [ 4.42228514e+06 -8.47307067e+06  4.05078554e+06]
 [-2.38338415e+06  6.89542811e+06 -4.51204395e+06]
 [ 1.50777137e+06  1.82029973e+06 -3.32807109e+06]
 [ 2.04379161e+06 -4.27965535e+06  2.23586376e+06]
 [ 4.24080760e+06 -1.18179289e+07  7.57712132e+06]
 [ 7.30122112e+05 -7.35949667e+06  6.62937457e+06]
 [ 1.30434622e+05 -6.44617401e+06  6.31573941e+06]
 [-1.11584581e+05 -8.00448217e+06  8.11606675e+06]
 [-1.06477287e+06  5.69129485e+06 -4.62652197e+06]
 [ 2.11703830e+05 -6.44643549e+05  4.32939730e+05]
 [ 9.04763170e+05 -5.44929598e+06  4.54453282e+06]
 [ 1.12250414e+06  6.95622948e+06 -8.07873361e+06]
 [-1.57760314e+06  5.63574670e+06 -4.05814356e+06]
 [-1.12358492e+06  1.22457478e+07 -1.11221629e+07]
 [ 6.22551059e+06  4.26850372e+06 -1.04940143e+07]
 [-9.25394057e+05 -4.36293671e+06  5.28833078e+06]
 [ 5.09368588e+05 -3.86798055e+05 -1.22570527e+05]
 [ 2.47794165e+06 -2.57045901e+07  2.32266485e+07]
 [-3.91538764e+05  4.43059722e+06 -4.03905846e+06]
 [-1.34952495e+06 -1.23559725e+07  1.37054975e+07]
 [ 1.69163658e+06 -7.47554519e+06  5.78390862e+06]
 [ 1.62495351e+05  1.53096424e+07 -1.54721377e+07]
 [-3.04046066e+06  1.63953473e+06  1.40092595e+06]
 [-3.48544392e+05 -5.97477741e+06  6.32332181e+06]
 [-1.61962663e+06  3.69110541e+05  1.25051610e+06]
 [ 2.87825668e+06  3.39734368e+06 -6.27560034e+06]
 [ 5.21369097e+04  5.94186362e+06 -5.99400052e+06]
 [-3.02060296e+06  1.50133828e+07 -1.19927798e+07]
 [-1.09704848e+05 -4.43963000e+06  4.54933486e+06]
 [ 8.09411778e+05 -1.24549546e+07  1.16455428e+07]
 [-1.60034491e+05  2.05983951e+06 -1.89980501e+06]
 [-3.00697063e+06 -6.41901048e+06  9.42598111e+06]
 [-6.55182934e+05 -8.51030749e+06  9.16549043e+06]
 [-1.25607985e+06  1.20443633e+06  5.16435272e+04]
 [ 9.17182027e+05  6.81046135e+06 -7.72764337e+06]
 [ 1.09865782e+06 -1.93167476e+06  8.33016955e+05]
 [-5.01445958e+05  1.73866229e+05  3.27579738e+05]
 [ 9.89463524e+05  7.97705540e+06 -8.96651892e+06]
 [-2.76253428e+06  9.20256983e+06 -6.44003553e+06]
 [ 3.60347399e+06 -3.25024688e+06 -3.53227103e+05]
 [-1.41576938e+05 -2.17960147e+06  2.32117842e+06]
 [ 1.47049542e+06  4.53823749e+05 -1.92431917e+06]
 [-3.30553599e+06 -9.61317308e+06  1.29187091e+07]
 [ 7.70245222e+05 -2.07158610e+06  1.30134089e+06]
 [ 2.78253694e+06 -2.92361573e+06  1.41078793e+05]]