[[-3.37731025e-01 -3.39648925e-01  6.60491905e-01  6.14784910e-01
  -9.79148396e-02  8.92759273e-02 -9.53349690e-01  2.02885955e-01
   9.04836445e-01  4.10013713e-01  2.68780785e-01  3.33203513e-01
  -9.85361565e-01  7.85460291e-02 -3.53220922e-01 -3.42368423e-01
   9.21103644e-01  8.26928584e-01  6.71624607e-01  4.56360810e-01
  -9.20100465e-02  1.62607603e-01 -4.73637407e-01 -2.78970731e-02
   5.19076437e-01  6.58664386e-02 -5.35938759e-01  2.07375830e-02
   3.05937156e-01 -3.67166893e-01 -5.31799439e-01 -1.45918662e-01
   6.05015276e-01  6.15973736e-01 -4.79498872e-01  9.20403178e-01
   3.13414291e-01 -3.06418035e-01  4.47379070e-01 -7.10653849e-01
   2.14249916e-01  3.30125559e-01 -1.42539096e-01 -3.46849037e-03
   6.74335271e-01 -8.26061134e-01 -1.38010974e-01 -5.64750497e-02
   5.84527997e-01 -7.98050263e-01 -1.39550512e-01  3.76385531e-01
  -9.57439293e-02  3.66098999e-01 -6.82457875e-01 -9.52852318e-01
  -6.66436440e-01  6.51612883e-01 -1.20479860e-01 -4.55458898e-01
  -1.57283027e-02 -5.13120951e-01 -9.73715761e-01 -8.76665597e-01
   4.08350606e-01  3.30192316e-01  1.66085715e-01 -8.68018251e-01
   7.71705625e-01 -7.99993783e-01  5.53304658e-01  7.18927376e-01
   2.29591393e-01  9.34832670e-01 -7.65687051e-01  8.36548382e-02
   3.38100356e-01  5.75998940e-01 -5.96220486e-01  5.80100442e-01
  -7.18069226e-01 -9.13636484e-01 -9.59426009e-01  5.75740925e-01
  -3.51932433e-01 -4.07244242e-01 -2.78076387e-01  8.59745791e-02
   5.00054087e-01 -2.77452469e-02  3.61298695e-01  1.51384376e-01
  -8.09215179e-02 -9.68465825e-01  6.87795354e-01  4.09443977e-01
  -9.43792208e-02 -4.62764529e-01 -8.62789629e-01 -9.64390219e-01
  -9.01199681e-01 -1.33139236e-02 -4.18650795e-01 -9.02965668e-02
  -8.52070618e-01 -7.04394710e-02 -3.70516245e-01 -5.19416785e-01
  -2.57258786e-01 -8.20533616e-01  1.09115086e-01 -7.38865478e-01
   2.17638143e-01  2.78081054e-01 -2.21555859e-01  4.83882874e-01
  -9.61665297e-01  5.83389500e-01  5.52996044e-01  6.10637476e-01
   8.35838959e-01  3.12166119e-03 -7.62292108e-01  9.39456547e-01
  -3.18228195e-01  6.63861118e-01 -9.09852336e-01 -1.56589390e-01
  -4.41870620e-02 -6.44131678e-01 -1.38664730e-01  8.95207526e-01
   7.27588666e-01  7.31894108e-01 -8.29833737e-01 -7.42451530e-01
  -6.80648804e-01  4.11740074e-01  2.01632317e-01 -6.46207986e-01
  -4.83135571e-01  4.33080827e-01  5.41781382e-01 -7.00735802e-01
  -7.35564622e-01  4.86293353e-01  5.99264942e-01  1.29458624e-01
   6.13262582e-01  5.13282330e-02  1.65727444e-01  7.03589654e-01
   8.80323379e-01  2.13086721e-01  8.75011923e-02 -3.01885841e-01
   9.48342776e-01  6.01259932e-01 -6.06203867e-01  7.42901381e-01
  -7.89879071e-01  6.67445979e-01  4.96601551e-01  8.22485818e-01
   8.54292650e-01  4.30537526e-01 -4.70739289e-01  3.68903442e-01
   7.77037752e-01  4.79405034e-01  8.05292095e-01 -7.10825423e-01
  -4.62976113e-02  3.22509416e-01 -8.23910624e-01  2.63754726e-01
  -5.16205189e-02  5.72099489e-02 -1.16389788e-01 -3.92799672e-01
   5.26610284e-01 -1.39965520e-01  8.51472637e-01 -5.59841866e-01
   5.27782967e-01 -5.42898943e-01 -6.87201702e-01 -9.63308846e-01
   8.00743147e-01  7.92097086e-01  2.87983284e-01  1.94332590e-01
   1.27594174e-01  8.59124005e-01 -4.36520805e-01 -1.15362033e-01
   7.52028624e-01 -4.07292532e-01  1.30854211e-01 -9.00532060e-01
  -1.54508495e-01 -6.04370700e-01  4.13322006e-01 -2.21420698e-01
   9.37001872e-01 -8.54889189e-01 -7.96490013e-01 -6.24962061e-01
   6.73203805e-01  8.42827260e-01  3.54956958e-01  4.57926275e-01
  -4.79949465e-01  7.77884262e-01  9.09896679e-01  6.19527183e-01
   1.72328617e-01  7.68893019e-01 -5.74874674e-01 -5.56515677e-01
   5.30428719e-01 -1.87460945e-01  1.49766089e-01 -7.26376323e-01
   3.09244696e-02  4.72924359e-01  4.75339699e-01  9.12177771e-01
   1.29760963e-01  5.27994471e-01 -1.08713119e-01 -4.71441218e-01
   6.46688243e-01 -3.22804366e-01  5.63924038e-01 -2.26728175e-01
  -6.13548978e-01 -9.49332811e-01  2.96222994e-01 -8.20774088e-02
  -6.33809714e-01  6.42602917e-01  6.17780565e-01 -3.06216900e-01
  -6.13624237e-01  6.29719435e-03  4.51808764e-01  4.41100974e-01
   8.43451263e-02  6.41729580e-01]
 [ 4.83293593e-01 -7.45904023e-01  3.82140841e-01 -2.21457514e-01
   7.33731443e-01  9.19734737e-01 -8.62306097e-02 -4.75496361e-02
   6.03042685e-01 -5.34873081e-01 -1.20678183e-01  9.45089492e-01
  -1.21844757e-01  6.85392415e-01 -1.08014027e-01  6.00852349e-01
   4.31957521e-01  6.29411580e-01  7.71128816e-01 -2.34038659e-01
   5.91023743e-01 -4.32118609e-01  1.96037906e-01  5.32141931e-01
   8.65135392e-01 -4.71495388e-01  8.04717794e-02 -2.86847263e-01
   7.81571433e-01 -7.09060134e-02 -1.12691682e-01 -1.12184971e-01
  -3.44163992e-01  8.18696395e-01  3.09274028e-01 -3.60002792e-01
  -9.01429456e-01 -1.44220558e-01  6.55510232e-01  7.42223033e-01
  -3.32568737e-01 -1.18079964e-01 -3.07368460e-01 -2.51690718e-01
   5.22628065e-01  6.38267973e-01 -1.27500379e-01  8.13377233e-01
   2.62843599e-01 -5.73967499e-01  9.41379821e-01  5.77562729e-01
   6.04573119e-01 -6.48187139e-01  5.47807772e-01 -5.28764756e-01
   6.10210361e-01 -1.61434863e-02 -7.45730533e-01  5.28013659e-01
   5.83030342e-01 -9.27384632e-01  1.99764523e-01 -1.39160972e-02
  -2.30374706e-01  7.52042057e-01 -9.33679158e-01 -7.70170318e-01
  -7.37274947e-01  4.06013774e-02 -7.77692788e-01  3.34273242e-02
   9.02840211e-01  4.45162408e-01 -5.46398952e-01  8.32193917e-01
   6.08568061e-01 -7.55355480e-01  5.62679365e-01  4.25067722e-01
   2.74981917e-01  7.43228282e-02 -2.38424056e-01  1.25089401e-01
   1.45723172e-01 -9.09825260e-01 -5.13537804e-01  4.13659058e-01
  -1.62264064e-01  7.67620304e-01 -2.96698071e-01 -5.74465588e-01
  -9.86039966e-01 -9.28854265e-01  9.52589024e-01 -8.71012945e-01
  -5.35205742e-01 -3.31635438e-02  2.35079893e-01 -3.90284842e-02
  -4.23781693e-01 -9.61330812e-01  1.28939164e-01 -7.14737454e-01
  -6.83394767e-01  1.96398578e-01 -2.60973012e-01 -9.69537937e-01
  -9.39629387e-02 -7.36452911e-01  3.38636777e-01 -4.62964637e-02
   8.70630406e-01 -7.85326818e-01  5.09980404e-01  6.71548934e-01
   7.21796809e-02  9.52951600e-01  4.08348158e-01 -1.44434396e-01
   8.68056023e-01 -6.49039896e-01 -7.19353465e-01 -9.47920610e-01
   7.38453501e-02  9.68785560e-01 -8.80533438e-01 -5.57517567e-01
   7.38822652e-01  7.36215561e-01 -1.52203244e-01 -1.11629461e-02
  -6.22456764e-01  6.32215230e-01 -4.15611977e-01 -4.72314866e-01
   7.50748307e-02 -8.37363114e-02  9.91900703e-01  7.28723808e-01
   8.90458481e-01  9.64184606e-01  2.84330900e-01 -8.17120962e-02
  -5.36961739e-01 -5.52165892e-01 -9.68925721e-01 -6.95845062e-01
  -9.27008803e-01  3.74836076e-01  7.47984298e-01 -8.26848915e-01
   5.90290957e-01 -1.00669487e-01  5.73276222e-01 -2.82640747e-01
  -2.43502716e-02 -3.46248207e-01  1.85128029e-01  4.37110306e-01
  -1.18474354e-01 -4.32058644e-01 -4.23584596e-01 -9.04762745e-01
   5.62968282e-01  9.86330265e-01 -5.94968070e-01 -9.36560590e-01
  -3.74613275e-01  8.00920825e-01 -1.85498597e-01  9.83306836e-01
   4.09839090e-01 -6.88674984e-01 -9.89090798e-01  2.80205732e-01
  -3.05086621e-01  3.21103621e-01 -8.60796227e-01  1.27490641e-01
   2.56419169e-01  9.24711330e-01  5.20471785e-01 -2.17333355e-01
   3.17375987e-01  9.54203284e-01 -1.90596396e-01 -6.56102033e-01
  -7.48887372e-01  3.78499280e-01 -2.35039132e-01 -6.04064325e-01
   5.23151398e-01  8.32456285e-01  6.80606318e-01  3.74907768e-01
  -8.23731711e-01 -6.79888158e-01 -1.83723534e-01 -6.30741787e-01
  -5.74050602e-01  4.77427542e-01  6.25858859e-01  5.81260238e-01
   1.49429844e-01 -1.45072365e-01  2.64647889e-01 -3.12063283e-01
  -4.52728214e-01 -6.19147122e-01  8.87538904e-01 -3.10297428e-01
  -8.22377298e-01 -9.06357163e-01  9.76368751e-01  2.55735497e-01
   5.12632147e-01  9.83133170e-01 -8.64963990e-01  5.13385649e-01
   8.78139588e-01 -1.06219291e-01 -2.83100404e-01 -2.54072845e-01
  -7.08482847e-01  1.08984484e-01 -1.11532782e-01  8.65943666e-01
   3.82965803e-01 -9.17804431e-01  8.15926712e-01  3.38575424e-01
   1.21331493e-01  5.39001531e-01  9.96559580e-01 -5.28616182e-01
   2.27081156e-01 -1.16463516e-01  1.37687883e-01  4.56324000e-01
  -9.83192556e-01 -4.75103154e-01 -3.97678023e-01 -9.02968885e-02
   9.82270531e-02 -1.03816565e-02  4.41064290e-01  2.14215380e-01
  -3.74307047e-01 -7.90180624e-01]
 [ 4.39992377e-01 -3.02501746e-01  6.26862491e-01 -1.17430917e-01
   6.19994462e-01  5.33951117e-03  4.64456230e-01 -6.02255931e-01
  -2.60362392e-01  5.88360198e-01 -7.12743601e-01  7.20352789e-02
   8.50379775e-01 -4.80652258e-01 -8.87280270e-01 -6.99974136e-03
  -8.61163750e-01 -8.61876396e-01  5.76563779e-01 -1.39534519e-01
   5.08435236e-01 -1.21506071e-01 -2.79009467e-01 -5.76588746e-01
   7.87494445e-01 -5.01699455e-01  4.00448826e-04  3.79640895e-01
   2.14241337e-01  5.50545458e-01  8.00956954e-01  3.58092720e-01
   9.08872842e-01 -9.12577615e-01  2.34473080e-01 -8.38209824e-01
  -9.93907148e-01 -3.19227067e-01  9.32901445e-02  8.27710277e-01
   7.12932633e-01  2.47295935e-01 -4.59839373e-01 -5.30476608e-01
   8.96620573e-01 -9.85264121e-01  3.51112405e-01 -9.95669914e-01
  -6.74471977e-02  4.99153154e-01 -2.83536551e-01 -7.81051425e-01
  -6.61066156e-01  6.30406293e-01 -5.94425945e-01  8.63656036e-01
  -5.98089985e-01  5.58246142e-01  1.24105851e-01  2.16606994e-01
   7.65961071e-01 -5.34164914e-01  2.77302887e-01 -2.05694170e-01
   7.66981091e-01 -7.05327328e-01 -7.79093605e-01  6.85873149e-01
  -4.68130976e-01  2.69592511e-01 -3.23674818e-01 -4.42130424e-01
  -3.82980362e-02  1.05700422e-01 -4.83491088e-01  4.89525529e-01
  -1.72777060e-01  7.27662527e-01 -5.14063370e-02  4.50825604e-01
  -6.36545253e-01  3.20008117e-01  8.37491721e-01 -2.47816294e-01
  -6.62151403e-01  5.84933378e-02  1.46449041e-02 -2.29915324e-01
   4.20964534e-01  8.90420111e-01 -2.94877189e-01  4.50343730e-02
   2.74463880e-01 -1.45735256e-01 -7.96344174e-01  3.91449266e-01
  -3.15334463e-01 -7.03045898e-01  5.20411415e-01 -7.50176770e-01
   7.92273743e-01  3.51578351e-01  1.19438405e-01 -6.87408534e-02
   4.65365713e-01 -9.14400075e-01  6.62591577e-01 -8.66088683e-01
  -2.23565242e-01 -3.80231656e-01  4.12905115e-01 -5.11112369e-01
  -6.38665084e-01  8.43408708e-02 -8.89279089e-01 -5.49283041e-01
  -5.82725660e-01  6.80541600e-01 -3.46396055e-02 -1.34527692e-01
  -4.70097343e-01 -6.71022792e-01 -7.60954150e-01 -8.98158695e-01
  -8.47441933e-01 -8.73651215e-01  3.89013820e-01  7.76285043e-01
  -5.16943711e-01 -2.16133490e-01 -9.76642686e-01  9.00716729e-01
  -4.34259428e-01 -9.53031800e-01  9.70993449e-01 -1.87972407e-01
   9.17764878e-01 -7.16043571e-01  3.62989228e-01  6.91024610e-01
   4.67198000e-01  2.03306342e-01  3.19864046e-01  5.07116018e-01
  -9.82576316e-02  1.92099591e-01  9.30085676e-02 -1.41478321e-01
  -9.17419097e-01  5.21791901e-01  7.83833642e-01  4.24719737e-01
  -3.86692112e-01  2.91000243e-01  2.43516297e-01  5.35683305e-01
   5.13246894e-01 -9.81710041e-01  4.79210889e-01 -9.53068961e-01
   5.05122334e-01 -2.32006550e-02 -6.77940781e-01  5.25460671e-02
   6.31251775e-01 -6.94466306e-01 -9.40259197e-01  8.19914922e-01
  -2.85248978e-01  3.65154922e-02  7.15520365e-01 -2.78540386e-02
   9.76127603e-01  2.55601965e-01  3.57524537e-01 -2.82666288e-02
  -8.39794264e-01  1.83591004e-01  9.93069284e-01  5.79357260e-02
  -8.64667461e-01  7.87659052e-01 -6.03531931e-01  6.25301297e-01
  -8.84268258e-01 -7.85382941e-01  3.32250497e-01  2.39019213e-01
   9.93773751e-01  9.31601256e-01  8.96832521e-01  7.64151849e-02
   7.22964910e-01  4.56484719e-01 -9.05387864e-01 -6.36899501e-01
  -8.94881426e-01 -3.06741025e-01 -4.00560566e-01 -8.32978790e-01
   6.70948549e-01 -3.71737409e-01  7.46635896e-01 -8.02144101e-01
  -7.11847971e-02 -4.76211167e-01 -9.05025978e-01 -9.82873760e-02
  -1.49473104e-01 -6.17514835e-01 -2.10422252e-01  4.44439022e-01
  -6.02784781e-01  6.90747026e-01 -4.07942868e-02 -5.17009557e-01
   1.51360851e-01  9.76269641e-01  1.45282321e-01 -5.19486387e-01
   6.39313049e-01  9.91087827e-01 -1.10415285e-01 -8.86810868e-01
   8.22040343e-01 -2.14222739e-01  6.45490261e-01 -4.19065854e-01
   7.46087933e-01 -7.01473502e-01  8.72834675e-01  5.88514041e-01
  -1.97044768e-01  6.32029117e-01  6.81558650e-01  8.83609976e-01
   3.85159169e-01 -9.34345249e-01  2.77077557e-01  5.95669452e-01
  -1.64596499e-03  2.87035489e-01 -8.81274212e-01  9.70206944e-01
   7.22408558e-01  2.11038267e-01 -3.77192011e-01 -4.65169672e-01
  -5.72770293e-02 -7.19731922e-01]
 [ 1.91026517e-01 -2.73279087e-01  8.95773664e-01  3.56493232e-01
   2.03005217e-01 -9.22439471e-01  8.13703460e-01 -1.34789249e-01
  -4.11015553e-01  9.03360556e-01  4.12069059e-01 -7.63403091e-01
   8.77151080e-01  9.71218476e-01 -4.55082239e-01  4.48094418e-01
  -6.63654445e-01  9.91924827e-01 -1.17070731e-03  5.76702522e-01
   4.23168612e-01 -7.70696071e-01  2.81420210e-01 -9.81358078e-01
  -9.74445057e-01 -2.27305348e-01  9.14981099e-01 -9.50126468e-01
  -3.87650604e-01 -2.35049978e-01  1.33521975e-01  2.39533540e-01
  -4.47551260e-01  2.38705097e-01  3.99131042e-01 -7.26509896e-01
   4.48510868e-01 -2.31814524e-02  3.68780775e-01  1.63058143e-01
   3.59800668e-01  9.39460942e-01 -5.55922294e-01  4.28962238e-01
  -7.16822402e-01 -8.36765082e-01 -2.41499904e-01  8.57595222e-01
  -6.53154567e-01  4.13009350e-01  9.26343084e-01  1.31341806e-03
   9.46623215e-01  4.52421665e-01 -6.09173163e-01 -9.05698265e-01
   6.91702871e-01  4.46313120e-01  2.91708389e-02 -1.16646714e-01
   5.03002480e-01 -3.28601207e-01  5.11875984e-01  7.04957809e-01
  -3.43876206e-01 -2.75533794e-01  4.51026889e-01  8.55670111e-01
  -1.54532022e-02  2.20883376e-01  8.43736774e-01  1.34098283e-01
   8.60781801e-01 -3.45015657e-01 -5.73281332e-01 -4.04540082e-01
  -6.78446287e-01 -3.04583530e-01 -7.60694774e-01  9.25672293e-01
   5.40399842e-01 -4.11299304e-01  3.51584192e-03  6.61934723e-01
  -4.85639235e-01  8.92939694e-01  9.40857532e-01  9.57689557e-01
  -7.59018129e-01  4.29206272e-01 -8.99619092e-01  2.07734070e-01
  -9.07756944e-01 -7.66642979e-01 -4.19171004e-01 -9.24176387e-01
   5.99470422e-01  2.58389195e-01 -9.62401845e-01 -1.35676912e-01
   2.12450175e-01 -9.50954596e-01  4.35893160e-01 -1.53933564e-01
   7.59764064e-01 -4.03544315e-01 -8.73156507e-01  6.87577977e-01
   8.93310999e-01  8.75292793e-01 -4.20355660e-02 -4.67565006e-01
   7.48868927e-02 -1.12121881e-01  7.69476550e-01 -6.35212530e-01
   1.93268639e-01 -3.34497714e-02 -1.16543486e-01 -5.00851574e-01
   1.07140134e-02  8.37746185e-01  9.38048432e-01 -2.86485045e-01
   5.70012743e-01 -1.50386494e-01  2.43478918e-01  2.47207797e-01
  -1.89072693e-01  9.26833296e-01 -9.53804370e-01  5.27960087e-01
   7.03118234e-01  9.78095573e-01 -7.33196108e-01 -3.94242925e-01
   8.57959465e-01  6.75024120e-02 -5.01550288e-01  1.66778954e-01
   9.98197011e-01  2.77145953e-01  5.53170130e-01 -1.28326503e-01
  -4.33728070e-01 -7.93049248e-01  1.98173910e-01 -4.69186734e-01
   3.87495120e-01 -1.71136548e-01  9.19699020e-01  3.77149433e-01
  -1.09576455e-02  5.16269812e-01  1.57684614e-01  8.22216915e-01
  -8.30329895e-01  4.68726416e-01 -8.80785793e-01 -7.52616657e-01
  -9.07135478e-01 -5.44189846e-01  3.84899774e-01 -9.01112963e-01
   7.13029305e-01 -8.00207282e-01  4.91555421e-01  1.63115368e-01
  -5.17362989e-02 -5.40237813e-01  7.92418465e-01 -9.81630914e-01
   9.27641349e-01 -1.87527696e-01 -5.69263868e-01  4.68702208e-01
  -6.23253782e-01 -5.48272376e-02  5.51681791e-01  5.87429025e-01
  -9.48362357e-01 -3.55801440e-01  7.81463730e-01 -5.40719294e-01
   7.39835798e-01 -6.83657612e-01 -5.84933443e-01 -1.79703511e-01
   4.70608691e-02  5.22049265e-01 -6.49045027e-01  7.31990179e-01
  -4.62986575e-02  4.91383236e-01 -6.52425989e-01  2.27267562e-01
  -2.37290372e-01  6.74934084e-01 -5.86287655e-01 -3.98009357e-01
   7.76839450e-01  4.70678388e-01  4.03620375e-01  9.51127262e-01
   8.90685767e-01 -9.37174507e-01  3.29134641e-01  7.99076348e-03
  -5.94316322e-01  4.06975873e-01  5.32180361e-01  6.84995348e-01
   1.35030624e-01  2.83244159e-01  1.55642741e-01 -4.13661779e-01
   6.58688744e-01  2.93440139e-01  1.89649050e-01  3.37085197e-01
  -8.58083300e-01 -3.29908380e-01 -7.26548332e-01  5.11929799e-01
   3.00109780e-02 -9.30306742e-01  8.44441553e-01 -7.01316478e-01
  -5.42192050e-02  1.84720235e-01 -4.94928783e-02 -1.26932863e-01
  -5.69246321e-01  8.85960284e-01 -7.55466776e-01 -3.04725931e-01
   5.46951919e-01  1.28896192e-01 -5.72439820e-01  2.53195071e-01
   6.85134494e-01 -6.74265984e-01  5.49618209e-01  4.00822843e-01
   9.16875469e-01  2.85867522e-01  9.04464872e-01 -7.49383082e-02
   6.94647391e-02 -7.68963400e-01]
 [-5.46575196e-01 -6.62651189e-02  3.92067027e-01 -6.50553830e-02
   4.03190533e-01 -3.97494872e-01 -8.63985704e-01 -5.73688691e-01
  -8.67434501e-01 -9.83783484e-01 -4.26961269e-01 -7.95085651e-01
  -2.69565863e-01  2.38103386e-01  6.68122713e-01  1.10605662e-01
  -7.97159237e-01  8.37542903e-01  9.61722918e-01 -1.52691108e-01
   6.98473310e-01 -3.67451057e-01  9.57350542e-01  4.39659322e-01
  -1.85120343e-01  5.62223884e-01  3.99694477e-01  7.27751123e-01
  -8.01836492e-01  7.42911650e-01 -4.01958662e-01 -9.52648194e-01
  -9.26578970e-01  4.58734860e-01 -4.06075391e-01 -3.34226594e-01
  -5.70562932e-01  9.35706008e-01  9.50746846e-01 -1.25639954e-02
   1.27087002e-01  8.18460725e-01  6.20577488e-01 -6.03564589e-01
  -5.91345826e-01  5.77678727e-01 -3.63875106e-01  3.59368636e-01
  -2.60325412e-01  6.62070948e-01  6.13199606e-01  3.76527462e-01
   9.40217152e-01 -2.29472858e-01  3.65905683e-01 -2.68069479e-01
  -5.20941036e-01 -5.24207871e-04 -8.98998784e-01 -2.47665614e-01
  -3.63890849e-01 -2.00093862e-01  2.06098462e-01 -6.25023927e-01
  -4.93258011e-01 -1.50733021e-01  6.38979465e-01  1.01762485e-02
  -3.03518455e-01 -9.07878662e-01  7.92964435e-01  2.90856347e-01
  -5.19351783e-01 -6.13465407e-01  8.36788823e-01  4.55144705e-01
  -7.36834307e-02  3.04876203e-01  9.04079596e-01 -2.59571792e-01
  -3.82594729e-01 -4.25330247e-01 -1.85146661e-01 -4.32088378e-01
  -6.10506337e-01 -1.46357499e-01 -9.07366263e-02  6.84188934e-01
   9.47555848e-01 -7.89438679e-01 -3.51733650e-01  9.89624624e-01
  -3.33910316e-01  6.38591954e-01 -4.49634147e-01 -5.88986601e-01
   3.66417365e-01 -5.30588016e-01 -2.80724508e-01 -2.53218446e-02
   9.84767519e-01 -4.49483634e-01 -4.23564346e-01  7.40212372e-01
  -3.13816305e-02  2.76440896e-01  5.01288886e-01 -1.30397405e-01
  -3.97558277e-01  1.37778349e-01 -3.07612039e-01  4.51743838e-01
  -2.28214635e-01 -7.12864548e-01 -4.83745078e-01 -2.27554096e-01
  -7.92116231e-01 -3.32049066e-01 -4.85876370e-01  4.81734104e-01
  -2.60957945e-01  2.76900656e-02 -3.84861106e-01 -6.11814424e-01
  -4.69069667e-01 -7.41407745e-01  4.00011548e-01 -3.20663773e-01
  -4.95707721e-01 -2.21880410e-01 -6.28912508e-01 -1.82962117e-01
  -8.69892693e-01 -6.27954618e-01 -2.28275991e-01 -8.46254772e-01
   5.80355860e-01  8.80180526e-02 -8.13595727e-01  2.45765087e-01
   3.42068688e-01 -7.33845450e-01  7.35727156e-02 -3.35975751e-01
   9.01053009e-01  4.99293512e-01  4.50556092e-01  7.16892128e-01
  -6.11223444e-01 -2.33535561e-01 -9.07330593e-01 -2.67772785e-01
  -8.02841006e-01  3.57280861e-01  7.25676171e-01  4.01518990e-01
  -1.52822973e-01 -1.40296007e-01  5.42946677e-01 -2.46054476e-01
   4.01159222e-01  7.38269164e-01 -5.21136978e-01  9.46283967e-01
   1.16868285e-01 -3.88152569e-01  5.08840471e-02 -5.69875051e-01
  -8.27947423e-01  7.39710137e-01  5.83193931e-01  3.34154373e-01
  -3.27310275e-01  5.28575583e-01 -9.25271531e-01  6.64371715e-01
  -7.10309416e-01  1.42403876e-01 -3.27633996e-01  6.27926747e-01
  -3.29731122e-01  9.06311370e-01  4.11994583e-01 -8.38481853e-01
  -8.59698829e-01  2.66384492e-01 -4.49171868e-01 -6.52806913e-01
   8.87551316e-01  8.41583384e-01  4.28938201e-01 -4.98973004e-02
  -7.30271885e-01 -9.35883500e-01 -4.15449870e-01  7.49951444e-01
  -3.26397239e-01  3.31002310e-01 -7.60462927e-01  8.27281949e-01
   2.49653947e-01 -9.86306003e-01 -5.80822666e-01  8.87483964e-01
   2.38273408e-01  4.65791781e-01  3.18590833e-01  4.50713414e-01
   3.37255767e-01 -4.48889065e-01  8.91476750e-01  9.56679849e-01
  -1.38269871e-01 -8.10549308e-01  8.42949345e-01 -2.60224840e-01
  -3.42080941e-01  3.58740595e-01 -4.11119915e-01  8.57449311e-01
   6.38346813e-01 -5.01788198e-01  3.79543059e-01 -6.13558946e-01
  -3.88211219e-01  4.05084493e-01 -7.32908712e-01 -9.48210587e-01
  -8.48290155e-01  9.11521014e-01 -1.13927894e-01  2.74846224e-01
  -2.41025671e-01 -6.98603396e-01  8.88918811e-01 -6.88386689e-01
   3.21325653e-01 -6.81659804e-01 -4.06191956e-02 -7.45251777e-01
  -8.90869442e-01  7.78937146e-01 -9.77071428e-01 -1.54569739e-01
  -1.72834434e-01 -3.82032378e-01 -8.19006838e-01  9.72857700e-01
   3.75783974e-01  3.72985710e-01]
 [-5.92463218e-01  2.92311784e-01  5.18869231e-01  6.14011601e-01
  -7.78833025e-02  7.35865530e-01  2.59016209e-01 -4.06640944e-01
  -5.16579831e-01 -4.05387617e-01 -7.14178368e-02 -4.15263188e-01
  -7.86650914e-01 -2.57282692e-01 -5.20623973e-01  1.04906979e-01
  -3.03305077e-01 -7.73061827e-01  6.00631307e-01 -6.86056827e-01
  -2.21268626e-01 -4.59492566e-01  9.20971703e-01  5.98956641e-01
  -4.41660231e-01 -5.42683919e-01  9.71570594e-01  3.94620032e-01
  -8.47695281e-01  6.51726879e-01  3.42606794e-01  6.37400257e-01
  -1.40523598e-01  9.43115920e-01  6.78055050e-01 -4.22268328e-01
  -4.87300963e-01 -1.61590752e-01 -9.92556997e-01  7.26976212e-01
   6.77357011e-01 -9.56092646e-01 -6.15860411e-02 -5.12141331e-01
  -5.74606029e-01  7.57011639e-01 -3.52536415e-01  3.23898700e-01
   9.22179901e-01 -6.92815049e-01  9.94336746e-01  5.71671994e-01
   8.38377760e-01  4.14051055e-01  4.66154100e-01 -8.82253077e-01
   6.25498519e-01  9.18900727e-01 -6.89462016e-01  8.43696418e-01
  -7.40774633e-01  9.66472732e-01 -8.09048216e-01 -6.96771374e-01
  -6.81226480e-01 -9.87671787e-01  5.01931821e-01  5.30183889e-01
  -2.10452021e-01 -6.16047963e-01  5.17390595e-01 -7.37100963e-02
   8.55487550e-01 -9.46645759e-01 -7.31002325e-01 -6.80357528e-02
   4.05164841e-01  8.71791478e-01 -7.61774403e-03 -6.92421654e-01
  -7.12222322e-01 -2.31660402e-01 -3.31119819e-01  9.58154844e-01
   3.86948393e-01 -6.37353554e-01  1.68952217e-01 -4.90044914e-01
  -5.55603280e-02 -5.50859033e-01  4.93522581e-01 -3.91256811e-01
   6.92517095e-02  2.25917475e-02  4.28006877e-01 -6.23111651e-02
  -3.93113187e-01 -3.93415887e-01  1.79575934e-01  6.00324809e-01
   3.13673420e-01 -2.21902435e-01  3.80138633e-01 -4.92761528e-01
   4.67320438e-02 -3.81607900e-01 -5.27262173e-01  7.48806170e-01
  -3.66494528e-01  6.35691885e-01  2.79451232e-01  5.56370623e-01
  -7.37904204e-01  3.10671475e-01 -6.12070306e-01  1.58918378e-01
   4.39829307e-01 -8.16691313e-01 -5.18230800e-01  8.79817600e-01
   8.03337291e-01  9.00587917e-01 -2.46044689e-01  3.95330060e-01
   3.63430000e-01  3.89751128e-02 -2.41807962e-01  5.52244510e-01
  -8.27914959e-03  7.55736385e-02  7.52521893e-01  7.72013048e-01
   1.60000482e-01 -8.79717478e-01  2.57721447e-01  8.09846284e-01
   7.35835951e-01 -1.44764760e-02  4.55536152e-01  3.72011645e-01
  -6.08757286e-01 -8.26576105e-01 -8.21089849e-01 -4.07905621e-01
   4.01736701e-01  7.69073516e-01 -5.66672661e-01 -8.59841143e-01
   9.60508696e-01 -2.51276455e-01  6.30366912e-01 -7.89392572e-01
   4.78976783e-01 -4.58492472e-01 -1.60699428e-01  7.55648360e-01
  -4.54516475e-01  7.16097959e-01 -3.60648398e-01 -7.84281238e-01
  -5.57140103e-01  7.96459346e-02 -2.86086333e-01  3.17706877e-01
   4.45426749e-01  8.57305399e-01 -7.75010560e-01  8.02500338e-02
  -1.96171089e-01  6.23134656e-01 -3.62407876e-01  2.22996602e-01
   8.62716636e-03  6.30209324e-01  8.23970514e-01 -4.51354625e-02
   6.19093897e-01  1.45911687e-02 -9.06420635e-01  7.31141864e-01
   8.19271446e-01 -3.02846673e-02  3.77872660e-01 -6.12128058e-02
  -8.53124994e-01  9.37512957e-01  8.49590983e-01  8.87458992e-01
  -2.51034304e-01 -8.59920418e-01  3.11399212e-01  1.48739370e-01
  -8.38415078e-01 -5.20942385e-01 -6.24501822e-01 -4.75145106e-01
   8.12966872e-01 -7.34984753e-01  2.80627681e-02  3.63278761e-01
   2.88941115e-02  3.25274807e-01 -9.45819379e-01  8.44858297e-01
   8.96768964e-01 -1.83022116e-01 -8.36653361e-01 -9.52882648e-01
  -2.53770024e-01  7.66364836e-01  6.77848788e-01 -1.69312050e-01
  -9.73986241e-01  2.07518769e-01  5.65267491e-01  3.71433465e-01
  -8.38374042e-01  5.02280216e-01  4.16834319e-01  6.82866952e-01
   4.07054688e-01 -9.41540902e-01 -5.36817841e-01 -7.37274577e-01
   4.15649859e-02  3.64254612e-01 -3.69906898e-02  6.25118786e-02
   3.69059936e-01 -2.60149976e-01  4.32053761e-01  6.36636562e-01
  -6.45056105e-01 -6.18356031e-01  5.43226730e-01 -1.67873667e-01
   4.07650664e-02 -9.39985334e-01 -9.94333274e-01 -2.52834095e-02
  -6.97360400e-01  6.22214847e-02 -5.48884269e-01  6.24485582e-01
  -8.44367121e-01  8.19980366e-01  9.36369348e-01  9.54600634e-01
   7.63356298e-01 -7.45612762e-01]]