[[-4.29624706e-02 -4.04373758e-02  9.46727294e-03 -9.84166147e-02
   9.24376869e-02  5.19752585e-02 -9.54724248e-02 -4.10945753e-03
  -1.54759337e-02 -4.22995817e-02  6.84119498e-02 -5.48517894e-02
  -5.49928103e-02 -7.10599678e-02  4.55186893e-02  8.59059541e-02
   7.46311278e-02  9.42673059e-02  6.15836781e-02  7.24749465e-02
   4.21531645e-02  1.05698782e-01 -3.40223363e-02 -8.23060036e-02
   1.02760446e-01 -6.80373645e-02  3.97188985e-02  1.01969161e-02
  -8.20468563e-02 -5.77779592e-02  8.04078862e-02 -4.04746298e-02
   9.85280038e-02 -2.93198058e-02  4.66730213e-02 -4.49612445e-02
  -4.25331352e-02  1.03573198e-01  5.44295621e-02  5.85705334e-02
   2.54247361e-02  7.35174383e-02 -3.68930245e-02 -4.54343521e-02
  -8.96227557e-03  9.07347900e-02 -2.35661271e-02  3.47021385e-02
   8.78831180e-02  9.33450411e-02 -7.74447569e-02  1.65189880e-03
  -1.59125047e-02  9.51405217e-02 -9.73460672e-02  8.71749392e-02
  -4.49888935e-02 -8.01117736e-02 -6.57378982e-02 -3.01077828e-02
   9.80905381e-04  7.11635960e-02 -4.93888052e-02 -7.94114921e-02
  -3.12420982e-02 -7.85222715e-02 -6.98472362e-02  7.19429023e-02
   6.85399426e-02  6.22752381e-02 -9.67830897e-02  5.34071277e-03
   1.03876073e-01 -5.19167257e-02  1.94338498e-02 -5.44862422e-02
  -1.50056079e-02 -8.89567317e-02 -4.92266792e-02  2.44841112e-02
   3.77489079e-02  7.24924186e-02 -6.18792672e-02  7.48922275e-02
  -2.62994116e-02  4.46195543e-02 -1.05751658e-01  8.33998731e-02
   7.45858765e-02 -9.96981631e-02 -5.91278758e-02 -1.03008175e-01
   5.89753987e-02  6.64025048e-02 -9.01735101e-02  5.50894211e-02
   4.57912004e-02 -3.46037757e-02 -1.05422727e-01  3.97510185e-04
  -3.75866932e-03  6.92827764e-02 -4.52308079e-02 -1.01218767e-01
  -4.55817372e-02 -1.43985039e-03  1.68342430e-02  5.28651080e-02
   6.42863163e-03 -4.85657043e-02 -5.62591065e-02  9.95960642e-02
   4.90166111e-02 -3.83882320e-03  2.45927032e-02 -1.04483860e-01
   2.48036524e-04 -5.56252510e-02 -8.90508689e-02 -5.16162484e-02
   1.61294919e-02 -1.05728383e-01  2.78445777e-02 -7.78843922e-02
   4.22268021e-04 -5.58388960e-02  5.34620473e-02  6.51301917e-03
   4.29408828e-02 -9.14608370e-02  2.37682548e-02 -8.01644088e-02
   7.95144692e-02 -4.78515456e-02 -2.95125930e-02  3.48643626e-02
  -7.17291245e-02  4.62212990e-02  7.18449594e-02  7.56565195e-02
  -1.01996747e-01  1.53971943e-02  2.11204701e-02  8.16086754e-02
  -8.44408531e-03 -6.37811813e-02  8.65242618e-02  6.43047796e-02
   7.59025513e-02 -1.02297352e-01  6.40213106e-02  8.03318935e-02
  -6.24190304e-02  9.02340083e-02 -3.09779523e-02 -2.58155744e-02
  -2.21706018e-02  5.57226804e-02  4.64824618e-02 -7.26998867e-02
  -3.78491856e-02 -5.75345196e-02 -7.50308209e-02  2.81739731e-02
   1.57936682e-02 -7.18207845e-03 -7.08219063e-02  4.38652751e-02
  -9.93171276e-02  1.70534937e-02  5.03838269e-02 -1.02939212e-01
  -3.83156124e-02  3.91978544e-02  1.02729638e-01  8.61469650e-02
   8.28111377e-02 -6.75213140e-02  4.42505276e-02  7.80215066e-02
  -1.61267720e-03  6.53387308e-02  9.80654880e-02 -3.84702061e-02
   9.72449577e-02  6.26851755e-02 -4.06607437e-02  5.67309797e-02
   8.83341234e-03 -4.38485516e-02  5.53549542e-02 -4.22503722e-02
  -1.05502778e-02  1.35247399e-02 -1.00891661e-01 -3.49149657e-02
   2.56428848e-02 -4.54287678e-02  3.08230402e-02  1.04822251e-01
  -9.85497106e-02  6.01842127e-02  8.02608681e-02 -4.92153783e-02
   4.57851655e-02  2.15122241e-02  1.74832264e-03 -8.84335655e-02
  -5.73251282e-02  6.68433051e-02  1.25845491e-02 -2.67103221e-02
   3.51231766e-02 -1.28102054e-02  4.20337408e-02 -5.33253283e-02
   1.80806321e-02  7.60891054e-02 -5.41901681e-02 -6.09145250e-03
  -9.80197298e-02 -1.04731759e-01  7.17445393e-04 -8.22821753e-02
   2.48662945e-02 -8.88686200e-02  5.12530438e-02  3.52523075e-02
   1.04162419e-01  6.74511346e-02 -1.79176268e-02  8.51433176e-02
  -9.52192058e-02  3.62071689e-02 -4.31538053e-02  2.42284076e-02
   9.39675895e-02  4.31237467e-02  9.01506025e-02 -1.00120453e-01
  -7.40186115e-02 -1.53524838e-02  1.74926913e-02  2.89702910e-02
  -8.96121938e-02 -6.20759139e-02 -8.04886018e-02  1.59824618e-02
  -5.76151313e-02  8.83687326e-02]
 [-1.03344221e-01 -2.87019148e-02 -9.34225054e-02  5.75740254e-02
  -5.99499027e-02  1.01341426e-01  3.01089647e-02 -5.09625344e-02
  -9.16936923e-02 -9.25352789e-02  1.86357744e-02  9.72627946e-02
  -9.45510110e-02 -1.03915794e-01  4.97274218e-02  5.67053583e-02
   8.52170406e-02 -2.54523416e-02  7.44213517e-02  9.36933874e-02
  -5.08015889e-02 -1.18429156e-02 -3.36883048e-02  8.99864528e-02
   8.20220199e-02  4.05420581e-02 -1.06680249e-01 -2.62869882e-03
  -5.44225616e-02 -5.33063668e-02 -6.14194063e-04  8.05825092e-03
   6.22866732e-02  2.84318145e-02  8.63815845e-02  1.73060093e-02
  -4.17878614e-02  1.01822974e-01 -4.15184619e-02  7.00314839e-02
   1.00270182e-01  9.46519830e-02  7.32402453e-02  5.43554027e-02
  -1.94599394e-02 -2.54131856e-02 -7.93726506e-02 -4.95974666e-03
   8.20380828e-02 -3.46365374e-02 -3.45634115e-02  6.01323828e-02
   3.90091834e-02  6.10607815e-02  9.20622498e-02  7.05465646e-02
  -4.14314616e-02  5.80486603e-02 -9.18222176e-02  5.01376760e-02
   4.68231730e-02  7.33608826e-02 -3.09603831e-02 -7.88387568e-02
  -8.78047486e-02 -9.76664005e-02 -9.92138028e-02 -1.03304192e-01
  -1.07731539e-01 -3.54070817e-02 -7.13645852e-02  1.39500721e-02
  -3.91950727e-02 -1.72020769e-03  6.83288874e-02  8.38840345e-03
   2.45809840e-02  5.98004955e-02  5.06497254e-02 -6.43304503e-02
   5.24465436e-02  1.03032748e-02  2.65883895e-02  1.29181446e-02
  -4.76408732e-02  3.26087813e-02 -1.08100465e-03  6.35139168e-02
   5.33848832e-03  1.03053618e-01 -6.03001879e-02 -2.74938653e-02
  -5.17441062e-02  6.39742243e-02 -9.47991502e-02  7.82174437e-02
   4.02093865e-02  3.75792564e-02  9.50292215e-02  1.11209988e-02
   4.66178732e-02  2.67870296e-02 -6.71195218e-02  7.52618589e-02
   7.13498463e-02  8.80981568e-02 -7.33717714e-02  1.31438968e-02
  -4.87547247e-02  2.84937548e-02  2.54587999e-02 -1.01602638e-01
  -3.13881443e-02  1.37002451e-02  9.85494592e-02 -6.85005109e-02
   6.35700233e-02  3.86633333e-02 -1.18418274e-02 -2.53428393e-02
  -7.71991889e-02 -2.00948384e-02  9.42458363e-02  1.00663931e-01
  -4.71637098e-02  7.42937649e-02 -9.60795721e-02 -7.01527400e-02
   1.20508614e-02  9.91412011e-02 -1.04355557e-01  5.12639210e-02
  -1.05126805e-01  2.68504013e-02  2.40253294e-03  5.04981439e-02
  -6.66094519e-02 -8.83821811e-02 -5.32305853e-02 -2.67217694e-03
  -7.33075078e-02  9.96052173e-02 -2.90712450e-02  4.12107100e-02
  -1.76450447e-02  1.68110018e-02 -5.46253821e-02  1.51526552e-02
   8.60694866e-03  3.26911652e-02 -3.19980236e-02  4.89495683e-04
   7.04868053e-02  2.54623114e-02  5.76012871e-02 -5.53485302e-02
  -9.83305143e-02  9.89931654e-02 -3.65236586e-02 -9.47936806e-02
  -1.13989774e-02  2.01230683e-02 -9.34755505e-03  8.14124444e-02
  -8.99037455e-02  1.77741661e-02  8.99648616e-02 -6.52375342e-02
  -5.73427777e-02 -1.63637713e-02  9.24215138e-02  1.12458540e-01
   1.38317861e-02  3.70070897e-02  1.48644248e-02 -1.49361347e-02
  -7.91123824e-02  6.12229481e-02 -3.30805858e-02  6.76495097e-02
  -6.29166893e-02 -4.80714965e-02 -9.25293286e-02 -3.08095949e-02
  -9.74118459e-02 -8.56131105e-02 -2.01959455e-02 -4.18344196e-02
   4.80777098e-02 -9.72286600e-03 -3.19537627e-02 -2.99879002e-02
  -6.37037629e-02 -7.43478161e-02 -5.45660471e-02 -5.48640394e-02
  -2.73473038e-02 -3.33769327e-02 -8.60535168e-02  9.47534429e-02
   8.68836401e-02 -6.63670147e-02  4.08022625e-02  3.40713991e-02
  -6.43121892e-03  2.70087050e-02 -1.03846906e-01  1.00505578e-01
  -1.45089229e-02  1.98780768e-02 -5.46338631e-02 -3.65147698e-02
   3.31023278e-02  5.18113495e-02  6.45742959e-02  7.96725543e-02
   2.38408312e-02  9.44442862e-02 -7.40456645e-02 -6.57400807e-02
  -6.93337468e-03 -7.37716092e-02 -3.30632462e-02  8.83315932e-02
  -1.01930878e-01  9.72845634e-02 -7.38080835e-02 -5.29581244e-02
  -1.02811372e-01  9.77320491e-02  3.65531145e-02  5.80308225e-02
   1.04025161e-01 -4.36141504e-02 -1.93711191e-02  5.52646510e-02
   5.64224425e-02  9.43215414e-02  6.89645684e-02 -5.43557746e-02
   9.22262051e-02  7.22705806e-02 -5.16079543e-02  1.03504626e-01
  -2.68238232e-02  9.21448467e-03  4.57763069e-02 -1.69583702e-02
   1.71297610e-02 -1.65430076e-02]
 [-3.60609043e-02 -3.94534605e-02 -1.64948077e-02  3.21309329e-02
  -9.35232746e-02  8.35422187e-03 -1.06284760e-02  9.34856218e-02
   7.38403839e-02 -4.17590778e-03 -4.70731042e-02  1.84846918e-02
   2.31828113e-02  3.63092260e-02 -8.75392254e-02 -2.73278538e-02
   9.38815304e-02 -3.71133757e-02 -1.28345270e-02 -1.12591086e-01
  -9.53897096e-03  9.50035092e-03  4.53377979e-04  4.37558644e-02
   6.09736120e-02 -7.57979453e-02  3.99950953e-02  3.96005315e-02
  -5.35965557e-03  5.77528574e-02  6.95177650e-03 -6.18093470e-02
   1.51462120e-02 -6.31266616e-02 -1.53257706e-02  2.39089553e-02
  -1.04254441e-01 -4.45334648e-03  1.03029158e-02 -2.66069912e-02
  -4.56705221e-02 -2.11698294e-02 -4.84602093e-02  7.88659955e-02
   9.69880852e-02 -7.65612324e-02 -3.94938620e-02  6.92489175e-03
  -4.60343208e-02  2.34298495e-02  7.96946905e-02 -6.15281141e-02
   9.33237454e-02 -1.07835122e-02 -2.26625769e-02  4.35172404e-02
  -1.02640645e-01  6.83756136e-03 -6.02981700e-02 -8.80406754e-02
  -2.66545852e-03  2.88134282e-02 -4.55000663e-02  9.39714349e-02
  -4.90539176e-02  1.13699568e-01 -1.20003025e-03  1.15972187e-01
  -6.82437399e-02 -2.08888721e-02 -7.76538141e-02 -5.59428359e-02
   7.64224789e-02 -9.68266007e-02  9.18661116e-02  1.01725017e-01
  -9.24312536e-02  1.10329212e-01 -3.33252627e-02  1.36092978e-02
  -2.12721594e-02  9.73493571e-02 -6.58054751e-03 -5.27839975e-02
   1.09583809e-01 -7.83456067e-02  4.02755979e-02  4.68872787e-02
   2.51291777e-02 -5.38886545e-02  3.65123218e-02 -9.31246173e-02
   2.84824522e-02  2.64562062e-02  1.20142214e-01 -1.38621496e-02
  -1.02534505e-01 -1.12349513e-01  3.17559288e-02 -1.09822888e-01
  -1.29760707e-02  7.29890224e-02  8.71711545e-02  4.57632980e-02
   1.04563764e-01 -9.71527692e-02 -2.60105445e-02 -2.67040160e-03
   7.98523404e-02 -9.98562435e-02  6.50003037e-02 -5.64345007e-02
  -4.99290316e-02 -7.89925896e-03  2.48422576e-02 -4.38692226e-02
   3.70839904e-02 -4.35546081e-02 -5.84856008e-02 -2.01370475e-02
   1.99601499e-02 -1.04079705e-02 -1.71254924e-02  8.75926608e-02
   5.17231197e-02 -9.51356008e-02  1.00510155e-01 -7.65494356e-02
  -4.86906033e-02  1.80205208e-02 -1.47676243e-02 -1.31794413e-02
   1.08788148e-01  2.15554395e-02  1.00422954e-01 -8.27541593e-02
  -9.38143390e-02 -1.57295496e-02  7.92335675e-02  9.26580750e-02
  -2.73743777e-02  4.01447013e-02  1.62944422e-02  9.43236294e-02
  -1.38509310e-02 -8.92618346e-02 -2.22813558e-02  1.67012122e-03
  -7.47983175e-02  2.47535924e-02 -2.26566974e-02  3.74526357e-02
   2.18185591e-02 -8.80109214e-02  9.67457853e-02  7.72317423e-02
   1.06240993e-02  8.83306177e-02  2.78053690e-02 -7.86610953e-02
  -3.96365793e-02  4.91797418e-02 -4.25472021e-03 -1.09875128e-01
   7.99566046e-02 -5.12931202e-03 -1.32103958e-02 -1.04329334e-01
   1.16911513e-01  9.53209145e-02  5.25502695e-02 -6.38974068e-02
   6.66146336e-02 -1.04954889e-01  5.34021101e-03 -6.80462915e-02
   7.94519814e-02 -3.17135091e-02 -1.08363751e-01  9.57289340e-02
  -6.46465774e-02 -1.62190194e-02  6.57481120e-02 -7.62403277e-03
  -5.39665716e-02 -1.00240495e-01 -1.00287570e-02  5.85220792e-02
   1.82398842e-03  7.98048050e-02 -4.40799791e-02 -1.05095937e-01
  -8.07254417e-02 -1.10297137e-02 -6.47047989e-02 -4.96082305e-03
   6.61595899e-02 -7.49706923e-02  1.16258886e-02  1.73269201e-02
   1.05408223e-01  4.12386672e-02 -1.03640015e-01 -9.35079542e-02
  -7.68698533e-02  3.96981596e-02 -5.49928294e-02  6.35612942e-03
  -7.78751910e-02 -3.00254309e-02  4.32586925e-02  1.12887102e-01
  -1.03060827e-01  1.30082667e-02  9.44597414e-02 -1.16270189e-01
   4.65592533e-02  1.85291666e-02 -8.63140204e-02 -9.65158678e-02
   3.53040668e-02  1.53825674e-02  7.36232493e-03  1.53624731e-02
   1.83745234e-02  2.82255998e-02  5.33239429e-02 -1.81620294e-02
  -5.43138140e-02  8.67987911e-02 -3.99656377e-02  2.57537174e-02
  -5.96372518e-02  1.02335955e-02  4.00255173e-02 -9.71260062e-02
   2.61282948e-02  9.03131980e-02  9.92166807e-02  9.60622390e-02
   9.95579717e-02 -7.65686782e-02  4.69077238e-02  2.81134677e-02
   3.20894259e-02  2.97933222e-02 -1.55968959e-03 -4.78553925e-02
   3.85916644e-02 -3.42931649e-02]
 [-5.43651158e-02 -6.48017727e-02 -1.06074818e-02 -2.08439395e-02
   5.61561521e-02  1.88687757e-02 -1.07379477e-01  4.96347951e-02
  -7.12911003e-02 -9.11973023e-02 -7.70740556e-03  5.09848392e-02
   5.62917765e-02 -1.70507558e-03 -9.80124801e-02 -7.82519077e-02
   1.99235740e-02  4.50547032e-02 -4.11922645e-02 -1.00437561e-01
   1.04545521e-01 -5.05128766e-02 -8.13997821e-02  1.10308657e-01
  -4.53686143e-02 -1.12081903e-01  6.78304785e-02 -5.50194499e-02
   4.17446062e-03  1.42727706e-02 -7.51400914e-02  2.44797316e-02
   7.81823333e-02  1.82968444e-02 -1.32098443e-02 -2.41136491e-03
  -1.32936480e-03  2.79152324e-04  3.69079551e-02  5.06800736e-02
   1.38916465e-03  9.69836208e-02 -5.13945639e-02  2.53493841e-02
  -5.65450892e-02  6.13834770e-02 -7.83810488e-02  6.36999260e-03
  -8.19823128e-02 -8.06843660e-02 -8.37620664e-02 -7.62061978e-02
   3.80902119e-02 -6.32972690e-02 -3.94002739e-02  1.44494854e-02
   9.60246302e-02  2.23510964e-02  1.43611880e-02  4.25683363e-02
   1.00833692e-01 -5.07770722e-02  2.14510132e-02 -5.83904441e-02
  -1.09253865e-01 -1.00025679e-01  1.83007765e-02 -8.38564625e-02
   1.16881380e-02 -5.90608673e-02 -6.81567212e-02  6.66016883e-02
   9.67183695e-02 -2.07555809e-02 -7.57305871e-02 -7.69399838e-02
   4.59304711e-02 -1.34231631e-02  2.93267128e-02  5.67290354e-02
  -4.03025686e-02 -9.96658809e-02  1.29518498e-02 -9.94690805e-02
  -3.70630865e-02  7.89518697e-02 -4.08854214e-02  3.21247799e-02
   1.34078221e-03  6.79378170e-02 -1.75837663e-02  5.50277208e-02
  -7.48341774e-02  2.50415287e-02 -6.04496390e-02  8.79096689e-02
  -2.03842938e-02  3.88396207e-02  8.21284167e-02 -1.00145065e-01
  -1.65369752e-03 -2.76872506e-02  9.05161025e-03 -8.54825651e-02
   7.98559322e-02 -1.06817204e-01  2.11641408e-02 -7.86906389e-02
   1.02275147e-01  4.56877378e-02 -9.69611832e-02 -7.42341883e-02
   8.97365149e-02  1.20385039e-02  4.95716252e-02 -1.12760623e-02
   9.32844950e-02 -1.28956921e-02 -3.54065262e-03 -8.00378568e-02
   4.14221968e-02  9.96974629e-02 -9.21526921e-02 -5.21389076e-02
  -1.24028885e-02 -6.86488182e-02 -5.40316141e-02  3.76249536e-02
   6.31737657e-02 -5.71452884e-02 -8.58336060e-02  7.89617474e-02
  -3.85597423e-02  1.08089286e-02  1.09202102e-01  2.15549918e-02
  -4.19382713e-02 -9.68990654e-02  1.01749128e-01 -6.51815097e-02
   1.00893125e-01 -2.66732678e-02 -4.93703828e-02  8.66366162e-02
  -3.95335334e-02  3.59040752e-02  1.04154577e-01 -1.02712632e-01
   9.26134695e-02  6.81094969e-02 -1.02069095e-01  8.38829707e-02
   2.02401309e-02 -5.02840737e-03 -9.64920739e-02  7.02825902e-02
  -1.52282828e-02 -9.91302582e-02 -2.98429651e-02 -1.18254285e-02
   9.31126244e-02  3.55707228e-03  4.98664930e-02 -7.60707722e-02
   8.74262679e-02 -6.21244703e-02  9.85663567e-02 -4.40055324e-02
  -2.91822547e-02 -3.99225099e-02 -2.40514745e-03  1.13229114e-02
   9.63409737e-02 -7.50379732e-02 -4.64437822e-02  5.07362509e-02
   9.61020217e-02  4.56322036e-02 -6.31194267e-02  2.43641991e-02
   9.87747720e-02  7.60261015e-02  1.03002635e-01 -7.18567383e-02
  -4.67154212e-02 -8.03260228e-02 -3.45086049e-02 -1.81900753e-02
  -1.05472118e-01 -9.99587951e-02  7.43704554e-02  5.57236035e-02
   5.58649718e-02 -4.96776174e-02  3.46946936e-02  4.44135538e-02
   4.00384886e-02 -5.14395642e-02 -3.19209324e-03  1.15835109e-02
  -4.16891152e-02 -7.31327517e-02  5.36320758e-02  3.54668756e-02
  -6.07204449e-02 -2.86535988e-02 -5.68923057e-02  7.23934550e-02
   5.79353784e-02 -6.74752682e-02  2.76649624e-02  4.09808326e-02
   4.33262087e-02  4.31033398e-02  1.14424725e-01 -5.70331167e-04
  -1.04401290e-03 -4.05031787e-02 -6.64474535e-03  3.66097398e-02
   5.52617803e-02  7.77858273e-02 -1.21669299e-02  5.80821055e-02
   3.15395466e-02 -9.54855709e-02 -9.00362636e-02 -1.12677221e-02
   4.22164150e-02 -5.62643750e-02 -5.99135195e-02  2.74770763e-02
  -1.03524471e-01 -8.21066010e-02 -8.12092865e-02  6.19270425e-02
   5.19834031e-02  9.60781821e-02  6.66145695e-02  7.79804155e-03
  -3.41435641e-02 -6.58664376e-02  1.10779115e-01 -9.67785001e-02
   2.82841955e-03 -9.23653406e-03  2.40724481e-02  1.47046134e-04
  -7.02466358e-02  7.69556251e-02]
 [-1.03998318e-01  5.81201408e-02 -5.21142424e-02 -6.55719465e-02
   9.07115417e-03 -2.63530048e-02 -2.18457976e-02  8.84230291e-02
   3.18461613e-02  3.94425447e-02  2.04416232e-02  9.48984249e-02
  -5.20220168e-02  5.40724433e-02  4.67906733e-02  6.57719780e-02
  -2.44626612e-02 -3.24549990e-02 -6.63909304e-02 -8.09634068e-02
  -9.60416702e-02 -7.30766049e-02  6.13296511e-02  4.32412903e-02
  -7.74950445e-02  3.80855731e-02  9.56919956e-02 -1.10341785e-01
   4.65290323e-02  9.97108565e-02 -4.24631363e-03 -1.70941852e-02
  -1.05356014e-01 -2.89794318e-02  5.58202886e-02  3.84597130e-03
   3.99697520e-02 -2.93544515e-02  6.02355512e-02  3.57033537e-02
  -1.02760579e-01  4.96450400e-02  1.05909856e-01 -3.61152501e-02
   4.84228144e-02  5.66518903e-02 -8.88547163e-02  4.11135617e-02
  -9.54572088e-02  6.65036165e-02  2.53874321e-03  1.36642910e-03
  -7.20112777e-02 -2.08597880e-02  8.12031035e-02 -9.20231727e-02
   1.03113372e-01 -1.47462124e-02 -5.82506047e-02  1.27773467e-02
  -1.61528493e-02  1.15986526e-01 -3.52193602e-02  9.48635108e-02
   1.88736941e-02  7.20353615e-02  8.55144585e-02 -1.05215379e-01
  -7.55151903e-02 -2.21210794e-02  3.74991244e-02 -2.76547744e-02
   3.22318144e-02 -1.21892241e-02  3.57111674e-02 -6.04487029e-02
  -3.38211638e-02 -6.50019980e-02  3.37167710e-02 -4.46824703e-02
  -1.19597947e-03 -3.85535664e-02  2.14541662e-02  9.19627091e-02
   1.02645327e-01 -5.58164687e-02 -5.64732545e-02 -2.21972099e-02
   1.09212706e-01 -5.50314910e-02 -3.74477896e-02  7.24480073e-02
   3.31788521e-02 -8.24081066e-02 -1.03006440e-01  1.57096016e-02
   2.72724380e-02  4.21786191e-02 -8.26693331e-02 -5.38574522e-02
   7.09136444e-02  9.61109519e-03  1.46981617e-02 -6.09165175e-02
   9.06613371e-02 -5.83198675e-02 -1.04669136e-01 -1.03886467e-02
  -7.30842160e-02  2.69787151e-02  1.05632126e-01 -5.85036851e-02
   2.73240149e-02 -5.42766173e-02 -1.06464258e-01  2.87937313e-02
  -4.51008769e-02  6.12739032e-02 -1.96644758e-02  1.56687890e-02
  -8.62883614e-02 -2.33891675e-02 -8.87213373e-02  1.38272533e-02
  -5.23790507e-02 -6.84254073e-02 -3.50844483e-02  9.23788671e-02
   3.20746764e-02  9.12680685e-02 -1.00717674e-01 -4.36711670e-02
  -7.33154453e-03  1.03613559e-02  5.78611140e-02  8.74757824e-02
   6.08702327e-02  2.21336969e-02  4.56368444e-02  9.90154795e-02
  -9.11722640e-02  5.82611031e-02  4.30848098e-02 -1.15325370e-01
  -3.94000770e-03 -7.22895120e-02  4.71063319e-03 -7.51980285e-02
   6.12532516e-02  2.99482966e-03 -9.13703455e-02  7.66782440e-02
  -4.04814415e-02  1.91935293e-02  1.11495420e-01 -2.82315651e-02
  -1.13675590e-01  3.64579813e-02 -4.87068993e-02 -5.49955765e-02
  -6.99916978e-02 -8.84910974e-02  8.53624831e-02  1.00365902e-01
  -8.38776161e-02  3.30693321e-02  2.00443690e-02  5.72132814e-02
  -9.73221758e-03  8.23397044e-02  7.30870536e-02  2.47636190e-02
  -1.00605763e-01 -9.33968551e-02  1.67524065e-02 -5.21041305e-02
  -2.58886391e-02  3.14173838e-02 -7.14356292e-02  9.26838201e-02
  -5.67676493e-02 -6.26479039e-02  7.69618508e-02 -2.24702739e-02
  -6.42021305e-02 -9.40801282e-02 -1.97823324e-02 -1.31241212e-02
  -8.03055267e-02  1.98709390e-02  8.77753987e-02  6.97163962e-02
  -9.10334592e-02  6.14896526e-02 -9.23979189e-02 -1.72025958e-02
   5.80591771e-02  6.50466473e-02 -3.65716551e-02  5.46890568e-02
  -1.13155893e-01  9.68844236e-02  6.12351663e-02 -2.79571630e-02
  -8.08023110e-02 -3.42069575e-02 -5.08180679e-02 -1.11211983e-01
   8.23168681e-02 -6.24517001e-02 -4.96850858e-02 -4.70599686e-02
  -5.37012290e-03  3.85197317e-03 -3.51791964e-03 -1.72192041e-02
   9.54112663e-02 -1.05184847e-01 -3.97230591e-02 -2.71893698e-02
   3.43772305e-02  6.97462283e-02  1.54020711e-02 -1.07841074e-01
  -3.28475297e-02  8.75372015e-02  1.37333648e-02 -7.11951430e-03
   1.04970782e-01 -1.08322472e-01  7.14899814e-02  3.14334166e-02
  -6.11679754e-02 -5.45346604e-02  4.29772341e-02  2.26384415e-02
   4.02238520e-02 -7.14548794e-02  4.60634516e-02 -6.80615492e-02
  -1.03237883e-01  2.44302526e-02  2.00738466e-02  4.30442807e-02
  -4.44687145e-02  3.49209270e-03 -5.41817750e-02  7.05556096e-02
   1.51605012e-02 -2.46662193e-02]
 [ 9.03891087e-02  9.73705991e-02 -8.61730045e-02 -3.27841541e-02
   4.43286984e-02 -1.00514814e-01 -6.09862729e-04  2.37292634e-02
  -2.45492397e-02 -4.44485768e-03 -8.90514127e-02 -6.73496213e-02
   2.31100644e-02 -1.02667591e-01 -9.22335382e-02  9.57234250e-02
   2.05801092e-02 -7.79698844e-02 -1.03901223e-01  6.36109762e-02
   1.47693363e-02 -6.47682712e-02  6.51366240e-03  8.87360485e-02
  -9.91883558e-03  8.39770160e-02 -8.74234345e-02 -1.05272040e-01
   7.18920174e-02  6.99093554e-02 -3.60488226e-02 -1.56275689e-02
  -4.81969173e-02  3.78032343e-03  7.26342422e-02 -3.49332093e-02
  -1.53957454e-02 -2.60547588e-02 -6.26081970e-02  2.92250616e-02
  -3.91953408e-02 -4.60511859e-03  9.59807862e-02  4.01046441e-03
   8.35511716e-02 -9.01550656e-02  9.13311485e-02  6.36245182e-04
  -1.07187555e-01  1.84484884e-02  9.16715094e-02  7.04604763e-02
  -3.31994470e-02 -2.19261562e-02  1.02732924e-02  7.35755772e-02
   9.00075729e-02  2.07749415e-03 -7.96263979e-02 -8.34912009e-02
   1.94768883e-02  4.36304152e-02 -1.00219356e-01 -5.32468207e-02
  -7.03650594e-02 -1.01889706e-02  9.05468878e-02 -9.52521327e-02
   9.23058620e-02 -7.05924108e-04  6.18419411e-02 -8.84393142e-02
   1.10825368e-01  5.55702165e-02 -9.28179683e-02  6.75984098e-02
  -5.77388867e-02  7.38489563e-02  8.00351250e-02 -5.81358110e-03
   8.81023299e-02  4.95397806e-02  8.80437271e-02 -8.48491075e-02
  -1.07837163e-01  1.06485659e-01 -3.68021567e-02 -9.28907682e-02
  -7.67518642e-02 -6.75923505e-02 -6.11005206e-02 -5.76453157e-02
   2.79164596e-02  6.58269868e-02 -1.02364074e-01  5.18250433e-02
  -1.63047239e-02 -5.92025419e-02  1.29412724e-02 -2.08862762e-02
  -7.16855624e-02  6.36065260e-02 -9.26934676e-02 -8.46778661e-02
   7.86333510e-02 -5.92740124e-02  1.03986687e-01 -9.19505550e-02
  -2.31967327e-02  2.20306991e-02 -1.76642540e-02  8.22060722e-02
   1.13414719e-01 -7.70409011e-02  2.85066044e-02 -6.70858672e-02
  -3.94631959e-02  6.17321589e-02  7.90737400e-02 -7.03803464e-02
   1.47269430e-02 -9.70023552e-02  5.90925689e-02 -1.14967481e-01
  -1.81678358e-02 -3.58546035e-02 -1.38193819e-02  3.14741428e-02
  -1.75160308e-02 -2.53120308e-02  1.97781215e-02  7.77038815e-02
  -3.11885905e-02 -1.06164973e-01 -8.71051398e-02 -1.87051668e-02
   4.10726510e-02  2.72889274e-02  2.59673687e-02 -1.05738236e-01
   3.90575866e-02 -9.60723867e-02  4.28888407e-02  3.92895819e-02
   5.76290059e-02 -1.04360973e-01 -1.71614900e-02 -1.81048256e-02
   5.95693835e-02 -5.21472687e-02 -4.96764073e-02 -7.76242422e-02
   9.54994765e-02 -8.25182049e-03 -5.89980994e-02 -7.89398446e-02
   6.77170923e-02  7.32507157e-02 -5.30584258e-02 -2.47598401e-02
  -7.59854184e-02  5.91785221e-02  9.09386529e-02 -7.96388931e-02
   9.72288078e-02  6.28051041e-02 -1.39130519e-02  2.64834847e-02
   3.32624108e-02 -4.58370177e-02 -8.25929447e-02 -1.35844059e-02
  -8.26832519e-02  7.67887085e-02  3.90287470e-03  1.24926610e-02
  -9.69250497e-02  2.63359852e-02 -8.83629293e-02  2.88780532e-02
   4.04981146e-03  1.24226899e-02  7.11649387e-02 -1.90926432e-02
  -2.90568867e-02 -2.16647525e-02 -4.19302305e-03  8.51001181e-03
   6.48097407e-02  6.17350047e-02  6.36605077e-02 -5.33705158e-02
   3.69870684e-03 -5.83790245e-02 -2.95226712e-02 -8.71874241e-02
   7.32763878e-03  3.74739481e-02 -8.60899828e-02  6.04009343e-02
  -1.61637626e-02  1.10117374e-01 -1.71474513e-02 -8.89467882e-02
  -4.59463421e-02  2.90434829e-02  2.17871816e-02  7.22947382e-02
  -8.65362761e-02  4.11079407e-02  6.10135081e-03 -9.39856940e-02
  -7.06547455e-02 -7.56049621e-02  5.36851064e-03 -7.63648654e-02
  -9.14013488e-02 -1.03717604e-02  5.39943939e-02 -6.45257395e-02
   5.71614088e-02 -4.81221680e-02  8.25821617e-02  9.28068916e-02
   2.73944246e-03 -1.09571640e-01  5.04456200e-02 -5.85543485e-05
  -5.45166709e-02  3.32919271e-03  5.94376769e-02  1.59848195e-02
  -3.97816017e-02 -7.17630981e-02  1.35162248e-03  1.85296994e-02
  -7.73609581e-02  8.54191176e-02 -1.82418067e-02 -2.56634586e-02
   4.68238419e-02 -4.14157040e-03  2.07429321e-03  8.06010360e-02
   2.23305984e-02 -9.15456562e-02 -3.51415457e-02 -3.51953895e-02
   6.68202036e-02 -4.86224224e-02]]