[[-5.10560484e-01 -9.08101496e-01 -9.94039475e-01 -5.02424742e-01
  -9.45539821e-01  1.95647424e-01 -9.44555403e-02 -4.04970844e-01
   5.87002628e-01  5.59195858e-01  2.54202036e-01 -8.93824627e-01
  -9.84716904e-01  1.32605888e-01 -4.51813062e-01  7.12612289e-01
   8.12243879e-01  9.79949718e-01 -1.92427021e-01 -4.04287142e-01
   1.64043330e-01  7.77246127e-01 -4.00640395e-01  7.11489100e-01
  -9.93627358e-01  9.90161441e-01  7.90813632e-01  7.72477097e-01
  -9.39346335e-02  5.13623392e-01 -5.20082467e-02  2.18874077e-01
   4.82485793e-01 -1.95793809e-01 -5.51916934e-01  8.92012466e-01
   7.81178984e-01  9.53694320e-01  1.19877497e-01 -7.45090874e-01
  -4.68953642e-01 -2.90086600e-01  1.86728572e-01 -4.59731943e-01
   9.74325760e-01  4.00934613e-01 -8.57790820e-01 -4.74877236e-01
  -3.16720580e-01 -2.05918095e-01 -4.60924692e-01  9.93305755e-01
  -6.86207031e-01  5.42506685e-01  7.62516163e-01 -9.88963967e-01
  -6.88885704e-01  7.21461135e-01  5.45921230e-01  5.04941387e-01
  -7.19794607e-01 -9.68316634e-01 -8.34803089e-01  4.87835531e-01
  -5.45208173e-01  6.85537176e-01  6.21230619e-02 -9.23784384e-01
   9.44202633e-01  4.60653862e-01  9.57064130e-01 -9.64069858e-01
   9.81791575e-01 -3.61786187e-01  3.65460983e-01  7.09202873e-01
   1.37910674e-01  8.70771896e-02 -1.19435800e-02  6.56566492e-01
   9.49100723e-01  7.77980525e-01 -4.52042337e-02  1.25243515e-02
  -5.97346754e-01 -2.99692889e-01 -3.77001553e-01  9.03464152e-01
  -2.10257172e-01 -6.83978534e-01  2.63195942e-01 -2.18812094e-02
  -4.61312370e-01 -4.93564112e-01  2.50843559e-01 -4.77513410e-01
   8.40870371e-01 -3.50438471e-01  1.71331633e-01 -7.87933542e-01
  -2.21356379e-01 -9.93500214e-01 -7.71567476e-01 -1.76454354e-01
   3.00927488e-01  1.66928842e-02 -8.36151114e-01 -5.03484349e-01
   5.13025193e-01  1.18824074e-01  8.05798114e-01  5.44568329e-02
  -4.40183913e-01 -5.08712361e-01  4.08208813e-01  5.95689922e-01
  -2.16135024e-01  3.43420623e-02 -6.91041630e-01 -2.97459858e-02
   3.24194596e-01  5.63268922e-01  4.23514810e-01 -8.26795237e-01
   8.09343564e-01  7.64578725e-01  2.34738628e-01 -8.12839875e-01
  -5.95762942e-01  1.27055609e-01  6.55130936e-01  8.38658897e-01
  -6.28064403e-01  1.13657290e-01 -9.15801754e-01 -7.84508512e-01
   6.68967686e-01  6.19993958e-03  9.20775107e-01  9.91306784e-01
   3.41603049e-01  3.01374020e-01 -1.74744773e-01  5.09673607e-01
  -3.14513847e-01 -6.12985715e-01  5.13420406e-01 -6.61219335e-01
   5.36622742e-01 -5.23824771e-01 -4.74083220e-01 -5.86670379e-01
   9.31284963e-01  3.35180082e-01  3.01804607e-01 -1.69967145e-01
  -2.52769317e-01  9.80897097e-02  2.03269255e-01 -4.55696058e-01
  -9.92440501e-01 -1.47366275e-02 -7.66206232e-02 -3.96119226e-01
   9.09259560e-01 -3.98799835e-02 -6.50476448e-01  2.87603416e-01
   3.96854173e-01  4.14526640e-01  8.76551105e-01  1.00100634e-01
  -5.17874398e-01  1.65215121e-01  5.88713170e-01 -3.78603007e-01
   4.55083865e-01 -7.41295545e-01  4.04848870e-01  5.64239856e-01
  -5.75266932e-01  9.50982079e-01 -7.31595702e-01  3.54026394e-01
   3.40484642e-01  4.67239555e-01 -1.49340762e-01 -2.96374881e-01
  -8.23933735e-02  3.74243470e-01 -2.26201357e-01 -8.80933887e-01
  -1.19780102e-01 -6.30762584e-01  7.43942131e-01 -4.25485275e-02
   3.41588547e-01 -5.76153732e-01 -7.13710035e-01  8.92408205e-01
  -4.91273671e-01  1.39018775e-01  7.13209880e-01  5.85119595e-01
   7.54295552e-01 -1.69196181e-01  5.07030915e-01  8.90422416e-01
  -9.17367011e-01 -2.92494284e-01 -3.24190975e-01 -7.32163391e-02
   1.32426254e-01 -6.29136449e-01 -5.12235708e-01  7.11848638e-01
  -1.72791774e-01  7.43261203e-01  4.00436211e-01  2.41802610e-01
   9.20906116e-01  1.63908036e-01 -2.57349740e-01  5.26198192e-01
   7.74423957e-02 -6.87694716e-02 -7.23139594e-01  2.79039296e-01
  -8.79159004e-01  1.64210149e-01  7.67836126e-01  4.11264860e-01
  -4.38129612e-01  4.15668736e-01  1.15686504e-01 -4.36261371e-01
   3.03314498e-01 -1.30759241e-01 -5.35749416e-01 -2.44891584e-01
  -1.75487586e-04 -3.78521834e-01  8.42140344e-01  6.60463460e-01
   8.24374334e-01 -3.78578348e-01  3.89870909e-01 -3.80776692e-01
  -4.58507555e-03  9.05737923e-01]
 [ 7.09522475e-01  6.65057849e-01 -7.26192707e-01  4.63404560e-02
  -8.54570636e-01 -2.45057902e-01  5.26940471e-01  4.23658974e-01
   4.48405895e-01 -7.14350099e-01  5.79345202e-01  7.40139036e-01
  -6.82701977e-01 -1.67101718e-01 -4.37352206e-01 -8.23949117e-01
  -2.34129621e-01 -7.43910113e-01  9.38306270e-01  2.23274377e-01
   1.51606397e-01  6.54806859e-01  1.00625825e-01 -8.14742321e-01
   9.82637540e-01  3.86705984e-02 -9.88503673e-01  2.19252839e-01
  -7.35649893e-01 -1.24604928e-01  2.47997802e-01 -8.72814091e-01
   5.43938018e-01  3.54561606e-01 -4.24086658e-01  7.77870986e-01
   5.95567297e-01 -6.91245329e-01  3.23067853e-02  9.46732775e-01
   1.27438560e-01 -8.51218340e-02  2.71307277e-02  3.73111732e-02
  -9.78920391e-01 -1.39049796e-01 -5.87018091e-01  1.30876310e-01
  -2.01442184e-01 -1.36868502e-01 -3.88430757e-01 -8.45578709e-01
  -9.73175016e-01 -1.69125589e-01 -1.17005483e-01 -5.22434305e-01
   9.17050911e-01 -2.08777744e-01 -6.60287786e-01 -9.90254744e-01
   9.82093198e-01  2.36830651e-01 -1.18015810e-01 -7.29711938e-02
   1.07807246e-01 -3.93880738e-01 -4.09208945e-01  1.64193241e-01
  -6.67938147e-01 -2.22276558e-01 -1.15178756e-01 -3.42905454e-01
  -8.31541506e-01  4.21276661e-01  2.04371135e-01  9.91271564e-01
   6.51031805e-01  9.90199083e-01 -7.08874912e-01  3.29711312e-02
   1.91515704e-01  6.87444027e-01  7.04902022e-01 -5.16702368e-01
  -5.30802313e-01 -8.40801170e-01  7.43726868e-01 -9.94472244e-01
  -8.69438793e-01 -3.12151952e-01  3.61262563e-01 -6.01055084e-01
  -2.50871488e-01  6.40530121e-01  2.55498773e-01 -2.33407651e-01
   8.70726546e-02  3.61802344e-01 -6.29605746e-01  5.18619081e-01
  -7.67364632e-01  6.76332691e-01  6.94492704e-01 -3.38544096e-02
   3.61735335e-01 -1.27985292e-01 -9.50137451e-01 -6.24763503e-01
   8.47121203e-01 -7.64675250e-01 -3.54751491e-01 -1.52253203e-01
   9.82118687e-01  6.10852657e-01  4.79039854e-01 -1.13864467e-02
  -4.43057653e-01  1.06001002e-01  3.77828893e-01  6.44344300e-01
   3.88623471e-01 -7.10124834e-01  2.00812938e-01  9.25818468e-01
   1.15823834e-01 -4.90088721e-01 -4.89390255e-01 -4.49349953e-01
   9.88227845e-01 -1.06921468e-01  7.35704388e-02 -5.99475863e-01
   9.00374168e-01  3.21341008e-01  8.39702197e-01  6.85602813e-01
  -2.24403595e-01 -8.48199977e-01 -5.54881391e-01 -7.47102446e-01
  -5.08378931e-01  4.83724680e-01  6.34312115e-01  4.57767849e-01
  -3.33603452e-01 -7.93579728e-01  1.21930488e-01 -2.88131624e-01
  -6.45410114e-01 -2.20531555e-01  8.88695732e-01  2.39031788e-01
  -3.18920000e-01 -1.19258975e-01 -5.91809886e-01 -3.83803157e-01
  -7.15901608e-01  1.15813622e-01  6.29631056e-01  1.62965219e-01
  -1.26000049e-01  8.57140318e-01 -5.55321852e-01  2.10618497e-01
   5.85701651e-01  8.39572230e-01 -7.78670335e-01 -9.92477704e-01
  -8.89905884e-01 -3.72986456e-01 -1.08219520e-01 -3.06653568e-01
   7.11632493e-01 -6.48881034e-01 -3.04791950e-01  8.67744195e-01
  -6.70260695e-02  1.17564646e-02  8.25994449e-01 -4.71140164e-01
   5.03670298e-01  1.55263192e-01  9.82716929e-01 -2.81076385e-01
  -5.40676397e-01 -8.87028812e-01  5.60064864e-01 -4.80910276e-01
  -9.73049851e-01  4.81459280e-01 -2.47924234e-01 -8.48772210e-01
  -9.49639945e-01 -4.34410499e-04 -9.07937183e-01 -5.47731151e-01
  -7.98565897e-01  3.80986839e-01 -3.09570538e-01 -7.39149341e-01
  -8.23292213e-01  4.48549261e-01  4.23377645e-02  7.55955080e-01
  -1.98327790e-01 -5.19271327e-01  5.88295697e-01  7.26438872e-01
  -4.10512346e-01 -8.92223081e-02 -8.24514754e-01 -3.82907089e-01
   9.88560961e-01 -7.73812671e-01 -2.00911272e-01 -4.79315317e-02
   2.59772686e-01 -5.04455261e-01 -3.51694986e-01 -2.80775080e-01
   9.11164907e-01  5.38820170e-01 -6.95588370e-01  2.89640821e-01
   5.49162784e-02  4.22791857e-01 -3.49242010e-01 -5.46877332e-01
   3.37892723e-01 -7.22355799e-01 -4.86081160e-01  2.13095229e-02
   9.47627098e-01  5.73716812e-01  1.29841927e-01 -6.84729131e-01
   1.83019024e-01 -8.02301729e-01 -6.46754993e-01  1.67592901e-02
  -7.11569007e-01 -7.86910755e-02 -1.06073117e-01  6.94499793e-01
  -3.87169656e-01 -5.80197881e-01  4.88769902e-01  8.39611602e-01
   1.28292351e-01  5.27113961e-01]
 [-4.22459828e-01  8.80874039e-01  6.22507331e-02  3.21660723e-01
  -7.07487579e-01 -6.60676806e-01 -1.81479117e-01  9.01289060e-01
  -6.52079420e-01  2.68380709e-01  9.97056983e-01  6.11054132e-01
   9.80081239e-01 -1.71717696e-01 -8.81660057e-01 -7.68590591e-01
  -4.31059508e-01  4.38135916e-01  7.80303571e-02  8.68593554e-01
  -3.05384028e-01 -1.08765788e-01 -5.32070932e-01 -2.08450532e-01
  -6.61981228e-01  8.35995420e-01  5.53566267e-01  8.87220462e-01
   3.29810956e-01  2.58089633e-01  6.80834965e-01  3.09506709e-01
   9.71431556e-01  4.02695603e-01  6.74619475e-01 -6.92909732e-02
  -2.47844947e-01 -1.95929608e-01 -5.53338759e-01 -8.51173824e-01
  -1.89868006e-01 -8.22473035e-01 -8.27424484e-01  3.24916621e-01
  -6.27778074e-01  7.11207847e-01 -6.71066868e-01 -8.70746109e-01
   7.99288471e-01  8.32882556e-01  4.19391237e-01 -1.45366727e-01
   9.82505149e-01  5.25948728e-01 -1.60636272e-01 -7.00525908e-01
  -4.61982607e-01  7.59713593e-01  7.23787018e-02  2.22893602e-01
   4.35934768e-02  6.85031913e-01 -9.63198611e-01  4.36514693e-01
  -5.77340388e-01 -6.10803517e-02 -8.84343347e-01  8.52255010e-01
  -6.01454423e-01 -9.94165082e-01  9.65426572e-01  8.85332803e-01
   3.16719641e-02  4.59345638e-02 -3.58856537e-01  3.91125019e-01
   8.92464437e-01 -1.54632743e-01  4.27165787e-01 -2.50025576e-01
  -1.12849889e-01  2.05145290e-01 -1.01044644e-01 -7.96829582e-01
  -3.81633795e-01  4.40170963e-01  1.97679011e-01  5.36003498e-02
  -4.13681059e-01 -4.76299933e-02 -6.72301104e-01  5.61976660e-01
  -9.77103991e-02  1.69959523e-01  6.55840814e-01  5.72481662e-01
   4.51707193e-01  6.14781962e-01 -5.51876315e-01  3.95998769e-01
   3.51541548e-01  7.05863313e-01  7.61873341e-01 -1.19851150e-01
   4.22499562e-01 -8.52397270e-01  8.48206138e-01 -2.68241990e-01
  -8.91212856e-01 -8.74050721e-01 -9.09188550e-01  8.60532077e-01
   1.12602013e-01 -4.80669726e-01  3.37946088e-01  4.79052637e-01
  -1.09085421e-01  2.84286210e-01 -2.15799401e-01 -4.13688770e-02
   8.50374698e-01  6.86981218e-01  3.59083894e-01  3.09351143e-01
  -5.33553974e-01 -5.92898193e-02 -3.89169062e-01 -7.80845597e-02
  -1.63548961e-01  2.14284466e-01  7.73301096e-01  9.69272393e-02
  -5.68154242e-01 -2.80373611e-01  9.73124669e-02  5.05065497e-02
   5.57376284e-01 -9.42077608e-01  6.15194999e-01 -6.27400069e-01
  -3.45939200e-01  9.64984952e-01  9.77411824e-01  5.29478040e-01
  -4.14420702e-02  5.49142054e-01 -7.71708981e-01 -2.54334719e-01
   7.67459225e-01 -9.36175708e-01 -9.27420350e-01  9.47590765e-02
  -5.78749916e-02 -1.95762326e-01 -7.44734106e-01 -6.23443434e-01
  -7.21308413e-01  7.89504774e-01 -3.43268541e-01 -2.97190233e-01
   5.04972599e-01  7.65324389e-01 -8.14538371e-02  5.54311116e-01
   3.46725349e-01 -7.05333403e-01 -9.57199543e-01  9.53554984e-01
  -5.27595472e-01 -8.45730482e-01  5.86651943e-01 -1.44138801e-01
  -5.30337037e-01 -8.18717464e-01  4.10881560e-01  1.49150346e-01
  -1.91951166e-01  9.66259909e-02  4.01982406e-01 -5.48391805e-01
   6.64506805e-01  9.58456931e-01 -6.89594229e-01 -8.29210004e-02
  -6.91983491e-01  4.86027236e-01  4.40426764e-01 -7.97180504e-01
   4.25824300e-01 -9.30405963e-01 -6.25118122e-01 -5.78302562e-01
   4.43608908e-01  4.55205474e-01  5.11388023e-01 -9.64480534e-01
  -4.58178817e-01 -8.54510501e-01 -8.69585884e-01 -9.93195130e-01
  -3.84626767e-01 -9.80906350e-01 -9.89457895e-01 -7.96507839e-01
   8.92239305e-01  1.48209619e-02  1.07154292e-01 -6.65953414e-01
  -1.78572303e-01 -5.17351619e-01 -9.25719355e-02 -9.14192103e-01
   8.94148227e-01  3.89523545e-01 -5.79784703e-01 -8.17275420e-01
   4.82056022e-01 -7.54540258e-01  3.65116477e-01  5.91964034e-02
  -9.99501120e-01  9.65616327e-01 -1.35621009e-01  6.10618496e-01
  -5.02406807e-01 -8.23757489e-01 -2.80723724e-01  6.15906184e-01
   1.85989648e-01 -1.49293118e-01 -3.72561423e-01 -2.38498338e-01
  -9.09988120e-01  9.62575563e-01  5.43882701e-01 -8.13654402e-01
   3.98571892e-01  5.66498886e-01 -3.84229873e-01 -5.79510245e-01
   6.28306458e-02 -6.83617501e-01  7.68552499e-01 -1.87712513e-01
  -6.49622493e-01 -6.41223425e-01 -4.16797825e-01  3.12000290e-01
  -1.32152857e-01  8.43011097e-01]
 [-2.54734494e-01 -1.88439832e-01  9.60960151e-01 -1.01677445e-01
   2.15732936e-01 -5.82844859e-02  4.11209153e-01 -2.94190841e-01
   4.42778232e-01  7.62203526e-01 -9.51128485e-01  4.63526174e-01
  -4.29345675e-01  3.18230197e-02 -6.05673227e-01 -8.95361001e-02
   3.71756217e-01 -3.64465223e-01  8.34690550e-01  9.49468056e-02
   2.95617792e-01 -9.90397272e-01  8.38623752e-01 -7.62972828e-01
  -7.08074809e-01  4.86612854e-01 -8.39054706e-01  8.44993032e-01
   4.22961436e-01 -1.83582421e-01 -9.91462833e-01 -8.67904827e-01
  -5.56263956e-01 -6.45710618e-02  3.99911303e-03  1.05055734e-01
   9.86915204e-02  8.63018012e-01 -2.01185222e-01  6.76117462e-01
   6.56720282e-01 -4.09645345e-01  6.66279988e-01  1.89362651e-01
   9.32669511e-01  9.34483766e-01  4.05118441e-01 -2.85481302e-01
   1.91502191e-01  6.40283447e-01  6.10822168e-01  1.00574228e-01
   3.63630485e-01  9.03408191e-01 -6.52028818e-01  4.81727697e-01
   8.19615935e-01 -9.92632065e-01  7.38857001e-01 -3.56021571e-01
   6.84357772e-01  6.49680245e-01 -8.40973081e-01 -8.58365474e-01
   4.48433084e-01  2.62934440e-01  5.44217468e-01  4.22902142e-01
   5.40541458e-01 -8.09648989e-01  6.92529320e-01 -7.52129955e-01
  -4.28948694e-01 -5.52069705e-01 -1.75229522e-01  6.16110113e-01
  -5.61112767e-01 -6.43385405e-01 -8.88588676e-01 -3.36709657e-01
  -4.64273572e-01 -2.27936916e-01 -7.78628033e-02  6.33278586e-02
  -6.15156329e-01  9.02712179e-02  2.92035178e-01  9.65923174e-01
  -5.64837782e-01  7.46804092e-01 -7.04500635e-01 -2.77559347e-01
   6.93212208e-02 -7.70478700e-01 -7.13615475e-01 -7.70951977e-02
  -3.24181259e-01 -9.95925238e-01  2.61685955e-02  8.49056325e-01
  -8.31602460e-01 -9.76337214e-01 -5.80351885e-01 -6.78796640e-01
  -4.39513930e-01 -7.91035132e-01  8.71020925e-01 -5.26944342e-01
  -5.83050206e-01 -2.77987266e-01  8.41005859e-02 -9.88313294e-02
  -2.05590923e-02 -4.82058217e-01  5.05014798e-01  4.16563932e-01
   6.16873069e-01 -8.57038945e-01  1.92061526e-02  4.35358435e-01
   8.57134744e-01 -5.48641096e-01  1.69611357e-01  9.13140841e-02
  -3.93880161e-01 -5.24539332e-01  7.78087357e-01  4.08116379e-01
   7.93135132e-01  6.58396434e-01  2.92118583e-01 -3.91376914e-01
   1.30865934e-01 -9.17187112e-01  6.99321538e-02  9.61988217e-01
  -8.94364040e-01  2.60217583e-01 -7.83020554e-01  2.91148552e-01
   7.84456241e-01 -2.95002656e-01 -9.15866312e-01  5.54672189e-01
   9.32311487e-01  7.62813668e-01 -9.33177441e-01 -9.25634259e-01
  -2.80811467e-01 -3.07844681e-01 -9.83662833e-01 -3.17019218e-01
   8.17688568e-03  5.87527781e-01 -1.99023899e-01  9.82559762e-01
  -1.24861517e-01  1.31252521e-01 -6.11305136e-01  9.89569902e-01
   7.15855481e-02 -8.79237616e-01 -5.86168612e-01  2.58034936e-01
  -8.07209808e-01 -9.60760280e-01  2.21050935e-01 -5.76994919e-01
   1.97173963e-01 -4.63672281e-01  9.03826681e-01 -5.22938814e-01
   8.74505340e-01 -2.06198863e-01  5.35736497e-01 -6.68795120e-01
   7.62088148e-01  8.34717592e-01 -7.28123242e-01 -4.43023415e-01
   9.61747252e-01 -2.86105171e-02  1.85735480e-01 -5.19452566e-01
   1.59023769e-01 -7.12449713e-01 -8.25117405e-01  1.90951338e-01
  -9.32056532e-01  1.06620479e-01  9.00899539e-01  3.79689426e-01
  -9.75867815e-01  3.63315822e-01  7.90799552e-01  1.47704154e-01
   3.42579384e-01  5.88243027e-01 -5.63096799e-02  1.61783621e-01
   5.95559479e-01  2.40240628e-01 -6.93952954e-01 -7.92052977e-01
   2.55131025e-02 -2.73727738e-01  7.67782799e-01 -6.38531108e-01
  -2.52882639e-01 -1.85138787e-01  9.05752539e-01 -4.62980821e-01
   1.91614347e-01  8.25485494e-01 -8.21805398e-01 -8.98487353e-01
  -3.30096749e-01  2.30159604e-01  2.78005908e-01  1.76337364e-01
  -1.79713733e-01  1.84296073e-01 -9.68965322e-01 -2.79910252e-01
   7.06028225e-01 -3.70741228e-01  8.83175196e-01 -5.88433581e-02
   3.39006595e-01  4.20489669e-01  5.76842109e-01 -7.14942072e-01
  -3.41913547e-01 -2.02643380e-01 -8.18526221e-01  1.55704546e-01
   5.60788445e-01 -6.19363591e-01  4.48419751e-02  1.84187887e-01
   3.24684346e-01  2.40739419e-01  3.66775555e-01  1.47041018e-01
  -4.06501496e-01  3.83259359e-01 -2.19329747e-01 -1.03524968e-01
  -1.71827270e-01 -8.51269669e-01]
 [-8.00796456e-01  3.46333589e-01  5.30533199e-01 -9.35290136e-01
  -7.73756702e-01 -5.19372590e-01 -3.34519317e-01  8.82075451e-01
   2.45068648e-01  1.38689906e-01  9.87488785e-01 -2.24019248e-01
  -7.42257371e-01  4.73617433e-02 -8.43136157e-01 -3.56656395e-01
  -8.44788852e-01 -6.80043293e-01  1.65274320e-01 -5.71172835e-01
   9.40106911e-01 -2.28849282e-01  4.60543671e-01 -2.24259124e-01
  -6.87416153e-03 -6.68923952e-01 -6.31892039e-01 -1.49635527e-01
   1.36726035e-01  4.82398434e-01  6.00236611e-01 -7.64336503e-01
   9.83439060e-01 -9.76172205e-01  3.96833748e-01  5.14193297e-01
  -3.22783328e-01  6.38453708e-01  1.36418918e-01  4.89585207e-01
  -7.96269195e-02  1.61124133e-01  5.02751873e-03 -6.84349579e-01
  -6.40750714e-01  1.85456577e-01  8.15867043e-01  5.48530517e-01
   7.79886353e-01  1.87711191e-01 -7.02429680e-02  2.28742281e-01
  -5.74144380e-01  6.67824364e-01 -5.81462249e-01  2.25562511e-01
  -2.06873953e-02 -4.50730979e-01  9.59844058e-02 -9.56839233e-01
   1.23805606e-01 -8.46198967e-01 -3.72673831e-01 -7.28932256e-01
   3.37291474e-01  1.86289662e-01 -3.31145751e-01  8.89456868e-01
   7.93836659e-01 -1.17791151e-02  6.89179306e-01  3.93964374e-01
  -2.04404161e-01 -2.73530402e-01 -7.06129642e-01 -7.16897813e-02
  -9.99823825e-01  2.84011720e-01 -9.41633494e-01  7.63648292e-01
   8.94553427e-01  2.14337279e-01  6.71780391e-01 -6.67177861e-01
   6.17332892e-01 -7.03025218e-01  6.04582873e-01 -9.34722301e-01
  -2.65792900e-01  4.36078442e-01 -1.32379759e-01  7.11765412e-01
  -1.23325010e-02 -5.31172229e-01  7.67744098e-01 -9.91069805e-01
  -6.00224977e-01  2.89186572e-01 -5.14773296e-01  2.27022920e-01
   8.88347199e-01  5.03751557e-01 -4.79542265e-01  4.33328845e-01
  -7.36343130e-01  7.29761297e-01  5.87719721e-01 -4.03779638e-01
  -2.12733713e-01  3.49529392e-01  3.60136465e-01 -1.74754826e-01
   7.74389534e-01 -5.07304022e-01  7.39357911e-01  2.67886985e-02
  -5.49029023e-01 -5.23608135e-01  5.46520562e-01 -7.38977307e-01
   9.29824787e-01  6.36454573e-01 -5.71235169e-01 -5.68501289e-01
   3.02067357e-01  4.82661034e-01  8.81696463e-01  3.39407048e-01
  -5.59560082e-01 -1.69666723e-01 -4.83780606e-01 -3.24613403e-01
  -7.96382135e-01 -1.68603475e-01  7.17413206e-01 -2.60488044e-01
  -8.67437106e-02 -4.32350767e-01 -6.41012312e-01  5.89127053e-01
  -7.33413539e-01 -9.19441987e-01 -8.81705601e-01 -2.23692008e-01
  -8.72201205e-01  2.11310803e-01 -8.08223305e-01 -8.28637985e-02
   9.73000353e-01  2.24687021e-01  1.68971195e-02 -8.46255662e-01
  -6.60301297e-01  2.40780212e-01  9.82625417e-01 -7.05087700e-01
  -7.51498319e-01 -3.24058383e-01  6.52316334e-01 -6.63788720e-01
  -5.36317291e-01 -3.81828678e-02 -5.52166703e-01  3.07576555e-01
   3.56239629e-01 -4.70443354e-02 -7.18348371e-01 -2.14935913e-02
  -4.75823690e-01 -1.74184582e-01  2.52446759e-01 -8.42604999e-01
  -9.26386982e-01  3.78064980e-02 -9.92949576e-01 -7.29101790e-02
  -2.45265306e-01 -9.55483740e-01  8.55391701e-01 -8.06077997e-01
   5.35188141e-02  6.31887579e-01  2.93310954e-01 -8.53163484e-01
  -5.62946329e-01 -8.15637044e-01 -4.85011139e-01  9.34563943e-01
  -4.83393028e-01  3.74402061e-01  2.11515752e-01 -1.32776188e-01
  -6.72064027e-01  9.92192620e-03  4.48453962e-01 -4.26366796e-02
  -3.34281093e-01 -5.72233317e-01  1.36758888e-01 -8.78177525e-01
   4.26984305e-01 -4.93390097e-01 -3.34614503e-01  3.75836211e-01
   8.62881899e-01 -5.68244465e-01 -8.98971948e-01  9.35095715e-02
   4.36626233e-01 -3.99182629e-01 -9.88075066e-01  5.87033339e-01
  -9.73896049e-01 -3.85266889e-01  7.17310950e-02  2.99819413e-01
   6.88878895e-01 -1.91497418e-01  2.12648763e-01 -8.06563206e-01
   4.40609745e-01  1.42453440e-01  2.50520371e-02  2.26820768e-01
   7.10186056e-01  5.90704107e-01 -8.54799035e-01 -9.62360833e-01
  -3.05977107e-01 -1.82260227e-01 -8.70340921e-01 -5.79723077e-01
   3.76795880e-01  4.57617872e-01  2.25012888e-01 -9.41996692e-01
  -2.67984450e-01 -6.65182334e-01  3.64022465e-01 -4.58871953e-01
   8.75532655e-01  3.63039248e-01  7.36196022e-01 -3.25728150e-02
   8.09043469e-01 -5.78223097e-01  4.17794466e-01  9.11958314e-01
  -7.98011023e-01 -8.79186482e-01]
 [ 1.51957351e-01 -7.02331335e-01  3.09216092e-01 -8.49651702e-01
  -4.59749362e-01 -3.33092383e-01  9.36899856e-02  2.17603949e-01
  -4.61399611e-01  9.28879732e-02 -6.84599384e-01  4.74282217e-01
  -3.58163476e-01 -6.24838465e-03  1.85834662e-02  7.55945504e-01
  -8.21360751e-01 -9.45792514e-01 -7.51468818e-01  7.26089706e-01
  -7.51614246e-01 -4.37225457e-01  9.81843982e-01  2.69403978e-01
  -5.52289284e-01 -5.93465887e-01 -1.64275657e-01  6.98516849e-01
   5.96294817e-02  7.26037092e-01 -7.25314258e-01  3.46136886e-01
   6.92172637e-01  7.33131998e-01  4.86695125e-01  7.92145265e-01
  -6.13854469e-01  1.53038147e-01  2.49298918e-01 -8.16988961e-02
   5.54890365e-01  1.13998358e-01  7.61431356e-01 -9.47752876e-01
  -5.06236993e-01  9.05556182e-01 -1.31832941e-02  5.61309291e-01
   2.95958129e-01 -2.91397061e-01  4.77457476e-01  1.91289299e-01
  -2.48816179e-01 -4.57591536e-01 -6.94946364e-01  4.91819879e-01
  -5.92745915e-01 -3.23629520e-01 -9.24161120e-01  8.68029385e-01
   6.53538809e-01 -1.02275560e-03  1.74289789e-01  4.11345192e-01
  -4.19803691e-01  7.85899958e-01  9.76543869e-01 -4.25426366e-01
   4.91283295e-02 -1.04913237e-01  2.73297616e-01  2.73564988e-01
  -9.05942070e-03 -4.69612316e-01  6.91106241e-01  3.49305217e-01
   6.27541990e-01 -8.84015225e-01  2.81207303e-01 -1.80210964e-01
  -1.26969891e-01 -4.76466379e-01 -5.92102677e-03 -6.75700134e-01
  -4.11755471e-02  1.83114188e-01 -6.60813945e-01  6.23094437e-01
  -8.71817356e-03 -2.85428396e-01 -9.21061615e-01 -4.06525607e-01
  -4.05524820e-01  3.99700069e-01  5.90171870e-01  5.81855802e-01
   3.43328782e-01  5.63909335e-01  9.32398647e-01  9.93880874e-01
  -2.53904636e-01 -9.27758826e-01  1.07329273e-01  2.21871469e-01
   7.54441025e-01 -6.78317211e-01  9.56012430e-01 -3.98107417e-01
   5.80114689e-01 -3.35169572e-01 -5.52721544e-01 -2.05858508e-01
   1.59335867e-01  5.14985329e-01  2.63049099e-01  9.89366095e-01
  -4.66324237e-01 -1.74666770e-04  5.68131471e-01 -7.39567175e-01
   5.05335044e-01  1.63283261e-01 -7.33322320e-01  8.77529730e-01
   3.51586144e-01 -5.08237977e-01 -1.68345591e-01 -3.39757920e-01
   2.00525345e-01  6.49922400e-01  4.66653847e-01 -4.81089515e-01
  -8.28801509e-01 -3.24525861e-01 -9.59986990e-01  3.70150698e-01
   7.04533741e-01 -5.17517549e-01 -8.91640020e-02 -3.10504067e-01
  -5.59508463e-01 -2.11819199e-02  8.96524946e-01  6.59023729e-01
   4.32034775e-01 -7.79587412e-01  9.28802653e-01 -2.90436545e-01
  -8.31295996e-01 -3.45153220e-01 -5.83768989e-01 -4.46321847e-01
   3.96425849e-01 -5.43751071e-01 -6.39513060e-01 -2.73100085e-01
   2.92776012e-02 -9.96358422e-01 -3.10767504e-01 -8.45437622e-01
  -5.93762197e-02  9.64709394e-01  6.62605836e-01 -3.63221342e-01
   8.56931136e-01  2.32304667e-01 -7.15948156e-01 -3.89267217e-01
   4.88031073e-01 -2.48131325e-01  9.86816940e-01 -2.30636095e-01
  -6.45094639e-01 -7.78227084e-01 -1.52619280e-01  1.19530166e-01
  -8.59768325e-01 -7.46101117e-01  9.43281681e-01 -2.13962882e-01
   2.69374898e-01  2.85578286e-01 -7.96342877e-01  4.52577061e-01
   4.15402404e-01  7.31162072e-01 -7.34011305e-02  3.18435623e-01
   4.85322078e-01  1.54145987e-01 -6.18693916e-01 -9.14876223e-01
  -8.75333584e-01  7.21835759e-01  8.02404345e-01  5.78056684e-01
   1.64302262e-01  3.28924781e-01 -1.73622960e-01 -4.64666854e-01
   5.21792463e-01  2.39602166e-01 -6.38901533e-01  7.49480403e-01
  -9.22006169e-01 -4.38627502e-01  7.88735419e-01  1.08297203e-01
   6.50705725e-01  8.55365727e-01  6.62604616e-01  8.83932608e-01
  -1.04431165e-01 -8.62410257e-01 -4.80387661e-01 -6.19887060e-01
   1.33282827e-01  7.42851246e-01 -1.43123911e-01  6.61138185e-01
   3.00077715e-01  5.00159412e-01  1.81879562e-01  7.80793368e-01
  -9.99185510e-01 -8.42916156e-01  1.41132749e-01 -3.64322521e-01
  -7.59503224e-01 -1.69929699e-01 -3.11804728e-01 -2.73327476e-01
   8.20319687e-01  2.95177564e-01 -3.93451925e-01  2.24517352e-01
  -6.96606871e-01 -1.89970787e-01 -5.44026824e-02 -7.49739074e-02
  -8.77029540e-01  1.48734617e-01  4.73951901e-01  8.42389478e-01
  -7.02771698e-01  2.72059464e-01  9.68712512e-01 -3.47164850e-01
  -4.27738658e-01 -4.41261367e-01]]