[[-6.35435351e-01  4.80251980e-01  5.80622932e-01  5.91167713e-01
  -5.75298999e-01 -1.72469630e-01  6.84148694e-01  1.67452358e-01
  -1.14777807e-02  4.08455734e-01  7.42024608e-02 -6.05469334e-01
   5.39255906e-01  5.57348771e-01  2.28852169e-01  5.00078148e-01
   8.63354227e-01 -6.32052032e-01 -2.88456781e-01 -5.32605931e-01
  -4.78328026e-01 -2.35104663e-01  2.00217142e-01 -9.18172922e-01
  -7.39348383e-01  8.73439030e-01  7.48369272e-01  8.55013798e-01
  -4.37204457e-01  5.19452369e-01 -5.73256953e-01  5.53246035e-01
   7.54053805e-01 -9.52173288e-01 -7.43455270e-01  1.72994480e-01
   3.58384548e-01  6.57871523e-01 -9.70542883e-01 -6.88435300e-01
   8.03725075e-01  2.25528367e-01  1.38011800e-01  3.59297013e-01
  -8.69261176e-01  4.84813769e-01 -7.90409958e-01  9.20953873e-01
   5.36114631e-01  8.67647192e-01 -2.03380001e-01  1.60876843e-01
   8.53001895e-01  3.67160202e-01 -5.87445936e-01  8.97432489e-01
   4.27368797e-01 -2.12037167e-01 -7.18087332e-02  3.84181803e-01
   4.58801131e-02 -8.27473091e-02  9.68456881e-01 -1.98399878e-02
   7.92103551e-01  3.15340991e-02 -7.64447078e-01 -6.14976245e-01
   5.66502664e-01  3.44712908e-01  4.33660336e-01  9.17058401e-01
  -4.39692802e-01  8.46642930e-01  4.28433322e-01  6.23392345e-01
  -1.69208804e-01  4.99616023e-01 -9.42239789e-01 -3.68753429e-01
   7.69311494e-01 -3.30965128e-01 -5.47280136e-01  7.40211924e-01
   1.72854535e-01  1.11970679e-03 -9.17650041e-01  6.52601517e-02
   3.61360615e-01 -1.43401678e-01  2.16274751e-02 -8.02740492e-01
   2.22387215e-01  9.22550080e-01 -2.75206345e-01  4.62141440e-01
  -7.86551059e-01  6.70774677e-02  6.74790678e-01  9.08185516e-02
   7.55556347e-01  7.21075130e-01 -3.71845490e-01 -2.60584001e-03
   1.56144155e-01 -4.80619419e-01  1.98517320e-01  9.84020417e-01
   5.53013832e-01 -9.94433328e-01  4.68323613e-01 -6.60593353e-01
   2.39029960e-01 -4.95144411e-01 -8.56381922e-01  9.74208721e-01
   9.88122381e-01 -6.58832037e-01  6.18769156e-01  8.28864929e-01
   9.43485528e-01  8.16392931e-01  2.91502175e-01  1.25594162e-01
  -6.30838168e-01  1.17297892e-01  1.33900958e-01 -9.20444788e-01
  -8.02206980e-01 -3.24348628e-01  2.52208136e-01  9.19478388e-01
   3.93216809e-01  1.44491604e-01  7.03653135e-01  9.07857966e-01
   4.16945401e-01 -9.09803456e-01 -8.65425723e-01  5.00659914e-02
  -3.78441548e-01  9.07242210e-02 -2.66141858e-01 -9.72097697e-01
   8.94079219e-01 -1.96640461e-01  1.41144826e-01 -9.94106454e-01
  -9.10886303e-01 -7.31640432e-01  4.39859003e-01  1.19228267e-01
  -1.41585451e-02 -8.17436310e-01 -1.61145047e-01 -6.38915307e-01
  -7.25040239e-01  4.72791205e-01 -3.14530117e-01 -3.22161668e-01
  -9.40066575e-01  7.07775030e-01 -1.90212881e-01  1.27292144e-01
  -3.04345163e-01 -2.94736800e-02 -9.04851677e-01 -4.25666623e-01
   8.36751951e-01  2.05889475e-01 -4.52249519e-01 -4.58370317e-01
  -2.78733282e-01 -2.43342197e-01 -7.60236621e-01 -1.21675072e-02
  -1.78761171e-01 -6.91775546e-01  9.52833581e-01  5.14150646e-01
   2.92430932e-01 -4.28784990e-01 -9.27903079e-01  7.11646467e-01
  -6.76859833e-01  8.46565118e-01 -5.42891083e-01  4.94513318e-01
  -7.06215649e-01 -6.19076474e-01 -7.32508479e-02  4.64472458e-02
   5.49648504e-02  6.83434208e-01  4.80716901e-01 -6.82111530e-01
   2.16436029e-01 -3.85771277e-01 -1.99597692e-01 -2.73561237e-01
   6.07539242e-01 -3.37039440e-01  9.98175052e-01 -2.17259387e-02
   7.06432640e-01 -3.26844850e-01 -1.08997209e-01  4.61835182e-01
  -3.41377130e-02 -3.86171824e-02  5.49501407e-02  2.20102911e-01
   7.72057359e-02  9.26683614e-01  8.50083632e-01  6.68786842e-01
   8.80006127e-03  4.56960313e-01 -7.85432200e-01 -9.20346202e-01
  -4.88424213e-01 -5.07009698e-01  9.35616435e-01 -2.41852653e-01
  -2.84892056e-01  4.69080085e-01 -3.72174442e-01 -9.91006853e-01
  -2.41793917e-02  9.40843574e-02 -4.01266916e-01  7.87132119e-01
  -7.21168742e-01 -2.03537600e-03  4.87971350e-01 -5.40239456e-01
   6.90522726e-01  4.44830578e-01  4.86526083e-01 -5.96852853e-01
  -4.07461177e-01  8.56175118e-01  3.34553460e-01 -5.23155914e-01
  -2.09995602e-01 -1.15094675e-02 -1.28845544e-01 -1.53954543e-01
  -4.56744656e-01 -4.79564805e-02 -7.06957790e-01 -2.80774694e-01
   3.84899048e-01  2.36401569e-01  3.21916046e-02  3.35808069e-01
  -9.37971485e-01  2.85156247e-01 -4.50383699e-01 -8.13690515e-01
  -6.42355289e-01  8.82200599e-01  6.24708222e-01 -9.91988349e-01
  -8.87438558e-01 -3.56840517e-01  5.17244827e-01 -8.47727441e-01
  -4.30049463e-01 -5.84685110e-01 -5.97443858e-01 -5.97770450e-01
  -4.17914225e-01 -1.40350093e-01  4.40578843e-01  6.84021997e-02
  -5.34028215e-01  3.99835580e-02 -3.39820911e-01  2.75769893e-01
   8.30447951e-01 -5.26182315e-01 -2.48289600e-01  5.37261818e-01
  -5.18129686e-01  1.54011683e-02  7.68477989e-01  2.64579301e-02
   6.99273505e-01 -6.78796423e-01 -3.09077925e-01 -8.11388944e-02
  -3.29141254e-01  4.85792858e-01  6.55493136e-01 -2.08937774e-01
   5.02832633e-01 -7.78989570e-01  9.68735555e-01 -9.36635927e-01
   7.59445793e-01  1.12591618e-01 -1.80411010e-01 -9.16461117e-02
   9.95781962e-01 -1.24365498e-01  4.84411444e-01 -3.81740380e-01
  -3.18122913e-02 -4.24229902e-01  3.48890465e-01 -4.48475622e-01
   4.53817012e-01  7.56986830e-01 -3.08598451e-01 -6.13553017e-01
  -7.89683761e-01 -9.65099829e-01  7.96985688e-02 -3.86055433e-01
  -9.41498403e-02 -1.82829795e-01  6.82785378e-01  7.96754042e-01
   5.58798118e-01  2.18000655e-01  5.11592938e-02  1.23783309e-01
   1.89553007e-02  3.87441896e-01  6.66984075e-01  9.04374723e-01
  -1.94611482e-01  3.51149677e-01 -7.37793859e-01  4.49123852e-01
   4.23704052e-01 -2.65133196e-01  5.32729164e-01  2.78464859e-01
   3.47397309e-01 -4.16709227e-01  2.96060887e-01 -8.99938741e-01
  -4.15128122e-01 -8.33814929e-01 -6.23494624e-01 -7.80170809e-01
   8.10869604e-01  8.64388712e-01 -9.06278142e-01 -5.59457621e-01
  -5.10151709e-01 -9.06646825e-04  8.52499611e-01 -1.02477603e-02
  -4.21012321e-01  9.80892445e-01 -9.63892748e-02 -6.50426815e-01
  -8.80500040e-01  6.58039091e-01 -8.94538301e-03  2.66639886e-01
   8.65740228e-01 -1.00695784e-01  1.08896419e-01  9.49690298e-01
   4.20959005e-01  5.52038712e-01 -6.45084743e-01 -6.35781018e-01
   9.27800923e-01  9.33155035e-02  3.48951881e-01 -2.18592480e-01
  -8.75762010e-01  2.84111342e-01 -3.10673205e-01 -7.64534567e-01
  -9.46130343e-02  7.85888631e-01 -8.59357687e-01  2.93217302e-01
   4.06066911e-01  2.70274677e-01 -7.49566719e-01  4.12192098e-01
  -4.43567826e-01 -3.45834547e-01 -4.56209029e-01 -3.24148743e-01
   8.84323801e-01  1.98868617e-01 -4.93009078e-01  8.57610866e-01
   1.85943926e-01 -1.26653202e-02  9.25003640e-01 -3.34040430e-01]
 [-9.17822344e-01  6.82901555e-01  1.13182193e-02 -6.85335711e-03
  -3.72333582e-01 -5.07377760e-01  1.52665023e-01  6.50304491e-01
   8.35340323e-01  9.91718878e-01  6.00741978e-01 -1.53582577e-01
   6.99530550e-01 -1.57148081e-01 -5.55062519e-03 -4.56268737e-01
   1.34122786e-01 -3.56557606e-01 -7.48088447e-01  1.47425587e-01
  -6.04124833e-01  5.51229835e-01 -3.53605811e-01 -7.70996376e-01
   8.68193400e-01 -4.25657966e-01 -5.14744964e-02 -8.86951502e-01
  -4.08137509e-01 -1.30448443e-01  2.29849387e-01  9.70403964e-01
   2.53921597e-01 -7.85590013e-01 -5.45304511e-01  2.45125940e-01
  -1.71085273e-01 -6.40288251e-01 -7.55942919e-01  8.46198663e-01
  -4.34783867e-01 -2.60988473e-01  9.05422081e-01  6.61800714e-01
  -7.82984869e-01  9.62861472e-01  3.75703683e-01  9.25689878e-01
   8.16418172e-01 -4.51862430e-01 -1.32640947e-01 -2.40961206e-01
   4.21958262e-01  7.23001032e-01  3.43449286e-01 -6.18794689e-01
  -3.99308338e-01  6.81658379e-01  2.10991266e-01  3.20626400e-01
  -1.43430801e-01 -7.60035104e-01 -9.05109700e-01 -6.61179873e-01
  -3.92881050e-01  1.80877117e-01  5.30852629e-01 -7.28565514e-01
   4.63257601e-01 -6.33193999e-01 -5.56837094e-01 -6.30458328e-01
  -7.96173426e-01  8.61816532e-01  3.79661072e-01 -8.67596364e-01
   8.49174285e-01 -3.29467146e-01 -5.84627129e-01 -6.75372882e-01
   9.38699592e-01 -6.19883076e-01 -4.92149304e-01  8.84985859e-01
   3.85253049e-01 -7.59866772e-01 -8.68198908e-01  7.69054190e-01
   9.29295014e-02 -4.63573330e-01 -2.10872943e-01 -4.80416809e-01
  -5.40623924e-01  8.64355087e-01  8.61440833e-01  8.00878725e-01
   6.12510640e-01 -3.05193868e-01 -9.98754895e-01 -3.41320978e-01
   6.41657378e-01 -9.01917497e-01 -5.57737076e-01  4.72490432e-01
  -9.08069037e-01  3.01593636e-01 -5.05598527e-01  2.84529659e-01
   8.65075916e-01  9.86300016e-01 -6.89622917e-01 -2.74177598e-01
  -5.27915289e-01  7.52607803e-01 -6.78933340e-01 -4.41502915e-01
  -6.80408613e-01  6.46447844e-01 -9.10597278e-01  3.64091697e-01
   7.63751510e-01  5.95852990e-02  7.05794205e-01  7.29744998e-01
  -9.90693705e-01 -6.67839146e-02 -3.87931774e-01  8.42401994e-01
   6.63715418e-01 -6.37988056e-01  1.12655421e-01 -5.67769637e-01
  -2.72940624e-01  2.37100813e-01 -7.39105817e-03 -9.57063894e-01
  -9.87645457e-01  7.68561908e-02  7.62295370e-01 -4.89522132e-01
   4.12232379e-01  9.31004905e-01 -5.46674660e-02 -7.09848685e-01
  -3.61429152e-01  6.30866370e-01  3.96215129e-02  4.76933550e-01
  -6.47780929e-02 -8.57036644e-01  5.10375278e-01 -8.00110569e-02
   1.49533910e-01 -3.66735724e-01 -6.73158297e-01 -3.24834434e-01
   3.73189527e-01 -9.94185970e-01 -7.37100829e-01  2.17088123e-01
  -8.45407805e-01 -1.86547703e-01 -9.42147239e-01 -3.86910028e-01
   3.28274651e-01  3.91945044e-01 -8.23773974e-01  4.82924102e-01
   3.88963438e-01  8.79380268e-01 -2.04174905e-01  4.81886652e-01
   9.51061896e-01 -9.29636214e-01 -1.66752268e-01 -3.27270043e-01
   3.57627159e-01 -3.86201083e-01 -1.88985951e-01  3.16937207e-01
  -1.83968534e-01 -8.51855962e-01  8.67369761e-01 -4.35921139e-01
   1.03699776e-02 -4.75792895e-01 -4.69488815e-01  8.35039455e-01
   4.72227071e-01  8.58294593e-01  9.17868799e-01 -4.63374075e-01
   6.03572732e-02 -1.03116945e-01  6.59705782e-02 -2.73183226e-01
   8.83745193e-02 -9.07065831e-01  6.81301439e-01 -2.26426080e-01
  -8.71064619e-01  4.77729955e-02 -9.83478240e-01 -3.90567997e-01
  -7.38439776e-01 -2.18735483e-01  5.46132181e-01  5.24861923e-02
  -2.68339185e-01  8.28822294e-01 -9.94606424e-01  3.74659934e-01
   5.41668173e-01  6.00839397e-03 -9.63152784e-01  1.72840806e-01
  -9.67975512e-01  7.14095932e-01  4.87053729e-01  7.40669218e-01
   3.92962641e-01  4.79773784e-01 -4.62633740e-01 -9.40268679e-02
  -2.33952790e-01 -3.53459384e-01 -2.91717985e-01  2.06775157e-01
  -5.20460408e-01 -3.32256653e-01  9.71514363e-01 -2.01821519e-01
  -5.36387526e-01 -6.34852535e-01 -4.79228656e-01  4.17485737e-01
  -4.40978137e-01  6.89453923e-01  3.69658391e-01 -8.74597557e-02
   9.67745364e-01 -7.80864529e-01 -1.60422760e-01  5.75735596e-01
  -7.76829822e-01  1.46466573e-01 -2.03494610e-02  8.32135676e-01
   1.71413238e-01  6.31724448e-01 -4.55638462e-01 -8.10386725e-01
  -4.16541709e-02  1.15228521e-01 -6.75860141e-01 -8.30618974e-01
  -4.06046331e-01 -5.10192769e-01  7.99232642e-01  9.93559350e-01
   7.27307184e-01 -8.34862404e-01 -1.85732275e-01  7.59555476e-01
   8.20792448e-01 -2.71545344e-01  4.20776030e-01 -8.19157669e-01
  -2.96525559e-01  4.42087307e-02 -2.48978621e-01  5.16397526e-01
  -8.10359771e-01 -2.85610746e-01 -4.25636159e-01  9.11534402e-01
   9.90506047e-01 -7.06833223e-01 -4.66026826e-01 -2.44551671e-01
  -8.69077335e-01  4.19564816e-01  9.88427954e-01 -5.16343259e-01
   8.95316326e-01  5.58929798e-01  2.28176188e-02 -2.77575787e-01
   5.13918314e-01  6.26475492e-02 -7.87737908e-01 -8.07019320e-01
   8.69691873e-02  8.85891036e-01  6.55590579e-01 -8.85286051e-01
  -5.60133843e-01  1.84344257e-01  8.10359026e-01  7.52884753e-01
  -3.29148887e-01 -6.42518256e-01 -6.76608118e-01 -1.20417532e-01
  -1.55413673e-02  5.31935967e-01 -9.04031058e-01 -3.99262496e-01
  -9.31747216e-01  4.50742602e-01 -2.05725703e-01  2.25660442e-01
   1.72684033e-02 -3.65381481e-01 -3.60544791e-02 -4.47274485e-01
   3.70423663e-01  3.09849946e-01 -8.78887075e-01  6.26751947e-01
   6.97329968e-01  3.05628983e-01  9.91798687e-01 -7.11735799e-01
   9.98413132e-01  2.93141999e-01  7.83707091e-01 -6.32955845e-01
   5.09493199e-01  3.85183106e-01  3.62382600e-01 -9.59252425e-01
   4.72137845e-01 -1.49482148e-01  1.00939283e-01  9.64519533e-01
   5.09875664e-01 -5.08301877e-01 -2.84307228e-01  8.34640805e-01
  -1.55521609e-01  1.41775824e-01  2.53333393e-01 -9.17402118e-01
   4.35622731e-01  9.63051370e-01 -8.58264465e-01 -1.47978797e-01
   7.27856984e-02 -6.92049980e-01  6.45286396e-01  1.46012687e-01
   4.31330017e-01  7.42329008e-01 -4.27515381e-01 -8.98920715e-01
   3.15313935e-01 -9.51502969e-02  5.37294899e-01 -1.77352207e-01
  -5.39175057e-01 -7.65236952e-01  4.73119982e-01 -7.51907071e-01
  -7.31369980e-01  4.45456139e-02 -8.31519523e-01  1.58061117e-01
   3.44883621e-01  9.53326372e-01 -3.75977038e-01  9.08540096e-02
  -2.87101908e-01  1.09956855e-01 -8.86543821e-01  6.29050281e-01
   8.82208156e-01 -5.29419020e-01  4.69101340e-01 -4.76792684e-01
   4.53175522e-01  3.91962040e-01 -2.34344241e-01 -6.45114470e-01
   2.80217753e-02 -5.33023852e-02 -8.60833865e-01 -4.69604904e-01
   1.76439245e-01 -1.76075985e-02 -1.50423059e-02  1.36055674e-01
   4.49817669e-01  8.93602876e-01  4.82199785e-01  7.04666562e-01
  -6.71784937e-01  1.38316494e-01  8.53345508e-01  6.85460416e-01]
 [ 4.83037784e-01 -7.64830331e-01 -3.74230619e-01  2.72857641e-01
  -2.22258800e-01  6.12113144e-01 -2.90510256e-01 -4.48323307e-01
   4.56667399e-01 -6.10131290e-01 -9.01985486e-01 -8.04975197e-01
   4.32977588e-01  9.02972741e-02 -8.98414010e-01 -3.15336620e-01
   7.28344854e-01  4.78497463e-01  6.27949986e-01 -8.30544148e-01
  -4.35003448e-01 -2.00633663e-01  1.67560155e-01  9.00281148e-01
  -7.13015289e-01 -3.04858146e-02 -3.16606990e-01 -2.34131127e-01
   8.53831611e-01  9.77380359e-01  1.13273403e-01 -6.88016867e-01
  -9.62263338e-01 -9.77054250e-01  5.37965030e-01 -5.32130364e-01
  -8.63675536e-01  4.44081382e-01  7.03810256e-01  4.97495289e-01
   8.42173447e-01  7.06327204e-01 -1.34477103e-02  6.77261990e-01
   3.62874389e-01  2.05483854e-01  7.87364659e-01 -9.28878523e-01
  -5.41389834e-01  1.16741304e-01 -2.82216392e-01  6.49326299e-01
   2.34186382e-01  7.99401662e-01  3.52657771e-01  4.14690353e-02
   7.54024984e-01  8.29250785e-01  5.97848108e-01  2.47858726e-01
  -3.39143374e-01 -5.86053724e-01 -9.27894413e-01 -7.64716577e-01
  -3.88108866e-01 -7.04311080e-01 -8.88380227e-01  8.88557056e-01
   3.03748637e-01 -3.01492411e-01  5.65672380e-01 -6.81126033e-01
   4.94907314e-01 -5.80735063e-01 -4.35120512e-01  7.37076659e-01
   3.09350742e-01 -4.16083396e-01 -1.10160253e-01 -3.29059459e-02
   6.66669444e-01 -4.42318455e-01  4.24295662e-01  2.89545440e-01
   7.89995513e-01  7.57684482e-02  5.54530983e-01 -1.44947192e-01
  -1.61441556e-01  8.49549466e-01  7.64583919e-01 -5.49381899e-01
   3.11207818e-01  1.02342293e-01  8.07379304e-01 -8.90263052e-01
  -2.03304720e-02 -3.09172724e-01  6.74782933e-01  3.21835117e-01
   9.36538355e-01  8.83433279e-02  2.13224889e-01 -4.85938667e-01
  -2.30412387e-02  7.22459465e-01  9.65160296e-01 -7.96564598e-01
  -5.04506565e-01 -8.54478620e-01  7.77920042e-01  8.64588446e-01
  -4.72887409e-01 -4.57813787e-01 -2.87057212e-01 -9.97855424e-01
  -7.23588822e-01 -1.85433800e-01 -9.88656046e-01 -5.82950136e-02
   8.51416488e-01 -7.27785477e-01 -3.79624650e-01  6.99769083e-01
   3.27616164e-01  4.24280073e-01  7.72626358e-01  7.89165600e-01
   8.84215366e-01 -4.53117988e-01  5.61433922e-01 -9.09651260e-01
  -8.52732255e-01 -8.25137144e-01 -3.36046478e-01 -4.24715573e-01
   1.30793218e-01  9.87849757e-01 -9.99800720e-01 -2.14238997e-01
  -9.48474942e-01  2.22803372e-01  8.70275244e-01  6.75185881e-01
  -5.56296649e-01 -1.84109538e-01  1.76938920e-01  6.58965253e-01
  -6.27757641e-01 -1.67875911e-02 -5.30713569e-01 -1.04706555e-01
  -6.13391480e-01 -7.68461800e-01 -3.12204138e-01 -4.60351424e-02
   2.63481430e-02  7.97644342e-02  5.64382153e-01 -6.57490943e-01
  -6.96982893e-01  5.84429495e-01  7.34583444e-02  3.06388712e-01
  -6.86050477e-01 -3.58510203e-01  1.89101181e-01 -7.91311301e-01
   1.16837759e-01  6.21267840e-01  8.86962112e-01  9.18664079e-01
  -8.27897290e-01  7.55099124e-01 -1.18007438e-01 -2.75941427e-01
  -2.18971967e-01  5.09805290e-01  2.05012548e-01 -7.02454399e-01
  -4.06337020e-01 -5.15661265e-01 -8.11581687e-02 -1.32104234e-01
  -3.00697144e-02  2.64593573e-01  5.54183460e-01 -9.79777245e-01
  -5.04228679e-01 -9.67930525e-01 -6.75177887e-01  9.38413448e-02
   2.81209699e-01 -4.96813699e-01 -4.64771865e-01  6.31896534e-01
   8.88640161e-01  3.51778062e-01  1.06216602e-01  9.57085090e-01
   2.12208148e-01 -6.70539618e-01  9.20374247e-01  1.84190280e-01
   8.80841574e-01  8.64666814e-01  5.45387714e-01  4.63604216e-01
   9.62167528e-01 -2.68171565e-01 -9.67679261e-01  7.76174386e-01
  -2.13348085e-01  6.99370348e-01  9.08571555e-01  2.08822167e-01
  -3.25816570e-01 -3.27869799e-01 -3.55684489e-01  6.29926998e-01
   3.28276343e-01  5.62890511e-01  9.63509733e-01 -5.38725504e-01
  -7.17263296e-01  1.72015404e-01  1.11235810e-01 -7.89488037e-01
  -2.52769192e-01 -3.51819516e-01  6.40629781e-01 -7.46436863e-01
  -1.39238697e-01 -3.13405564e-01 -2.92020276e-01  5.01229892e-01
   9.14877013e-01 -2.91131654e-01  9.95737208e-01 -9.32647095e-01
  -6.97627065e-01  6.95062384e-01  9.55759610e-01 -6.65677507e-01
   2.38910153e-01  6.12233537e-01 -9.41845625e-01  9.57475018e-01
   2.49345516e-01  8.89888334e-01  2.52751230e-01  9.72140871e-01
  -2.98711121e-01 -5.45243348e-02  5.80171516e-01 -6.74961872e-01
   2.77648517e-01  1.37411319e-01 -2.15679734e-01  1.71931451e-01
  -5.22295262e-01  1.73388738e-01  9.28080122e-01  2.09438972e-01
  -4.08424467e-01  6.27457014e-01  8.35281606e-01  3.31268448e-01
   4.89246806e-01  7.69637501e-01 -3.92551701e-02 -5.09519834e-01
  -5.19340951e-01 -2.26841105e-01 -1.85153095e-02 -9.84837122e-01
   4.72272105e-01 -3.13428335e-01  4.88245108e-01  8.05907645e-02
   7.18144918e-01  2.02954616e-02  2.04369363e-01 -1.65570221e-01
   1.56134441e-01  7.68182710e-01  7.22147588e-01  3.51998807e-01
  -3.47838042e-01 -4.35648218e-01 -1.66869936e-01  7.57775622e-01
  -9.14101593e-01  9.95904988e-01  3.61110799e-01 -8.87040948e-01
  -7.06742267e-01  4.93691659e-01 -5.60763084e-01 -1.55913416e-01
   2.81625293e-01  4.89850645e-01 -5.56175634e-01  6.67116132e-01
  -2.85136104e-01 -7.89237306e-01 -2.51962785e-01 -8.19252330e-01
   2.20376455e-01  4.97022988e-01  5.39620382e-01  3.11304584e-01
  -5.51047694e-01 -6.59509156e-02 -1.73142525e-01 -6.89642622e-01
   7.19996219e-01 -3.77276331e-01 -8.37851142e-01  9.26293661e-01
   4.40057031e-01  7.03484774e-01  3.46972520e-01  8.33369944e-01
   4.04940606e-01 -3.31661135e-01 -4.80746540e-01 -6.81005445e-01
   8.72701523e-01  8.08673110e-02  6.47437795e-01  9.17273703e-01
   7.25823154e-01  2.90117653e-01 -1.51023063e-01  8.96878527e-02
   7.30775242e-01  7.07794334e-01  1.76657223e-01  2.66908410e-01
  -5.77272172e-02 -8.35051409e-01  9.81644863e-01 -3.46862184e-01
   3.06496286e-01 -3.06314028e-01 -2.35592135e-01  6.48502183e-01
  -4.99883747e-01  8.89065885e-02  2.64539256e-01  7.98511985e-01
  -6.39642387e-01  8.65529792e-02 -1.39226367e-01  1.57537396e-01
  -6.70066903e-01 -9.63826562e-01  5.03098018e-01  7.53882690e-01
  -1.59213052e-01 -5.41351180e-01 -2.90901556e-01  6.72190835e-01
   8.73149591e-01  5.79231433e-01  1.20065510e-01  7.23678594e-01
   2.32758777e-01  6.75458429e-01  7.15963789e-01  8.51423255e-01
  -2.40573040e-01 -7.99067775e-01 -1.72171910e-01  7.25997313e-01
   2.93029648e-01 -9.18657545e-01 -5.66700809e-01  9.48857294e-01
   9.83399356e-01 -3.74694397e-01  6.81174788e-02 -8.24648353e-01
   8.96261911e-01  8.50214012e-01  1.67198874e-01 -7.44485813e-01
   5.21284641e-03 -9.95214141e-01  3.85021459e-01 -6.68286080e-01
   8.41554615e-01  6.03632782e-01  5.80433302e-01  9.70393585e-02
  -4.77708384e-01  1.64864247e-01  9.75792354e-01  5.36796108e-01]
 [-9.94687466e-01 -4.55025403e-02 -4.82736618e-02  9.71592189e-01
   8.97838113e-01  2.12933300e-01  7.68500572e-01 -3.20141924e-01
   2.54133197e-01  3.19236517e-02 -1.87735422e-01  7.03678491e-01
   1.79702978e-01 -1.82420318e-01  6.00903527e-02 -5.18915499e-02
  -9.36535442e-01  2.16499652e-01 -4.87318874e-01 -7.35804089e-01
  -8.15141804e-01 -1.76088103e-01 -2.06494826e-01 -3.33400508e-01
   9.90344023e-01 -8.37556692e-01  9.86531221e-01 -4.24304142e-01
  -7.35943841e-01 -6.63351334e-01 -6.56045209e-02 -5.07727661e-01
  -7.86296682e-01  1.70919041e-01  3.26479567e-01  6.51055134e-01
   3.69165969e-01 -6.58313831e-01  3.30476806e-01 -9.92207823e-01
  -7.31735158e-01  8.33385582e-01 -8.71999243e-01 -4.29328840e-01
  -7.40642816e-01  7.74943916e-01 -7.59661963e-01 -9.94429909e-02
   7.42292456e-01 -7.58803702e-01  1.46036629e-01 -2.16481969e-01
   2.14969714e-02  3.81731299e-01 -8.05527010e-02 -3.13341736e-01
   2.35326012e-01 -5.28710901e-01 -7.58030222e-02 -5.59205564e-01
  -4.14349268e-02 -9.75800853e-01 -3.72377142e-01 -8.68023799e-01
   4.67443334e-01 -9.83727113e-01 -7.68741153e-01 -9.46385614e-01
  -7.99489407e-02 -9.69202326e-01 -8.68764118e-01  4.63784139e-02
  -6.77129478e-01 -2.61475510e-01 -5.32021151e-01 -8.56044501e-01
  -4.65528049e-01  7.16513574e-01  7.24737020e-02 -7.02499712e-01
   1.20823902e-01 -4.29191930e-01  7.80208081e-01 -8.29068776e-01
  -3.25375203e-01 -2.57545672e-01 -4.38584808e-01  8.97739993e-01
   9.53438633e-01  9.16584207e-01  1.94422924e-02  4.01179432e-02
   7.21691597e-01 -1.26346526e-01  3.40066791e-01  9.24977914e-01
  -5.38319663e-02  5.53183747e-01 -1.70391244e-01  5.10227607e-01
  -4.67406654e-01  3.34128028e-01  5.96653265e-02  3.49516013e-01
  -3.35026899e-01 -1.56767165e-01 -7.91794694e-01  6.63485100e-01
  -9.36235116e-01  2.04342280e-01 -2.18023286e-01 -6.69806144e-01
  -8.49059862e-01 -7.25825280e-01  2.28973102e-01 -3.56921293e-01
   5.00736364e-01  8.39957118e-01  2.86886292e-01  5.81486354e-01
   2.38175775e-02 -3.25456392e-01 -7.69085751e-01 -8.30051170e-01
  -3.98946447e-01 -4.05980073e-01 -4.06570366e-01  4.14786058e-01
   7.78500224e-01  6.69590924e-01  3.36911566e-01  5.61071304e-01
  -7.80887461e-01 -8.21803273e-02  3.33719554e-01 -7.41986744e-01
   3.69954596e-01 -2.93205162e-01 -8.89599451e-01  8.32129535e-01
   3.43254847e-01  4.66657838e-01 -3.90523866e-01  7.14977230e-01
   7.94737205e-02 -8.95192859e-01  9.30053304e-01  5.30853393e-01
  -8.95559958e-01 -5.18627398e-01  7.15418934e-01  3.55897758e-01
  -2.52530248e-01 -8.72013622e-01 -8.85747961e-01  1.04893631e-01
   2.22381440e-02 -8.26279838e-01  8.96472980e-01 -2.54651002e-01
   9.33567446e-01 -9.21724362e-02 -3.47342289e-03  7.81500488e-01
  -2.36225496e-01 -9.85305424e-01 -7.88288319e-01  6.25575215e-01
  -1.32062698e-01 -6.78596874e-01  7.40179681e-01  2.22933603e-01
   8.26856835e-02 -4.33159397e-01  3.28001271e-01  5.04335845e-02
   2.82940551e-01 -8.64346187e-01  9.79758840e-01  2.95950100e-02
  -6.63838608e-01 -4.33499008e-01 -3.63312904e-01 -3.88437418e-01
  -5.11072569e-01  5.91128511e-01 -8.57841793e-01 -9.91535080e-01
   4.19082675e-01 -2.56591633e-01  7.21750364e-02  3.48627933e-01
  -4.50072390e-01 -1.14040676e-01 -1.39583289e-01  9.82515031e-01
   7.26636105e-01  5.85015863e-01  5.17595548e-01 -4.41069562e-02
   5.44874845e-01  6.43196289e-01  3.83704106e-01  3.28326865e-01
  -4.46013676e-01 -1.95173900e-01 -5.22934874e-02 -9.54210173e-01
  -5.37998452e-01  3.52394267e-01  3.73180695e-01 -6.09453361e-01
  -9.70004616e-01 -6.55878940e-01 -6.64965730e-01  3.45974067e-01
   4.24972687e-01  4.60183342e-01 -2.41007440e-01  5.49908933e-03
  -4.34089847e-01  1.65266661e-01 -7.40465984e-01  1.29198202e-01
  -1.73534155e-01  6.59029536e-01  8.77991309e-01 -7.56469392e-01
  -4.55778494e-02 -7.31336102e-01  5.38107179e-01 -5.49464111e-01
   1.85567948e-01  9.95235378e-01  1.79705863e-01 -2.29845833e-01
  -5.81472475e-01 -1.69449885e-01 -1.15780475e-01 -2.21391419e-01
  -3.14308782e-01  1.20351647e-01 -4.76471273e-01  1.05043306e-01
   6.50074964e-01 -9.20678464e-01 -6.31035204e-01 -9.24643223e-01
   7.07056615e-01 -2.67545120e-01  3.50468264e-01 -9.15169097e-01
   4.08297229e-02 -2.84173927e-01 -4.37352830e-02 -5.06182531e-01
  -2.21542483e-01 -6.21288834e-01  3.14100592e-01 -6.68251099e-01
   3.05253670e-01  3.74161792e-01 -1.42796140e-01 -6.45524048e-01
   6.93010451e-02  2.84579369e-01  7.11168225e-01 -7.10633739e-01
  -8.30535008e-01  1.16512802e-01 -2.72362187e-01  9.26156439e-01
  -6.67521925e-02 -9.25469916e-01  5.87672686e-01 -2.11336180e-01
  -9.14972062e-01 -7.35105140e-01 -2.67040219e-01  4.67866315e-01
   8.75273935e-01  1.76584787e-01  8.23987774e-01 -1.49483884e-01
   3.76862740e-01  2.58873639e-01 -3.77783438e-01 -4.31060669e-01
  -5.13138158e-01 -5.34116463e-01  9.36382689e-01  5.71514301e-01
  -3.45999593e-01 -8.43474560e-01  8.71948503e-01 -5.54435794e-01
  -1.51234987e-02  3.46368720e-01 -7.84271309e-01 -5.44481496e-01
   3.20747298e-01  3.48209215e-01 -4.67098415e-01  2.18027370e-02
   6.16648169e-02 -4.24126108e-01  3.91968043e-02  5.18463818e-01
   8.75142116e-01  1.21512153e-01 -4.83443878e-01  9.53890705e-01
  -4.03687054e-01 -1.99139181e-01  3.73353140e-01 -2.17628238e-01
  -2.15844196e-01 -9.56346127e-02  8.65886865e-01 -9.22289111e-01
   2.38070258e-01 -6.58732491e-01 -4.51326936e-01  6.29659078e-01
   6.92767172e-02 -7.75864638e-01  3.16248670e-01  9.95454196e-01
   3.02409475e-01  1.70413144e-01  7.87253965e-01  3.80178126e-01
  -6.24045179e-01 -3.18251231e-01 -1.62109359e-01 -4.26645926e-01
   8.76586557e-01  5.42796869e-01 -9.76942826e-01 -6.22672983e-01
   5.75820020e-01 -7.50636089e-01 -4.13570983e-01  7.91379368e-01
   9.26250438e-01  2.09098373e-01 -2.75021282e-01  8.43899970e-01
  -3.69933198e-01 -7.47831745e-02 -8.31361005e-01 -1.45801980e-03
  -4.37048740e-01 -8.95927093e-01 -7.25898849e-01 -9.04406544e-02
  -8.99935702e-01  6.76948452e-01 -1.86061812e-01  8.74248805e-01
   6.85898140e-01 -7.69987082e-01 -5.12413949e-01  4.50782302e-01
  -3.52457889e-01  7.27460214e-01  6.01744632e-01 -6.75279129e-01
  -9.74737863e-01  2.27931328e-01 -8.83450928e-01 -4.33611836e-01
  -7.19415550e-01  3.11667398e-02  1.42066294e-01  4.67213178e-01
  -8.71731424e-01 -9.56641358e-01  2.33051916e-01 -7.97811529e-01
   5.42009675e-01 -5.18633430e-01  9.12527696e-01 -4.32041463e-01
  -7.20961984e-01  7.74823867e-02  6.38863235e-01 -4.01381238e-01
  -1.15380406e-01  7.77931722e-01 -7.89120975e-01 -1.30138006e-01
  -1.28121096e-01  4.32376596e-01 -1.80713956e-01 -4.00778714e-01
  -3.18126026e-01 -8.07471456e-01  7.71428563e-01  9.08013200e-01]
 [ 2.19201266e-01 -6.73318247e-01 -4.20147647e-01  4.45215776e-02
  -1.99370929e-02  1.61508052e-01  5.70589353e-01  2.34056988e-01
   1.57756500e-02 -5.49667734e-01  4.25359696e-01  4.29545130e-01
   8.13919011e-01  6.70125034e-01 -3.02297828e-01  5.05962189e-02
   8.36163939e-01 -3.23792448e-01 -3.38599822e-01  9.91494916e-01
   3.84451603e-01 -4.19731014e-01 -1.53538471e-01 -3.64573487e-01
   2.92195286e-01  8.69396536e-01  7.11615876e-01 -6.89969013e-01
  -3.57369376e-01  5.81389513e-01  1.95916659e-01 -3.68331044e-01
  -8.00005739e-01  8.19375402e-01  4.70296558e-01 -6.42086300e-01
   3.09689927e-01 -7.99253154e-01  8.19800561e-01  9.87630040e-01
  -9.24462833e-01  5.62796688e-01 -2.59671137e-01 -5.53457304e-01
   9.54865521e-03 -8.50677583e-01  8.77165888e-01 -1.45680775e-01
   9.87123051e-01 -6.25975339e-01 -7.47729429e-01 -3.98057706e-01
   9.62729479e-03  6.04075230e-01 -6.35805648e-01  4.36886093e-01
  -3.70809630e-01 -3.19160453e-01 -7.19223427e-01 -2.05202432e-01
  -2.07413143e-01  8.64632392e-01  5.95486443e-02 -8.55215096e-01
   1.33772951e-01 -7.35578833e-01  7.66192719e-01  6.08314261e-01
   1.59981081e-01 -2.34877480e-01 -1.48000795e-01  7.68290949e-01
   7.58854150e-01 -7.85731342e-01  6.91135845e-01  5.57592130e-01
  -8.67279321e-02  8.75218487e-01  6.52226128e-01  3.46459985e-01
   3.27341536e-02 -7.15354830e-01  8.96494102e-02  7.43409139e-01
   5.38707628e-01  3.28514006e-01  5.26378942e-01 -1.71620554e-01
  -3.55924956e-01  5.82108367e-01 -6.02806933e-01  9.60370358e-01
   8.67257776e-01  7.83588691e-01 -4.04953529e-01 -2.90275373e-01
  -1.94916521e-01  6.90972081e-01 -3.54451053e-01 -2.53198313e-01
  -7.49122570e-01  6.62688214e-01  1.23111776e-01  9.33289110e-01
   7.20567607e-02  4.73166387e-01 -2.41134071e-01 -8.82199251e-01
  -2.90372947e-01 -1.55608677e-01  8.50059523e-01  5.68565891e-01
  -5.59079275e-01  9.06706943e-01  9.28658950e-01 -4.88067177e-01
  -1.30267216e-01  2.63902024e-01 -5.67647337e-01 -7.64899353e-01
   5.51556134e-01  6.01864673e-01  5.29681702e-01  3.07781521e-02
  -7.30767848e-01 -6.52618322e-03 -4.19891518e-01 -2.11007379e-01
   2.51413893e-01  4.92221304e-01 -2.82563219e-01  8.78217185e-01
   2.19750387e-01 -9.85975591e-01 -5.61858241e-01  9.37694725e-01
   6.55444656e-01  9.24162450e-01  7.54388680e-02  2.85300193e-01
   7.58565695e-02 -4.24578112e-01 -3.05461087e-01  1.03513694e-01
  -2.71612865e-01 -5.75357804e-01 -5.29089354e-01  9.61236592e-01
  -6.84494050e-01  2.32518360e-02 -8.60040675e-01 -9.91667744e-01
   8.52461618e-01 -6.48911364e-01  5.15785867e-01  3.67238141e-01
   6.55377596e-01 -1.04886316e-01 -2.04621859e-01 -8.98002100e-01
  -3.36446727e-01  5.79292375e-01 -3.17186140e-01  1.51662522e-01
   9.50366579e-01 -5.91570532e-01 -8.27832306e-02  6.70553576e-01
  -2.20765108e-02 -1.65534318e-01 -6.63298702e-01 -4.74555223e-01
  -9.15601876e-01  6.69128354e-01  7.90192096e-01 -9.21779914e-01
   8.36760794e-02  8.84138487e-01  7.47666389e-01  2.07055892e-02
  -4.92949728e-01  8.65645829e-01 -7.22854802e-01 -8.03847064e-01
   6.53114149e-01  9.00312330e-01 -8.48865832e-01  4.18602060e-01
  -9.26032369e-01  8.67197776e-01 -7.12489740e-01  2.97005873e-01
  -2.76412833e-02  1.15257791e-01  4.64727781e-02 -5.20943364e-01
  -9.21784396e-01  2.56995735e-01 -4.57589414e-01  3.17525193e-01
   1.88922254e-01 -2.19039031e-01 -6.72132174e-01  4.57130130e-01
   1.48541722e-01  2.53224051e-01 -5.44604703e-01  3.73106446e-01
   7.97658417e-01 -7.87491504e-01  7.73017997e-01 -8.35384315e-01
   7.66368411e-01  8.78738886e-01  1.37558403e-01 -6.07280249e-01
   3.60599859e-01 -5.95528862e-01  8.30702426e-01  5.86467719e-01
  -7.98776936e-01  1.41159780e-01 -5.79921590e-01  3.65085256e-01
  -3.35587198e-01  9.30896861e-01 -3.61918215e-01  9.28088949e-01
  -3.46316868e-01  6.25942826e-01 -9.11821497e-01 -2.24863967e-01
  -5.71237839e-01 -3.04810704e-01 -1.69932909e-01 -3.47650185e-01
   9.75230272e-01  1.88856613e-01 -8.17236990e-01  9.03070634e-01
   7.09800288e-01 -2.29571604e-01 -1.80904676e-01 -3.90571485e-01
  -1.17392683e-01  1.90857416e-01  7.54097720e-02 -5.60625936e-01
  -6.95521824e-01 -6.59776920e-01  2.29836697e-01  6.87821027e-01
   6.84058827e-01  4.48622597e-01 -5.23346994e-01 -6.70056499e-02
   4.19774882e-02  3.89797942e-02  1.76294640e-01 -9.91260640e-01
   6.41617387e-01  1.08425150e-01  1.34039241e-01 -8.42112600e-01
   1.49365253e-01 -9.59454800e-01 -8.66610998e-01 -1.20624668e-01
   8.20881727e-01 -9.60278644e-01 -7.20554428e-01  5.92792813e-01
   6.87767532e-02  6.69277447e-01 -4.17599244e-01  4.05436360e-01
   7.59531904e-02 -9.50039717e-02 -6.51215781e-01  2.18124044e-01
  -2.85028168e-01  1.91529558e-01 -5.52085965e-02 -5.16426058e-01
  -9.75200078e-01 -1.75549546e-01 -1.24966799e-02  3.71719772e-01
   9.32566726e-01  8.78681453e-01  7.13412774e-01 -4.72433655e-01
   8.14569223e-02  5.02549640e-01  5.88564401e-01 -9.55809339e-01
   8.38109363e-02  1.07218688e-01  2.04109894e-02  9.99978113e-01
  -9.27518900e-01  3.18040834e-01  9.93940386e-01  7.64884924e-01
   1.60213804e-01  6.64310122e-01  5.85864973e-01  6.10806758e-01
   4.86300294e-01  7.44872472e-01 -1.18815266e-02  7.61788243e-01
   5.09880417e-01 -4.46110624e-01  8.53967534e-01 -4.62088672e-01
  -6.21976763e-01 -6.21799335e-01 -5.73008591e-01 -2.14714333e-01
  -4.43133823e-01  2.49770184e-01  9.45097998e-02  3.40777054e-01
   6.89763874e-01  9.08231739e-01 -5.82395516e-01 -5.46777224e-01
   2.26095804e-01  2.21019850e-01 -1.71701989e-01  4.40955177e-01
   1.01525134e-01 -5.36121112e-01  7.99724182e-01  7.82329793e-01
  -3.43137671e-01  2.18214341e-01 -8.62430538e-01 -9.67580572e-01
   3.42821849e-01  5.08136927e-01 -4.79094751e-01 -2.23269258e-01
   5.12988664e-01 -3.38983232e-01  5.21806113e-01 -8.36288113e-01
  -4.07980565e-02 -1.17478160e-02  6.29294776e-01  4.98643313e-02
   9.18719597e-01  1.18916206e-01  3.03500176e-01 -8.58021465e-01
   4.26096590e-01  4.48680515e-01 -3.20428802e-01  1.38015338e-01
  -9.83166744e-01 -7.49948466e-01 -9.60821871e-01 -6.91663961e-01
   7.74128458e-03  4.37840720e-01 -6.01248389e-01 -2.44025850e-01
  -1.05638635e-01  2.41025203e-01 -9.67573231e-01 -5.74139618e-01
   9.07628825e-01  3.14767200e-01 -7.20294382e-01 -4.57446070e-01
  -2.18844527e-01  8.66018248e-01 -1.96562765e-01  9.63465477e-01
   9.05282408e-01  9.07117699e-01 -3.88240086e-01 -1.73682729e-01
   6.23790290e-01  4.62152880e-01  8.69733038e-01  4.78786680e-01
   1.79357489e-01  5.42123783e-01  2.81436185e-01  1.19702845e-01
  -1.92685392e-02 -3.09652182e-01  4.37818546e-02 -2.21914267e-02
   8.80468407e-01 -8.85448148e-01  4.81241873e-01 -5.02211940e-01]
 [ 0.00000000e+00  0.00000000e+00  0.00000000e+00  0.00000000e+00
   0.00000000e+00  0.00000000e+00  0.00000000e+00  0.00000000e+00
   0.00000000e+00  0.00000000e+00  0.00000000e+00  0.00000000e+00
   0.00000000e+00  0.00000000e+00  0.00000000e+00  0.00000000e+00
   0.00000000e+00  0.00000000e+00  0.00000000e+00  0.00000000e+00
   0.00000000e+00  0.00000000e+00  0.00000000e+00  0.00000000e+00
   0.00000000e+00  0.00000000e+00  0.00000000e+00  0.00000000e+00
   0.00000000e+00  0.00000000e+00  0.00000000e+00  0.00000000e+00
   0.00000000e+00  0.00000000e+00  0.00000000e+00  0.00000000e+00
   0.00000000e+00  0.00000000e+00  0.00000000e+00  0.00000000e+00
   0.00000000e+00  0.00000000e+00  0.00000000e+00  0.00000000e+00
   0.00000000e+00  0.00000000e+00  0.00000000e+00  0.00000000e+00
   0.00000000e+00  0.00000000e+00  0.00000000e+00  0.00000000e+00
   0.00000000e+00  0.00000000e+00  0.00000000e+00  0.00000000e+00
   0.00000000e+00  0.00000000e+00  0.00000000e+00  0.00000000e+00
   0.00000000e+00  0.00000000e+00  0.00000000e+00  0.00000000e+00
   0.00000000e+00  0.00000000e+00  0.00000000e+00  0.00000000e+00
   0.00000000e+00  0.00000000e+00  0.00000000e+00  0.00000000e+00
   0.00000000e+00  0.00000000e+00  0.00000000e+00  0.00000000e+00
   0.00000000e+00  0.00000000e+00  0.00000000e+00  0.00000000e+00
   0.00000000e+00  0.00000000e+00  0.00000000e+00  0.00000000e+00
   0.00000000e+00  0.00000000e+00  0.00000000e+00  0.00000000e+00
   0.00000000e+00  0.00000000e+00  0.00000000e+00  0.00000000e+00
   0.00000000e+00  0.00000000e+00  0.00000000e+00  0.00000000e+00
   0.00000000e+00  0.00000000e+00  0.00000000e+00  0.00000000e+00
   0.00000000e+00  0.00000000e+00  0.00000000e+00  0.00000000e+00
   0.00000000e+00  0.00000000e+00  0.00000000e+00  0.00000000e+00
   0.00000000e+00  0.00000000e+00  0.00000000e+00  0.00000000e+00
   0.00000000e+00  0.00000000e+00  0.00000000e+00  0.00000000e+00
   0.00000000e+00  0.00000000e+00  0.00000000e+00  0.00000000e+00
   0.00000000e+00  0.00000000e+00  0.00000000e+00  0.00000000e+00
   0.00000000e+00  0.00000000e+00  0.00000000e+00  0.00000000e+00
   0.00000000e+00  0.00000000e+00  0.00000000e+00  0.00000000e+00
   0.00000000e+00  0.00000000e+00  0.00000000e+00  0.00000000e+00
   0.00000000e+00  0.00000000e+00  0.00000000e+00  0.00000000e+00
   0.00000000e+00  0.00000000e+00  0.00000000e+00  0.00000000e+00
   0.00000000e+00  0.00000000e+00  0.00000000e+00  0.00000000e+00
   0.00000000e+00  0.00000000e+00  0.00000000e+00  0.00000000e+00
   0.00000000e+00  0.00000000e+00  0.00000000e+00  0.00000000e+00
   0.00000000e+00  0.00000000e+00  0.00000000e+00  0.00000000e+00
   0.00000000e+00  0.00000000e+00  0.00000000e+00  0.00000000e+00
   0.00000000e+00  0.00000000e+00  0.00000000e+00  0.00000000e+00
   0.00000000e+00  0.00000000e+00  0.00000000e+00  0.00000000e+00
   0.00000000e+00  0.00000000e+00  0.00000000e+00  0.00000000e+00
   0.00000000e+00  0.00000000e+00  0.00000000e+00  0.00000000e+00
   0.00000000e+00  0.00000000e+00  0.00000000e+00  0.00000000e+00
   0.00000000e+00  0.00000000e+00  0.00000000e+00  0.00000000e+00
   0.00000000e+00  0.00000000e+00  0.00000000e+00  0.00000000e+00
   0.00000000e+00  0.00000000e+00  0.00000000e+00  0.00000000e+00
   0.00000000e+00  0.00000000e+00  0.00000000e+00  0.00000000e+00
   0.00000000e+00  0.00000000e+00  0.00000000e+00  0.00000000e+00
   0.00000000e+00  0.00000000e+00  0.00000000e+00  0.00000000e+00
   0.00000000e+00  0.00000000e+00  0.00000000e+00  0.00000000e+00
   0.00000000e+00  0.00000000e+00  0.00000000e+00  0.00000000e+00
   0.00000000e+00  0.00000000e+00  0.00000000e+00  0.00000000e+00
   0.00000000e+00  0.00000000e+00  0.00000000e+00  0.00000000e+00
   0.00000000e+00  0.00000000e+00  0.00000000e+00  0.00000000e+00
   0.00000000e+00  0.00000000e+00  0.00000000e+00  0.00000000e+00
   0.00000000e+00  0.00000000e+00  0.00000000e+00  0.00000000e+00
   0.00000000e+00  0.00000000e+00  0.00000000e+00  0.00000000e+00
   0.00000000e+00  0.00000000e+00  0.00000000e+00  0.00000000e+00
   0.00000000e+00  0.00000000e+00  0.00000000e+00  0.00000000e+00
   0.00000000e+00  0.00000000e+00  0.00000000e+00  0.00000000e+00
   0.00000000e+00  0.00000000e+00  0.00000000e+00  0.00000000e+00
   0.00000000e+00  0.00000000e+00  0.00000000e+00  0.00000000e+00
   0.00000000e+00  0.00000000e+00  0.00000000e+00  0.00000000e+00
   0.00000000e+00  0.00000000e+00  0.00000000e+00  0.00000000e+00
   0.00000000e+00  0.00000000e+00  0.00000000e+00  0.00000000e+00
   0.00000000e+00  0.00000000e+00  0.00000000e+00  0.00000000e+00
   0.00000000e+00  0.00000000e+00  0.00000000e+00  0.00000000e+00
   0.00000000e+00  0.00000000e+00  0.00000000e+00  0.00000000e+00
   0.00000000e+00  0.00000000e+00  0.00000000e+00  0.00000000e+00
   0.00000000e+00  0.00000000e+00  0.00000000e+00  0.00000000e+00
   0.00000000e+00  0.00000000e+00  0.00000000e+00  0.00000000e+00
   0.00000000e+00  0.00000000e+00  0.00000000e+00  0.00000000e+00
   0.00000000e+00  0.00000000e+00  0.00000000e+00  0.00000000e+00
   0.00000000e+00  0.00000000e+00  0.00000000e+00  0.00000000e+00
   0.00000000e+00  0.00000000e+00  0.00000000e+00  0.00000000e+00
   0.00000000e+00  0.00000000e+00  0.00000000e+00  0.00000000e+00
   0.00000000e+00  0.00000000e+00  0.00000000e+00  0.00000000e+00
   0.00000000e+00  0.00000000e+00  0.00000000e+00  0.00000000e+00
   0.00000000e+00  0.00000000e+00  0.00000000e+00  0.00000000e+00
   0.00000000e+00  0.00000000e+00  0.00000000e+00  0.00000000e+00
   0.00000000e+00  0.00000000e+00  0.00000000e+00  0.00000000e+00
   0.00000000e+00  0.00000000e+00  0.00000000e+00  0.00000000e+00
   0.00000000e+00  0.00000000e+00  0.00000000e+00  0.00000000e+00
   0.00000000e+00  0.00000000e+00  0.00000000e+00  0.00000000e+00
   0.00000000e+00  0.00000000e+00  0.00000000e+00  0.00000000e+00
   0.00000000e+00  0.00000000e+00  0.00000000e+00  0.00000000e+00
   0.00000000e+00  0.00000000e+00  0.00000000e+00  0.00000000e+00
   0.00000000e+00  0.00000000e+00  0.00000000e+00  0.00000000e+00
   0.00000000e+00  0.00000000e+00  0.00000000e+00  0.00000000e+00
   0.00000000e+00  0.00000000e+00  0.00000000e+00  0.00000000e+00
   0.00000000e+00  0.00000000e+00  0.00000000e+00  0.00000000e+00
   0.00000000e+00  0.00000000e+00  0.00000000e+00  0.00000000e+00
   0.00000000e+00  0.00000000e+00  0.00000000e+00  0.00000000e+00
   0.00000000e+00  0.00000000e+00  0.00000000e+00  0.00000000e+00
   0.00000000e+00  0.00000000e+00  0.00000000e+00  0.00000000e+00
   0.00000000e+00  0.00000000e+00  0.00000000e+00  0.00000000e+00
   0.00000000e+00  0.00000000e+00  0.00000000e+00  0.00000000e+00]]