[[-6.75147537e-01 -1.64567060e-01  8.60852339e-01  3.21085573e-01
  -3.02892931e-01 -7.83806545e-01  8.24220772e-01  7.61545717e-01
   9.02282141e-01 -7.18244817e-01 -4.02228837e-01 -7.73648206e-01
   4.13657436e-01  7.14826015e-01  8.30521222e-01  1.89189860e-01
   4.61650989e-01  3.15585634e-01  8.18473285e-01  5.46745463e-01
   8.00472089e-01  1.39619313e-01  7.73476219e-01  1.82709191e-01
   8.09006670e-01  3.80965203e-01 -8.46762388e-01  9.24097191e-01
   1.97131434e-01  7.40189188e-01 -2.12181843e-01  4.25324068e-01
   9.96772374e-01 -1.57225574e-01 -2.16506457e-01  3.50361218e-01
  -6.75251471e-01 -4.19691285e-01 -3.53054013e-01 -1.88242663e-01
  -6.44228294e-01 -5.67983158e-01  3.13656916e-01 -8.57351781e-01
   3.13189482e-01  8.35038318e-01 -8.80333144e-01 -6.38217716e-01
   6.15922098e-01 -9.00983716e-01 -2.87429871e-01  7.92218901e-01
   3.93085992e-01  8.47724469e-01 -3.78286556e-01 -2.06190898e-01
   6.37300860e-01  8.98908825e-01 -6.83526742e-01  2.79994399e-01
   2.80960000e-01  3.09119305e-01 -8.95649566e-01 -8.02709341e-01
   5.38379299e-01 -6.74946278e-01 -9.97186827e-01 -6.71527237e-01
   6.04484076e-01 -2.82963331e-01 -1.30075035e-02  1.61688729e-01
   4.53601444e-01 -8.79784155e-01 -7.62980528e-01 -2.87211811e-01
   1.41353451e-04 -4.64129399e-01  6.76914598e-01  3.00067738e-01
   2.36002342e-01  5.03009544e-01 -9.01460452e-01 -3.79498496e-01
   7.30541449e-01  9.66595745e-01 -5.60497518e-01 -9.10285749e-01
  -8.07639114e-01 -1.05367813e-04  9.41973386e-01 -1.00118583e-01
  -9.67559806e-01  5.27558027e-01 -2.94765365e-01 -5.85251763e-01
   6.89774397e-02  1.47902688e-01 -6.11701280e-02 -9.49178774e-01
  -2.08632166e-02 -5.49989580e-01  7.24583832e-01  8.51963713e-01
  -1.42534479e-02  6.71036399e-01 -8.84162664e-03  3.13804411e-01
  -5.63834786e-01 -7.04191955e-01  4.53633734e-01 -4.49572023e-01
   3.61178772e-01 -2.82542717e-01 -8.50746491e-01 -7.81844618e-01
  -2.10045621e-01 -3.68594161e-01 -9.87937036e-01  7.90118269e-01
   2.92582413e-01  5.21670617e-01 -8.34663512e-01  2.24285423e-01
   4.84288199e-01 -9.43604551e-01 -8.24387099e-01  3.25975410e-01
   9.74535074e-01  4.01877439e-01  5.56919232e-01  4.00312554e-01
  -1.58740607e-01 -1.33100951e-01  7.90484511e-01  8.47927199e-01
  -1.92031855e-02 -1.61409852e-01 -7.04829357e-01 -9.70930888e-01
  -2.50607748e-02  7.58644567e-01 -1.04021183e-01 -6.09374241e-01
  -2.71756714e-01  7.84743540e-01 -4.03806720e-01  2.29361589e-01
   5.48477072e-01 -6.52683268e-01 -3.63789242e-01  7.71568354e-01
   2.08566835e-01  6.23839494e-01 -8.78554872e-02  5.46618568e-01
  -3.65104161e-01 -1.54117377e-01  6.90477191e-01 -4.58207049e-01
  -1.88674340e-01  6.10696194e-01 -6.56455198e-01  6.67309546e-01
  -1.70545175e-01 -7.53385721e-01  2.00815254e-01 -2.65273953e-01
  -6.42460368e-01 -5.71110163e-01  3.36581058e-02  8.71857118e-01
  -3.46300448e-01 -4.82291570e-01 -2.35365357e-01  3.48704332e-01
  -4.22048978e-01 -2.46172155e-01 -6.58150699e-01  9.63107047e-01
  -8.71605490e-01  2.99921751e-01  5.96898799e-01 -3.12090111e-01
  -7.69291867e-01 -5.62424187e-01  3.60685712e-01  2.29195582e-01
   8.35544145e-01  2.62974626e-01  6.82564093e-02 -9.45624876e-01
  -3.91728205e-02 -9.42623515e-01  5.75537839e-01  4.57060010e-01
  -1.00738493e-01  1.28785253e-02  2.60972263e-01 -8.59611068e-02
   9.32071953e-01  3.64622649e-01 -2.84145548e-01 -3.80790939e-01
   4.57585965e-01  3.98689985e-02  5.66431568e-01  8.93145504e-01
  -5.61091720e-01 -7.12185240e-01  6.04549918e-01  2.05784725e-01
   7.85710067e-01 -9.39105638e-01 -7.95561661e-01 -6.42494201e-01
   6.10668471e-01 -4.98862485e-01 -6.37708613e-01  3.29513534e-01
   9.49147719e-01  9.11835616e-01  9.45685666e-02 -5.15068731e-01
  -3.34926718e-01 -1.93967185e-01  4.79377843e-01  3.60315383e-01
  -6.69627533e-01  4.41641385e-01 -8.58241965e-01  9.48412949e-01
  -5.00790666e-01  6.27161645e-02 -4.27811404e-01  6.78877322e-01
  -9.20019069e-01 -4.03036076e-01  8.49443029e-01 -5.20703681e-01
  -5.65607471e-02  9.94363656e-01 -7.30994633e-01 -4.53167760e-01
   3.01505795e-03  5.74800936e-02  7.57672778e-01 -6.14437241e-01
   9.27602081e-01 -4.74385484e-01 -9.62892031e-01 -8.69114189e-01
   2.11714260e-01  6.53742062e-01  1.04390956e-01 -4.30836860e-01
   4.73426239e-01  9.72216366e-01 -9.08877224e-01 -1.99412881e-01
   8.97375742e-02 -8.54364333e-01  9.36448377e-01 -3.78826230e-02
   1.55147033e-01 -3.36578748e-01 -1.02552140e-01  8.63053188e-01
  -9.85528888e-02  2.96167154e-02 -3.75250989e-01 -9.57140005e-01
   5.11187897e-01 -8.92802140e-01  8.48036072e-01 -1.78194848e-01
   2.35413289e-01  6.26432657e-01  8.96083575e-01  5.99936307e-01
   8.60758743e-01 -4.20414597e-01 -8.16246283e-01 -3.84092547e-01
   5.99488436e-01  3.12700888e-01  4.82144533e-01  3.30170976e-01
  -6.79987988e-01  7.20935314e-01  3.57219991e-01  7.25957768e-01
   2.79970008e-01 -2.24398944e-01 -3.71276315e-02 -2.31505306e-01
  -1.32447603e-01 -5.02458592e-03 -5.00363707e-01  6.99024120e-01
   3.18326231e-01  6.45969350e-01 -7.11884800e-01  4.95759489e-01
   7.76176793e-01  5.35371278e-01 -2.73752259e-01 -7.59263166e-01
  -9.38292310e-02 -6.80925100e-01 -3.60856460e-01 -8.57494308e-01
   1.54694640e-01  4.47321888e-01 -2.31694397e-01  2.33059200e-01
  -6.12097690e-01 -6.97825217e-01 -9.69544031e-01 -2.26589228e-01
   5.84719096e-01 -5.71037303e-01 -5.05152869e-01 -1.36585479e-02
   1.56060007e-01 -3.55889383e-01 -3.02036615e-01 -9.96138875e-02
  -6.42146515e-01 -7.75873976e-01  9.54404273e-01 -9.43726372e-01
   5.47073167e-01 -5.32318951e-01 -5.56389595e-01 -7.70788460e-01
   1.43281383e-01 -2.18829406e-01  5.62241972e-01  4.91534539e-01
  -7.75351861e-01 -7.21962055e-01 -5.40582645e-01  2.32447013e-02
  -4.87547788e-01 -6.60625711e-01 -4.01862436e-01  7.55517785e-01
   3.82524304e-01  2.65012110e-01  4.77666846e-01 -9.55182021e-01
   3.79794223e-01 -4.85052021e-01  3.98743289e-01  7.00070761e-01
   3.97272343e-01  7.61896315e-01 -4.45275096e-01  1.65539340e-02
   7.57804458e-01 -2.99610234e-01 -1.96449364e-01 -6.96453808e-01
  -2.17639892e-01  9.84527157e-01  2.69577121e-01 -7.53423453e-01
  -9.86819882e-01  9.52525927e-01  8.80234609e-01  2.08692839e-01
   1.52809920e-01 -6.91383239e-01  4.66922094e-01 -6.16972700e-01
   2.32947827e-01 -3.65735491e-01  2.19688546e-02  5.09345052e-01
   5.91899297e-01  7.33449826e-01  2.12261285e-01 -3.18740902e-01
   5.30800349e-01  2.85340589e-01  9.63170188e-01  8.54960532e-01
  -8.53223987e-01 -5.99321829e-01 -4.20704901e-01 -2.70791951e-01
  -6.20916310e-01  3.16236412e-01  2.16695901e-01 -7.55907465e-01
   7.51492375e-01 -6.21253267e-01  4.91908293e-01  9.48478324e-01]
 [-2.90710069e-01 -1.01321704e-01 -7.73358663e-01 -3.49704080e-01
  -1.04187391e-01 -5.18048370e-01 -2.82760840e-01 -5.68915216e-01
  -1.20505887e-01  2.61228264e-03  4.18479227e-01  9.49891672e-01
   6.97565579e-01 -6.87616325e-01  6.21708758e-01 -3.23087181e-02
   1.85996337e-02 -1.97253504e-01  2.13915401e-01  1.28512831e-01
  -5.21920648e-01  6.64695719e-02 -9.43085981e-02 -9.97216022e-01
  -7.98098962e-02 -7.70720440e-02  1.04279932e-01  1.89772919e-01
   9.16603647e-01 -4.53773316e-01 -7.40676437e-01 -1.72294223e-01
   1.61803458e-01  6.08598717e-01  5.76878477e-01  2.13592732e-01
   4.72337260e-01 -5.55064285e-01 -9.12188740e-02  5.56272851e-01
   4.54372809e-01 -9.71549131e-01 -5.62191779e-01  5.48902607e-01
   8.65640277e-01  5.00430822e-01 -2.60025667e-01  3.72895430e-01
  -9.67318777e-01  1.15853461e-01  4.24266337e-01  9.31700502e-01
   7.16432316e-01 -4.42500874e-01  7.28927363e-03  9.46843508e-01
  -9.69615945e-01 -7.54363590e-01  1.70763014e-02  7.37538899e-01
   3.51777593e-01  8.82522102e-01  9.12823994e-01 -1.05561755e-01
  -4.87115383e-01 -8.10089647e-01  8.38575450e-01  5.68092262e-02
   4.84189674e-01  7.10637405e-01  9.91742783e-01  8.02014422e-01
  -7.73423790e-01 -9.12635338e-01  6.44486589e-01 -1.07295414e-01
   9.68737599e-01  2.56029616e-01 -8.71611125e-01  9.35164062e-01
   6.14819078e-01  5.83297083e-02  7.50954942e-01  8.13129713e-01
   4.56987351e-02 -5.96562509e-01 -5.15891052e-01  8.30921329e-01
   1.60493169e-01 -7.84410983e-01 -1.07024670e-01 -6.59723210e-01
   7.37704163e-01 -6.59109505e-01  4.63887224e-01  9.07273973e-01
   9.18800419e-01  8.00726352e-01 -4.70879271e-01  7.76109603e-01
   1.24873032e-01  9.49973157e-01 -8.52230854e-01 -6.89018078e-01
   1.58337449e-01 -2.23882172e-01 -8.60132644e-01  8.95594236e-01
   9.42085383e-02 -2.16685047e-01  3.49918265e-01 -8.37743002e-01
  -5.12177538e-01  1.28469041e-01 -7.84687336e-01 -1.51020808e-02
  -2.45903969e-01 -8.61529786e-01  5.92528142e-01 -2.88270738e-01
  -8.15159346e-01  9.67624362e-01  5.64741543e-01 -5.93157043e-01
   8.25938997e-01 -6.83511658e-01 -6.05359687e-01 -2.45744452e-01
   3.98004710e-01  3.59220650e-01 -5.59762503e-01  4.11520086e-01
   6.14598053e-02  8.15418760e-02  8.93769665e-01 -8.74496079e-02
   3.07086358e-01 -9.81601932e-01 -8.35843556e-02 -1.61813881e-03
  -9.11662671e-01 -4.41636211e-01 -2.13343045e-01 -1.92020018e-01
   4.66197881e-01 -2.29827742e-01 -5.79325044e-01  3.34698180e-01
  -3.86149100e-01 -6.79650013e-01  8.38595488e-01  2.52903705e-01
   4.01245515e-01  9.40320876e-02  2.83650727e-01 -8.51717451e-01
  -2.60473997e-02 -4.08728430e-01 -1.42483740e-01 -3.50206231e-01
   6.69206755e-01 -8.90518237e-01 -5.10043487e-01 -2.95475970e-01
   2.50714494e-01  4.25750751e-01 -4.65349214e-01 -8.08026048e-01
   6.28899503e-01  1.88293433e-01 -9.85276479e-01 -9.96693666e-01
  -5.19069103e-01 -8.54473259e-01  7.86510737e-01 -4.85950852e-01
  -1.85838623e-01 -1.97714258e-03 -4.67779638e-01  6.49901113e-01
   8.67427736e-01 -1.06193122e-01 -5.43323164e-02 -9.96635835e-01
  -5.86440315e-01  7.31272621e-01 -2.48000011e-01  8.38804940e-01
   1.93205069e-01  1.83958247e-01  9.26790848e-02 -4.36014361e-01
  -1.00791938e-01  2.11984075e-01  5.25915622e-01 -3.59091174e-01
   1.95533714e-01  5.55357747e-01  4.21562240e-01  3.44695303e-03
  -6.70057952e-01  7.25851658e-01  8.58204713e-01 -8.52559884e-01
   8.70878083e-01 -7.11552035e-01 -8.56534819e-01  2.94410259e-01
   5.65743638e-01 -4.47695886e-01 -7.06730011e-01  6.32246155e-01
   3.66865328e-01 -3.64245562e-01 -2.14914866e-01  5.75739340e-01
  -9.55887781e-01  5.81014347e-01  7.64198723e-01  7.39822290e-02
   3.12582021e-01  3.16221998e-01  5.06985598e-01 -6.62324891e-01
  -9.08255135e-01 -9.24440824e-01 -5.42263359e-01  8.01430107e-01
   6.55305949e-01 -4.91774871e-01 -4.04717182e-03  3.44733537e-01
  -3.74416147e-01 -4.08146117e-02  5.31437636e-01  8.09909182e-01
  -4.99427896e-01 -6.60509866e-02  4.67470927e-01 -9.28994797e-01
   2.09892819e-01  7.89774543e-01 -4.92800952e-01  5.85342948e-01
   7.06575876e-01 -4.93013300e-02 -4.69202624e-01  7.62244107e-01
   5.38317552e-01  6.72028481e-01  3.15404373e-01  2.83395242e-01
   6.73233879e-01 -9.39705467e-01 -4.21301906e-01  8.16963566e-01
   5.92144936e-01  1.37750128e-01 -6.19576538e-01 -6.08190458e-01
   8.75631122e-01 -6.04084715e-01  4.04815282e-01 -8.20545649e-01
  -7.98450439e-01 -7.71795748e-01  7.37655359e-01  7.03814043e-01
  -3.50618072e-01  9.30372277e-01  3.62483836e-01  9.84496781e-01
  -7.57040151e-01  6.52545145e-01  6.02822609e-01 -4.84626669e-01
  -6.24095421e-01 -8.39413397e-02 -1.76286933e-01 -6.04181073e-01
   3.39830526e-01 -2.39304084e-01  3.05255012e-01  3.20647405e-01
   3.38932557e-01 -6.50584602e-01 -1.24619301e-02 -9.40771164e-02
   6.81683673e-01 -5.99898096e-01 -9.59702621e-01 -4.64513703e-01
   8.54671808e-01  7.32750427e-01 -3.33742436e-01 -1.97473780e-01
  -5.86470866e-01 -6.39131135e-01 -6.99137115e-01  6.59901036e-01
  -5.19048305e-01  7.36414556e-01  3.23537197e-01  1.05052092e-01
   3.76197151e-01 -2.80375667e-01  6.87706916e-01  2.84582354e-01
  -8.37489136e-01  9.26161289e-01 -9.98735394e-01 -6.28567491e-01
  -5.00497569e-01 -3.31455106e-01 -5.41518408e-01  2.57098776e-01
  -5.08524857e-02 -6.09151504e-01  1.11215819e-01 -8.80783807e-01
  -1.87628521e-01  3.17019149e-01 -9.94277805e-02 -1.91033009e-01
   7.18341013e-01 -1.56960751e-01  3.68875244e-01  9.30663700e-01
   7.86417376e-01 -4.92253602e-01 -7.33850202e-01  1.53943683e-01
  -9.40398729e-01 -7.78157519e-01  9.82225504e-01 -6.08003293e-01
   4.33041215e-01  7.25661279e-01  9.11507097e-01 -6.57815604e-02
   8.36008841e-01 -2.87693326e-01  8.02389133e-01  3.09562728e-01
  -3.88567035e-01 -4.83104460e-01  9.67745114e-01  8.28285025e-01
  -4.96687166e-01  9.76667993e-01 -2.57849613e-01 -3.99085391e-01
  -3.52483301e-01  1.99132013e-01  3.23474006e-01  9.62747005e-01
   4.53296261e-01 -8.98420452e-01  6.74751787e-01 -9.28894344e-01
   8.03957026e-01 -2.09207410e-01  1.26095454e-01  6.53072958e-01
  -7.13475974e-01 -5.10428917e-01  9.68589953e-01  7.36482471e-01
  -6.05801267e-02 -6.29541823e-01  9.12595377e-01 -5.04814684e-01
   4.56047195e-01  4.56632485e-02  5.77326092e-01  4.46178076e-01
   7.44254547e-01  4.03003095e-01 -1.87897119e-01 -6.35485311e-01
  -8.07099982e-01 -1.11251931e-01  5.82368839e-01 -3.36145317e-02
  -3.18450154e-01 -4.82939719e-02 -4.60606070e-02 -2.59916343e-02
  -3.28399747e-01 -8.30035659e-01  8.48137412e-01  3.43323662e-01
   2.64017307e-02  5.45234310e-01 -4.11893288e-01  4.34244086e-01
  -4.74500308e-01  8.15810902e-01  9.06201904e-01  7.79984628e-01]
 [-7.86847319e-01  6.81384342e-01 -6.39523665e-01  3.89025183e-01
  -6.65775559e-01  5.81526395e-01  7.50355404e-01  7.20196248e-01
   7.86793193e-01  1.39128822e-01 -9.54925869e-01 -9.68869549e-01
   9.29438335e-02 -7.12718921e-01 -3.12978311e-02  8.05180455e-01
   8.96892915e-01 -7.70627128e-01  9.56427098e-01 -7.43943218e-01
   2.00448924e-01  6.07042039e-01  9.78841553e-01  5.88520347e-01
   1.13022632e-01  2.92803067e-01  2.20098723e-01 -8.43077507e-01
  -9.95197450e-01  5.06022888e-01 -5.03737680e-03 -1.96439617e-01
  -1.56203570e-01  9.34105978e-01 -6.19656273e-01 -9.20115715e-01
   6.68596243e-01  3.42706434e-02  4.73109174e-01 -7.12645933e-01
   7.61017627e-01  1.83768840e-01  3.48916164e-01  7.03353407e-01
   4.32255773e-01 -3.51001984e-01 -2.78102972e-01 -9.42838078e-01
   3.00502962e-01 -7.18970061e-01  6.87962466e-01  2.89949666e-01
  -3.06845550e-01  7.81522560e-01  7.48624257e-01  8.48094037e-01
  -3.56434865e-01  8.51204944e-01 -2.46128656e-01  7.91739878e-01
   8.38118545e-01 -7.90979956e-01  6.69682346e-01 -6.51910315e-02
  -8.34221454e-01 -6.09747498e-01 -3.95559511e-01  7.27530628e-01
   7.35678069e-01  9.72937839e-03  5.06843880e-01 -3.07379406e-01
  -7.01532166e-02  8.70169151e-01  8.35092078e-01  3.43530564e-01
  -3.18084156e-01 -1.47907204e-01 -9.84810358e-02 -3.79756411e-01
   3.39450881e-01  1.22615177e-01 -6.71843657e-01  1.58945827e-01
   9.68492601e-01  2.43962352e-01 -8.22273989e-01  9.10354936e-02
  -6.09268824e-01 -9.94115764e-02  4.73337015e-01 -3.69841517e-01
   2.78347152e-01  1.86114632e-01 -7.75470145e-01  9.40849126e-02
   1.63835381e-01  3.87033882e-01 -5.88545192e-02 -8.08689191e-01
   9.07416179e-01 -4.73313688e-02 -6.92477841e-01 -3.76297810e-01
  -6.46901079e-01 -6.21189300e-02  2.65931308e-01 -8.70944485e-01
  -1.33879052e-01 -5.88604867e-01  8.62166674e-01  1.34230351e-01
  -3.74564210e-01 -3.57231294e-01 -7.18937586e-01  9.87350185e-01
   8.37479738e-02 -3.02444593e-01 -5.75400337e-01 -3.22015997e-01
  -4.75509971e-01  8.46870935e-01  9.98053791e-01  2.91589216e-01
  -4.22767840e-02 -1.97524802e-01  8.56292280e-01 -9.60672610e-01
  -8.53967391e-01 -7.98745838e-01  4.65454891e-01  8.79612071e-01
   6.04676239e-01 -7.32614921e-01  1.19367439e-03  8.24838720e-01
   2.30829888e-01  7.23990618e-01 -9.34335983e-01 -9.03691208e-01
  -6.93875047e-01 -6.24277302e-01 -9.05159531e-01 -6.32488829e-02
  -7.33634873e-01  2.87624185e-01 -4.70561901e-01 -2.14274008e-01
   5.93560029e-01 -4.11275118e-01  7.83192819e-01  3.65623735e-01
   9.55287345e-01  9.52512407e-01 -6.03732114e-01 -4.00445913e-01
  -7.81679082e-01 -3.45261987e-01  2.24939576e-01 -8.60090615e-01
  -6.17039829e-01  7.27225496e-01  9.85579916e-01 -6.47726892e-01
   3.43278301e-01  4.16573769e-01  7.77258323e-01 -5.41673248e-01
   7.40112570e-01 -7.66505635e-01  5.88681495e-01  6.81730033e-01
   6.36692077e-01  3.00637435e-01  1.88831245e-01  8.47920022e-01
  -9.05884441e-01  3.39988299e-01 -6.51132147e-01  2.88872934e-01
   4.70001284e-01 -3.08260092e-01 -8.39342526e-02 -2.18611472e-01
   4.64253570e-01 -1.42989703e-01 -1.73710828e-01 -3.38304852e-01
   7.69019884e-02  6.95794100e-01  1.09758816e-01 -8.19314659e-01
   6.69127803e-01 -5.71422721e-01  4.50388434e-01  9.34921768e-01
  -8.77004900e-01 -6.19292556e-01 -1.57631971e-01 -5.68881436e-01
   4.99189592e-01 -9.29678490e-01  1.76202302e-01 -3.24597723e-01
  -3.23522342e-01  5.12680733e-01 -9.78867783e-01 -9.99545556e-01
   8.03574370e-01 -4.50616309e-02  6.29560374e-01  4.35123068e-01
   8.61440961e-01  3.39626053e-01  4.97104041e-01 -1.78143428e-02
   9.89352439e-01 -4.05820821e-01  9.67644984e-01 -2.84937286e-01
  -8.36374675e-01 -1.57333978e-01 -7.68902230e-01 -6.18841958e-01
   5.86472092e-01  4.65235418e-01  8.66535310e-01  7.73592156e-01
  -4.30051569e-02  7.07290641e-02 -9.60370525e-01  9.15084704e-01
   7.16248693e-01  9.53339111e-01 -7.75581314e-01  4.11120817e-01
  -2.91637729e-01  7.80668525e-02  7.77530884e-01 -1.35300648e-02
   4.68057378e-01 -1.85909587e-01  5.93145285e-01  5.13574206e-01
  -4.61555042e-01 -2.26398103e-01 -9.91689844e-02  9.81345217e-01
  -3.76530049e-01  4.19584895e-01  6.91192789e-02  2.94542692e-01
   1.18420009e-01 -7.62109337e-01 -5.04276947e-01  3.78549002e-01
   3.83231453e-01  8.02087718e-01 -7.87899462e-01 -5.76029145e-01
   1.97148837e-01 -6.63714550e-01 -4.72242969e-01 -4.31997696e-01
  -6.51493929e-01  3.33826928e-01 -8.22087435e-01  1.05593452e-01
  -2.60753848e-01  8.11289315e-01 -9.70489155e-01  9.09044950e-01
   7.73343446e-01 -6.06755580e-02 -5.11789246e-01 -5.73400191e-01
  -9.77645746e-01  7.68168802e-01  5.74793426e-01 -2.61192801e-01
  -9.53970963e-02 -2.02996557e-01 -8.94353432e-01  1.79450045e-01
  -6.82510837e-01  9.53717503e-01  1.47579108e-01 -3.18419227e-01
   3.02472968e-01  7.38002846e-01  8.56065751e-01  8.62021544e-01
  -7.28675116e-01 -2.92660674e-03  7.93567812e-01  7.67477827e-01
  -5.26126949e-01  6.55622945e-01  8.51445281e-01  8.99007280e-01
   8.72928358e-01 -7.34469012e-01  6.70593478e-01  8.36700134e-01
  -3.42517209e-01 -4.57791808e-02 -5.54999253e-01 -3.93606241e-01
  -2.00537007e-01  6.68064646e-01  7.59177570e-02 -2.60919286e-01
  -2.46616909e-01  1.00428116e-01  3.29628502e-01 -9.57824906e-01
  -1.49271115e-01 -9.68952882e-01 -3.65593331e-01  3.63339582e-01
  -3.16291878e-01 -9.66206399e-02 -8.93687883e-01  3.25253036e-01
  -3.52767305e-01 -7.75423652e-01 -9.99098733e-01 -3.34233000e-02
   3.55494610e-01 -4.86587767e-01 -4.37246631e-01 -7.53978770e-01
   6.76870997e-01  1.69777950e-01 -9.00763009e-01  3.23320316e-01
   8.26364817e-02  6.00150807e-01 -8.03280391e-01  2.91769386e-01
   9.65442125e-01 -9.37425835e-01 -8.70546073e-01  3.30006204e-01
   2.40228842e-01  3.12033013e-01 -9.97558631e-02  8.69516288e-01
  -8.32951159e-01  4.36953482e-01 -9.33841519e-01  3.82009769e-03
   4.73345709e-01  5.43933044e-01 -5.83182409e-01  4.92225617e-01
   9.78918536e-01  6.43480659e-01  3.06763453e-02 -1.37204307e-01
   3.33142926e-01  9.81616418e-01  7.01475453e-01 -4.65050774e-02
   7.44896656e-02  9.55745515e-01 -7.62215855e-01  7.05130535e-01
   7.98121999e-01  1.25110978e-01  6.93615565e-02 -1.91630445e-01
   4.13284640e-01  4.00324360e-01 -7.29096260e-01  8.61803360e-01
   7.75479962e-01 -7.70222608e-02  1.46137531e-01  4.02390181e-01
   5.75561827e-01 -4.79372176e-01  9.95111917e-01  9.15357194e-01
  -8.64029755e-01  9.49064522e-01  7.68913543e-01  7.98695630e-01
  -9.75009970e-01  6.33361290e-01  9.22015128e-01 -6.60522150e-01
  -9.69825200e-01 -2.18855002e-01  1.24437340e-01 -2.77856505e-01
  -2.33816656e-01  3.96186127e-01  1.01440035e-01  2.13612265e-01]
 [-5.15002371e-01  3.58723643e-01 -5.28015964e-01  4.18293049e-01
  -1.11876423e-01  6.55597814e-01  2.17133349e-01  7.19364590e-02
   4.83598678e-01  5.46408294e-01 -9.14911271e-01 -7.32529553e-01
   8.49406151e-01 -7.52794546e-01 -3.61411887e-01 -2.69408685e-01
  -8.04264059e-01  7.06452698e-01 -2.32414848e-01 -9.08537480e-01
  -6.51987725e-01 -3.73982231e-01 -3.01937763e-01  4.30183831e-01
  -1.37667617e-01  7.70253653e-01  5.89554104e-01 -8.80883775e-01
   3.36451764e-01  5.03357533e-01 -2.59894218e-01 -6.64863055e-01
  -2.97713138e-01  3.97650715e-01 -2.34157526e-01 -9.60457281e-01
  -5.87809534e-01 -1.50673537e-01 -9.97326110e-01  6.25592826e-01
   6.48716578e-01  9.65759442e-01  7.71322532e-02  2.03847264e-01
  -1.91012938e-01  6.84819859e-01 -6.13868074e-01 -5.85153884e-01
   1.74077206e-01  6.98277647e-01 -4.06070870e-01 -5.28559708e-01
  -3.80781546e-01  7.85466595e-01  9.17536083e-01 -3.82003660e-01
   6.05064407e-01  2.05199684e-01 -6.53248725e-01 -6.58000475e-02
  -1.09690934e-02  9.63299020e-01  8.96199623e-01 -6.43083655e-01
  -8.98316694e-01 -5.18352329e-02  9.56061886e-01  8.37090555e-01
  -2.85994758e-01  8.06507973e-01  7.90299767e-01  5.10981070e-01
  -9.85955162e-01 -3.59835386e-01  6.71606201e-01  3.12452640e-02
  -4.64418379e-02  6.19996744e-01  2.33226121e-01  6.32514282e-01
  -4.46964353e-01 -6.69369584e-03 -3.15427341e-01 -9.68135126e-01
   3.44943531e-01  7.23231735e-01 -8.80890633e-01  1.94854148e-01
  -1.14636789e-01  7.68765020e-01 -8.22485187e-03 -2.20521734e-01
   5.95093516e-01  8.75741970e-01  2.34053353e-01 -5.87432679e-01
   8.82612731e-01  4.25923058e-01 -2.79906499e-01  2.29236342e-01
  -3.56772257e-01  8.51886188e-01  2.43772074e-01 -9.07373600e-01
   5.74174269e-01  5.62064227e-01 -1.23084364e-01 -7.23723797e-01
   5.71529522e-01 -6.27175481e-01  4.86944275e-01 -5.92531128e-02
   8.13715882e-01 -1.70321645e-01  9.88679293e-01 -5.16680904e-01
  -9.09564310e-01  9.32998654e-01  5.44567942e-01 -4.08236551e-01
  -8.39517388e-01  5.48945030e-01 -9.90635053e-02  6.81962284e-01
   1.37107971e-01 -1.47158811e-01 -7.68536388e-01 -2.29874486e-01
  -8.34711624e-02 -8.85573235e-01  8.08547307e-01 -2.81357352e-01
  -8.95669547e-01  4.71457114e-01  9.25612947e-01  3.10687909e-01
   2.27478718e-01  8.41088761e-02 -4.03104943e-01 -3.86535198e-02
   5.41711102e-01  5.78776602e-01 -8.86806118e-01  5.39252872e-01
  -1.31940126e-01 -6.92410682e-02 -5.98545174e-01  6.86026298e-01
   6.29492582e-01  7.62248388e-01  6.02310521e-01  7.41940406e-01
  -8.92789803e-01 -4.75415577e-01 -3.69779269e-01  5.52354604e-01
   4.82429507e-01  3.50464522e-01 -7.67168377e-01  9.31245719e-01
   6.69574401e-01 -9.23726704e-01 -7.11803316e-01 -2.31861070e-01
   9.36706890e-01 -7.33393641e-01 -6.62567479e-02 -6.85586878e-01
  -9.85691659e-01 -7.80296995e-01 -3.01475082e-01  6.82751594e-01
   2.40894738e-01 -2.52775447e-01 -7.94364794e-02 -7.79649466e-01
  -5.07913890e-01  1.80440060e-01  7.06915362e-01 -6.14816566e-02
  -9.23511574e-01  6.77547921e-01  4.97424214e-01 -2.52308054e-01
  -1.98752962e-01  2.25511046e-01 -7.10504144e-01 -3.89061847e-01
  -7.27191043e-01 -6.28321936e-01  8.81186109e-02 -1.11282996e-01
  -7.83839888e-01 -6.76269308e-01 -4.83205547e-01 -3.77607440e-01
  -6.62289775e-01 -6.76313176e-01  9.44292390e-01 -7.04877751e-01
  -9.45019706e-01 -2.14140484e-01 -2.90178100e-01 -6.30348836e-01
  -7.22833889e-01 -7.53651488e-01 -8.04587488e-02 -7.80960241e-01
  -3.49010603e-02 -4.50293174e-01 -1.38251318e-01  7.89000150e-02
   4.10269762e-01  8.17448360e-01  7.20458042e-01 -5.31781936e-01
  -9.86661178e-01  8.25960532e-01  2.67545355e-01  6.65779810e-01
  -4.30006052e-01 -6.49499901e-01  4.05537504e-01  4.15702892e-01
   6.00686728e-01  5.64673990e-01 -4.74108990e-01  8.17784147e-01
   3.58778624e-01  4.91795965e-01  6.72969435e-02  8.03606299e-01
  -3.67710018e-01  8.53650412e-01 -9.15091447e-01  9.15870414e-01
  -5.78713253e-01 -6.30196491e-01 -4.20404159e-01  8.70454731e-01
   6.75670023e-01 -1.69018873e-01  9.09474766e-01  9.53247157e-01
   2.75344272e-01 -8.04030409e-02  6.66216518e-01  5.37044911e-01
  -3.95477575e-01  3.45678231e-01 -9.09729860e-01 -6.10360767e-01
  -8.92218890e-01  8.12445564e-01 -7.10040921e-01  3.88246347e-02
  -3.73358355e-01 -2.25051796e-01 -1.31492762e-01 -4.78981911e-01
   1.43930897e-01 -6.76649490e-01 -3.24496472e-01  5.93834087e-01
  -9.43235151e-01 -2.32306762e-01 -4.06925834e-01 -7.06527988e-02
   9.50823136e-01 -6.49540074e-01 -4.10280171e-02 -6.63084282e-01
  -4.65324897e-01  3.24971641e-01  8.65740344e-01 -4.53963680e-01
   7.90459692e-01  3.07163236e-01 -3.08526822e-01 -9.82450928e-01
  -7.80874900e-01  2.80446897e-01  6.42572721e-01 -8.87599861e-01
   5.14214457e-02 -8.99077995e-01  1.24650334e-01  9.39220940e-01
  -9.94415646e-02 -2.85902182e-01 -5.72470707e-01 -4.97412211e-01
   8.44662633e-01 -9.59287576e-01 -8.69483672e-01  5.04192850e-01
  -7.63802530e-01  8.76842093e-01  7.26950332e-01  9.27774938e-01
  -2.32217240e-01  6.51680524e-01 -2.87958612e-01  3.14340942e-01
   4.89111716e-01 -6.53262671e-01 -8.66233399e-01  1.08727529e-01
   4.10036627e-01  4.09630349e-01  8.62528516e-01  7.42097942e-01
  -8.82332672e-01 -9.11949723e-01  8.08774526e-01 -7.53039188e-01
  -7.31172926e-01  9.83065219e-02  5.81951361e-01  4.99044546e-01
  -1.38758910e-01  5.77359766e-04 -5.55016895e-01  3.89930643e-01
  -8.86647322e-01 -2.39074818e-01 -1.95116216e-01  9.09466084e-01
  -4.59796388e-01 -3.71250952e-01 -1.20963122e-01  2.59592819e-01
  -3.96525288e-01 -9.70504212e-01 -7.06180842e-01  2.84742992e-01
   8.25103904e-01  8.79519431e-01  9.08493059e-01 -5.16261860e-01
  -1.99137442e-01 -7.64840592e-01 -9.29171618e-01 -7.34354095e-01
  -1.69660189e-01 -2.02822606e-03  1.28598306e-01  3.56771519e-01
   4.81795042e-01 -5.32531275e-01 -9.62281755e-02 -3.59994879e-01
  -8.09170532e-01 -9.65673679e-01  5.43131578e-01 -2.70207225e-01
  -1.10095341e-01  5.93877831e-01  2.07216693e-01 -1.33816940e-01
   5.86640658e-01 -3.30200668e-01 -8.00115582e-01  6.01641422e-01
   8.79027807e-01  1.00029931e-01 -9.95621862e-01  4.10516990e-01
  -9.21699322e-01  5.72972492e-01  4.66845157e-01  9.93074204e-01
   1.93905751e-01 -3.74171744e-01  3.24533875e-01  8.79205153e-01
   9.50176907e-01  6.73359410e-01 -6.19971976e-01  7.65017508e-01
   6.15187348e-01  7.77994237e-02 -3.06446087e-01 -6.44545279e-01
  -4.89821739e-01 -4.75382622e-01 -4.96050901e-01 -6.52693607e-01
   7.10685720e-01  8.83639472e-01  4.61490420e-01 -8.39706907e-01
   7.59179326e-01 -1.09038040e-01  3.07683229e-01  7.44459308e-01
  -7.45311382e-01  2.07268706e-01 -3.33389783e-01 -8.31649873e-01]
 [ 1.57310662e-01 -1.47515086e-01  3.53833635e-01 -9.32330005e-01
   5.63591367e-01 -1.23363338e-01 -9.92988785e-01 -8.05955372e-01
   9.37132072e-02 -1.69089099e-01 -9.72297456e-01 -2.78780562e-01
  -8.08781364e-01 -8.95629636e-01  6.66096561e-01 -4.13320546e-01
   2.78226494e-01  6.32101445e-01  3.31129822e-01 -3.61437108e-01
   3.32241096e-01 -5.88098442e-01  8.02974465e-01  5.25992122e-01
  -9.03820449e-01 -9.62721220e-01  7.48765606e-01  3.36587505e-01
   1.71594171e-01 -6.16259224e-02 -9.63850999e-01  1.00568054e-01
  -1.75123625e-01 -5.55364942e-01 -9.29134018e-01 -6.79902676e-01
   7.65679262e-01  9.63406024e-01  6.64489120e-02 -9.64232092e-01
   5.90062828e-01 -7.86067519e-01 -1.92997269e-02 -6.52977523e-01
   8.99295083e-01 -4.84454356e-01  7.42049308e-01 -7.07790025e-01
   4.27678982e-01  3.52939344e-01  1.28128140e-01 -8.95018191e-01
   2.93694536e-01  2.82116028e-01  5.97236191e-01  4.55349564e-01
   6.01676437e-01  2.23182753e-01 -3.98512014e-01 -9.85348596e-01
   1.14674988e-01  1.04930951e-01  3.22161105e-01  4.27485886e-01
   9.69752778e-01  5.25622582e-01  4.18766869e-01 -1.91772215e-01
  -9.16876560e-01  6.80212229e-01 -1.82005490e-01 -8.23518938e-02
  -2.48024411e-01  8.16161153e-02  3.80326136e-01  2.39721407e-02
   2.86239144e-01  4.49919520e-01 -2.99965298e-01 -6.19783676e-01
   1.08147511e-01 -8.71689859e-02 -2.65283143e-02 -4.13703801e-01
   1.46558969e-01  7.44519793e-01  5.78607091e-01 -5.26882657e-01
   2.74712091e-01 -8.62492672e-01  4.16657224e-01  4.10165908e-01
  -3.02396635e-01  6.04818336e-01  2.03050765e-01  8.92391982e-01
  -8.51640625e-01  7.12085688e-01 -3.62991405e-01  6.79237252e-01
   4.97557592e-01  1.76053305e-01 -9.85885108e-01 -7.32729892e-01
  -6.72005540e-01 -6.00073897e-01 -5.33011324e-01 -1.90145117e-01
  -3.97039869e-01 -4.75905041e-01  1.99496708e-01 -3.37574444e-01
  -8.78688424e-01 -9.83680448e-01  1.77545610e-01 -6.19304791e-01
  -6.34162183e-01 -5.68117448e-01  3.65862357e-01 -4.45453184e-01
   9.74807392e-01  3.90628886e-01 -4.29392159e-02 -6.02997855e-01
  -5.51094006e-01 -1.63149484e-03 -8.07409840e-01  3.95966338e-01
   6.31476761e-01 -3.26748262e-01 -2.48636718e-01  4.48321747e-01
  -4.51554913e-01  6.71639661e-01  4.17802568e-01 -3.64453797e-02
   6.82080845e-01  4.20244045e-01  8.47235264e-01 -9.71397366e-01
  -2.81212436e-01  7.66865926e-01  9.49261119e-01 -2.94128116e-01
   5.94054673e-01  8.52098951e-01 -3.32627176e-01 -3.25919733e-01
   8.02521635e-01 -3.74684150e-01  8.40958753e-01 -4.39241663e-01
   9.85344132e-01  7.14569348e-01 -6.73097247e-01  8.11812721e-01
  -2.62226769e-01  7.95090761e-01 -7.32955449e-01 -6.28048671e-01
   6.04983590e-01  4.56260460e-01 -1.85792137e-01  3.85799569e-02
   8.44013091e-01  4.23254603e-01  2.58297582e-01  2.66837771e-01
  -6.56474908e-02 -8.77770894e-01 -7.74295084e-01 -1.02715449e-01
  -4.74760009e-01 -3.89565955e-01  8.95347491e-01  3.09801411e-01
  -1.73937974e-01 -6.13623300e-01  9.84737391e-01  9.38345535e-01
   1.82640099e-01  5.63982060e-01  7.77370835e-01  6.51889349e-01
  -1.09322922e-01 -7.72308400e-02 -6.46048262e-02 -2.81477523e-01
   7.24486903e-01  2.21460386e-01  1.43162099e-01 -8.46726575e-01
  -6.65862751e-01  5.09399213e-02  9.99510716e-01  3.99768585e-01
  -4.65076028e-01  6.28364104e-01 -6.81279946e-01 -2.06086202e-01
   6.59440770e-01  3.09155659e-01  7.13882173e-01 -1.45515412e-01
  -1.95580524e-01 -8.85506612e-01 -7.88950648e-01  1.54606620e-01
  -3.57611846e-01  8.74721039e-01 -3.27448835e-01  9.43307240e-01
   9.84091380e-01 -2.91548993e-01 -8.26558959e-01 -8.72004783e-01
   7.43155281e-01  6.80793594e-01  5.63249934e-01  8.33328749e-01
  -4.68037309e-01 -6.08157792e-01 -5.73572901e-01  7.68787201e-01
   8.22094343e-01  5.60818778e-02 -6.01880059e-01 -3.28401711e-01
   3.25834791e-01  6.08404892e-01 -4.60986285e-01  8.05853984e-01
   3.20434089e-01  3.36639901e-01 -4.26454099e-01 -7.25643095e-01
  -4.79993002e-01  3.75339821e-01 -6.11064694e-01 -4.11370576e-01
  -1.54502620e-01 -2.61692655e-01 -5.86597859e-02 -9.07329421e-01
  -2.65937680e-01  8.20424320e-01  5.32685197e-01 -3.83126857e-01
  -2.16664784e-01 -2.73443193e-01  6.21364753e-01  7.60139679e-01
   1.47527892e-01 -9.46240898e-01  5.03753558e-01 -5.05703745e-01
   4.46709646e-01 -4.10802184e-01 -1.55624668e-01  2.02247884e-01
  -2.31341776e-01  4.31974796e-01 -8.90949005e-01  9.13422975e-01
  -6.35299420e-01  1.10427677e-01 -8.61719189e-01 -7.85296760e-01
   6.48827689e-02 -4.69497714e-01 -8.45501248e-01 -9.40054547e-02
   7.94468477e-02 -2.83226171e-01  4.03964281e-01 -1.06569304e-01
  -5.40278201e-01  1.16348237e-01  2.64977279e-01 -9.40564672e-01
  -3.89519951e-01  9.25613155e-01 -3.98606952e-01  2.05866903e-01
   4.44373722e-02  6.10726784e-01  9.54231035e-01 -2.22046727e-01
   1.65295273e-01  4.01345952e-01  6.88361722e-01 -9.57211635e-01
  -2.40239384e-01 -4.57536116e-01 -5.76616681e-01  7.47113404e-01
   1.52177266e-01 -6.98745469e-01 -6.37253122e-02  4.12782570e-01
  -5.74146401e-01  9.23875333e-02  5.96964677e-01  8.41478228e-01
  -2.12143661e-01  5.49204742e-01  9.92159508e-01 -3.13881126e-01
   1.43231575e-01 -9.02442806e-01  8.26226517e-01  6.95620968e-01
   6.49978178e-02 -7.82619408e-01 -2.25543974e-01 -7.56029874e-01
   8.43579705e-01  7.43424378e-01  9.35144342e-01 -5.10017389e-01
   2.51375004e-01 -9.98779310e-01  4.50342945e-01  8.59476728e-01
  -8.39649618e-01 -4.39151849e-01  1.18595180e-01  2.43600933e-01
   8.72879443e-01  3.58644177e-01 -7.82365429e-01 -2.59923471e-01
  -8.73688970e-01  1.24668258e-01  6.97692251e-01  7.83373189e-01
  -4.78326027e-01  3.84861823e-02 -8.73319127e-01 -1.19249096e-01
  -8.21973114e-01 -6.75469964e-01 -6.70656045e-01 -2.72553040e-01
   5.78618331e-01  3.42861638e-01  6.72620081e-01  9.30620418e-01
   4.24546321e-01  8.53722479e-02  9.56544098e-01 -2.41625429e-01
  -9.07188992e-01  3.19034688e-01  7.30157916e-01 -6.55924405e-02
  -9.96517165e-01  3.74155803e-01 -3.74548244e-01  3.31367888e-01
   7.69449506e-01 -1.80621075e-01  1.41974243e-02  8.95738383e-01
   3.19260733e-01  8.44322168e-01  1.68310282e-01  4.26252045e-01
  -4.61050270e-01 -1.19912296e-01  4.83988625e-01  2.73383162e-01
  -8.69232489e-01  1.72323449e-01 -5.97329170e-02  7.33688469e-01
   5.76816165e-01  3.07472605e-01 -3.96751082e-01 -8.06529904e-01
  -6.14573781e-01 -4.34726159e-01 -6.19190792e-01 -8.50899779e-01
  -6.44687394e-01  6.01966900e-02  3.35989309e-01 -7.21721435e-01
   7.36127641e-01 -8.53530813e-01 -7.31265735e-01  4.35528284e-01
  -2.77737706e-01  2.00773591e-01  6.07083138e-01 -7.05134420e-01
   4.26584297e-01 -7.22536203e-01  6.14396999e-02 -1.24523007e-01]
 [ 0.00000000e+00  0.00000000e+00  0.00000000e+00  0.00000000e+00
   0.00000000e+00  0.00000000e+00  0.00000000e+00  0.00000000e+00
   0.00000000e+00  0.00000000e+00  0.00000000e+00  0.00000000e+00
   0.00000000e+00  0.00000000e+00  0.00000000e+00  0.00000000e+00
   0.00000000e+00  0.00000000e+00  0.00000000e+00  0.00000000e+00
   0.00000000e+00  0.00000000e+00  0.00000000e+00  0.00000000e+00
   0.00000000e+00  0.00000000e+00  0.00000000e+00  0.00000000e+00
   0.00000000e+00  0.00000000e+00  0.00000000e+00  0.00000000e+00
   0.00000000e+00  0.00000000e+00  0.00000000e+00  0.00000000e+00
   0.00000000e+00  0.00000000e+00  0.00000000e+00  0.00000000e+00
   0.00000000e+00  0.00000000e+00  0.00000000e+00  0.00000000e+00
   0.00000000e+00  0.00000000e+00  0.00000000e+00  0.00000000e+00
   0.00000000e+00  0.00000000e+00  0.00000000e+00  0.00000000e+00
   0.00000000e+00  0.00000000e+00  0.00000000e+00  0.00000000e+00
   0.00000000e+00  0.00000000e+00  0.00000000e+00  0.00000000e+00
   0.00000000e+00  0.00000000e+00  0.00000000e+00  0.00000000e+00
   0.00000000e+00  0.00000000e+00  0.00000000e+00  0.00000000e+00
   0.00000000e+00  0.00000000e+00  0.00000000e+00  0.00000000e+00
   0.00000000e+00  0.00000000e+00  0.00000000e+00  0.00000000e+00
   0.00000000e+00  0.00000000e+00  0.00000000e+00  0.00000000e+00
   0.00000000e+00  0.00000000e+00  0.00000000e+00  0.00000000e+00
   0.00000000e+00  0.00000000e+00  0.00000000e+00  0.00000000e+00
   0.00000000e+00  0.00000000e+00  0.00000000e+00  0.00000000e+00
   0.00000000e+00  0.00000000e+00  0.00000000e+00  0.00000000e+00
   0.00000000e+00  0.00000000e+00  0.00000000e+00  0.00000000e+00
   0.00000000e+00  0.00000000e+00  0.00000000e+00  0.00000000e+00
   0.00000000e+00  0.00000000e+00  0.00000000e+00  0.00000000e+00
   0.00000000e+00  0.00000000e+00  0.00000000e+00  0.00000000e+00
   0.00000000e+00  0.00000000e+00  0.00000000e+00  0.00000000e+00
   0.00000000e+00  0.00000000e+00  0.00000000e+00  0.00000000e+00
   0.00000000e+00  0.00000000e+00  0.00000000e+00  0.00000000e+00
   0.00000000e+00  0.00000000e+00  0.00000000e+00  0.00000000e+00
   0.00000000e+00  0.00000000e+00  0.00000000e+00  0.00000000e+00
   0.00000000e+00  0.00000000e+00  0.00000000e+00  0.00000000e+00
   0.00000000e+00  0.00000000e+00  0.00000000e+00  0.00000000e+00
   0.00000000e+00  0.00000000e+00  0.00000000e+00  0.00000000e+00
   0.00000000e+00  0.00000000e+00  0.00000000e+00  0.00000000e+00
   0.00000000e+00  0.00000000e+00  0.00000000e+00  0.00000000e+00
   0.00000000e+00  0.00000000e+00  0.00000000e+00  0.00000000e+00
   0.00000000e+00  0.00000000e+00  0.00000000e+00  0.00000000e+00
   0.00000000e+00  0.00000000e+00  0.00000000e+00  0.00000000e+00
   0.00000000e+00  0.00000000e+00  0.00000000e+00  0.00000000e+00
   0.00000000e+00  0.00000000e+00  0.00000000e+00  0.00000000e+00
   0.00000000e+00  0.00000000e+00  0.00000000e+00  0.00000000e+00
   0.00000000e+00  0.00000000e+00  0.00000000e+00  0.00000000e+00
   0.00000000e+00  0.00000000e+00  0.00000000e+00  0.00000000e+00
   0.00000000e+00  0.00000000e+00  0.00000000e+00  0.00000000e+00
   0.00000000e+00  0.00000000e+00  0.00000000e+00  0.00000000e+00
   0.00000000e+00  0.00000000e+00  0.00000000e+00  0.00000000e+00
   0.00000000e+00  0.00000000e+00  0.00000000e+00  0.00000000e+00
   0.00000000e+00  0.00000000e+00  0.00000000e+00  0.00000000e+00
   0.00000000e+00  0.00000000e+00  0.00000000e+00  0.00000000e+00
   0.00000000e+00  0.00000000e+00  0.00000000e+00  0.00000000e+00
   0.00000000e+00  0.00000000e+00  0.00000000e+00  0.00000000e+00
   0.00000000e+00  0.00000000e+00  0.00000000e+00  0.00000000e+00
   0.00000000e+00  0.00000000e+00  0.00000000e+00  0.00000000e+00
   0.00000000e+00  0.00000000e+00  0.00000000e+00  0.00000000e+00
   0.00000000e+00  0.00000000e+00  0.00000000e+00  0.00000000e+00
   0.00000000e+00  0.00000000e+00  0.00000000e+00  0.00000000e+00
   0.00000000e+00  0.00000000e+00  0.00000000e+00  0.00000000e+00
   0.00000000e+00  0.00000000e+00  0.00000000e+00  0.00000000e+00
   0.00000000e+00  0.00000000e+00  0.00000000e+00  0.00000000e+00
   0.00000000e+00  0.00000000e+00  0.00000000e+00  0.00000000e+00
   0.00000000e+00  0.00000000e+00  0.00000000e+00  0.00000000e+00
   0.00000000e+00  0.00000000e+00  0.00000000e+00  0.00000000e+00
   0.00000000e+00  0.00000000e+00  0.00000000e+00  0.00000000e+00
   0.00000000e+00  0.00000000e+00  0.00000000e+00  0.00000000e+00
   0.00000000e+00  0.00000000e+00  0.00000000e+00  0.00000000e+00
   0.00000000e+00  0.00000000e+00  0.00000000e+00  0.00000000e+00
   0.00000000e+00  0.00000000e+00  0.00000000e+00  0.00000000e+00
   0.00000000e+00  0.00000000e+00  0.00000000e+00  0.00000000e+00
   0.00000000e+00  0.00000000e+00  0.00000000e+00  0.00000000e+00
   0.00000000e+00  0.00000000e+00  0.00000000e+00  0.00000000e+00
   0.00000000e+00  0.00000000e+00  0.00000000e+00  0.00000000e+00
   0.00000000e+00  0.00000000e+00  0.00000000e+00  0.00000000e+00
   0.00000000e+00  0.00000000e+00  0.00000000e+00  0.00000000e+00
   0.00000000e+00  0.00000000e+00  0.00000000e+00  0.00000000e+00
   0.00000000e+00  0.00000000e+00  0.00000000e+00  0.00000000e+00
   0.00000000e+00  0.00000000e+00  0.00000000e+00  0.00000000e+00
   0.00000000e+00  0.00000000e+00  0.00000000e+00  0.00000000e+00
   0.00000000e+00  0.00000000e+00  0.00000000e+00  0.00000000e+00
   0.00000000e+00  0.00000000e+00  0.00000000e+00  0.00000000e+00
   0.00000000e+00  0.00000000e+00  0.00000000e+00  0.00000000e+00
   0.00000000e+00  0.00000000e+00  0.00000000e+00  0.00000000e+00
   0.00000000e+00  0.00000000e+00  0.00000000e+00  0.00000000e+00
   0.00000000e+00  0.00000000e+00  0.00000000e+00  0.00000000e+00
   0.00000000e+00  0.00000000e+00  0.00000000e+00  0.00000000e+00
   0.00000000e+00  0.00000000e+00  0.00000000e+00  0.00000000e+00
   0.00000000e+00  0.00000000e+00  0.00000000e+00  0.00000000e+00
   0.00000000e+00  0.00000000e+00  0.00000000e+00  0.00000000e+00
   0.00000000e+00  0.00000000e+00  0.00000000e+00  0.00000000e+00
   0.00000000e+00  0.00000000e+00  0.00000000e+00  0.00000000e+00
   0.00000000e+00  0.00000000e+00  0.00000000e+00  0.00000000e+00
   0.00000000e+00  0.00000000e+00  0.00000000e+00  0.00000000e+00
   0.00000000e+00  0.00000000e+00  0.00000000e+00  0.00000000e+00
   0.00000000e+00  0.00000000e+00  0.00000000e+00  0.00000000e+00
   0.00000000e+00  0.00000000e+00  0.00000000e+00  0.00000000e+00
   0.00000000e+00  0.00000000e+00  0.00000000e+00  0.00000000e+00
   0.00000000e+00  0.00000000e+00  0.00000000e+00  0.00000000e+00
   0.00000000e+00  0.00000000e+00  0.00000000e+00  0.00000000e+00]]