[[ 5.95642310e-01 -2.55239572e-03 -7.22485563e-01  1.67887494e-01
  -5.89389956e-01 -6.00256156e-01 -6.64232190e-01 -1.21835016e-01
   6.68320777e-01 -4.10508477e-01  4.62112785e-01  2.73286170e-01
  -2.18632656e-01 -8.66628824e-01  8.46662826e-01  5.89196155e-01
   6.40461328e-02 -2.42163027e-01 -4.93988836e-01  7.58398613e-01
  -9.68619736e-01  5.28561349e-01 -9.03739991e-01 -2.80219304e-02
   5.02184263e-01  4.63461183e-01 -4.99760582e-01  4.50667109e-02
   6.00416817e-01  8.85095416e-01  1.58354721e-02  3.26614221e-01
  -3.53342791e-01  4.02045972e-01 -7.53642097e-01 -4.78204640e-01
   9.89927836e-01  7.41537401e-02  8.88832980e-01 -5.87347693e-01
  -2.88004009e-01  3.27646136e-01 -9.49731873e-01 -2.88579106e-01
   7.79725000e-01  6.93634225e-01 -1.11205176e-01  6.59003520e-01
   5.58944317e-02 -7.28710111e-01 -5.34682858e-01 -5.19415506e-01
  -6.28778310e-01  6.18098998e-01 -8.50803290e-01  3.52048278e-01
   9.94379294e-01  7.88386442e-01 -1.26827150e-01 -1.90032271e-01
   6.39477177e-02  8.02819073e-01  8.79944282e-01  7.73458935e-01
  -6.47538564e-01 -4.41480380e-01  1.38382181e-01 -8.85846497e-01
  -6.65677909e-01 -5.95399992e-01  8.08774018e-01 -9.19729994e-01
   3.94597215e-01  5.32334401e-01  9.60217282e-01  8.47117993e-01
   5.64379250e-01  1.08254260e-02  3.09647632e-01 -3.72177122e-01
  -8.48057774e-01  5.78499282e-01  2.84301392e-01  5.18250097e-01
   6.18041939e-01 -8.23047489e-01  6.47939879e-01  1.92143171e-01
  -6.06840760e-01  5.77913804e-01 -9.45337369e-01 -1.45675291e-01
  -4.50793213e-01 -1.36746553e-01  8.17473623e-01 -3.07758203e-01
   3.69674272e-01  5.82014966e-01  5.15501095e-01 -4.98105439e-01
  -7.57482510e-01 -1.04738342e-01 -2.95938007e-01 -9.31270927e-01
   5.42725461e-01  7.31065072e-01  6.13866466e-01 -4.73829385e-01
   3.75497526e-01  5.88245116e-01  3.96119116e-01 -6.10179116e-01
   1.72901608e-01  2.57649483e-01  4.45638346e-01  1.51564085e-02
  -9.93007263e-01 -6.54355100e-03 -3.27019244e-01 -7.02738271e-02
  -8.24571356e-01 -3.74235923e-01  8.50196600e-01 -7.88457031e-01
   6.06188593e-01 -5.59003999e-02  4.77597860e-01  9.73206771e-01
   6.48635931e-02 -2.44014986e-01 -1.05402133e-01  3.14417002e-01
   9.28170020e-01 -3.12388224e-01  2.91580432e-01  6.95332342e-01
  -6.32124502e-01  3.23452360e-01 -5.13751834e-01  1.30840480e-01
  -6.07595310e-01  5.06602521e-02  7.24558039e-01 -6.46652183e-01
   2.55134109e-01 -9.34620861e-01 -9.99191713e-01 -6.55651017e-01
  -9.11691788e-01  6.07687910e-01 -1.38610798e-01 -8.48483224e-01
  -4.33959198e-01 -8.36145863e-01 -8.61075786e-02 -9.92031667e-01
  -4.83498425e-01  8.20706391e-01 -8.20883791e-01 -4.67909913e-01
  -2.50501738e-01  1.38614985e-01  9.34602077e-01  5.14483435e-01
   9.65897428e-01 -3.59737339e-01  8.94388492e-01 -7.42626475e-01
   3.88629873e-01  1.32083075e-01 -7.28641184e-01  5.75080417e-01
   9.23555066e-01 -3.34823346e-01 -7.30060882e-01  7.87305005e-02
   6.96057119e-02  2.00374370e-01 -8.83412725e-01 -1.20216871e-01
   1.05035034e-01 -7.28278412e-01  6.05106787e-02 -1.06589806e-01
  -2.87730234e-01  5.20331021e-01  8.03400674e-01  8.05875338e-01
   5.00934749e-01 -7.85727932e-02  9.94109579e-01 -6.33709900e-01
  -2.09941766e-01 -2.63164384e-01  4.34831409e-03 -5.52174645e-02
   9.02947828e-01 -9.38887336e-01  3.31434840e-01  6.30400233e-01
   3.96382737e-01 -1.97200052e-01 -3.20982656e-01 -7.40835793e-01
   3.03092624e-01  6.18201643e-01 -1.71536348e-01 -4.56201379e-01
  -2.15294873e-01 -2.58196302e-01  6.74411350e-01 -4.64169151e-01
   2.82711306e-01  9.80522114e-01  4.07040210e-01  1.01530385e-01
   7.05289923e-01 -5.24154216e-01 -3.77300361e-01  6.31497836e-01
  -4.70310232e-01  9.55613479e-02  2.95918882e-01 -6.56550355e-01
   5.81582777e-01  5.23477626e-01 -3.85732857e-01  7.58631479e-02
   3.23433419e-01 -6.02670858e-01 -4.35881560e-01  4.55001843e-01
  -8.61632559e-01  5.43904556e-01 -8.24094459e-01  5.17709304e-01
  -3.86637311e-01  4.01624546e-01  3.03433422e-01  8.71179690e-01
   2.67442584e-01 -7.28999562e-02 -9.83177835e-01  5.60681797e-01
   9.57367360e-01  7.35717051e-01 -4.15152806e-01 -3.29103417e-01
  -6.76899458e-01 -4.60889080e-01  6.89501677e-01  3.47975108e-02
   1.93391152e-01 -2.36983489e-01 -1.77274842e-01 -6.37580207e-01
  -6.19426139e-01  4.62939682e-01  2.59987060e-01 -9.28809488e-01
   8.96136034e-01  2.01640463e-01 -7.72305141e-01  1.07307316e-01
   4.93684091e-01  7.90213300e-01  8.79413919e-01 -6.60258953e-01
   5.28701094e-01 -2.09654458e-01 -1.68155983e-01  1.98885307e-01
  -9.18022030e-01  7.23366628e-01  1.18844838e-01 -4.96994025e-01
   2.49996704e-01 -5.06523916e-01  7.31716341e-01  9.57868095e-01
  -3.17964294e-01 -8.98979336e-01 -5.83109752e-02  3.50702786e-01
   1.52878208e-01  1.89814605e-01  9.35949861e-01 -9.21711690e-02
  -7.30695676e-01 -1.66107385e-02  8.16613141e-01  7.44689137e-01
   9.75810605e-01  1.19438149e-01  3.22472178e-01 -6.76382160e-02
   5.09543244e-01  4.21024129e-02  8.48370513e-01  1.19502813e-01
  -1.15607594e-01  3.39323043e-01  5.88554514e-01  7.33743196e-01
   3.44120711e-01 -7.47106130e-01  3.55623480e-01 -3.39569907e-01
   5.88872590e-01  1.33783371e-02 -7.80628162e-01  5.00246843e-01
  -7.39281496e-01 -9.38414533e-01  5.12122218e-02 -9.99752163e-01
  -1.98102080e-01  4.79696550e-01 -8.08320465e-01  4.19229504e-01
  -9.13641533e-01  5.75417492e-01 -8.59346121e-01  9.04142411e-01
  -5.57288848e-01 -7.82164863e-01 -1.44506406e-01 -6.22914239e-02
  -6.00284576e-01  1.23545135e-01 -6.19355785e-01  7.11082714e-01
   5.41050751e-01  5.20166594e-01  8.42628666e-01 -4.46753326e-01
   3.91322441e-01 -3.00650700e-01 -7.97570108e-02  6.93173038e-01
   8.80388696e-01  9.13645679e-01  6.70977224e-01 -9.75563907e-01
   2.97810110e-02 -8.05503604e-01 -2.65190300e-02 -8.79913310e-01
   8.83020916e-01  7.53872918e-01 -5.27858500e-01  7.00346124e-01
   4.21072857e-01 -6.84770983e-01  4.19141048e-02  7.08458090e-01
  -4.27665568e-01 -9.61510896e-01  3.80512469e-01 -5.99858271e-02
   7.95737278e-01  6.76707495e-01 -6.27840794e-01 -7.30866568e-01
  -1.48086306e-01  1.11809872e-01 -6.67264887e-01  3.96191066e-01
   3.92552269e-01  1.42273565e-02  8.63903432e-01 -5.32584652e-01
  -7.50445659e-01 -7.26915062e-01 -4.96224634e-01 -1.03166205e-01
  -4.34973014e-02  3.23247365e-01  8.21076956e-01 -5.04710376e-01
   8.36936605e-01  4.79403553e-01 -6.95126377e-01 -2.46489643e-01
  -9.87315144e-01 -5.73916932e-01  6.25942045e-01  5.68813916e-02
  -9.62735561e-01 -3.34393525e-01  7.27314156e-01 -1.69651796e-01
   9.67377821e-01 -3.77262763e-01 -4.83366769e-02 -8.04376259e-01
   6.15232149e-01  6.07301795e-01  1.44180892e-01  3.19136258e-01]
 [-8.44002470e-02 -2.94872998e-01 -1.11483535e-01  3.96878961e-01
   6.34648076e-01 -1.33787772e-01  8.99870662e-01  5.47899257e-02
  -6.65776829e-02 -9.95138213e-01  9.69342075e-01 -4.53971640e-01
  -6.88957756e-01 -8.23705361e-01  9.48477188e-01  8.62024274e-01
   8.85161282e-01 -6.70918742e-01 -9.44980947e-01 -7.66170492e-02
  -2.26541806e-01 -3.44935517e-01 -8.75071054e-01  2.89034182e-01
  -8.50729784e-01 -9.94350588e-01 -2.35374011e-02  7.47965812e-01
  -6.63640774e-01  8.61632581e-01 -7.02077532e-01  5.72713853e-01
  -1.04778328e-01  4.30823906e-02  6.45600473e-01  4.17925439e-02
  -3.10613563e-01 -7.22175438e-01 -8.80283411e-01  6.20490354e-01
  -5.87430688e-01 -9.03276987e-01  2.08618873e-01  5.34626524e-01
  -6.88947440e-01 -3.51610186e-01 -4.99166140e-01  1.59359543e-01
  -9.44382079e-01  2.49164748e-01  7.80574984e-01  6.73659393e-01
  -7.99181809e-01 -5.16657037e-01 -6.48311630e-01  8.86636794e-01
  -5.97553607e-01  2.35228735e-01  1.29126173e-01 -7.83153599e-01
  -8.65844956e-01  6.39444662e-01  6.28163358e-01 -6.10475984e-01
   7.37416641e-01  9.03613933e-01 -6.94096987e-02  5.26095601e-01
  -7.87754387e-01  1.63256675e-01  1.45027822e-01  3.90802004e-01
   5.13173817e-01 -7.43969785e-01  4.24930995e-01  2.47340439e-01
  -2.30068875e-01 -5.11586710e-01 -2.09681414e-01  9.36375387e-01
  -7.48903860e-01  4.26667053e-01  2.40065621e-01  6.27022117e-01
  -2.83662912e-01 -4.32032967e-01 -9.02583919e-01 -4.09727332e-01
   1.34621600e-01  5.37385402e-01 -3.86280929e-01  7.92563364e-01
  -8.38855177e-01  9.20797493e-01 -9.62508901e-01  5.00138635e-01
   6.44160506e-01  5.89885214e-01  3.52555567e-02  1.43955289e-02
   3.97329921e-01  8.39454753e-01  7.56169837e-02  5.51983078e-01
   8.42534353e-01 -2.01815201e-01 -6.47828942e-01  2.60449330e-01
   7.72338361e-01  7.58286838e-02  1.87987867e-01  3.50110394e-01
   8.15855700e-01  1.76725852e-01 -9.35633133e-01  3.87715736e-01
  -2.71684702e-01 -7.28017672e-01  6.09511304e-01  9.86647236e-01
   6.47961894e-01  3.88700404e-01  9.93012840e-01 -2.96973432e-01
   4.56250565e-01 -1.20547085e-01 -1.79960607e-01 -7.92392815e-01
  -2.29438577e-01 -6.82412694e-01  3.47266720e-02 -1.89642839e-01
   3.55150791e-01  9.62297132e-02 -5.93211376e-01  2.90438260e-01
  -2.98039333e-01  3.43633918e-01 -2.98841583e-01 -4.67988110e-01
   1.99738890e-01  9.53176770e-02 -5.87934601e-01  9.46127550e-01
  -9.58829049e-01 -9.46177607e-01 -8.62233517e-01 -1.99466022e-01
   3.62333285e-01 -5.91362270e-02  1.13810630e-01 -2.40104114e-01
  -5.03405900e-01  8.65396567e-01  6.33031974e-01 -3.79736668e-01
  -9.29739102e-01 -7.45142606e-01  8.49911619e-02  6.78551728e-01
  -3.00364523e-01  7.40354927e-01 -9.93979606e-02 -6.88281408e-01
   8.36299391e-01  1.57324771e-01  8.84707580e-01 -3.25802794e-01
   7.85384863e-02 -5.35031318e-01 -8.01713036e-01  9.42141297e-01
  -8.65697335e-01 -3.79718186e-01  2.62936766e-01 -2.64455091e-01
   4.23700193e-02 -4.01284565e-01 -9.99261149e-01  9.86078942e-01
  -3.61263379e-01  4.60911264e-01 -8.98727718e-01  7.22025225e-01
   3.85182042e-01  3.11267155e-02 -6.27388135e-01 -1.76073453e-01
  -5.22002572e-01 -5.37021820e-01 -7.80537665e-01 -8.78212046e-01
   1.41908412e-01  1.88552678e-01  8.26233103e-01 -4.72504167e-01
  -6.52256558e-01  8.74675610e-01 -7.66183263e-01  6.01565080e-01
   7.84863291e-01  1.30927406e-01  9.12485402e-01  2.55955867e-01
  -2.59864009e-01 -4.02203289e-01  4.30780665e-02  3.35281827e-01
  -7.42600294e-01  2.14981662e-01 -5.62131319e-01  8.84951525e-01
   3.71300365e-01  5.02908045e-01  7.30996760e-01 -8.14728460e-01
   7.45401384e-01  9.09603486e-01 -7.45813464e-01 -5.97201490e-01
   7.32648336e-01  7.15695136e-03  3.81960184e-01  3.27909029e-01
  -3.98340252e-01  9.14106075e-01 -4.05593109e-01 -4.99900909e-01
   4.08279927e-01 -5.08036182e-01  6.19502093e-01 -4.85581855e-01
  -9.15754899e-01 -4.06974921e-01 -3.72165046e-01  4.07362599e-01
   6.09731617e-01  3.41031731e-01  9.98590850e-01 -8.73107527e-01
   1.16905427e-01 -3.29559926e-01 -9.74941067e-01 -1.54693472e-01
  -8.30918159e-01 -3.60266514e-01  4.07301518e-01 -2.94470010e-02
   9.18082821e-01  8.61091064e-01 -1.26738195e-01 -2.81965995e-01
   7.08648771e-01 -8.06127468e-01  2.90939886e-01 -8.12492766e-01
  -2.62035638e-01 -9.90847128e-01  5.34168438e-01 -7.57829036e-01
  -8.42586381e-01 -5.24623175e-02 -1.86914149e-01  7.32019436e-01
   2.84132843e-01  2.24445895e-01 -4.12933557e-01  4.28532629e-01
   5.40016487e-01 -3.38920930e-01 -6.17139982e-01  9.15954791e-01
   8.04107381e-01  1.47682803e-01 -4.51180133e-01 -6.39787124e-01
  -6.88493866e-01 -4.16377363e-01 -1.45709232e-01 -2.00437015e-01
   8.79485645e-01  2.52308727e-01  6.88057643e-01  6.39119243e-01
  -3.69285384e-03 -7.51707233e-01  9.53119309e-01  4.58278453e-01
  -4.38489325e-01  5.78998355e-01  5.37710889e-01 -6.76954904e-01
  -9.48219954e-02 -6.54605513e-01 -4.68933169e-01 -2.87428212e-01
   6.45590053e-01 -6.90409473e-01 -9.72750039e-01 -9.65723056e-01
   7.24330107e-01 -1.39602807e-01  3.76799123e-01  8.14324882e-01
   4.75911914e-01 -8.47150976e-01 -6.78260167e-01 -7.44053587e-01
   4.19724726e-01 -6.05332959e-01 -7.31240818e-01 -1.89661366e-01
  -4.12228426e-02 -2.54908696e-01  1.28945658e-01  5.86199797e-01
   4.97447306e-01  1.52360132e-01  8.88472485e-01  7.64498328e-01
  -1.37297485e-01 -4.33030449e-01 -7.65076111e-01 -2.80072520e-01
   6.85651369e-01 -9.66230909e-02  8.83574582e-01 -1.53127164e-01
   1.68202315e-01  9.55224025e-01 -9.06505300e-01 -3.01479395e-01
   4.46172439e-01  4.81600248e-01  5.94431469e-01  1.06714821e-01
  -4.52405717e-01  3.99447036e-01 -9.05648373e-01  2.52897179e-01
  -8.56959522e-01 -4.70360676e-01  1.63725555e-01  1.33958812e-01
   9.01030238e-01 -4.81123204e-01 -1.74654621e-01  3.58736202e-01
   5.43499660e-01 -2.52929144e-01 -7.48128356e-01  5.05581008e-01
   8.16919169e-01  7.56412806e-01 -5.89287023e-01  9.58220776e-01
   1.74756514e-01 -9.87016406e-01 -4.63282793e-01 -4.49223117e-01
  -1.38379770e-01  3.81877760e-01 -1.61469652e-01 -1.70463403e-01
   6.10174811e-01  4.78453333e-01  6.92363020e-02 -2.35361868e-01
   1.87461227e-02  8.55878103e-01 -4.68849192e-01  2.96119871e-01
   8.37591195e-01  4.99355615e-01 -2.65265017e-01  8.55490293e-01
  -7.24818233e-02 -1.86393935e-01 -8.60297360e-01  2.11759082e-01
  -9.99538575e-01 -1.81127567e-01  5.75472715e-01 -7.81443013e-01
   5.14361921e-01 -9.87140884e-01  1.68486036e-01 -5.48373561e-02
  -4.11694823e-01  9.01863535e-01 -7.67271163e-01 -2.72640869e-01
   4.40144817e-01  5.32614903e-01 -3.97863039e-01  3.02879839e-01
  -3.30522535e-01  2.27217328e-02  8.80978620e-01 -8.63066710e-02]
 [-4.22703456e-01 -8.28749804e-01  2.30035661e-01  6.17786316e-01
  -5.23833928e-01  7.38334183e-01 -7.98641174e-01 -2.34123527e-01
  -5.22842284e-01  4.22689804e-01  5.95442905e-01  7.30226304e-01
   4.00623914e-01 -5.27052933e-01  4.37148763e-01  4.33749985e-01
  -7.87056832e-01  5.75995296e-01 -6.98598186e-01  1.64785512e-01
  -3.62391985e-01 -4.07302916e-01  1.67396473e-01  5.06939938e-03
   1.46165770e-01  3.19446500e-01  3.26793319e-01 -5.66033095e-01
   1.26150011e-01 -8.34124995e-02  2.24537130e-01 -4.94581058e-01
  -4.81581600e-01  9.39027510e-01  3.71362442e-01 -1.08366939e-01
  -8.20852972e-01 -4.62202643e-02 -4.88919643e-01 -3.28725808e-02
   8.40819752e-01 -2.83436694e-01  9.11039185e-01 -1.80264417e-01
  -3.53047093e-01  9.00281693e-01 -8.89070985e-02  8.68414554e-01
  -8.60187260e-01 -1.63279291e-01 -6.48452874e-01  8.35762908e-01
  -2.13868248e-01 -5.57110202e-01 -4.09985316e-01 -7.33887602e-01
   5.28576662e-01  3.28530036e-01  4.14812811e-01  8.71233079e-01
  -8.74848465e-01 -6.38167185e-01  7.50856907e-01 -6.22974243e-01
  -8.17227894e-01 -9.54706251e-01  1.81778039e-02  4.70939877e-01
   1.41513996e-01  4.54142711e-01 -2.22351728e-01 -3.15607046e-01
   2.90522411e-01 -1.58411949e-01  1.16728437e-01 -2.97284915e-01
  -1.41336117e-01  6.61136999e-01  6.72113106e-01  1.97592855e-01
  -4.56314354e-01  2.02898126e-01  9.42587407e-01 -1.30730940e-01
  -4.27980119e-01 -9.64172163e-01 -9.05716116e-02 -2.65405124e-01
  -3.03023927e-01 -2.81750415e-01  4.99426817e-01  3.47793382e-01
  -2.73275256e-01  3.53367258e-01  9.25497551e-01 -8.79411024e-01
   8.77587691e-01 -2.82432463e-01  6.29579553e-01  8.46240234e-01
   8.31092927e-01 -3.01709984e-01  3.12646488e-01  8.24574730e-01
  -8.46232316e-01  4.71147892e-01  9.05795413e-02 -8.66435718e-01
   1.96422597e-03 -7.82138444e-01  3.32042494e-01  9.64834775e-01
   6.34203985e-01  5.33758019e-01  9.66949053e-01  1.98047805e-01
   4.16038297e-01 -9.88862790e-01 -1.13688841e-01 -3.11342375e-01
   6.49624603e-01 -9.50969464e-01  2.16686456e-02 -1.52872895e-01
   4.19292862e-02 -6.73535477e-01  2.17455862e-01 -2.93534237e-01
  -2.43879958e-01  7.02978807e-01 -3.06777720e-01  9.57305091e-01
  -9.81931937e-01  5.44733910e-02  2.22286752e-01 -5.71094355e-02
  -6.76216812e-01 -2.64061796e-01 -8.54783347e-01  9.09888528e-01
  -5.25990438e-01 -6.53737337e-01 -2.06917262e-01 -8.76784258e-01
  -4.30909011e-01 -6.84143244e-01 -8.54207016e-01 -4.89191756e-01
   5.23638411e-01  1.26898624e-01 -6.13984662e-01  5.23065791e-01
   8.33815622e-01  4.10347107e-01 -9.49624694e-01  9.14199067e-01
   7.67172483e-01  4.56368806e-01  8.77497502e-01  1.99273624e-01
   4.19435699e-01  1.62978942e-01 -6.24280221e-01  5.05954098e-01
  -6.63065956e-01  6.72963098e-01  5.79173023e-01 -5.30742869e-01
  -9.77387629e-01  3.48548772e-01 -2.42083331e-01  4.40404905e-02
  -4.97508596e-01  5.23911586e-01 -9.21781107e-01  9.55706793e-01
   1.51541575e-01 -3.99054002e-01 -9.08892675e-02 -2.24376395e-01
  -6.28701575e-02  3.10576859e-01  8.41480638e-01  8.79060886e-01
  -1.98046626e-01  3.76081044e-01 -6.29236955e-01 -1.11283918e-01
   5.26775538e-01  7.13000991e-01  1.26376289e-03  2.02361296e-01
  -1.47291980e-02 -6.06871218e-01 -9.80150540e-01 -4.31022178e-02
   4.00626315e-01  6.00606717e-01  3.11517665e-01  2.85738489e-01
   8.21226871e-01 -1.27379276e-01 -8.60924885e-01  7.88146009e-01
  -7.99104837e-01  1.33330494e-01  4.75048878e-01 -3.04910873e-01
   5.39951211e-01  8.84367797e-01 -9.38438231e-01 -3.66676142e-02
   6.21943337e-01  6.26621174e-01 -6.58846848e-01 -6.80119653e-01
   1.73444784e-01 -6.16901853e-01  1.73187086e-01  2.53402854e-01
  -4.44159748e-01  3.99554919e-01  2.40291324e-01 -8.83195120e-01
   5.02979490e-01  8.69324735e-01  5.55876370e-01 -6.96501733e-01
   7.19176927e-01  9.40861474e-01  4.46153950e-01  9.12754182e-01
  -3.59403822e-01 -7.78619014e-01 -7.34264081e-01 -5.03669863e-02
  -7.58342330e-01 -5.04718233e-01  2.71102030e-01  4.69157503e-01
   5.12716994e-01  9.21210599e-02  6.83206314e-01  6.91991203e-01
  -4.85181250e-01 -3.70385478e-01  8.52399626e-01  3.60735525e-01
  -1.64154058e-01 -3.55807001e-01  9.98865893e-01 -2.22326828e-01
   6.23984232e-01  8.61628477e-01 -2.55866557e-02 -7.43562753e-01
  -3.59496002e-01  4.92933296e-01  5.91976953e-01  6.71792455e-01
   6.26185875e-02  7.16549004e-02  6.14233375e-01 -6.37791484e-02
  -8.67113433e-01  2.40932988e-01  2.67159317e-01  5.65699298e-01
   9.86820294e-01 -6.70851631e-01 -9.27393838e-01  5.31600392e-01
   4.11789852e-01  5.79833577e-01  7.72061787e-02  3.36444332e-01
   4.70947736e-01  1.39590360e-01 -5.18174838e-01  2.87187052e-01
   1.47661127e-01 -3.18793999e-01 -9.20903171e-01 -3.27667392e-01
   9.25652337e-01  5.30147579e-01 -3.24797618e-01  3.96709832e-01
   1.56952318e-01 -9.52641822e-01 -9.59597487e-01 -4.74574426e-01
   5.47217934e-01 -3.47416395e-02  2.03674201e-01  2.93587382e-01
  -3.71756284e-01 -2.73151286e-01 -1.20273762e-01  7.88036077e-01
   3.75580971e-01 -8.70603404e-01  9.81702830e-01  7.97767231e-03
   2.63236066e-01 -2.12436620e-01 -3.20462013e-01 -3.57481739e-01
   4.12309382e-01  3.66363421e-01  2.59620767e-01 -4.00612305e-01
  -1.85521231e-01 -7.01724621e-01 -4.80010083e-01 -8.31975615e-01
  -6.44584857e-01  2.20758832e-01  9.84491478e-01 -9.75967785e-01
   9.54954867e-01  3.00742410e-01  2.94715362e-01 -8.48188508e-01
   3.84306043e-01  4.86746342e-02  7.39684192e-02 -7.24404607e-01
  -5.47310887e-01 -4.05539370e-01  4.61737347e-01 -6.63075019e-01
  -1.73763709e-01 -3.84274943e-01  2.00121311e-01 -5.44547996e-01
  -9.82738810e-01 -1.12398538e-01  7.81008038e-01 -8.18355388e-01
   6.25187971e-01  9.60338742e-01  9.75783237e-04 -6.46519314e-01
  -5.88933117e-01  5.09029294e-01 -5.06636067e-01 -1.76635610e-01
   2.96568796e-01 -1.74579531e-01  3.28144342e-01  4.25151552e-01
  -1.80071906e-01  3.89066240e-01 -7.86249395e-02 -8.57689934e-01
   1.10975788e-01 -1.00586749e-01  8.75111063e-01 -6.55887396e-01
   7.08914061e-01 -9.72650204e-01  5.44254525e-01 -3.44432424e-01
   7.22597202e-01  6.95869356e-01  8.99737188e-01 -3.14839954e-01
  -1.16830367e-01 -7.04834885e-01 -3.59133074e-01  5.14350783e-01
   6.24804056e-01 -8.16123176e-01 -7.27556776e-01  6.27615065e-02
  -2.98993602e-01  1.17776873e-01  6.57186309e-02  8.10873474e-01
   4.70828890e-01  2.52365451e-02 -1.50400501e-01  1.50193531e-01
  -6.86291014e-01 -3.91658979e-01 -5.05151575e-01  1.22062648e-01
  -3.11346677e-01  5.11892119e-01  7.62101336e-01  4.39740657e-01
   4.95344987e-01  4.82644586e-01  6.16660829e-01  5.86715548e-01
  -5.26822850e-01 -1.92939712e-02 -1.46579435e-01  9.36387531e-01]
 [ 1.25302845e-01 -1.20350769e-01 -8.53634453e-01 -8.66209684e-02
   6.07374875e-01  8.52882901e-01  2.16454938e-01 -6.69405952e-02
  -1.99984457e-01 -5.77233188e-01  3.27278266e-01  8.97120662e-01
   3.88398938e-01  4.81737050e-02  4.47057457e-01 -9.17457294e-01
   4.18855816e-01  5.02898507e-01 -7.68504689e-01  6.13481074e-01
   9.43289605e-01  8.75149710e-01  7.63682336e-01  4.15692961e-01
  -7.75036119e-01  5.98315580e-01  2.17508806e-01  8.57012854e-01
  -1.07196720e-01  4.11542316e-01  9.61315775e-02 -5.43717233e-01
   4.22668786e-01  9.58760285e-01  5.49731024e-01 -2.24293717e-01
  -8.69594726e-01 -4.43120267e-01  7.45334822e-01 -3.90908543e-01
  -3.86204711e-01 -2.70876737e-01  2.37535040e-01 -3.74273647e-01
   1.68099044e-01  4.44395803e-01  7.53646055e-01 -8.11947224e-01
  -5.17113040e-01  3.87410103e-01  6.37093302e-01  7.47299310e-01
   1.28354526e-01  6.56557344e-01 -4.05211754e-01  1.33761778e-01
  -6.41194353e-01  9.82220951e-01 -7.70009332e-01 -8.12823975e-01
   2.76937786e-01 -2.63251609e-01  3.33332552e-01  6.48968780e-01
   8.00605447e-01 -3.72487360e-01 -2.58928902e-01 -6.24714888e-01
  -2.99703463e-01  4.98149420e-02  9.77881634e-01  2.07133103e-01
   9.61602665e-01  2.60558084e-01  3.20550700e-02  7.96215950e-02
   6.49184868e-01  5.53242570e-01  8.46203463e-01  7.19264613e-01
  -2.12821997e-02  7.63931839e-01 -8.39157443e-01 -1.69532358e-01
   5.33318732e-02  3.22798802e-01 -8.88304693e-01 -8.62914268e-01
  -1.26688574e-01 -7.54159470e-01  4.50805369e-01 -4.60473674e-01
   1.88330315e-01  3.99810054e-01 -2.16583488e-01 -1.38353411e-01
  -6.16538851e-01 -3.73482881e-03  1.82841372e-02 -9.22877754e-01
  -2.90464791e-01  1.72338532e-01  9.92187901e-01 -1.92374328e-01
  -9.06499859e-01  8.66396660e-01 -8.86968199e-01  3.41130744e-01
  -3.06439112e-01 -4.87345877e-01  1.38517544e-01 -8.07539988e-01
  -6.13358235e-01 -4.50682134e-02 -9.12958382e-01 -2.61807223e-01
  -7.66513199e-01  2.94478820e-02 -7.07936431e-01 -5.37522548e-02
  -8.97463300e-01  1.95873053e-01 -5.00572423e-01 -7.03820664e-01
  -8.18895113e-01  8.81950995e-01  6.41472482e-02  4.83169166e-02
  -4.22647123e-01  8.94790895e-01 -9.95417653e-01 -5.15061489e-01
   5.01527716e-01 -9.95720886e-01 -8.43694732e-01 -9.29589798e-01
   2.27879996e-01 -1.94369390e-01  7.97950320e-01 -8.38581695e-01
  -5.01141798e-01  5.62282856e-01  5.33728911e-01  9.34198182e-01
   5.99941213e-01  8.15662970e-01 -2.51911624e-01  9.46104746e-01
  -7.59026019e-01 -9.40311172e-01  6.26593335e-01  6.61812826e-01
  -8.68953278e-01  5.72020193e-01 -5.02365553e-01 -7.44120806e-02
   2.60739459e-01  6.63209866e-02 -8.51848081e-02 -3.72139010e-01
  -1.97439071e-01 -3.88164666e-01 -2.25480827e-01  3.03596117e-01
  -9.39797441e-01 -5.94127905e-01 -7.47617711e-01 -3.66532764e-01
   7.82816557e-01  1.52629297e-01 -5.07475476e-01 -4.68245440e-01
   3.53106460e-01  3.35866975e-01 -4.04809501e-01  1.34972381e-01
   5.16634712e-01 -2.89188838e-01 -7.52737843e-01  7.25550567e-01
   9.53711157e-01 -5.20810304e-01  6.68623470e-01 -3.65291488e-01
   8.66953877e-01  4.44635786e-01  8.73698763e-01  9.71678437e-01
   7.57718160e-01  8.22984270e-01 -7.75013113e-01 -2.35191651e-01
  -7.50724701e-01 -6.93851814e-01  8.71703717e-01 -5.01725369e-01
  -7.25165447e-02 -8.33882884e-01  4.48069289e-01 -6.77259929e-01
  -8.25520427e-01  9.45395757e-01  1.54234225e-01  6.13090415e-01
  -5.83934993e-02  2.06348878e-01  8.72704026e-01 -4.08147480e-01
  -8.49041810e-01 -8.32754820e-01 -1.30567302e-02 -3.45996780e-01
  -1.32596861e-01  2.86200768e-02 -2.26093624e-01 -4.22014644e-01
   9.36822710e-01 -9.76453874e-01 -9.58603038e-01  6.49227491e-01
  -4.90463256e-01 -4.89151429e-01 -2.20836092e-01 -7.33249068e-01
  -5.67558926e-01 -6.83729942e-01  2.14308964e-01 -4.79756711e-01
  -7.48177515e-01  4.31471518e-01  5.05717822e-02  6.17492901e-01
   4.93818819e-01  1.62431542e-01  9.59734168e-01  5.62841904e-01
   8.30581005e-01 -3.35012089e-02 -2.51208446e-01  6.29674780e-01
  -6.21033709e-01 -1.98515288e-01  2.25146429e-01 -3.31347337e-01
   4.38590783e-01 -3.33352472e-01  8.73231064e-01  7.22224341e-01
   1.91813960e-01 -7.03441264e-01 -6.71164060e-01 -9.84749531e-01
  -5.92808305e-01 -1.80828438e-01 -6.16787578e-01 -4.80968490e-01
   1.69653470e-01 -7.78530948e-01  8.39365339e-01  4.24799214e-01
  -4.12635185e-01  1.46438966e-01 -8.28255552e-01 -1.59388616e-01
   5.27740300e-01  1.91951306e-01 -1.25679330e-01 -1.12874625e-01
   5.87211726e-01  4.99950829e-01 -6.88452410e-01 -7.01769993e-02
  -6.98778988e-01  9.21306616e-01  9.87433358e-01 -8.06103246e-01
   6.32980706e-01  8.48545890e-01 -7.31442408e-01  4.49820297e-01
  -6.57929872e-01 -2.21222797e-01 -7.05031089e-01  8.98333005e-01
   7.04742514e-02  4.80506192e-01 -4.69346302e-01  1.28752646e-01
  -3.33137316e-01  9.73679650e-01 -6.57456090e-01 -4.77970990e-01
  -2.28202238e-01  2.24194976e-02  3.84793752e-01  3.04882041e-01
  -7.74157476e-01  1.71164721e-02  6.85485724e-01 -6.09694247e-01
   4.98298050e-01 -4.03024871e-01  5.39275690e-01  2.81126612e-01
  -9.79777997e-01  8.23442521e-01  2.74026120e-01  3.31284101e-01
  -4.31857958e-02 -1.70940070e-01  7.47495140e-01 -3.48652032e-01
   7.54260981e-01 -5.28396406e-01  2.04480303e-01  1.91217104e-02
  -3.20458014e-01  9.83421360e-01 -6.37903521e-01  1.19349334e-01
  -2.52011375e-01 -7.71553156e-01  4.38178755e-01 -1.92876506e-01
   5.64862232e-03  3.41403845e-01  9.31347746e-01  9.95744339e-01
   5.92908690e-02 -4.39586300e-01  8.88964148e-01  8.26725428e-01
   9.47294556e-01 -4.46745868e-01  1.62462954e-01  8.76887618e-01
  -6.89705581e-01  7.67688646e-01 -8.29559451e-01  5.80068297e-01
  -9.68444374e-01  4.68466924e-01 -6.22574271e-01  9.06911862e-01
   7.85540348e-01 -4.31922200e-01 -5.42706471e-01  4.51171389e-01
   6.49389376e-02  9.49637236e-01  3.94921425e-01  5.83174822e-01
   9.56872459e-01  2.35086216e-01  7.12893456e-01  6.44280985e-01
   4.82205193e-01  6.03932036e-01  8.16794466e-01  4.07681414e-01
  -2.54401694e-02 -1.86787425e-01  6.33074073e-01  3.47302226e-01
   3.70890755e-01  8.99295009e-02  1.33096345e-01  3.19039036e-01
   7.27427592e-01 -7.71382213e-01  6.17219913e-01 -1.71720167e-01
  -2.83106381e-02 -7.57966795e-01  1.45991007e-01 -1.06213367e-02
   4.47108776e-02  4.87658553e-01 -2.63964096e-01 -3.00655824e-01
   4.31302431e-01  8.79057213e-02 -3.60686813e-01  1.49502838e-01
   5.70440423e-02 -6.72123931e-01 -8.60704430e-02 -8.25014621e-01
   6.13960471e-01 -8.26045635e-01 -6.28276462e-01 -7.66159052e-01
   6.70905012e-01 -2.59551205e-01 -8.41829899e-01  9.62081441e-01
   9.74012353e-02  1.43499779e-01  8.64978092e-02 -3.78966446e-01]
 [-4.94921811e-01 -9.39040178e-01 -3.07232795e-01  9.61257692e-01
  -4.53219907e-01  5.44047028e-01 -9.75881372e-03  6.10816786e-01
  -5.80512317e-01 -8.29000520e-01 -7.73859611e-01 -3.61254082e-01
  -2.98650824e-01  2.57219589e-01  9.12256853e-01 -1.08046146e-01
  -9.59039706e-02  3.81719557e-01 -5.71302360e-01 -3.26981810e-01
   3.45423765e-01 -1.43272493e-01 -1.26315775e-01 -4.54668209e-01
  -6.64694257e-01 -4.33654942e-01  3.67753941e-01  2.56721937e-01
   9.98194265e-01  5.28606706e-01  5.63065170e-01  3.90331561e-01
  -2.22499656e-01 -8.93924018e-01  3.56313049e-01 -1.87341442e-01
  -4.04472265e-01  3.05592590e-01  7.44832552e-01 -6.57185184e-01
  -8.61513188e-01  5.58596760e-01  1.76612684e-01 -1.80059415e-01
  -6.10774724e-01  6.57355393e-01 -4.01997813e-01 -1.19570372e-01
  -8.29148776e-01 -8.21356592e-01 -8.84532667e-01  4.06881465e-01
  -2.14094134e-01 -8.16430863e-02 -5.01065123e-01  3.70296401e-01
   6.29729000e-01 -6.02226663e-01  7.17343716e-01  4.79011063e-02
  -1.88738642e-01  4.66304229e-01 -6.55501598e-01 -9.77112549e-01
   9.03454238e-01 -5.08844842e-01  2.21190926e-01  2.86259933e-01
  -4.11888039e-01 -5.89122241e-01 -4.53824312e-01 -5.40793148e-02
   1.06557634e-02 -6.89376552e-01 -3.02418746e-01  5.71561023e-01
   5.98578120e-02 -7.13145512e-01 -2.64088720e-01 -6.81233506e-01
   5.59278213e-01  8.79884725e-01 -2.37166219e-01 -4.20519669e-01
  -2.84963651e-02 -5.20968224e-01  8.35558107e-01  2.16131656e-01
   5.50579641e-01  9.99015956e-01 -4.70608587e-01  7.98696538e-01
  -6.92831879e-01  4.23623944e-01  7.92172380e-01 -3.13328481e-01
   2.88439796e-01 -5.99191361e-01  7.64555544e-01 -6.55994138e-01
   9.45293881e-01 -3.85198202e-01  3.83728238e-01 -4.90758296e-01
   3.22183601e-01  4.59481339e-01 -7.31074494e-02  5.24841231e-01
  -8.73777100e-01 -9.96654818e-01  2.14492922e-01  9.08516517e-02
  -5.37036759e-01 -1.27280396e-01 -9.11626546e-01 -6.40570490e-01
   1.16109672e-01  7.98145807e-01  3.07089617e-01 -2.92126006e-01
   6.05489073e-01 -2.97753809e-01  6.76348476e-01 -3.67839053e-01
  -4.62358065e-01 -1.76223710e-01  3.95430182e-01 -6.34797469e-01
  -6.09207153e-01  8.62989110e-01  4.65849996e-01 -3.89693773e-01
  -1.77670716e-02 -4.96996717e-01 -1.58034426e-01 -3.48967075e-01
   5.02563056e-01 -8.61417592e-01 -3.64467137e-01 -5.84376485e-01
   7.79497582e-01  5.55017546e-01 -3.49917924e-02 -3.15924383e-01
   9.36790104e-01  9.37961394e-01 -1.14638443e-01  1.74518176e-01
  -5.65411565e-01 -5.05282392e-01  7.71411734e-01 -9.45274244e-01
   4.59916285e-02 -8.79088510e-01 -9.87589944e-01 -9.54072130e-01
   5.94881715e-01  7.03780521e-01 -2.28644368e-01 -9.76582116e-02
  -8.32767017e-01  4.26882136e-02  5.91959029e-01 -2.83157851e-01
  -7.31622987e-01 -6.47495030e-02 -9.22629994e-02  4.28268834e-01
   1.40101948e-01 -5.44562699e-01 -5.66151024e-01 -2.70171707e-01
  -8.39271336e-01 -1.54603191e-01  4.37680200e-01 -2.27505213e-01
   5.20831844e-01  1.04750068e-01 -6.17193732e-01  4.76287855e-01
   3.92248251e-01  3.77006148e-01 -2.55119183e-01  2.05058204e-01
   5.24060073e-01 -9.66015172e-01  3.80319897e-01 -5.48976767e-01
   8.21125079e-01 -5.23991564e-01  3.02877284e-01  7.95575733e-01
   8.93865457e-03 -8.47426460e-01 -6.45952157e-01  6.98835744e-01
   4.42608036e-01 -2.55210924e-01  7.35764427e-01 -3.69286264e-01
   5.59741275e-01 -2.09571981e-01 -8.35568927e-02 -2.61788808e-01
   6.34610851e-01 -7.72162714e-01 -9.21517283e-01  4.19328622e-01
   8.14886260e-01  7.78708455e-01  1.84815965e-01 -1.05156320e-01
  -4.44206413e-01  3.05951505e-01 -3.58401513e-01  4.79555463e-01
   1.31797961e-01  4.06707727e-01 -3.25444278e-01 -2.09201847e-01
   3.63815699e-01 -2.54385488e-01  3.99660697e-01 -4.72169607e-01
  -8.36455969e-01  9.61725547e-01  5.60535207e-01  3.58919850e-01
  -1.05605364e-01  9.02110970e-01  6.28254354e-01 -8.29695622e-01
   2.21931918e-01 -7.68906451e-01 -3.27890702e-01  6.14079492e-01
   2.31186564e-01  5.97786675e-01 -7.78439793e-01  7.25149808e-01
   5.78892073e-01 -3.52476305e-01  5.50812528e-01 -5.57996234e-01
   2.41837327e-01 -1.69033334e-01  7.01447388e-01 -5.78901630e-01
  -7.86914860e-01 -2.61148266e-01 -7.93636658e-01 -2.84407116e-01
  -5.81316884e-01 -6.69977069e-01  7.38139173e-01  4.55727032e-01
  -6.50019237e-01  2.50983428e-01  1.67476803e-01  5.29184579e-02
  -5.38373136e-01 -1.05369467e-01  1.13324713e-01 -7.44898379e-01
  -6.70892151e-01 -5.58848439e-01  1.72825280e-02  9.71734731e-01
   9.95366767e-01  1.56469262e-01 -5.38614207e-02  4.47227753e-01
  -6.23223419e-01 -4.13593411e-01  9.30249122e-01 -6.65631086e-01
   6.05704674e-01  3.12042287e-01  4.82701763e-01  4.93817461e-01
   5.40802277e-01  9.94023242e-01  8.99384375e-01  2.74053692e-02
   1.59529960e-01 -7.67406255e-01 -6.68969288e-01 -8.09899417e-01
  -6.23558820e-02  4.11613164e-01  3.95213479e-01 -2.42009269e-01
  -6.69244879e-01  3.32547794e-01  5.46363032e-01 -3.99775232e-01
  -7.55261142e-01  5.19592008e-01 -6.13070010e-01  6.29780121e-01
  -1.27937853e-01  7.21950430e-02 -6.64889362e-01 -7.05295103e-02
  -5.47337737e-01  8.93567754e-01  4.55966485e-01 -8.67501728e-01
   9.70203325e-01  1.84080821e-01  4.59169977e-01 -2.11987723e-02
  -4.58610508e-01 -7.42294675e-03  6.73726204e-01  9.26474199e-01
  -3.16585747e-01  3.15606983e-01 -4.50911095e-01 -6.89390303e-01
   1.06952822e-01 -5.59836477e-01  6.70043771e-01  8.94641659e-01
   1.63210352e-01  6.05461046e-01 -1.21750823e-01  2.79764072e-01
  -4.03098624e-01 -7.87634829e-01 -8.99222317e-01 -6.54739122e-01
   1.02239897e-01  7.56176395e-01 -7.69793441e-01 -6.55111630e-01
  -7.82907716e-02  8.19579545e-02 -1.07806822e-01  9.15661816e-01
   3.06188905e-02  6.06124237e-01  4.36668729e-01 -3.89045763e-01
  -1.91990824e-01 -4.29424838e-01 -4.61059100e-01  6.86100802e-01
   8.02014602e-01 -5.53312698e-01  8.59889051e-01  8.96246773e-01
   9.52348950e-01 -2.88219802e-02 -6.39292615e-01 -1.70095727e-01
  -2.20509382e-01  2.97387815e-01  4.08346350e-01 -6.44978690e-01
   2.71314186e-01  4.20239288e-01 -9.55410838e-01  7.90155735e-01
   6.50011923e-01  5.73259267e-01  7.59042296e-02 -9.07959579e-02
  -6.53310780e-01 -8.15516845e-01  5.52315624e-01  6.61994949e-02
  -2.51533166e-01 -7.13271451e-01 -2.82923965e-01  5.97495110e-01
   1.38996986e-01  1.92285828e-01  7.66372811e-01 -2.32451539e-01
   3.37881379e-01  2.86284422e-01 -4.27024409e-01  3.62292793e-01
  -1.95840291e-01 -6.56379322e-01  6.15198346e-01 -6.00101811e-01
  -9.53341227e-02  1.20861033e-01  6.46388034e-01 -5.28582219e-01
   2.05427091e-01  6.06033671e-01  9.04914137e-01 -7.43315822e-01
   5.68285387e-01  4.03675519e-01 -7.95502156e-01  6.06505999e-01]
 [ 0.00000000e+00  0.00000000e+00  0.00000000e+00  0.00000000e+00
   0.00000000e+00  0.00000000e+00  0.00000000e+00  0.00000000e+00
   0.00000000e+00  0.00000000e+00  0.00000000e+00  0.00000000e+00
   0.00000000e+00  0.00000000e+00  0.00000000e+00  0.00000000e+00
   0.00000000e+00  0.00000000e+00  0.00000000e+00  0.00000000e+00
   0.00000000e+00  0.00000000e+00  0.00000000e+00  0.00000000e+00
   0.00000000e+00  0.00000000e+00  0.00000000e+00  0.00000000e+00
   0.00000000e+00  0.00000000e+00  0.00000000e+00  0.00000000e+00
   0.00000000e+00  0.00000000e+00  0.00000000e+00  0.00000000e+00
   0.00000000e+00  0.00000000e+00  0.00000000e+00  0.00000000e+00
   0.00000000e+00  0.00000000e+00  0.00000000e+00  0.00000000e+00
   0.00000000e+00  0.00000000e+00  0.00000000e+00  0.00000000e+00
   0.00000000e+00  0.00000000e+00  0.00000000e+00  0.00000000e+00
   0.00000000e+00  0.00000000e+00  0.00000000e+00  0.00000000e+00
   0.00000000e+00  0.00000000e+00  0.00000000e+00  0.00000000e+00
   0.00000000e+00  0.00000000e+00  0.00000000e+00  0.00000000e+00
   0.00000000e+00  0.00000000e+00  0.00000000e+00  0.00000000e+00
   0.00000000e+00  0.00000000e+00  0.00000000e+00  0.00000000e+00
   0.00000000e+00  0.00000000e+00  0.00000000e+00  0.00000000e+00
   0.00000000e+00  0.00000000e+00  0.00000000e+00  0.00000000e+00
   0.00000000e+00  0.00000000e+00  0.00000000e+00  0.00000000e+00
   0.00000000e+00  0.00000000e+00  0.00000000e+00  0.00000000e+00
   0.00000000e+00  0.00000000e+00  0.00000000e+00  0.00000000e+00
   0.00000000e+00  0.00000000e+00  0.00000000e+00  0.00000000e+00
   0.00000000e+00  0.00000000e+00  0.00000000e+00  0.00000000e+00
   0.00000000e+00  0.00000000e+00  0.00000000e+00  0.00000000e+00
   0.00000000e+00  0.00000000e+00  0.00000000e+00  0.00000000e+00
   0.00000000e+00  0.00000000e+00  0.00000000e+00  0.00000000e+00
   0.00000000e+00  0.00000000e+00  0.00000000e+00  0.00000000e+00
   0.00000000e+00  0.00000000e+00  0.00000000e+00  0.00000000e+00
   0.00000000e+00  0.00000000e+00  0.00000000e+00  0.00000000e+00
   0.00000000e+00  0.00000000e+00  0.00000000e+00  0.00000000e+00
   0.00000000e+00  0.00000000e+00  0.00000000e+00  0.00000000e+00
   0.00000000e+00  0.00000000e+00  0.00000000e+00  0.00000000e+00
   0.00000000e+00  0.00000000e+00  0.00000000e+00  0.00000000e+00
   0.00000000e+00  0.00000000e+00  0.00000000e+00  0.00000000e+00
   0.00000000e+00  0.00000000e+00  0.00000000e+00  0.00000000e+00
   0.00000000e+00  0.00000000e+00  0.00000000e+00  0.00000000e+00
   0.00000000e+00  0.00000000e+00  0.00000000e+00  0.00000000e+00
   0.00000000e+00  0.00000000e+00  0.00000000e+00  0.00000000e+00
   0.00000000e+00  0.00000000e+00  0.00000000e+00  0.00000000e+00
   0.00000000e+00  0.00000000e+00  0.00000000e+00  0.00000000e+00
   0.00000000e+00  0.00000000e+00  0.00000000e+00  0.00000000e+00
   0.00000000e+00  0.00000000e+00  0.00000000e+00  0.00000000e+00
   0.00000000e+00  0.00000000e+00  0.00000000e+00  0.00000000e+00
   0.00000000e+00  0.00000000e+00  0.00000000e+00  0.00000000e+00
   0.00000000e+00  0.00000000e+00  0.00000000e+00  0.00000000e+00
   0.00000000e+00  0.00000000e+00  0.00000000e+00  0.00000000e+00
   0.00000000e+00  0.00000000e+00  0.00000000e+00  0.00000000e+00
   0.00000000e+00  0.00000000e+00  0.00000000e+00  0.00000000e+00
   0.00000000e+00  0.00000000e+00  0.00000000e+00  0.00000000e+00
   0.00000000e+00  0.00000000e+00  0.00000000e+00  0.00000000e+00
   0.00000000e+00  0.00000000e+00  0.00000000e+00  0.00000000e+00
   0.00000000e+00  0.00000000e+00  0.00000000e+00  0.00000000e+00
   0.00000000e+00  0.00000000e+00  0.00000000e+00  0.00000000e+00
   0.00000000e+00  0.00000000e+00  0.00000000e+00  0.00000000e+00
   0.00000000e+00  0.00000000e+00  0.00000000e+00  0.00000000e+00
   0.00000000e+00  0.00000000e+00  0.00000000e+00  0.00000000e+00
   0.00000000e+00  0.00000000e+00  0.00000000e+00  0.00000000e+00
   0.00000000e+00  0.00000000e+00  0.00000000e+00  0.00000000e+00
   0.00000000e+00  0.00000000e+00  0.00000000e+00  0.00000000e+00
   0.00000000e+00  0.00000000e+00  0.00000000e+00  0.00000000e+00
   0.00000000e+00  0.00000000e+00  0.00000000e+00  0.00000000e+00
   0.00000000e+00  0.00000000e+00  0.00000000e+00  0.00000000e+00
   0.00000000e+00  0.00000000e+00  0.00000000e+00  0.00000000e+00
   0.00000000e+00  0.00000000e+00  0.00000000e+00  0.00000000e+00
   0.00000000e+00  0.00000000e+00  0.00000000e+00  0.00000000e+00
   0.00000000e+00  0.00000000e+00  0.00000000e+00  0.00000000e+00
   0.00000000e+00  0.00000000e+00  0.00000000e+00  0.00000000e+00
   0.00000000e+00  0.00000000e+00  0.00000000e+00  0.00000000e+00
   0.00000000e+00  0.00000000e+00  0.00000000e+00  0.00000000e+00
   0.00000000e+00  0.00000000e+00  0.00000000e+00  0.00000000e+00
   0.00000000e+00  0.00000000e+00  0.00000000e+00  0.00000000e+00
   0.00000000e+00  0.00000000e+00  0.00000000e+00  0.00000000e+00
   0.00000000e+00  0.00000000e+00  0.00000000e+00  0.00000000e+00
   0.00000000e+00  0.00000000e+00  0.00000000e+00  0.00000000e+00
   0.00000000e+00  0.00000000e+00  0.00000000e+00  0.00000000e+00
   0.00000000e+00  0.00000000e+00  0.00000000e+00  0.00000000e+00
   0.00000000e+00  0.00000000e+00  0.00000000e+00  0.00000000e+00
   0.00000000e+00  0.00000000e+00  0.00000000e+00  0.00000000e+00
   0.00000000e+00  0.00000000e+00  0.00000000e+00  0.00000000e+00
   0.00000000e+00  0.00000000e+00  0.00000000e+00  0.00000000e+00
   0.00000000e+00  0.00000000e+00  0.00000000e+00  0.00000000e+00
   0.00000000e+00  0.00000000e+00  0.00000000e+00  0.00000000e+00
   0.00000000e+00  0.00000000e+00  0.00000000e+00  0.00000000e+00
   0.00000000e+00  0.00000000e+00  0.00000000e+00  0.00000000e+00
   0.00000000e+00  0.00000000e+00  0.00000000e+00  0.00000000e+00
   0.00000000e+00  0.00000000e+00  0.00000000e+00  0.00000000e+00
   0.00000000e+00  0.00000000e+00  0.00000000e+00  0.00000000e+00
   0.00000000e+00  0.00000000e+00  0.00000000e+00  0.00000000e+00
   0.00000000e+00  0.00000000e+00  0.00000000e+00  0.00000000e+00
   0.00000000e+00  0.00000000e+00  0.00000000e+00  0.00000000e+00
   0.00000000e+00  0.00000000e+00  0.00000000e+00  0.00000000e+00
   0.00000000e+00  0.00000000e+00  0.00000000e+00  0.00000000e+00
   0.00000000e+00  0.00000000e+00  0.00000000e+00  0.00000000e+00
   0.00000000e+00  0.00000000e+00  0.00000000e+00  0.00000000e+00
   0.00000000e+00  0.00000000e+00  0.00000000e+00  0.00000000e+00
   0.00000000e+00  0.00000000e+00  0.00000000e+00  0.00000000e+00
   0.00000000e+00  0.00000000e+00  0.00000000e+00  0.00000000e+00
   0.00000000e+00  0.00000000e+00  0.00000000e+00  0.00000000e+00]]