[[ 5.22170156e-01 -9.58858133e-01  6.05315402e-01  3.83425490e-01
  -4.15052223e-01  2.10263170e-02 -3.58186878e-02 -2.01794330e-01
  -2.69178371e-01 -9.34747953e-01 -3.57097019e-01  9.49968805e-01
  -9.87653824e-01 -9.15794444e-01 -4.90588361e-01 -5.17940801e-01
  -2.11092379e-01  3.71908615e-01  8.40587328e-01 -3.88114020e-01
  -9.40163397e-02 -1.06763018e-01 -2.31834366e-01  2.78275575e-01
   4.74119860e-01 -1.20688933e-01 -6.52765785e-01 -1.28969538e-01
  -2.35956919e-01  7.84655764e-01  1.61826661e-01 -8.03051061e-01
   4.23374395e-02 -1.39995998e-01  8.95340867e-01 -6.13076761e-01
  -2.43024021e-01 -3.70960579e-01  4.85101649e-01  5.41019190e-01
  -6.54930287e-01 -4.58410644e-01  8.02971713e-01 -7.35143521e-01
   9.80756378e-01 -9.25306795e-01  3.16302251e-01 -1.56233213e-01
   8.28550667e-01 -8.17684504e-01  1.31839921e-01  4.97637742e-01
  -5.22299839e-01  3.82112423e-01 -8.37573481e-01 -2.24923174e-01
  -6.23496663e-01 -4.95230020e-01 -4.62585613e-01  6.32538481e-01
   3.02245812e-01 -7.09133817e-01  5.67281656e-02  5.90316539e-01
   2.89160309e-01 -8.34985035e-01 -4.10305621e-01 -7.70442906e-01
   9.94214124e-01  9.54207749e-01 -8.51146178e-01  5.62236554e-01
  -9.35329557e-01 -8.35677545e-01  2.71238466e-01  3.19053632e-01
  -1.06842741e-01 -4.31046493e-01  9.50052407e-01 -6.40181944e-01
   1.45958545e-01  3.66876081e-01  3.77324570e-02 -5.15682394e-01
   7.60761156e-01  4.69238209e-01  9.51975242e-01  6.72761362e-01
   2.70229079e-01  3.41281443e-01 -2.14604064e-01 -5.84322341e-01
   8.07554179e-02 -3.88496607e-02  5.93855701e-01  3.29335687e-01
   9.74928457e-01  4.23933067e-01 -3.52727399e-02 -9.91582943e-01
  -6.15421760e-01 -9.45005462e-01 -1.94151607e-01  2.83852852e-01
   2.40772681e-01  5.64855671e-01 -7.07735244e-01 -3.39916315e-01
  -4.86085905e-01 -5.91720641e-01  3.63335424e-01  2.70913988e-01
  -8.27692646e-01 -4.22857440e-01 -3.71533683e-01  2.24685707e-01
   2.45647816e-01  3.53435389e-01  6.58026367e-02 -9.47618248e-01
   5.23061926e-02  1.28976378e-01 -1.17268543e-02  7.55113167e-01
   9.96161344e-02  7.11481977e-01 -5.04686614e-01  2.22924199e-01
  -8.69096285e-01  7.69491132e-01 -4.48178740e-01  7.90053980e-01
  -1.37862585e-01  6.82406791e-01 -5.90192735e-01 -9.32419125e-01
   2.56729352e-01 -9.55061982e-01  5.81990872e-01  7.03711158e-01
  -3.56771688e-01 -3.17472897e-01 -9.25515803e-01 -2.39889982e-01
   5.54254083e-01 -1.38062285e-01 -8.38891670e-01  4.63333732e-01
   7.98786401e-02 -4.52475713e-01 -4.11847133e-02  7.33703535e-01
   2.07389865e-01 -8.83486741e-01 -8.53478050e-01  1.09357555e-01
   9.57030585e-01 -8.57487223e-01  3.85667871e-01  3.86598090e-01
  -3.06795205e-01  7.69563396e-01 -2.13220812e-01  7.81164086e-01
  -8.83727877e-01 -7.69308366e-01 -1.21566472e-01 -9.95165062e-01
  -3.47200043e-01  5.86583606e-01  9.29491102e-02  7.04489093e-01
  -2.84448779e-01 -1.41319732e-02 -3.05145611e-01  6.53745660e-01
  -6.02124497e-01  3.60070939e-01 -9.76984841e-01  4.32549444e-01
   1.27544151e-01  8.17779462e-01 -5.02499344e-01 -8.06200516e-01
  -4.35692531e-01  5.25211762e-01  1.39408581e-01 -3.69727032e-01
  -2.41359531e-01  2.06801281e-01 -8.70651677e-01 -2.62098018e-01
   1.70942236e-01 -6.42482911e-01  1.15963251e-01 -3.20211082e-01
   1.31423046e-01  9.90708082e-01 -8.46882209e-02 -7.29773514e-01
  -4.40225335e-01  1.59703107e-01 -7.50184551e-01  6.19964375e-02
  -6.15419202e-01  7.62829577e-01 -1.97706869e-01  2.91521298e-01
   7.32793932e-01  1.63549850e-02  4.04175492e-01  2.28824140e-01
   3.67228950e-01 -7.91026006e-02  1.17581688e-01  1.60237687e-02
   5.04805610e-02 -2.63855937e-01 -3.83068054e-02 -8.57943349e-01
   4.09738022e-01  5.26116834e-01 -7.95820555e-01 -6.55241977e-02
   2.69008930e-01  3.06585006e-01 -8.34966449e-01  6.55046798e-01
   8.50516037e-01  2.75464647e-01  8.30972804e-01 -7.59585792e-01
  -8.82780162e-01  1.99206315e-01  6.33351785e-01 -1.07175595e-01
  -9.81051178e-01 -5.67862977e-01 -8.35249651e-01  5.64035254e-01
   7.72409914e-02  6.94613057e-01 -7.37499002e-01  9.67576559e-01
  -7.85916897e-01  1.77160437e-02 -2.44251863e-01 -9.72110342e-01
   3.51774373e-02 -3.61867689e-01]
 [-7.90735586e-01  2.76623159e-01 -1.14154161e-01 -8.75275343e-01
  -1.44168445e-01 -7.40144499e-01 -9.44735033e-01 -8.25594630e-01
  -4.26501017e-01 -1.01861789e-02 -3.60029267e-01 -4.20955226e-01
  -8.78551263e-01  4.46395024e-01  8.12489904e-01 -9.30013152e-01
   5.28020563e-01 -9.99347659e-01  6.87736381e-01 -3.74533670e-01
  -3.47609787e-01 -3.76334529e-01 -1.98738327e-01  1.62016993e-01
   5.52332201e-03 -9.61470483e-01 -8.09568869e-01  1.58818336e-01
  -4.88096058e-01 -1.74655754e-01  8.48684435e-03 -6.75708179e-01
  -2.82103554e-01  7.46340111e-01  8.62521753e-01  2.53412893e-01
  -8.44377470e-01 -7.61922437e-01 -5.73639940e-02 -8.76433605e-01
  -1.11147548e-01  6.96468610e-01 -3.28201443e-01 -5.83178423e-01
  -8.83251634e-01  7.72358928e-02  8.61502945e-02  5.86086904e-01
   2.65153744e-01 -4.07656517e-01  3.00306322e-01 -9.30067477e-01
   6.24054557e-01  6.63073803e-01  8.95493881e-01 -2.17097593e-02
   8.15530603e-01  2.75694840e-01 -5.44713858e-01  2.36362204e-01
  -3.34696220e-01 -6.90251467e-02  1.33719920e-01  9.42559164e-01
   9.12913836e-01  4.43518349e-01  4.41656503e-01 -6.63978122e-01
   2.54605020e-01  7.85984649e-01  9.22689148e-01 -9.24822768e-01
  -6.50164194e-01  2.33034731e-02 -8.18706359e-01 -3.96640072e-02
  -7.70841855e-01 -6.79584374e-01  9.90208296e-02 -3.48643653e-01
   6.53324973e-01  4.31676517e-01  3.81831676e-01  7.26996092e-01
  -3.10515525e-01  2.74606503e-01  5.46757335e-01 -4.59207620e-01
   5.36776639e-01 -4.48208087e-01  1.22713288e-01 -9.37389750e-01
  -2.19646312e-02  5.86921219e-01 -4.62092164e-01  9.39179423e-01
   8.48525592e-01 -9.26552129e-01 -5.11982017e-02 -5.90853709e-01
   4.67654305e-01  2.44017840e-01 -4.88112560e-01 -1.54467618e-01
  -9.81888959e-01  3.24073185e-01 -8.04594859e-02 -1.33090815e-01
  -7.55863842e-01 -3.15081906e-01  9.25588004e-01 -7.84257547e-01
  -9.14050878e-01 -1.26014477e-01 -7.42597446e-01 -6.48104953e-01
  -9.50758183e-01  3.27781737e-01  5.18652719e-01 -9.70016810e-01
   1.36216297e-01  6.40372236e-01 -5.56133733e-01 -8.25446931e-01
   2.09312530e-01  8.29414561e-01 -5.08598077e-01  4.56521692e-01
   5.61416551e-01  6.81923239e-01  1.45681804e-01 -6.40897489e-01
   3.71587027e-01 -9.29821050e-01 -4.64355137e-01  2.05458502e-01
   5.68167752e-01  4.67561142e-01  9.82813137e-01 -1.82251373e-01
   5.71927255e-01 -1.71022428e-01 -6.40937485e-01  5.40513120e-01
  -4.33291709e-01  5.84093222e-01 -2.29973389e-01  3.42892215e-01
  -6.59909720e-01 -6.59189995e-01 -6.66498961e-03  9.75255092e-01
  -5.55798974e-01  4.97576502e-01  5.28541322e-01  2.48795764e-01
  -8.42039873e-01 -2.93995842e-01  4.98578267e-01  9.25141166e-01
  -5.31861685e-01  9.34344059e-01  9.30378336e-01  8.32518021e-01
  -4.46997181e-01  5.68377408e-01  7.88011986e-01 -8.17474104e-01
   4.42026487e-02  8.85867565e-01 -1.62179988e-01 -4.96148965e-01
   2.40382040e-01  9.47712217e-01  7.89473496e-02  6.34952129e-02
  -8.20668307e-01 -4.14763335e-02 -2.28036787e-01 -5.89071676e-01
  -2.67868019e-01 -2.87533194e-01 -9.56768278e-01 -2.40480749e-01
  -3.04669168e-01  6.11425306e-01  7.67828602e-01  5.74363545e-01
  -5.38811669e-01 -3.40912009e-01 -3.58841828e-01 -3.47938249e-01
   7.75524724e-01 -1.32747302e-01  9.51659763e-01  8.07846811e-01
   6.74249626e-01 -8.26287823e-01 -4.17370618e-02 -9.25616500e-01
  -2.24896019e-01 -7.79278666e-01 -5.62617696e-01 -7.34857274e-03
  -1.65287993e-01  3.07649730e-02 -6.71368714e-01 -3.30583609e-01
   1.54052120e-01  8.15533027e-01 -8.35355041e-01 -6.20529320e-01
  -5.29344609e-01 -8.08366883e-01  2.78856067e-01 -7.16656802e-01
   7.22512110e-01 -7.02727528e-02 -2.89234803e-02  6.39624259e-01
  -1.00772170e-01 -5.82546163e-01 -6.32609583e-01  9.28134219e-01
   6.26707002e-01 -8.53752215e-01 -8.32324216e-01 -9.44260800e-01
   7.59774987e-01  7.28840497e-01 -5.60902181e-01  8.34075397e-01
  -2.10885396e-01 -7.00928017e-01  3.85391290e-01 -3.96084916e-01
   7.34825599e-01 -3.93012804e-01 -9.58671263e-01  5.64296430e-01
   9.33870586e-01 -5.23439433e-01 -4.81774775e-01 -7.70912200e-01
   3.40728366e-01 -8.61527305e-01  9.55962684e-01 -2.40269222e-01
  -8.49936902e-01  4.17338278e-01]
 [ 7.91820616e-01  3.73904469e-01  3.25689715e-01  8.13778583e-01
  -1.78133820e-03 -1.48062206e-01 -3.55732651e-01 -9.84501225e-01
   8.72530983e-01  1.41944078e-01 -9.52076279e-01 -9.65133257e-01
  -6.69176572e-01 -7.01135475e-01  3.95131324e-01 -6.84218116e-01
   8.48318441e-01 -2.10239564e-01  5.37006978e-01  3.13369366e-01
  -1.81001975e-01 -6.58226586e-01  4.10437964e-01  7.45576698e-02
  -9.81997132e-01 -3.50796903e-01  5.37005140e-01 -1.07855578e-01
   9.61723425e-01  2.09769164e-01 -8.78185699e-01  2.38081396e-01
   6.85025088e-01 -2.06400504e-01  5.22962194e-01 -9.81162454e-01
  -8.57834056e-01 -4.00358133e-01  6.00551464e-01  1.31758837e-01
   3.62521996e-01  2.59878257e-01  7.72790951e-01  7.78881137e-01
  -7.94757410e-01  9.04106998e-01  5.73330457e-01 -2.61181313e-01
  -7.86700045e-01 -8.76011863e-01  4.31231668e-01  2.77362479e-01
  -2.15063137e-01 -6.66768219e-01  1.77164254e-01 -1.15233012e-01
   9.48397962e-02  2.79725731e-01  9.67724458e-01  6.82532102e-01
   3.09659580e-01 -4.04844085e-01 -5.30635489e-01  6.04064420e-02
   1.21529536e-01  1.70885237e-01 -2.67011798e-01  9.40624329e-01
  -4.77199703e-01 -5.75871837e-01 -5.13254037e-01 -6.90949002e-01
  -8.81693276e-01  1.20974054e-01 -9.91132432e-01  2.83838385e-01
  -8.28750255e-01  9.66010709e-01  2.43207302e-01  4.15414625e-01
  -1.37570172e-02 -2.42407284e-01  9.14081986e-01  8.47274091e-01
  -7.93861187e-01 -3.49452740e-02  5.44306504e-01  6.37740151e-01
  -6.47618412e-01 -1.31270018e-01 -7.96029854e-01 -4.61390879e-01
  -3.56770091e-01 -3.11300886e-02 -9.15594416e-01  5.50689528e-01
  -5.03744339e-01  2.14418730e-01 -6.17315805e-01 -9.05252027e-01
  -8.07989219e-01  3.80093625e-01  6.37605127e-01 -3.26201272e-01
   8.28990257e-01  7.06507499e-01 -2.14520012e-02  8.07898465e-01
   3.91707466e-01 -3.41969421e-01 -5.15511040e-02 -4.98266132e-01
   4.87928302e-01 -5.04634644e-01  4.76965114e-01 -4.97795841e-01
  -4.67318248e-02 -2.39576155e-01  1.68154119e-01  9.36054701e-02
   7.34829286e-01 -9.38842910e-01 -4.44453891e-01  8.92535340e-01
  -2.50914305e-01 -6.36355423e-01 -5.06570989e-01  7.44041277e-02
   1.18126051e-01  3.97292549e-01 -3.32371472e-01 -4.66659933e-01
   3.68722533e-01 -7.43510154e-01 -3.38704610e-02 -3.21864323e-01
  -1.31091947e-01 -2.03476089e-01 -2.76681200e-01 -5.54765057e-01
  -6.89392209e-01 -5.35824926e-01  8.24515439e-02  4.27141248e-01
  -3.70676692e-01  4.63926181e-01  5.06573863e-01 -6.94177743e-02
   8.65962240e-01  9.95737982e-02  3.73894425e-01  5.77465101e-01
  -4.34064817e-03 -7.86074757e-01 -9.88974510e-01 -4.86093502e-01
  -8.20437180e-03  5.64507033e-01  2.74126596e-01  7.74935081e-01
  -8.41080462e-01  4.03620950e-02  4.64008411e-01  1.22541371e-01
   4.65975700e-01 -5.13693846e-01 -3.65422929e-02  9.91051900e-01
   8.28552248e-01 -6.69856760e-01 -8.03771808e-01 -9.32953328e-01
   4.42460215e-02  7.43013256e-01  4.22655566e-02  6.37173279e-01
  -3.94007900e-01 -8.71252587e-01  5.47969462e-01 -6.31210598e-01
  -6.03676654e-01  3.43715232e-01  5.17220720e-01 -1.91836698e-02
   6.25679805e-01 -4.31422398e-01 -2.99330264e-01 -9.54628563e-02
   4.55079397e-01 -7.11694429e-01  8.08115963e-01  2.92167860e-01
  -9.84852651e-01 -4.97992414e-01  7.64928952e-01  5.33770652e-01
   2.66373279e-01  2.81638703e-01  6.44368462e-01  4.68474286e-01
  -8.04063066e-01  9.34751959e-01 -7.78721200e-01 -3.27445936e-01
  -2.97636079e-01  5.58894037e-01  8.65935430e-01  6.47456814e-01
  -6.26955684e-01  3.78799536e-01 -2.75720758e-01 -1.64197921e-01
  -2.41835924e-01 -2.14658378e-01  9.18210020e-02  2.99826847e-01
   9.68252585e-01  6.93963154e-01  6.55263731e-01 -2.70809011e-01
   5.01465680e-01 -2.49211764e-01  1.76290614e-01 -2.89925898e-01
  -5.01548751e-01  9.85245604e-02 -9.39891762e-01 -1.43532742e-01
   8.01853026e-01  3.99333390e-01  5.22218552e-01 -2.03558433e-01
   6.43987990e-01  2.39197284e-01  7.57313537e-01 -7.41273109e-01
  -7.32071414e-01 -8.65837707e-01 -3.68370273e-02 -7.88499695e-02
  -6.47238895e-02 -5.78450520e-01 -5.04828048e-01 -5.71856387e-01
  -3.77613615e-01  5.58845728e-01 -9.19817314e-01 -6.66469464e-01
   9.31676568e-01  8.51993767e-01]
 [-7.33510833e-01 -6.91272096e-01 -1.41642827e-01  5.23002866e-01
   6.61465427e-01  6.11494365e-01 -3.22895935e-01 -5.12248743e-01
  -7.97353925e-01  6.78482466e-01 -7.43681174e-02  6.77424287e-01
   8.30578665e-01  9.90609128e-01  8.32229182e-01 -4.76149088e-01
   5.73024952e-01  3.18676239e-01  7.52884018e-01  8.97677188e-01
  -4.01378320e-01  7.37427562e-01 -1.71738498e-01  1.38035852e-01
  -7.95236350e-01  6.20564662e-01  9.38088547e-01  5.71350774e-01
  -9.31024548e-01 -6.53536127e-01 -3.20665902e-01 -1.44172347e-01
   9.22514149e-02  8.58858206e-01  5.65711607e-03 -7.83145976e-01
  -6.53759991e-01 -4.16035207e-01  1.87239278e-01  8.22369395e-01
   1.63814703e-01  2.03243320e-01  8.66288118e-01 -7.76423383e-01
  -7.09460992e-01  2.23470211e-01  4.41582207e-01  8.22331472e-01
  -9.93703338e-01 -7.49966806e-01 -3.92224628e-01  2.67590862e-01
  -6.46633451e-01  9.69357521e-01  6.26221364e-01 -7.57039025e-01
   1.80972781e-01  9.23997866e-02 -4.75867937e-01  9.26181960e-01
  -4.14462074e-01  2.30978596e-01 -9.24333823e-01 -8.76413689e-01
  -4.02756907e-02  1.10045554e-01  7.55652072e-01  3.33944293e-01
  -9.56291483e-01  1.72620783e-01  3.83918372e-01 -5.79905232e-01
  -5.36181622e-01 -9.34359720e-01  5.68950471e-01 -7.75141804e-01
  -9.21518917e-01  7.91850142e-01 -2.22088181e-01  5.45055883e-01
  -6.04273677e-01 -2.91133814e-01  1.95592709e-01 -8.25840445e-01
   8.00900988e-01 -5.16498761e-01  5.28557645e-01 -4.87360012e-01
  -4.81603514e-01  8.60060329e-01  4.58400893e-01  4.22219573e-01
   5.02051646e-01  6.17181187e-01  4.42522297e-03  4.61895275e-01
  -2.77159459e-01  7.19513604e-01 -2.49919159e-01  7.01489799e-01
   4.37330045e-01  5.52744669e-01  8.78266910e-01  3.98920001e-01
  -3.18386281e-01 -3.12679462e-02  5.98869921e-01  3.60771324e-01
  -9.94577567e-01 -7.37281604e-01  2.97605754e-03 -1.96630348e-01
  -1.64423027e-01  9.11462597e-01  2.02411312e-01  5.91816148e-01
  -5.38884324e-01  8.78367148e-01 -4.47391155e-01 -1.72288908e-01
  -6.72987405e-01  7.22181168e-01  5.28858269e-01 -5.54319059e-01
  -3.70963436e-01 -8.88328712e-01  6.95866524e-01 -3.38299157e-01
  -2.94122966e-01  5.79868156e-01 -6.14818615e-02  2.42863751e-01
  -3.30561861e-01  9.90866623e-01  4.30476331e-01  7.89708919e-01
   2.85540338e-01 -1.16704817e-01 -6.90109543e-01  5.64678415e-01
   8.98083604e-01 -5.92276043e-01 -6.74201755e-01  7.81596186e-01
  -4.67608843e-01  8.43373498e-01  8.22402486e-01  3.58012198e-01
   7.52296293e-01  8.35640164e-01  6.81983975e-01  4.10610660e-01
  -4.25888386e-02 -4.47816724e-01  9.83001238e-01  5.47167539e-01
  -5.17084645e-01  6.24781946e-01 -1.22395109e-01  3.96378611e-01
   5.50324938e-01  2.21323561e-01 -1.00589206e-01 -2.09732979e-01
   1.70350413e-01 -1.05767706e-01  7.85036772e-01 -3.46937070e-01
   5.98492921e-01 -3.81404195e-01 -9.63852834e-01 -5.79178584e-01
  -2.95644185e-01 -7.33081336e-01 -2.95244550e-01  6.28704582e-01
   8.83035344e-01  7.93568760e-01  4.66224952e-01 -5.84843668e-02
   3.57331131e-01 -8.30681049e-01 -6.86008025e-01  6.33012908e-02
  -3.02932915e-01  2.13452909e-01  5.45080733e-01 -9.18984855e-02
  -2.07250606e-01 -6.11477497e-01  8.41201980e-01  9.38092111e-01
  -9.24367403e-01  3.88690846e-01 -8.98704684e-01  4.67604988e-01
  -2.97192225e-01 -4.96434060e-01 -8.41321879e-01 -4.36231285e-01
   2.38213986e-01 -9.54394106e-01  9.67353976e-01 -2.40603294e-01
  -4.92991002e-01 -4.97266301e-01 -2.52893631e-01  8.66289838e-01
  -2.83475960e-01 -7.60167626e-01  7.66064161e-01  2.14619901e-01
   1.65197592e-02  7.78217358e-02  9.06729027e-01  8.08620400e-01
  -3.65013893e-01  3.89178901e-01 -9.24238435e-01 -5.91367016e-01
   9.73546551e-01  5.03387189e-01 -7.66209789e-01 -2.17592429e-01
  -3.05739690e-01 -8.57965098e-01  7.30343982e-01 -4.54137952e-01
   4.13652885e-01  5.78276100e-01 -7.59939044e-01  8.30881295e-01
   8.05554125e-01 -2.08193743e-01 -1.26481930e-01  4.40007280e-01
   7.68630368e-01 -5.14766357e-01 -7.16383573e-01  8.85058235e-01
   9.29046537e-01 -2.11995721e-01  9.86882764e-01  7.04902844e-01
  -1.25917291e-01 -2.91202578e-01 -9.64787277e-01  9.51995005e-01
  -3.64922457e-01 -9.92090044e-01]
 [-2.76196914e-01 -1.97229975e-01 -5.24340450e-02  8.23781440e-01
  -3.26708599e-01 -9.17663751e-01  7.79311137e-01 -3.58722684e-01
  -9.48675242e-01 -1.54108890e-01 -7.87234127e-01  7.21648898e-01
   3.59369595e-01 -3.74888474e-01  3.46780186e-01  1.14227403e-01
   8.89360087e-01  7.60889196e-03  1.97573004e-01  8.05751266e-01
   9.26471778e-01 -9.35840169e-01  4.59964738e-01 -6.25187831e-01
  -6.13919058e-01  5.15238905e-01  9.09708961e-01 -4.75356349e-02
   6.85028699e-01 -5.19896029e-01  1.03294058e-01 -3.38694416e-02
  -4.56133808e-02 -9.17936823e-01 -3.19632280e-01 -9.93806228e-01
   6.32472458e-01 -8.17946220e-01  3.22055366e-01  8.26100492e-01
   4.83253894e-01  8.54981135e-01 -6.96418522e-01 -7.19612146e-01
   7.26233771e-01 -5.40807825e-01  3.64106711e-01  6.83803144e-01
  -8.05045939e-01 -9.31762841e-01  6.75055771e-01 -3.12025036e-01
  -2.38276747e-01 -6.58901403e-01  1.18402094e-01  4.13737764e-01
   2.56449521e-01 -5.97584139e-01  6.75088308e-01 -1.38739664e-01
   5.96506161e-01  2.47343207e-01 -8.40851338e-01  6.19767511e-01
  -5.85323166e-02 -8.19167087e-01 -5.42503332e-01 -5.45146381e-01
   6.63687064e-01  1.77844858e-01  9.95860897e-01 -7.24429747e-01
   3.14045485e-01 -3.87773001e-01 -2.15565442e-01  5.30045096e-01
   6.96860277e-01  8.53211184e-01  2.44064496e-01 -6.26562821e-01
   2.52235621e-01 -1.69466956e-01 -9.58209781e-01  5.06623900e-01
  -2.74654375e-01  2.62040035e-01 -7.30320798e-01  7.33449498e-01
  -1.07996765e-01  6.22584645e-01  1.36451654e-02  7.57899837e-01
   1.29697421e-01  2.82564858e-01  9.81172368e-02 -4.63803792e-01
  -8.02312143e-02  7.35912051e-01 -1.04376322e-01  4.71801694e-01
  -7.91867748e-01  8.49799105e-01  2.87809807e-01 -5.46401329e-01
  -1.02260103e-01 -9.24544434e-01  2.15955514e-01 -9.13514991e-01
  -5.49046189e-01  5.95021374e-01 -2.23411976e-01  7.97707123e-01
   5.20128495e-01 -5.83072226e-01 -9.81662548e-01 -5.87861602e-01
  -9.76640232e-01 -2.49637338e-01 -9.79202901e-02  9.86779578e-01
  -6.55019932e-01  6.07307259e-02  6.24096631e-01 -9.82374984e-01
   2.63397487e-01  3.22293352e-01  6.24917906e-02  1.54295090e-01
   2.51850662e-01  6.06599769e-01 -2.30259529e-01  3.43090328e-01
  -4.14156433e-02 -6.24763509e-01 -3.61904153e-01  2.23265884e-01
   7.58087930e-01  2.29254811e-01 -1.58109242e-01  6.04428165e-01
  -6.81409876e-01  2.30254500e-01  9.01527876e-01 -5.41372927e-01
   1.42729647e-01  8.61646762e-01  6.72641256e-01 -2.85209297e-01
  -4.15741393e-01  4.98483882e-01  5.62263297e-01 -3.22363799e-01
  -4.94392653e-01 -6.41745769e-01  2.35693791e-01  4.95192245e-01
   9.45849166e-01  7.98912191e-01  7.65701861e-01 -7.00976559e-01
  -4.63450774e-01  5.58736440e-01 -3.34876048e-01  8.44059917e-01
  -4.24191465e-01 -8.07879381e-01  7.62128546e-01  1.27727260e-01
  -4.59984561e-01 -7.19164479e-01 -2.27528059e-01  9.55144216e-02
   6.50682226e-01  1.18400611e-01 -8.83829803e-01  5.37006320e-01
  -5.68890416e-01  9.44834858e-01  5.39528476e-01 -2.86452955e-01
  -9.89871860e-01  7.76901702e-01 -9.82731669e-01  7.77493830e-01
   6.63989289e-01 -8.34454407e-01 -1.55326172e-01 -8.86190610e-01
   6.32151234e-01  2.99689832e-01  6.55885816e-01 -4.74493591e-01
   3.05594917e-01 -9.09125963e-01 -2.30282549e-01 -1.57592958e-01
   5.21887091e-01 -7.43675233e-01 -6.10560091e-01 -5.62898328e-01
   7.53407031e-02  6.14796841e-01 -5.93156333e-01 -2.11255520e-01
  -5.69300869e-01  2.30293172e-01 -8.65627798e-02  1.59450027e-01
  -9.55412318e-01  2.10952968e-01 -2.95525167e-01 -9.85838796e-02
  -7.24856523e-01 -9.49854016e-01  6.72989361e-01  5.82928107e-01
  -6.86328984e-02  4.60855893e-01  7.59432323e-01 -4.83555143e-01
  -6.00404053e-01  8.34578492e-01  7.14501210e-01  5.88671531e-01
  -3.28380236e-01 -7.97327036e-01 -9.68544554e-01 -9.34010330e-01
  -2.45062539e-01  6.07974532e-02 -3.03287644e-01 -3.47152729e-01
   7.10970525e-01  7.26839794e-01 -5.31210476e-01 -6.30246517e-01
  -6.19690442e-01  3.79578331e-01  2.70721087e-01 -4.38891102e-02
  -1.64838357e-01  2.17998321e-01  4.49089431e-01 -2.67261756e-01
   5.13663176e-01  7.88614935e-01 -6.71620514e-01 -9.58256340e-01
   7.25936402e-01  3.37425027e-01]
 [-7.67415489e-02  5.71933292e-01  1.57693852e-01  1.09595370e-01
   5.17368689e-01 -5.91127356e-01 -9.06028970e-01 -6.45193104e-01
  -9.14653426e-01  3.34912114e-01  3.79051054e-01  3.28532908e-01
   6.42612014e-03  9.64374665e-01 -6.24335634e-01  9.99837101e-01
   2.27893045e-01  5.13838268e-01 -1.25794766e-02 -8.80666649e-01
  -1.75103611e-02 -4.05009640e-01 -6.00091724e-01  8.88219439e-01
  -5.02783706e-02  9.57359548e-01  3.72937738e-01  5.68984371e-01
   2.89925237e-01  1.39459486e-01 -7.13893652e-01 -6.39019379e-01
   3.82950592e-01  9.49495635e-01 -3.81899138e-01 -2.15003355e-01
   2.20281124e-01  6.13411816e-01 -8.13995110e-01  8.92720758e-01
   7.04512039e-01  8.85936745e-01 -2.80958834e-01  6.31621240e-01
  -7.82621331e-01  5.75464594e-01  1.03335831e-01 -6.89276763e-01
   2.64820484e-01 -2.28361514e-01 -8.54087121e-01  8.26820645e-01
  -6.33164096e-01  6.24210281e-01 -7.88016016e-01 -7.69709672e-01
   8.58250587e-01  2.43798392e-01  8.12592219e-01  3.87478712e-01
  -5.41211316e-01 -5.11354364e-01  9.95415818e-01  1.42363911e-01
   3.13340637e-02 -2.28097021e-01 -9.09313496e-01 -1.36965657e-01
   6.54666961e-01 -8.96783050e-01 -5.14630128e-01  8.35014082e-01
  -5.91913781e-02 -3.80725153e-01  1.95532238e-01 -5.78766715e-01
  -3.50005006e-01  9.98592467e-02 -8.15681923e-01 -5.07982807e-01
  -5.62374203e-02 -3.72558273e-01 -3.52402574e-01  9.77896629e-01
   3.12543613e-01 -2.48164085e-01 -9.58637963e-01  9.93947629e-01
  -7.41798494e-02  8.47464907e-01  2.40398587e-01 -5.07626773e-02
   1.76239014e-01  3.86741645e-02  3.71153861e-01 -4.91305107e-01
   2.68164693e-01 -1.92166417e-01  7.64766409e-01  6.16615472e-01
  -3.58424687e-01  3.01781517e-01 -7.92240664e-01 -3.20455733e-01
   1.56563346e-01  5.61399900e-01 -9.65119708e-01 -6.76517373e-01
  -6.61272928e-01 -1.64627370e-01  5.19740294e-01 -6.45152063e-01
  -9.95442859e-01  2.44515930e-01  3.83566371e-01  1.62499157e-01
   4.23513904e-01 -5.25354756e-02 -3.04800261e-01 -9.97696132e-01
  -2.32747295e-01  7.79134672e-01  3.11619834e-01 -4.59711739e-01
  -8.32488395e-01  1.01286432e-01 -9.23728720e-01  7.98759910e-01
  -4.43747501e-01  5.81505253e-01 -2.75935646e-01  5.50610901e-01
  -1.43410756e-01 -7.70294891e-01 -5.40244901e-01  8.46767051e-01
   7.60713744e-01  5.23042434e-01 -8.24051217e-01 -4.13215715e-02
  -7.04893926e-01 -5.24958984e-01  8.35031759e-01  3.99887346e-01
   9.57117192e-01  3.09764108e-01  9.90715587e-01  9.47932351e-01
   9.47888180e-01 -5.05617983e-01 -7.43258788e-01 -4.29116017e-01
  -7.01811571e-01 -9.19315716e-01  9.60950696e-01 -1.63398019e-01
   7.56484811e-01 -7.66740239e-01  8.30318521e-01 -3.12421414e-03
  -6.42312327e-02  9.91489161e-01  5.22792964e-01  5.24445360e-01
  -3.09023573e-01 -5.88125659e-01  5.81129989e-01 -1.18965836e-01
  -9.11166944e-01 -6.44340248e-02 -5.52167598e-01 -2.08922900e-01
  -7.67565509e-01 -7.75779743e-01  4.45819877e-02 -2.97188851e-01
   6.12117994e-01  5.14529923e-01 -6.82745784e-01 -1.57746132e-01
  -5.74126907e-02  4.82922765e-01  8.04464666e-01  9.79500116e-04
  -1.03400204e-01  1.36260839e-01 -9.90638461e-01  1.98763461e-01
  -9.21189836e-01  9.81066111e-01 -7.63578348e-01 -4.31010194e-01
  -3.35539810e-01  6.79893054e-01 -1.35739766e-01 -9.91128079e-01
   5.81109494e-01 -2.07552074e-01 -8.16724445e-02 -6.65424465e-01
  -8.96133746e-01 -3.24017331e-01  7.17601119e-01 -7.52887417e-01
   5.64353495e-01  9.26724125e-02 -5.18611869e-01  9.46067877e-01
   1.68419113e-01  1.40410391e-01 -5.61357594e-01 -5.64716032e-01
  -2.23714922e-01 -4.83404476e-01  9.97734467e-01  4.95914713e-01
  -4.13020592e-01  6.82590934e-01 -9.59658689e-01 -6.00357310e-01
   7.49226536e-01  6.83595735e-01  3.10494611e-01 -4.88982650e-01
  -1.20441467e-01 -2.41924806e-01  2.31264696e-02 -2.79392439e-01
   3.28164859e-01  7.97133106e-01  2.26128163e-01  1.82382874e-01
  -9.59515849e-01 -1.97308435e-01  7.50811764e-02 -4.89031411e-01
   9.71794322e-01  6.16869709e-01 -5.31995433e-01 -2.87328616e-01
   6.55210543e-01 -1.08796643e-01 -2.21166141e-01  7.31336620e-01
   7.04939624e-01 -8.17841116e-01 -8.58005600e-01 -3.44728000e-01
   8.20314221e-01  7.43196586e-02]]