[[ 8.67416015e+06 -8.96862506e+07  8.10120905e+07]
 [ 3.17312139e+05 -1.56073210e+08  1.55755898e+08]
 [ 1.34777409e+07 -7.01328005e+07  5.66550596e+07]
 [ 1.21783565e+05 -1.70064217e+07  1.68846381e+07]
 [ 5.87810242e+06 -1.59573222e+07  1.00792198e+07]
 [ 2.69964655e+07  2.47480945e+07 -5.17445600e+07]
 [ 1.13630257e+07  1.16122030e+08 -1.27485055e+08]
 [ 2.47235662e+07  5.40288824e+07 -7.87524485e+07]
 [-2.54908085e+06  2.47243939e+07 -2.21753131e+07]
 [ 7.19561368e+06 -3.54420631e+07  2.82464495e+07]
 [-4.48152040e+06 -8.15469497e+07  8.60284701e+07]
 [ 4.16500595e+06 -4.17669406e+07  3.76019346e+07]
 [-4.38907986e+07  1.83671833e+07  2.55236153e+07]
 [ 4.08728197e+06 -6.87790498e+07  6.46917679e+07]
 [ 2.24360281e+07  2.20518786e+07 -4.44879067e+07]
 [-6.82854556e+06  8.43903347e+06 -1.61048790e+06]
 [ 5.47453223e+05 -3.99582786e+07  3.94108254e+07]
 [ 5.95651230e+06  1.21338185e+06 -7.16989414e+06]
 [ 1.76401078e+06 -4.29948679e+07  4.12308572e+07]
 [-4.27576560e+06 -5.10653246e+07  5.53410902e+07]
 [ 1.26183584e+07 -2.66235972e+07  1.40052388e+07]
 [-5.12562002e+07  3.63892266e+07  1.48669737e+07]
 [-1.20411550e+06  4.16923497e+07 -4.04882342e+07]
 [ 5.72230577e+06 -4.20732768e+07  3.63509710e+07]
 [-1.85564257e+07  8.82459929e+07 -6.96895672e+07]
 [ 4.49720993e+06  1.60202761e+07 -2.05174860e+07]
 [-6.37047498e+06 -7.35383906e+07  7.99088656e+07]
 [ 6.77245883e+06 -1.58651488e+08  1.51879029e+08]
 [-2.19293419e+07  5.14329487e+07 -2.95036068e+07]
 [ 1.04648739e+07  2.63746079e+07 -3.68394818e+07]
 [ 1.19622762e+07  6.26468402e+05 -1.25887446e+07]
 [-1.12203734e+07  5.10731990e+07 -3.98528256e+07]
 [ 3.58449548e+07 -2.90056085e+07 -6.83934628e+06]
 [ 1.65630485e+07  8.54881445e+07 -1.02051193e+08]
 [-3.09267884e+07 -1.10625018e+08  1.41551807e+08]
 [ 3.87474272e+05 -1.09706037e+07  1.05831295e+07]
 [-8.60489629e+06  2.82057519e+07 -1.96008556e+07]
 [ 2.38366975e+06  1.09190028e+07 -1.33026725e+07]
 [-8.87414867e+06 -8.00020850e+06  1.68743572e+07]
 [-3.61007146e+07  4.88590502e+07 -1.27583356e+07]
 [ 1.88719338e+07 -1.02983017e+08  8.41110830e+07]
 [-2.64038069e+06  1.44194487e+08 -1.41554107e+08]
 [-3.86720696e+07 -1.68205656e+07  5.54926352e+07]
 [ 4.89451857e+07  9.42610818e+07 -1.43206268e+08]
 [-4.70587410e+06  1.90753358e+07 -1.43694616e+07]
 [-1.56302709e+06 -2.04727563e+07  2.20357834e+07]
 [ 1.26803079e+06  2.00026401e+07 -2.12706709e+07]
 [-6.35267352e+05  1.07437870e+06 -4.39111334e+05]
 [-4.33375750e+07 -7.04528610e+07  1.13790436e+08]
 [-6.70732244e+06  3.76558836e+07 -3.09485611e+07]
 [ 7.57492577e+06  1.11275067e+08 -1.18849993e+08]
 [-6.98739917e+06 -2.81246693e+07  3.51120685e+07]
 [ 4.46071981e+06 -3.24375271e+07  2.79768073e+07]
 [-3.58510952e+06  1.10964972e+08 -1.07379862e+08]
 [ 2.95482880e+07  6.35792844e+07 -9.31275724e+07]
 [ 7.94249814e+05  1.54488726e+08 -1.55282976e+08]
 [ 1.39308865e+07 -1.12399096e+07 -2.69097685e+06]
 [ 9.37451640e+06 -4.06730745e+05 -8.96778565e+06]
 [ 2.42532222e+06 -1.13591143e+07  8.93379205e+06]
 [ 6.96154075e+06 -1.72665224e+08  1.65703683e+08]
 [-6.78473685e+06  5.09832813e+07 -4.41985444e+07]
 [ 9.81046894e+06 -7.72936361e+06 -2.08110533e+06]
 [-3.50380599e+05 -6.84073627e+07  6.87577433e+07]
 [ 1.69973418e+07 -7.81309093e+06 -9.18425083e+06]
 [-3.10508709e+07 -6.60050915e+06  3.76513800e+07]
 [ 2.17243938e+07 -1.28107104e+07 -8.91368342e+06]
 [-4.07208856e+07 -3.52332849e+07  7.59541705e+07]
 [ 3.58767615e+06  4.67181413e+06 -8.25949027e+06]
 [-3.15718928e+07  9.35769861e+07 -6.20050933e+07]
 [-1.25612821e+07 -1.18816509e+08  1.31377791e+08]
 [-1.81766607e+07  1.24207357e+07  5.75592503e+06]
 [-3.75691684e+06 -7.61186903e+06  1.13687859e+07]
 [ 3.28388783e+07  5.41276599e+07 -8.69665381e+07]
 [-3.20170738e+05  7.80886411e+06 -7.48869337e+06]
 [-1.77705856e+07 -5.26693583e+07  7.04399439e+07]
 [-3.17717809e+07 -5.92576740e+07  9.10294548e+07]
 [-1.06545105e+06  1.27363930e+08 -1.26298479e+08]
 [-9.75713926e+06 -9.29985800e+06  1.90569973e+07]
 [ 1.43381757e+07  3.16278994e+07 -4.59660751e+07]
 [-1.33535360e+07 -1.49566554e+08  1.62920090e+08]
 [ 8.04246552e+06 -2.81733868e+07  2.01309212e+07]
 [ 2.61166895e+06  8.70991122e+06 -1.13215802e+07]
 [ 4.51317273e+06 -1.78275348e+07  1.33143620e+07]
 [ 1.36702077e+07 -5.76210868e+07  4.39508790e+07]
 [-1.66612127e+05 -2.59878245e+08  2.60044857e+08]
 [ 7.89680383e+06  6.59791088e+07 -7.38759126e+07]
 [-1.64847664e+07  2.66097926e+06  1.38237871e+07]
 [ 4.22231557e+07  7.74807137e+07 -1.19703869e+08]
 [ 1.23356614e+07  7.82831590e+06 -2.01639773e+07]
 [-1.64586646e+07  2.10868291e+07 -4.62816455e+06]
 [-2.36060919e+07 -5.62714384e+07  7.98775303e+07]
 [ 6.67649580e+06  2.18773449e+07 -2.85538407e+07]
 [ 9.94030999e+06  3.81305811e+07 -4.80708910e+07]
 [-1.24669509e+07  1.59495175e+06  1.08719991e+07]
 [ 3.51549758e+06 -1.43810567e+08  1.40295070e+08]
 [ 5.95860245e+06 -3.29532819e+07  2.69946795e+07]
 [ 4.89949846e+06 -4.96637112e+07  4.47642127e+07]
 [-9.44056439e+05 -6.76524843e+06  7.70930488e+06]
 [-2.43096043e+07  9.67529558e+07 -7.24433514e+07]
 [ 1.35327160e+07  2.31384194e+07 -3.66711353e+07]
 [ 8.51739621e+06  3.82741035e+07 -4.67914997e+07]
 [ 8.81431512e+06  7.87619878e+07 -8.75763029e+07]
 [ 4.15831070e+06 -9.13460648e+07  8.71877541e+07]
 [-1.55695312e+07  4.87245983e+07 -3.31550671e+07]
 [ 1.20416888e+07 -9.53421052e+07  8.33004164e+07]
 [ 2.52281936e+05 -1.29383806e+07  1.26860986e+07]
 [-9.63429839e+06 -1.54552226e+08  1.64186524e+08]
 [-1.52221812e+06  4.82215073e+07 -4.66992892e+07]
 [ 4.49451424e+06 -8.88591497e+07  8.43646355e+07]
 [ 2.18115815e+07  8.59517128e+07 -1.07763294e+08]
 [-3.48464038e+07 -1.59223297e+07  5.07687335e+07]
 [-6.74064130e+05 -2.25257974e+07  2.31998615e+07]
 [ 8.58733288e+05  1.22408993e+08 -1.23267726e+08]
 [ 2.05859067e+07  3.63212039e+07 -5.69071106e+07]
 [-3.00962665e+07 -9.95893099e+07  1.29685576e+08]
 [ 2.85361202e+07 -5.88627818e+06 -2.26498420e+07]
 [ 8.60115776e+06  7.70597077e+07 -8.56608655e+07]
 [-3.38344758e+07 -8.49521250e+07  1.18786601e+08]
 [ 5.90184646e+06 -6.12158508e+07  5.53140043e+07]
 [-1.81822678e+07  3.90277029e+07 -2.08454351e+07]
 [ 2.25129858e+07  3.15679199e+07 -5.40809057e+07]
 [-4.07675769e+06  9.30844082e+06 -5.23168313e+06]
 [ 3.42894125e+07  3.75155744e+07 -7.18049869e+07]
 [ 1.67017581e+07  5.32120296e+07 -6.99137878e+07]
 [ 3.36226504e+06 -2.83813394e+07  2.50190744e+07]
 [ 3.15131162e+07  6.47901551e+07 -9.63032713e+07]
 [-6.45588614e+06 -9.60424436e+06  1.60601305e+07]
 [ 1.56273957e+07 -4.22196607e+07  2.65922650e+07]
 [-5.02157497e+04 -1.73243773e+08  1.73293989e+08]
 [ 1.08314354e+07  1.43976884e+07 -2.52291238e+07]
 [ 8.24027435e+06 -3.55139863e+07  2.72737120e+07]
 [ 4.54147328e+05  2.30872177e+07 -2.35413650e+07]
 [ 2.69699173e+07 -6.41341848e+07  3.71642675e+07]
 [ 4.48291158e+07  1.59120267e+08 -2.03949383e+08]
 [ 2.60472159e+07 -2.55914297e+07 -4.55786268e+05]
 [-3.90132190e+07 -3.04334174e+07  6.94466364e+07]
 [ 5.17108182e+07 -1.29007299e+08  7.72964812e+07]
 [ 6.98040255e+06  2.00001508e+08 -2.06981911e+08]
 [-2.48243691e+07  5.67393997e+07 -3.19150307e+07]
 [ 2.96515582e+07 -2.64781397e+07 -3.17341853e+06]
 [ 1.18385246e+07 -6.92581974e+07  5.74196727e+07]
 [ 1.29895551e+07  2.79108097e+07 -4.09003648e+07]
 [-8.29665809e+06 -3.41493006e+07  4.24459587e+07]
 [-2.14778801e+07  8.74469416e+05  2.06034107e+07]
 [ 2.73632818e+07  1.59534056e+07 -4.33166873e+07]
 [-4.60544942e+04 -5.80715007e+07  5.81175552e+07]
 [ 1.20676109e+06  6.15454620e+07 -6.27522231e+07]
 [ 1.15081146e+06 -1.71403848e+07  1.59895733e+07]
 [-2.57703046e+06  1.53502367e+08 -1.50925337e+08]
 [-5.51672760e+06 -3.24601806e+07  3.79769082e+07]
 [-2.29561331e+07  1.54290961e+07  7.52703699e+06]
 [-4.40234085e+06 -1.03445894e+08  1.07848235e+08]
 [ 3.02015366e+06 -8.75829059e+07  8.45627522e+07]
 [-4.51434796e+06 -2.46952850e+07  2.92096329e+07]
 [-5.43245109e+06 -2.88933958e+07  3.43258469e+07]
 [ 2.74528453e+06 -5.99422711e+07  5.71969866e+07]
 [ 3.17558993e+07 -7.75544126e+07  4.57985132e+07]
 [ 4.02908922e+06  5.34735426e+07 -5.75026318e+07]
 [-2.76048710e+07  2.63006850e+08 -2.35401979e+08]
 [ 4.18104252e+06 -2.07251122e+07  1.65440697e+07]
 [ 1.56448851e+07  1.48004252e+08 -1.63649137e+08]
 [-8.44376103e+06  6.11643683e+07 -5.27206073e+07]
 [ 5.76879646e+06  1.10481192e+08 -1.16249988e+08]
 [ 2.02743233e+07  5.45161274e+07 -7.47904506e+07]
 [ 2.09453835e+06  3.82707990e+07 -4.03653373e+07]
 [ 9.29025372e+06  7.13128880e+07 -8.06031417e+07]
 [ 2.28128108e+06 -1.90352353e+07  1.67539542e+07]
 [-2.36906925e+07 -3.96078376e+06  2.76514763e+07]
 [-6.67543198e+06 -2.56236107e+07  3.22990427e+07]
 [-5.37931005e+06  9.92392821e+06 -4.54461815e+06]
 [-9.57965931e+05  1.61023469e+07 -1.51443809e+07]
 [ 1.14133007e+06 -1.87870289e+07  1.76456988e+07]
 [ 2.32370454e+06  7.87746930e+07 -8.10983975e+07]
 [ 4.08386898e+07  1.01007843e+07 -5.09394740e+07]
 [ 1.54890525e+07  6.59331736e+07 -8.14222261e+07]
 [-1.58242408e+07 -1.46861596e+07  3.05104005e+07]
 [ 1.73612572e+07  6.96253628e+06 -2.43237935e+07]
 [-6.16703709e+06  1.08272799e+06  5.08430911e+06]
 [ 1.06831267e+07  3.04083938e+07 -4.10915204e+07]
 [-9.79160094e+06  1.57105226e+07 -5.91892162e+06]
 [ 3.86265976e+07  1.53625594e+08 -1.92252191e+08]
 [ 9.10041602e+06  6.18779749e+07 -7.09783909e+07]
 [-8.10978077e+06  3.97587769e+07 -3.16489961e+07]
 [ 2.83293980e+07  1.23540245e+08 -1.51869643e+08]
 [-1.61711594e+07 -1.46675539e+06  1.76379148e+07]
 [ 1.96006831e+06 -5.09978338e+07  4.90377655e+07]
 [-7.32024719e+06  3.40886628e+07 -2.67684156e+07]
 [ 5.18738511e+06  6.94389826e+06 -1.21312834e+07]
 [ 8.60835416e+05 -4.26054569e+07  4.17446215e+07]
 [-8.78643334e+06 -3.12948742e+07  4.00813076e+07]
 [-1.52361314e+07 -3.20451003e+07  4.72812317e+07]
 [-1.95307110e+06 -3.19168027e+07  3.38698738e+07]
 [-8.05337164e+06 -2.30151180e+07  3.10684896e+07]
 [ 2.77461097e+07  3.63707324e+07 -6.41168421e+07]
 [ 3.32926357e+07  1.00302982e+08 -1.33595618e+08]
 [-6.85325389e+06  1.24226733e+08 -1.17373479e+08]
 [-1.38636958e+07 -1.94550591e+08  2.08414287e+08]
 [-4.42773638e+06 -5.81323366e+06  1.02409700e+07]
 [ 1.04224613e+07  5.03354304e+07 -6.07578917e+07]
 [-4.21042109e+06  6.50394767e+06 -2.29352657e+06]
 [ 2.27234229e+07  4.44364479e+07 -6.71598708e+07]
 [ 2.98346214e+06  1.24286540e+08 -1.27270002e+08]
 [-3.99620148e+07 -1.51284229e+08  1.91246244e+08]
 [-1.71383933e+06  5.62206130e+07 -5.45067737e+07]
 [-1.15903382e+06  2.55221024e+07 -2.43630686e+07]
 [-1.16443164e+07  1.58347744e+06  1.00608390e+07]
 [-1.30555684e+07  4.38412628e+07 -3.07856944e+07]
 [-3.94038642e+05  4.09424007e+07 -4.05483621e+07]
 [-1.35405171e+07  8.84911433e+07 -7.49506261e+07]
 [-7.85534621e+05  1.32676895e+07 -1.24821548e+07]
 [-1.95922212e+07 -2.27042116e+07  4.22964329e+07]
 [-1.99188922e+07 -8.10806445e+07  1.00999537e+08]
 [-1.36461095e+07 -1.13504531e+08  1.27150641e+08]
 [-7.42671221e+06 -6.03540286e+07  6.77807408e+07]
 [ 3.15160884e+06  3.04086026e+07 -3.35602115e+07]
 [-6.26155884e+06  3.95461343e+07 -3.32845755e+07]
 [-2.65033161e+05  5.80666099e+07 -5.78015767e+07]
 [-6.93516469e+06 -7.20284061e+07  7.89635708e+07]
 [-1.49854295e+07 -1.25731275e+08  1.40716704e+08]
 [-3.95832134e+06 -1.09261263e+08  1.13219584e+08]
 [ 1.15273773e+07 -1.07629162e+08  9.61017848e+07]
 [-3.10210083e+06 -4.04677748e+07  4.35698756e+07]
 [ 1.19391980e+07  1.25366967e+06 -1.31928677e+07]
 [-1.30137618e+07 -1.44210001e+07  2.74347619e+07]
 [-2.15511362e+07  9.50368446e+07 -7.34857083e+07]
 [-6.41544703e+05 -3.74425421e+07  3.80840868e+07]
 [-6.60094315e+04 -1.21647719e+07  1.22307813e+07]
 [-2.75381750e+07 -1.17900220e+07  3.93281970e+07]
 [ 2.88508180e+05 -9.68380052e+07  9.65494970e+07]
 [ 1.96626549e+07  2.43829725e+07 -4.40456274e+07]
 [-1.36653422e+07 -5.16635153e+07  6.53288575e+07]
 [-8.02156433e+06  1.79827048e+08 -1.71805484e+08]
 [-1.46717723e+07  1.23580773e+08 -1.08909001e+08]
 [-3.38452982e+06  1.65923087e+07 -1.32077788e+07]
 [-2.66594897e+07 -4.44519521e+07  7.11114417e+07]
 [ 1.68869351e+07 -1.70717950e+07  1.84859863e+05]
 [-4.53940092e+06 -5.88046126e+07  6.33440135e+07]
 [-1.67289776e+07  2.14042764e+07 -4.67529885e+06]
 [ 1.43503214e+07 -4.29101376e+07  2.85598163e+07]
 [-1.84634586e+07 -1.95886685e+08  2.14350144e+08]
 [-3.34095973e+07 -4.36799268e+07  7.70895241e+07]
 [ 9.70590616e+06 -1.11542017e+07  1.44829560e+06]
 [ 3.49509717e+06  4.11416963e+07 -4.46367935e+07]
 [-5.78442709e+06  6.67127685e+05  5.11729940e+06]
 [-1.13556295e+07 -2.69375319e+07  3.82931615e+07]
 [-2.38121599e+07  7.42083042e+07 -5.03961443e+07]
 [ 3.12578714e+07  1.93709184e+07 -5.06287898e+07]
 [-2.60156228e+07 -2.11163788e+07  4.71320016e+07]
 [ 1.66807559e+06  8.33070587e+07 -8.49751342e+07]
 [-4.06765276e+06  1.58086377e+07 -1.17409850e+07]]