[[-1.98890075e+04 -8.90709558e+04  1.08959977e+05]
 [-6.82018159e+03  1.71990813e+04 -1.03788879e+04]
 [-6.42985817e+04  1.63153456e+04  4.79832212e+04]
 [ 3.02159321e+03 -5.02586783e+04  4.72371058e+04]
 [-5.53103449e+04  5.54162990e+04 -1.05951515e+02]
 [ 9.21866293e+03 -1.38128491e+04  4.59419582e+03]
 [-2.52410015e+03 -1.23130776e+05  1.25654882e+05]
 [ 1.69073962e+04 -4.54661291e+04  2.85587450e+04]
 [-3.02892612e+03 -2.85786113e+04  3.16075567e+04]
 [ 1.10442750e+03  1.45673726e+04 -1.56717958e+04]
 [-4.32520575e+04  1.22033551e+05 -7.87814958e+04]
 [ 6.95414892e+03  4.05483936e+04 -4.75025450e+04]
 [-1.43994420e+04  2.97209410e+04 -1.53214904e+04]
 [ 4.39722683e+04  6.75404250e+04 -1.11512677e+05]
 [ 1.30129706e+04 -1.23630431e+04 -6.49919824e+02]
 [ 9.25844750e+03 -2.39076793e+03 -6.86766859e+03]
 [ 1.10485411e+04 -2.50636955e+03 -8.54216359e+03]
 [ 7.39072856e+03  8.15988227e+04 -8.89895447e+04]
 [-1.97886913e+04  3.39220516e+04 -1.41333550e+04]
 [ 2.46311275e+03  5.66604801e+04 -5.91235962e+04]
 [-4.00938763e+04  9.13149618e+04 -5.12210736e+04]
 [ 1.92806624e+04  1.68534711e+05 -1.87815357e+05]
 [-2.80401612e+03 -2.58055926e+04  2.86096121e+04]
 [ 1.28430755e+03 -1.76573781e+04  1.63730835e+04]
 [ 1.23491136e+04  3.09705979e+04 -4.33197091e+04]
 [ 2.94848693e+04 -8.36400002e+04  5.41551365e+04]
 [ 2.43957277e+04  8.04226460e+04 -1.04818358e+05]
 [ 3.10615037e+04 -7.42436195e+04  4.31821275e+04]
 [-2.32686623e+04 -8.60836630e+04  1.09352342e+05]
 [-1.72151006e+04  2.54474795e+04 -8.23236168e+03]
 [ 2.72396628e+04 -6.92155331e+04  4.19758740e+04]
 [-1.35414216e+04  1.52997744e+04 -1.75833585e+03]
 [-1.06246561e+03 -2.40715475e+04  2.51340280e+04]
 [-1.55090045e+04  5.25041933e+04 -3.69951790e+04]
 [-4.13345323e+04  9.46913824e+04 -5.33568215e+04]
 [-3.17913018e+04 -3.94787709e+04  7.12700741e+04]
 [ 5.82712692e+03  8.52051036e+04 -9.10322146e+04]
 [ 3.78716436e+03  3.49768917e+03 -7.28483519e+03]
 [ 2.27864643e+03 -2.48783605e+04  2.25997148e+04]
 [ 7.90872088e+01 -7.98698198e+04  7.97907451e+04]
 [-4.53886928e+03 -2.25951459e+04  2.71340164e+04]
 [ 1.29981986e+04  1.67359970e+04 -2.97341859e+04]
 [ 4.99091383e+03 -1.48698899e+04  9.87898366e+03]
 [ 5.00495287e+04 -1.21655895e+05  7.16063603e+04]
 [-1.40240243e+03  1.35661958e+05 -1.34259547e+05]
 [-8.07913136e+03  4.34763148e+04 -3.53971821e+04]
 [-2.99876272e+04 -7.30536060e+03  3.72930052e+04]
 [ 2.10736415e+04  3.81576388e+04 -5.92312808e+04]
 [-3.52251183e+03  5.48466224e+04 -5.13240936e+04]
 [ 3.61933557e+04  6.92141591e+04 -1.05407524e+05]
 [ 2.38312310e+04 -2.33142142e+04 -5.17013233e+02]
 [-4.15491270e+03  9.02090655e+02  3.25283334e+03]
 [ 1.34166267e+04 -1.33643014e+05  1.20226394e+05]
 [ 9.50488798e+03  6.96716408e+04 -7.91765101e+04]
 [ 3.80476470e+04 -1.21428603e+05  8.33809564e+04]
 [-7.83782123e+03  1.62976099e+05 -1.55138278e+05]
 [-3.69250215e+03 -7.00540042e+04  7.37465071e+04]
 [ 1.97707841e+04 -1.25214647e+05  1.05443864e+05]
 [ 2.30899550e+04  5.42262722e+04 -7.73162299e+04]
 [ 1.90199882e+04  3.16407261e+04 -5.06607091e+04]
 [-3.47323390e+04  2.59728342e+04  8.75950241e+03]
 [ 3.80824831e+03  2.17465102e+04 -2.55547458e+04]
 [-9.13669174e+03 -1.08970564e+04  2.00337719e+04]
 [ 1.08759830e+04  1.28320729e+04 -2.37080551e+04]
 [ 8.67605554e+03 -5.70685247e+03 -2.96920136e+03]
 [ 3.58207809e+04  1.20744332e+04 -4.78952156e+04]
 [-3.69262144e+04  4.44759870e+04 -7.54977205e+03]
 [ 1.36183914e+03 -2.34889039e+03  9.87049599e+02]
 [-1.70879428e+04 -5.35106402e+04  7.05985922e+04]
 [ 9.43281260e+03 -5.83489676e+04  4.89161731e+04]
 [ 1.49546203e+04 -2.55537671e+03 -1.23992415e+04]
 [-3.65695875e+03 -2.12238403e+04  2.48807963e+04]
 [ 2.34172559e+04  7.73082059e+04 -1.00725470e+05]
 [-1.92006031e+04 -2.72124958e+03  2.19218925e+04]
 [ 3.47216015e+04  5.28059364e+04 -8.75275302e+04]
 [-1.94699823e+04 -4.55652272e+04  6.50352115e+04]
 [-4.89885212e+03  1.94120409e+04 -1.45131826e+04]
 [-1.67244561e+04  1.90510068e+04 -2.32657344e+03]
 [-3.13953684e+04 -5.05719577e+04  8.19673396e+04]
 [ 5.51489579e+03  1.62090614e+05 -1.67605520e+05]
 [-1.99416536e+04  7.09905756e+04 -5.10489220e+04]
 [-3.15374915e+04  3.37649772e+04 -2.22747472e+03]
 [ 2.11846739e+02 -9.68230188e+03  9.47046311e+03]
 [ 3.44901252e+03  3.08608840e+04 -3.43098903e+04]
 [-6.50309073e+03 -8.60139791e+04  9.25170864e+04]
 [-2.15672065e+04  6.24726043e+03  1.53199490e+04]
 [-1.24002187e+04  8.90249724e+04 -7.66247554e+04]
 [-1.53922347e+04  2.68906415e+03  1.27031732e+04]
 [ 4.87989357e+03  7.53915551e+04 -8.02714397e+04]
 [ 1.48076852e+04 -1.51809399e+04  3.73264761e+02]
 [ 4.49909661e+03 -3.39581749e+04  2.94590777e+04]
 [ 4.25053075e+03  2.75834874e+04 -3.18340051e+04]
 [-1.20906249e+04 -1.11769306e+05  1.23859924e+05]
 [-1.24662423e+04 -6.44044254e+04  7.68706705e+04]
 [ 1.79840304e+04 -4.29776292e+04  2.49936038e+04]
 [ 1.77747491e+04 -5.18764476e+04  3.41016975e+04]
 [-1.86343180e+04  3.03596837e+04 -1.17253547e+04]
 [ 4.35900007e+03  5.92963756e+04 -6.36553817e+04]
 [-4.90417002e+03 -2.23162909e+04  2.72204682e+04]
 [ 2.76476153e+04  1.39588682e+05 -1.67236300e+05]
 [-9.15357236e+03  1.24429311e+04 -3.28935159e+03]
 [-3.11521647e+03 -5.02372270e+03  8.13893095e+03]
 [ 3.92082980e+03  4.29748778e+04 -4.68956899e+04]
 [ 1.00464967e+04  2.04775273e+04 -3.05240163e+04]
 [ 1.61285066e+04  1.23175687e+04 -2.84460752e+04]
 [-1.71430248e+03 -5.97962707e+04  6.15105647e+04]
 [-3.33463809e+04  2.35932457e+03  3.09870673e+04]
 [-5.11483386e+04  3.89155436e+04  1.22327945e+04]
 [-2.83791378e+04 -6.10615264e+04  8.94406698e+04]
 [ 1.17982320e+04  3.69424985e+04 -4.87407283e+04]
 [ 2.10267640e+04 -1.15869541e+05  9.48427799e+04]
 [-2.66719592e+04 -2.01667705e+04  4.68387420e+04]
 [-2.49382930e+04  1.90408493e+04  5.89744197e+03]
 [ 1.24086218e+04  5.47275680e+04 -6.71362018e+04]
 [-5.01766069e+03  4.14110070e+04 -3.63933348e+04]
 [-2.47754461e+03 -1.86736878e+04  2.11512495e+04]
 [-3.49295628e+04 -2.96466433e+04  6.45762297e+04]
 [-4.79022445e+03 -7.15508264e+04  7.63410497e+04]
 [ 2.70404501e+04 -3.36806289e+04  6.64016205e+03]
 [ 6.39115708e+03 -9.44248572e+04  8.80337235e+04]
 [ 3.23071413e+03  3.90299804e+04 -4.22607035e+04]
 [-1.63490131e+04  9.29213875e+03  7.05689365e+03]
 [-4.12727937e+04 -1.60018765e+05  2.01291569e+05]
 [ 3.07045896e+03  2.82653410e+03 -5.89697462e+03]
 [-2.48549903e+04 -9.39525815e+04  1.18807580e+05]
 [ 4.71382846e+04  9.21619032e+04 -1.39300181e+05]
 [ 1.43083178e+04  4.46298784e+04 -5.89381699e+04]
 [ 7.92782087e+03  5.14488118e+02 -8.44230820e+03]
 [-8.45762738e+02  2.28462780e+04 -2.20005125e+04]
 [-1.28982318e+04 -3.69503843e+04  4.98486234e+04]
 [ 3.00803481e+04 -6.31276567e+04  3.30473145e+04]
 [-2.88223167e+04  4.74037548e+03  2.40819404e+04]
 [ 4.10855869e+04  8.15415959e+03 -4.92397367e+04]
 [-1.61258885e+04  4.53955216e+04 -2.92696451e+04]
 [ 1.02092436e+04 -1.30864229e+04  2.87718612e+03]
 [-1.75468911e+03 -7.04152063e+04  7.21698964e+04]
 [ 2.94947967e+04  4.02062729e+04 -6.97010813e+04]
 [ 1.42044827e+04  4.58357337e+04 -6.00402166e+04]
 [ 2.26000535e+04 -8.55441587e+04  6.29440986e+04]
 [-2.28940967e+04 -9.73895398e+04  1.20283636e+05]
 [ 2.05212065e+04 -2.67953651e+03 -1.78416541e+04]
 [-1.72507360e+04 -5.25292264e+04  6.97799653e+04]
 [-2.71809979e+04 -2.85098688e+04  5.56908854e+04]
 [-8.52378522e+03 -1.20519786e+05  1.29043569e+05]
 [-1.44018100e+04  1.91127318e+05 -1.76725505e+05]
 [-1.76468278e+04  1.18623513e+05 -1.00976698e+05]
 [ 6.91233932e+03 -3.74762438e+04  3.05639170e+04]
 [ 2.65024663e+03  6.43557750e+04 -6.70060182e+04]
 [ 1.44289213e+04  8.00620721e+04 -9.44909971e+04]
 [-1.22388184e+04  1.54084665e+04 -3.16963312e+03]
 [-1.87699953e+04  1.54439232e+04  3.32607590e+03]
 [ 8.08520007e+04  4.96615592e+04 -1.30513566e+05]
 [ 8.01971716e+03  1.81649808e+05 -1.89669513e+05]
 [ 1.19267456e+04 -6.30292885e+04  5.11025378e+04]
 [-3.68524151e+04  8.21171919e+03  2.86406962e+04]
 [ 1.64264826e+04 -2.32404468e+04  6.81396163e+03]
 [-2.02000986e+04 -8.72307576e+04  1.07430883e+05]
 [-1.83957064e+04 -7.74862331e+04  9.58819463e+04]
 [ 1.34502212e+04 -2.75173030e+04  1.40670861e+04]
 [ 2.97313827e+03  1.64061554e+04 -1.93792962e+04]
 [ 2.78731706e+04  1.07647245e+05 -1.35520420e+05]
 [ 3.31829406e+04 -3.80897060e+04  4.90677891e+03]
 [ 2.97694860e+04  1.15616024e+05 -1.45385512e+05]
 [ 6.43478472e+03 -3.71052586e+04  3.06704689e+04]
 [-3.50274608e+04  2.11725445e+04  1.38549193e+04]
 [-1.45363588e+04 -7.69338986e+04  9.14702557e+04]
 [ 1.47728693e+04  6.20214435e+03 -2.09750066e+04]
 [-3.03327115e+04  7.55993335e+04 -4.52666140e+04]
 [-4.27006484e+04  1.92103258e+04  2.34903378e+04]
 [ 2.58857964e+03 -7.47021533e+04  7.21135829e+04]
 [ 2.41670825e+04  1.05084651e+04 -3.46755526e+04]
 [ 2.54217810e+03 -4.45094340e+03  1.90877009e+03]
 [ 7.61329350e+03 -2.18136243e+04  1.42003405e+04]
 [ 2.30641548e+04 -7.31621153e+03 -1.57479556e+04]
 [ 1.71781815e+03  1.00503236e+04 -1.17681522e+04]
 [ 3.26822012e+03  2.27482024e+04 -2.60164102e+04]
 [ 8.05613586e+04  6.85592352e+04 -1.49120601e+05]
 [-1.00167131e+04  3.42443713e+04 -2.42276472e+04]
 [ 4.31915888e+03 -9.60499585e+04  9.17308221e+04]
 [ 3.81669381e+04  1.35366245e+04 -5.17035570e+04]
 [ 4.10837889e+04  6.32022957e+04 -1.04286070e+05]
 [ 7.77580106e+03  1.80327392e+05 -1.88103183e+05]
 [ 9.71213078e+02  7.06470679e+03 -8.03591822e+03]
 [ 5.42094592e+03 -1.60844872e+04  1.06635574e+04]
 [-2.36435560e+03  1.08319428e+05 -1.05955048e+05]
 [-7.69052260e+03 -6.28796959e+04  7.05702256e+04]
 [-3.48743335e+04 -1.53865628e+05  1.88739984e+05]
 [ 1.02430279e+04  2.19670070e+04 -3.22100405e+04]
 [-3.61762229e+03  5.55302567e+04 -5.19126044e+04]
 [-2.68640048e+04  3.17150777e+04 -4.85106508e+03]
 [-3.56296087e+03  4.52145746e+04 -4.16516046e+04]
 [-3.10877408e+04 -1.19252120e+05  1.50339881e+05]
 [-1.08674243e+04 -8.91507897e+04  1.00018229e+05]
 [-1.53054892e+04  3.90440968e+04 -2.37386048e+04]
 [ 8.00739024e+03 -2.70195489e+04  1.90121675e+04]
 [-1.35374725e+04  9.73019580e+03  3.80728083e+03]
 [ 5.44288831e+03  2.14114631e+05 -2.19557498e+05]
 [ 1.25767713e+04  1.21121105e+05 -1.33697872e+05]
 [-5.40633397e+02  3.40353265e+04 -3.34946903e+04]
 [-4.97967374e+03  6.94811368e+04 -6.45014652e+04]
 [-1.20349847e+04 -1.29920481e+05  1.41955492e+05]
 [ 2.04022986e+03  4.49786164e+04 -4.70188242e+04]
 [-6.82844668e+02  4.23388395e+04 -4.16559806e+04]
 [-1.31823107e+04 -7.33186738e+04  8.65010016e+04]
 [-1.02081899e+04 -1.26209122e+05  1.36417339e+05]
 [ 1.12553065e+04 -4.48615096e+04  3.36061932e+04]
 [ 3.70998905e+03 -1.05118974e+05  1.01409002e+05]
 [ 3.22553862e+04 -1.39789163e+04 -1.82764672e+04]
 [ 2.82933562e+04 -3.17752788e+04  3.48193088e+03]
 [-2.47497111e+03 -6.96092867e+04  7.20842787e+04]
 [ 2.52348772e+04  1.22452612e+05 -1.47687487e+05]
 [ 2.76604231e+04  9.50005354e+04 -1.22660949e+05]
 [ 7.91790256e+03 -7.35010781e+03 -5.67804156e+02]
 [-4.45385447e+04  8.06706084e+04 -3.61320481e+04]
 [ 4.50640808e+02  3.93186849e+04 -3.97693170e+04]
 [ 2.85312177e+04  4.86690372e+04 -7.72002410e+04]
 [ 1.02369971e+04 -5.54810374e+04  4.52440350e+04]
 [-7.03941684e+03  2.87733376e+04 -2.17339259e+04]
 [-2.16970845e+04 -5.73765858e+04  7.90736649e+04]
 [-3.08214618e+04 -6.13280586e+04  9.21495562e+04]
 [-3.54929687e+04 -1.03865993e+05  1.39358957e+05]
 [-5.47052634e+03 -9.37912648e+04  9.92617932e+04]
 [-3.46506538e+04 -3.51715516e+04  6.98222107e+04]
 [ 1.43697447e+04 -2.06303813e+04  6.26063355e+03]
 [-2.66949020e+04 -6.62642024e+04  9.29591308e+04]
 [-1.37397809e+04  6.88142246e+04 -5.50744167e+04]
 [-3.68864131e+04  4.46913203e+04 -7.80490480e+03]
 [-2.66947981e+04 -8.06082241e+04  1.07303042e+05]
 [-1.90297932e+04  3.66845458e+04 -1.76547571e+04]
 [ 5.54605088e+04  3.20735878e+04 -8.75340851e+04]
 [-1.61783393e+04 -3.82757214e+04  5.44540724e+04]
 [ 5.57211077e+01 -7.83096772e+01  2.25923635e+01]
 [-3.58493916e+04 -5.97052549e+02  3.64464485e+04]
 [-3.60406770e+04 -2.12394058e+04  5.72800924e+04]
 [ 1.14627953e+04 -6.28800115e+04  5.14172400e+04]
 [-1.50074812e+04  5.61465904e+04 -4.11390939e+04]
 [-3.08372367e+04 -5.23794389e+03  3.60751943e+04]
 [-2.51786830e+04  1.14106051e+04  1.37681177e+04]
 [-2.76858460e+04 -3.91746828e+04  6.68605433e+04]
 [ 3.34214139e+04  5.11045907e+04 -8.45260055e+04]
 [ 6.04753031e+03  3.25548158e+04 -3.86023317e+04]
 [-8.89731139e+03  1.44242344e+04 -5.52693367e+03]
 [ 2.09117495e+04  1.10073444e+04 -3.19190845e+04]
 [-3.13519994e+04 -1.66511441e+04  4.80031502e+04]
 [ 2.41794849e+04 -1.50083093e+05  1.25903631e+05]
 [-4.69833361e+03 -3.76960144e+04  4.23943425e+04]
 [ 4.33395771e+04 -1.40215305e+04 -2.93180455e+04]
 [-1.10020978e+04 -9.28002098e+04  1.03802303e+05]
 [-9.27637002e+03 -1.66656795e+04  2.59420745e+04]
 [-1.36348398e+03 -8.29836079e+04  8.43471029e+04]
 [-1.44320010e+04 -2.04521337e+04  3.48841523e+04]
 [ 3.18974367e+03 -2.45106223e+04  2.13209009e+04]
 [ 1.50562954e+04 -5.58345434e+03 -9.47283989e+03]
 [ 4.84173961e+03 -4.48752779e+04  4.00335350e+04]
 [ 2.33509797e+04 -2.38936542e+04  5.42679044e+02]
 [ 3.15315995e+04 -6.73862414e+04  3.58546416e+04]
 [ 4.95510024e+03 -1.44348777e+04  9.47978754e+03]
 [ 2.07485224e+04  9.34343843e+03 -3.00919572e+04]
 [-9.44409405e+03  3.39535271e+04 -2.45094199e+04]
 [-6.49988651e+03 -6.31212706e+04  6.96211646e+04]
 [-3.02161261e+03 -3.10255128e+04  3.40471476e+04]
 [-2.01952286e+03  2.46723533e+04 -2.26528245e+04]
 [ 1.04325510e+04 -5.58083401e+04  4.53758043e+04]
 [ 8.95902653e+03  3.90879571e+04 -4.80469709e+04]
 [-6.40218812e+03  1.10128555e+04 -4.61066989e+03]
 [ 9.14561477e+03 -6.47682210e+04  5.56226040e+04]
 [ 1.77202164e+04  2.40380066e+03 -2.01240130e+04]
 [ 2.09047020e+04 -3.63394260e+04  1.54347243e+04]
 [ 1.53209390e+03 -8.14060820e+03  6.60852247e+03]
 [ 5.12542785e+03  1.01588929e+05 -1.06714353e+05]
 [ 3.68469312e+04 -6.00760819e+03 -3.08393069e+04]
 [-2.81148406e+04 -5.18357483e+04  7.99506067e+04]
 [ 3.34909043e+04 -1.55985230e+04 -1.78923745e+04]
 [-9.25077289e+03 -3.55610227e+04  4.48118179e+04]
 [ 1.99572320e+03  1.24894182e+05 -1.26889894e+05]
 [-3.66190385e+04  2.68723845e+04  9.74666453e+03]
 [ 8.16099961e+03  5.93483026e+04 -6.75092940e+04]
 [-4.44714445e+04 -9.44128945e+03  5.39127305e+04]
 [ 2.86787921e+04 -4.44595224e+04  1.57807256e+04]
 [-3.79242261e+04  1.30344665e+05 -9.24204309e+04]
 [-6.24671758e+03  4.09975117e+04 -3.47507803e+04]
 [ 2.82982622e+04  7.57696232e+04 -1.04067889e+05]
 [-1.68509003e+04  4.47667401e+04 -2.79158272e+04]
 [ 3.53076135e+04  3.01425501e+04 -6.54501476e+04]
 [ 4.30524635e+04 -3.24331579e+03 -3.98091554e+04]
 [ 3.18955420e+04  1.24511925e+04 -4.43467354e+04]
 [ 1.05566580e+04 -6.73946892e+03 -3.81718245e+03]
 [ 2.11626038e+04 -5.94962057e+04  3.83335973e+04]
 [-1.12189670e+04  1.42868831e+04 -3.06790293e+03]
 [-9.45045527e+03  6.63291827e+04 -5.68787349e+04]
 [-1.73189240e+04 -8.77023172e+04  1.05021251e+05]
 [-4.44168863e+04 -1.06314210e+05  1.50731115e+05]
 [ 3.95514099e+04  6.89383956e+04 -1.08489816e+05]
 [-1.83004512e+04 -9.22950140e+04  1.10595480e+05]
 [-4.80175700e+03  1.92247494e+04 -1.44229945e+04]
 [ 1.02639047e+03 -2.64078732e+04  2.53814722e+04]
 [-1.35263797e+04  3.40903654e+03  1.01173499e+04]
 [ 2.04782076e+04  3.55267398e+04 -5.60049484e+04]
 [ 1.82277790e+04 -7.42149443e+04  5.59871723e+04]
 [ 7.16948299e+03 -6.17650414e+04  5.45955519e+04]]