[[ 3.94812008e-01  6.38167538e-01 -8.60062823e-01 -8.34963142e-01
   8.22408220e-01 -3.92150935e-01  1.36573338e-01  5.40475779e-01
   7.77195820e-01 -7.71068901e-01 -8.59348860e-01 -6.55436181e-01
  -4.04280384e-01  7.08002339e-02  9.82228038e-01  5.69098467e-02
  -3.29947422e-02 -8.73892723e-01  4.40458038e-01 -7.92304938e-02
   3.75770280e-01 -4.75544704e-02  9.69593955e-01 -5.05817100e-01
   1.19547592e-01 -4.17214253e-01  9.38349567e-01 -4.79026950e-01
  -6.29192732e-01  6.48262378e-01  3.99564422e-01  9.56236258e-01
   6.37761907e-01 -4.55356289e-01  4.29557465e-01  7.17402280e-01
  -1.84032256e-01 -3.14960255e-01 -9.85894941e-02 -2.71105979e-01
   2.95990936e-01 -4.45799266e-01  1.13258536e-01  3.91325271e-01
   8.59074557e-01 -9.21674112e-01 -5.38757989e-01  7.36579628e-01
  -5.85182192e-02  9.68696591e-01  5.95702801e-01 -3.60468827e-01
   8.45002185e-01 -3.05878085e-01 -4.59924061e-01  8.57838270e-02
   3.64645734e-01  9.40824362e-02  6.27758386e-01  7.39740711e-01
  -2.34406439e-01  7.63728295e-02  8.15583411e-01  6.14654821e-01
   2.45084969e-02 -7.32492924e-01  7.34325006e-01  2.28124606e-01
  -1.38671369e-01 -4.90646574e-01  6.61289766e-01 -7.93110920e-01
  -9.97187688e-01 -3.93759532e-01 -4.46710704e-01  9.62683532e-01
   1.27617234e-01  6.84953760e-01  1.42921615e-01 -9.72200696e-01
   8.42202387e-01 -3.72388651e-01  8.51987425e-01  8.12379134e-01
   6.90238501e-01  2.25730067e-02  3.59604684e-01 -3.55204117e-01
   8.90695462e-01 -7.32256268e-01  9.38132041e-01 -1.16874704e-01
   5.61127276e-01 -9.01909930e-01 -5.80290347e-01 -4.97063100e-01
  -3.87127164e-01 -8.19645431e-01 -1.88938007e-01  3.58076241e-01
  -3.62454289e-01 -3.99746717e-02  7.72527700e-01  8.94193239e-01
   1.26626331e-01 -5.64658597e-01  7.96280073e-04 -9.86353322e-01
  -2.08661458e-01 -3.52598142e-01  2.50195988e-01 -5.54648747e-01
   8.81391072e-01  6.05135363e-01 -2.05990741e-01  2.88364480e-01
  -9.79973679e-01 -3.79060173e-01  2.56170240e-01 -5.65944467e-01
  -1.02247125e-03  7.18618176e-01 -5.49449719e-01  7.89915050e-01
   6.26159236e-01  2.09059857e-01  6.84219668e-01 -5.80482301e-01
   8.45497247e-01 -8.66940522e-01  1.69505700e-01  6.83257746e-01
   2.41192064e-02  6.49093639e-01 -8.48336517e-01  5.64489390e-01
   9.36211904e-01 -8.03301390e-01 -2.38201585e-01 -3.15262973e-01
  -5.98361146e-01  5.04651444e-01  4.09030574e-01 -2.40826697e-01
   1.35781426e-01  8.28001508e-01  5.76493170e-01 -8.90367247e-01
   9.49051147e-02  7.88206004e-01  4.27793782e-01 -9.50454682e-01
  -1.24285591e-01 -8.23817059e-01 -8.10260504e-01 -8.59833848e-01
   7.23977971e-01  3.49545958e-01 -4.78356235e-01  9.16008562e-01
  -6.85283740e-01 -4.50634325e-01 -9.55063684e-01  5.44117935e-01
  -9.21446691e-01 -3.56752336e-01 -3.62878278e-01 -5.85611971e-01
  -6.71689861e-01  4.25303567e-01  1.41605903e-01  9.25178464e-01
   2.39840996e-02  8.45060147e-01  9.82005629e-01  6.56158089e-01
  -2.35736821e-01 -9.10029708e-02  3.90590747e-01  7.73379851e-01
   7.55180674e-01  7.77101306e-01 -2.21624381e-01 -7.06359366e-01
   3.06502883e-01  7.13975276e-02 -8.42822404e-01 -4.45115561e-01
  -9.41611912e-01  2.27572551e-01 -6.67533912e-01 -3.41545580e-01
   3.89742278e-02  4.63037701e-01 -5.38745677e-01  8.23122348e-01
  -1.35080368e-02 -8.07022200e-01  4.04290677e-02 -6.42978138e-01
   4.42411644e-01  5.85076688e-01  8.57127577e-01 -5.76948293e-01
  -3.71363321e-02  2.18181968e-01 -8.70862180e-01 -4.15576233e-01
   5.96500032e-01  7.78267468e-01 -3.01063459e-01  6.92354300e-01
  -1.94096498e-01 -7.52164533e-01 -3.72896118e-01 -8.41124461e-01
   5.26594789e-01  6.11881247e-01 -6.41394471e-02 -3.55075701e-01
   1.39159861e-01 -1.42143593e-01  9.31877342e-01 -3.50612315e-01
   7.91615764e-01 -2.16158607e-01 -8.68619012e-01  7.65452991e-01
  -6.58324064e-01  6.53758060e-01  7.27620674e-01  8.64279883e-01
  -7.18798415e-02  8.39246369e-03 -3.15205315e-01  3.13135786e-01
   3.03472714e-01  7.46047174e-01 -9.35018805e-01 -7.53749214e-01
   6.31427027e-01  1.09440398e-01  5.48157173e-01  6.12082941e-01
   3.78380002e-01  7.47654333e-01 -6.51539746e-01  3.96871819e-01
   6.33287110e-01  1.85777802e-01]
 [ 8.12914564e-01  5.54285788e-01  3.57528109e-01  3.92131752e-01
   8.02466876e-02  8.44107312e-01 -8.73400569e-01  9.07272252e-01
  -9.77877308e-03  4.95684656e-01 -6.17522627e-01  6.52071056e-01
   5.25957216e-01 -2.42046539e-01  1.02914658e-01  3.71595818e-01
  -6.43580994e-01  6.64388195e-01 -8.83152369e-01  2.88530704e-01
  -8.21766620e-01  5.18055230e-01 -2.25273966e-01  1.59305781e-01
  -2.25733158e-01  7.43177562e-02 -1.97786970e-01  4.98027019e-01
   9.31595760e-01 -7.04396484e-01  7.81721166e-01 -5.60107853e-01
   7.63246465e-01 -5.16552757e-01 -4.87149198e-01 -4.74069287e-01
   2.64446218e-01 -9.45741536e-02 -3.83360631e-02 -5.88901692e-01
   1.47459324e-01 -5.44036926e-01  5.48316579e-01  9.98897930e-01
   9.34501024e-01 -7.02105492e-01 -4.08789420e-01 -6.07229164e-01
  -5.85432526e-01 -1.07536420e-01  7.46845750e-01  4.09293202e-01
   6.66963775e-01  6.13973118e-01 -9.48300190e-01 -8.15294183e-01
  -4.21601212e-01 -1.12601023e-03  6.32446242e-01  3.23583782e-01
   9.76110557e-02 -8.89327073e-01 -7.10719411e-01  4.07328912e-01
  -4.14620150e-01 -6.95192475e-01  3.60868204e-01  5.54308916e-01
   2.73715375e-01  7.37130006e-01  8.60972856e-01 -9.46489892e-01
  -2.90601063e-01  6.20486982e-01 -5.28874253e-01 -1.89065184e-01
   6.19268829e-01  7.65146851e-01 -9.83063130e-01 -7.20639990e-01
  -9.36504104e-01 -1.93070071e-01 -5.28235256e-01 -6.59164727e-01
  -9.76918093e-01  3.20445679e-01 -3.47089493e-01 -7.22687701e-01
   6.69038647e-01 -2.78125953e-01  4.11395951e-01 -3.89999537e-01
   2.90773185e-01 -9.19429566e-01 -3.87856943e-01  1.95561965e-01
   7.71058892e-01 -5.67755518e-02  7.93411995e-01 -3.44284048e-01
  -7.24774306e-01 -1.26608609e-01  4.20748015e-01 -6.41018104e-01
   5.81935348e-01  6.51621696e-01  8.79226017e-01  9.58948264e-01
   2.69796605e-01  6.66227758e-01  4.31652106e-02  3.32853044e-01
   9.81932023e-01 -6.35878227e-01  3.31638627e-01  3.56918879e-01
  -4.36562125e-01  1.25696518e-01  9.49109041e-01  2.92396194e-01
  -8.77290581e-02  8.24307822e-01 -2.91431031e-01 -6.65002030e-01
   1.94488727e-01 -6.37437766e-01 -6.80672781e-01 -2.97215269e-01
   3.45947083e-01 -8.97961710e-02  2.68394129e-01 -3.07114692e-01
  -1.19671890e-01  9.76362692e-01 -9.54087046e-01 -6.69167797e-01
   8.51920699e-01  6.67391725e-01 -3.11271355e-01 -7.89000353e-01
  -1.89110573e-02 -6.74842162e-01  5.23554129e-01  4.76030909e-01
   1.47001597e-01 -2.15585379e-01  3.84602371e-01 -4.99077513e-02
  -4.40093544e-01 -9.95720678e-01 -9.06972209e-01  4.71732807e-02
  -5.63998073e-01 -7.92011786e-01  1.25599208e-01 -7.11720436e-01
   7.49275473e-02  3.48887854e-01  2.06977565e-01  8.20894760e-01
   8.67261205e-02 -9.64200665e-01  7.21132942e-01  5.05241511e-01
  -2.27225684e-01 -5.82079216e-01 -6.68999209e-01 -6.73993758e-01
   2.58612696e-01  3.37618502e-01 -3.01821305e-01 -5.65904913e-01
   6.26239674e-02 -7.73621495e-01 -2.49204132e-01 -2.14057963e-01
   4.63479094e-01  7.23728157e-02 -4.34260978e-02 -7.30123876e-02
   2.71675678e-01  7.89371558e-01  5.77085305e-01  7.09102798e-01
  -9.96618181e-01  6.83870872e-01  7.04196063e-04 -8.39909284e-02
  -9.77715984e-01 -9.78697812e-01 -2.09546579e-01 -6.84634736e-01
   7.00249637e-01 -7.26750915e-01 -4.57672411e-01 -4.52221170e-01
  -2.78628932e-01  8.83580990e-02  8.16543568e-01  5.50718037e-01
  -4.39358761e-01  7.43151728e-01  4.06692386e-01  9.81160194e-01
   9.06736256e-01  1.33005088e-02 -3.03907923e-01 -6.71742251e-01
  -2.90579713e-01  6.31652551e-01  9.74705548e-02  9.91712536e-01
  -5.08216948e-01  2.76736305e-02  7.80590090e-01  5.01855213e-01
  -2.46611539e-01 -3.50554298e-01  7.80449840e-01 -8.65540799e-01
   9.52295488e-02 -4.20009039e-02 -1.69740055e-01 -8.10728989e-01
  -1.03701668e-01  9.06174193e-01 -1.80909845e-01 -2.82799423e-01
  -7.88706194e-01 -2.10803593e-01  4.97881362e-01 -9.35708669e-02
   4.44921446e-01 -1.65064400e-01 -3.45809443e-01 -9.70775483e-01
   8.23199418e-01 -8.89258919e-01  5.64234821e-01  4.99618425e-01
  -9.08160626e-01 -6.36464988e-01 -9.70532324e-01  9.62313098e-01
  -1.07540056e-02  2.90302584e-01  5.32208890e-01 -3.49343165e-01
  -1.73900699e-01  7.03199704e-01]
 [-3.25291945e-01  8.31158328e-02 -1.35044759e-02  7.89661550e-02
   3.39210077e-01  3.74810075e-02  4.41229650e-01  1.74567516e-01
   5.18507725e-01  2.27373178e-01  1.38707342e-01 -6.60392747e-01
  -4.99492979e-01 -5.27207649e-01 -8.07319406e-01  6.27397643e-01
   4.82749184e-01  6.69717661e-01 -1.57530973e-01 -7.38692197e-01
   4.06313610e-01 -2.20353714e-01  7.65539097e-01  4.67127439e-01
  -8.19654225e-02 -3.33017701e-01  1.96664343e-01 -9.42197300e-01
  -4.67328527e-01  3.13594343e-02  3.72939719e-01 -4.87563104e-01
   2.01060346e-01  7.49011861e-01 -5.20686662e-01  2.96236932e-01
  -5.79812236e-01 -6.10258845e-01 -5.23896218e-01 -4.30221000e-01
  -4.22509742e-02  3.80535882e-02 -6.96817311e-02  9.98903147e-01
  -2.46667255e-01 -8.73293532e-02  2.02962014e-01 -5.39782141e-01
  -8.50335554e-01  4.51863005e-01  3.90798895e-01  7.19619893e-01
  -4.65697108e-01 -2.52005468e-01  9.16173878e-01  8.30141649e-01
   4.24082092e-01  5.71563541e-01 -8.77876019e-01  7.21150504e-01
  -8.99735562e-01 -8.08719931e-01 -8.30092849e-01  7.23096414e-01
   2.81458817e-01  4.32720661e-01 -1.15779194e-02 -7.11292557e-01
   9.38378552e-01 -2.85261123e-01 -4.15547600e-01  8.17472775e-01
   9.21129216e-01 -7.48959008e-01  1.84008845e-02 -8.91040651e-01
  -2.71329329e-01  5.09762239e-01  1.04109503e-01 -5.71635790e-01
  -5.32431188e-01 -3.52940442e-01  4.17691276e-01  4.21859172e-01
  -7.61405551e-01  9.53858448e-01  3.08176101e-01 -9.13052089e-01
   5.83934248e-02 -9.80225679e-02 -6.63627157e-01  2.72251965e-01
  -4.18189592e-01 -2.85748443e-01  7.37403222e-01 -9.92073870e-01
  -6.86930394e-01 -7.34341246e-01  4.71614132e-01  6.49691148e-01
  -5.31307652e-01 -4.40365976e-01 -3.26100218e-01  2.19292682e-01
   5.74059475e-01 -5.79633182e-01 -5.95759414e-01 -2.86271152e-02
  -5.06060492e-01  1.01769342e-01  6.18519319e-01  5.54932099e-01
  -9.54374828e-01 -6.92677017e-02 -2.03562999e-01 -7.18254504e-01
   9.06295107e-01  2.96380990e-01  2.83865960e-01 -7.79239477e-02
  -6.53968347e-01 -4.32283805e-01  5.27435673e-01  6.70271908e-01
  -5.98410135e-01 -9.90035736e-01 -4.65338962e-01 -4.25876415e-01
  -5.88804806e-01  7.80633690e-01  9.06258124e-02 -5.36199984e-01
  -2.52979264e-01  5.04364812e-01 -4.05730239e-01  3.92413403e-02
  -6.33970158e-01  9.67161051e-01  7.49162421e-01 -5.29303282e-01
   3.47352253e-01  4.01118174e-01 -3.44342226e-01 -7.25634137e-01
  -4.58277041e-01  7.40731931e-01 -9.43681445e-01  6.76225301e-01
  -4.00220212e-02  5.65975877e-01  6.92940141e-01  2.41755509e-01
   1.29579975e-01 -7.34610229e-01  8.44329651e-01  1.75129783e-01
   9.78129455e-01  6.77465850e-01 -9.69278750e-01 -3.36281273e-01
   4.93247604e-01 -6.83391718e-01 -5.56078583e-01 -5.54116374e-01
   6.18404843e-01 -6.92772391e-01 -9.18025200e-01 -8.22493965e-01
  -3.10918916e-01 -4.19262379e-01 -2.72146449e-01  5.62882484e-01
   5.73216580e-01  2.98087179e-01  7.13105193e-01 -8.06861791e-01
   8.50618486e-01 -7.49945772e-02  1.52699392e-01  6.88531634e-01
  -4.22160762e-01 -5.40212440e-01 -2.59592185e-02  1.65979981e-01
  -8.04390581e-01 -7.99773234e-02  4.19730898e-01  2.88344332e-01
   8.34192155e-01  8.75338653e-01  1.63547102e-01 -6.93639593e-02
  -4.04007012e-01 -9.51840139e-01  4.50001984e-01 -5.19028460e-01
   5.25291676e-01 -3.85886377e-01  1.84501682e-02  5.32678619e-02
   9.71565575e-01 -4.50518275e-01  1.19612877e-01  4.61197127e-01
  -3.24650890e-01  6.45565971e-01 -4.60016142e-01 -1.77106632e-01
   8.71644618e-01 -6.79582947e-01  1.71385507e-01 -9.01509228e-01
   7.16546938e-01  1.89658683e-01 -5.90750657e-01  6.81940437e-01
   6.44904742e-01 -3.11876189e-01  5.10512236e-01 -1.30229659e-01
  -8.51758596e-01 -2.90919622e-01 -1.13631837e-01  4.25367867e-01
  -1.65803151e-02  7.84924213e-01  9.82393820e-01  7.25827869e-01
   8.27746431e-01 -2.82746539e-01  1.34125489e-01  3.54256725e-01
  -4.46094777e-01 -8.34637784e-02 -6.42005273e-01 -5.14089509e-01
   5.07853091e-01 -4.01335794e-01 -7.20153398e-01  5.76293823e-01
   7.08111122e-01  1.24876441e-01  3.23642417e-01  3.27712787e-01
  -9.61078686e-01 -5.22446491e-01 -5.08836912e-02  9.06255534e-01
   2.60743817e-01 -9.39713461e-01]
 [ 2.79355807e-01  1.18546366e-01 -1.53163242e-01 -3.58712031e-01
   9.90075594e-01  7.19570542e-01 -1.15073100e-01 -9.39410729e-01
   5.45650968e-01 -2.48501969e-01 -4.67568199e-01 -4.86774858e-01
   2.19421607e-01  4.96528047e-01  2.68599603e-01 -5.33740547e-01
  -9.11136522e-01 -7.70719428e-01 -3.65938597e-01 -5.25887324e-02
   3.22881564e-04  2.81713118e-01 -2.83253708e-01  5.07410230e-01
   1.94774721e-01  9.56202484e-03 -7.61097568e-02 -7.34092461e-01
  -4.59501928e-02 -9.48894757e-01 -4.48623720e-01  5.06879169e-01
   2.20227814e-01 -4.06810855e-01  8.28386863e-01  1.50938990e-01
   5.47676983e-01  9.14348307e-01  3.48529555e-01  4.16801049e-01
   1.90283564e-02 -6.77681375e-01  2.92728525e-01  5.62512006e-01
  -6.93877040e-01  6.43887748e-01  4.95127147e-01  8.98449151e-01
  -6.81178333e-01 -5.94104709e-01 -2.83751962e-01 -1.04265255e-01
   3.10157811e-02  3.58926628e-01 -2.12492845e-01 -9.63890830e-01
   2.19475942e-01 -4.92527934e-01 -5.16198754e-01  1.83158273e-01
   4.78542604e-01  7.64569924e-01 -7.54159493e-01 -1.49613738e-01
   4.83503641e-01  1.61945938e-01 -3.36576114e-01  6.19901362e-01
   4.85234634e-01  7.58426790e-01 -4.38282856e-02  9.83745419e-01
   7.27788689e-01 -2.41360446e-01  6.92940032e-01 -8.76712509e-01
   7.06411127e-01 -6.77640253e-01 -2.81591831e-01 -2.59928768e-01
   7.20315125e-01 -1.01197615e-01 -4.62921106e-01 -6.87306157e-01
   8.63100388e-01 -2.60510323e-02 -1.79225738e-01 -3.77632616e-01
   9.09318480e-01  2.53560111e-01  1.56334310e-01  6.89479257e-02
   3.18783160e-01  7.05987241e-01 -2.98618487e-02  7.15548178e-01
   4.02265561e-02  2.47980495e-01 -2.82491118e-01 -9.91869029e-01
   6.91771055e-01  3.91584602e-01 -9.03770335e-01 -4.90892421e-01
   9.97504148e-01 -7.80268056e-01  9.18444880e-01 -7.31184751e-02
  -5.66537803e-01  6.27148388e-02  8.65990877e-01 -5.19155822e-02
  -5.01313208e-01 -8.95677522e-01 -3.48898583e-01 -1.35637732e-01
   8.61986440e-01 -7.11150127e-01  4.07201065e-02  4.58266082e-01
   8.06804519e-02 -3.31359044e-01 -1.49752110e-02 -8.73859593e-01
   3.64842125e-01  6.73950129e-01 -9.39381254e-02 -1.39922186e-01
  -9.21292379e-02 -2.85777983e-01  7.79441430e-01 -8.38166217e-01
   4.68020480e-01 -7.75971682e-01 -4.94460218e-01 -3.22094024e-01
   1.57590652e-02  4.93496919e-01  5.82916129e-01  3.27478782e-02
  -6.86727867e-01 -4.22557368e-01 -2.48862089e-01 -6.26223054e-01
  -6.05852035e-01  5.92545255e-02  6.25447958e-01 -7.84338565e-01
   1.49394448e-01  2.10099763e-01 -3.26260221e-01 -8.39687980e-01
  -9.55237810e-01 -1.18121370e-02  5.61322458e-01 -8.53827800e-01
   7.83307178e-01  4.23127204e-01 -1.17059703e-01  3.13183281e-01
   3.47197637e-01 -2.60053623e-01 -7.70448928e-01  8.55936388e-01
   8.51977776e-01  3.41225276e-01 -3.99036977e-01 -7.58620610e-01
   2.79349753e-01 -8.69580768e-01 -7.74962661e-01  5.73616160e-01
   2.86705066e-01  8.89802270e-02  3.63566527e-01 -5.86350830e-01
   1.75387766e-01  5.98404442e-02 -2.30899295e-01 -5.77294089e-01
  -7.98927488e-01  8.67633361e-01  1.53950577e-01  7.41216027e-01
  -9.62516814e-01 -2.19172569e-01 -4.51792889e-01 -3.02803906e-01
   5.01877936e-01 -4.37916409e-01 -9.62181249e-01  8.09101879e-01
   4.68310158e-01 -5.86049785e-01 -9.13314856e-01  8.75734951e-01
   6.85998024e-01 -9.90990333e-01  8.49454589e-01  2.99420669e-02
   9.41280966e-01  1.46145059e-01  7.09820028e-01 -9.15417346e-01
   2.27469937e-01  8.46816755e-01  3.87193714e-01  6.03052401e-01
   3.96303413e-01  7.29449360e-01 -3.28850921e-01  8.83872944e-01
   1.20063175e-01 -7.15225465e-02 -1.45094204e-01  7.30459932e-01
   8.29335299e-01  1.63882068e-01  5.43181709e-01  2.69891755e-01
  -8.36932154e-01  4.25240961e-01 -3.13665040e-01 -8.64453534e-01
   3.89302123e-01 -4.74007495e-01  1.89272657e-01 -5.07905917e-01
   1.79408338e-01 -2.82381221e-01  9.84918356e-02 -2.68491036e-01
  -9.72505551e-01 -1.69964811e-01 -4.92468215e-01  5.87649544e-02
   7.33210722e-01  7.44489169e-02  3.23990330e-01 -9.93003910e-02
  -2.07133195e-01 -8.64229597e-02 -2.03865184e-01  9.10823820e-01
   9.39815710e-02 -6.42406995e-02  3.34525626e-01 -7.70875250e-01
   4.65956430e-01  6.44274931e-01]
 [-4.67838799e-01  7.87590639e-01 -7.24331906e-01  7.78819951e-01
   8.55979786e-01  3.50924268e-01  9.14738587e-01 -6.45212320e-01
  -7.85927291e-01 -8.76726009e-01 -3.88917110e-02  1.59790987e-01
   8.95154489e-01  5.69015509e-01  3.20339484e-02 -2.44717676e-01
  -1.57267694e-01  7.57267457e-02 -5.83623487e-01 -1.06385503e-01
   5.33303258e-01 -7.30168621e-01  5.08077239e-01  8.88308259e-01
  -7.11482999e-01  7.10554959e-01  3.17478097e-01  5.02487232e-01
  -8.23716033e-01  8.85348823e-01 -3.92158922e-01 -5.19619652e-01
   2.27105943e-01  8.76105210e-01  1.33758283e-01 -6.24223201e-01
  -3.28174228e-01  5.25761402e-01  5.91503634e-01 -6.58174161e-01
  -3.55803474e-01 -7.09693202e-01 -2.92005053e-01  6.72930750e-01
   4.13038577e-01  2.58071467e-01  3.78777814e-01 -2.86313860e-01
  -1.69188251e-01  1.65404964e-01  1.57753407e-01 -1.09713048e-01
   8.54413293e-01  6.63192169e-01 -3.92782953e-01 -9.74572481e-01
  -3.07805773e-01  6.83828522e-01  3.07816824e-01  1.85073180e-01
   2.33056893e-01 -5.45250123e-01  1.66972860e-03  5.69890298e-01
  -4.46257815e-01  7.65006541e-01  5.38544901e-01 -8.68695007e-01
  -4.13406002e-01 -7.60417457e-01  4.36729689e-01 -5.80041758e-01
  -3.87846618e-01  1.01086512e-01 -5.82786062e-01  3.52880848e-01
   8.98223185e-01 -1.14031332e-01  1.71219362e-02 -1.61250111e-01
   7.03433865e-01 -4.12948550e-01 -7.50708896e-01 -8.10743809e-01
   1.55147747e-01 -7.58253101e-01  4.16602791e-01  2.14393095e-02
   4.26849731e-01 -5.87175200e-01  9.64730025e-01 -5.67056969e-01
  -2.84902251e-01  6.13062819e-01  9.82325452e-01 -5.05070146e-01
   5.01609657e-01  5.95879923e-01  3.90132584e-01 -9.15872945e-01
   4.29951485e-01  2.73509271e-01  1.61628711e-01 -9.60740899e-01
   2.42555043e-01  8.07103277e-01 -6.06714816e-02  2.26387537e-01
   8.70176953e-01 -6.56690901e-01  5.78542205e-01  9.31183706e-01
   8.36353796e-01 -4.41090335e-01 -3.75256932e-01 -5.12624347e-02
  -5.53886447e-01  4.64328332e-01  8.20981282e-01 -7.60985926e-01
   5.04133503e-01 -3.53212336e-02  5.85286399e-01  8.56967861e-01
   1.21950300e-01  2.29233148e-01 -4.48575247e-01  9.72295411e-01
  -3.59297930e-01  3.90934111e-01  9.23182943e-01  8.62396034e-01
   5.95887236e-01  2.18540571e-01 -9.94495010e-01  9.79171503e-01
  -9.90272115e-01 -3.25959265e-01 -2.18491187e-01  1.82103261e-01
  -1.74606874e-01  7.88386939e-01 -8.85159233e-01  8.14117339e-01
   3.03014852e-01  6.65577269e-01  6.07949883e-01  7.12767387e-01
   7.28896657e-01  2.32425103e-01 -9.64916461e-01  9.57350565e-01
   3.68382782e-01 -6.98779991e-01  9.19254383e-01 -3.21640998e-01
   5.06641659e-01  8.32260628e-01 -2.57042201e-01  5.58071126e-01
  -6.42743040e-01  6.28881742e-02 -6.30469680e-01  6.96301608e-01
  -6.21863980e-01 -4.41334143e-01 -3.20280862e-01 -5.39307599e-01
  -6.66403898e-01  2.10514826e-01 -7.46062888e-01  8.00264613e-01
  -3.21241043e-01  6.68873207e-01  4.14712230e-02 -2.27512559e-01
   8.46905446e-01 -7.08249224e-01 -7.47699802e-01 -2.97613655e-01
   6.81123788e-01 -5.50120013e-01 -9.98102359e-01 -3.94610335e-01
  -5.94526520e-01  4.86721738e-01 -9.13254518e-01  2.11950039e-01
  -1.70577230e-01  9.71810301e-01 -3.13971329e-01 -4.79073866e-01
   5.61730059e-01 -5.73608012e-01 -8.03160460e-01  9.78839384e-01
  -6.37384549e-01  7.47342646e-01  1.26368175e-01  1.10821833e-01
  -3.67378705e-01  6.14264584e-01  1.49747871e-01  4.09097348e-01
   5.04165383e-01 -1.64371994e-01 -6.74377884e-01 -8.59091280e-01
  -4.88811577e-01  8.63429268e-01  8.05874544e-01 -9.10847954e-01
  -4.88020995e-02 -9.41482827e-01 -2.76757858e-01 -4.79041725e-01
  -9.16475585e-01 -3.90373998e-01 -1.66628591e-01  7.80257582e-01
   1.39233644e-03  5.64228200e-01  5.88502288e-01  1.76572698e-01
   7.95319599e-01  9.32285567e-02 -6.46360342e-01 -1.28818193e-01
  -8.82559200e-01 -3.97205566e-01 -4.27799945e-01 -6.32797020e-01
  -2.47464808e-01  8.29219544e-01 -5.54237650e-01  1.46271902e-01
   6.71023450e-01  2.94693618e-03 -7.19619804e-01 -2.65095951e-01
  -2.90564133e-01  9.50107394e-01  2.25060663e-01 -3.90356917e-01
   1.80154905e-01 -9.24933258e-01 -6.58396677e-01  3.72330121e-01
   6.04365749e-03  2.10766831e-03]
 [ 4.59462846e-01  4.47419155e-01  8.09398549e-01  5.45730390e-01
   6.67997172e-01  8.31329372e-01  2.72203695e-01  5.62602287e-01
  -7.77780846e-01 -2.24991631e-01 -2.33589253e-01  6.26818455e-01
   9.72196324e-01 -6.99992884e-01 -6.84143958e-01  5.38323681e-01
  -4.17465568e-01 -2.67018914e-03 -1.00341745e-01 -9.86034505e-01
  -3.48172376e-01 -3.02963766e-01  6.61531221e-01 -5.07751988e-01
  -4.07487700e-01  4.87301661e-01  1.20359722e-01 -6.72886331e-01
   2.57567614e-01  1.45232354e-01 -5.08269882e-01 -7.91245271e-01
  -6.47710007e-01  9.37098981e-01  6.56907839e-01  2.41318613e-01
  -5.90523694e-02 -5.44211056e-01  2.70057994e-01  5.34132751e-01
   7.88325116e-01 -7.78917557e-02  5.07104272e-01  6.96214481e-01
   7.40184656e-01 -4.82367810e-01 -2.49906484e-01 -4.50691501e-01
  -8.09812403e-01 -9.28572613e-01 -3.95432831e-01  6.02359287e-01
   1.43328901e-01  2.42473402e-02  6.62782513e-01 -7.75417328e-01
   7.12758787e-01  2.55636025e-01 -2.30071189e-01 -7.78405018e-01
   4.58480153e-01  7.06919751e-01 -8.41423827e-02 -3.42847548e-01
  -3.92594652e-01 -9.57704998e-01  3.16643989e-01  4.03906364e-01
  -9.74052449e-01  3.48649999e-01  5.71162041e-01  7.50226367e-01
  -5.96358457e-01  8.55352761e-01  8.05484544e-01  7.07001804e-01
   7.64716962e-01  7.58289092e-02 -7.71802413e-01  9.99304383e-01
   4.42871040e-01 -2.58172182e-01  5.49787387e-01 -7.97924251e-01
   2.66053475e-01  2.79483886e-02  1.58351756e-01  7.56004163e-01
   8.96473650e-01 -7.22700458e-02  3.33295134e-02 -7.96385828e-01
   4.87652844e-01 -9.18959102e-01 -7.53568738e-02  7.59692627e-01
  -7.40620283e-01  4.72039302e-01 -4.85691610e-01  7.45030001e-01
   5.96562984e-01  7.44611367e-01 -6.28339964e-01 -1.64329913e-02
  -2.11988347e-01 -5.13922035e-01  2.84011356e-01 -5.68382046e-01
  -1.02124527e-01 -6.18409330e-01 -9.78033312e-01 -8.88866155e-01
   9.14385885e-01 -2.75068460e-01  2.84353462e-01  9.31634177e-01
  -5.25924652e-01  7.35509158e-03  1.67801897e-01  9.47655659e-01
   2.88793815e-01  2.91579230e-01  9.85540227e-01  4.64865233e-01
  -7.23405844e-01 -2.71903336e-01  7.69293352e-01  7.42945745e-01
   2.63506988e-01  5.63367898e-01  5.01039271e-01  1.50002554e-02
  -1.53499361e-01  6.74746825e-01  9.56157653e-01 -6.85588310e-01
   8.73520685e-01 -8.45097733e-01 -7.76647307e-01  6.05927643e-01
  -3.50087160e-01  7.80483163e-01  6.20363336e-02 -6.21789677e-01
   5.87129100e-01  3.72221030e-02 -7.30156215e-01  5.68206437e-01
  -4.54814341e-01  3.73373199e-01 -3.34516318e-01  6.74755492e-01
  -9.49768594e-01  5.06944572e-02  1.76083443e-03 -1.91121950e-01
   5.13244914e-01  6.99527947e-01  6.34900390e-01  6.79588878e-01
   7.80213882e-01  9.99479299e-02  6.69121211e-01  1.31934380e-01
  -2.64796330e-01 -9.20110256e-01  7.66496230e-01  4.18914130e-02
  -1.00224435e-02  4.86558165e-01  2.85232102e-01  9.29439939e-01
  -7.30074312e-01  5.11308116e-01 -7.29100487e-01 -6.44731292e-01
  -4.80384626e-01 -4.34631670e-01  4.10963499e-01 -1.69175402e-01
  -9.21454298e-01 -1.02042485e-01  7.52144506e-01 -3.81985941e-01
   3.97538448e-02  9.80347601e-01  3.49335269e-01 -6.53088343e-01
  -4.19749248e-01  5.63582274e-01  5.90888398e-01  9.50294777e-01
   9.01039078e-01  1.93377932e-02  1.14116587e-01  5.67760367e-01
   7.84267609e-01 -9.96066573e-01  4.59580412e-01  1.07360438e-01
  -5.97210886e-01 -7.32147142e-01 -1.53192320e-01 -3.05532019e-01
  -9.74133203e-01 -2.66460522e-01 -9.75369246e-01  7.17155244e-02
  -5.79008404e-01  7.20519873e-01 -7.61631345e-01  8.16082686e-01
   2.48730336e-01 -2.95254759e-01 -8.95815463e-01 -1.82377183e-01
   4.55019348e-01 -6.89419670e-01  4.50765428e-02 -5.06455741e-01
  -7.19797292e-01 -1.27476981e-03  8.42602677e-01  8.02845481e-01
  -3.77030210e-01 -6.69131662e-01  1.76937043e-01  4.81937990e-02
   2.43190650e-01  3.81276925e-01  6.03446297e-01 -2.44365586e-01
   4.22394907e-01 -6.52493087e-01  4.60570418e-01 -4.62330186e-01
  -7.16820507e-01  5.49325629e-01  3.03933856e-01  7.46178029e-01
  -4.92626070e-01 -6.28784451e-01 -2.93559789e-01 -9.26963327e-01
   9.71897450e-03  5.44545989e-01 -4.59828190e-01 -8.62425447e-01
   4.89554074e-02  1.53990657e-01]]