[[-9.40365174e-02  9.34602740e-02  6.09938339e-02 -3.29004345e-02
  -6.85422699e-02 -1.03780946e-01 -8.38088797e-02  1.00828585e-01
  -8.49093698e-02 -3.84817562e-02  8.28432640e-02 -8.75472464e-02
   3.05457327e-03 -4.87808335e-02 -4.89399496e-02 -9.64480894e-02
   5.92348398e-02 -6.55734214e-02  1.06230036e-02 -1.03826237e-01
   6.45507542e-02  5.33364750e-02 -9.97632070e-03 -8.24036940e-02
  -6.51183851e-02 -7.16646471e-02  8.88782275e-02  4.01304410e-02
   5.49362346e-02 -8.77296744e-02 -7.11290298e-03  6.85101028e-02
  -1.48538473e-02 -2.01557871e-02 -1.00500413e-01 -4.18609446e-02
   6.80387405e-02 -1.95283074e-02 -6.90885059e-02  8.96931723e-02
  -5.32902771e-02 -7.32818191e-02  7.45045768e-02  6.91060202e-02
  -3.06572252e-02 -5.41897119e-02 -3.30215210e-02 -1.72216029e-02
   3.73238082e-03  3.97176517e-02 -5.56563129e-02  3.48860844e-03
  -4.47875448e-02  6.74786769e-02  2.26686287e-02  3.52528955e-02
   2.70923618e-03 -7.11919777e-02  7.11319699e-02  4.97983864e-02
   2.85675519e-02 -2.16285816e-02  8.34645673e-02 -8.16526518e-02
   2.78645340e-02  4.26671378e-02 -5.72188280e-02 -9.41753079e-02
   9.62230521e-02 -8.45384741e-02  5.20454745e-02  9.27224712e-02
   9.86033592e-02 -6.84802896e-02  9.66947861e-02 -3.47581101e-02
   9.14923975e-03 -5.31746770e-02 -7.44371752e-02  2.67414502e-03
  -4.73994137e-02 -4.01214873e-02 -1.01238411e-01  3.85145687e-02
   5.40046225e-02  3.27218403e-02 -4.00336135e-02  1.05791634e-01
  -6.85237831e-02  8.40880246e-02 -5.33829927e-02  9.33616405e-02
  -1.46000509e-02  5.23714936e-02 -5.55814307e-02  7.84791249e-03
   1.29051366e-02  7.06494937e-02 -1.07402764e-01 -9.61747332e-02
  -1.05612860e-01 -7.21255187e-02  3.74585044e-02 -9.20096658e-02
   8.56295977e-02 -9.49420081e-02 -4.10798896e-02 -8.05579868e-02
   1.21281214e-02  3.26569301e-02  7.52719342e-03  2.60621687e-02
   6.63756293e-02 -3.89946063e-02 -7.42801437e-02 -8.97063115e-02
   9.12471205e-02  6.15411939e-02  5.02662592e-02 -5.55253549e-02
  -7.65055870e-02 -9.85667176e-02 -3.61797200e-02 -5.23440379e-02
  -4.82526557e-02  4.86779551e-02 -7.42754327e-02 -5.70299042e-02
   3.77924528e-02  8.08673208e-02 -5.16796783e-02  5.60666460e-02
  -2.09119934e-02  1.74558228e-02  5.28922337e-02 -4.06481675e-02
   5.79354738e-02 -1.97975127e-02 -3.70721396e-02  8.63178598e-02
   1.84104664e-02 -5.17684957e-02 -1.79334891e-02  1.13685325e-02
   3.68024774e-03  8.04987685e-02  3.37402544e-02  3.42628860e-02
  -3.95820399e-02  8.10360835e-03 -6.19055008e-02 -6.65070077e-02
  -9.54792244e-02 -5.33307937e-02 -1.07171493e-01  3.93695671e-02
  -7.15737475e-02 -8.66514335e-02 -8.74293419e-02 -5.77208361e-02
   1.42106867e-02  5.31651456e-03 -5.39310257e-02  3.97143368e-02
  -7.25831450e-02 -3.16395053e-03 -2.98031676e-02 -3.85601763e-02
   1.06663602e-01 -9.68870625e-02  3.44341757e-02  2.31306113e-02
  -5.48721066e-02  3.69527031e-02 -3.20704087e-02 -7.86073366e-02
   8.46048693e-02  3.12873867e-02 -8.25837795e-02  1.06235737e-01
   5.25468972e-02  1.35244336e-02 -5.03609460e-02  1.03866797e-01
  -1.05590102e-01 -7.35188695e-03 -9.30996933e-02  6.66189829e-02
  -1.45596354e-02 -5.04438968e-02  6.27932078e-02  1.94697969e-03
  -8.75018517e-02  3.49681776e-02  5.78795009e-02  3.58123859e-02
   4.43738882e-02  3.63840282e-02  4.43375746e-02 -1.03136059e-01
  -1.00938363e-01 -2.71182481e-02  2.44529748e-02  5.35225998e-02
  -8.98233828e-02 -8.03186722e-02  6.01191698e-02 -8.52741489e-02
   6.99538739e-02  7.34707289e-02 -1.04635678e-01  6.62721170e-02
  -4.42160099e-02  4.33150088e-02 -5.73353137e-03  1.03432874e-01
   6.15610336e-02  6.02590265e-02 -1.90282791e-02 -6.70497864e-03
  -7.18574221e-02  4.39650646e-02  6.33824073e-02  7.83475878e-03
  -9.94602237e-02 -8.20567185e-02  5.37177264e-02 -2.42354218e-02
   8.13346305e-02  5.86718872e-02 -2.25163649e-03  9.92689296e-02
   4.55642325e-02  1.06126256e-01 -3.95040517e-02  7.67528002e-02
   4.50798734e-02 -7.69555832e-02 -2.08788919e-02  3.96571653e-02
   5.53819947e-02  7.64119943e-02  2.16469461e-02 -5.74232552e-02
   7.79380104e-02 -3.64271808e-02 -8.59649257e-02 -7.42590596e-02
   6.70308572e-02 -2.25031671e-02]
 [-6.96887656e-02 -1.57791586e-02  1.13345676e-01  1.95257252e-02
  -4.20854439e-03  8.65968567e-02  1.03482141e-01  3.41231446e-02
  -9.40393297e-02 -3.86050683e-02 -4.24120497e-02 -7.05837634e-02
   9.32895507e-02  4.18812214e-02  2.33228536e-02 -2.13166785e-02
  -1.91537936e-02  2.36197920e-02 -7.82516015e-02 -1.81532534e-02
   5.94212567e-04 -5.54231352e-02  1.42110496e-02  8.74157353e-02
   2.52436289e-02  1.07191594e-01  7.91023799e-02 -9.48246612e-02
   4.54096749e-02  7.22851863e-04  9.54839965e-03 -4.09264704e-02
  -6.67385960e-02 -7.96761806e-02  3.43503048e-03  1.04730963e-01
   5.08903206e-02  8.88852967e-03  4.98388538e-02 -4.75868946e-02
   9.10740080e-02  6.16699375e-03 -1.01848378e-01  2.08139669e-03
   2.46486611e-02  3.37262006e-02 -8.50598940e-02  8.99584864e-03
  -5.43040647e-02 -9.90047216e-02 -8.76810518e-02  3.03326783e-02
  -2.70021156e-02 -8.52948833e-02  1.07488581e-01  1.06702256e-01
   1.49699011e-02 -7.15173709e-02 -1.09272533e-01 -1.22999078e-02
  -4.16939324e-02 -3.48130946e-02 -4.26000728e-02 -1.62272787e-02
   4.10406063e-02 -6.79186418e-03  9.73645785e-02 -3.86128738e-02
   7.99565063e-02 -1.73310438e-02  1.04895708e-02 -7.84610165e-02
  -2.55038352e-03  6.82173684e-02  2.42843535e-02 -1.12003349e-01
   8.82918203e-02  9.90262141e-02  7.52849349e-02 -2.66600384e-02
  -2.95191828e-02  1.08075863e-01 -2.12014830e-02 -2.34943005e-03
   9.04485001e-02  2.35504980e-02  6.23900763e-02  3.68917615e-02
   8.02690726e-02 -1.01046962e-01  3.55163579e-02 -8.89326333e-02
   8.39423241e-02  9.38064075e-02 -1.03617609e-01  2.72314922e-02
   5.98690145e-02 -4.33559513e-02 -1.02466577e-01  1.01646483e-01
   2.39353473e-02 -2.82358017e-02 -6.54839399e-02 -2.49088140e-02
   7.10923068e-02  7.63571092e-02  7.06044722e-02 -9.16216734e-04
  -3.13080764e-03 -4.74167390e-02 -2.85182872e-02  1.11817119e-01
  -7.61066045e-02 -7.86609412e-02 -8.63906738e-02 -7.25897502e-02
   1.02656473e-01  3.31431501e-02  9.97596086e-02  7.94261305e-02
   1.26079828e-02  7.60490272e-02 -3.80257325e-03  9.63464177e-02
   3.65538373e-02 -5.80374598e-02 -3.07278995e-03  5.89307450e-02
  -4.95982332e-02  8.85566067e-02 -3.59804792e-03  9.71285556e-02
  -3.48793995e-02  9.16203632e-02  5.91645507e-02 -7.03638703e-02
   6.78750803e-03  1.28627869e-03  2.89229961e-02  8.21484107e-02
   4.92772659e-02 -3.43775974e-02  2.31096327e-02  2.62979056e-02
  -8.90047488e-02 -5.26516529e-02 -3.96686165e-03  9.65838801e-02
   3.55249029e-02  5.19660585e-02  1.72192696e-02 -9.96021504e-02
   2.88852359e-02 -9.80846609e-02 -8.40124099e-02  1.14567544e-01
  -4.62471995e-02 -1.50076140e-02  1.75659918e-02 -5.51559648e-02
   3.72098312e-02  8.89014955e-02 -7.71845914e-02 -1.06265687e-01
   5.53614869e-02 -1.91909097e-02  1.42072556e-02  1.55444179e-02
   1.94787297e-02 -1.22700655e-02  2.05577343e-02 -9.84781219e-02
  -1.63753594e-02 -6.44884106e-02  2.94685827e-02  2.93762852e-02
   9.07867048e-02  8.05104402e-02  1.03141118e-01  1.03712113e-01
  -3.23097725e-02 -8.56095472e-02 -1.13257222e-02  2.55802705e-03
   7.09627361e-03  5.61554515e-02  5.90368831e-02 -8.64580904e-03
  -5.53291297e-02  1.07932262e-01  3.44324533e-02 -7.79947743e-02
   8.70456190e-02 -2.50057659e-02  1.51719181e-02  2.01690040e-02
   6.12734526e-02 -3.23880103e-02  6.88422969e-02  1.54210302e-02
  -1.50517343e-03  8.59162269e-02 -1.25073708e-02  1.04255641e-01
   8.45624825e-02 -1.01255089e-01 -8.12435855e-02  3.16639764e-02
  -8.08716407e-02 -8.09523606e-02 -1.07740613e-01 -9.93101404e-02
  -1.05534303e-01  4.39883496e-02  5.12287893e-02  7.61924611e-02
  -6.17614055e-02  3.15549652e-02 -6.05493308e-02 -6.38226648e-02
  -6.68615897e-02  3.91531526e-02 -3.58226658e-02 -1.58276178e-02
  -1.84675447e-02 -3.74341231e-03  1.29544398e-02 -1.08603820e-01
   9.29182538e-02 -9.39944888e-02  4.56238589e-02  3.41457811e-02
  -4.34152653e-03 -3.84610074e-02  2.92176345e-02 -7.03694257e-02
  -4.76805936e-03 -8.07788422e-03 -1.11490303e-01 -8.89404660e-03
   4.48101415e-02 -1.05703316e-01 -3.73202816e-02 -1.00170369e-01
  -4.62402935e-03  2.60309511e-02  1.83490870e-02  4.05611320e-02
   7.02155441e-02  7.36391631e-03]
 [ 5.90154549e-03  1.87998388e-04 -4.42759930e-02  8.88632231e-02
   9.59082715e-02 -2.80580335e-03  2.00534781e-02 -7.25734155e-02
  -8.62395899e-02  3.67947626e-02  3.95676911e-02  6.62679792e-02
   6.22054666e-02  9.51885075e-02  1.75123188e-02  9.06773753e-02
   1.59066147e-02  3.38081604e-02  7.17182185e-02  9.76009844e-02
   3.66836719e-02  5.14306118e-02  5.10606531e-02  4.46977401e-02
  -5.74413507e-02 -4.71815386e-02  1.09060927e-01 -1.05255089e-02
   8.71130596e-02  1.11170331e-02 -2.04782385e-02  4.58458882e-02
  -2.50810546e-02  8.86953500e-04  3.21940118e-02 -1.82017236e-02
   1.13300560e-01  5.63514271e-02 -7.92901385e-02  9.78710261e-02
  -7.09763575e-02 -1.33316977e-02 -8.97649308e-02  5.71241060e-02
   7.37267323e-02  5.99841516e-02 -6.49429710e-02  3.58364759e-02
  -5.77389072e-02  1.03786478e-01 -1.10963736e-01  7.26860232e-02
   5.16585249e-02  2.89958451e-02  9.64401414e-02  6.12806753e-02
  -5.71305126e-02 -2.16449803e-02  7.64578403e-02 -4.11859294e-02
   2.84410728e-02 -5.17328822e-02 -7.14491426e-02  9.33475842e-02
   9.32599915e-02 -3.96885998e-02  5.18194730e-02  9.02641961e-02
   8.27878079e-02  2.20602016e-02  1.03995728e-02  3.94559016e-02
  -5.02936510e-02 -6.71582356e-02 -6.88526855e-02  7.53880337e-02
   9.25447654e-02  6.81794079e-02  4.79258620e-02 -2.38920010e-02
   2.18933710e-02 -2.00823139e-02  8.89108134e-02  9.90804984e-02
  -2.08683838e-02 -7.16213498e-02 -2.13152652e-02  9.38322864e-02
  -3.63123354e-02 -1.89480478e-03  1.61342725e-02  2.27654373e-02
  -1.01492578e-01  6.70556453e-02  6.45875510e-02 -6.61705823e-02
  -4.91955759e-02 -9.49667437e-02 -1.19936566e-01 -1.64360587e-02
   6.45690076e-02 -1.65523106e-02 -1.08187024e-01 -1.16739010e-01
  -1.48153158e-02  8.92622590e-02  1.17944546e-02 -2.25028284e-02
  -5.30903214e-03  5.78703127e-02  4.94859292e-02 -5.28867316e-02
  -4.18051209e-02  4.33979725e-02  1.02715098e-02 -5.67386032e-02
  -2.03643922e-02 -4.43415684e-02 -4.74484374e-02  9.31785934e-02
   5.03268839e-02 -4.14015716e-03 -5.92068188e-02 -4.73743370e-02
   8.84770022e-02  5.50522070e-02 -8.92512233e-02 -3.53229323e-03
   2.93777384e-02 -3.52384620e-02  6.52893009e-02  9.04825922e-02
   2.81258444e-02 -4.18303649e-03 -4.11616003e-02  8.56410966e-02
  -2.74016560e-02 -4.71854833e-02  2.09566296e-02  8.07152519e-02
  -8.97385619e-02 -4.70110801e-02  4.54917878e-02  7.21213805e-02
  -9.26945480e-02 -9.63643512e-02  9.57491354e-02 -8.95741214e-02
   3.83059173e-02 -8.32676130e-02 -8.99269236e-02  7.00480381e-03
  -3.90079423e-02 -1.17195980e-01  8.38145779e-02 -2.63499820e-02
  -2.35327461e-02  2.12783527e-02 -9.90577573e-02 -3.01578375e-02
  -5.93700991e-02  3.08972140e-02  1.46067337e-02  4.76045268e-02
  -8.95325345e-03 -9.80160334e-02 -7.68527796e-02  1.12567271e-02
  -6.70959105e-02  5.83075563e-02  8.35903649e-04 -3.42944656e-02
  -5.07599600e-02 -1.10170353e-01 -9.68704075e-02  1.00485202e-03
  -5.94305608e-02  5.57942684e-02 -7.62397044e-02 -5.82291626e-02
   4.29839633e-02 -7.45400213e-02 -7.41905738e-02  5.88578867e-02
   8.71909008e-02  5.65174177e-02 -6.53181634e-02  9.76438225e-02
  -8.73823358e-02  7.30915057e-02 -6.29212266e-02  9.13606067e-02
  -2.96295975e-02 -3.64612085e-02  4.99181007e-02  1.62463266e-02
   7.65944575e-02  4.79666062e-02 -9.11794696e-03 -7.81950434e-02
  -1.17980798e-01 -5.92059523e-02  4.21780548e-02 -7.85823011e-02
  -1.04778127e-01  8.20255861e-02  3.81864616e-02  7.62261770e-02
  -1.00279871e-02  9.75706859e-02 -2.39587560e-02 -9.74723237e-02
   1.82885537e-02 -1.10219424e-03 -1.81016954e-02  4.54615656e-02
   5.43689809e-02 -7.41622496e-02 -6.38021997e-02 -4.03671828e-02
   4.53999808e-02  8.39260948e-02 -2.21856009e-02 -6.57614333e-02
   5.14585787e-02  6.17658391e-02 -6.23991779e-02  3.90901462e-02
  -8.33214657e-02  7.38573994e-02 -5.18806859e-02 -2.17421880e-02
   1.69793173e-02  2.70468197e-02 -7.87007954e-03 -8.02302064e-02
   3.86084230e-02 -1.15958664e-01 -8.06974177e-03 -9.05557194e-02
   4.22537626e-02 -1.09412908e-02 -1.80884996e-02  7.83708873e-02
  -7.38264678e-02 -8.80012376e-02  8.73140322e-02  4.30736123e-02
   1.17229861e-01  4.76626295e-02]
 [ 1.14719120e-03 -1.18960087e-02 -1.17165685e-01 -6.87959721e-02
  -8.54652119e-02 -8.03553831e-02  5.25893609e-02 -1.14771516e-01
  -6.43878796e-02 -7.91041853e-02 -3.98415580e-03  1.19269783e-01
  -8.27562684e-02 -7.45261205e-02  9.23624308e-02 -7.99853293e-03
  -3.52460280e-02  1.41871986e-02 -9.81695666e-02 -1.05841585e-01
  -3.26057536e-02  8.36688352e-02 -6.95305247e-02  1.57134587e-02
   1.79368809e-03 -7.15372352e-03 -4.82413545e-02 -6.53798891e-02
   6.53990590e-02  8.02452368e-02  8.09263950e-03 -3.69734808e-02
  -9.69018792e-02  2.33887820e-02 -7.70578900e-02  3.38679850e-02
   1.47894400e-02 -1.13728402e-01  6.10624290e-02 -3.21372350e-02
   8.14192752e-02  6.01787370e-02  3.28850885e-02  6.71809060e-02
   9.68833686e-02 -4.42348144e-03 -4.98228697e-02  9.76941296e-03
   2.29117245e-02  1.73021024e-02 -5.22509518e-02 -1.16083382e-01
  -2.62836317e-02 -8.55059429e-03  4.18626861e-02 -9.27501447e-02
   1.43361581e-02  6.70565723e-02 -8.22772993e-02 -5.01833071e-02
  -1.26266926e-02 -5.08260121e-03  8.52577669e-02  4.59987278e-02
  -1.65972034e-02  4.32430079e-02  7.74625303e-02 -1.05793092e-01
   1.99638469e-02 -5.72848689e-04  3.25750138e-02 -4.66010858e-02
  -3.05226203e-02 -6.36320989e-02 -1.88207076e-02 -6.97449281e-02
   4.13570656e-02  8.71758129e-02 -3.05323385e-02  7.79980665e-02
   5.22273518e-02  8.06726714e-02  9.87655061e-02  1.12794047e-01
  -2.67717304e-02 -3.49439084e-02 -8.03553492e-02 -2.79993619e-02
  -3.38586908e-02  2.60401549e-03 -8.51851020e-03  8.75616805e-02
   2.47238066e-02  4.79888736e-02  1.12528876e-01 -1.09366942e-01
  -1.16761949e-01 -8.15421512e-02  9.85875291e-02  6.49725302e-02
   7.54449750e-02  4.99449011e-02  9.97984300e-02  3.28036692e-02
   9.90239478e-02 -2.66773823e-02 -2.86595120e-03  2.54018995e-02
   5.69604202e-02  1.12150515e-01  1.16079188e-01 -1.25296452e-01
   1.04251835e-02 -2.81663669e-02 -9.18107450e-02  4.25758173e-02
   1.72464555e-02  9.39418997e-02 -6.12835862e-02 -5.10765273e-02
   7.61667214e-02 -1.46342923e-02 -9.47255198e-02 -4.41580472e-02
  -7.20565049e-02 -7.61709190e-02 -8.92276181e-02 -6.73869843e-02
  -4.49470430e-02 -7.99043923e-02 -4.64954532e-02 -8.09115028e-02
   2.34410901e-02  4.60702351e-02 -2.49845932e-03 -2.11740195e-02
   5.47408874e-02 -8.58494427e-03  3.46572855e-02 -6.63294447e-02
  -8.22002510e-02 -7.28310632e-02  2.03861103e-02  1.21355598e-02
  -7.94814307e-02  1.07473166e-01  8.94548375e-02 -8.18055033e-03
   3.90065162e-02  3.14450569e-02 -8.07843476e-02  5.73795417e-02
  -9.60749348e-02 -6.35021059e-02 -8.24602014e-03 -3.05080723e-02
   4.86902688e-02 -1.06931860e-01 -8.25503517e-02 -1.13834909e-02
  -8.10992103e-02  5.13126930e-02 -8.15744225e-02  3.31553180e-02
   2.30257194e-02  9.31844320e-02  7.24430099e-02  3.03085813e-02
  -6.67300567e-02 -6.90510244e-03 -7.39100443e-02 -3.59238856e-02
   5.93383864e-02 -8.21665336e-03 -7.43889264e-02 -6.21710376e-02
  -7.20975366e-02 -3.06710970e-02 -8.15231658e-02 -2.31141644e-02
   9.99371363e-02  7.57210627e-02  4.75851646e-02 -3.80878643e-02
  -4.88847724e-02 -1.70920232e-02  9.08270774e-02 -2.73511016e-02
  -3.36085328e-02  1.35363046e-02 -6.76150949e-03 -2.98456186e-02
   4.50906641e-02  8.22093813e-02 -5.43163899e-02  9.59001936e-02
  -2.71545017e-02  7.56007397e-02  3.69830729e-02  2.54073213e-02
   2.19596619e-02  8.65308310e-02 -2.62826875e-02 -4.70448857e-02
   1.03106879e-01  2.35112180e-02  1.67736704e-02 -8.67638205e-02
  -5.82421295e-02 -2.05484237e-02 -5.37085143e-02 -3.10060277e-02
   7.13383569e-02  9.12293186e-03  5.07191610e-02  2.77791673e-02
  -8.32189179e-02 -2.70037820e-02 -3.07326863e-02  8.31461182e-02
  -7.41098209e-02  1.05250954e-01  4.30637093e-02 -7.41424909e-02
   3.08756404e-02 -2.38378519e-02  5.01190831e-02 -4.92568311e-02
   2.34492915e-02 -1.02956669e-01  7.56637410e-02  2.27977360e-02
  -2.25538494e-02  7.87815518e-02 -5.62232548e-02  7.54959630e-03
   9.98741746e-02 -3.26078356e-02  6.11918243e-02 -7.96070063e-02
   2.33465694e-02 -6.97757771e-02 -7.25504227e-02 -7.97855191e-02
  -6.67360689e-02  8.50756045e-02 -6.27444619e-02 -4.69254961e-02
   1.03787111e-01 -1.83207125e-02]
 [ 6.71575376e-02  7.51180784e-02  9.25058715e-02 -6.06130165e-02
  -8.28803986e-02  2.43205256e-04  1.07211575e-01  5.56037178e-02
   4.21993223e-02 -7.67572649e-02 -5.34676335e-02  3.28748136e-02
   1.53935120e-02  1.08129513e-01  8.59423376e-02  6.83788034e-02
   1.30942784e-02 -6.46755510e-02  7.45938191e-02  1.68734096e-02
   8.30654233e-02 -1.93016599e-02 -4.45507746e-02 -3.84331139e-02
  -8.76016375e-02  1.21648564e-02  1.64267655e-02  9.27016128e-02
   1.55317267e-02  4.17868137e-02  1.67838340e-02 -1.06056245e-01
   5.02310051e-02 -5.56642711e-02  3.07931137e-02  1.02753729e-01
   2.76166491e-02  1.16893636e-01  4.71141031e-02 -9.00958642e-02
  -2.56128526e-02  7.82818463e-02  4.25336972e-02  5.86560043e-02
   6.56161924e-02 -2.39958754e-02  6.72836115e-02 -7.90985758e-03
  -8.01439915e-02  6.54283369e-02 -7.42087290e-02 -9.34440973e-02
   9.34008867e-02 -1.10221077e-01 -9.79165773e-02 -3.57552750e-02
  -1.39703834e-02 -7.36175889e-02 -4.30795612e-02 -7.81023631e-02
  -5.73670715e-02 -7.03264649e-02 -7.63089756e-03  3.23501967e-02
   9.17963686e-03  1.04816867e-01 -7.73799687e-02  6.28161248e-02
   1.25246762e-03 -5.69448101e-03 -9.95036495e-02  3.45483149e-02
  -1.90244155e-03 -8.39469965e-02 -3.60433916e-02 -7.44772483e-02
   1.03923033e-01 -8.81099989e-02  9.35697100e-02  2.06401321e-02
  -2.05666640e-02 -3.82364637e-02 -7.41782858e-02  2.52580181e-02
   4.37884829e-02 -6.96151671e-02 -4.95448763e-02 -4.93085537e-02
  -1.00710962e-01 -8.61915672e-02  9.56162238e-03 -6.24656010e-02
   8.36986996e-02  1.05454919e-01  7.11776550e-02  5.37619467e-02
   2.81443561e-02  7.08161248e-02 -5.85697549e-02  7.76583866e-02
  -6.63688662e-02  9.26660631e-02  8.68816685e-02  3.65253359e-02
  -3.49431797e-02  1.86963524e-03 -3.35281141e-02  1.68191961e-02
  -9.68351574e-02 -7.14713884e-02  4.40343712e-03 -2.52534972e-02
  -5.48854894e-02 -4.26998536e-02  7.32573710e-02  2.20974633e-02
  -4.08107614e-02 -9.24154436e-03 -2.96635078e-02  2.14277511e-02
  -3.16880831e-02 -1.77994671e-02 -2.98619027e-02 -1.03815719e-01
   7.33384546e-03 -1.22198018e-03  2.87043696e-02  2.85273001e-02
   1.83630280e-04  1.45071552e-02  1.25373117e-02 -2.68723046e-02
   3.93329997e-02 -5.57543192e-02 -9.88081212e-02  6.60012111e-02
   6.24472500e-02 -8.07325663e-02  7.58294097e-02 -1.71538872e-02
  -8.28789841e-02 -4.29513174e-02 -9.78859870e-02 -7.06754793e-02
   1.45212425e-02 -6.47363225e-02 -5.64205264e-02 -4.09166098e-02
   7.96835524e-02  9.04467036e-02  4.75929202e-02  3.54629814e-02
  -1.00191065e-01  2.55271660e-02 -2.84771976e-02  1.18553430e-01
  -1.09653725e-01 -6.53226762e-02  1.25077049e-02 -5.13743244e-02
   6.75180956e-02  6.68047417e-02 -8.42542671e-02  2.73811540e-02
  -8.85504421e-02  5.80871867e-02 -8.92268881e-02 -2.78713763e-02
   1.89328800e-02  1.23908458e-02 -4.67434320e-02  3.33898559e-02
   5.05988568e-02  3.36681031e-03 -1.35507920e-02  8.66910735e-03
   5.28856367e-02  6.67301959e-02  5.43623083e-02  7.02767849e-03
   6.92084843e-02  6.84934963e-02 -1.12148638e-01  9.89139318e-02
  -4.00951865e-02 -6.11574049e-02 -5.37477100e-02  9.44716834e-02
   4.64120486e-02  8.77449483e-02  2.56185667e-02  8.43328991e-02
  -8.46582326e-02  1.00477749e-01  8.29024802e-02  8.55030081e-02
  -7.94196971e-02  2.30253943e-02 -9.55496405e-03 -5.33885618e-02
   2.00045169e-02  8.54663183e-02 -9.28577745e-02 -9.92749406e-02
   6.73400901e-02  1.00806086e-01 -5.11055386e-02 -8.88616755e-02
  -5.88224554e-02 -5.44920617e-02  5.54422534e-02  9.33102618e-02
  -3.42346023e-02 -1.07731432e-01  7.60580180e-02 -3.58880255e-02
   9.48379609e-02 -5.96843420e-02 -1.05418583e-01 -9.44846298e-02
   9.37815752e-02  3.40495020e-02 -5.02620908e-02  3.69723046e-03
   1.10305903e-02  1.11055268e-02  4.13764386e-02 -5.65975933e-02
  -3.09091917e-02 -3.42289420e-02  1.05765179e-01  1.34328623e-02
   2.92735417e-02 -1.09333786e-01 -4.35481840e-02  2.28364887e-02
   2.24537090e-02 -1.39776772e-02 -9.34194142e-02 -8.69190946e-03
  -6.00859467e-02  3.69813113e-02 -1.87941476e-03  4.80883632e-02
   9.47652161e-02 -3.07398865e-02  1.98872744e-02 -9.76623575e-02
  -4.41156734e-02  4.22318212e-02]
 [-8.04614056e-02 -4.87404635e-02 -4.76575753e-03  7.27976464e-02
   5.79284554e-02 -8.33994541e-02  4.90825102e-02 -4.01133306e-02
  -7.10099889e-02  4.07190613e-02 -3.97772996e-02 -8.00019799e-02
  -2.04339829e-02 -5.47404053e-02  5.15470938e-02  7.37956490e-02
  -9.02703803e-02 -6.79762678e-02  6.04907744e-02 -8.07408833e-02
   5.91211993e-03 -7.04976790e-02 -9.28360157e-02 -6.60230766e-03
  -8.78297630e-02 -4.20832255e-02 -3.10604365e-02 -5.52891706e-02
  -8.04063728e-02  1.11065250e-01  3.55513349e-03 -8.22099051e-02
   3.38523647e-02  2.17328002e-02  7.80836105e-02 -7.03000211e-02
   8.63152904e-02  3.96481874e-02 -1.10249707e-02 -1.16832761e-01
  -5.67981836e-02 -6.31492245e-02 -6.91875730e-02  9.31374243e-02
  -5.13855586e-02 -6.44831423e-02 -2.66459574e-02  1.14081164e-02
   6.05997252e-02  6.95307735e-02 -3.66939339e-02 -2.76224095e-02
  -6.61413702e-02 -4.65624918e-02  4.43267318e-02  3.26103218e-02
   7.06376333e-02  6.94215422e-02  6.23738348e-02 -9.10312940e-02
  -3.37378381e-03 -5.40180384e-02 -7.95499509e-02 -9.38967822e-02
  -4.62746474e-02 -6.15586582e-02  4.58546852e-02  9.25284354e-02
  -5.90233019e-02 -6.18445437e-02 -4.31661748e-02 -2.70077371e-03
  -1.06921154e-01 -7.70124469e-02  1.02697153e-01  6.99317707e-02
   8.67118988e-02  3.44962623e-02  5.55208971e-02  1.08289613e-01
   1.60450261e-02 -9.80146024e-02  7.21334272e-02  1.48981054e-02
   9.37138795e-03 -1.83361804e-02 -1.48773839e-02  6.22860308e-03
   8.81866817e-02 -2.13159078e-02 -9.67646912e-02  4.95802684e-02
  -3.63196994e-02 -5.95565390e-02  2.84533693e-02  4.99782594e-02
  -4.24750354e-02  9.19247190e-02 -3.86486985e-02 -3.70547756e-02
   2.52045936e-02  7.33099704e-03 -3.99695727e-02  9.33692340e-02
  -2.73810560e-02  4.42549213e-02  6.76254446e-02  3.83289077e-02
   2.91136179e-02 -8.83548922e-03 -3.25570366e-02  5.40842306e-02
   7.68003003e-02  9.35216850e-02 -9.15932622e-02 -8.78130901e-02
  -1.41866051e-02  9.34698386e-03  3.11327849e-03 -5.91456871e-02
  -7.71554022e-02  7.01630574e-02  6.13298915e-02 -7.05285016e-02
   5.09081994e-02 -1.55032282e-02  5.20150395e-02 -7.62761400e-02
  -2.11063724e-02 -6.70517416e-02 -2.01888580e-02  2.31439583e-03
   9.07789005e-02 -3.52007048e-02 -2.36130523e-02  9.53174877e-02
   6.89962919e-02 -7.62250071e-02  8.51757409e-02 -8.52838885e-02
  -2.05185891e-02 -4.68396027e-02 -1.07947347e-01  7.87157488e-02
   2.40749138e-02 -1.85648060e-02 -9.38498635e-02  5.40295236e-02
  -7.00390963e-02  3.36632172e-02  4.45283316e-03 -5.25887650e-02
   7.10237668e-02 -6.63308088e-02 -2.75543007e-02  6.81779862e-02
  -2.54636764e-02  8.69796083e-02  3.48082321e-02  3.09977820e-02
   2.55345862e-02 -7.74928318e-02  4.68322395e-02 -9.17179789e-02
   9.20892120e-02  2.59669952e-02 -7.83896147e-02 -2.41181173e-02
   2.73964071e-02  3.06878906e-02 -2.13948429e-02 -1.01806836e-01
  -6.76372109e-02 -4.91291983e-02  2.65602023e-02 -1.02585270e-01
  -2.38380866e-03  5.67021984e-02  5.41915933e-02 -2.47134148e-03
   1.34706736e-05  6.26552174e-02 -9.29930322e-02 -6.01293623e-02
  -7.93001672e-02  7.30480701e-02  6.56185397e-02  8.78447712e-03
  -9.23893126e-02 -2.31794361e-02 -5.26726403e-02  4.89073846e-02
  -9.29875094e-02 -8.36708176e-02 -1.53378415e-02  1.03207226e-01
   9.01583409e-02 -8.18655578e-02 -5.31034428e-02 -7.79484680e-03
  -7.14419127e-02 -3.88407560e-04 -9.93844616e-02  9.78796014e-02
  -3.45054518e-02 -6.77244871e-02  6.33623703e-02 -1.85947845e-02
   5.96412636e-02  3.46304098e-02  5.54418506e-02  1.07331800e-01
  -1.93289737e-02 -1.42902358e-02 -8.74524147e-02  9.25635172e-02
  -4.26650228e-02 -4.34120322e-02 -4.82548498e-02  1.01740633e-01
  -9.73999030e-02  7.39578635e-02  6.17685218e-03 -1.05088822e-02
   7.10908046e-02 -5.98730152e-02 -7.65331687e-02 -1.05399611e-01
  -7.67020023e-02 -1.19121426e-01  2.74008909e-02 -5.74698053e-02
   6.89522496e-02  1.02469328e-01 -3.60312367e-02  8.19091727e-02
  -8.37518866e-02  1.06816441e-01  7.54896813e-02  5.64128968e-02
  -9.38080109e-02 -4.68910478e-02 -7.53881887e-02 -2.01776074e-02
  -2.04578502e-02  3.77476857e-03 -1.11610134e-01 -7.03272069e-02
  -1.85579455e-02 -2.50776782e-02]]