[[ 1.93134205e+00 -3.23512771e+00  1.31374180e+00]
 [ 9.91461610e-02 -2.09498860e+00  2.00310835e+00]
 [ 4.37828448e-01 -1.65493837e+00  1.22660867e+00]
 [-1.66357038e+00 -1.51624316e+00  3.18632182e+00]
 [ 5.47071006e-01 -1.16876298e+00  6.32812457e-01]
 [-3.91067934e-01  8.78183711e-01 -4.78753370e-01]
 [ 7.10303971e-01 -2.25512481e+00  1.55358284e+00]
 [ 2.94549020e-01 -5.81002294e-01  2.95714127e-01]
 [-3.96569187e-01  1.80041932e+00 -1.39598025e+00]
 [ 1.03656969e+00 -3.15911120e+00  2.13155265e+00]
 [ 4.74042549e-01  6.04317835e-01 -1.07031853e+00]
 [ 7.24650053e-01 -2.44510108e+00  1.72765448e+00]
 [ 9.21295842e-01 -3.47889169e+00  2.56321466e+00]
 [ 7.05260371e-01 -1.49387752e+00  7.97762401e-01]
 [ 4.90733367e-01 -1.29775167e-01 -3.52096368e-01]
 [-1.61246322e+00  1.62689911e+00 -1.10626421e-02]
 [-1.10326240e+00  1.53384889e+00 -4.25945109e-01]
 [-7.06888459e-01  1.14524984e+00 -4.31207825e-01]
 [-2.78525299e-01 -9.54148939e-01  1.23764554e+00]
 [-2.07684866e+00 -8.95995804e-01  2.97799751e+00]
 [-6.39061858e-01  2.35493860e+00 -1.70578392e+00]
 [ 2.73234716e-01  5.11246592e-01 -7.76281439e-01]
 [ 5.58852805e-01 -1.88183767e+00  1.33385189e+00]
 [ 3.81458679e-01 -8.94056477e-01  5.20384857e-01]
 [-3.50490913e-01 -4.45602522e-01  8.02488582e-01]
 [ 5.13055656e-01 -5.31947830e-01  2.55922691e-02]
 [-6.25866643e-01  5.34683070e+00 -4.71516780e+00]
 [-1.68603999e+00  2.35606953e+00 -6.58896786e-01]
 [ 3.01999522e-01 -5.65678783e-01  2.69051357e-01]
 [ 3.09821337e-01 -8.73846456e-01  5.69823196e-01]
 [-4.37670190e-01 -1.99756776e+00  2.43619730e+00]
 [ 1.34987863e+00 -1.51294435e+00  1.73993571e-01]
 [-5.42800543e-01  6.67342798e-01 -1.19677595e-01]
 [-4.10052547e-01  2.51382525e+00 -2.09284731e+00]
 [-1.54292142e+00  3.68104325e+00 -2.13084644e+00]
 [-4.82091148e-01  1.65592005e+00 -1.16885032e+00]
 [ 8.14758217e-01 -8.54966064e-01  4.88982058e-02]
 [ 5.52729904e-01 -1.17546943e+00  6.30297332e-01]
 [ 6.65887998e-01 -1.21512892e+00  5.55793798e-01]
 [-2.00206146e-01  1.31244719e+00 -1.10749195e+00]
 [ 1.36157073e+00 -9.73482964e-01 -3.79627515e-01]
 [-8.13820006e-01  1.32813738e-01  6.82707040e-01]
 [-4.95285621e-02  1.68916575e+00 -1.63068531e+00]
 [ 6.90601071e-01 -3.65918389e+00  2.97967806e+00]
 [-1.35153056e+00  3.73600203e-01  9.85063490e-01]
 [ 1.10858101e+00 -4.13619871e+00  3.03760855e+00]
 [-9.24826546e-02  3.28479690e-01 -2.27563918e-01]
 [ 6.04661058e-01 -4.12990586e-01 -1.81181888e-01]
 [ 6.95231372e-01 -8.89749624e-01  2.06005714e-01]
 [ 1.84295163e-01  1.04554908e-01 -2.80813581e-01]
 [ 5.87973371e-03 -3.95902875e+00  3.96098289e+00]
 [ 1.98439051e+00 -3.44016319e+00  1.46469294e+00]
 [-4.49269355e-01 -4.31833650e-01  8.86603850e-01]
 [ 1.30095460e+00 -2.64991981e+00  1.35961745e+00]
 [ 5.46525712e-01 -5.35290202e-01  1.61614700e-03]
 [ 1.06522069e+00 -2.98568468e+00  1.92957608e+00]
 [ 6.94914683e-01 -1.06116086e+00  3.76847041e-01]
 [ 6.07421597e-01  2.82635257e+00 -3.42807471e+00]
 [ 2.17227276e+00 -4.97569265e+00  2.81073664e+00]
 [-6.39276294e-01  1.70124869e+00 -1.05361627e+00]
 [ 2.71248504e-01 -2.49993437e+00  2.23585614e+00]
 [-1.50108407e+00 -5.40679165e-01  2.04811260e+00]
 [-2.97231541e-01  5.51809922e-01 -2.51100706e-01]
 [ 1.09813149e+00 -2.79715446e+00  1.70521761e+00]
 [ 5.46162345e-01 -1.77491294e+00  1.23632939e+00]
 [ 1.47045706e+00 -2.61877423e+00  1.15750676e+00]
 [ 1.10412837e-01 -3.37732285e+00  3.26783965e+00]
 [-1.61081062e+00  3.91130578e+00 -2.29490762e+00]
 [ 5.94980638e-01 -8.64269485e-02 -4.97710298e-01]
 [-3.72329061e-01  5.52330032e-01 -1.71389097e-01]
 [ 8.94731789e-01 -2.55892313e+00  1.67137753e+00]
 [-1.08076311e+00  1.61781359e+00 -5.24668386e-01]
 [ 8.78078488e-01 -1.48701976e+00  6.20183974e-01]
 [-5.02407891e-01 -4.71783449e-01  9.78330920e-01]
 [ 1.76495057e+00 -2.65877248e+00  9.03267481e-01]
 [ 8.63417704e-02  6.71102903e-01 -7.48137145e-01]
 [ 3.89588216e-01 -1.78013255e+00  1.39390070e+00]
 [-3.72187451e+00  6.28880077e+00 -2.56201140e+00]
 [ 3.97833516e-01 -1.03265967e+00  6.45592549e-01]
 [-1.03349579e+00  2.11120754e+00 -1.07200363e+00]
 [ 6.51586258e-01  1.08059941e-01 -7.49068713e-01]
 [-3.58923815e-01 -5.36445947e-01  9.02493282e-01]
 [-1.15419770e+00  3.82593969e+00 -2.66556300e+00]
 [-1.42871070e+00  2.69231605e+00 -1.25677428e+00]
 [-5.88279318e-01  3.63744114e+00 -3.03951968e+00]
 [-1.89314083e-01  6.56721385e-01 -4.60005934e-01]
 [-7.27008172e-02 -1.29471849e+00  1.37607301e+00]
 [-5.93000006e-01  1.38159831e+00 -7.85273915e-01]
 [-1.75840636e-01 -5.53924256e-01  7.35671895e-01]
 [-1.48597076e+00  1.60500273e+00 -1.12957120e-01]
 [-4.69566798e-01  3.68558695e-01  1.08404971e-01]
 [ 1.61190231e+00 -1.61463029e+00  1.59222309e-02]
 [-5.66581342e-02  2.25738248e-01 -1.60278841e-01]
 [-2.62298487e-01  3.78432268e-01 -1.10994470e-01]
 [ 5.76765284e-01 -5.13801088e-01 -5.39828677e-02]
 [-9.34128958e-02  2.93046982e+00 -2.82737065e+00]
 [ 7.11636302e-01 -2.25781586e+00  1.55310743e+00]
 [ 4.14617725e-01  3.24196899e-01 -7.26676836e-01]
 [-8.76542182e-01  2.14798798e+00 -1.26319506e+00]
 [ 2.36528823e-01 -9.61718226e-01  7.33404269e-01]
 [-8.98202103e-01  1.45015522e+00 -5.43629531e-01]
 [-2.09171316e-01 -9.34762207e-01  1.15110960e+00]
 [ 5.15509836e-01  7.40459579e-01 -1.24619641e+00]
 [ 5.05727689e-01 -3.41199364e-01 -1.56489862e-01]
 [-6.70282428e-01  4.12087973e-01  2.65054752e-01]
 [-2.24797516e-01 -3.44255307e-01  5.74998788e-01]
 [-7.66821346e-03  1.15887107e+00 -1.14691744e+00]
 [-1.17655598e+00  2.00368028e+00 -8.20622142e-01]
 [ 3.60869281e-01 -9.49391276e-01  5.97708327e-01]
 [-2.92574869e-01  2.47101755e-01  5.38647040e-02]
 [ 1.44957823e-01 -2.72724929e-01  1.37194605e-01]
 [-6.90844905e-01  4.65443182e-01  2.34274935e-01]
 [ 5.24818462e-01 -2.41210041e+00  1.89592899e+00]
 [ 6.49480280e-01 -3.87639905e+00  3.23345896e+00]
 [-7.37562584e-01  4.19614026e-01  3.23326114e-01]
 [ 5.55766376e-01 -2.77472930e+00  2.22597968e+00]
 [ 8.04058184e-02 -7.98315764e-01  7.24353326e-01]
 [ 5.08932393e-02 -1.13907491e+00  1.09593162e+00]
 [ 4.39165056e+00 -4.87193565e+00  4.92973737e-01]
 [-1.08233924e+00  7.53814502e-01  3.34998676e-01]
 [-8.20124731e-01  6.57839162e-01  1.69602125e-01]
 [ 1.68379683e+00 -3.62080828e+00  1.94695192e+00]
 [-1.91881469e-01 -1.77010501e+00  1.96967579e+00]
 [ 8.63425734e-02  1.64783722e+00 -1.72706618e+00]
 [ 5.95184732e-03  6.99338907e-01 -6.96168113e-01]
 [-5.78287280e-01  3.42110360e+00 -2.83719446e+00]
 [-3.88973443e-01  6.20213190e-01 -2.23124881e-01]
 [-1.42644541e+00  2.83911627e+00 -1.40740563e+00]
 [-1.32689003e+00 -1.16284789e+00  2.49317202e+00]
 [-2.29525667e+00  2.77923138e+00 -4.78789114e-01]
 [ 4.98990548e-01 -2.03046406e+00  1.53795006e+00]
 [ 5.22500084e-01 -8.81667986e-01  3.66141143e-01]
 [ 4.34500678e-01 -1.87026103e+00  1.44519960e+00]
 [-8.89101109e-01  1.13132613e+00 -2.34170008e-01]
 [ 3.18759713e-01  3.33772134e-01 -6.42375497e-01]
 [ 2.92178820e-01  5.00277700e-01 -7.81852817e-01]
 [-9.23951830e-01  1.79506406e+00 -8.64020049e-01]
 [-4.66737261e-01  1.39650664e+00 -9.21607578e-01]
 [ 3.95627841e-01 -2.99577571e-01 -8.84400215e-02]
 [-1.75901480e+00  2.80663440e+00 -1.04275903e+00]
 [ 7.98928269e-01 -2.67560245e+00  1.88442470e+00]
 [ 4.12102671e-01  7.22364709e-01 -1.12354934e+00]
 [-1.12448295e+00  1.44828900e+00 -3.16095976e-01]
 [-8.61399803e-01  1.05960030e-01  7.60244683e-01]
 [ 2.98517918e-01 -2.44683706e-01 -4.48650153e-02]
 [ 2.65096104e-01 -2.40109309e+00  2.14219058e+00]
 [-6.53611734e-01  4.42257394e+00 -3.76055067e+00]
 [ 6.91497308e-02 -1.64747752e-01  1.04583512e-01]
 [-7.04438113e-01  2.49204494e+00 -1.77766933e+00]
 [-2.92127566e-01 -3.66489857e-01  6.66416862e-01]
 [ 8.12562319e-02  8.80112506e-01 -9.52695355e-01]
 [-1.51513321e+00  2.81621763e+00 -1.29527430e+00]
 [-5.49227420e-01  2.48666701e+00 -1.92811578e+00]
 [ 7.28011573e-01  4.73911302e-01 -1.19222005e+00]
 [ 6.21244080e-01 -9.40336288e-01  3.26193378e-01]
 [-1.71832612e+00  2.69398615e+00 -9.70204618e-01]
 [ 3.93239723e-01 -9.20476600e-01  5.35141803e-01]
 [ 1.32949117e+00 -8.88803866e-01 -4.32062302e-01]
 [ 5.93619771e-01 -1.70766864e+00  1.12406451e+00]
 [-7.48057224e-01  2.58238274e+00 -1.82545657e+00]
 [-1.00612140e-02 -4.69225725e-01  4.87163960e-01]
 [ 1.50254803e-01 -8.63781100e-01  7.20168762e-01]
 [-6.36677941e-01  1.99651147e+00 -1.35502080e+00]
 [ 2.56822598e-01 -3.53480197e+00  3.28345574e+00]
 [-2.02479911e+00  4.43392131e+00 -2.40410915e+00]
 [-4.04484994e-01 -3.36428207e-01  7.49447556e-01]
 [-1.52719818e-01  1.95973847e+00 -1.79960693e+00]
 [-6.20273473e-01 -1.91919223e-02  6.45542943e-01]
 [ 8.95424042e-01 -2.19437491e+00  1.30645473e+00]
 [ 5.06156766e-01 -4.30197455e-01 -6.96797839e-02]
 [-5.64266301e-01  2.00898435e+00 -1.43355245e+00]
 [-6.49404860e-01  2.83616059e+00 -2.18114532e+00]
 [-9.16689340e-01  1.33762393e+00 -4.13541355e-01]
 [-5.65081995e-02  3.98820140e-02  2.20883800e-02]
 [-5.92596060e-01  8.42107461e-02  5.16209180e-01]
 [-5.81898561e-01  4.76880308e+00 -4.17872688e+00]
 [ 2.67425604e+00 -4.76461767e+00  2.09872571e+00]
 [-4.73038804e-01  1.15853879e+00 -6.76388900e-01]
 [ 4.33197432e-01 -1.21994820e+00  7.95299954e-01]
 [ 5.85004199e-01  1.63566620e-01 -7.42521834e-01]
 [ 6.49010057e-01 -2.30053032e+00  1.65811257e+00]
 [ 2.50120592e-01 -2.45824897e-01  6.80949895e-03]
 [-9.49115531e-01  3.19071284e+00 -2.23398473e+00]
 [-1.35619506e-01  1.54505636e-01 -8.77043665e-03]
 [-5.14428141e-02  2.08196148e-01 -1.48909180e-01]
 [-7.03665360e-01 -6.98900407e-01  1.41003391e+00]
 [-7.14702208e-02 -2.98410456e+00  3.06058452e+00]
 [-1.50121410e-01  1.50317792e-01  8.46955576e-03]
 [ 1.23477600e-01 -4.43351608e-01  3.27044755e-01]
 [ 5.57652388e-03  6.01711472e-01 -5.97794063e-01]
 [-1.42045312e-02 -1.46464657e+00  1.48577275e+00]
 [-1.35068202e+00 -4.15234477e-01  1.77258475e+00]
 [ 1.12504371e+00 -2.02855421e+00  9.11733817e-01]
 [ 1.03036837e+00 -3.00590013e+00  1.98132046e+00]
 [-2.74547899e-01  1.70551177e+00 -1.42224593e+00]
 [ 4.12530013e-01 -1.60392748e+00  1.20046060e+00]
 [-1.74482663e+00  4.61730017e+00 -2.86892662e+00]
 [-1.76815059e+00  5.06234336e+00 -3.29025855e+00]
 [-4.47422398e-01  2.87258746e+00 -2.41254507e+00]
 [ 4.74878209e-01 -1.82616981e+00  1.35779445e+00]
 [ 2.70534848e-01 -2.14037508e+00  1.87827068e+00]
 [-1.23205355e+00  3.17787435e+00 -1.93713330e+00]
 [ 2.43979836e+00 -4.10475538e+00  1.67540908e+00]
 [-3.87514892e-01 -5.41911524e-01  9.36019994e-01]
 [ 9.14258798e-01 -3.01392137e+00  2.11046946e+00]
 [-1.91923856e-02  7.01351313e-01 -6.74714361e-01]
 [ 6.25005931e-01  7.43403020e-01 -1.35992270e+00]
 [ 7.57694894e-01 -1.38057538e+00  6.29895995e-01]
 [ 5.63042746e-02 -8.39724643e-02  3.54961906e-02]
 [ 9.72780628e-01 -9.86596614e-02 -8.65979275e-01]
 [ 1.03765284e+00 -2.50254515e+00  1.47207820e+00]
 [ 5.31359565e-01  5.88456954e-01 -1.11246278e+00]
 [-7.97835620e-01  2.08050186e+00 -1.27595833e+00]
 [-1.64224897e-01  5.37576445e-01 -3.66033107e-01]
 [ 2.51150745e-02 -8.48141382e-01  8.28196209e-01]
 [ 7.37771508e-01 -1.42520337e+00  6.93963405e-01]
 [-6.60155059e-02  1.14546249e+00 -1.07122044e+00]
 [-1.10426292e+00  2.32680492e+00 -1.21923669e+00]
 [-8.00384514e-01  1.06112506e+00 -2.55823892e-01]
 [ 7.67181507e-01 -1.46188735e+00  7.03862164e-01]
 [-2.12482297e-02  5.24810843e-01 -4.97217247e-01]
 [ 7.65485275e-02 -3.17563073e-01  2.51899576e-01]
 [ 5.47165863e-01 -8.26152214e-01  2.84102785e-01]
 [-3.42408570e+00  6.73653988e+00 -3.30863969e+00]
 [-2.89434729e-04  2.14938094e+00 -2.13923561e+00]
 [ 1.97182125e-01 -1.47315401e+00  1.28463391e+00]
 [-6.73469448e-01  1.08814102e+00 -4.10813948e-01]
 [ 5.90596960e-01  1.24245104e-01 -7.02179959e-01]
 [ 2.71964413e-01  1.17099722e+00 -1.43628110e+00]
 [ 2.40485198e-01  1.66239057e+00 -1.89245525e+00]
 [-5.47316655e-01  1.10829117e+00 -5.52665132e-01]
 [-2.51857862e-01  1.40902327e+00 -1.14927658e+00]
 [-3.37393990e-01  5.73134916e-01 -2.33913252e-01]
 [ 2.07609203e-01 -9.39485685e-01  7.38505909e-01]
 [ 1.49330328e-01 -8.93347710e-01  7.49700008e-01]
 [-3.05735684e-01  1.58146161e+00 -1.26728120e+00]
 [-2.08515435e-01 -2.02713859e-01  4.16926592e-01]
 [ 5.72986971e-01 -1.22100497e+00  6.58086773e-01]
 [-7.45804627e-01  1.07934862e+00 -3.25382218e-01]
 [ 5.78989979e-01 -8.87518663e-01  3.16646320e-01]
 [ 1.46368167e-01 -4.06899561e-02 -9.76569640e-02]
 [ 3.35645160e-01 -5.89823504e-01  2.59904787e-01]
 [-5.73251434e-01 -1.27767865e+00  1.85603177e+00]
 [-1.90371891e-01  2.12957453e+00 -1.93352530e+00]
 [ 1.90980185e-01  6.33087096e-01 -8.16154805e-01]
 [-1.67756579e-01  2.05593698e+00 -1.87878351e+00]
 [ 8.27596436e-01 -3.50903241e+00  2.68949721e+00]
 [-5.57660237e-01  1.86320954e+00 -1.29867994e+00]
 [-5.29215238e-01  5.51542182e-01 -1.46908377e-02]
 [-2.83626769e-01 -6.00897815e-01  8.92510225e-01]]