[[-2.10434337e-10  1.00000000e+00  6.73026079e-11]
 [-2.31011654e-10  1.00000000e+00  3.81987775e-11]
 [-2.28169483e-10  1.00000000e+00  6.54836185e-11]
 [-2.07364792e-10  1.00000000e+00  9.82254278e-11]
 [-2.12821760e-10  1.00000000e+00  4.91127139e-11]
 [ 1.00000000e+00 -5.09317033e-11 -4.63842298e-11]
 [-2.41470843e-10 -6.00266503e-11  1.00000000e+00]
 [-2.41243470e-10 -1.00044417e-10  1.00000000e+00]
 [-2.27259989e-10 -6.00266503e-11  1.00000000e+00]
 [ 1.00000000e+00 -6.91215973e-11  6.45741238e-11]
 [-2.38514986e-10 -7.82165444e-11  1.00000000e+00]
 [-2.06796358e-10  1.00000000e+00  7.82165444e-11]
 [ 1.00000000e+00 -6.73026079e-11  5.54791768e-11]
 [-2.38060238e-10 -1.03682396e-10  1.00000000e+00]
 [ 1.00000000e+00  3.63797881e-12  1.09139364e-11]
 [-2.39424480e-10 -8.36735126e-11  1.00000000e+00]
 [-2.18051355e-10  1.00000000e+00  8.00355338e-11]
 [ 1.00000000e+00 -5.09317033e-11  2.91038305e-11]
 [-1.93153937e-10  1.00000000e+00  1.18234311e-10]
 [-2.29647412e-10 -1.43700163e-10  1.00000000e+00]
 [ 1.00000000e+00 -1.18234311e-10  7.54880602e-11]
 [-2.03840500e-10  1.00000000e+00  1.21872290e-10]
 [-2.06114237e-10  1.00000000e+00  4.91127139e-11]
 [-2.22598828e-10 -1.27329258e-10  1.00000000e+00]
 [ 1.00000000e+00 -1.69166015e-10  9.45874490e-11]
 [-2.15209184e-10  1.00000000e+00  3.63797881e-12]
 [-2.43744580e-10 -1.81898940e-11  1.00000000e+00]
 [ 1.00000000e+00 -6.91215973e-11  1.27329258e-11]
 [-2.23053576e-10 -1.23691279e-10  1.00000000e+00]
 [-2.25668373e-10 -1.43700163e-10  1.00000000e+00]
 [-2.43630893e-10 -1.29148248e-10  1.00000000e+00]
 [-2.06910045e-10  1.00000000e+00  9.45874490e-11]
 [-2.23735697e-10 -1.16415322e-10  1.00000000e+00]
 [-2.31693775e-10 -1.38243195e-10  1.00000000e+00]
 [ 1.00000000e+00 -1.10958354e-10  5.63886715e-11]
 [ 1.00000000e+00 -1.81898940e-12 -8.18545232e-12]
 [ 1.00000000e+00 -4.91127139e-11  4.27462510e-11]
 [-2.03613126e-10  1.00000000e+00  6.18456397e-11]
 [ 1.00000000e+00 -1.52795110e-10  1.31876732e-10]
 [ 1.00000000e+00 -6.54836185e-11  4.09272616e-11]
 [ 1.00000000e+00 -8.54925020e-11  5.63886715e-11]
 [-2.13049134e-10  1.00000000e+00  8.18545232e-11]
 [-2.31807462e-10 -2.18278728e-11  1.00000000e+00]
 [-2.15777618e-10  1.00000000e+00  1.09139364e-11]
 [-2.34535946e-10 -1.16415322e-10  1.00000000e+00]
 [ 1.00000000e+00 -4.91127139e-11  3.54702934e-11]
 [-2.38514986e-10 -1.01863407e-10  1.00000000e+00]
 [-2.21689334e-10 -1.27329258e-10  1.00000000e+00]
 [-2.18278728e-10  1.00000000e+00  9.82254278e-11]
 [-2.13390194e-10  1.00000000e+00  1.32786226e-10]
 [ 1.00000000e+00 -6.54836185e-11  6.45741238e-11]
 [-2.35331754e-10 -1.45519152e-10  1.00000000e+00]
 [-2.31352715e-10 -3.63797881e-11  1.00000000e+00]
 [-2.37150743e-10 -1.72803993e-10  1.00000000e+00]
 [ 1.00000000e+00 -2.00088834e-11  5.45696821e-12]
 [ 1.00000000e+00 -1.05501385e-10  8.18545232e-11]
 [ 1.00000000e+00 -4.72937245e-11  1.90993887e-11]
 [-2.14754436e-10  1.00000000e+00  5.63886715e-11]
 [ 1.00000000e+00 -2.36468622e-11 -4.00177669e-11]
 [-2.36809683e-10 -8.00355338e-11  1.00000000e+00]
 [-2.24758878e-10  1.00000000e+00  1.50976120e-10]
 [-2.40902409e-10 -1.63709046e-10  1.00000000e+00]
 [ 1.00000000e+00 -7.09405867e-11  3.81987775e-11]
 [-2.11684892e-10  1.00000000e+00  4.36557457e-11]
 [-2.17937668e-10 -9.09494702e-11  1.00000000e+00]
 [-2.28169483e-10 -7.82165444e-11  1.00000000e+00]
 [ 1.00000000e+00 -5.27506927e-11  2.27373675e-11]
 [-2.29192665e-10 -5.82076609e-11  1.00000000e+00]
 [-2.05432116e-10  1.00000000e+00 -3.63797881e-12]
 [ 1.00000000e+00 -8.36735126e-11  7.73070497e-11]
 [-2.02589945e-10  1.00000000e+00  7.09405867e-11]
 [-2.10548023e-10  1.00000000e+00  1.21872290e-10]
 [-2.07364792e-10  1.00000000e+00  7.63975549e-11]
 [ 1.00000000e+00 -9.09494702e-11  4.27462510e-11]
 [ 1.00000000e+00 -2.36468622e-11 -2.54658516e-11]
 [-2.17710294e-10  1.00000000e+00 -3.63797881e-12]
 [ 1.00000000e+00 -7.27595761e-11  6.09361450e-11]
 [-2.10661710e-10  1.00000000e+00  6.18456397e-11]
 [-2.21348273e-10 -1.83717930e-10  1.00000000e+00]
 [-2.07023731e-10  1.00000000e+00  3.45607987e-11]
 [ 1.00000000e+00 -7.09405867e-11  2.54658516e-11]
 [ 1.00000000e+00 -1.27329258e-10  9.18589649e-11]
 [-1.89970706e-10  1.00000000e+00  1.05501385e-10]
 [-2.10775397e-10 -1.85536919e-10  1.00000000e+00]
 [ 1.00000000e+00 -5.09317033e-11  6.82121026e-11]
 [-2.28737917e-10 -1.27329258e-10  1.00000000e+00]
 [-2.40788722e-10 -1.60071068e-10  1.00000000e+00]
 [-2.16118679e-10  1.00000000e+00  4.54747351e-11]
 [-2.33171704e-10 -1.40062184e-10  1.00000000e+00]
 [-2.36127562e-10 -1.76441972e-10  1.00000000e+00]
 [-2.14754436e-10  1.00000000e+00  1.21872290e-10]
 [-2.11912266e-10  1.00000000e+00  1.01863407e-10]
 [-2.11571205e-10  1.00000000e+00  7.63975549e-11]
 [-2.30784281e-10 -1.49157131e-10  1.00000000e+00]
 [-2.29420039e-10 -1.32786226e-10  1.00000000e+00]
 [-2.14072315e-10  1.00000000e+00  7.63975549e-11]
 [-2.51930032e-10 -1.69166015e-10  1.00000000e+00]
 [-2.36809683e-10 -1.18234311e-10  1.00000000e+00]
 [ 1.00000000e+00 -8.00355338e-11  6.73026079e-11]
 [-2.14413376e-10  1.00000000e+00  1.81898940e-11]
 [-2.10320650e-10  1.00000000e+00  5.45696821e-11]
 [-2.32830644e-10 -2.12821760e-10  1.00000000e+00]
 [-1.99861461e-10  1.00000000e+00  3.27418093e-11]
 [-2.04181561e-10  1.00000000e+00  3.45607987e-11]
 [ 1.00000000e+00 -2.00088834e-11  1.54614099e-11]
 [-2.08274287e-10  1.00000000e+00  5.63886715e-11]
 [-2.45449883e-10 -1.50976120e-10  1.00000000e+00]
 [-2.50906851e-10 -1.65528036e-10  1.00000000e+00]
 [-2.29420039e-10 -1.76441972e-10  1.00000000e+00]
 [-2.06114237e-10  1.00000000e+00  3.09228199e-11]
 [-2.33853825e-10 -1.30967237e-10  1.00000000e+00]
 [ 1.00000000e+00 -1.16415322e-10  1.00044417e-10]
 [ 1.00000000e+00 -1.00044417e-10  7.73070497e-11]
 [ 1.00000000e+00 -5.45696821e-12  4.54747351e-11]
 [-2.51361598e-10 -8.18545232e-11  1.00000000e+00]
 [-2.37378117e-10 -6.00266503e-11  1.00000000e+00]
 [ 1.00000000e+00 -1.01863407e-10  3.72892828e-11]
 [ 1.00000000e+00 -7.45785655e-11  8.00355338e-11]
 [-2.01566763e-10  1.00000000e+00  4.00177669e-11]
 [ 1.00000000e+00 -1.34605216e-10  1.03682396e-10]
 [-2.30443220e-10 -9.27684596e-11  1.00000000e+00]
 [-2.23735697e-10 -1.38243195e-10  1.00000000e+00]
 [-2.13958629e-10  1.00000000e+00  5.82076609e-11]
 [ 1.00000000e+00 -7.09405867e-11  2.36468622e-11]
 [ 1.00000000e+00 -3.09228199e-11 -1.27329258e-11]
 [-2.22371455e-10  1.00000000e+00  6.18456397e-11]
 [-2.36013875e-10 -1.20053301e-10  1.00000000e+00]
 [-1.93040250e-10  1.00000000e+00  7.63975549e-11]
 [ 1.00000000e+00 -1.09139364e-10  1.00044417e-10]
 [ 1.00000000e+00 -4.36557457e-11  3.18323146e-11]
 [-2.03954187e-10  1.00000000e+00  6.00266503e-11]
 [-2.24645191e-10 -7.82165444e-11  1.00000000e+00]
 [ 1.00000000e+00 -7.27595761e-11  7.54880602e-11]
 [-2.35331754e-10 -8.00355338e-11  1.00000000e+00]]