[[ 1.90175328e-01  1.80598083e-02 -1.73365502e-01 -2.51786605e-01
  -7.09135573e-01  9.73162736e-01 -4.24165112e-01 -8.99844980e-01
   2.32684347e-01 -6.53505830e-01 -4.98209918e-01  2.54361369e-01
  -4.04313092e-01 -3.73565281e-01  1.05434988e-01  7.98622245e-01
   3.91465971e-01  2.62900066e-01  4.35061136e-02 -8.58291276e-02
   6.53879271e-01  2.73390612e-01  1.85904395e-01  5.36065222e-01
   9.20642381e-01 -7.85992397e-01 -9.70478927e-01  3.69501928e-02
  -7.66989734e-01  1.53058143e-01  1.28711061e-01 -4.04632142e-01
  -5.67630875e-01 -5.30009931e-01 -2.78587832e-01  1.07631292e-01
   2.35287646e-01  5.79192238e-01  1.98950807e-01  5.56051227e-01
  -1.19680427e-01 -2.88583945e-01 -8.51267681e-01 -9.35423652e-01
  -1.56613973e-01 -1.61472329e-02 -5.55721078e-01 -3.16718027e-01
  -6.73253775e-01  8.60695610e-01  8.13010379e-01  8.71046596e-01
  -6.37335467e-01  1.02666761e-01 -1.59251125e-01 -4.41210524e-01
   6.04310420e-01 -7.08488633e-01  2.71555772e-02  4.34758340e-01
  -2.39801327e-01  2.50886248e-01  7.00454404e-02  6.87066607e-01
   3.66103611e-01 -2.91591317e-01  8.00434521e-01  7.47469310e-01
   1.74505077e-01  9.28426900e-01 -4.63242851e-01  6.91401586e-01
   6.20415843e-01  4.57484014e-01  5.72692162e-01  1.37560140e-01
  -9.12669612e-01  2.07778038e-01 -8.87815980e-03  4.66697747e-01
  -8.99940063e-01 -4.27068280e-01 -9.70285931e-01 -7.54260069e-01
   6.97506312e-01  1.11865753e-01  4.29469936e-01 -5.11155158e-01
   2.79830166e-01  4.89015750e-01 -4.88595911e-01 -9.38485232e-01
  -5.35197944e-01 -2.03066582e-01  6.88981810e-01  6.61263468e-01
   4.54888748e-02  4.58002399e-01  6.14857566e-01 -3.40622450e-01
  -9.26499528e-01 -7.34889633e-01 -4.20318902e-01 -3.69220720e-01
   3.06918400e-01  2.67960704e-02 -2.57673354e-01 -8.40521741e-01
  -4.82391253e-01  3.65582432e-01  7.48947385e-01 -5.19777833e-01
  -9.58492545e-01 -4.49898943e-01 -7.50833411e-01 -1.56409137e-01
   1.26977719e-01  7.68242165e-01 -7.73021504e-01  7.44411161e-01
   8.97237427e-01 -8.52065884e-01 -6.86593794e-01 -8.72817247e-01
   2.31801137e-02 -3.41726832e-01  7.78906478e-02 -2.83728789e-02
  -9.64588557e-01 -8.28547851e-01 -9.71736978e-01 -5.49046266e-01
   2.62879182e-01  5.31088967e-01 -6.68003457e-01  7.35219494e-01
   3.12111149e-01 -6.88824636e-01  4.37799201e-01 -3.82732768e-01
  -2.07005104e-01 -7.38651598e-01  6.15139695e-01 -2.25789137e-01
   9.42097961e-01 -3.35243095e-01  6.55212057e-01  3.95434502e-01
   8.62129238e-01  8.73138089e-01  8.26374820e-01 -6.83417368e-01
   6.34582326e-01 -7.22038763e-01  7.86463093e-02  8.36012795e-01
   5.22952923e-01 -5.01479639e-01  9.47207248e-01  2.37999472e-01
  -6.13325188e-01  2.45994403e-02 -6.96755859e-01 -8.53926844e-01
   7.20039974e-01 -7.56328170e-02  3.28914714e-01 -2.71802270e-01
   9.47038797e-01 -8.50955374e-01 -9.61800028e-01 -4.81537214e-01
   3.79375985e-01  7.37102266e-02  4.40966331e-01 -3.91756699e-01
  -9.21024858e-01  4.12156917e-01 -3.34599353e-02  6.89794035e-01
  -3.08300747e-01  9.95181143e-01  3.60060464e-01 -8.38949732e-01
  -5.06292168e-01 -7.67740699e-01 -4.79348039e-01 -1.47040722e-01
   5.19598202e-01  5.53880421e-01 -3.13593466e-01 -5.29954678e-01
  -7.06235873e-01 -9.02164930e-01  6.63273055e-01  7.48798641e-01
  -7.34921428e-01 -1.41332322e-01  7.33514098e-01  4.22584127e-02
  -9.67610240e-01 -6.93514432e-01  7.34701061e-01  1.91488214e-01
   8.19219359e-01  3.55003881e-01 -8.31870286e-02  6.17071958e-02
  -7.36897262e-01 -3.12530836e-01 -3.87391364e-01 -9.38780229e-01
   8.32181838e-01 -8.59692483e-01 -8.53197015e-02  8.39832317e-01
   2.63202497e-01  7.44070866e-01 -9.03913174e-01  1.15165338e-01
  -8.55455194e-01 -9.31521141e-01  2.96816393e-01  4.06796981e-01
  -5.06659063e-01 -5.48793605e-01 -7.57858857e-01 -7.22734270e-02
   1.53012320e-01 -6.11963302e-01  8.77537824e-01 -6.55653485e-02
   3.33507037e-01  5.73929184e-01  8.82859609e-01 -3.09052689e-02
   1.62756608e-01  9.10657868e-01 -4.67411884e-01  7.14274410e-01
  -7.45533032e-01 -6.28931799e-01  4.11284576e-01 -9.92340831e-01
   5.04647217e-01  9.60027331e-01  5.50575822e-01 -7.84761033e-01
   7.78018868e-01  7.67423823e-01  3.80206907e-01  6.77120796e-01
  -3.32378459e-01 -7.96086743e-01 -8.32055446e-01 -1.72094332e-01
   9.93338775e-01 -8.69955572e-01  5.07120698e-01 -5.38507505e-01
   8.88628873e-01 -4.95884881e-01  8.63722019e-01  5.85191894e-01
   1.63160125e-02  8.31209406e-01  7.59150883e-01  8.46863528e-01
   2.10972163e-01 -6.46633667e-01 -4.86070477e-01  2.26262403e-01
  -7.54394413e-01  4.56801233e-01 -7.56752501e-02 -7.78911163e-01
   1.32489430e-01  7.56565442e-01  5.80994795e-01  1.66940540e-01
   1.14543122e-01 -3.95165313e-01 -2.24457803e-02  9.59208679e-01
  -6.11769238e-01  4.88215716e-01 -7.30926831e-01  4.26203481e-01
   5.79730565e-01  3.81060527e-01 -8.27475245e-01 -3.42992067e-01
   2.74229893e-01  8.45736138e-02 -7.61618773e-01 -6.11743080e-01
   3.45016210e-01  9.47211009e-01 -1.46274582e-01  4.60126035e-02
   9.47132292e-01 -7.20407565e-01  3.21905233e-02  4.98979030e-01
   6.63738149e-01 -1.30907337e-01  4.14347082e-01 -1.89008343e-01
  -8.63104627e-01 -8.15438373e-01 -2.60793224e-01  1.39173795e-01
  -8.28958488e-01 -6.90992658e-01  7.75974678e-01 -7.03683042e-01
  -5.29697305e-01 -9.38993484e-01 -7.73022166e-01  8.64129745e-01
   2.21139055e-01  3.96868012e-01  6.48451416e-01  8.72292859e-01
  -4.03934154e-02 -8.73059592e-01  6.39336807e-01  1.72801821e-02
   3.19529849e-02  3.72174503e-02  7.22407733e-01  5.31899407e-01
   9.96422394e-01 -3.88624502e-01  7.35500673e-02  3.56524328e-01
  -2.05839503e-01 -8.19210005e-01 -6.93353878e-01  6.14579659e-01
  -7.35064408e-01  9.75505081e-01 -5.12368232e-01  6.46885649e-01
  -1.09026379e-01  6.90403808e-01 -1.61257073e-01  7.16860352e-01
   8.95769361e-01 -6.54676315e-01 -9.24083380e-02  9.54206911e-01
   1.78704994e-01  7.78126182e-01 -1.85360617e-01  8.39163664e-01
  -1.77550763e-01  2.28646354e-01 -9.65083711e-01 -5.43507071e-01
  -3.03230435e-01  2.86447334e-02 -6.08955583e-01 -5.40722370e-01
   7.38235401e-01  9.59873936e-01 -5.60991561e-02  5.70782474e-01
   5.41568393e-01 -9.24460583e-01 -4.89783941e-01  3.12742240e-01
  -9.77115558e-01  1.75967050e-01  9.75715210e-01 -4.89634012e-02
  -5.06872962e-01  4.86528974e-01  1.30957078e-02  8.52323411e-01
  -2.12206868e-01  6.71919381e-01 -7.03254471e-01 -3.01525328e-01
   8.44556864e-01  5.85467092e-01  6.01933909e-01  5.74292390e-01
  -1.49972614e-01  2.25346355e-01  1.30624152e-01  4.94967779e-01
  -9.89496230e-02  2.96328235e-01  8.99291062e-01 -9.19986393e-01
   7.02131537e-01  9.44266052e-01 -2.61736386e-01  2.07952166e-01]
 [-5.13406091e-01  4.22717373e-01  9.05710411e-01  4.04252872e-01
   8.00354649e-01  7.82504808e-01 -1.06065610e-01 -3.07205287e-01
  -7.89587531e-01 -9.65748796e-01 -6.05656777e-01  5.81077851e-01
   8.96361073e-01  3.82800803e-03  5.75056067e-01  8.18132790e-02
   2.72196471e-01 -1.42806927e-01 -8.31371049e-01  2.61005643e-01
   9.82350451e-01  6.26764642e-01  4.98365199e-01  2.21643159e-01
   6.82979801e-01  3.57350891e-01 -4.30414957e-01  6.66564350e-01
   8.60733132e-02 -3.90977690e-02 -6.94166894e-01  2.19582804e-01
  -3.12476616e-01 -8.94534201e-01 -6.24404980e-01 -1.94834325e-01
   9.96924768e-01  6.82571385e-01  5.30553064e-01  9.61227223e-01
  -4.95009812e-01 -9.67453624e-01 -3.92343660e-02  3.19265138e-01
  -5.52764901e-01 -5.45995300e-01 -8.12580866e-01 -7.78332942e-01
  -6.29122374e-01  4.25621307e-01 -2.35690111e-01  6.00781102e-01
  -5.05856104e-01 -3.03572805e-01  1.09090089e-01 -7.72302192e-01
  -5.67011142e-01  8.45037496e-01  7.13189856e-01  9.26295736e-01
  -1.86884179e-01  4.64097946e-01  4.11302505e-01  8.28463280e-02
   2.57150825e-01  8.19116405e-01 -6.80819540e-01  1.71120508e-01
  -5.45445236e-01 -9.37081820e-01  6.21713886e-01 -3.38671601e-01
  -3.07259473e-01 -7.51167624e-01  2.36960707e-01  6.75057438e-01
  -7.83589182e-01 -9.87047634e-01 -6.69477100e-01  6.63737917e-01
   6.60398872e-01 -9.83014273e-01  4.39276511e-01 -8.07977654e-01
  -5.46566256e-01  3.23223858e-01 -2.83234399e-01  1.18848488e-01
  -8.62944722e-01  8.43325396e-01  6.53994058e-01 -3.26511237e-01
   4.60549486e-01  3.58464136e-01  3.87004520e-02  1.88790169e-01
  -2.54724170e-01  1.63667954e-01 -3.84791417e-01  6.46824892e-01
  -7.16692135e-01  7.34097578e-01  7.19057716e-01 -6.15790376e-01
  -8.94041961e-02 -6.02717902e-03 -3.73099723e-01  1.03980750e-01
  -6.98528957e-01 -1.60311693e-01  6.89729688e-01 -8.08559947e-01
  -4.95925966e-01 -5.22719540e-01  6.21131237e-01 -1.15675791e-01
  -2.04792452e-01  4.23097678e-01 -1.45517438e-01 -9.56266981e-01
   7.05173121e-01 -1.55331477e-01  4.03055292e-01  1.55620871e-01
  -1.76795401e-01 -5.06043481e-01 -7.66782794e-01  7.47157675e-01
   6.44316632e-01 -1.51385534e-01 -4.77812331e-01  4.53199098e-01
   3.60049928e-01  8.57112506e-01  2.16023257e-02 -4.19041991e-01
   2.26623615e-01  9.12426926e-01 -4.82531417e-01 -4.44767527e-01
  -8.77669949e-01 -1.00653604e-01 -7.46019114e-01  2.43640948e-01
   6.09736341e-01  3.07990547e-01  4.53480579e-01 -4.89076926e-01
  -3.81776343e-01  4.24203499e-01 -4.51667986e-01 -4.50274429e-03
   9.09262344e-01 -8.97601713e-01 -7.79801343e-01  1.39521956e-01
  -3.39939054e-01  4.68730460e-01 -8.96070240e-01 -8.11002327e-01
   5.30351018e-01 -2.73446689e-02 -2.75023254e-01 -1.55376246e-01
   4.58351918e-01  7.24758679e-01 -2.33820324e-02  5.35371907e-01
   9.67234631e-01  5.68566770e-01  3.17357578e-01 -8.24230474e-01
  -7.17388794e-01  8.89317257e-01  6.07549008e-01  9.28226709e-01
   3.49976708e-01  4.05469034e-02  4.29503260e-01  2.44911442e-01
   2.31538994e-01 -3.84063649e-01  6.50023510e-03 -4.38722260e-01
  -2.70215581e-01 -9.37421242e-01 -1.11129829e-01  8.68673651e-01
   9.75223112e-01 -4.50938724e-01  5.04719312e-02 -5.51885793e-01
   4.70790902e-01  3.11036586e-01 -7.17759113e-01 -2.00600496e-01
  -7.60470390e-01  1.24994075e-01 -1.52364953e-01  5.00356996e-01
   6.37704296e-01 -3.66887049e-01 -6.36141743e-01  3.68800054e-01
  -9.58970220e-01 -9.73288382e-02 -1.64423030e-01 -9.44667491e-01
   4.24299701e-02  4.29702017e-01  7.09191392e-02  8.31862363e-01
  -6.75766083e-01 -1.63144076e-01  9.55508257e-01  9.28152297e-01
   2.70287221e-01  5.17182805e-01 -5.64315819e-01 -8.09441217e-01
  -2.24467940e-01 -2.26297670e-01 -1.32094160e-02  2.53060849e-01
   7.55013568e-01  9.21502265e-01  9.66498472e-01 -1.96970262e-01
  -7.57749650e-02 -4.29960158e-01 -2.92882221e-01  7.82812317e-01
   7.66226045e-01 -9.17578502e-02 -3.94903967e-01 -6.87880975e-01
  -2.11851702e-01 -4.23403144e-01  7.49551423e-01 -7.58161159e-02
  -1.14136861e-01 -1.98398976e-02  9.71883476e-01 -4.00334337e-02
   2.04435480e-01  5.91270396e-01  8.27975426e-01  2.12939512e-01
   2.60391016e-01 -1.96424829e-01 -2.21677682e-01  5.48871573e-01
   7.50118653e-01  9.88767103e-01  4.26328110e-01  1.19950349e-01
  -8.33163064e-01 -8.93726708e-01 -6.60247594e-01  3.57637478e-01
   6.21596922e-01  5.22416210e-01  2.28354995e-01 -3.88191134e-01
  -2.79802306e-01  4.18390723e-01 -6.80273605e-01 -4.96158674e-01
  -3.26521573e-01 -8.21774558e-01  8.21877084e-01  2.52798647e-01
  -3.12047058e-01 -4.14323098e-01  4.15731256e-01 -9.40520715e-02
   6.30732993e-01 -9.46875332e-01 -8.43833891e-01  2.77845536e-01
   2.18501880e-02  8.42692118e-01  6.86975423e-01  8.39250667e-01
  -2.85329105e-02  2.59575328e-01  3.68214572e-01 -7.19744833e-01
  -6.98404989e-01 -7.29302897e-04 -4.20275903e-02  2.62062864e-01
  -1.79420409e-01 -8.88101859e-01  8.71680211e-01  4.82537132e-01
   8.76975925e-01  7.88090797e-01 -1.86911758e-01 -4.71761110e-01
  -6.18066018e-01 -8.43083783e-01 -3.48821421e-01  6.98776696e-01
   8.87137645e-01  8.21697033e-01 -4.43703930e-01 -9.20367080e-01
   3.62881614e-02  3.62718117e-01  9.89456273e-01  1.87285903e-02
   6.96715185e-01  9.08286271e-01 -3.14400506e-01 -8.52577741e-01
  -5.10563050e-01  3.44136786e-01 -2.81236247e-01  2.14484368e-01
   9.93110789e-01 -5.53683216e-01 -5.63805308e-01 -4.72148388e-01
  -4.25821701e-01  7.41083872e-02 -3.42352382e-01  7.97379216e-01
  -3.74746625e-02  6.55096114e-01 -6.60441826e-01  6.79703295e-01
   8.22331910e-01 -3.63511879e-01 -3.83866194e-01 -9.61309643e-01
  -7.92972959e-01 -9.51200570e-01 -8.78105403e-01 -7.19472566e-01
   6.44233822e-01  3.64566801e-01 -3.19354903e-01  6.27548599e-01
  -2.20587907e-01 -1.73385437e-01 -4.73900958e-01  8.40215078e-01
  -5.50979349e-01 -8.29348456e-01  9.52635854e-01  3.40646971e-04
  -5.28567444e-01 -6.79831075e-01 -4.31027137e-01  1.24616827e-01
   6.12806939e-01 -4.30971885e-01 -2.77939261e-01 -1.23095225e-02
   7.62766831e-02 -2.54688702e-01  9.49997410e-01  5.11059429e-01
   3.47138408e-01  6.96832739e-02  7.37219980e-01  3.47488608e-01
   1.27640431e-01 -9.79993808e-01  7.77684765e-02  6.92024679e-01
   5.58269117e-01  3.52275831e-01 -9.04194474e-01 -9.36209286e-01
   3.08480602e-01  1.46966239e-02 -6.25381597e-01  7.97858607e-01
  -8.63745502e-01 -7.87562656e-01  8.75683277e-01 -3.98726130e-01
  -9.49112354e-01  9.32673581e-01  6.81969070e-01  1.34193652e-01
   5.38794142e-01 -7.60124346e-01 -6.85811753e-01 -8.09759079e-01
   3.88399175e-01  8.45833254e-01 -6.03498568e-01 -5.58656165e-01
  -5.53337357e-01 -5.13513273e-01 -8.25608233e-01  7.04903368e-01]
 [-3.48176618e-01 -4.66707090e-01  5.85438268e-01 -4.78643285e-01
   4.80138468e-01 -1.93876665e-01 -2.51198907e-01 -8.18899710e-01
  -7.44850338e-01  9.05185463e-01  9.22980845e-01  6.49253394e-01
   8.32399996e-01 -6.71960624e-01  6.26198177e-02 -6.46103483e-01
   8.87149944e-01  7.25077859e-01  4.39942641e-01  8.95763705e-01
  -1.05107228e-01  1.24945323e-01  4.54161146e-01 -5.76036373e-02
   3.00412284e-01 -9.80021428e-01 -6.02282764e-03 -4.13673691e-01
  -8.34673291e-02  9.92641439e-01 -2.95158895e-01 -2.37781161e-01
   9.96816291e-01 -2.55614193e-04  5.93767429e-01 -9.83800156e-01
   9.21061356e-01 -7.23912076e-01 -5.56390615e-01 -8.69871767e-01
   7.48759172e-01  3.04473421e-01 -2.35476638e-02 -4.80637406e-01
   3.16694704e-01  1.62684476e-01 -9.91809778e-02 -3.02725892e-01
  -8.21465762e-01 -8.38892302e-01  1.21152814e-01  3.68802323e-01
  -3.85219483e-01 -4.93200155e-01 -5.18408810e-01 -4.56511557e-01
   4.28721326e-01  7.67817401e-01  6.78006532e-01  2.11605389e-02
  -6.53203542e-01 -8.64271644e-02 -8.89614782e-01  9.50201018e-01
   6.47570594e-01 -9.76855799e-02 -7.84245226e-01 -8.25960510e-02
  -7.55767845e-01  6.77313846e-01 -2.40567378e-01 -1.06015263e-01
   9.26142500e-02 -4.34561798e-01 -1.03350623e-02 -6.21323887e-01
   7.83067398e-01  8.52141891e-01 -5.97061956e-01 -8.34528141e-02
   6.74634293e-01  8.22347987e-01 -3.91391182e-01  2.53132054e-01
  -5.47214049e-01 -6.77366138e-01 -8.81635569e-01 -7.22505126e-01
   9.98881584e-01 -9.41068235e-04  9.25870817e-01  4.53454219e-01
   4.13813542e-01  8.83089874e-02  2.90630968e-01  5.81351128e-01
  -5.03394113e-01 -2.35771285e-01  5.67437314e-01 -2.42626226e-01
  -4.55201776e-01 -4.40909306e-01 -7.39628855e-01 -8.29110058e-01
  -4.40391001e-01  9.30868885e-01  6.65503156e-01  6.71418505e-01
   6.98628851e-01  6.12549457e-02  7.01673250e-01 -8.62124972e-01
   3.28838376e-01 -3.09561661e-01 -3.78745676e-01  7.17604354e-01
   8.09104919e-01 -2.76441091e-01  8.84735693e-01 -9.18272280e-01
   3.66371924e-01  9.57041702e-01  8.11184052e-01  2.92826435e-01
   6.88487031e-01  3.91053916e-01 -1.11091633e-01 -5.03182543e-01
   8.50248935e-01 -2.41995162e-01 -2.07211907e-01 -4.36030395e-01
   2.91417148e-02 -5.26139281e-01  6.11244256e-01 -9.47064713e-01
  -3.29937171e-01  5.78781927e-01  4.67957941e-01  6.88195842e-01
   9.22155051e-01 -1.58413043e-01 -1.64504672e-01 -7.53555256e-02
  -2.84410310e-01  8.47978527e-01 -5.73595245e-03  5.29802496e-01
   4.93467014e-01  5.83180911e-01  1.14834382e-02 -1.24733382e-01
   2.29402533e-01 -8.10554521e-01 -2.70157941e-01  1.59129421e-01
  -3.71117593e-01  8.54255801e-01 -7.55460815e-01 -2.51157292e-01
  -5.68758120e-01 -1.83572052e-01 -4.37480278e-01  9.75004390e-01
  -4.16411534e-01  7.32624585e-01 -4.48888120e-01  3.00204424e-01
   2.41380455e-01  5.38161668e-02 -3.57828854e-01  1.08681202e-01
   1.12855376e-01  3.55437314e-01  4.99767306e-01  3.34834585e-01
   5.33591031e-01 -3.81307098e-01  2.13961456e-01  5.82301830e-01
   2.15735975e-01  9.39306294e-01  7.84866090e-01  7.05941956e-01
   3.85176416e-01 -3.59061460e-01 -6.16911698e-01 -2.76044761e-01
   9.04370386e-01 -7.44468462e-02  8.21035201e-01  8.39257639e-01
  -9.28267529e-01 -4.59819254e-01 -9.32141941e-01  7.20167922e-01
  -1.94248621e-01 -7.62444811e-01  3.59510541e-01 -1.78900679e-01
  -3.28205890e-01 -8.73259248e-01 -2.70013498e-01  8.54195327e-01
  -8.95759998e-01 -2.03167387e-01  1.41610338e-01 -1.66393203e-02
  -6.50830289e-01 -8.84480328e-01 -8.51232397e-01 -6.49977732e-01
   2.83241290e-01 -9.30878912e-01  7.55724069e-01  8.36612416e-01
   3.31391115e-01 -3.85501446e-01 -1.72945113e-01  4.75769045e-01
  -9.58557029e-01 -1.45566646e-01  1.67384965e-01 -6.37188967e-01
   3.12010328e-01  2.23292059e-01  1.38424831e-01 -9.34244858e-01
  -3.98430497e-01  4.50033771e-01 -3.80779353e-01 -9.81065399e-01
   4.47020626e-01  5.73353519e-01  3.32789369e-01 -5.88978257e-01
   4.87321877e-01  6.11851342e-01 -5.37758649e-01 -2.42922602e-01
  -9.36481693e-01 -8.48454296e-03  4.40368533e-01  9.17664397e-01
  -8.98007094e-01  8.20422560e-01  4.40033456e-01  9.61893826e-01
   7.95748746e-01  3.14579049e-01 -4.28649561e-01  5.28943344e-01
   4.59234123e-01  2.06382307e-01  7.96715234e-01 -1.47253236e-01
   6.90833489e-01  7.49307790e-01 -2.91379450e-01  7.56606888e-01
  -5.02310503e-01  6.38277175e-01 -3.71778056e-01 -6.02185701e-01
  -9.61422550e-01 -3.71811489e-01 -4.18749760e-01  7.93660213e-01
  -2.30125990e-01 -2.77826963e-01  3.42968717e-01 -6.67282540e-01
   2.83367187e-01 -2.52901555e-01 -1.73620197e-01  2.29090030e-01
   2.46487799e-01  1.29746393e-01 -2.36249007e-01  1.65528575e-01
  -6.11942797e-01 -7.10992645e-01  4.57949865e-01  9.00102770e-01
   9.65834459e-01  6.37821428e-03  2.48439210e-01 -1.01353936e-01
  -7.58381091e-01  3.26099358e-01 -4.39602950e-01  4.77970382e-01
  -4.75764731e-01  4.79194346e-01  1.50500235e-01 -3.96724322e-02
   7.33591809e-02  2.11085330e-01  5.94366082e-01  1.18762780e-01
   7.31876850e-01  1.58624149e-01  7.40579380e-01 -8.71276382e-01
   3.06659464e-01 -3.85384144e-02  4.46734000e-02 -4.29922840e-01
   9.27975728e-01  1.01048993e-01 -3.45496740e-01  4.40284780e-01
  -7.82498025e-01 -9.46622263e-01 -6.08298388e-01 -6.54872743e-01
   3.98790222e-01  6.68446471e-01 -1.17577103e-01  7.04117697e-01
   4.88486461e-01 -9.57473363e-01 -3.41213867e-01 -5.53432611e-01
   2.92896653e-01 -2.07489071e-01  5.06015370e-01 -8.47314850e-01
   3.46552872e-01  5.36680771e-01  6.08577659e-01  8.69909747e-02
  -4.60146598e-01 -6.78747909e-01  1.26434076e-02  6.87110813e-01
  -9.37998533e-01 -4.75493073e-01  6.65607778e-01  2.53719991e-01
  -2.85559220e-01 -8.61925353e-01  4.34994173e-01  7.79807196e-01
  -7.45405962e-01  3.75191334e-01  1.49050756e-02  4.51880892e-01
  -5.53007464e-01  6.07662918e-01  8.03372140e-01  2.78881315e-01
  -8.81584387e-01 -3.88818147e-01 -4.60086660e-01 -3.82125094e-03
   7.04568652e-01 -6.23088323e-01 -4.72182914e-01 -9.43434232e-01
  -1.11306899e-01  4.84942356e-01 -7.13846634e-01  2.73513977e-01
   4.01892986e-01  7.80619963e-01  1.47640895e-01 -2.38050798e-02
   8.38016553e-01  3.86499149e-01 -3.29479099e-01 -4.41929815e-01
  -5.53172779e-01 -2.31463559e-01 -6.42945868e-01  7.48034059e-01
   9.32614319e-02  8.49655401e-01 -1.83859761e-01  4.17264800e-01
  -2.59567342e-01  1.52999387e-01 -2.58617258e-01  4.32593343e-01
   9.42829764e-01  1.94714574e-01 -1.15140582e-02  7.39168728e-02
   3.12237850e-01  1.90099401e-01 -1.89527163e-01 -7.41492330e-01
  -2.13295473e-01  2.08129263e-01  7.66918269e-01  5.03279203e-01
   2.74381025e-01  9.01307287e-01  3.77094241e-01  5.28145445e-01]
 [ 1.32006990e-01  4.97073217e-01  4.53964625e-01 -7.63121020e-01
   3.46534407e-01  7.23033285e-02 -7.60726039e-01 -8.09435562e-02
  -3.00088502e-01  5.84598807e-01 -4.50292353e-01  2.05288359e-01
   7.65108368e-01 -1.58248034e-02 -6.04340729e-01  1.27871912e-01
  -2.53920448e-01  1.23135213e-01  2.90388574e-01  3.95127695e-01
   6.56417203e-01 -4.05401682e-01 -5.85946547e-01 -8.19853991e-01
   9.64169137e-01 -7.95372247e-01 -7.80076623e-01  5.05660061e-01
   3.52258647e-01 -9.24441001e-01  9.95072668e-01 -6.11848952e-01
   6.00135320e-01 -1.26006425e-01  1.65692584e-01 -2.79171688e-01
  -7.85498738e-01  9.96472059e-02 -7.01731482e-01 -2.88832716e-01
   3.29081056e-01  6.65110695e-01 -3.51534749e-01 -7.68927238e-01
   3.95581475e-01  4.33130808e-01 -6.90935084e-01  7.36439413e-01
  -9.62123811e-01 -8.12469595e-01 -4.91342789e-01 -8.51721909e-01
  -4.43276814e-01  9.04077406e-01 -7.57036460e-01 -3.57151498e-01
  -6.48105917e-01  2.74094714e-01 -5.27869597e-01 -7.33732352e-01
   9.97271392e-01  9.32800246e-02 -6.43632115e-01  8.14436281e-01
   6.51909454e-01 -8.77066648e-01  7.06475647e-01  4.48609494e-01
  -9.38574574e-01 -8.44221628e-01 -2.60691526e-02  3.83101037e-01
   6.85896359e-01  6.28841051e-01 -2.51436913e-01  6.88221320e-01
   5.77743619e-01  6.30869947e-01 -5.46426254e-02  8.51692307e-01
   8.26201892e-01  8.31568317e-01  1.92311366e-01  8.12965210e-01
  -2.82086988e-01 -5.99604415e-01 -9.99293801e-01  5.16071342e-01
  -6.66045637e-01  5.29842129e-01  8.99795633e-01  6.74447333e-01
   7.77491033e-01  7.10648920e-01 -7.04591407e-01 -2.27100457e-01
  -4.68606422e-01  6.86617671e-01  2.63385314e-01  8.86012179e-01
  -3.63630679e-01  7.89595419e-01  7.49124219e-01 -6.01976509e-01
   7.94197350e-01  7.74547555e-01 -8.49148567e-01  1.93464004e-01
   5.55066303e-01  7.04512204e-01  2.56302590e-01 -8.58194320e-01
  -5.39529145e-01 -2.96070797e-01  2.76297831e-01  5.49897616e-01
   3.31928326e-01  6.29378946e-01  2.21428444e-01  6.54540089e-01
   4.99258967e-01  2.98419860e-02  2.73084859e-01  7.33934380e-01
   5.79321576e-01 -1.50874518e-01  2.49785206e-01  6.20071503e-02
  -6.25564679e-01 -2.11010119e-02  7.05763747e-02 -6.83091279e-02
  -8.51739453e-02  6.33283486e-01 -6.17135872e-01 -7.32181412e-01
   3.20290371e-01  9.72223064e-01  4.43961605e-01 -4.93495867e-01
   9.90184474e-01  1.02053127e-03  9.78769523e-01  3.00788045e-02
  -7.79826879e-01 -2.08979724e-01 -7.94820893e-01  7.41358659e-01
   5.62591069e-01 -7.88049392e-01  6.44663192e-01 -1.81050762e-01
  -6.27534169e-01 -7.21714905e-01  8.18831848e-02  4.60090748e-01
   4.14639335e-01 -3.81601985e-01 -6.30377568e-01 -4.38787320e-01
   1.95609769e-02 -1.31731172e-01  4.72236238e-01 -6.89042609e-01
  -7.00674762e-01 -9.00890612e-01  2.34409115e-01  3.86492246e-01
  -2.36686645e-01  3.53094731e-01 -4.28052150e-01  4.08526351e-01
   7.73649612e-01  2.39413816e-01  5.01090700e-01 -1.35529541e-01
   4.97741544e-01  8.40225158e-01  3.31472178e-02 -9.63962441e-01
   8.97713531e-02 -3.90506670e-01  7.35046644e-01 -8.36327785e-01
  -4.22847096e-01  6.94339429e-01 -1.64776704e-01  6.91704380e-01
   9.75381834e-01 -8.45677507e-02 -7.86098628e-01  3.71193007e-01
  -8.84059985e-01 -4.55054863e-01 -7.47691377e-01 -7.88770639e-01
  -8.90101031e-01 -9.93463725e-01  3.69140372e-01 -1.61080747e-01
   4.17768662e-01  1.76722272e-01  4.21839855e-01 -1.78354412e-01
  -8.07588685e-01  6.67846639e-01 -6.33815418e-01  5.31830917e-01
   9.65774787e-01  7.86078990e-01  5.91160933e-01  1.35579473e-01
   1.98254367e-01 -5.70909362e-01  5.17667119e-01 -9.74181841e-01
   8.09171406e-01 -5.03334427e-01  6.14175365e-01  5.68285185e-01
  -9.95100016e-01 -4.08520685e-01  5.58696933e-01 -1.70822628e-01
  -2.50518764e-01  7.99948596e-01 -9.23587914e-01  6.26642312e-01
  -3.49563851e-01 -1.05183240e-01 -4.05460774e-01  9.62381752e-01
  -4.70498467e-02  2.37830735e-01 -5.38381998e-01  1.26534128e-01
  -9.46517207e-01 -9.96401513e-01 -5.50863425e-01  4.83810706e-01
   9.66485500e-01  9.01948553e-01 -9.45808756e-01  3.03462549e-01
   7.54714001e-01 -3.67425956e-01  2.07521305e-01  6.78656499e-02
   9.95018516e-01  8.22233714e-01  5.34373575e-01 -6.94933955e-01
  -8.37935487e-01 -7.26646934e-01 -2.08816396e-01 -4.82517673e-01
   4.72317645e-01  3.91682371e-01 -9.13130271e-01 -8.80665145e-01
   4.91251240e-01  5.63992131e-01  7.89609447e-01  4.88165790e-01
  -8.94908207e-01  8.88368582e-01  4.38534504e-01  9.59040882e-02
  -4.10224652e-01  1.51329686e-01 -8.16062217e-01 -6.79015730e-01
  -2.05469955e-01  8.92971329e-01 -5.37485412e-01 -3.69415917e-01
   8.56635639e-01 -2.69552405e-01  8.77910753e-01 -2.50612476e-01
   4.16043402e-01  3.29084395e-01 -7.32947640e-01  5.66966830e-01
  -4.73349415e-01 -7.74128327e-01  3.87777879e-01 -6.84654923e-02
   9.25524453e-01 -3.34977750e-02  1.00935027e-01 -5.69731079e-01
  -3.43283184e-01 -8.56935656e-01  7.79320843e-01  4.09166359e-01
   7.66165490e-01  9.88081517e-01  3.12490288e-01  1.92552263e-01
   6.53514938e-01 -8.12050207e-01  5.88920082e-01 -7.27113068e-01
   7.84804713e-01  4.88577535e-01  4.62028515e-02  1.31229022e-01
   4.85361503e-01  9.98895339e-01  8.74688980e-01  5.15767792e-01
   6.10766408e-01 -5.92647730e-01  4.05840380e-01  7.35551927e-01
  -2.11142182e-01  2.71447551e-01  7.24988946e-01  6.03958053e-01
  -8.47160445e-01 -7.31207014e-01 -8.53632066e-01  8.35751067e-01
   7.89256022e-01 -1.99803224e-01 -9.49041904e-01 -2.40369877e-01
  -3.39603277e-01  6.66911199e-01 -7.50514266e-01  6.73338339e-01
  -5.23462711e-01 -5.22931987e-01 -7.62226037e-01 -4.80778530e-01
   9.26563814e-01  8.27723349e-01  1.62538124e-01  7.82192385e-01
  -2.93404466e-01  6.57521708e-01 -3.35162973e-02  5.36696876e-01
  -7.92435152e-02  4.51224157e-01  2.49175474e-01  8.35425061e-01
  -2.98898916e-01 -6.15762314e-01  9.67984043e-01 -1.17205623e-02
   2.56752315e-01 -4.13869022e-01 -3.80038286e-01  7.44396923e-01
  -1.23935814e-01 -9.84588543e-01 -9.29991363e-01  7.23658243e-01
  -8.62115406e-01  6.84814849e-02 -9.00733804e-01  3.07368034e-01
  -3.18842508e-01 -4.00150090e-01 -9.93964041e-01 -9.73442811e-01
   2.86883646e-01 -7.98233567e-01 -9.63049385e-01  6.12293848e-01
   9.58579604e-01  3.59586337e-01 -2.50461877e-01 -3.43833655e-01
  -6.74720163e-01 -3.30903686e-01 -6.60450550e-02 -8.48063555e-01
  -8.59304965e-01 -3.91675234e-01 -1.42299490e-01  4.46160565e-01
   3.30831374e-01 -5.60120285e-01  3.02889761e-01  7.68813805e-01
  -3.18116828e-02 -7.29312158e-02  3.31119168e-01  5.85290577e-01
  -7.85903769e-01  8.62346770e-01 -1.88800250e-01 -6.75590245e-01
  -6.75754117e-01  2.46238674e-01  2.76038212e-01 -7.97038755e-01]
 [-4.31313708e-01  1.12822774e-01  1.05863353e-01 -6.27982526e-01
  -4.30927813e-01 -2.87191633e-01  1.57974610e-01 -6.52150923e-01
  -9.06183020e-01  6.61714230e-01 -7.90548375e-01  5.65325037e-01
  -3.32768751e-01 -8.09976077e-01  7.26537325e-01  8.97794370e-01
   5.65059700e-01 -1.20247495e-01 -9.03199073e-01 -7.65283358e-01
   5.57088519e-01  6.99336373e-01 -1.45532040e-01  2.23849450e-03
  -9.79745285e-01 -6.37098664e-01  3.55454986e-01  3.40905980e-01
  -3.61037564e-01  8.63831208e-03 -9.69351099e-01 -2.18333813e-02
  -6.89572393e-01  2.33221761e-01  1.12972647e-01  3.74369449e-01
  -1.30387681e-01  1.97054726e-01 -6.90388301e-01 -6.45795167e-01
  -6.43060301e-02  5.22402619e-01  7.92798508e-01  5.71432262e-01
  -7.92528391e-01  1.13883186e-01  8.07279681e-01 -2.42344597e-02
   2.76466901e-01 -1.78528096e-02 -1.65699325e-01 -1.25601574e-01
  -7.26921989e-01  6.65711004e-01 -7.32623365e-01  5.52526241e-01
   9.85910574e-01  1.40390321e-01  3.74672591e-01  6.80473707e-01
  -3.42459986e-01 -8.09221933e-01 -4.50042572e-01 -7.37449284e-01
  -3.63233208e-01 -7.15075730e-01 -8.28105035e-01  5.05905545e-01
   1.85865538e-01  9.81583448e-01  9.28896360e-01 -9.21979716e-01
  -9.03321439e-01  4.93143660e-01 -3.12083648e-01 -8.52919010e-02
   4.57935083e-01 -2.45587045e-01  6.90770853e-01  2.51929823e-01
   7.34423005e-01  6.42463866e-02 -6.07222847e-01 -1.89664309e-01
   4.60544849e-01  2.38816689e-01  5.57481729e-02  7.60284714e-01
   2.14413226e-01  1.51128532e-01  3.63490298e-01 -3.07452713e-01
  -3.32437106e-01  4.70671721e-01  1.89321753e-02 -7.04284032e-01
   7.86923369e-01  7.46125340e-01  5.07839146e-01 -7.70392052e-01
  -3.49542925e-01 -7.44439266e-02  4.83673996e-01  5.47281849e-01
  -5.91131387e-01  9.77223960e-01  8.16198759e-01 -2.09164333e-01
  -4.21026762e-01 -4.86862702e-01 -6.32374477e-01 -7.55911993e-01
  -6.00167658e-01  3.93285403e-02  4.35703488e-01  8.99180294e-01
  -6.05581341e-01  1.02939473e-01 -4.86027752e-01  7.57220238e-01
   8.93765164e-01  2.26295752e-01  4.37675389e-01 -8.44871512e-01
   9.34460974e-02  7.84511560e-02 -8.82487012e-01 -2.91695621e-01
  -6.69711570e-02 -7.14988843e-01 -1.78710955e-01 -5.12177651e-01
  -1.66898018e-01 -9.99550968e-01  6.70503350e-01 -2.53017826e-02
  -1.37996446e-01  9.64129588e-01 -6.78509037e-01  8.90691933e-01
  -2.49879268e-01 -6.31591466e-02 -7.37716501e-01 -5.58000701e-01
  -2.99734508e-01 -9.58227049e-01  4.14204688e-01  7.44922659e-01
  -5.64929073e-01 -6.43348972e-01  8.88200514e-02 -5.11603339e-01
  -6.46907411e-01 -4.46976881e-01 -8.90548909e-01  4.13281478e-01
   7.89470702e-02  3.77686000e-02 -8.80278221e-01  6.84598924e-01
   9.11422701e-01 -7.92646022e-01 -5.96568922e-01 -1.09584170e-01
  -2.22519536e-01 -4.47646481e-01 -5.70024561e-01  3.25230519e-01
  -8.57443131e-01  8.60933459e-01 -6.45560302e-01  9.24849451e-01
   1.86464742e-01  6.73533284e-02  7.78615377e-01  8.03950102e-01
   6.69932412e-01 -9.79974670e-01 -5.76344272e-01  9.87771406e-01
  -8.88896472e-01  9.97060708e-01  6.35552172e-01  4.28412036e-02
   1.38948480e-01  1.16297434e-01 -8.29755971e-01  9.34442396e-01
   5.70870704e-01  1.62302771e-01  5.81564474e-01  4.01535272e-01
   2.34069315e-01 -2.67909143e-01  3.51384874e-01 -9.38993482e-01
  -3.90513166e-01  9.55223110e-02 -4.78196474e-01  5.03314516e-01
   1.77940628e-01 -5.27113996e-01  9.55897550e-01 -8.62509929e-01
   3.18346566e-01 -5.33526688e-01 -8.29045160e-02 -4.75687077e-01
  -4.30807676e-01  9.54831847e-01 -6.08285804e-01 -1.47199865e-01
  -4.55246315e-01  8.24416939e-01 -9.59406343e-01 -3.59170922e-01
   6.37700736e-01  6.48767273e-01  3.32095626e-01  7.98983414e-03
   3.98618273e-01 -8.68079691e-01  8.44122910e-01  3.46724474e-01
   7.31418837e-01  6.96078415e-01  5.44374141e-01  4.36770477e-01
  -7.85534945e-01 -2.80084845e-01 -2.97679725e-01 -8.96561451e-01
   9.94739756e-01 -5.44738479e-01 -1.83444098e-02 -3.18092852e-01
   7.33278009e-01 -1.74975943e-01 -4.27118039e-01 -1.77894756e-01
  -7.12745044e-01  7.30605384e-01 -7.07308419e-01 -4.14255135e-02
   9.54265730e-01  7.53338319e-01 -1.99486984e-01 -4.61075627e-01
   3.64665752e-01 -7.51210121e-02 -9.78357996e-01  6.80123371e-02
   2.62988065e-01 -2.02237117e-02  8.74687063e-01 -6.71148678e-01
   1.55510401e-01  3.72883223e-01  8.98458789e-01  5.49655626e-01
   9.40337936e-01 -1.45164606e-01  7.27674299e-01  1.42053503e-01
   3.77022733e-01 -7.29197707e-01  6.68297158e-01  7.46137105e-01
  -2.91111734e-01 -3.83447070e-02 -9.41727061e-01 -8.31161920e-01
  -9.29797340e-01 -2.00564177e-01  5.98111566e-01  3.93967411e-02
  -2.91035849e-02 -3.35987192e-01  1.26566183e-01  8.27837511e-02
   9.64036261e-02  7.80302527e-02  6.40380317e-02 -1.33642999e-01
  -1.42562108e-01 -5.29230626e-01  2.78710979e-01 -4.66433515e-01
   4.37198283e-01  8.87804266e-01  3.19172767e-01  2.49956311e-01
  -9.94145306e-01  8.02565919e-01  8.43857587e-01 -4.86175261e-01
   4.83428096e-01  3.51506937e-01  5.31502364e-01  1.95914921e-01
   4.55713900e-01 -5.50081744e-01  8.96606494e-01 -3.37170830e-01
  -7.58157489e-01 -6.18517317e-01  9.68557565e-01 -4.97198490e-01
  -7.23004710e-01 -8.76035998e-01 -1.40253803e-01  8.61364058e-01
  -3.76425501e-01  9.06852358e-01 -9.38682581e-01  4.85430335e-01
  -6.64328852e-02 -1.00484700e-01  2.13502550e-01  5.10368007e-01
   1.48488874e-01  8.13947769e-01  3.28018978e-01  2.12126054e-02
   6.16960868e-01 -4.44328990e-01 -8.25850015e-01 -4.15810947e-01
   1.49446427e-02  5.14542473e-01  1.11949315e-02 -7.65197106e-01
  -8.60272968e-01  5.87258187e-01 -3.05184117e-01 -8.49016188e-01
  -2.93839123e-02  6.34768670e-01  9.48124749e-01  4.37941799e-01
   4.19958258e-01 -5.01450400e-01 -1.87619101e-01 -6.64414168e-01
   4.70076911e-01 -9.72043945e-01 -8.77225134e-01  8.30694055e-01
  -1.04782853e-01 -6.04682949e-01 -2.55807976e-01  3.30354986e-01
   9.59846577e-01  5.32055221e-01 -2.39124929e-01  1.55001341e-01
  -4.80736202e-01 -2.14132207e-01  3.52783172e-01 -5.38444479e-01
   8.31382717e-01  5.68892026e-01  2.48340576e-01  3.41959211e-01
  -3.97440287e-01  3.49210989e-01  5.09119212e-01 -8.05005443e-01
   1.84493727e-02  1.85147097e-01 -1.69163525e-01  7.25748066e-01
  -7.22676587e-01 -1.63565361e-01  7.03191865e-01  4.70417490e-01
   9.82381961e-01  5.67327960e-01 -8.44282188e-01 -3.29380896e-01
   6.33041100e-01 -1.91120977e-01 -6.99084493e-01  6.83649428e-01
   5.89692891e-01 -3.46908327e-01 -8.00489006e-01 -8.88310968e-01
   1.29480844e-01 -8.90834347e-01 -2.08820942e-01  7.10100767e-01
  -9.14472152e-01  9.01618889e-01 -7.00157239e-01 -9.81135892e-01
  -8.99417280e-01  2.65665204e-01  9.57051729e-02 -6.63358323e-01]
 [ 0.00000000e+00  0.00000000e+00  0.00000000e+00  0.00000000e+00
   0.00000000e+00  0.00000000e+00  0.00000000e+00  0.00000000e+00
   0.00000000e+00  0.00000000e+00  0.00000000e+00  0.00000000e+00
   0.00000000e+00  0.00000000e+00  0.00000000e+00  0.00000000e+00
   0.00000000e+00  0.00000000e+00  0.00000000e+00  0.00000000e+00
   0.00000000e+00  0.00000000e+00  0.00000000e+00  0.00000000e+00
   0.00000000e+00  0.00000000e+00  0.00000000e+00  0.00000000e+00
   0.00000000e+00  0.00000000e+00  0.00000000e+00  0.00000000e+00
   0.00000000e+00  0.00000000e+00  0.00000000e+00  0.00000000e+00
   0.00000000e+00  0.00000000e+00  0.00000000e+00  0.00000000e+00
   0.00000000e+00  0.00000000e+00  0.00000000e+00  0.00000000e+00
   0.00000000e+00  0.00000000e+00  0.00000000e+00  0.00000000e+00
   0.00000000e+00  0.00000000e+00  0.00000000e+00  0.00000000e+00
   0.00000000e+00  0.00000000e+00  0.00000000e+00  0.00000000e+00
   0.00000000e+00  0.00000000e+00  0.00000000e+00  0.00000000e+00
   0.00000000e+00  0.00000000e+00  0.00000000e+00  0.00000000e+00
   0.00000000e+00  0.00000000e+00  0.00000000e+00  0.00000000e+00
   0.00000000e+00  0.00000000e+00  0.00000000e+00  0.00000000e+00
   0.00000000e+00  0.00000000e+00  0.00000000e+00  0.00000000e+00
   0.00000000e+00  0.00000000e+00  0.00000000e+00  0.00000000e+00
   0.00000000e+00  0.00000000e+00  0.00000000e+00  0.00000000e+00
   0.00000000e+00  0.00000000e+00  0.00000000e+00  0.00000000e+00
   0.00000000e+00  0.00000000e+00  0.00000000e+00  0.00000000e+00
   0.00000000e+00  0.00000000e+00  0.00000000e+00  0.00000000e+00
   0.00000000e+00  0.00000000e+00  0.00000000e+00  0.00000000e+00
   0.00000000e+00  0.00000000e+00  0.00000000e+00  0.00000000e+00
   0.00000000e+00  0.00000000e+00  0.00000000e+00  0.00000000e+00
   0.00000000e+00  0.00000000e+00  0.00000000e+00  0.00000000e+00
   0.00000000e+00  0.00000000e+00  0.00000000e+00  0.00000000e+00
   0.00000000e+00  0.00000000e+00  0.00000000e+00  0.00000000e+00
   0.00000000e+00  0.00000000e+00  0.00000000e+00  0.00000000e+00
   0.00000000e+00  0.00000000e+00  0.00000000e+00  0.00000000e+00
   0.00000000e+00  0.00000000e+00  0.00000000e+00  0.00000000e+00
   0.00000000e+00  0.00000000e+00  0.00000000e+00  0.00000000e+00
   0.00000000e+00  0.00000000e+00  0.00000000e+00  0.00000000e+00
   0.00000000e+00  0.00000000e+00  0.00000000e+00  0.00000000e+00
   0.00000000e+00  0.00000000e+00  0.00000000e+00  0.00000000e+00
   0.00000000e+00  0.00000000e+00  0.00000000e+00  0.00000000e+00
   0.00000000e+00  0.00000000e+00  0.00000000e+00  0.00000000e+00
   0.00000000e+00  0.00000000e+00  0.00000000e+00  0.00000000e+00
   0.00000000e+00  0.00000000e+00  0.00000000e+00  0.00000000e+00
   0.00000000e+00  0.00000000e+00  0.00000000e+00  0.00000000e+00
   0.00000000e+00  0.00000000e+00  0.00000000e+00  0.00000000e+00
   0.00000000e+00  0.00000000e+00  0.00000000e+00  0.00000000e+00
   0.00000000e+00  0.00000000e+00  0.00000000e+00  0.00000000e+00
   0.00000000e+00  0.00000000e+00  0.00000000e+00  0.00000000e+00
   0.00000000e+00  0.00000000e+00  0.00000000e+00  0.00000000e+00
   0.00000000e+00  0.00000000e+00  0.00000000e+00  0.00000000e+00
   0.00000000e+00  0.00000000e+00  0.00000000e+00  0.00000000e+00
   0.00000000e+00  0.00000000e+00  0.00000000e+00  0.00000000e+00
   0.00000000e+00  0.00000000e+00  0.00000000e+00  0.00000000e+00
   0.00000000e+00  0.00000000e+00  0.00000000e+00  0.00000000e+00
   0.00000000e+00  0.00000000e+00  0.00000000e+00  0.00000000e+00
   0.00000000e+00  0.00000000e+00  0.00000000e+00  0.00000000e+00
   0.00000000e+00  0.00000000e+00  0.00000000e+00  0.00000000e+00
   0.00000000e+00  0.00000000e+00  0.00000000e+00  0.00000000e+00
   0.00000000e+00  0.00000000e+00  0.00000000e+00  0.00000000e+00
   0.00000000e+00  0.00000000e+00  0.00000000e+00  0.00000000e+00
   0.00000000e+00  0.00000000e+00  0.00000000e+00  0.00000000e+00
   0.00000000e+00  0.00000000e+00  0.00000000e+00  0.00000000e+00
   0.00000000e+00  0.00000000e+00  0.00000000e+00  0.00000000e+00
   0.00000000e+00  0.00000000e+00  0.00000000e+00  0.00000000e+00
   0.00000000e+00  0.00000000e+00  0.00000000e+00  0.00000000e+00
   0.00000000e+00  0.00000000e+00  0.00000000e+00  0.00000000e+00
   0.00000000e+00  0.00000000e+00  0.00000000e+00  0.00000000e+00
   0.00000000e+00  0.00000000e+00  0.00000000e+00  0.00000000e+00
   0.00000000e+00  0.00000000e+00  0.00000000e+00  0.00000000e+00
   0.00000000e+00  0.00000000e+00  0.00000000e+00  0.00000000e+00
   0.00000000e+00  0.00000000e+00  0.00000000e+00  0.00000000e+00
   0.00000000e+00  0.00000000e+00  0.00000000e+00  0.00000000e+00
   0.00000000e+00  0.00000000e+00  0.00000000e+00  0.00000000e+00
   0.00000000e+00  0.00000000e+00  0.00000000e+00  0.00000000e+00
   0.00000000e+00  0.00000000e+00  0.00000000e+00  0.00000000e+00
   0.00000000e+00  0.00000000e+00  0.00000000e+00  0.00000000e+00
   0.00000000e+00  0.00000000e+00  0.00000000e+00  0.00000000e+00
   0.00000000e+00  0.00000000e+00  0.00000000e+00  0.00000000e+00
   0.00000000e+00  0.00000000e+00  0.00000000e+00  0.00000000e+00
   0.00000000e+00  0.00000000e+00  0.00000000e+00  0.00000000e+00
   0.00000000e+00  0.00000000e+00  0.00000000e+00  0.00000000e+00
   0.00000000e+00  0.00000000e+00  0.00000000e+00  0.00000000e+00
   0.00000000e+00  0.00000000e+00  0.00000000e+00  0.00000000e+00
   0.00000000e+00  0.00000000e+00  0.00000000e+00  0.00000000e+00
   0.00000000e+00  0.00000000e+00  0.00000000e+00  0.00000000e+00
   0.00000000e+00  0.00000000e+00  0.00000000e+00  0.00000000e+00
   0.00000000e+00  0.00000000e+00  0.00000000e+00  0.00000000e+00
   0.00000000e+00  0.00000000e+00  0.00000000e+00  0.00000000e+00
   0.00000000e+00  0.00000000e+00  0.00000000e+00  0.00000000e+00
   0.00000000e+00  0.00000000e+00  0.00000000e+00  0.00000000e+00
   0.00000000e+00  0.00000000e+00  0.00000000e+00  0.00000000e+00
   0.00000000e+00  0.00000000e+00  0.00000000e+00  0.00000000e+00
   0.00000000e+00  0.00000000e+00  0.00000000e+00  0.00000000e+00
   0.00000000e+00  0.00000000e+00  0.00000000e+00  0.00000000e+00
   0.00000000e+00  0.00000000e+00  0.00000000e+00  0.00000000e+00
   0.00000000e+00  0.00000000e+00  0.00000000e+00  0.00000000e+00
   0.00000000e+00  0.00000000e+00  0.00000000e+00  0.00000000e+00
   0.00000000e+00  0.00000000e+00  0.00000000e+00  0.00000000e+00
   0.00000000e+00  0.00000000e+00  0.00000000e+00  0.00000000e+00
   0.00000000e+00  0.00000000e+00  0.00000000e+00  0.00000000e+00
   0.00000000e+00  0.00000000e+00  0.00000000e+00  0.00000000e+00
   0.00000000e+00  0.00000000e+00  0.00000000e+00  0.00000000e+00]]