[[-2.36637182e-02  7.44479788e-02  8.14557444e-02 -4.71039818e-02
  -2.93665160e-02 -5.46830977e-02  3.68421217e-02 -1.60629323e-02
   2.52519687e-02 -3.66328938e-02 -8.32754785e-02 -2.13348042e-02
   8.32058756e-02 -1.91389188e-02  7.99480349e-03 -3.52338439e-02
  -5.53731243e-02 -2.64855809e-02 -4.91942450e-02  2.61487302e-03
   8.35819028e-02 -2.34581625e-02  4.33550794e-02  5.54102845e-02
  -4.65244595e-02  7.96722334e-02  8.01137579e-02  1.32402829e-02
   1.64799353e-02  8.05262973e-02  8.47585565e-02 -6.44965912e-02
  -9.99728763e-03 -6.35995102e-02  6.69456174e-02 -6.69777869e-02
  -3.52767486e-02 -7.93270326e-02  5.09366178e-02  3.88718814e-02
  -7.89164596e-02 -2.82909109e-02 -4.71617735e-02  3.75870505e-02
   3.49032558e-02  6.62885150e-02 -3.08737264e-02  8.28652913e-02
  -3.61843592e-02  7.98484555e-02  5.16327918e-02  4.61336985e-02
  -3.22813352e-02  4.91200350e-02 -7.02216568e-03 -5.61699425e-02
  -4.58615351e-02 -4.93018030e-05  1.37478369e-02 -2.01283334e-02
  -2.75998981e-02  1.40604810e-02  1.31486238e-02  1.14054769e-02
  -4.32311969e-03 -7.27924896e-02  2.14916548e-02 -8.26180376e-02
  -6.46839087e-02  5.75610418e-02  4.88241249e-02 -2.96247400e-03
  -7.22691371e-02  5.52568770e-02 -6.63860065e-02 -4.48366820e-02
   4.76751840e-02  4.73970124e-02  4.57646101e-02 -7.16092468e-02
  -3.34089035e-02 -2.73258380e-02 -5.25488833e-02  4.00160100e-02
   5.46123861e-02 -1.21885254e-02  2.25326758e-02 -2.13175695e-02
  -2.14258467e-03  1.33764793e-03  4.41499229e-02 -4.21883537e-02
   5.79405795e-02 -2.69082160e-02  2.45722682e-02 -6.58428592e-02
  -5.69585830e-02  1.62907897e-02  7.83210446e-02  2.73249420e-02
  -1.96175557e-02  6.70503278e-02 -6.70548000e-02  6.72451080e-02
  -5.10723639e-02  3.98751265e-02 -2.91817667e-02 -6.91463724e-02
  -7.84672195e-02  3.01324914e-02 -6.95878978e-02 -3.37319789e-02
  -5.00159944e-02 -4.76285032e-02 -7.08958903e-02 -4.60908257e-02
  -3.58867049e-03  3.61127765e-02  5.48623831e-02 -5.90017887e-02
  -8.48755206e-02 -1.45079815e-03  5.89911571e-02  8.38866901e-02
   1.87186989e-02  7.74786307e-02  5.68533785e-02  6.49902946e-02
   4.20414991e-02  3.39703719e-02  2.03267072e-02 -7.54447626e-02
  -6.95539763e-02  5.40412324e-03 -7.56669100e-02  5.36409210e-02
   6.82338829e-02  1.19691718e-02 -9.37961378e-03 -7.33077809e-02
  -3.10815884e-02 -3.56888756e-02 -8.72033337e-03  5.21295608e-02
   4.08524549e-02 -2.37285120e-03  5.01441819e-02 -4.88030999e-02
  -4.07494978e-02  5.73666056e-02  5.47585381e-02  2.63631396e-02
  -1.24022498e-02  6.39975706e-03  6.86239636e-02  4.30424914e-02
   4.16549255e-02  1.92352582e-02  4.77489719e-02  7.30992324e-02
   3.07436234e-02  1.04670908e-02 -8.03964450e-02 -1.99676119e-02
   5.36717593e-02  5.19340551e-02 -7.57205027e-02  8.26738619e-02
  -1.85937451e-02  3.90142155e-02 -4.23882765e-02 -6.53616537e-02
   7.28923747e-02 -4.23333974e-02  9.26996342e-03 -7.03959246e-03
  -5.59323561e-02  4.67113872e-02  4.68006741e-02  6.66096649e-02
  -4.37012559e-02  5.80541331e-02  4.75735792e-02  5.28665290e-02
  -2.79426509e-02 -2.33277431e-02 -2.95547156e-03 -5.76810442e-02
   6.91650129e-03  7.06849673e-03  6.84526825e-02 -4.59625788e-02
   4.26630659e-02  5.48354376e-03 -4.69346544e-02  7.02351355e-02
   2.12805389e-03 -1.42455917e-03 -1.72418421e-02  5.53156317e-02
   5.76183301e-02  7.14687255e-02  4.08527777e-02 -3.15428316e-02
  -8.53703466e-03  7.54588333e-02  1.59354903e-02 -6.22628719e-02
   5.36302282e-03  8.32463314e-02 -5.65105286e-02 -1.01945947e-02
   3.90448016e-02  5.80865301e-02  6.94563420e-02  5.32538989e-02
  -1.75630064e-02 -3.42178376e-02  6.19491294e-02  2.18958023e-02
   6.04213383e-02  6.27114542e-02 -5.20706688e-02 -8.13192202e-04
   3.71469861e-03 -8.44259896e-02 -7.14255250e-02 -3.22815802e-02
  -3.58281165e-02  4.83995801e-02 -4.70909198e-02  5.13673166e-02
   6.19474831e-02 -3.27331126e-02 -8.07079689e-02 -6.91371222e-02
   8.12657278e-02 -4.35088790e-02  7.95524120e-02 -1.96639085e-02
   4.53017141e-02 -6.97807082e-02  1.40231193e-02 -7.33438535e-02
  -1.51061530e-02 -3.48522866e-03 -1.01765065e-02 -2.75364329e-02
  -7.63913321e-02  6.15209634e-02 -4.44060113e-02 -2.04804026e-02
  -2.64982693e-02 -1.69238926e-02 -7.66605331e-02 -3.33639857e-03
   3.20853545e-02  2.60301222e-02  6.58199370e-02 -1.06138454e-03
  -1.52011560e-03 -4.00913367e-03 -3.35241854e-02  4.52992844e-02
   6.76142609e-02  6.43437879e-03 -2.96672027e-04 -7.16790146e-02
   8.40193097e-02 -3.56981870e-02 -4.97209267e-02  4.57483798e-02
   8.13546090e-02 -5.70069097e-02  2.41883570e-02 -4.04141146e-03
   3.91236853e-02  7.54229061e-02  8.16019098e-02  5.79417163e-02
  -6.95361787e-02 -1.42404444e-02  5.16140735e-02  6.10901536e-03
   8.37217826e-02 -7.59296389e-02  7.29652471e-02  2.88222200e-02
  -1.56456445e-02  3.63785475e-02  5.24683586e-02  4.79778484e-02
   6.75221602e-02 -8.58429987e-03 -5.14697002e-02  6.44271418e-02
   3.43348184e-02 -4.91620854e-02  7.89371155e-02 -3.76676724e-02
   2.50289339e-02 -3.46607596e-02 -4.34449123e-02 -4.25320331e-02
   6.75243216e-02 -4.30058494e-02 -6.10702008e-02  3.66433817e-02
   5.92458508e-02 -3.93843051e-02  7.68080078e-02  8.38336031e-03
   8.46370346e-02  7.03083016e-03  3.10046954e-02  5.41332188e-03
  -5.24585043e-02  5.76808849e-02  4.92204612e-02  1.52103999e-02
   2.83068494e-02 -5.53158970e-03  7.59939669e-02 -1.51888239e-02
   5.80916740e-02 -2.25176219e-02 -7.52533084e-02  2.73107098e-02
  -5.60818801e-02 -2.66846371e-02 -2.78344899e-02 -3.05233971e-02
   4.33450203e-02 -3.03207116e-02 -4.14510443e-02  8.29329539e-02
   4.76157535e-02  3.36117575e-02 -5.01618768e-02 -7.43132818e-02
  -7.38451487e-02 -5.86424371e-02 -5.12969152e-02 -1.23158114e-03
   1.62522992e-02 -7.72115542e-02 -7.55150881e-02  7.75953985e-02
  -8.86647610e-04 -6.70172011e-02 -4.18668380e-02 -3.02039203e-02
   6.66426597e-02 -4.32601796e-02  6.56850348e-02 -7.93205085e-02
   7.82573840e-02 -3.39906276e-02 -2.84038799e-02  8.17630009e-02
  -2.40522714e-02 -1.28785562e-02 -7.08630935e-02  6.13754157e-02
  -6.73201646e-02 -7.31188176e-02  4.15347186e-02 -3.84262841e-02
   2.37052538e-02  7.38896634e-02 -7.61234354e-02  7.80641947e-02
  -2.50424603e-02 -2.79282255e-02  5.27544707e-02 -1.89364250e-03
   8.20463831e-03 -7.22522661e-02  1.06564664e-02 -2.10514304e-03
   1.52863798e-02 -6.42296049e-03  5.35254913e-02  8.41061025e-02
  -4.98155790e-02 -3.71822942e-02  9.41139659e-03 -4.40019079e-02
   6.30270742e-02  5.66218485e-02 -3.64381367e-02  1.39270136e-02
  -3.71160488e-02  6.49732549e-02 -5.52683726e-02  4.57507197e-02
  -5.68711761e-02  6.15075548e-03  1.92935675e-02  3.41582485e-02]
 [-3.65104905e-02 -6.44090712e-02 -4.55482704e-03  3.92807620e-02
  -6.74798133e-02 -6.37538487e-02  4.43175605e-03 -2.55222495e-02
   8.44773798e-02  1.91686292e-03  4.40648340e-03 -3.54307326e-02
   5.47703674e-02 -3.86135579e-02  1.08391681e-03  1.18091889e-03
   3.51760745e-02  6.88165429e-02 -5.09219615e-02 -1.15053307e-03
   1.90115001e-02 -1.57745066e-02  5.70267410e-02  7.67628523e-02
   8.16766781e-03 -4.54917852e-02 -5.49610792e-02  2.78523359e-02
   6.46375699e-02  1.52822775e-02  1.14154615e-02 -7.60117090e-02
  -4.51347633e-02  4.56138707e-02 -5.51625927e-02 -1.04971231e-02
   1.81883942e-02  6.58588399e-02  7.39137244e-02  6.89277574e-02
  -7.29988271e-02  3.94092353e-03 -3.73316774e-02  3.98429735e-02
   4.45872904e-02 -8.59189340e-02 -2.70011521e-02 -2.71574235e-02
  -4.11695443e-03  4.13220595e-02 -8.27985254e-02 -6.68408995e-02
  -4.57872628e-02  5.90046554e-02  5.34639088e-02  7.59352811e-02
   5.60565529e-02  4.38362566e-02  7.52060458e-02 -6.60315116e-02
   8.61727003e-02  3.96516277e-03  8.37411847e-02  1.33032859e-02
   5.33358936e-02 -2.35714651e-02 -4.69232689e-02 -4.82467542e-02
  -1.71803775e-02 -4.36998846e-02 -3.76580933e-02 -6.85684829e-03
   2.75510679e-02 -8.30409708e-02  7.91033759e-02  4.54161163e-03
   7.19911151e-04  7.17612963e-02 -2.19883717e-02  2.11018454e-02
   8.28404209e-03 -4.93552953e-02  8.63612193e-02  3.53929144e-02
  -8.88082087e-02 -7.41877032e-02 -8.73892074e-02  8.43258859e-02
   4.10539809e-02 -8.11329960e-02  7.92827225e-02  4.48459382e-02
   6.08239761e-02 -4.69583905e-02  5.65838493e-02  4.77512575e-02
   5.20295472e-02  1.65184509e-02  5.68638409e-02  3.44486369e-02
   7.62543670e-02  3.27926077e-02 -9.69164416e-03  6.12100260e-02
  -1.81061977e-02  2.20523674e-02  5.44672792e-02 -4.69785528e-02
   1.53827295e-03  8.84045890e-02  8.48705038e-02 -3.90183772e-02
   5.11599568e-02  2.82074922e-02  6.74224845e-02  3.90422516e-02
  -7.04622899e-02 -1.68407345e-02 -1.17032638e-02 -1.80618234e-02
   1.36002662e-02  6.53362948e-03 -3.21528832e-03  9.48775805e-03
  -4.65742268e-02  4.80974654e-02 -3.60323584e-03 -7.54490539e-02
  -5.25747575e-02  2.01658060e-02  3.58571815e-02  2.19731962e-02
  -7.66205332e-02 -3.40627211e-02 -1.01117037e-02 -5.70813697e-02
  -7.61888889e-02  2.94242762e-02 -3.04747812e-02 -7.24216894e-02
   4.53906642e-03  1.09418461e-02 -8.82602625e-02  3.14083229e-02
   5.98594733e-02 -5.04714566e-02 -3.67204152e-02  8.08988642e-02
  -6.86994770e-02 -3.42441681e-02  6.39993041e-02  7.01405692e-03
   3.67782403e-02 -2.30974182e-02 -8.42870770e-02  4.95413141e-02
  -2.24637815e-03  2.88359196e-02 -7.34662363e-02  1.48185630e-02
  -1.35857305e-02 -3.07165731e-02 -1.98252849e-02 -4.02046231e-02
  -2.42679850e-03  7.10386501e-02  1.40623277e-02 -6.26739883e-02
   3.08396216e-02 -2.93888346e-02 -2.08363394e-02 -6.67746463e-02
  -1.12761977e-02 -5.63443095e-02  2.18168301e-02  6.53717101e-02
   8.96583498e-03  6.38832213e-02 -6.98957233e-02  5.16545236e-02
  -7.75877277e-02 -4.25521021e-02 -3.17043491e-02  1.16325500e-02
   6.90013665e-02  6.85610475e-02 -5.61596679e-02 -4.31649587e-02
  -5.77603706e-02  3.62957251e-02 -3.61157402e-02  3.81259908e-03
   1.94794899e-02  8.37319453e-02  1.69334894e-02 -4.28674299e-02
  -2.68122355e-02 -3.84815214e-02 -9.02826821e-03 -3.67713304e-02
   3.84397832e-03  1.46918984e-02  4.40680506e-02  2.85081695e-02
   5.44497882e-02  8.62255179e-03  6.99954005e-02 -1.46850203e-02
   5.97578612e-02 -1.80313499e-02 -1.16766976e-02 -6.50957517e-02
  -5.50982181e-03  8.21414420e-02  7.85126489e-02 -4.29560307e-02
  -2.59733316e-03  3.79908275e-02 -7.61556193e-02  1.99326670e-04
   2.77546636e-02  5.73420201e-02  7.28159109e-02  5.21273495e-02
   8.11200033e-02  1.02362658e-02 -7.07014307e-02 -2.20045043e-02
  -1.54506706e-02  6.73224058e-02 -1.99908327e-02 -4.49598635e-03
  -8.97838524e-02 -6.98937709e-02 -7.32607671e-02 -2.70752648e-02
   3.78679567e-03 -2.94949587e-02 -2.81982182e-02  5.53389395e-02
  -5.97671112e-02 -9.22891305e-03  2.86966057e-02 -3.12191993e-02
   8.42173863e-02 -2.85617096e-02 -8.82414274e-02 -8.31523364e-02
  -1.14332363e-02 -7.18350564e-02  2.55617781e-02  2.24001236e-05
   3.41884047e-02  8.47724948e-02  2.54502364e-02 -7.55603730e-02
   4.74302060e-02  5.08211355e-02 -4.82191207e-02 -8.01389639e-02
  -4.83324121e-02  2.32122869e-03 -3.44620965e-02 -8.81408005e-03
   3.74034894e-02 -2.73147601e-02 -4.71294566e-03  4.31205285e-02
  -6.42531048e-02 -5.93702761e-02 -6.54119501e-02 -1.69262278e-03
   4.04466301e-02  6.29836220e-02  4.98369379e-02 -7.62962531e-02
   8.08490568e-02  8.34750523e-02 -6.03445246e-02  5.25416459e-02
  -3.20259459e-02  4.90128949e-03 -4.57049374e-02 -1.87719562e-02
   6.00741574e-04  5.13300571e-02 -1.97739140e-03  7.06764948e-02
  -1.45554734e-02  4.30707808e-02  5.30619600e-02  5.50433927e-02
   2.38546436e-02  8.50538161e-02  3.75985136e-03  7.56512736e-02
   5.09273372e-02 -3.78749572e-02  3.01972420e-02  3.14675120e-02
   8.87136850e-02  2.50727084e-02  2.75091644e-02  4.40376796e-02
   1.60094190e-02  4.38340990e-02  4.99883903e-02  5.70930522e-02
  -8.62070472e-02  6.26176771e-02  7.76921954e-02 -1.64973000e-02
  -6.54113379e-02  7.16702847e-02 -2.52666117e-02 -1.69653127e-02
  -4.15411928e-02 -3.32780488e-02  4.14499161e-02  6.36202981e-02
  -4.40203907e-02  8.37533581e-02 -5.83979147e-02  6.42781707e-02
  -2.26934797e-02  4.56160695e-02  2.87651895e-02  4.01456238e-02
   2.22392275e-02 -5.04793126e-02 -1.92377770e-02 -4.52454834e-02
   7.65538965e-02  3.48628750e-02 -5.64391957e-02 -8.55277201e-02
  -6.95924172e-02 -8.46455698e-02 -7.67760410e-02 -5.75260887e-02
   2.90365719e-02  7.00190613e-02 -6.84648398e-02  7.57778996e-02
   5.99934198e-02  3.64489010e-02  3.22040612e-02 -1.25040249e-02
  -6.57553188e-02 -1.23164894e-02 -6.37354075e-02 -7.44333250e-03
  -5.78082365e-02 -1.34576759e-02 -6.82840950e-02 -6.00277663e-02
  -6.47036308e-02 -3.11797996e-02  1.73120360e-02  4.83201427e-02
  -7.44809690e-02 -8.29581478e-02 -2.90632108e-02 -2.35913514e-02
  -1.19959344e-02  5.68743313e-02  7.99661174e-02 -6.60603144e-02
   2.38388203e-02  2.82547537e-03  5.63802203e-02  4.20128433e-02
  -6.61226350e-02 -5.01506843e-02  5.16016499e-03  1.17891952e-02
   3.01385814e-03 -8.76948748e-05  8.85729024e-02 -1.78757491e-02
  -1.58971886e-02  5.74796001e-02  1.97732587e-02  2.03280941e-02
  -3.25893436e-02 -2.29767672e-02 -6.09329545e-02 -6.07147516e-02
  -4.52272262e-02 -6.98326117e-02  1.96723463e-02 -5.15724086e-02
   5.01545039e-02 -2.62768855e-02  2.27082133e-02 -4.48778136e-02
   5.34595754e-02  6.33833169e-02  8.15081239e-02  8.48025227e-03]
 [ 7.61397378e-02 -7.29172741e-02 -3.43288572e-02 -3.86186667e-02
  -3.42551179e-02  5.44214829e-03 -6.76622938e-03  8.31417428e-02
   6.57006948e-02  5.41948890e-03 -3.22396506e-02  7.51673907e-02
  -1.72225653e-02  4.17511927e-02 -4.63324150e-02 -3.17196795e-02
   3.50724576e-04 -5.23292639e-02 -6.30792976e-02 -7.85900462e-02
   3.04198184e-02 -6.58622414e-02 -4.53402138e-02 -1.07707685e-02
   1.70708876e-02 -4.90514499e-02 -1.37012511e-02  8.79790924e-03
   8.35528063e-02  3.93002276e-02  6.74303000e-02 -6.20946515e-02
  -4.68287456e-02 -8.84584642e-03 -1.37120551e-03 -6.86465821e-02
  -8.35608646e-02 -3.71733525e-02 -5.39674651e-02 -7.93829849e-02
  -2.27283447e-02 -9.55736001e-03  7.26035236e-02  6.89214243e-02
  -3.78994611e-02  3.85831258e-02  7.63118056e-02  1.57758314e-02
   1.20948310e-02  3.22634137e-02 -5.15303356e-02  5.92269673e-02
  -3.69628548e-02  8.29633893e-04  4.11247645e-03  2.83922162e-02
   1.19126735e-02  2.38227617e-02 -7.28085507e-02  4.35208622e-02
   2.08459552e-02  2.03656430e-02 -6.59437400e-02 -8.36934045e-04
   7.38900579e-02 -5.70671292e-02  4.85272225e-02 -3.00648581e-02
  -2.56136177e-02  6.53718078e-02 -1.69396607e-02 -3.36388848e-02
   8.14790711e-03  5.53534426e-02  1.74625974e-02 -7.14055101e-02
   1.06113661e-02  3.94881970e-02  3.48817982e-02  2.19330449e-02
  -1.62396161e-02 -4.61550876e-02 -6.37855539e-02  8.13168554e-02
   6.69769703e-02 -1.68166058e-02  4.20799292e-02  5.60148314e-02
  -3.15473451e-02 -6.81648505e-02 -2.30409798e-02  8.18354487e-02
   1.09388701e-02 -8.58557101e-02 -4.00359396e-03 -7.61806284e-03
   5.71908266e-02 -1.88024368e-03 -7.96528879e-02  3.75514991e-02
  -3.95742599e-02 -7.30439196e-02 -6.61590093e-02  7.06550559e-02
  -6.90106539e-02 -1.32025913e-02  2.38319763e-02 -1.99110307e-02
  -2.22647590e-03 -1.91479567e-02 -7.44641924e-02  8.16801988e-02
  -2.43661459e-02 -7.79757407e-02  7.92182573e-02  5.67489840e-02
   9.53192432e-03 -3.74669949e-02 -6.85252370e-02 -6.99087932e-02
   6.60671493e-02 -2.82046615e-03 -6.86548413e-04 -1.26228933e-03
  -2.23751221e-02  2.81827815e-02  5.26708152e-02 -7.25298200e-02
  -2.23087105e-03 -6.15163068e-02 -6.70927966e-02  7.07535347e-02
  -3.02979310e-02 -2.86847094e-02  6.03030486e-02  6.56146833e-04
   3.84694613e-02 -3.06433313e-02 -1.42572848e-02  1.57165643e-02
   3.16154787e-02 -1.36547420e-02  1.77780716e-02 -3.79323690e-02
  -6.80931948e-02  3.10406931e-03  2.05140098e-02 -7.90575329e-02
  -4.77892318e-02  6.58693776e-02 -3.60064762e-02 -5.94865995e-02
   1.54376317e-02  2.74713980e-02  7.79463048e-02 -1.88355392e-02
  -7.50635759e-02  1.43490136e-02  5.21275441e-02 -6.53050759e-02
   7.25986406e-02 -5.86369879e-02  6.35891031e-02 -2.43395297e-03
  -1.70658510e-02  3.11800907e-02  8.11151047e-02 -1.01529798e-02
  -8.16684288e-02 -4.15229310e-02  5.89823685e-02 -4.23715610e-02
  -6.39707844e-02 -8.38795283e-02 -1.94541794e-02  7.87573974e-02
   1.82173476e-02 -8.39943643e-02  1.34286022e-02  8.28039293e-02
  -2.46540537e-02  6.62878557e-02  3.28244652e-02 -4.07572957e-02
  -1.64491396e-03  3.54420684e-02  6.36279167e-02 -1.08574714e-02
   7.05043938e-02 -2.35202475e-02  2.08549457e-02  3.55800259e-02
  -1.90440773e-02 -5.44706195e-02  6.93328794e-04  5.32477726e-02
  -1.27584316e-02 -5.47921983e-02 -3.29980713e-02 -1.78517054e-02
  -4.99088251e-02 -9.20097821e-03  1.86351657e-03 -6.09720747e-02
   3.46537723e-03  6.15275363e-02 -5.59776856e-02 -3.09342434e-02
   8.70922005e-02  3.85359611e-02 -6.01066676e-02 -3.67832866e-02
   7.46717368e-02  4.75023263e-03 -5.04654996e-02  5.22730726e-02
  -5.60024639e-02  4.17657468e-02 -4.52758501e-02 -2.98735322e-02
   8.30333070e-02  1.80346946e-02  1.67525685e-02  2.66142349e-02
  -6.02057437e-02 -8.02170103e-03 -5.22467715e-02  1.73907621e-02
   4.05074826e-02 -5.55631160e-02 -8.75926377e-03 -7.30361015e-02
   3.29823842e-02  7.35174836e-02 -6.39136399e-02 -8.26386621e-02
  -8.19344647e-03  2.75204928e-02 -3.32976528e-02  1.78335556e-02
  -5.37145748e-03  1.98773475e-02  8.33907049e-02  1.50882961e-02
  -2.94421713e-02  1.20024754e-02  1.03666134e-02 -8.64405162e-03
  -4.16211010e-02  6.45693803e-02  7.79325333e-02  5.19063616e-02
   1.38648675e-02  7.43374120e-02 -3.59477906e-02 -7.40446922e-02
  -5.52976841e-02  4.84072689e-02 -6.45179140e-02  6.13944369e-02
   6.98076172e-02  2.59850429e-02 -1.16171650e-02 -4.00831974e-02
   1.03682565e-02  5.68885580e-03 -2.49656330e-02  1.28986381e-02
   6.38357287e-02  3.02263542e-02 -5.78015759e-02 -6.65154599e-02
   2.27761947e-02  2.37381604e-02 -4.82934780e-02 -2.10321518e-02
   8.70658832e-02 -2.83175371e-02 -8.76070294e-02 -4.29746774e-02
   4.65604985e-03 -4.15779480e-02  6.94060295e-02 -7.37776712e-02
   2.03818229e-02  1.97648770e-03 -5.62775524e-02  2.63518948e-02
   7.55681194e-02 -1.15827036e-02 -4.97997472e-02 -4.92462918e-02
  -1.16057254e-02 -1.56165385e-02  1.63927471e-02 -6.58266458e-02
  -3.42921831e-02  2.61018957e-02  6.65142779e-02 -6.86325956e-02
   8.07349824e-02  3.00785646e-02  4.44226366e-02  6.31676522e-02
  -5.69520539e-02 -5.23290151e-02 -7.56704074e-02  6.99153608e-02
  -5.22697924e-02 -6.67715868e-02 -5.28177914e-02  5.01645078e-02
  -6.13280229e-02  1.43877994e-02  8.07809076e-02 -7.86164973e-02
  -3.37133707e-02  5.06759632e-02 -5.82909246e-02  6.22795659e-02
   2.87400627e-02 -6.09272560e-02 -4.20087606e-02 -8.02000159e-02
  -2.43672401e-03  5.04856507e-02  6.04343826e-02  3.38136331e-02
  -2.88064767e-02 -7.30398636e-02 -1.78967024e-02  5.89105377e-02
   2.92399430e-02  7.40161105e-02  8.27409351e-02 -3.68437678e-02
   1.39010801e-02  7.89381015e-02  2.87283981e-02 -4.89196793e-02
   1.76748933e-02  7.16442928e-02 -3.95439754e-02  1.16430483e-02
   7.58695917e-02  3.41108969e-02  3.98853036e-02 -3.51597565e-02
   7.65418833e-02 -6.02182036e-02 -6.99491112e-03  1.93383649e-02
  -2.05564173e-02 -2.49011017e-02 -5.70885913e-02  2.97061350e-02
  -2.98951215e-02 -6.85042924e-03 -5.21996895e-02 -2.35614378e-02
   5.16888323e-02  7.95637078e-02 -4.06486948e-02  4.36377861e-02
   4.42406184e-02  2.54553456e-02  5.29040889e-02  6.85437784e-02
  -7.36700365e-02  5.43638768e-02  1.72035426e-02  7.29047646e-02
  -5.70100027e-02  5.25637553e-02  7.03274417e-02 -6.01642637e-02
   5.95312251e-02  7.93292023e-02 -3.70062754e-03  5.91192287e-02
  -7.58871671e-02  6.63755335e-02  1.12410046e-02 -6.62699018e-02
  -8.23565249e-02  1.16307439e-02 -6.49555849e-02 -7.68443309e-02
   4.08014366e-02 -8.49461807e-02  3.12861577e-02  9.97395455e-03
   7.89649612e-02 -4.94684733e-02 -3.68723885e-02  6.87383156e-02
  -7.15574869e-02  8.45393419e-02 -6.72020371e-02 -6.64421679e-02]
 [-1.22620248e-02  5.40285720e-02 -2.04557584e-02 -1.47209736e-02
   1.28440552e-03 -3.62551058e-03  3.89293310e-02 -1.65018368e-02
   5.78057017e-02  2.59000377e-02  9.08149008e-02  5.97058460e-02
  -1.56491798e-02 -5.35312771e-02 -1.33796073e-02  3.69577996e-02
  -7.09444196e-03 -1.69164721e-02  6.47758856e-02 -1.83034885e-02
  -7.45427134e-02 -2.37602976e-02 -3.62468437e-02  2.18742920e-03
  -4.52611687e-02  7.87635571e-03 -6.13991925e-02  1.62510123e-02
  -6.06358768e-02 -3.42336180e-02 -8.44096439e-02  5.60133789e-02
   5.42890476e-02  4.64032533e-02  7.14704858e-02 -7.71004741e-02
  -6.72033729e-02 -6.16816156e-02 -7.52793947e-02  3.82953710e-02
   5.20404909e-02 -2.79128750e-03  6.86268358e-02 -4.87970109e-02
  -1.84392566e-02  6.39732397e-02 -5.46704274e-02 -8.31428060e-02
   7.95979217e-02  5.20182402e-03  2.85909466e-02  4.20493829e-02
   5.17994222e-02  7.02228763e-02 -1.47924524e-02 -1.83666117e-02
  -3.82567422e-02 -8.20074730e-03  9.32943283e-03 -3.91287871e-03
  -1.23594306e-03  2.72339026e-02  8.48127850e-02 -7.93937566e-02
   6.46506200e-02 -3.51756897e-04 -4.37222535e-03 -2.39975657e-02
  -3.06194771e-02 -1.41907250e-02  1.91859965e-02 -7.04221209e-02
   6.24373191e-02  1.36448316e-03 -3.51365358e-02  3.51698763e-02
  -6.54686698e-02 -4.80220494e-02 -2.28172310e-02 -7.62266874e-02
  -5.48242847e-02  5.54616581e-02  6.37519904e-02 -5.54482800e-02
  -6.27596418e-02 -7.67792394e-02 -6.29844393e-02  1.89234969e-02
  -6.89600272e-02  2.68382184e-02 -3.76669410e-02 -1.85462344e-02
  -2.68304353e-02 -3.64488875e-02 -3.73205824e-02  3.22762970e-02
  -2.96045334e-02  8.62012085e-02  2.32950589e-02  5.69393463e-02
  -7.61596063e-02  2.12245218e-02  8.22760804e-02 -7.70826328e-02
  -6.80517325e-02  6.38706270e-02  8.68069875e-03  1.07970438e-02
   8.54037782e-02 -1.94862785e-02  6.86114135e-02  6.84595325e-02
   2.81936990e-02  3.22910853e-02 -6.06445087e-02 -6.64386472e-02
   3.80179124e-02  6.87298294e-02  1.92865520e-02  6.03065547e-02
  -7.25545252e-02 -4.25407414e-02 -4.57004061e-03 -5.97628614e-02
   7.68251644e-02  7.43376189e-02  7.86786231e-02  3.07615459e-02
  -8.16822100e-02  4.00083662e-02  3.38687656e-02 -5.24426543e-02
  -2.78914948e-03 -6.84353590e-02  5.53188905e-02 -7.51678724e-02
   1.61887016e-02 -5.37697411e-02 -1.76787445e-02  5.17509809e-02
  -3.55002981e-02 -4.89641559e-02  3.49900189e-02  8.60382935e-03
   2.48484847e-03  7.74741382e-02  3.37031131e-02  1.01968709e-02
  -6.23838494e-02 -9.18446460e-02 -3.48327950e-02 -2.57115143e-02
  -1.04339865e-02  4.40206327e-02 -6.64717423e-02 -4.07388192e-02
   1.60653330e-02  8.90647486e-02  5.09786725e-02  4.19543561e-02
  -4.37976439e-02 -8.07121276e-02  3.13262171e-02  4.47323845e-02
  -2.50935931e-02 -6.49044833e-02 -5.16703356e-02  2.86256331e-02
  -4.59737945e-02  2.57687823e-02  6.61098561e-02  4.11592976e-02
   6.15162427e-02  6.94226311e-02  9.91992672e-03  5.16149262e-02
  -7.12863736e-02  1.84951642e-02  1.40427281e-02 -5.69261482e-02
  -5.24989957e-02  1.79088569e-02 -7.86220738e-02  2.69839355e-02
   8.45618552e-02 -7.85747728e-02 -7.47468550e-02  1.61134575e-02
   7.84071329e-02  7.60965402e-02  7.74058372e-02  4.23611130e-02
   1.60637574e-02 -6.46246549e-02  8.04033130e-02 -1.61544914e-02
  -3.30257644e-02 -8.97254115e-02  6.25976369e-02  4.92442892e-02
  -5.35614345e-02 -5.84532437e-02 -2.75704576e-02 -7.49631532e-02
   4.07857080e-03  4.10670517e-02  3.44532607e-03 -5.81154683e-02
   6.60989898e-02  2.21941636e-02 -2.14975864e-02  8.08371723e-02
   2.22993924e-02  6.43498876e-02 -2.35854513e-02 -2.86433434e-02
  -7.64352723e-02 -3.21332618e-02 -8.22365747e-02  9.16851081e-03
   4.59811226e-03  8.18324006e-02 -5.38756151e-03  6.29084494e-02
   7.91499991e-02  3.05567876e-02  6.97979966e-02 -4.38197304e-02
   6.09318289e-03  1.25334641e-02  4.00073196e-02  7.64842287e-02
  -3.65111911e-02  5.19556416e-02 -5.19724362e-02 -8.65409478e-02
  -2.61438145e-02  8.20217824e-03 -5.16673924e-02 -7.61328255e-02
   7.22528773e-02 -4.59847597e-02  6.77158198e-02  7.67369986e-02
  -6.55919385e-03  7.28116592e-02 -2.33995209e-02  1.35636748e-02
   6.08115768e-02  5.06920038e-03  6.07432386e-02  2.85666186e-02
   4.29490613e-02  3.27404359e-02 -4.84635846e-03 -8.11200521e-02
   1.42100501e-02  6.14580875e-02  1.27583811e-02  5.94734799e-02
  -7.64599769e-02  4.46953120e-02 -1.91293623e-02 -6.59359238e-03
   8.10449485e-02  7.89389552e-02 -3.39133345e-02  8.54523213e-03
  -3.73069463e-02  5.31454607e-02  1.11622355e-02 -4.18901427e-02
  -5.31900213e-02  5.92590200e-02 -5.54385705e-02 -1.52466377e-02
   8.93998311e-02 -5.18185924e-02 -9.01210799e-02 -1.43896458e-03
  -2.02341842e-02 -1.40680512e-02 -7.43301071e-02  2.95218131e-02
   1.18557616e-02  7.28796083e-02 -2.17554063e-02  1.15512265e-02
  -3.93652644e-02 -3.10591443e-02 -9.63827420e-03  5.83080089e-02
   3.31780190e-02 -3.46316212e-02  1.76011436e-02 -3.88225940e-02
   7.38028810e-02  1.84426517e-02  7.11084970e-02  6.51097657e-02
   1.43883185e-02  5.75136655e-02 -4.90534009e-02 -5.21250248e-02
   4.21311949e-02 -5.25788580e-02  8.59812029e-02  3.46282909e-02
  -9.02844904e-04 -3.26075187e-02  3.48635626e-02  4.41786480e-02
  -2.59959909e-02 -5.22236178e-02 -6.40343151e-02  2.78764058e-02
  -7.66288078e-02  6.56721431e-02 -1.87101996e-03  6.74310270e-03
  -5.29115693e-02 -3.93853855e-02  6.00363912e-02 -1.79079536e-02
  -7.45195576e-02  3.04967733e-02 -7.54782900e-02  5.87828661e-02
  -5.60133819e-02  1.39362931e-02  6.06268160e-02 -1.00491146e-02
   1.45883916e-02  2.97063243e-02  1.19897908e-02 -9.78114073e-02
   5.30146757e-02 -3.47939938e-03 -8.00128695e-02 -1.52120951e-02
  -4.81833762e-02 -3.30370105e-02 -3.34551410e-02  2.27591299e-02
   3.05501942e-02 -1.92067302e-02 -5.18156300e-02  1.56579571e-02
   5.30298803e-02 -1.82143275e-02  7.57145369e-02  2.41506519e-02
   3.28368072e-02 -5.59725494e-02  3.39192015e-02 -6.59905583e-03
   7.42976197e-02 -8.15242496e-02 -7.26682787e-02  5.15150231e-02
   5.83103126e-02 -2.26025537e-02 -1.95953568e-03  7.02434152e-03
  -1.78977200e-02 -6.39028935e-02  6.38623688e-02 -3.13575272e-02
   7.17155379e-02 -2.21284366e-03  7.33293767e-02 -4.96270377e-02
  -1.69717621e-02  7.82910345e-02  2.71495070e-02  2.68703735e-02
   7.32164713e-02 -9.32243538e-04 -7.30344939e-02  2.32799228e-02
  -1.77498522e-02 -3.99952194e-02  8.31477818e-02  3.32039387e-02
  -5.60044269e-02  4.74293204e-02 -4.18503202e-04 -5.42142383e-02
   2.06433195e-02 -3.59242845e-02 -2.90717237e-03 -8.99606914e-02
  -1.39328802e-02  2.20219951e-02  4.68762765e-02 -2.79096737e-02
  -5.94498636e-03 -1.96886685e-03 -2.12983734e-02  7.23551180e-02]
 [-4.99992928e-02  4.24734392e-02 -6.40415801e-02  8.17335329e-02
  -2.72122653e-03  6.84048023e-02  8.03755529e-02 -6.08439068e-02
   6.19553483e-02 -4.44819965e-02 -6.87521410e-03  9.86389370e-03
  -7.81697480e-02 -2.43781913e-02 -3.62696613e-02 -2.11888092e-02
   4.88479949e-02  4.51259123e-02 -5.57313428e-02 -7.26700461e-02
  -2.79220549e-03  4.95885258e-03  3.42951735e-02 -1.00295608e-02
  -2.50118333e-02  7.23740926e-02  1.86485456e-02 -1.79776118e-02
   6.29345071e-02  4.96423264e-02 -1.80703533e-03 -1.97263435e-02
  -7.52466157e-03  6.11090273e-02  5.88186097e-03 -2.78005193e-02
  -7.69684480e-02 -7.27585006e-02  2.55844872e-02  7.68812011e-02
   3.08243719e-02  5.67291850e-02 -6.70624455e-02  6.83511834e-02
   3.32218889e-02 -1.05419108e-02 -2.63574131e-02  1.49827331e-02
   5.51828111e-02 -8.89211737e-02  8.44311231e-02  3.64475537e-02
   2.01813986e-02 -4.45839144e-02 -5.66038413e-02 -2.89893547e-03
   3.62291491e-03  1.67113218e-02 -1.38177049e-02 -6.31675328e-02
  -6.07908874e-02  5.95736413e-02 -6.33299448e-02  7.34400208e-02
   8.20206587e-02  6.99047369e-02  7.81268141e-03  8.01336435e-02
  -3.85570278e-02  7.81255233e-02  7.78369594e-02 -3.57370139e-03
  -7.56049649e-02 -1.76882793e-02  4.55033237e-02 -2.86140900e-02
  -4.24886323e-02 -1.29132551e-02  1.86332910e-02 -7.06990656e-03
   5.36096069e-02 -8.58310305e-03 -1.01764314e-02 -3.21852594e-02
  -7.27904524e-03  9.62718415e-03  2.83962922e-02  7.19282645e-02
  -5.48949639e-02 -6.24700940e-02  3.72777840e-02 -8.43617007e-02
   4.26844471e-03  2.42663427e-02  4.86349805e-02 -6.69703091e-02
   3.80918326e-02 -3.71020883e-02 -4.56486059e-02  3.19361978e-03
  -4.30873863e-02  4.64131989e-02  2.75875079e-02  7.11598718e-02
   1.72973110e-02  5.39623425e-02 -5.25650996e-02 -7.57528209e-03
   2.42000818e-02  6.34582283e-02  1.54838052e-02  8.46152857e-02
   8.82744857e-02  5.83045071e-02  6.77867059e-02  7.43386392e-02
  -8.22539243e-02 -2.43256664e-02 -5.28239859e-02  4.70384376e-02
  -3.34736687e-02  1.54742363e-02  6.97833441e-02  5.26502880e-02
   1.48414093e-02 -3.62049380e-03 -5.26785494e-02 -4.45759149e-02
  -5.29324418e-02 -5.71655894e-02 -5.34565213e-02 -4.65729721e-02
   1.32184957e-02  2.29953503e-02 -2.02710614e-02  7.60598323e-02
  -6.66478158e-02  3.20095572e-02 -4.11833044e-02  2.46230902e-02
  -3.09450600e-02  3.43377210e-02 -6.69542629e-03 -2.61035839e-02
  -6.22312846e-02 -5.71471855e-02  3.19575944e-02  1.38402891e-02
  -8.14348804e-02 -5.01539057e-02  1.81652328e-03  7.93231512e-02
  -1.64218685e-02 -5.60042573e-02 -7.58316444e-02  5.05668669e-03
   5.93461015e-02  7.82440924e-02  8.44136823e-02 -1.53806058e-02
   1.01575669e-02 -2.57748441e-03  1.94462066e-02  4.45252626e-02
   5.42953068e-02  7.39512645e-02  3.44455117e-02  2.79929112e-02
  -5.90910975e-02 -5.70932491e-02 -4.42318073e-02 -5.10017126e-02
   4.27767915e-03  3.95809702e-02  8.58522234e-02 -9.72833568e-03
   7.91021613e-02  3.97421797e-02 -8.62957589e-03 -7.31274085e-02
  -1.50846632e-02  7.89021160e-02  2.76298092e-02  3.47086139e-02
   5.62011167e-02  6.33005047e-02 -7.87595377e-02  7.85185806e-02
   8.80381090e-02 -6.88203364e-02 -7.22061629e-02 -4.16643905e-02
  -5.08831562e-03  5.78673471e-03  5.66713623e-02  4.62726863e-02
  -8.21045809e-02 -5.94058683e-02  7.83567571e-02 -7.08901828e-02
  -2.96503653e-02 -7.31896044e-02 -1.02389603e-03 -6.23339197e-02
   6.93769302e-03  4.08737933e-02  3.74963101e-02 -7.88760068e-02
  -2.60706517e-02  6.42809934e-02  3.38934922e-02 -3.55599181e-02
   1.94305972e-02  3.71021197e-02 -6.44491224e-03 -7.95526469e-03
  -4.59975958e-02 -6.68413782e-02  5.69211832e-02  6.17770210e-02
   8.31693263e-03 -8.67100103e-02 -7.19816093e-03 -3.20978233e-02
  -5.04160609e-02 -3.91355471e-02 -6.88448925e-02 -6.59943475e-02
  -1.35658490e-02  8.57964141e-02  7.24719948e-02  5.94550813e-03
  -3.92576166e-02  8.15078545e-02 -2.18084906e-03 -5.71760540e-02
   4.96759146e-02 -4.91327593e-02 -5.39371181e-02 -3.42100470e-02
  -3.46741285e-02  4.53982115e-02 -7.57672050e-03 -4.52876225e-02
  -5.20270643e-02 -6.59436789e-02  1.80836855e-02 -1.24363011e-03
   3.86018220e-02  1.83470498e-02 -2.26782001e-02  7.48915778e-02
  -2.61251158e-02  3.91268194e-02 -8.28323988e-02  3.98690901e-02
   6.10449945e-02 -3.19725715e-02 -6.70025308e-02  5.80637644e-02
   7.76263986e-02 -6.08789563e-02 -2.54001570e-02  1.10829505e-02
  -3.71740372e-02 -4.14660789e-02  4.51107720e-02  6.69671404e-02
   2.03525917e-02  7.43786516e-02  2.57150781e-02 -5.54077657e-02
  -4.87871711e-02 -2.39400152e-02  6.33574356e-02 -5.31967675e-02
   3.28425703e-02  3.24130101e-02  1.38432613e-02 -2.38348230e-02
   7.73245761e-02  3.05040964e-02  6.77197908e-02  5.20022793e-02
  -1.15575159e-02 -6.49444822e-03  4.02303736e-03 -5.70991569e-02
  -5.81134434e-02 -6.18092108e-02 -5.05320862e-02 -7.08037308e-02
   4.06471227e-02 -4.56982316e-02 -6.31076599e-02  5.04858959e-02
  -4.31268495e-02  3.81307500e-02 -6.63869488e-02 -1.82587057e-02
  -5.48968169e-02  8.08804236e-02  2.68241535e-03 -7.48317898e-02
  -2.47633785e-02 -4.73529705e-02 -6.91347055e-03  8.41583823e-02
  -9.24510794e-03 -3.99484026e-02  8.25555317e-02 -8.28150073e-02
  -6.56868406e-03 -2.84469353e-02 -1.66561335e-02  5.85271365e-02
  -3.24825384e-02  1.87900680e-02 -8.60744787e-02  3.71792288e-02
  -6.29736314e-02 -2.43725464e-02  7.25884964e-02 -4.43079855e-02
   4.68538908e-02  3.32829979e-02  2.93712955e-02  6.44248233e-02
   8.45147810e-02 -4.75201397e-02  4.12596111e-02 -6.51952389e-02
  -7.85970355e-02  3.13473454e-02 -5.24777889e-02 -7.72453680e-03
   2.00079668e-02 -8.03799854e-02 -9.60154736e-03 -3.33234073e-02
  -5.66803506e-02  9.25595164e-03  1.49084311e-02 -8.34479192e-02
  -6.95366642e-02 -6.63032874e-02  4.31737325e-03 -4.14460133e-02
  -5.97463804e-02  2.38904601e-02  7.28996648e-02 -4.95007208e-02
  -3.36919821e-02  5.75448403e-02  3.53946744e-02 -5.30090323e-02
  -2.68796551e-02 -4.19943800e-02  6.02653310e-02 -4.26896950e-02
  -7.06727854e-02 -6.27682030e-02  4.50411291e-02  3.36208732e-02
   7.37694713e-02  7.88234688e-02  4.78629609e-02  5.84586169e-02
  -3.04343310e-02 -3.90165326e-02 -6.86401255e-02 -6.19404126e-02
  -2.27304755e-02  3.89748074e-03 -4.82064697e-02 -8.33237911e-02
   2.17056390e-02 -3.85490665e-02 -2.10398518e-03  8.59379681e-02
   4.81930084e-02  3.18631069e-02 -9.73969914e-03  5.10832025e-02
  -2.25988844e-02  1.67203974e-02 -1.52286371e-02  7.87181192e-02
   2.12557771e-03  4.19865300e-02 -3.56353242e-02 -4.03174105e-02
  -8.61196162e-03 -3.65412592e-02 -1.94335365e-02 -5.93221311e-02
   4.48483430e-02 -6.01999031e-02 -4.92205549e-02 -6.55498583e-02]
 [ 2.05087786e-02 -8.82930617e-02 -4.08496525e-02 -5.17248342e-02
  -5.37771781e-02 -3.58088502e-03 -4.97199555e-02  7.51023788e-02
  -7.97572789e-02  6.50573351e-02  3.58223318e-02  2.90166606e-02
   3.24841163e-02 -1.80842957e-02  3.04726284e-02 -1.18873555e-02
   4.41088750e-02 -4.16769470e-03 -5.25789678e-02  1.39706128e-02
   3.99921712e-02 -3.25371554e-02 -8.01565279e-03 -4.50623857e-03
   5.42227836e-02  7.56254552e-02 -3.37720522e-02 -7.98482064e-02
  -5.04677590e-02  2.62291214e-02 -8.33303973e-02 -7.04805812e-02
  -3.39797814e-02 -8.28798176e-02 -4.33158666e-02 -4.68536159e-02
  -3.44505167e-02 -3.11079107e-02 -1.72325681e-02 -4.99328669e-03
   6.24059752e-02  2.14972624e-02 -4.92082946e-02 -4.63445641e-02
   6.02284879e-02  7.07108001e-02  8.18636313e-02 -1.59507498e-02
  -4.45280164e-02 -6.36128916e-02 -5.80351028e-02  4.70660742e-03
   1.10804933e-02 -2.18094357e-02  2.04655877e-02 -2.20397331e-02
   8.96441499e-02 -1.56128699e-02  7.00554058e-02 -5.23745738e-02
   3.30355816e-02  6.13306652e-02  3.43433097e-02 -8.47464112e-02
  -6.09244077e-02 -5.25380108e-02  1.70960750e-02  1.95342596e-02
  -5.93905466e-02 -2.51674964e-03  5.49894534e-02 -4.31229301e-02
  -8.34047090e-02  1.02280468e-02  5.63741291e-03  8.76192108e-02
   1.36470216e-02  4.35010581e-02  6.83687114e-03 -5.24290518e-02
   7.10034637e-02  5.25369216e-02  6.10460947e-02  8.23927289e-02
   5.79270905e-02  3.84615911e-02 -7.51865940e-03  9.06929274e-02
  -1.89647694e-02  4.18147539e-02 -3.72113412e-02 -7.20920967e-03
  -3.16238549e-03 -8.22084396e-03  2.19931794e-02 -4.26765912e-02
  -3.30995484e-02  5.19344690e-02 -4.17127767e-02 -6.41310131e-02
   4.74101352e-02 -8.37261702e-02  4.55482135e-03  2.12285232e-03
   5.15021657e-02 -8.25971443e-02  2.51746077e-02  2.21046628e-02
  -8.27840739e-02 -7.18284850e-02 -2.20273708e-02 -1.26086748e-02
   1.80625786e-02  4.47968036e-02  6.80393220e-02 -4.76920490e-02
   4.17432147e-02 -7.39759194e-02  8.36880432e-02 -7.84300286e-02
   3.67453878e-02  2.75868672e-02 -8.11154425e-02  3.41321303e-02
   3.65281538e-02 -7.26906912e-02  2.37756805e-02 -8.67870220e-02
  -2.94380626e-02  1.35360923e-03 -6.31787881e-02 -4.86762865e-02
  -7.87194665e-02 -8.77702660e-02 -2.08217008e-02  4.09686392e-02
   7.95461144e-02  6.04980345e-02  5.36302649e-02  4.37581928e-02
   1.18265289e-02 -2.57961719e-02 -7.72304601e-02  2.78446136e-02
  -2.22971016e-02  6.23389485e-02  4.75387148e-02 -3.34223950e-03
  -2.94988545e-02  9.29212810e-03 -2.21608503e-02  7.46920674e-02
   7.19536056e-02  2.34648625e-02 -6.28672856e-02 -3.47197051e-03
  -5.83003735e-02 -4.71883013e-02 -3.52493637e-02 -6.48524508e-02
  -3.47125407e-02  3.50378014e-02  7.94814748e-02 -2.45954859e-02
   2.55370744e-02  1.74856154e-02 -2.74785584e-02 -4.40555614e-02
   1.54273575e-02  1.83587263e-02 -8.24523408e-02 -5.55856559e-02
   5.80147486e-02 -8.48530087e-02  5.03088650e-02  5.51246150e-02
   4.10741517e-02 -8.19536988e-02 -2.62459826e-02 -4.22948969e-02
   1.54948176e-02 -3.40204876e-02 -8.23040525e-02  2.85920909e-02
  -2.18702370e-02 -4.39989819e-02  5.20697579e-02  6.98725669e-02
   2.60660435e-02  7.34110946e-02  8.21481935e-02  1.90181079e-02
   8.44865745e-02 -1.39366189e-02 -6.14269411e-02 -2.91812612e-02
  -8.15962245e-02 -3.61037116e-02 -4.54523124e-02 -2.56499729e-02
   2.62433104e-02  2.78940665e-02 -6.57876485e-03 -7.64236934e-02
   8.58309424e-02  5.36560794e-02 -2.43692172e-02 -3.77146169e-02
  -5.00343465e-02 -8.19596735e-03 -1.25543145e-03 -5.01400773e-02
   6.94357384e-02 -1.92243337e-02 -6.93518097e-02 -4.21892008e-02
   7.77954524e-02 -1.85038555e-02  5.56663045e-03 -5.73034840e-02
   5.87227407e-02  1.98573202e-02 -7.34761851e-02 -2.69243042e-02
   4.88658899e-02  1.84219856e-02 -8.52357734e-03 -8.40609260e-02
  -2.42591132e-02  7.57253185e-02  1.21639360e-02 -6.52298437e-02
   4.81844566e-03  3.54480059e-02 -2.08107193e-02  8.39230228e-02
   4.45295687e-02 -3.86970627e-02  5.94835879e-02  6.09612175e-02
   7.32692419e-02  7.65839869e-02 -8.34099592e-02  6.45753889e-02
  -8.42990911e-02  3.73594090e-02  2.92655556e-02  2.28865161e-02
   8.91923029e-03 -5.70118276e-02  7.01848067e-03 -7.47212559e-02
   1.49828860e-02 -7.09893034e-02 -7.62618032e-02  5.83876758e-02
  -7.98291839e-02 -8.21044832e-02 -1.29010794e-02  1.99491985e-02
  -7.25986212e-02 -2.90050447e-02  6.42326794e-03  4.70736757e-02
   5.55293398e-02 -2.78927471e-03 -6.72572058e-02 -9.90780704e-03
   3.14339781e-02  6.82992132e-02 -2.18959092e-02  1.82962055e-03
  -1.65255005e-02 -5.04440613e-02  5.16561362e-02 -4.58089998e-02
   8.33509344e-02  6.61110452e-02 -1.73997668e-02  5.14025009e-02
  -2.14947143e-02  7.46363990e-02 -7.04906956e-02  3.43678504e-02
   6.03332190e-02  2.74527729e-02  7.89606116e-02  5.59262809e-02
  -4.63138253e-02  2.24707081e-02 -6.96853860e-02 -7.88280055e-02
   7.83742347e-02 -5.20519422e-02  3.14077416e-02 -5.03526466e-02
  -3.52075277e-02  5.08859079e-02  8.53341997e-02  6.02487767e-02
   4.98103785e-02  6.88377853e-02 -2.49987629e-02  8.48945291e-03
   4.76732187e-02 -3.07806403e-02 -9.89398930e-03 -7.34372563e-02
  -1.56404765e-02  6.07869358e-02  2.36940594e-02 -2.79195890e-02
  -8.13704868e-02  4.22948204e-03 -2.66645256e-02 -2.10121287e-02
   3.18165022e-02  7.67695279e-02 -6.91615351e-02 -7.57056298e-02
   1.35963627e-02  5.23777266e-02 -1.75060364e-02  8.66282851e-02
  -5.91768422e-02 -4.39531005e-02 -3.03683845e-02  7.66915005e-02
   6.32827037e-02 -5.07273749e-02  8.15469414e-02 -5.16111183e-02
  -4.19295588e-02  6.82804626e-02  1.87871456e-02 -2.11249576e-03
   6.72325513e-02 -4.36484531e-02 -7.48966584e-03  3.54391867e-02
  -4.66235157e-02  3.57170636e-02  4.80695559e-02 -4.09774589e-03
  -1.89954680e-02 -3.47617836e-02 -4.05557445e-02 -7.33788281e-03
   4.43809826e-02  6.61087929e-02  4.85955725e-03 -3.17913919e-02
   5.94479203e-02 -7.75253508e-02  3.36051895e-02  4.87538825e-02
  -2.29785795e-02  3.10946964e-02 -2.36208493e-02 -7.47458780e-03
  -6.20343609e-02  2.97291056e-02  5.84721641e-02 -4.08133980e-02
   1.47508729e-02 -4.07279209e-02  7.37428793e-02 -3.14578891e-02
  -2.19658525e-03  3.61877947e-02 -3.94744202e-02  5.08914191e-03
   1.52360145e-02 -5.28543079e-02 -4.06692534e-02  8.61757386e-02
  -6.01521462e-02 -3.10285480e-02  7.30215690e-02 -8.30016279e-04
   6.11582198e-02  1.52073829e-02 -2.43126832e-02 -5.30809234e-03
   3.65917978e-02 -4.83416894e-02 -1.09693101e-02 -6.32928643e-02
   2.96527846e-02  1.42780542e-03  2.03622420e-02 -3.07263407e-02
   9.08367289e-03 -6.87288764e-02  8.00337619e-02 -6.96435448e-02
  -4.26745135e-02  1.39737694e-03 -6.75155686e-02 -1.48803803e-02]]