[[-6.09178620e-01 -1.74884466e-01 -9.24308064e-01 -7.54033524e-01
   4.68743768e-01  4.03631027e-01 -8.76615678e-01  5.19435387e-01
   6.75340060e-02 -6.37687048e-01 -9.98146773e-01  3.47597257e-01
  -8.29816102e-01 -8.62310580e-03 -1.84266631e-01 -1.66060037e-01
  -3.91371374e-01  2.18100819e-01 -7.69067727e-01  5.42353780e-01
  -9.32690508e-01  9.27855140e-01  3.65428415e-01  8.23153855e-01
   3.49998724e-01  2.35957085e-01  7.52363676e-01  5.61877207e-01
   3.25463266e-01  3.43242474e-01  5.41026199e-01 -8.38607935e-01
   1.98131363e-01 -8.53534884e-01  6.74720640e-01 -9.76852069e-01
   5.40740901e-01  3.50506453e-01  3.30864029e-01 -9.20479578e-01
   4.43593816e-01  4.19300500e-01  8.10356140e-01  1.63357276e-01
  -5.45499991e-01  8.97576451e-01 -4.98470273e-01  1.22738599e-01
  -5.96138035e-01  7.54450444e-01  7.13114276e-01  7.52226853e-02
  -7.40095854e-01  4.76489456e-01  3.97924439e-01 -8.81224799e-01
   4.74215708e-01  3.55077912e-01  2.23575621e-01 -2.55065667e-01
   4.01560569e-01 -2.57080767e-01 -7.41370626e-01  5.98904098e-01
   1.50337864e-02 -9.05588432e-01 -2.85409676e-01 -4.57718910e-01
  -8.53873298e-01  4.52665839e-01  3.53553023e-02  9.27481222e-01
   2.40904136e-01  7.39867124e-01 -1.00463234e-01 -8.92660420e-01
   9.30249928e-01 -1.36877063e-01 -3.67246237e-01 -9.74052047e-01
  -4.43489352e-01 -5.42611077e-01  7.62786168e-02 -8.11088476e-02
   8.30914547e-01 -4.87355829e-01  5.50505606e-01  4.81729445e-01
  -4.42683194e-01  4.86494354e-01 -3.21476982e-01  6.14362003e-01
   8.20202684e-02  9.49208163e-01 -9.28641187e-01  7.15007282e-01
   1.82246419e-01  1.45035535e-01 -2.18570675e-01  6.04783536e-01
   6.08329625e-01  2.22697334e-01 -7.55384744e-01  7.79563542e-01
   5.49406985e-01 -6.70997730e-01 -7.48230223e-01 -4.41125157e-01
   6.46327049e-01 -6.19234860e-01 -3.05838800e-01 -5.62573640e-01
   3.64352773e-01 -4.67325360e-01 -9.15457269e-01 -3.53327361e-01
   5.70782760e-01  3.76338612e-01  5.75726961e-01 -3.71728305e-02
   6.85784102e-01 -2.88637588e-01  5.59077370e-01  8.51046354e-01
   8.80030601e-01 -6.87297298e-01 -5.70209638e-01  5.97221158e-01
   5.46536125e-01  4.37387151e-01 -6.36492408e-01  9.35951273e-01
  -3.87867384e-01 -7.66629805e-01 -4.61877689e-01 -4.00531429e-01
  -9.77331156e-01  1.58574528e-01 -5.36404577e-01 -5.30737950e-01
   3.40666328e-01  6.61135109e-01 -4.71689911e-01 -2.13695916e-01
   8.20095363e-01  7.22285281e-01 -1.16475464e-01  6.00631171e-01
  -5.81954500e-01  1.59239016e-01  3.86095177e-01  7.68534248e-01
   4.82656831e-01 -3.62654451e-01  6.75001091e-01 -9.07956903e-01
  -3.70914118e-01  1.71818631e-01 -9.13231842e-01  1.63583655e-01
  -1.84474906e-01 -2.67594369e-01 -7.89557796e-01  3.13936385e-02
  -1.03304568e-01 -5.35633565e-01 -1.47203083e-01  7.45343631e-01
  -5.34486942e-01 -1.23035244e-01  2.77694665e-01  1.23224705e-01
  -2.20854871e-01  5.68381948e-01  4.48086080e-01 -4.07816060e-01
  -3.03985855e-01  5.31979019e-01 -2.88530723e-01  8.77089643e-02
   5.11702705e-01  4.14899366e-01  2.57647875e-01 -7.74021815e-01
   5.80573534e-01 -9.83156861e-01 -1.23055755e-01  6.58450461e-01
   6.51886973e-01  5.72526113e-02 -5.09885912e-01  4.53573844e-01
   1.72890381e-01  1.32818002e-02  2.61452403e-01 -6.23634701e-01
  -4.58366979e-01  3.51884632e-01 -2.38256046e-01  9.29184021e-01
   5.01222221e-01 -6.50576027e-01 -2.89852142e-01  5.94811274e-01
  -8.23016895e-01 -9.04672096e-01 -7.82000929e-01 -6.11492865e-01
  -1.43313895e-01 -1.14089045e-01 -7.82874760e-01 -4.08041533e-01
  -6.12202819e-01  9.99989341e-01  4.25998788e-01 -6.58244995e-01
  -7.45949843e-01  1.74843094e-01  8.25794827e-01 -6.07804841e-01
   1.63561062e-01 -7.11088378e-01  4.02367394e-01  6.77109247e-01
  -1.00080122e-01  6.82216316e-02  3.18006329e-01  2.53006203e-01
  -5.67767397e-01 -7.12655609e-01  9.01909026e-01 -7.98944851e-01
   9.52304307e-01 -5.47231243e-01  6.21323810e-01  1.74307675e-01
  -9.25514979e-02  3.16577249e-01  9.38289247e-01  8.65558507e-01
   7.17242427e-01  3.73319149e-02 -8.25821941e-01 -1.42157422e-01
  -4.65949663e-01  5.21837889e-01 -3.32670207e-01  9.55002646e-01
  -7.86368110e-01  3.08551566e-01  4.49269967e-01 -4.59783953e-01
   4.81207228e-01 -3.02930385e-01  3.67789313e-01 -1.98140222e-01
  -3.96881421e-01  2.90734876e-01 -7.60521368e-01  7.76740100e-01
  -9.85161347e-01 -1.29513342e-01  3.48415735e-01 -2.73021057e-01
   5.22992718e-01 -3.63947457e-01  9.96342636e-01 -6.89031161e-02
  -1.06710986e-01  3.81587338e-01  4.01024141e-01  5.95578186e-01
  -6.88394803e-01 -4.64825331e-02 -5.51278270e-01  9.01959823e-02
  -6.00685601e-01 -9.00138751e-01 -6.57514524e-01  8.81769098e-01
   2.02874704e-01 -8.97192810e-01 -7.77159527e-01 -8.41793318e-01
   8.58130480e-01 -6.33741779e-01 -9.72552744e-01 -2.88890338e-01
   7.25709664e-01 -6.23871593e-01  5.68985104e-01  6.58991119e-01
   9.94032229e-01 -1.63942983e-01 -8.68645238e-01 -1.35880085e-01
   6.64578737e-01  9.82903860e-01 -9.36241136e-01 -8.65547854e-01
   6.94600855e-01 -5.87907725e-01  1.07424126e-01 -9.10031424e-01
   2.81821781e-01 -4.91222202e-01  4.85996637e-01  2.16079494e-01
   8.57476066e-01 -1.98152195e-01 -1.37482682e-01 -1.84054153e-01
   1.47195603e-01 -4.22426140e-01 -4.26534751e-01  4.61481573e-01
  -1.08279083e-01 -1.97670845e-02 -4.20835846e-01 -9.75018998e-02
  -3.16292692e-01  5.96792048e-01 -4.76675272e-01 -3.32853700e-01
   8.95039962e-01 -9.68317186e-01  5.92745993e-01  7.99088853e-01
  -4.33697207e-01 -4.27601859e-01 -5.58627226e-01 -2.45231732e-01
   7.38824358e-01  3.51831993e-02 -3.72207997e-01  2.15167840e-01
   9.60278763e-01 -3.69359501e-01 -1.82564616e-01  8.86754533e-01
  -7.61679261e-01 -1.13368715e-01 -6.01120141e-01 -2.75532934e-01
  -8.67846662e-01 -2.84725873e-01  1.42772494e-01  4.49252728e-02
   1.01221081e-01 -3.24398795e-01  1.73817783e-01 -2.50606334e-01
   2.17071837e-02  2.98687541e-01  3.47974985e-01  5.18963541e-01
   9.42666420e-01 -4.91988937e-02  2.85212999e-01 -8.31763271e-02
   7.16261410e-02 -6.35711047e-02  8.36978191e-02 -8.87203366e-01
   7.23274395e-01  5.27961684e-01  6.64123650e-01 -8.71184130e-01
   6.78773401e-01  5.05487693e-01  2.70294583e-01  4.42562341e-02
   7.24836578e-01 -2.19201266e-01 -7.58243647e-01  1.83694525e-01
  -2.97434370e-02 -8.61379219e-02  2.55881563e-01  2.61013921e-01
  -4.79363399e-01  1.47748253e-01  8.92792308e-01  4.14281376e-01
  -6.27714569e-01 -6.53698486e-01  8.36057693e-01  4.18085286e-01
   2.45052963e-01 -6.96447009e-01  7.25019045e-02 -5.98119349e-01
  -7.31731072e-01  5.45144356e-01  2.01212986e-01 -6.51059476e-01
  -5.73192182e-01 -7.72770468e-01 -1.13438951e-01  2.55561147e-01]
 [-4.63064201e-01 -5.49119416e-01 -2.32376563e-01  5.91654710e-02
   2.36757262e-01  2.50841055e-01  4.47782866e-03 -7.51039683e-01
   5.55998951e-01 -4.33553831e-01  8.31776968e-01 -4.75082849e-01
   7.30778025e-01 -4.32153257e-01  3.88535003e-01 -7.78832436e-03
   7.91224481e-01  6.49655226e-01  5.75798730e-01 -9.14182524e-02
  -3.47881184e-01 -2.05376163e-01 -6.44820575e-02  3.67111978e-01
   9.66552786e-01 -7.16742880e-01 -8.89785245e-01  5.72132531e-02
  -3.13510215e-01 -2.41005328e-01 -3.06076497e-01  2.07662008e-01
   8.65484639e-01 -9.23046161e-01 -9.16846867e-01  2.34392484e-01
  -1.57353796e-01  7.68430570e-01 -2.16375322e-01 -8.01259713e-01
  -6.91090478e-01  9.62794954e-01  8.57063911e-01 -5.35047951e-02
   5.05882475e-01 -2.94803040e-01 -5.40871642e-01 -7.93202742e-01
   4.75687942e-01  7.78232610e-01 -8.92467479e-01  1.13522388e-01
  -6.80765984e-01  4.67633967e-01  9.36578791e-01  6.13498421e-01
   4.09109729e-01  2.38164672e-01  7.33204696e-01  7.31962564e-01
   4.07383488e-01  3.99946851e-01 -6.10105568e-01 -5.71196658e-01
  -6.08126309e-01 -8.75183272e-01  9.89717171e-01  8.32313392e-01
  -9.39119200e-01  4.07715988e-02 -3.19349736e-01 -2.56839749e-01
  -1.47971982e-01 -9.22058128e-01  5.81948378e-01  2.07537653e-01
  -7.60360547e-01 -6.78668801e-01  4.19563634e-01 -9.08817367e-01
   6.06949264e-02  9.27090708e-01  7.24882051e-01 -1.93549934e-01
   1.71488052e-01  4.70249009e-01  9.10575266e-01 -2.58530962e-01
  -5.15989153e-01  8.17540145e-02 -8.39727329e-01 -6.25959842e-01
   8.45075268e-01  5.37687408e-01 -5.98102947e-01  4.24287940e-01
   2.52985179e-01  6.58156677e-01  7.63635622e-01  1.09283954e-02
   6.54536756e-01  4.67867243e-01 -5.36367368e-01 -3.08295047e-01
   3.76564056e-01  3.16458084e-01 -1.58569679e-01  9.51162870e-01
   9.93374797e-01 -7.99632523e-01  2.67854782e-01  1.27686127e-01
  -2.80674329e-01  6.91413339e-02  3.51174384e-01 -7.13741794e-01
  -9.42774241e-01  8.77378600e-01  6.32991006e-04 -7.58812032e-01
  -4.88404491e-01  4.31474998e-01 -5.20025376e-01 -5.97881038e-01
   1.46222245e-01  2.00957676e-01  9.82028814e-02 -3.41732115e-01
   9.82467812e-01  7.28614822e-01 -9.87324836e-01  7.75378685e-01
  -7.26307610e-01  1.07994899e-01  1.41273782e-02 -1.15442858e-01
   1.71174272e-01 -1.66136357e-01  4.29437814e-01  4.44235599e-01
  -7.66452548e-01  4.21479193e-01 -4.20204244e-01 -8.64551757e-01
  -9.02860109e-01  9.93059959e-01  9.81917627e-01  8.28898229e-01
   2.19579640e-01  1.43600466e-01 -5.76518955e-01  1.41270091e-02
  -3.76093884e-02 -2.71907937e-01  9.34737731e-01 -5.80941628e-01
  -8.09146952e-01 -1.28715954e-01  6.31462278e-01 -9.21454081e-01
   6.68339278e-01 -6.30052628e-01 -3.33695487e-01  4.88356886e-01
   6.45209749e-01 -5.15856131e-01 -9.97452251e-01  5.69929342e-01
  -1.66585357e-01  9.40430381e-02 -2.35712831e-01 -9.13031157e-01
  -6.71484591e-01  4.57635787e-01  7.78819823e-01 -4.24589781e-01
  -9.98302931e-01 -3.89621061e-01  3.13379793e-01  4.02610276e-01
  -6.52201725e-01 -7.06700385e-02 -5.11925263e-01  3.07952674e-01
  -7.26031905e-01  3.21385701e-01 -8.87222032e-01  5.48149566e-02
   4.04978452e-02  3.42899156e-02 -2.01153089e-01 -5.66037438e-01
   4.16452750e-01 -4.81806342e-01 -2.23014082e-01  2.70859296e-01
   8.53158344e-01  5.31735009e-01  8.96743826e-01 -8.77425233e-01
   1.09560123e-01 -5.14996366e-01  7.42243377e-01 -6.77375180e-01
   3.46302506e-01  7.25325382e-01  1.41562187e-02  1.99996964e-01
   5.67138984e-01  5.70782319e-01  8.54568596e-01 -7.46077071e-01
  -4.99809182e-01 -9.33182329e-01 -2.70591434e-01 -8.20323609e-01
   2.86451812e-03 -7.94234683e-01  2.82300205e-01 -4.31471962e-02
   6.23702702e-02 -1.57912973e-01  1.29326278e-01  2.98363481e-01
   4.44365373e-01  7.33869425e-01  7.85942732e-01 -3.32789287e-01
  -3.94114386e-01 -6.42748280e-01 -5.62929892e-02  4.42709326e-01
  -6.26152137e-01 -1.24171685e-01  4.96491678e-01 -2.82352403e-01
  -6.54492091e-01 -2.28579550e-01  5.96057608e-02  2.90925655e-01
  -6.65731761e-01 -6.80590893e-01 -8.49695947e-01 -1.00567981e-01
  -1.61639956e-01  7.09392088e-01  5.89930635e-01 -4.91016646e-01
   5.83020255e-02 -7.16605435e-01 -1.80707840e-01  9.29502252e-01
   5.73354246e-01 -6.68981934e-01  8.39107243e-01 -7.95724621e-01
  -4.96705358e-01  1.47860365e-01  6.22933580e-01 -9.24487953e-01
   6.92722513e-01 -7.86155708e-01 -9.41533499e-01  7.48170598e-01
   7.23612501e-01  9.85368482e-01  7.64690293e-01 -7.84893584e-01
   6.20580235e-01 -3.33809025e-02 -9.70948186e-01  4.68053920e-01
   1.11167776e-01 -3.43967146e-01  4.95669829e-01 -1.62542743e-01
   2.67810353e-01  8.63252674e-01 -7.36515870e-01 -7.77094416e-01
   7.60725103e-01 -9.55606294e-02  3.41018790e-01  5.15819964e-01
  -9.78495413e-01  5.35279810e-02  2.66647357e-01  6.38889096e-01
   1.69764734e-01  3.28913454e-01  9.06736700e-02 -3.29918845e-01
   8.78844431e-01  4.01297339e-01  3.46423007e-01 -1.44675166e-01
  -5.54526669e-01 -3.92956642e-01 -2.21362316e-01  1.77953237e-01
   9.29210715e-01  8.41471435e-01  4.26928369e-01 -5.74291810e-02
   1.58338208e-01 -4.93415998e-01  9.35928231e-01  4.66164036e-01
   4.74531565e-01 -1.53834749e-01 -5.30545426e-01 -1.02939068e-01
  -7.79169169e-01 -1.29235568e-01  9.95476555e-01 -1.36095591e-01
  -4.87504916e-01 -1.88417848e-02 -8.10177703e-01 -3.17581420e-01
  -8.31058188e-01 -8.29753207e-01  5.98545474e-01 -7.37280542e-01
  -2.42430925e-01  8.20639731e-01  4.10024248e-01 -8.11916459e-01
  -4.96870181e-01 -4.76936598e-01 -2.25659121e-01  3.33446981e-01
   9.04552371e-01 -9.39225887e-01  2.23102412e-01  6.58306335e-01
   2.64325122e-01  1.65374979e-01 -7.05482753e-01  2.67560959e-02
  -2.16046095e-01  6.29089509e-01  8.10249461e-01 -7.19947520e-01
  -2.49987720e-01 -5.09455725e-01 -6.80626449e-01 -2.43025821e-01
   4.24223768e-01  7.60199539e-01 -9.11448772e-02  3.55547423e-01
  -1.95540902e-01  4.37879988e-01  6.67167355e-02  5.87113548e-01
   7.88010893e-01 -1.07771073e-01 -7.84828814e-01  4.76108513e-01
   6.05462978e-01 -8.52759958e-01  1.53807504e-01  3.35311789e-01
   8.37500817e-01  8.26300006e-01  2.81220145e-01  4.98692604e-01
   3.12618711e-01 -6.93573746e-01  5.33994342e-01  7.59676021e-02
   1.68981373e-01  2.31043403e-01 -2.01637857e-01 -1.99609243e-01
  -1.89000543e-01 -8.33192512e-01  7.19556354e-01  7.75345571e-01
  -1.99071678e-01 -5.34492395e-01  1.69015096e-01 -8.62064705e-01
  -9.74052857e-01  2.76937428e-01 -7.32577365e-01 -6.41268904e-01
  -7.36429460e-01  8.88665528e-01  9.98533446e-01 -5.41477033e-01
   1.15342253e-01 -8.90688810e-01 -3.02051064e-01  2.22487352e-01
  -6.21318012e-02  4.08284672e-01 -1.31387589e-01 -5.72594852e-01]
 [-3.09902926e-01 -6.87030300e-01  2.89936489e-01 -1.20456825e-01
   8.59880743e-01  7.07516364e-01 -5.99556448e-01  2.57698911e-01
  -6.71542503e-01 -3.97405738e-01 -7.30458503e-01  4.18535414e-01
   9.70157825e-01 -2.76706665e-02  2.40303306e-01 -7.94360864e-01
   8.69903772e-01 -7.73297057e-01  7.67466359e-01  6.17798431e-01
   5.73027748e-01  6.16165765e-01  5.60452787e-01 -8.81898783e-01
   1.27664996e-01 -5.90401115e-01 -8.62884583e-01 -2.16243247e-01
   7.52100631e-01 -9.89632308e-01  9.45902973e-01 -2.64527016e-01
   5.09645133e-01 -6.35837696e-01 -2.78521474e-01  9.82524323e-01
  -1.48760543e-01 -7.44990203e-01 -1.80490221e-01 -5.20304221e-01
   7.72409367e-01  9.10868384e-01  9.59512080e-01  7.12239642e-01
   9.38850393e-01  9.92433900e-01 -3.92874344e-01  1.58450441e-01
   6.68631578e-02 -3.52579183e-01  8.84939137e-01 -2.85482667e-01
  -4.40996950e-01 -7.10613721e-01  3.55339567e-01  7.29174860e-02
   7.62415078e-01 -8.36292377e-01  8.92885505e-02 -4.91409763e-01
  -7.15757253e-01  4.40645605e-02  7.91930797e-01  2.00006874e-01
   5.22013557e-01 -8.06021754e-01  9.27243716e-01  3.06528823e-01
  -5.62567956e-01 -5.45535698e-01  5.37865060e-01 -3.86338031e-01
  -5.82930300e-01 -2.77774940e-01  4.50983954e-01 -1.91098532e-01
  -2.68944527e-01 -9.35236195e-01 -6.33662947e-02 -1.06538184e-01
  -3.20534003e-01 -9.65120284e-01  2.24442458e-01  7.17424846e-01
   6.48287039e-01  8.06584755e-01 -8.64605295e-01  3.55648668e-01
  -3.53280002e-01  1.83035870e-01  9.30154910e-01  3.14515244e-01
  -3.42716828e-01 -7.86941057e-01  3.92319331e-01  5.91525981e-01
  -9.74621969e-01  4.48993710e-01  2.81037536e-01  5.35919374e-01
  -3.85478794e-01  6.07733433e-01 -3.17721003e-01 -8.70047724e-01
   7.79454834e-01  8.46882497e-01  5.06064512e-02 -1.67309027e-01
  -2.35356702e-01  8.56921822e-01 -5.72082605e-01 -4.90868695e-01
  -8.03099059e-01 -6.72134281e-01  8.67947987e-01 -7.19256204e-01
   2.37310681e-01  8.57002056e-01 -8.73423514e-01  3.70422435e-01
   4.95995488e-01 -8.66885350e-01  2.41783286e-01 -5.47440730e-01
   4.21568658e-01 -7.14450578e-01  2.79394705e-01  3.06010943e-01
   6.26334157e-01 -6.57686213e-02  7.33477711e-01 -5.45799736e-01
  -1.75191976e-01 -6.30771107e-01 -1.97149881e-01 -5.93520344e-01
   7.40537823e-01 -6.04412753e-01 -5.55831417e-01 -5.96303176e-01
   9.04091806e-01  8.79832755e-02  4.79670111e-01  5.06687603e-01
   5.89417404e-01 -2.90599119e-02 -1.74477266e-01  4.31684466e-01
   4.31017112e-01 -8.32782991e-01  3.98119885e-01  5.77340822e-01
   8.43220921e-01 -9.13332049e-01 -3.12421490e-01  3.61946697e-01
  -9.33301921e-01 -1.03911076e-01 -3.46115720e-01  2.80938524e-01
  -6.79079756e-02 -5.71033842e-01  4.74011319e-01 -2.53729771e-01
  -7.71058082e-01  6.80955154e-01 -3.52058099e-01 -5.84279178e-01
  -2.41013491e-01  4.82819268e-01  4.44691473e-01  2.41743678e-01
  -8.57613664e-03  3.57511125e-01 -9.13742265e-02  1.75857101e-01
  -3.30505170e-02  2.76748447e-01 -5.31900459e-01  8.03105953e-01
  -5.28610872e-01 -3.70964520e-01 -6.78094412e-01  7.10984821e-01
   9.06594652e-01  9.89198134e-02  7.55952465e-01  8.24931169e-01
   2.55858105e-01 -5.32300528e-01  6.13318331e-02  3.06001216e-02
  -2.84953264e-01  7.60933652e-01 -2.44755890e-01 -3.62629732e-01
  -7.47041589e-01  7.05361830e-01 -3.75009229e-01 -9.65255460e-01
  -2.29776568e-01  1.99866190e-01 -9.76551433e-01  3.66202137e-01
  -2.49473638e-01  1.42384162e-01  2.60104335e-01 -6.44222916e-01
  -7.78107612e-01 -9.32424303e-01  8.66334161e-01 -1.03544151e-01
  -1.01174078e-01  2.72192698e-01  2.00933555e-01 -4.35721000e-01
  -6.77715163e-01  8.98395892e-01  4.86658180e-01 -9.13383227e-01
  -7.30247497e-01 -6.19236531e-01 -9.82549912e-01 -6.51221582e-01
  -3.54521800e-01 -6.51544739e-01  1.15597936e-01 -8.94995445e-01
   5.24518594e-01  3.82647397e-01 -3.26637834e-01  2.23264068e-01
  -3.65423868e-01 -8.97953414e-01  9.65211879e-01 -6.95581689e-01
   9.89830068e-02 -4.16772798e-01 -6.10930045e-01  8.44409916e-01
  -2.91355063e-01 -8.96138489e-01 -2.55394948e-01 -7.78731005e-01
  -9.96848880e-01 -7.13695312e-01  8.12680585e-01  6.86156832e-01
   3.02718105e-01 -1.36353256e-01 -8.81087427e-01  6.21532623e-01
  -3.37957814e-01  2.65755598e-01 -9.82503616e-01  8.31263401e-01
   8.60357318e-01 -9.74316720e-01  5.60470122e-01 -1.27036886e-01
  -9.04887693e-01 -8.48636947e-01 -4.08937657e-01  7.13959681e-01
   8.69436771e-01 -9.92097072e-01  2.30376447e-01 -2.92508691e-02
   9.97258267e-01 -4.34415628e-01  5.80420556e-01  7.21417358e-01
   1.94949029e-01 -4.34754378e-01  2.65647499e-01  4.68834438e-02
   3.40500130e-01  3.09518691e-01  4.44195662e-01  6.62710478e-01
  -9.13174228e-01  9.63564445e-02  5.49969988e-01  6.89982918e-01
  -2.67736853e-01 -5.48250391e-01  2.34087259e-01 -4.73816140e-01
  -2.30232773e-01  4.44890434e-01 -5.70613473e-01 -1.93816861e-01
  -2.07792696e-02 -9.31756145e-01  7.64578553e-01 -1.49497328e-01
  -5.79306479e-01 -9.49517099e-01 -3.11404181e-02 -2.87157659e-01
   1.90578619e-01 -2.58431715e-01 -2.22459834e-01 -8.62095851e-01
  -4.64644159e-01  6.50797434e-01 -9.15044380e-01 -4.51372780e-01
   9.19349846e-01  9.48491063e-01  4.76129968e-01 -7.01151793e-01
  -1.85388076e-01  6.51003751e-01 -1.50727215e-01  6.50947798e-01
   8.64952503e-01 -5.78210309e-01  7.84518016e-01  6.23468036e-01
   5.56265038e-01  6.14919979e-01  9.50052265e-01 -5.65758624e-01
   6.18612723e-01  9.24011354e-02  3.90266117e-01  7.53297065e-01
   1.60257784e-01 -8.97673508e-01  3.99330433e-01 -8.17644083e-01
   3.66649202e-01 -7.24239115e-01 -9.26145061e-01 -1.25297042e-02
   4.76742655e-01 -9.05978257e-01  3.43109889e-01  8.76731964e-02
  -9.49396242e-01 -2.40098204e-01  8.55392734e-01  6.27825784e-01
   9.49646462e-01 -2.39004020e-01  5.79609525e-01 -8.43468057e-01
   2.49984598e-01  2.11743613e-01 -1.06066110e-02  4.48907592e-01
  -6.23719634e-01 -8.08096183e-01  7.24927923e-01  6.10685574e-01
  -3.02329861e-01  2.84827084e-01 -5.92530526e-01  5.31286875e-02
  -9.91912970e-01  5.97153251e-01  6.31469918e-01  8.78501492e-03
  -6.85163897e-01 -9.54043982e-01  7.71880528e-01  6.82350826e-01
  -7.00599461e-02 -1.91163971e-01 -8.72922245e-01  2.68837713e-01
  -9.01017329e-01 -6.27944533e-01 -5.47227544e-01 -3.57486809e-01
  -7.25567155e-01  7.74552616e-01 -3.86900089e-01  5.12582399e-01
   5.29907565e-01 -7.10380645e-01 -5.56859560e-01  4.46445578e-01
  -9.15404715e-03 -6.11443842e-01 -2.96307843e-03  7.56131956e-01
  -1.62244982e-02  1.41554179e-01 -6.15468206e-01  5.65125659e-01
   3.77270657e-01  2.36440809e-01  9.31482906e-01 -5.07506480e-01
  -3.23240250e-01 -7.61021675e-01  3.59953217e-01  8.92568906e-01]
 [-6.21574899e-01  3.17811155e-01  9.21434387e-01  4.14139084e-01
   8.86489494e-01  3.52735803e-02  4.13852115e-01  9.05022624e-01
   3.96324708e-01 -6.59201519e-01  5.73670119e-01  1.78858691e-01
   5.73290908e-01 -5.13555987e-01  3.82699166e-01 -5.21779395e-01
   2.74778266e-01 -4.45966494e-01 -5.21141355e-01  4.55775524e-01
  -7.65859667e-01  1.94805038e-01 -3.39206480e-01 -3.45279602e-01
  -8.00531165e-02 -5.61956590e-01 -9.74199830e-01 -5.31574943e-01
   9.62521624e-01  4.71583709e-01  6.34034971e-01 -3.51923634e-01
   1.64563563e-01  9.99203103e-01 -7.27227340e-01 -9.94188978e-01
  -6.28844304e-01 -3.74237306e-01  1.06784623e-01  5.18940779e-01
  -5.04748134e-01  2.74349326e-01 -9.55160412e-01  5.51452312e-01
  -6.57634117e-01 -8.92763926e-02 -5.97713408e-01 -1.79588528e-01
  -4.77574870e-01 -1.89395047e-01 -6.12669329e-01  7.22047066e-01
  -3.46733471e-01 -1.76091621e-01  6.37285145e-01  7.11208917e-01
  -7.88221479e-02  8.84163266e-01 -6.90342854e-02  9.43070098e-01
   1.88241123e-01  2.40953039e-02 -5.67887552e-01  2.80486256e-01
   7.10757711e-01 -8.03783617e-01  9.93643667e-01 -6.97274679e-01
   6.28691536e-01 -8.48051666e-01 -3.70001361e-01 -5.13066118e-01
  -9.35290903e-01  8.86797547e-01 -4.40033540e-01 -8.13570734e-01
  -7.49692956e-01  5.17543201e-01 -3.67342908e-01 -8.23626493e-01
   4.54958673e-01 -8.04683752e-01 -8.33062694e-01  6.70462656e-01
  -3.23707345e-02 -6.06690198e-01 -7.47890926e-01  2.10229121e-01
   7.34187322e-01 -7.55966858e-01 -2.17253177e-01 -6.54174535e-01
   9.47602147e-02 -4.29904384e-01 -1.69926263e-01  5.39599328e-01
   2.82181077e-01  4.07436934e-01 -1.39505963e-01  7.60655371e-01
  -1.22606603e-02  5.53508434e-01 -2.34192436e-01  8.69203287e-01
  -6.30035263e-01 -5.69787287e-01  2.23860458e-01 -6.70253257e-02
   4.41043868e-02  1.04846582e-01 -4.20051606e-01  7.27635840e-02
   8.18756082e-01 -7.72919810e-01  9.98230046e-01  3.79485892e-01
   7.33744883e-01  4.30428180e-02 -9.17396625e-02 -7.80223848e-01
  -9.64429250e-01  2.08599561e-01  9.18117678e-01 -1.37869747e-01
   7.19599776e-01  4.57795133e-01 -5.32830766e-01  1.37677419e-01
   9.30564264e-01  1.21234746e-01 -3.17753193e-01  4.72866231e-01
  -7.75979938e-01 -3.15582005e-01 -5.79626757e-01  2.62986204e-01
  -7.11837467e-01  4.10686668e-01 -6.21665242e-02  8.82508128e-01
   7.28290642e-01  8.79336052e-01  3.52906157e-01  1.35029350e-01
  -1.37511469e-01  2.38800306e-01  5.80937360e-01 -2.47860307e-01
  -3.37289217e-01  3.92401974e-01  3.04580844e-01 -9.17602595e-01
   7.18602060e-01 -5.96484453e-01  1.74713962e-01  7.15818287e-02
  -1.77931044e-01 -9.33227067e-01 -5.60184106e-01  2.18507454e-01
   1.70022472e-01  9.13606020e-01  8.38895435e-01  6.44801805e-01
   2.19041686e-01 -4.24914850e-01 -5.39819541e-01  8.76068229e-01
   8.23693396e-01  5.25932983e-01 -4.49041445e-01 -7.26171961e-01
   1.51076782e-01 -1.98485218e-01  1.55125857e-01 -3.77518317e-01
   1.84263585e-01  7.61560422e-01  2.28222695e-01  6.53861130e-01
   6.42128235e-01 -7.59316528e-01  3.99677579e-01 -3.01399665e-01
   3.31119085e-01  6.58260578e-01  3.20630904e-01  3.67419481e-01
   6.98046398e-01  6.55511032e-01 -4.56590044e-01  9.35913307e-02
  -9.90630097e-01  8.97563748e-01 -5.30008800e-01 -8.98725533e-01
  -7.94103284e-01 -4.06082436e-01  1.49018966e-01  8.96811076e-01
  -4.23228621e-01 -5.49876411e-01  1.15107006e-01 -3.57883078e-03
  -9.09706653e-02  8.84767454e-03  8.70594544e-01  7.82932274e-01
   5.47294229e-01 -3.96060509e-01 -9.83376801e-01  8.54510919e-01
   6.96052370e-01 -9.32218384e-01 -6.25971766e-01 -8.07422160e-01
  -7.25677744e-01 -3.24233369e-01  2.42869860e-01  2.00542562e-01
   7.15403626e-01 -8.36646237e-01  7.69613627e-01 -1.78907050e-01
  -3.89608652e-01  9.51584357e-01 -2.17445554e-01 -9.90896955e-03
  -8.02390123e-01 -9.16495000e-01 -8.12945151e-01 -7.47608914e-02
   3.11787588e-01  5.22881101e-01  6.59528716e-01  2.89233925e-01
   3.23468508e-01 -4.07954241e-01  1.81727161e-01 -8.02796245e-01
  -5.58389644e-01 -1.94125528e-01 -4.51085631e-01 -7.14487639e-01
  -9.54379912e-02  2.42198944e-01  4.59751702e-01 -1.57490876e-01
   1.91137354e-01 -7.46281292e-01 -6.69578854e-01 -4.66822871e-01
  -3.86012367e-01  3.75603766e-01 -6.02303711e-01  9.39193363e-01
   2.51600534e-01 -4.12540227e-01  6.36849722e-01  4.53725936e-01
  -3.44337406e-01 -8.14567943e-02 -7.60936844e-01 -3.60149736e-01
   1.03404654e-01  1.84770664e-01 -2.67891214e-01 -7.97112351e-01
   4.00554790e-01  7.65547905e-01 -9.36421578e-01 -7.82407514e-01
  -6.47616881e-02 -9.19324647e-01 -8.73917111e-03 -4.18820799e-01
  -8.65591930e-01  9.06571219e-01  1.60675702e-01  9.42037400e-01
  -5.98394437e-01 -4.13992503e-01  1.43345144e-01  6.52965357e-01
   7.86392618e-03 -6.18423024e-01 -5.97385815e-01  1.65146471e-01
  -1.30725210e-01 -5.98044913e-01  9.13854089e-01 -5.91273927e-02
  -7.74392806e-01 -5.14359669e-01 -7.83983537e-01 -3.59880494e-01
  -1.93400582e-01  4.58092079e-01  4.89401872e-01  7.16920039e-01
   9.96821937e-01 -6.96479539e-01 -1.36051999e-01  9.93898800e-01
  -8.17519370e-01 -5.26262295e-02  7.65196099e-01 -2.63926384e-01
  -6.56271390e-01  3.89755833e-02  3.35859015e-02 -4.52027184e-01
   9.28571443e-01 -1.01765107e-01  8.27713768e-01 -7.44992612e-01
   8.83139662e-01 -9.76367325e-01 -5.57188502e-01 -8.54840233e-01
   1.71624256e-02 -6.65251508e-02 -4.16912078e-01  6.76331050e-02
   1.78763318e-01 -6.48334904e-01 -4.45410539e-01 -7.77704315e-01
  -4.12871525e-02 -8.50152666e-01  2.59908007e-01  8.40296538e-01
   3.23978432e-01 -1.26183354e-01 -3.73551235e-01 -4.31655221e-01
   2.93050376e-01  6.35318982e-01 -9.05877736e-01 -9.85678147e-01
   2.16303916e-01  2.94799468e-01  2.29231153e-01  5.74147116e-01
   9.41384510e-01  1.21813437e-01  6.69155699e-01  8.96159689e-01
   3.05185155e-01 -7.94706829e-01 -4.75859861e-01  7.36989543e-01
   3.38979775e-01 -7.00499241e-01  3.63218368e-01  6.17115372e-01
   7.84538263e-01 -9.63322076e-02 -8.06608177e-02  7.77114652e-01
   1.05975837e-01  3.81822867e-01 -6.71694491e-01 -3.39716084e-02
  -4.83800164e-01 -8.98887624e-01 -4.72985693e-01  1.25159930e-01
   4.61950489e-01  5.09101152e-01  8.28587378e-01  6.84917288e-01
  -4.60596370e-02  2.25894533e-01  1.41797007e-01 -6.52625602e-01
   2.49329606e-01  6.97302618e-02  2.53344614e-01  7.19439668e-01
  -4.71811206e-01  5.82230568e-01  5.95518207e-01  2.97473593e-01
   6.04153506e-01  7.19529095e-01 -5.92459600e-01 -5.06225059e-01
  -5.90863254e-01  3.19683071e-01 -4.78801643e-01  5.46374613e-01
   3.54793406e-01  8.00976987e-01  1.93094968e-01 -9.50841489e-01
  -2.78409539e-01  2.98813492e-01 -8.89753324e-01 -3.10697033e-01]
 [ 1.38754665e-01 -9.87236242e-01 -4.79920933e-02  8.62034933e-01
  -5.41939068e-01  9.38318454e-02 -8.76847705e-01  8.37624560e-01
   7.94502412e-01 -2.40346975e-01 -3.77282603e-01 -3.37735421e-01
  -4.57141644e-01  4.22564463e-01  5.84159672e-01 -6.11128067e-01
  -4.52189309e-01 -9.09008896e-01  7.69785352e-01 -4.84049659e-01
   3.10717926e-01 -1.33633529e-01 -4.52713179e-01 -9.25556131e-01
  -8.12806091e-01 -4.24365796e-01  9.14943651e-01  9.83735600e-01
  -6.15126378e-01  7.49078003e-01 -8.43287810e-01 -4.95470188e-01
  -1.55385645e-01 -1.43614496e-01  1.60508802e-01  2.72058067e-01
  -1.37856610e-01 -9.54982002e-01  6.50376473e-01 -7.10414150e-01
   4.63862431e-01 -6.99739983e-02 -5.85093898e-01  3.21937795e-01
  -6.75126356e-01  5.28624279e-01  4.35969681e-01  3.54052561e-01
  -5.84311652e-01 -6.46494427e-01 -2.44080292e-01  5.08588554e-01
  -8.87825208e-02  1.37855172e-01  6.99722696e-01  5.00634394e-01
   2.52175942e-01  8.70087629e-01 -2.65611463e-01  6.91312740e-01
  -1.41907082e-01  8.88587668e-01 -3.96778971e-02 -9.40546881e-01
   3.26624065e-01  1.06002892e-01  1.97951523e-01  9.26552715e-01
   6.96303234e-01 -7.18226646e-01  1.17863917e-01 -6.49058258e-01
  -6.11329038e-03 -7.40723700e-01  1.02359789e-01  5.44131973e-01
  -5.20675010e-01 -9.67903770e-01  5.54069324e-01  6.43373462e-01
  -4.24589028e-01  9.23137139e-01 -7.22074365e-01  9.98377498e-01
  -5.99540111e-01  6.29314721e-01 -3.33968434e-01 -4.03102360e-01
   6.76294556e-01  8.79387531e-01  7.96847357e-01 -6.01822954e-01
  -1.66153758e-01 -1.87642226e-02 -4.93121699e-01 -9.49040102e-01
  -3.87543133e-01  8.78129533e-01  3.70983720e-01 -9.94928665e-02
   5.38761178e-01  1.45768721e-03  2.89689811e-01 -9.34355296e-01
   3.51534924e-01 -7.77032534e-01  7.51181098e-01 -8.15989172e-01
   8.81334710e-01  8.38029984e-01  6.34693775e-01  4.26583024e-01
  -1.64265410e-01 -3.94117083e-01  6.05494780e-01 -7.02836232e-01
   4.08774513e-01 -2.51976735e-01  3.62188214e-01 -3.35708905e-01
  -5.53521088e-01  3.31609693e-01  3.54727732e-02  6.46112543e-02
   9.56075221e-01  2.65399060e-02 -9.72136022e-01  7.47609289e-01
   7.87777673e-01 -1.10566977e-02  8.11740633e-01  1.48528159e-02
   5.66183984e-01  9.04480709e-01 -8.93338200e-01  2.70368944e-01
  -2.78134624e-01  3.51843879e-01 -6.42909358e-01 -5.19898734e-01
   6.19694720e-01  6.53123445e-01  9.17235435e-02  9.56653075e-01
   2.66912007e-01 -3.75133967e-01  5.57653917e-01  9.90709362e-01
   2.90847882e-01  6.41076901e-01  9.95984629e-01  3.66757273e-01
  -1.31591642e-01 -5.08071814e-01 -8.42318600e-01  8.64378684e-01
  -9.75952403e-01 -6.53715308e-01  8.18413301e-02 -9.02109382e-01
  -8.62980144e-01 -6.56847134e-01  9.06654822e-01  8.04922768e-01
   2.48824662e-01 -7.80316050e-01 -6.68877682e-01 -4.31720567e-01
   2.69611528e-01 -9.54668951e-01 -4.04775415e-01  3.76284508e-01
   9.39409781e-01  6.77670419e-01 -5.00294930e-01 -4.66574694e-01
  -6.07458736e-01  8.09354031e-01  5.57680863e-01  7.48350635e-01
  -8.07990900e-01 -5.09676743e-01 -7.23397872e-01  3.09001705e-01
  -5.01027626e-01 -2.17835830e-02  6.60982058e-01  6.82256195e-01
   2.31627512e-01 -6.88232131e-01 -4.92535193e-01 -8.37400402e-02
   7.53178462e-02  4.08415902e-02 -5.34935868e-02  9.17896818e-01
   5.32893605e-01 -8.21888164e-01 -4.32920302e-01 -3.19488160e-01
  -1.98162571e-01 -4.02268256e-02  5.21641514e-01 -8.79480680e-01
  -4.38229851e-01  1.88854433e-01 -1.15610942e-02 -9.98774450e-01
   4.65347719e-01 -9.19665308e-01 -2.62051705e-01  3.59427310e-01
   9.62761047e-01 -5.10349545e-01 -4.63696147e-01  8.58907749e-01
   7.05296156e-01  9.40245448e-01  9.79759236e-01 -9.18696999e-01
  -4.12560627e-01  3.04302518e-01  4.35258266e-01  8.00397987e-01
  -9.32922491e-01 -8.29536974e-01  1.71549347e-01 -6.65945694e-01
   8.76232729e-01 -4.12097072e-01 -3.38306018e-01 -9.20340776e-01
  -9.09552379e-01  4.36404482e-01 -9.15258782e-01  2.52965314e-02
  -8.18265387e-02 -8.58468453e-01  1.91793904e-02 -4.93696863e-01
  -3.33266762e-01 -1.79122576e-01  6.74533452e-01 -5.38043445e-01
  -2.60281064e-01  5.99255018e-02 -7.38224668e-01  4.64411606e-03
   6.77120139e-01  1.29771638e-04  8.63803362e-01  7.42912285e-01
   1.00305013e-02  1.51103591e-01  4.06189992e-01 -3.50140452e-01
  -2.87497303e-01  3.41671008e-02 -8.53931318e-01 -7.52470737e-02
  -8.21847301e-01  1.46693261e-01 -9.18583610e-01 -6.42478986e-01
  -2.45399041e-01 -8.95021441e-01  7.07379686e-01 -2.70461223e-01
   9.29656993e-01 -7.41198948e-02 -1.77561208e-01 -5.27647062e-01
   7.84792889e-01 -8.07291675e-01  4.11696389e-02  5.77384711e-01
   1.87445890e-01  1.99146748e-01 -4.49390223e-01  5.28248900e-01
   4.77689857e-01 -9.00191205e-01 -9.33828765e-01 -1.48453063e-01
   9.08348048e-01  2.18578212e-01  7.84922348e-01  6.71318119e-01
   2.89934099e-01  5.31883067e-02  1.19824666e-01  8.60570276e-01
   2.89394034e-01  6.57649881e-01 -6.14041381e-01 -5.17112389e-01
   1.17178431e-01  8.94984033e-01  3.58419405e-02 -8.88627812e-01
   1.08234108e-02  9.03694343e-01  3.87896206e-01  7.42668098e-01
   9.03232092e-01 -5.37190223e-01  8.01359081e-01  8.21066724e-01
  -8.37012343e-01  1.93196844e-01  5.46538464e-01 -7.01118962e-01
  -1.72231351e-01  3.67956162e-02  2.10824188e-01  9.98459042e-01
  -9.90950633e-01  1.40112441e-01  3.59639977e-01 -9.62111210e-01
   7.78319377e-01 -8.01435775e-01 -8.12520201e-01  9.54981738e-01
  -3.14341634e-01 -5.67043105e-03 -7.54561245e-01 -6.78852834e-01
   1.31359068e-01 -2.39502242e-01  5.18593395e-01 -5.65950399e-01
  -2.40354705e-01 -8.79312018e-01  8.08882566e-02  7.61448976e-01
  -1.92441272e-01 -7.01025066e-01 -8.07860957e-01 -3.36522250e-01
  -2.50676910e-02 -7.56132960e-01 -9.79192967e-01 -8.79531931e-01
   4.67493134e-01 -3.15750196e-01 -1.10352098e-01 -1.43300384e-01
   5.17117392e-01  4.96922486e-02  5.49551887e-01  4.62534086e-01
   1.39132600e-01 -5.35111263e-01  8.53197773e-02  4.35303541e-01
   2.62878737e-01 -9.26299934e-01 -8.15843290e-01  8.78588879e-01
   8.53647422e-01 -8.49338236e-01 -1.46658245e-01 -5.37033329e-01
  -1.25364520e-01 -3.00735858e-01 -9.61483946e-01  2.38287770e-01
  -7.47445509e-01  7.79579962e-01  4.99437505e-01  2.16355173e-01
  -4.34399332e-01  3.95235911e-01  1.87420134e-01  1.84227679e-01
  -7.45216815e-01 -7.10486392e-01  5.40178576e-01  7.30248131e-01
   6.10227620e-01 -5.98959186e-01 -1.29558877e-01  4.05878147e-01
   8.93110181e-01  6.75568288e-02 -1.00879924e-01 -9.62626609e-01
  -9.35174365e-01  3.78834623e-02 -6.03834529e-01 -6.83404152e-01
  -4.46207927e-01 -8.53017208e-01  9.51573250e-01  2.32967810e-01
  -6.99359350e-01  3.34068153e-02  2.77787406e-01 -3.82817293e-01]
 [ 4.02765932e-01  7.79661267e-01  5.70917247e-01 -1.84529172e-01
  -2.16807671e-01 -9.63086696e-01  6.65759688e-01  1.76603105e-01
   2.39638178e-01  9.96226355e-01 -3.08179185e-01  9.13208725e-01
  -9.44171994e-01  5.91823123e-01  9.87452627e-01 -9.87402786e-01
  -8.32198841e-01  4.35572427e-01  3.86118135e-01  4.06803415e-01
   7.17148192e-01  6.22344090e-01 -3.55403932e-02 -1.51000435e-01
   9.91473163e-01  5.98482053e-01  5.96639967e-02 -3.49853502e-01
  -1.52659988e-01  4.48662621e-01  4.70667101e-01 -6.42960166e-01
  -5.05395392e-01 -4.36405398e-01  4.76065803e-01  3.78954547e-01
   5.63525724e-01 -5.92215591e-01  6.88559037e-01  8.84503133e-01
  -1.93622297e-01 -9.77474779e-01  5.70843264e-01  5.09702535e-01
   8.21144432e-01 -5.69761167e-02  6.61589864e-01  9.75122077e-01
   5.78639464e-01 -1.19124573e-01 -3.82306232e-01  7.55889994e-01
   5.44841323e-01 -3.61330814e-01  3.01906941e-01 -3.60803719e-01
   1.73727933e-01  1.45188155e-02 -2.26731897e-01  9.91522135e-01
   9.26630063e-01 -3.22998388e-01 -2.11322487e-01 -2.35631695e-01
   8.27803730e-01 -2.33828305e-01  8.95472630e-01 -6.48789804e-01
  -5.99315710e-01  8.02201720e-01 -1.40393193e-04  1.80523981e-01
   3.09365680e-01 -5.11579090e-01  2.61359881e-01  8.55362925e-01
  -7.34523648e-02  9.44770372e-01  1.17328958e-01 -6.35336583e-01
   7.67277539e-01 -2.56677047e-01 -8.50069047e-01  3.72889522e-01
   7.24464088e-01  2.94891161e-01  9.58048389e-01  8.24053989e-01
  -2.95103569e-02 -3.93487430e-01  3.05354834e-01  2.28033579e-01
  -5.10195530e-01  3.01254016e-02  6.00875419e-01  9.72255502e-02
  -7.07549715e-01  8.35842503e-01 -4.14388220e-01  8.32439388e-01
  -5.74867093e-01 -9.28186486e-01  8.86972907e-01  6.02167341e-01
   1.44865347e-01  2.51823603e-01 -1.06893335e-01 -3.02255175e-01
  -6.84770747e-01  2.46171371e-01  4.75269723e-01 -3.79475815e-01
  -1.87029596e-01 -8.86767285e-01 -7.79105788e-01  5.38939246e-01
   1.62613652e-01 -7.43018993e-01  7.37583360e-01  9.37283072e-01
  -9.65956991e-01  2.71014058e-01 -1.23243116e-01 -1.59913611e-01
  -5.95135662e-01 -8.63831071e-01  2.57083728e-01 -2.29036179e-01
  -7.93532156e-01 -7.27543746e-01 -5.96689133e-01  2.70744904e-01
  -5.50129462e-01 -7.22916900e-01  7.65054335e-01  1.06380541e-01
   9.81279838e-02 -5.84931959e-01 -1.64887505e-01  7.13959976e-01
  -1.72772372e-02  4.16961996e-02  4.08750478e-01  7.19404023e-01
  -8.19630856e-01  8.43155556e-01 -6.37485971e-01 -8.07420876e-01
  -8.75332110e-01 -4.31260316e-01  3.16310848e-01  6.48433431e-01
  -3.60521389e-02  9.20983091e-01  7.38571725e-01 -3.30887826e-01
  -1.55549123e-01 -2.97281445e-01  7.12789547e-01 -6.67383000e-01
   6.07409622e-01  6.17854528e-01  7.14910222e-01  9.56085669e-01
  -4.24752028e-01 -2.46938396e-01 -6.53680175e-01 -9.15435698e-01
  -9.34694553e-01  8.67831454e-01  3.13463747e-01 -7.83021933e-01
  -6.78291002e-02 -8.69157483e-02  3.01751830e-01 -5.27682439e-01
   7.68029183e-01  2.79406654e-01  1.86634737e-01 -1.88726975e-01
   6.82808426e-01  7.76402008e-01 -1.02487392e-01  1.04138040e-01
  -3.67089637e-01 -2.64105042e-01 -6.40944071e-01 -7.73093060e-01
   7.41076604e-01 -2.52027369e-01 -9.74832972e-01  6.20398246e-01
   7.91355372e-02  2.95589465e-01  9.06958753e-01  3.05214513e-02
  -7.59196824e-01  3.71498667e-01 -2.97612846e-01 -8.35112292e-01
   4.62117379e-01  4.11324679e-01 -4.36299676e-01 -6.83181396e-01
   9.70462518e-01 -8.00115659e-01  9.10766358e-02  4.85237469e-01
   3.97110176e-02 -2.89318842e-01  5.20257746e-02 -8.52386579e-01
   9.84069405e-01 -5.09722091e-01 -1.76053275e-01 -1.97034703e-01
  -9.82398820e-02  9.55540081e-01 -2.23693315e-01 -3.19940946e-01
  -4.86230593e-01 -1.31395124e-01 -8.56312799e-01 -4.14771584e-01
  -3.82045946e-01  8.50076106e-01  1.55018473e-01 -8.46851612e-01
   4.32962613e-01 -4.08403439e-01  7.98024477e-01  6.11092808e-01
   6.18818141e-01  6.47952164e-01  7.52301556e-02 -9.01921538e-01
   2.59101237e-01 -5.81169765e-01 -6.18474047e-01 -9.02375861e-01
   9.25620364e-01  4.50974018e-01  4.47481221e-01 -7.61753017e-01
  -7.11152617e-01 -8.36474989e-01  4.73761122e-01  6.42369560e-01
  -3.68420561e-01  3.10301000e-01  9.54893960e-01 -8.16380579e-01
   6.49801121e-01 -7.23337878e-01  6.98391548e-01 -9.26454331e-01
  -4.68661778e-01 -6.98240993e-01  7.80842933e-01 -9.10360159e-01
  -4.98197786e-01  4.80776890e-01 -3.71363581e-01 -8.17245569e-02
  -7.22117588e-02 -2.86380684e-01  5.34651239e-01 -7.77651219e-01
  -8.03993839e-01 -4.47740781e-01 -7.47874777e-01 -5.11638072e-01
  -3.98971621e-01 -7.06462237e-01 -4.11302999e-01  6.89941351e-01
  -1.02278041e-01 -6.10194139e-01 -4.61432938e-01  8.74766812e-01
  -7.79465805e-01 -6.60566768e-01 -4.67589644e-03  9.83157198e-01
   3.44696656e-01  3.13102604e-02  7.78067013e-01  2.37186663e-01
  -8.40628167e-01  3.42264197e-01  8.82275160e-01  1.40752411e-01
   5.21602465e-01  8.81380634e-01  8.21453292e-01  2.32622005e-01
   8.34127299e-01  6.39018456e-01  2.10087028e-01  6.73994613e-01
   6.64879620e-01 -9.56307716e-01  4.82173824e-01  2.34654737e-01
  -3.22322502e-02 -6.41850748e-01  1.71234957e-01  4.97740804e-01
  -6.77476724e-01 -5.96699568e-01 -7.46034637e-01 -6.37879073e-01
  -9.26225213e-01 -3.18126420e-01 -7.25915356e-01 -1.41242232e-01
  -3.61941391e-01 -1.15148621e-02 -8.26670065e-01  4.59027767e-02
  -6.97846352e-01 -2.19534771e-01  4.20845742e-01 -1.39598251e-02
   7.98973104e-01 -4.64165212e-01  7.32713960e-01  4.67863811e-01
   4.39440988e-01  5.09444694e-01 -7.28292909e-01 -4.05788126e-01
  -2.35861122e-01  7.13135955e-01  9.82386411e-01  8.00372187e-01
  -9.82884257e-01  5.06181750e-01 -7.96088652e-01  7.61150472e-01
  -1.70067622e-01 -6.60070194e-02  5.30211654e-01 -6.07349032e-01
  -8.71708879e-02  9.12384547e-02 -7.79875817e-01 -5.89661398e-01
   2.64194867e-01 -9.33392362e-01  3.44868744e-01  6.32844633e-01
   8.98945629e-01 -7.52474163e-01 -8.97288045e-02  1.93675682e-01
   1.13013870e-01  4.15773943e-01  3.78831306e-02 -8.88822781e-01
  -6.92340123e-01  3.12294072e-01 -7.00402221e-01 -8.20632676e-01
   7.24477891e-01 -8.74136582e-01  1.33976571e-01  4.44295807e-01
   5.12310521e-01  8.61349005e-01  1.03770894e-01  3.34674779e-01
  -8.33067669e-01  3.36751071e-01 -6.82859115e-01  9.79939234e-01
   2.16571793e-02  6.89185282e-01  4.02648292e-01  7.01573696e-01
  -3.45978676e-01  8.04510424e-01  7.33984143e-01 -6.26339026e-01
  -6.29479984e-01 -1.70445184e-01  7.71145296e-01 -2.59768529e-01
   4.40305270e-01  7.38797793e-01  3.34016093e-01  5.20787991e-01
   8.93749698e-01  6.69304299e-01 -8.48775560e-01  7.59320133e-01
   3.34660562e-01  5.27047808e-01  3.90572382e-01  5.94413286e-01]]