[[-7.27949892e-02 -2.73019593e-02  1.33211882e-02  5.00302564e-02
  -7.65007845e-02  3.53601395e-02  6.81048511e-02 -4.97699311e-02
  -6.06546239e-02 -4.62388083e-02  5.02664293e-02  6.72480537e-02
   6.73816498e-02 -3.82320639e-02 -5.12847859e-02  6.67975078e-02
  -1.84388850e-02 -7.74793546e-02 -3.01450418e-02 -4.04879758e-02
   6.89116262e-02  8.03415232e-02  6.27152135e-02 -1.02951110e-02
   2.22806607e-02 -7.73839584e-02  2.88054551e-02  6.42344082e-02
   5.73943790e-02 -4.37500285e-03 -1.59824712e-02 -6.87944054e-02
  -6.40949203e-02  8.58526019e-03  1.89129353e-02  7.92325226e-02
   3.92217316e-03 -1.28881235e-02 -6.41112725e-03 -4.10394685e-03
   8.06349194e-02  6.80287208e-02  5.09664688e-02  6.32869829e-02
   3.57917284e-02 -7.26843342e-02 -5.02316168e-03 -4.99117040e-02
   2.87662896e-02 -1.16094339e-02 -2.98404012e-02 -7.87030675e-02
  -8.28847681e-02 -7.23602926e-02 -4.35389498e-02  5.92598875e-02
   4.94426920e-02  1.18016579e-03 -2.09168304e-02 -5.16829244e-02
  -9.48837296e-03  3.88504249e-02 -2.12257044e-02  6.35548775e-02
  -5.71782225e-02  1.19873723e-02  2.61599140e-02 -4.19078660e-02
  -1.71199469e-02 -6.43230599e-02  4.51715201e-02  6.98129077e-02
  -3.00617251e-02 -4.94692863e-02  1.31530853e-02  5.34650894e-02
  -8.18814935e-02  1.85842301e-02 -4.74625310e-02 -7.29791033e-02
   6.44790170e-02 -6.19661734e-02  4.28137452e-02 -2.66431994e-02
   6.32396737e-02 -9.53421569e-03 -2.04673075e-02  8.98942786e-03
   1.25032717e-02  6.70526311e-02  1.08447832e-02 -6.10323130e-02
   7.55994481e-02 -8.23741557e-02  1.97955761e-02 -4.15551661e-02
  -6.20665132e-02  4.30160860e-02 -6.34432480e-03  8.17024589e-02
  -6.93739485e-02  4.88316299e-02 -3.88129120e-02 -1.11372325e-02
  -6.01145205e-02 -2.67211756e-03  7.26530443e-02 -1.34725152e-02
  -1.45926103e-02 -2.52767256e-04 -8.58324509e-03 -4.10010383e-02
   5.64851812e-02 -4.41601681e-02 -7.85247286e-02 -1.18360519e-02
   9.29585528e-03  3.07621404e-02 -3.96653845e-02 -2.31772834e-02
  -1.08759556e-03  7.46000357e-02  6.43714504e-02  5.75749830e-03
  -1.49972778e-02 -4.42608465e-02  7.21668840e-02 -3.08618932e-02
  -4.58594861e-03 -4.54222503e-02  3.35842162e-02 -6.96659637e-02
  -3.86004876e-02 -1.22812406e-02 -6.98258105e-02 -5.18165028e-02
   1.04995305e-02  8.29192074e-02 -3.26110949e-02  6.65519977e-02
  -5.29135933e-02  1.90713974e-02 -4.72449675e-02  2.84169382e-02
   1.19268840e-02  6.94337110e-02  7.87894840e-02  7.73452823e-02
  -3.24619000e-02  7.56862065e-03 -7.71590324e-02  5.70570286e-03
   6.24878376e-02  5.72100082e-02 -8.31477691e-02 -8.34383883e-02
   1.52587857e-02  4.69892376e-02  3.40940975e-02  1.71442118e-02
   2.02184068e-03 -5.46460402e-02 -4.61193795e-02  2.60659599e-02
  -4.10690409e-02  8.17525366e-02 -7.11091971e-03 -9.38407470e-03
   2.07021058e-02 -7.95248550e-02  4.91233239e-03 -5.38053223e-02
  -2.72229441e-02 -4.45127989e-02  2.92232336e-02  3.19337998e-02
  -5.46604173e-02 -4.01383375e-02  1.69337864e-02 -5.09007533e-02
   4.80881722e-02  4.11139880e-02  8.47536264e-03  6.56029086e-02
  -4.87883808e-02 -1.23099938e-02 -8.35027037e-02  5.40872757e-02
   7.79475612e-02  6.47227613e-02 -3.63227603e-03  4.74218607e-02
  -7.31640769e-02 -2.43712655e-02  5.77016874e-02  6.28300635e-02
  -2.22906667e-02  3.04770234e-02  5.28490091e-02 -6.36140563e-02
  -7.77108770e-03  6.89493647e-02 -7.11611690e-02 -6.47732910e-02
   4.17624352e-02 -6.52035473e-02 -2.85546769e-02  6.81026040e-02
   5.94003566e-02 -3.54525128e-02 -3.27933016e-02  1.36802489e-02
   2.50672957e-02  5.84195274e-02  5.17661697e-02  5.98541555e-02
   2.94524947e-02 -4.33583336e-02 -2.07083029e-02  7.50385064e-02
  -3.89175639e-02 -7.49548073e-02 -7.67462764e-02  6.00308418e-02
   5.75791267e-02  2.23821327e-02  6.60378831e-03  6.54971674e-02
   1.97462783e-02 -7.93787715e-02  1.84439523e-03 -3.74608240e-02
   2.94730833e-02  6.76783695e-02 -2.90976873e-02 -4.13210298e-02
   6.62468748e-03  5.98070305e-02 -8.11669444e-02  7.81076886e-02
  -1.84210351e-02  5.00841062e-02 -8.36082816e-03 -9.73529612e-04
  -3.17211090e-02 -6.88123266e-02 -4.13171518e-02  4.26313917e-02
   5.41731355e-02 -3.38289403e-02  6.60329201e-02 -7.71424084e-02
   4.27835910e-02  3.79223894e-02 -8.34150110e-02 -6.94383436e-02
   5.47123040e-02  3.49801740e-02 -6.43156990e-02 -3.53162609e-02
  -7.61848755e-02  1.81325694e-02 -6.30926108e-02  1.60920829e-02
   6.32810997e-02  6.39366274e-02 -6.09498962e-02  7.11243643e-02
   6.97883775e-02  1.33322720e-02  1.10307748e-02 -7.65236924e-02
   2.40666961e-02  2.98952117e-03 -6.01723387e-02  1.70116450e-02
   3.43905862e-02 -8.22517587e-02 -8.23938699e-02 -3.03083142e-02
  -4.22428605e-02  4.50830528e-02 -6.64684061e-02  6.42441765e-02
  -1.34232769e-02 -5.45343269e-02 -7.32342823e-02  9.21636569e-04
  -5.73207874e-02  1.42508181e-02  3.45557211e-02 -2.52197401e-02
  -6.64628090e-02  6.71976220e-02 -3.45654913e-03 -7.88237624e-02
  -6.24295707e-02  3.95374743e-02  3.49023355e-02  6.94840251e-02
  -4.24228241e-02  2.82567658e-02 -7.73807952e-02 -5.80406692e-02
  -7.54383717e-02 -2.56205960e-02 -3.06630862e-02 -6.30117132e-02
   8.13750261e-02  7.04823421e-02 -3.49354894e-02  6.09737541e-02
   1.08611211e-03 -2.39869383e-02  3.64101538e-02  4.33595837e-03
  -5.10068856e-03  1.96602079e-02  6.08703031e-02 -8.35166858e-02
  -5.86249746e-02 -1.15544980e-02  2.29843115e-02 -6.34360408e-02
   3.82884605e-02 -2.31246723e-02 -2.44964776e-02 -4.33372262e-02
   7.09721614e-02 -5.25550618e-02 -8.00948098e-03 -5.98768033e-02
  -6.50509768e-02 -1.69836768e-02  5.79920415e-02 -7.03040518e-03
   2.26936560e-02 -6.69782892e-02  7.63057606e-02 -4.83812190e-02
   4.05809131e-02  1.99475065e-02  3.53401003e-02 -5.76279530e-02
  -4.68540791e-03 -7.77506067e-02 -2.51407908e-02 -7.27703295e-02
  -5.70588976e-03 -2.00540521e-02 -5.65219070e-02 -3.15878622e-03
   4.31659110e-02  9.75055001e-04  6.54697829e-02 -7.75212629e-02
  -7.11479556e-02  3.06679471e-03 -5.37941086e-02  3.01552763e-03
  -2.02882676e-02 -2.57286717e-02 -7.74216611e-02 -3.74344486e-02
  -1.78781194e-02 -1.64763874e-02 -3.95264920e-02 -4.92204956e-02
  -8.20914173e-02 -7.54859926e-02  6.46943411e-03 -7.84188113e-02
  -3.08855773e-02 -1.95648851e-03 -1.87418172e-02  7.96169946e-02
  -7.84484413e-02 -2.11630061e-02  4.78106845e-02  2.15189770e-02
   5.88415841e-02 -5.18216356e-02 -6.68631573e-03 -5.47079502e-02
   9.21240787e-03 -7.09421813e-02  6.93830562e-02 -7.34938189e-02
  -2.22578194e-02  5.58489610e-02  3.32049847e-02 -1.25008780e-02
  -8.22653636e-02  5.23655211e-02  7.60773653e-02 -5.21594858e-02
  -7.71676291e-02  4.34806963e-02 -4.45058070e-03  9.48879729e-03]
 [ 9.20858917e-03 -4.16375139e-03  2.14612981e-02 -7.19081483e-02
   6.89176771e-02 -4.98463730e-02 -8.68783215e-02 -2.72181636e-02
   5.02177545e-02 -2.16407704e-02 -6.90982028e-02 -5.61026893e-02
  -2.05248002e-02  6.26482764e-02  9.57722126e-03 -4.68231588e-02
  -4.22812331e-02  5.97441592e-02 -8.26192892e-02 -1.89103724e-02
   3.17268471e-02  4.60889089e-02 -3.90429034e-02  6.02793552e-02
   6.47311035e-02  3.60571441e-02 -8.45377779e-02  6.50194894e-02
   5.59841796e-03  8.12533396e-02  8.35760181e-02  3.80358337e-02
   5.41139908e-02  6.71156933e-02 -2.09048330e-02  5.56696081e-02
   6.48017785e-02  7.28180614e-02 -4.72067780e-02 -1.02648180e-02
   3.50589886e-02 -8.26643633e-02 -1.67655358e-02  7.47166598e-02
   7.54461381e-02  8.63126617e-02 -7.64839002e-02 -5.93513937e-02
   5.92449256e-02  4.57183980e-02 -1.37758615e-02  1.74090406e-02
  -7.83278487e-02  2.32755835e-02  4.11207586e-02  1.16983024e-02
   5.88838715e-02 -9.27418617e-03 -7.15703348e-02  6.98359788e-02
  -2.84755593e-02  4.72362233e-02 -7.89309018e-02 -8.07031074e-02
  -5.53219761e-02  1.87038732e-02  3.53960979e-02  8.22390982e-02
  -7.26586809e-02 -1.51695784e-02  3.96552195e-02 -3.93455154e-02
   5.38752711e-02 -3.96107275e-02  6.09135271e-02 -8.21699922e-02
  -7.51842900e-03 -7.35590608e-02  4.15939374e-02 -5.78514606e-02
  -8.34425512e-02  6.19561385e-03 -4.53230690e-02 -3.68852600e-02
   7.32427479e-02 -7.14751540e-02 -4.46769676e-03 -4.97312725e-03
  -1.56934547e-02  6.86193382e-02 -5.95409599e-02 -4.37536042e-03
   2.57440958e-02  8.74037556e-02  1.63718011e-02 -3.01871789e-02
  -3.60953609e-02  2.59702262e-03 -7.62654847e-02  1.11595802e-02
  -4.75003037e-02  5.62992176e-03 -2.37940294e-02  4.35155184e-04
  -7.10877776e-02  6.40739212e-02 -1.64072826e-02 -3.44519096e-02
   1.69733799e-02  5.78930656e-02 -5.63220200e-02 -8.16159183e-02
   3.82436791e-02  3.24131706e-02 -7.50771031e-02  4.63895074e-02
  -1.27327752e-02  2.67532329e-02 -1.16004830e-02 -3.42384372e-03
   8.10331132e-02  7.10278073e-02 -2.33226271e-02  7.28691792e-02
   5.15138207e-02 -7.21552748e-02  5.79145891e-02 -2.83199159e-02
  -6.27015617e-02 -2.65945090e-02  4.04028519e-02  5.16564985e-02
  -4.53098635e-02  7.92980948e-02 -4.54709782e-02  3.99814178e-02
   6.32649841e-03  2.13635316e-02 -1.35117336e-02 -2.59976033e-02
   1.18532319e-02  7.10314069e-02 -4.81182238e-02  3.82299038e-02
   7.16741750e-02  1.59888976e-02  4.23640898e-02 -8.05349139e-02
  -1.99766822e-02 -1.37642557e-02 -3.69072868e-02  2.44038481e-02
   8.42552394e-02  4.69897057e-03 -8.29496760e-02 -5.94543786e-03
   6.08264301e-02 -2.06035109e-02  1.62862626e-03 -1.40883282e-02
  -5.65709797e-02 -7.78118674e-02 -3.71951901e-02  4.83271751e-02
  -6.89911208e-02 -6.44237576e-02  2.05915056e-02  5.97858118e-02
  -4.60265867e-02  2.79257215e-02 -5.22558944e-02 -8.49139075e-02
   2.98100522e-02 -3.12303587e-02 -6.29101669e-02  4.12029424e-02
   8.90493269e-02 -3.62795919e-02 -6.71677261e-03  5.43537251e-02
  -1.02534509e-02  4.96148510e-02  2.53674609e-02  3.99731137e-02
  -3.84756350e-02  7.20894531e-03 -3.55417999e-02 -2.14310018e-02
   4.52748871e-02 -6.44345390e-02  4.21055082e-02 -1.48658046e-02
  -3.68770677e-02  8.30670540e-03  3.88337767e-03  7.02300335e-02
   2.14242137e-02 -1.72137980e-02 -2.42147586e-02  8.09794922e-02
   5.60156352e-02 -3.91100564e-02 -1.26476205e-02  3.39249799e-02
   1.81453502e-02 -1.34030649e-02  5.93350017e-02  1.67127192e-03
  -6.34077095e-02  5.50439570e-04 -2.44443327e-02  6.51519895e-02
  -3.26736555e-02 -5.72221992e-02  5.46260228e-02 -5.50768914e-02
   4.52202527e-02  1.19327329e-02 -3.37608095e-02  1.79591546e-02
  -5.70027710e-02  8.37302617e-02  3.07224044e-02  2.12933233e-02
  -2.87335484e-02  8.92179727e-03  4.28961528e-02 -4.65385657e-02
   1.36425218e-02 -1.97343604e-02 -4.07530380e-02  3.63030499e-02
   1.82886560e-02  4.91022958e-02  7.99102523e-02  2.80592783e-02
  -7.92506675e-02 -6.73853329e-04 -1.10797152e-02 -3.62357619e-03
  -7.47073033e-02 -4.28435064e-02 -3.84747516e-02  5.39077243e-02
  -7.57073212e-02  1.92292896e-02  4.91385497e-03 -2.27402587e-02
  -3.55837641e-02  6.92092591e-02 -4.10519612e-03 -4.14284173e-02
   7.22176981e-02  3.24061738e-02 -4.70700169e-02  5.12900002e-03
  -8.81139040e-02  1.88949154e-02  4.56934925e-02 -7.25854223e-02
   4.93861907e-02 -6.39630879e-02 -3.84017661e-02 -4.51681554e-02
   7.70644287e-02  6.76998725e-02 -5.39488050e-02 -7.13619744e-02
  -1.20892269e-02  3.09713470e-03  1.38745253e-02  7.75967057e-02
   8.13280197e-02 -9.15397497e-04 -5.72942098e-02 -1.07291273e-02
   2.08591125e-02  7.86130897e-02  8.47817309e-02  5.82281299e-02
   8.01370329e-02 -3.72186081e-02  7.59603346e-02 -5.14515785e-02
   7.05693256e-02 -6.70420094e-02 -1.91902972e-02 -1.67399140e-02
   3.32908165e-02 -1.96046755e-02 -4.17083076e-02  1.42357132e-03
   5.48645299e-02  4.79184278e-02 -7.57325619e-02 -4.41378942e-02
  -8.25887139e-02  2.80734657e-02  5.17481479e-02  1.32736687e-02
  -5.35649490e-02  2.04854151e-02 -7.58800398e-02 -3.97782593e-02
   3.04029699e-02  8.42020849e-02 -1.31513613e-02  3.39835127e-02
  -1.72260449e-02  2.66164733e-02  6.17043010e-02  3.14373501e-02
   8.39525170e-02  7.80981458e-02  2.23589056e-02  5.75547623e-03
  -2.66015036e-02 -7.66612506e-02  2.16704293e-02 -2.61528079e-02
  -1.93687687e-03  5.01168378e-02  8.70664165e-02  3.76230888e-02
   3.60963965e-02  4.18505872e-02 -4.15720395e-02  7.27514265e-02
  -6.76290925e-02  2.05467894e-02  3.86252149e-02 -4.05483930e-02
   1.15943507e-02  1.02783844e-02  6.15139585e-02  1.58880504e-03
  -5.67337392e-02  6.99779071e-02  3.91458777e-02  4.57381815e-03
  -4.09471155e-03 -4.60687809e-02 -5.68536021e-02  7.61123210e-02
   6.38552822e-02  6.10856143e-02  8.06349177e-02  5.80555535e-02
  -3.81204657e-03  8.62898452e-02 -2.68478541e-02  4.85329867e-02
   3.91108373e-02  3.76245779e-02  7.32102113e-03  4.72006010e-02
  -1.49647179e-02  6.91401782e-02 -2.39491148e-02 -4.33667024e-02
  -3.88372262e-02  7.07084455e-03 -1.87511550e-02 -4.40106978e-02
   4.44824892e-02  7.63741782e-02 -6.47636594e-02 -6.73360550e-02
  -9.94526506e-03  3.52301892e-02 -2.58151698e-02 -8.34296610e-02
  -5.70779372e-02  8.15792282e-02 -2.01754458e-02  6.58629852e-02
   3.73770218e-02  7.27074660e-02 -3.33606932e-02 -6.60995053e-02
  -1.13886370e-02 -4.05718757e-02  6.85804260e-02  1.66647770e-02
  -1.97523937e-03  6.63527742e-02 -1.39486435e-02 -7.54865543e-02
  -8.04247614e-02 -4.80392846e-02  5.23734427e-02  8.26929782e-02
  -9.93408193e-03 -4.41363977e-03  7.39418474e-02  8.54472888e-02
   4.01429253e-03  4.08714693e-02 -7.85132040e-02  3.43715690e-02]
 [ 5.45196812e-02  6.53572464e-02 -1.73134827e-02  2.54175397e-02
  -7.93301727e-02  3.60921850e-02  6.24190419e-02 -6.71082826e-02
   6.80906993e-02  5.72821022e-02 -6.51434131e-02 -5.73967083e-02
   2.22351961e-02 -8.77397049e-02  8.12625340e-02  2.12555498e-02
  -2.50077682e-02 -2.93194056e-02 -3.11136095e-02 -5.80607656e-02
  -4.24847352e-02 -7.01131857e-02 -6.29523642e-02 -5.39653833e-03
  -5.02176464e-02 -4.09777343e-02 -2.71884454e-02 -7.72323648e-02
   4.61458424e-02  5.47880031e-02  7.78740505e-02 -4.59425952e-02
  -4.95158478e-02 -4.96211543e-02  1.37071349e-02 -4.54766343e-02
  -2.72092836e-02  3.43844226e-02  5.71579968e-02 -3.06413109e-02
   4.51929705e-02  7.37419961e-02  4.71277958e-02  4.93473526e-02
   6.41539605e-02  6.93991890e-02  6.82171112e-02  8.46572953e-02
  -7.54593605e-03 -8.27008179e-02 -1.03242191e-02 -5.68555340e-02
   9.33215054e-03  2.84186797e-03  4.55777532e-02 -7.02805373e-02
   1.35653735e-02 -5.25813544e-02 -7.59300910e-02 -1.74383862e-02
  -4.83250096e-02 -4.85209088e-02 -5.76819486e-02 -1.93971506e-02
  -4.90377029e-02  1.53993671e-02  1.60780770e-02  1.01045468e-02
  -5.69237787e-02 -7.69776161e-02 -8.01447609e-02  7.57800019e-02
  -4.65476876e-03  1.82353891e-04 -1.15192122e-02  3.77849583e-02
   5.98631633e-02 -3.10415569e-02  3.49607702e-02 -3.96765353e-02
  -3.30340771e-02  3.35471838e-02 -3.31361130e-02  5.72708782e-02
  -4.06641702e-02  8.90402881e-02  8.52475023e-02 -6.82021004e-02
  -8.11048853e-02 -3.09181459e-02  2.73929569e-02  7.80497252e-02
  -1.95773939e-02  2.35580374e-02 -5.09956316e-02 -6.47417453e-02
   8.65739422e-02 -6.82546668e-03  2.48391545e-02 -2.04151638e-02
   8.31316755e-02 -3.55682926e-02 -3.61084108e-02 -5.07696671e-02
   8.39045407e-02 -8.95465279e-02 -2.30548231e-02  7.25967856e-02
   3.87836973e-02 -2.35403871e-02  6.44591582e-03  6.54084766e-02
   5.37263304e-02 -5.51773129e-02  7.50340699e-02 -5.08729312e-02
   7.91077048e-02  8.77074221e-03 -1.61194274e-02  3.64100498e-03
  -3.55901862e-02 -7.28976084e-02  2.62807597e-02 -7.15352418e-03
  -8.73579561e-02 -5.92520573e-02  3.42510196e-03  7.03509993e-02
   6.57105354e-02 -4.85413219e-02  7.97660730e-03 -6.62387519e-02
   2.27648491e-02 -7.28875521e-02 -4.00291514e-02  5.91586168e-02
   6.64559315e-02  2.10416852e-02 -5.12970393e-02 -2.22428900e-02
  -1.14157439e-02 -3.80299436e-02 -3.47504585e-02 -5.64536499e-02
  -5.58691187e-02  3.24022260e-02  8.30098100e-02 -8.26000332e-02
   1.41460318e-02 -3.93574093e-02 -8.51099572e-02  6.99331902e-02
  -6.28072441e-02 -4.68814710e-03  7.98342243e-02 -5.51750173e-02
   5.81770765e-02  2.77853362e-02  7.44951354e-02 -5.57398535e-02
  -7.18910901e-02  3.57077351e-02  1.76684497e-02 -1.56255810e-03
  -7.97240180e-02  3.78410610e-03 -3.26194442e-02 -6.03985709e-03
  -6.47101854e-02 -5.28576546e-02 -1.45153642e-02 -2.33052320e-02
   3.52940919e-02  3.30127943e-03 -6.93698360e-02 -9.04897289e-03
   7.97928891e-02 -7.23169630e-02  3.84316790e-02  7.92255800e-02
  -7.59170699e-02  4.52555908e-02 -5.00163966e-02 -7.25755577e-02
   3.77256970e-02  7.40595975e-02 -2.35095771e-02  2.20026464e-02
   2.36943550e-03 -1.37127630e-02  5.28249174e-02 -2.16319654e-02
   4.42028312e-03 -5.88347571e-02  1.64807828e-02 -4.09197174e-02
   8.02312889e-02 -2.97337546e-02  3.98515287e-03  6.86826625e-02
   1.88785655e-02  7.80464901e-02 -5.76284203e-02 -6.07773977e-02
  -1.87359313e-02  3.63218785e-02 -7.65897963e-05 -5.70809662e-02
  -2.06430354e-02 -7.63342438e-02 -6.23867163e-03  2.47380249e-02
   6.89271674e-02 -3.56982855e-02  2.58217558e-02 -3.88806940e-02
   2.79503199e-02  8.27110724e-03 -6.37668651e-02  6.31217230e-02
   4.35071251e-02 -6.04777865e-03  7.05013037e-02  6.77073572e-02
  -1.05202288e-02 -5.03295219e-02 -2.43331518e-02 -7.43150827e-03
  -8.01784648e-02 -4.82427778e-02 -1.70662428e-02 -1.35204415e-02
   3.69236359e-02 -2.25619314e-02 -3.98556426e-02  3.79539890e-02
  -7.82980490e-02  2.13171257e-02 -3.20023514e-02 -1.67586210e-02
   6.25745654e-02  6.59383383e-04  4.76189949e-02  1.69309905e-03
  -6.17716810e-02 -8.75243775e-02  5.71658661e-02  6.53992932e-02
   5.36713603e-02  4.85156562e-04  8.75890777e-02 -6.74981326e-02
  -4.31300975e-02 -4.84924491e-02  5.14174324e-02 -7.32301335e-02
   4.89959306e-02  3.59310495e-02  7.72046948e-02 -2.54534722e-03
   6.49214881e-02 -3.90209684e-02 -7.29849414e-02 -2.65818642e-02
   3.38676552e-02  7.66323602e-02 -2.39693368e-02 -1.36026242e-02
   8.29288420e-02 -8.09717490e-02  2.15779134e-02 -6.12115348e-02
  -8.04692585e-02 -4.45337038e-03 -8.53515463e-04 -3.19272816e-02
   8.54168264e-02  3.12053169e-02  2.73481758e-02  7.40050045e-02
  -6.53945120e-02  3.06259521e-02 -8.94108442e-02 -1.29409726e-02
  -8.48209016e-02 -5.37519036e-02 -2.93229669e-02 -6.38013728e-02
   7.56145788e-02  2.20538429e-02 -5.45564312e-02 -2.90001705e-02
   2.52747992e-02 -5.84981887e-03  2.50411176e-02 -4.82716325e-02
  -5.79054318e-02  4.21891748e-02 -6.48282493e-02 -2.26306674e-02
  -4.27123346e-02  3.35704182e-02 -6.55876192e-02 -1.97853778e-02
   2.30829346e-03 -4.53433122e-02 -3.28598924e-02  1.07227797e-02
   8.28746389e-03 -1.69635025e-04 -6.70776162e-02  1.65645756e-02
   2.49900314e-03  7.58111375e-02  8.34985280e-02 -2.38188093e-03
  -1.31383906e-03 -1.74950070e-02  1.61227981e-02  6.26179759e-02
   4.36175418e-04 -4.93625644e-02  7.43102517e-03  2.04588592e-02
  -7.48285386e-02  1.31352398e-02 -2.44729473e-02  3.39231424e-02
  -5.41241356e-02  4.42451877e-02 -1.01142807e-02  5.84945386e-02
  -2.38119280e-02  1.16311320e-02 -4.69358562e-03 -7.67236335e-02
  -7.82085880e-02 -2.31396315e-02 -6.41637584e-02 -7.25596724e-03
  -3.62914684e-02  4.22572506e-02 -5.75909727e-02  3.74909350e-02
   5.05303948e-02 -6.32183249e-02  2.11372022e-02 -7.28504320e-02
   5.75722098e-02 -2.37605016e-02 -4.91186607e-02 -8.59124274e-02
   6.97711149e-02  7.10478399e-02  5.99880206e-02  2.48024625e-02
  -5.60160032e-03  6.51610007e-02  6.20218755e-02 -2.87559492e-02
   2.76712121e-02 -2.60905834e-02 -5.89443369e-02 -2.71751278e-03
   7.48873678e-02  6.48657437e-02 -8.24595944e-02  4.27465034e-02
   1.57444190e-02  8.62869964e-03  5.57557450e-02 -4.21041719e-02
  -1.49915312e-02 -2.98915154e-02  2.41653233e-02 -2.62916842e-02
  -1.26936484e-02  7.17408517e-02  8.88016403e-03  1.96010556e-02
  -1.43336951e-02  7.93306811e-02 -5.77536462e-02 -4.43203341e-02
   1.52915837e-02  6.42451944e-02  5.95398894e-02  2.83744119e-02
   1.24261456e-02 -4.09535945e-02 -1.98832365e-02 -8.95728255e-03
   2.27007640e-02 -2.57923113e-03 -8.59050064e-02 -4.35299612e-02
   5.92556891e-02  7.95305892e-02 -6.21757037e-02 -1.83490982e-02]
 [ 5.84069490e-02 -1.80161363e-02  1.95089057e-03 -1.63519930e-02
   3.64182434e-02  3.03978174e-02 -1.09757144e-03 -5.18880441e-02
   5.85772841e-02  6.99980320e-02  3.33382285e-02  4.93410686e-02
  -5.17071546e-02 -7.91399272e-02  2.79773341e-02  1.13666897e-02
  -2.49866028e-03  7.76089375e-02 -8.79318128e-02 -3.97224650e-02
  -3.98858119e-02 -5.51596023e-02  9.12076112e-02 -4.71734869e-02
  -7.44179875e-02 -7.89709979e-03 -8.42600196e-02 -3.74734766e-02
   5.46652993e-02  5.69138936e-02 -5.88285614e-02 -5.82747507e-02
   2.83143968e-02  7.11438285e-02 -2.33234174e-02  2.96988266e-02
   6.32920258e-02 -5.79486206e-02  2.27196424e-02 -1.45354793e-02
  -6.26322001e-02  2.37597837e-02 -5.11797622e-02  7.58307429e-02
  -6.03694486e-02 -9.16792381e-02  7.40115237e-03  6.22806340e-02
  -6.46359777e-02 -4.79516143e-02 -2.31073920e-02 -1.57531559e-02
  -5.74313837e-03  1.37545797e-02  4.42574604e-02 -3.90625216e-02
  -8.91643796e-02  8.80013339e-02 -6.55432601e-02 -5.03646833e-02
   1.09609270e-02  1.92217229e-03  8.48293586e-02  1.62368981e-02
   5.48435283e-02 -7.24130849e-03 -2.73496417e-02 -3.14644898e-03
  -8.22338924e-02  3.79882980e-02 -7.11302420e-02 -6.86168861e-02
  -1.59563524e-03  4.38604933e-03 -1.61013400e-03 -2.68571909e-02
   7.64780466e-02 -5.29513667e-02  3.63061297e-02 -1.36565510e-02
   6.11918922e-02 -2.13020258e-02  6.14971364e-02  6.24329912e-02
   4.62743810e-02 -2.14460659e-02 -1.33433126e-02 -4.25740503e-02
  -4.84368923e-02 -1.24555111e-02 -4.14723069e-02  6.43351909e-02
  -8.63189750e-02 -2.07274769e-02 -2.93324991e-02 -3.17400073e-02
  -1.59183454e-02  4.68095295e-02  3.96610469e-02  8.02969235e-02
  -4.10593548e-02 -5.03502261e-04 -2.11168838e-02 -3.98059325e-02
   7.96925271e-03  5.54904431e-02 -1.49925988e-03 -2.26028771e-02
   2.85386718e-02  5.65030047e-02 -2.67954266e-02  1.44765857e-02
  -6.77137474e-02  2.62283136e-02  5.73726535e-02  5.11380043e-02
  -6.50668173e-02  1.04514876e-02  4.78033065e-02  6.59105098e-02
  -1.93900909e-02  7.11008719e-02  4.18509448e-02  4.39511564e-02
  -4.88086969e-02 -2.04094692e-02  1.89570693e-02 -3.37110474e-02
   6.39100592e-03  5.92046807e-02  6.23552274e-02 -4.80597833e-02
  -1.91737182e-02 -8.17340900e-02 -2.82369048e-02 -8.42298093e-02
   7.40023052e-03 -8.59346089e-02  8.40599090e-02 -8.44357412e-02
  -1.88538923e-02 -5.63146696e-02  8.03199712e-03 -7.36931820e-02
  -5.19909417e-02 -3.17268106e-02  1.93936689e-02  5.10459606e-02
   5.65091679e-02  8.09331456e-02 -2.11603703e-02 -9.67606018e-03
   8.55491643e-02  1.05174854e-02 -4.78585301e-02  2.19613016e-02
  -8.14293716e-02 -8.15546445e-02 -1.67219235e-02 -3.12317420e-02
  -3.04487099e-02 -2.11672953e-02  8.80814654e-03  6.11767941e-02
  -8.73950972e-02 -2.39559389e-02 -3.58103711e-02 -2.19026497e-02
   4.06302116e-02 -5.46602680e-02 -5.83109806e-03 -1.01820856e-02
  -8.94876560e-02 -5.64419368e-02 -6.51975050e-02 -2.80497279e-02
  -5.79320494e-02  1.64110587e-02 -3.48849576e-03 -4.37661682e-02
  -2.40708708e-03 -4.23873129e-03 -5.18391417e-02  1.55044454e-03
   6.13064122e-02  1.63471549e-02 -8.27936371e-02  7.07009383e-02
   6.27860983e-02  5.42779269e-02 -1.19404659e-02  5.58820863e-02
  -5.92784236e-02  2.92674912e-02  1.34027297e-02 -5.11207466e-02
  -5.99193129e-02 -9.76981058e-03 -2.05363383e-03 -6.02119731e-03
   4.07293660e-02 -6.36336049e-02  1.62849204e-02 -3.22002298e-02
   7.60761849e-03  5.17503244e-02  9.12000994e-04 -2.43205918e-02
   8.63536249e-02  2.93069768e-02  4.64701878e-02 -3.17783316e-02
   5.76236654e-02  3.47252010e-02 -8.43333583e-02 -2.47609085e-02
  -5.88714307e-02  1.67601638e-02  7.48576879e-02 -1.27141113e-02
  -8.55805492e-02 -2.39319007e-02 -1.45801111e-03  7.64737291e-02
   1.66750887e-02 -1.08324638e-02  4.48242776e-02 -1.97499872e-03
  -3.36591511e-02 -5.23542441e-03 -4.63196585e-02  2.68981496e-02
   4.92441378e-02 -6.07353635e-02  3.77173985e-02 -8.68754376e-02
   1.22351866e-02 -1.57777702e-02  4.76776934e-02 -6.21379570e-02
  -5.46269828e-02  5.17668941e-02  3.63507362e-02 -2.07534190e-02
  -5.64171105e-02 -6.09715263e-02  2.03582542e-02  8.60388099e-02
  -3.82556094e-02  5.66495047e-02  3.70357541e-02 -6.43730394e-02
   2.37425817e-03  6.99830700e-03  6.91498685e-02 -8.35072731e-03
   3.10140539e-02 -8.97252611e-02  9.89867181e-03  3.70804005e-02
   1.04315815e-02  1.21695030e-02 -3.59284718e-03 -6.82418936e-02
  -3.95748632e-02  5.11819328e-02  5.06859972e-03 -3.67153565e-02
   8.67463920e-02 -2.53959566e-02  3.15217248e-02  8.25075485e-02
  -1.17610231e-02  1.58646198e-02 -6.11628954e-02 -5.12069316e-02
  -6.88210878e-02 -8.03228815e-02  8.61626014e-02 -7.72743233e-02
   1.01900505e-02 -3.47215423e-02 -3.73940993e-02 -5.15007125e-02
   4.33220413e-02 -4.47355014e-03 -5.55892901e-02  8.93679822e-02
   8.09989723e-02 -6.55434721e-02  1.07139684e-02  4.94457885e-02
   6.30733549e-02  4.98917780e-02 -8.31164936e-02 -8.54160292e-02
  -7.91641615e-02  2.70478728e-02 -6.83612666e-02 -2.43099399e-02
  -5.89345137e-02  4.66350597e-03 -5.58745794e-03  1.07657257e-03
  -2.68238085e-02  2.51035535e-02  6.56110420e-03 -8.84818004e-02
  -5.63039551e-02 -3.28311230e-02  2.46856043e-02 -6.51779765e-02
   1.05322332e-02  7.35581450e-02 -5.83743227e-02  7.95553786e-02
   7.38496734e-02  3.18921585e-02  8.25443027e-02 -7.58617992e-02
   7.88740887e-03  4.23689432e-02 -6.71193184e-02 -1.42337018e-02
  -1.44169151e-02  3.54320261e-02 -5.86710781e-02  6.05298604e-02
  -3.26102230e-02 -1.16671623e-02  4.65141942e-02  6.72963325e-02
   5.81215149e-02  1.60836496e-02  4.69809290e-02 -4.70084361e-03
  -3.65091827e-02  4.53111479e-02  2.46622113e-02 -8.10755321e-02
  -2.13079764e-02 -1.33699742e-02 -7.13212691e-02 -7.85421516e-02
  -5.69177610e-02  4.38389509e-02 -8.78363958e-02  2.54669616e-02
   1.52320822e-02  7.01534640e-03 -8.11239258e-02 -8.33291859e-02
  -5.16875767e-02 -6.91992391e-02 -4.79258502e-02 -6.90740171e-02
   4.60614494e-02  4.87171680e-02  6.13310411e-03 -8.39746779e-02
   1.36322085e-02  6.01436887e-02  2.29479527e-02  2.58816287e-02
  -8.18349283e-02 -1.90424430e-02  7.64404889e-02  9.09602025e-03
  -2.88462594e-02 -5.42643227e-02 -8.12388471e-02  4.92738814e-02
   6.81373491e-02 -9.42582843e-03  7.88702975e-02  5.29882915e-02
  -7.50504022e-02  4.34942872e-02  1.10310644e-03 -8.93090724e-02
   1.01636158e-02 -1.24824728e-03  9.06397226e-02  2.05082333e-02
   3.43709711e-02 -5.52454325e-02 -7.40582817e-02 -4.35262685e-02
   3.78303946e-02 -7.32012944e-02 -6.98646258e-02 -1.36160931e-02
   2.40774521e-04 -5.52928706e-03  4.92225669e-02  6.52573631e-02
  -2.79260682e-02  6.78458670e-02 -2.00378274e-02 -3.17770572e-02]
 [ 8.25355390e-02 -3.07385213e-02  4.24633036e-02  7.89248162e-02
  -4.71487949e-03 -6.68340016e-02  5.87651134e-02  1.32604183e-02
   7.58285779e-02  3.12222304e-03 -6.26514444e-02  5.99908306e-02
   5.20608404e-02 -3.06309762e-02  4.26248419e-02 -8.41828164e-02
  -7.18387281e-02 -1.80320079e-02 -8.16500506e-02 -8.48617767e-02
  -9.09628430e-02 -8.60889885e-02  4.07795362e-03 -3.60162516e-03
  -3.14432904e-02  4.69842975e-02 -1.62045447e-02  6.05912596e-02
  -6.71765682e-02 -4.66633067e-02 -5.08236015e-02 -5.42342795e-02
   1.78876770e-02 -6.56543257e-02 -4.76210004e-02  3.92512773e-02
   1.70703461e-02  7.94090298e-02 -7.36246611e-02  7.59790991e-02
   2.98974409e-02 -3.18662379e-02 -6.53917002e-02 -2.83449381e-02
   2.17270901e-02  1.58847107e-02 -7.26658912e-02 -3.13802128e-03
   2.65564885e-02 -2.36990780e-02  6.60747834e-02 -7.45033135e-02
  -7.67052309e-02 -3.34811462e-02 -3.06369848e-02  2.22188044e-02
   3.06946263e-02 -3.39940745e-02 -3.80769095e-02 -6.13245552e-03
   3.75773658e-02 -8.13422705e-03 -6.82477381e-02  5.38067960e-04
   8.94236124e-03  3.63351946e-02 -7.06740110e-02  7.10362267e-02
   5.60096118e-02  1.06174128e-02  5.87474188e-02  3.06744961e-02
   3.29008738e-03  8.18863347e-02  6.58254303e-02 -5.03199354e-02
  -1.42688707e-03 -8.52638122e-02 -1.33119957e-02 -6.33182270e-02
   5.17512666e-02  3.83342609e-02  2.38396582e-02 -3.88494704e-02
  -1.23368067e-02  3.74291952e-02 -1.77172038e-02 -5.91602675e-02
   6.64114662e-02  4.84409776e-02  6.28433205e-02  6.84005771e-02
  -5.99169666e-02  3.46726441e-03 -4.81272044e-02  4.28151920e-02
  -5.71959051e-02 -2.67199012e-02 -2.69216556e-02  7.72854470e-02
  -5.37000963e-02  5.09104371e-02 -7.37529403e-02  7.57494591e-02
   2.93566887e-02  2.65144885e-02  4.75406252e-02 -5.20974738e-02
  -1.21507541e-02  3.27284266e-02  4.01470176e-02  6.17489487e-02
   4.56123027e-02  1.19368144e-02 -1.59212529e-02 -7.52235217e-02
  -8.74965575e-03 -4.79542746e-02  1.39987210e-02 -3.31420550e-02
  -4.85279339e-02  6.61347697e-03  8.31147601e-02 -3.44316768e-02
  -3.46821072e-02 -7.44587232e-02 -3.25252460e-02 -7.38338966e-02
  -1.93851203e-02 -4.01493958e-02  4.15160567e-02  6.44931646e-02
   1.12448061e-02 -2.40223834e-02 -1.43360213e-02 -7.20712450e-02
   4.04138381e-02 -1.74515291e-02 -5.26180192e-02  4.18874659e-02
   1.39964325e-02  3.99715334e-02 -7.97016368e-02  3.46803765e-02
   6.91811942e-02  4.21522646e-02 -1.16455916e-02  5.08000639e-02
  -6.35412267e-02  6.16822948e-02  2.31428234e-02 -4.57456422e-02
  -3.04269146e-02  2.99533481e-02  3.47774341e-02  4.33475189e-02
   4.67701471e-02  6.89838767e-02  6.73355274e-02 -5.13974831e-02
  -5.30976103e-02  4.02222205e-03  8.56615875e-02  1.86354570e-02
   4.24455219e-02 -2.19548475e-02  7.40067255e-02 -1.67997656e-02
  -4.71396370e-02 -5.99256890e-02  6.84199494e-02  3.22730654e-02
   5.60064706e-02 -4.52180261e-03  7.22980866e-02 -7.97341183e-02
   7.83759404e-02  3.91736752e-02 -2.99802609e-02 -3.62878253e-02
  -2.49534768e-02 -3.28204921e-02  5.36465428e-02 -7.69838477e-02
   6.54239698e-02  7.30613571e-02  9.31445814e-03 -4.67933438e-02
   7.87981985e-03 -7.36287927e-02  2.35846816e-02  1.67266002e-02
  -4.18471429e-02 -9.07568079e-03  3.97851538e-02 -8.40534151e-02
   6.65886629e-02 -4.28523300e-02  4.04371175e-02  5.14545174e-02
  -2.27274896e-03  5.73209085e-02  9.17215552e-02 -7.68120155e-02
  -4.20202691e-02  5.04057880e-02  8.69519512e-02  3.79157013e-02
   7.80581828e-02 -4.51257008e-02 -4.23519570e-02  6.47713223e-02
   3.29846988e-03 -3.06961573e-02 -7.41554668e-02  2.72150126e-02
  -6.35667633e-02 -2.46133688e-02  5.18052788e-03 -4.04194986e-02
  -7.26673621e-02 -6.65898212e-02  1.80600172e-02 -4.54741830e-02
  -5.46121328e-02  3.95988430e-02  8.56906435e-02 -2.38354945e-02
  -5.43281086e-02 -7.99223452e-03 -1.59493994e-02  3.19078195e-02
   8.08236322e-02  3.81871985e-02  3.60948978e-02  6.12345152e-02
   3.73141765e-02 -4.97291396e-02 -5.32088392e-02  6.75583582e-02
   6.58819146e-02 -2.02402298e-02 -4.76669808e-02 -2.36173349e-02
   5.84087552e-03 -2.84237929e-02  2.10750654e-03 -3.16957257e-02
  -1.12727114e-02  5.58408413e-02 -8.53163859e-02 -7.73490428e-02
  -1.92014071e-02  3.15763187e-02  6.20728886e-02 -3.18886268e-02
   6.20057772e-02 -3.13116925e-02 -5.14188055e-02 -4.48832735e-02
  -1.57057971e-02 -1.13608777e-02  6.08700080e-02  6.37813582e-02
   4.68921806e-02 -1.91583208e-02 -4.35283932e-02 -6.25069442e-02
  -5.01642807e-02  4.32546154e-02  7.93166166e-02  1.95624730e-02
  -4.96819828e-02  4.71370644e-04  5.10595038e-03 -6.66938316e-03
   6.10573977e-02  4.97051789e-02  3.50072177e-02 -2.02004699e-02
  -3.77129510e-02  6.02506334e-02 -4.92447833e-02 -4.24614766e-02
   6.47318340e-02  8.94702447e-02  4.63390403e-03 -6.17446420e-02
   1.74387511e-02 -3.83320196e-02  1.04969786e-02  4.21840339e-02
   3.72677574e-02  6.60121299e-02  6.52414501e-02 -4.88876913e-02
   6.17180481e-02 -2.03677458e-02  8.34744159e-03  1.40334956e-02
  -1.77130440e-02 -3.23470778e-02  6.81009337e-02 -3.37696825e-02
   3.96529273e-02  7.54961566e-02 -4.76114002e-02  5.68113934e-03
   2.57979263e-02 -2.92555279e-03 -7.52566029e-02  2.73272387e-02
   2.48778787e-02  2.96951032e-03 -1.23208132e-02 -2.97216794e-02
  -2.98750539e-02  8.40875465e-02  1.40759168e-03  2.92493330e-02
   7.39201011e-02 -1.09959414e-02  3.46123121e-02 -7.05960063e-02
   3.37264211e-02 -3.05473125e-02  7.24634116e-03  8.06288549e-03
  -2.64980800e-02 -7.45508032e-02  4.66086447e-02 -5.87119673e-02
  -3.18076799e-02  5.71124160e-03 -3.15390184e-02  3.99532596e-02
   6.63806820e-02  7.99064320e-02 -3.60541349e-02  6.58766126e-02
  -5.89303192e-02  3.75724291e-03  5.97706731e-02 -7.46538437e-02
  -8.66004009e-02  7.78463688e-02 -8.71624363e-02 -3.46061405e-02
   6.68972547e-02  3.31308186e-02 -5.17786301e-03  3.05559147e-02
   2.28747729e-02 -6.47388952e-02 -7.81420221e-02 -7.89293956e-02
   5.05623266e-02  5.56398661e-02 -3.75700711e-02  5.46278613e-02
   5.72871237e-02 -7.46180034e-02 -1.31963732e-02 -1.95664637e-02
   3.68764288e-02 -8.61318345e-02 -2.57951043e-03  5.81369375e-02
   4.84028882e-02 -7.42855639e-02  2.67228883e-02 -6.91175051e-02
  -6.15743921e-03  6.08815141e-02  5.04620691e-02  5.53333098e-02
   6.46366716e-02 -6.49533291e-02 -1.85514224e-02  6.06771271e-02
   2.18066932e-02 -6.52239435e-02 -2.95835678e-02  3.53679624e-02
   3.56697183e-02  4.11390512e-02 -7.63437872e-02  4.47055123e-02
   6.39035077e-02  3.87113724e-02  1.70796204e-02 -8.59001391e-02
   4.99510353e-02 -6.18547003e-02 -3.59934783e-02  4.73669955e-02
  -7.93598982e-02  7.96850018e-02 -4.86151510e-02  2.94798030e-02]
 [ 7.59903264e-02  5.79960276e-02 -2.54818982e-03 -8.72451313e-02
  -4.17670744e-02 -3.28371908e-02 -9.65593338e-03  1.80207673e-02
   7.66203917e-02 -4.28890760e-02 -1.27111181e-02 -7.89604077e-02
  -8.26247920e-02  3.15089422e-02 -5.00110674e-02 -8.29301677e-02
  -8.32647047e-02  8.28730410e-02 -7.27545598e-02  2.01674308e-03
  -7.67622312e-02  5.88572487e-02 -5.91551272e-03 -8.03456334e-03
   2.23640174e-02 -2.22354718e-02  2.68625537e-02 -8.93094569e-03
  -1.61110440e-02  6.94311792e-02  3.26024257e-02 -8.00182862e-02
   3.68357889e-02  4.96817653e-02 -8.05627777e-02  4.84206764e-02
   4.49948542e-03 -6.09214771e-02  5.94389624e-02  2.67892146e-02
   3.70240628e-02 -7.48391280e-02 -1.78149244e-03 -2.26315957e-02
  -1.63195334e-02 -6.52111788e-02 -2.71363309e-02  1.79931900e-02
   5.13741618e-02  8.03107017e-02  7.22187812e-02  4.14561738e-02
   6.30353466e-02 -4.97634699e-03  6.96418614e-02  5.61783300e-02
   7.76995414e-02 -6.74806693e-02  2.19437976e-02  3.89651664e-02
   2.21357464e-02  3.54351919e-02 -7.29243041e-03  7.49736813e-02
   7.82100544e-02 -3.60880293e-02  8.70561192e-02  5.15011921e-02
   6.96420514e-03  2.13139828e-02 -1.66153305e-02  6.51744763e-02
   4.08961400e-02  3.68882854e-02 -9.21813846e-02  5.24627357e-02
  -4.47167709e-02  5.08636806e-02 -5.75198652e-02  5.43716181e-02
  -5.77469530e-02  5.08453397e-02 -2.87369537e-02  4.18046186e-02
   8.90458252e-03  5.70940354e-02 -1.82072299e-02 -6.30404111e-02
  -1.81317555e-02  3.33320899e-02  7.94964051e-02  1.41979336e-02
   1.74292349e-02  8.31585959e-02 -1.46475987e-02 -5.81794383e-02
  -6.73001318e-02  2.73899307e-02  8.95472119e-03  1.27665495e-02
  -4.16125713e-02  2.75707790e-02 -2.13165801e-02 -6.92768427e-03
   4.98710636e-02  1.36591124e-02 -3.56972373e-02 -6.56198201e-02
   9.28305561e-03  4.97483814e-03  8.23127495e-02 -5.22393699e-03
   2.79568426e-02 -7.52899672e-02  8.93343313e-02 -6.62388084e-02
   7.15238286e-02 -5.95043158e-02  4.81415099e-02 -1.08545769e-02
  -1.97949928e-02  4.02755701e-02 -1.37810383e-02 -6.25780534e-02
   7.26343346e-02 -1.86800590e-02 -8.15356488e-02  2.13891917e-02
  -4.79565367e-03 -8.06446303e-02 -6.98188641e-02 -3.19277254e-02
  -6.91289825e-02  7.07375808e-02 -1.50967705e-02  4.94067071e-02
   8.19059270e-05  6.57859530e-02  4.38445767e-02  3.12840871e-02
  -3.49132541e-03  4.30263167e-02  6.28538651e-02 -6.58016201e-03
  -8.97977168e-02 -3.04463187e-02  6.43851051e-02  7.71193497e-02
   1.73343260e-03 -1.06217724e-02  4.48571884e-02  1.48045863e-02
   7.74373913e-02 -6.37728566e-02 -9.95134242e-03  1.42815746e-02
  -8.65148587e-02 -6.08675915e-03 -1.04142723e-02 -6.10988158e-02
  -1.81408787e-02  5.77373367e-02  1.85210007e-02 -1.27876728e-02
   1.05698772e-02 -4.59013417e-05  5.03585583e-02  4.62752543e-03
   4.66178509e-02  8.36124132e-02  7.07995938e-02  8.34770700e-02
  -2.11703221e-02 -5.54445396e-03 -6.99928060e-02 -7.16659273e-02
  -2.37382311e-03  8.76288783e-02 -4.24837603e-02  4.79992225e-03
  -4.51544048e-02 -6.71777334e-02  1.36755274e-02 -9.67263239e-03
   6.33655910e-03 -6.14623091e-02 -1.84551969e-02  3.97123760e-02
  -6.32888602e-03  6.56066914e-02  1.44532445e-02  6.92223015e-02
  -1.41844970e-02  6.21575111e-02  2.97941510e-03  8.51791235e-03
   6.88142181e-02  5.48489713e-02  5.08596724e-02  6.16385023e-03
   1.15202875e-02  6.37418813e-02 -7.75670332e-03 -1.94549094e-02
  -2.01997220e-02 -4.89210871e-02 -3.74293446e-02 -4.42062846e-02
   2.54153883e-03 -3.52571787e-02  7.52343280e-02  2.51989402e-02
  -6.91145481e-02  5.91588134e-02  2.83611331e-02  6.26428021e-02
   1.83884038e-02 -1.05813901e-02  1.37001265e-02  6.35761548e-03
   6.65645552e-02  1.95147838e-02  7.59045532e-02 -5.63715586e-02
  -1.41230039e-02  4.64949473e-02 -3.39997577e-02  6.05001012e-02
   7.62776459e-02  8.68962793e-02  1.27611122e-02  4.27708224e-02
   2.78710393e-02 -2.91118840e-03  9.33731898e-03 -1.43605962e-02
   5.89969079e-03  7.65308599e-03 -1.65617608e-03  6.86247163e-02
  -5.64181817e-02 -1.84015152e-02 -8.32656991e-02  5.44552268e-02
   1.88034372e-03 -7.98548135e-02 -9.03507946e-03 -1.22275906e-02
  -2.18360690e-02 -2.97061703e-02  5.46578288e-02 -2.20031472e-02
   4.73911957e-02  6.28866783e-02  4.69714213e-02  1.91432152e-02
   9.08212505e-02 -5.55946511e-02  1.67166712e-03 -2.52986366e-02
  -8.75325666e-02 -2.85814321e-02 -6.38808628e-02 -5.58112065e-02
  -2.74110366e-02 -5.49827287e-02  7.14986378e-02 -5.86239466e-02
   1.76144376e-02 -2.57440477e-02  6.69990541e-02 -3.60725722e-02
   6.11787347e-02  4.19823509e-02 -2.48984975e-02 -2.81225253e-02
  -4.21781318e-02 -2.56475985e-02 -3.04771449e-02  8.11192859e-02
  -6.36701273e-02  5.36773171e-02 -1.90602153e-02  5.47983219e-02
   5.73287807e-02 -7.70361902e-03 -4.28575181e-02 -4.21289924e-02
   1.69969643e-02  3.73283988e-02 -2.96689263e-02 -7.29994755e-02
  -4.60739099e-02 -9.14127758e-02  3.65388944e-03  9.22037164e-02
   2.78964911e-02  8.64121663e-02 -1.58546840e-02 -7.40508102e-02
  -5.63216691e-02 -7.33226504e-02 -4.66670830e-02 -8.23778476e-02
  -8.65099064e-02  4.94819488e-02 -7.98876507e-02 -6.22330311e-02
   3.58681954e-03  1.74760818e-02  6.99464687e-02 -9.87418214e-03
   3.45660791e-02  4.80418052e-02  1.46810590e-02  1.96917811e-04
  -8.25680029e-02  2.11234902e-02  3.33986574e-02 -3.02745307e-02
   3.10361433e-02 -8.31446031e-02 -1.87497696e-02  2.63959972e-02
   7.12334021e-02  8.02607078e-02 -3.45983686e-02  9.38307709e-03
   7.18642251e-02 -3.69156691e-02 -4.99238746e-02 -4.09466388e-02
   6.74380828e-02  1.89150755e-03  1.34915418e-02 -8.44937060e-02
   8.07157655e-02 -3.64040096e-02  7.06931017e-03 -6.59952047e-02
  -2.73364361e-02  2.07126740e-02 -5.21512425e-02  9.86539753e-03
   8.39722274e-02 -8.91199710e-02 -3.41221072e-02 -8.94266020e-02
  -7.09630718e-02  3.73827292e-02 -7.50521910e-02  4.75190861e-02
   2.79416402e-03  3.51940517e-02 -6.89382840e-02  8.23492803e-02
  -7.15171246e-02  8.30123873e-02 -6.56775793e-02  1.44030210e-02
   2.83306016e-02  3.70622679e-02  5.63059800e-02 -6.60428300e-03
   5.89439208e-03 -4.56641501e-02  8.68041232e-02 -7.49078698e-02
   3.52579403e-02  4.24233241e-02  4.19063815e-02 -4.60347229e-02
   8.54032810e-02 -1.30600438e-02 -5.97043600e-03  6.16117547e-03
   1.17482006e-02 -5.17561335e-02 -3.77388766e-02 -7.47147985e-02
  -8.27341531e-02  2.06431946e-03  5.19852277e-02 -9.90290617e-03
  -9.69645759e-03  5.91716367e-02  2.48348158e-02 -2.97185091e-02
   4.48387380e-02 -5.24416796e-02 -4.53638814e-02 -7.82429830e-02
  -2.85643359e-02 -4.30798664e-02 -8.06820561e-02  1.20576345e-02
  -4.39836506e-02  6.01915321e-02 -2.81146329e-02 -3.36037521e-02]]