[[-5.02224931e-01 -1.76306059e-01  4.49536397e-01  2.11571971e-02
   3.13777547e-01 -2.19031097e-01  3.33731291e-01  5.91390264e-01
   3.86840606e-01  2.78885941e-01 -7.21984074e-02 -2.88204767e-01
   2.65529533e-01 -6.44210631e-02 -5.90612293e-01 -3.74813373e-01
  -2.90857972e-02 -6.11279841e-01 -2.15728679e-01  3.06125936e-01
  -6.15629591e-01 -1.60012573e-01 -4.93172229e-02  4.99413563e-01
  -6.47718268e-01 -4.89957643e-01 -6.66020247e-02 -3.00448933e-01
  -2.63347193e-01 -2.71901185e-01  3.10725161e-01  1.20955354e-01
  -2.61912026e-01 -6.05509236e-01  3.77057610e-02  2.55823477e-02
  -4.48552463e-01  2.69728032e-01 -7.23215388e-01  3.36564010e-01
  -1.21301250e-01 -1.13331849e-01  4.70536456e-01  5.88741208e-01
   4.63775522e-01  4.82476478e-01 -4.43617587e-01 -6.82431579e-01
  -4.16699544e-01 -5.16814703e-01 -3.19900217e-01  4.10138329e-01
   2.37128703e-01 -5.45289861e-01  1.06787553e-01 -1.18443244e-01
  -3.00974945e-02  3.17482902e-02  5.85168096e-01 -2.12903012e-01
   4.80830453e-02  4.02850219e-01  9.77372361e-03 -6.58076254e-01
  -1.87860476e-01  1.94681492e-01  1.21333436e-01  6.52237432e-02
   3.45344757e-01  4.80203089e-01  4.00057654e-01  4.00027475e-02
   4.14676236e-01  2.32940027e-01  1.78325706e-01 -2.78124904e-01
  -3.59938378e-02  4.49424966e-01  3.18955055e-01 -3.29642888e-01
   4.85783756e-01  1.99067940e-03 -7.10780566e-01  5.03451526e-01
   4.90417087e-01  3.30844149e-01  3.78274791e-01  4.40938804e-01
  -2.89476846e-03  4.60815152e-02  3.48611377e-03  2.26160619e-01
  -4.41388312e-01 -5.89011093e-01  5.22710128e-02  6.95178115e-02
   4.65990260e-01 -5.87412693e-01  1.99802813e-01  7.57960375e-02
  -1.42364959e-01 -2.50632406e-01  4.94963389e-01  1.89442421e-01
  -1.76047152e-01 -6.76405757e-01 -4.52760130e-01  1.01724933e-01
   1.35902261e-01 -4.26048166e-03  2.99704148e-01  2.65160978e-02
   2.39864218e-01  2.88939476e-01 -4.91887807e-01 -1.86992538e-01
   1.05850170e-01 -3.60297991e-01  5.21629036e-01 -4.80693108e-01
   1.15869334e-01 -7.57070497e-02 -1.33638976e-01 -6.45477116e-02
   2.02872152e-01  1.20019615e-01  5.67525827e-01 -1.04255585e-02
  -3.23630006e-01  2.83998536e-01 -3.67600039e-01 -1.04881594e-01
  -8.04685686e-01 -4.75967854e-01  2.00412646e-01  1.35022601e-02
   3.09372300e-01  4.07969852e-01  1.25297212e-01  4.14851163e-01
  -2.48966753e-01  1.90042341e-01  3.14106882e-01  3.96545521e-01
   2.73392649e-01  7.15053656e-02  4.02783001e-01 -5.19306626e-01
  -3.59541300e-01 -2.25123566e-01 -3.28082330e-01 -5.54918627e-01
   4.65702850e-01  2.77814021e-01  4.93693852e-01  1.01027561e-01
  -5.43790544e-01  2.47398236e-01 -1.67894358e-01 -6.48656447e-01
  -2.56137946e-01  4.89553382e-01 -3.52843885e-01 -3.89840658e-01
   2.17395777e-01 -2.84598440e-01 -6.81467754e-01  1.03152287e-01
   1.90532689e-01 -6.79663984e-01  3.97026577e-01 -4.38408929e-01
   3.06671432e-01 -6.25448266e-01 -9.74935529e-02  3.22139661e-01
   2.21924318e-02  1.87906135e-01 -1.69693392e-01 -6.50840587e-01
   4.67375119e-01  6.39877982e-02  1.08757910e-01 -6.74352752e-01
   5.15722111e-01  1.16415810e-01 -4.73483847e-01  3.44851198e-01
   3.83836088e-01  3.67238620e-02  7.49663145e-03  4.25635761e-01
   5.68623462e-01 -1.65133134e-01  5.23209524e-01 -6.32165383e-01
  -2.22891020e-01 -4.85532794e-01 -5.93059773e-01 -4.58187589e-01
  -3.25032162e-01  1.76167888e-02  1.48007429e-01  8.30121624e-02
  -4.98146292e-01 -1.71730567e-01  5.14365157e-01  4.93607384e-01
   5.35777400e-01 -3.11634344e-01  3.81628206e-01  3.98158227e-01
  -1.43556301e-01  4.28939537e-01 -5.09505346e-01  3.07728896e-01
   2.63062136e-02 -1.59869498e-01 -2.05154772e-02 -5.75445041e-01
  -3.72627533e-01 -6.94525204e-01  4.52230471e-01  3.49876785e-01
   1.27579430e-01 -3.93750119e-02  2.45234387e-01 -4.69929176e-01
   4.80311795e-01  2.91707315e-01  2.71496751e-02  4.90817903e-01
   1.74233228e-01  7.78326330e-02  9.11011957e-03  1.53260432e-01
  -3.79820783e-01  4.97511811e-02 -2.50715760e-01 -2.30736695e-01
  -3.96594534e-01  1.13072547e-01  5.79804574e-01  3.00374913e-01
  -4.33997850e-01 -6.06213858e-01  3.79499776e-01  3.54525067e-01
  -9.16130509e-03 -2.16405928e-01 -3.66953208e-01 -4.59696278e-01
   4.22414562e-01  2.45805949e-02  4.02168612e-01  4.36108887e-01
   5.80337562e-01 -3.61734592e-01  2.77520897e-01  1.45340971e-01
  -6.14559273e-01  5.06942398e-01 -5.30728963e-01 -2.19470773e-01
  -2.73159449e-01  2.93111245e-02 -9.18556153e-02  2.92668710e-01
  -3.34951844e-01 -3.97943233e-01 -7.02926094e-01 -4.29053794e-01
  -3.86507384e-01  2.23148936e-01  7.77871849e-02 -5.85455746e-01
  -5.56874850e-01 -5.05283266e-01 -3.20134039e-01 -2.70429442e-01
  -5.12085666e-01  4.36174384e-01  1.42571748e-01  1.65346322e-01
  -5.93069513e-01  1.29636613e-01  8.10614423e-02 -6.30173992e-01
  -9.86688938e-02  1.31335866e-01 -1.86707077e-01 -4.87774506e-01
   1.49068003e-01 -3.33743215e-01 -7.28721575e-02 -4.76144035e-01
  -1.23395969e-01  3.49103759e-01 -1.36412116e-01 -6.06518146e-01
   2.32777666e-01 -5.37540497e-01 -5.45950553e-01 -4.03312166e-01
  -5.95278211e-02 -5.64137269e-01 -8.72085050e-02  2.66221776e-01
  -7.05902529e-01 -1.47082389e-01 -3.49441424e-01 -4.97389241e-01
   3.67664220e-01 -3.01881193e-01 -2.70650026e-01  4.41112197e-01
   4.75110198e-01  1.35119791e-01 -4.42201488e-01  2.16504249e-01
  -2.02088144e-01 -1.86173327e-01  2.53743934e-01  2.52371874e-01
  -4.12342500e-01  5.06320267e-01 -7.33260195e-01 -2.46695964e-01
   1.62704007e-01 -4.18664050e-01  2.65555176e-01 -5.44324022e-01
   1.45040662e-01  2.78472203e-03 -8.98740544e-02 -4.49399362e-01
  -1.16247461e-01 -4.45975616e-01  2.01912361e-01  5.03258420e-01
  -2.23317081e-01 -3.23994159e-01 -5.30155903e-03 -6.31141419e-01
   1.25790638e-01 -3.53566808e-01 -9.56119030e-02 -3.94021789e-01
   1.93681587e-01 -4.51485765e-01 -1.20306890e-01 -4.18814187e-02
   1.03080802e-01  4.09189560e-01 -4.32940131e-01  2.00532281e-02
  -7.51867722e-01 -7.78228822e-02  1.28351979e-02 -2.48636565e-01
  -1.97801527e-02 -2.63636250e-01 -2.62841083e-01  1.25425414e-01
  -5.94841673e-02 -3.66638385e-01  2.34324660e-01 -7.02436535e-02
   4.47853190e-01 -2.48624819e-01  5.24521634e-01 -6.80949901e-01
  -3.19852524e-01 -7.00038628e-01  3.96881592e-01 -3.53123326e-01
   4.31570870e-01  4.11210335e-01 -3.47950448e-01 -1.60389426e-01
   2.98879204e-01 -5.60652621e-02  2.74347744e-01 -3.43262699e-01
   2.99033009e-01 -5.34625580e-01 -5.49041517e-01  5.83368532e-02
   2.97307078e-01 -5.75281221e-01  4.14552691e-02  4.44264382e-01
   3.36239422e-01 -3.53616344e-01 -5.00130572e-01  2.81628448e-01
   2.64779842e-01 -3.94351181e-01 -1.56297616e-01 -1.66307208e-02]
 [-4.57092612e-01  3.98118523e-01  3.01306695e-02  5.26379575e-01
   6.22417231e-01 -4.71803032e-01  6.36153650e-01 -5.65548222e-01
  -5.19702426e-01  4.92618971e-01 -5.06007833e-01  8.05772002e-02
   2.44915370e-01 -4.83539526e-01  1.89958178e-01 -5.27410744e-01
   6.02986662e-01 -4.87001739e-01  3.78720702e-01 -6.42597911e-01
   1.51716343e-01 -4.38615772e-01 -1.50460832e-01  3.52424880e-01
  -1.06814092e-01 -3.67117900e-01 -6.75478022e-01 -5.17502057e-01
  -4.76003864e-01  1.17037437e-01 -1.88211021e-01 -2.48629743e-01
   2.77717776e-01 -2.53788962e-01 -8.44951460e-02 -3.09850125e-01
  -3.88998388e-01  8.69465836e-02 -4.82979859e-01 -4.72955148e-01
   1.88272295e-01  2.62049308e-01  4.36661829e-01 -5.59111651e-01
  -7.78957723e-02  1.57308953e-01 -1.36337345e-01 -6.55504953e-01
   4.60055888e-01 -9.07414075e-02  7.38295876e-02  3.74885364e-01
  -7.65973032e-01  4.69704554e-01 -5.00232620e-02 -3.38211169e-01
  -4.49418505e-01 -3.71667315e-01 -4.65963526e-01  3.13151515e-01
  -3.16519808e-01  2.65961736e-01 -5.93626264e-01 -3.91394053e-02
  -8.68719589e-03 -1.04507946e-01  6.35970143e-01 -8.25899342e-02
   4.79252575e-01 -6.61296206e-01 -2.17653100e-01  3.75270051e-01
  -1.25391391e-01 -4.97776501e-01  4.18831818e-01 -3.09667694e-01
   3.51985121e-02  2.39971947e-01 -1.82482173e-01  3.30070111e-03
   1.46437884e-01 -5.78502967e-01 -8.03913950e-02  1.14015371e-01
  -3.15007509e-01  8.75421646e-02 -6.86358553e-01 -1.94835927e-01
  -2.68539964e-01  2.83765748e-01 -5.86862270e-01  1.91919746e-02
   5.33354468e-01  3.78357096e-02 -1.97911403e-01 -4.64285865e-01
   1.73853746e-01  1.91932863e-01  2.20724947e-01  5.77252242e-01
   1.10269838e-01 -3.09612468e-01  5.65623665e-01 -3.04747261e-01
  -5.92335959e-01  3.25578804e-01 -2.27966885e-02 -1.19498812e-01
  -1.49288778e-01 -6.16965665e-01 -4.96629153e-01  3.08423056e-01
   3.46782121e-01 -4.96085963e-01  3.49079815e-01  2.41494218e-01
  -2.78307626e-01  6.83144024e-01 -6.07923027e-01 -5.80928861e-01
   3.65035777e-01  2.40721205e-01  2.00334148e-01  7.57447400e-02
   3.02366687e-01  4.19339480e-01 -4.27380920e-01 -3.51882850e-01
  -5.68727557e-01 -2.89750094e-01  5.42219402e-02 -6.63832051e-01
   6.20418580e-01  4.85189788e-01  2.06664230e-01 -7.17354720e-01
  -1.89181080e-01 -5.24469897e-01 -3.51141993e-01 -7.21821634e-01
  -6.59356555e-01  1.86495380e-02  5.27891659e-01 -5.04648634e-01
  -6.51467618e-01  3.56701293e-01 -3.16595171e-01  5.39525107e-01
  -3.11658461e-01  6.54745528e-01 -6.49954185e-01 -3.92466393e-01
  -5.45500095e-01  2.16907048e-01  5.78058504e-01 -5.32404724e-04
  -4.57182091e-01 -6.70177249e-01 -6.49148482e-01 -4.43254941e-01
  -2.59391762e-01 -3.18891562e-01  2.18532931e-01  2.29849375e-01
  -6.23624367e-01  6.21710128e-01 -2.24702104e-01  3.98603005e-01
   5.74295433e-01  6.06595710e-01 -6.59375206e-01 -2.62125876e-01
   5.69695631e-01  2.43038938e-01  3.15700144e-02 -3.46557697e-01
  -1.36677971e-01 -5.38297092e-01  4.51782337e-01  6.68988530e-01
  -5.00396920e-01 -3.79589232e-01 -6.34343347e-01 -2.20273600e-01
   3.58404464e-01  6.80140540e-02 -3.36674105e-01  1.76003069e-01
   9.09587127e-03  5.02921514e-02  2.21967030e-01  5.66043974e-01
  -4.80811752e-01  7.30707734e-02  3.43100044e-01 -1.00968686e-01
  -2.27885327e-01 -1.98899499e-02  1.17204501e-01  1.63559518e-01
  -8.45752843e-02 -5.49236911e-01  6.27433639e-01 -5.51800786e-01
   1.71267022e-01  5.31874623e-01 -5.37235480e-01 -3.47810546e-01
  -2.94115596e-01 -4.78992933e-01 -9.27952788e-02  2.93675579e-01
  -7.31449708e-02  5.92208384e-01 -9.52449371e-02 -1.29400252e-01
   2.13702218e-01 -5.39679540e-01 -4.60838573e-01  6.18030685e-01
   2.42596111e-01 -6.50009189e-01 -8.94809222e-02 -2.40727048e-01
  -1.01366155e-01  3.25708724e-02 -5.06502114e-01  1.05600834e-01
  -3.84023627e-01 -7.33889504e-01  5.80871057e-01  4.81235839e-01
   5.70505467e-01 -2.74737421e-01  4.93056421e-01  1.85614581e-01
   1.32713966e-01  5.34332017e-03  1.18250990e-01  4.16185589e-01
  -1.05237001e-01 -1.51048405e-01  3.22325861e-01 -9.95300079e-03
  -1.46590096e-01 -2.31504908e-02  3.96989626e-01  4.85263466e-01
  -6.19908331e-01 -2.63026587e-01  5.25192565e-01 -1.34426129e-01
  -6.88514815e-01  5.88943492e-01 -6.24209235e-01 -7.42903839e-01
  -3.33373149e-02  3.27687481e-01 -5.20532832e-01  5.08958269e-01
   1.59836263e-01 -1.95034025e-01 -2.47296838e-01  1.22013795e-01
  -3.84508654e-01 -5.31223944e-01 -6.68458260e-01 -2.81144141e-01
   4.65359035e-01  2.24845214e-01 -5.36462439e-01  2.82990550e-01
  -5.08482078e-01 -2.53217692e-01  5.24891871e-01 -3.80327479e-01
  -4.34379004e-02  3.07840384e-01  4.89085011e-01  2.71301465e-01
   5.24943376e-01  3.35733003e-01 -6.22233020e-01  3.52795470e-01
  -2.31739615e-01 -7.93680707e-01 -6.43267112e-01  2.58361790e-01
  -6.49092258e-01 -6.25644723e-02  5.07377172e-01  9.99510761e-02
  -3.73043454e-01 -1.71600922e-01 -3.70202288e-01  1.84148053e-01
  -2.00063420e-01 -1.16740858e-01 -3.49791984e-01 -1.98764106e-01
   3.26795643e-01  4.59878723e-01 -5.24905818e-01 -4.21751290e-01
   3.65111124e-01 -9.40959753e-02 -1.23889495e-01  9.11480929e-02
   1.66757328e-01 -2.06350294e-01 -1.12264536e-01  7.94721223e-02
   6.01910208e-01  1.55108764e-01 -8.98557731e-02  3.32736983e-01
   5.01100703e-01  4.33779930e-01  5.23612883e-01  7.00862777e-02
  -1.07247064e-01 -3.45372106e-01 -4.17718794e-01  2.14082716e-01
  -5.45581335e-01  3.84119745e-01  1.12247406e-01  4.63057267e-01
  -5.96089909e-01 -3.01010917e-01 -8.65114650e-02  4.68337744e-01
  -3.24223907e-02  1.01560063e-01 -2.84739048e-01  7.04767927e-01
  -2.25623114e-01  5.61217696e-01  4.97001047e-01  6.53912446e-02
   1.79723628e-01  3.85559571e-01 -4.75947970e-01 -5.95347550e-02
  -6.38404655e-01  5.07825905e-01  2.54090395e-01 -4.37375373e-01
   4.89210019e-02 -5.32036989e-02  1.37792432e-01 -5.21450379e-02
  -1.84010808e-01  5.49454367e-01  4.04150085e-01  5.79771334e-02
   3.69574123e-02 -1.28671615e-03 -6.34527074e-01 -9.57050269e-02
  -2.53688162e-02  1.64549137e-01 -3.21601970e-01  3.23145449e-01
  -2.73930226e-01  4.53030427e-01 -1.10236329e-01 -4.14442123e-01
   5.59937715e-01 -1.25678232e-01  1.58469549e-01 -1.54520055e-01
   5.78664023e-01 -3.85214604e-01  6.32829118e-01 -2.91106906e-01
  -5.57084316e-01  3.48257692e-01  5.69137733e-01 -6.92106761e-01
  -1.36034143e-01 -4.82078546e-01  3.77541864e-01 -6.09271167e-01
  -6.38240393e-01 -2.32882649e-01  5.31265907e-02 -1.00806652e-01
   4.51294971e-01 -2.34156289e-01 -5.83226401e-01  4.36052661e-01
   5.60594871e-01  5.51283401e-01  2.90513799e-01  6.24866288e-01
   6.88922632e-01  1.71063313e-01  1.99322264e-01  6.24284193e-01]
 [ 1.05987113e-01  5.39131088e-01  4.26719347e-01  5.65518055e-02
  -1.81537560e-01  9.65571965e-02 -1.28821840e-01 -1.72662642e-01
   3.77318374e-01 -6.80956647e-01  2.35899474e-01  1.35693742e-01
   3.40699579e-02 -6.31252320e-01  2.18477363e-01 -9.68346396e-02
   1.51379155e-01  2.60194706e-01 -2.66732305e-01 -7.11866544e-01
   2.94825892e-01 -3.04168553e-01  3.05699607e-01 -5.54508365e-01
   1.97100904e-01  3.62897439e-01 -6.65519007e-01  2.65159756e-01
  -8.14297417e-02 -1.44062983e-01  1.85391021e-01  3.46740426e-01
   6.74898010e-02 -5.66231184e-01 -2.51838937e-01  2.69055228e-01
   2.34931784e-01 -4.12509597e-01 -6.27580978e-01  1.23059696e-01
   5.16135123e-01  4.07158666e-02 -5.87822275e-01 -2.34728957e-01
  -3.43814031e-01  2.50176687e-02 -6.93564690e-01 -1.99553045e-01
   4.42436741e-01  4.81650709e-01  1.65264128e-01 -6.08469276e-01
   5.24469254e-01 -6.36480693e-01 -7.32602406e-01  3.69971650e-01
   3.54855880e-01 -4.54935279e-02 -3.55693982e-01 -6.48279194e-01
   5.33220060e-01 -5.56136398e-01 -5.86666330e-01  2.52440575e-01
   2.61647927e-01 -4.24108435e-01 -3.25479666e-01 -4.86651089e-01
   2.90381502e-01 -5.11159101e-01  2.74100403e-01 -5.65368640e-01
  -6.37604986e-01 -9.37467231e-02 -3.94169756e-01  2.04379327e-01
  -1.90908860e-01  1.10808938e-01 -6.91527093e-01  3.88840979e-01
  -1.86165081e-01 -1.48795150e-02  6.24094086e-01 -1.47934582e-01
  -9.22956243e-03 -3.95319678e-01  5.63823935e-01  1.29962535e-01
  -2.45583690e-01 -7.14940498e-01  4.69076240e-01 -4.72407894e-01
  -6.13399901e-01 -1.19277600e-01 -2.71933084e-01  4.22586547e-01
  -1.31420905e-02  3.16523781e-02  4.67420472e-01  5.51494232e-02
   5.15494783e-01  3.99067880e-01  2.71405291e-01  1.71775121e-01
   5.15561107e-01 -8.76836440e-02 -2.59975255e-01  4.81781183e-01
   3.33924881e-01  2.21217747e-01  5.22943611e-01  7.65288733e-02
   1.80328072e-01 -2.28213841e-01 -2.19431098e-01 -6.66195405e-01
  -5.76458071e-01 -6.54438607e-01  3.10254744e-01  1.96573734e-01
  -5.88644693e-01 -2.37459177e-01 -2.61136858e-01  4.25484886e-01
   3.02400234e-02 -4.54145977e-01 -4.18385105e-01 -8.93705277e-02
   1.92124775e-01  2.13182177e-02  2.23326785e-01  4.01272292e-01
  -2.75097435e-01  4.35809582e-01  2.91140670e-01  1.78929805e-01
  -3.47774339e-01  1.47934147e-01  4.67587433e-01 -7.09539291e-01
  -4.48715687e-02 -3.91399350e-01 -7.31036627e-02 -6.30735781e-01
  -3.68045655e-01  2.34546309e-01 -5.37621667e-01  5.98791098e-03
  -7.16731637e-01 -1.77769514e-01 -1.21400447e-01  1.72765412e-02
   3.17993406e-01 -3.85236500e-01  1.34342426e-01 -7.28671113e-01
   8.73760048e-02  4.74520274e-01 -5.61241504e-01 -2.48653164e-01
   2.03967084e-02  4.19680720e-01  1.70274467e-01  9.94407108e-02
   2.16534865e-01  1.60041302e-01  6.29538958e-01 -1.44617271e-01
   3.17041650e-01 -6.31222593e-01 -6.26325800e-02 -2.24069947e-01
   4.24634110e-01  2.84130592e-01 -2.71655359e-01 -5.03084889e-01
   4.06456410e-01  4.87904392e-01  4.64311853e-01 -6.54197930e-01
  -7.48149537e-01 -1.39739815e-01  1.34250291e-01 -5.63279668e-02
  -4.92661084e-01 -4.56204949e-01  9.45168274e-02 -3.80591246e-01
  -1.22069524e-01  2.29632305e-01 -7.00625915e-01 -5.41868164e-01
   5.41304697e-02 -3.31951227e-01  2.24995289e-01  4.93234775e-01
  -2.54903670e-01  8.92744999e-02  4.58744706e-01 -1.91130844e-01
   3.32710392e-01 -2.24966514e-01 -4.90101037e-01 -1.44652453e-01
   4.17084076e-01  2.73581485e-01  1.75258220e-01  1.94517094e-01
  -7.17180518e-01 -3.01240486e-01  2.04864060e-01 -3.26333470e-01
  -1.93485209e-01  3.15034938e-01 -7.82519246e-03 -5.47031410e-02
  -6.65968051e-01 -7.03326423e-01 -2.89254553e-01  3.66746261e-01
  -2.69619811e-01  6.28664457e-01 -4.25855346e-01 -1.29950994e-01
   2.19366981e-01 -2.62212713e-01  2.13368803e-01 -4.48641924e-01
  -1.16574842e-01  7.44433034e-02 -3.15511293e-01  1.44973794e-01
  -1.12232072e-01 -4.73243128e-01 -1.06305073e-01 -6.61965312e-01
   3.66733198e-01 -5.63471499e-01  1.81272274e-01  4.69001404e-01
   3.90212305e-01  3.50845549e-01 -2.86158791e-01 -1.28355027e-01
  -4.79603043e-01  4.91271993e-01  2.05853609e-01  2.08511468e-01
  -4.88715400e-01 -6.00178092e-01  1.89776161e-01 -5.25760418e-01
  -6.61591712e-01  2.48830696e-02 -2.94735106e-01  4.91696868e-01
  -3.85503271e-01 -3.88984522e-01 -1.61885060e-01  3.93117572e-01
   4.90472624e-01 -3.02552879e-02  5.33127830e-01 -6.86726019e-01
   6.04425803e-01  5.10085399e-01  2.09755764e-01 -4.38150491e-01
  -3.72794122e-01  8.90278768e-02 -5.62416103e-01 -1.77411936e-01
   5.76538640e-01 -7.45674038e-01  4.11723715e-01 -3.58472984e-01
  -6.40526171e-01  1.69217437e-01 -5.61033922e-01 -5.13055487e-01
  -1.24275831e-01 -4.24635757e-01 -3.67083515e-01  4.45802862e-01
   1.59057730e-01  3.48934653e-01  3.51973546e-01  4.29916027e-01
  -2.98365296e-01  1.22712168e-01 -6.22934967e-01 -4.71905624e-01
   2.19255838e-01 -3.74366601e-01  5.36039913e-01  9.29060430e-02
   4.91583770e-01  3.02405080e-01  1.68634198e-01 -2.69292439e-01
  -1.74631134e-01  2.32939775e-01 -3.13337911e-01  3.72287639e-01
  -1.71968283e-01 -1.98003103e-01 -1.80530428e-01  9.82532186e-02
   3.66188473e-01 -4.58764232e-01 -4.12378230e-01 -1.32586633e-01
  -7.41177462e-01  5.13599792e-01  5.16117589e-01 -2.10327216e-02
  -7.41116427e-01  8.34390430e-02  2.14791839e-01  3.81124529e-01
  -4.42607675e-01 -6.39226746e-01 -2.74865982e-01  2.07266484e-01
   3.84776571e-01 -2.19000081e-01  3.65121423e-01 -2.86934993e-01
  -4.59484155e-02 -7.07169972e-01 -3.04553045e-01  3.96598312e-01
  -1.59806502e-01 -3.55291398e-01 -4.14725348e-01  4.06804116e-01
  -7.39585138e-02 -4.99258392e-01 -4.47534495e-01 -6.98160418e-01
  -4.17114455e-01 -3.53961655e-01 -5.48136131e-01 -1.06909866e-01
   3.21860642e-01 -1.31277600e-01 -5.86380279e-01  2.21652919e-01
  -5.20567820e-01 -6.97129632e-01  4.13416311e-01  4.19000396e-01
  -1.87265342e-01 -8.02815532e-01 -3.59267811e-01 -3.90972250e-01
  -1.93957523e-01 -5.73709783e-02 -5.66933477e-01  6.05347100e-01
   2.90678438e-01  7.66250473e-02 -3.24998634e-01 -2.52615895e-01
  -4.41682571e-01 -6.91214542e-01 -6.36293192e-01  5.81979715e-01
  -3.97806403e-01 -6.06036112e-01 -3.88601591e-01  2.51223187e-01
   4.61314795e-01 -1.22422603e-01  4.86977463e-01  3.21050913e-01
   2.31139694e-01  5.11038643e-01  5.07665297e-01 -1.72478200e-01
  -1.88312935e-01  1.95350985e-01 -2.21763278e-03 -5.01838601e-01
   5.60899115e-01  2.80334975e-01 -2.11593401e-01 -2.78761230e-01
   7.78158585e-02  2.58494826e-01  3.51444097e-01 -7.52637008e-01
   1.80522765e-02 -3.79867536e-02  4.89528035e-01 -6.99298033e-01
  -5.34115631e-01  2.57482186e-01 -3.76159101e-02 -2.14143806e-01]
 [ 3.00330454e-01 -5.31146304e-01 -3.29653008e-01  4.85304168e-01
   4.23803885e-01  3.99494658e-01 -6.38923074e-01 -2.37617107e-01
   5.70288238e-01  6.07965133e-02 -6.02572340e-01  4.94679808e-02
  -3.80659360e-01 -5.10685246e-01 -3.59549240e-01 -3.05932951e-01
  -5.52865935e-01 -3.53473008e-01  5.69877208e-01 -3.18232861e-01
   2.71119337e-01 -3.20053889e-01  1.07879097e-01  4.55927307e-01
   4.17058902e-01 -4.95611127e-01 -6.64517902e-01  2.15425501e-01
  -1.60306617e-02  2.65906977e-01 -5.49412074e-01 -4.70085387e-01
  -1.76314558e-01 -4.12026573e-01  9.29957735e-02  4.87576302e-01
   1.69661098e-01 -5.35350159e-01  5.85930325e-01  1.41416626e-01
  -5.87213831e-01  5.99936288e-01 -5.59815619e-01 -5.90212531e-01
  -1.91027216e-01 -5.46668936e-01 -3.08294400e-01  4.14253608e-01
   1.45310126e-01  3.13149669e-01 -3.48407980e-01 -2.55000047e-01
   1.65204400e-01  6.75955369e-02  4.85819749e-01  4.57017826e-02
   2.09661306e-01 -1.12048096e-01 -3.05843521e-01  1.63811375e-01
   4.17470164e-01 -1.94457407e-01 -4.61926502e-01 -6.27029750e-02
   2.02665447e-01 -1.02077679e-01 -3.32698793e-01  4.05763158e-01
   4.36413411e-01  5.61526601e-01 -2.00403480e-01  3.80713863e-01
   4.77111939e-01 -3.37675790e-01 -1.55012616e-02 -5.91075174e-01
  -1.56149280e-01 -4.97419995e-01 -2.71324782e-01 -1.59121005e-01
  -3.80490233e-01 -2.35854748e-01 -1.51192517e-01  4.73943680e-01
  -5.74817547e-01  5.82678315e-01  5.51700429e-01 -2.27791602e-01
  -7.79152886e-02  4.39639610e-01  5.51322198e-01 -5.76581342e-01
   4.88171978e-02 -6.01024908e-01  5.04547900e-01  4.19625145e-01
  -6.07014120e-01  6.23122090e-01  1.44432636e-01  5.80668837e-01
  -4.13874518e-01  1.28409987e-01 -2.38203619e-01  6.55535380e-02
   9.98284328e-02 -1.73706623e-01 -2.96588036e-01  4.91114515e-01
  -6.71248599e-02  2.67117287e-01 -2.15206594e-01  3.20887637e-01
   1.73288727e-02  1.28074303e-01  4.11124557e-01  2.60888678e-01
  -9.03998055e-02 -4.45092080e-02 -3.49166576e-01 -2.87709406e-01
   2.22512076e-01 -6.47659060e-02  5.08598363e-01  5.96199421e-01
  -3.67721562e-01 -1.29637432e-01 -3.48473352e-01  1.75954915e-01
  -2.33545339e-01  9.79582545e-02 -2.41783048e-01  5.65741256e-01
   4.05776646e-01 -3.45612726e-01 -3.20085100e-01  5.97250891e-01
  -3.69037350e-01  3.75130598e-02  5.96822274e-01  3.50574923e-01
  -2.01116661e-01  3.92479420e-03  3.70939767e-01 -6.05354517e-01
  -4.19919746e-01 -2.54010735e-01 -1.97074205e-01 -2.33111131e-01
  -3.47943602e-02 -1.27575178e-01 -5.50260844e-01 -1.23648722e-01
   7.93889415e-02  1.92503807e-01  3.94113353e-01 -3.36138197e-01
   2.28898634e-01 -5.56105183e-01 -4.91001272e-01 -4.80984646e-01
   2.40606803e-02 -4.39338355e-01 -1.48760007e-01  1.03517275e-01
   3.14041639e-01  6.36626866e-01 -5.42252601e-01  6.58989775e-02
  -3.08595972e-01 -2.76607140e-01  9.33580492e-03 -1.73107549e-01
  -3.83535870e-02 -2.53024727e-01 -1.99082848e-01 -4.48853164e-01
  -1.71686047e-01 -3.21331878e-02  1.36368928e-01  4.70635449e-01
  -6.51311341e-01 -3.34335116e-01  6.85357299e-01 -5.89062533e-01
   3.01752231e-01  3.08435562e-01  6.15582592e-01  4.89395961e-01
   5.90962266e-01 -2.75661528e-01 -6.75844732e-01 -5.56967397e-02
  -5.49273873e-01 -6.29770855e-01 -5.93990510e-01  2.09821748e-01
  -3.25260344e-02  2.86202777e-01 -1.70780067e-01 -3.29016586e-01
  -5.11696757e-01 -1.59979548e-01  1.93365010e-01  4.44056346e-01
   4.35790237e-03 -6.86891520e-01 -3.16419748e-01 -4.15611259e-01
  -4.66941861e-01  4.86102897e-01  2.84021413e-01  9.17123724e-02
  -2.18526165e-01 -4.25756768e-01 -1.18671407e-01 -5.72727930e-01
  -1.83395361e-01 -4.60708313e-01  3.78283304e-01 -3.86618745e-01
   3.42224864e-01  4.39891560e-01  5.66835140e-01 -4.45244819e-01
   7.99352496e-02  5.66702010e-01  3.30927790e-01 -1.55242201e-01
  -3.64504703e-01  1.08324004e-01 -2.05465872e-01  1.92409589e-01
   5.57058151e-01 -4.61463919e-01  5.45087389e-01  2.67785207e-01
   3.72623412e-01 -4.38254050e-01  1.91852975e-01  2.94389143e-01
  -8.18851055e-02  5.18155689e-01 -3.42016036e-01  3.12839899e-01
  -4.81990006e-01 -3.25349978e-01  3.94189316e-01  3.18100944e-02
  -5.17856679e-01 -3.11598358e-02 -2.72719630e-01  6.10649283e-01
   1.96287721e-01 -5.12870730e-02 -7.17333565e-02 -1.46693930e-01
  -5.30223533e-01 -5.38114991e-01  5.82413044e-01  2.78441687e-02
   2.76822081e-01 -1.65612772e-01  3.37540484e-01 -4.44472637e-02
  -5.27195824e-01  2.50146948e-01  3.39845443e-01 -3.07768361e-01
  -5.07245428e-01  3.77682176e-01 -5.79699381e-01  2.10143211e-01
  -4.35983353e-01 -4.27034918e-01 -6.89463191e-01 -3.69186235e-01
   6.45875748e-01 -5.87042969e-01  1.72633733e-01  3.91723280e-01
  -3.84463562e-01 -3.90789177e-02 -2.74153589e-01 -4.67394176e-01
   2.12697083e-01  4.51671015e-01 -2.20431506e-02  2.10008314e-01
  -2.89177623e-02  5.01613417e-02  6.12879523e-01  4.10137982e-01
  -7.94724352e-02 -3.86184867e-01  1.82972058e-01 -1.07575038e-01
  -1.31708144e-01 -2.23878819e-01  2.99604218e-01  4.53229970e-02
   6.04747724e-01  3.86556547e-01 -2.92887479e-01  6.35731420e-01
   1.34960609e-01 -5.66282220e-01 -1.12550622e-01  3.07811953e-01
  -4.94839448e-01 -4.09433846e-01 -1.17007494e-01 -3.63066401e-01
  -5.83202799e-01  1.15453900e-01 -5.12442616e-01 -2.09934004e-01
  -3.87724895e-01 -3.99161884e-01 -5.09370057e-01  5.39296409e-01
   2.88272108e-01 -2.45606118e-01  5.40002591e-01 -7.10184837e-01
   3.20457829e-01 -1.40632664e-01  3.23433815e-01  5.07289851e-01
   1.20578729e-01 -6.07684001e-01 -1.67995212e-01 -3.06428409e-01
   5.27607373e-03  4.91629919e-01  3.32186921e-02 -6.01966041e-01
  -4.41749774e-01 -3.13532042e-01 -6.24810722e-01 -6.98129070e-01
  -5.42316088e-01 -8.55499535e-02  4.96043168e-01 -1.88548310e-01
   1.05033078e-01 -4.90175334e-01  7.48801520e-02 -4.23779182e-01
  -5.27933802e-01  2.54003414e-01 -2.96976859e-01  4.19874276e-01
  -5.52439683e-01  4.14174973e-01  5.50262789e-01 -4.89373754e-01
   5.10304730e-01 -1.30588207e-01 -1.42737188e-01 -4.51908566e-01
  -3.45016668e-01  1.10893140e-01 -2.49434844e-01 -6.07504489e-01
   2.96911322e-03 -6.08905533e-01  3.35652820e-01 -5.64646920e-01
  -6.11238101e-01  5.96479735e-01 -5.05967701e-01  3.77199504e-01
  -2.91980701e-02  6.44349171e-01 -1.22364948e-01 -3.61278422e-01
  -3.66013627e-01  1.01832130e-01  1.13177415e-01  5.87441245e-01
   2.01064391e-02 -1.90641273e-01  2.70806372e-02 -1.30710580e-01
  -3.80613566e-01 -4.22578798e-01 -6.07704792e-01  5.20994047e-01
   5.25801013e-01 -4.61268539e-01  2.20936295e-01  5.43995227e-01
  -3.31989856e-01 -1.85468786e-01 -5.71532909e-01  1.24918437e-01
  -4.90680037e-01  5.07501196e-01  2.53158591e-01  2.78134459e-01]
 [-7.92446210e-02 -2.60128259e-02 -6.80777962e-01 -7.55191256e-01
  -7.39010918e-02  5.06304031e-02 -6.83394065e-01 -4.52567671e-01
   2.97812514e-01 -7.53363809e-01  3.01716357e-02  5.53142190e-02
  -2.38168311e-01  9.52388306e-02 -4.81216738e-01 -6.62289917e-01
   2.28537974e-01 -7.29747014e-02 -3.17892023e-01  1.36925078e-01
   1.72701264e-01  3.58960133e-01 -3.80556827e-02 -2.74157986e-01
   2.49076148e-01 -4.99620839e-01  6.89287055e-02 -5.58395083e-01
   5.77832307e-01 -3.12089701e-02  3.30532668e-03  1.70419370e-01
   1.13280826e-01 -2.12254460e-01  9.40891801e-02 -6.17262089e-01
   3.03165227e-01 -6.78197994e-01 -1.85762609e-01 -3.24385318e-01
  -2.44266510e-01 -7.39791689e-01 -5.12939081e-01 -1.02673226e-01
  -2.38353435e-01 -7.24540445e-02  7.31780104e-02  3.07226461e-01
   2.33071426e-01  4.95773183e-02  2.87802725e-01 -5.30754272e-01
   3.67926785e-01  2.29820443e-01  2.87271433e-01  8.26862784e-02
   2.06813267e-01  2.05464078e-01 -3.23860462e-01  6.90493844e-02
  -3.32359855e-01 -3.96489807e-02 -1.52653161e-01  6.48816205e-01
  -2.74597710e-01 -3.84397962e-02 -5.87051770e-01  1.47340749e-01
  -7.01439571e-01 -7.00217419e-01 -5.40830186e-01  1.62903306e-01
  -6.21581565e-01  3.72331292e-01 -6.80110936e-01  6.65369685e-01
   3.05339351e-01 -5.37376302e-01  2.30320104e-01  3.31170872e-01
  -5.74815656e-01 -1.31439175e-01 -3.88498149e-01 -3.41242361e-01
  -3.95431552e-01  5.60809572e-01  5.51894403e-01 -4.37938302e-01
   2.24371556e-01 -2.61871276e-01 -6.02742660e-01  5.41557391e-01
   2.99810245e-01 -1.41579574e-01  1.29414642e-01  2.95275236e-01
  -1.52615729e-01 -4.72387694e-01 -4.40045961e-01 -4.84182870e-01
   1.93507492e-02 -4.62045308e-01  4.91416385e-01  3.59493489e-01
   2.10664990e-02 -3.30995383e-01 -1.23802449e-01 -7.94783779e-01
  -3.13525046e-01  2.68529286e-01  4.89674103e-03 -5.67778408e-01
  -1.03187913e-01 -1.65915556e-01 -4.68630412e-01  5.65420011e-01
   4.69620723e-01 -2.09596018e-01  5.71036797e-02  6.53592120e-01
   2.42311206e-01 -3.38421950e-02 -4.53894149e-01  5.62796420e-02
   9.18847693e-02  4.72693969e-01 -1.45355573e-01 -4.17790117e-01
  -4.64763060e-01 -3.59828901e-01  4.68770001e-01 -2.33511633e-01
   5.96462910e-01  5.03461287e-01 -5.11275707e-02  4.34885046e-01
   2.30652727e-02  5.08249269e-01 -9.16637516e-02  3.06740421e-01
  -3.68280928e-02  4.43936423e-01  2.32071662e-01  5.09110077e-01
   3.66157389e-01 -4.23013240e-01 -1.42648394e-01 -4.75727655e-01
  -4.19868472e-01 -4.83097946e-01  6.81111820e-01  2.58940899e-01
  -5.38150071e-01 -5.27507029e-01  2.77932856e-01  5.78278019e-01
  -5.54935955e-01 -1.78838450e-01 -3.15231102e-01 -2.82930026e-01
  -2.18005377e-01 -2.28139016e-01  2.87551743e-01 -1.20534553e-01
  -1.90872177e-01 -7.73387194e-01  1.72299304e-01 -5.46930307e-01
   6.76720007e-02 -5.10818416e-01  1.49643921e-01  1.37694332e-01
   4.28962524e-01  1.58038194e-01  3.01019494e-01  3.76928934e-01
   1.63791849e-01 -6.27850001e-01  1.28973495e-01 -1.75195554e-01
  -3.77375756e-01  5.17792210e-01 -6.33345804e-01  8.33189269e-02
  -7.12396599e-01 -2.55532762e-01 -8.66046296e-02  2.04043391e-04
  -7.80125768e-01 -1.78212678e-01  1.57603369e-01 -6.08871704e-01
  -1.66133488e-01  6.94080365e-01  2.50660675e-01  1.14414681e-01
  -2.95584990e-01  1.93841879e-01  6.08630532e-01  8.54661250e-02
   6.67318424e-01 -1.66839033e-03  1.34141406e-01 -2.04348880e-01
   1.08096440e-01  1.85865519e-01 -1.45727450e-01 -3.21725680e-01
  -2.20818083e-01 -3.50688244e-01  4.98539545e-01 -2.57365347e-01
   3.11765089e-01 -2.95799540e-01  5.85726273e-01  1.00632103e-01
   5.55042575e-01  3.35932513e-01 -4.55275790e-02  1.69753347e-01
  -9.36546287e-02 -5.71171597e-01 -7.79023120e-01  1.56484170e-01
   3.42454739e-01  3.47506800e-02  3.77489109e-01 -5.28957365e-01
  -3.54773269e-01 -2.06864384e-01 -5.35674135e-01 -4.84820075e-01
   5.43844151e-01  6.06698272e-01  4.06417520e-01  1.26521221e-01
   3.48345293e-01  4.85180100e-01  4.13640777e-01 -2.77861521e-01
  -4.85290217e-01 -5.02335758e-03 -6.84233193e-01 -6.50680127e-01
   2.93777568e-02 -3.50780133e-01 -6.85514682e-01 -1.30512390e-01
  -5.48977817e-01 -2.92331348e-01 -1.53580337e-01  1.62667802e-01
   3.38607855e-01 -3.04324102e-01 -6.33987923e-03  5.40248529e-01
  -3.36708702e-01 -6.22651533e-01  4.23308756e-01  4.23519052e-01
   6.37248234e-02 -4.10619867e-01  4.21361954e-01 -5.33982120e-01
  -2.79311669e-01  5.40785905e-01  5.62015059e-01 -5.54155887e-01
  -1.32353064e-01  6.03231031e-02 -4.69394652e-01  7.48129845e-02
   3.44878832e-02  5.59867160e-01  4.94891996e-01  6.94744107e-01
   1.67062661e-01  6.41441750e-01 -6.32593340e-01  2.93704061e-01
  -3.02136937e-02 -7.67229818e-01 -9.13466977e-02  1.52516006e-01
  -5.42046493e-01  5.91872447e-01  2.90195552e-01  1.06430259e-01
   6.14105810e-01 -5.83056219e-01 -5.34948783e-01  4.65196501e-01
  -1.05143288e-01  7.01809690e-01 -4.04139273e-01  5.59814661e-01
  -4.99320435e-01  2.49940288e-01 -1.29405045e-01 -4.62778436e-01
  -8.25066882e-01 -6.42901726e-01  2.50365420e-01 -1.22979013e-01
  -3.78859092e-01  2.64809700e-01  4.85442875e-01  4.38473252e-01
   3.82055865e-01  3.44464715e-01  3.61055659e-01 -6.51985885e-01
   2.58292091e-01 -4.74903861e-01 -5.94563748e-01 -1.51661333e-01
   6.09930179e-02  1.89913570e-02 -1.23338858e-01  4.37387560e-01
   1.57452303e-01  7.10083824e-01 -4.19132826e-01  2.30643423e-01
   4.06245132e-01 -6.92608771e-01  1.23283922e-01  5.16749345e-01
  -2.84111783e-01 -1.94949842e-01 -3.03824686e-01 -6.91395361e-02
  -2.18223771e-01 -3.06268423e-01  1.72335860e-01 -8.52508989e-02
   6.18833315e-01  5.31477727e-01  5.92983304e-01 -2.15476920e-01
   6.44963929e-01  9.29172468e-03 -5.00724798e-02 -4.66479777e-01
  -5.52774289e-01 -6.59426491e-02 -8.32777921e-02  1.20502382e-01
   4.24962304e-01 -6.14210559e-01 -6.08073658e-01 -6.42212637e-01
  -5.18592727e-01  1.09608227e-01 -1.94977890e-01  2.98109053e-01
   3.73152859e-01 -5.29002116e-01  3.54565419e-01 -5.47598286e-01
   2.02220785e-01 -1.34453697e-01 -1.85060560e-01 -4.56938011e-01
  -7.83693177e-03 -5.15286195e-01  4.55349453e-01 -4.47709952e-01
   5.87362351e-01 -1.83153774e-01 -1.87351551e-01  3.35261311e-01
  -1.95193057e-01 -6.42486722e-01 -3.65088828e-01  2.13116117e-01
  -4.71237546e-02  3.66874433e-01 -6.55580016e-01  8.17332787e-02
  -1.27323887e-01  6.15534375e-01 -6.96811456e-01  6.23429246e-01
  -5.81766669e-01  3.82663659e-01  9.24631506e-02  4.64686182e-01
  -6.39926116e-01  6.55161226e-01 -3.73646771e-01  1.52067527e-01
   2.10205080e-01 -5.35982483e-01 -7.26522020e-02 -6.86045896e-01
  -4.72409154e-01  2.79742136e-01 -2.73128531e-01 -1.77166879e-04]
 [ 2.17384796e-03 -2.10845775e-03 -3.25550734e-03 -1.42128784e-03
   1.70119738e-03 -2.43241259e-03 -1.43156261e-03 -4.59282074e-03
  -8.52760767e-04  3.42800555e-03 -1.23594252e-03 -2.26630115e-03
  -4.08028637e-03 -3.44320706e-05 -7.98544141e-04 -3.18542943e-03
  -2.09978673e-03 -1.60942401e-03  1.11401053e-03  7.99584489e-04
   3.73082683e-04  2.17131553e-03 -6.79032078e-03  2.92001312e-04
   3.20005806e-03 -2.01549974e-03 -1.80928548e-03 -5.84451702e-04
   3.08680300e-03  3.73927463e-04 -3.23356788e-03 -4.27214724e-03
  -4.30541880e-04 -8.36137729e-04 -2.00361479e-03 -5.65924737e-03
   7.60880397e-04 -1.71551918e-03  1.26789565e-03 -7.91851609e-03
   2.36435971e-04 -8.88054391e-04 -2.58408997e-04 -4.77060893e-03
  -3.26647729e-03 -6.02241260e-03  1.44727569e-03  2.74598643e-03
  -6.54506836e-04 -2.49899850e-03  7.57871455e-04  1.71019282e-03
  -5.42052195e-03  6.88555059e-03 -5.19841199e-04 -6.50871875e-03
  -6.18798443e-03 -2.45276358e-03 -3.50884270e-03  3.25993102e-03
  -5.98900794e-03 -1.19409219e-03 -1.35761325e-03  6.67473676e-04
  -1.45809189e-04  2.59314450e-04  8.02197918e-04 -9.13815762e-04
  -1.98928155e-03 -8.08306389e-04 -3.29669553e-03  1.39371840e-04
   3.66301427e-04 -6.43119632e-03  4.28861633e-03 -9.73105163e-04
  -1.79180716e-03 -3.25621269e-03 -3.08857748e-04 -4.08231649e-03
  -3.93695832e-03 -1.33189396e-03  9.07148926e-05  2.80628449e-04
  -2.75957014e-03  1.70885724e-03 -1.31701095e-03 -4.65041728e-03
   2.27967829e-03  7.26386034e-04 -3.21117643e-03 -1.10916548e-03
   5.77940923e-03 -2.18237916e-03 -6.64573880e-04 -3.27393819e-03
  -4.53010453e-03  5.24814205e-03 -4.64076013e-03  8.03328826e-04
  -1.89831664e-03  3.48390784e-04  7.73289418e-04 -3.98641415e-03
  -3.09220412e-03  4.11186785e-04  9.32193060e-04 -5.84320307e-03
  -4.41708276e-03 -5.31306899e-03 -6.83507364e-03 -3.54039145e-03
  -2.52991588e-03 -2.98845390e-03  6.06167121e-03  2.28458587e-04
  -4.67334860e-04  6.53737396e-03 -7.86622053e-03 -5.91179465e-04
  -6.77926054e-05  7.10783803e-03  1.82216401e-03 -1.24089334e-04
  -4.22866682e-03 -6.65352919e-05 -3.37383370e-03  1.46097736e-03
  -2.32263441e-03 -7.32522838e-03 -3.57405879e-03 -6.53243513e-03
   3.45680935e-03 -1.33920107e-03 -4.63723505e-03 -3.66547961e-04
  -2.95255191e-04 -3.73408178e-03 -3.46356052e-03 -7.15850180e-04
  -1.30611825e-03 -8.34920045e-04  2.14563869e-03  2.69769260e-04
   1.14103586e-04 -2.40906684e-03  6.32329968e-04  3.95436382e-04
  -1.55203539e-04  2.82982660e-03 -4.40230496e-04  1.19369780e-03
  -7.37282843e-03 -1.19648862e-04  2.78592913e-03  1.59452280e-04
  -8.39493876e-04 -1.94937701e-03 -2.18350094e-03 -3.01504319e-03
   3.92425811e-04 -5.87626674e-03 -2.58732169e-03  3.04764902e-03
  -7.51746333e-03 -5.27259681e-04 -3.33671240e-04 -2.13607022e-03
  -1.54561737e-03  2.01334079e-03 -5.29862556e-03  2.35685076e-03
   1.22680369e-03  1.28644334e-03  6.14309616e-03 -5.40220983e-04
  -5.84248260e-03 -1.09772097e-03 -7.60511918e-04  6.69370226e-03
  -2.07067590e-03 -3.72587881e-03 -4.17879639e-05 -2.20990567e-03
  -3.23720990e-04 -1.59939716e-04  3.22764742e-03  3.49467394e-04
  -1.30627137e-03 -2.33752501e-04  3.63164476e-03  9.03931192e-04
  -5.13099629e-03  4.10265431e-03 -2.95502766e-03  5.66444419e-04
   1.57403863e-03  1.60845284e-03 -1.93460059e-03  2.47865370e-03
  -3.59422691e-03  3.32293078e-04  8.29585199e-04 -8.46851806e-04
  -6.39493433e-04 -3.10153671e-03 -7.45498597e-03 -4.10033896e-03
   5.67824522e-04  1.64704311e-03  9.24756228e-04 -9.49961615e-04
   5.05206817e-03 -3.05615780e-03  4.32371599e-03 -3.83123426e-03
  -3.49391020e-05  1.01313020e-03  1.77218826e-03 -8.68652882e-05
   6.18618765e-03 -5.62591718e-04 -7.94483847e-04 -6.39905603e-03
  -2.73640505e-03 -2.66450878e-04 -1.75151445e-03  8.76249130e-04
  -3.52634146e-03 -6.14552834e-03  2.58412329e-03 -1.91113001e-03
   3.22428958e-03  1.89141792e-03  2.49222451e-03 -4.66497354e-04
  -1.13735072e-04  2.69686078e-03 -5.95145094e-05 -3.05865707e-03
   1.96013025e-04 -2.17054372e-03 -4.13856143e-03 -2.71366028e-03
   8.51858701e-04 -7.03913582e-05 -2.44952516e-03 -1.42907786e-03
  -3.23002453e-03  1.21712415e-03  8.71811108e-04  2.62063723e-03
  -9.58639757e-04 -2.17922416e-03 -3.18927574e-03 -5.35552825e-03
  -4.11680002e-03 -1.87668949e-03  4.76125777e-04  8.54997525e-04
  -1.18901359e-03 -6.22761458e-03 -3.41647001e-03  1.81393628e-03
  -8.19456745e-04 -3.16465924e-03 -1.75984006e-03 -1.24433602e-03
   2.18252744e-03  5.95562750e-04 -3.26003835e-03  5.51918260e-03
  -4.51200065e-04  4.95097296e-04 -1.85001295e-03  2.45972141e-03
   3.01769740e-03 -1.07260132e-04  4.68559542e-03  2.04755511e-04
   2.00410260e-03 -7.10863185e-04 -5.91081233e-04 -3.32871408e-03
  -5.52920862e-04 -1.61830316e-03 -7.55018780e-03 -5.16584787e-04
   1.98754502e-03 -3.79781485e-04  3.78576294e-03  4.37755444e-04
  -6.75910956e-03  4.10321752e-03 -6.10008984e-04 -9.28546592e-04
  -5.33178363e-05 -4.80019428e-03 -3.41758929e-03  5.92320032e-04
   2.02193234e-04  2.11231971e-03  5.26823823e-04 -1.65970213e-03
   1.46653135e-03 -3.29270996e-04 -1.21549470e-03  1.37674800e-03
   6.35744511e-04  3.33472867e-03  4.91931082e-03 -2.28616895e-03
  -2.85161870e-04  2.19311238e-04 -9.09904715e-04 -3.79286060e-03
  -6.55150502e-04 -3.44287835e-03  3.69665116e-04  2.17715889e-03
   9.85493850e-04  3.97428705e-03 -1.11682010e-03 -4.72483065e-03
  -4.42702110e-03 -3.78225235e-03  2.30112911e-03  1.97046847e-03
  -2.74245722e-04 -1.49565358e-03  1.37858104e-03  6.53296394e-04
  -3.09726672e-03 -2.42352669e-04  4.01884790e-03 -1.21885250e-04
  -2.19293266e-03  6.61950895e-03 -1.01350239e-03  7.42722668e-04
   5.38685312e-03  6.93371588e-03  1.76154529e-03 -1.38853211e-03
  -1.59671620e-03  1.24288734e-03  5.43866681e-03 -8.26416507e-04
   1.75350995e-04  1.16832161e-03  3.83358506e-04 -5.56975307e-03
  -2.18596433e-03  7.19814738e-04  3.73218891e-03  4.69715810e-03
   4.40762246e-03 -3.18415082e-04  2.06804854e-03 -3.63345572e-04
  -5.06193531e-03  2.58112845e-03  3.58133511e-04 -1.50684547e-03
   3.52440820e-03  5.86525083e-04 -5.48864868e-04 -1.24595343e-03
  -8.07301099e-04  3.12288287e-03 -3.14505844e-03  2.84665332e-03
  -1.85610817e-03  1.36653851e-03 -2.12999656e-03  2.53338142e-04
  -6.90547912e-03  7.13509134e-04 -1.81702086e-04  2.51061777e-03
  -3.56158912e-03 -6.56198711e-03 -4.52325663e-03  2.90615883e-03
  -1.66421849e-03 -3.99917107e-05 -1.02647862e-03  4.25904498e-04
  -5.83035779e-04  1.06413462e-04 -1.45408786e-03  8.85818106e-04
  -1.35338081e-03  8.46305524e-04  1.93331980e-04  2.52221329e-03
   1.66367674e-03  1.10830418e-03 -1.01496438e-03  1.14550551e-03]]