[[ 3.84709653e-01 -1.54919989e-01  8.21611520e-01  3.98718782e-01
   8.54030161e-01  7.28165831e-02  8.44708990e-01 -3.26624206e-01
   3.26348422e-01 -5.67474370e-02 -2.97547577e-02  3.52569122e-01
   5.17634279e-01 -8.61058253e-01  2.52192071e-01  6.74409496e-01
  -9.73559297e-01 -3.40863339e-01  8.72392822e-01 -9.30833073e-01
   3.95927635e-01  8.40662040e-01 -5.10290430e-01 -5.14956172e-01
   6.44018230e-01  9.29918626e-02 -4.54319977e-01 -2.69046552e-02
   2.62584450e-01 -7.55115319e-01  8.87225526e-01  8.37911050e-01
   5.32818013e-01  4.82816167e-01  3.49200990e-01 -3.74497701e-01
  -9.90139223e-02 -5.58069093e-01 -6.99498214e-02  9.17480864e-01
  -1.01257370e-01  7.23156383e-01  7.51850495e-01 -4.74363568e-01
   3.07570489e-01 -7.98922303e-01 -3.74891328e-01  8.12860527e-02
  -5.58085299e-01 -3.74567753e-01 -4.21733631e-01 -5.86484276e-02
   9.25033509e-01 -7.85527446e-01 -3.82437359e-01 -8.25586034e-01
   1.57981838e-01 -9.97742997e-03  4.99985148e-01 -2.51407552e-01
   2.57914810e-01 -6.20125868e-02  9.73782169e-01  6.80645567e-01
  -3.31929432e-01  1.01736787e-02 -7.85058482e-01  4.10937994e-01
  -9.46315783e-01 -7.92188635e-01 -6.06507524e-01  5.56666995e-01
   3.33107713e-02  8.77023314e-01  5.26976964e-01 -3.41783731e-01
   3.73462763e-01 -1.08884223e-01  2.89853927e-01  6.01042640e-01
   5.65226186e-01  9.20107383e-02  1.47387377e-01 -7.45941254e-01
  -9.57213120e-01  3.59859579e-01  1.14850525e-01  6.75305365e-01
   9.43842289e-01 -3.05971887e-01  9.64467807e-01  5.74081441e-01
   3.38532807e-01  9.54386851e-01 -6.58363977e-01 -3.13121783e-01
   6.23943262e-01  6.16353444e-01 -7.11310505e-01 -3.55131027e-01
  -9.00521194e-01  2.26654933e-02 -8.40889329e-01 -7.13932950e-01
   6.00375201e-01 -8.36918840e-02  8.29591349e-01 -2.37706390e-01
   3.41633235e-01 -3.67961303e-01  6.90199196e-02 -1.16867119e-01
  -7.11301996e-01  1.80989366e-01 -4.13150160e-01  1.19396664e-01
  -4.13455191e-01  9.78688294e-01 -3.99978939e-01  7.31208109e-01
  -6.52246547e-01 -9.95570112e-01  1.69281942e-01 -4.54689883e-02
   1.97740146e-01  1.44706752e-01  8.04065212e-01  8.13438485e-01
  -7.73597644e-01 -9.09761312e-01 -6.77521647e-01  1.39700064e-01
   7.21853397e-01  4.62491103e-01  7.32803190e-02  2.09341679e-01
  -4.22361581e-01  7.63478797e-01  8.75232574e-01  7.82072387e-01
   8.00493800e-01  5.12669683e-01 -5.89932770e-01 -1.14020815e-01
   7.85213787e-01 -9.23376301e-01 -7.59397477e-01 -7.80042907e-01
  -7.87507718e-01 -2.28679752e-01 -1.73211293e-01 -8.93630844e-01
   6.15020135e-01  4.46403320e-01  2.99248816e-01  9.27767166e-01
   4.72278816e-01 -2.73704563e-01 -7.77589039e-01  3.36473495e-01
  -4.55506393e-01  5.99157849e-01  9.34989439e-01  3.05746260e-01
  -9.84336678e-01  4.30852430e-01  1.74730258e-01  8.06986100e-01
   4.15413610e-01 -2.01219614e-01  9.42244791e-01  3.01732928e-01
  -6.13310182e-01  4.16304809e-01 -3.17829782e-01 -9.56701163e-01
   9.57495973e-01 -7.69811669e-01  6.24624600e-01  9.61718839e-01
   5.50524242e-01  5.56388235e-01 -1.63105963e-01  3.30274423e-01
   9.43711332e-01  4.98349166e-03 -4.24795064e-02  8.90022138e-01
  -5.96928594e-01 -3.85111013e-01  7.70057312e-01 -9.10447299e-01
  -8.31618987e-01  4.99069466e-02 -7.30946226e-01  6.54978418e-01
  -5.80080810e-01 -6.98984754e-02  7.85035848e-01 -9.17827610e-01
   4.42311801e-01  8.70427493e-01 -9.66427401e-01  4.26375769e-01
  -9.23864014e-01 -8.54546045e-01 -6.00067563e-02 -8.88420011e-01
  -6.45132404e-01  5.03371031e-01 -5.39840046e-01  6.67427666e-01
  -5.19261368e-02 -3.92188792e-01  5.84710786e-01 -6.06211743e-01
   3.81108727e-01  4.49471881e-01 -7.39755384e-01  6.49649258e-02
   3.27023098e-01  1.39117033e-01  8.20498500e-01 -9.18313524e-01
   7.12413034e-01 -3.06333606e-01 -2.55223837e-01 -5.04159287e-01
   6.98092477e-01 -1.49979308e-01 -9.40671150e-02  7.19964277e-01
  -1.27907308e-01  7.86824839e-01 -5.38043578e-02  6.97880035e-02
   7.63583343e-01  1.12265859e-01  4.20704974e-01  1.28537072e-01
   4.43715366e-01 -7.19583475e-01 -7.23032703e-01 -9.54859637e-01
  -1.48380181e-01  7.43408261e-01 -2.08046642e-01 -8.85982228e-01
   8.86128174e-02 -4.49880640e-01 -7.44278308e-01  4.43340247e-01
  -5.34079184e-01  1.07495324e-01  3.88076830e-02 -3.63784511e-01
  -9.78841881e-01 -7.07780182e-01  3.46183618e-01  6.83452727e-01
  -6.99810783e-01  6.15452519e-01 -9.53223810e-01  7.54062266e-01
  -3.51516053e-01 -1.37664128e-01 -3.30270981e-01  6.34843138e-01
  -5.97602835e-01  5.30826057e-01 -2.68809079e-01  2.53153087e-01
  -2.06562368e-01 -9.92493488e-01 -8.09268184e-01  4.55031994e-01
   4.36901713e-01 -6.73648294e-01 -5.55599461e-01 -8.52697954e-01
  -7.61040947e-01  2.11107007e-01 -7.58977859e-01  4.21398394e-01
   1.47881504e-01  3.52312851e-01 -8.93177600e-01  2.47778024e-01
  -1.59912216e-01  3.95924824e-01 -6.68453247e-01 -6.91417596e-01
   2.10033644e-01 -2.42766873e-01  7.07990560e-01  6.64948161e-01
  -5.19475407e-01 -9.93886036e-01 -3.01425524e-01  1.32232710e-01
   1.13618410e-01 -6.74727415e-02  7.72413938e-01  8.92876327e-01
  -1.20847566e-01  5.61332744e-01  5.32596257e-01 -3.11124492e-01
   5.15861495e-01 -8.75361898e-01 -7.42842273e-01  8.83653793e-02
  -3.81226237e-01 -7.02699473e-01  2.17444627e-01  2.22167959e-01
  -9.04854445e-01  3.88462191e-01  8.49099257e-01  5.57991740e-01
   4.72635985e-01  7.72918463e-01  3.27195258e-01 -1.44446960e-01
  -2.46937326e-01  5.85344619e-01  5.53010267e-02 -9.16225859e-01
   5.07787495e-01 -9.42723484e-01 -7.24534828e-01  9.92122453e-01
  -3.83972593e-01  3.70292025e-01  4.27605394e-01 -6.63753715e-01
   9.69021901e-01  6.64136325e-02 -6.08248974e-01 -4.28174595e-01
  -2.27628789e-01 -9.91856891e-01 -3.27931318e-01  8.37474887e-01
   2.06585864e-01 -1.68502317e-01 -5.03274588e-01  3.12188172e-01
  -8.74442470e-01  8.24494421e-01  1.05122412e-01 -5.19511182e-01
  -3.67125144e-01  7.68471521e-01  1.05776672e-01  2.26925765e-02
   9.10844753e-01  9.10347347e-01 -6.71682242e-01 -5.68068727e-01
  -6.08474211e-01 -4.62585368e-01  7.63538510e-01  2.15485357e-01
   6.94270247e-01  4.00217276e-02  9.08998052e-01  6.19860163e-01
  -9.88789641e-01  3.31372519e-01  7.50178130e-01 -4.11300616e-01
   1.14743815e-01 -3.15101866e-01 -9.01280591e-01 -1.29410568e-01
   1.15433108e-01  5.44383595e-02  2.88706508e-03  6.55588173e-01
   4.21167038e-01  5.03471450e-01  8.82123127e-01 -1.50575950e-01
  -3.00635033e-01 -9.58163291e-01  2.83471055e-01  5.47187998e-01
   9.41608745e-01 -4.09664642e-01 -2.04979840e-01  6.86501457e-01
   7.96855548e-01  4.52459670e-01  5.74191517e-02  2.79033509e-01
   7.60104159e-01  1.38133773e-01 -6.94170243e-01  2.81279473e-01]
 [-1.01217530e-01  8.00760205e-01 -2.45316248e-01 -2.75825346e-01
  -8.15259379e-03  6.89535952e-01  6.13760655e-01  9.69180940e-01
  -3.63917097e-01  4.05282968e-01 -8.13726736e-01  5.86746326e-01
   7.84409689e-01 -2.34751886e-01  9.08155376e-01 -6.04042448e-01
  -3.54839478e-01  6.44161048e-01 -8.02118151e-01 -2.63654699e-01
   7.84450651e-01  6.77400838e-01 -8.51380819e-01  5.14272466e-01
  -6.66248628e-02 -9.46345851e-02  3.01596781e-01 -8.31054140e-01
  -5.62077851e-01  6.09961459e-01  3.98314610e-01 -5.51968586e-01
   9.04299693e-01  9.20926424e-01  7.73534708e-01  2.05688829e-01
  -5.30982739e-01  1.16145376e-01  3.05888488e-01 -6.58171106e-01
  -4.26671757e-01  4.59203342e-01 -5.22080823e-01  4.67880955e-01
   4.06735170e-01  7.70919202e-01 -5.31232732e-01 -3.60733103e-01
  -5.98473409e-01  9.26287866e-01 -6.85979495e-01  5.90591501e-01
  -7.38423497e-01 -9.47061042e-01  4.02348432e-01 -4.65105589e-01
  -6.35481359e-01 -2.73943957e-01  4.08034373e-01 -4.09042951e-01
  -3.38321698e-01  2.58627478e-01  7.31031636e-01  7.92375406e-02
  -9.70763697e-01  7.05557699e-01  2.70466792e-01  6.70820789e-02
   6.02535585e-01 -2.14560189e-03  6.87547724e-01 -5.82554712e-01
   7.38182336e-01  9.36423380e-01  4.12245111e-01 -3.77513326e-01
  -5.35547912e-01  4.46757711e-01  7.98644308e-01  3.43104175e-01
   4.59747715e-01  3.76899206e-01  3.31850858e-01  6.06821046e-01
   3.43006023e-01  1.92301470e-01  4.99846372e-01 -4.86755851e-01
  -9.38397705e-01 -6.11123716e-01 -5.78546411e-01  9.28892762e-01
  -8.64287582e-01  1.11660457e-01 -2.81686378e-01  2.16158831e-01
   9.41967225e-01 -3.15596522e-01 -9.39259287e-01  8.38727218e-01
   9.79938622e-01 -2.67063927e-01  6.13091260e-02  1.62392938e-02
   9.11077379e-01  2.81940088e-01 -7.90442803e-02 -4.14999276e-02
  -1.86852180e-02  2.97545624e-01 -1.88938476e-01  2.41743740e-01
  -2.88404549e-01  3.31447934e-01 -1.21700212e-01 -3.70148541e-01
  -7.29162543e-01 -6.89059410e-01  5.16484988e-01  5.63418002e-01
   2.72639095e-01  1.36512195e-01  3.94698365e-01 -3.83294919e-01
  -2.24165198e-01  4.79528578e-02  4.15874151e-01 -7.72312262e-01
   3.49429506e-01  5.98993759e-01 -2.54134119e-01  4.67019984e-01
  -2.79578294e-01  6.04044033e-01  2.54757782e-01 -1.02711324e-01
   2.87943733e-02 -8.52770791e-01  1.23175329e-01 -5.59997881e-01
   1.84715956e-01  8.44620868e-01 -3.78728295e-01 -9.42657389e-01
   9.50289875e-01  4.75857326e-01 -2.61665803e-01 -2.07563422e-01
   1.97474082e-01 -8.40473242e-01  6.40476355e-01 -1.57017743e-01
  -7.05303349e-01 -1.56924753e-01  8.42221820e-01 -8.26181656e-01
  -3.64261257e-01 -1.40735589e-01  1.32545364e-01 -8.57010868e-01
   5.08118023e-01 -4.12854025e-01 -6.03685032e-01  4.01151585e-01
  -4.54690209e-01  1.24131543e-01  3.01074297e-01  2.06156096e-01
   2.37003918e-01  4.59703726e-01 -6.92172560e-01  2.74272332e-02
  -4.72482447e-01 -8.73628454e-01 -5.59062434e-02  2.75377488e-01
  -5.80726457e-01 -7.89436421e-01  3.63097733e-01  4.88418871e-01
  -6.79412914e-01  6.24095679e-01  4.79767406e-01 -1.22214198e-01
  -9.02673023e-01 -3.93178905e-01  3.08562647e-01 -4.21493880e-01
  -9.10731197e-01 -1.02828647e-01  8.80269173e-01  4.84151489e-01
   5.21915804e-01  4.50644228e-01 -6.58282523e-02  7.15173447e-02
   5.81379361e-01 -6.15159656e-01  1.86107236e-02  2.32566457e-02
  -8.51056206e-01 -8.40573607e-01  9.22318327e-01  8.83250026e-02
   9.33950035e-02 -4.55316125e-01  9.28562576e-01  9.77907196e-01
   1.81104678e-01  4.20841139e-01 -4.19203173e-01  9.79688230e-01
   3.93348884e-01  2.58266897e-01 -1.39753438e-01  4.92514467e-01
   7.54944818e-01 -8.98780612e-01 -5.43556100e-01  5.68772659e-01
  -7.97049990e-01 -6.47068853e-01  1.91241759e-01 -6.16547811e-01
   4.79557223e-01 -7.86902691e-01  5.29225319e-01 -5.30053646e-01
   8.99178015e-01  7.83441282e-01 -3.88891206e-01 -9.11722141e-01
   5.65236395e-01  2.38838049e-02 -3.95605691e-01  4.85058608e-01
  -2.30214532e-01 -5.29484152e-02  7.91023994e-01 -5.73778823e-01
   6.37356432e-01  2.70745717e-01  8.17670115e-02  1.31030292e-01
   1.99771942e-01  8.15762612e-01 -4.25171747e-01 -3.38582299e-01
  -2.51739945e-01  2.53102473e-01 -8.57369251e-02 -1.53646537e-01
  -5.44256025e-01  3.24709080e-01  8.38321604e-01 -8.82562073e-02
   5.40978006e-01 -4.18977656e-01  4.34598578e-01 -8.16619297e-01
  -1.88687572e-01  5.72618161e-01 -9.00248078e-01 -2.64954927e-01
  -3.74795181e-01 -9.51550042e-01 -4.48324878e-01 -3.14170818e-01
  -9.75632396e-01 -7.92767862e-01  2.91898718e-01  3.93481487e-01
   1.61549284e-01 -1.40359846e-01 -8.82882579e-01  3.65548965e-01
   7.19205243e-01  1.31324410e-01 -7.80732089e-01 -2.10069832e-01
   2.30949839e-01 -4.66037043e-01  1.53989567e-01  9.71655676e-01
  -5.35480829e-01  1.08980850e-01  8.49612985e-01  5.32116898e-01
   8.02488824e-01 -3.10903112e-01  4.36737360e-01  6.98568444e-01
   8.13806948e-01  5.70334875e-02 -8.91960372e-01 -6.60411274e-01
   5.29887618e-01  3.84390629e-01  4.76348472e-01 -7.36659905e-02
  -6.44780406e-01 -4.33573466e-01 -6.67782711e-01 -6.29289638e-01
  -4.18718739e-01  5.64491983e-01 -6.53685946e-01  7.17539354e-01
  -2.94009085e-01  2.72555921e-01  8.50800308e-01  8.58604976e-02
  -7.66005372e-01  9.27600373e-01  1.77365904e-01 -7.58541977e-01
  -9.05801502e-01  4.51023960e-01  1.49523807e-01 -6.32796581e-01
   4.70812273e-01  7.68108607e-01 -6.90483933e-01 -2.13465427e-01
   3.79524472e-01  3.07977128e-01  9.11677770e-01 -2.53522173e-01
   1.09497434e-01 -7.34891578e-01  4.43916898e-01  3.92326109e-02
   8.87229854e-01  8.98619364e-01 -7.07286733e-01  9.85580540e-01
  -2.32622988e-01 -7.52665740e-01  6.58261797e-01 -3.98639441e-01
  -2.66711949e-01 -7.36033933e-01 -9.64014465e-01  9.42411527e-01
   9.50053573e-01  4.57267250e-01  2.50537007e-01 -3.82253552e-01
  -7.77252801e-01  7.25594099e-01 -4.18912932e-01  6.48813486e-01
  -4.21134986e-02  9.83215236e-01 -7.56501276e-01  5.18760195e-01
  -3.30809712e-01 -5.96557464e-01 -3.18389409e-01  6.63413369e-01
  -6.46328716e-01  4.51084561e-02 -7.48756442e-01  8.65689990e-01
  -4.93198007e-01 -6.03490670e-01  2.31838374e-01  8.95505197e-01
  -7.75823206e-01 -1.41204430e-01  2.29671291e-02 -3.20870940e-02
   2.62812300e-01 -2.53137990e-01 -2.53412316e-01 -4.46502031e-01
  -3.34353847e-01 -6.76079175e-01 -5.61660132e-01  1.98670252e-02
  -8.83485720e-01 -2.73168855e-02 -7.72534505e-01 -4.69967227e-01
  -9.39996180e-01 -9.04350791e-01 -6.26499350e-01  7.21423023e-01
   5.46034470e-01 -3.97274225e-01  9.58617931e-01 -7.51566293e-01
   8.63048009e-01  9.15956644e-01 -8.20267088e-01 -3.45214767e-01
   1.81237830e-01  1.77782249e-01  7.44929820e-01  7.10200336e-01]
 [-5.01189688e-01 -9.14146920e-01 -1.96057990e-01 -2.23594698e-01
   8.48288881e-01 -7.56535224e-01  1.91383737e-01 -5.12990346e-01
   3.20497525e-01 -5.22930123e-01  2.74625206e-01 -9.21711737e-01
   1.72508748e-01 -6.78985438e-01  4.75714465e-02 -7.18175088e-01
   9.64848324e-01 -1.04811918e-01  8.80254910e-01 -1.83496168e-01
   7.24528244e-01  7.71179428e-02  2.07245198e-01 -3.03713761e-01
   3.41195538e-01  3.42369345e-01 -3.31606569e-01 -7.05231200e-01
   6.68105784e-01  4.54345573e-01 -8.43083839e-01 -7.63276094e-02
  -4.83487980e-02  9.26889079e-01  2.06161689e-01  1.78182314e-03
  -5.51441244e-01 -2.84287635e-02 -7.86699697e-02  7.65094054e-01
   1.14484280e-01 -5.42681176e-01  4.33290152e-01 -1.84376650e-01
  -4.87976534e-01 -2.84412557e-01  5.41656275e-01 -3.04974863e-01
   6.05901229e-01 -5.59932724e-01  5.67207238e-01 -9.56351616e-01
   6.02148526e-01 -7.60874949e-01 -5.81466416e-01 -3.91902970e-01
  -4.58311426e-01 -2.25085865e-01  9.93641578e-01 -9.37305528e-01
   2.76072354e-02  3.85269467e-01 -9.08456136e-01  7.52611647e-01
  -8.82450775e-01  5.46820044e-01  1.55526311e-01 -9.51951196e-01
  -3.21038498e-01  7.32594902e-01 -1.89690794e-02 -8.92642186e-01
   4.20706030e-01  3.12412040e-01 -6.34513458e-01  5.15633338e-01
  -8.58760598e-02  6.22951361e-01  4.55759388e-01 -8.35744442e-01
  -2.82875401e-01  2.94987991e-01 -7.99704589e-01  8.74067069e-02
   1.21240580e-02 -5.53035166e-01  9.95936975e-02  1.06896369e-01
   7.39999679e-01 -9.01932364e-02  6.85668241e-01  3.42817833e-01
  -7.28024743e-01 -4.45452780e-01 -1.44489570e-01  9.21351483e-01
  -8.70058586e-03 -7.83890556e-01  8.04779373e-01 -8.18668962e-01
   3.82053445e-02  7.41251053e-01  6.96593653e-01  9.27344639e-01
  -8.13272827e-01 -5.72066275e-01  8.21054647e-03  2.53729608e-01
  -4.27740828e-01  5.05659723e-01 -4.72326133e-01  5.50631248e-01
  -8.93376683e-01 -9.78037333e-01 -9.79342434e-01  6.04528096e-01
  -3.78777770e-02 -8.31965311e-01 -5.85172467e-01 -9.29921720e-01
   6.98189944e-01 -5.98524348e-01  8.14050086e-01 -9.26509758e-01
  -9.83913455e-01 -3.78630427e-01  4.41910321e-01 -6.64642311e-01
   9.22773292e-02 -2.36555458e-01 -8.42567931e-01  4.98334155e-01
   1.86220133e-01 -9.50592651e-01  4.95741148e-01  6.69387474e-01
   7.53661849e-01 -5.10659029e-01  2.21200307e-01  8.98690005e-01
  -9.82981536e-01  2.58231777e-01 -5.25199472e-01 -6.07630229e-02
  -9.57195228e-01 -7.25591460e-01 -6.58541938e-01 -9.12140738e-01
   7.66571846e-01  6.30845399e-01 -7.25558020e-01  3.51338547e-02
  -4.91153977e-01  1.52696088e-01  8.57180403e-01 -8.44474713e-02
  -8.11136611e-01  6.30438256e-01  7.23078709e-01  7.67985179e-01
   5.52968060e-01  4.27838337e-01  6.24479287e-01  7.22407617e-01
  -4.55489106e-01 -6.13063817e-01 -8.70263027e-01 -5.38261468e-01
  -3.76690047e-01 -4.52045814e-01  2.27280320e-01  6.43634228e-01
   3.73882794e-01 -9.97168291e-01  6.37691225e-01  5.21358346e-01
   5.22614082e-01 -5.62214356e-01 -5.98649558e-02  9.33414092e-01
  -8.34042344e-01 -9.04168885e-02  5.88318306e-01 -2.00663114e-01
  -5.97196513e-02 -4.71575289e-01  8.97855575e-01 -5.21388261e-01
   2.05979377e-01  2.22063462e-01  3.10206247e-01  7.71273109e-01
   4.51648799e-01 -1.28106790e-01  4.00185235e-01  6.59297630e-01
   7.02571697e-01 -5.85347377e-01 -3.61977617e-02  7.70811731e-01
   4.05563008e-01  2.36076244e-01 -7.21797971e-01 -3.33500077e-01
  -5.83844702e-01 -6.44453106e-01 -4.54312235e-01  5.91854171e-01
   8.68511769e-01  7.57668844e-01 -9.22428466e-01  7.82975684e-02
  -5.57993270e-01  4.58830322e-01 -3.23037714e-01 -9.66833052e-01
  -4.22154786e-01 -1.58602728e-01  7.47567885e-01 -7.71973344e-01
  -7.53444618e-01  2.85896841e-01  6.21935132e-01  2.09488152e-01
   6.00764483e-01 -5.91125910e-01 -8.39124482e-01 -4.37586779e-01
   6.03474737e-01  8.46946692e-02 -7.88681063e-01  3.85891093e-01
  -7.37194824e-01 -4.98701038e-01 -2.85523166e-01 -6.02171001e-01
   6.12477388e-01 -8.10507691e-01  2.87501717e-02 -7.45458300e-01
  -4.41338331e-01  2.92884976e-01 -8.24295899e-01 -9.85309444e-01
  -6.51196391e-01  1.75105247e-01 -1.81259001e-01  4.83633215e-01
  -9.77930582e-01  2.08349164e-02  3.81128720e-01 -4.50555969e-02
  -2.07820074e-01  8.28175918e-01 -2.25380735e-01 -2.11234826e-01
   6.07071358e-01  1.13227361e-01  7.42633359e-01 -6.39798682e-01
  -5.21833885e-01  2.19278618e-01  6.73864361e-01  6.64627093e-01
  -8.76795241e-01  8.10120325e-01 -8.52040429e-01  9.60628434e-01
  -8.50580523e-01 -7.86742388e-02 -3.25323360e-01 -7.99644523e-01
   7.14961180e-01  3.84820561e-01  6.42663847e-01 -1.67276973e-02
   8.49299945e-01 -8.47724358e-01  9.34280027e-01 -3.00623245e-02
  -2.77612681e-01  3.36781748e-01 -1.78024131e-01 -9.54255003e-01
   5.84858076e-01 -7.37200549e-02 -8.87494621e-01  2.59877464e-01
   2.12170737e-01 -3.72463785e-01  7.61377138e-01  1.08497637e-01
  -6.25115807e-01 -3.32976147e-01 -3.84702340e-01  5.19607489e-02
  -5.36485475e-01 -3.80824089e-01 -1.36946391e-01  3.86031388e-01
  -8.05825308e-01 -4.82216003e-01 -6.47991670e-01  5.26005890e-01
  -2.80631609e-02 -4.97285121e-01 -1.29986683e-02 -5.07976737e-01
  -5.71789138e-01  8.43552068e-01 -4.92966857e-01 -6.77022549e-01
   9.21672900e-01  8.01351835e-01 -3.65048250e-01  4.20938318e-01
   3.30492163e-01  7.11986209e-02  7.07226486e-02  9.76148894e-02
  -8.52802783e-01 -3.50065789e-01  1.66810678e-01  3.53695691e-02
   8.09538834e-01 -3.30067304e-01  8.16739000e-01 -4.28289976e-01
   2.34266860e-01 -9.13188146e-01  5.41277268e-02  8.80498057e-01
  -1.81192268e-01  7.03512697e-01 -3.43032206e-01 -8.31630548e-01
  -1.49898446e-01  4.85831687e-01  2.19168677e-01 -5.52209792e-01
   4.22728628e-01 -8.00050317e-01  1.20143949e-01 -9.31880110e-01
   4.14308969e-01  2.33061692e-01  6.73107582e-01  8.29191007e-01
  -5.74866256e-01 -6.88906911e-01 -2.87780703e-01 -4.95397857e-01
   1.31401785e-01 -8.21224278e-01 -1.47947833e-01 -1.35729449e-01
   2.93769690e-01  8.84445047e-01 -7.01804102e-01  4.32157243e-01
   1.34644408e-01 -7.39904043e-01  1.26688430e-01  7.55634088e-01
  -3.45601134e-01  4.56930398e-01 -3.92884940e-01  9.82753283e-01
  -7.17827443e-01  6.43464215e-01 -3.34075435e-01 -4.33166358e-01
  -4.13733610e-01  8.63854365e-01  9.36041958e-01 -5.91390022e-01
   5.67985301e-01 -4.13618915e-01  8.19457373e-01  7.52320283e-01
   8.05360235e-01  1.90348925e-01 -6.93889101e-02 -2.60692052e-01
   7.85177895e-02 -9.79187145e-01  3.58885711e-01 -8.34915904e-01
  -8.47537087e-01  8.44714548e-05  5.68284973e-01  2.68543861e-01
   2.99408346e-01 -7.03969058e-01 -1.40820345e-01 -9.06977829e-01
  -2.68027222e-02 -4.44748272e-01  1.75004111e-02  4.49481615e-01]
 [-9.07793862e-01  4.19209898e-01 -8.60046334e-01 -8.92523750e-01
  -8.84764572e-01  4.47432342e-01  6.56390491e-01  1.20284687e-01
  -5.19579059e-01  6.70347535e-01  6.81268121e-01  4.03720997e-01
   8.86595872e-01  7.88974156e-01 -2.28512102e-01 -3.87088655e-01
   1.26354567e-01 -4.00685524e-01 -3.15757885e-01  9.78678759e-01
  -2.78299366e-01 -5.07318605e-02  9.06071900e-02 -5.66555949e-01
  -6.66966317e-01  2.32766144e-01  5.30279862e-01  3.05469947e-02
   3.89973238e-01  1.43047378e-01 -5.05826450e-01  6.76069679e-01
  -4.59577756e-01 -6.81572119e-01 -7.04823965e-01  5.46927852e-01
   2.18297166e-01 -1.81789227e-01  2.37099942e-01 -6.40429490e-01
  -9.54842502e-01  2.90679727e-01  6.81290662e-01 -8.28665433e-01
   3.28275633e-01  4.79993642e-01  8.02199536e-01  3.64876059e-01
  -9.09483582e-02 -8.48500645e-01 -7.24024273e-01 -2.72630165e-01
  -9.77077998e-01  5.66484049e-01  5.86148506e-01  8.15959643e-01
  -3.83282480e-01 -3.83686361e-01  7.46611770e-02 -8.24622051e-01
   4.94151195e-01  7.06363240e-01 -3.96010860e-01  3.55830999e-01
  -4.59475974e-01  6.85623802e-01 -1.60836168e-01 -7.61743870e-01
  -8.29747518e-01  6.69857713e-01 -8.58933310e-01  8.62753713e-02
   6.43400425e-01 -3.05101789e-01  3.50307477e-01 -9.50034545e-01
  -8.13737744e-02 -9.56352972e-01  1.23434100e-01  3.23887708e-01
   2.66403267e-01  2.76974156e-01  9.91451758e-01  8.83039015e-02
  -6.58610105e-01  5.21221645e-01 -4.66761752e-01  3.01087975e-01
  -4.08569216e-01 -8.93933509e-01  5.03656517e-01  7.43394304e-01
   7.66530981e-01 -8.98563039e-01  4.38671421e-01  7.54363668e-01
   2.78155897e-01  5.48615365e-01  5.11806296e-01 -4.47756624e-02
   9.68332880e-01  2.91233144e-01 -8.46541425e-04 -2.34957874e-02
   1.23117474e-01 -7.75284822e-01 -3.63106366e-01  1.44205513e-02
  -2.42970252e-01 -7.54689261e-01 -2.20072156e-01  3.47123383e-01
  -9.30039223e-04 -3.65867242e-01  2.71676121e-01 -5.09866163e-01
   1.75723531e-01 -9.00348346e-01  5.18721557e-01  5.81637471e-01
  -6.10675396e-01 -5.71223738e-01  9.73937464e-01 -9.42792540e-01
  -5.50672921e-01 -1.70569957e-01 -6.39257967e-01  2.47817063e-02
  -9.59956035e-01 -8.37299954e-02 -3.11233506e-01 -6.76658070e-01
   6.20890427e-01 -9.37239855e-01 -4.11298878e-01 -4.59795129e-01
  -1.17590192e-01  3.42289745e-01 -3.08791610e-01  4.36099814e-01
   3.75088832e-01 -4.91808574e-01  3.82544665e-01  3.78196082e-01
  -1.44266672e-01  5.60019098e-01  3.59610449e-01  9.32645603e-01
   9.34789277e-02  8.43549918e-01  1.80145353e-01 -5.64505886e-01
   5.68450101e-01 -1.25067429e-01 -2.95441735e-01  1.87037296e-01
  -3.27178874e-01 -5.74684931e-01 -5.92449003e-01 -3.47184049e-01
   4.66088489e-01 -1.82566763e-01 -6.70082264e-01  3.79181966e-01
   1.90057253e-02 -6.46154086e-01 -8.92602369e-02  8.30678851e-01
   9.41448222e-01  4.68931733e-02  1.73229209e-01 -6.18885901e-01
   7.23287565e-01 -7.33313002e-01  1.20504926e-01 -3.53628324e-01
   4.24268802e-01 -9.58093498e-01 -4.42607737e-01  1.21125313e-01
  -1.47069377e-01 -2.67782651e-01 -6.10807030e-01  1.33071160e-01
  -9.05163840e-01  5.76114578e-02 -7.08903521e-01 -2.16147295e-01
  -7.29493745e-01  6.84507720e-01  8.45252616e-01 -3.21864626e-01
  -1.89847252e-01 -8.69060572e-01  9.91134180e-01 -6.95212022e-01
   9.46528490e-01  6.95370924e-01  4.07186198e-01 -1.27815599e-01
   4.82697547e-01  2.46035703e-01  2.64927193e-01 -4.22029717e-01
   4.07342129e-01  2.54664321e-01  3.15063943e-01  4.79884874e-01
   8.34560307e-01 -2.87217692e-01 -1.39602205e-01 -2.33721011e-01
  -4.10790399e-02  6.91963200e-01 -1.60276471e-01 -1.33347486e-01
  -7.89735338e-01 -4.82407022e-01  5.70400240e-01 -4.96188097e-02
   6.02252394e-01  1.69158245e-02  2.76213961e-01 -3.71438796e-01
  -1.19601140e-01  6.61180137e-01  2.26128515e-01 -8.60206554e-01
   8.94663559e-01 -3.17234279e-01  4.64828083e-01  9.92917689e-01
   6.17753909e-01 -8.41847023e-01  7.73060663e-01  9.01374811e-01
  -6.03606449e-01  3.12096247e-02  6.57877911e-01  5.76931649e-01
   1.12042207e-01 -4.53534047e-01 -3.43834517e-01  8.81984933e-01
  -3.86128960e-01  2.84868344e-01  8.10514952e-01  3.27807997e-01
   5.83553290e-01 -6.39998148e-01 -8.76274371e-01  7.72368804e-01
   6.93342923e-01  3.52108036e-02  1.77447430e-01 -8.40098488e-02
  -7.04871089e-02  1.67726467e-01 -2.06014920e-01  5.44668983e-01
  -6.72175680e-01  1.64648697e-01 -3.26523787e-01  5.64268055e-01
   7.54412585e-01 -8.30490889e-01 -6.65270229e-01  3.86747204e-01
  -4.99325962e-01  1.76696620e-01 -2.85593474e-02  5.09413174e-01
  -7.53895873e-01  9.63874106e-02 -4.51769886e-01  8.18555860e-01
   1.23008733e-01 -5.25655634e-01  6.95878704e-01  2.32967698e-01
   9.24312311e-01  4.84981239e-01 -2.34904523e-01  5.29757650e-01
   8.86165013e-01  6.94580777e-01  8.88160173e-02 -8.39194753e-01
   6.87074010e-01  8.43802002e-01  2.32889869e-01  3.91795794e-01
   9.55100559e-02 -6.56297739e-01 -9.42914692e-01  4.65136984e-01
   2.58083742e-01  1.46106392e-01  8.41546952e-02  6.68094984e-01
   5.30682123e-01  1.04581431e-01 -1.94944316e-01  5.96141070e-01
   1.74309796e-01  9.89270453e-01 -6.00507107e-01  1.34598238e-01
  -3.08845319e-01 -5.07499374e-01  5.13607310e-01 -1.98028598e-01
  -8.84265283e-01 -7.81483794e-01 -7.26038422e-01  6.01040425e-01
  -6.21091659e-01 -2.85758916e-02 -4.99554593e-01  8.18009474e-01
  -2.25197173e-01 -8.83802611e-01 -5.18740539e-01 -4.48254630e-01
  -2.80139621e-01 -8.16121030e-01  7.87444023e-01 -9.96877954e-01
   5.16458195e-01 -3.76499472e-01 -5.14503333e-01 -9.30228172e-01
   8.82806014e-01 -5.50229991e-01  7.18248953e-01  4.74412573e-01
   5.34839291e-01  8.28191688e-01 -1.00716387e-01  4.73285611e-01
  -2.81508908e-01  7.10956298e-01 -8.93672512e-01 -3.45964465e-01
  -8.18074888e-01 -7.46284656e-01 -3.19286221e-01 -5.35715622e-01
   8.65977975e-01 -8.80318333e-01 -5.16704701e-01  9.57102831e-01
  -1.95222442e-01  1.77483691e-01  8.42118264e-01 -7.11589049e-01
  -2.56145152e-01 -2.51121166e-01 -8.18616083e-01 -8.25107579e-02
  -9.42956823e-01  5.14659924e-01  1.31725192e-01 -7.27745104e-01
   1.99511999e-01 -7.97598384e-01  6.07069061e-01  2.88309472e-01
   9.07086226e-01  1.42914769e-01 -2.07841604e-01 -1.08005377e-01
   1.93200919e-01 -2.59095703e-01 -1.42881089e-01 -6.52364276e-01
   3.66076504e-02  3.38939605e-01  7.00738830e-01 -8.21696738e-01
  -2.27260766e-01  7.87726695e-01  4.71205070e-02  8.23611788e-01
   7.44982161e-01 -1.17972353e-01  4.07256032e-01  9.75094784e-01
   8.99522099e-01  8.85104743e-01  7.27254326e-02  6.80068623e-01
   1.79485636e-01  1.73686225e-01 -4.56638230e-01  7.90520812e-02
   2.19449574e-01 -5.57874777e-01 -2.72669037e-01 -1.66495812e-01]
 [-1.03782594e-01  7.16688285e-01 -6.25378943e-01 -7.33013510e-01
  -9.65694204e-01 -1.03905861e-01  6.51710132e-01  4.30066916e-01
   6.79851921e-02 -3.92769577e-01  1.94549261e-01  8.03636808e-01
  -7.75153490e-01  9.84617041e-01  4.55008199e-01  3.47440013e-01
   2.70911819e-01  7.37775234e-01 -7.43077980e-01 -1.62827290e-01
   1.64985337e-01 -7.30693505e-01 -1.91470067e-01 -5.81741432e-01
   2.11374548e-01  2.54271717e-01 -7.16237827e-01  7.17449281e-01
  -5.05596778e-02 -1.47597734e-01  1.71957806e-01  4.86748551e-01
   8.78976321e-01 -9.35828159e-01  9.55168292e-01  1.87276215e-01
  -5.49567120e-01 -4.01239695e-01  7.74499996e-02 -6.62496204e-01
   3.72205281e-01  8.75385610e-01 -9.36176550e-01  1.58824409e-01
   7.37604077e-01  7.51922968e-01  7.49252829e-03  7.44763294e-01
  -4.84412951e-01  6.47402596e-01  4.74695532e-01 -8.92843511e-02
  -7.86349101e-01 -8.31598752e-01 -6.60776011e-01 -3.10307554e-01
   3.19123810e-01  2.62102770e-01  2.35532665e-01  6.60482320e-01
   9.70195928e-02  2.89898881e-02 -4.18551377e-01 -1.01958394e-01
   2.14530941e-01 -5.90327276e-01  7.44062181e-01 -7.24777462e-01
   3.78647209e-01 -8.61952151e-01  1.50135002e-01 -7.46986035e-01
  -8.33198124e-01 -6.78826706e-01  5.97912621e-01 -8.06176801e-01
   2.98805312e-01  9.56471792e-01 -9.82861447e-02  5.09209549e-01
  -8.57063728e-01 -1.81226900e-01 -5.51539821e-02  2.14554331e-01
   7.60256301e-01  4.78337155e-01  5.63616300e-01  8.73714081e-01
   3.25140173e-02  5.71758071e-01  9.98246711e-01 -5.54284971e-01
  -8.94023419e-01  8.96265422e-03 -5.03292728e-01 -8.33466756e-01
  -3.72734582e-01  1.46778368e-01 -2.46748438e-02 -3.49337678e-01
  -3.53158655e-01  7.68083610e-01  3.85666048e-02 -2.77567823e-01
   8.52779299e-01  8.67134538e-03  3.88003406e-01  8.98604760e-01
  -9.49532673e-01 -5.01142570e-01 -3.13788747e-01 -9.19924138e-01
  -1.46334900e-01 -4.32181682e-01  7.63281561e-01 -9.34008726e-01
  -3.11797926e-02  7.76956774e-01  9.06521275e-01 -3.06586438e-01
  -9.06268568e-01  2.59324183e-01  2.66977555e-01 -5.56799969e-02
  -2.36805285e-01  3.00039896e-01  6.85714361e-01 -3.82619231e-01
  -9.80874434e-01  5.45758529e-01  3.40765044e-01 -9.56089489e-01
   4.14367859e-02  4.30436141e-02  7.87287021e-01 -7.74298506e-01
  -3.11936307e-01  3.15517618e-01  8.37077728e-01  5.38069772e-01
   1.65089938e-01 -8.52608426e-01 -1.25511923e-01 -5.39138104e-01
  -1.45577801e-01  3.83839084e-01 -6.43591079e-01  7.02422614e-01
  -2.05740593e-01  1.54860022e-01  6.63684444e-01  7.98677281e-01
  -7.71598967e-01  4.14126499e-01 -7.44252483e-01  2.96169844e-01
   5.32867933e-01  7.97577556e-01  1.87759336e-01 -7.50291655e-02
   4.73655862e-01  7.71412978e-01  1.11369549e-01 -5.87734726e-01
   3.24655097e-01 -1.56826832e-01 -3.01775422e-01  2.39592899e-01
  -1.07566380e-01 -5.19748459e-01 -8.38683080e-01  9.86641111e-01
  -4.75529155e-01 -6.86763570e-01 -1.60079434e-01  2.82590760e-01
  -2.12641304e-01  8.17412182e-01  5.43435453e-01  3.56768671e-02
  -9.86053670e-01  9.96867931e-01 -6.88320809e-02  4.01775001e-01
   7.82945339e-01  3.26217194e-01 -9.08335754e-01  9.97783429e-01
   7.03555013e-01  1.61717136e-01 -5.45270949e-01  6.13136753e-01
   2.82966336e-01 -4.06460806e-01  5.95622135e-01 -5.64461598e-01
   5.92786633e-01 -6.36249362e-01 -8.61405045e-01 -3.92704642e-01
  -7.04039507e-01 -9.24531947e-01 -1.33098583e-02 -5.97757545e-01
   9.18895444e-02 -2.79190701e-02 -6.20449581e-01 -8.34655968e-01
   7.60590394e-01 -6.08702750e-01 -2.10968855e-01 -8.83933525e-01
   6.49629426e-01  2.22352457e-01 -9.05702965e-01  2.28671106e-01
  -8.43799017e-01  9.73577258e-01 -5.68122779e-01 -9.77585706e-03
  -9.31381350e-01  8.59978291e-01  1.22475127e-01  4.97870966e-01
  -2.21482735e-02  5.01986021e-01  8.72775791e-01  7.79173291e-01
  -8.72403278e-01  9.75449930e-02  2.64860592e-01  9.41597652e-01
  -9.04866382e-01 -2.30080206e-01  9.87001660e-02 -5.04619273e-01
   4.35328049e-01 -1.79005188e-01 -9.79849179e-01  6.15614473e-01
  -3.77569729e-01 -3.58252166e-01  1.14653631e-01 -7.04691523e-01
  -5.36575558e-01  9.79079143e-01  1.56489828e-01 -7.24131940e-01
   1.38659400e-01  5.40834907e-01  4.79231053e-01 -8.95642265e-01
   5.37457611e-01 -2.63791654e-01 -7.18403459e-01  3.91124154e-01
   6.74544843e-01 -1.43102216e-01  1.50060436e-01 -1.63295572e-01
  -8.72459343e-01 -9.16838540e-01 -2.04878150e-01 -3.45118240e-01
   6.92243090e-01  5.98642716e-01  1.29154524e-01  2.93946165e-01
  -1.45489982e-01  3.18069221e-01 -8.88880518e-01  8.89066895e-01
  -8.23474040e-01  8.40715775e-01 -7.54316620e-01  6.52105137e-01
   4.23529304e-01  3.15640948e-01  6.88336293e-01  1.98063509e-01
  -4.51281466e-02 -6.07873154e-01  1.84511064e-01 -5.12581973e-01
  -8.59201299e-01  4.91678912e-01  4.83714593e-01  8.02423949e-01
  -6.47278692e-01 -5.07856303e-01  8.14628196e-01  3.45620574e-01
  -1.10838172e-01  3.03159588e-01 -8.53570691e-01 -5.90941651e-01
   6.22746681e-01  7.32068245e-01 -1.60058878e-02 -3.65085447e-01
   3.25967495e-01  5.05807864e-01 -8.25187846e-01 -7.66883084e-01
  -6.08528054e-02  5.62424707e-01  7.96056020e-01 -8.56558259e-01
   2.20777866e-01 -8.00853451e-01 -6.45104451e-01  2.19790131e-01
  -6.81953654e-01 -6.86180111e-01  2.58907603e-01  7.88582202e-01
  -7.21044300e-01 -9.79410204e-01  6.57413652e-01 -7.98544949e-01
   2.09700980e-01  8.28813381e-01  6.52526777e-02 -8.37915412e-01
   1.34282598e-01 -8.60643723e-01 -5.77632232e-01  3.86858856e-01
  -3.81746927e-01  2.17589650e-01 -8.26971885e-01 -1.11169718e-01
  -6.24319829e-01 -1.93458664e-02 -7.25099651e-02  3.94536465e-01
   4.62513369e-01 -3.84907689e-01  1.82563352e-01  1.97540311e-01
  -1.69743716e-01  8.50765757e-01 -3.35480665e-01 -3.42469067e-02
  -1.42754736e-01  5.53691531e-01  5.71626937e-01 -9.01935729e-01
  -3.24073615e-01  2.51692565e-02  1.30251364e-01  5.12447916e-01
   2.95590813e-01 -3.35788606e-01 -5.11098362e-01 -2.70326712e-01
   1.44104537e-01 -6.08773140e-02 -1.03620089e-01  3.82636487e-01
  -5.49481261e-01 -3.52506713e-01  6.08359991e-01 -6.59125989e-01
   8.01689908e-02  6.50764913e-01 -4.49000235e-01  1.69457492e-01
  -9.32271552e-01 -2.65799420e-01  4.74071283e-01  4.82355836e-01
   5.45552779e-01 -4.40412052e-01 -6.71063759e-01  8.43432857e-01
   7.64649834e-01  8.29237287e-01 -9.47407229e-01  4.58956011e-01
  -8.38361726e-01  4.09571734e-01 -7.71590216e-01 -4.63625582e-02
  -6.68393511e-01  2.57095999e-01  5.21387646e-01 -8.91480772e-02
  -8.95755086e-01  7.73721388e-01  8.15774956e-01  5.27443110e-01
   2.26687989e-01 -2.93994656e-02  9.41031806e-01  1.38452721e-01
  -9.90253578e-01  7.48009633e-01 -5.28041045e-01  9.27368121e-01]
 [ 0.00000000e+00  0.00000000e+00  0.00000000e+00  0.00000000e+00
   0.00000000e+00  0.00000000e+00  0.00000000e+00  0.00000000e+00
   0.00000000e+00  0.00000000e+00  0.00000000e+00  0.00000000e+00
   0.00000000e+00  0.00000000e+00  0.00000000e+00  0.00000000e+00
   0.00000000e+00  0.00000000e+00  0.00000000e+00  0.00000000e+00
   0.00000000e+00  0.00000000e+00  0.00000000e+00  0.00000000e+00
   0.00000000e+00  0.00000000e+00  0.00000000e+00  0.00000000e+00
   0.00000000e+00  0.00000000e+00  0.00000000e+00  0.00000000e+00
   0.00000000e+00  0.00000000e+00  0.00000000e+00  0.00000000e+00
   0.00000000e+00  0.00000000e+00  0.00000000e+00  0.00000000e+00
   0.00000000e+00  0.00000000e+00  0.00000000e+00  0.00000000e+00
   0.00000000e+00  0.00000000e+00  0.00000000e+00  0.00000000e+00
   0.00000000e+00  0.00000000e+00  0.00000000e+00  0.00000000e+00
   0.00000000e+00  0.00000000e+00  0.00000000e+00  0.00000000e+00
   0.00000000e+00  0.00000000e+00  0.00000000e+00  0.00000000e+00
   0.00000000e+00  0.00000000e+00  0.00000000e+00  0.00000000e+00
   0.00000000e+00  0.00000000e+00  0.00000000e+00  0.00000000e+00
   0.00000000e+00  0.00000000e+00  0.00000000e+00  0.00000000e+00
   0.00000000e+00  0.00000000e+00  0.00000000e+00  0.00000000e+00
   0.00000000e+00  0.00000000e+00  0.00000000e+00  0.00000000e+00
   0.00000000e+00  0.00000000e+00  0.00000000e+00  0.00000000e+00
   0.00000000e+00  0.00000000e+00  0.00000000e+00  0.00000000e+00
   0.00000000e+00  0.00000000e+00  0.00000000e+00  0.00000000e+00
   0.00000000e+00  0.00000000e+00  0.00000000e+00  0.00000000e+00
   0.00000000e+00  0.00000000e+00  0.00000000e+00  0.00000000e+00
   0.00000000e+00  0.00000000e+00  0.00000000e+00  0.00000000e+00
   0.00000000e+00  0.00000000e+00  0.00000000e+00  0.00000000e+00
   0.00000000e+00  0.00000000e+00  0.00000000e+00  0.00000000e+00
   0.00000000e+00  0.00000000e+00  0.00000000e+00  0.00000000e+00
   0.00000000e+00  0.00000000e+00  0.00000000e+00  0.00000000e+00
   0.00000000e+00  0.00000000e+00  0.00000000e+00  0.00000000e+00
   0.00000000e+00  0.00000000e+00  0.00000000e+00  0.00000000e+00
   0.00000000e+00  0.00000000e+00  0.00000000e+00  0.00000000e+00
   0.00000000e+00  0.00000000e+00  0.00000000e+00  0.00000000e+00
   0.00000000e+00  0.00000000e+00  0.00000000e+00  0.00000000e+00
   0.00000000e+00  0.00000000e+00  0.00000000e+00  0.00000000e+00
   0.00000000e+00  0.00000000e+00  0.00000000e+00  0.00000000e+00
   0.00000000e+00  0.00000000e+00  0.00000000e+00  0.00000000e+00
   0.00000000e+00  0.00000000e+00  0.00000000e+00  0.00000000e+00
   0.00000000e+00  0.00000000e+00  0.00000000e+00  0.00000000e+00
   0.00000000e+00  0.00000000e+00  0.00000000e+00  0.00000000e+00
   0.00000000e+00  0.00000000e+00  0.00000000e+00  0.00000000e+00
   0.00000000e+00  0.00000000e+00  0.00000000e+00  0.00000000e+00
   0.00000000e+00  0.00000000e+00  0.00000000e+00  0.00000000e+00
   0.00000000e+00  0.00000000e+00  0.00000000e+00  0.00000000e+00
   0.00000000e+00  0.00000000e+00  0.00000000e+00  0.00000000e+00
   0.00000000e+00  0.00000000e+00  0.00000000e+00  0.00000000e+00
   0.00000000e+00  0.00000000e+00  0.00000000e+00  0.00000000e+00
   0.00000000e+00  0.00000000e+00  0.00000000e+00  0.00000000e+00
   0.00000000e+00  0.00000000e+00  0.00000000e+00  0.00000000e+00
   0.00000000e+00  0.00000000e+00  0.00000000e+00  0.00000000e+00
   0.00000000e+00  0.00000000e+00  0.00000000e+00  0.00000000e+00
   0.00000000e+00  0.00000000e+00  0.00000000e+00  0.00000000e+00
   0.00000000e+00  0.00000000e+00  0.00000000e+00  0.00000000e+00
   0.00000000e+00  0.00000000e+00  0.00000000e+00  0.00000000e+00
   0.00000000e+00  0.00000000e+00  0.00000000e+00  0.00000000e+00
   0.00000000e+00  0.00000000e+00  0.00000000e+00  0.00000000e+00
   0.00000000e+00  0.00000000e+00  0.00000000e+00  0.00000000e+00
   0.00000000e+00  0.00000000e+00  0.00000000e+00  0.00000000e+00
   0.00000000e+00  0.00000000e+00  0.00000000e+00  0.00000000e+00
   0.00000000e+00  0.00000000e+00  0.00000000e+00  0.00000000e+00
   0.00000000e+00  0.00000000e+00  0.00000000e+00  0.00000000e+00
   0.00000000e+00  0.00000000e+00  0.00000000e+00  0.00000000e+00
   0.00000000e+00  0.00000000e+00  0.00000000e+00  0.00000000e+00
   0.00000000e+00  0.00000000e+00  0.00000000e+00  0.00000000e+00
   0.00000000e+00  0.00000000e+00  0.00000000e+00  0.00000000e+00
   0.00000000e+00  0.00000000e+00  0.00000000e+00  0.00000000e+00
   0.00000000e+00  0.00000000e+00  0.00000000e+00  0.00000000e+00
   0.00000000e+00  0.00000000e+00  0.00000000e+00  0.00000000e+00
   0.00000000e+00  0.00000000e+00  0.00000000e+00  0.00000000e+00
   0.00000000e+00  0.00000000e+00  0.00000000e+00  0.00000000e+00
   0.00000000e+00  0.00000000e+00  0.00000000e+00  0.00000000e+00
   0.00000000e+00  0.00000000e+00  0.00000000e+00  0.00000000e+00
   0.00000000e+00  0.00000000e+00  0.00000000e+00  0.00000000e+00
   0.00000000e+00  0.00000000e+00  0.00000000e+00  0.00000000e+00
   0.00000000e+00  0.00000000e+00  0.00000000e+00  0.00000000e+00
   0.00000000e+00  0.00000000e+00  0.00000000e+00  0.00000000e+00
   0.00000000e+00  0.00000000e+00  0.00000000e+00  0.00000000e+00
   0.00000000e+00  0.00000000e+00  0.00000000e+00  0.00000000e+00
   0.00000000e+00  0.00000000e+00  0.00000000e+00  0.00000000e+00
   0.00000000e+00  0.00000000e+00  0.00000000e+00  0.00000000e+00
   0.00000000e+00  0.00000000e+00  0.00000000e+00  0.00000000e+00
   0.00000000e+00  0.00000000e+00  0.00000000e+00  0.00000000e+00
   0.00000000e+00  0.00000000e+00  0.00000000e+00  0.00000000e+00
   0.00000000e+00  0.00000000e+00  0.00000000e+00  0.00000000e+00
   0.00000000e+00  0.00000000e+00  0.00000000e+00  0.00000000e+00
   0.00000000e+00  0.00000000e+00  0.00000000e+00  0.00000000e+00
   0.00000000e+00  0.00000000e+00  0.00000000e+00  0.00000000e+00
   0.00000000e+00  0.00000000e+00  0.00000000e+00  0.00000000e+00
   0.00000000e+00  0.00000000e+00  0.00000000e+00  0.00000000e+00
   0.00000000e+00  0.00000000e+00  0.00000000e+00  0.00000000e+00
   0.00000000e+00  0.00000000e+00  0.00000000e+00  0.00000000e+00
   0.00000000e+00  0.00000000e+00  0.00000000e+00  0.00000000e+00
   0.00000000e+00  0.00000000e+00  0.00000000e+00  0.00000000e+00
   0.00000000e+00  0.00000000e+00  0.00000000e+00  0.00000000e+00
   0.00000000e+00  0.00000000e+00  0.00000000e+00  0.00000000e+00
   0.00000000e+00  0.00000000e+00  0.00000000e+00  0.00000000e+00
   0.00000000e+00  0.00000000e+00  0.00000000e+00  0.00000000e+00
   0.00000000e+00  0.00000000e+00  0.00000000e+00  0.00000000e+00
   0.00000000e+00  0.00000000e+00  0.00000000e+00  0.00000000e+00]]