[[-9.84528015e-11  1.00000000e+00  9.45874490e-11]
 [ 1.00000000e+00  1.19143806e-10  5.82076609e-11]
 [ 1.00000000e+00  3.09228199e-11  9.73159331e-11]
 [ 1.00000000e+00  2.09183781e-11  8.27640179e-11]
 [ 1.00000000e+00  6.27551344e-11  9.36779543e-11]
 [ 1.00000000e+00  5.72981662e-11  8.45830073e-11]
 [ 1.00000000e+00  8.36735126e-11  7.82165444e-11]
 [-9.70885594e-11  1.00000000e+00  4.91127139e-11]
 [-1.00612851e-10  6.82121026e-11  1.00000000e+00]
 [-8.84483597e-11  1.00000000e+00  7.36690708e-11]
 [-8.06039679e-11  1.10048859e-10  1.00000000e+00]
 [-9.07220965e-11  1.21872290e-10  1.00000000e+00]
 [-9.08357833e-11  1.00000000e+00  5.27506927e-11]
 [-9.61790647e-11  1.00000000e+00  7.54880602e-11]
 [-8.96989150e-11  1.00000000e+00  7.00310920e-11]
 [ 1.00000000e+00  6.27551344e-11  6.45741238e-11]
 [-8.90167939e-11  1.00000000e+00  1.30057742e-10]
 [-1.03909770e-10  1.00000000e+00  9.45874490e-11]
 [ 1.00000000e+00  5.45696821e-11  1.23691279e-10]
 [-7.86712917e-11  1.00000000e+00  1.05501385e-10]
 [-8.26503310e-11  1.00000000e+00  8.36735126e-11]
 [-7.49196261e-11  7.73070497e-11  1.00000000e+00]
 [-7.98081601e-11  1.27329258e-10  1.00000000e+00]
 [-7.59428076e-11  9.54969437e-11  1.00000000e+00]
 [-9.19726517e-11  9.91349225e-11  1.00000000e+00]
 [-1.01408659e-10  1.00000000e+00  1.17324817e-10]
 [-8.23092705e-11  1.08229870e-10  1.00000000e+00]
 [ 1.00000000e+00  3.63797881e-12  6.54836185e-11]
 [ 1.00000000e+00 -1.45519152e-11  1.16415322e-10]
 [-9.50421963e-11 -2.72848411e-12  1.00000000e+00]
 [-7.56017471e-11  6.82121026e-11  1.00000000e+00]
 [ 1.00000000e+00  1.21872290e-10  1.36424205e-11]
 [-9.51558832e-11  1.00000000e+00  6.00266503e-11]
 [-1.12549969e-10  1.00000000e+00  1.30057742e-10]
 [-7.42375050e-11  1.00000000e+00  5.54791768e-11]
 [ 1.00000000e+00  6.82121026e-11  9.27684596e-11]
 [-7.98081601e-11  3.45607987e-11  1.00000000e+00]
 [-6.78710421e-11  5.09317033e-11  1.00000000e+00]
 [-9.03810360e-11  1.04591891e-10  1.00000000e+00]
 [ 1.00000000e+00  6.00266503e-11  7.45785655e-11]
 [-6.68478606e-11  3.36513040e-11  1.00000000e+00]
 [-9.68611857e-11  7.27595761e-12  1.00000000e+00]
 [-8.00355338e-11  1.00000000e+00  7.18500814e-11]
 [-9.35642674e-11  1.00000000e+00  9.18589649e-11]
 [-9.70885594e-11  1.00000000e+00  7.18500814e-11]
 [-9.81117410e-11  5.54791768e-11  1.00000000e+00]
 [-9.22000254e-11  1.00000000e+00  1.22781785e-10]
 [ 1.00000000e+00  3.36513040e-11  1.20962795e-10]
 [ 1.00000000e+00 -2.00088834e-11  1.20962795e-10]
 [-9.93622962e-11  1.00000000e+00  6.00266503e-11]
 [-9.64064384e-11  1.00000000e+00  6.73026079e-11]
 [-7.36690708e-11  9.91349225e-11  1.00000000e+00]
 [-9.93622962e-11  1.00000000e+00  8.36735126e-11]
 [-7.88986654e-11  2.63753464e-11  1.00000000e+00]
 [-8.98126018e-11  4.45652404e-11  1.00000000e+00]
 [ 1.00000000e+00  5.68434189e-11  5.54791768e-11]
 [ 1.00000000e+00  1.45519152e-11  9.09494702e-11]
 [ 1.00000000e+00  3.36513040e-11  1.18234311e-10]
 [ 1.00000000e+00 -3.63797881e-12  1.31876732e-10]
 [-8.18545232e-11  1.00000000e+00  6.27551344e-11]
 [-8.29913915e-11  1.00953912e-10  1.00000000e+00]
 [-7.79891707e-11  3.45607987e-11  1.00000000e+00]
 [-9.72022463e-11  1.00000000e+00  6.73026079e-11]
 [-7.71933628e-11  1.07320375e-10  1.00000000e+00]
 [ 1.00000000e+00  3.18323146e-11  1.01863407e-10]
 [ 1.00000000e+00  4.54747351e-12  1.10048859e-10]
 [ 1.00000000e+00  4.82032192e-11  1.00044417e-10]
 [ 1.00000000e+00  7.00310920e-11  5.09317033e-11]
 [-7.16227078e-11  5.18411980e-11  1.00000000e+00]
 [ 1.00000000e+00  8.82209861e-11  5.72981662e-11]
 [-8.77662387e-11  1.00000000e+00  2.09183781e-11]
 [-8.43556336e-11  9.73159331e-11  1.00000000e+00]
 [-8.66293703e-11  1.00000000e+00  6.73026079e-11]
 [-8.33324520e-11  1.10048859e-10  1.00000000e+00]
 [ 1.00000000e+00  9.73159331e-11  5.54791768e-11]
 [-9.87938620e-11  1.00000000e+00  8.54925020e-11]
 [-8.02629074e-11  4.91127139e-11  1.00000000e+00]
 [-8.74251782e-11  1.00000000e+00  1.00953912e-10]
 [-7.93534127e-11  7.09405867e-11  1.00000000e+00]
 [-8.41282599e-11  1.00000000e+00  1.08229870e-10]
 [ 1.00000000e+00  6.36646291e-11  1.08229870e-10]
 [-9.33368938e-11  1.34605216e-10  1.00000000e+00]
 [-8.46966941e-11  9.27684596e-11  1.00000000e+00]
 [-9.01536623e-11  1.00000000e+00  2.00088834e-11]
 [ 1.00000000e+00  2.18278728e-11  1.11867848e-10]
 [ 1.00000000e+00  7.45785655e-11  1.18234311e-10]
 [ 1.00000000e+00  8.00355338e-11  4.54747351e-11]
 [ 1.00000000e+00  6.27551344e-11  9.27684596e-11]
 [ 1.00000000e+00  3.45607987e-11  1.11867848e-10]
 [-8.64019967e-11  4.09272616e-11  1.00000000e+00]
 [-9.48148227e-11  9.09494702e-11  1.00000000e+00]
 [-1.01067599e-10  1.00000000e+00  1.01863407e-10]
 [ 1.00000000e+00  5.72981662e-11  5.09317033e-11]
 [-8.17408363e-11  7.27595761e-12  1.00000000e+00]
 [ 1.00000000e+00  3.00133252e-11  1.15505827e-10]
 [-9.32232069e-11  1.00000000e+00  9.27684596e-11]
 [ 1.00000000e+00 -9.09494702e-12  1.34605216e-10]
 [-9.70885594e-11  1.00000000e+00  1.09139364e-10]
 [-5.54791768e-11  6.63931132e-11  1.00000000e+00]
 [-9.50421963e-11  1.00000000e+00  4.82032192e-11]
 [ 1.00000000e+00  1.72803993e-11  8.54925020e-11]
 [-9.70885594e-11  1.00000000e+00  6.18456397e-11]
 [-8.16271495e-11  1.00000000e+00  5.54791768e-11]
 [-8.53788151e-11  1.63709046e-11  1.00000000e+00]
 [-7.95807864e-11  3.81987775e-11  1.00000000e+00]
 [-1.03113962e-10  7.91260391e-11  1.00000000e+00]
 [-7.08268999e-11  7.36690708e-11  1.00000000e+00]
 [ 1.00000000e+00  3.63797881e-12  8.45830073e-11]
 [-9.34505806e-11  1.00000000e+00  6.91215973e-11]
 [-1.03113962e-10  1.00000000e+00  7.36690708e-11]
 [ 1.00000000e+00  8.54925020e-11  5.91171556e-11]
 [ 1.00000000e+00  8.27640179e-11  6.82121026e-11]
 [ 1.00000000e+00  8.54925020e-11  9.09494702e-11]
 [ 1.00000000e+00  5.82076609e-11  8.64019967e-11]
 [-7.88986654e-11  5.45696821e-11  1.00000000e+00]
 [-8.78799256e-11  1.00000000e+00  1.23691279e-10]
 [-7.83302312e-11  1.00000000e+00  1.07320375e-10]
 [ 1.00000000e+00  1.09139364e-11  8.27640179e-11]
 [-8.64019967e-11  1.00000000e+00  8.18545232e-11]
 [-1.14027898e-10  1.00000000e+00  1.19143806e-10]
 [-1.08570930e-10  1.00000000e+00  9.82254278e-11]
 [ 1.00000000e+00  7.82165444e-11  9.09494702e-12]
 [-9.37916411e-11  3.36513040e-11  1.00000000e+00]
 [-9.03810360e-11  6.73026079e-11  1.00000000e+00]
 [ 1.00000000e+00  7.91260391e-11  3.72892828e-11]
 [-7.09405867e-11  1.09139364e-11  1.00000000e+00]
 [ 1.00000000e+00 -1.00044417e-11  9.54969437e-11]
 [ 1.00000000e+00  3.18323146e-11  9.82254278e-11]
 [-9.47011358e-11  5.63886715e-11  1.00000000e+00]
 [-8.17408363e-11  1.00000000e+00  5.45696821e-11]
 [ 1.00000000e+00  1.63709046e-11  9.45874490e-11]
 [-7.68523023e-11  6.36646291e-11  1.00000000e+00]
 [-1.04932951e-10  1.00000000e+00  6.00266503e-11]
 [ 1.00000000e+00  1.01408659e-10  6.63931132e-11]]