[[-3.34425102e-02  6.65719236e-02 -8.33252502e-02  7.72148653e-02
   5.08750060e-02  2.44936415e-03 -2.25959995e-02 -5.69836358e-02
  -6.10935709e-02 -3.45920394e-02 -1.05132944e-02  1.07230680e-01
   5.85958891e-02  4.77061584e-02 -7.44938218e-02 -7.26564428e-02
   1.08603373e-01  5.96198505e-02  9.83675141e-02 -8.22211270e-02
   1.92202004e-02  3.92718605e-02  7.66089396e-02  2.09960244e-02
   3.80201329e-02 -2.90990634e-02  9.04590544e-02  2.62676735e-02
  -2.63557342e-02 -7.40371402e-02 -4.32455177e-02  2.16923365e-03
   7.75948593e-02  3.37949729e-02 -8.90972383e-02  7.73419378e-02
  -2.98980092e-02  6.48803364e-02  4.67243737e-02  9.60486726e-02
   2.26373416e-02 -4.44000536e-02  7.54943092e-02 -6.12039770e-02
  -1.56560782e-02  7.32794851e-02  6.23523728e-02  9.87025169e-02
   8.17644408e-02  4.58396590e-02  7.80944298e-02 -6.81313970e-02
  -8.00172894e-02 -2.66058963e-02 -8.38713919e-02 -9.86435063e-02
  -9.73057668e-02 -7.63525636e-02 -2.74432255e-02 -3.39073233e-02
  -6.97081762e-02  2.64398489e-02  7.60802657e-02  7.57615371e-02
  -6.57951233e-02  2.71278689e-02  8.68472382e-03  1.06303239e-01
   8.66437664e-02  8.29678889e-02 -4.10780340e-02  9.01300413e-02
   5.69542600e-02  1.91465431e-02 -8.45738461e-02  8.44617852e-02
   9.61738223e-02  8.34883554e-02  1.53668162e-02  8.21921597e-02
   1.87654330e-03 -8.91723481e-02 -3.25843543e-02 -9.94667239e-02
  -8.01722787e-02 -8.01287811e-02 -4.12805965e-02 -9.58422955e-02
   3.75126219e-02  4.63583580e-02  3.56891144e-02  6.25349442e-02
   2.31400009e-03 -1.08491543e-01  1.02607133e-01 -8.05712272e-02
  -1.90789257e-02  1.65584740e-02 -1.54990209e-03  5.32351854e-02
   8.70111183e-02  5.38247936e-02  1.59650230e-02 -1.67508885e-02
   5.43769790e-02 -7.84163484e-02 -7.83350671e-02  2.83375346e-02
  -4.59563964e-02  6.44195597e-04  2.55384316e-02 -8.76656522e-02
  -2.55460666e-02  4.47535837e-02  6.77758710e-02 -6.84455393e-02
   1.07313353e-02 -4.87229118e-02  9.85751420e-02 -5.71147740e-02
  -3.98748558e-03  5.06792646e-02  2.83875701e-02 -7.37223031e-02
  -1.01661974e-02 -1.00720767e-01 -2.66274282e-02  2.10279875e-02
  -2.55319270e-02 -1.00548241e-01  6.66052403e-02 -2.76406853e-02
   2.19489003e-02  8.18016148e-02 -9.47928849e-02  8.08607837e-02
  -9.76353736e-02 -2.88717609e-02 -2.79406816e-02  7.13705066e-02
  -1.04169311e-01  3.87516208e-02 -3.22772445e-02  3.48183908e-02
   1.95067652e-02 -7.51611616e-02  5.61681346e-03  5.27288678e-02
   7.86440262e-02 -7.88282936e-02 -1.89683037e-03  6.56799737e-02
  -7.74485097e-02  1.60189698e-02 -8.16434683e-02  6.61944541e-02
  -6.63435816e-02 -2.62600679e-02 -3.33513067e-02 -5.97517947e-02
  -1.07493932e-01  6.06089951e-02  4.01256569e-02 -4.86462251e-02
  -3.68212002e-02  7.68536872e-04  5.23689285e-02  1.04348752e-01
   8.62590141e-02 -5.32363837e-02 -5.85169683e-02  4.85541139e-02
   1.18356912e-02  9.65697949e-02 -5.32777337e-02 -6.56478417e-02
  -4.21664053e-02  2.24124092e-02  7.69277800e-02  3.46653916e-03
  -1.08490320e-01  8.71687698e-05  6.25877988e-02  1.05678665e-01
  -1.03073050e-02  4.49660844e-02 -9.91411657e-03 -2.28753507e-02
  -6.79512776e-02  4.91821514e-02 -1.04552695e-01 -5.47060042e-02
  -3.28729647e-02  5.63699540e-02 -9.74053727e-02  1.09314722e-01
  -5.61472941e-02 -9.84058962e-02  5.07401081e-02 -7.91362420e-02
   3.01922229e-02  7.52833565e-02 -4.73858411e-02  1.07648516e-01
  -1.09179462e-01 -7.44997133e-02 -2.41699086e-02  6.18288119e-03
   1.21082715e-02  2.18058437e-02  8.86925062e-02  3.33106325e-02
   5.49019712e-02 -9.63732070e-02  1.00349864e-01 -6.71232085e-02
   6.18288905e-02  6.01585979e-02 -2.65537224e-02  4.36619005e-02
   1.00271273e-02 -1.43066208e-02  5.33750328e-04  4.91920695e-02
   1.05547954e-02  9.81681771e-02  1.68539699e-03 -3.96066913e-02
   9.80343817e-02  1.42270102e-02  5.43753743e-02 -4.45566595e-02
   4.01706590e-02  3.16103425e-02  6.64479524e-02 -2.81731410e-02
  -7.76533295e-03  9.35440366e-02 -9.88647697e-02  2.16277085e-02
   1.06305976e-01  1.45146444e-02 -4.50611890e-02 -9.59888294e-02
   8.68993333e-02  6.64808117e-02 -9.92077346e-02  5.11017330e-02
  -4.65210597e-02  2.63739665e-02]
 [-1.04841410e-01 -4.91837567e-02 -7.41692080e-03 -8.60581111e-02
   6.66727020e-02  4.99475992e-02 -6.66114019e-02 -6.87606142e-02
  -3.26501335e-02  1.05529652e-01 -1.06294911e-01 -6.56871913e-02
   5.21103285e-02  4.32582191e-02 -4.62236292e-02  1.09020046e-01
  -9.46399930e-02 -1.75265586e-02  5.54530727e-03 -3.22393103e-02
  -3.57942589e-02 -2.54150919e-02  2.34645166e-02 -6.20922229e-02
  -2.28412064e-02  8.61304571e-02 -1.03410768e-01  2.23261868e-02
   3.99519219e-03 -3.82345443e-02  9.50054048e-02 -1.98045940e-02
   9.59564368e-02 -8.91797418e-02  1.03413964e-01  9.35993213e-02
  -9.21529208e-02 -8.46663359e-03  2.25448427e-02  8.43226240e-02
  -1.64815611e-03  4.29740854e-02 -3.38253112e-02  9.44910854e-02
  -9.95854138e-02  9.66686316e-02  1.04134710e-01  1.18731680e-02
   5.61536436e-02 -8.44380942e-02 -8.08541239e-02  9.41994046e-02
   1.01533865e-01  1.05999207e-01 -2.34868207e-02 -2.75231211e-02
   1.00807736e-01 -8.61230662e-02  8.43480673e-02 -8.56864238e-02
  -6.06173116e-02  1.04529065e-01 -1.01457304e-01 -2.89557971e-02
  -4.97233313e-02  5.68238445e-02 -3.68414120e-02 -1.10883213e-01
  -8.74035808e-02 -2.84746231e-02 -3.53141673e-02  5.02777236e-02
  -9.98186192e-02 -6.81047603e-02 -2.19238675e-02  5.91504993e-02
   5.20118994e-02 -2.48317926e-02 -8.19952349e-02  5.62408363e-02
   1.09010335e-01 -4.67192667e-02  2.22147414e-03  9.25003587e-03
  -7.79647173e-02  9.20726883e-02 -1.06256413e-02 -2.86295943e-02
   7.37895189e-02  4.79555423e-02 -2.05745615e-02  5.95688324e-02
   3.07608517e-03 -2.96535095e-02 -9.18859236e-02 -5.38231939e-02
   7.24102401e-02  9.12024065e-02 -1.53048215e-02  4.77570207e-02
   3.31907754e-02  3.69580745e-02  5.80372322e-02 -6.97908377e-02
  -5.22740819e-02  4.98302275e-02 -3.21579869e-02 -1.07881288e-01
  -1.12192123e-02 -6.69487623e-02  8.66889652e-02  5.06193721e-02
  -3.74295887e-02  5.46888990e-02 -7.91705350e-02  2.55343331e-02
   1.76012816e-04  9.00867983e-02 -5.81089660e-02 -2.75531234e-03
  -4.23002685e-02  9.02196391e-03 -8.07924614e-02  1.06852347e-01
   8.31108242e-02  6.79199184e-03 -1.05146182e-02 -3.12716314e-02
   2.35266321e-02 -7.44992542e-03  5.20390777e-02 -1.03425671e-01
   2.10493452e-02  2.82015972e-03 -1.07290308e-03  2.81644043e-02
   1.13996346e-01 -7.94774136e-02 -4.77437267e-02 -8.29272319e-02
  -4.26344741e-02 -5.35599704e-02  7.58972655e-02 -8.61653378e-03
   5.19529790e-02  6.29650306e-02 -2.81905735e-02 -8.05718305e-02
  -1.17608254e-02 -7.46641863e-02 -2.48290373e-02 -5.60389750e-02
   5.30772746e-02  5.71654747e-02  9.87307131e-02  7.10911671e-02
   6.72722742e-02 -1.11384725e-02  1.04632414e-01  1.97081265e-02
  -3.97355003e-04  4.34674768e-02 -1.00376614e-01  2.27125728e-02
  -7.07582891e-02 -2.78032069e-02  2.81192279e-02  7.50461377e-03
  -6.66551105e-02 -3.45172013e-02 -7.04127820e-02  9.94421553e-02
  -2.46130345e-02 -3.16400777e-02  7.13769071e-02  9.66028467e-02
  -4.01516565e-02 -1.06333615e-01 -4.59008604e-02  2.03882180e-02
  -3.25906797e-02 -7.69883049e-04 -1.88658876e-02  9.55794411e-02
  -3.41008279e-02  7.47225222e-02  5.13597578e-02 -9.95400145e-02
   2.99370720e-02 -1.42538482e-03  5.54458711e-02  4.63672824e-02
   2.76568947e-02  2.73828366e-02  4.85093909e-03 -4.20213908e-02
  -6.98441246e-02 -1.31807739e-02 -1.15418370e-02  5.03197559e-02
   8.61973062e-03  5.41065568e-03 -6.96603587e-02 -5.17955249e-03
  -2.78250368e-02 -8.31029865e-02  4.46731545e-03 -8.62754136e-02
  -1.02011645e-01  8.89579242e-02  6.58959932e-02  8.10988597e-02
   2.07452506e-02 -4.32334405e-02  6.63325719e-02  6.64365241e-02
   7.83109639e-02  6.40592945e-02 -6.62829067e-02 -5.90472649e-02
   9.38128711e-02  1.00608764e-01 -7.37340191e-02  1.34197855e-03
  -4.37834273e-02  7.72763757e-03 -3.82243683e-02 -9.36181143e-02
   8.15398290e-02 -6.57627305e-02 -3.96473593e-03 -1.67731013e-02
   5.52172576e-02  7.65201633e-02  6.69880757e-02  6.04980082e-02
  -7.75844291e-02  1.01143681e-01  8.30891426e-02 -4.81332569e-02
   8.22592745e-02  5.82016406e-02 -1.56171667e-03 -1.45082135e-02
   5.18331209e-02 -6.18634356e-02 -5.66528417e-02  8.42369217e-02
  -3.35734622e-02  1.08507849e-01]
 [ 1.00603479e-01  3.47207276e-02 -3.29632652e-02  2.08544565e-02
   6.33937677e-02  1.68349329e-02  6.85684299e-03 -6.68211612e-02
   9.77914908e-02  7.85302791e-02 -1.61872824e-02  5.80606734e-02
  -9.32108517e-02 -1.05864532e-01 -8.78124621e-02  4.94846763e-02
   9.55838856e-02 -6.08734952e-02 -7.40747867e-02  9.79470281e-02
   2.53554583e-02  7.94452566e-02  7.59560826e-02  4.64673759e-02
  -2.36869342e-02 -7.53540149e-02  6.37422936e-02  6.18077649e-02
  -4.10504251e-02 -6.37128872e-02  6.03602463e-02 -7.25590428e-03
   7.46752325e-02 -5.02115543e-02 -7.04407658e-02 -1.03587725e-01
   1.10947404e-01 -2.38882949e-02 -3.94977828e-02  1.02518069e-03
  -2.53746997e-02 -5.89963847e-02  1.36704492e-02  8.88833977e-02
  -2.48783252e-02  6.88633972e-02  1.29254059e-03 -9.53154681e-02
  -7.10680752e-02  6.85127331e-02  8.28225417e-02  7.02741314e-02
  -8.34853645e-02 -7.47240375e-02  3.40693425e-02 -9.24605178e-02
   1.03243064e-01  7.09700061e-02 -4.94437773e-02 -5.35004964e-02
   2.76826247e-02  6.28721137e-02 -2.18127632e-03 -2.60665299e-02
   1.12379910e-01  9.88319602e-02 -2.73112458e-02 -1.00049091e-01
   1.12698432e-02 -1.01348810e-01  7.89007547e-02 -2.02379168e-02
   5.65196917e-02  4.82002496e-02 -3.50818765e-02 -2.66796677e-02
  -5.59998406e-02 -3.49885875e-02 -4.43001105e-02 -6.37954844e-02
   3.77758248e-03 -5.06469937e-02  7.60116134e-02 -1.12099689e-02
   3.07132108e-02  9.56567132e-02 -1.02353326e-01 -7.68810707e-02
  -1.03424085e-02  5.95903272e-02 -5.76741482e-02 -3.98448274e-02
   6.53905798e-03 -4.59665336e-02  2.05948367e-02  1.01064724e-01
   3.91111729e-04  3.93768689e-03  5.71511353e-02  7.65584517e-02
  -6.58566138e-02  6.87655960e-02 -9.34258121e-02 -6.77428092e-03
  -3.33464115e-02  5.65203222e-02 -1.03933554e-01 -2.27069725e-02
   1.10479951e-01  5.66417650e-02 -1.12645040e-01  1.06676431e-01
  -8.67683134e-02  8.86774630e-02  2.07752510e-02  9.43921606e-03
   9.44287706e-02 -6.38591105e-02  2.37725992e-02 -1.63166926e-02
   7.25760522e-02 -7.89780893e-02  6.32152929e-02 -9.85798205e-03
   9.79877206e-02  8.79704038e-02  4.57035525e-02 -3.03617330e-02
   3.02578023e-02 -3.40669615e-02  8.32817511e-02 -2.44742911e-02
  -7.07961549e-03  1.06913623e-02  7.53765734e-02  1.17154007e-02
  -2.44755466e-02 -4.53258221e-02  8.41925840e-02 -4.49423309e-02
  -5.53401442e-02 -6.82736651e-02  6.15930681e-02  2.18821426e-02
  -5.08460818e-02 -5.43235961e-02 -1.79647300e-02 -3.43261948e-02
  -7.68115537e-02  1.05896529e-01 -3.95845338e-02  1.09789550e-01
   6.32629422e-02  8.68897722e-02  1.92704885e-03  3.56898179e-02
  -6.85513343e-02  9.42446086e-02 -2.10818959e-02  1.57454547e-02
   6.87661538e-02 -7.47576729e-02 -7.60096919e-02  5.99343823e-02
  -9.58503639e-02  4.27138181e-02  7.14096237e-05 -4.42195533e-02
   2.35846347e-02 -1.15989430e-04 -7.66142041e-02 -8.14363860e-02
  -4.66361349e-02 -9.67298059e-02  9.48499872e-02 -9.26993649e-02
   1.58507641e-02  3.30948108e-02 -6.55943520e-02 -5.28746411e-02
   9.20029117e-02 -5.27206024e-02  6.84405421e-02 -3.06577592e-02
  -2.34247664e-02  8.76670686e-02  7.20401003e-03  9.51928233e-02
  -4.65183886e-02  6.06507217e-02 -6.61286312e-02 -7.31567395e-02
   1.00383572e-01  5.17220119e-02 -7.95751195e-02 -2.19938876e-02
   6.29663616e-02 -5.86850328e-02 -4.90073171e-02 -5.72986357e-02
  -1.92575974e-03 -4.25684624e-02 -2.85522774e-02  7.35181821e-02
   9.00693711e-02  1.53377295e-02  1.43023135e-02 -9.92615323e-02
   3.61860236e-02 -1.21206909e-02  2.39652104e-02 -9.40485712e-02
   5.57543876e-02  3.88334260e-02  8.98032650e-02 -8.86413241e-02
   5.73444685e-02  2.32569558e-02 -2.12790858e-02  2.91140326e-02
  -6.68583586e-02  1.50408685e-02  3.76354154e-02 -7.53802783e-02
  -5.55729860e-04  5.66894949e-02  9.65054883e-02 -9.73869644e-02
   4.38458086e-02  3.75899196e-02  5.61424096e-02  6.86789785e-02
   5.02624532e-02 -6.56999236e-02  5.11791492e-02 -2.61988204e-02
  -2.25587580e-02  8.85692182e-02 -2.40319417e-02 -1.03390111e-01
   4.32516577e-02  5.31681104e-02  1.07004127e-01 -9.54835399e-02
   6.96417810e-02 -2.43043173e-02 -9.37954503e-02 -2.73304054e-02
   6.27478105e-03  8.54200099e-02]
 [ 2.90767615e-02  8.63358063e-02  1.01178728e-01 -6.17980373e-02
  -1.79825299e-02 -2.15011998e-03  9.87326630e-02 -1.02940126e-01
   4.39192339e-03  4.89498510e-02  4.19987059e-02  9.14700350e-03
   1.01229099e-02  9.01335851e-02 -1.04603582e-01  4.84383239e-02
  -6.86355871e-03 -6.80943301e-02  2.13834988e-02 -4.37730005e-02
   8.81119243e-02 -6.09321617e-02 -7.11968157e-02  9.13369041e-02
   9.28424757e-02  1.07224037e-02 -3.96975184e-02  6.24157916e-03
   2.11414715e-02 -4.45353976e-02 -7.75251822e-02 -4.13100983e-02
   1.04839330e-01  9.01702422e-02 -1.06894162e-01  9.83347121e-02
   6.61670320e-02 -8.93267542e-02  8.25155423e-02  8.37035522e-02
   7.70650424e-03  4.76653858e-02 -1.75665945e-02 -1.29364393e-02
   1.16184512e-01 -6.13281650e-02 -3.97765169e-02 -6.84312954e-02
  -2.39104678e-03  5.13748534e-02  8.78123074e-02 -3.51452696e-02
   8.95828705e-03  6.82472720e-02  7.21649647e-02  5.63721050e-02
   1.01214810e-01  1.01946061e-01 -8.99704543e-02  9.88625380e-02
   2.25951255e-02 -8.28332788e-02 -4.33939527e-02  8.87489580e-02
  -9.05046726e-02  2.04161912e-02  1.73048270e-02 -1.42587611e-02
  -1.49595393e-02 -1.94450516e-02  9.75578463e-02  9.76766688e-02
   2.09378462e-02  1.98044534e-02 -1.06601453e-01 -9.01052098e-02
  -7.65238634e-02  2.30321217e-02 -9.50153533e-02  4.95586008e-02
   2.17234042e-02 -9.62248079e-02  2.60848890e-02  1.03607502e-01
   4.10732844e-02 -1.01996279e-01  8.25106142e-02 -2.36687461e-03
   9.95935063e-02 -8.19968787e-02 -3.75039834e-02 -1.22935021e-02
   5.95195664e-02  8.99032120e-02 -6.47434898e-02 -1.00957929e-01
   1.81139668e-02 -2.40424624e-02 -2.08503557e-02  2.42564005e-02
  -2.28347266e-02 -4.81094601e-02 -4.36225200e-02 -7.26640213e-02
  -2.88089170e-02  1.04440167e-01 -1.88038832e-02 -1.16464783e-02
  -5.88779474e-02  5.28914407e-02 -9.08267194e-02 -5.68528680e-02
  -9.02231889e-02  7.46792103e-02 -7.38821968e-02 -5.89987106e-02
  -3.82753899e-03  5.84869579e-02  1.55749086e-02 -1.63536935e-02
  -6.08403517e-02 -5.34843969e-02 -1.36184394e-02 -1.15451416e-01
  -1.09201204e-01  6.10389466e-02 -3.11913796e-03 -3.66630242e-02
   2.07353672e-02 -9.45152523e-03  3.45530039e-02 -4.24595144e-02
  -5.61170690e-02 -3.22775980e-02  3.35554617e-02  5.85603451e-02
   5.42709763e-02  8.72784640e-02  5.27778732e-02 -9.63816179e-02
  -5.66246936e-02  1.11454102e-01 -2.32959647e-03 -1.05252167e-01
  -9.13814844e-02 -6.11793537e-02  8.28823733e-02 -4.28235227e-02
   3.22812658e-02 -5.05481110e-02  1.03804090e-01  9.95833979e-02
   1.24179447e-02 -3.21563810e-02 -6.65505456e-03 -3.02203302e-02
   3.71420612e-02 -1.33017829e-02 -1.11004325e-02 -8.45416327e-03
   6.85781836e-03 -1.40235802e-02 -8.95378464e-02  3.62105921e-02
   7.55869610e-02 -3.76171817e-02  5.10816035e-02 -1.46322250e-02
  -6.70118956e-02 -9.97832265e-02 -3.54568888e-02 -1.33312630e-02
   2.51042042e-02  1.08934244e-01  3.67863175e-02  1.27567102e-02
   3.30328216e-02 -6.92643784e-02  1.02623019e-01  8.61562789e-02
   2.55033222e-02 -1.08041017e-01 -2.85401573e-02  5.85578753e-02
  -5.21688166e-02 -1.28088563e-04  5.05148234e-02  9.73412329e-02
  -4.80308532e-02 -2.50769527e-02  9.38169289e-02  6.25153900e-02
  -3.87945381e-02 -6.05446636e-02 -9.38041491e-02 -4.07004725e-02
  -6.30000515e-02 -8.44918638e-02  6.07342116e-02  5.95949584e-02
   6.55510002e-02 -9.77569904e-02 -6.27835843e-02 -2.31676827e-02
   9.23456280e-03 -7.01243132e-02 -8.04923008e-02  2.17552614e-02
  -8.78251604e-02 -3.59808764e-02  8.88686318e-02 -1.80344061e-02
   8.90478534e-02 -6.01626465e-02  8.58843429e-02 -2.91099931e-02
  -1.05233839e-01 -1.09799702e-01 -8.20864922e-02 -8.70532825e-02
   4.27195760e-02  1.19126694e-02 -2.66412903e-02 -6.67555612e-02
   4.87282008e-02 -3.56348348e-02 -2.50209707e-02 -5.98512005e-02
  -2.27489552e-02 -2.79919810e-02  1.18695406e-02  1.09873277e-02
  -2.31688993e-02 -6.95142160e-02  5.32850965e-02 -4.18234455e-02
  -1.36905266e-02  2.90923554e-02  1.11076944e-02 -4.29920120e-02
  -5.73865994e-02  6.12155100e-02 -7.31711862e-02  1.09202129e-02
  -5.50157743e-02  8.11872945e-02  4.18009988e-02 -1.01394944e-01
  -1.02390162e-01 -7.19367638e-02]
 [-3.03960528e-02 -9.93617243e-02 -7.62129301e-02 -3.69794419e-02
   8.75447658e-03  8.44614187e-02  3.89391429e-02 -2.52929216e-02
  -1.11980873e-01 -3.51049495e-02  1.47498431e-02  8.66823851e-02
   1.06639077e-01  1.00097749e-01 -1.09109753e-01 -4.94423898e-02
   1.56837623e-02  5.19172581e-02 -4.58268696e-02  4.83004361e-02
   1.15780859e-01 -1.12001630e-01 -1.07714296e-01  5.55096730e-02
  -6.48786715e-02 -3.06987501e-02 -4.16627444e-02 -4.51456772e-02
  -2.68473802e-02  2.29681724e-02  9.10199251e-02  3.93371115e-02
  -7.29298696e-02 -2.54637099e-02 -2.67371542e-03  7.12109134e-02
   1.09565707e-01 -5.33901285e-02 -2.34581006e-04  5.68184504e-02
   1.75810553e-02 -4.09955410e-02  1.03901954e-01  3.72813007e-02
   9.63178943e-02 -5.43220214e-02 -8.88971972e-02  4.01982468e-02
   3.47475860e-02  6.57204922e-02  7.56628315e-02  8.82429945e-02
  -1.07011462e-01  4.05872101e-02 -9.71882065e-02 -3.74588821e-02
  -9.98798059e-02  4.84418022e-03  4.05495168e-02  8.53495144e-02
   9.77370334e-02  2.75052321e-02 -4.56696679e-02 -4.72706022e-02
  -1.04993313e-01  8.02390957e-02  3.03676291e-02 -5.40420039e-02
  -3.06085705e-03 -9.25456731e-02 -3.69884384e-03  6.87100614e-02
  -9.10200995e-02  9.45486576e-02  3.98527838e-02 -2.05894213e-02
   1.06146389e-01 -2.90656359e-02 -4.49686904e-02 -8.43287735e-02
  -4.04413252e-02 -2.57074515e-02 -4.40076015e-02 -3.90478517e-02
  -7.01064356e-02  8.57710062e-03  2.62998484e-03 -3.53007858e-02
   1.02556185e-02  5.08402150e-02 -7.25676939e-02  1.58478245e-02
   1.39382260e-02 -3.40617058e-02 -6.82986486e-03  4.61215978e-02
   6.64619223e-02  8.08658295e-02 -5.10045222e-02 -1.73626834e-02
   5.51803731e-02  3.37097172e-03  1.18115226e-02  8.33197301e-02
   2.47510545e-02  6.04683015e-02  1.12306305e-01  9.54514279e-02
   3.67921429e-02 -7.31562476e-02  7.81316975e-02  1.42335132e-03
  -6.39870143e-02 -9.58359434e-02  8.90482911e-02 -2.63055413e-03
   9.15695924e-02  7.33862191e-02 -7.82063302e-02  7.02968004e-02
   5.50392422e-02  7.29023506e-02 -4.68198880e-02  8.18655605e-02
  -1.19545508e-01  3.43886136e-02 -1.81037342e-02 -8.31418602e-02
  -5.82304952e-02  4.64724139e-02  4.14379985e-02  1.04832492e-01
  -8.91883092e-02  1.42327496e-02  4.93769956e-02 -5.06158776e-03
  -2.46657742e-02  5.80702632e-02 -1.22404109e-02 -2.49977062e-02
  -5.50500684e-02  1.95350882e-02  6.19008817e-02 -1.02996277e-01
  -9.92475349e-02 -1.04821443e-01 -4.20621347e-02 -9.38276094e-02
  -9.39520449e-02 -1.78112177e-02 -8.61770742e-02 -8.71524351e-02
   1.61772538e-02  7.41904108e-02 -1.01584686e-01 -7.02224390e-02
   4.54767735e-02  2.58934183e-02 -3.44734091e-02  2.34586922e-02
   6.72980470e-02  6.19768583e-02  9.37202507e-02  6.52266372e-02
   8.79634908e-02 -4.66691885e-02  2.51624747e-02  8.77906099e-02
  -1.09224221e-01  7.17188618e-02 -6.03754421e-02 -4.83451279e-02
   5.04845662e-02  7.14267423e-03 -5.56695866e-02 -7.02874799e-03
   3.57675288e-02 -2.29827048e-02 -2.06157048e-02 -3.73627073e-02
   6.16640233e-02 -1.09582915e-01 -2.48250325e-02  7.69199742e-02
  -3.68715705e-02  4.57105359e-02  7.91649682e-02  2.21554488e-02
  -1.06598015e-01 -1.46177912e-02  8.30801254e-02 -6.32259996e-02
  -3.84759031e-02  5.57158689e-02  7.07057547e-02 -1.30281259e-02
   8.52711820e-02  4.20247922e-02 -4.53114309e-02  1.24447060e-02
   2.22751015e-02  3.77303739e-02  9.35138203e-02  3.17139218e-02
   2.11650084e-03  8.98658426e-02  3.32119618e-02 -5.62656955e-03
   1.47829896e-02  4.79930213e-02  4.60521682e-02 -5.76704317e-02
   8.72582927e-02 -5.87624335e-02  1.09755101e-01  8.66626779e-03
   6.33462985e-02  5.64495209e-02  1.12069290e-02  2.37979991e-02
  -1.05934820e-01 -3.96597722e-02 -5.05162863e-02  1.05394904e-01
   7.95177282e-02 -8.89130047e-02  3.41529714e-02 -3.01347162e-02
  -3.06297390e-03 -1.46281274e-02 -5.01165480e-02 -1.93716147e-02
  -6.21469659e-02  8.72488966e-02 -2.97987151e-03  6.17890772e-02
  -2.17503245e-02  2.65793696e-02  1.36302482e-02  1.06691051e-01
  -7.91411493e-02 -6.89157281e-02  6.42168981e-02 -8.14561760e-02
   2.31965500e-02 -5.01506450e-02 -9.74770752e-02  2.29261638e-02
   8.55306956e-02 -3.85016838e-02]
 [-4.86217639e-02 -4.73934967e-03  9.67140874e-02  4.32028167e-03
   5.84033503e-02 -9.13931662e-02 -7.89759408e-02  4.18547715e-02
  -8.98020749e-02  1.23025533e-02  1.06708842e-02  8.23969427e-02
  -6.85831090e-02 -1.08361957e-01  6.60391914e-02 -2.56630163e-02
   1.93390560e-02  9.42702531e-02  5.01159120e-02 -1.45879055e-02
   9.69810034e-02 -4.09649863e-02 -6.59345694e-02  4.69309188e-02
   6.22390011e-02 -2.61990047e-03 -8.05393606e-02 -3.68060397e-02
   9.90459634e-02 -9.65703923e-02 -2.56084279e-03  3.32072825e-02
   4.50947187e-02  6.00969688e-02  1.90854621e-02 -1.30921892e-01
   1.22797322e-01 -2.61611765e-03 -6.53311285e-02 -9.09842558e-02
   5.89524149e-02  6.17445540e-02 -7.44115247e-02  6.50581169e-02
   5.35629654e-02 -8.95710190e-03 -9.67715366e-04  8.03783954e-02
  -1.22427475e-01 -6.97556941e-02  7.48226656e-02 -5.15935271e-02
  -5.16109900e-02 -1.09331685e-02  2.37384082e-02  8.61428014e-02
  -4.18420126e-02 -1.78920305e-02 -3.66500589e-02  3.68051148e-02
   3.31488108e-02 -1.59557828e-02 -4.16143768e-02  4.70117929e-02
   1.20892799e-01  5.47092368e-02 -1.32217763e-02  6.20077146e-02
   1.15059761e-01  6.66197352e-02 -3.20043667e-02  3.32715341e-02
  -7.59784227e-02  9.88635479e-02 -5.86967514e-02  8.86798887e-02
  -1.83682631e-02 -8.32119865e-03  7.17730626e-02 -2.42970029e-02
   7.51950624e-02  4.03189386e-02 -1.02884321e-02 -7.49227039e-02
  -8.41763620e-02  8.07892193e-02 -9.79610146e-03 -1.00579668e-01
   7.03179873e-02 -7.18546899e-02 -3.17695914e-02  3.75992788e-02
  -1.08939713e-01 -8.23064814e-02 -7.37471599e-02 -7.17986125e-03
  -9.16627198e-02  4.43175372e-02  1.19986338e-01  6.91632772e-02
   1.06315245e-02  5.29994014e-02 -1.23509104e-01 -8.13211384e-02
  -6.15885473e-02  1.78656181e-02  9.03920342e-02  2.34599454e-02
  -3.39671170e-02  1.92380254e-02  9.29533539e-03  1.23501715e-01
   5.17532339e-02 -8.20279333e-02  1.85570924e-02  7.91371227e-02
   8.29726042e-02  6.26898742e-02 -4.81864505e-02 -5.32305401e-02
  -5.55738854e-02  5.71176675e-02 -8.49278247e-02 -7.66461251e-03
  -5.29644808e-02 -6.76287519e-02  3.38160737e-02  5.51245552e-03
  -1.25678684e-03 -6.60907594e-02  7.12477349e-03 -7.67111181e-02
   6.29652049e-02 -9.56999111e-02 -5.49999199e-02 -6.20879218e-02
   2.54611272e-02 -6.10658574e-02  7.87071082e-02 -6.64040342e-03
  -2.19450935e-02  9.07051424e-02  1.10788630e-01  7.09787823e-02
   9.87686071e-02 -1.05970562e-01  9.41000821e-02 -9.22316437e-02
  -1.81043955e-02  2.77897571e-02  3.23614368e-02  1.25211427e-02
  -9.74438320e-02  1.32974182e-02 -6.69610705e-02 -1.78846070e-02
   2.99478576e-02  8.39755855e-02  3.78122384e-02 -8.58393906e-02
  -2.22383641e-02 -5.84543480e-02  4.57593806e-02  2.82672900e-02
   4.97795846e-02  8.60652728e-02  3.97411005e-02 -1.75655380e-02
   1.98716331e-02  9.43486332e-02 -3.93759314e-02 -2.58386303e-02
  -5.50052063e-02  6.87177753e-02  4.36826982e-02  5.33893816e-03
  -9.68444208e-02 -8.33704522e-02 -1.04554494e-01  2.42595713e-02
  -8.26541494e-02  6.59435101e-02 -7.92071612e-04  8.46221196e-02
   4.83216750e-02  9.28298113e-02  9.61118136e-02  6.43114279e-03
   9.75033969e-02  3.81834587e-02  5.67223503e-03 -5.36670783e-02
   5.73626072e-02 -8.70261800e-02 -8.20870221e-02 -4.28766376e-02
  -6.84304079e-02  7.30568054e-02 -4.77593177e-04  6.07511270e-02
   1.80725542e-03 -3.22822978e-02 -5.91061808e-02 -6.17489375e-02
   2.24237345e-03 -2.76680314e-02  1.65272144e-02  8.28714288e-02
  -2.99501864e-02  9.15060994e-02 -1.01741895e-01  7.30930647e-02
   1.85669657e-02 -2.05926981e-02 -9.94899113e-03 -1.96070748e-02
  -3.31958361e-02  7.24366546e-03 -8.57743127e-02 -7.29497712e-02
  -9.66944861e-02 -2.85922808e-02 -1.42289788e-02 -1.20187881e-01
  -1.82513829e-03 -6.04815702e-02  3.87900426e-02  2.66009717e-02
   4.42586652e-02  2.98366307e-02  3.45091219e-02 -4.73133297e-02
   4.11672601e-02  7.70562381e-02  8.83004942e-02 -8.08684321e-02
   5.99923677e-02  7.30625205e-02  1.39888285e-02  9.40457862e-02
  -9.71233728e-02  7.33998096e-03  4.26400200e-02  6.33103107e-02
   5.32466089e-02 -1.63627043e-02  6.38413267e-02  3.76659858e-02
   7.53140604e-02 -5.60912182e-02]]