[[ 4.28453239e-01 -3.76941574e-01  8.18989462e-02  7.98041788e-01
  -8.04505971e-01 -7.29610325e-01  3.79718640e-01  8.12758400e-01
   7.79379993e-01  2.18365863e-01 -7.50302208e-01 -1.45149927e-02
   7.50118880e-02 -7.54346184e-01  5.65281588e-01 -2.02928341e-01
  -2.15539476e-01  5.57327257e-03  9.57450062e-01  1.85157309e-01
  -6.99581757e-01 -6.82856031e-02 -5.28895900e-01  5.75468864e-01
  -9.19784939e-01  3.04384902e-01  3.31881446e-01 -1.43458822e-01
  -8.18237223e-01  6.73428228e-01 -1.24971389e-01 -8.36066460e-02
  -3.22699273e-01 -2.14600034e-01  4.51922475e-01 -8.82689022e-01
   3.30175257e-02 -3.71481623e-01  5.24312693e-01  5.08889412e-01
  -1.59721132e-01 -6.11755791e-01  3.57604870e-01 -8.72668658e-01
  -5.00892176e-01  9.73699653e-01  6.26950126e-01  9.03760197e-01
   2.59777859e-01  4.84534983e-01 -4.71186882e-01 -9.43077729e-01
  -3.52586760e-02  7.69014109e-01  5.85895420e-02 -7.64453432e-01
   4.90325605e-01 -8.01215792e-01 -8.64545130e-01  6.89945750e-01
  -5.49904617e-01 -1.26937250e-01  7.61743807e-01 -3.16962636e-01
   3.15194463e-01 -3.55832232e-01  7.59992791e-01 -6.61330396e-01
   6.71951602e-01  2.92250270e-01  2.98894631e-01  1.69702141e-01
   8.79741716e-01 -3.70858309e-01  4.59531759e-01  5.18819738e-01
   9.63388864e-01 -3.80036422e-01 -4.84190580e-01 -9.66802036e-01
   7.62927755e-01  4.85677153e-01  2.41645226e-01 -3.84187000e-01
   9.96054801e-01  9.57040691e-01 -7.47674298e-01  3.01794134e-01
   5.55483829e-01  1.51637733e-01  2.44680211e-02 -5.69545798e-01
  -5.00844706e-01  4.37591877e-01  1.82603174e-01 -4.62875025e-01
  -1.38536071e-01  7.06586080e-01 -5.73780595e-02 -2.50373654e-01
  -8.11039340e-01 -2.91520835e-01  7.57219886e-01 -8.23404485e-01
  -5.46175392e-01  8.26509418e-01 -4.81260587e-01  4.85691216e-01
   8.90504451e-01  7.82917358e-01 -5.75273845e-01 -7.04653988e-01
  -9.58615048e-01 -9.70250528e-01 -6.66936817e-01  4.28967199e-01
   1.59678756e-01 -3.39158211e-01  3.94690039e-02  1.46312672e-02
   4.55534133e-01 -5.08781976e-01 -4.91525465e-01 -5.20836521e-02
   7.31653035e-01  7.23600350e-01  6.40818013e-01  7.51319772e-01
   2.42060903e-01 -2.31775835e-01 -2.43357657e-01  8.37403701e-01
  -3.91251480e-01  4.43537161e-01 -7.01502981e-01 -8.05999261e-01
   1.85498923e-01 -6.54687181e-01  3.84653037e-01 -4.31809046e-01
   5.32282859e-01  9.70056960e-01  2.52393044e-01  8.26198580e-01
  -4.43718711e-01 -6.97975202e-01 -8.20493110e-02  5.42356894e-01
   2.65396819e-01 -7.39918720e-01 -3.62815480e-01 -7.60182713e-01
   5.36755001e-01  6.70158012e-01 -6.45681469e-01 -7.26980918e-01
   3.13126951e-01  2.35123137e-01  6.10095863e-01 -4.29499773e-01
   1.89504147e-01  1.67607374e-02 -7.28110064e-02  7.10428579e-01
  -3.06252907e-01  9.66743850e-01 -9.71999355e-01 -7.00968220e-01
  -4.89729905e-01 -7.08233705e-01 -6.82751648e-01 -8.24368625e-01
   5.80657468e-02 -9.69520047e-01 -5.91759386e-01 -3.35661688e-01
  -7.69677667e-03 -6.42670049e-01 -5.91082641e-01  5.73242479e-01
  -7.54190397e-01  4.31089036e-01  4.99426972e-01  1.38460704e-02
  -7.37252094e-01 -1.90779662e-01 -2.67227536e-01 -8.39796374e-01
   8.75320309e-01  1.77102620e-01 -7.66504111e-01  7.97038781e-01
  -3.35084873e-01 -7.14576859e-02  2.69820881e-01  2.92356648e-02
  -4.83958266e-01  9.19021095e-01  3.44924715e-01 -4.19825941e-01
   1.26731793e-01 -1.81988012e-01 -2.74813167e-02  5.90207891e-01
  -8.11554309e-02  1.99474232e-02 -6.46691595e-01 -6.92638860e-02
  -7.62720752e-01 -1.18279047e-01 -5.09987490e-01  1.84202279e-01
   3.62090705e-01 -2.82212812e-01  8.01727304e-01  8.83682549e-01
  -3.55025134e-01  4.26914446e-01  1.00724735e-01 -9.05413271e-01
   5.50887125e-01 -3.85618021e-01  9.43750993e-01 -3.04430580e-01
  -6.98230792e-01 -2.93966898e-02  1.08965990e-02 -1.58103887e-01
  -4.24943773e-01  3.80941871e-01  7.79963191e-04 -4.23028632e-01
  -2.32187872e-01 -6.67341555e-01 -3.67048474e-01 -8.72786033e-01
   1.27536303e-02  4.16893401e-01 -8.17817081e-01 -7.04568602e-01
  -2.95325355e-01  3.29738329e-01 -5.31859015e-01 -8.98280250e-01
  -3.73160529e-01  3.13867821e-01 -1.01322019e-01  6.35896237e-01
  -9.18801665e-01 -7.94053245e-01 -1.33923476e-01 -5.93713730e-01
  -2.49121398e-01 -7.34781052e-01 -1.81802203e-01 -6.65894051e-01
   3.68726566e-02  8.11416729e-03 -7.88649779e-01 -3.56890338e-01
  -5.49164927e-02  7.72076825e-03  6.72108352e-01 -3.57788803e-01
   4.02853161e-01  9.59390251e-01 -6.83008073e-01  1.75876784e-01
  -9.48175103e-01 -2.66883230e-02 -2.18497904e-01  5.77115068e-01
   9.70586085e-01  1.48653671e-01  8.56007298e-01 -2.36211331e-01
   8.49439471e-01 -7.46349210e-01 -1.57749404e-01 -4.73752128e-02
   9.62758891e-02  4.33346962e-01  2.41677405e-01  1.75014327e-01
  -7.15365936e-01  8.46022568e-01 -5.03640386e-01  7.50412362e-01
  -9.55344951e-03 -6.98110198e-01  6.46524849e-01 -3.04795789e-02
  -8.33132898e-01  8.55341644e-01 -2.16502848e-01  6.32176398e-01
  -2.57252901e-01  5.05402621e-01 -2.58812088e-01 -6.65112032e-01
   4.30401299e-02  8.14572229e-01  6.53561572e-01  1.79121215e-01
   1.22252439e-01 -1.31813784e-01  5.44371210e-01 -4.39260317e-01
   8.09918060e-01 -4.46295009e-03  3.94941657e-01 -7.75009199e-01
   4.34629079e-01  8.91288990e-02 -4.08328282e-01  1.28177017e-01
  -7.38113812e-01 -3.48973315e-02  5.09138596e-01  1.03482402e-01
   9.88757298e-01  8.74056984e-02 -7.06944622e-01 -7.96857682e-01
  -5.20677209e-01 -2.23028650e-02  6.48245483e-02  6.17908255e-01
  -3.38368069e-01  1.27600801e-01 -5.23132403e-01  8.90482908e-01
   8.76088537e-02  3.31767923e-01 -7.34612981e-01 -5.16051044e-01
   7.83176309e-01 -7.95014358e-01  4.20095739e-01  5.44569024e-01
   2.90382494e-01  5.13455554e-01  9.47255991e-01  1.10804156e-01
   1.00346931e-01  5.86870304e-01 -3.76899830e-01  7.81835776e-01
   1.05176960e-01 -2.15138012e-01  8.01857572e-01 -4.09204179e-01
  -8.52321641e-01 -9.49669402e-01  8.04970216e-01  8.56977293e-01
   5.38051672e-01 -3.52697176e-01 -8.34063115e-01  5.03488061e-01
  -4.18355074e-01 -4.73313935e-01  7.93815435e-01 -2.79945567e-01
   7.32937545e-01  2.43262332e-01  3.50400031e-01 -1.88121042e-01
   7.74120464e-01  1.98446992e-01  1.57645649e-01 -2.15195597e-02
   2.66920598e-01 -5.78148095e-01 -5.83409831e-01  2.49156964e-01
  -1.11581964e-01 -8.24079737e-01  9.58535335e-01  6.91111873e-01
   3.93503763e-02 -5.13741864e-02 -3.54290961e-01  9.93581027e-01
   9.88690377e-01  5.44800163e-01  1.56495147e-02 -4.50487464e-01
   6.70627063e-01  1.90013844e-01 -9.55245256e-01 -8.72895675e-03
  -6.79773807e-01  9.36650153e-01  7.58032750e-02  7.33729881e-02
   9.83602617e-01 -6.41692188e-01  2.60905551e-01  7.44267392e-01]
 [-4.97272781e-01 -5.44466456e-01 -5.74299999e-01 -4.98925676e-01
  -8.18095542e-01 -6.46940339e-01  9.06629039e-01 -7.97650126e-01
  -7.62263702e-01  7.70442349e-01 -1.75900353e-01  4.55234645e-01
  -7.33021145e-01 -6.21214897e-01  9.44634833e-01  8.93259586e-01
   6.95573110e-01 -2.67103557e-02 -4.51625736e-01 -2.48014119e-01
  -3.67782482e-01 -6.67976161e-01  9.25715300e-01 -4.02266300e-01
   3.56847292e-01  1.40611940e-01 -1.48783053e-02  3.19150864e-01
  -7.30485034e-01 -7.30724731e-01 -3.10130197e-01 -3.16076144e-02
   6.96396170e-01  4.61633782e-01  1.64572022e-01 -2.62866845e-01
   6.79264857e-01 -8.99337277e-01  5.50796049e-01  9.64665785e-01
  -9.76377664e-01 -9.77128233e-01  5.24406621e-01  4.91868683e-01
  -9.55667117e-01 -3.99275555e-01  5.86737548e-02  5.06819394e-01
  -9.59889300e-01 -6.27770220e-02  5.81569597e-01  7.57705065e-01
  -7.05336594e-01  6.07895255e-01 -7.07808114e-01 -1.08668348e-01
  -2.84783111e-01 -9.15582524e-01  7.90669983e-02 -5.41368841e-02
  -7.79494640e-01 -9.24734993e-01 -5.30067566e-01  3.34530106e-01
  -5.13717942e-01  4.16260589e-01  2.22900942e-01 -9.29779159e-01
  -8.12831143e-01  5.15401163e-01  1.61007338e-01  4.79360714e-01
   9.72206100e-01 -3.58077375e-01 -7.89473624e-01  5.71915865e-02
  -3.71020574e-01  7.19537121e-01  9.87796011e-01  6.75424276e-02
   4.36921793e-01  2.04248271e-01 -1.06942016e-01 -5.59774360e-01
   1.57306167e-01  2.47348477e-01  9.78189044e-01 -7.72502948e-02
   6.83867788e-01  3.57870337e-02  5.27554215e-02 -4.00198834e-01
   5.96152631e-01 -6.13990956e-01  8.67864732e-01  6.76769393e-01
  -5.27108553e-01  9.00075521e-02  3.64181135e-01 -7.45544226e-01
   2.70898809e-01  1.60040352e-01  6.91322133e-01  6.58773861e-01
  -1.69507942e-01 -5.05716395e-01  1.02496991e-02  7.14371056e-01
   8.44419154e-02  6.84454372e-01 -6.62454498e-02  7.76854731e-01
   8.58614470e-01 -7.46690185e-01  3.20814655e-01  2.50626563e-01
  -3.60484873e-01  3.01355751e-01  5.47410530e-01 -8.79118155e-01
  -6.18810133e-01 -6.48588309e-01  2.94483760e-01 -4.35258868e-01
  -2.78027599e-01 -7.99803103e-01  9.22605371e-01  4.92619201e-01
   3.13474426e-01  9.16711318e-01 -1.05367578e-02 -2.23267972e-01
  -7.06481815e-01  9.28314973e-01  5.00925103e-02  1.19625956e-01
  -2.43380946e-03  6.47915327e-01  1.49277949e-01 -9.90469100e-01
   6.39558783e-01 -7.94236942e-01 -1.15908317e-01 -8.00326806e-01
  -9.29910791e-01  1.64635755e-01  4.08073107e-01  8.85833201e-01
   1.80407178e-03  9.00991649e-01  9.26829006e-02 -3.44387822e-01
   7.54943746e-01  7.50086076e-01  9.33283739e-01  3.22679130e-01
  -5.17380664e-03 -1.95477427e-01  3.42466026e-01 -8.27222515e-02
  -8.91704496e-01 -2.15943369e-01 -6.08601532e-01 -5.93982889e-01
  -4.17180812e-01 -8.96861628e-01  6.72677207e-01  4.48244489e-01
  -7.11997029e-01  2.57161950e-03  3.78470665e-01 -4.13720063e-02
  -7.32747019e-01  5.91076140e-01 -9.57990481e-01 -3.32308752e-01
   6.01534764e-01 -6.71887330e-01  4.85016657e-01 -3.66977047e-01
   9.32758571e-02 -2.39543989e-01  9.26519810e-01 -9.96387138e-01
  -2.39469841e-01  5.15042574e-01  7.85732033e-01  7.60646149e-01
   4.93666879e-01 -5.98065019e-01 -9.11405668e-01 -8.32857702e-01
  -2.99118026e-01 -2.24704919e-01 -5.82946271e-01  7.01454095e-01
  -2.50206041e-01 -6.33092702e-01  8.73234622e-01 -7.92916037e-01
   9.14257178e-01 -2.46453809e-01  2.90007171e-01  6.69804551e-01
  -3.58074678e-01  9.51384711e-01  3.33431016e-01 -8.32070095e-01
   3.51252939e-01 -1.12332010e-01 -9.87336526e-01  7.95660500e-02
  -9.51982215e-01  7.17125266e-01  6.57672571e-01 -7.50187666e-01
   4.43464504e-01  1.13821010e-02  2.18770710e-01 -2.42151308e-01
   4.41157284e-01  7.25087252e-01 -9.85473182e-01 -7.32118627e-01
  -9.28104685e-01 -1.28912997e-01  5.49137192e-01  7.16095615e-01
   7.35955505e-01  9.14353396e-01  4.39759874e-01  5.41744771e-01
  -9.01431406e-03  4.80320784e-01 -6.25044906e-01 -6.09608882e-01
   2.42293456e-01  6.50420911e-01 -4.69265292e-01 -7.47459336e-01
  -6.37506515e-01  5.12144507e-01  4.94996824e-02 -8.89873053e-01
   3.01624861e-01  9.30962852e-01 -2.11663286e-01  2.06693381e-01
   6.94699486e-01  6.68969055e-01  1.81782781e-01 -6.21144793e-01
  -2.64432247e-01  9.26649060e-01  1.36101745e-02 -3.19540908e-01
   6.30960238e-01  2.03070832e-01 -9.52916045e-01 -6.18419650e-01
   7.48621331e-01 -3.07653470e-02 -3.54487830e-01 -8.76058377e-01
  -5.58719576e-01 -9.67082567e-01  5.14798258e-01 -9.91549520e-01
  -6.71838628e-01 -3.18595375e-01  2.58492667e-01  8.18527247e-01
   4.20278929e-02 -1.24681771e-01  7.02389409e-01  2.55397440e-01
   1.85562317e-01 -9.61667812e-01  4.70878062e-01 -8.88619863e-02
   5.24662299e-02 -2.24571377e-01 -5.83148369e-01  8.82017440e-01
  -1.39717082e-01 -1.72415374e-01  7.08957192e-01  3.29144114e-01
  -9.26418724e-01 -6.13000260e-01 -2.85995899e-01 -3.83833119e-01
   6.49033516e-01 -8.04992870e-01  3.99503054e-01 -4.71368746e-01
  -5.46785927e-01 -2.09848704e-01 -8.55325372e-01  4.83480354e-01
  -4.03580972e-01  9.35904688e-01  9.26336490e-01 -3.36019803e-01
  -8.81506937e-01  9.72014444e-02  8.29210803e-01  2.63671727e-01
  -6.82037550e-01 -5.23256973e-01  6.59948130e-01 -7.18721990e-01
   7.86107386e-01 -8.47622565e-01  2.70646864e-01  9.39602664e-01
  -9.77073449e-01  9.96049007e-01  8.50719449e-01  8.45516940e-01
  -2.27373608e-01 -6.66368439e-02  6.14862625e-01 -5.24915714e-01
  -4.69081815e-01  9.68716313e-02 -8.92449693e-01  7.83117604e-01
  -6.24854572e-01 -6.17050141e-01  5.95668953e-01 -2.62069080e-01
  -1.81037346e-01 -8.89544687e-01  1.87047234e-01  6.03011649e-01
  -7.94702663e-01  8.78563934e-01 -4.29509388e-01  3.22740262e-01
   2.46730240e-01  4.80200585e-01  2.69251422e-01 -2.11721839e-01
  -7.67762933e-01 -9.42748775e-01  6.05856956e-01 -4.86064646e-01
   8.36558871e-01  6.86392398e-01  9.92891982e-01  6.48687103e-02
  -3.47280986e-01 -7.63940159e-01  2.47031328e-01 -7.46037428e-01
   7.33312847e-01  8.46254327e-01  9.53744139e-01 -9.35521584e-01
  -3.92686446e-01  1.35526826e-01 -5.14219921e-01 -3.83192823e-01
  -1.21377565e-01 -8.90748783e-01 -3.24967572e-01 -5.28031927e-01
   8.18807490e-01 -3.15631321e-01 -4.12610124e-01 -8.55643983e-01
  -1.76949282e-01  7.40635802e-01  6.86658125e-01 -5.16565943e-01
  -1.48155738e-01 -4.18611397e-01  6.80396588e-01 -8.58726667e-01
   8.74716460e-01 -9.65261936e-01  5.63914108e-01  1.19308335e-02
  -2.54773877e-01  1.32460774e-01 -9.59494232e-01 -3.16062043e-01
  -4.11538569e-01 -8.02263252e-01 -5.34516571e-01 -1.94856443e-01
  -9.61172061e-01  5.14076146e-01 -8.08160506e-01  7.65952444e-02
  -5.41875886e-01  2.56918055e-01  2.75821941e-01 -4.68907542e-02]
 [-7.47965613e-01 -7.75113002e-01 -1.70626429e-01  7.11111818e-02
  -5.44902598e-01  4.07587439e-02  3.14132244e-01  9.48359650e-02
  -2.76202108e-02  5.45753089e-01 -3.65213633e-03 -1.38007105e-01
  -6.04110658e-01  2.65565805e-01  7.99815157e-01 -9.24866699e-01
   2.27391635e-01  2.99417472e-02 -3.54345389e-01  1.05082605e-01
   1.91115887e-01 -5.83266361e-01  5.62330765e-01 -4.40366390e-01
  -3.90191999e-01 -1.62490195e-01  8.49905197e-01  7.63476518e-02
  -9.50595913e-01 -7.13497794e-01 -6.25250863e-01 -9.10239227e-01
   3.74938591e-01 -1.44033656e-01  2.44037977e-02 -1.44458816e-01
   2.99658330e-01  5.96268225e-01 -6.55642569e-01  1.26370172e-01
  -2.65649960e-01  4.19166042e-01 -5.59836544e-01  9.66107136e-01
   1.98310848e-01 -5.10986468e-01 -7.29312534e-01 -3.41187147e-02
  -6.69710227e-02  7.32452281e-01  1.08521628e-01  5.59966371e-01
   9.10997485e-01  8.08847183e-01 -7.06378153e-01  2.05305876e-01
  -2.09119174e-01 -6.14621224e-02  2.25092409e-01 -3.78181986e-01
   3.89406311e-01 -8.07739779e-01  5.16663220e-01  7.77246777e-01
   4.96429587e-01 -6.86095602e-01  2.72268743e-01  1.35652456e-01
   7.89858076e-01  7.76503564e-02  9.34602826e-01 -9.94571468e-01
  -5.33664060e-01  7.63985053e-02  7.21783331e-01  4.02774354e-01
   1.24198906e-01  7.21103491e-01 -2.28439917e-01  5.32582833e-02
  -6.64843540e-01 -5.38080572e-01  5.98890772e-01  3.87910294e-02
   6.04173470e-01  3.70065492e-01  5.57208477e-01 -4.24727349e-01
   4.99888187e-01  5.10264610e-01 -6.80089237e-01 -2.28471087e-01
  -5.26642912e-01 -7.15865341e-01 -7.22776710e-01 -7.75758903e-01
  -3.32317611e-01  8.10452113e-02  3.54213948e-02  3.73076796e-01
   3.53955133e-01  2.93965060e-02 -3.64804356e-01  3.48174473e-01
  -6.54137022e-01 -9.20826947e-01 -5.24482193e-01  2.58874963e-01
  -5.17105888e-01 -7.24562161e-01 -9.34115972e-01 -5.61502740e-01
  -5.15645688e-01  7.77772818e-01  8.76203760e-02 -3.86530199e-01
   4.38955066e-01  6.29035489e-01  9.86180272e-01 -2.51779664e-01
  -5.03975561e-01  5.84663238e-01  5.63719904e-01  5.65499054e-01
   4.24383782e-01  6.81128147e-01  9.62157960e-01  3.76455534e-01
   9.42460303e-01 -5.33167548e-01  3.32335170e-01 -1.18919066e-01
   8.26270517e-01 -4.00589213e-01  3.57786846e-01  8.39117457e-01
  -7.57741155e-01 -3.21609722e-01 -2.50398029e-01  4.08306432e-01
  -1.42147382e-01 -3.91648891e-01 -6.47255856e-01  1.57800674e-01
  -3.94867088e-01 -7.78783921e-01  2.97936640e-01  9.62014441e-01
   4.72284218e-01 -8.07742318e-01  7.34658518e-01 -7.23696967e-01
   3.23511420e-01  3.96758957e-01 -5.55952060e-01  6.47928157e-01
  -8.44924712e-01  5.74310480e-02 -3.77563179e-02 -9.27273538e-01
  -9.22453128e-01  5.25416387e-01 -7.39720277e-01  3.69087225e-01
   1.85085891e-01  6.23566476e-01  8.85411360e-01  4.48876348e-01
   7.27397707e-01 -9.12455449e-02  9.29235588e-01 -7.08804076e-01
  -1.95278537e-01 -1.23976646e-01 -7.37276687e-01 -4.70682935e-01
   4.82726337e-01  1.73289001e-02  1.92095462e-01 -3.78953200e-01
  -1.31330604e-01  2.77431936e-01 -5.17941510e-01 -5.55844166e-01
  -9.18292702e-01 -2.01657150e-01 -5.40682768e-01 -5.97825646e-02
   3.63394906e-01  2.65670783e-02 -4.42866783e-01  1.02082893e-01
   1.82042586e-01  6.22648173e-01  5.95463413e-01 -9.33044290e-01
  -1.29030107e-01 -5.93379151e-01 -8.90240373e-01 -2.07500956e-01
  -2.97640708e-01 -7.22959408e-01  6.84296463e-01  8.13784840e-02
   3.95606206e-01  8.88290704e-01  2.21660895e-01 -7.71129838e-01
  -4.77805792e-02 -3.51714357e-01 -1.08991514e-01 -7.21067166e-01
   4.97234769e-01  8.92915590e-01  3.07466168e-01  9.95476868e-01
  -1.01532572e-01 -9.49117548e-01  4.76550886e-01 -1.61378778e-01
   5.61322630e-01 -1.94992112e-01 -2.59485302e-01 -4.72852003e-01
   9.86626394e-01  7.97826875e-01  1.42658162e-01  8.63964605e-01
   8.54923840e-02  5.06129311e-01  1.18746023e-02  9.91555945e-01
  -5.00175113e-01  8.88547123e-01  6.68977721e-01  6.33493949e-01
  -4.64750087e-01 -7.70883710e-01 -5.23246090e-01  8.32697489e-01
  -1.95087655e-01  7.13488612e-01 -6.11542309e-01  4.27956834e-01
  -2.21345472e-01 -4.62359072e-01  5.94680125e-01 -3.14877669e-01
   7.45553230e-01  7.87137287e-01 -3.26561311e-01  6.20758218e-01
  -7.30713306e-01  6.47909151e-02  7.96304374e-01  2.64198510e-01
   7.01332160e-01  1.45782537e-01 -5.06146875e-01 -1.37961643e-01
   7.12739954e-02  3.39868105e-02 -4.67626270e-01 -2.99330764e-01
   8.02242160e-01  4.60652314e-01  3.62391200e-01 -9.40220469e-01
   5.59706037e-02  8.83209654e-01 -9.89394095e-01  5.80492211e-03
  -6.11660762e-01  1.54517059e-01 -6.21607781e-01 -5.79449712e-01
  -4.94549652e-02 -4.79192932e-01 -4.01074732e-01 -2.95793501e-01
   9.95035576e-01  4.37720872e-01 -1.20101249e-01  4.18899836e-01
  -5.62467012e-01 -7.88237748e-01  5.44845406e-01 -7.75611885e-01
   5.05623517e-01 -6.03111344e-01  2.42383361e-01  5.56457718e-01
   3.43974014e-01  4.58482245e-01  9.98573063e-01  5.19953321e-01
   9.07549217e-01 -9.49032980e-01  8.77444443e-01  7.68777405e-01
  -1.34613047e-01 -1.41743486e-01  3.25684228e-01  5.13037098e-01
   8.43259225e-02 -6.47558867e-03  9.82930674e-01  3.14480985e-01
  -7.56584418e-01  4.31486003e-02 -6.25393345e-01 -6.51465661e-01
   3.91975392e-01  9.94314434e-01  2.43458829e-01  6.80122754e-02
   4.49117984e-01  7.30947830e-01 -1.37780144e-01  5.82366904e-01
   7.86018015e-01 -5.85631064e-01 -4.86742278e-01  6.73242989e-01
  -3.23735560e-01 -2.79425968e-01  8.16468539e-01  4.75244482e-01
  -4.73745640e-01  7.46689732e-01 -2.18440506e-01 -6.63610354e-01
  -9.99058766e-01 -5.00716255e-01 -3.88417514e-01  5.89379796e-01
   6.21533535e-01  7.57150627e-01  7.96256985e-01 -2.84564185e-01
   1.33107223e-02 -9.10599141e-01 -2.03463474e-01 -5.59929381e-01
  -2.00336640e-01 -6.72571903e-01 -1.94765671e-01  6.12036077e-01
  -3.23988076e-01  1.81671450e-01 -8.86003747e-02 -8.76390390e-01
   9.45330738e-01  7.41904664e-02 -6.12475326e-01 -4.63746889e-01
  -5.44161639e-01  7.64522696e-01 -3.06711330e-01 -2.62899041e-01
   2.89494800e-01 -1.49300430e-01  7.12271763e-01  9.01999472e-01
  -8.85568024e-01  7.52927804e-01 -5.66188790e-01 -1.77598996e-01
   1.93173473e-01  8.14963504e-01 -2.15679672e-01  7.08481287e-02
  -6.19158384e-01  9.95042766e-01  5.61348736e-01 -5.79196979e-01
   8.28405990e-01  8.69901668e-01  5.57705064e-01 -4.00790148e-01
   5.24310008e-01 -5.08767461e-01  4.71986276e-01 -4.78984269e-01
  -1.85656687e-01  6.90953503e-01  1.80860029e-01  8.21765827e-01
   5.98251283e-01 -5.32047897e-01  5.36063205e-02  6.16080117e-01
   9.85881501e-01  8.03110393e-01 -4.77653960e-01  2.58471691e-01
  -7.62394024e-01 -1.10489671e-01 -1.29060583e-02 -6.39026849e-01]
 [ 3.04475408e-01  3.12182230e-01 -6.76803210e-01  7.11165791e-01
   1.57605281e-01 -1.93892391e-03 -9.02359450e-01  8.54703297e-01
   2.10772640e-01  9.01912549e-01 -2.83961951e-01 -8.10165650e-01
  -8.62831748e-01 -6.62759210e-01 -7.90206919e-01 -3.85986178e-02
  -8.24316102e-01  1.55656859e-01  1.47500513e-01  2.35027627e-01
   2.78068773e-01 -2.03594651e-01  4.72261278e-01  1.73388538e-01
   7.06072765e-01 -2.13464178e-01 -8.71335913e-02  6.07877630e-01
   2.06759581e-01 -6.34832971e-01 -4.36782287e-02 -6.52193397e-01
  -6.51527900e-01 -6.86007731e-01  6.43514840e-01 -5.15592122e-01
  -8.18484547e-01  3.49281775e-01  5.81088994e-01 -8.16031858e-02
  -8.72837736e-01 -2.67354701e-01 -7.47012437e-01  7.88930679e-01
  -3.90855678e-02  2.36865943e-03  4.18820708e-01  8.73822659e-02
   1.62059804e-01 -5.98039563e-01 -7.76869201e-01 -5.55533487e-01
   7.12457087e-01 -4.25451730e-02 -9.77481179e-01  3.08204781e-01
  -7.32714168e-01 -6.72536680e-01  1.02387349e-01  3.50239872e-01
   5.79544504e-01 -2.04646883e-01 -2.48604244e-01 -9.81672860e-01
   3.60175756e-01 -2.65256367e-01 -4.93084813e-01 -4.69104502e-01
   6.23150197e-01 -4.72550144e-01  2.46602100e-01 -4.93734525e-01
  -8.83573216e-01 -1.43893177e-01  7.00890405e-02 -8.25655187e-01
  -6.66921830e-01 -6.18582372e-01 -6.51604765e-01  6.38535698e-01
   9.33388472e-01  5.12837479e-01 -9.99778303e-01 -1.23373703e-01
  -6.30423902e-01  9.53786141e-01 -9.52579870e-02  4.78834010e-01
   6.45059613e-01 -9.07436351e-01 -4.29384321e-01  3.63626315e-01
  -3.67110131e-01  6.90103579e-01 -9.16622088e-01  5.50868100e-01
  -8.60565276e-01 -8.71431562e-01  9.99537434e-01  4.73108629e-01
   5.23826343e-01 -4.73082564e-01 -6.34267644e-01  2.13945749e-01
   1.76519861e-01  8.26009998e-01  4.75287307e-01 -4.10109205e-01
   6.25195383e-01  7.87213659e-01 -3.71815448e-02  1.02856662e-01
   4.02111410e-01  2.17175877e-01  8.03892301e-01 -8.21738611e-01
  -7.93332610e-01 -2.73460331e-02  1.23362967e-01  3.31815594e-01
  -3.44367344e-01  5.34501170e-01  2.90662326e-01 -5.99489366e-01
   9.49204297e-02  4.55995810e-01  2.93352541e-01 -9.50606998e-01
   7.20516573e-01  9.19999428e-02  4.75603049e-01  7.01777372e-01
  -3.79198339e-01 -3.19332757e-01 -8.91849424e-01 -5.77026494e-01
  -3.29655879e-01 -1.25877713e-01  3.66341919e-01  2.50457564e-01
  -5.78896159e-01  6.56513602e-01  8.30995973e-02 -3.48019563e-01
  -9.15422480e-02 -2.60816710e-01 -7.87341190e-01  4.20553466e-01
  -3.38634739e-01  9.61206171e-01  3.66572388e-01  5.97002664e-01
   4.16731438e-02  1.48054007e-01 -2.22456742e-01 -7.45043224e-01
  -9.89946894e-01 -4.89967921e-01  6.03964869e-01 -3.78827387e-01
  -4.81309584e-01 -3.51617003e-01  2.83848515e-01  2.19736889e-01
  -1.21164483e-01  1.53872988e-01 -3.73298938e-01  4.01049353e-01
  -7.65788751e-01 -9.09704909e-01 -4.90896815e-01  4.30890259e-01
   2.69216856e-01 -9.90044761e-01 -1.35059264e-01 -4.47928888e-01
  -9.57954666e-01  2.61999651e-01 -3.01647464e-01  2.43586341e-01
   6.18327173e-01  9.41216129e-01 -7.37204133e-01 -9.97873273e-01
  -5.79477692e-01 -5.53635315e-01 -7.03005720e-01  1.43389660e-01
   6.87438853e-01  9.86616362e-01 -1.10937679e-01  4.23253403e-01
  -1.07466227e-01  1.42041158e-01 -6.31348697e-01 -7.44531817e-01
   6.15843634e-01 -9.66180951e-02 -3.07467768e-01  5.78716046e-02
  -1.72132146e-01 -6.72427493e-01 -1.84141151e-01 -9.28760200e-01
   8.79157590e-01  6.31131057e-01  4.44327423e-01 -1.83341317e-01
  -8.02369911e-01 -9.81799995e-01  3.86416495e-01 -5.94343207e-01
  -9.25901833e-01 -7.37095322e-02 -2.49805472e-01  6.95102874e-01
  -9.42502114e-01 -8.73466997e-01 -9.14369997e-01 -4.62173037e-01
  -6.22480700e-01  1.65421111e-01 -5.39494716e-02  3.53388353e-01
  -6.44404625e-01 -1.15001997e-02  5.65968542e-01 -7.54187707e-01
  -8.79581460e-01 -2.14858060e-01  7.46295114e-01 -1.79369401e-01
   1.83543336e-01 -4.86328213e-02 -9.15946282e-02  3.40091992e-02
  -8.83178818e-01  8.60170094e-01  2.46297814e-01  8.30873006e-01
   7.44571320e-01 -6.53356437e-01  8.33307412e-01  4.35700102e-02
   2.89855530e-01  7.39151848e-01 -5.78986520e-01 -5.76226229e-01
  -6.24886859e-01  2.70315333e-01  8.13049106e-02  2.96867342e-01
   7.52923437e-01 -8.76038679e-01 -8.80566276e-01  1.60076365e-01
  -6.07845971e-01  7.70211414e-01 -8.36474885e-01 -6.51178116e-01
  -5.81854158e-01 -5.51842000e-01 -1.77536750e-01  5.48500792e-01
  -3.11158146e-01  5.48663865e-02 -6.56564919e-02  3.09835763e-01
   5.13108540e-01  5.80450092e-01 -2.28203900e-01  5.63746978e-01
   5.01294328e-01 -9.18867259e-01 -5.82480374e-02  8.98630581e-01
  -3.81931649e-02  1.48740017e-02 -9.29587214e-01  6.40493447e-01
   7.85232723e-01  5.00227315e-01  3.21678160e-01 -6.17764460e-02
   8.29286633e-01  7.85554368e-01  1.11392352e-01  7.31119650e-01
   2.81197832e-01 -1.45146440e-01 -5.21353218e-01  2.19844855e-01
  -9.40870665e-01  2.19901961e-01  8.03433110e-01 -2.51971650e-01
   3.21924493e-01 -7.12881574e-01 -5.80471425e-01 -4.87663431e-01
  -1.61212876e-01 -1.40601904e-01  1.95750191e-01  5.79032299e-01
  -1.95303426e-01  1.90041153e-01  6.51184653e-01  5.78414891e-01
   3.02631944e-01 -5.15779993e-01 -8.39875170e-01 -4.75125011e-01
  -4.88486704e-02 -8.42613023e-02  3.93581515e-01 -5.36482251e-01
  -7.53002072e-02 -9.88368446e-03  1.44339661e-01 -3.59186670e-01
   9.56045242e-01  1.32735157e-02  1.10616848e-01  6.39848011e-01
   7.24678754e-01  9.03428735e-01 -4.21101821e-01  7.68422625e-01
  -8.75708083e-01 -9.96223519e-01  6.16039583e-01 -7.15512248e-01
  -6.20204155e-01  6.89637666e-02 -4.27890318e-01 -8.59764001e-01
  -4.17614727e-01 -4.84973889e-01  3.37378128e-01  8.72985876e-01
   2.36669871e-01 -4.56244132e-01 -4.66064895e-01  9.35521902e-03
  -3.40362894e-01 -4.48423696e-01  8.92645045e-01 -6.98552782e-01
   1.98853413e-01  5.04006674e-01  6.76471830e-02 -8.44557477e-01
   9.60083791e-01  8.46729365e-01 -6.35769100e-01  1.56979219e-01
   4.91514357e-01  6.78867408e-01  5.71411780e-01 -8.42423491e-01
  -7.88337209e-01 -2.33907926e-01  8.59642147e-01  4.25695222e-01
   5.38768262e-01  4.62430895e-01 -7.83548021e-01 -1.09778816e-02
  -9.14468536e-01  8.55207954e-01  9.99767775e-01 -7.64331447e-01
   7.13572105e-01  9.18192919e-01 -9.31658668e-01 -5.54627643e-01
   1.97179461e-01 -3.62195990e-01  5.53531337e-01 -2.38318611e-01
  -2.98676856e-01 -3.87622784e-01 -4.02652174e-01  7.90271292e-01
   4.94710432e-01 -1.83809943e-01  2.91266716e-01 -1.32087103e-01
  -3.34260009e-01 -5.41403962e-01 -9.08232739e-01 -5.81360176e-01
   5.54169616e-01  7.81413682e-01 -9.05392861e-01  6.16325682e-01
  -4.13149836e-01 -5.36957590e-01  5.68307708e-01  8.75299615e-01]
 [ 8.60197438e-01  8.27743004e-01  2.25310862e-01  4.07938695e-02
   5.17301715e-02  5.73826353e-01 -4.64464690e-01 -6.40465352e-01
  -8.32392307e-01  4.09701441e-01 -3.97354404e-01  8.56228954e-01
   4.58497578e-02  5.38509285e-01  3.48824136e-01 -7.42475772e-01
  -2.23763306e-01 -5.34346328e-01  6.52895131e-02  4.03595126e-02
  -4.39720064e-01 -7.38699855e-01  6.30108424e-01  1.58795088e-02
   4.09681480e-01  3.73308835e-01  4.14518109e-01 -6.81441669e-01
  -7.12744932e-01  1.64967529e-01 -2.68851412e-01 -5.60469583e-01
   4.22011615e-01  6.22277370e-01 -2.46800737e-01 -9.73198160e-01
   9.53095961e-02 -2.59188373e-01 -6.99684788e-01  1.95718852e-01
   4.03314881e-01  5.58572555e-01  9.77814872e-01 -8.23552905e-01
   3.90663659e-01 -7.94001437e-01 -2.56538416e-01 -5.92689906e-01
  -7.65198143e-01  5.50177730e-01 -2.66258535e-01  2.27997048e-01
  -9.73028279e-01  8.93612605e-01 -2.85788880e-01  5.70158077e-01
  -9.40958828e-01 -4.25303896e-01 -2.85724497e-01 -2.18134835e-01
  -5.19184226e-01  5.71718324e-01 -5.51773283e-01 -3.61589874e-01
  -6.60512398e-01  5.31708712e-01 -2.70623963e-02 -8.18899529e-01
  -5.36206931e-01 -8.90419795e-01  6.07863210e-01  9.89301307e-01
   5.43461022e-01  6.31321334e-01 -5.22263176e-01  4.86341364e-02
   8.80544769e-01  1.11066488e-01  1.36726005e-01  9.75029501e-01
   3.73623861e-02 -3.35750072e-01 -7.11631582e-01 -7.63637487e-01
   6.45315191e-01  8.23064165e-01 -1.88872504e-01  2.74971928e-01
  -9.03136240e-01 -2.16657596e-01  3.71510855e-01 -8.23983334e-02
   2.71431073e-01 -4.64174092e-02 -7.82597827e-01  9.82668452e-01
   8.30105355e-01  4.64982082e-01 -3.07692336e-01 -6.84960549e-02
   8.58683450e-01 -6.14366214e-01 -1.08154626e-01  3.08199352e-01
   2.32878194e-01 -6.51385626e-01  3.01987440e-01 -1.91516299e-01
  -5.31567279e-01 -8.23447825e-01  1.36059034e-01  7.20153883e-01
  -3.94242316e-01  7.46232242e-01 -6.25473203e-01  9.33787114e-01
  -5.69230977e-01  9.52725223e-01 -3.23603818e-01  1.42794916e-01
   6.29850673e-01 -2.58962679e-01 -7.01225752e-01 -2.41697540e-01
  -4.27595919e-02 -4.50873693e-01  6.65698330e-01 -3.97744441e-01
   1.37086166e-01  1.92137008e-01  2.56661466e-01 -2.83347840e-01
   2.36892213e-01  7.07644774e-01  3.71652336e-01 -7.83673530e-01
  -2.02551884e-01 -4.06180963e-01  9.43293862e-01  7.59661139e-01
   7.94636612e-01 -7.55840970e-01 -8.09061315e-01  4.52656269e-01
  -1.28695947e-01 -5.64663703e-01 -6.46644470e-01 -7.01746341e-01
   1.02927609e-02 -5.96516050e-01 -7.70237452e-01 -1.47981492e-01
   9.07461659e-01 -2.31916993e-01 -2.86717401e-02  9.46838626e-03
   4.73583704e-01  3.64849763e-01 -9.99871447e-01  9.65106340e-01
   1.12377030e-01  1.71866216e-01  1.23175601e-01  1.91633957e-01
  -8.54403746e-01  9.60564796e-01  1.04624877e-01 -9.17013133e-01
   6.39929224e-01 -2.69872216e-01 -6.04517422e-01 -4.00745439e-01
   9.54122591e-01 -7.04110001e-01 -8.59426588e-01 -9.98088982e-01
  -9.59603766e-01  4.33623383e-02 -2.01891180e-01  8.96712835e-01
   9.06563371e-01 -8.19331566e-01 -5.45523540e-01 -9.81223527e-01
  -7.92809880e-01  6.59757501e-01 -9.47463011e-01 -8.57066246e-01
   7.91680106e-01 -9.18336678e-01 -4.44920398e-01  5.69684438e-01
   1.59814264e-01 -1.02742916e-01 -5.12985694e-01 -4.58466426e-01
  -6.42489162e-01  1.54332584e-01 -3.75043948e-01  2.99457462e-01
   8.92158398e-01 -3.47281594e-01 -3.61586562e-01  6.95277586e-01
  -2.08222133e-01 -8.97776637e-01  8.16554991e-01  6.77860056e-01
  -9.24790372e-01 -8.18963423e-01  9.96190458e-01 -6.19279899e-03
   8.90188151e-01 -1.08989425e-01 -4.44307627e-01 -2.61040452e-01
   5.62099804e-01 -6.84943381e-01 -1.08303785e-01  6.17749165e-01
   3.98386101e-01  5.35832396e-01  7.95999710e-01 -3.98225087e-01
  -2.11669747e-01  1.42256608e-01  9.96051220e-01 -6.50786449e-01
   7.70122800e-01  2.57231655e-01  2.84646321e-01  6.53171745e-01
   3.42278041e-01  5.59022421e-02 -7.22917447e-01  7.74137175e-01
   6.39655150e-01  9.62929124e-01  3.38102789e-01  3.47871090e-01
   2.37211294e-01  7.04400898e-01  3.28176703e-01  1.98732320e-02
   7.21978462e-01 -6.18582078e-01 -1.59254167e-01 -5.49676908e-01
   4.17434435e-01  3.20450130e-01  1.77209860e-02  4.66130644e-01
   8.78743664e-02  4.87610155e-01 -7.26183970e-01 -4.86741617e-01
  -3.92640807e-01  5.49243297e-01 -8.54033495e-01 -7.38250950e-01
   2.38857192e-01  6.20810370e-01 -1.04813051e-01 -3.35655119e-01
   7.36895274e-01  5.23846063e-01  5.36223344e-01 -5.42358991e-01
   5.31192935e-01 -6.13209239e-01 -9.56328025e-01 -6.32174723e-01
  -8.11394732e-01  6.59702037e-03 -3.19734824e-01 -3.06571227e-01
  -4.15530057e-02 -9.87775453e-01 -5.65043129e-01  2.54897688e-01
   3.77700130e-01 -9.65115747e-01  8.41951987e-01 -6.71104195e-01
  -9.89044733e-01 -6.72253597e-01  3.07338779e-01 -8.09888375e-01
  -6.87623935e-01 -9.01503133e-01  4.04938864e-01  6.57688988e-01
   8.16194361e-01 -7.87961995e-01  6.52380310e-01  6.23722660e-01
   6.29360828e-01 -4.16824852e-01  7.72003920e-01 -4.30752078e-01
  -8.82427250e-01 -7.07644458e-01 -4.02176809e-01 -4.59637750e-01
   5.98153940e-01  8.48554765e-01  2.06926203e-02 -6.22119592e-01
  -6.09814590e-01 -7.28792414e-01 -5.46021627e-01  5.25066718e-01
   9.47934033e-01  3.34361664e-01  1.80161074e-01 -2.27710531e-01
   2.71612746e-01  2.70429571e-01 -4.06849477e-01  1.94799487e-01
  -7.85741350e-01 -1.27748302e-01  4.14167218e-01  2.47462320e-01
  -3.41158184e-01  4.56083536e-01 -3.66329125e-01 -2.64476011e-01
  -6.78189448e-01 -3.29549465e-02  8.83704297e-01 -9.55464280e-01
  -6.13678953e-01  8.82581765e-01  3.69547187e-01 -8.01757649e-01
  -8.31342400e-01  4.06091344e-01 -5.93782070e-01 -1.59668959e-01
   1.93219356e-01  8.81068076e-01 -2.72347092e-02  6.53622267e-01
   6.73838447e-01 -7.20919711e-02 -4.85506877e-02 -4.69968675e-01
  -8.51950258e-01 -9.11183130e-01 -8.72085781e-01  4.57176723e-01
   6.68411594e-01 -4.03336741e-02  2.05695152e-01  4.03421826e-01
   2.30367722e-01  6.67752851e-01  4.30461672e-01 -4.23089692e-01
  -6.32614837e-01  4.24599597e-01 -9.42619372e-01  7.78382585e-01
   1.43494527e-01  2.83556206e-01  8.13645075e-01 -4.38238695e-01
   2.65564668e-01 -2.06828003e-01 -1.67521341e-01 -6.43238901e-01
   4.03748611e-01 -1.51302327e-01  1.08359166e-01 -3.95041206e-01
   6.20620345e-01  6.15898713e-01  3.63985796e-01  5.44292634e-01
  -9.91654539e-01  1.11968220e-01  5.66723495e-01 -7.63030967e-01
   5.05101961e-01  6.18477664e-01  2.14158287e-01 -9.61546887e-01
  -1.71424197e-01  5.88252286e-01 -7.14778634e-01  8.79963191e-01
  -6.21854680e-01  4.30285112e-01  8.31374576e-01 -5.61237322e-01
   8.03921680e-01 -5.84541467e-01  8.67527359e-02  8.70468616e-01]
 [ 0.00000000e+00  0.00000000e+00  0.00000000e+00  0.00000000e+00
   0.00000000e+00  0.00000000e+00  0.00000000e+00  0.00000000e+00
   0.00000000e+00  0.00000000e+00  0.00000000e+00  0.00000000e+00
   0.00000000e+00  0.00000000e+00  0.00000000e+00  0.00000000e+00
   0.00000000e+00  0.00000000e+00  0.00000000e+00  0.00000000e+00
   0.00000000e+00  0.00000000e+00  0.00000000e+00  0.00000000e+00
   0.00000000e+00  0.00000000e+00  0.00000000e+00  0.00000000e+00
   0.00000000e+00  0.00000000e+00  0.00000000e+00  0.00000000e+00
   0.00000000e+00  0.00000000e+00  0.00000000e+00  0.00000000e+00
   0.00000000e+00  0.00000000e+00  0.00000000e+00  0.00000000e+00
   0.00000000e+00  0.00000000e+00  0.00000000e+00  0.00000000e+00
   0.00000000e+00  0.00000000e+00  0.00000000e+00  0.00000000e+00
   0.00000000e+00  0.00000000e+00  0.00000000e+00  0.00000000e+00
   0.00000000e+00  0.00000000e+00  0.00000000e+00  0.00000000e+00
   0.00000000e+00  0.00000000e+00  0.00000000e+00  0.00000000e+00
   0.00000000e+00  0.00000000e+00  0.00000000e+00  0.00000000e+00
   0.00000000e+00  0.00000000e+00  0.00000000e+00  0.00000000e+00
   0.00000000e+00  0.00000000e+00  0.00000000e+00  0.00000000e+00
   0.00000000e+00  0.00000000e+00  0.00000000e+00  0.00000000e+00
   0.00000000e+00  0.00000000e+00  0.00000000e+00  0.00000000e+00
   0.00000000e+00  0.00000000e+00  0.00000000e+00  0.00000000e+00
   0.00000000e+00  0.00000000e+00  0.00000000e+00  0.00000000e+00
   0.00000000e+00  0.00000000e+00  0.00000000e+00  0.00000000e+00
   0.00000000e+00  0.00000000e+00  0.00000000e+00  0.00000000e+00
   0.00000000e+00  0.00000000e+00  0.00000000e+00  0.00000000e+00
   0.00000000e+00  0.00000000e+00  0.00000000e+00  0.00000000e+00
   0.00000000e+00  0.00000000e+00  0.00000000e+00  0.00000000e+00
   0.00000000e+00  0.00000000e+00  0.00000000e+00  0.00000000e+00
   0.00000000e+00  0.00000000e+00  0.00000000e+00  0.00000000e+00
   0.00000000e+00  0.00000000e+00  0.00000000e+00  0.00000000e+00
   0.00000000e+00  0.00000000e+00  0.00000000e+00  0.00000000e+00
   0.00000000e+00  0.00000000e+00  0.00000000e+00  0.00000000e+00
   0.00000000e+00  0.00000000e+00  0.00000000e+00  0.00000000e+00
   0.00000000e+00  0.00000000e+00  0.00000000e+00  0.00000000e+00
   0.00000000e+00  0.00000000e+00  0.00000000e+00  0.00000000e+00
   0.00000000e+00  0.00000000e+00  0.00000000e+00  0.00000000e+00
   0.00000000e+00  0.00000000e+00  0.00000000e+00  0.00000000e+00
   0.00000000e+00  0.00000000e+00  0.00000000e+00  0.00000000e+00
   0.00000000e+00  0.00000000e+00  0.00000000e+00  0.00000000e+00
   0.00000000e+00  0.00000000e+00  0.00000000e+00  0.00000000e+00
   0.00000000e+00  0.00000000e+00  0.00000000e+00  0.00000000e+00
   0.00000000e+00  0.00000000e+00  0.00000000e+00  0.00000000e+00
   0.00000000e+00  0.00000000e+00  0.00000000e+00  0.00000000e+00
   0.00000000e+00  0.00000000e+00  0.00000000e+00  0.00000000e+00
   0.00000000e+00  0.00000000e+00  0.00000000e+00  0.00000000e+00
   0.00000000e+00  0.00000000e+00  0.00000000e+00  0.00000000e+00
   0.00000000e+00  0.00000000e+00  0.00000000e+00  0.00000000e+00
   0.00000000e+00  0.00000000e+00  0.00000000e+00  0.00000000e+00
   0.00000000e+00  0.00000000e+00  0.00000000e+00  0.00000000e+00
   0.00000000e+00  0.00000000e+00  0.00000000e+00  0.00000000e+00
   0.00000000e+00  0.00000000e+00  0.00000000e+00  0.00000000e+00
   0.00000000e+00  0.00000000e+00  0.00000000e+00  0.00000000e+00
   0.00000000e+00  0.00000000e+00  0.00000000e+00  0.00000000e+00
   0.00000000e+00  0.00000000e+00  0.00000000e+00  0.00000000e+00
   0.00000000e+00  0.00000000e+00  0.00000000e+00  0.00000000e+00
   0.00000000e+00  0.00000000e+00  0.00000000e+00  0.00000000e+00
   0.00000000e+00  0.00000000e+00  0.00000000e+00  0.00000000e+00
   0.00000000e+00  0.00000000e+00  0.00000000e+00  0.00000000e+00
   0.00000000e+00  0.00000000e+00  0.00000000e+00  0.00000000e+00
   0.00000000e+00  0.00000000e+00  0.00000000e+00  0.00000000e+00
   0.00000000e+00  0.00000000e+00  0.00000000e+00  0.00000000e+00
   0.00000000e+00  0.00000000e+00  0.00000000e+00  0.00000000e+00
   0.00000000e+00  0.00000000e+00  0.00000000e+00  0.00000000e+00
   0.00000000e+00  0.00000000e+00  0.00000000e+00  0.00000000e+00
   0.00000000e+00  0.00000000e+00  0.00000000e+00  0.00000000e+00
   0.00000000e+00  0.00000000e+00  0.00000000e+00  0.00000000e+00
   0.00000000e+00  0.00000000e+00  0.00000000e+00  0.00000000e+00
   0.00000000e+00  0.00000000e+00  0.00000000e+00  0.00000000e+00
   0.00000000e+00  0.00000000e+00  0.00000000e+00  0.00000000e+00
   0.00000000e+00  0.00000000e+00  0.00000000e+00  0.00000000e+00
   0.00000000e+00  0.00000000e+00  0.00000000e+00  0.00000000e+00
   0.00000000e+00  0.00000000e+00  0.00000000e+00  0.00000000e+00
   0.00000000e+00  0.00000000e+00  0.00000000e+00  0.00000000e+00
   0.00000000e+00  0.00000000e+00  0.00000000e+00  0.00000000e+00
   0.00000000e+00  0.00000000e+00  0.00000000e+00  0.00000000e+00
   0.00000000e+00  0.00000000e+00  0.00000000e+00  0.00000000e+00
   0.00000000e+00  0.00000000e+00  0.00000000e+00  0.00000000e+00
   0.00000000e+00  0.00000000e+00  0.00000000e+00  0.00000000e+00
   0.00000000e+00  0.00000000e+00  0.00000000e+00  0.00000000e+00
   0.00000000e+00  0.00000000e+00  0.00000000e+00  0.00000000e+00
   0.00000000e+00  0.00000000e+00  0.00000000e+00  0.00000000e+00
   0.00000000e+00  0.00000000e+00  0.00000000e+00  0.00000000e+00
   0.00000000e+00  0.00000000e+00  0.00000000e+00  0.00000000e+00
   0.00000000e+00  0.00000000e+00  0.00000000e+00  0.00000000e+00
   0.00000000e+00  0.00000000e+00  0.00000000e+00  0.00000000e+00
   0.00000000e+00  0.00000000e+00  0.00000000e+00  0.00000000e+00
   0.00000000e+00  0.00000000e+00  0.00000000e+00  0.00000000e+00
   0.00000000e+00  0.00000000e+00  0.00000000e+00  0.00000000e+00
   0.00000000e+00  0.00000000e+00  0.00000000e+00  0.00000000e+00
   0.00000000e+00  0.00000000e+00  0.00000000e+00  0.00000000e+00
   0.00000000e+00  0.00000000e+00  0.00000000e+00  0.00000000e+00
   0.00000000e+00  0.00000000e+00  0.00000000e+00  0.00000000e+00
   0.00000000e+00  0.00000000e+00  0.00000000e+00  0.00000000e+00
   0.00000000e+00  0.00000000e+00  0.00000000e+00  0.00000000e+00
   0.00000000e+00  0.00000000e+00  0.00000000e+00  0.00000000e+00
   0.00000000e+00  0.00000000e+00  0.00000000e+00  0.00000000e+00
   0.00000000e+00  0.00000000e+00  0.00000000e+00  0.00000000e+00
   0.00000000e+00  0.00000000e+00  0.00000000e+00  0.00000000e+00
   0.00000000e+00  0.00000000e+00  0.00000000e+00  0.00000000e+00
   0.00000000e+00  0.00000000e+00  0.00000000e+00  0.00000000e+00]]