[[-7.01409611e-01  8.95255498e-01  6.17629370e-01  1.77000678e-01
   2.88864707e-01 -6.45457350e-01  9.42006896e-01 -2.45513689e-01
   1.46271234e-01 -8.46662816e-01 -8.10627803e-01 -4.05224731e-01
  -3.22880774e-01  9.19203327e-01  6.65216566e-01 -3.63744854e-01
   3.60748828e-01  3.75660830e-01 -6.44265429e-01  1.49383791e-01
   8.48549730e-01  3.89521043e-01 -7.36647333e-01  7.40490474e-01
   2.27383158e-01  5.70514168e-01 -5.64912349e-01  2.66417729e-01
   8.83997362e-01 -9.51333473e-01  7.24084929e-02  2.16399780e-01
  -5.27602668e-01  7.67825437e-01 -9.60418692e-01 -5.23679794e-01
   2.83942360e-01  8.12263571e-01 -9.36646829e-01  7.66781448e-01
   6.24476148e-01 -1.15034417e-01  4.14047273e-01  3.05550902e-01
   6.66533593e-01  4.56370550e-01  5.33236901e-01 -7.05557102e-02
  -9.36441217e-01  7.51038818e-01 -3.44563369e-01 -2.18432944e-01
  -9.11158468e-01 -4.93797691e-01  8.49234297e-02  7.81500359e-01
   5.41468890e-01 -9.38442658e-01 -8.56102823e-01  3.55250910e-01
   3.83697888e-02 -2.49302131e-01 -3.34491829e-01  2.92659280e-01
   6.52549635e-01 -3.90289994e-02  3.12524346e-01 -6.53334392e-01
  -4.01703545e-01 -2.24275236e-01  1.66238793e-01  3.70619310e-01
  -4.29480102e-01 -2.32595640e-01 -6.94177424e-01 -8.55530479e-01
  -1.99565016e-01  9.72629626e-02  7.91988739e-01 -4.16474165e-01
   8.80931333e-01 -3.72113327e-01 -1.11985191e-01 -1.68335166e-01
   9.87184779e-01 -3.08295324e-01 -3.69692764e-02  6.17119220e-01
  -5.92775555e-01 -4.20952833e-02  5.31405658e-01 -3.07395535e-01
   8.29022251e-02  1.18265885e-01 -9.76556631e-01  9.39464775e-01
  -6.53182469e-01  8.86798981e-01 -1.88676084e-01  1.09531249e-01
  -1.02008833e-01 -6.84790170e-01 -4.95606105e-01  5.69801589e-01
  -4.45673634e-01  4.81406103e-01 -3.68799438e-01  4.23620350e-01
  -7.18664402e-01  8.90295778e-01 -5.73830868e-01 -6.62744780e-01
  -5.61391901e-02  9.80921146e-01 -5.98672369e-01 -1.76590001e-01
   1.04841501e-01  3.93752884e-01 -1.21267822e-01 -1.25968581e-01
   5.24861520e-01  1.65798754e-01  8.14958838e-01  6.17102973e-01
  -9.81340293e-01 -5.71411451e-01 -2.08383977e-01  8.52613479e-01
   6.52805730e-01  3.38313189e-01 -2.06404207e-01  8.77694121e-01
  -9.17830756e-01  7.25455249e-01  4.51132971e-01  7.38342141e-01
   1.40178355e-02  3.68446049e-01  4.54682610e-01 -2.25994497e-01
   7.70137896e-01  6.63814616e-01 -4.16265102e-02  7.04281026e-01
   6.00792042e-01  7.36643222e-01 -1.68804928e-02 -2.35794838e-01
   3.92463595e-01  3.16365554e-01  2.06230949e-02  6.38684488e-02
   9.89225822e-01 -9.63475355e-01 -2.02668748e-01 -4.04240465e-01
   7.71290118e-01 -1.71097841e-01 -4.74129789e-01 -4.32501542e-01
   2.34651290e-01 -5.22337623e-01 -1.72606224e-01 -4.23033292e-01
   7.38825781e-01 -6.29850923e-01  5.90073713e-01 -2.49633682e-02
   7.60931013e-03  6.55791881e-01  5.52265187e-01 -5.46726817e-01
  -6.94834902e-02  1.37956015e-01  2.18023399e-01 -1.45173116e-01
   9.09671779e-01  3.10560807e-01  2.46315575e-01  3.60552760e-01
   8.07023357e-02  7.92874693e-01  1.23432916e-01  5.39975800e-01
   7.33792083e-01 -7.00462838e-01 -4.73371811e-01 -8.72543575e-01
   4.98652006e-01  1.65015666e-01 -8.82564547e-01 -4.65986764e-01
  -8.39366591e-02 -8.92675251e-01  6.52807908e-01  6.99050025e-01
  -8.01275867e-01 -3.23188159e-01  4.13707085e-01 -2.80924826e-01
   2.85902528e-01  1.78683620e-01  1.31092019e-01  5.29671857e-01
   3.13978963e-01 -7.58847196e-01 -8.69961690e-02  3.17007701e-01
  -1.12300347e-01  9.71398077e-01  7.74874001e-01  1.79510760e-01
  -7.25338002e-01 -1.13352967e-01  6.84675906e-01 -2.06346646e-01
   7.28466811e-01  8.69860014e-01  9.49353312e-01  6.22795755e-01
  -6.90704531e-01  4.97872253e-01 -6.43451860e-01  3.97354062e-01
  -3.73633289e-01 -9.64323577e-01 -7.85625822e-02  8.91686174e-01
  -2.68402380e-01  2.15883617e-01 -2.66538296e-01  9.85576092e-01
  -8.36088393e-02  7.26854944e-01 -1.15982777e-01  6.12628717e-02
   3.96564230e-01 -9.17509039e-01 -3.37365456e-01  5.96511935e-01
  -6.08331377e-01 -8.51976270e-01 -6.63500344e-01  4.36176726e-01
   1.55724593e-01 -6.58420865e-01 -4.18988811e-01  1.69768561e-01
   7.46703810e-01  6.93677412e-01 -5.51088486e-01 -5.26496717e-01
  -2.95129243e-01 -4.46607876e-01  4.90923806e-01  8.90355189e-01
  -4.65849667e-01 -3.85855178e-01 -8.66495285e-02  1.18418502e-02
   4.08431810e-01  5.56061970e-01  4.36663232e-01  3.11830378e-01
  -1.04251884e-01 -1.11367654e-01  2.41498656e-01 -2.71789767e-01
   6.63321487e-01  8.25743431e-01  7.37279173e-01  1.17592540e-01
   8.64737773e-01 -4.31407518e-01  5.00650586e-01  7.32181356e-01
  -1.63131448e-02 -3.57679448e-01  3.57138524e-02  9.12035742e-01
   2.10884707e-02  6.21853013e-01  2.01718743e-01  3.97929763e-01
  -6.61650107e-01 -6.55273490e-01 -2.82630883e-01 -4.28485415e-02
  -2.03179335e-01  7.04286588e-02 -5.12712074e-01  2.73961575e-01
   8.29675237e-01 -2.46706133e-01  4.06502325e-01  5.32574107e-01
   8.92557168e-01 -2.49507122e-01  9.53222376e-01  5.58942847e-01
  -5.79627158e-02  8.46609652e-01  5.16031121e-02 -5.07968563e-01
  -5.70186549e-01 -1.67636734e-01 -2.79998871e-02 -8.57047259e-02
   2.38626011e-03 -7.23304385e-01 -9.39886433e-01 -6.98109706e-01
   6.54447703e-01  4.30046756e-01  8.43264437e-02  4.28884023e-01
  -7.77158097e-01  6.49148304e-02  6.50016723e-01 -4.95233396e-01
   6.21479892e-01 -7.27451552e-01  5.64496518e-01  2.79984223e-01
  -4.91310580e-01  4.18854332e-01 -8.51133835e-01  2.14582400e-01
   5.09873999e-01 -6.29025831e-01 -5.21537498e-01 -2.95547089e-01
   3.67481325e-01 -4.26467738e-02 -1.93222531e-01 -5.99870858e-01
   9.64661779e-01 -3.37371362e-02  5.92898907e-01 -9.45642918e-01
  -7.00638030e-01 -6.67591099e-01  8.78990512e-02 -1.24941201e-01
   1.69643712e-01 -6.59991899e-01  7.23843364e-01 -7.97139735e-01
   1.40667335e-01 -4.42012935e-01  2.35271716e-01 -4.69892506e-01
  -8.87842104e-01  8.27316405e-01  4.41056427e-01 -8.29246078e-01
   8.95001758e-01 -7.04228268e-01  6.79892500e-01  1.19120880e-01
  -7.14219724e-01  2.69275896e-02 -7.20657050e-02  4.56321793e-01
  -9.80581801e-02 -1.55862335e-02 -3.62216399e-01  9.05396970e-02
   1.90282018e-01  9.01261742e-01 -5.07116844e-01  2.22497813e-01
   1.42137776e-01  8.33276976e-01  9.68896976e-02 -8.47842814e-01
   4.06750830e-01  5.23878668e-01  5.40383818e-01  6.14650573e-01
  -5.18857712e-01  4.95390802e-01  6.82560035e-01  2.02758899e-01
  -8.74467724e-01  9.25895751e-01  7.59651749e-01 -6.07239540e-01
   4.23901833e-01 -1.65461071e-01 -8.41681489e-01  7.52316218e-01
   6.76992231e-01 -5.16871016e-02 -6.12621141e-01 -1.54250665e-02
  -6.12840146e-02 -8.08132179e-01 -4.75504643e-01 -9.95211504e-01]
 [ 8.42379774e-02  7.51282142e-01 -7.08401835e-01 -5.80078267e-03
  -5.31236741e-01  7.57591555e-01 -8.77768108e-01  9.09655022e-01
  -6.21407059e-01  1.75621216e-01  1.86369483e-01  6.18591932e-01
  -3.17251364e-01  5.21215356e-01  2.66806397e-01  2.78322288e-01
  -7.84312139e-01  4.00199917e-01  8.14458849e-01  5.86033630e-01
  -9.46388511e-01  4.10922082e-01 -6.25725297e-01  5.90120189e-01
  -1.57004337e-01  2.29469404e-01  5.07399247e-01  8.75368324e-01
   5.02280227e-01  4.59372191e-01 -1.64021714e-01  7.84599898e-01
  -1.87762662e-01  2.51406747e-02  3.36835038e-01 -7.97695771e-02
   8.82624063e-01 -8.99390257e-01  1.28845602e-01 -9.61399572e-02
  -5.37334137e-01  1.93072991e-01  7.96160197e-01  8.75444604e-01
  -5.82748909e-01  8.14992967e-01 -7.46793931e-01 -5.18714743e-01
  -7.01803961e-01  9.42210357e-01 -4.77347094e-01  3.65478037e-01
  -8.64364797e-01  9.04047286e-01  1.01697720e-01 -6.34767434e-01
   9.16331489e-02  6.51046768e-01  7.00892213e-01  8.94693315e-01
   1.41126298e-01  5.91280725e-02 -7.93107428e-01  5.17979509e-01
  -3.44190429e-01  3.41814447e-01  3.18375553e-01  4.68093728e-01
  -6.76830974e-01 -7.87360103e-01 -6.92363424e-01 -4.88218588e-01
   9.77654080e-01 -5.76441166e-01 -9.23964097e-01  3.47249255e-01
   6.60358477e-01 -5.45529189e-01 -3.38744414e-01 -5.31315720e-01
  -2.29765290e-01  2.11009827e-01 -4.78999092e-01  9.46434186e-01
   3.97130855e-01  6.89478683e-03 -2.32956589e-02  8.50759863e-01
   5.04425224e-02  7.58693748e-01 -9.13932881e-01 -5.15104396e-01
   1.07728471e-01  9.00243050e-01 -4.58235576e-01 -2.00424011e-01
   6.59570148e-01 -5.51649025e-01  1.16021141e-01  6.41895455e-01
  -4.53662286e-01 -9.38709586e-01  9.09132511e-01 -7.61039471e-01
   7.24294714e-01  5.20070105e-01 -2.39951945e-01 -8.27219014e-01
   4.70887975e-01 -2.55650563e-01 -7.93273238e-01 -3.74161663e-01
  -1.29131116e-01 -6.92245551e-01  9.20529538e-01  9.69466225e-01
   3.52767816e-01  3.36789116e-01 -3.82394815e-01  7.07029275e-01
   5.94453450e-02 -6.39745894e-01 -7.57212096e-01  4.03316016e-01
   2.98839050e-01  8.73395552e-01  9.40826474e-01 -4.46533827e-01
   2.68318118e-02 -8.75393452e-01  7.94928385e-01  5.14491108e-01
  -2.17926516e-01  1.01313882e-01  3.63212221e-01 -8.86268291e-01
  -2.06417160e-01  8.79606713e-01  4.09717302e-01  5.90041009e-02
   8.92024566e-01  4.27350245e-01  1.96084917e-01  1.69853069e-01
   8.09781051e-01  8.75198800e-01 -3.99660960e-01 -5.70186984e-01
  -5.01332698e-01 -2.47978851e-01  8.35716467e-01  8.36908039e-01
  -8.92206230e-01  3.66751483e-01 -3.75557015e-01  4.87987485e-02
   2.83846579e-01 -7.12489974e-01 -1.73507733e-01 -9.60937077e-01
  -1.20008779e-01 -8.16072975e-01  7.74122298e-01 -5.31303071e-01
   7.61695499e-01 -8.38750024e-01  9.16391529e-01 -1.06410997e-01
   5.73133421e-01 -8.88842636e-01 -1.81070224e-01  5.04280949e-02
   3.07952327e-01 -6.00949677e-02 -2.74077679e-01  8.90245835e-01
   4.56249521e-01 -8.79598057e-01  9.91697156e-01  7.71792524e-01
  -4.31682867e-01  1.63196833e-01  4.89219568e-01 -7.71357587e-02
   8.71517649e-01  9.06316287e-01 -8.09523255e-01 -7.02776726e-03
  -9.61316913e-01  9.15104205e-02  9.03392030e-01  6.52610828e-01
  -4.09055519e-01 -3.68441600e-01 -3.81014247e-01 -9.18652895e-01
   5.48557179e-01  6.13242251e-01  9.17585812e-01 -9.73178171e-01
   3.38293343e-02  6.86782339e-01 -5.45930119e-01  5.06314989e-01
  -1.10688923e-01  5.61557118e-01  1.89136027e-01 -2.37310358e-01
   2.56571825e-01 -8.10827525e-01 -8.97919994e-01  4.02600887e-01
   7.23854666e-03 -6.42192555e-01  5.60265809e-01  3.28871175e-01
  -5.33992559e-01  4.97923657e-01 -4.09336530e-01 -8.79980826e-01
  -3.61942161e-01  7.26068652e-01 -5.18500701e-01 -6.04407319e-01
  -5.32534098e-01  9.56950348e-01  3.18793034e-01  7.86260039e-02
   1.77396658e-01  8.65809326e-01  1.03212530e-01 -9.70003753e-01
   1.63764590e-01 -7.84698443e-01 -4.21141882e-01 -9.65984761e-01
  -3.67890703e-01  8.49910590e-01  3.65256876e-01  1.53022277e-01
   1.09004555e-01 -7.51521604e-01  6.73937099e-01  1.47005745e-01
  -2.15795283e-01  2.19538910e-01 -2.02192720e-01 -4.52521337e-01
  -1.63669700e-01 -7.18527960e-01  7.95987363e-01 -9.34016498e-01
   3.19204015e-01 -4.68406670e-02 -6.65356138e-01  7.58731532e-01
   8.71983976e-01 -9.37850494e-01 -8.83592489e-01 -4.86826537e-01
   8.31821213e-01  5.74966519e-01  7.66174444e-01  3.61518784e-01
   9.70665834e-01 -4.80411546e-01 -6.83693841e-01  4.16501264e-01
  -1.22476792e-01 -4.70538314e-01  8.19512305e-01 -7.57061302e-01
   9.08988363e-01 -6.54651713e-01 -4.23492313e-01  1.17886827e-01
   9.78333700e-01  3.52509473e-01 -3.06082417e-01  6.83300436e-01
  -6.58122208e-02  5.53387359e-01  2.80019574e-01  9.24870483e-01
   4.45996646e-01 -4.36908503e-01  6.87215667e-01 -2.17852698e-01
  -5.03334910e-01 -3.89541824e-03 -3.18173344e-02  6.82214846e-01
   8.20076779e-02  8.85324197e-01 -8.00023219e-01 -5.76005916e-01
   4.33376715e-01  8.72685145e-02 -6.77172955e-01 -3.99420422e-01
   1.92432192e-01 -1.20423318e-01 -7.64749166e-01  8.19768826e-01
  -4.16673128e-02  8.04351557e-01 -3.19664631e-01  3.43474032e-01
  -7.19083599e-01 -2.70009265e-01  6.85222701e-01  9.43080723e-01
   9.63928861e-01  3.69206109e-02  5.33077362e-01  1.65696013e-01
  -4.61975088e-01  3.21504447e-01 -4.18508333e-01  1.70253956e-01
  -1.12264052e-03 -7.86312107e-01  4.16686433e-01  5.60371955e-01
  -6.31289365e-01 -3.17357800e-01  6.09710849e-02 -7.95318865e-01
   9.07063045e-02  4.80802023e-01  9.69764668e-01 -6.25490075e-01
   1.37243746e-02 -8.16447521e-01 -9.26247217e-01  7.19438953e-01
   5.18761407e-01 -5.41543051e-01 -7.39236500e-01  9.06396253e-01
  -5.55428210e-01  7.63716231e-01  3.34059925e-01 -9.79518271e-01
  -9.62870990e-01 -6.18047149e-01 -7.73770927e-01 -1.27601563e-01
  -5.03780073e-01  5.37863495e-01 -7.23229119e-01  7.09704467e-01
   5.51385783e-02  3.44505277e-01  4.05282865e-01 -4.21351844e-01
  -4.14459686e-02  1.10733891e-01  7.29537384e-01 -9.49334705e-01
  -1.12359300e-01 -1.65664094e-01  9.96811953e-01  3.46487200e-02
  -1.85098861e-01 -9.65758788e-01 -7.34108848e-01 -9.21193948e-01
   9.99274203e-01  5.05052979e-02  3.77020905e-01  8.40662814e-02
  -3.21323455e-01  5.88539035e-01  8.43262170e-01 -9.39516706e-01
  -9.75430223e-01  5.83166171e-01 -2.37929398e-01  7.55886680e-01
   3.41849150e-01 -2.95629275e-01  4.06812070e-01 -6.96704340e-01
   2.49353348e-01 -3.74573297e-01 -6.67286695e-01  2.10841265e-01
  -6.25627185e-01  1.43296751e-01 -1.54859312e-01  1.94357151e-01
  -3.91800373e-01 -4.92086492e-01 -5.89264483e-01  5.83327702e-01
  -9.80077979e-01 -1.71939564e-01  1.01282981e-01  9.48567203e-01]
 [ 7.77379419e-01  3.38284227e-02  8.67095307e-01 -7.65364873e-01
   8.62184082e-01  6.02008212e-01  2.40071119e-01 -2.21332189e-01
   7.76182585e-02 -3.81243932e-01 -2.17615923e-01  3.53106946e-01
   4.57760198e-01 -9.54566066e-01 -8.04182554e-01 -1.32281729e-01
  -1.13105612e-01  2.28364943e-01  2.01876300e-01 -1.72673441e-02
   1.05877589e-01 -2.86987821e-01  7.37582652e-01 -3.97752360e-01
  -2.12436718e-01  2.93541938e-01 -2.58835893e-01  8.53487448e-01
  -3.49242344e-01 -1.99593297e-01 -7.78114766e-01 -2.25458403e-01
   8.66246970e-01 -6.49963802e-01  9.22482542e-01  7.28180030e-01
   9.57309080e-01 -9.00803018e-01  5.33171403e-01 -6.07380040e-01
   1.56392514e-02  4.87977886e-01  1.81701725e-01 -1.71934657e-01
  -1.65600748e-01 -3.56528760e-01 -5.15364857e-01 -9.83334835e-01
   7.25708690e-01 -9.12402233e-01  6.28533928e-01 -3.93196808e-02
  -6.14169374e-01 -2.36670085e-01  3.08484749e-01  1.03178208e-01
   1.74306772e-01  6.73493465e-01  2.91841193e-01  7.13586440e-01
  -5.13416773e-01 -9.93786295e-01  1.17458249e-01  5.82000152e-02
   6.20355678e-01 -6.53670107e-01  9.19052473e-01  9.58807488e-01
  -6.14255882e-01  5.96356652e-02  7.67506822e-01 -7.96128618e-02
   4.08647633e-01 -2.48782936e-01 -8.64907522e-01 -5.94238085e-01
  -9.63511685e-01 -5.94017389e-01 -7.30776541e-01  1.48150030e-02
   5.50621298e-01  4.64319817e-01 -4.50479381e-01  9.86563961e-01
  -1.02689537e-01  2.14377851e-01  3.18310587e-02  8.12018215e-01
   4.03028223e-01  4.45374044e-01  4.97470082e-01  1.80707108e-01
   6.90647100e-01 -1.14993008e-01  6.06273875e-01  4.27853116e-01
   1.42820362e-01  5.63745264e-02 -9.13289905e-01  3.99739269e-01
  -5.97277912e-01 -7.05158545e-02  7.37449720e-01  8.41377953e-01
  -8.83131035e-01 -4.55894879e-01  9.50049581e-01  8.33527411e-01
  -6.52657823e-01 -3.53740150e-01 -2.87891343e-01  8.81802118e-01
  -7.89144592e-01 -5.29170358e-03  1.91369565e-01 -4.92497872e-01
  -6.77078445e-01  3.33766843e-01  5.57582335e-01  5.49343962e-01
   2.72775189e-01 -4.76017704e-01  8.62810783e-01  9.85138675e-01
   5.02132625e-01 -3.17984224e-01  2.69793872e-02 -9.93075183e-01
   6.46762910e-01  7.11000220e-01 -7.80718824e-01 -4.70834155e-01
  -8.66847454e-01 -3.12330809e-01 -4.94450935e-01  5.16426479e-01
   4.65876825e-01 -8.28474393e-01 -9.71792522e-01  6.83579127e-01
   2.09047098e-01 -3.31125424e-02 -4.47335089e-01  4.57038909e-01
   4.18699488e-03 -3.86403756e-01  5.23346659e-01  2.03117118e-01
   5.60538040e-01  3.41318013e-02 -2.34507298e-01  5.97355983e-01
   4.74631386e-01 -4.92383898e-01  7.58846921e-01 -7.14277800e-01
  -7.73561453e-01 -8.98671005e-01  4.93052492e-01 -7.11353326e-01
   7.39936773e-01  5.56976572e-01 -9.64587970e-01  8.00751403e-01
  -8.63008155e-01  1.38818064e-01 -8.21423128e-01  7.78831171e-01
  -1.55320443e-02 -8.91189873e-01  3.76679615e-01 -8.05056253e-01
  -9.39130790e-01 -5.15014001e-01 -2.49343934e-01 -4.68996605e-01
  -4.38156842e-01 -2.71466217e-01  9.35037607e-01 -8.84599445e-01
   5.89074565e-01  8.17891611e-01 -6.80848587e-01 -2.23779649e-02
  -9.89543781e-01 -7.87311540e-01 -8.96666384e-02 -5.27140068e-03
  -5.18581453e-01  7.78540094e-01  4.29058618e-01  6.59111368e-01
  -8.56781669e-04 -2.14178285e-01  1.19738081e-01 -4.58428783e-01
   1.42761986e-01 -2.78506591e-01 -4.14987099e-01  2.26216223e-01
   9.58625072e-01 -1.17822870e-01  9.64232526e-01  3.66225143e-01
   6.19645427e-01  1.32237910e-01  8.94967345e-02 -8.06464545e-01
  -3.58071524e-01  5.47708304e-02  1.92946674e-01 -5.59932333e-01
   2.63361058e-01 -9.94127659e-01  2.72269275e-01  7.66171372e-01
   3.81013864e-01 -9.01642806e-01 -4.85276413e-01 -2.71513398e-02
   1.11995837e-01 -2.41421237e-01 -4.93449716e-01 -5.36199882e-01
   7.62636019e-01 -5.73672565e-01 -1.31459688e-02  3.47995877e-01
   7.41884749e-01  4.09255532e-01  5.12788683e-01 -2.84110750e-01
  -3.47675491e-01 -2.37024761e-01 -5.54764590e-01 -2.59397100e-01
   6.14854577e-01 -6.19411974e-01  6.29799903e-01  2.94120812e-01
  -3.95755297e-01 -1.22260410e-01 -4.09449840e-01  9.64631904e-01
  -5.95011471e-01  8.62724891e-01  7.88034587e-01 -2.98162289e-01
   4.19650014e-01  3.19144225e-02 -8.46138612e-01  8.75099625e-01
   2.96077977e-01  6.02997171e-01 -8.34990367e-01  7.86688370e-01
   7.74297857e-02 -1.40885996e-01  8.47003244e-01 -1.01283347e-01
   3.66453148e-01 -8.16808758e-01 -3.96274886e-01  7.02994343e-01
  -1.34093352e-01  2.34338974e-01  5.61289090e-01  8.74188614e-01
  -6.57695755e-02  6.52040508e-01 -2.57724420e-01  1.89258914e-01
   3.86854836e-01 -5.14600549e-01 -9.99435909e-01  3.50141870e-02
  -9.47386523e-01 -4.38652619e-01  6.88767831e-01 -1.27071387e-01
   6.13592707e-02 -8.51787316e-01 -6.12627541e-02  9.25275817e-01
  -3.52604976e-01 -9.50954156e-02 -2.53077488e-01 -5.16266774e-01
   2.52763566e-01  6.64120070e-01 -3.61031472e-01 -4.68315109e-01
   2.22262273e-01  8.60798277e-01  4.99397968e-02 -7.70036273e-01
   4.09382935e-02 -4.27292925e-01  3.43899870e-01  8.66095117e-01
   1.83563671e-01  7.97355836e-01 -1.48919519e-01 -5.94201516e-01
   6.22239187e-01  4.36221007e-01  2.37505856e-01 -4.25819900e-01
  -3.83399960e-01 -4.92698102e-01 -6.35162898e-01  4.50304452e-01
   8.30531863e-01  7.88811845e-01  1.89335347e-01 -2.10249821e-01
  -9.21204594e-01 -6.62748578e-01 -4.09036815e-01 -8.73182258e-01
   5.81127641e-01 -7.56022943e-01 -1.25337858e-01  9.72380808e-01
   6.21347982e-01  1.80409698e-01 -2.96185044e-01 -6.73185651e-01
  -9.58511748e-02 -4.31061046e-02  9.38184211e-01 -8.33259537e-01
  -9.09613859e-01  7.10667487e-01  3.00868367e-01 -6.49288902e-01
   5.05029074e-01 -4.02700337e-01  7.29270933e-01 -5.96836351e-01
  -4.26546623e-01 -2.15703608e-01  5.91273268e-01  3.70993202e-01
   5.81525509e-01 -7.29872674e-01 -5.48960801e-01  1.91751547e-01
   3.66802309e-01  2.61945596e-02  9.16104196e-01 -7.27307958e-01
  -7.65775469e-01 -7.03904792e-01  5.37588926e-01 -5.80147740e-01
   7.72145130e-01 -7.02526571e-01  1.65739436e-01  5.08426487e-01
  -4.01476519e-02  4.02838142e-02  5.81492248e-01 -7.95079977e-01
   6.59499188e-01 -4.64888513e-01  3.18374317e-01 -5.49595041e-02
  -3.35765952e-01 -7.02488341e-01  5.67954363e-02  2.59336997e-01
  -6.77205528e-01  1.94998854e-01  8.20328447e-01  5.80273721e-01
  -7.78611443e-01 -6.48565603e-02 -8.84092133e-01  1.54438701e-01
  -1.00323400e-01 -5.43532263e-01  1.79516800e-01 -6.32787732e-01
  -8.26906717e-01 -4.27514230e-01  1.66164717e-01 -4.53330553e-01
  -7.95303144e-01 -6.38560373e-01  5.30305644e-01  4.10227675e-01
  -6.13114320e-01 -6.39979477e-01 -1.42483805e-01 -4.76472709e-01
  -5.59889522e-01  8.12922065e-01 -5.45476781e-01 -8.48692234e-01]
 [-9.54769323e-01 -6.95843618e-01  5.57673884e-01 -3.28780030e-01
  -9.57369131e-01 -1.49131570e-01 -5.82825967e-01 -9.10168292e-01
  -7.40371350e-01 -2.47893135e-01 -2.51180022e-01  3.38277527e-01
  -3.02159788e-01  5.97164522e-01  4.46918200e-01 -1.68027692e-01
   2.90500635e-01 -6.93031423e-01 -8.69976399e-02  5.32747308e-01
  -7.75011981e-01 -8.28395141e-01  6.49075909e-02 -6.48792973e-01
   8.86742155e-01  2.07592132e-01 -4.69598538e-01 -9.03946064e-01
   5.99344400e-01  9.26515386e-01  8.73965593e-01  2.67570783e-01
  -5.20868134e-01 -7.46982336e-01  4.74262779e-01  2.47882311e-01
  -1.16502900e-01 -8.46568197e-01  8.99300697e-01 -8.78344530e-01
   3.81375845e-01  2.04483710e-01  5.39689227e-01  1.19947890e-01
  -1.42043785e-01  8.14895121e-01 -1.28965359e-02 -3.00774321e-01
   8.99831068e-01 -1.64399227e-01 -4.98792758e-01  3.40185689e-01
   4.12351692e-01 -2.54252606e-01  5.52839342e-02  4.79158667e-01
   3.37531255e-01 -7.53275851e-01  2.30746101e-01  7.85706235e-01
  -8.53110283e-02  6.33405130e-01 -9.81808663e-01  8.18853141e-01
   9.20584550e-01 -7.60296287e-01 -3.29753278e-01 -2.88795216e-01
   3.53655390e-01 -6.61801430e-01 -4.48875384e-01  9.97634542e-01
   3.92990414e-02  6.94296100e-01 -1.78159035e-01  4.40410703e-02
  -1.82968544e-01 -2.94308809e-01  7.07507193e-01 -1.87048359e-01
   1.98302479e-01  7.86701695e-01  7.38716171e-01 -3.42594442e-01
  -8.85145990e-01  8.68547570e-02  8.03476528e-01  5.70301261e-02
  -1.48102791e-01  2.25174732e-01 -2.13106119e-01 -3.53991347e-01
  -3.81067687e-01  2.48556963e-01 -2.07390329e-01 -8.86217279e-01
   2.57914326e-01 -5.51303120e-01 -9.15309626e-01  2.39509374e-01
   4.64596035e-01 -2.55387707e-01  7.86119062e-04  2.15582924e-01
   9.00300585e-01  1.05260012e-01  7.92516415e-01 -5.00270655e-01
  -5.04578744e-01  8.91573465e-01  5.64739495e-01 -3.73795749e-01
  -7.67988593e-02  6.91889688e-01 -9.81802108e-01 -2.51885406e-01
   1.03499921e-02 -1.95310862e-01  5.56326293e-01 -4.87040887e-02
  -4.96493558e-01 -7.92837072e-01 -2.80774407e-01  5.93034112e-02
   8.68732970e-01 -8.90373721e-01 -4.42427130e-01  3.66048422e-01
   3.40949011e-01 -3.60194515e-01 -3.77437870e-01 -9.26219145e-01
   7.53571481e-01  3.92220414e-01 -7.77967769e-01 -4.93711914e-01
   7.83470987e-01 -9.34040542e-01  5.62619648e-01  4.21412167e-01
  -2.29043000e-01 -4.00648563e-01 -6.80812971e-03  5.38577135e-01
  -8.58657015e-01  6.89335819e-01  8.10155980e-01 -2.79734375e-01
   3.56046915e-01 -3.48166362e-01 -5.17717811e-01 -1.35589785e-01
   6.12887522e-01 -6.00759983e-01 -5.07471345e-01  2.88837859e-01
  -1.21763073e-02  8.69867274e-01  1.23515198e-01 -5.85933243e-01
  -2.17173668e-01 -2.04305314e-01 -5.19829683e-01 -3.12368702e-01
  -8.91576673e-01 -2.15300110e-01  9.50344931e-01  1.89779209e-01
  -6.49231937e-01  3.50879552e-01  6.80736060e-03 -6.54774137e-01
  -6.78506384e-01  5.91896354e-01 -4.55372980e-01  7.13466398e-01
   6.82807464e-01 -1.92684963e-02  4.31876214e-01  6.85463926e-01
   2.93280269e-01 -9.60835319e-01  4.03062820e-01  6.36776257e-01
   8.73805089e-01 -5.23744901e-01 -8.62687294e-01 -7.68139096e-01
  -5.58808947e-01 -9.00684422e-01 -2.20242379e-01  3.44815580e-01
   5.97107901e-01 -4.92725887e-01  8.78250533e-01  9.75152302e-01
  -2.99141478e-02 -1.54856606e-01  1.48925907e-01 -7.62815280e-01
   9.27916911e-01 -6.01147503e-01 -9.09525276e-01  2.06380312e-01
  -7.87087317e-01 -1.95776438e-01 -2.32230093e-02  8.67761613e-01
  -1.59721646e-01 -9.24063170e-01  2.80893737e-01 -3.61435196e-01
  -7.95752119e-01 -8.12625451e-01 -6.54214532e-01  4.80354100e-01
   6.12436462e-01 -6.97620122e-02 -9.11379733e-01  9.47803508e-01
  -2.04327025e-01 -4.88300068e-01 -2.59757156e-01  1.07703233e-01
   8.07159467e-01 -2.94391185e-01 -7.20940625e-01 -5.69486543e-01
   9.40216833e-01 -1.51371393e-01  1.12756732e-02  6.63658942e-01
  -4.64917566e-01 -6.36140556e-02 -5.07579780e-01 -9.30934853e-01
  -1.32851525e-01  8.46590559e-01 -8.84956031e-01  1.12625970e-01
   5.78698815e-03 -4.17023324e-01 -6.84117448e-01  2.51223971e-01
   4.81251117e-01 -1.25944353e-01  5.81317609e-01  7.39852805e-01
   7.87394730e-02  5.63795027e-01 -6.96402921e-01  8.54111651e-01
   7.87897765e-01 -4.30904628e-01 -5.01336941e-01  9.04872243e-01
   2.64091447e-01  4.42859954e-01 -8.43241012e-01  1.83259265e-01
   9.21982757e-01 -9.04779559e-01  2.50559630e-01 -4.78579529e-03
  -5.41690306e-01  1.66796621e-01  6.51863530e-01 -1.12947970e-01
   1.40298921e-01 -2.99030983e-01 -2.60047807e-01 -8.88699637e-01
   1.59759152e-01  5.98601394e-02  9.04576177e-01 -2.06424628e-01
  -2.51594394e-01  7.69339281e-01  3.94199178e-01 -4.94982218e-01
  -5.80909547e-02 -5.40218165e-01 -9.14510862e-01  6.07564709e-01
  -3.17199009e-01 -5.47620991e-01 -1.98526168e-01  1.26542342e-01
   8.95014562e-01 -4.51983083e-01  9.36238047e-01  8.73981854e-01
  -3.43877857e-01  3.60516122e-01 -7.73550224e-01 -4.56806676e-01
   1.73828612e-01 -8.05733903e-01 -3.05287775e-01 -3.39698173e-01
  -5.88316634e-01 -7.73875922e-02  3.14022965e-01 -7.41916714e-01
  -8.14614689e-01  1.88498953e-01  5.66239759e-01  7.98764967e-02
   8.56631755e-01  5.63853018e-01  5.83083621e-01 -5.07794028e-01
  -7.34543994e-01  7.03088182e-01  6.11221697e-01  1.12316011e-01
   8.10751061e-02  1.55213983e-01 -3.34538531e-01 -7.61228576e-01
   6.99195482e-01 -7.49229780e-01 -2.04231003e-01 -5.77621594e-01
   2.66854635e-01 -9.15349822e-01  8.00208989e-01 -4.02453235e-01
   4.86156357e-02 -6.34211945e-01 -9.34353236e-01 -3.10024539e-01
   8.92012893e-03  2.15887033e-01  5.62581229e-01  5.46603173e-01
  -9.25948183e-01  3.36405541e-01  3.85930390e-01  3.16621265e-01
  -3.45615443e-01  6.83564869e-01 -4.46361698e-01 -5.23580283e-01
   8.22047894e-01  3.34788574e-01  5.50793238e-01  3.65299866e-01
  -6.49051953e-01  3.12313394e-01 -8.13938220e-01 -3.07731261e-01
   8.86293506e-01  3.78669462e-01 -9.46231467e-01  1.89938095e-01
  -7.98160846e-01 -3.82114399e-01  2.22414225e-01 -4.51147613e-01
  -2.02567330e-01 -5.64465665e-01 -5.29543751e-01 -7.57769713e-02
  -8.66342723e-01  5.68835255e-01  3.03857899e-01 -4.83095625e-01
   3.98795385e-01  4.59152592e-01 -9.07226211e-01 -7.56350493e-01
   9.84297008e-01 -1.14925246e-01  7.94326783e-01  9.26651340e-01
   3.55379988e-01 -4.96123415e-01 -3.22803571e-01  9.36834630e-01
   1.34640255e-01  4.17099693e-01 -7.04642982e-01  7.47801094e-01
   8.87003246e-01  3.55866382e-01 -2.29587297e-02  8.50666081e-01
   3.21353370e-01 -4.61780987e-02 -5.09141254e-01 -6.55737639e-01
  -1.49952782e-01  3.88723596e-01  2.98395918e-01  7.61097937e-03
  -6.71006323e-02 -9.25454897e-02 -6.61159469e-01  8.02415679e-01]
 [ 1.58925832e-01 -5.69244266e-01 -4.76473682e-01  9.83379511e-02
  -2.13653805e-01 -4.37113008e-01 -9.30867406e-01 -1.70930328e-01
  -4.33889275e-01 -2.74571841e-01  1.97651459e-01  4.05244035e-01
   7.83976743e-01  6.66406495e-01 -3.74107822e-01 -2.56414515e-01
  -5.47815982e-01  1.21006008e-02 -5.88202060e-01  3.15615740e-01
  -8.55456615e-01 -4.59279275e-02 -4.10428647e-01 -9.89094687e-01
   8.19225060e-01  1.29965098e-01  8.62809919e-03  3.39538823e-01
   1.55714485e-01 -8.65473083e-02 -2.53761608e-01 -7.45296437e-02
  -3.56695693e-02  1.84384143e-01  2.36400230e-01 -6.51655165e-01
   9.83388229e-01 -3.54214157e-01  7.65906939e-01  1.40804483e-01
  -1.26385629e-02  5.36729834e-01 -7.19784851e-01 -2.91690926e-01
   1.60215734e-01 -8.20822044e-01  6.10628566e-01  4.69548444e-01
   3.66764538e-01  8.37795659e-01  6.15071539e-01  9.24775833e-01
   6.20516124e-01  3.57713653e-01  7.74299163e-01 -3.10052816e-01
   2.45182498e-01  7.38250568e-01 -4.06189923e-01  5.76190093e-01
   9.19398766e-01  8.88567507e-01 -6.65554404e-01 -8.31625212e-01
   7.61258938e-01 -9.63386414e-01  4.64702213e-01  1.34837541e-01
   2.66240290e-01 -8.18006096e-02  4.02594715e-01  1.87528661e-01
   4.16969605e-01 -9.26688923e-01 -7.65009054e-03  7.41242226e-01
  -3.12346372e-01 -9.86562961e-01 -6.01999808e-01  4.94293930e-01
   6.32717572e-01 -8.26315922e-01 -2.54115337e-01  4.73686872e-01
   7.80147323e-01 -2.38584649e-01  3.17464252e-01  4.62183313e-01
   6.42942739e-01  4.37021538e-01 -5.23470692e-01  1.25012086e-01
   8.03344810e-01 -7.46472022e-01 -6.08358693e-01  5.87479254e-01
   2.66365412e-01  9.53861525e-01  1.26103979e-01 -5.28095928e-01
  -2.11697853e-01 -4.89097848e-01 -5.94447684e-01 -5.14206471e-01
  -7.96540346e-01 -1.64097769e-01 -5.96864798e-01  7.99474609e-03
   7.02450655e-01 -1.43804823e-01  9.85278869e-01  7.57477112e-01
   4.60008561e-01  6.04934541e-01  6.69695847e-01 -7.10742588e-01
  -4.07317139e-02 -1.07786382e-01 -3.97802783e-01  8.93443057e-02
  -7.47432873e-01  1.92841733e-01  2.21854178e-01 -1.96315724e-02
  -8.40948000e-01  7.83337912e-01  8.11735807e-02  3.48977572e-01
  -9.22234447e-01  3.46672561e-01  8.71880884e-01  3.78697599e-01
  -9.38635871e-01 -1.08831582e-01  9.70957577e-01 -2.25364518e-01
  -7.50469540e-01  1.24386815e-01 -3.49444123e-01  7.56420319e-01
   4.47658457e-01 -5.82709302e-01 -8.05388620e-01  7.08210771e-01
   7.23693265e-01 -9.95468180e-01 -2.09085930e-01 -8.33000022e-01
   9.11839050e-01  4.09716506e-01  9.29804401e-01  7.92849376e-01
  -8.60775848e-01 -6.88923634e-01  1.98897596e-01  8.98116668e-01
   4.44055609e-01 -1.38849378e-01  1.95316893e-01  2.28467357e-01
   5.02517340e-01  9.28659857e-01  7.48931630e-01 -2.41136737e-01
   1.48503412e-01 -6.69971657e-02  5.97334786e-01  6.91190889e-01
  -6.40064546e-01 -7.91240234e-01 -8.02854304e-01  9.81319142e-02
   8.79922919e-01 -2.42258360e-01  6.65041269e-01 -4.47591196e-01
  -1.10854342e-01 -3.93135262e-01 -3.02348771e-01 -4.77536006e-01
  -8.69120679e-01  4.09278038e-01  9.49535450e-01  9.87463024e-01
  -3.39417131e-01 -9.44917137e-01 -5.54086803e-01  1.10387478e-01
  -6.56220509e-01  1.52135790e-02 -9.36138068e-01  1.64022007e-01
   7.96881063e-01  7.35217316e-01  7.22945885e-01 -5.98851623e-01
  -9.57457785e-01 -2.09138829e-02 -4.86636030e-01  2.20694070e-01
  -3.68550966e-01  2.25413796e-01  3.65378109e-01  4.32136165e-01
   6.86534005e-01  9.16373860e-01  6.84189547e-01 -2.14061434e-01
   4.71209632e-01  7.86163750e-01 -2.65693176e-01 -3.35842797e-01
  -6.85826093e-01 -3.08994103e-02  8.67101897e-01  8.87895746e-01
  -5.42576934e-01 -8.09237719e-01  6.70313362e-01  2.01103991e-01
   5.98140087e-01 -3.16848006e-02  2.53704368e-01 -7.04063987e-01
  -7.91539947e-01  3.08605436e-01  7.06412843e-01 -2.01539662e-01
   2.68325645e-01  3.58748909e-01 -8.07020919e-02 -3.47127845e-01
  -2.04890932e-01  4.29801610e-01  3.54695242e-01  4.92561218e-02
   5.97475431e-01 -7.22399422e-01 -1.82725457e-01 -2.41991446e-01
  -1.41408145e-01  1.24782205e-01  9.71106338e-01  3.44795414e-01
  -1.45983760e-01  8.83522645e-01 -3.91045959e-01  8.61701499e-01
  -9.84342390e-02  3.51141598e-01 -5.97295606e-01 -7.48085613e-02
   5.30980511e-01 -6.70025880e-01 -7.29666163e-01 -9.36346068e-01
   4.54531780e-01  3.81010073e-01  6.72655607e-01 -6.46846177e-01
   6.35469762e-01 -4.80408284e-01 -7.09684247e-01  7.38312889e-01
   1.57596225e-01 -2.42066871e-01 -4.86822509e-01  3.44480661e-02
  -1.56480756e-01 -9.07439713e-01 -2.26857235e-01 -1.23163420e-01
  -5.35903977e-01  4.61218220e-01 -9.13060011e-01  8.53632103e-01
  -3.44551699e-01 -6.23736760e-01 -9.46876822e-01 -5.08210900e-01
   9.16967432e-01  4.33554075e-01 -7.60538354e-01 -1.65246420e-01
  -7.71740474e-01  1.87081208e-01 -3.27943262e-01  7.09440569e-01
   5.89309474e-01  1.41419149e-01 -9.55682336e-01  5.68345264e-02
  -9.87501106e-01  3.08702202e-01 -6.39535748e-01 -8.08588885e-01
   3.35902147e-01  3.51576089e-01 -5.94083010e-01  6.59362953e-01
  -1.21326859e-01 -8.57889649e-01  4.82083457e-01  4.07189912e-02
   1.58332889e-01 -8.97202292e-01 -5.93801013e-01  9.69148872e-01
  -7.07678021e-02 -4.39500129e-01 -6.54896265e-01 -2.52257622e-01
   6.21246779e-01  7.74612741e-01 -2.65610450e-01 -4.23192999e-01
   5.81135911e-01  4.78540165e-01 -1.12876121e-01 -1.23697282e-01
  -8.22068492e-01 -2.74533809e-01 -7.95093265e-01  1.20327544e-03
   3.67000609e-01 -7.97196309e-01 -1.51052466e-01  5.85701573e-03
   1.27336816e-01 -8.45828794e-01  8.80876157e-01  4.78278169e-01
   9.43785621e-01  3.24577842e-01  7.21048457e-02  3.02839053e-01
  -9.32773258e-02  3.41776772e-01  9.38298673e-02 -4.18495361e-01
  -8.83167386e-01 -2.55810759e-01 -5.19488080e-01 -1.59142018e-01
  -2.86007039e-01  8.00270825e-01 -8.31092092e-01 -8.69835938e-01
   4.85658187e-01  6.60111957e-01  1.01965108e-01 -7.10630828e-01
  -5.57913634e-01  6.35304140e-01 -4.78536233e-01 -8.07307544e-01
   2.92794680e-01  6.71154615e-01  9.70809660e-01  3.94542669e-02
   2.14115296e-01  4.77699259e-01 -5.46676937e-01 -4.09786081e-01
   5.92212291e-01 -1.26615667e-01 -9.55532185e-01 -1.14501789e-01
   4.73546647e-01  5.69118283e-02  6.83168715e-01 -9.82324926e-01
   4.70950885e-01  6.53429976e-01  8.99257097e-01 -2.45261096e-01
   6.03090063e-01 -2.78298390e-01 -9.11154088e-01 -2.35229450e-01
   4.72300307e-01  9.25007365e-01 -3.51340329e-01  3.54627599e-01
   3.59591779e-01 -4.98661110e-01  4.58906032e-01  3.27312349e-01
   3.56949090e-01 -8.77855047e-01  9.16269168e-02  2.98487568e-01
   8.71205157e-01 -8.54383733e-01 -4.96495079e-01  8.98995858e-01
  -4.77249535e-01  7.30221680e-01  6.21275267e-01 -9.17979829e-01]
 [ 0.00000000e+00  0.00000000e+00  0.00000000e+00  0.00000000e+00
   0.00000000e+00  0.00000000e+00  0.00000000e+00  0.00000000e+00
   0.00000000e+00  0.00000000e+00  0.00000000e+00  0.00000000e+00
   0.00000000e+00  0.00000000e+00  0.00000000e+00  0.00000000e+00
   0.00000000e+00  0.00000000e+00  0.00000000e+00  0.00000000e+00
   0.00000000e+00  0.00000000e+00  0.00000000e+00  0.00000000e+00
   0.00000000e+00  0.00000000e+00  0.00000000e+00  0.00000000e+00
   0.00000000e+00  0.00000000e+00  0.00000000e+00  0.00000000e+00
   0.00000000e+00  0.00000000e+00  0.00000000e+00  0.00000000e+00
   0.00000000e+00  0.00000000e+00  0.00000000e+00  0.00000000e+00
   0.00000000e+00  0.00000000e+00  0.00000000e+00  0.00000000e+00
   0.00000000e+00  0.00000000e+00  0.00000000e+00  0.00000000e+00
   0.00000000e+00  0.00000000e+00  0.00000000e+00  0.00000000e+00
   0.00000000e+00  0.00000000e+00  0.00000000e+00  0.00000000e+00
   0.00000000e+00  0.00000000e+00  0.00000000e+00  0.00000000e+00
   0.00000000e+00  0.00000000e+00  0.00000000e+00  0.00000000e+00
   0.00000000e+00  0.00000000e+00  0.00000000e+00  0.00000000e+00
   0.00000000e+00  0.00000000e+00  0.00000000e+00  0.00000000e+00
   0.00000000e+00  0.00000000e+00  0.00000000e+00  0.00000000e+00
   0.00000000e+00  0.00000000e+00  0.00000000e+00  0.00000000e+00
   0.00000000e+00  0.00000000e+00  0.00000000e+00  0.00000000e+00
   0.00000000e+00  0.00000000e+00  0.00000000e+00  0.00000000e+00
   0.00000000e+00  0.00000000e+00  0.00000000e+00  0.00000000e+00
   0.00000000e+00  0.00000000e+00  0.00000000e+00  0.00000000e+00
   0.00000000e+00  0.00000000e+00  0.00000000e+00  0.00000000e+00
   0.00000000e+00  0.00000000e+00  0.00000000e+00  0.00000000e+00
   0.00000000e+00  0.00000000e+00  0.00000000e+00  0.00000000e+00
   0.00000000e+00  0.00000000e+00  0.00000000e+00  0.00000000e+00
   0.00000000e+00  0.00000000e+00  0.00000000e+00  0.00000000e+00
   0.00000000e+00  0.00000000e+00  0.00000000e+00  0.00000000e+00
   0.00000000e+00  0.00000000e+00  0.00000000e+00  0.00000000e+00
   0.00000000e+00  0.00000000e+00  0.00000000e+00  0.00000000e+00
   0.00000000e+00  0.00000000e+00  0.00000000e+00  0.00000000e+00
   0.00000000e+00  0.00000000e+00  0.00000000e+00  0.00000000e+00
   0.00000000e+00  0.00000000e+00  0.00000000e+00  0.00000000e+00
   0.00000000e+00  0.00000000e+00  0.00000000e+00  0.00000000e+00
   0.00000000e+00  0.00000000e+00  0.00000000e+00  0.00000000e+00
   0.00000000e+00  0.00000000e+00  0.00000000e+00  0.00000000e+00
   0.00000000e+00  0.00000000e+00  0.00000000e+00  0.00000000e+00
   0.00000000e+00  0.00000000e+00  0.00000000e+00  0.00000000e+00
   0.00000000e+00  0.00000000e+00  0.00000000e+00  0.00000000e+00
   0.00000000e+00  0.00000000e+00  0.00000000e+00  0.00000000e+00
   0.00000000e+00  0.00000000e+00  0.00000000e+00  0.00000000e+00
   0.00000000e+00  0.00000000e+00  0.00000000e+00  0.00000000e+00
   0.00000000e+00  0.00000000e+00  0.00000000e+00  0.00000000e+00
   0.00000000e+00  0.00000000e+00  0.00000000e+00  0.00000000e+00
   0.00000000e+00  0.00000000e+00  0.00000000e+00  0.00000000e+00
   0.00000000e+00  0.00000000e+00  0.00000000e+00  0.00000000e+00
   0.00000000e+00  0.00000000e+00  0.00000000e+00  0.00000000e+00
   0.00000000e+00  0.00000000e+00  0.00000000e+00  0.00000000e+00
   0.00000000e+00  0.00000000e+00  0.00000000e+00  0.00000000e+00
   0.00000000e+00  0.00000000e+00  0.00000000e+00  0.00000000e+00
   0.00000000e+00  0.00000000e+00  0.00000000e+00  0.00000000e+00
   0.00000000e+00  0.00000000e+00  0.00000000e+00  0.00000000e+00
   0.00000000e+00  0.00000000e+00  0.00000000e+00  0.00000000e+00
   0.00000000e+00  0.00000000e+00  0.00000000e+00  0.00000000e+00
   0.00000000e+00  0.00000000e+00  0.00000000e+00  0.00000000e+00
   0.00000000e+00  0.00000000e+00  0.00000000e+00  0.00000000e+00
   0.00000000e+00  0.00000000e+00  0.00000000e+00  0.00000000e+00
   0.00000000e+00  0.00000000e+00  0.00000000e+00  0.00000000e+00
   0.00000000e+00  0.00000000e+00  0.00000000e+00  0.00000000e+00
   0.00000000e+00  0.00000000e+00  0.00000000e+00  0.00000000e+00
   0.00000000e+00  0.00000000e+00  0.00000000e+00  0.00000000e+00
   0.00000000e+00  0.00000000e+00  0.00000000e+00  0.00000000e+00
   0.00000000e+00  0.00000000e+00  0.00000000e+00  0.00000000e+00
   0.00000000e+00  0.00000000e+00  0.00000000e+00  0.00000000e+00
   0.00000000e+00  0.00000000e+00  0.00000000e+00  0.00000000e+00
   0.00000000e+00  0.00000000e+00  0.00000000e+00  0.00000000e+00
   0.00000000e+00  0.00000000e+00  0.00000000e+00  0.00000000e+00
   0.00000000e+00  0.00000000e+00  0.00000000e+00  0.00000000e+00
   0.00000000e+00  0.00000000e+00  0.00000000e+00  0.00000000e+00
   0.00000000e+00  0.00000000e+00  0.00000000e+00  0.00000000e+00
   0.00000000e+00  0.00000000e+00  0.00000000e+00  0.00000000e+00
   0.00000000e+00  0.00000000e+00  0.00000000e+00  0.00000000e+00
   0.00000000e+00  0.00000000e+00  0.00000000e+00  0.00000000e+00
   0.00000000e+00  0.00000000e+00  0.00000000e+00  0.00000000e+00
   0.00000000e+00  0.00000000e+00  0.00000000e+00  0.00000000e+00
   0.00000000e+00  0.00000000e+00  0.00000000e+00  0.00000000e+00
   0.00000000e+00  0.00000000e+00  0.00000000e+00  0.00000000e+00
   0.00000000e+00  0.00000000e+00  0.00000000e+00  0.00000000e+00
   0.00000000e+00  0.00000000e+00  0.00000000e+00  0.00000000e+00
   0.00000000e+00  0.00000000e+00  0.00000000e+00  0.00000000e+00
   0.00000000e+00  0.00000000e+00  0.00000000e+00  0.00000000e+00
   0.00000000e+00  0.00000000e+00  0.00000000e+00  0.00000000e+00
   0.00000000e+00  0.00000000e+00  0.00000000e+00  0.00000000e+00
   0.00000000e+00  0.00000000e+00  0.00000000e+00  0.00000000e+00
   0.00000000e+00  0.00000000e+00  0.00000000e+00  0.00000000e+00
   0.00000000e+00  0.00000000e+00  0.00000000e+00  0.00000000e+00
   0.00000000e+00  0.00000000e+00  0.00000000e+00  0.00000000e+00
   0.00000000e+00  0.00000000e+00  0.00000000e+00  0.00000000e+00
   0.00000000e+00  0.00000000e+00  0.00000000e+00  0.00000000e+00
   0.00000000e+00  0.00000000e+00  0.00000000e+00  0.00000000e+00
   0.00000000e+00  0.00000000e+00  0.00000000e+00  0.00000000e+00
   0.00000000e+00  0.00000000e+00  0.00000000e+00  0.00000000e+00
   0.00000000e+00  0.00000000e+00  0.00000000e+00  0.00000000e+00
   0.00000000e+00  0.00000000e+00  0.00000000e+00  0.00000000e+00
   0.00000000e+00  0.00000000e+00  0.00000000e+00  0.00000000e+00
   0.00000000e+00  0.00000000e+00  0.00000000e+00  0.00000000e+00
   0.00000000e+00  0.00000000e+00  0.00000000e+00  0.00000000e+00
   0.00000000e+00  0.00000000e+00  0.00000000e+00  0.00000000e+00]]