[[ 1.29197986e-10 -1.74622983e-10  1.00000000e+00]
 [ 7.72004682e-11  1.00000000e+00 -9.09494702e-11]
 [ 7.63904495e-11  1.00000000e+00 -1.76441972e-10]
 [ 1.24984467e-10 -1.16415322e-10  1.00000000e+00]
 [ 1.18767218e-10 -1.41881173e-10  1.00000000e+00]
 [ 1.00000000e+00 -2.09183781e-10 -1.18234311e-10]
 [ 1.26547661e-10 -9.45874490e-11  1.00000000e+00]
 [ 1.34349420e-10 -2.36468622e-11  1.00000000e+00]
 [ 8.06608114e-11  1.00000000e+00 -6.91215973e-11]
 [ 1.00000000e+00 -1.45519152e-10 -1.23691279e-10]
 [ 9.21289711e-11  1.00000000e+00 -4.36557457e-11]
 [ 1.00000000e+00 -2.67391442e-10 -7.27595761e-11]
 [ 1.30675915e-10 -1.49157131e-10  1.00000000e+00]
 [ 1.00000000e+00 -1.40062184e-10 -4.91127139e-11]
 [ 1.17246657e-10 -1.16415322e-10  1.00000000e+00]
 [ 1.00000000e+00 -2.76486389e-10 -5.63886715e-11]
 [ 1.00000000e+00 -2.31011654e-10  9.09494702e-12]
 [ 1.34129152e-10 -1.12777343e-10  1.00000000e+00]
 [ 1.00000000e+00 -2.56477506e-10 -3.81987775e-11]
 [ 1.12073906e-10 -1.18234311e-10  1.00000000e+00]
 [ 1.00000000e+00 -1.36424205e-10 -2.54658516e-11]
 [ 1.00000000e+00 -2.31011654e-10  1.45519152e-11]
 [ 1.03213438e-10 -2.09183781e-10  1.00000000e+00]
 [ 1.00000000e+00 -2.36468622e-10 -5.09317033e-11]
 [ 1.34946276e-10 -1.87355909e-10  1.00000000e+00]
 [ 6.67412792e-11  1.00000000e+00 -5.45696821e-12]
 [ 1.00000000e+00 -2.63753464e-10 -6.91215973e-11]
 [ 8.04050160e-11  1.00000000e+00 -5.27506927e-11]
 [ 1.02190256e-10  1.00000000e+00 -7.09405867e-11]
 [ 1.31322508e-10 -8.73114914e-11  1.00000000e+00]
 [ 1.00000000e+00 -1.30967237e-10 -8.91304808e-11]
 [ 1.00000000e+00 -2.31011654e-10 -2.36468622e-11]
 [ 1.20721211e-10 -5.63886715e-11  1.00000000e+00]
 [ 1.02637898e-10  1.00000000e+00 -3.27418093e-11]
 [ 1.31784361e-10 -1.60071068e-10  1.00000000e+00]
 [ 1.00000000e+00 -1.36424205e-10 -3.09228199e-11]
 [ 1.27322153e-10 -1.85536919e-10  1.00000000e+00]
 [ 1.00000000e+00 -2.25554686e-10 -6.91215973e-11]
 [ 1.00000000e+00 -2.01907824e-10 -5.27506927e-11]
 [ 1.30498279e-10 -1.47338142e-10  1.00000000e+00]
 [ 1.03391073e-10  1.00000000e+00 -1.05501385e-10]
 [ 1.18319576e-10 -1.18234311e-10  1.00000000e+00]
 [ 1.00000000e+00 -1.69166015e-10 -8.36735126e-11]
 [ 1.00000000e+00 -2.36468622e-10 -7.63975549e-11]
 [ 1.18795640e-10 -1.54614099e-10  1.00000000e+00]
 [ 1.06439302e-10 -2.38287612e-10  1.00000000e+00]
 [ 1.00000000e+00 -1.83717930e-10 -8.54925020e-11]
 [ 7.48556772e-11  1.00000000e+00 -4.00177669e-11]
 [ 1.00000000e+00 -2.40106601e-10 -4.36557457e-11]
 [ 1.39394274e-10 -1.32786226e-10  1.00000000e+00]
 [ 1.25709221e-10 -1.56433089e-10  1.00000000e+00]
 [ 8.17763635e-11  1.00000000e+00 -4.54747351e-11]
 [ 1.37553968e-10 -1.90993887e-10  1.00000000e+00]
 [ 8.79367690e-11  1.00000000e+00  1.81898940e-12]
 [ 1.13821841e-10 -1.12777343e-10  1.00000000e+00]
 [ 1.38072664e-10 -8.18545232e-11  1.00000000e+00]
 [ 1.00000000e+00 -2.61934474e-10 -1.20053301e-10]
 [ 7.46069873e-11  1.00000000e+00 -3.63797881e-12]
 [ 1.00000000e+00 -1.76441972e-10  9.09494702e-12]
 [ 1.00000000e+00 -2.07364792e-10 -5.09317033e-11]
 [ 9.54543111e-11  1.00000000e+00 -4.36557457e-11]
 [ 1.00000000e+00 -3.52883944e-10  1.05501385e-10]
 [ 1.33645983e-10 -1.50976120e-10  1.00000000e+00]
 [ 1.02531317e-10  1.00000000e+00 -1.03682396e-10]
 [ 1.00000000e+00 -1.23691279e-10 -4.72937245e-11]
 [ 1.00000000e+00 -1.09139364e-10 -1.81898940e-12]
 [ 1.27649002e-10 -1.50976120e-10  1.00000000e+00]
 [ 7.87778731e-11  1.00000000e+00 -1.45519152e-11]
 [ 9.67546043e-11  1.00000000e+00 -1.58252078e-10]
 [ 1.00000000e+00 -2.81943358e-10 -2.72848411e-11]
 [ 8.58335625e-11  1.00000000e+00 -9.64064384e-11]
 [ 1.30917499e-10 -2.14640750e-10  1.00000000e+00]
 [ 1.00000000e+00 -2.49201548e-10 -1.05501385e-10]
 [ 1.16877175e-10 -4.00177669e-11  1.00000000e+00]
 [ 1.02858166e-10  1.00000000e+00 -7.09405867e-11]
 [ 1.00000000e+00 -1.96450856e-10 -1.12777343e-10]
 [ 1.07434062e-10 -2.31011654e-10  1.00000000e+00]
 [ 9.33937372e-11  1.00000000e+00  9.09494702e-12]
 [ 1.00000000e+00 -2.09183781e-10 -8.54925020e-11]
 [ 1.16600063e-10 -2.18278728e-10  1.00000000e+00]
 [ 9.25481913e-11  1.00000000e+00  2.36468622e-11]
 [ 7.34701189e-11  1.00000000e+00 -1.12777343e-10]
 [ 1.26668454e-10 -1.47338142e-10  1.00000000e+00]
 [ 1.02865272e-10 -2.52839527e-10  1.00000000e+00]
 [ 9.72093517e-11  1.00000000e+00  3.63797881e-12]
 [ 1.25808697e-10 -1.96450856e-10  1.00000000e+00]
 [ 9.02460329e-11  1.00000000e+00 -1.81898940e-12]
 [ 1.00000000e+00 -2.91038305e-10  2.00088834e-11]
 [ 1.17829302e-10 -2.09183781e-10  1.00000000e+00]
 [ 1.00000000e+00 -2.91038305e-10 -1.49157131e-10]
 [ 9.47366630e-11  1.00000000e+00 -1.69166015e-10]
 [ 1.00000000e+00 -2.03726813e-10 -1.12777343e-10]
 [ 1.00000000e+00 -1.18234311e-10 -6.54836185e-11]
 [ 1.35706557e-10 -8.54925020e-11  1.00000000e+00]
 [ 1.00000000e+00 -2.12821760e-10  5.45696821e-12]
 [ 1.16742171e-10 -1.27329258e-10  1.00000000e+00]
 [ 1.11207044e-10 -1.76441972e-10  1.00000000e+00]
 [ 1.19150911e-10 -1.78260962e-10  1.00000000e+00]
 [ 9.36921651e-11  1.00000000e+00 -3.63797881e-12]
 [ 1.00000000e+00 -2.58296495e-10 -2.36468622e-11]
 [ 7.60635999e-11  1.00000000e+00  4.00177669e-11]
 [ 1.38875578e-10 -1.80079951e-10  1.00000000e+00]
 [ 1.13729470e-10 -2.41925591e-10  1.00000000e+00]
 [ 9.58806368e-11  1.00000000e+00 -1.25510269e-10]
 [ 1.18113519e-10 -1.65528036e-10  1.00000000e+00]
 [ 1.00000000e+00 -2.54658516e-10 -6.00266503e-11]
 [ 8.51656523e-11  1.00000000e+00 -1.56433089e-10]
 [ 9.16671183e-11  1.00000000e+00  7.27595761e-12]
 [ 9.17168563e-11  1.00000000e+00 -6.73026079e-11]
 [ 1.02303943e-10  1.00000000e+00 -1.32786226e-10]
 [ 8.46824832e-11  1.00000000e+00 -5.82076609e-11]
 [ 1.00000000e+00 -2.07364792e-10 -2.54658516e-11]
 [ 9.31450472e-11  1.00000000e+00 -7.09405867e-11]
 [ 9.92628202e-11  1.00000000e+00 -1.45519152e-11]
 [ 1.01820774e-10  1.00000000e+00 -1.20053301e-10]
 [ 1.42691192e-10 -1.60071068e-10  1.00000000e+00]
 [ 9.07576236e-11  1.00000000e+00 -1.81898940e-11]
 [ 7.95026267e-11  1.00000000e+00 -1.09139364e-11]
 [ 1.00000000e+00 -1.76441972e-10  0.00000000e+00]
 [ 1.06027187e-10  1.00000000e+00 -1.30967237e-10]
 [ 1.18106414e-10 -2.43744580e-10  1.00000000e+00]
 [ 1.03035802e-10  1.00000000e+00 -7.09405867e-11]
 [ 9.10347353e-11  1.00000000e+00 -7.63975549e-11]
 [ 1.22504673e-10 -1.70985004e-10  1.00000000e+00]
 [ 1.00000000e+00 -3.16504156e-10  1.21872290e-10]
 [ 1.36815004e-10 -1.81898940e-10  1.00000000e+00]
 [ 1.00000000e+00 -2.47382559e-10 -2.01907824e-10]
 [ 9.63353841e-11  1.00000000e+00  2.36468622e-11]
 [ 1.00000000e+00 -2.58296495e-10 -7.09405867e-11]
 [ 1.00264685e-10  1.00000000e+00 -1.29148248e-10]
 [ 9.56603685e-11  1.00000000e+00 -2.54658516e-11]
 [ 1.26298971e-10 -1.63709046e-10  1.00000000e+00]
 [ 1.00000000e+00 -2.16459739e-10 -5.45696821e-11]
 [ 1.30562228e-10 -1.34605216e-10  1.00000000e+00]]