[[-2.56075863e-03  6.13455780e-02  7.78400968e-02 -3.91353634e-02
  -3.53665904e-02  6.28467618e-02 -9.49323171e-03  3.75640822e-03
   4.18989943e-02  4.04432278e-02  1.00775403e-01 -1.01322322e-01
  -3.64745552e-03 -1.38844091e-02  6.22581173e-02 -1.01810535e-01
  -7.06050291e-02 -9.17588247e-02 -6.71592705e-02  3.19812478e-02
  -7.97651367e-02  9.38678383e-02  4.14044702e-02  3.27609135e-02
  -1.02784496e-01 -1.15334629e-02 -1.05139277e-01 -4.30150186e-02
  -1.52077621e-02  1.33088571e-02 -8.36067627e-02 -9.43052469e-02
   5.08641808e-02 -5.05293706e-02 -2.10121948e-02  5.19078188e-02
  -5.09280687e-02 -6.35713192e-02 -2.74857771e-02 -1.00492040e-01
  -3.60226690e-02  1.84018237e-02  3.11609620e-02  5.07787994e-02
   2.55729789e-02 -3.54871768e-02  4.35015128e-02  1.06968630e-01
   1.02479309e-01 -6.38327885e-02 -9.70225909e-02 -5.39665707e-02
   8.96943714e-02  3.66212747e-03  1.05217416e-01 -7.51682485e-02
   4.68091794e-02  2.19657822e-02 -6.25376450e-02  9.60697381e-02
   1.32624430e-02 -1.07628858e-01  9.24380250e-02  1.42567557e-02
  -5.88297560e-02  1.69549857e-02  1.02010725e-01 -5.51623715e-02
  -7.42610723e-02  8.91473978e-02  1.81710159e-02  1.16675741e-02
   5.71309948e-02 -7.46932591e-02  7.02148165e-02 -6.77246562e-02
  -5.83081845e-02 -5.58584673e-02 -7.22041790e-02  7.53348984e-02
  -7.14342222e-03 -2.03891966e-02 -3.71595948e-02  5.76492521e-02
  -6.09570081e-02  6.89606137e-02  3.22794881e-02  5.34841860e-02
   7.15296847e-02  8.98791995e-02  3.69514345e-02 -9.84285583e-04
   8.84625669e-02 -2.99896359e-02 -5.97733354e-02  9.81948251e-02
   1.03635410e-02 -6.81389381e-02 -9.75183558e-02 -9.23260324e-02
   6.23532931e-02  7.53535292e-02  8.81520272e-02  8.98261794e-02
   5.05495796e-02  9.02961270e-02  3.45819073e-02 -3.29054209e-02
  -4.95225724e-03  2.95556241e-03  5.67652008e-02  3.47009465e-02
  -2.75557247e-02  8.19680550e-02 -7.14650975e-02  2.62901521e-02
   9.03702305e-03 -2.04707178e-03  7.10484640e-02 -3.76168373e-02
   8.92505417e-02  1.01536699e-01  3.65695332e-02 -4.08260420e-02
   1.02513837e-01  8.34926358e-02  2.80609425e-03  5.26916993e-02
  -1.03446016e-01 -3.24001162e-02 -7.98831016e-02  7.90170580e-02
   8.41645298e-02  4.97996927e-02  2.87152203e-02  3.32685855e-02
  -1.74518754e-02 -4.75264529e-02 -1.00103497e-01 -9.31571145e-02
  -1.47114885e-02  7.04283895e-02  7.52522452e-02  5.49495770e-02
  -7.28564209e-02 -1.07082884e-01  1.03108340e-01 -4.48198702e-02
  -5.16420779e-02  6.21592502e-02 -3.78085535e-03  8.73065926e-02
  -2.63345073e-02 -7.45001658e-02 -1.02660219e-01 -8.66753085e-03
  -7.65210073e-02  1.02358896e-01  4.98495134e-02 -4.26145182e-02
   7.03134713e-02 -1.34633044e-02 -1.41180756e-02  4.97985018e-02
  -7.68706437e-02  1.41057158e-02 -8.91567768e-02  7.08176664e-02
  -2.21917614e-02  7.74860063e-02  2.34804482e-02 -1.81572552e-02
   3.25045893e-02  5.57202360e-02 -6.68557571e-02  9.12318816e-03
   2.98081536e-02  1.06713573e-01 -6.72461002e-02 -6.61770084e-02
   5.07663785e-02  1.03454445e-01  1.55368628e-02 -8.80923717e-02
   5.19775558e-02 -9.82750859e-02  7.03802773e-02 -6.33119127e-02
  -8.22509948e-02  6.60561656e-02 -2.65722876e-02 -6.32973000e-02
  -8.95061319e-02  3.30088494e-03 -5.90424539e-02 -5.29150666e-05
   5.19795003e-02 -2.94196267e-02 -5.14984095e-02 -2.07340410e-02
  -2.70918327e-02 -6.12438461e-02 -1.48477666e-02  6.60439789e-02
  -6.85641487e-03 -5.07831597e-02 -8.59279243e-02  3.78010650e-02
   1.07467730e-01  1.85829244e-02 -7.98162280e-02 -5.26950958e-02
   8.41390817e-02 -3.00431848e-02  2.90830012e-02  5.47872382e-02
   6.67169894e-02  6.85993519e-02 -4.35562937e-02 -1.00190216e-01
   8.34166466e-02 -2.72961990e-02  2.69795939e-02 -3.27032494e-02
  -5.11575471e-02 -3.22583929e-02 -2.62839194e-02 -2.68780334e-02
  -2.06085182e-02 -7.36979953e-02  9.47301629e-02 -7.39031532e-02
   8.26871774e-03 -6.46137888e-02 -7.89974865e-02  3.84749242e-02
  -9.39853204e-02 -1.54483861e-02  8.98001987e-02 -8.54558692e-02
  -2.98029546e-02  4.23379084e-02  8.12096115e-02 -1.00805966e-01
  -4.09614160e-02 -2.49921262e-02 -8.91341365e-02  1.07097996e-01
  -4.54600528e-03  8.00366633e-02]
 [-8.02663116e-02 -8.59755239e-02  1.51417007e-02 -5.41637270e-02
   3.85947486e-02 -9.14251686e-02  9.38802008e-02  6.25692649e-02
  -9.75275533e-02 -1.72731437e-02 -3.29906080e-02  4.06633212e-02
   1.87046667e-07  5.13761181e-02  1.05904509e-03 -5.48656200e-02
  -9.49823692e-02 -6.05034132e-03  1.06669153e-01  8.68913810e-02
  -1.16963857e-02 -7.95348754e-02 -1.89278349e-02 -8.11579881e-02
   1.15720192e-02 -8.94702103e-02  6.39007543e-03  3.14934018e-02
  -6.93576195e-02  4.97372980e-02  2.13510004e-02 -5.37351853e-02
   8.08123892e-02  5.54891428e-02  2.57555928e-02  8.44887340e-02
   4.34019036e-02  1.04070081e-01  5.67522816e-02 -5.91056704e-02
   3.69845229e-02  2.28277411e-02  1.13303905e-01 -1.51624057e-02
   5.46021221e-02 -5.87165035e-02 -5.89831764e-02 -3.12112818e-02
  -1.01138415e-01  3.25679677e-02 -4.14569202e-02  1.37748459e-02
  -7.96231752e-02 -1.60947760e-02  4.77789939e-02  2.41356175e-02
   5.24610748e-02  2.04437818e-02 -2.64822891e-02  5.50162824e-02
   6.94351954e-02 -7.45622976e-02  6.06619660e-02  3.05656520e-02
   8.07784384e-02  5.88700933e-02  2.75718020e-02 -4.36335726e-02
  -5.81464741e-02  1.20113785e-01  1.01144691e-01 -5.21745267e-03
  -5.77371655e-02  7.12931760e-02  5.88431377e-02 -5.88715127e-02
   8.13997875e-02 -7.26581824e-02 -9.26288223e-02  7.57274484e-04
  -8.32678628e-02  7.44761993e-04  1.02566761e-01  1.11304079e-01
  -2.07922784e-02 -5.89512135e-02  4.50664028e-02 -7.60472973e-02
   7.61961687e-02  2.65967279e-02 -5.80293859e-02  2.01382616e-02
   6.20429337e-02 -5.23671884e-03  5.46970318e-02  8.57798743e-02
  -6.96375035e-02 -4.91284286e-02  6.56402268e-02  3.80219822e-02
   6.43058340e-02 -7.50628247e-02  1.45311500e-02 -4.48010224e-02
   3.30642504e-02 -6.36769236e-02 -5.15056292e-02 -5.60923837e-02
  -7.31834786e-02  4.28143021e-02  1.94492396e-02  6.72687476e-02
   6.97330153e-03 -2.04196308e-02 -1.21810713e-01  5.07058373e-02
   4.08987798e-02  2.23178302e-02 -7.14324732e-02 -7.58748652e-02
  -1.00651335e-01  3.69836304e-02  5.15559629e-02  8.28373807e-02
  -9.99298580e-02 -9.42825490e-02  7.43219445e-02 -1.07993089e-01
   3.67576776e-02  7.67827598e-03 -9.55279963e-02  9.68981903e-02
  -6.81730378e-02 -6.16891489e-02  2.20144918e-02  1.24185773e-02
  -9.18359084e-02  3.76475809e-02  4.59056530e-02 -5.47929022e-02
   6.60975168e-02  2.12414358e-02  7.49591193e-03  4.53852093e-02
   7.28576688e-02 -6.14887822e-02  8.77513015e-02 -7.82113030e-02
   5.31690846e-03  4.10664725e-04  6.80720226e-02  4.63871135e-02
   2.33850224e-02  7.37671604e-02 -3.81856980e-02  1.49767193e-02
  -7.49698487e-02 -9.67040063e-02 -9.38477709e-02  1.07054962e-01
  -3.66611416e-02  8.04217471e-02  7.96240177e-02 -1.07230214e-01
  -5.60859671e-02 -6.67433681e-02  1.04286787e-01 -8.94872584e-02
  -9.18931934e-02 -9.23851170e-02 -2.17676909e-02  8.12828356e-02
   3.48472249e-02  1.04520625e-01  3.45020083e-03 -2.28779911e-02
   7.20593482e-02 -3.02122173e-03 -3.54354318e-02  1.23225059e-02
   5.19377965e-02  3.39530194e-02  6.92358121e-02  2.25314937e-03
   8.10076052e-02  4.64084421e-02 -3.08678607e-03  3.70061008e-03
  -4.28506278e-02  4.96266177e-02  4.75823483e-02 -6.05671657e-02
  -1.39184892e-02 -1.29073189e-02 -5.19396299e-03 -3.79260621e-02
  -7.27578707e-02 -3.96887712e-02  1.04355555e-02  8.90284784e-02
   5.42441270e-02 -1.00417997e-01  2.35231507e-02 -9.97849333e-02
   4.63571896e-02  1.89393440e-02 -6.63944294e-02  1.25574509e-02
   9.53000244e-02 -8.83399119e-02 -5.35035175e-02  3.07085767e-02
   1.21318700e-01  7.85451661e-03  2.18618711e-02 -3.52238590e-02
  -1.78224589e-02 -1.03645405e-01 -5.89075218e-02 -2.91508477e-02
  -3.13894360e-02 -4.70659667e-02  1.13727740e-01 -4.96764405e-02
   7.21706693e-02 -8.79636146e-02  9.06532336e-02  3.29599611e-02
   8.51659637e-02  3.24866202e-02  1.39183192e-02 -1.02847302e-01
  -1.10176867e-01  6.88768767e-02  1.36432098e-02  1.08723078e-01
   5.32999918e-02  1.09188738e-01 -5.46336266e-02  8.50621992e-02
   1.58668627e-04 -1.09335059e-02  1.14370226e-02  9.26050100e-02
  -1.11389578e-01 -5.03169034e-03  5.05277856e-02  8.30545165e-02
   5.26368157e-02  3.60350450e-02]
 [ 6.15602306e-02 -7.88758428e-02 -5.19186005e-02 -1.09862840e-02
   1.04806399e-01  5.87444574e-02 -2.94335780e-02  5.84177343e-02
   9.70796468e-02  2.47420088e-04  2.38932165e-02  8.03164361e-02
  -3.36486463e-03 -4.28283726e-02 -5.98278377e-02 -5.56501658e-02
  -8.23748590e-02  2.92025399e-02  6.28982942e-02 -2.76331015e-02
   6.33753682e-02  9.09491787e-02  8.10229072e-02 -9.78020329e-02
   5.99741569e-02 -3.68830150e-02 -1.06653674e-02  2.66165745e-02
   1.99879866e-02 -9.30749564e-02 -7.53408652e-02  6.62428341e-02
  -8.63700652e-02  1.18658692e-02  7.40142008e-02 -9.18237340e-05
   7.03751731e-02 -2.67649728e-04  6.03263153e-02 -4.48409528e-02
   2.97993599e-02 -6.60173365e-02 -8.20916209e-02  1.38465158e-02
   4.19318197e-02  9.25413916e-02  6.91242250e-02  9.46096214e-02
  -1.44305153e-03  1.45776457e-02  6.17123761e-02  7.65228178e-02
   8.82850739e-02  9.71836561e-03 -7.07878447e-02 -9.35074524e-02
  -7.19353658e-02 -1.06998612e-01 -8.49235250e-02 -4.93570213e-02
  -6.59000967e-02 -5.33670503e-02  4.24754682e-02 -3.32394387e-02
   2.96947558e-02  7.76712534e-02 -2.16105141e-02 -8.53570294e-02
  -5.95065672e-02  3.49097027e-02 -3.54423980e-02  6.66709727e-03
   1.53485337e-02  9.20957481e-02  7.84626347e-02 -7.33882099e-02
   5.89990645e-02  8.94061565e-03 -5.04261576e-02  1.03374316e-01
   2.89403190e-02 -2.91126565e-03 -1.03745756e-01 -9.63237296e-02
  -7.00188295e-02 -8.00244041e-02  6.98654161e-02  9.74238853e-03
   2.39718094e-02 -6.86320832e-02 -5.64525776e-02 -6.39431587e-02
  -7.79764395e-02  6.56365984e-02  1.04579670e-01  8.74953753e-02
  -2.41404671e-02 -4.30652774e-02 -9.92039216e-02 -6.23138112e-02
  -9.15613606e-02  7.46887029e-02 -7.82435953e-02 -3.51328847e-02
  -5.33869390e-02  7.25570866e-02  7.66199170e-02 -8.36599131e-02
  -3.92814765e-02  9.11285287e-02  6.19125686e-02 -8.90682964e-02
   6.03478924e-02  5.01988952e-02  3.58610812e-02 -8.72129830e-02
  -2.37333775e-02 -5.21749437e-03 -6.84601035e-02  8.53240789e-02
  -1.05113874e-01 -2.85724853e-02 -5.20767491e-02 -2.02449504e-03
  -8.71047436e-02  8.49301043e-02 -6.90746381e-02  3.89682726e-02
   3.74001363e-02 -9.98563162e-02  6.28196481e-02  5.05043853e-02
  -2.15388216e-02 -5.52960550e-02 -1.05662710e-01  3.98166531e-02
  -9.87606780e-02  2.33556856e-02 -7.77074371e-02 -1.22789256e-02
  -1.37169814e-02  2.68576734e-03  4.56654716e-02 -3.37154681e-02
  -1.66768380e-02 -5.32672515e-02  8.05540259e-02 -9.22070036e-02
  -6.29206124e-02  4.85069432e-02  8.51456353e-02 -3.75914661e-02
  -1.29466878e-03 -2.93484579e-02  9.17658073e-02 -9.11713033e-02
  -1.81601517e-02 -3.66481599e-02  1.03734738e-01 -6.84427026e-02
   1.03531556e-01 -1.38631401e-02 -1.45479995e-02 -6.37542584e-02
  -4.42883760e-02  1.45589747e-02  3.23172906e-02  7.79059737e-02
   9.02014195e-03  4.62376805e-02  7.60217698e-03 -5.14767326e-02
  -1.51579826e-02  1.57148640e-02 -9.15857442e-02 -3.00202340e-02
  -3.08013182e-02  3.50107488e-02 -2.13372308e-02  7.18373911e-02
  -2.91169651e-02 -2.67525697e-02  6.85891150e-02  4.72940443e-02
   7.91043082e-02 -3.31360718e-02 -9.02134604e-02 -1.80227807e-02
   3.90807369e-02 -6.39804977e-02  1.01913825e-01 -1.32149876e-02
   2.19422775e-02 -6.31317708e-02  9.09420747e-02  7.61551342e-02
   2.68859969e-02 -1.83008391e-02  3.05656035e-02  4.46522892e-02
  -7.81555645e-02  1.14578238e-02  8.52735255e-03 -8.97829624e-02
   4.92551848e-02 -5.03942923e-02  8.53942327e-02 -7.39873138e-02
  -1.52719471e-02  8.05350883e-02 -6.20809754e-02  6.26565985e-02
   7.12906609e-02 -1.20190220e-03 -3.53636748e-02  7.43169771e-02
   8.39398728e-02 -4.48769724e-02  8.48937306e-02 -5.08209586e-02
  -8.36306870e-02  8.12307347e-02  8.32474575e-02 -9.62551926e-02
   9.27855814e-02  6.52362347e-02  8.98534275e-02 -8.14083836e-02
   9.85581285e-02  8.97703100e-02  1.03884317e-01  1.74413086e-02
   6.42341206e-02 -5.60689375e-02 -3.75642988e-02 -8.41775616e-02
  -7.09246125e-02 -1.50806580e-02  5.29354424e-03  1.00880514e-01
   9.10529572e-02 -7.55524725e-02 -2.36861558e-02  9.28543797e-02
   1.39532799e-02  7.59106339e-04 -5.20177049e-02  9.85803780e-02
   8.68788290e-02 -1.47338350e-02]
 [ 1.77495203e-02  3.05294018e-02 -1.06248050e-01 -6.76547285e-02
   1.35282161e-02  1.08398355e-01  2.54983091e-02  3.33414669e-02
   1.35680023e-02 -9.10071231e-02 -6.62455958e-02  8.67319897e-02
   8.91634915e-02 -4.01567190e-02  6.77286913e-02  3.32397010e-02
   1.02839118e-01 -2.32103435e-02  6.28087227e-02 -1.75051297e-02
  -1.53507058e-02  2.75011158e-02  1.02860680e-01  5.32439275e-02
  -1.83888058e-02  9.55822254e-02  5.14876847e-02 -6.03533592e-02
   9.10113675e-02 -7.48967812e-02  3.78771142e-02 -2.06555510e-04
  -4.12613842e-02 -3.74899579e-02  8.81039398e-02  7.71605268e-02
   8.33146669e-02 -3.30056675e-02  3.82093937e-02  4.19422198e-02
   5.64123491e-02  1.59362612e-02  1.04206022e-01  1.29942862e-02
   6.90762122e-02 -8.59714223e-02 -2.45945434e-02  9.00608936e-02
  -6.69155552e-02 -7.61109707e-02  7.04364030e-02  1.00243489e-01
  -1.04566598e-01 -9.94801861e-02  3.18583597e-03  5.07041581e-02
  -9.17549333e-02 -1.91549338e-02 -8.33973050e-02 -8.44081473e-02
  -1.68957470e-02  2.59535845e-02  1.06915036e-01 -1.09162269e-01
   6.02236608e-02 -8.22159405e-02  6.11611332e-02 -6.80652115e-02
  -3.74541778e-02 -5.37696373e-02  1.09967623e-01 -7.54176098e-02
  -1.06689224e-01  6.50935997e-02  7.44376961e-02  8.55517901e-02
  -4.53809230e-02  6.86053088e-02  5.52059297e-02 -5.77747555e-03
  -1.70777381e-02 -6.21766749e-02 -3.23519474e-02  5.58425458e-02
   5.98162921e-02 -4.31687879e-02 -3.60569745e-02  1.83730247e-02
   4.55590786e-02  2.57853889e-02 -7.50970758e-02 -1.09379559e-01
  -5.20878548e-02 -6.42222097e-02  1.53377409e-03  8.67024059e-02
   1.38534448e-02  8.28513451e-02  3.47537761e-03  8.60828061e-03
   1.14880774e-01 -5.71910890e-02 -9.80963969e-02  1.01657222e-01
   3.06905556e-02 -3.26020878e-02 -4.00133188e-02  2.60489175e-02
   9.95176557e-02  2.99721197e-02 -9.86938251e-02 -3.46888456e-02
   8.47259477e-02  2.06010691e-02 -2.75434242e-02 -9.20090084e-02
   8.58199192e-02 -9.12819271e-02  5.82103632e-02  7.68544268e-03
  -7.06085234e-02  5.08848830e-02  9.55187466e-02  5.43669501e-02
   6.14612838e-02  9.66937156e-02  6.85096895e-02 -7.44935205e-02
   1.00443353e-02  7.25024240e-03  7.69000838e-03  5.41116077e-02
   3.23412937e-02  7.87332683e-02 -2.61925996e-02  1.58617539e-02
  -8.96022548e-02 -4.18880211e-02  8.63274962e-02  5.38854020e-02
   9.51354982e-02  3.62680609e-02 -6.39160711e-04  4.33461296e-02
   2.13156017e-03  2.78527643e-02 -9.73967754e-02  1.00868815e-01
  -7.80942290e-02 -2.68507340e-02 -8.37373929e-02 -6.56275121e-02
  -9.87702384e-02 -7.15675991e-02 -4.37954547e-02  6.04022594e-03
  -1.20374552e-02 -1.18349675e-02  5.90006722e-02 -1.87024692e-02
   8.34097575e-02 -1.80965945e-02 -1.01180211e-01 -2.90221166e-03
   4.72375024e-02  7.91614686e-02 -9.29613874e-02  8.51040171e-02
  -7.16374641e-02  1.03749984e-01 -7.79016134e-02  1.78230987e-02
   9.15982661e-02 -9.62730867e-02  7.42053448e-02  7.98530539e-03
   5.45488679e-02 -1.75024338e-02 -2.00197776e-02  3.09075370e-02
   3.45157014e-02  9.23832161e-03  1.60098709e-02  5.22121029e-03
  -6.72635053e-02 -5.08749569e-02 -6.77615597e-02  7.12421996e-02
  -1.12777326e-01  3.03603763e-03 -2.21163827e-03 -8.01342150e-02
  -7.96111833e-02 -9.01653849e-02 -6.22432328e-03 -7.55286962e-03
   3.79820517e-02  4.06650373e-02 -2.91994359e-02  9.57303673e-02
  -1.08104872e-01 -7.79040245e-02  9.20472003e-02  8.59315505e-03
  -3.76158137e-02 -7.66663006e-02 -4.49775776e-03  9.60209222e-02
   1.86192017e-02 -9.82380864e-02 -5.31811324e-02 -8.17007817e-02
   9.23424960e-03  4.46880381e-02 -8.57787733e-03 -2.41742973e-02
   2.94280895e-02  9.84673880e-02 -1.66727034e-02  8.57244856e-02
   1.25727987e-02  5.62991170e-02  4.43204871e-02  7.10052149e-02
  -4.93325254e-02 -1.95719465e-02  5.23783839e-03 -7.51074353e-02
  -3.90411140e-03  4.46040623e-02  1.74949132e-02 -4.38546320e-02
  -9.99200991e-02  1.04783988e-01 -4.36480775e-02  7.61776791e-02
   8.18512115e-02 -1.11666073e-02  1.03581746e-01  6.48393748e-02
  -5.48991176e-03  4.84042050e-02 -2.47868574e-02  3.93053935e-02
   7.68752287e-02  7.43047413e-02  2.84278036e-02  3.48810508e-03
   3.04025500e-03  3.92826948e-02]
 [ 1.27179826e-02  5.83580604e-02  7.42256207e-02  1.84876916e-02
  -4.32010966e-02  9.15011759e-02  4.18936057e-02  1.02517925e-01
  -5.87230531e-02 -9.70856376e-02 -7.67125517e-02  7.01415238e-02
   5.02910504e-02  1.02903563e-01  1.02803187e-01  3.63850740e-02
   2.67809975e-03  7.91186289e-02 -7.36164802e-02 -3.54301252e-02
   9.97764316e-02 -1.07700721e-01 -5.98932879e-02  6.08108995e-02
  -8.21694792e-02  3.37034290e-02  9.00522572e-02 -5.51837116e-02
   8.30984393e-02  2.05873936e-02 -5.23147281e-03  8.63429042e-02
  -2.82129075e-02 -3.19099487e-02 -3.99966148e-02  6.06745132e-02
   4.63069919e-02 -4.07710125e-02 -6.75693485e-02  6.41885795e-02
   5.44733814e-02 -9.48389090e-02 -1.04016928e-01  8.16559646e-02
  -1.91960053e-02 -4.26192409e-02 -1.28065168e-02  6.55946660e-02
   9.01881833e-02  7.97764839e-03 -9.26259289e-02  5.05074807e-02
  -1.29884964e-02  1.03645672e-01 -2.04295544e-02 -1.33992051e-02
  -8.01882173e-02  2.54833972e-02 -3.56277387e-02  5.40547437e-02
   3.86951118e-02  4.96734414e-02  7.17577809e-02 -7.01778162e-02
   7.61137626e-02  9.10351017e-02  1.57434529e-02  6.81184345e-02
   1.16244083e-02 -2.37878562e-02  5.38619717e-02 -3.76982244e-02
   6.79003889e-02 -2.69143331e-02  3.50989375e-03  3.23778021e-02
  -7.37957394e-02 -5.91224634e-02 -6.09507846e-02 -4.46195565e-02
  -9.29344305e-02 -4.91022556e-02 -2.65548706e-02 -8.61261621e-02
  -6.73410103e-03  1.01863459e-01 -8.71296255e-02 -2.56620744e-02
   1.94998078e-02  3.10331544e-02 -3.05601439e-02  1.05157779e-01
   9.93692574e-02 -8.11466555e-03  3.38679992e-02 -2.69290001e-02
  -8.83002350e-04  5.59506053e-02  8.36321909e-02 -4.93097799e-02
   3.34617926e-02  2.56975137e-02  6.28823815e-02 -1.07057943e-01
   1.41673876e-02  9.08365231e-02  6.58200563e-02 -6.57169026e-03
  -1.14744319e-01  5.55399882e-02  9.40666586e-02  1.08848832e-01
  -6.23064326e-02 -2.15571934e-02 -1.07079156e-01  3.02554815e-03
   2.32126648e-02  9.42815551e-02 -8.25215660e-02  6.41341900e-02
   3.09320682e-02 -9.33544593e-02  5.98268017e-02 -1.05430607e-01
  -1.02311221e-01 -5.81300806e-02 -9.50349631e-02 -2.01670731e-02
  -7.04474582e-02  2.19294644e-02  3.75267608e-03 -6.87845736e-03
   8.40487822e-02  7.38124459e-02 -6.81868783e-02  7.04723315e-02
  -6.41874089e-02 -2.56471076e-02  6.80789513e-02  9.06174129e-02
  -9.28006146e-03 -9.60016684e-02  5.10684187e-02  6.76062989e-02
  -9.66222257e-02  2.70491223e-02  1.67781998e-03  5.34267137e-02
  -7.50424189e-02 -2.39670362e-02 -8.31381178e-02  5.81482022e-02
   1.61894973e-02  4.23120924e-02 -3.34754673e-02 -8.51405528e-02
  -8.28994649e-04  3.66843003e-02 -1.72911043e-02  8.52845959e-02
   2.92320300e-02  1.10496661e-02 -8.89935869e-02 -7.94592628e-02
  -7.11286740e-02 -1.09721700e-02  2.63111218e-02  4.38718321e-02
  -6.36282988e-02 -1.00464321e-01 -2.75642155e-02  9.36314604e-02
   9.24576810e-02 -2.51105093e-03  6.94200968e-02 -8.26077655e-02
  -1.05078862e-01  9.73701924e-02  6.05117370e-02 -8.13147366e-02
   9.23332460e-02 -2.96025503e-02 -4.36096802e-02 -9.13132659e-02
   3.38241260e-02 -1.04013227e-01 -6.91837011e-02 -2.27799388e-02
   9.29098818e-02  5.91218317e-02 -3.49619939e-02 -8.30724154e-02
   7.98152801e-02  2.19066891e-02 -9.03435705e-02 -8.35213446e-02
  -3.33426158e-02 -5.37252477e-02  1.22970675e-02 -3.34081817e-02
  -8.10879424e-02 -3.76859905e-02 -6.51199658e-02  8.95700926e-02
  -1.77187518e-02 -1.12283454e-02  8.54363397e-02 -1.93840030e-03
  -3.32384375e-02  8.57280965e-02  6.15364566e-02 -1.48607135e-02
   7.79181378e-02  5.14835897e-03 -9.59519426e-02  9.72241246e-03
   2.54272097e-02  1.12968794e-02 -4.15332023e-02 -6.41781714e-02
  -8.11740672e-02  3.69595620e-02  4.12248404e-03 -6.38919352e-02
  -5.07294153e-03  8.25996388e-02 -3.88794323e-02 -6.42989719e-02
   1.12188681e-01  1.03854766e-02  1.30884171e-02 -7.76490102e-02
   5.73116426e-02 -4.65714950e-02  7.77274597e-02  3.17544833e-03
   7.46081738e-02  5.86064824e-02 -1.32261619e-03  1.01694635e-01
   1.16810725e-02  2.07180948e-02 -5.50346463e-02  6.57760664e-02
   9.14804481e-02  8.49860445e-02  1.80844404e-02 -1.85482888e-02
  -3.17793861e-02 -7.73774471e-02]
 [-9.79806678e-02  3.52827021e-02 -7.36180717e-02  4.14958256e-02
  -7.82117757e-02 -7.21881718e-02  3.62145285e-02  8.88440181e-02
   7.24055454e-03 -1.98163936e-02 -1.45748969e-02  9.51635410e-02
   7.30822463e-02  4.14205337e-02  3.58921648e-02  2.19166741e-02
   9.82553141e-02 -1.04933798e-01 -9.77822895e-03  6.38346095e-02
   6.96259044e-02  7.89637507e-02 -1.03863139e-01 -3.88228926e-02
   1.10503959e-01  1.14785778e-01  2.77925040e-02  1.09175711e-01
   3.48108226e-02  7.22259888e-02 -3.77277099e-03  3.43239112e-02
   1.84575761e-02  3.23441454e-02 -6.38630081e-02 -7.81347822e-02
   9.78141079e-02  9.86745853e-02 -1.04935343e-01 -7.65218435e-02
   4.33944554e-02  3.59984914e-03  2.63049974e-02 -5.88425721e-02
  -7.69219102e-02 -2.50476508e-03  4.11977588e-02  7.15322337e-02
  -9.60938943e-02 -3.95464363e-02 -3.81382355e-02  5.54163119e-02
  -1.56570834e-02  9.17055019e-02  7.56113779e-02 -1.71715628e-02
  -8.94825741e-02  1.32279100e-02  1.30393545e-02 -1.26700983e-01
   2.04769093e-02 -3.07787775e-02 -3.56068724e-02  8.17453480e-02
  -7.43348673e-02 -5.23179805e-02  5.24414246e-02 -5.50358277e-02
  -9.32680046e-02  5.66333149e-03 -8.97357766e-02 -7.49535921e-02
  -4.75093106e-02 -1.03422060e-01  1.03888157e-01 -5.73206892e-02
   7.86286241e-02 -8.53528989e-02  8.17007220e-02 -4.47588193e-02
  -1.77821265e-03 -8.81894634e-02  6.97889979e-02 -6.40658964e-02
  -1.03924395e-01  9.87216526e-02 -7.74216116e-02 -3.20258515e-02
   7.69179269e-02  3.51867939e-02 -3.24653524e-02  5.30983107e-02
   1.95357302e-02  5.14173253e-02  4.19876991e-02  5.19200658e-02
  -3.55099908e-02 -1.39270546e-02 -1.09667021e-01  5.72396355e-02
  -1.12269428e-01  2.15669345e-02  2.02842560e-02  7.07109278e-02
  -5.99357851e-02  6.99312156e-02 -1.18747798e-01  5.60318586e-02
   7.96540551e-02 -7.12313070e-02 -6.71389902e-04  4.45895955e-02
  -2.57915373e-02 -2.08948760e-03 -8.51920207e-02  5.34948806e-02
  -6.91812401e-02 -3.06921386e-02  2.81391576e-02 -8.49641855e-03
  -5.12648896e-02  4.75197429e-02 -2.05569185e-03 -4.57273969e-02
   1.01999607e-01  1.58511613e-02  3.42204922e-02  1.87523113e-02
  -6.26418691e-02 -9.67651966e-02 -9.69366118e-02  6.25413688e-03
  -6.08113784e-02  5.91517836e-03 -1.48665338e-02  7.36008116e-02
   9.04896282e-02  8.13585442e-02 -2.64890674e-02 -5.04004692e-02
  -7.68098466e-02 -3.30925432e-02 -1.31935242e-03  2.00797996e-02
   3.56028694e-02 -8.49642455e-02 -1.24001012e-02 -1.71824183e-02
  -3.45345986e-02 -1.27277487e-02 -4.88652259e-02 -2.35044318e-02
   4.30078049e-02 -1.37115851e-02 -8.08974255e-03  1.47699053e-02
   1.14045584e-01 -5.03329890e-02  9.75861795e-02  8.04013838e-02
  -9.26166148e-02 -1.07363676e-02 -9.72421858e-02 -8.25436277e-02
  -5.07802365e-02  6.86717741e-02  9.72426813e-02 -3.61086299e-02
   5.16639057e-02  7.33017818e-03 -2.86748833e-02 -2.47040502e-02
   8.80667082e-02 -6.83911273e-02  4.89660011e-02 -3.77518851e-02
   3.45820446e-02 -4.44710761e-02 -1.29268199e-02  1.07414240e-01
  -1.03953588e-01  9.34764358e-02  3.44719047e-03 -8.93165719e-02
   2.60897444e-02 -1.19259961e-02 -2.99174812e-02  1.72456254e-02
   3.99157265e-02 -2.28984727e-02  1.80519081e-02 -1.54005517e-02
  -1.63650998e-02  2.75166973e-02 -6.47765701e-02  3.69289777e-02
  -3.44569913e-02  4.87380619e-03 -5.88593899e-02  8.39003978e-02
   6.48388691e-02  1.14919497e-01 -6.04665410e-02 -1.05772666e-02
   2.41805516e-02 -8.92288998e-02 -8.65872988e-02  8.67989086e-02
  -3.15833660e-02 -7.41640665e-02 -1.46030675e-02 -2.05451202e-02
   7.96426882e-02 -5.05009698e-02 -5.91658517e-02 -4.28426278e-03
   3.21509130e-02 -1.76836023e-02 -7.11919866e-02 -5.53667461e-02
   8.48367928e-02  1.93150335e-02  9.10121283e-02 -5.23669403e-02
  -7.76572961e-02  8.28345177e-02  1.07975219e-01 -7.97704032e-02
  -9.03557990e-02  3.08258342e-02 -1.92621378e-02  1.11897933e-01
   6.15408047e-02 -9.86077573e-02  6.96706535e-02 -6.46602564e-02
   2.58246778e-02 -3.31314787e-02 -7.52358419e-02 -7.18018146e-02
   4.28366880e-02 -4.88365732e-02 -7.13046486e-02  2.72762510e-02
   1.16926541e-01  4.05887367e-02  1.20281694e-01  8.77001577e-03
  -6.51721373e-02  3.71328166e-02]]