[[-2.24095047e+02 -3.96416521e+02  6.20515937e+02]
 [ 2.85665437e+01 -9.91608345e+01  7.05998062e+01]
 [ 6.22589108e+00 -3.93258810e+01  3.31058888e+01]
 [-4.29053085e+01 -4.48863337e+01  8.77984600e+01]
 [-3.66917428e+01  1.74165537e+02 -1.37474538e+02]
 [-3.64601914e+01  2.19967192e+02 -1.83501669e+02]
 [-3.25470438e+01 -2.18997338e+02  2.51552464e+02]
 [ 6.10152053e+01 -5.13974784e+01 -9.61059358e+00]
 [ 1.00325422e+02 -2.58297153e+02  1.57976604e+02]
 [ 2.66720822e+01  3.60514512e+02 -3.87180454e+02]
 [ 1.81450579e+01 -1.50574266e+02  1.32433276e+02]
 [ 1.04485364e+02 -3.56836719e+02  2.52357656e+02]
 [-3.04179822e+01 -5.33868741e+02  5.64292127e+02]
 [-9.02316616e+01 -5.84596018e+02  6.74830837e+02]
 [-1.11731999e+02  3.53278493e+01  7.64095108e+01]
 [ 5.40615469e+01  2.53639709e+01 -7.94220842e+01]
 [-1.72604219e+01 -5.87633010e+00  2.31415606e+01]
 [ 8.03228714e+01  1.39940684e+02 -2.20260670e+02]
 [-3.97977906e+01 -4.33356695e+02  4.73160400e+02]
 [ 1.16016721e+02 -3.00579385e+02  1.84567200e+02]
 [ 4.50727538e+01  2.19004321e+01 -6.69661653e+01]
 [-1.94367724e+01 -1.20182532e+02  1.39624667e+02]
 [ 1.44147133e+01  1.72708841e+01 -3.16855057e+01]
 [ 2.07080372e+02  5.56917251e+02 -7.63991476e+02]
 [ 1.99854319e+00 -5.74813686e+02  5.72820916e+02]
 [-3.15592745e+01  1.60503434e+01  1.55141494e+01]
 [-1.60634155e+01  1.83374998e+02 -1.67303668e+02]
 [-7.75502156e+01 -6.00652805e+01  1.37620379e+02]
 [-1.19157621e+02 -8.90576525e+01  2.08222765e+02]
 [ 7.99444293e+01  7.87493654e+01 -1.58685979e+02]
 [ 1.78388861e+01 -3.53875578e+02  3.36040234e+02]
 [-5.85123317e+01  5.72569004e+02 -5.14052670e+02]
 [ 7.14773861e+01  4.42509819e+02 -5.13981242e+02]
 [-2.84450305e+01 -5.69896352e+02  5.98348165e+02]
 [ 2.73738576e+01  4.25634844e+02 -4.53005616e+02]
 [-1.18968026e+02 -8.85127390e+01  2.07487767e+02]
 [ 7.39491926e+00 -5.75731932e+02  5.68343150e+02]
 [-1.66938593e+02  6.03166888e+02 -4.36225622e+02]
 [-2.25726865e+01 -4.89619580e+02  5.12194824e+02]
 [-1.07494471e+01 -6.52823028e+01  7.60350878e+01]
 [ 6.54381888e+01  1.13943241e+03 -1.20486544e+03]
 [-3.44177774e+01  1.23454256e+02 -8.90297841e+01]
 [ 6.68193443e+01  2.05024940e+02 -2.71839279e+02]
 [-5.84377581e+01  6.31727775e+02 -5.73286084e+02]
 [-3.40906363e+01  7.21300591e+01 -3.80360981e+01]
 [ 1.11741175e+02 -2.99448861e+02  1.87713043e+02]
 [ 3.84370865e+01 -3.49308492e+01 -3.50049814e+00]
 [ 3.76718240e+01 -2.41521129e+02  2.03855068e+02]
 [-7.35087179e+01 -1.00099044e+03  1.07450437e+03]
 [-9.02512223e+01  3.89714539e+02 -2.99457722e+02]
 [ 1.24015003e+02 -5.38667930e+01 -7.01415525e+01]
 [-1.60367635e+00  1.31289368e+01 -1.15199576e+01]
 [-1.03009718e+01 -6.36106770e+02  6.46413373e+02]
 [-1.45267108e+02  4.65990434e+02 -3.20720216e+02]
 [ 8.80374289e+01 -1.40647330e+03  1.31844098e+03]
 [ 1.25936040e+02 -3.50658039e+02  2.24725949e+02]
 [ 2.81715154e+01  7.48365448e+01 -1.03005692e+02]
 [-1.24447337e+02  1.08764909e+02  1.56876545e+01]
 [ 2.82321988e+01  5.42904080e+02 -5.71133419e+02]
 [ 5.61825302e+01  1.98039004e+02 -2.54213191e+02]
 [ 3.67630236e+00 -4.02312980e+02  3.98643410e+02]
 [ 2.40744567e+01  5.86001781e+01 -8.26672974e+01]
 [-3.14953416e+01 -2.65692450e+02  2.97194321e+02]
 [-9.53643711e+01 -2.25343263e+02  3.20712563e+02]
 [-7.24844201e+01 -8.98897710e+01  1.62373434e+02]
 [-4.91121522e+01 -8.75477561e+01  1.36666906e+02]
 [-3.21701113e+02  3.98702024e+02 -7.69935573e+01]
 [ 1.30443746e+02  4.79931798e+02 -6.10371207e+02]
 [-9.67976129e+01 -8.27819326e+01  1.79584716e+02]
 [-1.55141456e+01 -3.13923097e+02  3.29442393e+02]
 [-6.84827334e+01 -5.51630056e+02  6.20119846e+02]
 [ 5.68227811e+01  1.35935445e+02 -1.92749819e+02]
 [ 1.08948173e+02  1.30449065e+02 -2.39389861e+02]
 [-1.23682563e+02  6.05050867e+02 -4.81363114e+02]
 [-9.31538411e+01  5.49159623e+02 -4.56000198e+02]
 [-4.77964656e+01  2.53578429e+02 -2.05775230e+02]
 [-1.00357171e+02 -1.95338125e+01  1.19895405e+02]
 [ 4.55152633e+01 -4.70398349e+01  1.53127655e+00]
 [-4.95878239e+01  4.38621901e+02 -3.89030379e+02]
 [-2.64254087e+00 -1.66180533e+02  1.68829409e+02]
 [-7.26117913e+01  1.26117392e+02 -5.35000284e+01]
 [-3.24402557e+01 -2.53756982e+02  2.86205106e+02]
 [-4.12238434e+01 -1.00727798e+03  1.04850404e+03]
 [ 1.09629226e+02 -5.87317054e+02  4.77691205e+02]
 [ 1.60171440e+02 -1.15809257e+02 -4.43590681e+01]
 [ 1.26849790e+01 -6.37610782e+02  6.24933090e+02]
 [ 1.97518367e+01  1.16469030e+01 -3.13908957e+01]
 [-1.50969311e+02  3.22417587e+02 -1.71442024e+02]
 [ 5.48554046e+00 -2.38245498e+02  2.32766138e+02]
 [ 5.60361400e+01  2.80843928e+02 -3.36875593e+02]
 [ 6.51199272e+01  1.05941087e+03 -1.12452208e+03]
 [ 1.11959820e+02 -2.97160231e+02  1.85206088e+02]
 [-1.30031852e+02  3.70108608e+02 -2.40072878e+02]
 [-7.03026358e+01  1.86967041e+02 -1.16660712e+02]
 [-3.54588443e+01  1.79336411e+02 -1.43873088e+02]
 [-1.59702559e+02 -6.01149184e+02  7.60857728e+02]
 [ 1.28073611e+02 -7.24939344e+01 -5.55732497e+01]
 [ 2.52842907e+02 -1.03050038e+03  7.77660388e+02]
 [-1.11644735e+01 -3.00986309e+02  3.12157224e+02]
 [-6.15992476e+01  5.73674243e+01  4.23727308e+00]
 [ 2.65911195e+01 -1.25125026e+01 -1.40733612e+01]
 [-1.61299288e+02  2.13401993e+02 -5.20960134e+01]
 [-8.96240040e+01  5.08940054e+01  3.87341982e+01]
 [-1.94072434e+01 -5.86455403e+02  6.05870194e+02]
 [-1.81052541e+01 -2.84674795e+02  3.02785364e+02]
 [-3.20300989e+01 -4.89205801e+02  5.21239814e+02]
 [-4.07215019e+01  2.69368723e+02 -2.28642930e+02]
 [ 1.08777149e+02  6.61346865e+02 -7.70117464e+02]
 [-6.51874127e+01  7.69502255e+02 -7.04315489e+02]
 [ 3.68968036e+01 -4.30644968e+02  3.93753445e+02]
 [-7.94789735e+01 -3.55469177e+02  4.34953448e+02]
 [ 1.18882797e+02  3.16809701e+02 -4.35690966e+02]
 [ 3.39325546e+01 -1.75430716e+02  1.41503182e+02]
 [ 4.38273463e+01 -1.00543614e+02  5.67246603e+01]
 [-1.31694583e+02  6.80086975e+02 -5.48390147e+02]
 [ 3.23373389e+01  2.65259780e+02 -2.97592442e+02]
 [-2.06408071e+01  6.12079955e+01 -4.05589714e+01]
 [-8.71182847e+01 -4.39932038e+02  5.27056212e+02]
 [ 1.65766688e+02 -4.92865065e+02  3.27104406e+02]
 [-9.78567018e+01  4.74592732e+02 -3.76730184e+02]
 [-5.73939245e+01  2.32128014e+02 -1.74729363e+02]
 [ 1.68883871e+02 -3.03321151e+02  1.34442323e+02]
 [-1.21067268e+02  1.46226507e+02 -2.51537483e+01]
 [ 7.84779633e+01 -4.99350187e+02  4.20877585e+02]
 [ 1.83209087e+02 -1.56946478e+01 -1.67507866e+02]
 [ 5.95670395e+01 -1.53370198e+02  9.38098459e+01]
 [ 1.43571194e+02 -1.30466290e+01 -1.30517756e+02]
 [ 1.04029042e+01  5.05938556e+01 -6.09904809e+01]
 [ 8.46696926e+01  1.12551141e+02 -1.97215979e+02]
 [ 1.18977063e+01 -1.52819281e+02  1.40925753e+02]
 [-1.16102686e+01 -5.97630676e+02  6.09247533e+02]
 [ 2.39031374e+01 -6.72260394e+02  6.48360776e+02]
 [ 1.42046966e+01 -2.40831291e+02  2.26632783e+02]
 [ 4.84826351e+01  2.22489864e+02 -2.70967425e+02]
 [ 4.22167417e+01  7.78531129e+02 -8.20740731e+02]
 [ 1.52775656e+02 -5.94043286e+02  4.41269635e+02]
 [ 4.22130204e+01  2.11218487e+02 -2.53427376e+02]
 [-2.00679884e+01  2.78004694e+01 -7.72417659e+00]
 [-5.20895106e+01 -1.44184393e+02  1.96281523e+02]
 [-7.94122482e+01  2.21965868e+00  7.71972456e+01]
 [-5.85932095e+01  4.11048417e+02 -3.52454993e+02]
 [ 1.60389827e+02  8.36292307e+02 -9.96677134e+02]
 [ 2.53925147e+02 -3.75305141e+01 -2.16395603e+02]
 [-1.04746863e+01  1.22202866e+02 -1.11723832e+02]
 [-2.54996335e+01  1.65680263e+01  8.93607206e+00]
 [ 6.65191490e+01 -2.71998699e+02  2.05483666e+02]
 [ 5.20656139e-01  5.35832607e+02 -5.36349123e+02]
 [ 2.58882378e+01  2.40518346e+02 -2.66403122e+02]
 [-1.87134399e+01 -2.00532124e+02  2.19252135e+02]
 [ 2.16191033e+01 -2.24695970e+02  2.03081741e+02]
 [ 9.75528427e+01 -3.92773219e+02  2.95227034e+02]
 [-5.99164861e+01 -4.40293081e+02  5.00213334e+02]
 [-9.05839310e+01  1.03451336e+02 -1.28620811e+01]
 [-3.61777599e+00  4.92943504e+02 -4.89322628e+02]
 [-1.16622381e+01 -4.30606417e+00  1.59759797e+01]
 [-7.93617035e+01  3.54694566e+02 -2.75331172e+02]
 [-8.13519246e+00  1.86842933e+02 -1.78704613e+02]
 [ 1.25932111e+02  4.61346682e+02 -5.87275652e+02]
 [ 4.30727724e+01 -3.43881416e+01 -8.67657811e+00]
 [ 3.17122893e+01 -3.53676385e+01  3.66344335e+00]
 [ 2.31839796e+01 -1.38891855e+02  1.15712371e+02]
 [-4.15252132e+02 -1.44773090e+03  1.86298504e+03]
 [-1.09393339e+02 -5.46824066e+01  1.64084058e+02]
 [-1.32985643e+02  9.42811267e+02 -8.09818131e+02]
 [ 3.89981567e+01  3.60396504e+00 -4.25983318e+01]
 [-5.09832448e+01  9.66217088e+01 -4.56337478e+01]
 [ 1.55727117e+02 -1.57986399e+02  2.26466639e+00]
 [-1.17151748e+01  5.82239458e+02 -5.70520776e+02]
 [-1.28582770e+01  1.61608252e+02 -1.48745771e+02]
 [ 7.88875661e+01  4.61783272e+02 -5.40667039e+02]
 [ 1.17441118e+02 -3.49921375e+02  2.32488226e+02]
 [ 4.65691443e+01 -2.77489436e+02  2.30926285e+02]
 [ 1.64001736e+01  1.06499542e+02 -1.22895718e+02]
 [ 9.49729147e+01 -5.85751733e+02  4.90786317e+02]
 [ 7.65243896e+01 -8.17414686e+02  7.40895235e+02]
 [ 4.75432555e+00  4.82780730e+02 -4.87528312e+02]
 [ 5.43321911e+01 -6.58942344e+02  6.04616103e+02]
 [ 6.12358574e+01 -2.18301927e+02  1.57068411e+02]
 [ 5.71056657e+01  3.56111216e+02 -4.13212453e+02]
 [-1.02538380e+02 -9.48603272e+01  1.97405121e+02]
 [-6.25386044e+01 -2.34191932e+02  2.96736696e+02]
 [-1.04153164e+02  3.32011871e+02 -2.27855455e+02]
 [-1.16953809e+02  7.53325710e+02 -6.36365075e+02]
 [ 5.77027893e+00  7.72047613e+01 -8.29681575e+01]
 [-7.58829025e+01 -8.19104911e+01  1.57799985e+02]
 [ 1.74056068e+01 -7.13521311e+02  6.96124326e+02]
 [-2.50595518e+01 -6.78030850e+02  7.03096385e+02]
 [ 1.66822013e+02 -6.84358471e+01 -9.83815692e+01]
 [ 4.65515409e+01 -1.80245760e+02  1.33699800e+02]
 [-5.01988024e+01 -8.55711065e+01  1.35773383e+02]
 [ 5.54384813e+01  1.15678934e+02 -1.71112665e+02]
 [ 4.40278828e+01  1.54374512e+02 -1.98398727e+02]
 [-8.92704011e+01 -1.91757618e+02  2.81033919e+02]
 [ 1.24839745e+02 -8.83906562e+01 -3.64413029e+01]
 [-3.82124175e+01  4.03488723e+02 -3.65274266e+02]
 [ 1.88606191e+02 -4.30010116e+02  2.41409679e+02]
 [ 1.11973040e+02  3.95841405e+02 -5.07809952e+02]
 [-1.79681304e+02  1.84544519e+02 -4.85881957e+00]
 [-7.30077741e+01 -1.01189197e+02  1.74201393e+02]
 [-8.10944953e+01  1.00929353e+02 -1.98293130e+01]
 [-9.44698165e+01  1.00464856e+02 -5.98960649e+00]
 [-3.73368360e+01  3.14296822e+02 -2.76960403e+02]
 [-1.01780825e+02  5.95886936e+01  4.21957792e+01]
 [ 1.41725602e+01 -3.29060262e+02  3.14892008e+02]
 [-1.03036967e+02  1.04911232e+02 -1.87172345e+00]
 [-1.45031030e+02 -5.16339261e+02  6.61374386e+02]
 [ 2.99766808e+01 -1.11267557e+01 -1.88441863e+01]
 [-1.55979698e+01 -6.59658005e+01  8.15687583e+01]
 [ 1.99178368e+00  8.53190908e+02 -8.55175559e+02]
 [ 3.15270713e+01  2.20565980e+02 -2.52087617e+02]
 [-5.54927759e+01  1.63285507e+02 -1.07787320e+02]
 [ 1.28804257e+02 -4.02253978e+02  2.73458458e+02]
 [-4.53719076e+01  2.21169787e+02 -1.75790906e+02]
 [-3.89061283e+01  2.31197773e+02 -1.92285719e+02]
 [ 1.06481609e+02 -4.59732387e+01 -6.05049938e+01]
 [ 2.01432683e+01 -6.06142776e+02  5.86003219e+02]
 [-1.16705907e+02  1.48863827e+02 -3.21513291e+01]
 [ 5.13156803e+01 -3.30135029e+02  2.78825057e+02]
 [-5.83273312e+01  2.47237938e+02 -1.88907285e+02]
 [-2.04336538e+02  9.11249910e+01  1.13215194e+02]
 [ 8.16582817e+01 -3.02973412e+02  2.21320763e+02]
 [ 9.83515360e+01  8.89667242e+01 -1.87316238e+02]
 [-2.16271799e+01 -3.78724612e+02  4.00360005e+02]
 [-7.21683322e+01 -1.02482239e+02  1.74657386e+02]
 [ 3.03418240e+01 -4.20750042e+01  1.17354213e+01]
 [-2.37965799e+01  2.16500656e+02 -1.92698299e+02]
 [ 3.34855893e+02 -8.32095770e+02  4.97243048e+02]
 [-7.23929695e+01 -4.13682406e+02  4.86081443e+02]
 [ 1.20553488e+02  5.07975286e+02 -6.28526033e+02]
 [-3.00886479e+01  8.09679799e+02 -7.79587914e+02]
 [ 4.13942319e+01 -1.70981615e+02  1.29594395e+02]
 [-6.13525386e+01  5.50568407e+02 -4.89209942e+02]
 [ 3.26200532e+01 -3.25018559e+02  2.92405071e+02]
 [-8.53035488e+01 -8.40230935e+01  1.69327963e+02]
 [ 7.77575587e+01 -4.37972628e+02  3.60220399e+02]
 [-2.59870462e+01  1.13749766e+02 -8.77583919e+01]
 [ 2.98819732e+02 -4.48469381e+01 -2.53972219e+02]
 [-2.05427504e+02  6.06855466e+02 -4.01421240e+02]
 [ 1.80193744e+00  3.36657231e+02 -3.38454823e+02]
 [-3.13456715e+01  3.48749946e+01 -3.52358055e+00]
 [ 4.64560586e+01  2.70509887e+02 -3.16962062e+02]
 [-4.00551563e+01 -3.79442222e+01  7.80040816e+01]
 [-2.77542589e+02  5.61211102e+02 -2.83661200e+02]
 [ 2.64481771e+01 -1.07654714e+02  8.12126673e+01]
 [ 1.53006668e+01 -1.23929372e+03  1.22399634e+03]
 [-2.71328154e+01  2.30372379e+02 -2.03237014e+02]
 [ 3.31967864e+01  4.05697052e+02 -4.38889435e+02]
 [ 5.35502335e+01 -4.01280445e+02  3.47737843e+02]
 [ 8.88746722e+01 -5.70869861e+01 -3.17835931e+01]
 [ 3.65064220e+01 -1.01981940e+02  6.54782689e+01]
 [-2.26809047e+01 -3.13722832e+02  3.36409475e+02]
 [ 1.40112779e+02 -6.52884069e+02  5.12776906e+02]
 [ 8.20399209e+01  5.45962879e+02 -6.27999123e+02]
 [ 1.95249551e+02  6.19081153e+02 -8.14325867e+02]
 [ 2.84211441e+00  4.21579455e+02 -4.24415103e+02]
 [-3.24831668e+01 -1.15433020e+03  1.18681568e+03]
 [-7.18170213e+01 -6.99531337e+01  1.41774709e+02]
 [ 4.60946387e+01 -2.53740313e+02  2.07650877e+02]
 [-2.87101138e+01 -7.01979948e+02  7.30696894e+02]
 [ 6.08959324e+01 -3.95817256e+02  3.34926002e+02]
 [ 4.19216018e+01  2.11885166e+02 -2.53803298e+02]
 [ 1.42977115e+01  3.79915961e+02 -3.94209617e+02]
 [ 1.00215722e+01  4.96286724e+02 -5.06305217e+02]
 [-7.54184317e+01 -4.32615465e+02  5.08038386e+02]
 [-9.66186540e+01 -3.19635835e+02  4.16257557e+02]
 [ 8.39189483e+01 -3.16514813e+02  2.32599562e+02]
 [ 8.79792016e+01 -3.58242230e+02  2.70269682e+02]
 [-1.00387929e+02  3.41432502e+02 -2.41039820e+02]
 [ 3.17690735e+01  3.66752331e+02 -3.98515974e+02]
 [-7.30157179e+01  1.27840727e+02 -5.48183981e+01]
 [-1.77485020e+02  7.20841402e+01  1.05405451e+02]
 [-4.32579057e+01  7.04675074e+01 -2.72035630e+01]
 [-7.03475708e+01 -1.25685313e+02  1.96036971e+02]
 [ 3.11172010e+02 -7.63889666e+02  4.52718749e+02]
 [-3.00970258e+01  1.70659644e+02 -1.40556237e+02]
 [-1.43701141e+01  2.78762952e+01 -1.35001337e+01]
 [-7.90393716e+00  1.19304013e+03 -1.18513426e+03]
 [-7.62658920e+01  4.34566095e+01  3.28140311e+01]
 [-1.64089350e+01  8.51551752e+01 -6.87403712e+01]
 [-1.98362143e+02  6.88198486e+02 -4.89831178e+02]
 [-8.14408922e+01  1.68939537e+02 -8.74905114e+01]
 [-2.24949087e+01 -4.17756556e+02  4.40258313e+02]
 [-2.12061381e+01 -5.55076257e+02  5.76285104e+02]
 [-2.39953916e+01 -2.90999321e+02  3.15002500e+02]
 [ 6.15488363e-01  6.72436537e+02 -6.73050227e+02]
 [-4.77641537e+01 -2.70451712e+02  3.18221740e+02]
 [-6.65197011e+01  2.90378570e+02 -2.23852215e+02]
 [-1.23235337e+02  1.03959929e+02  1.92785990e+01]
 [ 8.25115474e+01 -3.92172422e+02  3.09664866e+02]
 [ 2.42543339e+02 -2.67803525e+02  2.52609460e+01]
 [ 2.55112953e+01 -2.70434301e+02  2.44930038e+02]
 [ 1.92125931e+02  1.48586789e+02 -3.40706005e+02]
 [-6.23447990e+01  1.58847376e+01  4.64645683e+01]
 [ 3.78521517e+01 -4.09773485e+02  3.71923156e+02]
 [-1.21493964e+02  1.24402125e+03 -1.12252424e+03]
 [ 5.02731607e+01  1.46970473e+02 -1.97237422e+02]
 [ 1.09154745e+02 -4.07357298e+01 -6.84152149e+01]
 [ 2.15199541e+01  2.48573311e+02 -2.70094631e+02]
 [ 6.16093730e+01 -2.04376383e+02  1.42773889e+02]
 [ 1.02185736e+01  1.93965745e+02 -2.04178891e+02]
 [-8.45285979e+01  1.19781114e+02 -3.52461092e+01]
 [-1.36765541e+01 -1.41048974e+01  2.77840886e+01]
 [-3.38860008e+01 -1.44584016e+02  1.78476111e+02]
 [-8.45368807e+01  2.49186799e+02 -1.64645428e+02]
 [ 1.51275753e+02  4.85564983e+02 -6.36835583e+02]
 [-3.54326222e+01 -1.64827653e+02  2.00266878e+02]
 [-2.02110802e+01  5.03606839e+02 -4.83390285e+02]
 [ 1.83571286e+02 -3.42489918e+02  1.58924252e+02]
 [-2.28641681e+01 -1.41525498e+01  3.70198617e+01]
 [-2.00162481e+01  5.09638902e+02 -4.89614610e+02]
 [-2.92352168e+01 -7.05248790e+02  7.34487331e+02]
 [-1.23187125e+02  4.34245706e+02 -3.11054381e+02]
 [ 6.77529191e+01 -3.25093498e+02  2.57347223e+02]
 [-4.01396730e+01  9.24414576e+01 -5.22948592e+01]
 [-9.63237570e+01  8.22578333e+01  1.40710769e+01]
 [-6.03136857e+01  1.32908316e+02 -7.25898689e+01]
 [-3.88421254e+01  2.52534046e+02 -2.13687540e+02]
 [-6.50477804e+01  1.41744998e+03 -1.35240178e+03]
 [ 9.84333682e+00  3.95657448e+01 -4.94004382e+01]
 [-7.99544029e+01 -2.70254290e+02  3.50214493e+02]
 [-1.69052460e+02 -6.40618338e+01  2.33120728e+02]
 [-9.55979201e+01 -5.75997376e+01  1.53204492e+02]
 [-2.21721997e+01  5.19450321e+02 -4.97274848e+02]
 [-6.33718953e+01  1.07143285e+02 -4.37678165e+01]
 [ 1.17571634e+01  3.16727741e+01 -4.34226264e+01]
 [-1.03048772e+00 -8.10712116e+01  8.21036698e+01]
 [ 4.17103631e+01  1.59389580e+02 -2.01092925e+02]
 [ 7.18859355e+01 -3.61974210e+02  2.90092101e+02]
 [ 5.39467630e+01 -2.17326779e+02  1.63380816e+02]
 [-2.49204763e+02 -2.04884078e+02  4.54092465e+02]
 [ 1.10019792e+02  1.22441031e+02 -2.32453973e+02]
 [-2.01056868e+02 -6.24266126e+01  2.63485835e+02]
 [-7.93106702e+01  3.83977833e+02 -3.04661412e+02]
 [-1.04646903e+02  5.45480512e+01  5.01009633e+01]
 [ 1.89419586e+02 -1.17253648e+03  9.83122454e+02]
 [ 9.67453046e+00 -1.66123236e+02  1.56455350e+02]
 [ 2.38312068e+01  3.09992365e+02 -3.33819217e+02]
 [ 3.63071094e+01 -7.58525996e+01  3.95514560e+01]
 [-3.49404049e+01  2.75690706e+02 -2.40749611e+02]
 [ 2.95404262e+01 -4.74246950e+02  4.44709844e+02]
 [-2.17763861e+01  3.01119124e+02 -2.79336581e+02]
 [ 1.32284584e+01 -2.90062975e+02  2.76838458e+02]
 [ 1.30270407e+02  2.36258724e+02 -3.66525593e+02]
 [ 2.60398998e+02  5.28392228e+02 -7.88785014e+02]
 [ 3.23956196e+01  2.29804000e+01 -5.53707290e+01]
 [ 5.42338061e+01  1.55207702e+02 -2.09440898e+02]
 [-4.41643466e+01  3.86851241e+02 -3.42680992e+02]
 [ 7.34702526e+01 -1.35389973e+01 -5.99269691e+01]
 [-3.70124365e+01  9.35751080e+00  2.76600988e+01]
 [ 2.13221187e+01 -6.20532870e+00 -1.51138666e+01]
 [-1.32178231e+02 -2.05231251e+02  3.37413368e+02]
 [ 4.49240614e+01 -1.72230799e+02  1.27313926e+02]
 [-1.09861690e+02  2.94544583e+02 -1.84676953e+02]
 [ 1.12925263e+02  5.33475383e+02 -6.46394579e+02]
 [ 1.54526536e+02 -7.43747647e+02  5.89225709e+02]
 [-1.20157830e+02  2.57218657e+02 -1.37055217e+02]
 [ 7.98278470e+01  2.04666813e+02 -2.84486379e+02]
 [-2.34887104e+01 -6.67876697e+01  9.02815891e+01]
 [ 1.19491079e+02  1.92972244e+02 -3.12459241e+02]
 [-1.38417487e+01 -1.08083546e+02  1.21930430e+02]
 [ 1.47337068e+01 -3.60653732e+02  3.45925231e+02]
 [-1.82432954e+01 -2.75240499e+02  2.93489155e+02]
 [ 5.45208155e+01 -3.47215572e+02  2.92700147e+02]
 [ 1.35357769e+01 -4.97014615e+02  4.83485228e+02]
 [ 9.17497492e+01  3.60175551e+02 -4.51921366e+02]
 [-1.91105376e+02  1.96367963e+03 -1.77256765e+03]
 [-9.41503615e+01 -1.32264689e+02  2.26420776e+02]
 [ 7.04674050e+01 -4.83778995e+02  4.13319173e+02]
 [ 3.55082453e+00  1.70808868e+02 -1.74360511e+02]
 [ 1.63709050e+01  3.60385857e+02 -3.76751911e+02]
 [ 1.51632642e+02  3.93349714e+02 -5.44975153e+02]
 [ 3.95815205e+01 -1.62044387e+02  1.22468990e+02]
 [ 8.80845302e+01 -8.30433659e+01 -5.03749930e+00]
 [-3.69184689e+01  2.01650485e+01  1.67601350e+01]
 [-1.14092628e+02 -3.01979937e+01  1.44296940e+02]
 [-7.61044323e+01 -2.65311497e+02  3.41420799e+02]
 [-9.23299781e+01 -3.26002515e+01  1.24939467e+02]
 [ 1.39200140e+02 -3.35325108e+02  1.96132623e+02]
 [ 3.82151941e+01 -6.76032734e+02  6.37825043e+02]
 [-5.30134437e+01  1.47864498e+02 -9.48443549e+01]
 [ 1.56484505e+02 -5.91331119e+02  4.34849018e+02]
 [ 2.83160688e+01 -3.30169479e+02  3.01859553e+02]
 [ 1.83050419e+01 -5.79074406e+02  5.60775616e+02]
 [-1.29660106e+02  2.54642975e+02 -1.24978651e+02]
 [ 1.19829506e+01  3.43588951e+01 -4.63373306e+01]
 [-4.77353907e+00 -5.91429561e+01  6.39220475e+01]
 [-1.23206020e+02 -2.79867867e+02  4.03080716e+02]
 [-1.68425960e+01  1.31790893e+03 -1.30106370e+03]
 [ 9.99647208e+01 -1.55366042e+02  5.54073300e+01]
 [ 1.01561672e+01  2.55847729e+01 -3.57354842e+01]
 [ 3.61946060e+01  2.90384577e+02 -3.26574422e+02]
 [-7.88979586e+01  1.00427204e+02 -2.15255946e+01]
 [ 1.77046745e+02  3.37524701e+02 -5.14567871e+02]
 [-2.34735189e+01  4.52503023e+02 -4.29027226e+02]
 [-4.28812840e+01 -3.80894182e+02  4.23780875e+02]
 [ 1.09094895e+01  1.09199892e+02 -1.20103994e+02]
 [ 1.19700362e+02  8.85988766e+02 -1.00568446e+03]
 [-4.08796246e+01  1.31044316e+02 -9.01612430e+01]
 [-4.74772254e+01 -2.79037076e+02  3.26517687e+02]
 [-2.51455725e+01  1.30638997e+03 -1.28124512e+03]]