[[-7.27050478e-02 -1.73846474e-01 -7.13184538e-01  1.45293587e-01
   8.28529022e-01  7.26527655e-01  7.59432208e-01 -8.81515427e-01
   1.66006776e-01 -6.57744920e-01  5.27370541e-01  5.87339421e-01
   3.82344200e-01  3.63768506e-01 -7.12579282e-01  6.97014672e-02
  -9.68172363e-01  8.99880215e-01 -5.32262541e-01 -4.71170513e-01
   5.60971698e-02  9.31955266e-02  3.51263130e-01 -9.57288143e-02
   9.46407645e-01 -5.05916881e-01 -4.44243355e-01  5.92265785e-01
  -4.05371690e-01  1.89050886e-01 -2.54358834e-01  5.98359818e-01
   3.71596085e-01  6.12417172e-01  5.65891648e-01 -8.41100331e-01
   6.91613132e-01  1.29010763e-02 -1.25496276e-02  3.84669467e-02
   2.35312653e-01 -8.35141027e-01  4.87157825e-01 -3.18834550e-01
  -1.57965130e-01 -4.97657576e-01 -4.12884132e-01  8.05448217e-01
   7.70783465e-02  8.80551604e-01  7.28839065e-01 -6.17844344e-01
  -7.94398026e-01  2.93078457e-01  1.47475984e-01  8.94780824e-01
  -1.32787606e-01  6.93939664e-01  5.47245320e-01 -3.25616527e-02
  -2.17606239e-01  3.27794006e-01  6.11706437e-01 -2.89237391e-01
  -6.79417236e-01  8.09464174e-01  5.22321356e-01 -7.97860599e-01
   6.77990296e-02  4.94009100e-01  7.03243300e-01 -8.66300802e-01
   7.67689803e-01 -4.91514245e-01  7.89575148e-01  8.94868373e-01
  -8.82777460e-01 -4.18008155e-01 -1.54313301e-01 -8.90255600e-01
  -1.57066318e-01  8.74078061e-01 -9.17379267e-01  4.81589000e-01
   6.23045610e-01 -8.30257702e-01  8.23502763e-01  4.81989607e-01
  -9.14968644e-01  7.34619739e-01 -1.55657952e-01  9.75786275e-01
   4.32644862e-01  9.35033068e-01  4.09474612e-01 -4.05182897e-01
  -6.33356615e-01 -8.62278117e-01 -8.58815433e-01  2.19263354e-03
   4.30481627e-01 -8.50317287e-01  7.61815800e-01 -7.35078729e-02
   3.77889858e-02  7.95106014e-01  1.85626053e-01  4.86954568e-01
   7.24901781e-01 -4.93014006e-01  5.88725344e-01  4.01432466e-01
   6.33052864e-01  1.72585096e-01  6.86640094e-01 -2.15665497e-02
   3.01462634e-01  4.72570785e-01  6.72585101e-01 -5.31759705e-01
  -1.77342546e-01  8.17416457e-01 -9.50716742e-01 -3.20043523e-02
  -9.54550318e-01 -9.66421863e-01  4.94519180e-01 -9.40177029e-01
  -1.54551679e-01  3.43619718e-01 -9.10632464e-01  8.61518715e-01
   7.75985576e-01 -1.40676355e-01  3.96198946e-01 -7.42957168e-02
   3.44667463e-01 -9.17930192e-01 -3.36125864e-01  7.16961216e-01
  -8.37657039e-01  8.64212279e-02  1.91833191e-01 -3.51930215e-01
   6.01083647e-01 -8.15194969e-01 -3.58136709e-01  6.29528559e-01
   2.94571510e-01  1.60189887e-02  1.59180786e-01 -2.72734252e-01
  -6.21624339e-01 -9.40554412e-01 -9.00112629e-01 -4.84445077e-01
  -6.86907700e-01  5.72146329e-03 -5.55339391e-01  8.65181778e-01
   8.61791592e-01 -3.27919085e-01  6.12326995e-01  8.82726488e-02
  -1.83851679e-01  2.73771179e-01 -1.09308920e-01  4.76457554e-01
  -9.38157232e-01  2.27324856e-01  1.88038353e-01 -7.85109990e-01
   9.12998586e-01 -8.47404060e-01  7.45311523e-01  4.97688894e-01
  -1.20252058e-01  8.01189118e-01  9.82622101e-01 -4.03013595e-01
  -3.88735127e-01 -3.47178128e-01  9.42945694e-01  9.33901024e-01
  -3.30661814e-01 -5.60325201e-01  9.74260260e-01  3.78455275e-01
   2.06997561e-01 -4.79207386e-01 -1.24794420e-01 -9.77991042e-01
  -5.04524112e-01 -6.66238653e-01 -6.40482437e-01 -7.13369420e-01
   8.73689797e-01 -4.22300049e-01 -8.44912298e-01 -7.79739166e-01
   4.62803255e-01  7.43852197e-01  1.35411086e-01 -3.66338226e-01
  -7.34829249e-01 -4.48982293e-01 -8.55394736e-01  3.00917411e-01
  -5.51175917e-02 -9.38464015e-01 -1.18335578e-01 -7.64236550e-01
   3.29692138e-01  6.52601853e-01  6.97187839e-01  3.78864801e-01
  -4.22013646e-01 -2.62483499e-01  6.16835326e-01 -4.44474540e-01
  -4.16260712e-01 -4.55966641e-01 -4.10700164e-01  7.17038493e-01
  -4.68381330e-01  6.70373733e-01 -6.69376155e-02  2.87801631e-01
   3.57015577e-01  3.66407014e-01  8.76699119e-01  9.26189731e-01
   8.44838294e-01  9.08360548e-01  9.98603631e-01  1.96028150e-01
  -3.91791738e-01 -9.82739648e-02 -8.25032245e-01  9.15515753e-01
  -3.34415327e-02  6.98549741e-02  5.68018978e-01  9.72764600e-01
   8.01585423e-01  9.85737360e-02 -8.19472698e-01  8.55321959e-01
   9.56673038e-01  3.36237768e-01 -9.64360326e-01 -5.54169721e-01
  -8.21371542e-01  3.43576321e-01  4.92572925e-01 -7.02933651e-01
  -6.30925568e-01 -6.62468368e-01 -5.41455039e-02  4.29472587e-01
  -6.01830229e-01  6.86410971e-01 -9.01846348e-01  2.07684419e-01
   1.92134972e-01  9.80666288e-01  1.63331545e-01  9.03902116e-01
  -4.08773464e-01 -7.07063667e-02 -8.01181518e-01 -8.38716195e-01
   2.88332480e-01 -2.25211314e-02  8.37478677e-01  8.78051311e-01
   7.89794497e-01 -5.63223744e-01 -8.04236475e-01 -8.24236387e-01
  -7.17251506e-01  7.93812983e-01 -8.22024373e-01 -7.53325517e-01
   6.30346196e-01 -6.63543523e-01  9.18831354e-01  6.26945707e-01
  -4.63555921e-01  8.24706855e-01  5.31892876e-01  1.01633725e-01
   4.10402077e-01  2.95194003e-01  4.77362416e-01  6.02191535e-01
  -9.76007102e-01 -9.66280275e-01 -9.52568050e-01  9.91672406e-01
   8.70271321e-01 -9.76896816e-01  3.40514258e-01 -6.47170388e-02
  -1.69509570e-01  9.63985698e-01 -7.00352890e-01 -7.99611450e-01
  -6.71790081e-02 -6.78509359e-01  4.00699157e-01  6.13751917e-01
   5.56005019e-02  5.62971332e-01 -4.79387078e-01  7.00937570e-01
   7.07064660e-01 -8.43211501e-01 -1.37522777e-01  4.24299699e-01
  -4.13318642e-01  7.89130103e-01 -2.23420968e-01  3.02313459e-01
   2.39106223e-01  5.40283982e-01 -6.28935145e-01 -4.72106720e-01
   1.80936135e-01  4.21595532e-01 -5.04154640e-02 -9.60490339e-01
   8.36714443e-01  1.30049690e-01 -6.85336240e-01  6.96555726e-01
   5.36887308e-01  2.69923865e-01  2.20519708e-04  2.61823776e-01
  -7.90850013e-01 -4.27067947e-01 -2.58318221e-01 -7.56054995e-01
   7.12208636e-02 -9.17044312e-01  3.57567720e-01 -3.58419230e-01
  -5.38848766e-01 -4.34004071e-02 -9.29823716e-01 -1.01839805e-01
   1.89920444e-01 -9.93845675e-01  6.12930615e-01  6.28040512e-01
  -3.34467826e-01  8.40282660e-01 -2.07011554e-01  1.97338839e-01
  -5.93433064e-01  2.16848526e-01  8.96933153e-01 -3.77504796e-01
   3.21991707e-03  9.17406290e-01  3.15954667e-01  3.63119628e-01
  -5.86107629e-01  4.25819035e-01 -1.10612080e-01 -9.49201515e-01
  -5.51356473e-01  5.31119919e-01 -8.91417833e-02  1.33242434e-01
  -4.23859307e-01 -4.47558743e-01 -7.23790450e-01 -8.51890844e-01
   8.34693730e-01  6.84841904e-01 -7.36793502e-01 -9.51618220e-01
   9.22308747e-01 -8.31628290e-01  9.72048236e-01  9.40959903e-01
   2.50696623e-01 -2.82830720e-02 -6.45440674e-01 -5.99869683e-01
   6.34583535e-01 -1.91046077e-01 -6.81870074e-01 -7.61530825e-01
  -1.34736683e-01  9.84752283e-01 -6.55848987e-01  8.89019116e-01
   8.05886107e-01 -9.46013730e-01 -1.22490216e-01  4.34879554e-01
  -1.12197350e-01 -5.29714240e-01 -2.36561477e-01 -4.80115711e-01
   8.05285383e-01 -2.92420089e-01  4.35199055e-01  4.02350744e-01
  -3.65691840e-01 -6.90535815e-01 -3.71000751e-01  3.11626302e-01
  -9.86221904e-01 -5.10913573e-01  9.79762456e-01  1.21301317e-01
  -2.38219414e-02 -6.97688199e-01  9.46693466e-01 -6.93838712e-01
  -1.00332234e-01 -6.14228702e-01 -3.84179560e-01 -3.52486216e-01
   4.95274278e-01 -2.70670716e-01 -4.36155444e-01 -9.18037361e-02
   7.07773895e-02 -4.57491805e-02  1.58741917e-01  3.86609376e-01
   2.98336852e-01  4.39582530e-01  8.92785225e-02 -4.57622761e-01
   8.53030588e-01  5.01693817e-01  6.66216977e-01 -8.30486067e-01
   3.15567775e-02  3.89141048e-01  1.82389444e-01  5.82853044e-01
  -3.22924751e-01  6.88763901e-01  6.23386454e-01 -3.17923991e-01
   4.66701536e-01  9.48136500e-01 -7.60032574e-01 -6.57291796e-01
  -4.13184918e-01  9.27805159e-01 -6.77339390e-01 -5.94486855e-01
  -1.43046896e-01  5.38802794e-02 -2.61498274e-01 -1.73104873e-01
  -2.96024473e-01  6.82962755e-01  9.51719788e-01  6.99839939e-01
   5.24610577e-01 -9.85085351e-01  5.96576626e-01  7.04456012e-01
   7.77546695e-01  5.01580713e-01 -1.84038285e-01 -9.98105338e-01
   6.42387372e-01  5.57101342e-01  3.94901788e-01  6.30674143e-01
   1.50410585e-01 -8.55479084e-01 -6.23074117e-01  4.06436028e-01
  -8.90987794e-01  1.94192128e-01 -7.51781715e-01  6.08007741e-02
  -8.41761170e-03 -2.70831984e-01  3.20491695e-01 -1.99597586e-01
  -4.94639758e-01 -1.83668811e-01 -1.76683833e-01 -8.26300960e-01
  -8.76112888e-01 -9.73633993e-01  6.25195235e-01  4.86105471e-01]
 [ 3.14862736e-01 -3.44900265e-02 -4.34331251e-01  9.65053451e-01
  -3.47091669e-01  6.83668979e-01  4.00481864e-01 -7.58542480e-01
  -7.80713065e-01 -2.27101422e-01  2.48847519e-02 -2.08165806e-01
  -1.98709311e-01  1.20211749e-02 -9.10068817e-01 -9.44365000e-01
   7.01869512e-01 -4.55291654e-02 -2.35637431e-01 -7.59684631e-01
   9.35435107e-01  4.22323178e-01  9.56891151e-01 -8.68533107e-01
   3.54283332e-01  7.31470683e-01 -2.35679948e-01 -4.34061307e-01
  -1.32547437e-01 -3.01585087e-01  1.61817630e-01  8.09330164e-01
   4.29828294e-01 -7.64721836e-01 -2.15648559e-01 -9.28170854e-02
   8.24565409e-01  9.35107156e-01 -6.89401177e-01  8.97407066e-01
  -4.12539983e-01 -4.15844178e-01 -5.87071189e-01  4.12241157e-01
   1.20603391e-01 -6.36804725e-01  3.30606349e-01  9.21978143e-01
  -5.75489466e-01 -3.54333939e-01  3.45096994e-01 -6.03182557e-02
  -5.27145921e-01 -4.52001530e-01 -1.42576915e-01  6.14726714e-01
   8.23831187e-01 -1.88646006e-01  2.88338287e-01  7.32762686e-01
  -7.01008331e-01  7.25573494e-02 -2.89213036e-01  6.49468101e-01
   7.03659565e-01 -8.35667480e-01  4.14837154e-01  3.01352766e-01
   2.98294015e-01 -5.66161087e-02 -7.66908333e-01 -6.91063859e-01
  -1.05612792e-01 -8.65609926e-01 -4.19388881e-01 -1.45976132e-01
   9.21704319e-01 -6.58144599e-01  6.42159647e-01 -7.32367037e-01
   2.60421656e-01 -8.47838681e-01 -2.86273452e-01  5.31269604e-01
   8.58593500e-01  1.32596682e-01 -5.42989206e-01 -9.96417436e-01
   1.89483758e-01 -4.33792518e-01  3.66284349e-01 -8.27324148e-01
  -4.89445285e-02  6.84840700e-02 -6.37332226e-01  8.64660442e-01
   8.47121804e-01 -1.83748303e-02 -8.47354880e-01  3.81821945e-01
   1.84428141e-01  1.27034386e-01  8.22326649e-01 -4.01222756e-01
  -2.58355073e-01  8.54704647e-02 -9.18338560e-01  4.03293385e-01
   4.82274711e-01 -6.21518766e-02  3.34842078e-01  4.31521604e-01
   3.30217250e-01  6.41171394e-02  2.77936130e-01  7.80734343e-01
   5.03911087e-01  1.96177994e-01 -7.24831653e-01  2.35782056e-01
  -9.67112867e-01 -1.19157534e-01  6.68051531e-01  6.21999602e-01
   6.51491554e-01 -5.48182715e-01  8.47252640e-01 -2.34416154e-01
   4.02819146e-01 -2.59784217e-01  3.66144398e-01 -4.09532917e-01
   4.87340083e-01  1.19522267e-01  6.43930610e-01  5.60910318e-01
  -2.00999267e-02 -8.29041982e-01  1.89220024e-01 -1.35697440e-01
   6.80668734e-01 -7.27999304e-01  9.22200555e-01 -3.22886675e-01
   4.14481998e-01 -8.42707668e-01 -2.60231627e-01  4.85449832e-01
  -8.71949163e-01  7.76178132e-01  5.53253046e-01 -5.12719339e-03
  -9.70548620e-01 -5.08850389e-01  9.58896274e-01  4.43860033e-01
   8.21920892e-01  6.92656988e-01  3.30516762e-01  7.84384453e-02
  -2.34701656e-01  6.19716638e-01 -7.19914437e-01 -3.19122785e-01
  -4.99341617e-01 -6.49794994e-02  5.98607991e-01  3.55749506e-01
  -3.29244285e-01  6.03185681e-01  8.92912479e-01  1.40967495e-01
   6.32354484e-01  4.81779396e-01  6.99535652e-01  6.55291350e-01
  -2.95008538e-01  2.87655147e-01  3.88250852e-01  2.93528350e-01
  -6.42031441e-01 -9.01433022e-01  9.48836453e-02 -1.60666138e-01
  -6.83207446e-01  6.04860693e-01 -7.62885205e-01  5.61240849e-01
   2.28924427e-01 -5.71427259e-01 -2.15415226e-01 -3.24991982e-01
  -7.38491061e-01  8.51389368e-01  7.91499603e-01  1.90827861e-01
  -8.80325737e-01  1.85110791e-01 -8.09907285e-01 -9.63704203e-01
  -8.01824747e-02 -2.07230711e-01 -6.83507969e-01  1.99863487e-01
  -6.77527668e-01  4.50927327e-01  6.02087429e-03 -8.71059142e-01
  -5.77386831e-01  9.10410399e-01  9.15945015e-01 -9.94472454e-02
  -5.51097767e-01 -6.47900410e-01 -4.02266401e-01  1.07106545e-01
  -6.13467649e-01  5.70980644e-01  5.73723408e-01 -4.00958853e-01
   7.13585671e-01 -9.63060839e-01 -5.33784504e-01 -7.94469430e-01
  -7.72122538e-01  5.56348145e-01 -3.10502060e-02  1.19391997e-01
  -9.72843631e-01 -1.63432061e-02  4.30112313e-02 -1.26803347e-01
  -2.44621312e-02 -7.71603403e-01 -9.21231924e-01  2.97551545e-02
  -6.13013813e-01 -9.15835971e-02  7.84583981e-01 -2.78496424e-01
   7.62692944e-01  1.75405010e-01  8.03922115e-01  1.01720734e-01
   6.39034457e-01  6.05369664e-02 -6.12041023e-01  7.95688112e-01
   1.54341448e-01  4.45318561e-01 -1.77452318e-01  2.22985020e-01
  -1.31208838e-02 -4.15706529e-01 -1.57051384e-01 -9.78136681e-01
  -4.80456136e-01  3.73703818e-01 -1.06405202e-01 -8.80488615e-01
  -3.84046354e-01 -9.35802913e-01 -9.57082014e-01 -4.57351361e-01
   6.21297263e-01  9.13565147e-01  4.17734867e-01 -3.04818547e-01
   7.84144315e-01  2.42335946e-01  6.53923598e-02 -4.49082016e-01
  -4.40014235e-01 -2.99279636e-01  5.30434765e-02 -5.74138524e-01
   9.34436632e-02 -1.88634000e-01  4.50490246e-01 -6.88409379e-01
  -3.34553939e-03  6.48454650e-01 -3.50550962e-01 -2.17250100e-01
  -9.11979555e-01 -9.38284036e-01  4.80882420e-01 -8.03401014e-01
   6.42788726e-01  6.58055702e-01 -9.97411968e-01 -1.74938077e-01
  -2.91299666e-01 -2.83013584e-01 -1.07578025e-01  5.11554940e-01
  -2.23762005e-02 -7.42776521e-01  9.01338160e-01  7.54145849e-01
  -8.42715146e-01 -6.31749366e-01 -6.21783765e-01 -5.61371179e-01
   4.65357644e-02 -3.01964861e-01 -3.42245353e-01  6.99349582e-01
   3.20881087e-01 -5.16554978e-01  1.57179933e-01 -5.99939515e-01
  -6.80609459e-01  7.85060849e-01 -7.36657292e-01 -7.43887508e-01
  -4.82756894e-01 -9.19009037e-01  2.86354085e-01  6.15341703e-01
  -2.65260809e-01  3.89357981e-01 -3.54759466e-01  5.27732337e-01
  -9.67984632e-01 -6.70105754e-01  9.28686480e-01  4.16145610e-01
  -5.00171137e-01  2.13825080e-02  4.32025805e-01 -5.93404403e-01
   4.63482422e-01  5.21411168e-01 -5.93964048e-02  7.73205777e-01
  -2.96435623e-01 -1.20859922e-01  2.58865129e-01 -8.34397450e-01
  -4.26064404e-01 -1.27898152e-01 -9.72383974e-01 -5.49348600e-02
   6.39143189e-01 -7.62413806e-01 -7.43336406e-01  8.58551818e-01
  -4.47407825e-01  4.64939701e-02 -1.72839530e-01 -8.98053694e-01
  -1.91815174e-03  3.57741946e-01 -1.88316554e-01  4.83862751e-01
  -4.37449177e-01 -6.00655701e-01 -2.83206407e-01  7.48192358e-01
   5.55015117e-01  4.42845517e-02  3.47163010e-01 -3.05820781e-01
  -6.64505546e-01  2.35136506e-01  8.16303362e-01  9.49354950e-01
  -2.18942830e-01 -8.73682743e-01 -4.64867653e-01  2.99645054e-02
   8.76714349e-01  9.68724034e-01 -8.14294890e-01 -3.53218951e-01
  -3.42400999e-01  8.82829743e-01  2.46195433e-01  8.31528225e-01
  -7.73122149e-02 -7.05380974e-01  8.18627745e-01 -3.53642763e-01
  -7.21915662e-01  4.78004957e-01  7.20712192e-01  6.08522569e-01
   4.89441796e-01  1.68484496e-01  7.00350349e-01  3.24392371e-01
   6.53236310e-01  3.35502971e-01 -5.84375141e-01  6.61465180e-01
   1.34388340e-01  9.70012443e-02  6.54635299e-02 -3.62872907e-01
  -5.30445737e-01 -4.53433831e-01 -2.18682272e-01 -7.46400680e-01
  -9.22130515e-01 -5.54467506e-01  8.36191620e-01 -5.29638260e-02
  -9.70837592e-01  8.20036608e-01 -3.85638024e-01  3.27400248e-01
   4.29531253e-03 -8.71617423e-01 -8.64371792e-03  8.78034486e-01
  -8.38606394e-02 -5.59309395e-01 -8.77116164e-02  4.97419033e-01
   2.36944053e-01 -5.02029530e-01 -5.69032802e-01 -7.32808511e-02
  -8.06630156e-01  1.37447563e-01  8.95506916e-01 -6.00502630e-01
  -3.61854389e-01 -1.94894501e-01 -5.61666237e-01  1.04983574e-01
  -6.10833282e-01 -8.25646513e-01  8.25817467e-02  3.79543469e-01
  -7.48757057e-01 -7.65614213e-01 -5.14058077e-01  1.55472010e-01
   2.90314340e-01 -1.89408569e-01 -4.30531878e-01  8.59774531e-01
  -3.43017552e-01 -4.06682527e-01 -5.42137981e-01 -6.74804849e-01
  -7.55641380e-02  9.54684625e-01 -4.31205328e-01  6.34393281e-01
  -5.98239139e-01 -6.90322963e-01  4.66072414e-01  9.48971278e-01
  -8.74306205e-01 -2.47247530e-01 -4.19616588e-02  1.64374360e-01
  -3.19374702e-01 -8.58175851e-01 -1.14703879e-01 -3.97574065e-01
  -5.97812067e-02  8.87922384e-01 -7.64050319e-01 -9.69041978e-02
   9.44562894e-01 -4.65904732e-01  6.13652821e-01 -1.04204471e-02
  -7.77657908e-01 -5.72087462e-01  7.00901672e-01  3.05471471e-02
  -1.70665379e-01  8.80628129e-02  5.76300602e-01 -1.21833689e-01
   4.18183665e-01  3.46609833e-01  5.75815665e-01  9.02863459e-01
  -2.20371640e-01 -7.26699875e-01 -3.88974159e-03  2.96183288e-01
  -2.08376350e-01  1.97203565e-01  3.44585197e-01 -3.92890560e-02
  -3.06186714e-01 -2.37862917e-01  6.42799122e-01 -1.69123763e-01
  -9.65011320e-01 -4.64241493e-01  1.68375617e-01  6.73228456e-01]
 [ 1.49536141e-01  7.55502603e-01 -7.79391760e-01  8.75813248e-01
  -3.73225692e-01  9.03322626e-01  4.99650564e-01 -9.70758527e-02
   8.19099652e-01  1.50980223e-01 -5.75953552e-01 -6.82619363e-01
  -4.63964468e-01 -7.59996294e-01 -3.75143817e-02  9.24246412e-01
  -2.41182086e-01  9.34620237e-01  9.84214961e-01 -2.73259733e-01
  -8.45445918e-02 -8.74856626e-01  4.27883831e-01 -6.32923900e-01
   7.26373647e-01 -7.30400218e-01  9.99185724e-01  6.57627385e-02
  -2.35142176e-01 -3.18498474e-01 -1.89811104e-01 -5.16024425e-01
  -9.85782071e-02  5.60863003e-02  2.56142672e-01 -3.56243968e-01
   9.56120635e-02 -3.34378545e-01 -1.72860670e-01  7.91607463e-01
   3.25431559e-02 -5.52107910e-01  1.22966080e-01  4.77376222e-01
   2.00366322e-02  9.96568114e-01 -1.76043870e-01  3.63268962e-01
   9.60543659e-01 -2.99785203e-02 -5.58724308e-01  7.21212192e-01
   2.24485036e-01 -8.26225124e-01  1.22242084e-01  2.93399489e-01
   9.64809417e-01 -2.92304005e-01  2.17878773e-01  1.77353506e-01
  -2.23152643e-01 -8.19733129e-01  2.89728087e-01 -5.22510496e-01
   7.81468971e-01  6.81839834e-01 -2.05343561e-01  3.44339740e-01
  -3.10879820e-01 -8.01948105e-01 -9.83006247e-01 -2.53407284e-01
  -3.16743420e-01 -5.45590162e-01  5.63476852e-01  6.19599849e-02
   8.33510644e-01 -6.77638169e-01 -5.64285665e-01  4.20812565e-01
  -6.83086578e-01 -5.40672078e-01 -5.62004813e-01 -5.31530115e-02
   6.29559623e-01 -3.40593791e-01  7.40980833e-01 -4.83011688e-01
  -6.40917139e-01  3.06966025e-01 -8.89850692e-01  3.50380710e-01
  -4.38150282e-01 -7.81390863e-01 -4.82500870e-01 -1.86786962e-01
  -6.60381823e-01 -4.82124383e-01  5.56612710e-02 -5.56266781e-02
  -6.98446558e-02  1.90852264e-01 -9.85023376e-01 -8.41696993e-01
   6.77747735e-01 -7.48675813e-01  4.98592073e-01  6.50278739e-01
  -5.15240445e-01  6.13774068e-02 -1.62922030e-01 -2.09492430e-01
   9.69202084e-01  6.00162525e-01  1.76177576e-01 -1.90557170e-02
   6.32958845e-01 -6.98801371e-01  5.75570969e-01  1.87500353e-01
   2.03099414e-01 -1.97510219e-01  6.12481576e-01 -4.00724976e-01
   4.16173853e-01 -3.91249150e-01 -9.86917481e-02 -2.73530513e-01
  -4.37257446e-01  1.08717463e-01  7.02495527e-01 -3.96809893e-01
  -9.95721446e-03  4.37777851e-01 -7.21844165e-01 -1.25247034e-01
  -5.39073069e-01 -8.67392456e-01 -9.48506063e-02  1.86558683e-02
  -2.56832150e-01  6.66293785e-01 -4.00652939e-01 -9.49346184e-01
  -7.62010228e-01  2.63503823e-01 -1.15497006e-01 -1.54018548e-01
   8.31692695e-01 -5.36127921e-01  2.02452895e-01  4.22068048e-01
   4.30370249e-01  7.76974410e-01  5.82323882e-01  4.61108240e-01
   5.86875624e-01  2.13969363e-01 -8.81573231e-01 -5.41474963e-02
   2.82514090e-01 -8.32105993e-01 -5.44033746e-01  1.29225160e-01
   6.53824511e-01 -6.33715651e-01  9.46587912e-01  8.39726319e-01
   1.03967705e-01 -6.38732878e-01 -2.83319737e-01  3.84830657e-01
   6.83783926e-01 -1.27879856e-01 -4.81643713e-01  4.59687550e-01
  -4.42150501e-01  1.08405369e-02 -7.92786116e-01  6.63873280e-01
  -4.17688100e-01 -6.51368873e-01 -1.15147709e-01  9.07610571e-01
   4.13578459e-01  8.68446262e-01 -8.13021489e-01 -5.12228121e-01
  -9.47230817e-01  3.40736909e-01 -3.30619236e-02 -1.09852691e-01
  -9.94569987e-01  3.70622817e-01 -3.14087487e-01  5.04378743e-01
  -8.32235661e-01 -3.75738253e-01  7.86486292e-01  9.15864927e-01
  -1.32646739e-01  7.49691421e-01  7.92911176e-01 -4.48191571e-01
  -5.92939246e-01  2.01291043e-01 -9.62616492e-01  7.01532403e-01
   7.58072060e-01  4.86513001e-01  3.73169435e-01  2.96047755e-01
   3.95278943e-01  6.75796476e-01  2.95091176e-01 -3.35543134e-01
   3.01268426e-01 -9.57302726e-01  5.27112371e-01  1.81965517e-01
  -5.57265064e-01 -9.68730436e-01  7.82957668e-01  7.41582213e-01
  -2.62457293e-01 -6.33382620e-01  9.28808821e-01 -5.66979693e-01
   4.97556960e-01 -1.57324012e-01  7.31383287e-01 -6.76875480e-01
   4.26285968e-01  8.88515416e-01 -5.27762948e-01  6.99590009e-01
   1.13514414e-02  1.18493814e-01 -1.14243384e-02  3.45960039e-01
  -9.66685591e-01 -2.71091707e-01 -3.06845237e-01  3.25932465e-01
  -4.52564764e-01 -5.18904397e-01 -6.12034701e-02 -6.14929503e-01
  -7.09215373e-01  7.32698158e-01  8.86287110e-01  4.57293335e-02
   7.13799193e-01  5.43035491e-01  8.16427036e-01 -4.28443677e-01
   3.37969707e-02  7.97714007e-01 -8.29059103e-02  3.21433055e-01
   2.77785747e-01 -1.07927456e-01 -3.35945072e-01  6.66261436e-01
  -6.10924575e-01 -3.40888862e-01  1.77337748e-01 -1.95349042e-01
   3.72921538e-01  3.80956894e-01  8.81680861e-01 -5.42487175e-01
   4.17225397e-01 -4.51786289e-01 -1.26707060e-01 -6.69343717e-01
  -5.20309408e-02 -1.12602953e-01 -6.24411690e-01 -3.34396586e-01
  -6.96588217e-01  6.06664154e-02  2.87392895e-01 -9.96416330e-01
   8.94816679e-01  5.65942226e-01  3.37018224e-01 -9.28947217e-01
   9.31814253e-01  3.97120569e-01  2.29599224e-01  9.34047818e-01
  -1.55655231e-01 -9.11056580e-03  3.32779114e-01  5.36372084e-01
   2.72838593e-02  4.54862535e-01 -1.11902262e-01 -9.88304537e-01
   6.55345701e-01 -3.24852704e-01  8.51564599e-01  7.67563289e-01
  -7.47365912e-01 -2.31997884e-01 -2.29215938e-01  6.71810147e-01
  -7.38347064e-01  8.98619603e-01 -9.16300050e-01  4.55359489e-01
  -3.24701898e-01 -2.63572531e-01 -3.37874236e-01 -5.68559763e-01
  -6.57140303e-01 -2.33561607e-01  5.39329510e-02 -6.33428247e-02
  -5.66978903e-02 -8.71450819e-01  5.24503664e-01 -3.99188835e-01
  -9.29238489e-01 -3.33574616e-01 -3.56826997e-01  9.75899540e-01
   7.70733789e-01  6.35923230e-01 -5.08832496e-01 -2.12401242e-01
  -2.46255350e-01 -4.76903571e-01  8.06602437e-02  9.78289234e-01
   5.33334731e-01  5.42803004e-01  5.59481880e-02 -8.30733373e-01
  -7.08901750e-01  6.25123062e-01 -9.59439133e-01 -3.86061877e-01
   2.83480394e-01  5.03254460e-01 -7.39560209e-01  2.71903289e-01
   8.49877759e-01  6.43936112e-01 -8.48327320e-01 -5.00213055e-02
  -3.81170717e-01  1.47396135e-01 -4.32422945e-01  6.58631724e-01
  -5.12541506e-01  9.77555680e-01  9.74569564e-01 -6.99467174e-01
   1.57692639e-02 -3.22769079e-01  8.80028569e-01  2.62601768e-01
  -3.68471570e-01 -6.19754996e-01  2.91499404e-01 -2.60446541e-01
   2.66066932e-01  2.97530448e-01 -9.83940742e-02 -6.53709493e-01
   3.07875842e-01 -2.73661589e-01  8.03600090e-01 -9.43756094e-01
  -8.62398267e-01  2.59789755e-01 -6.67283165e-01  3.04622484e-01
   3.47620231e-01 -9.83837087e-02 -3.48964010e-01 -1.53537547e-01
  -8.89480571e-01  8.68651609e-01 -1.60193174e-01  2.51411708e-01
   3.45550635e-01  4.00350914e-01 -5.01460309e-01 -4.14534083e-01
  -4.09062692e-01  3.20403826e-01 -2.22515537e-01  1.61832422e-01
   6.38907638e-01 -4.28988630e-01 -4.32375268e-01 -1.09324801e-01
  -8.60853542e-01 -4.34635610e-01  3.34155433e-01 -6.28545172e-01
  -1.56429188e-01  6.54116729e-01 -2.17530235e-01 -3.05255026e-01
  -9.72453469e-01 -3.73126589e-01 -3.66005445e-01  5.54286823e-01
   6.92418790e-01 -1.10333148e-01  8.23741402e-01  8.42443764e-01
  -6.60556664e-01 -5.53915085e-01  1.85474471e-02  1.41636628e-01
   1.94381283e-01 -8.96225881e-01  7.52680201e-01 -8.03437326e-01
   6.72853897e-01 -9.75853731e-01 -2.09690743e-01 -6.10685969e-01
  -3.56992401e-01 -2.09254656e-01  6.25436072e-01  5.88654004e-01
  -8.01943379e-01 -4.87101322e-01 -9.25873670e-01 -7.72452834e-01
  -8.30970128e-01  2.78336185e-01 -5.37978349e-01  6.69876855e-01
   9.28025773e-01 -7.53729192e-02  1.75931094e-01  1.47821763e-01
  -1.94088952e-01  8.68504392e-01  8.58117749e-01 -3.63746197e-01
  -1.51218990e-01 -6.47817589e-01 -6.67471096e-01  3.90738448e-01
  -1.13360530e-01 -6.11641272e-01 -2.84676302e-01  5.64054812e-01
  -1.00564179e-01 -1.73584436e-01  2.76040381e-01 -1.23240881e-01
  -6.94021704e-01  8.29550723e-01 -8.00528393e-01 -7.06278123e-01
  -3.84987949e-01 -1.54829214e-01 -4.14501126e-01 -3.82197186e-01
  -5.10649382e-01 -3.74373394e-01  3.12667579e-01  1.49289371e-01
   5.45289352e-01  3.92854812e-01  3.33912763e-01 -1.18836373e-01
  -6.60647370e-02 -6.09032715e-01 -3.88694660e-01  2.31296875e-01
   2.85990677e-01  6.40579978e-01  3.80419633e-01  2.68289794e-01
  -9.65125298e-01 -3.15704827e-01  5.34892616e-01 -6.32679316e-01
   2.66675584e-01 -5.25711423e-01 -6.02729914e-01  8.54073186e-02
   8.57663032e-01 -9.37212247e-01  3.51340653e-02  9.89364029e-01
  -4.74623741e-01 -9.89498383e-01 -9.78577325e-01  3.62919726e-01]
 [-5.18371649e-01  4.36132954e-01  7.87061429e-01  9.07930987e-01
   9.48968195e-01 -5.74081921e-01 -3.76857323e-02 -7.79565922e-01
  -5.36855151e-02  1.62310490e-01  8.70438180e-01 -2.54724578e-01
  -2.57178348e-01  7.59542923e-01 -6.93635330e-01  3.45662036e-01
   3.99512464e-01 -4.46007500e-01 -7.49151848e-02  5.92657857e-01
   4.58622341e-01 -4.43088063e-01 -3.37686728e-01  3.22146637e-01
  -9.98816229e-03 -9.37768273e-01  6.06760393e-02 -6.01552199e-01
  -4.23800253e-01  8.02117713e-01 -6.59533064e-01  8.23169782e-02
   1.25976522e-01 -4.64752119e-01 -6.94034443e-01 -2.75178232e-01
  -2.64688020e-01 -1.58842353e-01 -5.13082768e-01 -1.62441200e-01
  -7.53914089e-01  8.52914809e-01 -2.62980305e-01  9.05087092e-01
   1.08126237e-01 -3.65429043e-01  9.32487267e-01 -4.56831550e-01
  -7.83641230e-02  4.21417603e-01  8.38780724e-01  3.12779614e-01
   2.13874182e-01  7.96373807e-01  7.62247046e-01  2.55583996e-01
  -9.95853442e-02  7.16559753e-01  7.93955510e-01 -8.89875545e-01
   5.17140653e-01  7.16837232e-01  1.50111479e-02 -8.27217126e-01
   7.55180829e-01 -2.92236452e-01  8.62705627e-02  4.52919022e-01
  -8.10621841e-01 -7.96948969e-01  9.10055294e-02  7.16902722e-01
   4.58394030e-01  1.77580363e-01 -9.44015825e-02 -3.43730935e-01
   1.95548579e-01  6.01873280e-01  1.92711092e-02  4.87115106e-01
   4.13349587e-01  8.90087588e-01 -7.93352854e-01 -8.48132365e-01
   7.54654435e-01 -1.34474630e-01 -4.36430934e-01 -9.84716474e-01
   6.73719729e-01  9.26763305e-01 -7.81343588e-01  3.64146991e-01
   2.94561457e-02 -6.90856474e-02  8.70725320e-01  1.89448208e-01
  -3.48489659e-01  7.19434256e-01  3.19973997e-01 -9.10715824e-01
   6.14217296e-01  8.34267626e-01 -1.35117569e-01 -8.81990446e-01
   7.37495349e-01  4.28200753e-01  2.02675521e-01 -5.74707867e-02
   9.12608106e-01  8.65137165e-02  1.14441942e-01  7.73919530e-01
   4.16689704e-01 -8.98300043e-01  3.57420357e-02  6.18756335e-01
  -7.58912802e-01  3.15211282e-01 -5.59468936e-01 -2.03387515e-01
   4.15802503e-01 -6.77776774e-01 -9.89615039e-01  2.31067981e-01
   1.08483189e-01 -9.35080686e-01 -9.82846960e-01  5.38250422e-01
   2.76297843e-01  5.31501758e-01  4.64553169e-01 -1.75378430e-01
   6.51880487e-01 -8.24314030e-01  6.00471018e-01  4.98626902e-02
  -1.83435093e-01 -2.73358347e-02 -6.85773693e-01  8.79051771e-01
   9.77038946e-01 -7.23960768e-01  8.93716842e-01  5.43921742e-01
   9.16543033e-03 -7.33273234e-01  2.21051015e-01 -5.77166638e-01
   8.73924352e-01 -1.26307099e-01 -4.64293746e-01  4.43807166e-01
   9.50618289e-01 -1.88757061e-01  8.72980445e-01 -9.98416082e-01
   5.84065207e-01  2.40450478e-01 -4.75254718e-01  1.04149528e-01
  -9.30711760e-01 -9.63026604e-01 -8.91697161e-01 -2.24531916e-01
  -9.82632901e-01 -3.15521024e-01  2.58213071e-01  6.80927331e-01
  -2.65110197e-01  5.79387826e-01 -6.78634096e-01 -1.64714928e-01
   1.05210331e-01  1.39370684e-01  8.49816744e-01 -1.34407154e-01
  -5.53990913e-01  8.03003776e-01  1.38302684e-01  1.46707892e-02
   3.93246412e-01 -1.24229626e-01  6.92994209e-01  9.74653495e-01
   9.42854322e-01  5.50124884e-01  6.81086923e-01  2.26743668e-01
   5.88159080e-01 -4.32758802e-01  3.47238646e-01 -8.35802168e-01
  -3.47956835e-01 -4.11206656e-01 -6.37932470e-01  8.82484882e-01
  -3.22980267e-01 -5.02622727e-01 -1.05634530e-01  4.96499128e-01
  -4.24808058e-02 -3.70427729e-01  9.11814506e-01  9.88751920e-01
   8.80503202e-01  7.85795564e-01  9.91443635e-01  1.29634125e-01
   9.81821183e-01  2.18927220e-01 -6.34418731e-01 -3.67849299e-01
   7.99894144e-01 -6.02817458e-01 -9.21162736e-01  6.44303295e-02
  -8.94548929e-01  3.00637468e-01 -5.22565584e-01  6.42929426e-01
   3.34243177e-01 -4.46293240e-01  7.36052311e-01  1.68149853e-01
   5.70628877e-01 -9.93315808e-01 -4.12457470e-01  1.46242203e-01
   2.82508487e-01  8.55356582e-01  4.85703376e-01  8.08217432e-01
   7.93084588e-01 -4.00817255e-02 -8.12380934e-02  2.98294147e-01
  -1.07254386e-01 -2.34854801e-01  4.97700045e-01 -9.40263808e-01
  -5.09105597e-01 -6.58160464e-01 -5.59729724e-01 -7.16566904e-01
  -9.98335503e-01  6.94014821e-01 -3.88739353e-01 -2.47413358e-01
  -1.43834556e-01  5.66750374e-01  4.79367245e-01 -7.89465712e-02
  -8.98179049e-01  9.12587031e-01  7.78646567e-01  5.39260015e-01
   7.93747517e-01  6.74400128e-01  5.14678661e-01  6.43945713e-01
   6.44911544e-01  8.51819805e-01  8.38991432e-01 -1.83932474e-01
   8.45189408e-01 -4.36817765e-01 -2.00736664e-01  1.60833696e-02
  -9.04352470e-01  3.12708279e-01 -9.49826684e-01 -4.72846482e-01
   5.88407681e-01  4.55408718e-01 -1.44014362e-02 -9.55603389e-02
   6.92371562e-01 -9.81049609e-01 -2.95044712e-01 -1.40223609e-01
   1.00390516e-01  3.46953330e-01 -7.95978823e-02  6.81341422e-01
   4.85270137e-01  6.55994473e-02  8.88845870e-01  7.64521279e-01
   8.46507754e-01  6.98570853e-01 -5.57067999e-01  6.62235777e-01
   1.28596413e-01 -2.40239966e-01  7.08269619e-01  8.34820092e-01
   7.11267394e-01 -2.44256541e-01 -9.13496623e-01  2.59040761e-02
   5.89321872e-01 -7.65884157e-01 -8.90903173e-01 -9.34368306e-01
  -1.85664990e-01 -9.00454983e-01  1.79342683e-01 -1.24060839e-01
  -9.77004194e-01  7.09957221e-01 -9.42169463e-01  2.91472519e-02
   2.05854357e-01  1.48517340e-01 -6.30872981e-01  6.60081097e-01
  -2.26794421e-01 -6.15988542e-01 -7.20020033e-02  3.96733735e-01
   7.58292660e-01 -6.75606556e-01 -9.10807808e-02 -5.24752378e-02
  -1.71953869e-01 -7.05525599e-01 -4.18531523e-01 -1.25681044e-01
   5.33198043e-02 -8.77097050e-01  5.85911955e-01 -4.98371561e-02
   2.11312160e-01  8.17528690e-01 -9.99588532e-01  1.80897523e-01
  -6.11211509e-01 -2.95385589e-01  8.26674672e-01  9.35009910e-01
   5.36856799e-01 -6.88687663e-01 -5.42246249e-01  5.71301324e-01
  -9.03486679e-01  8.87780255e-02 -6.00771320e-01  6.69608666e-01
  -6.75353360e-01  1.04260595e-01  2.67516022e-01 -9.65496245e-01
  -2.20576413e-01 -9.86619054e-01  7.34548780e-02 -6.02435651e-01
  -4.37881826e-01  5.98636848e-01 -3.69165870e-01 -9.60370790e-01
  -7.00546197e-01  9.29634214e-01  9.59118725e-01 -1.94379250e-01
   8.76174099e-03 -8.68442268e-02 -3.39136268e-01 -4.14971086e-01
   7.48645494e-01 -3.98376847e-01  7.57951509e-01 -7.63544663e-01
  -5.02379548e-01  3.81899841e-01 -8.54661243e-01 -3.48593381e-01
   6.16098578e-02  9.85087233e-01 -1.89485873e-01 -2.55733046e-01
   7.16491622e-01 -5.25200696e-01  1.91083214e-01 -7.02772870e-01
   6.91240030e-01 -3.57360954e-01 -7.39769516e-01 -1.05952096e-01
  -6.07423718e-01 -4.19109411e-01 -9.46368216e-01 -2.08872475e-01
  -9.77209942e-01 -5.31009102e-01 -3.25206157e-01  4.58354927e-01
   8.84759924e-01 -8.52484616e-01 -8.43577125e-01  8.85378311e-01
  -1.90048170e-02 -3.97868360e-01 -9.24538108e-01  9.53610943e-01
  -2.06044598e-01  5.79724021e-01 -4.15449125e-01 -1.09373396e-01
  -7.63294949e-02  9.40628577e-01 -4.59409745e-01 -9.89099687e-01
   3.98122049e-02 -7.14651177e-01 -9.23159782e-01  9.93526963e-02
  -9.55435084e-01 -9.18555406e-01 -2.10722843e-01 -1.72699493e-01
   9.10045185e-01 -9.67965922e-01  3.17683118e-01  6.44788701e-01
   5.13326392e-01 -7.11546257e-01 -1.49612066e-02  4.71879634e-02
  -1.39856362e-01  2.41921083e-01 -3.13609025e-01 -2.86222008e-01
   6.93902732e-01 -1.51886593e-01 -2.88094846e-01  6.57031232e-01
  -8.80549540e-01  8.21391862e-01  3.48693071e-01  6.31440679e-01
   2.03724968e-01 -1.26020473e-01  7.62748328e-02 -6.90752287e-01
   2.60345680e-01  4.33054223e-01  9.38235146e-01 -6.09629275e-01
   2.92501372e-01  9.72939179e-02 -6.18208361e-01  8.32902601e-01
  -5.54264486e-03 -3.38924010e-01 -3.64749269e-01 -2.20093160e-01
  -8.92598383e-01 -9.19059989e-02  8.27143333e-01 -3.74916988e-01
  -2.68890868e-01 -9.37830315e-01  9.71325033e-01  2.79159383e-01
   8.67222683e-01 -5.60963765e-02  8.75149205e-01 -9.23448565e-01
  -9.44739007e-01 -3.89622146e-01 -8.12738544e-01  5.74808343e-01
  -8.85252909e-01  1.66085073e-02  9.20235128e-01 -8.39561821e-01
   4.09863136e-01  8.27706997e-02  8.99419462e-01 -6.01556067e-01
  -9.54295650e-01 -9.21396123e-01 -6.59082660e-01  8.10132791e-01
  -6.07654447e-01 -1.31412027e-01 -8.27175439e-01  5.68308770e-01
  -7.56205084e-01 -6.38068396e-01 -7.00931572e-01  6.06750015e-02
   9.99328127e-01  2.76970273e-01  5.58406049e-01 -6.00062953e-01
   5.64337953e-03  2.22715472e-01  2.73312607e-01  2.80757566e-01]
 [ 8.56086609e-02  2.56909787e-01  3.20801858e-02 -7.95711376e-01
  -2.30728773e-01  1.24827238e-01  3.09667960e-01  9.51704084e-01
  -4.39346664e-01 -9.46296314e-01 -2.50433497e-01  8.59742172e-01
   9.81820921e-02 -2.67293713e-01 -5.79227558e-01 -2.03023172e-01
   3.06825251e-02  8.47067240e-01  8.84812596e-01  6.63587844e-01
   4.06228772e-01 -7.67392150e-01  4.58419899e-01  6.99634700e-01
  -9.26406796e-01 -1.74387967e-01  6.97819778e-01  5.89613011e-01
   2.10615417e-01 -9.12099131e-01 -6.50984853e-01  6.26057562e-01
  -1.70108637e-01  8.01199335e-02 -3.56932256e-02  5.18414179e-01
   3.73200411e-01 -6.11590758e-01  9.21159984e-01  3.49076825e-01
  -8.28205009e-01  3.21214252e-01 -9.70704621e-01  9.42858531e-01
  -1.32239954e-01  5.02806317e-01 -8.83295433e-01 -8.85215266e-01
   7.57508728e-01 -2.93057192e-01  4.43321536e-01  4.15423979e-01
   7.74861754e-01  7.82225451e-01  5.25262075e-01 -8.78709087e-01
  -7.76689823e-01 -4.41622903e-02 -5.95247482e-01  2.92936217e-01
  -4.80024951e-01 -4.93445854e-01  8.34811372e-01  4.69086282e-01
  -3.69610365e-01  5.50134278e-01  7.17576252e-01  5.16874013e-01
  -4.02631583e-01 -1.13667627e-01  5.01842372e-01  4.04245678e-01
  -6.03624633e-01  4.17443416e-01  2.27312272e-01 -6.43849444e-01
  -3.91231489e-01 -6.97268325e-01  1.49440523e-01  9.21818419e-01
   4.02823853e-01 -1.58340222e-01 -5.88300105e-01 -3.39694291e-01
   3.54196145e-01 -3.91397614e-01  1.94307696e-01 -4.57049842e-01
   3.92727164e-01 -7.69366601e-01 -4.22779301e-01  8.87750862e-01
  -5.70907785e-01  7.20568379e-01 -9.10139254e-01  8.71041022e-01
  -1.57510944e-01  9.09764672e-01  6.69347572e-01  2.29970292e-01
   4.63252492e-01 -3.55906140e-01 -9.87157620e-01  1.09398559e-01
  -5.02277716e-01  5.51185329e-01  4.35755194e-01  8.84950008e-02
   3.72288622e-01 -8.25896125e-01 -7.45601681e-01  8.73373986e-02
  -5.96698352e-01 -2.55727746e-01  4.41832946e-01 -9.70516330e-01
   8.75043156e-01  2.35389749e-01  5.47373102e-01  7.23411836e-01
   1.59126760e-01 -6.92800437e-01  1.83093037e-01 -7.48579483e-01
   4.80709579e-01  4.30497901e-01 -1.39068786e-01  7.71249370e-01
   1.19461746e-01  8.61061938e-01  5.41676056e-01 -5.33762922e-01
   2.28265933e-01  4.75898917e-01 -3.65660581e-02 -6.04570970e-01
   3.64766590e-01 -6.53323375e-01  2.69216756e-01  1.21658722e-01
  -7.78265515e-02 -2.25952216e-01 -8.98866753e-01 -9.90896244e-01
  -4.45543852e-01  3.21261339e-01 -3.03133683e-02  4.68434402e-01
   2.14043080e-01 -3.69317355e-01 -8.22492502e-01 -5.44832322e-02
   5.91106332e-01  6.47123714e-01 -4.07547490e-01  4.31023683e-02
  -9.83063154e-01 -4.83372747e-01  8.27006945e-01  7.20527406e-01
  -3.54081900e-01  7.16960674e-01 -2.26837917e-03 -3.33098346e-01
   9.98874209e-01  8.25646247e-01 -9.42296454e-01  4.95816748e-01
   7.00739984e-01  8.94840304e-01  4.36194024e-01 -8.21137301e-01
   2.34859262e-01  6.85525806e-01  5.19746439e-01 -1.69494475e-01
  -8.66265712e-01  4.82067662e-01 -2.12364467e-02  3.63959575e-01
  -4.10646222e-01 -3.34259332e-01 -2.98358957e-01  5.17893660e-02
   4.97460040e-01  4.01702843e-01 -5.54730108e-01 -4.37504791e-01
  -6.41150364e-01 -2.18293116e-01  9.53819249e-02  8.40096047e-01
  -8.22238206e-01 -3.18091683e-01 -8.26340386e-01  5.22539892e-01
   3.86698496e-01  8.87777971e-01  4.61039120e-02 -2.45835237e-02
   8.41627399e-01  1.18677483e-01 -2.44442538e-01 -4.79356106e-01
  -3.48843544e-01 -1.34222717e-01  3.30737635e-01 -4.95946621e-01
   8.64983478e-02  4.17055851e-02  6.24107832e-01 -5.89135713e-01
   7.15449114e-01  2.44213097e-01 -7.75783010e-02  6.60417629e-01
   3.15731397e-01  8.74369627e-01 -2.42862538e-01 -3.26447160e-01
  -2.81840200e-01  2.32298362e-01 -2.31549855e-01 -6.54160140e-01
  -9.85931979e-02 -6.21009752e-01 -6.07357534e-01 -5.20536504e-01
  -4.25581771e-01  5.72552260e-01  9.61905924e-01  6.72061338e-01
  -1.71314543e-01  2.62035675e-01  5.36845356e-01  2.80090942e-02
  -8.68640398e-01  5.41159151e-01 -9.72832036e-01  7.88170626e-01
  -1.60470191e-01  8.21096865e-01  4.36421401e-01  5.55227569e-01
   6.21950263e-01 -6.60608488e-01 -6.01680151e-01 -7.60443267e-01
   7.10364694e-01  3.75545411e-01  4.52215944e-01  6.76903730e-01
  -3.33390956e-01  8.39118678e-01 -9.19706771e-02 -7.36991967e-01
  -2.84013876e-01  5.74302210e-01 -5.68620410e-02 -3.51724621e-01
   8.60298944e-01  4.35858169e-01  9.01835113e-01  2.80277688e-01
  -6.07324115e-01 -4.04086419e-01  9.88528355e-01 -2.43632934e-01
   4.04182893e-01 -4.38789656e-01  7.16693423e-01  8.42980265e-01
  -9.35979614e-01 -9.57849027e-01 -3.97965493e-01 -9.89132351e-01
   3.29364390e-02  5.91901952e-01  8.75457698e-02  4.19021937e-01
   8.34110520e-01 -6.70867643e-01  3.97407563e-02 -2.63921239e-02
   4.39183503e-01  1.15851190e-01 -8.85248413e-01 -6.31153649e-01
  -4.47666837e-01  2.97548359e-01 -7.47364462e-01  1.46059985e-01
   3.19171249e-01 -1.52859033e-01 -8.27538788e-01 -7.81494724e-01
  -7.96554716e-01 -2.18702004e-03 -8.27976303e-01  9.67473347e-01
  -4.66291549e-01 -6.61542288e-01 -9.12278583e-01 -3.35690309e-01
   7.70976701e-01  5.44282372e-01  3.03870566e-01  6.48265070e-02
   3.35486738e-01  4.50289387e-01  6.22877261e-01 -1.03275431e-01
  -9.23470777e-01 -9.87466534e-01  9.56513073e-01  8.19312115e-01
   1.71612692e-01  4.77193521e-01 -3.40006606e-01  6.69973841e-01
   3.49770351e-01 -6.65079712e-01 -7.07124215e-01  6.48199037e-01
   3.79799728e-01  8.81452595e-01 -1.26258754e-01  1.68283792e-01
  -6.69988591e-01 -8.35437164e-01  8.33105883e-01  9.15007492e-01
   9.30809876e-01  2.08183524e-01  2.00159645e-01  6.79155844e-01
  -6.29862406e-01 -5.41539061e-01 -7.26769556e-01 -4.22616764e-01
  -2.27521522e-01 -8.85871562e-02 -6.18837227e-01 -3.04417258e-01
   9.09819038e-01 -5.35862400e-01  9.45270803e-01  9.63314052e-01
  -6.78258565e-01 -5.59889508e-01 -9.27947288e-01  1.55575440e-01
   2.79405839e-01 -4.51467417e-01 -6.08022244e-01  4.94818610e-01
   6.03736129e-01 -7.83426121e-01 -8.19226912e-01  1.28701365e-01
  -6.36187077e-01 -7.70302561e-01  1.62858760e-01 -7.90544728e-01
  -8.80632456e-01 -2.65063636e-01  7.04367523e-01  8.16203523e-01
  -6.38443328e-01 -6.75107738e-01  7.23068322e-01 -5.82845566e-01
  -2.22588316e-01 -4.64230552e-01 -4.13853889e-01 -1.00092885e-01
   4.84159606e-01 -6.23788019e-01 -8.83692354e-01  9.28732268e-01
   4.67960230e-01  8.80093789e-01  9.58886222e-01  5.87608874e-01
  -6.46153320e-01 -8.21573762e-01  6.66827608e-01  3.90336649e-01
  -7.36476096e-01  7.10328601e-01  7.06777331e-02  6.76265454e-01
   9.77215847e-01  3.91796649e-01  9.46832675e-01 -6.01149673e-01
   2.73013963e-01  8.58005886e-01 -6.72704942e-01  6.72514002e-01
   3.94124993e-01  1.46778566e-01  5.17073062e-01  7.11293138e-01
  -8.33073797e-02  9.17011894e-02  5.01278194e-01  4.28766283e-01
   4.19750868e-01  8.77262999e-02  7.15093957e-01  4.79296060e-01
  -5.63425190e-01 -4.50578010e-01  9.92230338e-01  7.47133581e-01
   4.96192817e-01 -4.32679605e-01  4.77526134e-01  4.04449427e-01
  -9.66046125e-01 -5.20362157e-01 -2.60830773e-01  8.48781835e-01
  -8.52077326e-01  9.14261484e-01  8.18309871e-02 -4.52542686e-01
  -2.94094268e-01  4.78740436e-01 -3.48967338e-01 -5.62351211e-01
   3.94631567e-01 -1.44817576e-01 -3.98793753e-01 -7.10575136e-02
   7.60540769e-03 -5.75886240e-01  3.44808234e-01 -9.82531355e-01
   3.65860195e-01  4.21344903e-01 -5.89175170e-01 -1.89959694e-01
  -8.39362879e-02  9.02245516e-01 -2.65869806e-01  3.83859503e-02
  -3.93108418e-01  3.74154169e-01  3.74663183e-01  7.72908027e-01
  -1.16787443e-01 -6.22869323e-01 -4.79622395e-01  4.12734188e-01
  -3.28828728e-01 -5.16891271e-01 -4.85112712e-01 -8.61013091e-02
   9.28110854e-01  1.90315987e-01  1.17152418e-01 -3.07491835e-01
   7.60281886e-01  1.10922539e-01 -4.05143256e-02 -5.58085430e-02
  -3.22139931e-01  1.50713527e-01  8.19789280e-01 -1.35526432e-02
   9.52118741e-01  1.18657560e-01  4.30413155e-01 -5.00218519e-01
   2.49376757e-01  9.77837175e-01 -4.00352471e-02  1.80400062e-01
   7.57358917e-01  3.99297020e-01  2.10890483e-01  6.91907578e-01
  -2.07364957e-02  7.76925571e-01 -5.69942678e-01 -4.68544551e-01
   2.13049829e-01  4.33090836e-01  7.59810572e-01 -3.59922897e-01
   9.24597039e-01  8.26893660e-01 -3.05201379e-01 -7.88095431e-01
   5.97290646e-01  5.60960282e-01 -8.49923298e-01 -3.77390724e-01]
 [-1.55061380e-01 -7.40813473e-01  4.87202442e-01 -8.48003886e-01
  -5.16659438e-01 -6.98798136e-01 -8.56792512e-01 -7.92490824e-01
   2.51947315e-01 -5.22472935e-01 -3.27409647e-01  1.75251195e-02
   4.54033083e-01 -6.09110211e-01 -5.73252537e-01 -5.91136870e-01
   7.83347240e-01 -1.96495751e-01  6.94148082e-01 -5.57363377e-01
  -2.90743076e-01 -6.80530624e-01  1.16450553e-01  1.89433996e-01
   8.38657211e-01  8.40355041e-01 -2.22100647e-01  8.68981025e-02
  -4.17014668e-01  7.60898853e-01  8.02426987e-02 -9.00282122e-01
  -4.86670284e-02  4.77459262e-01  7.37555320e-01 -7.10748191e-01
  -1.39854112e-02 -1.91292308e-01 -8.00628740e-02 -5.75433523e-01
   2.40551906e-01  7.03989354e-01 -9.71917086e-01 -3.52536205e-01
   6.14060079e-01  8.42437063e-01  5.02163228e-01  6.04610624e-02
   9.87567428e-01  9.19942395e-01  1.16184970e-02  3.49550010e-01
   4.54176645e-01 -2.55944492e-01  5.15657434e-01 -1.83878590e-01
   1.75159973e-01  5.94917715e-01  3.58600317e-01 -1.21957922e-01
   7.55913550e-01  1.45046536e-01 -8.09000905e-01 -5.06520705e-01
  -9.19015643e-01 -5.35785586e-01  1.41007364e-01  4.45768987e-01
   9.36364097e-01  5.12451823e-01 -1.71929850e-01 -5.19936927e-01
  -6.69873146e-01  2.09040944e-01 -4.94725785e-01  9.16387243e-01
   7.84375042e-01 -1.67436607e-01 -2.95433946e-01 -2.68670158e-01
  -7.88160380e-01 -8.95304664e-01  5.39347497e-01  1.19487472e-01
   1.48516637e-01  4.65841856e-01  3.80363545e-01 -4.39601446e-01
   8.02929244e-01  7.54226381e-01  5.63007052e-02 -1.45339134e-01
  -1.83934154e-01  3.79439913e-01  5.93697287e-01 -2.77337417e-01
   7.44137686e-01 -5.84491212e-01  2.21319814e-01 -2.57638495e-01
   1.62742269e-01  5.91436579e-01  1.26230257e-01  7.14813607e-01
  -9.97997932e-01 -7.16685276e-01  1.60891666e-03 -1.08231488e-01
  -2.75285286e-01 -1.22056014e-01 -3.27099284e-02  9.49547419e-01
  -7.91137542e-01 -2.84255631e-01  2.43924829e-02  9.05590067e-01
   8.31769779e-01  1.20286857e-01 -7.43166608e-01  7.52199574e-01
  -1.53666875e-01 -8.18699538e-01  8.71218276e-01  9.71034308e-01
  -6.68761912e-02 -2.49158104e-01  5.98998922e-01 -4.56753815e-01
  -2.03718187e-01 -1.48214002e-01  5.34370013e-01  1.27465765e-01
  -4.05524515e-01  9.38324162e-01 -3.28186438e-01  7.92875820e-01
  -8.50258304e-01 -9.45208766e-01  9.81698367e-01 -4.53806298e-02
   5.42394479e-01 -7.10534811e-01 -2.48247426e-01 -4.40336675e-01
  -2.98958488e-01 -9.23660125e-01  5.86495504e-01 -9.57670317e-02
   4.94759819e-01 -1.22993283e-01  7.99506856e-01 -9.51044963e-01
   3.81051798e-01  2.05490281e-01  4.34092370e-01  6.33394842e-01
  -9.99774540e-02  9.20102118e-01  7.34796267e-01  3.47086165e-02
  -4.93293546e-01  9.05131579e-01 -7.95724393e-01 -2.22967197e-01
  -8.01484353e-02  1.73531486e-01 -3.78238875e-01 -3.13772055e-01
   7.88275467e-02 -3.01326618e-01 -1.57448853e-01  4.17911774e-01
  -6.94719200e-01 -8.09546115e-01 -9.93404869e-01  8.06690321e-02
  -5.27675780e-01  9.74269775e-01 -1.60283556e-01 -3.47446600e-01
   3.98971604e-02 -6.38160469e-01 -2.66075229e-01  5.04925921e-01
   5.18883757e-01 -9.73113239e-01  8.03026732e-01  4.79374429e-01
   9.85242661e-01  2.55497824e-02  7.03303340e-01 -9.36175155e-01
   3.31097089e-01  7.96212506e-01  9.42708846e-01  4.40594228e-01
  -2.20212611e-01  9.08849069e-01 -2.20333018e-01 -2.72592011e-01
  -4.05269383e-01  8.27521645e-01  6.11163061e-02  8.80980791e-01
  -6.69273274e-01 -8.34693298e-01 -1.20550143e-01 -7.33230010e-01
  -8.29484957e-01  8.58328283e-01  8.25177207e-01 -2.52541658e-01
  -6.18561656e-01  7.79509173e-01 -9.67917224e-01 -5.76969981e-01
   9.96589302e-01 -3.06682344e-01 -2.53491233e-01 -4.12187160e-01
   7.84796389e-01 -6.04861803e-01 -9.84207031e-01 -8.66531166e-01
   4.01563299e-01  8.87389058e-01 -9.74134910e-01 -4.82410036e-01
  -7.96240881e-01 -4.57284657e-01  4.64234724e-01 -5.80151888e-01
  -9.79985171e-01 -1.17126407e-01 -6.15378449e-01  1.94918528e-01
  -7.10525252e-01 -4.33003070e-01 -5.07700851e-01  4.80540692e-01
   3.17956154e-01 -2.30775535e-01  8.41934131e-01 -4.58701456e-01
  -3.85080202e-01  5.38496080e-01  4.98576923e-01 -5.01379913e-01
  -1.27037215e-01  4.56907947e-01 -3.58568065e-01  3.65759149e-01
   9.59083882e-01  3.04441104e-01  8.92547997e-01 -2.06050698e-01
  -3.43832037e-01 -4.18187138e-03  6.60520255e-01 -6.58557332e-01
  -7.00396147e-01 -6.93863731e-01  9.31820634e-01 -8.26299709e-01
  -5.79197931e-01 -8.10652815e-01 -3.70461530e-01 -5.19270756e-01
   4.47588361e-01 -6.37100154e-01 -4.06197023e-01 -5.94503643e-01
   7.20371861e-01  9.03330091e-01  6.34767464e-01  4.96124425e-01
  -8.16963585e-01  4.52224101e-01  2.04956607e-01  8.87560785e-01
   1.19772095e-01  8.21451834e-01  8.69782021e-01  8.08659012e-01
   8.43603490e-02  5.28693754e-01  6.76903146e-01 -2.29549336e-01
   3.35007670e-02 -4.74430264e-01 -9.66210029e-02  9.14252485e-01
  -9.03747910e-01 -3.39098488e-01  4.75046512e-01 -3.07516796e-01
  -9.21793798e-01 -3.66068437e-01 -1.55771108e-01 -4.62964101e-01
  -2.96181289e-01 -4.18663118e-02 -3.70376530e-01 -4.30351142e-03
  -4.25956014e-01  9.80489993e-02 -9.41256855e-01  7.75172759e-01
  -9.03583572e-01 -6.73719348e-01 -3.33439629e-01  5.74537580e-01
  -1.67115137e-01 -2.63701641e-02  1.21933172e-02  9.54684535e-02
  -4.02581020e-01  2.31860880e-01  7.79948322e-01 -1.33754789e-01
   7.72904377e-01 -3.69788162e-01  6.51489387e-01  2.64297319e-01
   6.23769872e-01  9.39879502e-01  3.86287441e-01  5.30888660e-01
  -9.40629249e-01  1.77427499e-01  3.41673770e-01  2.88428659e-01
   9.62442091e-02  5.36822563e-01  9.00200340e-01 -2.56354707e-01
   5.45991990e-01  4.28282138e-01 -4.09109194e-01  8.49421638e-03
  -9.92407112e-01 -6.10089025e-02 -7.55227265e-01 -4.36632036e-01
  -8.04532968e-01 -2.55133118e-01  5.94129039e-02 -1.38374698e-01
   3.58110709e-01  2.60202330e-01  5.53978431e-01 -8.70239728e-01
   2.03404035e-01  3.33551725e-01 -3.08913912e-01  3.99901923e-02
  -7.24460782e-01  7.97879724e-01 -8.63540627e-01 -7.02656571e-02
   4.84044146e-01  4.48631934e-01 -9.94927905e-01  4.61341436e-01
   3.96414269e-01 -4.83164568e-02  7.42849672e-01 -1.12051801e-01
   1.01952794e-01  8.74985469e-01 -4.94644184e-01 -1.54506406e-01
   8.00136170e-01 -2.75132907e-01 -5.44881435e-01 -3.90940108e-01
   3.15632247e-01  7.60483345e-02  1.66933986e-01  8.23861358e-01
  -5.74444105e-01  7.30146566e-01  7.00246138e-01  7.36049250e-01
   8.92462473e-01  6.05235797e-01 -5.43961866e-01  3.14337489e-01
  -4.50634054e-01 -5.38131840e-01 -2.77619714e-01  4.84962568e-01
   6.04895990e-01 -5.69970720e-01  9.65439991e-01  4.38046624e-01
  -2.22917956e-01 -5.23636388e-01  7.70255862e-01  4.78723131e-01
  -1.10577806e-01 -3.51738167e-01 -2.14062222e-01  5.72477668e-01
   3.47841556e-02  7.15398859e-01 -8.09117631e-01  6.72869942e-01
  -1.15233656e-01 -3.43545928e-01 -7.51601365e-01 -6.81976053e-01
   4.84046510e-01  5.09378721e-01 -9.54808890e-01  2.05337823e-01
   4.07737191e-01 -9.52562628e-01 -2.78861671e-01  5.97019803e-01
  -3.21590217e-01  9.68133670e-01  7.70652087e-01  8.35312294e-01
  -2.67802871e-02 -2.23246950e-01 -7.16776716e-01 -9.45037984e-01
  -8.12702447e-01  5.32285862e-01 -1.48811733e-02  7.88993220e-01
   9.85509274e-01 -5.20390996e-01 -6.54933609e-01 -7.67416272e-01
   4.15294240e-01  4.39854257e-01 -7.45623602e-01 -9.51324534e-01
   2.44210276e-01 -7.18880657e-01  1.91193177e-01 -1.62194783e-02
  -2.35828528e-01 -5.28475994e-01  3.29646430e-01 -9.18203601e-01
   3.72813311e-01  9.70714459e-01  5.62077437e-01  2.19216257e-01
   9.30486236e-01 -9.01968146e-01 -6.54219569e-01  4.84476559e-01
   8.49684675e-01 -5.95754923e-01  6.67603423e-01 -6.92407904e-01
  -4.40514559e-01 -2.40972503e-01  4.64414330e-01  4.22762333e-01
  -2.85041046e-01  1.10065491e-01 -8.18394402e-01 -8.34424560e-02
  -4.45251233e-01 -4.87838810e-01 -3.56812009e-01  3.11625032e-02
   9.00292567e-02  3.09001153e-01  4.08472704e-01  5.51509930e-01
   4.74372806e-01 -3.86094083e-01  2.01563978e-02  3.51815825e-01
  -9.55368130e-01 -6.76558846e-01  4.57674757e-01  3.39452258e-01
   6.03484028e-01  8.69135086e-01 -7.77566755e-01 -9.24515281e-01
   2.82304791e-01 -4.21877623e-01  5.77963766e-01 -5.06247209e-01
   4.87883580e-02  2.61557045e-01 -5.30295541e-01  3.17334297e-02
   3.71676331e-02  7.51516813e-01 -2.60359178e-01  7.22765156e-01]]