[[-8.48544800e-02  1.78979667e-01  6.62295222e-01  6.47878977e-01
  -4.99413029e-01 -7.51092808e-01 -6.33471930e-01  6.47404604e-01
  -1.96946854e-01 -4.66868336e-01 -9.99633911e-01 -1.78978225e-01
   2.95022013e-01  1.52493134e-01 -1.51909610e-01  1.74662486e-01
   7.46081093e-01 -4.40822286e-01 -9.53644759e-02 -2.28184116e-01
  -4.14996559e-01  4.14526326e-02  2.70028437e-01 -2.80444251e-01
  -6.49140610e-01  4.87017412e-01  3.30423841e-01  5.48012148e-01
   5.03482401e-02  2.84163237e-01  7.52672996e-01 -8.46517550e-01
  -7.64693687e-01  4.61969306e-01  5.37868913e-01  7.78005650e-01
  -8.77493137e-01 -5.99423596e-01 -2.70054080e-01  9.36354103e-01
   1.41430998e-01 -2.18386002e-01  9.71205777e-01 -7.96317928e-01
  -5.36144783e-01 -5.50385312e-01 -8.49502710e-01  9.20727852e-01
  -7.42171516e-01 -4.11773722e-01  7.93252078e-02  9.36711132e-02
  -1.89163440e-01  4.89694749e-01  3.85991526e-01 -9.66416178e-01
  -1.05479886e-01  1.71299848e-01 -5.88491448e-01 -2.66410508e-01
   1.86831510e-01  7.65156909e-01  4.83890784e-01  6.96997074e-01
  -2.49693557e-01 -1.60890463e-01  4.94111389e-01  4.84151671e-01
  -1.64320193e-01  9.52223507e-01  4.84003601e-01 -4.50994597e-02
  -4.01383207e-01  9.48721934e-02  2.83801058e-01  9.90615673e-03
  -5.91463987e-01  2.03901053e-01  5.47798575e-01 -2.29797838e-01
   1.02281373e-01 -4.70360445e-01 -5.00973188e-01 -9.83272777e-01
  -2.68768331e-01 -4.31728701e-01 -3.40853246e-01  1.41750344e-01
   4.51147498e-01 -9.02406414e-01  7.25643674e-01  3.38011273e-01
   7.03690105e-01  9.02470597e-01  4.67662086e-01 -4.72309517e-01
  -4.06389918e-01  8.65737197e-01 -3.54973434e-01 -1.21714239e-01
  -1.17019921e-01 -2.43978549e-01 -6.91409227e-01  7.96002836e-01
  -8.19412141e-01  8.82155073e-01 -1.44865435e-01 -9.75227692e-01
   9.67946444e-01  6.57603959e-01  9.01665939e-01  3.77739574e-01
  -1.95764969e-01 -4.23407935e-01  8.97745881e-01 -3.78653489e-01
   2.87798493e-01 -1.44762868e-01  4.78249407e-01  6.40305641e-01
  -9.43686152e-02  5.54805303e-01 -4.51060578e-01  7.93998921e-02
   7.90282185e-01 -2.88101532e-01 -5.83136368e-01  7.47247267e-01
  -7.75885580e-01  6.91745566e-01  4.33437398e-01  3.63327213e-01
  -7.58838074e-01 -7.18659028e-01 -5.24181711e-01  3.06129032e-01
  -3.87437011e-01 -9.33920745e-02  9.61024300e-01  8.36067154e-01
   8.15927534e-01  9.13305889e-01  9.41855377e-01  8.83496396e-03
  -3.96920030e-01  1.62330388e-01  2.56236509e-01 -3.57755917e-02
  -1.56187054e-01 -8.87870234e-02 -1.59432665e-01 -3.64934894e-01
   4.63425363e-02  5.42594817e-01 -7.48186142e-01 -7.76561031e-01
   2.26570903e-02  5.82351062e-01 -5.66021880e-01 -5.70561206e-01
  -8.85487404e-01 -5.59553121e-01 -4.45853463e-01 -1.09510650e-01
   2.59331011e-01 -5.75508390e-01 -6.52833201e-01  7.08262587e-01
   8.06370877e-01  2.83540553e-01 -5.38377324e-02 -3.68349907e-02
  -4.14462512e-01  4.26365095e-01 -9.37495733e-01 -6.77594712e-01
  -8.89066405e-01  2.46277946e-01  5.29283430e-01  1.02259288e-01
  -2.93114151e-02 -6.21389321e-01  1.38647251e-01  7.77049683e-01
   6.75749758e-01 -5.95812893e-01  3.36576225e-01 -7.39598417e-01
   5.29527324e-01  7.68672509e-01  3.12259136e-01  3.57183340e-01
   8.90269662e-01 -6.66315035e-02 -6.10240060e-01 -6.75137669e-01
   7.96773374e-01 -1.10112786e-01 -9.78517095e-01 -2.87446393e-01
   6.06808731e-01  6.71855409e-01 -2.78887339e-01  7.96893877e-01
  -8.41935354e-01  5.40905926e-01  5.64852191e-01  8.49348718e-01
  -7.29391608e-01  9.09950447e-01 -6.99064775e-01 -2.22317392e-01
  -2.39755614e-01  3.10217693e-01  1.81360505e-01 -9.92089311e-01
  -4.23961890e-01 -4.01095689e-01  4.38643536e-01  2.19740740e-01
  -5.35285122e-02 -6.53326496e-01 -5.04124462e-01  7.35843041e-02
  -9.62156837e-01 -9.38344653e-01  4.26204210e-01 -2.32032074e-01
  -1.25263426e-01  5.85144957e-01  9.78100207e-02  5.73892271e-03
  -6.38869596e-01 -3.31000718e-01 -3.91035496e-02  1.92709510e-01
   5.76417163e-01 -2.97599314e-03 -6.22987518e-01  6.60245052e-01
  -7.34489452e-02 -8.22418187e-01 -1.27090243e-01  1.89876247e-01
   7.38666833e-01  6.03310288e-01  1.01676528e-01 -5.27489573e-01
  -5.91445985e-01  4.97893212e-01  6.47803796e-02  3.03595694e-01
  -9.48026515e-01  9.06641787e-01 -9.34441231e-01 -5.16853400e-01
   6.95318512e-02 -3.79411547e-01 -9.26742447e-01 -6.81465269e-02
  -3.09915605e-01 -8.40060127e-01  6.38407574e-01 -5.50376904e-01
   5.11076318e-01 -1.72293077e-01 -8.07000205e-01  5.69601251e-01
  -6.07151967e-01  9.53655909e-01 -2.87790557e-01  6.26979454e-01
   2.48804743e-01 -9.12621152e-01  7.10338077e-01  9.52537216e-01
  -5.53840902e-01  1.41558422e-01  4.26394732e-01  5.34040337e-01
  -4.38660515e-02 -2.19094016e-01  4.35713409e-01 -2.59456611e-01
   7.99636170e-01 -9.67478882e-01  6.69221165e-01  3.12978374e-01
   9.58232323e-01  6.20164938e-01  9.94249504e-01 -3.22151182e-01
  -8.09159344e-01  3.79186556e-01  7.43674064e-01  4.03705290e-01
   8.43498568e-01  6.06596314e-01 -7.20403137e-01  5.43755902e-01
  -7.26831353e-01  7.12558963e-01 -1.43129978e-01 -6.28252063e-01
  -4.51281679e-01 -8.51507355e-01  7.73553516e-01 -6.10531135e-01
   9.59998479e-01  7.93722456e-01  4.24240344e-01  6.31143626e-02
  -5.83087748e-01 -4.28059366e-01  3.62621685e-01  9.20491361e-01
   5.04410120e-01 -6.31874415e-01 -6.11947365e-02 -5.41915722e-01
  -6.31986196e-01  9.35912618e-01  3.94814596e-01 -9.91566418e-01
   1.85454861e-02 -8.50732561e-01  3.28292333e-01  6.08154879e-01
   9.85220235e-01  7.92601818e-01 -2.09808801e-01  6.06242557e-02
   2.26842146e-01 -6.23755538e-01  3.58161936e-01  8.08536589e-01
   2.97838997e-01 -4.37562064e-01  3.84863945e-01 -3.20187234e-01
   5.29965402e-01 -1.31109851e-01  2.77672745e-01  1.62164591e-01
   8.83753286e-01 -9.80596283e-02  1.44277840e-01  4.43349061e-02
   5.61633863e-01  9.90954700e-01 -3.42838329e-01 -3.64361798e-01
   6.59610028e-02 -6.74597282e-01  4.09862123e-01 -4.73908111e-01
  -7.51418736e-01 -9.96917305e-01 -9.15496144e-01  2.82866655e-01
   7.23456338e-01 -7.26736542e-01  6.01499522e-01  7.52179495e-01
  -8.12267676e-01  3.17936829e-01  7.56562109e-01 -6.29738837e-01
   7.23359232e-02  1.96916780e-01 -5.45375829e-01 -2.74952178e-01
   6.54147632e-01  2.20940534e-01 -8.99003308e-02 -3.26589535e-01
   1.00062003e-02  2.78494066e-02 -8.85379980e-01 -2.66802041e-01
  -4.86314484e-01  8.05307884e-01  1.59644908e-01 -9.44516958e-01
   6.24554871e-01 -6.82851520e-01  1.96252406e-01  4.89810632e-01
  -4.65641524e-01  9.79039915e-01 -5.21845969e-01  7.81551553e-01
   4.57644196e-02 -9.90345127e-01  7.52357684e-02  8.37667285e-01
  -3.83230778e-01  6.36964345e-01  7.49107014e-01  5.96435563e-01
  -4.85995970e-01 -2.84573842e-01  1.88458152e-01  4.74028133e-01
  -8.80778867e-01  6.23390357e-01 -3.23653621e-01  1.15167538e-01
   2.81262447e-01 -3.73004529e-01  6.27417170e-01  2.14737355e-01
  -2.46293042e-01  6.64147125e-01 -6.13376491e-01  5.24254095e-01
   4.21993711e-01  8.60840982e-01 -6.30727755e-01 -1.43487863e-01
  -1.40972430e-01 -6.85969389e-01 -6.41916720e-01  5.41005866e-01
   8.95212308e-01  7.91763557e-01 -9.80590853e-01 -3.66807160e-01
   2.22442527e-02  6.30902424e-01 -6.01963192e-01 -2.05990781e-01
   7.66994357e-02 -6.61742623e-01 -5.12785933e-01  8.10408404e-01
   5.79210833e-01  7.63183844e-01  2.50421832e-01 -1.04877292e-01
   8.91172456e-01 -8.84853038e-01  2.65971377e-01  8.98691193e-01
  -1.66923061e-01  1.77880956e-01  3.20076284e-01 -9.85931045e-01
   5.14437816e-02 -6.75238258e-01  5.20550789e-01  5.98884561e-01
  -3.98884766e-01 -4.94526037e-01 -8.82338054e-01 -6.88042876e-01
   8.18833395e-01 -5.04541220e-01 -3.72916127e-01 -3.69364891e-01
  -4.09269547e-01 -2.02467790e-01  9.43008946e-01 -1.83397773e-01
  -1.63902746e-01  8.52273039e-02 -4.11193234e-01  1.50181648e-01
   3.08297749e-01  7.22756010e-01 -2.67802427e-01 -1.66574765e-01
   4.68467281e-01  4.79948728e-01 -1.87887416e-01 -8.14239371e-01
  -4.79147063e-01  7.38891116e-01 -9.82582637e-01 -5.66094807e-01
  -1.39880782e-01 -8.12993376e-01  3.55724339e-01 -2.59377715e-01
  -1.21090952e-01 -8.40454610e-01  9.63787047e-01  7.36923541e-01
  -7.73489501e-01  6.44081273e-01 -8.75262604e-01 -8.12961256e-03
  -9.68418760e-03  5.75962721e-01  4.77362899e-01  5.44599391e-01
   7.01439131e-01 -3.32476223e-01 -9.69633100e-01  4.61771591e-01]
 [ 2.54224890e-02 -6.08836505e-02 -4.76286499e-01 -6.07473747e-01
  -6.60536215e-01  5.74982250e-01  2.74177968e-01 -4.59017885e-01
   9.48109030e-01 -9.59036299e-01  4.97392328e-01 -5.70532736e-01
   8.18204590e-01  3.97369609e-01  7.63342956e-01 -8.37607434e-01
  -5.25208967e-01  7.39760123e-01 -1.80177057e-01  8.14310041e-01
  -4.48232065e-01  5.50169465e-01 -5.10884528e-01  3.60866829e-02
   4.62202822e-02 -1.87769801e-01 -5.80317417e-01 -3.82812119e-01
   5.96402292e-01 -8.59991794e-01  5.81670199e-01  4.05299370e-01
   1.76863903e-01  7.32689679e-01 -1.01506233e-01 -7.85730348e-01
  -9.67835291e-01  6.26632902e-02 -3.11949857e-01 -2.90301566e-01
   4.48753841e-01 -5.66439700e-01  4.38331435e-01  9.97478292e-01
   1.39560593e-01 -7.53889237e-01  4.19209867e-01 -7.23023135e-01
   6.70628398e-01 -6.32616906e-01  6.69374051e-01 -9.67892495e-01
  -7.23034073e-03 -4.62290761e-01 -1.58856087e-02  3.57807489e-01
  -7.77790316e-01 -9.83512455e-01 -7.78484770e-01 -2.81268966e-01
  -5.39660333e-01  1.18437935e-01  9.92161144e-01  8.13651105e-01
   9.08917767e-02 -4.92797783e-02 -8.48657235e-01  6.22324178e-01
  -4.61983239e-01  1.66164233e-01 -6.77638929e-02 -2.43742812e-01
  -8.42648855e-01  1.20739390e-03 -4.34668381e-01  1.18126958e-01
  -8.47950575e-01 -8.42488443e-01 -9.18892802e-01 -2.75552910e-02
   8.64489610e-01 -4.32988586e-01  5.02351621e-01 -6.94977535e-02
  -5.50407129e-01  1.85097951e-01  3.31475282e-02  3.98523923e-02
   9.19777703e-01  9.42880296e-01  9.15433880e-01  1.23519841e-02
   5.75580046e-01  3.10009996e-01 -8.00534592e-01  9.11206773e-01
   9.32031741e-01  2.43492305e-01  1.59580088e-03  8.16414243e-01
   6.26628823e-01  1.86570803e-01 -4.73240017e-01  9.36278781e-01
   3.73524434e-01 -9.44878426e-01  6.37506971e-01 -7.00746741e-02
  -1.54832969e-01  4.11224539e-01 -4.82600802e-01 -1.06800608e-01
   4.26782820e-01  3.43132866e-01 -6.28170826e-01  4.07406177e-02
   3.77866590e-01  8.19391851e-01  3.79592002e-01  5.36592450e-01
  -7.98836228e-01 -3.21048967e-01  6.30980753e-01 -3.98268876e-01
  -5.06293922e-01 -6.51867242e-01 -3.38573644e-01 -4.09441693e-01
   5.95281609e-01 -1.41233597e-01 -1.21464767e-01  8.25060665e-01
  -9.20644427e-01  5.90073534e-01 -1.58859508e-01  9.95260543e-01
  -8.55328614e-01 -8.52018414e-01 -9.40041612e-01 -8.26552913e-01
   5.21509779e-01  8.69738958e-01 -6.34653431e-02 -4.43899545e-01
  -8.80029174e-01 -5.80785969e-01 -6.00603643e-02 -2.01645829e-01
  -3.96095679e-02 -3.04240772e-01 -2.75014300e-01  1.04788458e-01
   4.30115146e-01  1.00485624e-01 -8.18893601e-01  1.25901895e-01
   6.46309981e-01  3.56752923e-01  9.33299844e-01  4.46826134e-01
   4.74141167e-01  4.53114063e-02  9.68503526e-01 -3.64467382e-01
  -1.76822878e-01  4.34266331e-01 -6.23483105e-01 -9.31083687e-01
   8.38376115e-01 -9.07395518e-01 -5.81125445e-01 -8.55357216e-01
   3.13045578e-01 -5.15664551e-01 -4.18119716e-01  4.30564942e-02
   7.35592923e-01  3.96175202e-02 -8.18366711e-01 -8.63431560e-02
  -2.99603455e-01 -4.85915378e-01 -9.33781505e-02  6.82338313e-01
  -5.28864161e-02 -6.38572425e-01  8.69446590e-01  9.99137688e-01
  -7.51117418e-01  1.26356671e-02  9.20362088e-01  8.24796414e-01
  -3.79979209e-01  4.89632562e-01  2.77381787e-01  4.15710998e-01
  -5.47781751e-01 -9.47646274e-01 -7.42400432e-01 -5.39955552e-01
   8.10590723e-02  5.85378235e-01 -7.85798225e-01 -6.90071437e-01
   4.32026983e-01 -4.33778994e-01 -9.97912336e-01  6.74291262e-01
  -2.28033787e-01  3.37939876e-01 -2.68530686e-01 -9.15755854e-01
   7.26370691e-01 -6.21662900e-01 -2.60314778e-01  8.64908046e-01
  -1.02265637e-01  9.09975087e-01  9.59753178e-01  7.85152211e-01
   9.76683530e-02  5.16668889e-01 -4.30122866e-01  1.98006697e-01
   6.41725646e-01 -2.99738900e-01  3.55531993e-01  2.05611349e-01
   1.86182231e-01 -9.12886692e-01  2.63345848e-01  1.42215944e-02
  -1.13122640e-01  6.70981304e-01  4.75186867e-01  5.28304454e-01
  -5.67591124e-01 -8.92809142e-01  9.90204666e-02  6.72846758e-01
  -6.91361413e-01 -6.36878489e-01 -5.36293746e-01 -1.40866648e-01
   2.21430061e-01 -2.04258661e-01  7.35973825e-01 -6.69761729e-01
  -1.64451332e-01  4.85727747e-01  3.65450348e-01  3.19218542e-01
   9.58010148e-01  2.60182449e-01  9.91357761e-03 -9.60754081e-01
  -1.54963135e-01  6.82366030e-01 -5.20144325e-01 -7.98946917e-01
   4.84974258e-01  8.89396810e-01  6.22034101e-01 -3.86065925e-01
  -6.76027975e-01 -2.81799476e-01  7.60199081e-01 -9.69282319e-01
  -8.06536905e-01  3.72189650e-01  3.01123379e-01 -7.43935083e-01
  -1.48752139e-01 -8.06338236e-01 -5.92915428e-01 -5.30076163e-01
  -2.38674780e-01 -2.79076373e-01 -6.55998964e-01  5.35391860e-01
   4.44368414e-01  3.22479063e-01  6.62120455e-01 -5.24815892e-01
  -1.23615106e-01  1.08946343e-01 -1.06925886e-01  4.89064091e-01
   2.19576815e-02  7.27930580e-01 -6.72644858e-01  5.23661497e-01
   7.35611689e-01 -7.53170817e-01 -7.20343687e-01 -8.37072997e-01
   3.60726792e-01 -3.48844579e-01 -4.08778246e-01 -8.97665046e-01
  -7.94288827e-01 -2.93122539e-02 -2.48794140e-01 -1.32050313e-01
   9.59186892e-01  1.72433670e-01  6.41338651e-01  3.68558587e-02
   1.38335028e-01 -3.84459480e-01  6.44957922e-01  5.33385656e-02
   4.94681507e-01  7.51318777e-01  5.29311686e-01  7.99838136e-01
  -8.01434488e-01  2.64604700e-01  3.89730096e-01  1.48564622e-01
  -5.23341124e-01 -6.56962836e-01 -9.15080075e-01  9.40406323e-01
  -2.81121737e-01  7.65419185e-01  7.72498979e-01 -5.30831366e-01
   6.78920363e-01  2.47702247e-01 -1.28617911e-02 -3.05960940e-01
  -5.04108449e-02  6.75128090e-01  7.91762634e-01 -3.15093447e-01
  -7.04560338e-01  8.52987029e-01  1.37267342e-01  4.95999641e-01
  -6.95401629e-01 -3.47716474e-01  5.06528556e-01 -4.33228938e-02
  -4.34941517e-01  2.96365816e-01 -5.65316608e-01 -2.98310188e-01
  -2.18687801e-01 -2.94550501e-01 -5.15886556e-01 -7.99542715e-01
  -1.55203105e-01 -6.18964880e-01 -4.97905645e-01  5.48419912e-01
   3.65750420e-03 -9.13485329e-01  6.98811954e-01  2.75363936e-01
   2.29073122e-01 -4.72188789e-01  5.65707733e-01 -9.37878685e-01
  -2.31452386e-01 -4.89522940e-01  9.74613092e-01  7.63134046e-01
   3.56265138e-01  2.99202086e-01 -1.05268777e-02 -1.31478963e-01
  -6.52094981e-01  3.91372293e-01  5.40480276e-02 -4.69113165e-01
  -6.43932523e-01  9.55305386e-01  5.67978992e-01 -9.74596944e-01
  -7.96339005e-01 -7.57879852e-01 -2.39080848e-02 -3.37026296e-01
  -1.19458446e-01  3.03294776e-01  2.38742815e-01  9.43872459e-01
  -5.95071071e-01  9.33730482e-01 -6.53142668e-01 -5.84155469e-01
  -3.54702358e-02  4.77834499e-01  8.46626018e-01 -1.59730939e-01
  -6.47822273e-01 -9.11759066e-01 -3.72319360e-01 -9.69031018e-02
  -9.46027100e-01 -3.15672551e-01  2.14735405e-01 -9.70529331e-01
   7.58798026e-01  9.36644535e-01  6.87709371e-01 -9.05691880e-01
   4.27120182e-01  5.45961125e-01 -9.68717312e-01  3.37948830e-01
   8.64740978e-01  9.56802018e-01 -7.96647728e-01 -7.58035442e-01
  -3.47329796e-01  6.74875289e-01  4.42758454e-01 -9.59244810e-01
  -3.34455943e-01 -3.83448421e-01  9.71801308e-01  1.24799145e-01
   5.21406552e-01 -5.26591209e-01  7.00684555e-01 -3.15754629e-01
  -9.87503562e-01 -8.85846465e-01 -1.04747350e-01  8.73112947e-01
  -4.17607474e-01  8.82470409e-02 -5.89627038e-01  7.04175422e-01
   2.92011698e-02 -1.79854957e-01 -6.90300793e-01 -2.02996509e-01
   1.53379976e-02  2.52160205e-01  2.76867898e-01  7.58514790e-01
  -2.21663435e-01  7.97536745e-01  2.40414974e-02 -3.16651604e-01
  -6.00126800e-01  1.74576026e-01 -9.26186247e-01  3.04380025e-01
  -1.42812081e-01  3.85206966e-01 -7.10641820e-01 -7.70135427e-01
   9.46139967e-01 -5.41436044e-01  4.38134052e-01  4.58380633e-01
   8.00026225e-01 -1.57819365e-01  7.20755026e-01  9.98153314e-01
   4.17525101e-01  5.79698320e-01 -2.39476602e-01  5.93007639e-01
   2.59325258e-01 -3.18944687e-01  9.75572605e-01 -3.01969090e-01
  -9.94119308e-01  6.12918236e-01 -4.78773005e-01  3.79103002e-01
  -8.55338543e-01 -4.18946208e-01 -7.20642516e-01 -1.95646376e-01
   1.31957861e-01  9.02787430e-01  5.37599981e-01  5.45455991e-01
  -3.94692946e-01 -4.26345683e-01  7.39561253e-01  4.88031393e-01
   2.34092778e-01  5.38758125e-01  8.05464445e-01 -2.91994276e-01
  -1.00903478e-01 -5.60141916e-01  9.96725710e-01  4.36203597e-01
  -1.92384209e-01  6.30653105e-01  3.73827744e-01  1.38142188e-01]
 [ 1.61816987e-01 -8.35146513e-01  7.57759744e-01 -8.57671598e-01
   4.60688769e-01 -2.99624440e-02  9.09469587e-01 -4.15910133e-01
  -1.62115499e-01  9.27029048e-01 -9.02867374e-01  1.39677464e-01
   1.01057060e-01 -5.55074792e-01  9.54338423e-01 -4.98793774e-01
  -9.22809175e-01  9.08927146e-01  9.40458571e-01 -4.59213938e-01
   4.22025395e-02  1.68199885e-01  4.39940428e-01  6.86078362e-01
   2.25690238e-01 -3.22496162e-01 -8.58726633e-01 -9.33737748e-01
   3.45701115e-02  8.04828431e-01 -5.55831532e-01 -6.99721496e-01
  -4.62114050e-01  9.73080351e-01  2.07322470e-01  2.25278610e-02
  -3.11374944e-02  8.63449448e-01  3.92377898e-01  1.89920397e-01
   1.91749548e-01  5.93172851e-02  8.36937594e-01 -7.84296221e-01
  -1.09926408e-01  7.45508410e-01 -9.89977475e-01 -4.13133679e-01
  -3.03022747e-01  2.59137279e-01  3.12647242e-02 -5.00775254e-01
  -2.02205402e-02  9.86567596e-01 -7.96145398e-01  1.02051702e-01
  -9.38679215e-01  5.36894030e-01 -1.29826118e-01  2.50700386e-01
  -4.78622443e-01  4.13187452e-01  5.77259625e-01  4.78201730e-01
   1.72429808e-01  3.16267014e-01  8.40018910e-01 -7.99870593e-01
  -2.57690812e-01 -8.60328539e-01 -8.80936292e-01 -1.68216556e-01
  -7.94608848e-01  6.45686264e-01 -8.17293729e-01 -7.25223705e-01
  -9.20436689e-01 -6.39066340e-01 -3.67812033e-01 -2.53908211e-01
   9.97306718e-01  3.72917511e-01 -1.98576180e-01  1.41482169e-01
  -5.67846759e-01 -9.61192061e-01  9.08659252e-01 -8.70242856e-01
   7.54059472e-01  4.04970309e-01  9.59190347e-01  4.21032929e-01
   5.10734159e-01 -1.89740163e-01 -3.60764882e-01 -2.50767957e-01
   6.94395409e-01  2.82652696e-01  5.06411292e-01  6.12712601e-01
  -7.97510990e-01 -9.26197350e-01  8.56519526e-02  4.90475689e-01
   7.82770079e-01 -5.25317015e-01 -2.83413698e-01 -5.35805330e-02
  -6.25278348e-01 -8.00458965e-01 -5.93752540e-01  9.84380963e-01
   7.47110519e-01  4.11773956e-01  4.05043445e-01  3.48614238e-01
  -4.83167492e-01  6.21718742e-01  3.74055777e-01 -2.70588429e-01
  -8.08546316e-01  5.22598239e-01 -2.03058984e-01 -7.98181651e-01
  -4.20172312e-01  8.07370511e-01 -9.49716660e-01 -9.30611153e-01
   7.61463894e-01 -6.85340154e-01 -2.77485519e-01 -6.47223593e-01
  -9.58607307e-01 -9.96015850e-01  2.55580437e-01  5.97133864e-01
  -2.20887213e-01  5.29827208e-01  2.15155578e-01 -7.54378891e-01
   2.13781932e-01 -9.69418462e-01  2.93542605e-01 -5.26689799e-01
  -2.50050169e-01  7.61851219e-01  1.44458346e-01 -1.27658056e-01
  -4.80165279e-01  5.32262462e-01  3.89851039e-01 -6.18432197e-01
  -8.27010574e-01 -9.47884676e-01  9.42149609e-01  6.38458527e-01
   3.54354952e-01  3.18860128e-01 -1.47124367e-01 -4.72694454e-01
   3.76683023e-01 -8.46195740e-01  8.04493142e-01  3.96604557e-01
   6.86372609e-01  4.46642638e-01 -1.30832276e-01 -3.90269477e-01
   4.30746846e-01 -8.39662384e-01 -7.59902668e-01 -6.21749810e-01
  -7.33106421e-01  2.47256427e-01 -8.43155514e-01  8.34052898e-01
  -9.52338693e-01  2.04286657e-01 -2.09845484e-02  3.57274078e-01
   9.76376033e-01  9.27168754e-01 -6.68931380e-01 -6.51275837e-01
   9.99959456e-01  8.25220816e-01 -3.89140327e-01 -3.20948688e-01
   1.06000464e-01  1.29523516e-01  2.23823265e-01 -5.23340047e-01
   1.71093978e-01  6.56252257e-01 -2.93347538e-01 -4.57140101e-01
  -5.37984651e-02  2.82537672e-01  9.47955559e-01 -3.94817328e-01
  -6.41670892e-01 -6.16680083e-01 -2.11012970e-01 -9.08299722e-02
   5.36526543e-01 -9.93424621e-02 -5.86937990e-02  8.28581128e-01
   7.01683337e-01  1.28899942e-01 -2.80875734e-01  4.98232224e-01
  -8.36645887e-01  4.88086554e-01  7.50304419e-01 -7.88281963e-01
  -7.51337453e-01 -2.86932590e-01  9.47342820e-01  2.65748930e-01
  -2.80123344e-01  4.07338119e-01 -6.46693593e-01 -6.81366164e-01
  -6.26773253e-01 -9.64530719e-01 -7.22156127e-01  1.25194483e-01
  -9.70048115e-01  1.05916223e-01 -4.34893918e-01  1.95474358e-01
   2.38131189e-01 -4.89973903e-01 -5.72961887e-01 -3.12098241e-01
  -5.96771474e-01  9.49788856e-01  7.28370695e-01  3.15112682e-01
   2.62581465e-01 -1.76866397e-01 -8.58061321e-01 -6.42467738e-01
   6.18494136e-01  7.91621838e-01  2.89654794e-01 -1.72563698e-01
   2.94874780e-01  9.47650509e-01  2.06115353e-01 -7.66141448e-01
  -6.03458179e-01 -1.04069637e-01 -1.12696698e-01 -5.28457929e-01
  -9.95878065e-01  5.53448256e-01  6.64874095e-01 -9.10001500e-01
   8.50767857e-01  3.91554668e-01  6.61434132e-01 -5.35033708e-02
  -6.89002959e-01  8.43603966e-01  5.26192062e-01  6.73497928e-01
  -9.89245109e-01  5.52794851e-01  4.51584388e-01  8.99331780e-01
   3.53862765e-01 -6.01441685e-01 -3.85090099e-01 -3.02494334e-01
   8.35671879e-01 -5.83707575e-01  1.71473544e-01  1.94422908e-01
   4.10332506e-01 -1.73739684e-02 -9.91614173e-01 -5.36432033e-01
  -7.58325548e-01  1.50849455e-01  5.01859980e-01 -7.25141956e-01
   4.34112830e-01 -1.51018603e-02 -4.74226526e-01  9.14088325e-01
  -8.72840617e-01 -1.18081645e-01  5.95261647e-01  1.20734502e-01
  -4.93396475e-01 -7.28189738e-01  7.55261063e-01 -9.33198865e-01
   9.69582824e-01 -2.97079660e-01  1.38420459e-01 -3.01048093e-02
  -7.71215781e-02 -8.92378449e-01  4.53912587e-02 -3.88998139e-01
  -9.08661315e-02  5.03003434e-01  5.18614449e-01 -3.13832441e-01
   5.87953011e-01 -9.06140074e-01  1.57422775e-01  3.73895658e-02
   9.32946734e-01 -7.52995306e-01  3.01518264e-01  6.14836263e-01
   8.39312231e-01 -7.37144495e-01 -5.30270152e-02 -6.75758176e-01
   7.61941884e-01 -5.66053358e-03 -1.67266582e-01  5.41340495e-01
  -4.29781510e-02  3.76148860e-01 -8.62412934e-02  3.01744728e-04
  -9.36626686e-01  3.28065086e-01  3.67463206e-01  1.09906206e-01
   2.09592401e-01 -5.16366186e-01 -8.01078349e-01  7.17527720e-01
   5.68202211e-01 -3.81841229e-01 -1.12863357e-02  7.70764158e-01
  -4.63696537e-01 -1.15627500e-01  6.98935627e-01  5.77550220e-01
  -7.31350067e-01 -2.89706463e-01  1.82031531e-01  5.39400679e-01
  -6.08606316e-01 -6.48974996e-01  4.77791913e-01 -7.05791766e-01
   1.65978659e-01 -9.37137020e-01 -8.84650300e-01 -3.99404937e-01
  -1.49346594e-02 -8.39886220e-01  4.11858654e-01 -2.74827838e-01
  -6.12076655e-01  2.09938135e-01 -8.10255443e-01  5.78880894e-01
  -5.00726560e-01 -6.11430279e-01  5.56465850e-01  5.96127312e-01
  -8.72425064e-01  7.13624552e-01 -1.10078087e-01 -1.87874190e-01
  -7.26868612e-01 -7.02837060e-01 -4.04810632e-01  3.12827612e-01
   7.39866695e-01  1.19549669e-01 -5.43604154e-02 -7.10349715e-01
  -4.12049533e-01 -7.40236342e-01  9.95509095e-01 -5.04190162e-01
  -4.03322516e-01  6.47558163e-01  7.10755435e-01 -3.13724204e-01
   2.85268358e-01  6.44929297e-01 -1.29211286e-01  5.44709982e-01
  -3.99451168e-01  6.81592953e-01  9.37774029e-01  6.00803857e-02
   1.43166130e-01  1.41763236e-01  9.11683726e-01  5.79603800e-01
  -1.85925361e-01 -1.04424721e-01 -6.07796924e-01  6.20373607e-01
  -8.71857889e-01 -4.70521207e-01 -1.31255947e-01 -4.55597805e-01
  -7.45436284e-01  1.65844115e-01 -7.43982368e-01 -3.59338972e-01
   4.00066731e-01  7.93047338e-01  1.26728588e-01  2.05418874e-01
  -7.16583561e-01  6.79845712e-01 -1.06654607e-01  6.44712864e-01
   7.44551989e-01  7.47366948e-01  7.49234469e-01 -9.56097138e-01
  -1.36231865e-01 -6.88385544e-02 -3.16807280e-01  6.90376309e-01
  -7.87569370e-01 -8.75691868e-02  3.11144827e-01  7.85818130e-01
   7.83648220e-01 -9.77545415e-01  7.96379412e-01  8.90007150e-01
  -8.12536513e-01  3.72398938e-01 -6.04453861e-01 -2.03586556e-01
   5.80865348e-01 -7.46139239e-01 -6.44199101e-01  1.88690817e-01
  -3.00542154e-01 -8.34061993e-02 -4.62645896e-01  5.74253205e-02
  -3.26057635e-01  6.16810546e-01  7.15410015e-01  5.50952788e-01
   4.11706654e-01  3.90506587e-01 -3.27630188e-01 -1.21191632e-01
   7.33544019e-01 -1.85551720e-01 -4.75554370e-01 -8.07016069e-01
   2.30976881e-01 -8.54419904e-01  9.87610196e-01  4.03045275e-01
  -7.89032401e-01 -1.29413365e-01 -2.91928260e-02 -9.86894584e-01
   5.25210693e-01  2.22607570e-01  7.53753618e-02  3.52536889e-01
  -5.70958145e-02 -4.35513538e-02  9.91607889e-01  1.89161044e-01
  -3.54264895e-01  4.48224253e-02  5.08447466e-01 -1.66228607e-01
   5.15240031e-01 -3.69189553e-01 -4.32220514e-01  1.56670981e-01
   9.12817227e-01  1.74622076e-01 -4.11551973e-01 -2.69148214e-02
   2.22854336e-01 -9.14318011e-01 -9.35731775e-01  4.38701147e-01
   9.26298868e-01  2.04240272e-01  6.77460837e-01  6.19661610e-01]
 [ 8.45895224e-01  8.97096780e-02  5.85246721e-02  9.03654431e-01
   5.86800839e-01 -1.66456099e-01  6.69725344e-01 -8.46684585e-01
  -9.98695482e-01  8.14755483e-01 -8.62866864e-02 -6.19061926e-01
   4.11647469e-01  5.49136964e-01 -6.40388365e-01  4.65483133e-01
   8.34067146e-01  4.86563383e-01 -7.96874414e-01 -5.02614458e-01
   4.66698332e-01  3.72066945e-01 -2.12380515e-01  7.06320719e-01
  -6.27429306e-01  9.16182387e-01 -9.19413835e-02 -8.84623675e-01
   4.04047534e-01 -1.43399833e-01  1.34542400e-01 -1.04792244e-02
   6.77458364e-02  3.70815463e-01 -8.63903981e-02 -7.22448122e-01
  -9.30654319e-01 -1.50624016e-01  4.67926392e-01  6.42308178e-01
   4.31342216e-01 -7.56551099e-01  7.27109087e-01 -4.57722036e-01
  -3.81285108e-01  9.10530197e-01  2.39018521e-01 -5.89877069e-01
   3.65332642e-01  2.77344399e-01 -6.45263075e-01 -3.87039929e-01
  -8.26653151e-01 -7.43441637e-01 -3.30795126e-02 -8.46571432e-01
   9.53713985e-01 -2.10675932e-01 -6.91260520e-01  4.03628310e-01
   1.72490871e-01 -9.63738145e-01 -6.54285803e-01 -1.70092217e-01
   8.11537394e-01  8.22422439e-01 -8.76537635e-01  5.48361265e-01
   5.99024651e-01 -4.23522119e-01 -8.13264893e-01 -9.83748149e-01
   1.65553257e-01 -5.64311772e-01  7.43121707e-01 -6.30842445e-01
  -2.52107162e-01  2.88906240e-01  9.71580981e-01  5.34478304e-01
  -5.67904521e-01 -8.48318463e-01  4.46728767e-01 -2.24246480e-01
  -4.92680884e-02  7.50672240e-01  5.01363845e-01 -1.02833236e-01
   3.30220842e-02  5.36528064e-01 -2.19553217e-02  4.00023348e-01
   7.00804345e-01 -4.71652417e-01 -5.81980088e-01 -9.55135519e-01
  -7.81108118e-01 -9.16885277e-01 -8.37688563e-01  8.44926619e-01
   3.91594416e-02  7.20112121e-01 -9.23218493e-01 -9.46384620e-01
  -6.33351103e-01  1.62013329e-01 -2.19180623e-01 -7.07567188e-01
  -5.80468436e-01 -5.49679522e-01 -1.78147706e-01  3.43933955e-03
  -1.03577673e-01 -8.22153742e-01  2.77779739e-02 -6.13662169e-01
  -4.90391406e-01  3.40978458e-01 -2.94257396e-01 -9.68088944e-01
   8.44333424e-01  8.16821559e-01  8.27216660e-01 -2.85465252e-01
   5.34945333e-01 -3.71864035e-01  9.05839421e-01  3.89798141e-01
  -5.79477402e-01  1.46486530e-01 -7.96277507e-01  4.91587244e-01
   3.04532708e-01 -5.37961133e-01 -5.68415052e-01  2.52116595e-01
  -6.97410912e-01 -4.59032507e-01 -1.79716401e-01  6.14511129e-02
   7.52962194e-01  3.07472047e-01  3.64848694e-01 -3.53585816e-01
   5.50236142e-01 -2.40830406e-01  1.55226030e-01  5.49860565e-01
  -6.41615592e-01  8.89627673e-01 -7.05740638e-01 -6.92589246e-01
  -8.87123565e-01 -5.78997636e-01 -2.87403093e-01 -4.16955485e-01
  -7.43051761e-01  8.50012284e-02  4.71469436e-01  5.60164565e-01
   3.50356658e-02 -9.97720364e-01  1.87169683e-01 -5.83704944e-01
  -8.53839250e-01  5.95783403e-01 -1.04358020e-01  4.74458407e-01
   2.88719042e-01 -6.17094407e-01 -7.89613948e-01  9.45027963e-01
   9.47822533e-01 -2.84866427e-01  8.60218988e-01  3.02846674e-01
  -2.29031584e-01  4.78348164e-01  3.28482246e-01  6.18141624e-01
   3.84843234e-01  2.24844825e-01 -1.06787477e-01  2.66381523e-01
  -4.32075575e-01  7.91763029e-01  6.11277264e-01 -2.22892303e-02
  -8.98052863e-01  9.64158481e-01  1.52433672e-01  9.19205777e-01
  -4.06601502e-01  8.74468899e-01  8.28692247e-01  9.65820550e-01
   9.98272514e-01 -5.66740383e-01 -2.89582250e-02 -2.76200328e-01
  -7.44215372e-01 -2.12151487e-01 -2.85576694e-01 -8.72888452e-02
  -2.02916296e-01 -3.98576459e-01 -3.56298109e-01  6.03708044e-02
   4.25629095e-01  9.19004860e-01 -6.56695855e-01 -1.95936737e-01
  -2.93208073e-01  8.90095588e-01 -3.69401707e-01  5.94133408e-01
  -6.39812807e-01 -7.22243736e-02 -2.22924077e-01 -6.62674466e-01
   6.16444169e-01 -7.89352873e-01 -6.97288979e-01  9.54496643e-01
   2.77215214e-01 -7.08312695e-01  8.39225517e-01  9.69489741e-01
  -1.99304078e-01  3.49750977e-01 -8.86274672e-01  2.77264801e-01
  -6.65331017e-01 -8.44367231e-01 -9.15233689e-01  8.71020829e-01
   9.74210958e-01  8.11840812e-01  6.91479452e-01 -1.08421189e-01
  -9.32833529e-01 -3.83022359e-01 -1.40104630e-01 -6.13506157e-01
  -8.04417591e-01  2.27347902e-01 -9.32239970e-01  4.83024378e-01
  -7.73929214e-01 -8.40247786e-01 -5.64554689e-01  6.51303337e-01
   9.50265209e-01 -8.81634467e-01  8.17037363e-01  7.96486041e-01
  -9.37545931e-01  5.45374167e-01 -3.02422474e-01  2.73806370e-01
  -3.74348185e-02  4.01904987e-01  3.57941154e-01 -9.85394919e-01
  -1.25043573e-01  5.27456566e-01  2.19440832e-01 -8.22605801e-01
  -9.49018222e-01  1.69978219e-01 -8.78534871e-01  8.41309080e-01
  -4.93783829e-01  2.01503390e-01 -1.61532161e-01 -5.59420118e-01
  -1.26049884e-01  3.02785898e-01 -6.48477804e-01  2.57161484e-01
  -3.10870170e-01 -4.91870915e-01  8.48582628e-01  6.28594037e-01
   6.69312703e-01 -6.21483288e-01 -2.55447111e-01  5.77620445e-01
   4.61994337e-01 -5.58050195e-02 -3.82148324e-01 -5.22158286e-01
  -1.85470803e-01  9.29520068e-01  2.46722699e-01  7.89180896e-01
  -1.50167881e-01 -4.04589709e-01 -4.90196068e-01  2.18152248e-01
   8.30972368e-01 -3.46126157e-01  3.04306686e-02  5.25104640e-01
  -7.85338375e-01  2.96539967e-01  2.14972804e-01 -9.45455697e-01
  -3.66226396e-01  2.65589737e-01  2.44763274e-02  1.96934264e-01
   8.67370791e-01 -2.47969607e-01 -5.29418546e-01  3.26326567e-01
  -9.35979408e-01  5.88488136e-02  8.81369733e-01 -2.69065399e-01
  -9.52608660e-01 -1.06770134e-01 -4.96303181e-02  8.17090707e-01
  -8.04971759e-01  4.62137490e-01  8.97892767e-01 -3.50314739e-01
   2.90323043e-01 -7.94700158e-01  4.65685400e-01  4.35488873e-01
   9.91286640e-01 -6.98404970e-01  8.08404554e-01 -5.90099516e-01
  -9.39050131e-01 -5.22153622e-01 -2.54578768e-01  9.97081644e-01
   9.69718803e-01  6.87953108e-01 -8.16977465e-01  4.77540589e-01
   2.60173060e-01 -8.28382191e-01 -9.38099916e-01  4.55839817e-02
   1.61799295e-01 -3.89920645e-01 -8.28907230e-01  9.86499467e-01
   2.82358449e-01 -7.12899480e-01 -6.25240960e-01 -3.90512349e-01
  -3.34813727e-01 -4.10825703e-01 -3.97163671e-01 -9.63474110e-01
  -6.97098906e-01  6.64999885e-02 -1.85086024e-02 -1.32942962e-01
   2.03799177e-01  7.32947576e-01 -8.20122777e-01 -1.55674431e-01
  -4.97691229e-01 -5.25353939e-01 -9.73566391e-01  7.14001558e-01
   9.15989135e-01  1.74798278e-01 -7.99134199e-02 -5.62486690e-01
   6.79188669e-01 -4.02251175e-01 -1.34866284e-01  4.17452952e-01
  -5.24424832e-01 -5.97350352e-01 -1.31762407e-01 -4.75707447e-01
   4.60900765e-02 -5.41403561e-01 -7.29424128e-01 -9.73288218e-01
   7.10320806e-01 -6.46132614e-01  7.24960574e-03  4.24600396e-01
   7.00471795e-01 -9.09725404e-01  4.02886486e-01 -5.78107548e-01
  -3.36046190e-01 -7.69388917e-01 -5.78644409e-01  8.54924185e-01
   1.02150331e-01  1.39153272e-01  3.40653039e-01 -3.95067894e-01
  -1.77488044e-01  3.26526231e-01  7.11991321e-01 -8.27927590e-01
  -3.88373706e-01  5.85036136e-02 -9.22086910e-01  6.69612796e-01
   7.04900747e-01  6.52455475e-02  9.91894688e-02  6.32691210e-01
   9.60621256e-01  6.63314938e-01  2.81260824e-01  2.82334200e-01
   2.40836040e-01 -8.64656443e-01 -3.82430421e-01  9.28745516e-01
   3.79567729e-01 -9.32557949e-01  9.21178792e-01  5.36545967e-01
  -3.90349123e-01  3.05032485e-01  8.53929591e-01 -1.94424388e-01
   7.74516163e-01  2.37747714e-02  9.70922087e-01 -8.37260571e-01
  -9.44149005e-02 -8.03880217e-01  9.16243779e-01  1.97675898e-01
  -8.56042294e-02  7.04592075e-01  2.84885564e-01  1.58122239e-01
   6.08655843e-01  4.14330155e-01 -8.04900320e-01  4.56771413e-01
  -2.03556301e-01  2.23223708e-01 -1.81419700e-01 -5.31630976e-01
  -6.03402764e-01  7.11506131e-01  7.27478974e-01  8.40970337e-01
  -6.85704844e-01  9.21078198e-01  4.85526694e-01 -8.33503029e-01
   9.89360671e-01 -9.68284485e-01 -3.17161272e-01  8.55029676e-02
  -2.17896137e-02  4.68290669e-01 -8.44580056e-01 -3.42391340e-01
  -3.66688260e-01 -8.32649242e-01  7.13992818e-01 -8.07048805e-01
  -3.63113526e-01 -5.31167968e-01 -3.71945767e-01 -5.07873980e-01
  -5.69518743e-02 -2.75690153e-01 -4.32726969e-01  2.25982243e-01
  -3.81820904e-01 -1.37863560e-01 -3.20488672e-01  7.04885527e-01
  -8.92087725e-01  6.19137605e-01 -4.07419318e-01  6.09466369e-01
   3.71409444e-01  2.57231190e-01  8.42403679e-03  8.60761646e-01
  -1.97273438e-01 -8.64034434e-01 -4.32259248e-01  6.05045697e-01
  -3.94829536e-01 -2.27191487e-03 -3.61762921e-01 -1.30652809e-01]
 [ 1.99748962e-01 -9.27093626e-01 -5.26809232e-01  4.62494733e-01
   7.42184676e-01  9.64963954e-01  6.76505835e-01 -4.42372660e-01
  -7.72110344e-01  6.16430673e-01 -2.73770887e-01 -6.21647853e-01
   6.52215577e-01 -3.12849056e-01 -2.70130141e-01 -4.44923731e-01
   2.48805192e-01  3.44808728e-01 -8.01440748e-01 -8.24498063e-01
  -7.02600436e-01  5.22359382e-01 -3.21787829e-01  6.91412596e-01
  -9.95102969e-01  4.12986365e-01 -5.65618221e-01  4.32593461e-01
   3.34863385e-01  1.77584956e-01 -8.69193885e-01  9.87100488e-01
   3.61402671e-01 -1.13097173e-01 -1.17210460e-01  1.64333596e-01
   9.42574884e-01 -1.11611896e-01 -9.65344496e-01 -7.41768668e-01
   6.89852635e-01 -1.21760836e-01 -1.10728247e-01 -9.51279238e-01
  -9.64380112e-01 -8.36727693e-01 -4.17847471e-01 -6.54871900e-01
   2.32814190e-01 -1.32568115e-02 -2.79558017e-01  7.38316302e-01
  -1.94206244e-01 -6.88042889e-01 -6.31229367e-01 -3.56398628e-01
  -7.50412084e-01 -4.48613902e-01 -7.98139260e-01 -3.18848202e-01
   6.00010325e-01  3.78293323e-01  3.39623617e-01  8.15182290e-01
   7.30126057e-01  9.34878111e-01  5.58933360e-01 -3.45393305e-02
  -3.80123420e-01 -6.83307039e-01  8.40952006e-01 -6.61481579e-01
   2.79549463e-01  7.50807472e-02  1.40162983e-01 -9.88392658e-01
  -6.40895329e-01  4.22296367e-01  7.94666776e-01 -6.93471508e-01
   5.06845177e-01 -8.47250678e-01 -7.38822304e-01 -3.36909924e-01
  -6.45791133e-01 -9.43431196e-01  9.31937954e-01  3.32766944e-02
  -8.67557056e-01  4.88171217e-01 -9.56487142e-01 -7.09568397e-01
   4.23382354e-01 -9.73984582e-01 -5.24823545e-01 -3.27952220e-01
   6.95727813e-01  3.73200253e-02 -8.35694860e-01  4.88949607e-01
  -1.35845427e-01  8.20659080e-01 -4.53258368e-01  8.59227125e-01
  -1.91523994e-01  6.07121347e-01  2.54664623e-01  4.42296037e-02
   3.47500729e-01  5.34812377e-01 -9.34502410e-01 -1.71633753e-01
  -1.43613163e-01  3.30697614e-01 -3.06602386e-01  7.84143541e-01
  -5.02848712e-01  5.17592361e-01  5.44184343e-01 -2.52033328e-01
  -1.43213532e-01  5.59510905e-01  9.29037321e-01 -8.00065654e-01
   2.30480996e-01  7.62802120e-01 -3.41523023e-01 -3.67045030e-01
  -5.91978094e-01  9.79270556e-01 -6.31651964e-01 -6.77445849e-01
  -1.37066507e-01  9.14481715e-01  8.44970132e-01 -5.32519239e-01
   5.78546807e-01  2.65162527e-01 -3.48171488e-01  3.81055585e-03
  -6.86258481e-01  1.24992230e-01  8.15164787e-01  8.33278269e-01
  -5.25266396e-01 -4.31327228e-01 -5.05363076e-01 -2.98719186e-01
  -7.97877794e-01 -9.77086470e-01  3.59225839e-01  6.81809574e-01
   9.42131196e-01  3.19100873e-01  2.82821522e-01  6.94721138e-01
   8.18411926e-01 -6.46667995e-01  7.04615821e-01  9.58522526e-01
   2.58598774e-01 -3.49522762e-01  8.49976867e-01 -6.82365749e-01
   3.47644741e-01  8.29913837e-01  7.14176686e-01  3.65045419e-01
  -1.33304123e-01  4.37301411e-02  9.65796827e-01 -8.09607198e-01
  -1.24077274e-01 -9.95153823e-01  6.08951616e-02  1.76740629e-01
  -9.82853353e-01 -3.35541560e-01 -3.91000882e-01 -5.80536762e-01
   3.04652999e-01 -3.50730794e-01  3.00047629e-01  7.31712804e-02
   6.57421639e-01 -9.68512956e-01 -6.17505680e-01  6.49440696e-01
  -4.83761443e-02 -1.18653565e-01  9.43975482e-02  1.72942755e-01
  -7.69622026e-01  7.06981394e-01  1.21004365e-01 -4.81586450e-01
   8.87319536e-01  8.41335465e-02 -6.52232549e-01  2.38155400e-01
  -4.99715482e-01  5.48525811e-01  3.85045701e-01  3.92450746e-01
   6.39903672e-01 -1.34536856e-01 -9.26627386e-02 -7.22335010e-01
  -3.44160214e-03  7.91770022e-01  3.73135962e-01 -8.81232295e-01
   1.41067680e-01  8.05233539e-01  8.53213610e-01 -9.27312342e-01
  -8.78015273e-01  9.35597783e-01 -2.96780889e-01 -5.46467980e-01
  -5.78044613e-01  7.83109423e-01 -8.99141005e-01 -8.25707386e-01
  -9.01711911e-01  2.09056250e-01  7.75020432e-01  6.68818307e-01
  -7.36225559e-01 -9.93614361e-01  8.31544347e-02  6.43178442e-01
  -9.52094508e-01  1.96837495e-01 -9.23244061e-01 -6.84986584e-01
  -5.72510207e-01 -6.01445155e-01  4.11967331e-01 -4.95655802e-02
   1.44849925e-01  3.00739800e-01 -8.80979142e-01 -6.81452525e-01
  -8.80090257e-01 -9.95797731e-01  1.59050791e-01  9.55111617e-01
  -3.84590784e-01 -8.41084806e-01  4.97621739e-01 -9.73110436e-01
   9.63147817e-01 -3.64627497e-01 -1.60434754e-01 -6.77588739e-01
   2.02640103e-01  3.89067219e-01  3.76466512e-01 -1.68980718e-02
   9.36842539e-01 -6.82099658e-01  1.00198748e-01 -5.33394040e-01
  -6.30043743e-01  8.92356121e-01 -1.26998542e-01 -8.17628209e-01
   7.15637513e-02 -8.04621430e-01 -2.90998607e-01  1.33534974e-01
  -6.21543218e-01  1.95885676e-01  6.00519492e-01 -1.92832469e-01
  -2.71720163e-01 -7.35276984e-01  1.80601564e-01 -1.63186033e-02
  -1.82862072e-01 -2.92643424e-01  2.47868902e-01 -2.03973623e-01
  -9.34123724e-01  1.36130954e-01  4.43665204e-01 -4.82525758e-01
  -9.90190618e-01 -9.68148904e-01  7.02605312e-01  1.89796030e-01
   9.23570232e-01  3.71257124e-02  2.59541733e-01  7.21136878e-01
   6.74510126e-01  7.29108384e-01 -1.04904643e-01  4.46503017e-02
  -8.60612652e-01 -9.06714715e-01  1.57965774e-01  1.51868646e-01
  -7.99873303e-01  3.19323229e-01  9.15195259e-01 -2.41979888e-01
  -1.78379122e-01  2.73814080e-02  3.69435722e-01  5.10219376e-02
   3.36629801e-01 -3.83014197e-02  2.85928646e-01  3.22119391e-02
  -6.92805431e-01 -2.60035604e-01  7.57429606e-01 -1.21900019e-02
  -6.42724902e-01 -9.60580217e-02  7.02676095e-01  5.09046725e-01
   4.30637670e-01 -8.62114726e-01  7.00556545e-01 -3.23425914e-01
   5.85094287e-01  1.04824387e-01  1.05238742e-01  9.99810033e-01
  -6.99249873e-01 -5.07860038e-01 -8.77601421e-01  2.74558596e-01
   2.71715290e-01 -8.15768699e-01  2.66241423e-01 -9.82463049e-01
   5.98084866e-01  4.32089011e-01  2.18476379e-01  5.57309493e-01
  -6.00293322e-01  9.82719556e-01 -6.97734236e-01 -5.78892828e-01
   6.12045472e-01 -2.34582086e-01  1.54284881e-02  9.76071483e-02
  -1.11512365e-01 -7.10890494e-01 -5.29046142e-01  4.25670376e-03
   2.96258476e-02 -4.58177582e-01 -8.81850783e-01 -5.45496976e-01
   1.84406942e-01  5.87096833e-01 -3.02355877e-01 -2.47296531e-01
   6.86402366e-01 -3.02526772e-01  1.92143134e-01 -7.44360167e-01
   1.36842751e-01 -7.92094937e-01  9.91963207e-01 -6.78332940e-01
  -6.56969336e-01  6.83231307e-01 -9.66011268e-01 -1.73425735e-01
   6.42961562e-01 -1.32717571e-01  8.84667095e-01 -9.22105989e-01
  -7.85336897e-01 -7.50813412e-01 -9.76305775e-01  2.36866445e-01
  -2.26569329e-01 -5.02854872e-01  6.38845488e-01  3.15143908e-01
  -6.68237388e-01  5.59553776e-01 -1.74634953e-01 -8.36468744e-01
   4.62812305e-01  2.49219997e-01 -6.65843806e-01  7.69369184e-01
  -8.12236262e-01 -1.79215645e-01  3.47734721e-01 -8.66924762e-01
  -2.79670742e-01  9.16559483e-01  7.11853835e-01  9.34234294e-01
  -3.03187185e-01 -4.85688236e-01 -3.58684733e-01 -8.63595861e-01
   9.16320400e-01  1.63463376e-01 -5.96448426e-01 -6.75737542e-01
  -7.27909260e-01 -8.29248583e-01 -8.61531551e-01 -1.36847331e-01
  -3.77591543e-01 -8.86933210e-01  7.39265699e-01  7.31603363e-01
   4.52844316e-01  7.00943790e-01  8.93250764e-01  9.40260204e-01
  -5.78388745e-01  6.18372215e-01 -7.96984717e-01 -7.34922106e-01
  -2.23428955e-01 -4.38176156e-01  4.71107501e-01 -7.02965577e-01
  -6.70449711e-02  1.96198900e-01 -4.53124288e-01 -7.57976081e-01
  -5.03295952e-01 -4.72349002e-01 -5.07696005e-01  4.54670781e-01
   8.94218263e-01 -3.75615791e-01  4.76954629e-02  3.75256464e-01
   4.71952893e-01 -8.92077241e-01 -3.71945796e-01 -6.64326669e-01
   9.45858344e-01  7.83593916e-01 -6.54334079e-01  6.29832340e-01
  -3.98255466e-02 -5.49963590e-01 -4.46052750e-01  1.15493576e-01
   4.03644838e-01 -3.05129159e-01  9.16344513e-01  3.64025261e-01
  -3.62058058e-03  5.76674972e-01  8.59472196e-01 -4.78504799e-01
   5.68192813e-02 -7.57708036e-01 -8.41420743e-01 -4.08047553e-01
  -8.10865997e-02 -3.48265270e-01 -6.08815979e-01  1.37075714e-01
  -4.42817115e-02  2.32668284e-01 -6.62259892e-01 -6.79178095e-01
   4.34777540e-01 -4.38799003e-02 -8.14837623e-02 -4.81455416e-01
  -7.69130107e-01  7.14831305e-01  7.42892403e-02  2.74051104e-01
  -7.78777557e-01  4.29022068e-01 -1.81178532e-01  4.18098136e-01
   8.28057120e-01 -6.47935281e-01 -5.64714435e-02 -7.51769026e-02
  -9.00854821e-01  5.32277722e-01 -6.71649841e-01 -4.64534601e-01
   9.04428009e-04  9.82116543e-02  5.21674499e-01  5.76241315e-01]
 [-5.96319348e-02 -3.77844189e-01 -1.78345660e-02  6.64927156e-01
   3.41927158e-01  4.44083845e-01  9.09266754e-02 -6.09389227e-02
   9.21891475e-01 -4.44577966e-01  8.56208889e-01 -8.27270258e-01
  -2.89598756e-01  8.60354109e-02  2.68789190e-01  8.92960356e-01
  -7.14961024e-01  8.51489490e-01  9.69538721e-01 -9.03985911e-01
   8.40717399e-01 -3.00226114e-01 -4.72082615e-02  3.98120306e-01
  -9.12454991e-01 -2.62969339e-01 -3.74499372e-01 -1.91087918e-01
   4.89572892e-01  7.52579545e-01  1.76694234e-01 -5.38157613e-01
  -7.20393421e-01  4.30735778e-01  4.24823183e-01 -8.66406425e-01
  -4.19349678e-01 -1.54952013e-01 -9.59486443e-01  5.62258139e-01
   4.85342691e-01 -3.64785412e-01  4.94719046e-01 -5.04146690e-02
   2.39232005e-01  6.19461492e-01 -5.21170069e-01  4.21642647e-01
  -5.54591168e-01 -3.34093229e-01  5.52178858e-01  2.33807686e-02
  -7.99508054e-01  5.57087132e-01 -1.19952042e-01  7.18317987e-01
   3.73342151e-01 -4.41863659e-01  8.08456447e-02 -3.32622263e-01
  -9.81270360e-01  3.19066653e-01  6.15009981e-01 -7.70421991e-01
  -6.89583542e-01 -3.95181715e-02 -4.84697155e-01 -9.81614461e-01
   1.36651686e-01 -1.10839890e-01 -4.11261840e-01  6.75507850e-01
   6.01035509e-01 -1.40070488e-01 -3.10143850e-01 -6.65745834e-01
  -5.63963553e-01 -8.07284613e-01 -2.40695256e-01  4.93756144e-01
   4.40788668e-01 -6.31879836e-01  5.88740054e-01  2.61326306e-02
  -4.61044469e-01  8.36583676e-01 -9.68296353e-02 -7.91221760e-01
   1.69145595e-01  3.73478560e-01 -2.08444232e-01  7.67288411e-01
   8.49612082e-01  1.84080917e-01 -8.01379520e-01 -9.77153567e-01
  -8.88404091e-01  1.33207694e-01 -9.24661521e-02  4.83265975e-01
  -9.70540519e-02  9.20209721e-02  6.75420582e-01  4.92191825e-02
  -1.71314688e-01 -8.09177193e-01  9.86274440e-01  6.64511425e-01
   3.31253137e-01  2.69705464e-01  5.44129177e-01 -5.08091667e-01
   7.73480742e-01  4.21317038e-01  8.70177426e-01 -3.27474227e-01
  -6.53264482e-01 -3.22306604e-01  1.47549199e-01 -1.57286239e-01
   9.78503542e-01  3.64424797e-01 -5.89761730e-01 -3.75664632e-01
  -3.08577745e-01  3.59173884e-01  7.59283389e-01  3.01181906e-01
  -2.99915444e-01  5.81029525e-01 -7.26821671e-01 -8.03148133e-01
   9.48466098e-01  3.38741052e-02 -1.91319560e-01 -9.92082211e-01
  -6.15948167e-01 -1.93083235e-01  2.49295060e-01  3.07437148e-01
  -9.16241879e-01 -7.26826202e-01 -2.13465771e-01  9.42296976e-01
   4.71556004e-01 -5.12670684e-01 -4.21811794e-01  8.09709956e-01
   2.00481963e-01  2.50379940e-01 -4.15905772e-01  4.60749494e-01
   9.34242914e-01 -4.93906112e-01 -2.43223708e-02  6.72450221e-01
   4.08176486e-01 -1.64207888e-01  2.93647254e-02 -1.46360397e-01
  -7.60479514e-01  2.59202702e-01 -6.48241298e-02  6.34211136e-01
  -6.80205081e-01  8.53067559e-01 -5.84599183e-01  7.71284731e-01
   9.04906376e-01 -6.83291194e-01  1.39173827e-01 -6.09375638e-01
   8.75892041e-01 -2.81592914e-01 -1.10900346e-01 -9.92590322e-01
   1.69818557e-01 -7.45090543e-02 -9.03173135e-01  8.80494717e-01
  -8.55638473e-02 -5.51885154e-01  7.74300496e-01  8.01193078e-01
  -4.33435121e-01 -2.10260311e-02  5.57604565e-01 -5.98840619e-01
   5.54633378e-01  2.17206911e-01 -6.65047081e-02  5.41309223e-01
   3.73690492e-01  3.76701624e-02 -3.51342056e-01  7.57218554e-01
  -8.60250446e-01  5.20023324e-01  3.35560910e-01 -4.84446238e-01
   3.82931098e-01  9.58383423e-01  8.83727132e-02  7.02815389e-01
   1.87607177e-01  9.97234285e-03  8.26602147e-01 -6.54697574e-01
   3.13412109e-01 -4.10436563e-01 -1.65932397e-01 -5.90709214e-01
   4.76280546e-02 -4.90583637e-01 -3.41890167e-01  3.27311005e-01
   2.57099094e-01  5.21398095e-02  2.90391578e-01 -8.59092936e-01
   6.77218276e-01 -4.66231189e-01 -1.87643207e-01 -7.99965286e-01
  -6.89495771e-01 -2.19468702e-01 -2.15791436e-01 -1.80606106e-01
  -1.46360599e-01 -8.68165934e-01  7.27929244e-01  7.58923987e-01
  -8.23998657e-01 -7.68308790e-01  2.25866953e-01 -4.58247081e-01
   7.29262800e-01  6.23553944e-01  9.29956148e-01 -7.79318115e-01
   3.28314573e-01  4.22265158e-01  5.09820674e-01  3.03157785e-01
   8.29942568e-01  8.25279014e-01 -8.85600837e-01 -7.53399403e-01
   4.32429100e-01 -4.10340713e-01 -7.29925059e-01  3.56736059e-01
  -5.59160896e-01 -4.30155151e-01  7.14005903e-01 -3.36607995e-01
   8.61127204e-01  1.98097413e-01  8.62351577e-01 -4.30167652e-01
  -8.64370801e-01  9.67531417e-01  2.05539520e-01 -6.89887632e-01
  -3.65441261e-01 -9.51986755e-02 -9.46111165e-01  2.20870062e-01
  -6.79048531e-01 -8.21317992e-01  4.58985559e-01 -4.97571254e-01
  -7.72130099e-01  3.75197883e-01 -3.75808955e-01 -6.25357735e-01
   4.01109151e-02 -5.79552265e-01 -4.25761303e-01  8.08837738e-01
  -8.52861384e-01  2.28673953e-03 -4.01953278e-01  1.44540678e-01
   8.75871786e-01 -9.20240518e-02  2.15854323e-01  1.74581725e-01
  -6.71404613e-01  2.74678723e-01 -9.84896388e-01  3.66720307e-01
   2.96951936e-01  6.06172003e-01  5.76473673e-01 -3.74848052e-01
   3.34548185e-02  4.30776889e-01  9.89357507e-01  2.39265462e-01
   9.26257215e-02 -2.61514566e-02 -1.99030013e-01  9.62624978e-01
  -4.10987864e-01  8.29818313e-01  9.26775461e-01  9.69852191e-01
  -4.17460563e-01 -6.61416807e-04  7.60635204e-01  1.95042797e-01
  -9.44413652e-01 -1.91816427e-01  5.42425498e-01 -2.03981583e-01
   9.77973830e-01  6.30692938e-01  6.39536316e-01  3.64142797e-01
   5.42367425e-01 -4.19338893e-01  8.00947665e-01 -3.55811859e-01
  -9.97808277e-01 -2.17084187e-01  4.66226392e-01  6.57215044e-01
   7.65107957e-01  5.15796558e-01  6.37494295e-01 -7.63645174e-01
  -3.72962283e-01 -3.65661789e-01  4.31531861e-02 -1.87576144e-01
   1.94785184e-02 -3.69044562e-02  9.65424609e-01  9.17356995e-01
  -5.75317418e-01 -4.55098732e-01  6.71383831e-01 -8.25770569e-01
  -4.11534452e-01 -7.15333134e-01 -2.06754571e-01 -6.50764222e-01
  -9.11923299e-01 -7.86846917e-01  5.35961467e-01 -5.67168471e-01
  -7.39026891e-01  8.43803953e-01  8.02058658e-01 -1.24812384e-01
  -3.49284315e-01  1.56995944e-01  9.47411221e-01 -6.15994627e-01
  -4.14125630e-01  1.53273701e-01  2.00628606e-01 -7.97240826e-01
  -1.45372546e-01 -3.21768749e-01 -1.86710295e-01 -5.16997971e-01
   3.54823385e-01  9.82045849e-01  1.69888776e-01 -4.02513097e-01
   3.60464233e-01  4.23903496e-01 -5.14901535e-01 -9.36553672e-01
   5.86430643e-02  9.66790166e-01 -3.35308333e-01 -5.81406827e-01
   9.66918049e-01 -8.29918852e-02  3.88018828e-01  4.57020529e-01
   1.51158236e-01  6.10105333e-01  3.46544179e-01  9.25005788e-01
   7.50486565e-03  3.05031748e-01 -4.82122732e-01  6.16382954e-01
   8.58460212e-02  6.34821029e-01  9.71924784e-01  6.86528927e-01
  -2.78089012e-01  5.85076370e-01 -2.40082945e-01 -6.32344604e-01
  -3.52813158e-01  7.19347845e-01 -8.35805475e-01  1.62266710e-01
   5.94826653e-02 -6.15332816e-01  9.35845782e-02  6.63152780e-01
   8.79352229e-01  7.55129782e-01  5.10180409e-01 -3.29401469e-01
   7.09358323e-01 -6.22527654e-01  4.71071038e-01  6.89264310e-01
   9.35443479e-01  5.81742109e-01  9.74541382e-01 -2.76834275e-01
   5.65574533e-01 -1.71603926e-01  2.15655998e-04  4.02416923e-01
   5.02524709e-01  8.81064782e-01 -9.19146731e-02 -4.06513061e-01
  -3.61080457e-01 -1.88238384e-02 -3.49700731e-01 -1.89435078e-01
  -2.81253569e-01 -6.54522371e-01  7.41023669e-01 -3.49863578e-01
  -6.36416242e-01 -5.85831956e-01 -3.06705552e-01 -3.36805298e-01
   8.25612308e-01 -8.98532738e-01 -5.51114941e-02 -2.11319490e-01
   1.85199528e-01  3.21236702e-01 -8.19833188e-01 -6.86167607e-01
   1.42349027e-01  9.10522805e-02 -4.55618929e-01  8.18464470e-01
   5.04033528e-01  6.64330847e-01 -7.81500797e-01 -9.12325838e-01
  -8.19275561e-01 -1.25873651e-02 -4.14865199e-01  3.84640651e-01
   2.32562122e-01 -3.18862544e-01  9.01930340e-01  4.14023946e-02
   8.21548073e-01 -6.11133105e-01  5.52110639e-01 -5.70885700e-01
   7.93705296e-01  6.99666899e-01 -7.58503346e-01 -4.80095358e-02
  -7.80554967e-01  1.98576605e-01 -8.09668638e-01 -4.35774741e-01
  -6.89856007e-01  7.56047757e-01  2.90033718e-01  5.09473660e-01
  -4.97050294e-01  2.22882994e-01  3.68307340e-01  9.72376808e-02
   6.19483020e-02 -1.43360313e-02  3.79679227e-01 -9.46639232e-01
  -6.09020716e-01  3.77974926e-02  5.63187889e-01  5.44663481e-01
  -7.59431942e-01 -6.64673553e-01  7.59869985e-01 -8.75580606e-01
   1.76717827e-01  8.98816874e-02  8.52604595e-01 -3.62740931e-01]]