[[-9.12611733e-01  6.27136278e-01  9.59832026e-02  7.30808195e-01
   1.28132754e-01  2.18838420e-01  4.06290741e-02  6.71756726e-01
  -1.00018534e-01 -6.89147170e-01 -8.41190816e-01 -3.58290826e-01
   9.26200382e-01 -4.72566241e-01  6.92951109e-01 -1.01592866e-01
   4.48010371e-01 -8.60406200e-01 -1.62521136e-01 -5.10498810e-01
   8.85338958e-01  9.35182190e-01 -3.39541882e-01  7.14879628e-01
  -4.58201491e-02  3.60418604e-01 -5.02228947e-02 -7.55957887e-01
   5.42982159e-01  2.25809154e-01  4.86784753e-01 -6.51393662e-01
   4.69247122e-02  5.65803393e-01 -4.86648290e-01 -5.64122762e-01
  -7.99624329e-01  5.42725133e-02 -8.20910392e-01  6.21881741e-01
   9.90844254e-01  5.99333477e-01 -3.37741465e-01 -6.43646325e-01
  -5.34945624e-02 -7.79135210e-02 -1.01043260e-01  8.01475364e-01
   5.00598677e-01 -5.00684407e-01  1.22860422e-01 -9.48402108e-01
   1.47193110e-01  5.28306219e-01 -1.10046743e-01 -7.65794038e-01
  -3.07724304e-01  5.11453840e-01 -6.77221653e-01  5.94730931e-01
  -4.97284267e-01  1.62997877e-01  5.05383811e-01 -7.03542544e-01
   6.18399433e-01 -3.88013421e-01 -6.81033563e-01 -9.50598368e-01
  -4.08059898e-01  8.34764080e-02 -5.15394236e-01 -7.35519498e-01
   4.99739838e-02 -4.22155295e-01 -5.03861165e-01  2.04248075e-01
   1.32444318e-01 -9.73298394e-01  6.90199956e-01 -1.33994661e-01
   9.57760174e-02  1.41155860e-01  5.41981414e-01  6.77687601e-01
   1.46609908e-01  7.69287843e-01  4.80483800e-01 -2.18052458e-01
   9.98003656e-01 -6.58411690e-01  6.89652033e-01 -6.30656824e-01
  -3.36681532e-01  1.35581446e-01  3.18862794e-01  1.49976730e-01
  -6.56784635e-01  2.99963718e-02  6.47373373e-02 -4.00366541e-01
  -7.54191783e-01  7.05897427e-01 -1.61609080e-01 -2.43000539e-01
   5.56523902e-01  4.46716032e-01 -8.12924955e-02 -6.54801724e-01
  -7.55885002e-01 -8.96705784e-01  2.33340534e-01 -1.64245628e-01
   3.87240602e-01  7.13151278e-01 -9.54805433e-01  6.41592475e-02
  -6.57555580e-01 -5.81923051e-01 -9.35352946e-01  8.03729814e-02
   7.87324472e-02  3.28560259e-01  8.00410109e-01 -9.01916373e-01
  -7.04400670e-01 -6.58012557e-01  7.08902264e-01 -2.92043654e-01
   9.11759817e-01 -2.80037253e-01 -3.63399341e-01 -2.90546502e-01
  -3.84563323e-01 -9.03303870e-01  5.14456978e-01  6.72240330e-03
  -6.88950537e-02 -3.35231158e-01 -5.65277247e-01 -8.34669159e-01
   9.99798719e-01 -2.99939047e-01 -2.75140449e-01 -4.14727160e-01
   5.27904698e-01  4.41004325e-03 -8.66859183e-01 -6.18294049e-01
  -2.45082101e-01 -8.40703229e-01 -7.81161319e-01  9.11008678e-01
  -1.75617908e-01 -4.17707988e-01 -6.06456748e-01 -9.58938860e-01
   7.84482003e-01  2.62349447e-02  1.84241630e-01 -7.86025804e-03
   7.37647424e-01  7.19777726e-01 -9.92520623e-01  8.36017914e-01
  -8.19754060e-02  1.93469054e-02  8.19106528e-02  7.22904138e-01
  -2.68662932e-02  8.90520412e-01  8.25959564e-01  5.14337394e-02
  -3.33804215e-01  7.48992712e-01 -8.33597462e-01  8.44217852e-01
   8.29513045e-01 -9.38264394e-01 -7.99635359e-01 -6.99649097e-01
   8.89831487e-01 -4.89507004e-01  8.84156530e-01 -5.76012603e-01
  -7.58072847e-01  1.53641686e-01  1.12222933e-01  1.54324034e-01
   2.36118046e-01  9.07015690e-01 -4.58399797e-01 -8.91647495e-01
   3.97354839e-01 -6.31815557e-01 -5.42890094e-01  7.18189562e-01
   8.72212132e-01 -2.52503212e-01  2.27522172e-01 -6.13121943e-01
  -3.24715665e-01  6.34768926e-01  5.70940549e-01 -1.45466211e-02
   3.97358180e-01  7.41999072e-01 -5.44151436e-01  8.76729729e-01
   7.13609111e-01 -1.87405628e-01 -6.56613764e-01 -4.32525238e-01
  -2.00959572e-02  9.44629312e-01  9.04777472e-01 -8.18964886e-01
   9.61332834e-01  6.32077180e-01  2.14397074e-01  7.34803091e-01
  -6.28715281e-01 -1.53353488e-01  3.94728516e-02  5.82244750e-01
  -4.90350008e-01 -5.18841604e-01 -5.91792714e-01  5.27436924e-01
  -9.34994769e-01 -3.68410931e-03  9.27593926e-02 -3.95534200e-01
  -8.75420565e-02 -4.07443633e-01 -6.94573763e-01 -3.97162270e-01
  -8.27587640e-01  5.96792420e-01 -1.42418759e-01  8.47518953e-01
   6.54995821e-01  6.05089518e-01  4.70654317e-01 -3.82704293e-01
   9.78629174e-02  7.96216557e-01  2.58683232e-01 -3.73998044e-02
   4.88626192e-01  2.47861454e-01]
 [ 8.96768858e-01 -3.85039659e-01  4.34247408e-01  5.65683739e-02
   7.01148029e-01  1.48866986e-01 -9.72140665e-01 -5.87898947e-01
  -2.15206178e-01  2.13373595e-01 -1.35726172e-01  6.55566122e-01
  -5.88540190e-01  2.72830884e-01 -2.74457356e-01  9.49657659e-01
   4.27825225e-01  6.00478708e-01  9.98413531e-02  3.78578161e-01
  -1.08411115e-02 -3.66215618e-01  1.97571498e-02 -4.53139805e-01
  -3.12567729e-01 -9.39433299e-01  4.64348958e-01  6.95098640e-01
  -4.70157515e-02  9.18914528e-01 -4.94957598e-01  8.64372950e-01
  -5.66817214e-01 -9.56447976e-01  2.28809313e-02  6.88681960e-01
  -5.42742385e-03 -5.86620229e-01 -4.50014807e-01  2.24441114e-01
  -8.59520889e-01 -5.67305870e-01 -2.27872192e-01 -5.63190732e-01
   6.33360410e-02  2.84216195e-01 -5.09267097e-01  4.56047772e-01
   3.45768420e-01 -9.83655172e-01 -7.29224671e-01  7.72824634e-01
  -5.62619359e-01  8.99631494e-01 -3.79149346e-01 -7.35512883e-03
  -3.49666083e-01  2.51179397e-02 -4.50526643e-01 -5.01965009e-01
  -2.77725839e-01  1.98732856e-01 -4.45747007e-01 -3.54110784e-01
  -1.28895018e-01  1.52486778e-01  9.68715954e-01  1.06388223e-01
  -3.51841916e-01  1.33955379e-01  8.99096453e-01  5.87451530e-01
   7.72122912e-01  6.27704141e-01 -2.71600623e-01  5.90838585e-01
   9.56002238e-02 -8.11186078e-01 -3.54456715e-02  3.75187951e-01
   5.05914268e-01 -2.50869092e-01  7.50752135e-01  9.03909133e-01
  -9.40959543e-01  7.89973930e-01 -1.44505823e-01 -1.97217049e-01
   5.40663044e-01  8.67930846e-01 -3.02847210e-03  2.95683334e-01
   5.83031170e-01 -8.87448745e-01  1.28214004e-01 -7.43182725e-01
   8.69147931e-01  4.53222407e-01  8.18943230e-01  1.82971631e-01
  -6.69751265e-01  4.23211133e-01 -7.61512526e-01 -2.19634424e-01
  -7.34051425e-01 -1.73500425e-01 -9.63599665e-01 -9.46969954e-01
  -2.98277691e-02 -7.07360477e-01 -3.15130702e-01 -5.45935610e-01
  -9.76005313e-01  1.26852230e-01  1.28693864e-01  9.62753973e-01
   3.61372114e-01 -4.48517133e-01 -5.35695605e-01 -6.02965414e-01
  -6.65981596e-01  8.93783708e-01  7.62181632e-01 -5.57032666e-01
   5.47610429e-01 -2.18987105e-01  5.42249088e-01 -6.05724282e-01
  -4.09873961e-01  1.96902815e-01 -1.09300663e-01 -4.30619148e-01
   1.16978376e-01  9.30964294e-01 -6.92766623e-01 -6.34220232e-01
  -9.65718599e-01  7.01266698e-01 -8.94619639e-02 -1.22405388e-01
  -4.65469703e-01  9.04420088e-01  3.42449343e-01  5.03651059e-01
   3.13636860e-02  4.75915852e-01  1.26632333e-01 -6.64867787e-01
  -4.74296761e-01 -7.25392414e-01  1.13251921e-01  3.10026517e-01
  -7.36079472e-01 -5.67720363e-01 -9.40378363e-01 -3.23581300e-01
  -9.74027437e-01 -4.37931142e-01 -3.78976193e-01  6.20303069e-01
  -5.77578139e-02 -7.98238659e-01  3.54987671e-01 -8.61353969e-01
  -4.25025546e-02  9.91825408e-01 -8.50313250e-01 -3.46416679e-01
   8.82208009e-01 -2.06125612e-01 -1.08048122e-01  2.17552469e-01
  -4.04266539e-02 -4.56226681e-01 -3.62961091e-02 -8.61702119e-01
  -6.56460958e-01 -8.32410231e-01  3.62639816e-01  8.02098924e-01
   2.96931455e-01 -9.64214655e-01 -3.66298494e-02  9.50471298e-01
  -2.99896899e-01 -4.28166704e-01  3.85716618e-01 -1.89558985e-01
  -6.92380280e-02  3.58100752e-01 -8.18011203e-01  5.25023277e-01
   2.13151855e-01  2.55704797e-01 -4.85784543e-01 -2.53866544e-01
  -5.39427354e-02  5.26487223e-01  5.94178394e-01  5.16995922e-01
  -7.89968473e-01  5.18410805e-01  9.16399204e-01 -9.79006529e-01
  -7.81346194e-01  7.59903369e-01 -4.13170684e-01  2.24322062e-01
  -7.00917552e-01  1.85274491e-01  6.28147120e-01  1.33440798e-01
   4.24539362e-01  2.64148004e-01 -1.40545679e-02  6.02168538e-01
   8.82789508e-01 -8.89560477e-01  4.89744948e-02 -4.69064822e-01
   6.95767545e-01 -9.34157234e-02  9.76710994e-01  9.82483155e-01
   1.16819534e-01 -4.20198753e-01 -6.26406018e-01  5.31905870e-01
  -2.20801416e-01  5.42335382e-01 -7.76029013e-01 -9.99701792e-02
  -3.58599053e-02 -3.48354113e-01  9.95770012e-01 -2.41108003e-01
  -3.06096895e-01 -6.67862861e-02 -3.03304641e-01 -9.96719948e-01
   1.64334843e-01 -1.91772339e-01  9.72152423e-01 -9.31091061e-01
  -1.76268265e-01 -6.17010893e-02  5.83121369e-01  1.25285285e-01
   5.74637871e-01  2.49273040e-01]
 [ 5.09479510e-01 -7.73382230e-01  2.82550435e-01 -5.17522448e-01
   2.30944195e-01  9.46407160e-01 -6.76985826e-01  3.96024663e-01
  -9.45429767e-02 -3.91558317e-01 -1.26868308e-01 -5.64093103e-01
   2.38272941e-01 -6.56680329e-01 -6.16022502e-02  9.06122091e-03
  -9.24373521e-02  9.00086637e-01  9.97309642e-01  1.66350220e-01
  -9.21184210e-03 -8.22272170e-01  3.01946145e-01 -5.29094075e-03
   9.17714516e-01 -3.06177204e-01  9.22142361e-01 -8.94705892e-01
   4.09090200e-01  7.53676192e-01  7.56824119e-01 -6.54224567e-01
   6.67265169e-01  2.57358436e-01  5.97677181e-01  1.49755394e-01
   5.92871299e-01  9.02586821e-01 -6.83265957e-01 -8.98578276e-01
   4.56978613e-01  8.02763006e-01  5.12057921e-01  5.69934813e-02
  -3.42970354e-01 -2.17932485e-01 -8.83579087e-01  2.43774471e-01
  -5.14772001e-01  8.89422643e-01 -7.89774688e-01  6.20816713e-01
  -2.38273376e-01 -2.29742613e-02  5.37305858e-02 -2.31570406e-02
  -4.45379061e-01  9.06662064e-01 -9.84321910e-01 -7.03551054e-01
  -5.83032080e-02  1.24069182e-01  6.80946343e-01 -4.17971719e-01
   8.21092427e-01 -6.93752983e-01  8.76743417e-01  8.47482431e-01
  -8.36611328e-02 -3.87449361e-01 -7.20157200e-01 -9.60033333e-01
  -3.16851194e-02 -2.63666663e-01  4.18179697e-01  6.62586852e-01
  -4.23680093e-01  3.04060776e-02 -3.09276417e-01  7.34860127e-01
  -1.59936063e-01 -3.92950105e-01  8.41602584e-01 -8.89182020e-01
  -9.03183052e-01  7.55242231e-01  5.81497678e-01  9.59598972e-01
   8.91199464e-01 -1.46201376e-01  7.07882088e-01 -8.92699996e-01
  -7.37335107e-01  2.82245413e-01 -2.98746917e-01  5.49600709e-01
   2.80613383e-01  9.45042319e-01 -7.03437241e-01  2.06559032e-01
   3.34522260e-01 -2.23802980e-01 -4.90441213e-01  1.32851782e-03
  -3.39137595e-01  9.99496606e-01 -4.25421937e-01  3.22857473e-01
   3.72633655e-01  5.25973534e-01 -4.66623281e-01 -9.20783313e-01
   5.96196411e-01 -9.05538554e-01  4.09617006e-01 -8.54349725e-02
   3.40613983e-01 -2.30776994e-01 -6.34391505e-01 -8.81238686e-02
  -5.86455488e-01  5.74589526e-01  4.19130714e-01 -8.51768570e-01
   8.57557259e-01  5.66257380e-01 -5.19492848e-03  2.27057883e-01
   2.78322831e-01 -4.43123378e-01  1.14479281e-01 -7.76334716e-01
  -9.23274755e-01  9.07794462e-01 -7.32445551e-01  5.98896078e-01
   2.97712220e-01  6.96944783e-01 -9.74927762e-01  1.65390593e-02
   3.18444554e-01 -9.49874950e-01  8.14691121e-02  2.57809189e-01
   3.16412460e-01  4.13208931e-01  4.45450882e-01  7.79791226e-01
  -1.46121687e-01 -3.77767632e-01  8.77594090e-01  3.68678176e-01
   2.95680053e-01 -4.93576548e-01  3.95319058e-02  9.30642611e-01
   1.24790486e-01  3.33005360e-01 -9.34031066e-01 -5.88970443e-01
  -8.52822212e-01  4.11423045e-01 -5.31517252e-01  2.77742659e-01
   5.40187112e-03 -3.77346507e-01  7.52579734e-01  4.46505618e-01
   3.23174411e-01 -3.40389057e-01  8.77184530e-01 -4.79667750e-01
   9.27157086e-01  3.06883735e-01  3.11678089e-01 -3.28178552e-01
   7.49703734e-01 -7.59066420e-01 -6.17419327e-01  4.55995414e-01
  -2.85547175e-01 -7.03280092e-01 -4.10310956e-01  1.23641961e-01
   9.71482928e-01  6.44502973e-02 -2.47879754e-01  6.26157043e-01
  -5.61374906e-01 -1.41972961e-01 -6.10310128e-01  4.83168417e-01
  -4.65556009e-01  6.13168161e-01  4.21955071e-01 -1.96143698e-01
  -5.98716426e-01 -2.46969295e-01  2.15726718e-01  2.98453774e-01
   2.27612409e-01 -2.12704914e-01 -6.90613533e-01 -5.42307336e-01
   2.89760894e-01 -7.92849510e-01 -5.24817904e-01 -2.50670523e-02
   7.47992662e-02 -3.64130304e-01 -1.97478145e-01  6.36659135e-01
  -3.33244007e-01 -2.42904895e-01  7.37336281e-02  1.72588544e-02
  -2.86760875e-02 -1.79485387e-01 -8.97359899e-01  6.04229359e-01
  -1.46952841e-01 -2.65820541e-01 -4.25269740e-01 -2.26627262e-01
   4.39428383e-01 -7.71658821e-01  6.90937325e-01  7.80168789e-01
  -4.58611348e-01  4.20418723e-01 -8.16189052e-01 -8.40149212e-01
   8.62380220e-01 -5.00136956e-01  4.22259317e-01  3.59486756e-01
  -5.21176760e-01  8.40019964e-01 -2.12850375e-01 -4.88752798e-01
  -6.31758980e-01 -9.59482656e-01 -5.20406517e-02 -4.18024915e-01
   7.81412765e-01  8.54071032e-01  5.18673366e-01 -4.12607876e-01
   2.43124016e-01 -4.99615636e-01]
 [-8.18025230e-01 -2.26497499e-01  5.03866753e-01 -7.19660091e-01
   9.65779434e-01 -7.30618065e-01  9.58099591e-02  9.46325266e-01
  -6.18382798e-01 -9.13045514e-01  1.86305858e-01 -5.81781861e-01
   5.80935913e-01  8.61218874e-01  1.56665100e-01  8.40138520e-03
  -1.67306769e-01 -3.56285407e-01  2.11907548e-01 -5.88392946e-01
  -3.09460844e-01  5.52847199e-01  6.50272063e-01 -1.27484623e-01
   3.11200841e-01 -8.28309612e-01  6.62534732e-04  9.65444283e-01
   6.13194776e-01 -9.11271480e-02  1.92093513e-02  9.55952917e-01
   3.28852388e-01  1.38412443e-01  1.07038164e-01  2.45873595e-01
  -8.69134908e-01 -9.10301337e-01 -3.17723153e-02  5.67382350e-01
   1.08089188e-01  5.97157110e-01  4.76381007e-01  8.26078432e-01
  -5.69002845e-01 -2.76459504e-01 -8.31088301e-01  9.23725632e-01
  -6.96093151e-01 -8.33414106e-01  8.53957098e-01  9.31758234e-01
   7.97799254e-01  9.92806444e-01 -4.18020607e-01 -9.63991324e-02
   7.28123271e-01  8.80511684e-01 -2.34019856e-01  7.64028819e-01
   8.24380767e-01  6.43510942e-01 -7.86828725e-01 -2.27723505e-01
   9.97684992e-01  9.98685550e-01  7.22178057e-01 -2.42456377e-01
  -9.76290994e-02  7.03666717e-01  9.26213617e-01  8.43950274e-01
   4.65423766e-01 -6.14968065e-01  7.29359170e-01 -2.91634467e-03
  -9.70713788e-01 -4.37274127e-02  3.57511562e-01  9.58613125e-01
  -4.08909201e-01  4.59194438e-01  5.56732297e-01  2.74709613e-01
   2.60794495e-01 -9.98450378e-01  4.61468056e-01  2.18168427e-01
   4.68192506e-01  1.69517839e-01  8.56056968e-01 -7.35841264e-01
  -9.08828738e-01 -1.12472073e-01 -8.69040400e-01 -7.14187352e-01
   9.68837515e-01 -7.07785916e-01  2.90431499e-01 -4.03290016e-01
   2.79903346e-01  1.39539248e-01 -1.28495071e-01 -4.87878303e-01
  -2.34096946e-01 -3.97346924e-01  2.03124753e-01  3.39684759e-01
   5.40568853e-01 -7.83424119e-01  8.15817332e-01  9.69566836e-01
   2.66962184e-02 -3.80513481e-02 -8.27043128e-01  6.40746005e-01
  -7.61452055e-01 -5.20141227e-01  5.05426040e-01  4.10580997e-01
   1.74030845e-01  1.01231937e-01 -2.39814736e-01  3.29048257e-01
   8.90227967e-01  5.46282572e-01  2.24544403e-02  8.15636457e-01
   6.10056835e-01 -4.67832638e-01  7.59786959e-01  2.47298763e-01
  -6.40584894e-01  1.52993748e-01 -3.74521169e-01 -9.89302706e-01
  -3.09843650e-01 -8.92294441e-01  9.74885325e-01  3.08141576e-01
   5.02932306e-01 -1.88848893e-01 -8.38316423e-01 -4.66565489e-01
  -4.04927076e-01 -7.97092072e-01  4.45921393e-01  1.26379850e-01
  -6.85284338e-01 -8.01320400e-01  5.01183850e-01 -3.46978783e-01
   2.98039785e-01  5.66027007e-01  7.84727518e-01  3.45601858e-01
  -6.62415310e-01  5.86484583e-01 -6.36289496e-01 -5.85208237e-01
  -8.20489539e-01  9.25831720e-01  7.91996704e-01 -2.07634901e-01
   1.77323823e-01  6.27249001e-01 -7.97606516e-01  5.01188897e-01
  -8.99260850e-01 -9.09974088e-01 -5.81413162e-01  5.57490077e-01
  -2.75886569e-02  9.24166944e-01  9.14566556e-01 -4.69083721e-01
   1.23859739e-01 -1.09702888e-01  3.88796649e-02 -7.74173527e-01
   1.99511978e-02  6.10624075e-01  8.38528778e-01  4.43035821e-01
   9.18547471e-01  4.65705701e-01  8.45385926e-01  8.18468835e-02
   7.65278484e-01  1.47707237e-01 -3.30026165e-01 -5.11928722e-01
   1.07454473e-01 -2.68097577e-01 -8.23611655e-01 -5.66270342e-01
   2.89318017e-01 -2.51397601e-01 -8.93028730e-01  4.89168450e-01
   5.50639891e-01  8.77879641e-01  6.24459158e-02  9.98973158e-01
   5.29965617e-01 -9.60227506e-01 -9.81416000e-01 -4.99620790e-01
   1.09006688e-01 -1.34990154e-01  4.97692857e-02 -6.12055799e-01
   4.01578776e-01  1.01098913e-01  7.09722694e-01 -5.49249152e-01
   6.76274819e-01 -5.68515908e-01 -8.03604572e-01 -5.23216636e-01
   5.61211093e-01 -7.00426271e-01 -1.91293687e-01 -5.63866838e-01
  -3.36807165e-01  9.82104688e-01 -5.38739348e-01  2.29659262e-01
   4.77691589e-01  1.33423852e-01 -8.18166869e-01 -8.99255097e-01
  -3.65752170e-01 -7.16086552e-01  8.23166247e-01  4.58427403e-01
  -7.65422191e-01  3.07383295e-01  6.44285751e-01 -4.68240205e-01
   5.16710901e-01 -3.08114532e-01  9.39021339e-01  7.91902165e-01
   3.88221337e-01 -9.60182417e-01 -4.42579747e-01 -4.75738240e-01
   2.76121825e-01 -1.21224475e-01]
 [-6.63376449e-01 -4.37217625e-01 -4.78897279e-01  6.80860036e-01
  -2.27268348e-01  9.95843228e-02 -1.72291952e-01 -9.70488643e-01
   9.30331845e-01  2.25418551e-01  8.79714359e-01  9.06219848e-01
  -6.93398810e-01 -9.35823229e-01 -2.17784075e-01 -3.26104021e-01
   8.95654645e-01 -8.83961835e-01  1.94034419e-01  6.37086774e-01
  -5.92248358e-01  2.58355620e-02 -1.03761586e-01  7.01203030e-01
   1.31969114e-01 -3.86256704e-01  5.01020491e-01  5.15074468e-02
  -5.77702068e-01 -9.80652713e-01 -6.77236912e-01 -5.83543805e-01
   7.96001299e-01  3.73509663e-01 -9.59375322e-01  3.53556703e-01
  -4.50705326e-01  7.23526378e-01 -9.52111065e-01 -6.56725916e-02
  -5.13668948e-01 -6.60771939e-01  7.51674608e-01  4.88342500e-01
  -9.93627505e-01 -8.13737937e-01  7.67885559e-01  7.54709748e-01
  -4.82870474e-01  3.10383282e-02  8.58390563e-01 -7.27540977e-01
   7.43106012e-01 -7.94277551e-01 -5.16348128e-01  3.77092677e-01
  -4.38170032e-02  7.60287506e-01  6.22088122e-01  7.22003526e-01
   4.52257813e-01  3.37072487e-01 -6.83267108e-02  5.49237215e-01
  -1.69474265e-01  9.43642020e-01  8.88068933e-01 -8.30616493e-01
   3.38501215e-01  9.09540289e-01 -7.71004834e-01  8.82017365e-01
  -6.66525225e-02  8.76682019e-01 -4.99265776e-02 -3.43960511e-01
  -4.39619879e-01  8.54735201e-01 -8.29514429e-03  4.82683434e-01
   8.98856472e-01  4.14975629e-01 -3.47154905e-01  5.28799766e-01
  -3.77005256e-01  3.98542039e-03 -4.92204901e-01  1.63381281e-01
  -4.11579317e-01  3.83583596e-01 -8.57457438e-01  6.35023681e-01
   9.09631768e-01 -6.81186843e-01  2.41725587e-01  7.76603412e-01
   2.20870163e-01  3.21099595e-01 -8.72643972e-01 -9.78789836e-02
   4.08342330e-01 -3.51105216e-01  9.93897964e-01 -3.47948478e-01
  -3.74810991e-01 -8.60618554e-01 -6.77265838e-01  3.13718644e-01
  -6.41859452e-01 -7.79201441e-01 -8.90866562e-01 -7.71708937e-01
  -6.02486269e-02 -5.91713698e-01  5.71897869e-01 -5.50044210e-01
   9.59365209e-01  2.76859201e-01  5.53952472e-01  1.92121546e-02
  -4.09610884e-01  5.49777218e-01 -7.67694703e-01 -9.38080966e-01
   1.26405090e-01 -8.14103545e-01 -9.92791958e-01  3.25154449e-01
  -8.79034828e-01  8.10257316e-01 -3.58814692e-01  8.46327613e-01
  -9.68573023e-01 -4.17709046e-01 -5.72719292e-01 -4.18801608e-01
   3.04983102e-01  8.01256644e-01 -1.49887241e-01 -5.12964123e-02
   3.40248920e-01  6.43873371e-01 -3.81119893e-01 -8.80881886e-01
   6.67978154e-01  1.25998656e-01  6.79195585e-01 -8.20290662e-01
  -1.92703431e-01 -4.56608045e-02 -2.23276374e-01 -8.98563332e-01
  -8.96352474e-02  3.37901063e-01  3.75250010e-01  2.51502193e-01
   7.12777030e-01  9.78087790e-01 -7.24104385e-02  5.46027530e-01
   5.55515123e-01  2.25941475e-02  7.74884496e-01  2.37511752e-01
  -9.68844727e-01 -6.25554998e-01  6.17155584e-01  9.49201587e-01
  -2.18912993e-01  8.03358415e-02  5.33739703e-01 -4.50132639e-01
   7.23662899e-01 -9.56732654e-01 -6.25991221e-01 -9.61358637e-01
  -9.48219181e-02 -9.89661924e-01 -8.19115661e-01 -9.42569042e-01
   8.36058067e-01  8.80608193e-01  7.31090823e-01  8.98144203e-01
   9.85132997e-01 -5.10165405e-02 -4.55051691e-01 -6.89421572e-01
   5.24132308e-01  2.92967502e-01 -6.68848466e-01  9.27650831e-01
   6.39652067e-01  7.63801758e-01 -2.00403282e-01  7.22297577e-01
   3.10190053e-01 -4.80261533e-01 -7.12951114e-01 -5.32623091e-01
   1.29411635e-01  3.39372837e-01  5.34261261e-01 -1.42813682e-01
   2.09442588e-01  1.85764129e-01 -6.87837958e-01 -5.29700892e-01
   9.99846597e-01  9.05725167e-01 -9.19048428e-01 -4.68786933e-01
   7.96109003e-01  9.34408323e-01 -5.44565689e-01 -7.47945315e-01
  -8.15940645e-01  9.04578212e-01 -4.01172628e-01 -2.77269119e-01
  -2.01981003e-01 -3.80174226e-01 -9.39510937e-01  3.81172508e-01
  -6.18008564e-01 -6.98514893e-01  7.63462529e-01  4.87895762e-01
  -1.80726855e-01  1.66752369e-01 -7.35814983e-01 -2.40439866e-01
   4.48943703e-01 -6.32068505e-01  7.45104504e-01 -4.44627088e-01
  -1.79940954e-01 -2.84225000e-01 -9.64653290e-01  5.25620572e-01
  -2.74212967e-01 -6.19775983e-01  9.80525317e-01 -7.07276819e-01
   6.60613866e-02  5.15465650e-01  9.03504418e-01 -2.53174490e-01
  -3.78343935e-01  6.74917796e-01]
 [ 9.18458400e-01  8.65356601e-01 -9.38842299e-01 -3.44641094e-01
  -2.94777909e-01  8.69689748e-01 -7.93965238e-01 -2.05532083e-01
   3.20868774e-01  1.98291774e-01 -9.32135687e-01  3.79706166e-01
  -1.31598949e-01  1.50057141e-01  7.30316773e-01 -9.08490080e-01
  -6.58549813e-01 -2.38913188e-01 -5.99560064e-01 -6.77869529e-01
   1.66425986e-02  5.96520713e-01 -7.68238055e-01  2.66296437e-01
   6.53356723e-01 -8.89673708e-01  4.17938966e-01 -1.39965588e-02
  -9.91730299e-01  9.66753280e-01  8.36106568e-01  1.90614443e-01
  -3.47791851e-01  8.81484266e-01 -5.86821761e-01  8.54159882e-01
   7.69687297e-02 -3.72248419e-01  5.99876254e-01 -1.18553538e-01
  -7.59359296e-01  5.88508111e-01  3.47084072e-01  5.46473675e-01
   5.93708837e-01 -3.66534958e-01  8.45183819e-01  9.55835836e-01
   2.01894394e-01 -8.73092918e-01 -8.86663479e-01 -7.53501563e-01
  -6.08983811e-01  7.37510343e-01 -4.25280352e-01  5.00059416e-01
  -2.36788649e-01 -8.43981146e-01 -9.64204798e-01 -5.41093299e-01
   1.94191166e-04  5.74314116e-01 -2.45566344e-01  9.01431265e-01
   8.59654890e-01  2.80427993e-01  5.45517597e-01 -8.66053021e-01
   3.46169189e-01  1.48201433e-01  6.40918794e-01  7.17384014e-01
  -6.88499642e-01  2.49044552e-01  4.57031472e-01 -3.40865984e-02
   8.52445616e-01 -9.57777912e-02 -2.26368774e-01  8.04360199e-02
  -3.36698882e-01  2.79534607e-01  3.76782114e-01  4.15175415e-01
   6.12354418e-01  6.65166872e-01  4.53012855e-01 -8.25133083e-01
  -2.93240000e-01 -3.80931592e-02 -6.13592155e-01 -2.79524694e-01
  -5.09791488e-01 -9.39393601e-01  7.36813158e-02  2.55044240e-01
  -4.07309432e-01 -1.89466182e-01 -7.85919519e-01  6.69379370e-01
  -5.28319211e-01 -8.21168141e-01  8.13508998e-01 -9.06337637e-01
  -1.98737628e-03  4.83580519e-01  1.12967786e-01  6.37169624e-01
  -7.10162072e-01 -3.16562823e-01 -5.22700992e-01  4.96583443e-01
  -2.04589443e-01  6.90850624e-01  2.30168696e-01 -2.01332067e-01
   2.56637302e-01 -1.08271288e-01  7.25895841e-01 -9.27771726e-01
  -4.49754204e-02 -2.68712533e-01  6.17737203e-01  3.10984700e-01
   6.88268194e-02 -5.10581051e-01  7.18438297e-03  4.45776207e-01
  -4.23698988e-01  7.03722630e-01 -1.75136273e-01  3.09011095e-02
   7.12179275e-01  9.68502958e-01  6.37523964e-01 -2.37713584e-01
  -4.78573512e-01  3.07553706e-01 -1.89103924e-01 -5.62236648e-01
   7.85730543e-01 -3.81758031e-01 -6.70779370e-02 -2.85293635e-01
  -4.70583906e-01  8.53950665e-01  4.80457131e-01  5.95559193e-01
   4.36740061e-01  3.54753737e-01  4.22845775e-01 -7.33917215e-01
   3.46669708e-01 -3.94158066e-01  4.28195550e-01 -7.12370482e-01
  -8.25562362e-01  9.67091549e-01  7.94539828e-01  6.08876164e-02
   7.10113344e-01 -1.87161828e-01  1.48629967e-01  9.98116338e-03
   8.63900586e-01  7.54067498e-01 -4.72460290e-01  6.21801002e-01
   8.35072075e-01  3.09912829e-01 -4.28272772e-01  7.43087928e-01
  -6.70069427e-01  3.36526916e-01  4.33436276e-01  6.02537095e-01
   7.90549934e-01 -1.73541344e-01 -7.51732840e-01 -5.76842981e-01
  -4.39722627e-01  8.82323651e-01 -5.60447653e-01 -4.81173724e-01
   5.86870849e-01  5.19011137e-01  2.52501643e-01 -7.61509079e-01
  -9.27760631e-01  9.65719156e-01 -6.27319256e-01  3.55461042e-01
   1.76859797e-01  6.22227763e-01  7.62738771e-02  2.14525407e-01
  -8.42604126e-01  7.39156311e-01 -5.33915991e-01  7.58539554e-01
  -1.79247183e-01  7.79922931e-01 -6.13816125e-01  3.70369391e-01
  -8.30151028e-01  4.24003116e-02  1.10224260e-01 -2.31355587e-01
   7.75117476e-01 -1.34352185e-01 -1.92305268e-01 -9.56096702e-01
  -1.71735539e-02  8.71470829e-01  7.04315936e-01 -5.30037982e-02
  -2.57374245e-01  8.27260337e-01  6.68941712e-01  8.08654730e-01
   3.26412333e-02  2.80045739e-01  4.89424949e-01 -3.49912618e-01
  -1.40696438e-02 -6.48130157e-02  5.63307739e-01 -5.33457201e-01
  -7.23019921e-01 -3.27415991e-01  1.20491502e-01  7.73393201e-01
   7.30372265e-01 -5.67861757e-03  6.09149711e-02 -5.16803087e-01
   8.80885717e-01  2.84101924e-01  5.96148703e-01  2.16006283e-01
   1.67452104e-01 -5.19940569e-01  2.72303096e-02  7.78767991e-01
   7.68055635e-01 -3.97304488e-01  2.82072193e-01 -5.41562651e-01
  -9.07607092e-03  5.85325869e-01]]