[[-9.16452380e-02  6.02528301e-02 -4.74694240e-02 -1.04764155e-01
  -9.09528760e-02  1.01154016e-02  9.88402899e-02 -7.74639416e-02
   1.01926891e-01  5.73415222e-02  1.52147203e-02  1.43148066e-02
   3.43727965e-03  1.56220517e-02  7.11284899e-02 -2.12940227e-03
  -8.87615035e-02 -8.49669232e-02 -5.87273450e-03 -4.68008702e-02
   8.57701177e-02  1.33742742e-03  5.34212109e-02 -6.37152249e-02
   6.46110340e-02  3.83088186e-03  8.03877520e-03 -8.49702045e-03
   6.35260712e-02 -8.78941523e-02  6.20423714e-02  7.89696412e-02
   1.60264840e-02 -4.84077339e-02 -2.53911549e-03 -7.99311178e-02
  -1.26435789e-02 -6.07986685e-02 -4.96937187e-02 -1.01798735e-01
   7.79844604e-02 -9.51955612e-02  8.70117680e-02  5.79943481e-02
   9.41905442e-02  9.26140513e-02  8.94277340e-03  3.66788335e-02
   1.04749081e-01  8.30637326e-02  7.34964071e-02  2.16567679e-02
   4.16808869e-02  9.44012610e-02  8.10112549e-02  5.23282523e-02
   9.44061854e-03  6.70972223e-02 -5.73892665e-02  9.78488980e-02
   8.84465751e-02  6.25346075e-02  3.18603832e-02 -6.12951238e-02
  -3.92677504e-02 -9.34136161e-02 -2.66155177e-02  1.02597363e-01
   3.82032780e-02  7.98159110e-02  6.45824425e-03 -4.63665257e-02
  -4.95766891e-02  1.05079657e-01  1.01166189e-01  6.28999980e-02
   2.71775594e-02 -4.68121856e-02  5.18021453e-02 -6.63351649e-02
   7.27489677e-02 -2.18157851e-02 -4.58961372e-02  1.93833206e-03
   1.03987441e-01 -1.12749735e-02  8.06484608e-03  1.84735670e-02
  -6.32405491e-02 -4.23022507e-04  1.05037606e-01  7.75495090e-02
  -8.25413263e-02 -8.89240261e-02 -1.03325168e-01  6.92133439e-02
   2.82118633e-02 -5.87552056e-02  7.41025755e-03  1.84507159e-02
   9.89745117e-02 -6.71013017e-02 -5.50595673e-02  7.63284773e-02
   1.85865730e-02  7.91663523e-02 -2.77338212e-02 -9.84532751e-04
   3.58423067e-03 -1.64742204e-02  1.80885942e-03 -9.64114697e-02
  -9.75112172e-02  5.06729707e-02  6.77887605e-02  1.26381291e-02
   3.14053877e-02 -1.30231359e-02  7.70465398e-02  1.03216512e-01
   7.38264235e-04 -3.24292773e-02  6.28324051e-02 -7.20595703e-03
  -3.61593367e-02  8.35626796e-02  9.07841359e-02  1.01237955e-01
  -2.36606400e-02 -7.44539573e-02  2.79843964e-02 -4.41615297e-02
  -2.31707412e-02 -4.95685003e-02 -7.90401647e-02  3.50378520e-02
  -1.06172286e-01 -9.55933381e-02 -4.17757040e-02 -8.52536879e-02
   9.51793371e-02 -3.97495355e-02 -6.41532917e-02  4.60105928e-02
   7.35979241e-02  5.63705521e-02 -8.57060401e-03 -8.20925988e-02
  -3.93369519e-02 -6.89892239e-02  3.01588784e-02  7.43333601e-02
   2.10145671e-02 -8.57972964e-02 -4.26931641e-02 -3.33113210e-02
   1.46047636e-02  9.40944544e-02 -1.03187805e-01  1.78817806e-03
  -3.87186187e-03  6.27432738e-02 -8.30830763e-02  8.95829588e-02
   4.92999256e-03 -3.84028981e-02 -1.01875204e-01  9.65507925e-02
  -4.41891885e-02  6.82604438e-02  3.17417124e-02 -6.17969154e-03
   7.61896470e-02 -1.04361521e-01  9.80380541e-02 -6.44704368e-02
   2.57539543e-02 -4.66220741e-02  9.70181065e-02  7.55744754e-02
  -1.94535722e-02 -8.01162879e-02  1.71050956e-02 -2.55590557e-02
   1.23214573e-02  3.22499836e-02 -5.53244446e-02 -2.46265427e-02
   4.46109164e-02  4.57615476e-02  1.44762117e-02  7.08084638e-02
  -5.95023325e-02  9.59476357e-02 -1.92504936e-02 -8.34840856e-03
   9.71357908e-02 -1.41708266e-02  8.79329836e-02  5.16667857e-02
   3.36116184e-02  8.92986732e-02 -7.36706512e-02  2.88045963e-02
   2.29064820e-03 -8.46170633e-02  6.08705120e-02 -8.61618563e-02
  -4.37188614e-02  1.64963352e-02 -1.02269670e-01  9.83175455e-02
  -4.37114418e-02  1.00507535e-01 -2.62611155e-02 -6.69936503e-02
   4.64792135e-02  7.08410109e-02  3.48230902e-02 -1.05460342e-02
   5.95505581e-02 -5.01427392e-02  8.05919141e-02 -9.73403347e-02
  -2.13468750e-02  1.04831532e-01  7.08924405e-02  2.36550100e-02
   2.47203511e-02  8.17413867e-02 -7.57427155e-02  4.31314260e-02
  -1.54884844e-02  5.15495571e-02 -5.76295737e-02 -8.17278189e-02
   5.04861688e-02 -8.64720005e-02  6.31471814e-02 -7.27287528e-03
  -9.41464406e-02  3.54318517e-02 -6.98446423e-02  3.03479947e-02
  -8.99646032e-02  4.31540689e-02  7.33887495e-02 -4.20141042e-02
  -1.07602214e-02 -5.50055425e-02]
 [ 9.39166465e-02 -4.61870610e-02 -7.95249123e-02 -6.61098321e-02
   6.04882079e-02  8.18438261e-02 -3.94530834e-02  1.12629108e-01
  -3.98356780e-02 -4.31912513e-02 -7.26422705e-02  9.77899634e-02
  -1.00072278e-01 -2.67918073e-02  9.81085279e-02 -1.87233760e-02
   7.54395463e-02  4.17237985e-03 -9.20286925e-02 -3.00954970e-02
   5.95828802e-02 -3.68705168e-02 -8.52116604e-02  1.51481266e-02
   7.91094137e-02  1.62950697e-02  7.58019910e-02  6.69244844e-02
  -5.94126640e-02  9.44549682e-02  7.36533395e-02 -3.14775198e-02
   8.31446484e-02 -1.75555403e-02 -3.51362413e-02  1.14622403e-01
   7.81282847e-02 -4.22987807e-02 -7.46068277e-02  6.91620180e-03
   5.32032190e-02  3.49753319e-02  7.39647935e-02  7.34998114e-02
   1.32453208e-02 -9.79145125e-03 -3.02790002e-02 -1.13077731e-01
   1.00127249e-02 -4.73729079e-04  5.05849326e-02 -7.86040909e-02
   8.39746813e-02  9.09080438e-02  1.94931960e-02 -1.13112752e-01
   2.26205803e-02  8.86856036e-02 -5.11465601e-02  3.09679266e-02
   6.36877367e-02 -1.17918249e-01  7.54199261e-02  3.98840817e-02
  -5.73243778e-02 -1.46234360e-02 -5.28076323e-02  9.52372903e-02
  -8.72779989e-02  8.30091948e-02 -5.47586407e-02  4.14083151e-02
   1.03307420e-01 -5.43220107e-03 -4.49028230e-03  7.75311468e-02
  -1.03247733e-01 -3.88674030e-02 -1.25397180e-02  3.79056029e-02
   1.53171438e-02 -7.44535705e-02  5.69694986e-02 -3.12864164e-02
  -9.97943133e-02  4.23231159e-02  8.82389927e-02  9.86412916e-02
  -6.01599995e-02 -1.01256656e-01  8.64174071e-02  4.50727623e-02
  -6.40557054e-02  7.04033059e-02 -5.84998155e-02 -1.28852063e-02
  -2.18196109e-02 -7.25995840e-02  6.60853295e-02 -4.70690690e-02
   6.51681135e-02  1.03196398e-01 -5.07128514e-02  5.09047274e-02
  -7.77415143e-03  4.99194038e-02 -5.46532973e-02 -4.22215572e-02
  -7.29169906e-02  1.12208776e-02 -1.17695996e-03 -6.25806356e-02
   6.87222449e-02  4.10973921e-02 -8.81094617e-02  4.56312876e-02
  -3.65706186e-02 -1.05021214e-01  3.65277196e-02 -2.69529218e-02
  -9.20987476e-03 -9.71635888e-02 -5.39003784e-02 -4.60780699e-02
  -4.10209425e-02 -2.83719408e-02 -5.07607884e-02 -5.16366579e-03
  -1.67085131e-02 -9.56368104e-02 -5.06202397e-02  2.52435845e-02
  -3.04044308e-02 -6.39888915e-03 -8.17139301e-02 -8.48335377e-02
   1.16885624e-02 -3.44179310e-02  2.35377712e-02 -1.46855772e-02
   1.31994119e-02 -7.58891880e-02  1.02395490e-01 -8.61794138e-02
  -6.93175953e-02 -8.16212285e-02  9.77538926e-02 -2.88387857e-02
   4.86252256e-02  8.85789469e-03 -6.11953539e-02  8.73021956e-02
  -6.47557458e-02 -1.92807527e-03 -1.65784913e-03  9.20378279e-02
   8.17247329e-03 -1.21922184e-02  4.14057335e-02  8.45451096e-02
  -2.69531101e-02 -1.83495237e-02 -8.11163099e-02 -4.72362052e-02
  -9.99876760e-02 -2.13335327e-02 -1.35616365e-02 -2.68801098e-02
   9.71721101e-02 -2.87822973e-02 -1.05132197e-01  3.32175936e-02
  -2.34570883e-02 -9.00646095e-02 -2.89806487e-02 -9.31924076e-02
  -1.00267352e-01  6.03968704e-02  5.00811914e-02  2.53273455e-02
   3.44944191e-02 -5.50526408e-02 -4.33182457e-02  7.14269436e-02
  -5.58495405e-02 -3.87893621e-02  8.86214552e-03 -7.07406841e-02
  -7.84909386e-02  4.34753490e-02 -8.08490729e-02 -7.83006079e-02
  -6.26849963e-02  8.65150866e-02  2.98916565e-02 -1.06572859e-01
  -1.63192660e-02  2.57306205e-02 -2.36011846e-02 -8.71014047e-02
  -9.85566565e-02 -3.45028413e-02 -3.11869415e-02 -1.00835812e-01
   1.09071420e-02 -4.07427073e-02 -8.83200323e-02  3.51178052e-02
  -2.39369647e-02 -4.97478927e-02 -7.65906074e-02  2.03366291e-02
  -9.33165740e-02 -6.89161626e-02  1.08544173e-01  4.40391930e-02
   1.01435751e-01  4.39711073e-02 -5.71333149e-02  3.79401707e-02
  -6.17297313e-02 -7.54810719e-02  6.62887275e-02 -3.90981024e-02
   9.82638866e-02  1.05858563e-02  7.19542140e-02  1.24815679e-02
   2.02945132e-02 -1.18683834e-01 -1.74639755e-02 -3.66616537e-02
  -2.06022406e-04 -1.08874047e-01  2.45220951e-02 -4.90094819e-02
   7.31784927e-02 -8.26993275e-02  1.62790444e-02  1.56741888e-02
   2.72411569e-02  3.73626255e-02  4.80262850e-02  7.70706420e-02
   9.74363541e-02 -1.09081899e-02 -3.58101045e-02  7.45939457e-02
  -9.65688525e-02  1.13094822e-01]
 [ 4.79957941e-02 -2.73457107e-02 -4.64130549e-02 -8.75667785e-02
   1.42988806e-02 -1.04304722e-01  8.43828581e-02  3.13676296e-02
  -3.17285921e-02 -4.08988627e-03 -6.71791943e-02  3.10015070e-02
   5.92076219e-02  2.35325700e-02  3.25592474e-02  5.40066852e-02
   2.77380663e-03 -6.07299539e-02 -1.04226161e-01 -7.69367976e-02
  -1.29479644e-02 -2.98667754e-02  9.83210624e-02  6.70226485e-02
   1.02061766e-01  9.01640073e-02 -2.92180143e-02 -2.52327615e-02
  -9.68842745e-02  9.56288705e-02 -1.62807675e-02  5.99362784e-02
   6.37846937e-02 -5.88045093e-02 -1.31319451e-02 -2.88247000e-02
  -1.01798343e-01  8.83240842e-02  5.28936626e-02 -2.43888077e-02
   1.54485658e-02  3.58326501e-02 -1.53036905e-02 -1.16500971e-02
  -1.03127545e-01 -2.34971519e-02 -3.20807118e-02  9.05068179e-02
  -4.30441767e-02 -7.60382587e-02  9.85534493e-02  9.67502068e-02
   1.00367045e-01  1.96289410e-02  4.16137458e-02  9.17082417e-02
   4.08885377e-02  6.53971467e-02 -5.60159479e-02  1.03966655e-02
   3.90955891e-02  8.24130390e-02  5.19331082e-02  6.18716352e-02
  -4.60873690e-02 -9.63463265e-02 -8.32017588e-03  9.43193992e-02
   3.59008626e-02  6.71415744e-02  4.50271793e-02  7.76116106e-02
  -8.80284671e-02 -4.64997977e-02 -8.79484023e-02 -1.81220096e-02
   9.81577558e-02  5.09495238e-02 -2.37858484e-02 -4.66328706e-02
  -8.62228710e-03 -1.97466749e-02 -1.68248288e-02  8.18618356e-02
  -4.92950502e-02  1.05877204e-01  7.43069561e-02 -5.01124710e-02
   1.89118880e-02  2.83921100e-03  2.14640885e-02  5.61649182e-02
  -7.57577794e-02  8.65079378e-02 -9.90238699e-02  2.58131353e-02
   7.76373781e-02 -2.93757936e-02 -1.44636778e-02 -5.33043655e-02
   5.00364861e-02 -8.24839597e-03  6.70481593e-02 -6.59274361e-02
  -7.25975905e-02 -1.07781711e-01 -2.41566529e-02 -6.98651788e-02
   1.78743042e-02 -1.37764378e-02 -9.58739655e-02  1.05821384e-01
   1.94068139e-02 -1.10523817e-01  2.69087958e-02 -3.69373563e-02
   5.42268141e-02  5.54415561e-02 -1.01030384e-01  5.58998764e-02
   5.54732248e-02 -9.49454309e-02 -6.10848857e-02  8.01345426e-02
   4.52137553e-02 -1.84088429e-02 -7.76530462e-02 -6.71965310e-02
   1.06631326e-01  4.99762858e-02  2.64453031e-02  2.96209571e-02
   7.54601581e-02 -3.86516446e-02  3.53774692e-02 -8.74253640e-02
   3.60256027e-02  4.64967303e-02 -8.09965067e-02  7.17431019e-02
  -7.91062602e-02 -6.35175593e-02  7.38827108e-04 -1.10547560e-01
  -1.15420203e-02  6.77830560e-02  7.11965943e-02  5.24695022e-02
  -1.04596533e-01 -5.16716032e-03  1.78296617e-02  2.62476597e-02
  -1.18105584e-02 -4.17930222e-02  2.87336447e-02 -5.49311162e-03
  -1.02519009e-01 -6.34059592e-02 -2.36733703e-02  6.99740785e-02
  -5.38526677e-02 -9.02039643e-02 -2.05685790e-02  6.15349429e-02
   9.50684047e-02  1.09195535e-01 -8.08607468e-02 -3.34702807e-04
   1.60878684e-02  5.37381323e-02 -3.65824735e-02 -8.44082517e-02
  -1.64230256e-02  9.47784435e-02  2.18462965e-02 -6.64512603e-02
   7.36775469e-02 -1.98459989e-02  9.40136803e-02  5.28649322e-02
  -2.08385946e-02 -6.88167156e-02 -5.78402123e-02  8.53317643e-02
   8.46428603e-02  6.14244331e-02  2.68350997e-02 -5.67511016e-02
   4.60299978e-02 -1.45034179e-03 -1.42598448e-02  5.48189185e-02
   7.99915569e-02  9.34882774e-03 -9.47058887e-02 -8.65356444e-02
  -5.92402534e-02 -4.17253628e-02 -1.06521747e-01  3.69164780e-02
   9.89396998e-02  6.96224130e-02  1.08532995e-01  5.21360981e-02
  -7.07160076e-02 -6.17642642e-02  4.31492773e-02  9.85861371e-03
   6.16748100e-02 -1.99318836e-02 -3.61428532e-02  5.11961835e-02
  -2.31918642e-02 -1.07599080e-01 -7.05469695e-02  1.06165453e-01
  -4.13739294e-02 -7.89455623e-02 -8.74793797e-02 -5.53006379e-02
   6.71917677e-02 -3.64847892e-02  8.20279444e-02 -5.45474867e-02
   1.01777406e-01  1.48079914e-02 -5.33417681e-03 -1.06165722e-01
  -6.63281584e-03 -1.06168861e-01  5.68636064e-02  7.48231628e-03
  -3.39873670e-02  2.82894414e-02 -1.75595218e-02  1.09174682e-01
  -3.80190359e-02  2.58822525e-02  7.28682320e-02 -6.26157625e-02
  -7.30473246e-02  5.63854839e-02 -1.14276174e-02  5.79786000e-02
  -9.68156242e-02 -7.22206029e-03 -9.95434016e-02 -9.83147783e-02
   2.82293494e-02 -5.35299474e-03]
 [ 7.31614620e-02  3.49322413e-02  9.00226117e-02 -8.79525644e-02
   4.82789534e-02 -1.23016888e-02 -1.00242459e-01 -4.72805890e-02
   6.05494491e-02 -3.74674766e-02 -5.63115776e-02 -5.77140214e-03
   1.01306007e-01  1.41046283e-02  2.96560701e-02 -6.21329972e-02
   1.11562446e-01  9.03442244e-02 -2.58480493e-02  4.75548909e-02
   5.44309880e-02 -6.47467159e-02  4.62756777e-02  2.49551749e-02
   6.14788134e-02 -1.22737581e-02  8.12466307e-02 -1.23042574e-02
   9.21244598e-02 -3.11398542e-02 -1.19507763e-01  5.54226783e-02
  -8.26668533e-02  8.63127578e-02  2.45808328e-02 -2.04097094e-03
  -9.05045376e-02 -4.72379945e-02 -1.03305078e-02  4.01366051e-02
  -3.86392469e-02  5.16628027e-02 -2.78764935e-02 -3.51824601e-02
   1.88541519e-03  2.48055482e-02 -1.04986816e-01  7.92161420e-02
   6.91301115e-02 -1.04236810e-01  3.71307300e-02 -8.52491905e-02
  -3.55010342e-02 -4.48111565e-04 -7.71702235e-02  2.05186508e-02
   1.12525745e-01  4.59963717e-03 -7.60660310e-02  8.25858470e-02
   2.14209738e-02  1.14178333e-01  7.21368233e-02 -5.48192003e-02
   7.26901173e-02  4.91010386e-03 -2.08930210e-03 -8.96342202e-02
  -5.80869537e-02 -7.32121200e-02  1.09376466e-01  4.40358180e-02
   7.80618894e-02  6.64878520e-02 -1.20523923e-01  4.16169619e-02
  -5.72184374e-02 -2.11753808e-02  9.27898437e-02  5.01263145e-02
  -1.38711208e-02  1.04150761e-01 -1.12520310e-01 -7.01923771e-02
  -6.56380050e-02  6.62131094e-02  3.43725827e-02  5.90371364e-02
   1.12092657e-01  1.04439862e-01  6.10395711e-02 -3.85217920e-02
  -3.03630098e-02 -3.79959587e-02 -8.15305212e-02 -2.84891118e-02
  -4.97635598e-02  8.79444366e-02 -8.98664298e-02  3.02427659e-02
   6.97651813e-02  2.98453509e-02 -7.35904018e-02  3.73845198e-02
  -3.15289523e-02  4.65341309e-03 -6.34284818e-02  3.04543981e-02
  -7.54307317e-02 -4.40449427e-02 -1.01136614e-01 -4.87909852e-02
   1.55484249e-02  2.70411257e-02 -7.27920813e-02 -6.15305745e-02
  -8.23598024e-02 -4.47451780e-02  3.98881910e-02 -3.81871715e-02
   9.70170664e-02  1.12172638e-02 -2.78772855e-03 -9.07076711e-02
  -2.50799999e-02  6.86477834e-02  1.80625187e-02 -1.38605117e-02
   1.17768483e-02  1.77651760e-02 -7.14251507e-02 -5.89503905e-03
   2.65228667e-02  2.39185385e-02 -6.92751857e-02 -1.03336669e-01
   2.50449543e-02 -4.65775070e-02  3.51614653e-02  9.28188444e-02
  -5.51545893e-02 -9.83806223e-02 -1.81262464e-02  2.19394125e-02
   6.80571956e-02 -1.29387617e-03  6.51677674e-03 -8.05976931e-02
  -4.44888556e-02  6.89369259e-02 -9.47469763e-02 -1.11073566e-01
   3.98256830e-02  3.63107002e-02  1.02338036e-01  6.07908236e-02
   5.09944591e-02 -7.56225992e-05 -8.93332650e-02  3.19968096e-02
   9.80124795e-02 -6.71331264e-02 -8.25872724e-02 -8.78124413e-02
   8.40848538e-02 -5.91506634e-02  9.55156858e-02 -9.87734283e-02
  -1.68729493e-02  2.44031888e-02  1.42651055e-02  2.11474042e-02
   1.98823886e-02 -4.57281779e-02 -4.40027485e-02  9.73863094e-02
   1.63153928e-02  5.23459653e-02  1.15546061e-01  3.82862562e-02
   5.30174942e-02 -5.58816763e-03 -6.49137757e-02 -7.44070187e-02
  -9.51437141e-02 -2.87486462e-02  1.05646407e-03  2.24776241e-02
   6.10238024e-02 -4.31614189e-02 -1.10723400e-01 -4.06330988e-02
   3.44760317e-02  7.50985312e-02  3.19912081e-02 -5.33688530e-02
   5.52756403e-02  7.44743260e-02 -6.75133995e-02  1.06863985e-01
   1.08450493e-01  1.42482615e-02  6.07701251e-02  8.75553752e-02
   1.88598000e-03 -9.53297863e-03  1.24475168e-03 -5.40988795e-02
  -9.77604473e-02 -7.02335078e-02  4.50790371e-02 -7.73658722e-02
   4.03692937e-02  8.77530952e-02 -1.06931184e-01 -6.76716780e-02
   6.99932551e-02  1.23007592e-02 -6.53089272e-03  1.20940546e-03
  -6.30433690e-02  6.00691145e-02  5.27341694e-02 -3.97616635e-03
  -6.14056795e-02 -6.85465398e-03  3.92880756e-02  4.09575901e-02
   6.80178984e-02  7.14285119e-02  1.01139913e-01  7.28447620e-02
  -4.96345516e-02 -6.98591961e-03 -2.29726119e-02 -1.26164893e-02
  -5.90785624e-02 -9.57234082e-03  5.73057941e-02 -9.82997807e-02
   8.58468174e-03  1.01666000e-01  5.15031751e-02  9.39285093e-02
   2.93432778e-02  2.40917551e-02 -4.96098099e-02 -6.36784203e-02
  -1.01932615e-01 -9.63765961e-02]
 [ 8.87739779e-02 -7.48802598e-02 -6.38575698e-02  4.51425914e-02
  -8.02230433e-02 -1.38435901e-03 -6.25600861e-02  7.55798240e-02
   1.93354620e-02 -1.83743399e-02  4.50409853e-02  9.21294244e-02
  -5.66937985e-03  2.97873716e-02 -6.69925409e-02  9.17754242e-02
   2.11636353e-03  2.08291218e-02 -5.92367927e-02  1.00500816e-01
  -1.00180470e-01 -3.25990616e-02  2.13410553e-02  8.11903261e-02
   5.25743770e-02 -8.79397808e-02 -1.26562040e-02  1.65216695e-02
  -8.18234079e-02  1.71443679e-02  1.05982642e-01 -8.90292417e-02
  -7.04666269e-02  5.57824059e-02  8.12266567e-02 -5.97982649e-02
   1.64760215e-02  1.96182292e-02 -3.05591235e-03 -9.14207614e-02
  -1.64976514e-02  7.74511080e-02 -6.30823701e-03 -9.40737048e-02
   4.26225893e-02  9.84527934e-02  2.77391615e-02 -3.81803586e-04
   6.74875151e-02  8.92231701e-02  1.52304227e-02  1.13093208e-01
  -5.78361159e-02  7.04111832e-05  3.97962662e-02 -2.21228665e-02
  -1.84036902e-02 -4.19258263e-02  1.22532357e-01  6.48451339e-02
  -8.46639386e-02  7.12330791e-02 -1.44388628e-02  2.39225074e-02
  -5.66116431e-02  2.76143225e-02  1.01044788e-02  6.33173625e-02
  -3.28543734e-02  1.93137256e-02  7.45392916e-02 -1.54997893e-02
   7.17983835e-02 -8.94599709e-03  8.26141866e-02  4.88041369e-02
   1.04102054e-01 -6.79123434e-02  5.81514273e-02  1.79131221e-03
  -7.03048275e-02  7.22988955e-02 -8.68782505e-02  8.70211335e-02
   4.71161979e-02  7.99547868e-02 -1.04796412e-01 -8.25517428e-03
   7.68070643e-02 -2.45686970e-02  4.72319053e-02 -6.71853456e-02
  -6.18188206e-02 -6.86137960e-02  9.73531917e-02 -1.00603142e-01
   3.18290906e-02 -1.11443954e-02  5.08335333e-02 -9.61616671e-02
  -6.90132595e-02 -1.14634486e-01 -9.58040228e-03  1.42458299e-02
   7.38266281e-02 -3.27386459e-02 -5.75036142e-02 -2.04757072e-02
  -2.63944434e-02  9.05667680e-02 -1.55268529e-02 -8.18357507e-02
   6.06525503e-02 -5.51951447e-02 -6.78016899e-02 -1.86992606e-03
  -5.78230313e-02 -5.88887157e-02 -4.42780233e-02 -3.27782787e-02
  -6.92547166e-02 -8.99137029e-02 -9.16584828e-02 -4.00079727e-02
  -7.60948402e-02  8.28405365e-02  3.56832052e-02  8.66335222e-02
   1.95187563e-02  1.02550309e-01 -9.44762118e-02  1.18214929e-02
   7.68928416e-02  4.77551858e-02 -3.66863586e-02 -5.71545147e-02
  -8.06615564e-02  8.90805311e-02 -4.14608796e-02 -7.72359074e-02
   4.88429828e-02 -7.98949360e-02 -9.68436847e-02 -5.08873045e-02
   1.18492912e-02 -6.06584870e-02  7.63576982e-02  2.69182195e-02
  -5.27381608e-02  4.33108142e-02  5.65118396e-02  5.57276411e-02
   1.47047139e-02 -5.66442875e-02  7.46546673e-02  1.68898363e-02
  -1.11094591e-01 -1.03706694e-01  1.06892661e-01 -5.13629000e-02
   1.99605967e-02 -2.16718435e-02 -6.85164037e-02  2.59719330e-03
  -2.38039647e-02 -7.42843050e-02  6.89704526e-02  1.50973820e-02
   9.33205271e-02 -5.40857018e-02  2.66543694e-02 -6.69011002e-02
   7.82375016e-02  6.93278201e-02  8.42030233e-04 -1.02265168e-01
  -8.70247494e-02  3.75507908e-02  6.95922121e-02 -3.90676991e-02
   5.08848250e-02  6.76951847e-02 -2.38585986e-02 -7.07551573e-02
  -1.42456455e-02  3.63737254e-02 -3.48522613e-02  7.53578240e-02
  -4.38414631e-02 -4.03774405e-02  1.13770177e-01  1.05583791e-01
  -8.16526199e-02 -6.59671221e-03 -1.09869661e-02  4.51975319e-02
  -4.79890751e-02  8.35620480e-02 -8.05820012e-02  5.76565393e-02
  -3.12987835e-02  5.88752452e-02  9.92554066e-02 -4.85650029e-03
  -7.93731828e-02  7.18273219e-02 -9.77202235e-02 -9.87747277e-02
  -7.47258946e-02 -4.67303171e-02 -3.67045476e-02  5.28746781e-02
  -1.49772127e-02  4.44522359e-02  1.04575002e-01 -1.46613905e-02
  -6.47535491e-03 -1.00307703e-01  5.18386901e-02  2.55027893e-02
  -7.45969655e-02  1.89028103e-02 -5.74630905e-02  1.95739877e-02
   4.13092563e-02  8.00395122e-02  6.67945888e-02  6.02897171e-02
   5.02145103e-02  1.32149554e-02 -9.08695805e-02  5.87211649e-02
  -4.55922916e-02 -5.38245046e-02 -9.39664479e-02  1.02953703e-01
   6.43932770e-02  7.35907873e-02 -1.07983000e-01 -5.95268432e-03
  -9.24522527e-02  2.48729737e-02 -7.99654723e-02  8.38881785e-02
   2.13456211e-03  2.34470959e-03  6.81280435e-02 -4.16239981e-02
   1.68669057e-02 -5.47058269e-02]
 [-6.91212643e-02  2.80135879e-02 -5.27254797e-02 -6.69691406e-02
  -2.51873771e-02 -8.79662385e-02 -4.58308003e-02  9.64083295e-02
   1.27090023e-02  7.89204322e-02 -8.30805825e-03 -5.32572690e-02
   5.34092607e-02  7.44640288e-02  3.08933460e-02  9.71713983e-02
   4.37040802e-02 -4.87747556e-02 -8.31323355e-02  4.09246351e-02
  -2.43438941e-02  9.33501781e-02  2.25882904e-02  3.73453396e-02
  -7.97568900e-02 -1.00519935e-01 -9.14306058e-02 -4.94064716e-02
   7.69870873e-02  2.13415864e-03  9.22564183e-02  3.20101450e-02
  -8.63826101e-02  8.11875079e-02  1.05186313e-01 -3.08695099e-02
  -5.08393296e-02 -1.78498873e-02  4.48179331e-02  9.59156776e-02
  -9.37446978e-02  5.91682820e-02 -2.61937160e-02 -1.19774143e-02
   3.88201962e-02  6.45307433e-02 -6.48138964e-02 -9.67915053e-02
   1.67162425e-02 -7.61983780e-02 -5.62481478e-02 -1.82011635e-02
   8.26784540e-02  4.68995395e-02 -8.02943899e-02  1.05351266e-01
  -8.99345358e-02  1.01774928e-01 -2.39413113e-02 -4.36089961e-02
  -3.74630842e-02  2.96052764e-02 -4.69354713e-02 -6.74094867e-03
  -2.79063971e-02  5.17170648e-02  6.67157002e-02  1.13174215e-01
   1.03441780e-01 -8.44222876e-02  1.14223881e-02 -4.86979690e-02
   1.06037026e-01  9.08928176e-02  9.35207396e-02 -1.45922268e-02
  -3.50990615e-02  6.46013033e-02 -5.97323782e-02 -7.24133358e-02
  -4.91745152e-02 -9.38833543e-02  3.34838113e-04  5.41151064e-03
   7.00604137e-02  9.43916159e-02  5.69012371e-02  9.57487116e-02
   8.31978562e-02  5.19627398e-03 -9.55467188e-02  6.14440892e-02
   1.08723642e-04  6.51475267e-02 -4.67467787e-02  6.94083539e-03
  -6.83954788e-02  6.90440605e-02 -2.56024186e-03  9.28826256e-02
  -4.92974524e-02 -7.96845837e-02  6.87037892e-02 -7.43475433e-03
   7.63609257e-02  9.79674481e-02  1.97213685e-02 -6.21236159e-03
   2.91938038e-02  9.33021639e-02 -9.55951966e-02  8.08077436e-02
  -1.10680094e-02  6.23996595e-02 -6.52636710e-02  8.52250096e-02
  -7.85990509e-02  2.37553677e-02 -3.33584078e-03 -7.49083867e-02
  -1.94477605e-03 -4.62595138e-02  8.03732415e-02 -8.67256479e-02
   2.91644290e-02 -1.04422300e-02 -8.61101254e-02 -4.16739636e-03
  -1.75530503e-02  5.60574805e-02  1.09080706e-01  7.29699907e-03
   1.58709310e-02 -2.07849898e-02 -9.39527979e-02 -7.40252639e-02
  -6.94636274e-02 -1.09676217e-01  6.43064885e-02 -1.03463375e-02
  -6.29604464e-02  6.44788753e-02  1.39631421e-02 -6.31584654e-02
  -9.18104148e-02 -2.84245740e-02 -4.02558677e-02  1.21569506e-02
   3.73950905e-02  1.32773603e-02  4.46461309e-02  8.04950505e-02
   4.40397123e-04 -1.05145601e-01 -4.96077402e-02  1.31102447e-03
   7.55250212e-02  4.13612800e-02 -2.74606009e-02 -1.78269383e-02
  -7.10724964e-02 -8.59179177e-02  2.88615656e-02  6.15987538e-02
  -1.77600893e-02  7.20049727e-02  2.96263688e-03  1.16234026e-03
  -7.48693682e-02 -6.02966136e-02 -9.11161848e-02 -4.20094278e-02
   7.23051879e-03  2.57932380e-02 -5.15499348e-03 -7.48515746e-02
  -6.51771105e-02 -9.07795283e-02 -5.87764613e-02  4.59643030e-02
   8.69878967e-02  7.98164182e-02 -7.59015754e-02 -3.85616503e-02
  -7.47001519e-02 -9.76964328e-02 -1.31977501e-03 -7.55417090e-02
   1.07050225e-01  8.98451931e-02 -6.90900363e-02  8.54955999e-03
   7.04079215e-02 -1.19402979e-02 -6.30410256e-02  7.21937684e-03
   7.45199340e-02 -4.72930551e-02 -8.64892954e-02  6.02793327e-02
   7.21382941e-03 -1.61239885e-02 -5.08601466e-02 -6.70940201e-02
   5.43231964e-03  6.47642735e-02  6.01435760e-02 -1.06309335e-01
   5.77976883e-02 -6.49187424e-02  8.65804794e-02  9.02892749e-02
  -8.53729631e-03  2.31931601e-02  2.23958670e-02  5.63271113e-02
  -8.65845570e-02  6.45978538e-02 -2.22164917e-03 -1.23321130e-02
  -3.23536520e-02 -9.64138313e-02  5.02775374e-02  4.78007437e-02
  -7.37322137e-02  7.44732559e-02  6.64916037e-02  2.15022319e-02
  -1.96650032e-02 -5.60962632e-02  6.02701338e-02 -9.04390013e-02
  -1.05405915e-01 -5.24615371e-02 -3.60841824e-02 -7.99630660e-02
   7.22795475e-02  6.72484067e-02 -4.82610879e-02  9.00365385e-02
   6.96789481e-02  1.56123486e-02  5.06739905e-02 -4.50083185e-02
   1.58560181e-05 -8.44092178e-02 -1.80995885e-03 -1.02737121e-01
  -1.10194919e-01 -6.79649850e-02]]