[[ 2.94164693e-11 -9.45874490e-11  1.00000000e+00]
 [ 1.00000000e+00 -7.36690708e-11  5.54791768e-11]
 [ 2.69153588e-11  1.00000000e+00  1.52795110e-10]
 [ 3.10649284e-11 -4.54747351e-11  1.00000000e+00]
 [ 3.30260264e-11  1.00000000e+00  6.45741238e-11]
 [ 3.03259640e-11  1.00000000e+00  4.86579665e-11]
 [ 3.07522896e-11  1.00000000e+00  9.91349225e-11]
 [ 2.89901436e-11  1.00000000e+00  6.13908924e-11]
 [ 3.14912540e-11  1.00000000e+00 -2.68300937e-11]
 [ 3.59250407e-11  1.00000000e+00  1.59161573e-11]
 [ 2.47837306e-11 -9.73159331e-11  1.00000000e+00]
 [ 1.00000000e+00 -1.09139364e-10  1.03227649e-10]
 [ 1.00000000e+00 -1.27329258e-11  7.73070497e-12]
 [ 1.00000000e+00  2.81943358e-11 -3.04680725e-11]
 [ 1.00000000e+00 -8.04902811e-11  9.27684596e-11]
 [ 1.00000000e+00  8.64019967e-12  8.18545232e-12]
 [ 2.73416845e-11  1.00000000e+00  4.68389771e-11]
 [ 1.35571554e-11  1.00000000e+00  1.95996108e-10]
 [ 3.15765192e-11 -4.13820089e-11  1.00000000e+00]
 [ 3.02975423e-11  1.00000000e+00  6.00266503e-11]
 [ 2.34763320e-11  1.00000000e+00  7.36690708e-11]
 [ 1.00000000e+00 -1.07320375e-10  9.45874490e-11]
 [ 3.53566065e-11  1.00000000e+00  5.27506927e-11]
 [ 3.75166564e-11  1.00000000e+00 -4.18367563e-11]
 [ 3.47029072e-11  1.00000000e+00  1.25510269e-10]
 [ 2.33058017e-11 -1.90993887e-10  1.00000000e+00]
 [ 2.64606115e-11  1.00000000e+00  1.16415322e-10]
 [ 3.89661636e-11  1.00000000e+00  8.86757334e-11]
 [ 2.33342234e-11 -1.12322596e-10  1.00000000e+00]
 [ 1.00000000e+00 -1.06865627e-10  8.41282599e-11]
 [ 1.54898316e-11 -1.47338142e-10  1.00000000e+00]
 [ 1.00000000e+00 -8.32187652e-11  4.41104930e-11]
 [ 1.00000000e+00 -2.95585778e-11  2.04636308e-11]
 [ 2.98712166e-11  1.00000000e+00  3.22870619e-11]
 [ 2.59205990e-11 -7.13953341e-11  1.00000000e+00]
 [ 2.63185029e-11 -4.54747351e-11  1.00000000e+00]
 [ 3.00417469e-11 -4.54747351e-11  1.00000000e+00]
 [ 1.00000000e+00 -5.77529136e-11  6.36646291e-11]
 [ 3.64366315e-11  1.00000000e+00  1.36424205e-11]
 [ 3.32818217e-11 -4.45652404e-11  1.00000000e+00]
 [ 4.29167812e-11  1.00000000e+00 -1.40971679e-10]
 [ 1.00000000e+00 -6.59383659e-11  1.27329258e-11]
 [ 2.96154212e-11 -3.81987775e-11  1.00000000e+00]
 [ 2.10036433e-11  1.00000000e+00  3.36513040e-11]
 [ 2.94448910e-11  4.09272616e-12  1.00000000e+00]
 [ 1.00000000e+00 -1.02772901e-10  9.86801751e-11]
 [ 1.00000000e+00 -5.54791768e-11  2.27373675e-11]
 [ 2.41016096e-11 -7.36690708e-11  1.00000000e+00]
 [ 1.00000000e+00 -5.91171556e-11  3.63797881e-11]
 [ 2.89048785e-11 -1.16415322e-10  1.00000000e+00]
 [ 1.00000000e+00 -4.32009983e-11  2.72848411e-12]
 [ 1.00000000e+00 -6.00266503e-11  4.77484718e-11]
 [ 2.08899564e-11  1.00000000e+00  1.16415322e-10]
 [ 1.00000000e+00 -2.27373675e-12 -1.95541361e-11]
 [ 3.05533376e-11  2.36468622e-11  1.00000000e+00]
 [ 4.13535872e-11 -4.13820089e-11  1.00000000e+00]
 [ 2.14868123e-11 -1.18234311e-11  1.00000000e+00]
 [ 2.21405116e-11 -5.59339242e-11  1.00000000e+00]
 [ 1.00000000e+00 -5.36601874e-11  4.32009983e-11]
 [ 2.95585778e-11  1.00000000e+00  1.86446414e-11]
 [ 1.00000000e+00 -4.32009983e-11  1.86446414e-11]
 [ 3.00417469e-11 -9.18589649e-11  1.00000000e+00]
 [ 3.44471118e-11  1.00000000e+00  8.00355338e-11]
 [ 2.31921149e-11 -1.25510269e-10  1.00000000e+00]
 [ 1.00000000e+00 -9.41327016e-11  5.18411980e-11]
 [ 3.11217718e-11  1.00000000e+00  4.18367563e-11]
 [ 2.41868747e-11  1.00000000e+00  1.20962795e-10]
 [ 2.59490207e-11 -4.63842298e-11  1.00000000e+00]
 [ 3.59818841e-11 -2.54658516e-11  1.00000000e+00]
 [ 1.00000000e+00 -3.09228199e-11  2.63753464e-11]
 [ 3.60955710e-11  1.00000000e+00  3.00133252e-11]
 [ 2.22257768e-11 -1.73258741e-10  1.00000000e+00]
 [ 1.00000000e+00  4.68389771e-11 -5.95719030e-11]
 [ 3.10080850e-11 -2.27373675e-11  1.00000000e+00]
 [ 3.53566065e-11  1.00000000e+00  1.09139364e-11]
 [ 1.00000000e+00  2.31921149e-11 -4.82032192e-11]
 [ 3.08659764e-11  1.00000000e+00 -2.36468622e-11]
 [ 4.25757207e-11  1.00000000e+00  1.77351467e-11]
 [ 3.16617843e-11  1.00000000e+00  1.22327037e-10]
 [ 2.26521024e-11  1.00000000e+00  5.50244295e-11]
 [ 1.00000000e+00  2.86490831e-11 -4.27462510e-11]
 [ 1.00000000e+00 -3.13775672e-11  2.31921149e-11]
 [ 2.61763944e-11 -1.28238753e-10  1.00000000e+00]
 [ 1.83604243e-11 -4.32009983e-11  1.00000000e+00]
 [ 2.31068498e-11  1.00000000e+00  7.95807864e-11]
 [ 3.62661012e-11 -4.00177669e-11  1.00000000e+00]
 [ 1.00000000e+00 -6.23003871e-11  7.50333129e-11]
 [ 1.00000000e+00  7.09405867e-11 -5.95719030e-11]
 [ 4.13535872e-11 -8.00355338e-11  1.00000000e+00]
 [ 2.80806489e-11 -2.27373675e-11  1.00000000e+00]
 [ 2.33342234e-11  1.00000000e+00  4.41104930e-11]
 [ 2.99564817e-11  1.00000000e+00 -7.32143235e-11]
 [ 1.00000000e+00 -1.08684617e-10  9.73159331e-11]
 [ 2.12310169e-11 -3.04680725e-11  1.00000000e+00]
 [ 2.18278728e-11 -6.63931132e-11  1.00000000e+00]
 [ 2.21120899e-11  1.00000000e+00  3.95630195e-11]
 [ 1.76783033e-11 -1.45519152e-11  1.00000000e+00]
 [ 2.69437805e-11  4.45652404e-11  1.00000000e+00]
 [ 1.00000000e+00 -1.47792889e-10  9.68611857e-11]
 [ 1.00000000e+00 -1.31876732e-11 -1.50066626e-11]
 [ 1.47508672e-11 -2.16459739e-10  1.00000000e+00]
 [ 1.00000000e+00  4.54747351e-13 -3.59250407e-11]
 [ 3.37081474e-11 -1.32786226e-10  1.00000000e+00]
 [ 3.51008111e-11  1.00000000e+00  3.59250407e-11]
 [ 3.55839802e-11 -8.09450285e-11  1.00000000e+00]
 [ 2.90469870e-11 -7.27595761e-11  1.00000000e+00]
 [ 1.00000000e+00 -1.00953912e-10  5.41149348e-11]
 [ 1.00000000e+00 -8.77662387e-11  5.77529136e-11]
 [ 1.53193014e-11 -1.58252078e-10  1.00000000e+00]
 [ 1.00000000e+00 -1.36424205e-12 -2.27373675e-12]
 [ 2.15152340e-11 -6.73026079e-11  1.00000000e+00]
 [ 2.73132628e-11  1.00000000e+00 -5.54791768e-11]
 [ 2.94733127e-11  1.00000000e+00  9.82254278e-11]
 [ 2.00088834e-11  1.00000000e+00  6.23003871e-11]
 [ 1.00000000e+00 -1.81898940e-11  1.00044417e-11]
 [ 1.00000000e+00 -1.29148248e-10  9.04947228e-11]
 [ 3.75450782e-11 -2.13731255e-11  1.00000000e+00]
 [ 1.00000000e+00 -6.18456397e-11  8.77662387e-11]
 [ 1.00000000e+00 -8.73114914e-11  5.86624083e-11]
 [ 1.00000000e+00 -3.95630195e-11  1.77351467e-11]
 [ 2.97859515e-11  1.00000000e+00  4.36557457e-11]
 [ 4.79474238e-11  1.77351467e-11  1.00000000e+00]
 [ 3.34523520e-11  1.00000000e+00  3.86535248e-11]
 [ 3.15765192e-11 -9.36779543e-11  1.00000000e+00]
 [ 1.00000000e+00  9.09494702e-12 -5.45696821e-11]
 [ 3.08091330e-11 -4.27462510e-11  1.00000000e+00]
 [ 1.31024080e-11 -1.30512490e-10  1.00000000e+00]
 [ 3.16333626e-11 -9.14042175e-11  1.00000000e+00]
 [ 3.61524144e-11 -2.95585778e-11  1.00000000e+00]
 [ 1.00000000e+00  5.00222086e-12 -9.54969437e-12]
 [ 4.10693701e-11  1.00000000e+00  4.13820089e-11]
 [ 2.79385404e-11  1.00000000e+00 -4.13820089e-11]
 [ 3.33670869e-11  1.00000000e+00 -6.23003871e-11]
 [ 1.00000000e+00 -7.32143235e-11  2.09183781e-11]]