[[ 1.00000000e+00 -1.56205715e-10 -9.32232069e-11]
 [-7.35127514e-11  1.00000000e+00 -5.95719030e-11]
 [-9.40403311e-11 -1.77465154e-10  1.00000000e+00]
 [ 1.00000000e+00 -9.59516910e-11 -1.49611878e-10]
 [ 1.00000000e+00 -7.48059392e-11 -1.39152689e-10]
 [-7.96873678e-11 -1.02886588e-10  1.00000000e+00]
 [ 1.00000000e+00 -1.19143806e-10 -1.48702384e-10]
 [-6.81481538e-11 -1.38129508e-10  1.00000000e+00]
 [ 1.00000000e+00 -1.95313987e-10 -5.84350346e-11]
 [ 1.00000000e+00 -1.60753189e-10 -7.59428076e-11]
 [-7.20277171e-11  1.00000000e+00 -4.68389771e-11]
 [-8.37871994e-11 -1.65186975e-10  1.00000000e+00]
 [ 1.00000000e+00 -1.61890057e-10 -7.20774551e-11]
 [-8.09521339e-11 -1.69848136e-10  1.00000000e+00]
 [ 1.00000000e+00 -7.54880602e-11 -1.91903382e-10]
 [-7.11359860e-11 -1.51885615e-10  1.00000000e+00]
 [-6.21724894e-11  1.00000000e+00 -8.71978045e-11]
 [ 1.00000000e+00 -9.68611857e-11 -1.44837031e-10]
 [-5.99840178e-11  1.00000000e+00 -5.91171556e-11]
 [-7.50759455e-11  1.00000000e+00 -1.85309545e-11]
 [-5.75113290e-11 -1.56660462e-10  1.00000000e+00]
 [ 1.00000000e+00 -1.31194611e-10 -1.26874511e-10]
 [-7.63193952e-11 -1.76328285e-10  1.00000000e+00]
 [ 1.00000000e+00 -1.29830369e-10 -1.08229870e-10]
 [-7.76125830e-11 -1.75873538e-10  1.00000000e+00]
 [ 1.00000000e+00 -1.71212378e-10 -5.77529136e-11]
 [ 1.00000000e+00 -1.50748747e-10 -8.32187652e-11]
 [-7.32427452e-11 -1.46542334e-10  1.00000000e+00]
 [-7.18074489e-11  1.00000000e+00 -6.32098818e-11]
 [-6.60804744e-11  1.00000000e+00 -7.70796760e-11]
 [-7.90763011e-11 -1.98156158e-10  1.00000000e+00]
 [-7.73994202e-11 -1.88038030e-10  1.00000000e+00]
 [-6.41051656e-11 -1.37220013e-10  1.00000000e+00]
 [-6.54054588e-11  1.00000000e+00 -8.91304808e-11]
 [-7.40598693e-11  1.00000000e+00 -8.85620466e-11]
 [-5.65236746e-11  1.00000000e+00 -8.43556336e-11]
 [-6.44746478e-11  1.00000000e+00 -8.73114914e-11]
 [-7.73923148e-11  1.00000000e+00 -6.54836185e-11]
 [ 1.00000000e+00 -1.23236532e-10 -1.22327037e-10]
 [ 1.00000000e+00 -1.53249857e-10 -8.95852281e-11]
 [ 1.00000000e+00 -1.28466127e-10 -1.31876732e-10]
 [-7.65396635e-11 -1.50748747e-10  1.00000000e+00]
 [-5.44275736e-11 -8.06039679e-11  1.00000000e+00]
 [ 1.00000000e+00 -9.02673492e-11 -1.46428647e-10]
 [-6.99884595e-11 -1.05274012e-10  1.00000000e+00]
 [ 1.00000000e+00 -1.03909770e-10 -1.38470568e-10]
 [ 1.00000000e+00 -8.89031071e-11 -1.46883394e-10]
 [-9.51558832e-11 -1.58024704e-10  1.00000000e+00]
 [-6.28901375e-11  1.00000000e+00 -8.94715413e-11]
 [-7.23119342e-11  1.00000000e+00 -5.27506927e-11]
 [-6.73736622e-11  1.00000000e+00 -9.73159331e-11]
 [-7.64046604e-11  1.00000000e+00 -1.38697942e-11]
 [ 1.00000000e+00 -1.31421984e-10 -1.08911991e-10]
 [-8.12292456e-11  1.00000000e+00 -2.72848411e-11]
 [ 1.00000000e+00 -1.20053301e-10 -6.36646291e-11]
 [ 1.00000000e+00 -1.68256520e-10 -1.02545528e-10]
 [-7.75557396e-11  1.00000000e+00 -6.54836185e-11]
 [-8.10729262e-11 -1.31194611e-10  1.00000000e+00]
 [-6.65423272e-11  1.00000000e+00 -8.13997758e-11]
 [-8.32045544e-11  1.00000000e+00 -5.34328137e-11]
 [ 1.00000000e+00 -7.38964445e-11 -1.57569957e-10]
 [-8.25295388e-11  1.00000000e+00 -4.54747351e-11]
 [-5.73763259e-11  1.00000000e+00 -9.98170435e-11]
 [-7.09192705e-11 -1.76214598e-10  1.00000000e+00]
 [-7.07913728e-11  1.00000000e+00 -1.44382284e-11]
 [-8.25295388e-11  1.00000000e+00 -2.56932253e-11]
 [-5.78310733e-11  1.00000000e+00 -3.63797881e-11]
 [-6.34088337e-11  1.00000000e+00 -1.11413101e-10]
 [-8.23447976e-11  1.00000000e+00  4.54747351e-12]
 [-7.66711139e-11 -1.17211130e-10  1.00000000e+00]
 [-6.48299192e-11  1.00000000e+00 -1.23350219e-10]
 [-6.81410484e-11 -1.16187948e-10  1.00000000e+00]
 [-7.14805992e-11 -1.58138391e-10  1.00000000e+00]
 [ 1.00000000e+00 -1.48702384e-10 -8.20818968e-11]
 [-7.86712917e-11 -1.80989446e-10  1.00000000e+00]
 [-5.65378855e-11  1.00000000e+00 -9.32232069e-11]
 [-7.53743734e-11 -1.35855771e-10  1.00000000e+00]
 [ 1.00000000e+00 -1.14141585e-10 -1.22099664e-10]
 [ 1.00000000e+00 -1.37561074e-10 -8.34461389e-11]
 [-7.02726766e-11  1.00000000e+00 -1.23350219e-10]
 [-6.57536248e-11  1.00000000e+00 -6.61657396e-11]
 [ 1.00000000e+00 -1.49839252e-10 -1.11185727e-10]
 [-7.55129292e-11 -1.56660462e-10  1.00000000e+00]
 [ 1.00000000e+00 -1.45519152e-10 -1.19371180e-10]
 [-5.25233190e-11  1.00000000e+00 -1.40744305e-10]
 [ 1.00000000e+00 -1.68029146e-10 -1.03227649e-10]
 [ 1.00000000e+00 -1.48702384e-10 -9.09494702e-11]
 [ 1.00000000e+00 -1.79852577e-10 -8.18545232e-11]
 [-7.32782723e-11  1.00000000e+00 -5.19548848e-11]
 [-6.95052904e-11 -1.39039003e-10  1.00000000e+00]
 [-7.58078045e-11  1.00000000e+00 -3.22870619e-11]
 [ 1.00000000e+00 -1.25282895e-10 -1.36651579e-10]
 [-8.23305868e-11 -1.54273039e-10  1.00000000e+00]
 [-8.64730509e-11 -1.33013600e-10  1.00000000e+00]
 [-6.42899067e-11 -8.62883098e-11  1.00000000e+00]
 [-6.00977046e-11 -1.54955160e-10  1.00000000e+00]
 [-6.95266067e-11  1.00000000e+00 -1.06410880e-10]
 [-7.32427452e-11 -1.60525815e-10  1.00000000e+00]
 [-6.67412792e-11 -1.66664904e-10  1.00000000e+00]
 [-7.10791426e-11 -1.65414349e-10  1.00000000e+00]
 [-7.24824645e-11 -1.34605216e-10  1.00000000e+00]
 [ 1.00000000e+00 -6.77573553e-11 -1.50976120e-10]
 [ 1.00000000e+00 -1.83490556e-10 -7.11679604e-11]
 [-7.77831133e-11  1.00000000e+00 -5.68434189e-12]
 [ 1.00000000e+00 -1.15733201e-10 -1.15278453e-10]
 [-7.84297072e-11  1.00000000e+00 -4.13820089e-11]
 [-7.25108862e-11  1.00000000e+00 -5.97992766e-11]
 [ 1.00000000e+00 -1.50293999e-10 -9.36779543e-11]
 [-7.05568937e-11  1.00000000e+00 -6.70752343e-11]
 [ 1.00000000e+00 -1.72803993e-10 -8.02629074e-11]
 [-6.49293952e-11  1.00000000e+00 -5.68434189e-11]
 [ 1.00000000e+00 -1.06183506e-10 -1.63026925e-10]
 [ 1.00000000e+00 -1.36651579e-10 -1.15051080e-10]
 [-6.31601438e-11 -1.66323844e-10  1.00000000e+00]
 [-6.29967190e-11  1.00000000e+00 -9.20863386e-12]
 [-7.02229386e-11 -1.12436283e-10  1.00000000e+00]
 [-6.66560140e-11  1.00000000e+00 -8.54925020e-11]
 [-7.53743734e-11  1.00000000e+00 -7.45785655e-11]
 [ 1.00000000e+00 -1.27556632e-10 -1.02090780e-10]
 [-8.61746230e-11 -1.89970706e-10  1.00000000e+00]
 [-7.32782723e-11 -1.51771928e-10  1.00000000e+00]
 [-7.11324333e-11 -1.13232090e-10  1.00000000e+00]
 [-7.15800752e-11  1.00000000e+00 -1.83035809e-11]
 [-6.46664944e-11 -1.04364517e-10  1.00000000e+00]
 [-6.52633503e-11  1.00000000e+00 -8.18545232e-11]
 [ 1.00000000e+00 -1.08684617e-10 -1.33240974e-10]
 [-7.42019779e-11 -1.70189196e-10  1.00000000e+00]
 [-7.73638931e-11  1.00000000e+00 -8.64019967e-11]
 [ 1.00000000e+00 -1.28920874e-10 -1.05501385e-10]
 [-7.07700565e-11 -8.36735126e-11  1.00000000e+00]
 [ 1.00000000e+00 -9.70885594e-11 -1.25282895e-10]
 [-7.14734938e-11  1.00000000e+00 -8.84483597e-11]
 [-6.40270059e-11 -9.74296199e-11  1.00000000e+00]
 [-7.82449661e-11 -1.18461685e-10  1.00000000e+00]]